Building fuzzers...
-- The CXX compiler identification is GNU 11.4.0
-- Detecting CXX compiler ABI info
-- Detecting CXX compiler ABI info - done
-- Check for working CXX compiler: /usr/bin/c++ - skipped
-- Detecting CXX compile features
-- Detecting CXX compile features - done
-- Using the multi-header code from /app/include/
-- Operating system: Linux-5.4.0-204-generic; Linux 13f465d7fdae 5.4.0-204-generic #224-Ubuntu SMP Thu Dec 5 13:38:28 UTC 2024 x86_64 x86_64 x86_64 GNU/Linux
-- Compiler: c++ (Ubuntu 11.4.0-1ubuntu1~22.04.2) 11.4.0; Copyright (C) 2021 Free Software Foundation, Inc.; This is free software; see the source for copying conditions.  There is NO; warranty; not even for MERCHANTABILITY or FITNESS FOR A PARTICULAR PURPOSE.
-- C++ standard library: GNU C++ Standard Library (libstdc++), __GLIBCXX__=20230528
-- Testing standards: 11 14 17 20 23
-- Looking for C++ include sys/types.h
-- Looking for C++ include sys/types.h - found
-- Looking for C++ include stdint.h
-- Looking for C++ include stdint.h - found
-- Looking for C++ include stddef.h
-- Looking for C++ include stddef.h - found
-- Check size of size_t
-- Check size of size_t - done
-- Configuring done
-- Generating done
-- Build files have been written to: /app/build
[  1%] Building CXX object tests/CMakeFiles/test_main.dir/src/unit.cpp.o
[  1%] Built target test_main
[  2%] Building CXX object tests/CMakeFiles/test-algorithms_cpp11.dir/src/unit-algorithms.cpp.o
[  2%] Linking CXX executable test-algorithms_cpp11
[  2%] Built target test-algorithms_cpp11
[  3%] Building CXX object tests/CMakeFiles/test-allocator_cpp11.dir/src/unit-allocator.cpp.o
[  3%] Linking CXX executable test-allocator_cpp11
[  3%] Built target test-allocator_cpp11
[  4%] Building CXX object tests/CMakeFiles/test-alt-string_cpp11.dir/src/unit-alt-string.cpp.o
[  4%] Linking CXX executable test-alt-string_cpp11
[  4%] Built target test-alt-string_cpp11
[  5%] Building CXX object tests/CMakeFiles/test-assert_macro_cpp11.dir/src/unit-assert_macro.cpp.o
[  6%] Linking CXX executable test-assert_macro_cpp11
[  6%] Built target test-assert_macro_cpp11
[  6%] Building CXX object tests/CMakeFiles/test-binary_formats_cpp11.dir/src/unit-binary_formats.cpp.o
[  7%] Linking CXX executable test-binary_formats_cpp11
[  7%] Built target test-binary_formats_cpp11
[  7%] Building CXX object tests/CMakeFiles/test-bjdata_cpp11.dir/src/unit-bjdata.cpp.o
[  8%] Linking CXX executable test-bjdata_cpp11
[  8%] Built target test-bjdata_cpp11
[  8%] Building CXX object tests/CMakeFiles/test-bson_cpp11.dir/src/unit-bson.cpp.o
[  9%] Linking CXX executable test-bson_cpp11
[  9%] Built target test-bson_cpp11
[  9%] Building CXX object tests/CMakeFiles/test-byte_container_with_subtype_cpp11.dir/src/unit-byte_container_with_subtype.cpp.o
[ 10%] Linking CXX executable test-byte_container_with_subtype_cpp11
[ 10%] Built target test-byte_container_with_subtype_cpp11
[ 10%] Building CXX object tests/CMakeFiles/test-capacity_cpp11.dir/src/unit-capacity.cpp.o
[ 11%] Linking CXX executable test-capacity_cpp11
[ 11%] Built target test-capacity_cpp11
[ 11%] Building CXX object tests/CMakeFiles/test-cbor_cpp11.dir/src/unit-cbor.cpp.o
[ 12%] Linking CXX executable test-cbor_cpp11
[ 12%] Built target test-cbor_cpp11
[ 12%] Building CXX object tests/CMakeFiles/test-class_const_iterator_cpp11.dir/src/unit-class_const_iterator.cpp.o
[ 13%] Linking CXX executable test-class_const_iterator_cpp11
[ 13%] Built target test-class_const_iterator_cpp11
[ 13%] Building CXX object tests/CMakeFiles/test-class_iterator_cpp11.dir/src/unit-class_iterator.cpp.o
[ 14%] Linking CXX executable test-class_iterator_cpp11
[ 14%] Built target test-class_iterator_cpp11
[ 14%] Building CXX object tests/CMakeFiles/test-class_lexer_cpp11.dir/src/unit-class_lexer.cpp.o
[ 15%] Linking CXX executable test-class_lexer_cpp11
[ 15%] Built target test-class_lexer_cpp11
[ 15%] Building CXX object tests/CMakeFiles/test-class_parser_cpp11.dir/src/unit-class_parser.cpp.o
[ 16%] Linking CXX executable test-class_parser_cpp11
[ 16%] Built target test-class_parser_cpp11
[ 16%] Building CXX object tests/CMakeFiles/test-class_parser_diagnostic_positions_cpp11.dir/src/unit-class_parser_diagnostic_positions.cpp.o
[ 17%] Linking CXX executable test-class_parser_diagnostic_positions_cpp11
[ 17%] Built target test-class_parser_diagnostic_positions_cpp11
[ 17%] Building CXX object tests/CMakeFiles/test-comparison_cpp11.dir/src/unit-comparison.cpp.o
[ 18%] Linking CXX executable test-comparison_cpp11
[ 18%] Built target test-comparison_cpp11
[ 18%] Building CXX object tests/CMakeFiles/test-comparison_cpp20.dir/src/unit-comparison.cpp.o
[ 19%] Linking CXX executable test-comparison_cpp20
[ 19%] Built target test-comparison_cpp20
[ 19%] Building CXX object tests/CMakeFiles/test-concepts_cpp11.dir/src/unit-concepts.cpp.o
[ 20%] Linking CXX executable test-concepts_cpp11
[ 20%] Built target test-concepts_cpp11
[ 21%] Building CXX object tests/CMakeFiles/test-constructor1_cpp11.dir/src/unit-constructor1.cpp.o
[ 21%] Linking CXX executable test-constructor1_cpp11
[ 21%] Built target test-constructor1_cpp11
[ 22%] Building CXX object tests/CMakeFiles/test-constructor2_cpp11.dir/src/unit-constructor2.cpp.o
[ 22%] Linking CXX executable test-constructor2_cpp11
[ 22%] Built target test-constructor2_cpp11
[ 23%] Building CXX object tests/CMakeFiles/test-convenience_cpp11.dir/src/unit-convenience.cpp.o
[ 23%] Linking CXX executable test-convenience_cpp11
[ 23%] Built target test-convenience_cpp11
[ 25%] Building CXX object tests/CMakeFiles/test-conversions_cpp11.dir/src/unit-conversions.cpp.o
[ 25%] Linking CXX executable test-conversions_cpp11
[ 25%] Built target test-conversions_cpp11
[ 26%] Building CXX object tests/CMakeFiles/test-conversions_cpp14.dir/src/unit-conversions.cpp.o
[ 26%] Linking CXX executable test-conversions_cpp14
[ 26%] Built target test-conversions_cpp14
[ 27%] Building CXX object tests/CMakeFiles/test-conversions_cpp17.dir/src/unit-conversions.cpp.o
[ 27%] Linking CXX executable test-conversions_cpp17
[ 27%] Built target test-conversions_cpp17
[ 28%] Building CXX object tests/CMakeFiles/test-custom-base-class_cpp11.dir/src/unit-custom-base-class.cpp.o
[ 28%] Linking CXX executable test-custom-base-class_cpp11
[ 28%] Built target test-custom-base-class_cpp11
[ 29%] Building CXX object tests/CMakeFiles/test-deserialization_cpp11.dir/src/unit-deserialization.cpp.o
[ 29%] Linking CXX executable test-deserialization_cpp11
[ 29%] Built target test-deserialization_cpp11
[ 30%] Building CXX object tests/CMakeFiles/test-deserialization_cpp20.dir/src/unit-deserialization.cpp.o
[ 30%] Linking CXX executable test-deserialization_cpp20
[ 30%] Built target test-deserialization_cpp20
[ 31%] Building CXX object tests/CMakeFiles/test-diagnostic-positions-only_cpp11.dir/src/unit-diagnostic-positions-only.cpp.o
[ 31%] Linking CXX executable test-diagnostic-positions-only_cpp11
[ 31%] Built target test-diagnostic-positions-only_cpp11
[ 32%] Building CXX object tests/CMakeFiles/test-diagnostic-positions_cpp11.dir/src/unit-diagnostic-positions.cpp.o
[ 32%] Linking CXX executable test-diagnostic-positions_cpp11
[ 32%] Built target test-diagnostic-positions_cpp11
[ 33%] Building CXX object tests/CMakeFiles/test-diagnostics_cpp11.dir/src/unit-diagnostics.cpp.o
[ 33%] Linking CXX executable test-diagnostics_cpp11
[ 33%] Built target test-diagnostics_cpp11
[ 34%] Building CXX object tests/CMakeFiles/test-disabled_exceptions_cpp11.dir/src/unit-disabled_exceptions.cpp.o
[ 34%] Linking CXX executable test-disabled_exceptions_cpp11
[ 34%] Built target test-disabled_exceptions_cpp11
[ 35%] Building CXX object tests/CMakeFiles/test-element_access1_cpp11.dir/src/unit-element_access1.cpp.o
[ 35%] Linking CXX executable test-element_access1_cpp11
[ 35%] Built target test-element_access1_cpp11
[ 36%] Building CXX object tests/CMakeFiles/test-element_access2_cpp11.dir/src/unit-element_access2.cpp.o
[ 36%] Linking CXX executable test-element_access2_cpp11
[ 36%] Built target test-element_access2_cpp11
[ 37%] Building CXX object tests/CMakeFiles/test-element_access2_cpp14.dir/src/unit-element_access2.cpp.o
[ 38%] Linking CXX executable test-element_access2_cpp14
[ 38%] Built target test-element_access2_cpp14
[ 38%] Building CXX object tests/CMakeFiles/test-element_access2_cpp17.dir/src/unit-element_access2.cpp.o
[ 39%] Linking CXX executable test-element_access2_cpp17
[ 39%] Built target test-element_access2_cpp17
[ 39%] Building CXX object tests/CMakeFiles/test-hash_cpp11.dir/src/unit-hash.cpp.o
[ 40%] Linking CXX executable test-hash_cpp11
[ 40%] Built target test-hash_cpp11
[ 40%] Building CXX object tests/CMakeFiles/test-inspection_cpp11.dir/src/unit-inspection.cpp.o
[ 41%] Linking CXX executable test-inspection_cpp11
[ 41%] Built target test-inspection_cpp11
[ 41%] Building CXX object tests/CMakeFiles/test-items_cpp11.dir/src/unit-items.cpp.o
[ 42%] Linking CXX executable test-items_cpp11
[ 42%] Built target test-items_cpp11
[ 42%] Building CXX object tests/CMakeFiles/test-items_cpp17.dir/src/unit-items.cpp.o
[ 43%] Linking CXX executable test-items_cpp17
[ 43%] Built target test-items_cpp17
[ 43%] Building CXX object tests/CMakeFiles/test-iterators1_cpp11.dir/src/unit-iterators1.cpp.o
[ 44%] Linking CXX executable test-iterators1_cpp11
[ 44%] Built target test-iterators1_cpp11
[ 44%] Building CXX object tests/CMakeFiles/test-iterators2_cpp11.dir/src/unit-iterators2.cpp.o
[ 45%] Linking CXX executable test-iterators2_cpp11
[ 45%] Built target test-iterators2_cpp11
[ 45%] Building CXX object tests/CMakeFiles/test-iterators2_cpp20.dir/src/unit-iterators2.cpp.o
[ 46%] Linking CXX executable test-iterators2_cpp20
[ 46%] Built target test-iterators2_cpp20
[ 46%] Building CXX object tests/CMakeFiles/test-iterators3_cpp11.dir/src/unit-iterators3.cpp.o
[ 47%] Linking CXX executable test-iterators3_cpp11
[ 47%] Built target test-iterators3_cpp11
[ 47%] Building CXX object tests/CMakeFiles/test-iterators3_cpp14.dir/src/unit-iterators3.cpp.o
[ 48%] Linking CXX executable test-iterators3_cpp14
[ 48%] Built target test-iterators3_cpp14
[ 48%] Building CXX object tests/CMakeFiles/test-json_patch_cpp11.dir/src/unit-json_patch.cpp.o
[ 50%] Linking CXX executable test-json_patch_cpp11
[ 50%] Built target test-json_patch_cpp11
[ 50%] Building CXX object tests/CMakeFiles/test-json_pointer_cpp11.dir/src/unit-json_pointer.cpp.o
[ 51%] Linking CXX executable test-json_pointer_cpp11
[ 51%] Built target test-json_pointer_cpp11
[ 51%] Building CXX object tests/CMakeFiles/test-json_pointer_cpp20.dir/src/unit-json_pointer.cpp.o
[ 52%] Linking CXX executable test-json_pointer_cpp20
[ 52%] Built target test-json_pointer_cpp20
[ 52%] Building CXX object tests/CMakeFiles/test-large_json_cpp11.dir/src/unit-large_json.cpp.o
[ 53%] Linking CXX executable test-large_json_cpp11
[ 53%] Built target test-large_json_cpp11
[ 53%] Building CXX object tests/CMakeFiles/test-locale-cpp_cpp11.dir/src/unit-locale-cpp.cpp.o
[ 54%] Linking CXX executable test-locale-cpp_cpp11
[ 54%] Built target test-locale-cpp_cpp11
[ 54%] Building CXX object tests/CMakeFiles/test-merge_patch_cpp11.dir/src/unit-merge_patch.cpp.o
[ 55%] Linking CXX executable test-merge_patch_cpp11
[ 55%] Built target test-merge_patch_cpp11
[ 56%] Building CXX object tests/CMakeFiles/test-meta_cpp11.dir/src/unit-meta.cpp.o
[ 56%] Linking CXX executable test-meta_cpp11
[ 56%] Built target test-meta_cpp11
[ 57%] Building CXX object tests/CMakeFiles/test-modifiers_cpp11.dir/src/unit-modifiers.cpp.o
[ 57%] Linking CXX executable test-modifiers_cpp11
[ 57%] Built target test-modifiers_cpp11
[ 58%] Building CXX object tests/CMakeFiles/test-msgpack_cpp11.dir/src/unit-msgpack.cpp.o
[ 58%] Linking CXX executable test-msgpack_cpp11
[ 58%] Built target test-msgpack_cpp11
[ 59%] Building CXX object tests/CMakeFiles/test-msgpack_cpp17.dir/src/unit-msgpack.cpp.o
[ 59%] Linking CXX executable test-msgpack_cpp17
[ 59%] Built target test-msgpack_cpp17
[ 60%] Building CXX object tests/CMakeFiles/test-no-mem-leak-on-adl-serialize_cpp11.dir/src/unit-no-mem-leak-on-adl-serialize.cpp.o
[ 60%] Linking CXX executable test-no-mem-leak-on-adl-serialize_cpp11
[ 60%] Built target test-no-mem-leak-on-adl-serialize_cpp11
[ 61%] Building CXX object tests/CMakeFiles/test-noexcept_cpp11.dir/src/unit-noexcept.cpp.o
[ 61%] Linking CXX executable test-noexcept_cpp11
[ 61%] Built target test-noexcept_cpp11
[ 62%] Building CXX object tests/CMakeFiles/test-ordered_json_cpp11.dir/src/unit-ordered_json.cpp.o
[ 62%] Linking CXX executable test-ordered_json_cpp11
[ 62%] Built target test-ordered_json_cpp11
[ 63%] Building CXX object tests/CMakeFiles/test-ordered_map_cpp11.dir/src/unit-ordered_map.cpp.o
[ 63%] Linking CXX executable test-ordered_map_cpp11
[ 63%] Built target test-ordered_map_cpp11
[ 64%] Building CXX object tests/CMakeFiles/test-pointer_access_cpp11.dir/src/unit-pointer_access.cpp.o
[ 64%] Linking CXX executable test-pointer_access_cpp11
[ 64%] Built target test-pointer_access_cpp11
[ 65%] Building CXX object tests/CMakeFiles/test-readme_cpp11.dir/src/unit-readme.cpp.o
[ 65%] Linking CXX executable test-readme_cpp11
[ 65%] Built target test-readme_cpp11
[ 66%] Building CXX object tests/CMakeFiles/test-reference_access_cpp11.dir/src/unit-reference_access.cpp.o
[ 66%] Linking CXX executable test-reference_access_cpp11
[ 66%] Built target test-reference_access_cpp11
[ 67%] Building CXX object tests/CMakeFiles/test-regression1_cpp11.dir/src/unit-regression1.cpp.o
[ 67%] Linking CXX executable test-regression1_cpp11
[ 67%] Built target test-regression1_cpp11
[ 68%] Building CXX object tests/CMakeFiles/test-regression1_cpp17.dir/src/unit-regression1.cpp.o
[ 68%] Linking CXX executable test-regression1_cpp17
[ 68%] Built target test-regression1_cpp17
[ 69%] Building CXX object tests/CMakeFiles/test-regression2_cpp11.dir/src/unit-regression2.cpp.o
[ 69%] Linking CXX executable test-regression2_cpp11
[ 69%] Built target test-regression2_cpp11
[ 70%] Building CXX object tests/CMakeFiles/test-regression2_cpp17.dir/src/unit-regression2.cpp.o
[ 70%] Linking CXX executable test-regression2_cpp17
[ 70%] Built target test-regression2_cpp17
[ 71%] Building CXX object tests/CMakeFiles/test-regression2_cpp20.dir/src/unit-regression2.cpp.o
[ 71%] Linking CXX executable test-regression2_cpp20
[ 71%] Built target test-regression2_cpp20
[ 72%] Building CXX object tests/CMakeFiles/test-serialization_cpp11.dir/src/unit-serialization.cpp.o
[ 73%] Linking CXX executable test-serialization_cpp11
[ 73%] Built target test-serialization_cpp11
[ 73%] Building CXX object tests/CMakeFiles/test-testsuites_cpp11.dir/src/unit-testsuites.cpp.o
[ 75%] Linking CXX executable test-testsuites_cpp11
[ 75%] Built target test-testsuites_cpp11
[ 75%] Building CXX object tests/CMakeFiles/test-to_chars_cpp11.dir/src/unit-to_chars.cpp.o
[ 76%] Linking CXX executable test-to_chars_cpp11
[ 76%] Built target test-to_chars_cpp11
[ 76%] Building CXX object tests/CMakeFiles/test-type_traits_cpp11.dir/src/unit-type_traits.cpp.o
[ 77%] Linking CXX executable test-type_traits_cpp11
[ 77%] Built target test-type_traits_cpp11
[ 77%] Building CXX object tests/CMakeFiles/test-ubjson_cpp11.dir/src/unit-ubjson.cpp.o
[ 78%] Linking CXX executable test-ubjson_cpp11
[ 78%] Built target test-ubjson_cpp11
[ 78%] Building CXX object tests/CMakeFiles/test-udl_cpp11.dir/src/unit-udl.cpp.o
[ 79%] Linking CXX executable test-udl_cpp11
[ 79%] Built target test-udl_cpp11
[ 79%] Building CXX object tests/CMakeFiles/test-udt_cpp11.dir/src/unit-udt.cpp.o
[ 80%] Linking CXX executable test-udt_cpp11
[ 80%] Built target test-udt_cpp11
[ 80%] Building CXX object tests/CMakeFiles/test-udt_macro_cpp11.dir/src/unit-udt_macro.cpp.o
[ 81%] Linking CXX executable test-udt_macro_cpp11
[ 81%] Built target test-udt_macro_cpp11
[ 81%] Building CXX object tests/CMakeFiles/test-unicode1_cpp11.dir/src/unit-unicode1.cpp.o
[ 82%] Linking CXX executable test-unicode1_cpp11
[ 82%] Built target test-unicode1_cpp11
[ 82%] Building CXX object tests/CMakeFiles/test-unicode2_cpp11.dir/src/unit-unicode2.cpp.o
[ 83%] Linking CXX executable test-unicode2_cpp11
[ 83%] Built target test-unicode2_cpp11
[ 83%] Building CXX object tests/CMakeFiles/test-unicode3_cpp11.dir/src/unit-unicode3.cpp.o
[ 84%] Linking CXX executable test-unicode3_cpp11
[ 84%] Built target test-unicode3_cpp11
[ 84%] Building CXX object tests/CMakeFiles/test-unicode4_cpp11.dir/src/unit-unicode4.cpp.o
[ 85%] Linking CXX executable test-unicode4_cpp11
[ 85%] Built target test-unicode4_cpp11
[ 85%] Building CXX object tests/CMakeFiles/test-unicode5_cpp11.dir/src/unit-unicode5.cpp.o
[ 86%] Linking CXX executable test-unicode5_cpp11
[ 86%] Built target test-unicode5_cpp11
[ 86%] Building CXX object tests/CMakeFiles/test-user_defined_input_cpp11.dir/src/unit-user_defined_input.cpp.o
[ 87%] Linking CXX executable test-user_defined_input_cpp11
[ 87%] Built target test-user_defined_input_cpp11
[ 87%] Building CXX object tests/CMakeFiles/test-windows_h_cpp11.dir/src/unit-windows_h.cpp.o
[ 88%] Linking CXX executable test-windows_h_cpp11
[ 88%] Built target test-windows_h_cpp11
[ 88%] Building CXX object tests/CMakeFiles/test-wstring_cpp11.dir/src/unit-wstring.cpp.o
[ 89%] Linking CXX executable test-wstring_cpp11
[ 89%] Built target test-wstring_cpp11
[ 89%] Building CXX object tests/CMakeFiles/test-comparison_legacy_cpp11.dir/src/unit-comparison.cpp.o
[ 90%] Linking CXX executable test-comparison_legacy_cpp11
[ 90%] Built target test-comparison_legacy_cpp11
[ 90%] Building CXX object tests/CMakeFiles/test-comparison_legacy_cpp20.dir/src/unit-comparison.cpp.o
[ 91%] Linking CXX executable test-comparison_legacy_cpp20
[ 91%] Built target test-comparison_legacy_cpp20
[ 92%] Building CXX object tests/abi/CMakeFiles/abi_compat_main.dir/main.cpp.o
[ 92%] Linking CXX static library libabi_compat_main.a
[ 92%] Built target abi_compat_main
[ 93%] Building CXX object tests/abi/config/CMakeFiles/abi_config_default.dir/default.cpp.o
[ 93%] Linking CXX executable abi_config_default
[ 93%] Built target abi_config_default
[ 94%] Building CXX object tests/abi/config/CMakeFiles/abi_config_noversion.dir/noversion.cpp.o
[ 94%] Linking CXX executable abi_config_noversion
[ 94%] Built target abi_config_noversion
[ 95%] Building CXX object tests/abi/config/CMakeFiles/abi_config_custom.dir/custom.cpp.o
[ 95%] Linking CXX executable abi_config_custom
[ 95%] Built target abi_config_custom
[ 95%] Building CXX object tests/abi/diag/CMakeFiles/abi_compat_diag_on.dir/diag_on.cpp.o
[ 96%] Linking CXX static library libabi_compat_diag_on.a
[ 96%] Built target abi_compat_diag_on
[ 96%] Building CXX object tests/abi/diag/CMakeFiles/abi_compat_diag_off.dir/diag_off.cpp.o
[ 97%] Linking CXX static library libabi_compat_diag_off.a
[ 97%] Built target abi_compat_diag_off
[ 97%] Building CXX object tests/abi/diag/CMakeFiles/abi_compat_diag.dir/diag.cpp.o
[ 98%] Linking CXX executable abi_compat_diag
[ 98%] Built target abi_compat_diag
[ 98%] Building CXX object tests/abi/inline_ns/CMakeFiles/abi_compat_inline_ns.dir/use_v3_10_5.cpp.o
[100%] Building CXX object tests/abi/inline_ns/CMakeFiles/abi_compat_inline_ns.dir/use_current.cpp.o
[100%] Linking CXX executable abi_compat_inline_ns
[100%] Built target abi_compat_inline_ns
Error: Fuzzer executable not found in ./build directory.
Attempting to build fuzzers using alternative methods...
Running alternative build script for fuzzers...
tests/thirdparty/Fuzzer/FuzzerTracePC.cpp:281:15: error: always_inline function 'HandleCmp' requires target feature 'popcnt', but would be inlined into function '__sanitizer_cov_trace_cmp8' that is compiled without support for 'popcnt'
  fuzzer::TPC.HandleCmp(__builtin_return_address(0), Arg1, Arg2);
              ^
tests/thirdparty/Fuzzer/FuzzerTracePC.cpp:285:15: error: always_inline function 'HandleCmp' requires target feature 'popcnt', but would be inlined into function '__sanitizer_cov_trace_cmp4' that is compiled without support for 'popcnt'
  fuzzer::TPC.HandleCmp(__builtin_return_address(0), Arg1, Arg2);
              ^
tests/thirdparty/Fuzzer/FuzzerTracePC.cpp:289:15: error: always_inline function 'HandleCmp' requires target feature 'popcnt', but would be inlined into function '__sanitizer_cov_trace_cmp2' that is compiled without support for 'popcnt'
  fuzzer::TPC.HandleCmp(__builtin_return_address(0), Arg1, Arg2);
              ^
tests/thirdparty/Fuzzer/FuzzerTracePC.cpp:293:15: error: always_inline function 'HandleCmp' requires target feature 'popcnt', but would be inlined into function '__sanitizer_cov_trace_cmp1' that is compiled without support for 'popcnt'
  fuzzer::TPC.HandleCmp(__builtin_return_address(0), Arg1, Arg2);
              ^
tests/thirdparty/Fuzzer/FuzzerTracePC.cpp:320:17: error: always_inline function 'HandleCmp' requires target feature 'popcnt', but would be inlined into function '__sanitizer_cov_trace_switch' that is compiled without support for 'popcnt'
    fuzzer::TPC.HandleCmp(PC + Idx, static_cast<uint32_t>(Val),
                ^
tests/thirdparty/Fuzzer/FuzzerTracePC.cpp:323:17: error: always_inline function 'HandleCmp' requires target feature 'popcnt', but would be inlined into function '__sanitizer_cov_trace_switch' that is compiled without support for 'popcnt'
    fuzzer::TPC.HandleCmp(PC + Idx, Val, Vals[Idx]);
                ^
tests/thirdparty/Fuzzer/FuzzerTracePC.cpp:328:15: error: always_inline function 'HandleCmp' requires target feature 'popcnt', but would be inlined into function '__sanitizer_cov_trace_div4' that is compiled without support for 'popcnt'
  fuzzer::TPC.HandleCmp(__builtin_return_address(0), Val, (uint32_t)0);
              ^
tests/thirdparty/Fuzzer/FuzzerTracePC.cpp:332:15: error: always_inline function 'HandleCmp' requires target feature 'popcnt', but would be inlined into function '__sanitizer_cov_trace_div8' that is compiled without support for 'popcnt'
  fuzzer::TPC.HandleCmp(__builtin_return_address(0), Val, (uint64_t)0);
              ^
tests/thirdparty/Fuzzer/FuzzerTracePC.cpp:336:15: error: always_inline function 'HandleCmp' requires target feature 'popcnt', but would be inlined into function '__sanitizer_cov_trace_gep' that is compiled without support for 'popcnt'
  fuzzer::TPC.HandleCmp(__builtin_return_address(0), Idx, (uintptr_t)0);
              ^
9 errors generated.
ar: `u' modifier ignored since `D' is the default (see `U')
ar: creating libFuzzer.a
Error: Fuzzer executable still not found after alternative build attempts.
