go: downloading github.com/stretchr/testify v1.11.1
go: downloading gotest.tools/v3 v3.5.2
go: downloading gopkg.in/check.v1 v1.0.0-20201130134442-10cb98267c6c
go: downloading github.com/onsi/ginkgo v1.16.5
go: downloading github.com/onsi/gomega v1.18.1
go: downloading github.com/alecthomas/assert/v2 v2.11.0
go: downloading github.com/go-playground/assert/v2 v2.2.0
go: downloading github.com/vishvananda/netns v0.0.4
go: downloading go.uber.org/goleak v1.3.0
go: downloading github.com/alecthomas/repr v0.5.1
go: downloading github.com/go-test/deep v1.1.0
go: downloading github.com/google/pprof v0.0.0-20221118152302-e6195bd50e26
go: downloading github.com/kylelemons/godebug v1.1.0
go: downloading github.com/rogpeppe/go-internal v1.13.1
go: downloading github.com/hexops/gotextdiff v1.0.3
go: downloading github.com/xyproto/randomstring v1.0.5
go: downloading github.com/shoenig/test v0.6.4
go: downloading github.com/kr/pretty v0.3.1
go: downloading go.opentelemetry.io/otel/sdk v1.38.0
go: downloading github.com/kr/text v0.2.0
go: downloading go.opentelemetry.io/otel/sdk/metric v1.37.0
go: downloading gonum.org/v1/gonum v0.16.0
go: downloading github.com/nxadm/tail v1.4.8
go: downloading gopkg.in/tomb.v1 v1.0.0-20141024135613-dd632973f1e7
go: downloading github.com/containerd/log v0.1.0
go: downloading github.com/morikuni/aec v1.0.0
go: downloading github.com/moby/term v0.5.0
go: downloading github.com/moby/sys/sequential v0.6.0
go: downloading go.opentelemetry.io/proto/otlp v1.0.0
go: downloading go.opentelemetry.io/otel/exporters/otlp/otlptrace v1.22.0
go: downloading github.com/Azure/go-ansiterm v0.0.0-20210617225240-d185dfc1b5a1
go: downloading github.com/grpc-ecosystem/grpc-gateway/v2 v2.16.0
▶ formatting Go code…
▶ fetching node modules…
▶ formatting JS code…
▶ running golint…
▶ running jslint…

thread '<unnamed>' panicked at /home/runner/work/oxc/oxc/crates/oxc_ast/src/generated/get_id.rs:55:30:
called `Option::unwrap()` on a `None` value
note: run with `RUST_BACKTRACE=1` environment variable to display a backtrace
Aborted (core dumped)
make: *** [Makefile:239: .lint-js~] Error 134
