Scope: all 32 workspace projects
Lockfile is up to date, resolution step is skipped
Progress: resolved 1, reused 0, downloaded 0, added 0
Packages: +2669
++++++++++++++++++++++++++++++++++++++++++++++++++++++++++++++++++++++++++++++++
Progress: resolved 2669, reused 0, downloaded 2, added 2
Progress: resolved 2669, reused 0, downloaded 24, added 23
Progress: resolved 2669, reused 0, downloaded 57, added 58
Progress: resolved 2669, reused 0, downloaded 142, added 143
Progress: resolved 2669, reused 0, downloaded 223, added 225
Progress: resolved 2669, reused 0, downloaded 268, added 276
Progress: resolved 2669, reused 0, downloaded 477, added 387
Progress: resolved 2669, reused 0, downloaded 1117, added 1169
Progress: resolved 2669, reused 0, downloaded 1607, added 1659
Progress: resolved 2669, reused 0, downloaded 1974, added 2021
Packages are hard linked from the content-addressable store to the virtual store.
  Content-addressable store is at: /root/.local/share/pnpm/store/v10
  Virtual store is at:             node_modules/.pnpm
Progress: resolved 2669, reused 0, downloaded 2221, added 2234
Progress: resolved 2669, reused 0, downloaded 2598, added 2510
Progress: resolved 2669, reused 0, downloaded 2611, added 2665
Progress: resolved 2669, reused 0, downloaded 2612, added 2666
Progress: resolved 2669, reused 0, downloaded 2612, added 2668
Progress: resolved 2669, reused 0, downloaded 2613, added 2668
Progress: resolved 2669, reused 0, downloaded 2613, added 2669, done
 WARN  Failed to create bin at /app/node_modules/.pnpm/@angular-devkit+build-angular@21.0.0-next.5_34bcbba55677830677df6eb5ea764893/node_modules/@angular-devkit/build-angular/node_modules/.bin/ngc. ENOENT: no such file or directory, open '/app/node_modules/.pnpm/@angular-devkit+build-angular@21.0.0-next.5_34bcbba55677830677df6eb5ea764893/node_modules/@angular/compiler-cli/bundles/src/bin/ngc.js'
 WARN  Failed to create bin at /app/node_modules/.pnpm/@angular-devkit+build-angular@21.0.0-next.5_34bcbba55677830677df6eb5ea764893/node_modules/@angular-devkit/build-angular/node_modules/.bin/ng-xi18n. ENOENT: no such file or directory, open '/app/node_modules/.pnpm/@angular-devkit+build-angular@21.0.0-next.5_34bcbba55677830677df6eb5ea764893/node_modules/@angular/compiler-cli/bundles/src/bin/ng_xi18n.js'
 WARN  Failed to create bin at /app/node_modules/.pnpm/@angular-devkit+build-angular@21.0.0-next.5_34bcbba55677830677df6eb5ea764893/node_modules/@angular-devkit/build-angular/node_modules/.bin/localize-translate. ENOENT: no such file or directory, open '/app/node_modules/.pnpm/@angular-devkit+build-angular@21.0.0-next.5_34bcbba55677830677df6eb5ea764893/node_modules/@angular/localize/tools/bundles/src/translate/cli.js'
 WARN  Failed to create bin at /app/node_modules/.pnpm/@angular-devkit+build-angular@21.0.0-next.5_34bcbba55677830677df6eb5ea764893/node_modules/@angular-devkit/build-angular/node_modules/.bin/localize-extract. ENOENT: no such file or directory, open '/app/node_modules/.pnpm/@angular-devkit+build-angular@21.0.0-next.5_34bcbba55677830677df6eb5ea764893/node_modules/@angular/localize/tools/bundles/src/extract/cli.js'
 WARN  Failed to create bin at /app/node_modules/.pnpm/@angular-devkit+build-angular@21.0.0-next.5_34bcbba55677830677df6eb5ea764893/node_modules/@angular-devkit/build-angular/node_modules/.bin/localize-migrate. ENOENT: no such file or directory, open '/app/node_modules/.pnpm/@angular-devkit+build-angular@21.0.0-next.5_34bcbba55677830677df6eb5ea764893/node_modules/@angular/localize/tools/bundles/src/migrate/cli.js'
 WARN  Failed to create bin at /app/node_modules/.pnpm/@angular-devkit+build-angular@21.0.0-next.5_34bcbba55677830677df6eb5ea764893/node_modules/@angular-devkit/build-angular/node_modules/.bin/ngsw-config. ENOENT: no such file or directory, open '/app/node_modules/.pnpm/@angular-devkit+build-angular@21.0.0-next.5_34bcbba55677830677df6eb5ea764893/node_modules/@angular/service-worker/ngsw-config.js'
 WARN  Failed to create bin at /app/node_modules/.pnpm/@angular+build@21.0.0-next.5_7498117d40ea70403c1dbf7a795ee1a3/node_modules/@angular/build/node_modules/.bin/ngc. ENOENT: no such file or directory, open '/app/node_modules/.pnpm/@angular+build@21.0.0-next.5_7498117d40ea70403c1dbf7a795ee1a3/node_modules/@angular/compiler-cli/bundles/src/bin/ngc.js'
 WARN  Failed to create bin at /app/node_modules/.pnpm/@angular+build@21.0.0-next.5_7498117d40ea70403c1dbf7a795ee1a3/node_modules/@angular/build/node_modules/.bin/ng-xi18n. ENOENT: no such file or directory, open '/app/node_modules/.pnpm/@angular+build@21.0.0-next.5_7498117d40ea70403c1dbf7a795ee1a3/node_modules/@angular/compiler-cli/bundles/src/bin/ng_xi18n.js'
 WARN  Failed to create bin at /app/node_modules/.pnpm/@angular+build@21.0.0-next.5_7498117d40ea70403c1dbf7a795ee1a3/node_modules/@angular/build/node_modules/.bin/localize-translate. ENOENT: no such file or directory, open '/app/node_modules/.pnpm/@angular+build@21.0.0-next.5_7498117d40ea70403c1dbf7a795ee1a3/node_modules/@angular/localize/tools/bundles/src/translate/cli.js'
 WARN  Failed to create bin at /app/node_modules/.pnpm/@angular+build@21.0.0-next.5_7498117d40ea70403c1dbf7a795ee1a3/node_modules/@angular/build/node_modules/.bin/localize-extract. ENOENT: no such file or directory, open '/app/node_modules/.pnpm/@angular+build@21.0.0-next.5_7498117d40ea70403c1dbf7a795ee1a3/node_modules/@angular/localize/tools/bundles/src/extract/cli.js'
 WARN  Failed to create bin at /app/node_modules/.pnpm/@angular+build@21.0.0-next.5_7498117d40ea70403c1dbf7a795ee1a3/node_modules/@angular/build/node_modules/.bin/localize-migrate. ENOENT: no such file or directory, open '/app/node_modules/.pnpm/@angular+build@21.0.0-next.5_7498117d40ea70403c1dbf7a795ee1a3/node_modules/@angular/localize/tools/bundles/src/migrate/cli.js'
 WARN  Failed to create bin at /app/node_modules/.pnpm/@angular+build@21.0.0-next.5_7498117d40ea70403c1dbf7a795ee1a3/node_modules/@angular/build/node_modules/.bin/ngsw-config. ENOENT: no such file or directory, open '/app/node_modules/.pnpm/@angular+build@21.0.0-next.5_7498117d40ea70403c1dbf7a795ee1a3/node_modules/@angular/service-worker/ngsw-config.js'
 WARN  Failed to create bin at /app/node_modules/.pnpm/ng-packagr@21.0.0-next.4_@angular+compiler-cli@packages+compiler-cli_tailwindcss@3.4.18_758165615989875597b96214954d8f1e/node_modules/ng-packagr/node_modules/.bin/ngc. ENOENT: no such file or directory, open '/app/node_modules/.pnpm/ng-packagr@21.0.0-next.4_@angular+compiler-cli@packages+compiler-cli_tailwindcss@3.4.18_758165615989875597b96214954d8f1e/node_modules/@angular/compiler-cli/bundles/src/bin/ngc.js'
 WARN  Failed to create bin at /app/node_modules/.pnpm/ng-packagr@21.0.0-next.4_@angular+compiler-cli@packages+compiler-cli_tailwindcss@3.4.18_758165615989875597b96214954d8f1e/node_modules/ng-packagr/node_modules/.bin/ng-xi18n. ENOENT: no such file or directory, open '/app/node_modules/.pnpm/ng-packagr@21.0.0-next.4_@angular+compiler-cli@packages+compiler-cli_tailwindcss@3.4.18_758165615989875597b96214954d8f1e/node_modules/@angular/compiler-cli/bundles/src/bin/ng_xi18n.js'
 WARN  Failed to create bin at /app/node_modules/.pnpm/@ngtools+webpack@21.0.0-next.5_@angular+compiler-cli@packages+compiler-cli_typescript@5_95923af4004f02cda0528cf3ed621a1b/node_modules/@ngtools/webpack/node_modules/.bin/ngc. ENOENT: no such file or directory, open '/app/node_modules/.pnpm/@ngtools+webpack@21.0.0-next.5_@angular+compiler-cli@packages+compiler-cli_typescript@5_95923af4004f02cda0528cf3ed621a1b/node_modules/@angular/compiler-cli/bundles/src/bin/ngc.js'
 WARN  Failed to create bin at /app/node_modules/.pnpm/@ngtools+webpack@21.0.0-next.5_@angular+compiler-cli@packages+compiler-cli_typescript@5_95923af4004f02cda0528cf3ed621a1b/node_modules/@ngtools/webpack/node_modules/.bin/ng-xi18n. ENOENT: no such file or directory, open '/app/node_modules/.pnpm/@ngtools+webpack@21.0.0-next.5_@angular+compiler-cli@packages+compiler-cli_typescript@5_95923af4004f02cda0528cf3ed621a1b/node_modules/@angular/compiler-cli/bundles/src/bin/ng_xi18n.js'
 WARN  Failed to create bin at /app/node_modules/.pnpm/@angular+build@21.0.0-next.5_16ce7475be0446d5f14a15223f282372/node_modules/@angular/build/node_modules/.bin/ngc. ENOENT: no such file or directory, open '/app/node_modules/.pnpm/@angular+build@21.0.0-next.5_16ce7475be0446d5f14a15223f282372/node_modules/@angular/compiler-cli/bundles/src/bin/ngc.js'
 WARN  Failed to create bin at /app/node_modules/.pnpm/@angular+build@21.0.0-next.5_16ce7475be0446d5f14a15223f282372/node_modules/@angular/build/node_modules/.bin/ng-xi18n. ENOENT: no such file or directory, open '/app/node_modules/.pnpm/@angular+build@21.0.0-next.5_16ce7475be0446d5f14a15223f282372/node_modules/@angular/compiler-cli/bundles/src/bin/ng_xi18n.js'
 WARN  Failed to create bin at /app/node_modules/.pnpm/@angular+build@21.0.0-next.5_16ce7475be0446d5f14a15223f282372/node_modules/@angular/build/node_modules/.bin/localize-translate. ENOENT: no such file or directory, open '/app/node_modules/.pnpm/@angular+build@21.0.0-next.5_16ce7475be0446d5f14a15223f282372/node_modules/@angular/localize/tools/bundles/src/translate/cli.js'
 WARN  Failed to create bin at /app/node_modules/.pnpm/@angular+build@21.0.0-next.5_16ce7475be0446d5f14a15223f282372/node_modules/@angular/build/node_modules/.bin/localize-extract. ENOENT: no such file or directory, open '/app/node_modules/.pnpm/@angular+build@21.0.0-next.5_16ce7475be0446d5f14a15223f282372/node_modules/@angular/localize/tools/bundles/src/extract/cli.js'
 WARN  Failed to create bin at /app/node_modules/.pnpm/@angular+build@21.0.0-next.5_16ce7475be0446d5f14a15223f282372/node_modules/@angular/build/node_modules/.bin/localize-migrate. ENOENT: no such file or directory, open '/app/node_modules/.pnpm/@angular+build@21.0.0-next.5_16ce7475be0446d5f14a15223f282372/node_modules/@angular/localize/tools/bundles/src/migrate/cli.js'
 WARN  Failed to create bin at /app/node_modules/.pnpm/@angular+build@21.0.0-next.5_16ce7475be0446d5f14a15223f282372/node_modules/@angular/build/node_modules/.bin/ngsw-config. ENOENT: no such file or directory, open '/app/node_modules/.pnpm/@angular+build@21.0.0-next.5_16ce7475be0446d5f14a15223f282372/node_modules/@angular/service-worker/ngsw-config.js'
 WARN  Failed to create bin at /app/node_modules/.pnpm/@angular-devkit+build-angular@21.0.0-next.5_24867589005c43d9513bd318ccd8e773/node_modules/@angular-devkit/build-angular/node_modules/.bin/ngc. ENOENT: no such file or directory, open '/app/node_modules/.pnpm/@angular-devkit+build-angular@21.0.0-next.5_24867589005c43d9513bd318ccd8e773/node_modules/@angular/compiler-cli/bundles/src/bin/ngc.js'
 WARN  Failed to create bin at /app/node_modules/.pnpm/@angular-devkit+build-angular@21.0.0-next.5_24867589005c43d9513bd318ccd8e773/node_modules/@angular-devkit/build-angular/node_modules/.bin/ng-xi18n. ENOENT: no such file or directory, open '/app/node_modules/.pnpm/@angular-devkit+build-angular@21.0.0-next.5_24867589005c43d9513bd318ccd8e773/node_modules/@angular/compiler-cli/bundles/src/bin/ng_xi18n.js'
 WARN  Failed to create bin at /app/node_modules/.pnpm/@angular-devkit+build-angular@21.0.0-next.5_24867589005c43d9513bd318ccd8e773/node_modules/@angular-devkit/build-angular/node_modules/.bin/localize-translate. ENOENT: no such file or directory, open '/app/node_modules/.pnpm/@angular-devkit+build-angular@21.0.0-next.5_24867589005c43d9513bd318ccd8e773/node_modules/@angular/localize/tools/bundles/src/translate/cli.js'
 WARN  Failed to create bin at /app/node_modules/.pnpm/@angular-devkit+build-angular@21.0.0-next.5_24867589005c43d9513bd318ccd8e773/node_modules/@angular-devkit/build-angular/node_modules/.bin/localize-extract. ENOENT: no such file or directory, open '/app/node_modules/.pnpm/@angular-devkit+build-angular@21.0.0-next.5_24867589005c43d9513bd318ccd8e773/node_modules/@angular/localize/tools/bundles/src/extract/cli.js'
 WARN  Failed to create bin at /app/node_modules/.pnpm/@angular-devkit+build-angular@21.0.0-next.5_24867589005c43d9513bd318ccd8e773/node_modules/@angular-devkit/build-angular/node_modules/.bin/localize-migrate. ENOENT: no such file or directory, open '/app/node_modules/.pnpm/@angular-devkit+build-angular@21.0.0-next.5_24867589005c43d9513bd318ccd8e773/node_modules/@angular/localize/tools/bundles/src/migrate/cli.js'
 WARN  Failed to create bin at /app/node_modules/.pnpm/@angular-devkit+build-angular@21.0.0-next.5_24867589005c43d9513bd318ccd8e773/node_modules/@angular-devkit/build-angular/node_modules/.bin/ngsw-config. ENOENT: no such file or directory, open '/app/node_modules/.pnpm/@angular-devkit+build-angular@21.0.0-next.5_24867589005c43d9513bd318ccd8e773/node_modules/@angular/service-worker/ngsw-config.js'
 WARN  Failed to create bin at /app/node_modules/.pnpm/ng-packagr@21.0.0-next.4_@angular+compiler-cli@packages+compiler-cli_tailwindcss@3.4.18_615ec8a904e56d982200262e16feaa3c/node_modules/ng-packagr/node_modules/.bin/ngc. ENOENT: no such file or directory, open '/app/node_modules/.pnpm/ng-packagr@21.0.0-next.4_@angular+compiler-cli@packages+compiler-cli_tailwindcss@3.4.18_615ec8a904e56d982200262e16feaa3c/node_modules/@angular/compiler-cli/bundles/src/bin/ngc.js'
 WARN  Failed to create bin at /app/node_modules/.pnpm/ng-packagr@21.0.0-next.4_@angular+compiler-cli@packages+compiler-cli_tailwindcss@3.4.18_615ec8a904e56d982200262e16feaa3c/node_modules/ng-packagr/node_modules/.bin/ng-xi18n. ENOENT: no such file or directory, open '/app/node_modules/.pnpm/ng-packagr@21.0.0-next.4_@angular+compiler-cli@packages+compiler-cli_tailwindcss@3.4.18_615ec8a904e56d982200262e16feaa3c/node_modules/@angular/compiler-cli/bundles/src/bin/ng_xi18n.js'
 WARN  Failed to create bin at /app/node_modules/.pnpm/@nginfra+angular-linking@1.0.10_@angular+compiler-cli@packages+compiler-cli/node_modules/@nginfra/angular-linking/node_modules/.bin/ngc. ENOENT: no such file or directory, open '/app/node_modules/.pnpm/@nginfra+angular-linking@1.0.10_@angular+compiler-cli@packages+compiler-cli/node_modules/@angular/compiler-cli/bundles/src/bin/ngc.js'
 WARN  Failed to create bin at /app/node_modules/.pnpm/@nginfra+angular-linking@1.0.10_@angular+compiler-cli@packages+compiler-cli/node_modules/@nginfra/angular-linking/node_modules/.bin/ng-xi18n. ENOENT: no such file or directory, open '/app/node_modules/.pnpm/@nginfra+angular-linking@1.0.10_@angular+compiler-cli@packages+compiler-cli/node_modules/@angular/compiler-cli/bundles/src/bin/ng_xi18n.js'
.../cypress@15.3.0/node_modules/cypress postinstall$ node dist/index.js --exec install
.../cypress@15.3.0/node_modules/cypress postinstall: Installing Cypress (version: 15.3.0)
.../cypress@15.3.0/node_modules/cypress postinstall: [STARTED] Task without title.
.../cypress@15.3.0/node_modules/cypress postinstall: [TITLE]  Downloading Cypress      0% 0s
.../cypress@15.3.0/node_modules/cypress postinstall: [TITLE]  Downloading Cypress      2% 5s
.../cypress@15.3.0/node_modules/cypress postinstall: [TITLE]  Downloading Cypress      6% 3s
.../cypress@15.3.0/node_modules/cypress postinstall: [TITLE]  Downloading Cypress      11% 3s
.../cypress@15.3.0/node_modules/cypress postinstall: [TITLE]  Downloading Cypress      17% 2s
.../cypress@15.3.0/node_modules/cypress postinstall: [TITLE]  Downloading Cypress      23% 2s
.../cypress@15.3.0/node_modules/cypress postinstall: [TITLE]  Downloading Cypress      28% 2s
.../cypress@15.3.0/node_modules/cypress postinstall: [TITLE]  Downloading Cypress      34% 1s
.../cypress@15.3.0/node_modules/cypress postinstall: [TITLE]  Downloading Cypress      39% 1s
.../cypress@15.3.0/node_modules/cypress postinstall: [TITLE]  Downloading Cypress      45% 1s
.../cypress@15.3.0/node_modules/cypress postinstall: [TITLE]  Downloading Cypress      50% 1s
.../cypress@15.3.0/node_modules/cypress postinstall: [TITLE]  Downloading Cypress      56% 1s
.../cypress@15.3.0/node_modules/cypress postinstall: [TITLE]  Downloading Cypress      61% 1s
.../cypress@15.3.0/node_modules/cypress postinstall: [TITLE]  Downloading Cypress      67% 1s
.../cypress@15.3.0/node_modules/cypress postinstall: [TITLE]  Downloading Cypress      72% 1s
.../cypress@15.3.0/node_modules/cypress postinstall: [TITLE]  Downloading Cypress      78% 0s
.../cypress@15.3.0/node_modules/cypress postinstall: [TITLE]  Downloading Cypress      84% 0s
.../cypress@15.3.0/node_modules/cypress postinstall: [TITLE]  Downloading Cypress      89% 0s
.../cypress@15.3.0/node_modules/cypress postinstall: [TITLE]  Downloading Cypress      95% 0s
.../cypress@15.3.0/node_modules/cypress postinstall: [TITLE]  Downloaded Cypress
.../cypress@15.3.0/node_modules/cypress postinstall: [SUCCESS]  Downloaded Cypress
.../cypress@15.3.0/node_modules/cypress postinstall: [STARTED] Task without title.
.../cypress@15.3.0/node_modules/cypress postinstall: [TITLE]  Unzipping Cypress        0% 0s
.../cypress@15.3.0/node_modules/cypress postinstall: [TITLE]  Unzipping Cypress        1% 12s
.../cypress@15.3.0/node_modules/cypress postinstall: [TITLE]  Unzipping Cypress        1% 13s
.../cypress@15.3.0/node_modules/cypress postinstall: [TITLE]  Unzipping Cypress        1% 14s
.../cypress@15.3.0/node_modules/cypress postinstall: [TITLE]  Unzipping Cypress        1% 15s
.../cypress@15.3.0/node_modules/cypress postinstall: [TITLE]  Unzipping Cypress        1% 16s
.../cypress@15.3.0/node_modules/cypress postinstall: [TITLE]  Unzipping Cypress        1% 17s
.../cypress@15.3.0/node_modules/cypress postinstall: [TITLE]  Unzipping Cypress        1% 18s
.../cypress@15.3.0/node_modules/cypress postinstall: [TITLE]  Unzipping Cypress        1% 19s
.../cypress@15.3.0/node_modules/cypress postinstall: [TITLE]  Unzipping Cypress        1% 20s
.../cypress@15.3.0/node_modules/cypress postinstall: [TITLE]  Unzipping Cypress        1% 21s
.../cypress@15.3.0/node_modules/cypress postinstall: [TITLE]  Unzipping Cypress        1% 22s
.../cypress@15.3.0/node_modules/cypress postinstall: [TITLE]  Unzipping Cypress        1% 23s
.../cypress@15.3.0/node_modules/cypress postinstall: [TITLE]  Unzipping Cypress        1% 24s
.../cypress@15.3.0/node_modules/cypress postinstall: [TITLE]  Unzipping Cypress        1% 25s
.../cypress@15.3.0/node_modules/cypress postinstall: [TITLE]  Unzipping Cypress        1% 26s
.../cypress@15.3.0/node_modules/cypress postinstall: [TITLE]  Unzipping Cypress        1% 27s
.../cypress@15.3.0/node_modules/cypress postinstall: [TITLE]  Unzipping Cypress        1% 28s
.../cypress@15.3.0/node_modules/cypress postinstall: [TITLE]  Unzipping Cypress        1% 29s
.../cypress@15.3.0/node_modules/cypress postinstall: [TITLE]  Unzipping Cypress        1% 30s
.../cypress@15.3.0/node_modules/cypress postinstall: [TITLE]  Unzipping Cypress        1% 31s
.../cypress@15.3.0/node_modules/cypress postinstall: [TITLE]  Unzipping Cypress        2% 15s
.../cypress@15.3.0/node_modules/cypress postinstall: [TITLE]  Unzipping Cypress        2% 16s
.../cypress@15.3.0/node_modules/cypress postinstall: [TITLE]  Unzipping Cypress        2% 17s
.../cypress@15.3.0/node_modules/cypress postinstall: [TITLE]  Unzipping Cypress        2% 18s
.../cypress@15.3.0/node_modules/cypress postinstall: [TITLE]  Unzipping Cypress        2% 19s
.../cypress@15.3.0/node_modules/cypress postinstall: [TITLE]  Unzipping Cypress        2% 20s
.../cypress@15.3.0/node_modules/cypress postinstall: [TITLE]  Unzipping Cypress        2% 21s
.../cypress@15.3.0/node_modules/cypress postinstall: [TITLE]  Unzipping Cypress        2% 22s
.../cypress@15.3.0/node_modules/cypress postinstall: [TITLE]  Unzipping Cypress        2% 23s
.../cypress@15.3.0/node_modules/cypress postinstall: [TITLE]  Unzipping Cypress        3% 15s
.../cypress@15.3.0/node_modules/cypress postinstall: [TITLE]  Unzipping Cypress        3% 16s
.../cypress@15.3.0/node_modules/cypress postinstall: [TITLE]  Unzipping Cypress        3% 17s
.../cypress@15.3.0/node_modules/cypress postinstall: [TITLE]  Unzipping Cypress        3% 18s
.../cypress@15.3.0/node_modules/cypress postinstall: [TITLE]  Unzipping Cypress        3% 19s
.../cypress@15.3.0/node_modules/cypress postinstall: [TITLE]  Unzipping Cypress        3% 20s
.../cypress@15.3.0/node_modules/cypress postinstall: [TITLE]  Unzipping Cypress        4% 15s
.../cypress@15.3.0/node_modules/cypress postinstall: [TITLE]  Unzipping Cypress        4% 16s
.../cypress@15.3.0/node_modules/cypress postinstall: [TITLE]  Unzipping Cypress        4% 17s
.../cypress@15.3.0/node_modules/cypress postinstall: [TITLE]  Unzipping Cypress        4% 18s
.../cypress@15.3.0/node_modules/cypress postinstall: [TITLE]  Unzipping Cypress        4% 19s
.../cypress@15.3.0/node_modules/cypress postinstall: [TITLE]  Unzipping Cypress        5% 15s
.../cypress@15.3.0/node_modules/cypress postinstall: [TITLE]  Unzipping Cypress        5% 16s
.../cypress@15.3.0/node_modules/cypress postinstall: [TITLE]  Unzipping Cypress        5% 17s
.../cypress@15.3.0/node_modules/cypress postinstall: [TITLE]  Unzipping Cypress        5% 18s
.../cypress@15.3.0/node_modules/cypress postinstall: [TITLE]  Unzipping Cypress        6% 15s
.../cypress@15.3.0/node_modules/cypress postinstall: [TITLE]  Unzipping Cypress        6% 16s
.../cypress@15.3.0/node_modules/cypress postinstall: [TITLE]  Unzipping Cypress        6% 17s
.../cypress@15.3.0/node_modules/cypress postinstall: [TITLE]  Unzipping Cypress        6% 18s
.../cypress@15.3.0/node_modules/cypress postinstall: [TITLE]  Unzipping Cypress        7% 15s
.../cypress@15.3.0/node_modules/cypress postinstall: [TITLE]  Unzipping Cypress        7% 16s
.../cypress@15.3.0/node_modules/cypress postinstall: [TITLE]  Unzipping Cypress        7% 17s
.../cypress@15.3.0/node_modules/cypress postinstall: [TITLE]  Unzipping Cypress        8% 15s
.../cypress@15.3.0/node_modules/cypress postinstall: [TITLE]  Unzipping Cypress        8% 16s
.../cypress@15.3.0/node_modules/cypress postinstall: [TITLE]  Unzipping Cypress        9% 14s
.../cypress@15.3.0/node_modules/cypress postinstall: [TITLE]  Unzipping Cypress        9% 15s
.../cypress@15.3.0/node_modules/cypress postinstall: [TITLE]  Unzipping Cypress        9% 16s
.../cypress@15.3.0/node_modules/cypress postinstall: [TITLE]  Unzipping Cypress        10% 14s
.../cypress@15.3.0/node_modules/cypress postinstall: [TITLE]  Unzipping Cypress        10% 15s
.../cypress@15.3.0/node_modules/cypress postinstall: [TITLE]  Unzipping Cypress        10% 16s
.../cypress@15.3.0/node_modules/cypress postinstall: [TITLE]  Unzipping Cypress        11% 14s
.../cypress@15.3.0/node_modules/cypress postinstall: [TITLE]  Unzipping Cypress        11% 15s
.../cypress@15.3.0/node_modules/cypress postinstall: [TITLE]  Unzipping Cypress        12% 14s
.../cypress@15.3.0/node_modules/cypress postinstall: [TITLE]  Unzipping Cypress        12% 15s
.../cypress@15.3.0/node_modules/cypress postinstall: [TITLE]  Unzipping Cypress        13% 13s
.../cypress@15.3.0/node_modules/cypress postinstall: [TITLE]  Unzipping Cypress        13% 14s
.../cypress@15.3.0/node_modules/cypress postinstall: [TITLE]  Unzipping Cypress        14% 13s
.../cypress@15.3.0/node_modules/cypress postinstall: [TITLE]  Unzipping Cypress        14% 14s
.../cypress@15.3.0/node_modules/cypress postinstall: [TITLE]  Unzipping Cypress        15% 13s
.../cypress@15.3.0/node_modules/cypress postinstall: [TITLE]  Unzipping Cypress        15% 14s
.../cypress@15.3.0/node_modules/cypress postinstall: [TITLE]  Unzipping Cypress        16% 13s
.../cypress@15.3.0/node_modules/cypress postinstall: [TITLE]  Unzipping Cypress        17% 12s
.../cypress@15.3.0/node_modules/cypress postinstall: [TITLE]  Unzipping Cypress        17% 13s
.../cypress@15.3.0/node_modules/cypress postinstall: [TITLE]  Unzipping Cypress        18% 12s
.../cypress@15.3.0/node_modules/cypress postinstall: [TITLE]  Unzipping Cypress        18% 13s
.../cypress@15.3.0/node_modules/cypress postinstall: [TITLE]  Unzipping Cypress        19% 12s
.../cypress@15.3.0/node_modules/cypress postinstall: [TITLE]  Unzipping Cypress        19% 13s
.../cypress@15.3.0/node_modules/cypress postinstall: [TITLE]  Unzipping Cypress        20% 12s
.../cypress@15.3.0/node_modules/cypress postinstall: [TITLE]  Unzipping Cypress        20% 13s
.../cypress@15.3.0/node_modules/cypress postinstall: [TITLE]  Unzipping Cypress        21% 12s
.../cypress@15.3.0/node_modules/cypress postinstall: [TITLE]  Unzipping Cypress        22% 12s
.../cypress@15.3.0/node_modules/cypress postinstall: [TITLE]  Unzipping Cypress        23% 12s
.../cypress@15.3.0/node_modules/cypress postinstall: [TITLE]  Unzipping Cypress        24% 11s
.../cypress@15.3.0/node_modules/cypress postinstall: [TITLE]  Unzipping Cypress        24% 12s
.../cypress@15.3.0/node_modules/cypress postinstall: [TITLE]  Unzipping Cypress        25% 11s
.../cypress@15.3.0/node_modules/cypress postinstall: [TITLE]  Unzipping Cypress        25% 12s
.../cypress@15.3.0/node_modules/cypress postinstall: [TITLE]  Unzipping Cypress        26% 11s
.../cypress@15.3.0/node_modules/cypress postinstall: [TITLE]  Unzipping Cypress        27% 11s
.../cypress@15.3.0/node_modules/cypress postinstall: [TITLE]  Unzipping Cypress        28% 11s
.../cypress@15.3.0/node_modules/cypress postinstall: [TITLE]  Unzipping Cypress        29% 11s
.../cypress@15.3.0/node_modules/cypress postinstall: [TITLE]  Unzipping Cypress        30% 10s
.../cypress@15.3.0/node_modules/cypress postinstall: [TITLE]  Unzipping Cypress        30% 11s
.../cypress@15.3.0/node_modules/cypress postinstall: [TITLE]  Unzipping Cypress        31% 10s
.../cypress@15.3.0/node_modules/cypress postinstall: [TITLE]  Unzipping Cypress        31% 11s
.../cypress@15.3.0/node_modules/cypress postinstall: [TITLE]  Unzipping Cypress        32% 10s
.../cypress@15.3.0/node_modules/cypress postinstall: [TITLE]  Unzipping Cypress        32% 11s
.../cypress@15.3.0/node_modules/cypress postinstall: [TITLE]  Unzipping Cypress        33% 10s
.../cypress@15.3.0/node_modules/cypress postinstall: [TITLE]  Unzipping Cypress        34% 10s
.../cypress@15.3.0/node_modules/cypress postinstall: [TITLE]  Unzipping Cypress        35% 10s
.../cypress@15.3.0/node_modules/cypress postinstall: [TITLE]  Unzipping Cypress        36% 10s
.../cypress@15.3.0/node_modules/cypress postinstall: [TITLE]  Unzipping Cypress        37% 10s
.../cypress@15.3.0/node_modules/cypress postinstall: [TITLE]  Unzipping Cypress        38% 9s
.../cypress@15.3.0/node_modules/cypress postinstall: [TITLE]  Unzipping Cypress        38% 10s
.../cypress@15.3.0/node_modules/cypress postinstall: [TITLE]  Unzipping Cypress        39% 9s
.../cypress@15.3.0/node_modules/cypress postinstall: [TITLE]  Unzipping Cypress        39% 10s
.../cypress@15.3.0/node_modules/cypress postinstall: [TITLE]  Unzipping Cypress        40% 9s
.../cypress@15.3.0/node_modules/cypress postinstall: [TITLE]  Unzipping Cypress        41% 9s
.../cypress@15.3.0/node_modules/cypress postinstall: [TITLE]  Unzipping Cypress        42% 9s
.../cypress@15.3.0/node_modules/cypress postinstall: [TITLE]  Unzipping Cypress        43% 9s
.../cypress@15.3.0/node_modules/cypress postinstall: [TITLE]  Unzipping Cypress        44% 9s
.../cypress@15.3.0/node_modules/cypress postinstall: [TITLE]  Unzipping Cypress        45% 8s
.../cypress@15.3.0/node_modules/cypress postinstall: [TITLE]  Unzipping Cypress        45% 9s
.../cypress@15.3.0/node_modules/cypress postinstall: [TITLE]  Unzipping Cypress        46% 8s
.../cypress@15.3.0/node_modules/cypress postinstall: [TITLE]  Unzipping Cypress        46% 9s
.../cypress@15.3.0/node_modules/cypress postinstall: [TITLE]  Unzipping Cypress        47% 9s
.../cypress@15.3.0/node_modules/cypress postinstall: [TITLE]  Unzipping Cypress        48% 8s
.../cypress@15.3.0/node_modules/cypress postinstall: [TITLE]  Unzipping Cypress        48% 9s
.../cypress@15.3.0/node_modules/cypress postinstall: [TITLE]  Unzipping Cypress        49% 8s
.../cypress@15.3.0/node_modules/cypress postinstall: [TITLE]  Unzipping Cypress        50% 8s
.../cypress@15.3.0/node_modules/cypress postinstall: [TITLE]  Unzipping Cypress        51% 8s
.../cypress@15.3.0/node_modules/cypress postinstall: [TITLE]  Unzipping Cypress        52% 8s
.../cypress@15.3.0/node_modules/cypress postinstall: [TITLE]  Unzipping Cypress        53% 8s
.../cypress@15.3.0/node_modules/cypress postinstall: [TITLE]  Unzipping Cypress        54% 7s
.../cypress@15.3.0/node_modules/cypress postinstall: [TITLE]  Unzipping Cypress        54% 8s
.../cypress@15.3.0/node_modules/cypress postinstall: [TITLE]  Unzipping Cypress        55% 7s
.../cypress@15.3.0/node_modules/cypress postinstall: [TITLE]  Unzipping Cypress        56% 7s
.../cypress@15.3.0/node_modules/cypress postinstall: [TITLE]  Unzipping Cypress        57% 7s
.../cypress@15.3.0/node_modules/cypress postinstall: [TITLE]  Unzipping Cypress        58% 7s
.../cypress@15.3.0/node_modules/cypress postinstall: [TITLE]  Unzipping Cypress        59% 7s
.../cypress@15.3.0/node_modules/cypress postinstall: [TITLE]  Unzipping Cypress        60% 6s
.../cypress@15.3.0/node_modules/cypress postinstall: [TITLE]  Unzipping Cypress        61% 6s
.../cypress@15.3.0/node_modules/cypress postinstall: [TITLE]  Unzipping Cypress        62% 6s
.../cypress@15.3.0/node_modules/cypress postinstall: [TITLE]  Unzipping Cypress        63% 6s
.../cypress@15.3.0/node_modules/cypress postinstall: [TITLE]  Unzipping Cypress        64% 6s
.../cypress@15.3.0/node_modules/cypress postinstall: [TITLE]  Unzipping Cypress        65% 6s
.../cypress@15.3.0/node_modules/cypress postinstall: [TITLE]  Unzipping Cypress        66% 5s
.../cypress@15.3.0/node_modules/cypress postinstall: [TITLE]  Unzipping Cypress        67% 5s
.../cypress@15.3.0/node_modules/cypress postinstall: [TITLE]  Unzipping Cypress        68% 5s
.../cypress@15.3.0/node_modules/cypress postinstall: [TITLE]  Unzipping Cypress        69% 5s
.../cypress@15.3.0/node_modules/cypress postinstall: [TITLE]  Unzipping Cypress        70% 5s
.../cypress@15.3.0/node_modules/cypress postinstall: [TITLE]  Unzipping Cypress        71% 5s
.../cypress@15.3.0/node_modules/cypress postinstall: [TITLE]  Unzipping Cypress        72% 4s
.../cypress@15.3.0/node_modules/cypress postinstall: [TITLE]  Unzipping Cypress        72% 5s
.../cypress@15.3.0/node_modules/cypress postinstall: [TITLE]  Unzipping Cypress        73% 4s
.../cypress@15.3.0/node_modules/cypress postinstall: [TITLE]  Unzipping Cypress        73% 5s
.../cypress@15.3.0/node_modules/cypress postinstall: [TITLE]  Unzipping Cypress        74% 4s
.../cypress@15.3.0/node_modules/cypress postinstall: [TITLE]  Unzipping Cypress        75% 4s
.../cypress@15.3.0/node_modules/cypress postinstall: [TITLE]  Unzipping Cypress        76% 4s
.../cypress@15.3.0/node_modules/cypress postinstall: [TITLE]  Unzipping Cypress        77% 4s
.../cypress@15.3.0/node_modules/cypress postinstall: [TITLE]  Unzipping Cypress        78% 4s
.../cypress@15.3.0/node_modules/cypress postinstall: [TITLE]  Unzipping Cypress        79% 3s
.../cypress@15.3.0/node_modules/cypress postinstall: [TITLE]  Unzipping Cypress        80% 3s
.../cypress@15.3.0/node_modules/cypress postinstall: [TITLE]  Unzipping Cypress        81% 3s
.../cypress@15.3.0/node_modules/cypress postinstall: [TITLE]  Unzipping Cypress        82% 3s
.../cypress@15.3.0/node_modules/cypress postinstall: [TITLE]  Unzipping Cypress        83% 3s
.../cypress@15.3.0/node_modules/cypress postinstall: [TITLE]  Unzipping Cypress        84% 3s
.../cypress@15.3.0/node_modules/cypress postinstall: [TITLE]  Unzipping Cypress        85% 2s
.../cypress@15.3.0/node_modules/cypress postinstall: [TITLE]  Unzipping Cypress        86% 2s
.../cypress@15.3.0/node_modules/cypress postinstall: [TITLE]  Unzipping Cypress        87% 2s
.../cypress@15.3.0/node_modules/cypress postinstall: [TITLE]  Unzipping Cypress        88% 2s
.../cypress@15.3.0/node_modules/cypress postinstall: [TITLE]  Unzipping Cypress        89% 2s
.../cypress@15.3.0/node_modules/cypress postinstall: [TITLE]  Unzipping Cypress        90% 2s
.../cypress@15.3.0/node_modules/cypress postinstall: [TITLE]  Unzipping Cypress        91% 1s
.../cypress@15.3.0/node_modules/cypress postinstall: [TITLE]  Unzipping Cypress        92% 1s
.../cypress@15.3.0/node_modules/cypress postinstall: [TITLE]  Unzipping Cypress        93% 1s
.../cypress@15.3.0/node_modules/cypress postinstall: [TITLE]  Unzipping Cypress        94% 1s
.../cypress@15.3.0/node_modules/cypress postinstall: [TITLE]  Unzipping Cypress        95% 1s
.../cypress@15.3.0/node_modules/cypress postinstall: [TITLE]  Unzipping Cypress        96% 1s
.../cypress@15.3.0/node_modules/cypress postinstall: [TITLE]  Unzipping Cypress        97% 0s
.../cypress@15.3.0/node_modules/cypress postinstall: [TITLE]  Unzipping Cypress        98% 0s
.../cypress@15.3.0/node_modules/cypress postinstall: [TITLE]  Unzipping Cypress        99% 0s
.../cypress@15.3.0/node_modules/cypress postinstall: [TITLE]  Unzipping Cypress        100% 0s
.../cypress@15.3.0/node_modules/cypress postinstall: [TITLE]  Unzipped Cypress
.../cypress@15.3.0/node_modules/cypress postinstall: [SUCCESS]  Unzipped Cypress
.../cypress@15.3.0/node_modules/cypress postinstall: [STARTED] Task without title.
.../cypress@15.3.0/node_modules/cypress postinstall: [TITLE]  Finished Installation   /root/.cache/Cypress/15.3.0
.../cypress@15.3.0/node_modules/cypress postinstall: [SUCCESS]  Finished Installation   /root/.cache/Cypress/15.3.0
.../cypress@15.3.0/node_modules/cypress postinstall: You can now open Cypress by running one of the following, depending on your package manager:
.../cypress@15.3.0/node_modules/cypress postinstall: - npx cypress open
.../cypress@15.3.0/node_modules/cypress postinstall: - yarn cypress open
.../cypress@15.3.0/node_modules/cypress postinstall: - pnpm cypress open
.../cypress@15.3.0/node_modules/cypress postinstall: https://on.cypress.io/opening-the-app
.../cypress@15.3.0/node_modules/cypress postinstall: Done
 WARN  Failed to create bin at /app/adev/node_modules/.bin/ngc. ENOENT: no such file or directory, open '/app/packages/compiler-cli/bundles/src/bin/ngc.js'
 WARN  Failed to create bin at /app/adev/node_modules/.bin/ng-xi18n. ENOENT: no such file or directory, open '/app/packages/compiler-cli/bundles/src/bin/ng_xi18n.js'
 WARN  Failed to create bin at /app/integration/node_modules/.bin/ngc. ENOENT: no such file or directory, open '/app/packages/compiler-cli/bundles/src/bin/ngc.js'
 WARN  Failed to create bin at /app/integration/node_modules/.bin/ng-xi18n. ENOENT: no such file or directory, open '/app/packages/compiler-cli/bundles/src/bin/ng_xi18n.js'
 WARN  Failed to create bin at /app/integration/node_modules/.bin/localize-translate. ENOENT: no such file or directory, open '/app/packages/localize/tools/bundles/src/translate/cli.js'
 WARN  Failed to create bin at /app/integration/node_modules/.bin/localize-extract. ENOENT: no such file or directory, open '/app/packages/localize/tools/bundles/src/extract/cli.js'
 WARN  Failed to create bin at /app/integration/node_modules/.bin/localize-migrate. ENOENT: no such file or directory, open '/app/packages/localize/tools/bundles/src/migrate/cli.js'
 WARN  Failed to create bin at /app/adev/shared-docs/pipeline/api-gen/node_modules/.bin/ngc. ENOENT: no such file or directory, open '/app/packages/compiler-cli/bundles/src/bin/ngc.js'
 WARN  Failed to create bin at /app/adev/shared-docs/pipeline/api-gen/node_modules/.bin/ng-xi18n. ENOENT: no such file or directory, open '/app/packages/compiler-cli/bundles/src/bin/ng_xi18n.js'
 WARN  Failed to create bin at /app/modules/node_modules/.bin/ngc. ENOENT: no such file or directory, open '/app/packages/compiler-cli/bundles/src/bin/ngc.js'
 WARN  Failed to create bin at /app/modules/node_modules/.bin/ng-xi18n. ENOENT: no such file or directory, open '/app/packages/compiler-cli/bundles/src/bin/ng_xi18n.js'
 WARN  Failed to create bin at /app/modules/node_modules/.bin/localize-translate. ENOENT: no such file or directory, open '/app/packages/localize/tools/bundles/src/translate/cli.js'
 WARN  Failed to create bin at /app/modules/node_modules/.bin/localize-extract. ENOENT: no such file or directory, open '/app/packages/localize/tools/bundles/src/extract/cli.js'
 WARN  Failed to create bin at /app/modules/node_modules/.bin/localize-migrate. ENOENT: no such file or directory, open '/app/packages/localize/tools/bundles/src/migrate/cli.js'
 WARN  Failed to create bin at /app/packages/compiler-cli/linker/babel/test/node_modules/.bin/ngc. ENOENT: no such file or directory, open '/app/packages/compiler-cli/bundles/src/bin/ngc.js'
 WARN  Failed to create bin at /app/packages/compiler-cli/linker/babel/test/node_modules/.bin/ng-xi18n. ENOENT: no such file or directory, open '/app/packages/compiler-cli/bundles/src/bin/ng_xi18n.js'
 WARN  Failed to create bin at /app/packages/core/test/bundling/node_modules/.bin/ngc. ENOENT: no such file or directory, open '/app/packages/compiler-cli/bundles/src/bin/ngc.js'
 WARN  Failed to create bin at /app/packages/core/test/bundling/node_modules/.bin/ng-xi18n. ENOENT: no such file or directory, open '/app/packages/compiler-cli/bundles/src/bin/ng_xi18n.js'
 WARN  Failed to create bin at /app/packages/localize/node_modules/.bin/ngc. ENOENT: no such file or directory, open '/app/packages/compiler-cli/bundles/src/bin/ngc.js'
 WARN  Failed to create bin at /app/packages/localize/node_modules/.bin/ng-xi18n. ENOENT: no such file or directory, open '/app/packages/compiler-cli/bundles/src/bin/ng_xi18n.js'
 WARN  Failed to create bin at /app/tools/bazel/rules_angular_store/node_modules/.bin/ngc. ENOENT: no such file or directory, open '/app/packages/compiler-cli/bundles/src/bin/ngc.js'
 WARN  Failed to create bin at /app/tools/bazel/rules_angular_store/node_modules/.bin/ng-xi18n. ENOENT: no such file or directory, open '/app/packages/compiler-cli/bundles/src/bin/ng_xi18n.js'
 WARN  Failed to create bin at /app/node_modules/.bin/ngc. ENOENT: no such file or directory, open '/app/packages/compiler-cli/bundles/src/bin/ngc.js'
 WARN  Failed to create bin at /app/node_modules/.bin/ng-xi18n. ENOENT: no such file or directory, open '/app/packages/compiler-cli/bundles/src/bin/ng_xi18n.js'
 WARN  Failed to create bin at /app/node_modules/.bin/localize-translate. ENOENT: no such file or directory, open '/app/packages/localize/tools/bundles/src/translate/cli.js'
 WARN  Failed to create bin at /app/node_modules/.bin/localize-extract. ENOENT: no such file or directory, open '/app/packages/localize/tools/bundles/src/extract/cli.js'
 WARN  Failed to create bin at /app/node_modules/.bin/localize-migrate. ENOENT: no such file or directory, open '/app/packages/localize/tools/bundles/src/migrate/cli.js'
 WARN  Failed to create bin at /app/node_modules/.bin/ngsw-config. ENOENT: no such file or directory, open '/app/packages/service-worker/ngsw-config.js'

dependencies:
+ @angular-devkit/build-angular 21.0.0-next.5
+ @angular-devkit/core 21.0.0-next.5
+ @angular-devkit/schematics 21.0.0-next.5
+ @angular/animations 0.0.0-PLACEHOLDER <- packages/animations
+ @angular/benchpress 0.3.0 <- packages/benchpress
+ @angular/build 21.0.0-next.5
+ @angular/cdk 21.0.0-next.6
+ @angular/cli 21.0.0-next.5
+ @angular/common 0.0.0-PLACEHOLDER <- packages/common
+ @angular/compiler 0.0.0-PLACEHOLDER <- packages/compiler
+ @angular/compiler-cli 0.0.0-PLACEHOLDER <- packages/compiler-cli
+ @angular/core 0.0.0-PLACEHOLDER <- packages/core
+ @angular/elements 0.0.0-PLACEHOLDER <- packages/elements
+ @angular/forms 0.0.0-PLACEHOLDER <- packages/forms
+ @angular/language-service 0.0.0-PLACEHOLDER <- packages/language-service
+ @angular/localize 0.0.0-PLACEHOLDER <- packages/localize
+ @angular/material 21.0.0-next.6
+ @angular/platform-browser 0.0.0-PLACEHOLDER <- packages/platform-browser
+ @angular/platform-browser-dynamic 0.0.0-PLACEHOLDER <- packages/platform-browser-dynamic
+ @angular/platform-server 0.0.0-PLACEHOLDER <- packages/platform-server
+ @angular/router 0.0.0-PLACEHOLDER <- packages/router
+ @angular/service-worker 0.0.0-PLACEHOLDER <- packages/service-worker
+ @angular/ssr 21.0.0-next.5
+ @angular/upgrade 0.0.0-PLACEHOLDER <- packages/upgrade
+ @babel/cli 7.28.3
+ @babel/core 7.28.4
+ @babel/generator 7.28.3
+ @jridgewell/sourcemap-codec 1.5.5
+ @microsoft/api-extractor 7.52.13
+ @rollup/plugin-babel 6.0.4
+ @rollup/plugin-commonjs 28.0.6
+ @rollup/plugin-node-resolve 16.0.1
+ @schematics/angular 21.0.0-next.5
+ @standard-schema/spec 1.0.0
+ @types/angular 1.8.9
+ @types/babel__core 7.20.5
+ @types/babel__generator 7.27.0
+ @types/bluebird 3.5.42
+ @types/chrome 0.1.12
+ @types/convert-source-map 2.0.3
+ @types/dom-navigation 1.0.6
+ @types/firefox-webext-browser 120.0.4
+ @types/hammerjs 2.0.46
+ @types/jasmine 5.1.9
+ @types/jasminewd2 2.0.13
+ @types/node 20.19.17
+ @types/selenium-webdriver 3.0.7
+ @types/selenium-webdriver4 <- @types/selenium-webdriver 4.35.1
+ @types/semver 7.7.1
+ @types/systemjs 6.15.3
+ @types/yargs 17.0.33
+ angular-1.5 <- angular 1.5.11
+ angular-1.6 <- angular 1.6.10
+ angular-1.7 <- angular 1.7.9
+ angular-1.8 <- angular 1.8.3
+ angular-mocks-1.5 <- angular-mocks 1.5.11
+ angular-mocks-1.6 <- angular-mocks 1.6.10
+ angular-mocks-1.7 <- angular-mocks 1.7.9
+ angular-mocks-1.8 <- angular-mocks 1.8.3
+ bluebird 3.7.2
+ chalk 5.6.2
+ chokidar 4.0.3
+ convert-source-map 1.9.0
+ d3 7.9.0
+ dagre-d3-es 7.0.11
+ diff 8.0.2
+ domino <- @angular/domino 2.1.6
+ esbuild 0.25.10
+ esbuild-plugin-umd-wrapper 3.0.0
+ hammerjs 2.0.8
+ http-server 14.1.1
+ jasmine 5.11.0
+ jasmine-core 5.11.0
+ jasmine-reporters 2.5.2
+ karma 6.4.4
+ karma-chrome-launcher 3.2.0
+ karma-firefox-launcher 2.1.3
+ karma-jasmine 5.1.0
+ karma-requirejs 1.1.0
+ karma-sourcemap-loader 0.4.0
+ magic-string 0.30.19
+ ngx-flamegraph 0.1.1
+ ngx-progressbar 14.0.0
+ open-in-idx 0.1.1
+ protractor 7.0.0
+ reflect-metadata 0.2.2
+ rollup 4.52.4
+ rollup-plugin-dts 6.2.3
+ rollup-plugin-preserve-shebang 1.0.1
+ rollup-plugin-sourcemaps 0.6.3
+ rxjs 7.8.2
+ selenium-webdriver 3.5.0
+ selenium-webdriver4 <- selenium-webdriver 4.36.0
+ semver-dsl 1.0.1
+ source-map 0.7.6
+ source-map-support 0.5.21
+ systemjs 0.18.10
+ terser 5.44.0
+ tinyglobby 0.2.15
+ todomvc-app-css 2.4.3
+ todomvc-common 1.0.5
+ tslib 2.8.1
+ tslint 6.1.3
+ tsx 4.20.6
+ typescript 5.9.3
+ webtreemap 2.0.1
+ ws 8.18.3
+ xhr2 0.2.1
+ yargs 18.0.0
+ zone.js 0.15.1

devDependencies:
+ @actions/core 1.11.1
+ @actions/github 6.0.1
+ @angular-devkit/architect-cli 0.2100.0-next.5
+ @angular/ng-dev 0.0.0-b7672ff60456719e6d9b0cc052abc73a7adc8df2
+ @babel/plugin-proposal-async-generator-functions 7.20.7
+ @babel/plugin-transform-async-generator-functions 7.28.0
+ @bazel/bazelisk 1.26.0
+ @bazel/buildifier 8.2.1
+ @bazel/ibazel 0.26.10
+ @inquirer/prompts 7.8.6
+ @nginfra/angular-linking 1.0.10
+ @octokit/graphql 9.0.1
+ @types/adm-zip 0.5.7
+ @types/cldr 7.1.4
+ @types/cldrjs 0.4.28
+ @types/d3 7.4.3
+ @types/jsdom 27.0.0
+ @types/tmp 0.2.6
+ @typescript/vfs 1.6.1
+ @yarnpkg/lockfile 1.1.0
+ adm-zip 0.5.16
+ angular-split 20.0.0
+ check-side-effects 0.0.23
+ cldr 7.9.0
+ cldrjs 0.5.5
+ conventional-changelog 7.1.1
+ cypress 15.3.0
+ emoji-regex 10.5.0
+ firebase-tools 14.17.0
+ get-tsconfig 4.10.1
+ gulp 5.0.1
+ gulp-conventional-changelog 5.0.0
+ husky 9.1.7
+ jsdom 27.0.0
+ karma-coverage 2.2.1
+ karma-jasmine-html-reporter 2.1.0
+ karma-sauce-launcher 4.3.6
+ playwright-core 1.55.1
+ prettier 3.6.2
+ rollup-plugin-sourcemaps2 0.5.4
+ semver 7.7.2
+ tmp 0.2.5
+ ts-node 10.9.2
+ tsec 0.2.9
+ tslint-eslint-rules 5.4.0
+ tslint-no-toplevel-property-access 0.0.2
+ typed-graphqlify 3.1.6
+ undici 7.16.0
+ vrsource-tslint-rules 6.0.0
+ zod 4.1.11

╭ Warning ─────────────────────────────────────────────────────────────────────╮
│                                                                              │
│   Ignored build scripts: @firebase/util, @parcel/watcher,                    │
│   @vscode/vsce-sign, bufferutil, core-js, esbuild, keytar, lmdb,             │
│   msgpackr-extract, protobufjs, puppeteer, re2, sleep, unrs-resolver,        │
│   utf-8-validate.                                                            │
│   Run "pnpm approve-builds" to pick which dependencies should be allowed     │
│   to run scripts.                                                            │
│                                                                              │
╰──────────────────────────────────────────────────────────────────────────────╯

 WARN  Failed to create bin at /app/packages/localize/node_modules/.bin/ngc. ENOENT: no such file or directory, open '/app/packages/localize/node_modules/@angular/compiler-cli/bundles/src/bin/ngc.js'
 WARN  Failed to create bin at /app/packages/localize/node_modules/.bin/ng-xi18n. ENOENT: no such file or directory, open '/app/packages/localize/node_modules/@angular/compiler-cli/bundles/src/bin/ng_xi18n.js'
 WARN  Failed to create bin at /app/adev/node_modules/.bin/ngc. ENOENT: no such file or directory, open '/app/adev/node_modules/@angular/compiler-cli/bundles/src/bin/ngc.js'
 WARN  Failed to create bin at /app/adev/node_modules/.bin/ng-xi18n. ENOENT: no such file or directory, open '/app/adev/node_modules/@angular/compiler-cli/bundles/src/bin/ng_xi18n.js'
 WARN  Failed to create bin at /app/adev/shared-docs/pipeline/api-gen/node_modules/.bin/ngc. ENOENT: no such file or directory, open '/app/adev/shared-docs/pipeline/api-gen/node_modules/@angular/compiler-cli/bundles/src/bin/ngc.js'
 WARN  Failed to create bin at /app/adev/shared-docs/pipeline/api-gen/node_modules/.bin/ng-xi18n. ENOENT: no such file or directory, open '/app/adev/shared-docs/pipeline/api-gen/node_modules/@angular/compiler-cli/bundles/src/bin/ng_xi18n.js'
 WARN  Failed to create bin at /app/packages/compiler-cli/linker/babel/test/node_modules/.bin/ngc. ENOENT: no such file or directory, open '/app/packages/compiler-cli/linker/babel/test/node_modules/@angular/compiler-cli/bundles/src/bin/ngc.js'
 WARN  Failed to create bin at /app/packages/compiler-cli/linker/babel/test/node_modules/.bin/ng-xi18n. ENOENT: no such file or directory, open '/app/packages/compiler-cli/linker/babel/test/node_modules/@angular/compiler-cli/bundles/src/bin/ng_xi18n.js'
 WARN  Failed to create bin at /app/integration/node_modules/.bin/ngc. ENOENT: no such file or directory, open '/app/integration/node_modules/@angular/compiler-cli/bundles/src/bin/ngc.js'
 WARN  Failed to create bin at /app/integration/node_modules/.bin/ng-xi18n. ENOENT: no such file or directory, open '/app/integration/node_modules/@angular/compiler-cli/bundles/src/bin/ng_xi18n.js'
 WARN  Failed to create bin at /app/integration/node_modules/.bin/localize-translate. ENOENT: no such file or directory, open '/app/integration/node_modules/@angular/localize/tools/bundles/src/translate/cli.js'
 WARN  Failed to create bin at /app/integration/node_modules/.bin/localize-extract. ENOENT: no such file or directory, open '/app/integration/node_modules/@angular/localize/tools/bundles/src/extract/cli.js'
 WARN  Failed to create bin at /app/integration/node_modules/.bin/localize-migrate. ENOENT: no such file or directory, open '/app/integration/node_modules/@angular/localize/tools/bundles/src/migrate/cli.js'
 WARN  Failed to create bin at /app/modules/node_modules/.bin/ngc. ENOENT: no such file or directory, open '/app/modules/node_modules/@angular/compiler-cli/bundles/src/bin/ngc.js'
 WARN  Failed to create bin at /app/modules/node_modules/.bin/ng-xi18n. ENOENT: no such file or directory, open '/app/modules/node_modules/@angular/compiler-cli/bundles/src/bin/ng_xi18n.js'
 WARN  Failed to create bin at /app/modules/node_modules/.bin/localize-translate. ENOENT: no such file or directory, open '/app/modules/node_modules/@angular/localize/tools/bundles/src/translate/cli.js'
 WARN  Failed to create bin at /app/modules/node_modules/.bin/localize-extract. ENOENT: no such file or directory, open '/app/modules/node_modules/@angular/localize/tools/bundles/src/extract/cli.js'
 WARN  Failed to create bin at /app/modules/node_modules/.bin/localize-migrate. ENOENT: no such file or directory, open '/app/modules/node_modules/@angular/localize/tools/bundles/src/migrate/cli.js'
 WARN  Failed to create bin at /app/packages/core/test/bundling/node_modules/.bin/ngc. ENOENT: no such file or directory, open '/app/packages/core/test/bundling/node_modules/@angular/compiler-cli/bundles/src/bin/ngc.js'
 WARN  Failed to create bin at /app/packages/core/test/bundling/node_modules/.bin/ng-xi18n. ENOENT: no such file or directory, open '/app/packages/core/test/bundling/node_modules/@angular/compiler-cli/bundles/src/bin/ng_xi18n.js'
 WARN  Failed to create bin at /app/tools/bazel/rules_angular_store/node_modules/.bin/ngc. ENOENT: no such file or directory, open '/app/tools/bazel/rules_angular_store/node_modules/@angular/compiler-cli/bundles/src/bin/ngc.js'
 WARN  Failed to create bin at /app/tools/bazel/rules_angular_store/node_modules/.bin/ng-xi18n. ENOENT: no such file or directory, open '/app/tools/bazel/rules_angular_store/node_modules/@angular/compiler-cli/bundles/src/bin/ng_xi18n.js'
 WARN  Failed to create bin at /app/node_modules/.bin/ngc. ENOENT: no such file or directory, open '/app/node_modules/@angular/compiler-cli/bundles/src/bin/ngc.js'
 WARN  Failed to create bin at /app/node_modules/.bin/ng-xi18n. ENOENT: no such file or directory, open '/app/node_modules/@angular/compiler-cli/bundles/src/bin/ng_xi18n.js'
 WARN  Failed to create bin at /app/node_modules/.bin/localize-translate. ENOENT: no such file or directory, open '/app/node_modules/@angular/localize/tools/bundles/src/translate/cli.js'
 WARN  Failed to create bin at /app/node_modules/.bin/localize-extract. ENOENT: no such file or directory, open '/app/node_modules/@angular/localize/tools/bundles/src/extract/cli.js'
 WARN  Failed to create bin at /app/node_modules/.bin/localize-migrate. ENOENT: no such file or directory, open '/app/node_modules/@angular/localize/tools/bundles/src/migrate/cli.js'
 WARN  Failed to create bin at /app/node_modules/.bin/ngsw-config. ENOENT: no such file or directory, open '/app/node_modules/@angular/service-worker/ngsw-config.js'
. prepare$ husky
. prepare: git command not found
. prepare: Done
Done in 53.6s using pnpm v10.18.0

> angular-srcs@21.0.0-next.6 test:ci /app
> bazelisk test -- //... -//integration/... -//adev/... -//vscode-ng-language-service/... -//devtools/... -//modules/ssr-benchmarks/...

2025/10/07 12:47:48 Downloading https://releases.bazel.build/7.6.1/release/bazel-7.6.1-linux-x86_64...
Extracting Bazel installation...
Starting local Bazel server and connecting to it...
Computing main repo mapping:
INFO: Repository rules_sass~ instantiated at:
  <builtin>: in <toplevel>
Repository rule git_repository defined at:
  /root/.cache/bazel/_bazel_root/8c069df52082beee3c95ca17836fb8e2/external/bazel_tools/tools/build_defs/repo/git.bzl:189:33: in <toplevel>
INFO: Repository rules_browsers~ instantiated at:
  <builtin>: in <toplevel>
Repository rule git_repository defined at:
  /root/.cache/bazel/_bazel_root/8c069df52082beee3c95ca17836fb8e2/external/bazel_tools/tools/build_defs/repo/git.bzl:189:33: in <toplevel>
INFO: Repository devinfra~ instantiated at:
  <builtin>: in <toplevel>
Repository rule git_repository defined at:
  /root/.cache/bazel/_bazel_root/8c069df52082beee3c95ca17836fb8e2/external/bazel_tools/tools/build_defs/repo/git.bzl:189:33: in <toplevel>
INFO: Repository rules_angular~ instantiated at:
  <builtin>: in <toplevel>
Repository rule git_repository defined at:
  /root/.cache/bazel/_bazel_root/8c069df52082beee3c95ca17836fb8e2/external/bazel_tools/tools/build_defs/repo/git.bzl:189:33: in <toplevel>
ERROR: /root/.cache/bazel/_bazel_root/8c069df52082beee3c95ca17836fb8e2/external/bazel_tools/tools/build_defs/repo/git_worker.bzl:210:9: An error occurred during the fetch of repository 'devinfra~':
   Traceback (most recent call last):
	File "/root/.cache/bazel/_bazel_root/8c069df52082beee3c95ca17836fb8e2/external/bazel_tools/tools/build_defs/repo/git.bzl", line 180, column 35, in _git_repository_implementation
		update = _clone_or_update_repo(ctx)
	File "/root/.cache/bazel/_bazel_root/8c069df52082beee3c95ca17836fb8e2/external/bazel_tools/tools/build_defs/repo/git.bzl", line 43, column 20, in _clone_or_update_repo
		git_ = git_repo(ctx, directory)
	File "/root/.cache/bazel/_bazel_root/8c069df52082beee3c95ca17836fb8e2/external/bazel_tools/tools/build_defs/repo/git_worker.bzl", line 98, column 12, in git_repo
		_update(ctx, git_repo)
	File "/root/.cache/bazel/_bazel_root/8c069df52082beee3c95ca17836fb8e2/external/bazel_tools/tools/build_defs/repo/git_worker.bzl", line 114, column 9, in _update
		init(ctx, git_repo)
	File "/root/.cache/bazel/_bazel_root/8c069df52082beee3c95ca17836fb8e2/external/bazel_tools/tools/build_defs/repo/git_worker.bzl", line 131, column 15, in init
		_error(ctx.name, cl, st.stderr)
	File "/root/.cache/bazel/_bazel_root/8c069df52082beee3c95ca17836fb8e2/external/bazel_tools/tools/build_defs/repo/git_worker.bzl", line 210, column 9, in _error
		fail("error running '%s' while working with @%s:\n%s" % (command_text, name, stderr))
Error in fail: error running 'git init /root/.cache/bazel/_bazel_root/8c069df52082beee3c95ca17836fb8e2/external/devinfra~' while working with @devinfra~:
src/main/tools/process-wrapper-legacy.cc:80: "execvp(git, ...)": No such file or directory
ERROR: Error computing the main repository mapping: error during computation of main repo mapping: error running 'git init /root/.cache/bazel/_bazel_root/8c069df52082beee3c95ca17836fb8e2/external/devinfra~' while working with @devinfra~:
src/main/tools/process-wrapper-legacy.cc:80: "execvp(git, ...)": No such file or directory
 ELIFECYCLE  Command failed with exit code 37.

> angular-srcs@21.0.0-next.6 integration-tests:ci /app
> bazelisk test -- //integration/...

Computing main repo mapping:
INFO: Repository rules_angular~ instantiated at:
  <builtin>: in <toplevel>
Repository rule git_repository defined at:
  /root/.cache/bazel/_bazel_root/8c069df52082beee3c95ca17836fb8e2/external/bazel_tools/tools/build_defs/repo/git.bzl:189:33: in <toplevel>
INFO: Repository rules_browsers~ instantiated at:
  <builtin>: in <toplevel>
Repository rule git_repository defined at:
  /root/.cache/bazel/_bazel_root/8c069df52082beee3c95ca17836fb8e2/external/bazel_tools/tools/build_defs/repo/git.bzl:189:33: in <toplevel>
INFO: Repository rules_sass~ instantiated at:
  <builtin>: in <toplevel>
Repository rule git_repository defined at:
  /root/.cache/bazel/_bazel_root/8c069df52082beee3c95ca17836fb8e2/external/bazel_tools/tools/build_defs/repo/git.bzl:189:33: in <toplevel>
INFO: Repository devinfra~ instantiated at:
  <builtin>: in <toplevel>
Repository rule git_repository defined at:
  /root/.cache/bazel/_bazel_root/8c069df52082beee3c95ca17836fb8e2/external/bazel_tools/tools/build_defs/repo/git.bzl:189:33: in <toplevel>
ERROR: /root/.cache/bazel/_bazel_root/8c069df52082beee3c95ca17836fb8e2/external/bazel_tools/tools/build_defs/repo/git_worker.bzl:210:9: An error occurred during the fetch of repository 'rules_angular~':
   Traceback (most recent call last):
	File "/root/.cache/bazel/_bazel_root/8c069df52082beee3c95ca17836fb8e2/external/bazel_tools/tools/build_defs/repo/git.bzl", line 180, column 35, in _git_repository_implementation
		update = _clone_or_update_repo(ctx)
	File "/root/.cache/bazel/_bazel_root/8c069df52082beee3c95ca17836fb8e2/external/bazel_tools/tools/build_defs/repo/git.bzl", line 43, column 20, in _clone_or_update_repo
		git_ = git_repo(ctx, directory)
	File "/root/.cache/bazel/_bazel_root/8c069df52082beee3c95ca17836fb8e2/external/bazel_tools/tools/build_defs/repo/git_worker.bzl", line 98, column 12, in git_repo
		_update(ctx, git_repo)
	File "/root/.cache/bazel/_bazel_root/8c069df52082beee3c95ca17836fb8e2/external/bazel_tools/tools/build_defs/repo/git_worker.bzl", line 114, column 9, in _update
		init(ctx, git_repo)
	File "/root/.cache/bazel/_bazel_root/8c069df52082beee3c95ca17836fb8e2/external/bazel_tools/tools/build_defs/repo/git_worker.bzl", line 131, column 15, in init
		_error(ctx.name, cl, st.stderr)
	File "/root/.cache/bazel/_bazel_root/8c069df52082beee3c95ca17836fb8e2/external/bazel_tools/tools/build_defs/repo/git_worker.bzl", line 210, column 9, in _error
		fail("error running '%s' while working with @%s:\n%s" % (command_text, name, stderr))
Error in fail: error running 'git init /root/.cache/bazel/_bazel_root/8c069df52082beee3c95ca17836fb8e2/external/rules_angular~' while working with @rules_angular~:
src/main/tools/process-wrapper-legacy.cc:80: "execvp(git, ...)": No such file or directory
ERROR: Error computing the main repository mapping: error during computation of main repo mapping: error running 'git init /root/.cache/bazel/_bazel_root/8c069df52082beee3c95ca17836fb8e2/external/rules_angular~' while working with @rules_angular~:
src/main/tools/process-wrapper-legacy.cc:80: "execvp(git, ...)": No such file or directory
 ELIFECYCLE  Command failed with exit code 37.

> angular-srcs@21.0.0-next.6 devtools:test /app
> bazelisk test --//devtools/projects/shell-browser/src:flag_browser=chrome -- //devtools/...

Computing main repo mapping:
INFO: Repository rules_angular~ instantiated at:
  <builtin>: in <toplevel>
Repository rule git_repository defined at:
  /root/.cache/bazel/_bazel_root/8c069df52082beee3c95ca17836fb8e2/external/bazel_tools/tools/build_defs/repo/git.bzl:189:33: in <toplevel>
ERROR: /root/.cache/bazel/_bazel_root/8c069df52082beee3c95ca17836fb8e2/external/bazel_tools/tools/build_defs/repo/git_worker.bzl:210:9: An error occurred during the fetch of repository 'rules_angular~':
   Traceback (most recent call last):
	File "/root/.cache/bazel/_bazel_root/8c069df52082beee3c95ca17836fb8e2/external/bazel_tools/tools/build_defs/repo/git.bzl", line 180, column 35, in _git_repository_implementation
		update = _clone_or_update_repo(ctx)
	File "/root/.cache/bazel/_bazel_root/8c069df52082beee3c95ca17836fb8e2/external/bazel_tools/tools/build_defs/repo/git.bzl", line 43, column 20, in _clone_or_update_repo
		git_ = git_repo(ctx, directory)
	File "/root/.cache/bazel/_bazel_root/8c069df52082beee3c95ca17836fb8e2/external/bazel_tools/tools/build_defs/repo/git_worker.bzl", line 98, column 12, in git_repo
		_update(ctx, git_repo)
	File "/root/.cache/bazel/_bazel_root/8c069df52082beee3c95ca17836fb8e2/external/bazel_tools/tools/build_defs/repo/git_worker.bzl", line 114, column 9, in _update
		init(ctx, git_repo)
	File "/root/.cache/bazel/_bazel_root/8c069df52082beee3c95ca17836fb8e2/external/bazel_tools/tools/build_defs/repo/git_worker.bzl", line 131, column 15, in init
		_error(ctx.name, cl, st.stderr)
	File "/root/.cache/bazel/_bazel_root/8c069df52082beee3c95ca17836fb8e2/external/bazel_tools/tools/build_defs/repo/git_worker.bzl", line 210, column 9, in _error
		fail("error running '%s' while working with @%s:\n%s" % (command_text, name, stderr))
Error in fail: error running 'git init /root/.cache/bazel/_bazel_root/8c069df52082beee3c95ca17836fb8e2/external/rules_angular~' while working with @rules_angular~:
src/main/tools/process-wrapper-legacy.cc:80: "execvp(git, ...)": No such file or directory
INFO: Repository devinfra~ instantiated at:
  <builtin>: in <toplevel>
Repository rule git_repository defined at:
  /root/.cache/bazel/_bazel_root/8c069df52082beee3c95ca17836fb8e2/external/bazel_tools/tools/build_defs/repo/git.bzl:189:33: in <toplevel>
INFO: Repository rules_browsers~ instantiated at:
  <builtin>: in <toplevel>
Repository rule git_repository defined at:
  /root/.cache/bazel/_bazel_root/8c069df52082beee3c95ca17836fb8e2/external/bazel_tools/tools/build_defs/repo/git.bzl:189:33: in <toplevel>
ERROR: Error computing the main repository mapping: error during computation of main repo mapping: error running 'git init /root/.cache/bazel/_bazel_root/8c069df52082beee3c95ca17836fb8e2/external/rules_angular~' while working with @rules_angular~:
src/main/tools/process-wrapper-legacy.cc:80: "execvp(git, ...)": No such file or directory
 ELIFECYCLE  Command failed with exit code 37.

> angular-srcs@21.0.0-next.6 devtools:test:e2e /app
> cypress run --project ./devtools/cypress

It looks like this is your first time using Cypress: 15.3.0

[STARTED]  Verifying Cypress can run /root/.cache/Cypress/15.3.0/Cypress
[FAILED] Your system is missing the dependency: Xvfb
[FAILED]
[FAILED] Install Xvfb and run Cypress again.
[FAILED]
[FAILED] Read our documentation on dependencies for more information:
[FAILED]
[FAILED] https://on.cypress.io/required-dependencies
[FAILED]
[FAILED] If you are using Docker, we provide containers with all required dependencies installed.
[FAILED]
[FAILED] ----------
[FAILED]
[FAILED] Error: spawn Xvfb ENOENT
[FAILED]
[FAILED] ----------
[FAILED]
[FAILED] Platform: linux-x64 (Ubuntu - 22.04.5 LTS)
[FAILED] Cypress Version: 15.3.0
Your system is missing the dependency: Xvfb

Install Xvfb and run Cypress again.

Read our documentation on dependencies for more information:

https://on.cypress.io/required-dependencies

If you are using Docker, we provide containers with all required dependencies installed.

----------

Error: spawn Xvfb ENOENT

----------

Platform: linux-x64 (Ubuntu - 22.04.5 LTS)
Cypress Version: 15.3.0
 ELIFECYCLE  Command failed with exit code 1.
Computing main repo mapping:
INFO: Repository rules_browsers~ instantiated at:
  <builtin>: in <toplevel>
Repository rule git_repository defined at:
  /root/.cache/bazel/_bazel_root/8c069df52082beee3c95ca17836fb8e2/external/bazel_tools/tools/build_defs/repo/git.bzl:189:33: in <toplevel>
INFO: Repository rules_angular~ instantiated at:
  <builtin>: in <toplevel>
Repository rule git_repository defined at:
  /root/.cache/bazel/_bazel_root/8c069df52082beee3c95ca17836fb8e2/external/bazel_tools/tools/build_defs/repo/git.bzl:189:33: in <toplevel>
INFO: Repository devinfra~ instantiated at:
  <builtin>: in <toplevel>
Repository rule git_repository defined at:
  /root/.cache/bazel/_bazel_root/8c069df52082beee3c95ca17836fb8e2/external/bazel_tools/tools/build_defs/repo/git.bzl:189:33: in <toplevel>
INFO: Repository rules_sass~ instantiated at:
  <builtin>: in <toplevel>
Repository rule git_repository defined at:
  /root/.cache/bazel/_bazel_root/8c069df52082beee3c95ca17836fb8e2/external/bazel_tools/tools/build_defs/repo/git.bzl:189:33: in <toplevel>
ERROR: /root/.cache/bazel/_bazel_root/8c069df52082beee3c95ca17836fb8e2/external/bazel_tools/tools/build_defs/repo/git_worker.bzl:210:9: An error occurred during the fetch of repository 'rules_angular~':
   Traceback (most recent call last):
	File "/root/.cache/bazel/_bazel_root/8c069df52082beee3c95ca17836fb8e2/external/bazel_tools/tools/build_defs/repo/git.bzl", line 180, column 35, in _git_repository_implementation
		update = _clone_or_update_repo(ctx)
	File "/root/.cache/bazel/_bazel_root/8c069df52082beee3c95ca17836fb8e2/external/bazel_tools/tools/build_defs/repo/git.bzl", line 43, column 20, in _clone_or_update_repo
		git_ = git_repo(ctx, directory)
	File "/root/.cache/bazel/_bazel_root/8c069df52082beee3c95ca17836fb8e2/external/bazel_tools/tools/build_defs/repo/git_worker.bzl", line 98, column 12, in git_repo
		_update(ctx, git_repo)
	File "/root/.cache/bazel/_bazel_root/8c069df52082beee3c95ca17836fb8e2/external/bazel_tools/tools/build_defs/repo/git_worker.bzl", line 114, column 9, in _update
		init(ctx, git_repo)
	File "/root/.cache/bazel/_bazel_root/8c069df52082beee3c95ca17836fb8e2/external/bazel_tools/tools/build_defs/repo/git_worker.bzl", line 131, column 15, in init
		_error(ctx.name, cl, st.stderr)
	File "/root/.cache/bazel/_bazel_root/8c069df52082beee3c95ca17836fb8e2/external/bazel_tools/tools/build_defs/repo/git_worker.bzl", line 210, column 9, in _error
		fail("error running '%s' while working with @%s:\n%s" % (command_text, name, stderr))
Error in fail: error running 'git init /root/.cache/bazel/_bazel_root/8c069df52082beee3c95ca17836fb8e2/external/rules_angular~' while working with @rules_angular~:
src/main/tools/process-wrapper-legacy.cc:80: "execvp(git, ...)": No such file or directory
ERROR: Error computing the main repository mapping: error during computation of main repo mapping: error running 'git init /root/.cache/bazel/_bazel_root/8c069df52082beee3c95ca17836fb8e2/external/rules_angular~' while working with @rules_angular~:
src/main/tools/process-wrapper-legacy.cc:80: "execvp(git, ...)": No such file or directory
Computing main repo mapping:
INFO: Repository rules_sass~ instantiated at:
  <builtin>: in <toplevel>
Repository rule git_repository defined at:
  /root/.cache/bazel/_bazel_root/8c069df52082beee3c95ca17836fb8e2/external/bazel_tools/tools/build_defs/repo/git.bzl:189:33: in <toplevel>
INFO: Repository rules_browsers~ instantiated at:
  <builtin>: in <toplevel>
Repository rule git_repository defined at:
  /root/.cache/bazel/_bazel_root/8c069df52082beee3c95ca17836fb8e2/external/bazel_tools/tools/build_defs/repo/git.bzl:189:33: in <toplevel>
INFO: Repository devinfra~ instantiated at:
  <builtin>: in <toplevel>
Repository rule git_repository defined at:
  /root/.cache/bazel/_bazel_root/8c069df52082beee3c95ca17836fb8e2/external/bazel_tools/tools/build_defs/repo/git.bzl:189:33: in <toplevel>
INFO: Repository rules_angular~ instantiated at:
  <builtin>: in <toplevel>
Repository rule git_repository defined at:
  /root/.cache/bazel/_bazel_root/8c069df52082beee3c95ca17836fb8e2/external/bazel_tools/tools/build_defs/repo/git.bzl:189:33: in <toplevel>
ERROR: /root/.cache/bazel/_bazel_root/8c069df52082beee3c95ca17836fb8e2/external/bazel_tools/tools/build_defs/repo/git_worker.bzl:210:9: An error occurred during the fetch of repository 'rules_sass~':
   Traceback (most recent call last):
	File "/root/.cache/bazel/_bazel_root/8c069df52082beee3c95ca17836fb8e2/external/bazel_tools/tools/build_defs/repo/git.bzl", line 180, column 35, in _git_repository_implementation
		update = _clone_or_update_repo(ctx)
	File "/root/.cache/bazel/_bazel_root/8c069df52082beee3c95ca17836fb8e2/external/bazel_tools/tools/build_defs/repo/git.bzl", line 43, column 20, in _clone_or_update_repo
		git_ = git_repo(ctx, directory)
	File "/root/.cache/bazel/_bazel_root/8c069df52082beee3c95ca17836fb8e2/external/bazel_tools/tools/build_defs/repo/git_worker.bzl", line 98, column 12, in git_repo
		_update(ctx, git_repo)
	File "/root/.cache/bazel/_bazel_root/8c069df52082beee3c95ca17836fb8e2/external/bazel_tools/tools/build_defs/repo/git_worker.bzl", line 114, column 9, in _update
		init(ctx, git_repo)
	File "/root/.cache/bazel/_bazel_root/8c069df52082beee3c95ca17836fb8e2/external/bazel_tools/tools/build_defs/repo/git_worker.bzl", line 131, column 15, in init
		_error(ctx.name, cl, st.stderr)
	File "/root/.cache/bazel/_bazel_root/8c069df52082beee3c95ca17836fb8e2/external/bazel_tools/tools/build_defs/repo/git_worker.bzl", line 210, column 9, in _error
		fail("error running '%s' while working with @%s:\n%s" % (command_text, name, stderr))
Error in fail: error running 'git init /root/.cache/bazel/_bazel_root/8c069df52082beee3c95ca17836fb8e2/external/rules_sass~' while working with @rules_sass~:
src/main/tools/process-wrapper-legacy.cc:80: "execvp(git, ...)": No such file or directory
ERROR: Error computing the main repository mapping: error during computation of main repo mapping: error running 'git init /root/.cache/bazel/_bazel_root/8c069df52082beee3c95ca17836fb8e2/external/rules_sass~' while working with @rules_sass~:
src/main/tools/process-wrapper-legacy.cc:80: "execvp(git, ...)": No such file or directory

> zone.js@0.15.1 promisefinallytest /app/packages/zone.js
> mocha ./test/promise/promise.finally.spec.mjs


 Exception during run: Error [ERR_MODULE_NOT_FOUND]: Cannot find module '/app/packages/zone.js/build/zone.umd.js' imported from /app/packages/zone.js/test/promise/promise-adapter.mjs
    at finalizeResolution (node:internal/modules/esm/resolve:283:11)
    at moduleResolve (node:internal/modules/esm/resolve:952:10)
    at defaultResolve (node:internal/modules/esm/resolve:1188:11)
    at ModuleLoader.defaultResolve (node:internal/modules/esm/loader:708:12)
    at #cachedDefaultResolve (node:internal/modules/esm/loader:657:25)
    at ModuleLoader.resolve (node:internal/modules/esm/loader:640:38)
    at ModuleLoader.getModuleJobForImport (node:internal/modules/esm/loader:264:38)
    at ModuleJob._link (node:internal/modules/esm/module_job:168:49) {
  code: 'ERR_MODULE_NOT_FOUND',
  url: 'file:///app/packages/zone.js/build/zone.umd.js'
}
 ELIFECYCLE  Command failed with exit code 1.

> zone.js@0.15.1 jest:test /app/packages/zone.js
> jest --config ./test/jest/jest.config.js

FAIL test/jest/jest.spec.js
  ● Test suite failed to run

    Cannot find module '../../../../dist/bin/packages/zone.js/npm_package/bundles/zone.umd.js' from 'jest-zone.js'

      1 | const {legacyFakeTimers, modernFakeTimers} = global;
      2 |
    > 3 | require('../../../../dist/bin/packages/zone.js/npm_package/bundles/zone.umd.js');
        | ^
      4 | require('../../../../dist/bin/packages/zone.js/npm_package/bundles/zone-testing.umd.js');
      5 |
      6 | if (Zone && Zone.patchJestObject) {

      at Resolver._throwModNotFoundError (../../../../node_modules/.pnpm/jest-resolve@30.2.0/node_modules/jest-resolve/build/index.js:863:11)
      at Object.require (jest-zone.js:3:1)

Test Suites: 1 failed, 1 total
Tests:       0 total
Snapshots:   0 total
Time:        0.86 s
Ran all test suites.
 ELIFECYCLE  Command failed with exit code 1.

> zone.js@0.15.1 jest:nodetest /app/packages/zone.js
> jest --config ./test/jest/jest.node.config.js

FAIL test/jest/jest.spec.js
  ● Test suite failed to run

    Cannot find module '../../../../dist/bin/packages/zone.js/npm_package/bundles/zone.umd.js' from 'jest-zone.js'

      1 | const {legacyFakeTimers, modernFakeTimers} = global;
      2 |
    > 3 | require('../../../../dist/bin/packages/zone.js/npm_package/bundles/zone.umd.js');
        | ^
      4 | require('../../../../dist/bin/packages/zone.js/npm_package/bundles/zone-testing.umd.js');
      5 |
      6 | if (Zone && Zone.patchJestObject) {

      at Resolver._throwModNotFoundError (../../../../node_modules/.pnpm/jest-resolve@30.2.0/node_modules/jest-resolve/build/index.js:863:11)
      at Object.require (jest-zone.js:3:1)

Test Suites: 1 failed, 1 total
Tests:       0 total
Snapshots:   0 total
Time:        0.477 s
Ran all test suites.
 ELIFECYCLE  Command failed with exit code 1.

> zone.js@0.15.1 vitest:test /app/packages/zone.js
> vitest ./test/vitest/vitest.spec.js


 RUN  v3.2.4 /app/packages/zone.js


⎯⎯⎯⎯⎯⎯ Failed Suites 1 ⎯⎯⎯⎯⎯⎯⎯

 FAIL  test/vitest/vitest.spec.js [ test/vitest/vitest.spec.js ]
Error: Cannot find module '../../../../dist/bin/packages/zone.js/npm_package/bundles/zone.umd.js'
Require stack:
- /app/packages/zone.js/test/vitest/vitest.spec.js
 ❯ test/vitest/vitest.spec.js:1:1
      1| require('../../../../dist/bin/packages/zone.js/npm_package/bundles/zon…
       | ^
      2| require('../../../../dist/bin/packages/zone.js/npm_package/bundles/zon…
      3|

⎯⎯⎯⎯⎯⎯⎯⎯⎯⎯⎯⎯⎯⎯⎯⎯⎯⎯⎯⎯⎯⎯⎯⎯[1/1]⎯


 Test Files  1 failed (1)
      Tests  no tests
   Start at  05:48:20
   Duration  571ms (transform 37ms, setup 0ms, collect 0ms, tests 0ms, environment 0ms, prepare 108ms)

 ELIFECYCLE  Command failed with exit code 1.

> zone.js@0.15.1 electrontest /app/packages/zone.js
> cd test/extra && node electron.js

node:internal/modules/cjs/loader:1210
  throw err;
  ^

Error: Cannot find module './zone-mix.umd'
Require stack:
- /app/packages/zone.js/test/extra/electron.js
    at Module._resolveFilename (node:internal/modules/cjs/loader:1207:15)
    at Module._load (node:internal/modules/cjs/loader:1038:27)
    at Module._load (/app/node_modules/.pnpm/mock-require@3.0.3/node_modules/mock-require/index.js:30:22)
    at Module.require (node:internal/modules/cjs/loader:1289:19)
    at require (node:internal/modules/helpers:182:18)
    at Object.<anonymous> (/app/packages/zone.js/test/extra/electron.js:11:1)
    at Module._compile (node:internal/modules/cjs/loader:1521:14)
    at Module._extensions..js (node:internal/modules/cjs/loader:1623:10)
    at Module.load (node:internal/modules/cjs/loader:1266:32)
    at Module._load (node:internal/modules/cjs/loader:1091:12) {
  code: 'MODULE_NOT_FOUND',
  requireStack: [ '/app/packages/zone.js/test/extra/electron.js' ]
}

Node.js v20.19.5
 ELIFECYCLE  Command failed with exit code 1.

> typings@1.0.0 test /app/packages/zone.js/test/typings
> tsc -p .

