Apache Maven 3.9.11 (3e54c93a704957b63ee3494413a2b544fd3d825b)
Maven home: /root/.m2/wrapper/dists/apache-maven-3.9.11/a2d47e15
Java version: 17.0.2, vendor: Azul Systems, Inc., runtime: /usr/lib/jvm/zulu-17-amd64
Default locale: en_US, platform encoding: ANSI_X3.4-1968
OS name: "linux", version: "5.4.0-204-generic", arch: "amd64", family: "unix"
[INFO] Error stacktraces are turned on.
[INFO] Scanning for projects...
[INFO] ------------------------------------------------------------------------
[INFO] Reactor Build Order:
[INFO]
[INFO] JaCoCo                                                             [pom]
[INFO] JaCoCo :: Core                                                     [jar]
[INFO] JaCoCo :: Report                                                   [jar]
[INFO] JaCoCo :: Agent RT                                                 [jar]
[INFO] JaCoCo :: Agent                                                    [jar]
[INFO] JaCoCo :: Ant                                                      [jar]
[INFO] JaCoCo :: Command Line Interface                                   [jar]
[INFO] JaCoCo :: Examples                                                 [jar]
[INFO] JaCoCo :: Maven Plugin                                    [maven-plugin]
[INFO] JaCoCo :: Tests                                                    [pom]
[INFO] JaCoCo :: Test :: Core                                             [jar]
[INFO] JaCoCo :: Test :: Core :: Validation                               [pom]
[INFO] JaCoCo :: Test :: Core :: Validation Java 5                        [jar]
[INFO] JaCoCo :: Test :: Core :: Validation Kotlin                        [jar]
[INFO] JaCoCo :: Test :: Core :: Validation Java 7                        [jar]
[INFO] JaCoCo :: Test :: Core :: Validation Java 8                        [jar]
[INFO] JaCoCo :: Test :: Core :: Validation Java 14                       [jar]
[INFO] JaCoCo :: Test :: Core :: Validation Java 16                       [jar]
[INFO] JaCoCo :: Test :: Core :: Validation Groovy                        [jar]
[INFO] JaCoCo :: Test :: Core :: Validation Scala                         [jar]
[INFO] JaCoCo :: Test :: Report                                           [jar]
[INFO] JaCoCo :: Test :: Agent RT                                         [jar]
[INFO] JaCoCo :: Test :: Agent                                            [jar]
[INFO] JaCoCo :: Test :: Ant                                              [jar]
[INFO] JaCoCo :: Test :: Command Line Interface                           [jar]
[INFO] JaCoCo :: Test :: Examples                                         [jar]
[INFO] JaCoCo :: Test :: Maven Plugin                                     [jar]
[INFO] JaCoCo :: Documentation                                            [jar]
[INFO] JaCoCo :: Distribution                                             [pom]
[INFO] root                                                               [pom]
[INFO]
[INFO] --------------------< org.jacoco:org.jacoco.build >---------------------
[INFO] Building JaCoCo 0.8.14-SNAPSHOT                                   [1/30]
[INFO]   from org.jacoco.build/pom.xml
[INFO] --------------------------------[ pom ]---------------------------------
[INFO]
[INFO] --- enforcer:3.6.1:enforce (enforce) @ org.jacoco.build ---
[INFO] Rule 0: org.apache.maven.enforcer.rules.version.RequireJavaVersion passed
[INFO] Rule 1: org.apache.maven.enforcer.rules.version.RequireMavenVersion passed
[INFO] Rule 2: org.apache.maven.enforcer.rules.RequireNoRepositories passed
[INFO] Rule 3: org.apache.maven.enforcer.rules.dependency.RequireReleaseDeps passed
[INFO]
[INFO] --- antrun:3.1.0:run (check-license-header) @ org.jacoco.build ---
[INFO] Executing tasks
[INFO] Executed tasks
[INFO]
[INFO] --- build-helper:3.6.1:parse-version (parse-version) @ org.jacoco.build ---
[INFO]
[INFO] --- buildnumber:3.2.1:create (default) @ org.jacoco.build ---
[INFO] Executing: /bin/sh -c cd '/app/org.jacoco.build' && 'git' 'log' '-1' '--no-merges' '--format=format:%H %aI %aE %aN'
[INFO] Working directory: /app/org.jacoco.build
[WARNING] Cannot get the revision information from the scm repository, proceeding with revision of 0000000 :
Exception while executing SCM command.
[INFO] Storing buildNumber: 0000000 at timestamp: 1756423687280
[INFO] Executing: /bin/sh -c cd '/app/org.jacoco.build' && 'git' 'symbolic-ref' 'HEAD'
[INFO] Working directory: /app/org.jacoco.build
[WARNING] Cannot get the branch information from the git repository:
Error while executing command.
[INFO] Executing: /bin/sh -c cd '/app/org.jacoco.build' && 'git' 'log' '-1' '--no-merges' '--format=format:%H %aI %aE %aN'
[INFO] Working directory: /app/org.jacoco.build
[WARNING] Cannot get the branch information from the scm repository, proceeding with UNKNOWN_BRANCH :
Exception while executing SCM command.
[INFO] Storing scmBranch: UNKNOWN_BRANCH
[INFO]
[INFO] --- bsh:1.4:run (parse-version) @ org.jacoco.build ---
[INFO] Executing Script
[INFO] file class java.lang.Object
[INFO] script class java.lang.String
[INFO] evaluating script major = project.getProperties().get("parsedVersion.majorVersion"); [+ 27 omitted line(s)]
[INFO]
[INFO] --- toolchains:3.2.0:toolchain (default) @ org.jacoco.build ---
[INFO] Required toolchain: jdk [ version='17' ]
[INFO] ------------------------------------------------------------------------
[INFO] Reactor Summary for root 0.8.14-SNAPSHOT:
[INFO]
[INFO] JaCoCo ............................................. FAILURE [  5.457 s]
[INFO] JaCoCo :: Core ..................................... SKIPPED
[INFO] JaCoCo :: Report ................................... SKIPPED
[INFO] JaCoCo :: Agent RT ................................. SKIPPED
[INFO] JaCoCo :: Agent .................................... SKIPPED
[INFO] JaCoCo :: Ant ...................................... SKIPPED
[INFO] JaCoCo :: Command Line Interface ................... SKIPPED
[INFO] JaCoCo :: Examples ................................. SKIPPED
[INFO] JaCoCo :: Maven Plugin ............................. SKIPPED
[INFO] JaCoCo :: Tests .................................... SKIPPED
[INFO] JaCoCo :: Test :: Core ............................. SKIPPED
[INFO] JaCoCo :: Test :: Core :: Validation ............... SKIPPED
[INFO] JaCoCo :: Test :: Core :: Validation Java 5 ........ SKIPPED
[INFO] JaCoCo :: Test :: Core :: Validation Kotlin ........ SKIPPED
[INFO] JaCoCo :: Test :: Core :: Validation Java 7 ........ SKIPPED
[INFO] JaCoCo :: Test :: Core :: Validation Java 8 ........ SKIPPED
[INFO] JaCoCo :: Test :: Core :: Validation Java 14 ....... SKIPPED
[INFO] JaCoCo :: Test :: Core :: Validation Java 16 ....... SKIPPED
[INFO] JaCoCo :: Test :: Core :: Validation Groovy ........ SKIPPED
[INFO] JaCoCo :: Test :: Core :: Validation Scala ......... SKIPPED
[INFO] JaCoCo :: Test :: Report ........................... SKIPPED
[INFO] JaCoCo :: Test :: Agent RT ......................... SKIPPED
[INFO] JaCoCo :: Test :: Agent ............................ SKIPPED
[INFO] JaCoCo :: Test :: Ant .............................. SKIPPED
[INFO] JaCoCo :: Test :: Command Line Interface ........... SKIPPED
[INFO] JaCoCo :: Test :: Examples ......................... SKIPPED
[INFO] JaCoCo :: Test :: Maven Plugin ..................... SKIPPED
[INFO] JaCoCo :: Documentation ............................ SKIPPED
[INFO] JaCoCo :: Distribution ............................. SKIPPED
[INFO] root ............................................... SKIPPED
[INFO] ------------------------------------------------------------------------
[INFO] BUILD FAILURE
[INFO] ------------------------------------------------------------------------
[INFO] Total time:  6.551 s
[INFO] Finished at: 2025-08-28T16:28:08-07:00
[INFO] ------------------------------------------------------------------------
[ERROR] Failed to execute goal org.apache.maven.plugins:maven-toolchains-plugin:3.2.0:toolchain (default) on project org.jacoco.build: Misconfigured toolchains. Non-existing JDK home configuration at /app -> [Help 1]
org.apache.maven.lifecycle.LifecycleExecutionException: Failed to execute goal org.apache.maven.plugins:maven-toolchains-plugin:3.2.0:toolchain (default) on project org.jacoco.build: Misconfigured toolchains.
    at org.apache.maven.lifecycle.internal.MojoExecutor.doExecute2 (MojoExecutor.java:333)
    at org.apache.maven.lifecycle.internal.MojoExecutor.doExecute (MojoExecutor.java:316)
    at org.apache.maven.lifecycle.internal.MojoExecutor.execute (MojoExecutor.java:212)
    at org.apache.maven.lifecycle.internal.MojoExecutor.execute (MojoExecutor.java:174)
    at org.apache.maven.lifecycle.internal.MojoExecutor.access$000 (MojoExecutor.java:75)
    at org.apache.maven.lifecycle.internal.MojoExecutor$1.run (MojoExecutor.java:162)
    at org.apache.maven.plugin.DefaultMojosExecutionStrategy.execute (DefaultMojosExecutionStrategy.java:39)
    at org.apache.maven.lifecycle.internal.MojoExecutor.execute (MojoExecutor.java:159)
    at org.apache.maven.lifecycle.internal.LifecycleModuleBuilder.buildProject (LifecycleModuleBuilder.java:105)
    at org.apache.maven.lifecycle.internal.LifecycleModuleBuilder.buildProject (LifecycleModuleBuilder.java:73)
    at org.apache.maven.lifecycle.internal.builder.singlethreaded.SingleThreadedBuilder.build (SingleThreadedBuilder.java:53)
    at org.apache.maven.lifecycle.internal.LifecycleStarter.execute (LifecycleStarter.java:118)
    at org.apache.maven.DefaultMaven.doExecute (DefaultMaven.java:261)
    at org.apache.maven.DefaultMaven.doExecute (DefaultMaven.java:173)
    at org.apache.maven.DefaultMaven.execute (DefaultMaven.java:101)
    at org.apache.maven.cli.MavenCli.execute (MavenCli.java:906)
    at org.apache.maven.cli.MavenCli.doMain (MavenCli.java:283)
    at org.apache.maven.cli.MavenCli.main (MavenCli.java:206)
    at jdk.internal.reflect.NativeMethodAccessorImpl.invoke0 (Native Method)
    at jdk.internal.reflect.NativeMethodAccessorImpl.invoke (NativeMethodAccessorImpl.java:77)
    at jdk.internal.reflect.DelegatingMethodAccessorImpl.invoke (DelegatingMethodAccessorImpl.java:43)
    at java.lang.reflect.Method.invoke (Method.java:568)
    at org.codehaus.plexus.classworlds.launcher.Launcher.launchEnhanced (Launcher.java:255)
    at org.codehaus.plexus.classworlds.launcher.Launcher.launch (Launcher.java:201)
    at org.codehaus.plexus.classworlds.launcher.Launcher.mainWithExitCode (Launcher.java:361)
    at org.codehaus.plexus.classworlds.launcher.Launcher.main (Launcher.java:314)
Caused by: org.apache.maven.plugin.MojoExecutionException: Misconfigured toolchains.
    at org.apache.maven.plugins.toolchain.ToolchainMojo.selectToolchain (ToolchainMojo.java:155)
    at org.apache.maven.plugins.toolchain.ToolchainMojo.execute (ToolchainMojo.java:87)
    at org.apache.maven.plugin.DefaultBuildPluginManager.executeMojo (DefaultBuildPluginManager.java:126)
    at org.apache.maven.lifecycle.internal.MojoExecutor.doExecute2 (MojoExecutor.java:328)
    at org.apache.maven.lifecycle.internal.MojoExecutor.doExecute (MojoExecutor.java:316)
    at org.apache.maven.lifecycle.internal.MojoExecutor.execute (MojoExecutor.java:212)
    at org.apache.maven.lifecycle.internal.MojoExecutor.execute (MojoExecutor.java:174)
    at org.apache.maven.lifecycle.internal.MojoExecutor.access$000 (MojoExecutor.java:75)
    at org.apache.maven.lifecycle.internal.MojoExecutor$1.run (MojoExecutor.java:162)
    at org.apache.maven.plugin.DefaultMojosExecutionStrategy.execute (DefaultMojosExecutionStrategy.java:39)
    at org.apache.maven.lifecycle.internal.MojoExecutor.execute (MojoExecutor.java:159)
    at org.apache.maven.lifecycle.internal.LifecycleModuleBuilder.buildProject (LifecycleModuleBuilder.java:105)
    at org.apache.maven.lifecycle.internal.LifecycleModuleBuilder.buildProject (LifecycleModuleBuilder.java:73)
    at org.apache.maven.lifecycle.internal.builder.singlethreaded.SingleThreadedBuilder.build (SingleThreadedBuilder.java:53)
    at org.apache.maven.lifecycle.internal.LifecycleStarter.execute (LifecycleStarter.java:118)
    at org.apache.maven.DefaultMaven.doExecute (DefaultMaven.java:261)
    at org.apache.maven.DefaultMaven.doExecute (DefaultMaven.java:173)
    at org.apache.maven.DefaultMaven.execute (DefaultMaven.java:101)
    at org.apache.maven.cli.MavenCli.execute (MavenCli.java:906)
    at org.apache.maven.cli.MavenCli.doMain (MavenCli.java:283)
    at org.apache.maven.cli.MavenCli.main (MavenCli.java:206)
    at jdk.internal.reflect.NativeMethodAccessorImpl.invoke0 (Native Method)
    at jdk.internal.reflect.NativeMethodAccessorImpl.invoke (NativeMethodAccessorImpl.java:77)
    at jdk.internal.reflect.DelegatingMethodAccessorImpl.invoke (DelegatingMethodAccessorImpl.java:43)
    at java.lang.reflect.Method.invoke (Method.java:568)
    at org.codehaus.plexus.classworlds.launcher.Launcher.launchEnhanced (Launcher.java:255)
    at org.codehaus.plexus.classworlds.launcher.Launcher.launch (Launcher.java:201)
    at org.codehaus.plexus.classworlds.launcher.Launcher.mainWithExitCode (Launcher.java:361)
    at org.codehaus.plexus.classworlds.launcher.Launcher.main (Launcher.java:314)
Caused by: org.apache.maven.toolchain.MisconfiguredToolchainException: Non-existing JDK home configuration at /app
    at org.apache.maven.toolchain.java.JavaToolchainFactory.createToolchain (JavaToolchainFactory.java:94)
    at org.apache.maven.toolchain.DefaultToolchainManagerPrivate.getToolchainsForType (DefaultToolchainManagerPrivate.java:50)
    at org.apache.maven.plugins.toolchain.ToolchainMojo.getToolchains (ToolchainMojo.java:166)
    at org.apache.maven.plugins.toolchain.ToolchainMojo.selectToolchain (ToolchainMojo.java:133)
    at org.apache.maven.plugins.toolchain.ToolchainMojo.execute (ToolchainMojo.java:87)
    at org.apache.maven.plugin.DefaultBuildPluginManager.executeMojo (DefaultBuildPluginManager.java:126)
    at org.apache.maven.lifecycle.internal.MojoExecutor.doExecute2 (MojoExecutor.java:328)
    at org.apache.maven.lifecycle.internal.MojoExecutor.doExecute (MojoExecutor.java:316)
    at org.apache.maven.lifecycle.internal.MojoExecutor.execute (MojoExecutor.java:212)
    at org.apache.maven.lifecycle.internal.MojoExecutor.execute (MojoExecutor.java:174)
    at org.apache.maven.lifecycle.internal.MojoExecutor.access$000 (MojoExecutor.java:75)
    at org.apache.maven.lifecycle.internal.MojoExecutor$1.run (MojoExecutor.java:162)
    at org.apache.maven.plugin.DefaultMojosExecutionStrategy.execute (DefaultMojosExecutionStrategy.java:39)
    at org.apache.maven.lifecycle.internal.MojoExecutor.execute (MojoExecutor.java:159)
    at org.apache.maven.lifecycle.internal.LifecycleModuleBuilder.buildProject (LifecycleModuleBuilder.java:105)
    at org.apache.maven.lifecycle.internal.LifecycleModuleBuilder.buildProject (LifecycleModuleBuilder.java:73)
    at org.apache.maven.lifecycle.internal.builder.singlethreaded.SingleThreadedBuilder.build (SingleThreadedBuilder.java:53)
    at org.apache.maven.lifecycle.internal.LifecycleStarter.execute (LifecycleStarter.java:118)
    at org.apache.maven.DefaultMaven.doExecute (DefaultMaven.java:261)
    at org.apache.maven.DefaultMaven.doExecute (DefaultMaven.java:173)
    at org.apache.maven.DefaultMaven.execute (DefaultMaven.java:101)
    at org.apache.maven.cli.MavenCli.execute (MavenCli.java:906)
    at org.apache.maven.cli.MavenCli.doMain (MavenCli.java:283)
    at org.apache.maven.cli.MavenCli.main (MavenCli.java:206)
    at jdk.internal.reflect.NativeMethodAccessorImpl.invoke0 (Native Method)
    at jdk.internal.reflect.NativeMethodAccessorImpl.invoke (NativeMethodAccessorImpl.java:77)
    at jdk.internal.reflect.DelegatingMethodAccessorImpl.invoke (DelegatingMethodAccessorImpl.java:43)
    at java.lang.reflect.Method.invoke (Method.java:568)
    at org.codehaus.plexus.classworlds.launcher.Launcher.launchEnhanced (Launcher.java:255)
    at org.codehaus.plexus.classworlds.launcher.Launcher.launch (Launcher.java:201)
    at org.codehaus.plexus.classworlds.launcher.Launcher.mainWithExitCode (Launcher.java:361)
    at org.codehaus.plexus.classworlds.launcher.Launcher.main (Launcher.java:314)
[ERROR]
[ERROR] Re-run Maven using the -X switch to enable full debug logging.
[ERROR]
[ERROR] For more information about the errors and possible solutions, please read the following articles:
[ERROR] [Help 1] http://cwiki.apache.org/confluence/display/MAVEN/MojoExecutionException
