Downloading https://services.gradle.org/distributions/gradle-8.8-all.zip
.....................10%......................20%......................30%......................40%......................50%......................60%......................70%......................80%......................90%......................100%

Welcome to Gradle 8.8!

Here are the highlights of this release:
 - Running Gradle on Java 22
 - Configurable Gradle daemon JVM
 - Improved IDE performance for large projects

For more details see https://docs.gradle.org/8.8/release-notes.html

Starting a Gradle Daemon (subsequent builds will be faster)

> Configure project :
Starting build with version 3.9.0-SNAPSHOT (commit id 237463e8) using Gradle 8.8, Java 17 and Scala 2.13.14
Build properties: maxParallelForks=64, maxScalacThreads=8, maxTestRetries=0

> Task :dependencies

------------------------------------------------------------
Root project 'kafka'
------------------------------------------------------------

annotationProcessor - Annotation processors and their dependencies for source set 'main'.
No dependencies

api - API dependencies for the 'main' feature. (n)
No dependencies

apiElements - API elements for the 'main' feature. (n)
No dependencies

compileClasspath - Compile classpath for source set 'main'.
No dependencies

compileOnly - Compile-only dependencies for the 'main' feature. (n)
No dependencies

compileOnlyApi - Compile-only API dependencies for the 'main' feature. (n)
No dependencies

coverageDataElementsForTest - Binary data file containing results of Jacoco test coverage reporting for the test Test Suite's test target. (n)
No dependencies

default - Configuration for default artifacts. (n)
No dependencies

implementation - Implementation dependencies for the 'main' feature. (n)
No dependencies

jacocoAgent - The Jacoco agent to use to get coverage data.
\--- org.jacoco:org.jacoco.agent:0.8.11

jacocoAnt - The Jacoco ant tasks to use to get execute Gradle tasks.
\--- org.jacoco:org.jacoco.ant:0.8.11
     +--- org.jacoco:org.jacoco.core:0.8.11
     |    +--- org.ow2.asm:asm:9.6
     |    +--- org.ow2.asm:asm-commons:9.6
     |    |    +--- org.ow2.asm:asm:9.6
     |    |    \--- org.ow2.asm:asm-tree:9.6
     |    |         \--- org.ow2.asm:asm:9.6
     |    \--- org.ow2.asm:asm-tree:9.6 (*)
     +--- org.jacoco:org.jacoco.report:0.8.11
     |    \--- org.jacoco:org.jacoco.core:0.8.11 (*)
     \--- org.jacoco:org.jacoco.agent:0.8.11

mainSourceElements - List of source directories contained in the Main SourceSet. (n)
No dependencies

runtimeClasspath - Runtime classpath of source set 'main'.
No dependencies

runtimeElements - Runtime elements for the 'main' feature. (n)
No dependencies

runtimeOnly - Runtime-only dependencies for the 'main' feature. (n)
No dependencies

swaggerDeps
+--- org.apache.commons:commons-lang3:3.7 -> 3.12.0
+--- io.swagger.core.v3:swagger-jaxrs2:2.2.8
|    +--- com.fasterxml.jackson.core:jackson-databind:2.14.0 -> 2.17.1
|    |    +--- com.fasterxml.jackson.core:jackson-annotations:2.17.1
|    |    |    \--- com.fasterxml.jackson:jackson-bom:2.17.1
|    |    |         +--- com.fasterxml.jackson.core:jackson-annotations:2.17.1 (c)
|    |    |         +--- com.fasterxml.jackson.core:jackson-databind:2.17.1 (c)
|    |    |         +--- com.fasterxml.jackson.dataformat:jackson-dataformat-yaml:2.17.1 (c)
|    |    |         +--- com.fasterxml.jackson.datatype:jackson-datatype-jsr310:2.17.1 (c)
|    |    |         +--- com.fasterxml.jackson.jaxrs:jackson-jaxrs-json-provider:2.17.1 (c)
|    |    |         +--- com.fasterxml.jackson.core:jackson-core:2.17.1 (c)
|    |    |         +--- com.fasterxml.jackson.jaxrs:jackson-jaxrs-base:2.17.1 (c)
|    |    |         \--- com.fasterxml.jackson.module:jackson-module-jaxb-annotations:2.17.1 (c)
|    |    +--- com.fasterxml.jackson.core:jackson-core:2.17.1
|    |    |    \--- com.fasterxml.jackson:jackson-bom:2.17.1 (*)
|    |    \--- com.fasterxml.jackson:jackson-bom:2.17.1 (*)
|    +--- io.github.classgraph:classgraph:4.8.150
|    +--- org.javassist:javassist:3.25.0-GA -> 3.29.2-GA
|    +--- io.swagger.core.v3:swagger-models:2.2.8
|    |    \--- com.fasterxml.jackson.core:jackson-annotations:2.14.0 -> 2.17.1 (*)
|    +--- org.yaml:snakeyaml:1.33 -> 2.2
|    +--- io.swagger.core.v3:swagger-annotations:2.2.8
|    +--- io.swagger.core.v3:swagger-integration:2.2.8
|    |    +--- io.github.classgraph:classgraph:4.8.150
|    |    +--- io.swagger.core.v3:swagger-core:2.2.8
|    |    |    +--- jakarta.xml.bind:jakarta.xml.bind-api:2.3.2 -> 2.3.3
|    |    |    |    \--- jakarta.activation:jakarta.activation-api:1.2.2
|    |    |    +--- org.apache.commons:commons-lang3:3.12.0
|    |    |    +--- org.slf4j:slf4j-api:1.7.35
|    |    |    +--- com.fasterxml.jackson.core:jackson-annotations:2.14.0 -> 2.17.1 (*)
|    |    |    +--- com.fasterxml.jackson.core:jackson-databind:2.14.0 -> 2.17.1 (*)
|    |    |    +--- com.fasterxml.jackson.dataformat:jackson-dataformat-yaml:2.14.0 -> 2.17.1
|    |    |    |    +--- com.fasterxml.jackson.core:jackson-databind:2.17.1 (*)
|    |    |    |    +--- org.yaml:snakeyaml:2.2
|    |    |    |    +--- com.fasterxml.jackson.core:jackson-core:2.17.1 (*)
|    |    |    |    \--- com.fasterxml.jackson:jackson-bom:2.17.1 (*)
|    |    |    +--- com.fasterxml.jackson.datatype:jackson-datatype-jsr310:2.14.0 -> 2.17.1
|    |    |    |    +--- com.fasterxml.jackson.core:jackson-annotations:2.17.1 (*)
|    |    |    |    +--- com.fasterxml.jackson.core:jackson-core:2.17.1 (*)
|    |    |    |    +--- com.fasterxml.jackson.core:jackson-databind:2.17.1 (*)
|    |    |    |    \--- com.fasterxml.jackson:jackson-bom:2.17.1 (*)
|    |    |    +--- io.swagger.core.v3:swagger-annotations:2.2.8
|    |    |    +--- org.yaml:snakeyaml:1.33 -> 2.2
|    |    |    +--- io.swagger.core.v3:swagger-models:2.2.8 (*)
|    |    |    \--- jakarta.validation:jakarta.validation-api:2.0.2
|    |    \--- io.swagger.core.v3:swagger-models:2.2.8 (*)
|    \--- com.fasterxml.jackson.jaxrs:jackson-jaxrs-json-provider:2.14.0 -> 2.17.1
|         +--- com.fasterxml.jackson.jaxrs:jackson-jaxrs-base:2.17.1
|         |    +--- com.fasterxml.jackson.core:jackson-core:2.17.1 (*)
|         |    +--- com.fasterxml.jackson.core:jackson-databind:2.17.1 (*)
|         |    \--- com.fasterxml.jackson:jackson-bom:2.17.1 (*)
|         +--- com.fasterxml.jackson.module:jackson-module-jaxb-annotations:2.17.1
|         |    +--- com.fasterxml.jackson.core:jackson-annotations:2.17.1 (*)
|         |    +--- com.fasterxml.jackson.core:jackson-core:2.17.1 (*)
|         |    +--- com.fasterxml.jackson.core:jackson-databind:2.17.1 (*)
|         |    +--- jakarta.xml.bind:jakarta.xml.bind-api:2.3.3 (*)
|         |    +--- jakarta.activation:jakarta.activation-api:1.2.2
|         |    \--- com.fasterxml.jackson:jackson-bom:2.17.1 (*)
|         \--- com.fasterxml.jackson:jackson-bom:2.17.1 (*)
+--- javax.ws.rs:javax.ws.rs-api:2.1
\--- javax.servlet:javax.servlet-api:3.1.0

testAnnotationProcessor - Annotation processors and their dependencies for source set 'test'.
No dependencies

testCompileClasspath - Compile classpath for source set 'test'.
No dependencies

testCompileOnly - Compile only dependencies for source set 'test'. (n)
No dependencies

testImplementation - Implementation only dependencies for source set 'test'. (n)
No dependencies

testRuntimeClasspath - Runtime classpath of source set 'test'.
No dependencies

testRuntimeOnly - Runtime only dependencies for source set 'test'. (n)
No dependencies

(c) - A dependency constraint, not a dependency. The dependency affected by the constraint occurs elsewhere in the tree.
(*) - Indicates repeated occurrences of a transitive dependency subtree. Gradle expands transitive dependency subtrees only once per project; repeat occurrences only display the root of the subtree, followed by this annotation.

A web-based, searchable dependency report is available by adding the --scan option.

Deprecated Gradle features were used in this build, making it incompatible with Gradle 9.0.

You can use '--warning-mode all' to show the individual deprecation warnings and determine if they come from your own scripts or plugins.

For more on this, please refer to https://docs.gradle.org/8.8/userguide/command_line_interface.html#sec:command_line_warnings in the Gradle documentation.

BUILD SUCCESSFUL in 1m 3s
1 actionable task: 1 executed

> Configure project :
Starting build with version 3.9.0-SNAPSHOT (commit id 237463e8) using Gradle 8.8, Java 17 and Scala 2.13.14
Build properties: maxParallelForks=64, maxScalacThreads=8, maxTestRetries=0

> Task :tools:processResources NO-SOURCE
> Task :streams:upgrade-system-tests-30:compileJava NO-SOURCE
> Task :streams:upgrade-system-tests-35:compileJava NO-SOURCE
> Task :server:processResources NO-SOURCE
> Task :jmh-benchmarks:processResources NO-SOURCE
> Task :streams:upgrade-system-tests-26:compileJava NO-SOURCE
> Task :streams:upgrade-system-tests-0102:compileJava NO-SOURCE
> Task :streams:upgrade-system-tests-34:compileJava NO-SOURCE
> Task :streams:upgrade-system-tests-28:compileJava NO-SOURCE
> Task :streams:streams-scala:processResources NO-SOURCE
> Task :group-coordinator:group-coordinator-api:processResources NO-SOURCE
> Task :streams:examples:processResources NO-SOURCE
> Task :connect:mirror-client:processResources NO-SOURCE
> Task :streams:upgrade-system-tests-32:compileJava NO-SOURCE
> Task :streams:upgrade-system-tests-25:compileJava NO-SOURCE
> Task :streams:upgrade-system-tests-37:compileJava NO-SOURCE
> Task :streams:upgrade-system-tests-22:compileJava NO-SOURCE
> Task :streams:test-utils:processResources NO-SOURCE
> Task :streams:upgrade-system-tests-21:compileJava NO-SOURCE
> Task :log4j-appender:processResources NO-SOURCE
> Task :streams:upgrade-system-tests-11:compileJava NO-SOURCE
> Task :streams:upgrade-system-tests-23:compileJava NO-SOURCE
> Task :streams:upgrade-system-tests-10:compileJava NO-SOURCE
> Task :server-common:processResources NO-SOURCE
> Task :streams:upgrade-system-tests-0110:compileJava NO-SOURCE
> Task :streams:upgrade-system-tests-0101:compileJava NO-SOURCE
> Task :examples:processResources NO-SOURCE
> Task :storage:storage-api:processResources NO-SOURCE
> Task :streams:upgrade-system-tests-33:compileJava NO-SOURCE
> Task :streams:upgrade-system-tests-0100:compileJava NO-SOURCE
> Task :streams:upgrade-system-tests-20:compileJava NO-SOURCE
> Task :connect:compileJava NO-SOURCE
> Task :streams:upgrade-system-tests-27:compileJava NO-SOURCE
> Task :shell:processResources NO-SOURCE
> Task :streams:upgrade-system-tests-36:compileJava NO-SOURCE
> Task :streams:upgrade-system-tests-24:compileJava NO-SOURCE
> Task :compileJava NO-SOURCE
> Task :trogdor:processResources NO-SOURCE
> Task :streams:upgrade-system-tests-31:compileJava NO-SOURCE
> Task :tools:tools-api:processResources NO-SOURCE
> Task :streams:upgrade-system-tests-0100:processResources NO-SOURCE
> Task :streams:upgrade-system-tests-32:processResources NO-SOURCE
> Task :streams:upgrade-system-tests-28:processResources NO-SOURCE
> Task :streams:upgrade-system-tests-10:processResources NO-SOURCE
> Task :streams:upgrade-system-tests-0102:processResources NO-SOURCE
> Task :streams:examples:processTestResources NO-SOURCE
> Task :connect:mirror-client:processTestResources NO-SOURCE
> Task :streams:upgrade-system-tests-31:processResources NO-SOURCE
> Task :jmh-benchmarks:processTestResources NO-SOURCE
> Task :streams:upgrade-system-tests-0101:processResources NO-SOURCE
> Task :streams:upgrade-system-tests-21:processResources NO-SOURCE
> Task :streams:upgrade-system-tests-11:processResources NO-SOURCE
> Task :log4j-appender:processTestResources NO-SOURCE
> Task :streams:upgrade-system-tests-0110:processResources NO-SOURCE
> Task :streams:upgrade-system-tests-22:processResources NO-SOURCE
> Task :examples:processTestResources NO-SOURCE
> Task :streams:upgrade-system-tests-20:processResources NO-SOURCE
> Task :streams:upgrade-system-tests-27:processResources NO-SOURCE
> Task :connect:processResources NO-SOURCE
> Task :streams:upgrade-system-tests-24:processResources NO-SOURCE
> Task :processResources NO-SOURCE
> Task :streams:upgrade-system-tests-36:processResources NO-SOURCE
> Task :streams:upgrade-system-tests-26:processResources NO-SOURCE
> Task :streams:upgrade-system-tests-30:processResources NO-SOURCE
> Task :streams:upgrade-system-tests-32:classes UP-TO-DATE
> Task :streams:upgrade-system-tests-10:classes UP-TO-DATE
> Task :connect:classes UP-TO-DATE
> Task :streams:upgrade-system-tests-0102:classes UP-TO-DATE
> Task :streams:upgrade-system-tests-34:processResources NO-SOURCE
> Task :streams:upgrade-system-tests-35:processResources NO-SOURCE
> Task :streams:upgrade-system-tests-37:processResources NO-SOURCE
> Task :streams:upgrade-system-tests-31:classes UP-TO-DATE
> Task :streams:upgrade-system-tests-0101:classes UP-TO-DATE
> Task :streams:upgrade-system-tests-25:processResources NO-SOURCE
> Task :streams:upgrade-system-tests-33:processResources NO-SOURCE
> Task :streams:upgrade-system-tests-23:processResources NO-SOURCE
> Task :streams:upgrade-system-tests-37:classes UP-TO-DATE
> Task :streams:upgrade-system-tests-21:classes UP-TO-DATE
> Task :streams:upgrade-system-tests-11:classes UP-TO-DATE
> Task :streams:upgrade-system-tests-0110:classes UP-TO-DATE
> Task :streams:upgrade-system-tests-20:classes UP-TO-DATE
> Task :streams:upgrade-system-tests-22:classes UP-TO-DATE
> Task :streams:upgrade-system-tests-27:classes UP-TO-DATE
> Task :streams:upgrade-system-tests-36:classes UP-TO-DATE
> Task :streams:upgrade-system-tests-24:classes UP-TO-DATE
> Task :classes UP-TO-DATE
> Task :streams:upgrade-system-tests-28:classes UP-TO-DATE
> Task :streams:upgrade-system-tests-0100:classes UP-TO-DATE
> Task :streams:upgrade-system-tests-26:classes UP-TO-DATE
> Task :streams:upgrade-system-tests-30:classes UP-TO-DATE
> Task :streams:upgrade-system-tests-34:classes UP-TO-DATE
> Task :streams:upgrade-system-tests-35:classes UP-TO-DATE
> Task :streams:upgrade-system-tests-23:classes UP-TO-DATE
> Task :streams:upgrade-system-tests-33:classes UP-TO-DATE
> Task :streams:upgrade-system-tests-25:classes UP-TO-DATE
> Task :storage:storage-api:createVersionFile
> Task :server:createVersionFile
> Task :group-coordinator:group-coordinator-api:createVersionFile
> Task :tools:tools-api:createVersionFile
> Task :server:processTestResources NO-SOURCE
> Task :group-coordinator:group-coordinator-api:processTestResources NO-SOURCE
> Task :tools:tools-api:processTestResources NO-SOURCE
> Task :storage:storage-api:processTestResources NO-SOURCE
> Task :connect:basic-auth-extension:processResources
> Task :shell:processTestResources
> Task :connect:json:processResources
> Task :connect:mirror:processResources
> Task :connect:test-plugins:processResources
> Task :tools:processTestResources
> Task :connect:runtime:processResources
> Task :core:processResources
> Task :streams:processResources
> Task :connect:file:processResources
> Task :server-common:processTestResources
> Task :streams:test-utils:processTestResources
> Task :raft:processResources
> Task :connect:transforms:processResources
> Task :trogdor:processTestResources
> Task :automq-shell:processResources
> Task :storage:processResources
> Task :connect:api:processResources
> Task :transaction-coordinator:processResources
> Task :connect:basic-auth-extension:processTestResources NO-SOURCE
> Task :automq-shell:processTestResources NO-SOURCE
> Task :connect:test-plugins:processTestResources NO-SOURCE
> Task :transaction-coordinator:processTestResources NO-SOURCE
> Task :connect:transforms:processTestResources NO-SOURCE
> Task :group-coordinator:processResources
> Task :streams:streams-scala:processTestResources
> Task :connect:file:processTestResources
> Task :raft:processTestResources
> Task :connect:json:processTestResources
> Task :connect:mirror:processTestResources
> Task :group-coordinator:processTestResources
> Task :server-common:createVersionFile
> Task :storage:createVersionFile
> Task :connect:api:processTestResources
> Task :streams:createStreamsVersionFile
> Task :storage:processTestResources
> Task :raft:createVersionFile
> Task :jar
> Task :streams:processTestResources
> Task :streams:upgrade-system-tests-31:jar
> Task :streams:upgrade-system-tests-32:jar
> Task :assemble
> Task :streams:upgrade-system-tests-27:jar
> Task :streams:upgrade-system-tests-24:jar
> Task :streams:upgrade-system-tests-21:jar
> Task :streams:upgrade-system-tests-36:jar
> Task :streams:upgrade-system-tests-31:assemble
> Task :streams:upgrade-system-tests-20:jar
> Task :streams:upgrade-system-tests-33:jar
> Task :streams:upgrade-system-tests-32:assemble
> Task :streams:upgrade-system-tests-23:jar
> Task :streams:upgrade-system-tests-27:assemble
> Task :streams:upgrade-system-tests-30:jar
> Task :streams:upgrade-system-tests-0100:jar
> Task :streams:upgrade-system-tests-34:jar
> Task :rat SKIPPED
> Task :streams:upgrade-system-tests-28:jar
> Task :streams:upgrade-system-tests-36:assemble
> Task :connect:jar
> Task :streams:upgrade-system-tests-21:assemble
> Task :streams:upgrade-system-tests-24:assemble
> Task :streams:upgrade-system-tests-37:jar
> Task :streams:upgrade-system-tests-25:jar
> Task :streams:upgrade-system-tests-0110:jar
> Task :streams:upgrade-system-tests-10:jar
> Task :streams:upgrade-system-tests-22:jar
> Task :streams:upgrade-system-tests-11:jar
> Task :streams:upgrade-system-tests-0101:jar
> Task :streams:upgrade-system-tests-35:jar
> Task :streams:upgrade-system-tests-26:jar
> Task :streams:upgrade-system-tests-25:assemble
> Task :streams:upgrade-system-tests-0102:jar
> Task :metadata:processResources
> Task :streams:upgrade-system-tests-33:assemble
> Task :streams:upgrade-system-tests-21:checkstyleMain NO-SOURCE
> Task :streams:upgrade-system-tests-20:assemble
> Task :streams:upgrade-system-tests-32:checkstyleMain NO-SOURCE
> Task :streams:upgrade-system-tests-36:checkstyleMain NO-SOURCE
> Task :streams:upgrade-system-tests-31:checkstyleMain NO-SOURCE
> Task :compileTestJava NO-SOURCE
> Task :streams:upgrade-system-tests-23:assemble
> Task :streams:upgrade-system-tests-24:checkstyleMain NO-SOURCE
> Task :streams:upgrade-system-tests-30:assemble
> Task :core:processTestResources
> Task :streams:upgrade-system-tests-0100:assemble
> Task :streams:upgrade-system-tests-28:assemble
> Task :connect:assemble
> Task :streams:upgrade-system-tests-37:assemble
> Task :streams:upgrade-system-tests-0110:assemble
> Task :streams:upgrade-system-tests-22:assemble
> Task :streams:upgrade-system-tests-10:assemble
> Task :streams:upgrade-system-tests-11:assemble
> Task :streams:upgrade-system-tests-35:assemble
> Task :streams:upgrade-system-tests-0101:assemble
> Task :streams:upgrade-system-tests-26:assemble
> Task :streams:upgrade-system-tests-0102:assemble
> Task :streams:upgrade-system-tests-25:checkstyleMain NO-SOURCE
> Task :streams:upgrade-system-tests-10:checkstyleMain NO-SOURCE
> Task :streams:upgrade-system-tests-35:checkstyleMain NO-SOURCE
> Task :streams:upgrade-system-tests-0110:checkstyleMain NO-SOURCE
> Task :streams:upgrade-system-tests-0102:checkstyleMain NO-SOURCE
> Task :streams:upgrade-system-tests-0100:checkstyleMain NO-SOURCE
> Task :streams:upgrade-system-tests-30:checkstyleMain NO-SOURCE
> Task :streams:upgrade-system-tests-34:assemble
> Task :streams:upgrade-system-tests-23:checkstyleMain NO-SOURCE
> Task :streams:upgrade-system-tests-27:checkstyleMain NO-SOURCE
> Task :streams:upgrade-system-tests-33:checkstyleMain NO-SOURCE
> Task :processTestResources NO-SOURCE
> Task :streams:upgrade-system-tests-20:checkstyleMain NO-SOURCE
> Task :metadata:processTestResources
> Task :streams:upgrade-system-tests-28:checkstyleMain NO-SOURCE
> Task :streams:upgrade-system-tests-37:checkstyleMain NO-SOURCE
> Task :connect:checkstyleMain NO-SOURCE
> Task :streams:upgrade-system-tests-22:checkstyleMain NO-SOURCE
> Task :streams:upgrade-system-tests-11:checkstyleMain NO-SOURCE
> Task :streams:upgrade-system-tests-0101:checkstyleMain NO-SOURCE
> Task :streams:upgrade-system-tests-26:checkstyleMain NO-SOURCE
> Task :connect:compileTestJava NO-SOURCE
> Task :testClasses UP-TO-DATE
> Task :streams:upgrade-system-tests-34:checkstyleMain NO-SOURCE
> Task :test NO-SOURCE
> Task :connect:processTestResources NO-SOURCE
> Task :connect:testClasses UP-TO-DATE
> Task :check UP-TO-DATE
> Task :build
> Task :connect:checkstyleTest NO-SOURCE
> Task :connect:spotbugsMain NO-SOURCE
> Task :connect:spotbugsTest SKIPPED
> Task :connect:javadoc NO-SOURCE
> Task :connect:test NO-SOURCE
> Task :connect:runtime:processTestResources
> Task :spotlessInternalRegisterDependencies
> Task :clients:processResources
> Task :clients:createVersionFile
> Task :clients:processTestResources
> Task :connect:spotlessJava
> Task :streams:streams-scala:spotlessJava
> Task :streams:streams-scala:spotlessJavaCheck
> Task :connect:spotlessJavaCheck
> Task :connect:spotlessCheck
> Task :connect:check
> Task :connect:build
> Task :transaction-coordinator:spotlessJava
> Task :transaction-coordinator:spotlessJavaCheck
> Task :transaction-coordinator:spotlessCheck
> Task :tools:tools-api:spotlessJava
> Task :tools:tools-api:spotlessJavaCheck
> Task :tools:tools-api:spotlessCheck
> Task :log4j-appender:spotlessJava
> Task :log4j-appender:spotlessJavaCheck
> Task :log4j-appender:spotlessCheck
> Task :group-coordinator:group-coordinator-api:spotlessJava
> Task :group-coordinator:group-coordinator-api:spotlessJavaCheck
> Task :group-coordinator:group-coordinator-api:spotlessCheck
> Task :connect:basic-auth-extension:spotlessJava
> Task :connect:basic-auth-extension:spotlessJavaCheck
> Task :connect:basic-auth-extension:spotlessCheck
> Task :examples:spotlessJava
> Task :examples:spotlessJavaCheck
> Task :examples:spotlessCheck
> Task :connect:test-plugins:spotlessJava
> Task :connect:test-plugins:spotlessJavaCheck
> Task :connect:test-plugins:spotlessCheck
> Task :connect:file:spotlessJava
> Task :connect:file:spotlessJavaCheck
> Task :connect:file:spotlessCheck
> Task :streams:examples:spotlessJava
> Task :streams:examples:spotlessJavaCheck
> Task :streams:examples:spotlessCheck
> Task :automq-shell:spotlessJava
> Task :automq-shell:spotlessJavaCheck
> Task :connect:mirror-client:spotlessJava
> Task :automq-shell:spotlessCheck
> Task :connect:mirror-client:spotlessJavaCheck
> Task :connect:mirror-client:spotlessCheck
> Task :connect:json:spotlessJava
> Task :connect:json:spotlessJavaCheck
> Task :connect:json:spotlessCheck
> Task :storage:storage-api:spotlessJava
> Task :storage:storage-api:spotlessJavaCheck
> Task :storage:storage-api:spotlessCheck
> Task :shell:spotlessJava
> Task :shell:spotlessJavaCheck
> Task :shell:spotlessCheck
> Task :jmh-benchmarks:spotlessJava
> Task :jmh-benchmarks:spotlessJavaCheck
> Task :jmh-benchmarks:spotlessCheck
> Task :streams:test-utils:spotlessJava
> Task :streams:test-utils:spotlessJavaCheck
> Task :streams:test-utils:spotlessCheck
> Task :server:spotlessJava
> Task :server:spotlessJavaCheck
> Task :server:spotlessCheck
> Task :connect:transforms:spotlessJava
> Task :connect:transforms:spotlessJavaCheck
> Task :connect:transforms:spotlessCheck
> Task :connect:mirror:spotlessJava
> Task :connect:mirror:spotlessJavaCheck
> Task :connect:mirror:spotlessCheck
> Task :connect:api:spotlessJava
> Task :trogdor:spotlessJava
> Task :connect:api:spotlessJavaCheck
> Task :trogdor:spotlessJavaCheck
> Task :connect:api:spotlessCheck
> Task :trogdor:spotlessCheck
> Task :server-common:spotlessJava
> Task :server-common:spotlessJavaCheck
> Task :server-common:spotlessCheck
> Task :storage:spotlessJava
> Task :storage:spotlessJavaCheck
> Task :storage:spotlessCheck
> Task :tools:spotlessJava
> Task :tools:spotlessJavaCheck
> Task :tools:spotlessCheck
> Task :raft:spotlessJava
> Task :raft:spotlessJavaCheck
> Task :raft:spotlessCheck
> Task :group-coordinator:spotlessJava
> Task :group-coordinator:spotlessJavaCheck
> Task :group-coordinator:spotlessCheck
> Task :metadata:spotlessJava
> Task :metadata:spotlessJavaCheck
> Task :metadata:spotlessCheck
> Task :connect:runtime:spotlessJava
> Task :connect:runtime:spotlessJavaCheck
> Task :connect:runtime:spotlessCheck
> Task :core:spotlessJava
> Task :core:spotlessJavaCheck
> Task :core:spotlessCheck
> Task :generator:compileJava
> Task :generator:processResources NO-SOURCE
> Task :generator:classes
> Task :generator:jar
> Task :generator:assemble

> Task :raft:processMessages
MessageGenerator: processed 1 Kafka message JSON files(s).

> Task :transaction-coordinator:processMessages
MessageGenerator: processed 2 Kafka message JSON files(s).

> Task :storage:processMessages
MessageGenerator: processed 4 Kafka message JSON files(s).

> Task :group-coordinator:processMessages
MessageGenerator: processed 22 Kafka message JSON files(s).

> Task :metadata:processMessages
MessageGenerator: processed 43 Kafka message JSON files(s).

> Task :streams:spotlessJava
> Task :streams:upgrade-system-tests-0102:compileTestJava
> Task :streams:upgrade-system-tests-0102:processTestResources NO-SOURCE
> Task :streams:upgrade-system-tests-0102:testClasses

> Task :streams:processMessages
MessageGenerator: processed 1 Kafka message JSON files(s).

> Task :streams:spotlessJavaCheck
> Task :streams:spotlessCheck
> Task :clients:spotlessJava
> Task :streams:upgrade-system-tests-0110:compileTestJava
> Task :streams:upgrade-system-tests-0110:processTestResources NO-SOURCE
> Task :streams:upgrade-system-tests-0110:testClasses
> Task :streams:upgrade-system-tests-0102:spotbugsMain NO-SOURCE
> Task :streams:upgrade-system-tests-0102:spotbugsTest SKIPPED
> Task :streams:upgrade-system-tests-0102:spotlessJava
> Task :streams:upgrade-system-tests-0102:spotlessJavaCheck
> Task :streams:upgrade-system-tests-0102:spotlessCheck
> Task :streams:upgrade-system-tests-0102:javadoc NO-SOURCE
> Task :streams:upgrade-system-tests-0110:spotbugsMain NO-SOURCE
> Task :streams:upgrade-system-tests-0110:spotbugsTest SKIPPED
> Task :streams:upgrade-system-tests-0110:spotlessJava
> Task :streams:upgrade-system-tests-0110:spotlessJavaCheck
> Task :streams:upgrade-system-tests-0110:spotlessCheck
> Task :streams:upgrade-system-tests-0110:javadoc NO-SOURCE
> Task :streams:upgrade-system-tests-0100:compileTestJava
> Task :streams:upgrade-system-tests-0100:processTestResources NO-SOURCE
> Task :streams:upgrade-system-tests-0100:testClasses
> Task :streams:upgrade-system-tests-36:compileTestJava
> Task :streams:upgrade-system-tests-35:compileTestJava
> Task :streams:upgrade-system-tests-31:compileTestJava
> Task :streams:upgrade-system-tests-36:processTestResources NO-SOURCE
> Task :streams:upgrade-system-tests-36:testClasses
> Task :streams:upgrade-system-tests-30:compileTestJava
> Task :streams:upgrade-system-tests-31:processTestResources NO-SOURCE
> Task :streams:upgrade-system-tests-35:processTestResources NO-SOURCE
> Task :streams:upgrade-system-tests-31:testClasses
> Task :streams:upgrade-system-tests-30:processTestResources NO-SOURCE
> Task :streams:upgrade-system-tests-35:testClasses
> Task :streams:upgrade-system-tests-30:testClasses
> Task :streams:upgrade-system-tests-32:compileTestJava
> Task :streams:upgrade-system-tests-0100:spotbugsMain NO-SOURCE
> Task :streams:upgrade-system-tests-0100:spotbugsTest SKIPPED
> Task :streams:upgrade-system-tests-25:compileTestJava
> Task :streams:upgrade-system-tests-25:processTestResources NO-SOURCE
> Task :streams:upgrade-system-tests-25:testClasses
> Task :streams:upgrade-system-tests-0100:spotlessJava
> Task :streams:upgrade-system-tests-0100:spotlessJavaCheck
> Task :streams:upgrade-system-tests-0100:spotlessCheck
> Task :streams:upgrade-system-tests-0100:javadoc NO-SOURCE
> Task :streams:upgrade-system-tests-32:processTestResources NO-SOURCE
> Task :streams:upgrade-system-tests-32:testClasses
> Task :streams:upgrade-system-tests-34:compileTestJava
> Task :streams:upgrade-system-tests-33:compileTestJava
> Task :streams:upgrade-system-tests-34:processTestResources NO-SOURCE
> Task :streams:upgrade-system-tests-34:testClasses
> Task :streams:upgrade-system-tests-33:processTestResources NO-SOURCE
> Task :streams:upgrade-system-tests-33:testClasses
> Task :streams:upgrade-system-tests-10:compileTestJava
> Task :streams:upgrade-system-tests-10:processTestResources NO-SOURCE
> Task :streams:upgrade-system-tests-10:testClasses
> Task :streams:upgrade-system-tests-28:compileTestJava
> Task :streams:upgrade-system-tests-28:processTestResources NO-SOURCE
> Task :streams:upgrade-system-tests-28:testClasses
> Task :streams:upgrade-system-tests-11:compileTestJava
> Task :streams:upgrade-system-tests-11:processTestResources NO-SOURCE
> Task :streams:upgrade-system-tests-11:testClasses
> Task :streams:upgrade-system-tests-20:compileTestJava
> Task :streams:upgrade-system-tests-20:processTestResources NO-SOURCE
> Task :streams:upgrade-system-tests-20:testClasses
> Task :streams:upgrade-system-tests-24:compileTestJava
> Task :streams:upgrade-system-tests-24:processTestResources NO-SOURCE
> Task :streams:upgrade-system-tests-24:testClasses
> Task :streams:upgrade-system-tests-23:compileTestJava
> Task :streams:upgrade-system-tests-23:processTestResources NO-SOURCE
> Task :streams:upgrade-system-tests-23:testClasses
> Task :streams:upgrade-system-tests-21:compileTestJava
> Task :streams:upgrade-system-tests-21:processTestResources NO-SOURCE
> Task :streams:upgrade-system-tests-21:testClasses
> Task :streams:upgrade-system-tests-10:spotbugsMain NO-SOURCE
> Task :streams:upgrade-system-tests-10:spotbugsTest SKIPPED
> Task :streams:upgrade-system-tests-25:spotbugsMain NO-SOURCE
> Task :streams:upgrade-system-tests-25:spotbugsTest SKIPPED
> Task :streams:upgrade-system-tests-10:spotlessJava
> Task :streams:upgrade-system-tests-10:spotlessJavaCheck
> Task :streams:upgrade-system-tests-10:spotlessCheck
> Task :streams:upgrade-system-tests-10:javadoc NO-SOURCE
> Task :streams:upgrade-system-tests-25:spotlessJava
> Task :streams:upgrade-system-tests-25:spotlessJavaCheck
> Task :streams:upgrade-system-tests-25:spotlessCheck
> Task :streams:upgrade-system-tests-25:javadoc NO-SOURCE

> Task :clients:processMessages
MessageGenerator: processed 224 Kafka message JSON files(s).

> Task :streams:upgrade-system-tests-22:compileTestJava
> Task :streams:upgrade-system-tests-22:processTestResources NO-SOURCE
> Task :streams:upgrade-system-tests-22:testClasses
> Task :streams:upgrade-system-tests-26:compileTestJava
> Task :streams:upgrade-system-tests-26:processTestResources NO-SOURCE
> Task :streams:upgrade-system-tests-26:testClasses
> Task :streams:upgrade-system-tests-24:spotbugsMain NO-SOURCE
> Task :streams:upgrade-system-tests-24:spotbugsTest SKIPPED
> Task :streams:upgrade-system-tests-23:spotbugsMain NO-SOURCE
> Task :streams:upgrade-system-tests-23:spotbugsTest SKIPPED
> Task :generator:compileTestJava
> Task :generator:processTestResources NO-SOURCE
> Task :generator:testClasses
> Task :streams:upgrade-system-tests-24:spotlessJava
> Task :streams:upgrade-system-tests-24:spotlessJavaCheck
> Task :streams:upgrade-system-tests-24:spotlessCheck
> Task :streams:upgrade-system-tests-24:javadoc NO-SOURCE
> Task :streams:upgrade-system-tests-23:spotlessJava
> Task :streams:upgrade-system-tests-23:spotlessJavaCheck
> Task :streams:upgrade-system-tests-23:spotlessCheck
> Task :streams:upgrade-system-tests-23:javadoc NO-SOURCE
> Task :streams:upgrade-system-tests-11:spotbugsMain NO-SOURCE
> Task :streams:upgrade-system-tests-11:spotbugsTest SKIPPED
> Task :streams:upgrade-system-tests-11:spotlessJava
> Task :streams:upgrade-system-tests-11:spotlessJavaCheck
> Task :streams:upgrade-system-tests-11:spotlessCheck
> Task :streams:upgrade-system-tests-11:javadoc NO-SOURCE
> Task :streams:upgrade-system-tests-20:spotbugsMain NO-SOURCE
> Task :streams:upgrade-system-tests-20:spotbugsTest SKIPPED
> Task :streams:upgrade-system-tests-20:spotlessJava
> Task :streams:upgrade-system-tests-20:spotlessJavaCheck
> Task :streams:upgrade-system-tests-20:spotlessCheck
> Task :streams:upgrade-system-tests-20:javadoc NO-SOURCE
> Task :streams:upgrade-system-tests-27:compileTestJava
> Task :streams:upgrade-system-tests-27:processTestResources NO-SOURCE
> Task :streams:upgrade-system-tests-27:testClasses
> Task :streams:upgrade-system-tests-30:spotbugsMain NO-SOURCE
> Task :streams:upgrade-system-tests-30:spotbugsTest SKIPPED
> Task :streams:upgrade-system-tests-30:spotlessJava
> Task :streams:upgrade-system-tests-30:spotlessJavaCheck
> Task :streams:upgrade-system-tests-30:spotlessCheck
> Task :streams:upgrade-system-tests-31:spotbugsMain NO-SOURCE
> Task :streams:upgrade-system-tests-31:spotbugsTest SKIPPED
> Task :streams:upgrade-system-tests-30:javadoc NO-SOURCE
> Task :streams:upgrade-system-tests-31:spotlessJava
> Task :streams:upgrade-system-tests-31:spotlessJavaCheck
> Task :streams:upgrade-system-tests-31:spotlessCheck
> Task :streams:upgrade-system-tests-31:javadoc NO-SOURCE
> Task :streams:upgrade-system-tests-28:spotbugsMain NO-SOURCE
> Task :streams:upgrade-system-tests-28:spotbugsTest SKIPPED
> Task :streams:upgrade-system-tests-21:spotbugsMain NO-SOURCE
> Task :streams:upgrade-system-tests-28:spotlessJava
> Task :streams:upgrade-system-tests-21:spotbugsTest SKIPPED
> Task :streams:upgrade-system-tests-28:spotlessJavaCheck
> Task :streams:upgrade-system-tests-28:spotlessCheck
> Task :streams:upgrade-system-tests-28:javadoc NO-SOURCE
> Task :streams:upgrade-system-tests-21:spotlessJava
> Task :streams:upgrade-system-tests-21:spotlessJavaCheck
> Task :streams:upgrade-system-tests-21:spotlessCheck
> Task :streams:upgrade-system-tests-21:javadoc NO-SOURCE
> Task :streams:upgrade-system-tests-22:spotbugsMain NO-SOURCE
> Task :streams:upgrade-system-tests-22:spotbugsTest SKIPPED
> Task :streams:upgrade-system-tests-26:spotbugsMain NO-SOURCE
> Task :streams:upgrade-system-tests-26:spotbugsTest SKIPPED
> Task :streams:upgrade-system-tests-22:spotlessJava
> Task :streams:upgrade-system-tests-26:spotlessJava
> Task :streams:upgrade-system-tests-22:spotlessJavaCheck
> Task :streams:upgrade-system-tests-26:spotlessJavaCheck
> Task :streams:upgrade-system-tests-22:spotlessCheck
> Task :streams:upgrade-system-tests-26:spotlessCheck
> Task :streams:upgrade-system-tests-26:javadoc NO-SOURCE
> Task :streams:upgrade-system-tests-22:javadoc NO-SOURCE
> Task :streams:upgrade-system-tests-27:spotbugsMain NO-SOURCE
> Task :streams:upgrade-system-tests-27:spotbugsTest SKIPPED
> Task :streams:upgrade-system-tests-27:spotlessJava
> Task :streams:upgrade-system-tests-27:spotlessJavaCheck
> Task :streams:upgrade-system-tests-27:spotlessCheck
> Task :streams:upgrade-system-tests-27:javadoc NO-SOURCE
> Task :streams:streams-scala:spotlessScala
> Task :streams:streams-scala:spotlessScalaCheck
> Task :streams:streams-scala:spotlessCheck
> Task :streams:upgrade-system-tests-32:spotbugsMain NO-SOURCE
> Task :streams:upgrade-system-tests-32:spotbugsTest SKIPPED
> Task :streams:upgrade-system-tests-32:spotlessJava
> Task :streams:upgrade-system-tests-32:spotlessJavaCheck
> Task :streams:upgrade-system-tests-32:spotlessCheck
> Task :streams:upgrade-system-tests-32:javadoc NO-SOURCE
> Task :streams:upgrade-system-tests-36:spotbugsMain NO-SOURCE
> Task :streams:upgrade-system-tests-36:spotbugsTest SKIPPED
> Task :streams:upgrade-system-tests-34:spotbugsMain NO-SOURCE
> Task :streams:upgrade-system-tests-34:spotbugsTest SKIPPED
> Task :streams:upgrade-system-tests-36:spotlessJava
> Task :streams:upgrade-system-tests-36:spotlessJavaCheck
> Task :streams:upgrade-system-tests-36:spotlessCheck
> Task :streams:upgrade-system-tests-36:javadoc NO-SOURCE
> Task :streams:upgrade-system-tests-33:spotbugsMain NO-SOURCE
> Task :streams:upgrade-system-tests-33:spotbugsTest SKIPPED
> Task :streams:upgrade-system-tests-35:spotbugsMain NO-SOURCE
> Task :streams:upgrade-system-tests-35:spotbugsTest SKIPPED
> Task :streams:upgrade-system-tests-34:spotlessJava
> Task :streams:upgrade-system-tests-34:spotlessJavaCheck
> Task :streams:upgrade-system-tests-34:spotlessCheck
> Task :streams:upgrade-system-tests-34:javadoc NO-SOURCE
> Task :streams:upgrade-system-tests-33:spotlessJava
> Task :streams:upgrade-system-tests-33:spotlessJavaCheck
> Task :streams:upgrade-system-tests-33:spotlessCheck
> Task :streams:upgrade-system-tests-33:javadoc NO-SOURCE
> Task :streams:upgrade-system-tests-35:spotlessJava
> Task :streams:upgrade-system-tests-35:spotlessJavaCheck
> Task :streams:upgrade-system-tests-35:spotlessCheck
> Task :streams:upgrade-system-tests-35:javadoc NO-SOURCE
> Task :streams:upgrade-system-tests-37:compileTestJava
> Task :streams:upgrade-system-tests-37:processTestResources NO-SOURCE
> Task :streams:upgrade-system-tests-37:testClasses
> Task :streams:upgrade-system-tests-0101:compileTestJava
> Task :streams:upgrade-system-tests-0101:processTestResources NO-SOURCE
> Task :streams:upgrade-system-tests-0101:testClasses
> Task :generator:spotbugsTest SKIPPED
> Task :streams:upgrade-system-tests-0101:spotbugsMain NO-SOURCE
> Task :streams:upgrade-system-tests-0101:spotbugsTest SKIPPED
> Task :streams:upgrade-system-tests-0101:spotlessJava
> Task :streams:upgrade-system-tests-0101:spotlessJavaCheck
> Task :streams:upgrade-system-tests-0101:spotlessCheck
> Task :streams:upgrade-system-tests-0101:javadoc NO-SOURCE
> Task :generator:spotlessJava
> Task :generator:spotlessJavaCheck
> Task :generator:spotlessCheck
> Task :generator:javadoc SKIPPED
> Task :streams:upgrade-system-tests-37:spotbugsMain NO-SOURCE
> Task :streams:upgrade-system-tests-37:spotbugsTest SKIPPED
> Task :streams:upgrade-system-tests-37:spotlessJava
> Task :streams:upgrade-system-tests-37:spotlessJavaCheck
> Task :streams:upgrade-system-tests-37:spotlessCheck
> Task :streams:upgrade-system-tests-37:javadoc NO-SOURCE
> Task :streams:upgrade-system-tests-0102:checkstyleTest
> Task :streams:upgrade-system-tests-0110:checkstyleTest
> Task :streams:upgrade-system-tests-0100:checkstyleTest
> Task :streams:upgrade-system-tests-10:checkstyleTest
> Task :streams:upgrade-system-tests-0102:test
> Task :streams:upgrade-system-tests-0102:check
> Task :streams:upgrade-system-tests-0102:build
> Task :streams:upgrade-system-tests-0110:test
> Task :streams:upgrade-system-tests-0110:check
> Task :streams:upgrade-system-tests-0110:build
> Task :streams:upgrade-system-tests-11:checkstyleTest
> Task :generator:checkstyleTest
> Task :streams:upgrade-system-tests-20:checkstyleTest
> Task :streams:upgrade-system-tests-0100:test
> Task :streams:upgrade-system-tests-0100:check
> Task :streams:upgrade-system-tests-0100:build
> Task :streams:upgrade-system-tests-24:checkstyleTest
> Task :streams:upgrade-system-tests-23:checkstyleTest
> Task :streams:upgrade-system-tests-30:checkstyleTest
> Task :streams:upgrade-system-tests-21:checkstyleTest
> Task :generator:checkstyleMain
> Task :streams:upgrade-system-tests-25:checkstyleTest
> Task :streams:upgrade-system-tests-27:checkstyleTest
> Task :streams:upgrade-system-tests-28:checkstyleTest
> Task :streams:upgrade-system-tests-26:checkstyleTest
> Task :streams:upgrade-system-tests-31:checkstyleTest
> Task :streams:upgrade-system-tests-34:checkstyleTest
> Task :streams:upgrade-system-tests-32:checkstyleTest
> Task :streams:upgrade-system-tests-33:checkstyleTest
> Task :streams:upgrade-system-tests-22:checkstyleTest
> Task :streams:upgrade-system-tests-35:checkstyleTest
> Task :streams:upgrade-system-tests-36:checkstyleTest
> Task :streams:upgrade-system-tests-10:test
> Task :streams:upgrade-system-tests-10:check
> Task :streams:upgrade-system-tests-10:build
> Task :streams:upgrade-system-tests-20:test
> Task :streams:upgrade-system-tests-20:check
> Task :streams:upgrade-system-tests-20:build
> Task :streams:upgrade-system-tests-11:test
> Task :streams:upgrade-system-tests-11:check
> Task :streams:upgrade-system-tests-11:build
> Task :streams:upgrade-system-tests-0101:checkstyleTest
> Task :streams:upgrade-system-tests-37:checkstyleTest
> Task :streams:upgrade-system-tests-24:test
> Task :streams:upgrade-system-tests-24:check
> Task :streams:upgrade-system-tests-24:build
> Task :streams:upgrade-system-tests-27:test
> Task :streams:upgrade-system-tests-27:check
> Task :streams:upgrade-system-tests-27:build
> Task :streams:upgrade-system-tests-21:test
> Task :streams:upgrade-system-tests-21:check
> Task :streams:upgrade-system-tests-21:build
> Task :streams:upgrade-system-tests-25:test
> Task :streams:upgrade-system-tests-25:check
> Task :streams:upgrade-system-tests-25:build
> Task :streams:upgrade-system-tests-0101:test
> Task :streams:upgrade-system-tests-0101:check
> Task :streams:upgrade-system-tests-0101:build
> Task :streams:upgrade-system-tests-30:test
> Task :streams:upgrade-system-tests-30:check
> Task :streams:upgrade-system-tests-30:build
> Task :streams:upgrade-system-tests-31:test
> Task :streams:upgrade-system-tests-31:check
> Task :streams:upgrade-system-tests-31:build
> Task :streams:upgrade-system-tests-34:test
> Task :streams:upgrade-system-tests-34:check
> Task :streams:upgrade-system-tests-34:build
> Task :streams:upgrade-system-tests-35:test
> Task :streams:upgrade-system-tests-35:check
> Task :streams:upgrade-system-tests-35:build
> Task :streams:upgrade-system-tests-23:test
> Task :streams:upgrade-system-tests-23:check
> Task :streams:upgrade-system-tests-23:build
> Task :streams:upgrade-system-tests-33:test
> Task :streams:upgrade-system-tests-33:check
> Task :streams:upgrade-system-tests-33:build
> Task :streams:upgrade-system-tests-22:test
> Task :streams:upgrade-system-tests-22:check
> Task :streams:upgrade-system-tests-22:build
> Task :streams:upgrade-system-tests-32:test
> Task :streams:upgrade-system-tests-32:check
> Task :streams:upgrade-system-tests-32:build
> Task :streams:upgrade-system-tests-26:test
> Task :streams:upgrade-system-tests-26:check
> Task :streams:upgrade-system-tests-26:build
> Task :streams:upgrade-system-tests-37:test
> Task :streams:upgrade-system-tests-37:check
> Task :streams:upgrade-system-tests-37:build
> Task :streams:upgrade-system-tests-28:test
> Task :streams:upgrade-system-tests-28:check
> Task :streams:upgrade-system-tests-28:build
> Task :streams:upgrade-system-tests-36:test
> Task :streams:upgrade-system-tests-36:check
> Task :streams:upgrade-system-tests-36:build
> Task :s3stream:compileJava
> Task :s3stream:processResources NO-SOURCE
> Task :s3stream:classes
> Task :s3stream:jar
> Task :s3stream:assemble
> Task :generator:spotbugsMain

> Task :generator:test

Gradle Test Run :generator:test > Gradle Test Executor 211 > IsNullConditionalTest > testNotNullCheck() PASSED

Gradle Test Run :generator:test > Gradle Test Executor 211 > IsNullConditionalTest > testNeverNullWithBlockScope() PASSED

Gradle Test Run :generator:test > Gradle Test Executor 211 > IsNullConditionalTest > testNeverNull() PASSED

Gradle Test Run :generator:test > Gradle Test Executor 213 > VersionConditionalTest > testAlwaysTrueConditionalWithAlwaysEmitBlockScope() PASSED

Gradle Test Run :generator:test > Gradle Test Executor 211 > IsNullConditionalTest > testAnotherNullCheck() PASSED

Gradle Test Run :generator:test > Gradle Test Executor 213 > VersionConditionalTest > testLowerRangeCheckWithElse() PASSED

Gradle Test Run :generator:test > Gradle Test Executor 211 > IsNullConditionalTest > testNullCheck() PASSED

Gradle Test Run :generator:test > Gradle Test Executor 213 > VersionConditionalTest > testFullRangeCheck() PASSED

Gradle Test Run :generator:test > Gradle Test Executor 213 > VersionConditionalTest > testAlwaysTrueConditional() PASSED

Gradle Test Run :generator:test > Gradle Test Executor 213 > VersionConditionalTest > testAlwaysFalseConditional() PASSED

Gradle Test Run :generator:test > Gradle Test Executor 213 > VersionConditionalTest > testLowerRangeCheckWithIfMember() PASSED

Gradle Test Run :generator:test > Gradle Test Executor 213 > VersionConditionalTest > testUpperRangeCheckWithIfNotMember() PASSED

Gradle Test Run :generator:test > Gradle Test Executor 213 > VersionConditionalTest > testUpperRangeCheckWithIfMember() PASSED

Gradle Test Run :generator:test > Gradle Test Executor 213 > VersionConditionalTest > testAnotherAlwaysFalseConditional() PASSED

Gradle Test Run :generator:test > Gradle Test Executor 213 > VersionConditionalTest > testAllowMembershipCheckAlwaysFalseFails() PASSED

Gradle Test Run :generator:test > Gradle Test Executor 213 > VersionConditionalTest > testLowerRangeCheckWithIfNotMember() PASSED

Gradle Test Run :generator:test > Gradle Test Executor 213 > VersionConditionalTest > testUpperRangeCheckWithElse() PASSED

Gradle Test Run :generator:test > Gradle Test Executor 214 > MessageGeneratorTest > testToSnakeCase() PASSED

Gradle Test Run :generator:test > Gradle Test Executor 214 > MessageGeneratorTest > testCapitalizeFirst() PASSED

Gradle Test Run :generator:test > Gradle Test Executor 214 > MessageGeneratorTest > testConstants() PASSED

Gradle Test Run :generator:test > Gradle Test Executor 214 > MessageGeneratorTest > testLowerCaseFirst() PASSED

Gradle Test Run :generator:test > Gradle Test Executor 212 > VersionsTest > testIntersections() PASSED

Gradle Test Run :generator:test > Gradle Test Executor 209 > CodeBufferTest > testWrite() PASSED

Gradle Test Run :generator:test > Gradle Test Executor 214 > MessageGeneratorTest > testFirstIsCapitalized() PASSED

Gradle Test Run :generator:test > Gradle Test Executor 212 > VersionsTest > testSubtract() PASSED

Gradle Test Run :generator:test > Gradle Test Executor 212 > VersionsTest > testRoundTrips() PASSED

Gradle Test Run :generator:test > Gradle Test Executor 209 > CodeBufferTest > testIndentMustBeNonNegative() PASSED

Gradle Test Run :generator:test > Gradle Test Executor 212 > VersionsTest > testVersionsParse() PASSED

Gradle Test Run :generator:test > Gradle Test Executor 210 > EntityTypeTest > testVerifyTypeMismatches() PASSED

Gradle Test Run :generator:test > Gradle Test Executor 212 > VersionsTest > testContains() PASSED

Gradle Test Run :generator:test > Gradle Test Executor 209 > CodeBufferTest > testEquals() PASSED

Gradle Test Run :generator:test > Gradle Test Executor 210 > EntityTypeTest > testVerifyTypeMatches() PASSED

Gradle Test Run :generator:test > Gradle Test Executor 210 > EntityTypeTest > testUnknownEntityType() PASSED

Gradle Test Run :generator:test > Gradle Test Executor 214 > MessageGeneratorTest > stripSuffixTest() PASSED

Gradle Test Run :generator:test > Gradle Test Executor 216 > StructRegistryTest > testDuplicateCommonStructError() PASSED

Gradle Test Run :generator:test > Gradle Test Executor 216 > StructRegistryTest > testSingleStruct() PASSED

Gradle Test Run :generator:test > Gradle Test Executor 216 > StructRegistryTest > testReSpecifiedCommonStructError() PASSED

Gradle Test Run :generator:test > Gradle Test Executor 216 > StructRegistryTest > testCommonStructs() PASSED

Gradle Test Run :generator:test > Gradle Test Executor 215 > MessageDataGeneratorTest > testInvalidNullDefaultForPotentiallyNonNullableStruct() PASSED

Gradle Test Run :generator:test > Gradle Test Executor 215 > MessageDataGeneratorTest > testInvalidNullDefaultForPotentiallyNonNullableArray() PASSED

Gradle Test Run :generator:test > Gradle Test Executor 215 > MessageDataGeneratorTest > testInvalidFieldName() PASSED

Gradle Test Run :generator:test > Gradle Test Executor 215 > MessageDataGeneratorTest > testInvalidTaggedVersionsWithoutTag() PASSED

Gradle Test Run :generator:test > Gradle Test Executor 215 > MessageDataGeneratorTest > testInvalidFlexibleVersionsRange() PASSED

Gradle Test Run :generator:test > Gradle Test Executor 215 > MessageDataGeneratorTest > testInvalidNullDefaultForInt() PASSED

Gradle Test Run :generator:test > Gradle Test Executor 215 > MessageDataGeneratorTest > testNullDefaultsWithDeprecatedVersions() PASSED

Gradle Test Run :generator:test > Gradle Test Executor 215 > MessageDataGeneratorTest > testDuplicateTags() PASSED

Gradle Test Run :generator:test > Gradle Test Executor 215 > MessageDataGeneratorTest > testInvalidNullDefaultForNullableStruct() PASSED

Gradle Test Run :generator:test > Gradle Test Executor 215 > MessageDataGeneratorTest > testInvalidTaggedVersionsRange() PASSED

Gradle Test Run :generator:test > Gradle Test Executor 215 > MessageDataGeneratorTest > testInvalidTaggedVersionsNotASubsetOfVersions() PASSED

Gradle Test Run :generator:test > Gradle Test Executor 215 > MessageDataGeneratorTest > testNullDefaults() PASSED

Gradle Test Run :generator:test > Gradle Test Executor 215 > MessageDataGeneratorTest > testInvalidTagWithoutTaggedVersions() PASSED

Gradle Test Run :generator:test > Gradle Test Executor 215 > MessageDataGeneratorTest > testInvalidNegativeTag() PASSED

Gradle Test Run :generator:test > Gradle Test Executor 215 > MessageDataGeneratorTest > testInvalidSometimesNullableTaggedField() PASSED

> Task :generator:check
> Task :generator:build

> Task :clients:compileJava
/app/clients/src/main/java/org/apache/kafka/common/security/ssl/CommonNameLoggingTrustManagerFactoryWrapper.java:374: warning: [deprecation] getSubjectDN() in X509Certificate has been deprecated
        public Principal getSubjectDN() {
                         ^
/app/clients/src/main/java/org/apache/kafka/common/security/ssl/CommonNameLoggingTrustManagerFactoryWrapper.java:324: warning: [deprecation] getIssuerDN() in X509Certificate has been deprecated
        public Principal getIssuerDN() {
                         ^
/app/clients/src/main/java/org/apache/kafka/common/security/ssl/CommonNameLoggingTrustManagerFactoryWrapper.java:325: warning: [deprecation] getIssuerDN() in X509Certificate has been deprecated
            return this.origCertificate.getIssuerDN();
                                       ^
/app/clients/src/main/java/org/apache/kafka/common/security/ssl/CommonNameLoggingTrustManagerFactoryWrapper.java:375: warning: [deprecation] getSubjectDN() in X509Certificate has been deprecated
            return this.origCertificate.getSubjectDN();
                                       ^
4 warnings

> Task :s3stream:compileTestJava
> Task :s3stream:processTestResources NO-SOURCE
> Task :s3stream:testClasses
> Task :s3stream:spotbugsTest SKIPPED
> Task :s3stream:spotlessJava
> Task :s3stream:spotlessJavaCheck
> Task :s3stream:spotlessCheck
> Task :s3stream:checkstyleMain
> Task :clients:classes
> Task :s3stream:checkstyleTest
> Task :tools:tools-api:compileJava
> Task :tools:tools-api:classes
> Task :group-coordinator:group-coordinator-api:compileJava
> Task :group-coordinator:group-coordinator-api:classes
> Task :tools:tools-api:jar
> Task :tools:tools-api:assemble
> Task :transaction-coordinator:compileJava
> Task :transaction-coordinator:classes
> Task :group-coordinator:group-coordinator-api:jar
> Task :group-coordinator:group-coordinator-api:assemble
> Task :transaction-coordinator:jar
> Task :transaction-coordinator:assemble
> Task :connect:mirror-client:compileJava
> Task :connect:mirror-client:classes
> Task :examples:compileJava
> Task :examples:classes
> Task :group-coordinator:group-coordinator-api:compileTestJava NO-SOURCE
> Task :group-coordinator:group-coordinator-api:testClasses UP-TO-DATE
> Task :examples:jar
> Task :examples:assemble
> Task :group-coordinator:group-coordinator-api:checkstyleTest NO-SOURCE
> Task :log4j-appender:compileJava
> Task :log4j-appender:classes
> Task :log4j-appender:jar
> Task :log4j-appender:assemble
> Task :transaction-coordinator:compileTestJava NO-SOURCE
> Task :transaction-coordinator:testClasses UP-TO-DATE
> Task :transaction-coordinator:checkstyleTest NO-SOURCE
> Task :examples:compileTestJava NO-SOURCE
> Task :examples:testClasses UP-TO-DATE
> Task :examples:checkstyleTest NO-SOURCE
> Task :group-coordinator:group-coordinator-api:spotbugsTest SKIPPED
> Task :transaction-coordinator:spotbugsTest SKIPPED
> Task :transaction-coordinator:javadoc SKIPPED
> Task :tools:tools-api:compileTestJava
> Task :tools:tools-api:testClasses
> Task :examples:spotbugsTest SKIPPED
> Task :examples:javadoc SKIPPED
> Task :log4j-appender:javadoc SKIPPED
> Task :tools:tools-api:spotbugsTest SKIPPED
> Task :tools:tools-api:checkstyleMain
> Task :connect:api:compileJava
> Task :connect:api:classes
> Task :tools:tools-api:checkstyleTest
> Task :group-coordinator:group-coordinator-api:checkstyleMain
> Task :log4j-appender:checkstyleMain
> Task :transaction-coordinator:checkstyleMain
> Task :connect:file:compileJava
> Task :connect:file:classes
> Task :connect:mirror-client:checkstyleMain
> Task :examples:checkstyleMain
> Task :connect:file:javadoc SKIPPED
> Task :connect:basic-auth-extension:compileJava
> Task :connect:basic-auth-extension:classes
> Task :connect:basic-auth-extension:javadoc SKIPPED
> Task :connect:transforms:compileJava
> Task :connect:transforms:classes
> Task :connect:transforms:javadoc SKIPPED
> Task :connect:basic-auth-extension:checkstyleMain
> Task :connect:json:compileJava
> Task :connect:json:classes
> Task :connect:file:checkstyleMain
> Task :connect:json:javadoc SKIPPED
> Task :server-common:compileJava
> Task :server-common:classes
> Task :server-common:jar
> Task :server-common:assemble
> Task :automq-shell:compileJava
> Task :automq-shell:classes
> Task :automq-shell:jar
> Task :automq-shell:assemble
> Task :server-common:javadoc SKIPPED
> Task :connect:json:checkstyleMain
> Task :connect:test-plugins:compileJava
> Task :connect:test-plugins:classes
> Task :connect:test-plugins:jar
> Task :storage:storage-api:compileJava
> Task :storage:storage-api:classes
> Task :connect:test-plugins:assemble
> Task :storage:storage-api:jar
> Task :storage:storage-api:assemble
> Task :connect:test-plugins:compileTestJava NO-SOURCE
> Task :connect:test-plugins:testClasses UP-TO-DATE
> Task :connect:test-plugins:checkstyleTest NO-SOURCE
> Task :connect:test-plugins:spotbugsTest SKIPPED
> Task :connect:api:checkstyleMain
> Task :connect:transforms:checkstyleMain
> Task :automq-shell:compileTestJava
> Task :automq-shell:testClasses
> Task :connect:test-plugins:checkstyleMain
> Task :storage:storage-api:checkstyleMain
> Task :automq-shell:checkstyleMain
> Task :automq-shell:spotbugsTest SKIPPED
> Task :automq-shell:checkstyleTest
> Task :raft:compileJava
> Task :raft:classes
> Task :raft:jar
> Task :raft:assemble
> Task :raft:javadoc SKIPPED
> Task :group-coordinator:group-coordinator-api:javadoc
> Task :tools:tools-api:javadoc
> Task :trogdor:compileJava
> Task :trogdor:classes

> Task :s3stream:javadoc
javadoc: error - An internal exception has occurred.
	(java.lang.NullPointerException)
Please file a bug against the javadoc tool via the Java bug reporting page
(http://bugreport.java.com) after checking the Bug Database (http://bugs.java.com)
for duplicates. Include error messages and the following diagnostic in your report. Thank you.
java.lang.NullPointerException
	at java.base/java.util.Objects.requireNonNull(Objects.java:208)
	at jdk.compiler/com.sun.source.util.DocTreePath.<init>(DocTreePath.java:103)
	at jdk.compiler/com.sun.source.util.DocTreePath.getPath(DocTreePath.java:51)
	at jdk.javadoc/jdk.javadoc.internal.doclets.toolkit.util.CommentHelper.getType(CommentHelper.java:195)
	at jdk.javadoc/jdk.javadoc.internal.doclets.toolkit.util.CommentHelper$4.visitReference(CommentHelper.java:446)
	at jdk.javadoc/jdk.javadoc.internal.doclets.toolkit.util.CommentHelper$4.visitReference(CommentHelper.java:443)
	at jdk.compiler/com.sun.tools.javac.tree.DCTree$DCReference.accept(DCTree.java:671)
	at jdk.compiler/com.sun.source.util.SimpleDocTreeVisitor.visit(SimpleDocTreeVisitor.java:79)
	at jdk.javadoc/jdk.javadoc.internal.doclets.toolkit.util.CommentHelper$ReferenceDocTreeVisitor.visitLink(CommentHelper.java:480)
	at jdk.javadoc/jdk.javadoc.internal.doclets.toolkit.util.CommentHelper$ReferenceDocTreeVisitor.visitLink(CommentHelper.java:469)
	at jdk.compiler/com.sun.tools.javac.tree.DCTree$DCLink.accept(DCTree.java:538)
	at jdk.compiler/com.sun.source.util.SimpleDocTreeVisitor.visit(SimpleDocTreeVisitor.java:79)
	at jdk.javadoc/jdk.javadoc.internal.doclets.toolkit.util.CommentHelper.getReferencedType(CommentHelper.java:448)
	at jdk.javadoc/jdk.javadoc.internal.doclets.formats.html.HtmlDocletWriter.seeTagToContent(HtmlDocletWriter.java:1090)
	at jdk.javadoc/jdk.javadoc.internal.doclets.formats.html.HtmlDocletWriter$2.visitLink(HtmlDocletWriter.java:1563)
	at jdk.javadoc/jdk.javadoc.internal.doclets.formats.html.HtmlDocletWriter$2.visitLink(HtmlDocletWriter.java:1425)
	at jdk.compiler/com.sun.tools.javac.tree.DCTree$DCLink.accept(DCTree.java:538)
	at jdk.compiler/com.sun.source.util.SimpleDocTreeVisitor.visit(SimpleDocTreeVisitor.java:79)
	at jdk.javadoc/jdk.javadoc.internal.doclets.formats.html.HtmlDocletWriter.commentTagsToContent(HtmlDocletWriter.java:1647)
	at jdk.javadoc/jdk.javadoc.internal.doclets.formats.html.TagletWriterImpl.returnTagOutput(TagletWriterImpl.java:305)
	at jdk.javadoc/jdk.javadoc.internal.doclets.toolkit.taglets.ReturnTaglet.getAllBlockTagOutput(ReturnTaglet.java:126)
	at jdk.javadoc/jdk.javadoc.internal.doclets.toolkit.taglets.TagletWriter.getBlockTagOutput(TagletWriter.java:289)
	at jdk.javadoc/jdk.javadoc.internal.doclets.formats.html.HtmlDocletWriter.getBlockTagOutput(HtmlDocletWriter.java:368)
	at jdk.javadoc/jdk.javadoc.internal.doclets.formats.html.HtmlDocletWriter.getBlockTagOutput(HtmlDocletWriter.java:354)
	at jdk.javadoc/jdk.javadoc.internal.doclets.formats.html.HtmlDocletWriter.addTagsInfo(HtmlDocletWriter.java:340)
	at jdk.javadoc/jdk.javadoc.internal.doclets.formats.html.MethodWriterImpl.addTags(MethodWriterImpl.java:175)
	at jdk.javadoc/jdk.javadoc.internal.doclets.toolkit.builders.MethodBuilder.buildTagInfo(MethodBuilder.java:190)
	at jdk.javadoc/jdk.javadoc.internal.doclets.toolkit.builders.MethodBuilder.buildMethodDoc(MethodBuilder.java:128)
	at jdk.javadoc/jdk.javadoc.internal.doclets.toolkit.builders.MethodBuilder.build(MethodBuilder.java:106)
	at jdk.javadoc/jdk.javadoc.internal.doclets.toolkit.builders.ClassBuilder.buildMethodDetails(ClassBuilder.java:398)
	at jdk.javadoc/jdk.javadoc.internal.doclets.toolkit.builders.ClassBuilder.buildMemberDetails(ClassBuilder.java:346)
	at jdk.javadoc/jdk.javadoc.internal.doclets.toolkit.builders.ClassBuilder.buildClassDoc(ClassBuilder.java:149)
	at jdk.javadoc/jdk.javadoc.internal.doclets.toolkit.builders.ClassBuilder.build(ClassBuilder.java:113)
	at jdk.javadoc/jdk.javadoc.internal.doclets.formats.html.HtmlDoclet.generateClassFiles(HtmlDoclet.java:325)
	at jdk.javadoc/jdk.javadoc.internal.doclets.toolkit.AbstractDoclet.generateClassFiles(AbstractDoclet.java:286)
	at jdk.javadoc/jdk.javadoc.internal.doclets.formats.html.HtmlDoclet.generateClassFiles(HtmlDoclet.java:185)
	at jdk.javadoc/jdk.javadoc.internal.doclets.toolkit.AbstractDoclet.startGeneration(AbstractDoclet.java:212)
	at jdk.javadoc/jdk.javadoc.internal.doclets.toolkit.AbstractDoclet.run(AbstractDoclet.java:115)
	at jdk.javadoc/jdk.javadoc.doclet.StandardDoclet.run(StandardDoclet.java:103)
	at jdk.javadoc/jdk.javadoc.internal.tool.Start.parseAndExecute(Start.java:555)
	at jdk.javadoc/jdk.javadoc.internal.tool.Start.begin(Start.java:399)
	at jdk.javadoc/jdk.javadoc.internal.tool.Start.begin(Start.java:348)
	at jdk.javadoc/jdk.javadoc.internal.tool.Main.execute(Main.java:63)
	at jdk.javadoc/jdk.javadoc.internal.tool.Main.main(Main.java:52)
1 error

> Task :s3stream:javadoc FAILED
> Task :storage:compileJava
> Task :connect:mirror-client:javadoc
> Task :server-common:checkstyleMain
> Task :connect:api:javadoc
> Task :connect:test-plugins:javadoc
> Task :connect:runtime:compileJava
> Task :raft:checkstyleMain
> Task :storage:storage-api:javadoc
> Task :tools:tools-api:spotbugsMain
> Task :trogdor:checkstyleMain
> Task :automq-shell:javadoc
> Task :log4j-appender:spotbugsMain
> Task :group-coordinator:group-coordinator-api:spotbugsMain
> Task :clients:shadowJar
> Task :streams:compileJava
> Task :metadata:compileJava
> Task :connect:file:spotbugsMain
> Task :transaction-coordinator:spotbugsMain
> Task :connect:mirror-client:spotbugsMain
> Task :connect:basic-auth-extension:spotbugsMain
> Task :examples:spotbugsMain
> Task :storage:storage-api:spotbugsMain
> Task :connect:test-plugins:spotbugsMain
> Task :connect:json:spotbugsMain
> Task :connect:api:spotbugsMain
> Task :connect:transforms:spotbugsMain
> Task :automq-shell:spotbugsMain
> Task :s3stream:spotbugsMain
> Task :raft:spotbugsMain
> Task :server-common:spotbugsMain

FAILURE: Build failed with an exception.

* What went wrong:
Execution failed for task ':s3stream:javadoc'.
> Javadoc generation failed. Generated Javadoc options file (useful for troubleshooting): '/app/s3stream/build/tmp/javadoc/javadoc.options'

* Try:
> Run with --stacktrace option to get the stack trace.
> Run with --info or --debug option to get more log output.
> Get more help at https://help.gradle.org.

Deprecated Gradle features were used in this build, making it incompatible with Gradle 9.0.

You can use '--warning-mode all' to show the individual deprecation warnings and determine if they come from your own scripts or plugins.


BUILD FAILED in 1m 14s
For more on this, please refer to https://docs.gradle.org/8.8/userguide/command_line_interface.html#sec:command_line_warnings in the Gradle documentation.
354 actionable tasks: 354 executed
