2025-12-20T01:58:50.3874397Z Current runner version: '2.330.0'
2025-12-20T01:58:50.3899058Z ##[group]Runner Image Provisioner
2025-12-20T01:58:50.3899917Z Hosted Compute Agent
2025-12-20T01:58:50.3900469Z Version: 20251211.462
2025-12-20T01:58:50.3901028Z Commit: 6cbad8c2bb55d58165063d031ccabf57e2d2db61
2025-12-20T01:58:50.3902162Z Build Date: 2025-12-11T16:28:49Z
2025-12-20T01:58:50.3902782Z Worker ID: {af15a391-ae7e-45f7-952b-8fe3e3c8d4f8}
2025-12-20T01:58:50.3903439Z ##[endgroup]
2025-12-20T01:58:50.3903955Z ##[group]Operating System
2025-12-20T01:58:50.3904541Z Ubuntu
2025-12-20T01:58:50.3904979Z 24.04.3
2025-12-20T01:58:50.3905490Z LTS
2025-12-20T01:58:50.3905955Z ##[endgroup]
2025-12-20T01:58:50.3906402Z ##[group]Runner Image
2025-12-20T01:58:50.3906950Z Image: ubuntu-24.04
2025-12-20T01:58:50.3907434Z Version: 20251215.174.1
2025-12-20T01:58:50.3908439Z Included Software: https://github.com/actions/runner-images/blob/ubuntu24/20251215.174/images/ubuntu/Ubuntu2404-Readme.md
2025-12-20T01:58:50.3910023Z Image Release: https://github.com/actions/runner-images/releases/tag/ubuntu24%2F20251215.174
2025-12-20T01:58:50.3910983Z ##[endgroup]
2025-12-20T01:58:50.3913835Z ##[group]GITHUB_TOKEN Permissions
2025-12-20T01:58:50.3915773Z Actions: read
2025-12-20T01:58:50.3916335Z ArtifactMetadata: read
2025-12-20T01:58:50.3917002Z Attestations: read
2025-12-20T01:58:50.3917461Z Checks: read
2025-12-20T01:58:50.3917914Z Contents: read
2025-12-20T01:58:50.3918426Z Deployments: read
2025-12-20T01:58:50.3918921Z Discussions: read
2025-12-20T01:58:50.3919406Z Issues: read
2025-12-20T01:58:50.3919923Z Metadata: read
2025-12-20T01:58:50.3920400Z Models: read
2025-12-20T01:58:50.3920841Z Packages: read
2025-12-20T01:58:50.3921566Z Pages: read
2025-12-20T01:58:50.3922014Z PullRequests: read
2025-12-20T01:58:50.3922690Z RepositoryProjects: read
2025-12-20T01:58:50.3923257Z SecurityEvents: read
2025-12-20T01:58:50.3923789Z Statuses: read
2025-12-20T01:58:50.3924240Z ##[endgroup]
2025-12-20T01:58:50.3926656Z Secret source: Actions
2025-12-20T01:58:50.3927577Z Prepare workflow directory
2025-12-20T01:58:50.4254948Z Prepare all required actions
2025-12-20T01:58:50.4292532Z Getting action download info
2025-12-20T01:58:50.7553739Z Download action repository 'actions/checkout@v6' (SHA:8e8c483db84b4bee98b60c0593521ed34d9990e8)
2025-12-20T01:58:51.0383925Z Download action repository 'actions/setup-java@v5' (SHA:f2beeb24e141e01a676f977032f5a29d81c9e27e)
2025-12-20T01:58:51.5861801Z Complete job name: Test JDK 24, ubuntu-latest
2025-12-20T01:58:51.6456660Z ##[group]Run actions/checkout@v6
2025-12-20T01:58:51.6457655Z with:
2025-12-20T01:58:51.6458055Z   repository: mybatis/mybatis-3
2025-12-20T01:58:51.6458669Z   token: ***
2025-12-20T01:58:51.6459039Z   ssh-strict: true
2025-12-20T01:58:51.6459418Z   ssh-user: git
2025-12-20T01:58:51.6459805Z   persist-credentials: true
2025-12-20T01:58:51.6460240Z   clean: true
2025-12-20T01:58:51.6460632Z   sparse-checkout-cone-mode: true
2025-12-20T01:58:51.6461242Z   fetch-depth: 1
2025-12-20T01:58:51.6461637Z   fetch-tags: false
2025-12-20T01:58:51.6462039Z   show-progress: true
2025-12-20T01:58:51.6462433Z   lfs: false
2025-12-20T01:58:51.6462784Z   submodules: false
2025-12-20T01:58:51.6463190Z   set-safe-directory: true
2025-12-20T01:58:51.6463872Z ##[endgroup]
2025-12-20T01:58:51.7354574Z Syncing repository: mybatis/mybatis-3
2025-12-20T01:58:51.7356406Z ##[group]Getting Git version info
2025-12-20T01:58:51.7357088Z Working directory is '/home/runner/work/mybatis-3/mybatis-3'
2025-12-20T01:58:51.7358073Z [command]/usr/bin/git version
2025-12-20T01:58:51.7431260Z git version 2.52.0
2025-12-20T01:58:51.7452403Z ##[endgroup]
2025-12-20T01:58:51.7468509Z Temporarily overriding HOME='/home/runner/work/_temp/3402711e-9088-4f70-8833-e6e5d7c73992' before making global git config changes
2025-12-20T01:58:51.7470853Z Adding repository directory to the temporary git global config as a safe directory
2025-12-20T01:58:51.7474151Z [command]/usr/bin/git config --global --add safe.directory /home/runner/work/mybatis-3/mybatis-3
2025-12-20T01:58:51.7514411Z Deleting the contents of '/home/runner/work/mybatis-3/mybatis-3'
2025-12-20T01:58:51.7518182Z ##[group]Initializing the repository
2025-12-20T01:58:51.7523096Z [command]/usr/bin/git init /home/runner/work/mybatis-3/mybatis-3
2025-12-20T01:58:51.7672829Z hint: Using 'master' as the name for the initial branch. This default branch name
2025-12-20T01:58:51.7674185Z hint: will change to "main" in Git 3.0. To configure the initial branch name
2025-12-20T01:58:51.7675268Z hint: to use in all of your new repositories, which will suppress this warning,
2025-12-20T01:58:51.7676582Z hint: call:
2025-12-20T01:58:51.7676955Z hint:
2025-12-20T01:58:51.7677591Z hint: 	git config --global init.defaultBranch <name>
2025-12-20T01:58:51.7678599Z hint:
2025-12-20T01:58:51.7679577Z hint: Names commonly chosen instead of 'master' are 'main', 'trunk' and
2025-12-20T01:58:51.7681375Z hint: 'development'. The just-created branch can be renamed via this command:
2025-12-20T01:58:51.7682678Z hint:
2025-12-20T01:58:51.7683390Z hint: 	git branch -m <name>
2025-12-20T01:58:51.7684128Z hint:
2025-12-20T01:58:51.7685122Z hint: Disable this message with "git config set advice.defaultBranchName false"
2025-12-20T01:58:51.7686836Z Initialized empty Git repository in /home/runner/work/mybatis-3/mybatis-3/.git/
2025-12-20T01:58:51.7689680Z [command]/usr/bin/git remote add origin https://github.com/mybatis/mybatis-3
2025-12-20T01:58:51.7723615Z ##[endgroup]
2025-12-20T01:58:51.7724793Z ##[group]Disabling automatic garbage collection
2025-12-20T01:58:51.7727959Z [command]/usr/bin/git config --local gc.auto 0
2025-12-20T01:58:51.7755025Z ##[endgroup]
2025-12-20T01:58:51.7756223Z ##[group]Setting up auth
2025-12-20T01:58:51.7757121Z Removing SSH command configuration
2025-12-20T01:58:51.7762526Z [command]/usr/bin/git config --local --name-only --get-regexp core\.sshCommand
2025-12-20T01:58:51.7792894Z [command]/usr/bin/git submodule foreach --recursive sh -c "git config --local --name-only --get-regexp 'core\.sshCommand' && git config --local --unset-all 'core.sshCommand' || :"
2025-12-20T01:58:51.8156790Z Removing HTTP extra header
2025-12-20T01:58:51.8161364Z [command]/usr/bin/git config --local --name-only --get-regexp http\.https\:\/\/github\.com\/\.extraheader
2025-12-20T01:58:51.8190894Z [command]/usr/bin/git submodule foreach --recursive sh -c "git config --local --name-only --get-regexp 'http\.https\:\/\/github\.com\/\.extraheader' && git config --local --unset-all 'http.https://github.com/.extraheader' || :"
2025-12-20T01:58:51.8402665Z Removing includeIf entries pointing to credentials config files
2025-12-20T01:58:51.8408644Z [command]/usr/bin/git config --local --name-only --get-regexp ^includeIf\.gitdir:
2025-12-20T01:58:51.8439845Z [command]/usr/bin/git submodule foreach --recursive git config --local --show-origin --name-only --get-regexp remote.origin.url
2025-12-20T01:58:51.8663395Z [command]/usr/bin/git config --file /home/runner/work/_temp/git-credentials-0f467c81-a99f-411b-a8f5-083271b2918f.config http.https://github.com/.extraheader AUTHORIZATION: basic ***
2025-12-20T01:58:51.8699465Z [command]/usr/bin/git config --local includeIf.gitdir:/home/runner/work/mybatis-3/mybatis-3/.git.path /home/runner/work/_temp/git-credentials-0f467c81-a99f-411b-a8f5-083271b2918f.config
2025-12-20T01:58:51.8729962Z [command]/usr/bin/git config --local includeIf.gitdir:/home/runner/work/mybatis-3/mybatis-3/.git/worktrees/*.path /home/runner/work/_temp/git-credentials-0f467c81-a99f-411b-a8f5-083271b2918f.config
2025-12-20T01:58:51.8806214Z [command]/usr/bin/git config --local includeIf.gitdir:/github/workspace/.git.path /github/runner_temp/git-credentials-0f467c81-a99f-411b-a8f5-083271b2918f.config
2025-12-20T01:58:51.8811658Z [command]/usr/bin/git config --local includeIf.gitdir:/github/workspace/.git/worktrees/*.path /github/runner_temp/git-credentials-0f467c81-a99f-411b-a8f5-083271b2918f.config
2025-12-20T01:58:51.8823872Z ##[endgroup]
2025-12-20T01:58:51.8825025Z ##[group]Fetching the repository
2025-12-20T01:58:51.8837746Z [command]/usr/bin/git -c protocol.version=2 fetch --no-tags --prune --no-recurse-submodules --depth=1 origin +dab1288d7180243db598fed4376964f77a04a2a0:refs/remotes/origin/master
2025-12-20T01:58:52.4377601Z From https://github.com/mybatis/mybatis-3
2025-12-20T01:58:52.4378622Z  * [new ref]         dab1288d7180243db598fed4376964f77a04a2a0 -> origin/master
2025-12-20T01:58:52.4414014Z ##[endgroup]
2025-12-20T01:58:52.4414752Z ##[group]Determining the checkout info
2025-12-20T01:58:52.4417934Z ##[endgroup]
2025-12-20T01:58:52.4425497Z [command]/usr/bin/git sparse-checkout disable
2025-12-20T01:58:52.4480395Z [command]/usr/bin/git config --local --unset-all extensions.worktreeConfig
2025-12-20T01:58:52.4509749Z ##[group]Checking out the ref
2025-12-20T01:58:52.4515213Z [command]/usr/bin/git checkout --progress --force -B master refs/remotes/origin/master
2025-12-20T01:58:52.5653671Z Reset branch 'master'
2025-12-20T01:58:52.5656236Z branch 'master' set up to track 'origin/master'.
2025-12-20T01:58:52.5664968Z ##[endgroup]
2025-12-20T01:58:52.5703055Z [command]/usr/bin/git log -1 --format=%H
2025-12-20T01:58:52.5725669Z dab1288d7180243db598fed4376964f77a04a2a0
2025-12-20T01:58:52.5985437Z ##[group]Run actions/setup-java@v5
2025-12-20T01:58:52.5985901Z with:
2025-12-20T01:58:52.5986220Z   cache: maven
2025-12-20T01:58:52.5986550Z   distribution: temurin
2025-12-20T01:58:52.5986891Z   java-version: 24
2025-12-20T01:58:52.5987233Z   java-package: jdk
2025-12-20T01:58:52.5987563Z   check-latest: false
2025-12-20T01:58:52.5987896Z   server-id: github
2025-12-20T01:58:52.5988218Z   server-username: GITHUB_ACTOR
2025-12-20T01:58:52.5988580Z   server-password: GITHUB_TOKEN
2025-12-20T01:58:52.5988953Z   overwrite-settings: true
2025-12-20T01:58:52.5989287Z   job-status: success
2025-12-20T01:58:52.5989734Z   token: ***
2025-12-20T01:58:52.5990025Z ##[endgroup]
2025-12-20T01:58:52.7518094Z ##[group]Installed distributions
2025-12-20T01:58:52.7584571Z Trying to resolve the latest version from remote
2025-12-20T01:58:52.7744791Z (node:2116) [DEP0040] DeprecationWarning: The `punycode` module is deprecated. Please use a userland alternative instead.
2025-12-20T01:58:52.7745861Z (Use `node --trace-deprecation ...` to show where the warning was created)
2025-12-20T01:58:53.1368486Z Resolved latest version as 24.0.2+12
2025-12-20T01:58:53.1369107Z Trying to download...
2025-12-20T01:58:53.1370697Z Downloading Java 24.0.2+12 (Temurin-Hotspot) from https://github.com/adoptium/temurin24-binaries/releases/download/jdk-24.0.2%2B12/OpenJDK24U-jdk_x64_linux_hotspot_24.0.2_12.tar.gz ...
2025-12-20T01:58:53.8312187Z Extracting Java archive...
2025-12-20T01:58:53.8425749Z [command]/usr/bin/tar xz --warning=no-unknown-keyword --overwrite -C /home/runner/work/_temp/50b30d92-2acd-4318-a782-fb94926d3ecd -f /home/runner/work/_temp/530128ac-3bff-4463-ab47-30fd6a7130a2
2025-12-20T01:58:56.7315422Z Java 24.0.2+12 was downloaded
2025-12-20T01:58:56.7315991Z Setting Java 24.0.2+12 as the default
2025-12-20T01:58:56.7328421Z Creating toolchains.xml for JDK version 24 from temurin
2025-12-20T01:58:56.7407784Z Writing to /home/runner/.m2/toolchains.xml
2025-12-20T01:58:56.7409874Z 
2025-12-20T01:58:56.7410390Z Java configuration:
2025-12-20T01:58:56.7410828Z   Distribution: temurin
2025-12-20T01:58:56.7411406Z   Version: 24.0.2+12
2025-12-20T01:58:56.7411980Z   Path: /opt/hostedtoolcache/Java_Temurin-Hotspot_jdk/24.0.2-12/x64
2025-12-20T01:58:56.7412512Z 
2025-12-20T01:58:56.7413108Z ##[endgroup]
2025-12-20T01:58:56.7432259Z Creating settings.xml with server-id: github
2025-12-20T01:58:56.7432886Z Writing to /home/runner/.m2/settings.xml
2025-12-20T01:58:57.0861366Z Cache hit for: setup-java-Linux-x64-maven-9bbb26fe24b125bc5482ec6e49c74ba553548a67b89685815e2ec1a07bf49acd
2025-12-20T01:58:57.1003085Z (node:2116) [DEP0169] DeprecationWarning: `url.parse()` behavior is not standardized and prone to errors that have security implications. Use the WHATWG URL API instead. CVEs are not issued for `url.parse()` vulnerabilities.
2025-12-20T01:58:58.1957249Z Received 134217728 of 336599973 (39.9%), 128.0 MBs/sec
2025-12-20T01:58:59.1192833Z Received 336599973 of 336599973 (100.0%), 166.8 MBs/sec
2025-12-20T01:58:59.1194080Z Cache Size: ~321 MB (336599973 B)
2025-12-20T01:58:59.1322401Z [command]/usr/bin/tar -xf /home/runner/work/_temp/b0e2b210-5125-4cba-a80f-77bb9cbbfa7b/cache.tzst -P -C /home/runner/work/mybatis-3/mybatis-3 --use-compress-program unzstd
2025-12-20T01:58:59.7386474Z Cache restored successfully
2025-12-20T01:58:59.8036813Z Cache restored from key: setup-java-Linux-x64-maven-9bbb26fe24b125bc5482ec6e49c74ba553548a67b89685815e2ec1a07bf49acd
2025-12-20T01:58:59.8243084Z ##[group]Run echo 'TEST_CONTAINERS_PROFILE=-PtestContainers' >> $GITHUB_ENV
2025-12-20T01:58:59.8243640Z [36;1mecho 'TEST_CONTAINERS_PROFILE=-PtestContainers' >> $GITHUB_ENV[0m
2025-12-20T01:58:59.8281870Z shell: /usr/bin/bash -e {0}
2025-12-20T01:58:59.8282132Z env:
2025-12-20T01:58:59.8282428Z   JAVA_HOME: /opt/hostedtoolcache/Java_Temurin-Hotspot_jdk/24.0.2-12/x64
2025-12-20T01:58:59.8282887Z   JAVA_HOME_24_X64: /opt/hostedtoolcache/Java_Temurin-Hotspot_jdk/24.0.2-12/x64
2025-12-20T01:58:59.8283277Z ##[endgroup]
2025-12-20T01:58:59.8445879Z ##[group]Run ./mvnw test -B -V  --no-transfer-progress -D"license.skip=true" $TEST_CONTAINERS_PROFILE
2025-12-20T01:58:59.8446573Z [36;1m./mvnw test -B -V  --no-transfer-progress -D"license.skip=true" $TEST_CONTAINERS_PROFILE[0m
2025-12-20T01:58:59.8477114Z shell: /usr/bin/bash -e {0}
2025-12-20T01:58:59.8477350Z env:
2025-12-20T01:58:59.8477632Z   JAVA_HOME: /opt/hostedtoolcache/Java_Temurin-Hotspot_jdk/24.0.2-12/x64
2025-12-20T01:58:59.8478104Z   JAVA_HOME_24_X64: /opt/hostedtoolcache/Java_Temurin-Hotspot_jdk/24.0.2-12/x64
2025-12-20T01:58:59.8478495Z   TEST_CONTAINERS_PROFILE: -PtestContainers
2025-12-20T01:58:59.8478764Z ##[endgroup]
2025-12-20T01:59:00.9331934Z WARNING: A restricted method in java.lang.System has been called
2025-12-20T01:59:00.9333942Z WARNING: java.lang.System::load has been called by org.fusesource.jansi.internal.JansiLoader in an unnamed module (file:/home/runner/.m2/wrapper/dists/apache-maven-3.9.12-bin/78a7b4ce/apache-maven-3.9.12/lib/jansi-2.4.2.jar)
2025-12-20T01:59:00.9335682Z WARNING: Use --enable-native-access=ALL-UNNAMED to avoid a warning for callers in this module
2025-12-20T01:59:00.9336601Z WARNING: Restricted methods will be blocked in a future release unless native access is enabled
2025-12-20T01:59:00.9337148Z 
2025-12-20T01:59:00.9902881Z Apache Maven 3.9.12 (848fbb4bf2d427b72bdb2471c22fced7ebd9a7a1)
2025-12-20T01:59:00.9903815Z Maven home: /home/runner/.m2/wrapper/dists/apache-maven-3.9.12-bin/78a7b4ce/apache-maven-3.9.12
2025-12-20T01:59:00.9905129Z Java version: 24.0.2, vendor: Eclipse Adoptium, runtime: /opt/hostedtoolcache/Java_Temurin-Hotspot_jdk/24.0.2-12/x64
2025-12-20T01:59:00.9906039Z Default locale: en, platform encoding: UTF-8
2025-12-20T01:59:00.9906678Z OS name: "linux", version: "6.11.0-1018-azure", arch: "amd64", family: "unix"
2025-12-20T01:59:02.1263394Z [INFO] Scanning for projects...
2025-12-20T01:59:02.3477854Z [INFO] Inspecting build with total of 1 modules
2025-12-20T01:59:02.3507291Z [INFO] Installing Central Publishing features
2025-12-20T01:59:02.3651876Z [INFO] 
2025-12-20T01:59:02.3652505Z [INFO] ------------------------< org.mybatis:mybatis >-------------------------
2025-12-20T01:59:02.3653175Z [INFO] Building mybatis 3.6.0-SNAPSHOT
2025-12-20T01:59:02.3653699Z [INFO]   from pom.xml
2025-12-20T01:59:02.3654240Z [INFO] --------------------------------[ jar ]---------------------------------
2025-12-20T01:59:02.7210372Z [INFO] 
2025-12-20T01:59:02.7214759Z [INFO] --- enforcer:3.6.2:enforce (enforce-java) @ mybatis ---
2025-12-20T01:59:02.9297383Z [INFO] Rule 0: org.codehaus.mojo.extraenforcer.dependencies.EnforceBytecodeVersion passed
2025-12-20T01:59:02.9501331Z [INFO] Rule 1: org.apache.maven.enforcer.rules.version.RequireJavaVersion passed
2025-12-20T01:59:02.9516277Z [INFO] Rule 2: org.apache.maven.enforcer.rules.version.RequireMavenVersion passed
2025-12-20T01:59:02.9664101Z [INFO] Rule 3: org.apache.maven.enforcer.rules.RequirePluginVersions passed
2025-12-20T01:59:02.9674608Z [INFO] 
2025-12-20T01:59:02.9675155Z [INFO] --- git-commit-id:9.0.2:revision (git-commit-id) @ mybatis ---
2025-12-20T01:59:03.7491318Z [INFO] 
2025-12-20T01:59:03.7495743Z [INFO] --- jacoco:0.8.13:prepare-agent (prepare-agent) @ mybatis ---
2025-12-20T01:59:03.8161616Z [INFO] argLine set to -javaagent:/home/runner/.m2/repository/org/jacoco/org.jacoco.agent/0.8.13/org.jacoco.agent-0.8.13-runtime.jar=destfile=/home/runner/work/mybatis-3/mybatis-3/target/jacoco.exec,excludes=org.apache.ibatis.ognl.*:org.apache.ibatis.javassist.* -Xmx2048m -javaagent:${settings.localRepository}/net/bytebuddy/byte-buddy-agent/1.18.3/byte-buddy-agent-1.18.3.jar
2025-12-20T01:59:03.8166521Z [INFO] 
2025-12-20T01:59:03.8166963Z [INFO] --- whitespace:1.5.0:trim (default) @ mybatis ---
2025-12-20T01:59:03.8499969Z [INFO] Processing the following extensions: 4gl,42m,c,cb,cfg,cpp,css,dat,groovy,h,html,ini,java,js,json,jsonp,jsp,jspx,jsx,ksh,kt,kts,md,mk,msg,pl,pm,properties,reg,scala,scss,sh,sql,toml,ts,tsx,wadl,wsdl,xhtml,xml,xsd,yaml,yml
2025-12-20T01:59:04.0192272Z [INFO] 
2025-12-20T01:59:04.0194835Z [INFO] --- formatter:2.29.0:format (default) @ mybatis ---
2025-12-20T01:59:09.0417783Z [INFO] Processed 1389 files in 4s855ms (Formatted: 1, Skipped: 0, Unchanged: 1388, Failed: 0, Readonly: 0)
2025-12-20T01:59:09.0421732Z [INFO] 
2025-12-20T01:59:09.0422484Z [INFO] --- impsort:1.12.0:sort (default) @ mybatis ---
2025-12-20T01:59:12.2912810Z [INFO] Processed 1389 files in 00:03.149 (Already Sorted: 1389, Needed Sorting: 0)
2025-12-20T01:59:12.3064812Z [INFO] 
2025-12-20T01:59:12.3065485Z [INFO] >>> rewrite:6.19.0:run (default) > process-test-classes @ mybatis >>>
2025-12-20T01:59:12.3093364Z [INFO] 
2025-12-20T01:59:12.3095454Z [INFO] --- enforcer:3.6.2:enforce (enforce-java) @ mybatis ---
2025-12-20T01:59:12.3298661Z [INFO] Rule 0: org.codehaus.mojo.extraenforcer.dependencies.EnforceBytecodeVersion passed
2025-12-20T01:59:12.3319833Z [INFO] Rule 3: org.apache.maven.enforcer.rules.RequirePluginVersions passed
2025-12-20T01:59:12.3324270Z [INFO] 
2025-12-20T01:59:12.3328266Z [INFO] --- git-commit-id:9.0.2:revision (git-commit-id) @ mybatis ---
2025-12-20T01:59:12.4577391Z [INFO] 
2025-12-20T01:59:12.4579210Z [INFO] --- jacoco:0.8.13:prepare-agent (prepare-agent) @ mybatis ---
2025-12-20T01:59:12.4587923Z [INFO] argLine set to -javaagent:/home/runner/.m2/repository/org/jacoco/org.jacoco.agent/0.8.13/org.jacoco.agent-0.8.13-runtime.jar=destfile=/home/runner/work/mybatis-3/mybatis-3/target/jacoco.exec,excludes=org.apache.ibatis.ognl.*:org.apache.ibatis.javassist.* -Xmx2048m -javaagent:${settings.localRepository}/net/bytebuddy/byte-buddy-agent/1.18.3/byte-buddy-agent-1.18.3.jar
2025-12-20T01:59:12.4600891Z [INFO] 
2025-12-20T01:59:12.4601513Z [INFO] --- whitespace:1.5.0:trim (default) @ mybatis ---
2025-12-20T01:59:12.4603334Z [INFO] Processing the following extensions: 4gl,42m,c,cb,cfg,cpp,css,dat,groovy,h,html,ini,java,js,json,jsonp,jsp,jspx,jsx,ksh,kt,kts,md,mk,msg,pl,pm,properties,reg,scala,scss,sh,sql,toml,ts,tsx,wadl,wsdl,xhtml,xml,xsd,yaml,yml
2025-12-20T01:59:12.5565171Z [INFO] 
2025-12-20T01:59:12.5569945Z [INFO] --- formatter:2.29.0:format (default) @ mybatis ---
2025-12-20T01:59:12.7483407Z [INFO] Processed 1389 files in 190ms (Formatted: 0, Skipped: 1389, Unchanged: 0, Failed: 0, Readonly: 0)
2025-12-20T01:59:12.7484241Z [INFO] 
2025-12-20T01:59:12.7484781Z [INFO] --- impsort:1.12.0:sort (default) @ mybatis ---
2025-12-20T01:59:12.8360260Z [INFO] Processed 1389 files in 00:00.083 (Already Sorted: 1389, Needed Sorting: 0)
2025-12-20T01:59:12.8360926Z [INFO] 
2025-12-20T01:59:12.8361515Z [INFO] --- license:5.0.0:format (default) @ mybatis ---
2025-12-20T01:59:12.9047352Z [INFO] License Plugin is Skipped
2025-12-20T01:59:12.9049090Z [INFO] 
2025-12-20T01:59:12.9049831Z [INFO] --- git-build-hook:3.6.0:install (default) @ mybatis ---
2025-12-20T01:59:12.9586197Z [INFO] 
2025-12-20T01:59:12.9587034Z [INFO] --- resources:3.3.1:resources (default-resources) @ mybatis ---
2025-12-20T01:59:13.0006058Z [INFO] Copying 4 resources from src/main/resources to target/classes
2025-12-20T01:59:13.0347833Z [INFO] Copying 2 resources from  to target/classes/META-INF
2025-12-20T01:59:13.0351410Z [INFO] 
2025-12-20T01:59:13.0352743Z [INFO] --- compiler:3.14.1:compile (default-compile) @ mybatis ---
2025-12-20T01:59:13.1358725Z [INFO] Compiling 389 source files with javac [debug parameters release 11] to target/classes
2025-12-20T01:59:16.2795280Z [WARNING] /home/runner/work/mybatis-3/mybatis-3/src/main/java/org/apache/ibatis/annotations/Arg.java:[75,54] org.apache.ibatis.type.UnknownTypeHandler in org.apache.ibatis.type has been deprecated and marked for removal
2025-12-20T01:59:16.2798109Z [WARNING] /home/runner/work/mybatis-3/mybatis-3/src/main/java/org/apache/ibatis/annotations/Result.java:[81,54] org.apache.ibatis.type.UnknownTypeHandler in org.apache.ibatis.type has been deprecated and marked for removal
2025-12-20T01:59:16.2828372Z [WARNING] /home/runner/work/mybatis-3/mybatis-3/src/main/java/org/apache/ibatis/builder/annotation/MapperAnnotationBuilder.java:[273,29] org.apache.ibatis.type.UnknownTypeHandler in org.apache.ibatis.type has been deprecated and marked for removal
2025-12-20T01:59:16.2831836Z [WARNING] /home/runner/work/mybatis-3/mybatis-3/src/main/java/org/apache/ibatis/builder/annotation/MapperAnnotationBuilder.java:[456,29] org.apache.ibatis.type.UnknownTypeHandler in org.apache.ibatis.type has been deprecated and marked for removal
2025-12-20T01:59:16.2835096Z [WARNING] /home/runner/work/mybatis-3/mybatis-3/src/main/java/org/apache/ibatis/builder/annotation/MapperAnnotationBuilder.java:[533,29] org.apache.ibatis.type.UnknownTypeHandler in org.apache.ibatis.type has been deprecated and marked for removal
2025-12-20T01:59:16.2838157Z [WARNING] /home/runner/work/mybatis-3/mybatis-3/src/main/java/org/apache/ibatis/annotations/TypeDiscriminator.java:[76,54] org.apache.ibatis.type.UnknownTypeHandler in org.apache.ibatis.type has been deprecated and marked for removal
2025-12-20T01:59:16.2841469Z [WARNING] /home/runner/work/mybatis-3/mybatis-3/src/main/java/org/apache/ibatis/builder/ResultMappingConstructorResolver.java:[259,62] org.apache.ibatis.type.UnknownTypeHandler in org.apache.ibatis.type has been deprecated and marked for removal
2025-12-20T01:59:16.2844086Z [INFO] /home/runner/work/mybatis-3/mybatis-3/src/main/java/org/apache/ibatis/session/Configuration.java: Some input files use or override a deprecated API.
2025-12-20T01:59:16.2846037Z [INFO] /home/runner/work/mybatis-3/mybatis-3/src/main/java/org/apache/ibatis/session/Configuration.java: Recompile with -Xlint:deprecation for details.
2025-12-20T01:59:16.2847982Z [INFO] /home/runner/work/mybatis-3/mybatis-3/src/main/java/org/apache/ibatis/reflection/MetaObject.java: Some input files use unchecked or unsafe operations.
2025-12-20T01:59:16.2849920Z [INFO] /home/runner/work/mybatis-3/mybatis-3/src/main/java/org/apache/ibatis/reflection/MetaObject.java: Recompile with -Xlint:unchecked for details.
2025-12-20T01:59:16.2851056Z [INFO] 
2025-12-20T01:59:16.2901767Z [INFO] --- bnd:7.1.0:bnd-process (bnd-process) @ mybatis ---
2025-12-20T01:59:17.0352221Z [INFO] 
2025-12-20T01:59:17.0369142Z [INFO] --- resources:3.3.1:testResources (default-testResources) @ mybatis ---
2025-12-20T01:59:17.0528817Z [INFO] Copying 584 resources from src/test/resources to target/test-classes
2025-12-20T01:59:17.1306219Z [INFO] 
2025-12-20T01:59:17.1310468Z [INFO] --- compiler:3.14.1:testCompile (default-testCompile) @ mybatis ---
2025-12-20T01:59:17.1871853Z [INFO] Compiling 1000 source files with javac [debug parameters release 17] to target/test-classes
2025-12-20T01:59:21.6962213Z [WARNING] /home/runner/work/mybatis-3/mybatis-3/src/test/java/org/apache/ibatis/io/ResolverUtilTest.java:[61,5] java.security.AccessController in java.security has been deprecated and marked for removal
2025-12-20T01:59:21.6965624Z [WARNING] /home/runner/work/mybatis-3/mybatis-3/src/test/java/org/apache/ibatis/type/TypeHandlerRegistryTest.java:[95,24] <T>register(org.apache.ibatis.type.TypeReference<T>,org.apache.ibatis.type.TypeHandler<? extends T>) in org.apache.ibatis.type.TypeHandlerRegistry has been deprecated and marked for removal
2025-12-20T01:59:21.6970755Z [WARNING] /home/runner/work/mybatis-3/mybatis-3/src/test/java/org/apache/ibatis/type/TypeHandlerRegistryTest.java:[96,48] <T>getTypeHandler(org.apache.ibatis.type.TypeReference<T>) in org.apache.ibatis.type.TypeHandlerRegistry has been deprecated and marked for removal
2025-12-20T01:59:21.6975540Z [WARNING] /home/runner/work/mybatis-3/mybatis-3/src/test/java/org/apache/ibatis/type/TypeHandlerRegistryTest.java:[130,48] <T>getTypeHandler(org.apache.ibatis.type.TypeReference<T>) in org.apache.ibatis.type.TypeHandlerRegistry has been deprecated and marked for removal
2025-12-20T01:59:21.6979176Z [WARNING] /home/runner/work/mybatis-3/mybatis-3/src/test/java/org/apache/ibatis/type/UnknownTypeHandlerTest.java:[34,67] org.apache.ibatis.type.UnknownTypeHandler in org.apache.ibatis.type has been deprecated and marked for removal
2025-12-20T01:59:21.6987352Z [WARNING] /home/runner/work/mybatis-3/mybatis-3/src/test/java/org/apache/ibatis/type/UnknownTypeHandlerTest.java:[109,55] org.apache.ibatis.type.UnknownTypeHandler in org.apache.ibatis.type has been deprecated and marked for removal
2025-12-20T01:59:21.6991853Z [WARNING] /home/runner/work/mybatis-3/mybatis-3/src/test/java/org/apache/ibatis/type/UnknownTypeHandlerTest.java:[122,55] org.apache.ibatis.type.UnknownTypeHandler in org.apache.ibatis.type has been deprecated and marked for removal
2025-12-20T01:59:21.6994844Z [WARNING] /home/runner/work/mybatis-3/mybatis-3/src/test/java/org/apache/ibatis/type/UnknownTypeHandlerTest.java:[134,55] org.apache.ibatis.type.UnknownTypeHandler in org.apache.ibatis.type has been deprecated and marked for removal
2025-12-20T01:59:21.6997876Z [WARNING] /home/runner/work/mybatis-3/mybatis-3/src/test/java/org/apache/ibatis/type/UnknownTypeHandlerTest.java:[146,55] org.apache.ibatis.type.UnknownTypeHandler in org.apache.ibatis.type has been deprecated and marked for removal
2025-12-20T01:59:21.7000428Z [INFO] /home/runner/work/mybatis-3/mybatis-3/src/test/java/org/apache/ibatis/jdbc/SelectBuilderTest.java: Some input files use or override a deprecated API.
2025-12-20T01:59:21.7009135Z [INFO] /home/runner/work/mybatis-3/mybatis-3/src/test/java/org/apache/ibatis/jdbc/SelectBuilderTest.java: Recompile with -Xlint:deprecation for details.
2025-12-20T01:59:21.7011462Z [INFO] /home/runner/work/mybatis-3/mybatis-3/src/test/java/org/apache/ibatis/builder/XmlConfigBuilderTest.java: Some input files use unchecked or unsafe operations.
2025-12-20T01:59:21.7013477Z [INFO] /home/runner/work/mybatis-3/mybatis-3/src/test/java/org/apache/ibatis/builder/XmlConfigBuilderTest.java: Recompile with -Xlint:unchecked for details.
2025-12-20T01:59:21.7014755Z [INFO] 
2025-12-20T01:59:21.7015220Z [INFO] <<< rewrite:6.19.0:run (default) < process-test-classes @ mybatis <<<
2025-12-20T01:59:21.7015807Z [INFO] 
2025-12-20T01:59:21.7016069Z [INFO] 
2025-12-20T01:59:21.7016424Z [INFO] --- rewrite:6.19.0:run (default) @ mybatis ---
2025-12-20T01:59:21.9130297Z [INFO] Using active recipe(s) [org.openrewrite.java.RemoveUnusedImports]
2025-12-20T01:59:21.9134240Z [INFO] Using active styles(s) []
2025-12-20T01:59:21.9394032Z [INFO] Validating active recipes...
2025-12-20T01:59:25.0933182Z WARNING: A terminally deprecated method in sun.misc.Unsafe has been called
2025-12-20T01:59:25.0938112Z WARNING: sun.misc.Unsafe::objectFieldOffset has been called by com.github.benmanes.caffeine.cache.UnsafeAccess (file:/home/runner/.m2/repository/com/github/ben-manes/caffeine/caffeine/2.9.3/caffeine-2.9.3.jar)
2025-12-20T01:59:25.0943285Z WARNING: Please consider reporting this to the maintainers of class com.github.benmanes.caffeine.cache.UnsafeAccess
2025-12-20T01:59:25.0948997Z WARNING: sun.misc.Unsafe::objectFieldOffset will be removed in a future release
2025-12-20T01:59:25.2334157Z [INFO] Project [mybatis] Resolving Poms...
2025-12-20T01:59:25.8087417Z [INFO] Project [mybatis] Parsing source files
2025-12-20T01:59:37.5501274Z [INFO] Running recipe(s)...
2025-12-20T01:59:38.1434389Z [INFO] 
2025-12-20T01:59:38.1438785Z [INFO] --- license:5.0.0:format (default) @ mybatis ---
2025-12-20T01:59:38.1483346Z [INFO] License Plugin is Skipped
2025-12-20T01:59:38.1483804Z [INFO] 
2025-12-20T01:59:38.1484208Z [INFO] --- git-build-hook:3.6.0:install (default) @ mybatis ---
2025-12-20T01:59:38.1484758Z [INFO] 
2025-12-20T01:59:38.1485240Z [INFO] --- resources:3.3.1:resources (default-resources) @ mybatis ---
2025-12-20T01:59:38.1508411Z [INFO] Copying 4 resources from src/main/resources to target/classes
2025-12-20T01:59:38.2536203Z [INFO] Copying 2 resources from  to target/classes/META-INF
2025-12-20T01:59:38.2541262Z [INFO] 
2025-12-20T01:59:38.2545576Z [INFO] --- compiler:3.14.1:compile (default-compile) @ mybatis ---
2025-12-20T01:59:38.2694412Z [INFO] Nothing to compile - all classes are up to date.
2025-12-20T01:59:38.2696661Z [INFO] 
2025-12-20T01:59:38.2698963Z [INFO] --- bnd:7.1.0:bnd-process (bnd-process) @ mybatis ---
2025-12-20T01:59:38.4229955Z [INFO] 
2025-12-20T01:59:38.4230899Z [INFO] --- resources:3.3.1:testResources (default-testResources) @ mybatis ---
2025-12-20T01:59:38.4338500Z [INFO] Copying 584 resources from src/test/resources to target/test-classes
2025-12-20T01:59:38.4453466Z [INFO] 
2025-12-20T01:59:38.4454020Z [INFO] --- compiler:3.14.1:testCompile (default-testCompile) @ mybatis ---
2025-12-20T01:59:38.4695600Z [INFO] Nothing to compile - all classes are up to date.
2025-12-20T01:59:38.4697922Z [INFO] 
2025-12-20T01:59:38.4698348Z [INFO] --- surefire:3.5.4:test (default-test) @ mybatis ---
2025-12-20T01:59:38.5752228Z [INFO] Using auto detected provider org.apache.maven.surefire.junitplatform.JUnitPlatformProvider
2025-12-20T01:59:39.6228958Z [INFO] 
2025-12-20T01:59:39.6229518Z [INFO] -------------------------------------------------------
2025-12-20T01:59:39.6230142Z [INFO]  T E S T S
2025-12-20T01:59:39.6230641Z [INFO] -------------------------------------------------------
2025-12-20T01:59:42.1392991Z [INFO] Running org.apache.ibatis.exceptions.GeneralExceptionsTest
2025-12-20T01:59:42.2608278Z [INFO] Tests run: 2, Failures: 0, Errors: 0, Skipped: 0, Time elapsed: 0.085 s -- in org.apache.ibatis.exceptions.GeneralExceptionsTest
2025-12-20T01:59:42.2614398Z [INFO] Running org.apache.ibatis.mapping.BoundSqlTest
2025-12-20T01:59:42.3134447Z [INFO] Tests run: 1, Failures: 0, Errors: 0, Skipped: 0, Time elapsed: 0.073 s -- in org.apache.ibatis.mapping.BoundSqlTest
2025-12-20T01:59:42.3135855Z [INFO] Running org.apache.ibatis.mapping.CacheBuilderTest
2025-12-20T01:59:42.6609064Z 01:59:42,343 |-INFO in ch.qos.logback.classic.LoggerContext[default] - This is logback-classic version 1.5.22
2025-12-20T01:59:42.6612100Z 01:59:42,344 |-INFO in ch.qos.logback.classic.util.ContextInitializer@553d828a - No custom configurators were discovered as a service.
2025-12-20T01:59:42.6615254Z 01:59:42,344 |-INFO in ch.qos.logback.classic.util.ContextInitializer@553d828a - Trying to configure with ch.qos.logback.classic.util.DefaultJoranConfigurator
2025-12-20T01:59:42.6617221Z 01:59:42,345 |-INFO in ch.qos.logback.classic.util.ContextInitializer@553d828a - Constructed configurator of type class ch.qos.logback.classic.util.DefaultJoranConfigurator
2025-12-20T01:59:42.6619265Z 01:59:42,346 |-INFO in ch.qos.logback.classic.LoggerContext[default] - Found resource [logback-test.xml] at [file:/home/runner/work/mybatis-3/mybatis-3/target/test-classes/logback-test.xml]
2025-12-20T01:59:42.6621051Z 01:59:42,431 |-WARN in ch.qos.logback.classic.joran.action.LevelAction - <level> element is deprecated. Near [level] on line 31
2025-12-20T01:59:42.6622809Z 01:59:42,431 |-WARN in ch.qos.logback.classic.joran.action.LevelAction - Please use "level" attribute within <logger> or <root> elements instead.
2025-12-20T01:59:42.6624348Z 01:59:42,431 |-WARN in ch.qos.logback.classic.joran.action.LevelAction - <level> element is deprecated. Near [level] on line 34
2025-12-20T01:59:42.6625857Z 01:59:42,431 |-WARN in ch.qos.logback.classic.joran.action.LevelAction - Please use "level" attribute within <logger> or <root> elements instead.
2025-12-20T01:59:42.6627701Z 01:59:42,432 |-WARN in ch.qos.logback.classic.joran.action.LevelAction - <level> element is deprecated. Near [level] on line 37
2025-12-20T01:59:42.6629212Z 01:59:42,432 |-WARN in ch.qos.logback.classic.joran.action.LevelAction - Please use "level" attribute within <logger> or <root> elements instead.
2025-12-20T01:59:42.6631440Z 01:59:42,479 |-INFO in ch.qos.logback.classic.model.processor.ConfigurationModelHandlerFull - Main configuration file URL: file:/home/runner/work/mybatis-3/mybatis-3/target/test-classes/logback-test.xml
2025-12-20T01:59:42.6633834Z 01:59:42,480 |-INFO in ch.qos.logback.classic.model.processor.ConfigurationModelHandlerFull - FileWatchList= {/home/runner/work/mybatis-3/mybatis-3/target/test-classes/logback-test.xml}
2025-12-20T01:59:42.6635653Z 01:59:42,480 |-INFO in ch.qos.logback.classic.model.processor.ConfigurationModelHandlerFull - URLWatchList= {}
2025-12-20T01:59:42.6637264Z 01:59:42,487 |-INFO in ch.qos.logback.core.model.processor.AppenderModelHandler - Processing appender named [stdout]
2025-12-20T01:59:42.6638908Z 01:59:42,487 |-INFO in ch.qos.logback.core.model.processor.AppenderModelHandler - About to instantiate appender of type [ch.qos.logback.core.ConsoleAppender]
2025-12-20T01:59:42.6640860Z 01:59:42,497 |-INFO in ch.qos.logback.core.model.processor.ImplicitModelHandler - Assuming default type [ch.qos.logback.classic.encoder.PatternLayoutEncoder] for [encoder] property
2025-12-20T01:59:42.6642893Z 01:59:42,547 |-INFO in ch.qos.logback.core.ConsoleAppender[stdout] - NOTE: Writing to the console can be slow. Try to avoid logging to the 
2025-12-20T01:59:42.6644393Z 01:59:42,547 |-INFO in ch.qos.logback.core.ConsoleAppender[stdout] - console in production environments, especially in high volume systems.
2025-12-20T01:59:42.6645881Z 01:59:42,547 |-INFO in ch.qos.logback.core.ConsoleAppender[stdout] - See also https://logback.qos.ch/codes.html#slowConsole
2025-12-20T01:59:42.6647374Z 01:59:42,548 |-INFO in ch.qos.logback.core.model.processor.AppenderModelHandler - Processing appender named [lastEventSavedAppender]
2025-12-20T01:59:42.6649477Z 01:59:42,548 |-INFO in ch.qos.logback.core.model.processor.AppenderModelHandler - About to instantiate appender of type [org.apache.ibatis.session.AutoMappingUnknownColumnBehaviorTest$LastEventSavedAppender]
2025-12-20T01:59:42.6655413Z 01:59:42,549 |-INFO in ch.qos.logback.classic.model.processor.LevelModelHandler - org.apache.ibatis level set to ERROR
2025-12-20T01:59:42.6656887Z 01:59:42,549 |-INFO in ch.qos.logback.classic.model.processor.LevelModelHandler - org.apache.ibatis.logging level set to DEBUG
2025-12-20T01:59:42.6658621Z 01:59:42,549 |-INFO in ch.qos.logback.classic.model.processor.LevelModelHandler - org.apache.ibatis.session.AutoMappingUnknownColumnBehavior level set to WARN
2025-12-20T01:59:42.6660884Z 01:59:42,550 |-INFO in ch.qos.logback.core.model.processor.AppenderRefModelHandler - Attaching appender named [lastEventSavedAppender] to Logger[org.apache.ibatis.session.AutoMappingUnknownColumnBehavior]
2025-12-20T01:59:42.6663266Z 01:59:42,550 |-INFO in ch.qos.logback.classic.model.processor.RootLoggerModelHandler - Setting level of ROOT logger to ERROR
2025-12-20T01:59:42.6664770Z 01:59:42,551 |-INFO in ch.qos.logback.core.model.processor.AppenderRefModelHandler - Attaching appender named [stdout] to Logger[ROOT]
2025-12-20T01:59:42.6666166Z 01:59:42,551 |-INFO in ch.qos.logback.core.model.processor.DefaultProcessor@6cb759d5 - End of configuration.
2025-12-20T01:59:42.6667537Z 01:59:42,552 |-INFO in ch.qos.logback.classic.joran.JoranConfigurator@2ba9765b - Registering current configuration as safe fallback point
2025-12-20T01:59:42.6669583Z 01:59:42,554 |-INFO in ch.qos.logback.classic.util.ContextInitializer@553d828a - ch.qos.logback.classic.util.DefaultJoranConfigurator.configure() call lasted 207 milliseconds. ExecutionStatus=DO_NOT_INVOKE_NEXT_IF_ANY
2025-12-20T01:59:42.6670956Z 
2025-12-20T01:59:42.6671944Z 01:59:42.563 DEBUG [main] o.apache.ibatis.logging.LogFactory - Logging initialized using 'class org.apache.ibatis.logging.slf4j.Slf4jImpl' adapter.
2025-12-20T01:59:42.6951921Z [INFO] Tests run: 2, Failures: 0, Errors: 0, Skipped: 0, Time elapsed: 0.370 s -- in org.apache.ibatis.mapping.CacheBuilderTest
2025-12-20T01:59:42.6981913Z [INFO] Running org.apache.ibatis.mapping.ResultMappingTest
2025-12-20T01:59:43.7675574Z [INFO] Tests run: 4, Failures: 0, Errors: 0, Skipped: 0, Time elapsed: 1.063 s -- in org.apache.ibatis.mapping.ResultMappingTest
2025-12-20T01:59:43.7676686Z [INFO] Running org.apache.ibatis.mapping.VendorDatabaseIdProviderTest
2025-12-20T01:59:44.0036892Z [INFO] Tests run: 6, Failures: 0, Errors: 0, Skipped: 0, Time elapsed: 0.240 s -- in org.apache.ibatis.mapping.VendorDatabaseIdProviderTest
2025-12-20T01:59:44.0043044Z [INFO] Running org.apache.ibatis.immutable.ImmutableConstructorTest
2025-12-20T01:59:46.2819860Z [INFO] Tests run: 5, Failures: 0, Errors: 0, Skipped: 0, Time elapsed: 2.274 s -- in org.apache.ibatis.immutable.ImmutableConstructorTest
2025-12-20T01:59:46.2826254Z [INFO] Running org.apache.ibatis.reflection.ArrayUtilTest
2025-12-20T01:59:46.2865918Z [INFO] Tests run: 3, Failures: 0, Errors: 0, Skipped: 0, Time elapsed: 0.005 s -- in org.apache.ibatis.reflection.ArrayUtilTest
2025-12-20T01:59:46.2872855Z [INFO] Running org.apache.ibatis.reflection.MetaObjectTest
2025-12-20T01:59:46.3389525Z [INFO] Tests run: 24, Failures: 0, Errors: 0, Skipped: 0, Time elapsed: 0.048 s -- in org.apache.ibatis.reflection.MetaObjectTest
2025-12-20T01:59:46.3390937Z [INFO] Running org.apache.ibatis.reflection.ParamNameResolverTest
2025-12-20T01:59:46.3395457Z [INFO] Tests run: 3, Failures: 0, Errors: 0, Skipped: 0, Time elapsed: 0.006 s -- in org.apache.ibatis.reflection.ParamNameResolverTest
2025-12-20T01:59:46.3396942Z [INFO] Running org.apache.ibatis.reflection.ExceptionUtilTest
2025-12-20T01:59:46.3453616Z [INFO] Tests run: 1, Failures: 0, Errors: 0, Skipped: 0, Time elapsed: 0.002 s -- in org.apache.ibatis.reflection.ExceptionUtilTest
2025-12-20T01:59:46.3455078Z [INFO] Running org.apache.ibatis.reflection.MetaClassTest
2025-12-20T01:59:46.3508404Z [INFO] Tests run: 8, Failures: 0, Errors: 0, Skipped: 0, Time elapsed: 0.011 s -- in org.apache.ibatis.reflection.MetaClassTest
2025-12-20T01:59:46.3515226Z [INFO] Running org.apache.ibatis.reflection.wrapper.MapWrapperUnitTest
2025-12-20T01:59:46.5165184Z [INFO] Tests run: 19, Failures: 0, Errors: 0, Skipped: 0, Time elapsed: 0.160 s -- in org.apache.ibatis.reflection.wrapper.MapWrapperUnitTest
2025-12-20T01:59:46.5902454Z [INFO] Running org.apache.ibatis.reflection.wrapper.CollectionWrapperUnitTest
2025-12-20T01:59:46.5903846Z [INFO] Tests run: 13, Failures: 0, Errors: 0, Skipped: 0, Time elapsed: 0.070 s -- in org.apache.ibatis.reflection.wrapper.CollectionWrapperUnitTest
2025-12-20T01:59:46.5912195Z [INFO] Running org.apache.ibatis.reflection.wrapper.BeanWrapperUnitTest
2025-12-20T01:59:46.6152855Z [INFO] Tests run: 19, Failures: 0, Errors: 0, Skipped: 0, Time elapsed: 0.027 s -- in org.apache.ibatis.reflection.wrapper.BeanWrapperUnitTest
2025-12-20T01:59:46.6167954Z [INFO] Running org.apache.ibatis.reflection.wrapper.MapWrapperTest
2025-12-20T01:59:46.6830816Z [INFO] Tests run: 9, Failures: 0, Errors: 0, Skipped: 0, Time elapsed: 0.068 s -- in org.apache.ibatis.reflection.wrapper.MapWrapperTest
2025-12-20T01:59:46.6849924Z [INFO] Running org.apache.ibatis.reflection.wrapper.BeanWrapperTest
2025-12-20T01:59:46.6900995Z [INFO] Tests run: 1, Failures: 0, Errors: 0, Skipped: 0, Time elapsed: 0.005 s -- in org.apache.ibatis.reflection.wrapper.BeanWrapperTest
2025-12-20T01:59:46.6903725Z [INFO] Running org.apache.ibatis.reflection.factory.DefaultObjectFactoryTest
2025-12-20T01:59:46.7052831Z [INFO] Tests run: 6, Failures: 0, Errors: 0, Skipped: 0, Time elapsed: 0.006 s -- in org.apache.ibatis.reflection.factory.DefaultObjectFactoryTest
2025-12-20T01:59:46.7054464Z [INFO] Running org.apache.ibatis.reflection.property.PropertyCopierTest
2025-12-20T01:59:46.7074355Z [INFO] Tests run: 1, Failures: 0, Errors: 0, Skipped: 0, Time elapsed: 0.002 s -- in org.apache.ibatis.reflection.property.PropertyCopierTest
2025-12-20T01:59:46.7080391Z [INFO] Running org.apache.ibatis.reflection.property.PropertyTokenizerTest
2025-12-20T01:59:46.7133296Z [INFO] Tests run: 3, Failures: 0, Errors: 0, Skipped: 0, Time elapsed: 0.007 s -- in org.apache.ibatis.reflection.property.PropertyTokenizerTest
2025-12-20T01:59:46.7134795Z [INFO] Running org.apache.ibatis.reflection.TypeParameterResolverTest
2025-12-20T01:59:46.7703920Z [INFO] Tests run: 45, Failures: 0, Errors: 0, Skipped: 0, Time elapsed: 0.061 s -- in org.apache.ibatis.reflection.TypeParameterResolverTest
2025-12-20T01:59:46.7706744Z [INFO] Running org.apache.ibatis.reflection.ReflectorTest
2025-12-20T01:59:46.8028650Z [INFO] Tests run: 19, Failures: 0, Errors: 0, Skipped: 0, Time elapsed: 0.028 s -- in org.apache.ibatis.reflection.ReflectorTest
2025-12-20T01:59:46.8031017Z [INFO] Running org.apache.ibatis.jdbc.ScriptRunnerTest
2025-12-20T01:59:46.8519419Z -- @DELIMITER |
2025-12-20T01:59:46.8522000Z line 1;
2025-12-20T01:59:46.8524123Z line 2;
2025-12-20T01:59:46.8525639Z 
2025-12-20T01:59:46.8526853Z 
2025-12-20T01:59:46.8528104Z //  @DELIMITER  ;
2025-12-20T01:59:46.8529582Z line 3
2025-12-20T01:59:46.8530853Z 
2025-12-20T01:59:46.8532325Z -- //@deLimiTer $  blah
2025-12-20T01:59:46.8533900Z line 4
2025-12-20T01:59:46.8561540Z 
2025-12-20T01:59:46.8562129Z // //@DELIMITER %
2025-12-20T01:59:46.8562728Z line 5
2025-12-20T01:59:46.8562999Z 
2025-12-20T01:59:47.2852196Z -- @DELIMITER ||
2025-12-20T01:59:47.2864069Z line 1;
2025-12-20T01:59:47.2864424Z line 2;
2025-12-20T01:59:47.2864597Z 
2025-12-20T01:59:47.2864606Z 
2025-12-20T01:59:47.2864737Z //  @DELIMITER  ;
2025-12-20T01:59:47.2865075Z line 3
2025-12-20T01:59:47.2865256Z 
2025-12-20T01:59:47.4119828Z [WARNING] Tests run: 12, Failures: 0, Errors: 0, Skipped: 1, Time elapsed: 0.611 s -- in org.apache.ibatis.jdbc.ScriptRunnerTest
2025-12-20T01:59:47.4122481Z [INFO] Running org.apache.ibatis.jdbc.PooledDataSourceTest
2025-12-20T01:59:47.4279320Z [INFO] Tests run: 3, Failures: 0, Errors: 0, Skipped: 0, Time elapsed: 0.018 s -- in org.apache.ibatis.jdbc.PooledDataSourceTest
2025-12-20T01:59:47.4281802Z [INFO] Running org.apache.ibatis.jdbc.SelectBuilderTest
2025-12-20T01:59:47.4355730Z [INFO] Tests run: 5, Failures: 0, Errors: 0, Skipped: 0, Time elapsed: 0.007 s -- in org.apache.ibatis.jdbc.SelectBuilderTest
2025-12-20T01:59:47.4358726Z [INFO] Running org.apache.ibatis.jdbc.SQLTest
2025-12-20T01:59:47.4902349Z [INFO] Tests run: 38, Failures: 0, Errors: 0, Skipped: 0, Time elapsed: 0.049 s -- in org.apache.ibatis.jdbc.SQLTest
2025-12-20T01:59:47.4903286Z [INFO] Running org.apache.ibatis.jdbc.SqlRunnerTest
2025-12-20T01:59:47.7718187Z [INFO] Tests run: 6, Failures: 0, Errors: 0, Skipped: 0, Time elapsed: 0.283 s -- in org.apache.ibatis.jdbc.SqlRunnerTest
2025-12-20T01:59:47.7719491Z [INFO] Running org.apache.ibatis.jdbc.NullTest
2025-12-20T01:59:47.7751453Z [INFO] Tests run: 1, Failures: 0, Errors: 0, Skipped: 0, Time elapsed: 0.001 s -- in org.apache.ibatis.jdbc.NullTest
2025-12-20T01:59:47.7752433Z [INFO] Running org.apache.ibatis.jdbc.SqlBuilderTest
2025-12-20T01:59:47.7850428Z [INFO] Tests run: 5, Failures: 0, Errors: 0, Skipped: 0, Time elapsed: 0.005 s -- in org.apache.ibatis.jdbc.SqlBuilderTest
2025-12-20T01:59:47.7851700Z [INFO] Running org.apache.ibatis.executor.BatchExecutorTest
2025-12-20T01:59:48.2142159Z [INFO] Tests run: 23, Failures: 0, Errors: 0, Skipped: 0, Time elapsed: 0.433 s -- in org.apache.ibatis.executor.BatchExecutorTest
2025-12-20T01:59:48.2143927Z [INFO] Running org.apache.ibatis.executor.CachingReuseExecutorTest
2025-12-20T01:59:48.5077382Z [INFO] Tests run: 23, Failures: 0, Errors: 0, Skipped: 0, Time elapsed: 0.290 s -- in org.apache.ibatis.executor.CachingReuseExecutorTest
2025-12-20T01:59:48.5083629Z [INFO] Running org.apache.ibatis.executor.loader.JavassistProxyTest
2025-12-20T01:59:49.6546951Z [INFO] Tests run: 15, Failures: 0, Errors: 0, Skipped: 0, Time elapsed: 1.150 s -- in org.apache.ibatis.executor.loader.JavassistProxyTest
2025-12-20T01:59:49.6553104Z [INFO] Running org.apache.ibatis.executor.CachingSimpleExecutorTest
2025-12-20T01:59:49.8973706Z [INFO] Tests run: 23, Failures: 0, Errors: 0, Skipped: 0, Time elapsed: 0.242 s -- in org.apache.ibatis.executor.CachingSimpleExecutorTest
2025-12-20T01:59:49.8975097Z [INFO] Running org.apache.ibatis.executor.ReuseExecutorTest
2025-12-20T01:59:50.1209141Z [INFO] Tests run: 23, Failures: 0, Errors: 0, Skipped: 0, Time elapsed: 0.222 s -- in org.apache.ibatis.executor.ReuseExecutorTest
2025-12-20T01:59:50.1213868Z [INFO] Running org.apache.ibatis.executor.ResultExtractorTest
2025-12-20T01:59:50.1831482Z [INFO] Tests run: 6, Failures: 0, Errors: 0, Skipped: 0, Time elapsed: 0.063 s -- in org.apache.ibatis.executor.ResultExtractorTest
2025-12-20T01:59:50.1854330Z [INFO] Running org.apache.ibatis.executor.resultset.DefaultResultSetHandlerTest
2025-12-20T01:59:50.3574616Z [INFO] Tests run: 2, Failures: 0, Errors: 0, Skipped: 0, Time elapsed: 0.170 s -- in org.apache.ibatis.executor.resultset.DefaultResultSetHandlerTest
2025-12-20T01:59:50.3576027Z [INFO] Running org.apache.ibatis.executor.ErrorContextTest
2025-12-20T01:59:50.3576981Z [INFO] Tests run: 2, Failures: 0, Errors: 0, Skipped: 0, Time elapsed: 0.002 s -- in org.apache.ibatis.executor.ErrorContextTest
2025-12-20T01:59:50.3577941Z [INFO] Running org.apache.ibatis.executor.BaseExecutorTest
2025-12-20T01:59:50.5952865Z [INFO] Tests run: 22, Failures: 0, Errors: 0, Skipped: 0, Time elapsed: 0.236 s -- in org.apache.ibatis.executor.BaseExecutorTest
2025-12-20T01:59:50.6035937Z [INFO] Running org.apache.ibatis.executor.statement.BaseStatementHandlerTest
2025-12-20T01:59:50.6346485Z [INFO] Tests run: 12, Failures: 0, Errors: 0, Skipped: 0, Time elapsed: 0.039 s -- in org.apache.ibatis.executor.statement.BaseStatementHandlerTest
2025-12-20T01:59:50.6349168Z [INFO] Running org.apache.ibatis.executor.CachingBatchExecutorTest
2025-12-20T01:59:50.8647384Z [INFO] Tests run: 23, Failures: 0, Errors: 0, Skipped: 0, Time elapsed: 0.227 s -- in org.apache.ibatis.executor.CachingBatchExecutorTest
2025-12-20T01:59:50.8648699Z [INFO] Running org.apache.ibatis.submitted.parametrizedlist.ParametrizedListTest
2025-12-20T01:59:50.9389892Z [INFO] Tests run: 4, Failures: 0, Errors: 0, Skipped: 0, Time elapsed: 0.075 s -- in org.apache.ibatis.submitted.parametrizedlist.ParametrizedListTest
2025-12-20T01:59:50.9395038Z [INFO] Running org.apache.ibatis.submitted.ognl_enum.EnumWithOgnlTest
2025-12-20T01:59:51.0267509Z [INFO] Tests run: 4, Failures: 0, Errors: 0, Skipped: 0, Time elapsed: 0.086 s -- in org.apache.ibatis.submitted.ognl_enum.EnumWithOgnlTest
2025-12-20T01:59:51.0268740Z [INFO] Running org.apache.ibatis.submitted.duplicate_statements.DuplicateStatementsTest
2025-12-20T01:59:51.0936159Z [WARNING] Tests run: 5, Failures: 0, Errors: 0, Skipped: 2, Time elapsed: 0.064 s -- in org.apache.ibatis.submitted.duplicate_statements.DuplicateStatementsTest
2025-12-20T01:59:51.0937502Z [INFO] Running org.apache.ibatis.submitted.camelcase.CamelCaseMappingTest
2025-12-20T01:59:51.1234581Z [INFO] Tests run: 2, Failures: 0, Errors: 0, Skipped: 0, Time elapsed: 0.033 s -- in org.apache.ibatis.submitted.camelcase.CamelCaseMappingTest
2025-12-20T01:59:51.1242953Z [INFO] Running org.apache.ibatis.submitted.dml_return_types.DmlMapperReturnTypesTest
2025-12-20T01:59:51.1655033Z [INFO] Tests run: 7, Failures: 0, Errors: 0, Skipped: 0, Time elapsed: 0.040 s -- in org.apache.ibatis.submitted.dml_return_types.DmlMapperReturnTypesTest
2025-12-20T01:59:51.1658262Z [INFO] Running org.apache.ibatis.submitted.mapper_type_parameter.MapperTypeParameterTest
2025-12-20T01:59:51.2095881Z [INFO] Tests run: 6, Failures: 0, Errors: 0, Skipped: 0, Time elapsed: 0.042 s -- in org.apache.ibatis.submitted.mapper_type_parameter.MapperTypeParameterTest
2025-12-20T01:59:51.2097476Z [INFO] Running org.apache.ibatis.submitted.lazyload_proxyfactory_comparison.JavassistLazyTest
2025-12-20T01:59:51.2132485Z [WARNING] Tests run: 6, Failures: 0, Errors: 0, Skipped: 6, Time elapsed: 0 s -- in org.apache.ibatis.submitted.lazyload_proxyfactory_comparison.JavassistLazyTest
2025-12-20T01:59:51.2134312Z [INFO] Running org.apache.ibatis.submitted.lazyload_proxyfactory_comparison.DefaultLazyTest
2025-12-20T01:59:51.3560173Z [INFO] Tests run: 6, Failures: 0, Errors: 0, Skipped: 0, Time elapsed: 0.148 s -- in org.apache.ibatis.submitted.lazyload_proxyfactory_comparison.DefaultLazyTest
2025-12-20T01:59:51.3561931Z [INFO] Running org.apache.ibatis.submitted.ognlstatic.OgnlStaticTest
2025-12-20T01:59:51.3933196Z [INFO] Tests run: 1, Failures: 0, Errors: 0, Skipped: 0, Time elapsed: 0.037 s -- in org.apache.ibatis.submitted.ognlstatic.OgnlStaticTest
2025-12-20T01:59:51.3934795Z [INFO] Running org.apache.ibatis.submitted.results_id.ResultsIdTest
2025-12-20T01:59:51.4317981Z [INFO] Tests run: 4, Failures: 0, Errors: 0, Skipped: 0, Time elapsed: 0.037 s -- in org.apache.ibatis.submitted.results_id.ResultsIdTest
2025-12-20T01:59:51.4352169Z [INFO] Running org.apache.ibatis.submitted.results_id.IdConflictTest
2025-12-20T01:59:51.4386337Z [INFO] Tests run: 1, Failures: 0, Errors: 0, Skipped: 0, Time elapsed: 0.005 s -- in org.apache.ibatis.submitted.results_id.IdConflictTest
2025-12-20T01:59:51.4388121Z [INFO] Running org.apache.ibatis.submitted.enum_interface_type_handler.EnumInterfaceTypeHandlerTest
2025-12-20T01:59:51.4712267Z [INFO] Tests run: 3, Failures: 0, Errors: 0, Skipped: 0, Time elapsed: 0.031 s -- in org.apache.ibatis.submitted.enum_interface_type_handler.EnumInterfaceTypeHandlerTest
2025-12-20T01:59:51.4713736Z [INFO] Running org.apache.ibatis.submitted.named_constructor_args.NamedConstructorArgsTest
2025-12-20T01:59:51.4964552Z [INFO] Tests run: 2, Failures: 0, Errors: 0, Skipped: 0, Time elapsed: 0.024 s -- in org.apache.ibatis.submitted.named_constructor_args.NamedConstructorArgsTest
2025-12-20T01:59:51.4971419Z [INFO] Running org.apache.ibatis.submitted.named_constructor_args.InvalidNamedConstructorArgsTest
2025-12-20T01:59:51.5039755Z [INFO] Tests run: 3, Failures: 0, Errors: 0, Skipped: 0, Time elapsed: 0.009 s -- in org.apache.ibatis.submitted.named_constructor_args.InvalidNamedConstructorArgsTest
2025-12-20T01:59:51.5044435Z [INFO] Running org.apache.ibatis.submitted.named_constructor_args.NamedConstructorArgsUseActualNameTest
2025-12-20T01:59:51.5177294Z [INFO] Tests run: 2, Failures: 0, Errors: 0, Skipped: 0, Time elapsed: 0.013 s -- in org.apache.ibatis.submitted.named_constructor_args.NamedConstructorArgsUseActualNameTest
2025-12-20T01:59:51.5184242Z [INFO] Running org.apache.ibatis.submitted.empty_row.ReturnInstanceForEmptyRowTest
2025-12-20T01:59:51.5758454Z [INFO] Tests run: 11, Failures: 0, Errors: 0, Skipped: 0, Time elapsed: 0.048 s -- in org.apache.ibatis.submitted.empty_row.ReturnInstanceForEmptyRowTest
2025-12-20T01:59:51.6309629Z [INFO] Running org.apache.ibatis.submitted.foreach.ForEachTest
2025-12-20T01:59:51.6310706Z [INFO] Tests run: 12, Failures: 0, Errors: 0, Skipped: 0, Time elapsed: 0.062 s -- in org.apache.ibatis.submitted.foreach.ForEachTest
2025-12-20T01:59:51.6317962Z [INFO] Running org.apache.ibatis.submitted.uuid_test.UUIDTest
2025-12-20T01:59:51.6612659Z [INFO] Tests run: 3, Failures: 0, Errors: 0, Skipped: 0, Time elapsed: 0.028 s -- in org.apache.ibatis.submitted.uuid_test.UUIDTest
2025-12-20T01:59:51.6614923Z [INFO] Running org.apache.ibatis.submitted.initialized_collection_property.AuthorDAOTest
2025-12-20T01:59:51.6953309Z [WARNING] Tests run: 2, Failures: 0, Errors: 0, Skipped: 1, Time elapsed: 0.028 s -- in org.apache.ibatis.submitted.initialized_collection_property.AuthorDAOTest
2025-12-20T01:59:51.6954956Z [INFO] Running org.apache.ibatis.submitted.language.LanguageTest
2025-12-20T01:59:51.8606688Z [INFO] Tests run: 11, Failures: 0, Errors: 0, Skipped: 0, Time elapsed: 0.171 s -- in org.apache.ibatis.submitted.language.LanguageTest
2025-12-20T01:59:51.8613550Z [INFO] Running org.apache.ibatis.submitted.column_order_based_constructor_automapping.ColumnOrderBasedConstructorAutomappingTest
2025-12-20T01:59:51.8897170Z [INFO] Tests run: 4, Failures: 0, Errors: 0, Skipped: 0, Time elapsed: 0.030 s -- in org.apache.ibatis.submitted.column_order_based_constructor_automapping.ColumnOrderBasedConstructorAutomappingTest
2025-12-20T01:59:51.8901826Z [INFO] Running org.apache.ibatis.submitted.null_associations.FooMapperTest
2025-12-20T01:59:51.9170191Z [INFO] Tests run: 2, Failures: 0, Errors: 0, Skipped: 0, Time elapsed: 0.026 s -- in org.apache.ibatis.submitted.null_associations.FooMapperTest
2025-12-20T01:59:51.9177927Z [INFO] Running org.apache.ibatis.submitted.array_type_handler.ArrayTypeHandlerTest
2025-12-20T01:59:51.9576267Z [INFO] Tests run: 2, Failures: 0, Errors: 0, Skipped: 0, Time elapsed: 0.040 s -- in org.apache.ibatis.submitted.array_type_handler.ArrayTypeHandlerTest
2025-12-20T01:59:51.9577572Z [INFO] Running org.apache.ibatis.submitted.ancestor_ref.AncestorRefTest
2025-12-20T01:59:51.9834072Z [INFO] Tests run: 3, Failures: 0, Errors: 0, Skipped: 0, Time elapsed: 0.023 s -- in org.apache.ibatis.submitted.ancestor_ref.AncestorRefTest
2025-12-20T01:59:51.9862547Z [INFO] Running org.apache.ibatis.submitted.valueinmap.ValueInMapTest
2025-12-20T01:59:52.0065972Z [INFO] Tests run: 2, Failures: 0, Errors: 0, Skipped: 0, Time elapsed: 0.022 s -- in org.apache.ibatis.submitted.valueinmap.ValueInMapTest
2025-12-20T01:59:52.0067191Z [INFO] Running org.apache.ibatis.submitted.force_flush_on_select.ForceFlushOnSelectTest
2025-12-20T01:59:52.0915665Z [INFO] Tests run: 6, Failures: 0, Errors: 0, Skipped: 0, Time elapsed: 0.077 s -- in org.apache.ibatis.submitted.force_flush_on_select.ForceFlushOnSelectTest
2025-12-20T01:59:52.0917302Z [INFO] Running org.apache.ibatis.submitted.orphan_result_maps.OrphanResultMapTest
2025-12-20T01:59:52.0964498Z [INFO] Tests run: 2, Failures: 0, Errors: 0, Skipped: 0, Time elapsed: 0.014 s -- in org.apache.ibatis.submitted.orphan_result_maps.OrphanResultMapTest
2025-12-20T01:59:52.0969475Z [INFO] Running org.apache.ibatis.submitted.oracle_cursor.OracleCursorTest
2025-12-20T01:59:52.5037827Z WARNING: A restricted method in java.lang.System has been called
2025-12-20T01:59:52.5040539Z WARNING: java.lang.System::load has been called by com.sun.jna.Native in an unnamed module (file:/home/runner/.m2/repository/net/java/dev/jna/jna/5.13.0/jna-5.13.0.jar)
2025-12-20T01:59:52.5043273Z WARNING: Use --enable-native-access=ALL-UNNAMED to avoid a warning for callers in this module
2025-12-20T01:59:52.5045518Z WARNING: Restricted methods will be blocked in a future release unless native access is enabled
2025-12-20T01:59:52.5047304Z 
2025-12-20T02:00:46.4069077Z [INFO] Tests run: 13, Failures: 0, Errors: 0, Skipped: 0, Time elapsed: 54.30 s -- in org.apache.ibatis.submitted.oracle_cursor.OracleCursorTest
2025-12-20T02:00:46.4085942Z [INFO] Running org.apache.ibatis.submitted.typehandler.TypeHandlerTest
2025-12-20T02:00:46.5537546Z [INFO] Tests run: 14, Failures: 0, Errors: 0, Skipped: 0, Time elapsed: 0.149 s -- in org.apache.ibatis.submitted.typehandler.TypeHandlerTest
2025-12-20T02:00:46.5538931Z [INFO] Running org.apache.ibatis.submitted.missing_id_property.MissingIdPropertyTest
2025-12-20T02:00:46.6050740Z [INFO] Tests run: 1, Failures: 0, Errors: 0, Skipped: 0, Time elapsed: 0.052 s -- in org.apache.ibatis.submitted.missing_id_property.MissingIdPropertyTest
2025-12-20T02:00:46.6054757Z [INFO] Running org.apache.ibatis.submitted.associationtest.AssociationTest
2025-12-20T02:00:46.6203513Z [INFO] Tests run: 4, Failures: 0, Errors: 0, Skipped: 0, Time elapsed: 0.015 s -- in org.apache.ibatis.submitted.associationtest.AssociationTest
2025-12-20T02:00:46.6205406Z [INFO] Running org.apache.ibatis.submitted.generictyperesolution.GenericTypeResolutionTest
2025-12-20T02:00:46.6389983Z [INFO] Tests run: 2, Failures: 0, Errors: 0, Skipped: 0, Time elapsed: 0.020 s -- in org.apache.ibatis.submitted.generictyperesolution.GenericTypeResolutionTest
2025-12-20T02:00:46.6396307Z [INFO] Running org.apache.ibatis.submitted.xml_external_ref.MultipleCrossIncludeTest
2025-12-20T02:00:46.6850666Z [INFO] Tests run: 3, Failures: 0, Errors: 0, Skipped: 0, Time elapsed: 0.045 s -- in org.apache.ibatis.submitted.xml_external_ref.MultipleCrossIncludeTest
2025-12-20T02:00:46.6866333Z [INFO] Running org.apache.ibatis.submitted.xml_external_ref.ResultMapReferenceTest
2025-12-20T02:00:46.7073151Z [INFO] Tests run: 2, Failures: 0, Errors: 0, Skipped: 0, Time elapsed: 0.019 s -- in org.apache.ibatis.submitted.xml_external_ref.ResultMapReferenceTest
2025-12-20T02:00:46.7074825Z [INFO] Running org.apache.ibatis.submitted.xml_external_ref.ResultMapExtendsTest
2025-12-20T02:00:46.7261491Z [INFO] Tests run: 2, Failures: 0, Errors: 0, Skipped: 0, Time elapsed: 0.017 s -- in org.apache.ibatis.submitted.xml_external_ref.ResultMapExtendsTest
2025-12-20T02:00:46.7267781Z [INFO] Running org.apache.ibatis.submitted.xml_external_ref.XmlExternalRefTest
2025-12-20T02:00:46.7613073Z [INFO] Tests run: 5, Failures: 0, Errors: 0, Skipped: 0, Time elapsed: 0.038 s -- in org.apache.ibatis.submitted.xml_external_ref.XmlExternalRefTest
2025-12-20T02:00:46.7614803Z [INFO] Running org.apache.ibatis.submitted.xml_external_ref.ParameterMapReferenceTest
2025-12-20T02:00:46.7771330Z [INFO] Tests run: 2, Failures: 0, Errors: 0, Skipped: 0, Time elapsed: 0.016 s -- in org.apache.ibatis.submitted.xml_external_ref.ParameterMapReferenceTest
2025-12-20T02:00:46.7773636Z [INFO] Running org.apache.ibatis.submitted.xml_external_ref.ShortNameTest
2025-12-20T02:00:46.8049683Z [INFO] Tests run: 2, Failures: 0, Errors: 0, Skipped: 0, Time elapsed: 0.026 s -- in org.apache.ibatis.submitted.xml_external_ref.ShortNameTest
2025-12-20T02:00:46.8051283Z [INFO] Running org.apache.ibatis.submitted.xml_external_ref.SameIdTest
2025-12-20T02:00:46.8252347Z [INFO] Tests run: 2, Failures: 0, Errors: 0, Skipped: 0, Time elapsed: 0.021 s -- in org.apache.ibatis.submitted.xml_external_ref.SameIdTest
2025-12-20T02:00:46.8255279Z [INFO] Running org.apache.ibatis.submitted.xml_external_ref.MultipleReverseIncludeTest
2025-12-20T02:00:46.8353610Z [INFO] Tests run: 2, Failures: 0, Errors: 0, Skipped: 0, Time elapsed: 0.010 s -- in org.apache.ibatis.submitted.xml_external_ref.MultipleReverseIncludeTest
2025-12-20T02:00:46.8372269Z [INFO] Running org.apache.ibatis.submitted.xml_external_ref.NonFullyQualifiedNamespaceTest
2025-12-20T02:00:46.8465596Z [INFO] Tests run: 1, Failures: 0, Errors: 0, Skipped: 0, Time elapsed: 0.011 s -- in org.apache.ibatis.submitted.xml_external_ref.NonFullyQualifiedNamespaceTest
2025-12-20T02:00:46.8467017Z [INFO] Running org.apache.ibatis.submitted.xml_external_ref.ReverseIncludeTest
2025-12-20T02:00:46.8576855Z [INFO] Tests run: 2, Failures: 0, Errors: 0, Skipped: 0, Time elapsed: 0.009 s -- in org.apache.ibatis.submitted.xml_external_ref.ReverseIncludeTest
2025-12-20T02:00:46.8581839Z [INFO] Running org.apache.ibatis.submitted.xml_external_ref.MultipleIncludeTest
2025-12-20T02:00:46.8685014Z [INFO] Tests run: 2, Failures: 0, Errors: 0, Skipped: 0, Time elapsed: 0.011 s -- in org.apache.ibatis.submitted.xml_external_ref.MultipleIncludeTest
2025-12-20T02:00:46.8689009Z [INFO] Running org.apache.ibatis.submitted.substitution_in_annots.SubstitutionInAnnotsTest
2025-12-20T02:00:46.8879632Z [INFO] Tests run: 4, Failures: 0, Errors: 0, Skipped: 0, Time elapsed: 0.019 s -- in org.apache.ibatis.submitted.substitution_in_annots.SubstitutionInAnnotsTest
2025-12-20T02:00:46.8885341Z [INFO] Running org.apache.ibatis.submitted.hashmaptypehandler.HashMapTypeHandlerTest
2025-12-20T02:00:46.9145982Z [INFO] Tests run: 4, Failures: 0, Errors: 0, Skipped: 0, Time elapsed: 0.026 s -- in org.apache.ibatis.submitted.hashmaptypehandler.HashMapTypeHandlerTest
2025-12-20T02:00:46.9150911Z [INFO] Running org.apache.ibatis.submitted.basetest.BaseTest
2025-12-20T02:00:46.9316668Z [INFO] Tests run: 2, Failures: 0, Errors: 0, Skipped: 0, Time elapsed: 0.012 s -- in org.apache.ibatis.submitted.basetest.BaseTest
2025-12-20T02:00:46.9363405Z [INFO] Running org.apache.ibatis.submitted.bringrags.SimpleObjectTest
2025-12-20T02:00:46.9573377Z [INFO] Tests run: 1, Failures: 0, Errors: 0, Skipped: 0, Time elapsed: 0.025 s -- in org.apache.ibatis.submitted.bringrags.SimpleObjectTest
2025-12-20T02:00:46.9579343Z [INFO] Running org.apache.ibatis.submitted.parent_reference_3level.BlogTest
2025-12-20T02:00:47.0291079Z [INFO] Tests run: 4, Failures: 0, Errors: 0, Skipped: 0, Time elapsed: 0.072 s -- in org.apache.ibatis.submitted.parent_reference_3level.BlogTest
2025-12-20T02:00:47.0297092Z [INFO] Running org.apache.ibatis.submitted.dynsql2.DynSqlTest
2025-12-20T02:00:47.0614455Z [INFO] Tests run: 2, Failures: 0, Errors: 0, Skipped: 0, Time elapsed: 0.024 s -- in org.apache.ibatis.submitted.dynsql2.DynSqlTest
2025-12-20T02:00:47.0616042Z [INFO] Running org.apache.ibatis.submitted.inline_association_with_dot.InlineCollectionWithDotTest
2025-12-20T02:00:47.1054632Z [INFO] Tests run: 2, Failures: 0, Errors: 0, Skipped: 0, Time elapsed: 0.052 s -- in org.apache.ibatis.submitted.inline_association_with_dot.InlineCollectionWithDotTest
2025-12-20T02:00:47.1056051Z [INFO] Running org.apache.ibatis.submitted.maptypehandler.MapTypeHandlerTest
2025-12-20T02:00:47.1350451Z [INFO] Tests run: 2, Failures: 0, Errors: 0, Skipped: 0, Time elapsed: 0.025 s -- in org.apache.ibatis.submitted.maptypehandler.MapTypeHandlerTest
2025-12-20T02:00:47.1352723Z [INFO] Running org.apache.ibatis.submitted.enumtypehandler_on_annotation.EnumTypeHandlerUsingAnnotationTest
2025-12-20T02:00:47.2385001Z [INFO] Tests run: 4, Failures: 0, Errors: 0, Skipped: 0, Time elapsed: 0.100 s -- in org.apache.ibatis.submitted.enumtypehandler_on_annotation.EnumTypeHandlerUsingAnnotationTest
2025-12-20T02:00:47.2386774Z [INFO] Running org.apache.ibatis.submitted.blobtest.BlobTest
2025-12-20T02:00:47.2701538Z [INFO] Tests run: 2, Failures: 0, Errors: 0, Skipped: 0, Time elapsed: 0.037 s -- in org.apache.ibatis.submitted.blobtest.BlobTest
2025-12-20T02:00:47.2709237Z [INFO] Running org.apache.ibatis.submitted.postgres_genkeys.PostgresGeneratedKeysTest
2025-12-20T02:00:56.6698303Z [INFO] Tests run: 3, Failures: 0, Errors: 0, Skipped: 0, Time elapsed: 9.403 s -- in org.apache.ibatis.submitted.postgres_genkeys.PostgresGeneratedKeysTest
2025-12-20T02:00:56.6700204Z [INFO] Running org.apache.ibatis.submitted.foreach_map.ForEachMapTest
2025-12-20T02:00:56.6858340Z [INFO] Tests run: 4, Failures: 0, Errors: 0, Skipped: 0, Time elapsed: 0.017 s -- in org.apache.ibatis.submitted.foreach_map.ForEachMapTest
2025-12-20T02:00:56.6864240Z [INFO] Running org.apache.ibatis.submitted.collection_in_constructor.CollectionInConstructorTest
2025-12-20T02:00:56.7413093Z [WARNING] Tests run: 13, Failures: 0, Errors: 0, Skipped: 1, Time elapsed: 0.055 s -- in org.apache.ibatis.submitted.collection_in_constructor.CollectionInConstructorTest
2025-12-20T02:00:56.7416378Z [INFO] Running org.apache.ibatis.submitted.multiple_resultsets.MultipleResultTest
2025-12-20T02:00:56.7911952Z [INFO] Tests run: 2, Failures: 0, Errors: 0, Skipped: 0, Time elapsed: 0.049 s -- in org.apache.ibatis.submitted.multiple_resultsets.MultipleResultTest
2025-12-20T02:00:56.7917113Z [INFO] Running org.apache.ibatis.submitted.order_prefix_removed.OrderPrefixRemovedTest
2025-12-20T02:00:56.8097695Z [INFO] Tests run: 1, Failures: 0, Errors: 0, Skipped: 0, Time elapsed: 0.019 s -- in org.apache.ibatis.submitted.order_prefix_removed.OrderPrefixRemovedTest
2025-12-20T02:00:56.8102936Z [INFO] Running org.apache.ibatis.submitted.cursor_simple.MysqlCursorTest
2025-12-20T02:01:18.1417186Z [INFO] Tests run: 2, Failures: 0, Errors: 0, Skipped: 0, Time elapsed: 21.33 s -- in org.apache.ibatis.submitted.cursor_simple.MysqlCursorTest
2025-12-20T02:01:18.1418347Z [INFO] Running org.apache.ibatis.submitted.cursor_simple.PostgresCursorTest
2025-12-20T02:01:18.1601648Z [INFO] Tests run: 1, Failures: 0, Errors: 0, Skipped: 0, Time elapsed: 0.018 s -- in org.apache.ibatis.submitted.cursor_simple.PostgresCursorTest
2025-12-20T02:01:18.1604469Z [INFO] Running org.apache.ibatis.submitted.cursor_simple.CursorSimpleTest
2025-12-20T02:01:18.1854556Z [INFO] Tests run: 14, Failures: 0, Errors: 0, Skipped: 0, Time elapsed: 0.025 s -- in org.apache.ibatis.submitted.cursor_simple.CursorSimpleTest
2025-12-20T02:01:18.1857523Z [INFO] Running org.apache.ibatis.submitted.nestedresulthandler_association.NestedResultHandlerAssociationTest
2025-12-20T02:01:18.2043277Z [INFO] Tests run: 2, Failures: 0, Errors: 0, Skipped: 0, Time elapsed: 0.019 s -- in org.apache.ibatis.submitted.nestedresulthandler_association.NestedResultHandlerAssociationTest
2025-12-20T02:01:18.2045067Z [INFO] Running org.apache.ibatis.submitted.count.CountTest
2025-12-20T02:01:18.2104284Z [INFO] Tests run: 1, Failures: 0, Errors: 0, Skipped: 0, Time elapsed: 0.006 s -- in org.apache.ibatis.submitted.count.CountTest
2025-12-20T02:01:18.2105996Z [INFO] Running org.apache.ibatis.submitted.sqlprovider.SqlProviderTest
2025-12-20T02:01:18.4520940Z [INFO] Tests run: 53, Failures: 0, Errors: 0, Skipped: 0, Time elapsed: 0.241 s -- in org.apache.ibatis.submitted.sqlprovider.SqlProviderTest
2025-12-20T02:01:18.4522529Z [INFO] Running org.apache.ibatis.submitted.sqlprovider.ProviderMethodResolutionTest
2025-12-20T02:01:18.4758627Z [INFO] Tests run: 9, Failures: 0, Errors: 0, Skipped: 0, Time elapsed: 0.023 s -- in org.apache.ibatis.submitted.sqlprovider.ProviderMethodResolutionTest
2025-12-20T02:01:18.4759863Z [INFO] Running org.apache.ibatis.submitted.sql.PostgresSQLTest
2025-12-20T02:01:18.5002955Z [INFO] Tests run: 1, Failures: 0, Errors: 0, Skipped: 0, Time elapsed: 0.023 s -- in org.apache.ibatis.submitted.sql.PostgresSQLTest
2025-12-20T02:01:18.5004086Z [INFO] Running org.apache.ibatis.submitted.sql.HsqldbSQLTest
2025-12-20T02:01:18.5131792Z [INFO] Tests run: 1, Failures: 0, Errors: 0, Skipped: 0, Time elapsed: 0.013 s -- in org.apache.ibatis.submitted.sql.HsqldbSQLTest
2025-12-20T02:01:18.5134834Z [INFO] Running org.apache.ibatis.submitted.inheritance.InheritanceTest
2025-12-20T02:01:18.5438117Z [INFO] Tests run: 1, Failures: 0, Errors: 0, Skipped: 0, Time elapsed: 0.029 s -- in org.apache.ibatis.submitted.inheritance.InheritanceTest
2025-12-20T02:01:18.5444078Z [INFO] Running org.apache.ibatis.submitted.discriminator.DiscriminatorTest
2025-12-20T02:01:18.5625714Z [INFO] Tests run: 4, Failures: 0, Errors: 0, Skipped: 0, Time elapsed: 0.018 s -- in org.apache.ibatis.submitted.discriminator.DiscriminatorTest
2025-12-20T02:01:18.5633048Z [INFO] Running org.apache.ibatis.submitted.use_actual_param_name.UseActualParamNameTest
2025-12-20T02:01:18.5788358Z [INFO] Tests run: 4, Failures: 0, Errors: 0, Skipped: 0, Time elapsed: 0.016 s -- in org.apache.ibatis.submitted.use_actual_param_name.UseActualParamNameTest
2025-12-20T02:01:18.5790836Z [INFO] Running org.apache.ibatis.submitted.multidb.ProviderTest
2025-12-20T02:01:18.5938265Z [INFO] Tests run: 2, Failures: 0, Errors: 0, Skipped: 0, Time elapsed: 0.014 s -- in org.apache.ibatis.submitted.multidb.ProviderTest
2025-12-20T02:01:18.5940368Z [INFO] Running org.apache.ibatis.submitted.multidb.MultiDbTest
2025-12-20T02:01:18.6053657Z [INFO] Tests run: 6, Failures: 0, Errors: 0, Skipped: 0, Time elapsed: 0.012 s -- in org.apache.ibatis.submitted.multidb.MultiDbTest
2025-12-20T02:01:18.6058170Z [INFO] Running org.apache.ibatis.submitted.literal_string.LiteralStringTest
2025-12-20T02:01:18.6191694Z [INFO] Tests run: 3, Failures: 0, Errors: 0, Skipped: 0, Time elapsed: 0.014 s -- in org.apache.ibatis.submitted.literal_string.LiteralStringTest
2025-12-20T02:01:18.6192972Z [INFO] Running org.apache.ibatis.submitted.duplicate_resource_loaded.DuplicateResourceTest
2025-12-20T02:01:18.7148533Z [INFO] Tests run: 1, Failures: 0, Errors: 0, Skipped: 0, Time elapsed: 0.095 s -- in org.apache.ibatis.submitted.duplicate_resource_loaded.DuplicateResourceTest
2025-12-20T02:01:18.7151381Z [INFO] Running org.apache.ibatis.submitted.arg_name_based_constructor_automapping.ArgNameBasedConstructorAutoMappingTest
2025-12-20T02:01:18.7344250Z [INFO] Tests run: 7, Failures: 0, Errors: 0, Skipped: 0, Time elapsed: 0.019 s -- in org.apache.ibatis.submitted.arg_name_based_constructor_automapping.ArgNameBasedConstructorAutoMappingTest
2025-12-20T02:01:18.7346606Z [INFO] Running org.apache.ibatis.submitted.member_access.MemberAccessTest
2025-12-20T02:01:18.7579147Z [INFO] Tests run: 5, Failures: 0, Errors: 0, Skipped: 0, Time elapsed: 0.023 s -- in org.apache.ibatis.submitted.member_access.MemberAccessTest
2025-12-20T02:01:18.7581637Z [INFO] Running org.apache.ibatis.submitted.primitive_result_type.PrimitiveResultTypeTest
2025-12-20T02:01:18.7926056Z [INFO] Tests run: 2, Failures: 0, Errors: 0, Skipped: 0, Time elapsed: 0.034 s -- in org.apache.ibatis.submitted.primitive_result_type.PrimitiveResultTypeTest
2025-12-20T02:01:18.7937990Z [INFO] Running org.apache.ibatis.submitted.include_property.IncludePropertyTest
2025-12-20T02:01:18.8204459Z [INFO] Tests run: 9, Failures: 0, Errors: 0, Skipped: 0, Time elapsed: 0.028 s -- in org.apache.ibatis.submitted.include_property.IncludePropertyTest
2025-12-20T02:01:18.8210134Z [INFO] Running org.apache.ibatis.submitted.include_property.IncludePropertyErrorTest
2025-12-20T02:01:18.8252819Z [INFO] Tests run: 1, Failures: 0, Errors: 0, Skipped: 0, Time elapsed: 0.004 s -- in org.apache.ibatis.submitted.include_property.IncludePropertyErrorTest
2025-12-20T02:01:18.8258948Z [INFO] Running org.apache.ibatis.submitted.dynsql.DynSqlTest
2025-12-20T02:01:18.8686981Z [INFO] Tests run: 9, Failures: 0, Errors: 0, Skipped: 0, Time elapsed: 0.042 s -- in org.apache.ibatis.submitted.dynsql.DynSqlTest
2025-12-20T02:01:18.8688635Z [INFO] Running org.apache.ibatis.submitted.simplelistparameter.SimpleListParameterTest
2025-12-20T02:01:18.8895438Z [INFO] Tests run: 3, Failures: 0, Errors: 0, Skipped: 0, Time elapsed: 0.021 s -- in org.apache.ibatis.submitted.simplelistparameter.SimpleListParameterTest
2025-12-20T02:01:18.8914426Z [INFO] Running org.apache.ibatis.submitted.cacheorder.CacheOrderTest
2025-12-20T02:01:18.9108369Z [INFO] Tests run: 1, Failures: 0, Errors: 0, Skipped: 0, Time elapsed: 0.019 s -- in org.apache.ibatis.submitted.cacheorder.CacheOrderTest
2025-12-20T02:01:18.9109569Z [INFO] Running org.apache.ibatis.submitted.collection_injection.CollectionInjectionTest
2025-12-20T02:01:18.9765152Z [INFO] Tests run: 3, Failures: 0, Errors: 0, Skipped: 0, Time elapsed: 0.067 s -- in org.apache.ibatis.submitted.collection_injection.CollectionInjectionTest
2025-12-20T02:01:18.9766487Z [INFO] Running org.apache.ibatis.submitted.enumtypehandler_on_map.EnumTypeHandlerTest
2025-12-20T02:01:18.9922450Z [INFO] Tests run: 2, Failures: 0, Errors: 0, Skipped: 0, Time elapsed: 0.015 s -- in org.apache.ibatis.submitted.enumtypehandler_on_map.EnumTypeHandlerTest
2025-12-20T02:01:18.9927285Z [INFO] Running org.apache.ibatis.submitted.multipleiterates.MultipleIteratesTest
2025-12-20T02:01:19.0066812Z [INFO] Tests run: 1, Failures: 0, Errors: 0, Skipped: 0, Time elapsed: 0.014 s -- in org.apache.ibatis.submitted.multipleiterates.MultipleIteratesTest
2025-12-20T02:01:19.0073105Z [INFO] Running org.apache.ibatis.submitted.not_null_column.NotNullColumnTest
2025-12-20T02:01:19.0283184Z [INFO] Tests run: 8, Failures: 0, Errors: 0, Skipped: 0, Time elapsed: 0.022 s -- in org.apache.ibatis.submitted.not_null_column.NotNullColumnTest
2025-12-20T02:01:19.0284996Z [INFO] Running org.apache.ibatis.submitted.nestedresulthandler_gh1551.NestedResultHandlerGh1551Test
2025-12-20T02:01:19.0484693Z [INFO] Tests run: 2, Failures: 0, Errors: 0, Skipped: 0, Time elapsed: 0.020 s -- in org.apache.ibatis.submitted.nestedresulthandler_gh1551.NestedResultHandlerGh1551Test
2025-12-20T02:01:19.0491531Z [INFO] Running org.apache.ibatis.submitted.associationtype.AssociationTypeTest
2025-12-20T02:01:19.0661872Z [INFO] Tests run: 2, Failures: 0, Errors: 0, Skipped: 0, Time elapsed: 0.016 s -- in org.apache.ibatis.submitted.associationtype.AssociationTypeTest
2025-12-20T02:01:19.0664260Z [INFO] Running org.apache.ibatis.submitted.refid_resolution.ExternalRefidResolutionTest
2025-12-20T02:01:19.0721596Z [INFO] Tests run: 1, Failures: 0, Errors: 0, Skipped: 0, Time elapsed: 0.006 s -- in org.apache.ibatis.submitted.refid_resolution.ExternalRefidResolutionTest
2025-12-20T02:01:19.0727715Z [INFO] Running org.apache.ibatis.submitted.refid_resolution.RefidResolutionTest
2025-12-20T02:01:19.0772154Z [INFO] Tests run: 1, Failures: 0, Errors: 0, Skipped: 0, Time elapsed: 0.005 s -- in org.apache.ibatis.submitted.refid_resolution.RefidResolutionTest
2025-12-20T02:01:19.0803775Z [INFO] Running org.apache.ibatis.submitted.generictypes.GenericTypesTest
2025-12-20T02:01:19.1052713Z [INFO] Tests run: 1, Failures: 0, Errors: 0, Skipped: 0, Time elapsed: 0.028 s -- in org.apache.ibatis.submitted.generictypes.GenericTypesTest
2025-12-20T02:01:19.1056601Z [INFO] Running org.apache.ibatis.submitted.global_variables.BaseTest
2025-12-20T02:01:19.1209926Z [INFO] Tests run: 2, Failures: 0, Errors: 0, Skipped: 0, Time elapsed: 0.016 s -- in org.apache.ibatis.submitted.global_variables.BaseTest
2025-12-20T02:01:19.1211319Z [INFO] Running org.apache.ibatis.submitted.param_name_resolve.ActualParamNameTest
2025-12-20T02:01:19.1369669Z [INFO] Tests run: 2, Failures: 0, Errors: 0, Skipped: 0, Time elapsed: 0.016 s -- in org.apache.ibatis.submitted.param_name_resolve.ActualParamNameTest
2025-12-20T02:01:19.1370936Z [INFO] Running org.apache.ibatis.submitted.param_name_resolve.NoActualParamNameTest
2025-12-20T02:01:19.1432241Z [INFO] Tests run: 1, Failures: 0, Errors: 0, Skipped: 0, Time elapsed: 0.006 s -- in org.apache.ibatis.submitted.param_name_resolve.NoActualParamNameTest
2025-12-20T02:01:19.1434729Z [INFO] Running org.apache.ibatis.submitted.keygen.Jdbc3KeyGeneratorTest
2025-12-20T02:01:19.1879111Z [INFO] Tests run: 32, Failures: 0, Errors: 0, Skipped: 0, Time elapsed: 0.041 s -- in org.apache.ibatis.submitted.keygen.Jdbc3KeyGeneratorTest
2025-12-20T02:01:19.1880704Z [INFO] Running org.apache.ibatis.submitted.refcursor.RefCursorTest
2025-12-20T02:01:19.2454084Z [INFO] Tests run: 4, Failures: 0, Errors: 0, Skipped: 0, Time elapsed: 0.060 s -- in org.apache.ibatis.submitted.refcursor.RefCursorTest
2025-12-20T02:01:19.2457805Z [INFO] Running org.apache.ibatis.submitted.xml_references.EnumWithOgnlTest
2025-12-20T02:01:19.2570599Z [INFO] Tests run: 2, Failures: 0, Errors: 0, Skipped: 0, Time elapsed: 0.013 s -- in org.apache.ibatis.submitted.xml_references.EnumWithOgnlTest
2025-12-20T02:01:19.2572466Z [INFO] Running org.apache.ibatis.submitted.no_param_type.NoParamTypeTest
2025-12-20T02:01:19.2689783Z [INFO] Tests run: 1, Failures: 0, Errors: 0, Skipped: 0, Time elapsed: 0.012 s -- in org.apache.ibatis.submitted.no_param_type.NoParamTypeTest
2025-12-20T02:01:19.2692209Z [INFO] Running org.apache.ibatis.submitted.result_handler.ResultHandlerTest
2025-12-20T02:01:19.2760130Z [INFO] Tests run: 2, Failures: 0, Errors: 0, Skipped: 0, Time elapsed: 0.007 s -- in org.apache.ibatis.submitted.result_handler.ResultHandlerTest
2025-12-20T02:01:19.2761894Z [INFO] Running org.apache.ibatis.submitted.map_class_name_conflict.MapperNameTest
2025-12-20T02:01:19.2808350Z [INFO] Tests run: 1, Failures: 0, Errors: 0, Skipped: 0, Time elapsed: 0.005 s -- in org.apache.ibatis.submitted.map_class_name_conflict.MapperNameTest
2025-12-20T02:01:19.2810558Z [INFO] Running org.apache.ibatis.submitted.lazy_deserialize.LazyDeserializeTest
2025-12-20T02:01:19.3040361Z [INFO] Tests run: 2, Failures: 0, Errors: 0, Skipped: 0, Time elapsed: 0.023 s -- in org.apache.ibatis.submitted.lazy_deserialize.LazyDeserializeTest
2025-12-20T02:01:19.3042915Z [INFO] Running org.apache.ibatis.submitted.heavy_initial_load.HeavyInitialLoadTest
2025-12-20T02:01:19.5300756Z [INFO] Tests run: 1, Failures: 0, Errors: 0, Skipped: 0, Time elapsed: 0.226 s -- in org.apache.ibatis.submitted.heavy_initial_load.HeavyInitialLoadTest
2025-12-20T02:01:19.5302267Z [INFO] Running org.apache.ibatis.submitted.lazyload_common_property.CommonPropertyLazyLoadTest
2025-12-20T02:01:19.5539629Z [INFO] Tests run: 4, Failures: 0, Errors: 0, Skipped: 0, Time elapsed: 0.023 s -- in org.apache.ibatis.submitted.lazyload_common_property.CommonPropertyLazyLoadTest
2025-12-20T02:01:19.5543706Z [INFO] Running org.apache.ibatis.submitted.databaseid_productname.DatabaseIdProductNameTest
2025-12-20T02:01:19.5664203Z [INFO] Tests run: 1, Failures: 0, Errors: 0, Skipped: 0, Time elapsed: 0.013 s -- in org.apache.ibatis.submitted.databaseid_productname.DatabaseIdProductNameTest
2025-12-20T02:01:19.5668682Z [INFO] Running org.apache.ibatis.submitted.multipleresultsetswithassociation.MultipleResultSetTest
2025-12-20T02:01:19.6093174Z [INFO] Tests run: 2, Failures: 0, Errors: 0, Skipped: 0, Time elapsed: 0.042 s -- in org.apache.ibatis.submitted.multipleresultsetswithassociation.MultipleResultSetTest
2025-12-20T02:01:19.6098132Z [INFO] Running org.apache.ibatis.submitted.annotion_many_one_add_resultmapid.OneManyResultMapTest
2025-12-20T02:01:19.6347472Z [INFO] Tests run: 4, Failures: 0, Errors: 0, Skipped: 0, Time elapsed: 0.025 s -- in org.apache.ibatis.submitted.annotion_many_one_add_resultmapid.OneManyResultMapTest
2025-12-20T02:01:19.6352860Z [INFO] Running org.apache.ibatis.submitted.cursor_cache_oom.CursorOomTest
2025-12-20T02:01:24.9628144Z [INFO] Tests run: 1, Failures: 0, Errors: 0, Skipped: 0, Time elapsed: 5.329 s -- in org.apache.ibatis.submitted.cursor_cache_oom.CursorOomTest
2025-12-20T02:01:24.9629975Z [INFO] Running org.apache.ibatis.submitted.nestedresulthandler.NestedResultHandlerTest
2025-12-20T02:01:24.9888997Z [INFO] Tests run: 5, Failures: 0, Errors: 0, Skipped: 0, Time elapsed: 0.025 s -- in org.apache.ibatis.submitted.nestedresulthandler.NestedResultHandlerTest
2025-12-20T02:01:24.9890312Z [INFO] Running org.apache.ibatis.submitted.javassist.JavassistTest
2025-12-20T02:01:25.0042186Z [INFO] Tests run: 1, Failures: 0, Errors: 0, Skipped: 0, Time elapsed: 0.015 s -- in org.apache.ibatis.submitted.javassist.JavassistTest
2025-12-20T02:01:25.0043310Z [INFO] Running org.apache.ibatis.submitted.batch_test.BatchTest
2025-12-20T02:01:25.0148209Z [INFO] Tests run: 1, Failures: 0, Errors: 0, Skipped: 0, Time elapsed: 0.011 s -- in org.apache.ibatis.submitted.batch_test.BatchTest
2025-12-20T02:01:25.0149794Z [INFO] Running org.apache.ibatis.submitted.includes.IncludeTest
2025-12-20T02:01:25.0284186Z [INFO] Tests run: 3, Failures: 0, Errors: 0, Skipped: 0, Time elapsed: 0.013 s -- in org.apache.ibatis.submitted.includes.IncludeTest
2025-12-20T02:01:25.0286652Z [INFO] Running org.apache.ibatis.submitted.serializecircular.SerializeCircularTest
2025-12-20T02:01:25.0968003Z [INFO] Tests run: 4, Failures: 0, Errors: 0, Skipped: 0, Time elapsed: 0.068 s -- in org.apache.ibatis.submitted.serializecircular.SerializeCircularTest
2025-12-20T02:01:25.0970648Z [INFO] Running org.apache.ibatis.submitted.enum_with_method.EnumWithMethodTest
2025-12-20T02:01:25.1112533Z [INFO] Tests run: 2, Failures: 0, Errors: 0, Skipped: 0, Time elapsed: 0.015 s -- in org.apache.ibatis.submitted.enum_with_method.EnumWithMethodTest
2025-12-20T02:01:25.1115004Z [INFO] Running org.apache.ibatis.submitted.collectionparameters.CollectionParametersTest
2025-12-20T02:01:25.1257185Z [INFO] Tests run: 3, Failures: 0, Errors: 0, Skipped: 0, Time elapsed: 0.014 s -- in org.apache.ibatis.submitted.collectionparameters.CollectionParametersTest
2025-12-20T02:01:25.1260683Z [INFO] Running org.apache.ibatis.submitted.nested.NestedForEachTest
2025-12-20T02:01:25.1434869Z [INFO] Tests run: 5, Failures: 0, Errors: 0, Skipped: 0, Time elapsed: 0.017 s -- in org.apache.ibatis.submitted.nested.NestedForEachTest
2025-12-20T02:01:25.1439533Z [INFO] Running org.apache.ibatis.submitted.mapper_extend.MapperExtendTest
2025-12-20T02:01:25.1627179Z [INFO] Tests run: 6, Failures: 0, Errors: 0, Skipped: 0, Time elapsed: 0.019 s -- in org.apache.ibatis.submitted.mapper_extend.MapperExtendTest
2025-12-20T02:01:25.1629943Z [INFO] Running org.apache.ibatis.submitted.unknownobject.UnknownObjectTest
2025-12-20T02:01:25.1741952Z [INFO] Tests run: 1, Failures: 0, Errors: 0, Skipped: 0, Time elapsed: 0.011 s -- in org.apache.ibatis.submitted.unknownobject.UnknownObjectTest
2025-12-20T02:01:25.1744689Z [INFO] Running org.apache.ibatis.submitted.primitives.PrimitivesTest
2025-12-20T02:01:25.1855909Z [INFO] Tests run: 1, Failures: 0, Errors: 0, Skipped: 0, Time elapsed: 0.011 s -- in org.apache.ibatis.submitted.primitives.PrimitivesTest
2025-12-20T02:01:25.1858859Z [INFO] Running org.apache.ibatis.submitted.raw_sql_source.RawSqlSourceTest
2025-12-20T02:01:25.2099618Z [INFO] Tests run: 7, Failures: 0, Errors: 0, Skipped: 0, Time elapsed: 0.023 s -- in org.apache.ibatis.submitted.raw_sql_source.RawSqlSourceTest
2025-12-20T02:01:25.2102860Z [INFO] Running org.apache.ibatis.submitted.complex_column.ComplexColumnTest
2025-12-20T02:01:25.2286405Z [INFO] Tests run: 6, Failures: 0, Errors: 0, Skipped: 0, Time elapsed: 0.018 s -- in org.apache.ibatis.submitted.complex_column.ComplexColumnTest
2025-12-20T02:01:25.2289727Z [INFO] Running org.apache.ibatis.submitted.emptycollection.DaoTest
2025-12-20T02:01:25.2614205Z [INFO] Tests run: 3, Failures: 0, Errors: 0, Skipped: 0, Time elapsed: 0.032 s -- in org.apache.ibatis.submitted.emptycollection.DaoTest
2025-12-20T02:01:25.2615435Z [INFO] Running org.apache.ibatis.submitted.column_prefix.ColumnPrefixAutoMappingTest
2025-12-20T02:01:25.2912760Z [INFO] Tests run: 3, Failures: 0, Errors: 0, Skipped: 0, Time elapsed: 0.030 s -- in org.apache.ibatis.submitted.column_prefix.ColumnPrefixAutoMappingTest
2025-12-20T02:01:25.2914745Z [INFO] Running org.apache.ibatis.submitted.column_prefix.ColumnPrefixTest
2025-12-20T02:01:25.3120556Z [INFO] Tests run: 2, Failures: 0, Errors: 0, Skipped: 0, Time elapsed: 0.020 s -- in org.apache.ibatis.submitted.column_prefix.ColumnPrefixTest
2025-12-20T02:01:25.3126451Z [INFO] Running org.apache.ibatis.submitted.column_prefix.ColumnPrefixNestedQueryTest
2025-12-20T02:01:25.3349521Z [INFO] Tests run: 2, Failures: 0, Errors: 0, Skipped: 0, Time elapsed: 0.022 s -- in org.apache.ibatis.submitted.column_prefix.ColumnPrefixNestedQueryTest
2025-12-20T02:01:25.3355469Z [INFO] Running org.apache.ibatis.submitted.bind_in_foreach.BindInForeachTest
2025-12-20T02:01:25.3486569Z [INFO] Tests run: 1, Failures: 0, Errors: 0, Skipped: 0, Time elapsed: 0.013 s -- in org.apache.ibatis.submitted.bind_in_foreach.BindInForeachTest
2025-12-20T02:01:25.3488189Z [INFO] Running org.apache.ibatis.submitted.integer_enum.IntegerEnumTest
2025-12-20T02:01:25.3547496Z [INFO] Tests run: 1, Failures: 0, Errors: 0, Skipped: 0, Time elapsed: 0.005 s -- in org.apache.ibatis.submitted.integer_enum.IntegerEnumTest
2025-12-20T02:01:25.3549397Z [INFO] Running org.apache.ibatis.submitted.timestamp_with_timezone.TimestampWithTimezoneTypeHandlerTest
2025-12-20T02:01:25.3679690Z [WARNING] Tests run: 3, Failures: 0, Errors: 0, Skipped: 1, Time elapsed: 0.013 s -- in org.apache.ibatis.submitted.timestamp_with_timezone.TimestampWithTimezoneTypeHandlerTest
2025-12-20T02:01:25.3682796Z [INFO] Running org.apache.ibatis.submitted.quotedcolumnnames.QuotedColumnNamesTest
2025-12-20T02:01:25.3754297Z [INFO] Tests run: 2, Failures: 0, Errors: 0, Skipped: 0, Time elapsed: 0.007 s -- in org.apache.ibatis.submitted.quotedcolumnnames.QuotedColumnNamesTest
2025-12-20T02:01:25.3755937Z [INFO] Running org.apache.ibatis.submitted.array_result_type.ArrayResultTypeTest
2025-12-20T02:01:25.4040567Z [INFO] Tests run: 4, Failures: 0, Errors: 0, Skipped: 0, Time elapsed: 0.028 s -- in org.apache.ibatis.submitted.array_result_type.ArrayResultTypeTest
2025-12-20T02:01:25.4043331Z [INFO] Running org.apache.ibatis.submitted.handle_by_jdbc_type.HandlerByJdbcTypeTest
2025-12-20T02:01:25.4241831Z [INFO] Tests run: 4, Failures: 0, Errors: 0, Skipped: 0, Time elapsed: 0.020 s -- in org.apache.ibatis.submitted.handle_by_jdbc_type.HandlerByJdbcTypeTest
2025-12-20T02:01:25.4244181Z [INFO] Running org.apache.ibatis.submitted.localtime.LocalTimeTest
2025-12-20T02:01:25.4379876Z [INFO] Tests run: 2, Failures: 0, Errors: 0, Skipped: 0, Time elapsed: 0.013 s -- in org.apache.ibatis.submitted.localtime.LocalTimeTest
2025-12-20T02:01:25.4381545Z [INFO] Running org.apache.ibatis.submitted.resultmapwithassociationstest.ResultMapWithAssociationsTest
2025-12-20T02:01:25.4519888Z [INFO] Tests run: 1, Failures: 0, Errors: 0, Skipped: 0, Time elapsed: 0.014 s -- in org.apache.ibatis.submitted.resultmapwithassociationstest.ResultMapWithAssociationsTest
2025-12-20T02:01:25.4522589Z [INFO] Running org.apache.ibatis.submitted.cache.CacheTest
2025-12-20T02:01:25.5322169Z [INFO] Tests run: 11, Failures: 0, Errors: 0, Skipped: 0, Time elapsed: 0.080 s -- in org.apache.ibatis.submitted.cache.CacheTest
2025-12-20T02:01:25.5386710Z [INFO] Running org.apache.ibatis.submitted.keycolumn.InsertTest
2025-12-20T02:01:25.5719207Z [INFO] Tests run: 3, Failures: 0, Errors: 0, Skipped: 0, Time elapsed: 0.038 s -- in org.apache.ibatis.submitted.keycolumn.InsertTest
2025-12-20T02:01:25.5721690Z [INFO] Running org.apache.ibatis.submitted.flush_statement_npe.FlushStatementNpeTest
2025-12-20T02:01:25.5911697Z [INFO] Tests run: 3, Failures: 0, Errors: 0, Skipped: 0, Time elapsed: 0.020 s -- in org.apache.ibatis.submitted.flush_statement_npe.FlushStatementNpeTest
2025-12-20T02:01:25.5914249Z [INFO] Running org.apache.ibatis.submitted.no_result_type_map.NoResultTypeMapTest
2025-12-20T02:01:25.6025521Z [INFO] Tests run: 4, Failures: 0, Errors: 0, Skipped: 0, Time elapsed: 0.011 s -- in org.apache.ibatis.submitted.no_result_type_map.NoResultTypeMapTest
2025-12-20T02:01:25.6027913Z [INFO] Running org.apache.ibatis.submitted.custom_collection_handling.CustomCollectionHandlingTest
2025-12-20T02:01:25.6274075Z [INFO] Tests run: 2, Failures: 0, Errors: 0, Skipped: 0, Time elapsed: 0.024 s -- in org.apache.ibatis.submitted.custom_collection_handling.CustomCollectionHandlingTest
2025-12-20T02:01:25.6275455Z [INFO] Running org.apache.ibatis.submitted.batch_keys.BatchKeysTest
2025-12-20T02:01:25.6709107Z [INFO] Tests run: 5, Failures: 0, Errors: 0, Skipped: 0, Time elapsed: 0.045 s -- in org.apache.ibatis.submitted.batch_keys.BatchKeysTest
2025-12-20T02:01:25.6710268Z [INFO] Running org.apache.ibatis.submitted.blocking_cache.BlockingCacheTest
2025-12-20T02:01:26.6910639Z [INFO] Tests run: 3, Failures: 0, Errors: 0, Skipped: 0, Time elapsed: 1.020 s -- in org.apache.ibatis.submitted.blocking_cache.BlockingCacheTest
2025-12-20T02:01:26.6913259Z [INFO] Running org.apache.ibatis.submitted.manyanno.ManyAnnoTest
2025-12-20T02:01:26.8062012Z [INFO] Tests run: 1, Failures: 0, Errors: 0, Skipped: 0, Time elapsed: 0.115 s -- in org.apache.ibatis.submitted.manyanno.ManyAnnoTest
2025-12-20T02:01:26.8064362Z [INFO] Running org.apache.ibatis.submitted.primitive_array.PrimitiveArrayTest
2025-12-20T02:01:26.8185230Z [INFO] Tests run: 1, Failures: 0, Errors: 0, Skipped: 0, Time elapsed: 0.012 s -- in org.apache.ibatis.submitted.primitive_array.PrimitiveArrayTest
2025-12-20T02:01:26.8187573Z [INFO] Running org.apache.ibatis.submitted.empty_namespace.EmptyNamespaceTest
2025-12-20T02:01:26.8230501Z [INFO] Tests run: 1, Failures: 0, Errors: 0, Skipped: 0, Time elapsed: 0.004 s -- in org.apache.ibatis.submitted.empty_namespace.EmptyNamespaceTest
2025-12-20T02:01:26.8240877Z [INFO] Running org.apache.ibatis.submitted.extend.ExtendTest
2025-12-20T02:01:26.8341904Z [INFO] Tests run: 1, Failures: 0, Errors: 0, Skipped: 0, Time elapsed: 0.011 s -- in org.apache.ibatis.submitted.extend.ExtendTest
2025-12-20T02:01:26.8343029Z [INFO] Running org.apache.ibatis.submitted.repeatable.RepeatableDeleteTest
2025-12-20T02:01:27.3679031Z [INFO] Tests run: 6, Failures: 0, Errors: 0, Skipped: 0, Time elapsed: 0.533 s -- in org.apache.ibatis.submitted.repeatable.RepeatableDeleteTest
2025-12-20T02:01:27.3680695Z [INFO] Running org.apache.ibatis.submitted.repeatable.RepeatableUpdateTest
2025-12-20T02:01:27.4337737Z [INFO] Tests run: 6, Failures: 0, Errors: 0, Skipped: 0, Time elapsed: 0.064 s -- in org.apache.ibatis.submitted.repeatable.RepeatableUpdateTest
2025-12-20T02:01:27.4341376Z [INFO] Running org.apache.ibatis.submitted.repeatable.RepeatableSelectTest
2025-12-20T02:01:27.5015731Z [INFO] Tests run: 8, Failures: 0, Errors: 0, Skipped: 0, Time elapsed: 0.069 s -- in org.apache.ibatis.submitted.repeatable.RepeatableSelectTest
2025-12-20T02:01:27.5018357Z [INFO] Running org.apache.ibatis.submitted.repeatable.RepeatableInsertTest
2025-12-20T02:01:27.5927568Z [INFO] Tests run: 6, Failures: 0, Errors: 0, Skipped: 0, Time elapsed: 0.090 s -- in org.apache.ibatis.submitted.repeatable.RepeatableInsertTest
2025-12-20T02:01:27.5929604Z [INFO] Running org.apache.ibatis.submitted.repeatable.RepeatableErrorTest
2025-12-20T02:01:27.6126307Z [INFO] Tests run: 3, Failures: 0, Errors: 0, Skipped: 0, Time elapsed: 0.020 s -- in org.apache.ibatis.submitted.repeatable.RepeatableErrorTest
2025-12-20T02:01:27.6127642Z [INFO] Running org.apache.ibatis.submitted.stringlist.StringListTest
2025-12-20T02:01:27.6397510Z [INFO] Tests run: 3, Failures: 0, Errors: 0, Skipped: 0, Time elapsed: 0.026 s -- in org.apache.ibatis.submitted.stringlist.StringListTest
2025-12-20T02:01:27.6401689Z [INFO] Running org.apache.ibatis.submitted.auto_type_from_non_ambiguous_constructor.AutoTypeFromNonAmbiguousConstructorFailingTest
2025-12-20T02:01:27.6460948Z [INFO] Tests run: 1, Failures: 0, Errors: 0, Skipped: 0, Time elapsed: 0.006 s -- in org.apache.ibatis.submitted.auto_type_from_non_ambiguous_constructor.AutoTypeFromNonAmbiguousConstructorFailingTest
2025-12-20T02:01:27.6466422Z [INFO] Running org.apache.ibatis.submitted.auto_type_from_non_ambiguous_constructor.AutoTypeFromNonAmbiguousConstructorTest
2025-12-20T02:01:27.6679679Z [INFO] Tests run: 5, Failures: 0, Errors: 0, Skipped: 0, Time elapsed: 0.021 s -- in org.apache.ibatis.submitted.auto_type_from_non_ambiguous_constructor.AutoTypeFromNonAmbiguousConstructorTest
2025-12-20T02:01:27.6685495Z [INFO] Running org.apache.ibatis.submitted.overwritingproperties.FooMapperTest
2025-12-20T02:01:27.6893165Z [INFO] Tests run: 1, Failures: 0, Errors: 0, Skipped: 0, Time elapsed: 0.020 s -- in org.apache.ibatis.submitted.overwritingproperties.FooMapperTest
2025-12-20T02:01:27.6901320Z [INFO] Running org.apache.ibatis.submitted.rounding.RoundingHandlersTest
2025-12-20T02:01:27.7466173Z [INFO] Tests run: 2, Failures: 0, Errors: 0, Skipped: 0, Time elapsed: 0.050 s -- in org.apache.ibatis.submitted.rounding.RoundingHandlersTest
2025-12-20T02:01:27.7467924Z [INFO] Running org.apache.ibatis.submitted.typebasedtypehandlerresolution.GloballyRegisteredTypeHandlerResolutionTest
2025-12-20T02:01:27.7780988Z [INFO] Tests run: 14, Failures: 0, Errors: 0, Skipped: 0, Time elapsed: 0.035 s -- in org.apache.ibatis.submitted.typebasedtypehandlerresolution.GloballyRegisteredTypeHandlerResolutionTest
2025-12-20T02:01:27.7800815Z [INFO] Running org.apache.ibatis.submitted.typebasedtypehandlerresolution.LocallySpecifiedTypeHandlerResolutionTest
2025-12-20T02:01:27.8035057Z [INFO] Tests run: 12, Failures: 0, Errors: 0, Skipped: 0, Time elapsed: 0.028 s -- in org.apache.ibatis.submitted.typebasedtypehandlerresolution.LocallySpecifiedTypeHandlerResolutionTest
2025-12-20T02:01:27.8040016Z [INFO] Running org.apache.ibatis.submitted.nestedresulthandler_multiple_association.NestedResultHandlerMultipleAssociationTest
2025-12-20T02:01:27.8138913Z [INFO] Tests run: 2, Failures: 0, Errors: 0, Skipped: 0, Time elapsed: 0.009 s -- in org.apache.ibatis.submitted.nestedresulthandler_multiple_association.NestedResultHandlerMultipleAssociationTest
2025-12-20T02:01:27.8143713Z [INFO] Running org.apache.ibatis.submitted.autodiscover.AutodiscoverTest
2025-12-20T02:01:27.8191993Z [INFO] Tests run: 3, Failures: 0, Errors: 0, Skipped: 0, Time elapsed: 0.006 s -- in org.apache.ibatis.submitted.autodiscover.AutodiscoverTest
2025-12-20T02:01:27.8195996Z [INFO] Running org.apache.ibatis.submitted.immutable_constructor.ImmutablePOJOTest
2025-12-20T02:01:27.8315288Z [INFO] Tests run: 2, Failures: 0, Errors: 0, Skipped: 0, Time elapsed: 0.012 s -- in org.apache.ibatis.submitted.immutable_constructor.ImmutablePOJOTest
2025-12-20T02:01:27.8316657Z [INFO] Running org.apache.ibatis.submitted.nested_query_cache.NestedQueryCacheTest
2025-12-20T02:01:27.9428159Z [INFO] Tests run: 2, Failures: 0, Errors: 0, Skipped: 0, Time elapsed: 0.111 s -- in org.apache.ibatis.submitted.nested_query_cache.NestedQueryCacheTest
2025-12-20T02:01:27.9431458Z [INFO] Running org.apache.ibatis.submitted.nonexistentvariables.NonExistentVariablesTest
2025-12-20T02:01:27.9540795Z [INFO] Tests run: 1, Failures: 0, Errors: 0, Skipped: 0, Time elapsed: 0.011 s -- in org.apache.ibatis.submitted.nonexistentvariables.NonExistentVariablesTest
2025-12-20T02:01:27.9543769Z [INFO] Running org.apache.ibatis.submitted.cglib_lazy_error.CglibNPELazyTest
2025-12-20T02:01:27.9742035Z [INFO] Tests run: 5, Failures: 0, Errors: 0, Skipped: 0, Time elapsed: 0.020 s -- in org.apache.ibatis.submitted.cglib_lazy_error.CglibNPELazyTest
2025-12-20T02:01:27.9745834Z [INFO] Running org.apache.ibatis.submitted.cglib_lazy_error.CglibNPETest
2025-12-20T02:01:27.9904841Z [INFO] Tests run: 7, Failures: 0, Errors: 0, Skipped: 0, Time elapsed: 0.016 s -- in org.apache.ibatis.submitted.cglib_lazy_error.CglibNPETest
2025-12-20T02:01:27.9910480Z [INFO] Running org.apache.ibatis.submitted.annotion_many_one_add_columnprefix.OneManyColumnPrefixTest
2025-12-20T02:01:28.0081554Z [INFO] Tests run: 4, Failures: 0, Errors: 0, Skipped: 0, Time elapsed: 0.017 s -- in org.apache.ibatis.submitted.annotion_many_one_add_columnprefix.OneManyColumnPrefixTest
2025-12-20T02:01:28.0086123Z [INFO] Running org.apache.ibatis.submitted.selectkey.SelectKeyTest
2025-12-20T02:01:28.2269937Z [WARNING] Tests run: 21, Failures: 0, Errors: 0, Skipped: 2, Time elapsed: 0.218 s -- in org.apache.ibatis.submitted.selectkey.SelectKeyTest
2025-12-20T02:01:28.2274341Z [INFO] Running org.apache.ibatis.submitted.complex_property.ComponentTest
2025-12-20T02:01:28.2392431Z [INFO] Tests run: 1, Failures: 0, Errors: 0, Skipped: 0, Time elapsed: 0.013 s -- in org.apache.ibatis.submitted.complex_property.ComponentTest
2025-12-20T02:01:28.2395427Z [INFO] Running org.apache.ibatis.submitted.sptests.SPTest
2025-12-20T02:01:28.2828863Z [INFO] Tests run: 32, Failures: 0, Errors: 0, Skipped: 0, Time elapsed: 0.042 s -- in org.apache.ibatis.submitted.sptests.SPTest
2025-12-20T02:01:28.2829984Z [INFO] Running org.apache.ibatis.submitted.permissions.PermissionsTest
2025-12-20T02:01:28.3055467Z [INFO] Tests run: 3, Failures: 0, Errors: 0, Skipped: 0, Time elapsed: 0.024 s -- in org.apache.ibatis.submitted.permissions.PermissionsTest
2025-12-20T02:01:28.3056750Z [INFO] Running org.apache.ibatis.submitted.lazy_properties.LazyPropertiesTest
2025-12-20T02:01:28.3555944Z [INFO] Tests run: 9, Failures: 0, Errors: 0, Skipped: 0, Time elapsed: 0.050 s -- in org.apache.ibatis.submitted.lazy_properties.LazyPropertiesTest
2025-12-20T02:01:28.3557229Z [INFO] Running org.apache.ibatis.submitted.extendresultmap.ExtendResultMapTest
2025-12-20T02:01:28.3662795Z [INFO] Tests run: 1, Failures: 0, Errors: 0, Skipped: 0, Time elapsed: 0.011 s -- in org.apache.ibatis.submitted.extendresultmap.ExtendResultMapTest
2025-12-20T02:01:28.3664060Z [INFO] Running org.apache.ibatis.submitted.cursor_nested.CursorNestedTest
2025-12-20T02:01:28.3779480Z [INFO] Tests run: 2, Failures: 0, Errors: 0, Skipped: 0, Time elapsed: 0.012 s -- in org.apache.ibatis.submitted.cursor_nested.CursorNestedTest
2025-12-20T02:01:28.3780819Z [INFO] Running org.apache.ibatis.submitted.disallowdotsonnames.DisallowDotsOnNamesTest
2025-12-20T02:01:28.3823373Z [INFO] Tests run: 1, Failures: 0, Errors: 0, Skipped: 0, Time elapsed: 0.004 s -- in org.apache.ibatis.submitted.disallowdotsonnames.DisallowDotsOnNamesTest
2025-12-20T02:01:28.3824909Z [INFO] Running org.apache.ibatis.submitted.dirty_select.DirtySelectTest
2025-12-20T02:01:28.4600164Z [INFO] Tests run: 6, Failures: 0, Errors: 0, Skipped: 0, Time elapsed: 0.077 s -- in org.apache.ibatis.submitted.dirty_select.DirtySelectTest
2025-12-20T02:01:28.4601823Z [INFO] Running org.apache.ibatis.submitted.criterion.CriterionTest
2025-12-20T02:01:28.4672210Z [INFO] Tests run: 1, Failures: 0, Errors: 0, Skipped: 0, Time elapsed: 0.007 s -- in org.apache.ibatis.submitted.criterion.CriterionTest
2025-12-20T02:01:28.4673402Z [INFO] Running org.apache.ibatis.submitted.automapping.AutomappingTest
2025-12-20T02:01:28.4862904Z [INFO] Tests run: 10, Failures: 0, Errors: 0, Skipped: 0, Time elapsed: 0.019 s -- in org.apache.ibatis.submitted.automapping.AutomappingTest
2025-12-20T02:01:28.4864086Z [INFO] Running org.apache.ibatis.submitted.global_variables_defaults.CustomizationTest
2025-12-20T02:01:28.5063742Z [INFO] Tests run: 2, Failures: 0, Errors: 0, Skipped: 0, Time elapsed: 0.020 s -- in org.apache.ibatis.submitted.global_variables_defaults.CustomizationTest
2025-12-20T02:01:28.5066627Z [INFO] Running org.apache.ibatis.submitted.global_variables_defaults.AnnotationMapperTest
2025-12-20T02:01:28.5129734Z [INFO] Tests run: 2, Failures: 0, Errors: 0, Skipped: 0, Time elapsed: 0.007 s -- in org.apache.ibatis.submitted.global_variables_defaults.AnnotationMapperTest
2025-12-20T02:01:28.5132483Z [INFO] Running org.apache.ibatis.submitted.global_variables_defaults.XmlMapperTest
2025-12-20T02:01:28.5227226Z [INFO] Tests run: 2, Failures: 0, Errors: 0, Skipped: 0, Time elapsed: 0.009 s -- in org.apache.ibatis.submitted.global_variables_defaults.XmlMapperTest
2025-12-20T02:01:28.5229972Z [INFO] Running org.apache.ibatis.submitted.global_variables_defaults.ConfigurationTest
2025-12-20T02:01:28.5278378Z [INFO] Tests run: 3, Failures: 0, Errors: 0, Skipped: 0, Time elapsed: 0.005 s -- in org.apache.ibatis.submitted.global_variables_defaults.ConfigurationTest
2025-12-20T02:01:28.5281896Z [INFO] Running org.apache.ibatis.submitted.result_set_type.ResultSetTypeTest
2025-12-20T02:01:28.5469931Z [INFO] Tests run: 3, Failures: 0, Errors: 0, Skipped: 0, Time elapsed: 0.018 s -- in org.apache.ibatis.submitted.result_set_type.ResultSetTypeTest
2025-12-20T02:01:28.5472195Z [INFO] Running org.apache.ibatis.submitted.multiple_discriminator.MultipleDiscriminatorTest
2025-12-20T02:01:28.5907104Z [INFO] Tests run: 3, Failures: 0, Errors: 0, Skipped: 0, Time elapsed: 0.043 s -- in org.apache.ibatis.submitted.multiple_discriminator.MultipleDiscriminatorTest
2025-12-20T02:01:28.5911898Z [INFO] Running org.apache.ibatis.submitted.timezone_edge_case.TimezoneEdgeCaseTest
2025-12-20T02:01:28.6056019Z [INFO] Tests run: 4, Failures: 0, Errors: 0, Skipped: 0, Time elapsed: 0.014 s -- in org.apache.ibatis.submitted.timezone_edge_case.TimezoneEdgeCaseTest
2025-12-20T02:01:28.6061039Z [INFO] Running org.apache.ibatis.submitted.record_type.RecordTypeTest
2025-12-20T02:01:28.6232382Z [INFO] Tests run: 4, Failures: 0, Errors: 0, Skipped: 0, Time elapsed: 0.016 s -- in org.apache.ibatis.submitted.record_type.RecordTypeTest
2025-12-20T02:01:28.6237654Z [INFO] Running org.apache.ibatis.submitted.default_method.DefaultMethodTest
2025-12-20T02:01:28.6408131Z [INFO] Tests run: 3, Failures: 0, Errors: 0, Skipped: 0, Time elapsed: 0.019 s -- in org.apache.ibatis.submitted.default_method.DefaultMethodTest
2025-12-20T02:01:28.6412744Z [INFO] Running org.apache.ibatis.submitted.encoding.EncodingTest
2025-12-20T02:01:28.6539940Z [INFO] Tests run: 2, Failures: 0, Errors: 0, Skipped: 0, Time elapsed: 0.012 s -- in org.apache.ibatis.submitted.encoding.EncodingTest
2025-12-20T02:01:28.6544544Z [INFO] Running org.apache.ibatis.submitted.call_setters_on_nulls.DoNotCallSettersOnNullsTest
2025-12-20T02:01:28.6672004Z [INFO] Tests run: 3, Failures: 0, Errors: 0, Skipped: 0, Time elapsed: 0.013 s -- in org.apache.ibatis.submitted.call_setters_on_nulls.DoNotCallSettersOnNullsTest
2025-12-20T02:01:28.6674549Z [INFO] Running org.apache.ibatis.submitted.call_setters_on_nulls.CallSettersOnNullsTest
2025-12-20T02:01:28.6754510Z [INFO] Tests run: 5, Failures: 0, Errors: 0, Skipped: 0, Time elapsed: 0.008 s -- in org.apache.ibatis.submitted.call_setters_on_nulls.CallSettersOnNullsTest
2025-12-20T02:01:28.6758025Z [INFO] Running org.apache.ibatis.submitted.resolution.javamethods.JavaMethodsTest
2025-12-20T02:01:28.6925281Z [INFO] Tests run: 1, Failures: 0, Errors: 0, Skipped: 0, Time elapsed: 0.017 s -- in org.apache.ibatis.submitted.resolution.javamethods.JavaMethodsTest
2025-12-20T02:01:28.6931352Z [INFO] Running org.apache.ibatis.submitted.resolution.cacherefs.CacheRefsTest
2025-12-20T02:01:28.7088096Z [INFO] Tests run: 1, Failures: 0, Errors: 0, Skipped: 0, Time elapsed: 0.013 s -- in org.apache.ibatis.submitted.resolution.cacherefs.CacheRefsTest
2025-12-20T02:01:28.7094089Z [INFO] Running org.apache.ibatis.submitted.resolution.cachereffromxml.CacheRefFromXmlTest
2025-12-20T02:01:28.7221999Z [INFO] Tests run: 1, Failures: 0, Errors: 0, Skipped: 0, Time elapsed: 0.015 s -- in org.apache.ibatis.submitted.resolution.cachereffromxml.CacheRefFromXmlTest
2025-12-20T02:01:28.7254999Z [INFO] Running org.apache.ibatis.submitted.resolution.deepresultmap.DeepResultMapTest
2025-12-20T02:01:28.7422364Z [INFO] Tests run: 1, Failures: 0, Errors: 0, Skipped: 0, Time elapsed: 0.019 s -- in org.apache.ibatis.submitted.resolution.deepresultmap.DeepResultMapTest
2025-12-20T02:01:28.7426900Z [INFO] Running org.apache.ibatis.submitted.parent_childs.ParentChildTest
2025-12-20T02:01:28.7586629Z [INFO] Tests run: 2, Failures: 0, Errors: 0, Skipped: 0, Time elapsed: 0.015 s -- in org.apache.ibatis.submitted.parent_childs.ParentChildTest
2025-12-20T02:01:28.7591744Z [INFO] Running org.apache.ibatis.submitted.typehandlerinjection.TypeHandlerInjectionTest
2025-12-20T02:01:28.7691690Z [INFO] Tests run: 1, Failures: 0, Errors: 0, Skipped: 0, Time elapsed: 0.012 s -- in org.apache.ibatis.submitted.typehandlerinjection.TypeHandlerInjectionTest
2025-12-20T02:01:28.7696163Z [INFO] Running org.apache.ibatis.submitted.propertiesinmapperfiles.PropertiesInMappersTest
2025-12-20T02:01:28.7801923Z [INFO] Tests run: 1, Failures: 0, Errors: 0, Skipped: 0, Time elapsed: 0.011 s -- in org.apache.ibatis.submitted.propertiesinmapperfiles.PropertiesInMappersTest
2025-12-20T02:01:28.7808302Z [INFO] Running org.apache.ibatis.submitted.deferload_common_property.CommonPropertyDeferLoadTest
2025-12-20T02:01:28.8034914Z [INFO] Tests run: 4, Failures: 0, Errors: 0, Skipped: 0, Time elapsed: 0.023 s -- in org.apache.ibatis.submitted.deferload_common_property.CommonPropertyDeferLoadTest
2025-12-20T02:01:28.8039160Z [INFO] Running org.apache.ibatis.submitted.choosewhen.ChooseWhenTest
2025-12-20T02:01:28.8569131Z [INFO] Tests run: 1, Failures: 0, Errors: 0, Skipped: 0, Time elapsed: 0.052 s -- in org.apache.ibatis.submitted.choosewhen.ChooseWhenTest
2025-12-20T02:01:28.8570781Z [INFO] Running org.apache.ibatis.submitted.constructor_automapping.ConstructorAutomappingTest
2025-12-20T02:01:28.8696252Z [INFO] Tests run: 1, Failures: 0, Errors: 0, Skipped: 0, Time elapsed: 0.013 s -- in org.apache.ibatis.submitted.constructor_automapping.ConstructorAutomappingTest
2025-12-20T02:01:28.8701472Z [INFO] Running org.apache.ibatis.submitted.association_nested.FolderMapperTest
2025-12-20T02:01:28.8863576Z [INFO] Tests run: 1, Failures: 0, Errors: 0, Skipped: 0, Time elapsed: 0.014 s -- in org.apache.ibatis.submitted.association_nested.FolderMapperTest
2025-12-20T02:01:28.8870600Z [INFO] Running org.apache.ibatis.submitted.optional_on_mapper_method.OptionalOnMapperMethodTest
2025-12-20T02:01:29.0669109Z [INFO] Tests run: 5, Failures: 0, Errors: 0, Skipped: 0, Time elapsed: 0.183 s -- in org.apache.ibatis.submitted.optional_on_mapper_method.OptionalOnMapperMethodTest
2025-12-20T02:01:29.0672642Z [INFO] Running org.apache.ibatis.submitted.complex_type.ComplexTypeTest
2025-12-20T02:01:29.0779889Z [INFO] Tests run: 1, Failures: 0, Errors: 0, Skipped: 0, Time elapsed: 0.012 s -- in org.apache.ibatis.submitted.complex_type.ComplexTypeTest
2025-12-20T02:01:29.0781315Z [INFO] Running org.apache.ibatis.submitted.lazy_immutable.ImmutablePOJOTest
2025-12-20T02:01:29.0895374Z [INFO] Tests run: 1, Failures: 0, Errors: 0, Skipped: 0, Time elapsed: 0.011 s -- in org.apache.ibatis.submitted.lazy_immutable.ImmutablePOJOTest
2025-12-20T02:01:29.0897154Z [INFO] Running org.apache.ibatis.submitted.column_forwarding.ColumnForwardingTest
2025-12-20T02:01:29.1185301Z [INFO] Tests run: 2, Failures: 0, Errors: 0, Skipped: 0, Time elapsed: 0.028 s -- in org.apache.ibatis.submitted.column_forwarding.ColumnForwardingTest
2025-12-20T02:01:29.1186639Z [INFO] Running org.apache.ibatis.submitted.call_setters_on_nulls_again.MyBatisTest
2025-12-20T02:01:29.1274512Z [INFO] Tests run: 1, Failures: 0, Errors: 0, Skipped: 0, Time elapsed: 0.009 s -- in org.apache.ibatis.submitted.call_setters_on_nulls_again.MyBatisTest
2025-12-20T02:01:29.1276209Z [INFO] Running org.apache.ibatis.submitted.constructor_columnprefix.ConstructorColumnPrefixTest
2025-12-20T02:01:29.1402738Z [INFO] Tests run: 2, Failures: 0, Errors: 0, Skipped: 0, Time elapsed: 0.011 s -- in org.apache.ibatis.submitted.constructor_columnprefix.ConstructorColumnPrefixTest
2025-12-20T02:01:29.1404466Z [INFO] Running org.apache.ibatis.submitted.unmatched_prop_type.UnmatchedPropTypeTest
2025-12-20T02:01:29.1487427Z [INFO] Tests run: 1, Failures: 0, Errors: 0, Skipped: 0, Time elapsed: 0.009 s -- in org.apache.ibatis.submitted.unmatched_prop_type.UnmatchedPropTypeTest
2025-12-20T02:01:29.1489082Z [INFO] Running org.apache.ibatis.submitted.extends_with_constructor.NpeExtendsTest
2025-12-20T02:01:29.1712391Z [INFO] Tests run: 4, Failures: 0, Errors: 0, Skipped: 0, Time elapsed: 0.022 s -- in org.apache.ibatis.submitted.extends_with_constructor.NpeExtendsTest
2025-12-20T02:01:29.1714120Z [INFO] Running org.apache.ibatis.submitted.awful_table.AwfulTableTest
2025-12-20T02:01:29.1830762Z [INFO] Tests run: 1, Failures: 0, Errors: 0, Skipped: 0, Time elapsed: 0.012 s -- in org.apache.ibatis.submitted.awful_table.AwfulTableTest
2025-12-20T02:01:29.1832366Z [INFO] Running org.apache.ibatis.submitted.result_handler_type.DefaultResultHandlerTypeTest
2025-12-20T02:01:29.1965182Z [INFO] Tests run: 3, Failures: 0, Errors: 0, Skipped: 0, Time elapsed: 0.013 s -- in org.apache.ibatis.submitted.result_handler_type.DefaultResultHandlerTypeTest
2025-12-20T02:01:29.1966516Z [INFO] Running org.apache.ibatis.datasource.jndi.JndiDataSourceFactoryTest
2025-12-20T02:01:29.2037496Z [INFO] Tests run: 1, Failures: 0, Errors: 0, Skipped: 0, Time elapsed: 0.008 s -- in org.apache.ibatis.datasource.jndi.JndiDataSourceFactoryTest
2025-12-20T02:01:29.2038647Z [INFO] Running org.apache.ibatis.datasource.pooled.PooledDataSourceTest
2025-12-20T02:01:31.2162025Z [INFO] Tests run: 5, Failures: 0, Errors: 0, Skipped: 0, Time elapsed: 2.012 s -- in org.apache.ibatis.datasource.pooled.PooledDataSourceTest
2025-12-20T02:01:31.2164347Z [INFO] Running org.apache.ibatis.datasource.pooled.MysqlTimeoutTest
2025-12-20T02:01:34.2277027Z [INFO] Tests run: 1, Failures: 0, Errors: 0, Skipped: 0, Time elapsed: 3.012 s -- in org.apache.ibatis.datasource.pooled.MysqlTimeoutTest
2025-12-20T02:01:34.2277739Z [INFO] Running org.apache.ibatis.datasource.unpooled.NetworkTimeoutTest
2025-12-20T02:01:34.2381898Z [INFO] Tests run: 2, Failures: 0, Errors: 0, Skipped: 0, Time elapsed: 0.010 s -- in org.apache.ibatis.datasource.unpooled.NetworkTimeoutTest
2025-12-20T02:01:34.2383189Z [INFO] Running org.apache.ibatis.datasource.unpooled.UnpooledDataSourceTest
2025-12-20T02:01:34.2396685Z [WARNING] Tests run: 2, Failures: 0, Errors: 0, Skipped: 1, Time elapsed: 0.002 s -- in org.apache.ibatis.datasource.unpooled.UnpooledDataSourceTest
2025-12-20T02:01:34.2397933Z [INFO] Running org.apache.ibatis.builder.xml.dynamic.ExpressionEvaluatorTest
2025-12-20T02:01:34.2463945Z [INFO] Tests run: 8, Failures: 0, Errors: 0, Skipped: 0, Time elapsed: 0.006 s -- in org.apache.ibatis.builder.xml.dynamic.ExpressionEvaluatorTest
2025-12-20T02:01:34.2465691Z [INFO] Running org.apache.ibatis.builder.xml.dynamic.DynamicSqlSourceTest
2025-12-20T02:01:36.6795425Z [INFO] Tests run: 28, Failures: 0, Errors: 0, Skipped: 0, Time elapsed: 2.433 s -- in org.apache.ibatis.builder.xml.dynamic.DynamicSqlSourceTest
2025-12-20T02:01:36.6803524Z [INFO] Running org.apache.ibatis.builder.XmlConfigBuilderTest
2025-12-20T02:01:36.6918510Z [INFO] Tests run: 9, Failures: 0, Errors: 0, Skipped: 0, Time elapsed: 0.012 s -- in org.apache.ibatis.builder.XmlConfigBuilderTest
2025-12-20T02:01:36.6927482Z [INFO] Running org.apache.ibatis.builder.xsd.XmlConfigBuilderTest
2025-12-20T02:01:36.6958239Z [WARNING] Tests run: 2, Failures: 0, Errors: 0, Skipped: 2, Time elapsed: 0.001 s -- in org.apache.ibatis.builder.xsd.XmlConfigBuilderTest
2025-12-20T02:01:36.6993325Z [INFO] Running org.apache.ibatis.builder.xsd.XmlMapperBuilderTest
2025-12-20T02:01:36.6994573Z [WARNING] Tests run: 1, Failures: 0, Errors: 0, Skipped: 1, Time elapsed: 0 s -- in org.apache.ibatis.builder.xsd.XmlMapperBuilderTest
2025-12-20T02:01:36.6995758Z [INFO] Running org.apache.ibatis.builder.ParameterExpressionTest
2025-12-20T02:01:36.7026976Z [INFO] Tests run: 14, Failures: 0, Errors: 0, Skipped: 0, Time elapsed: 0.006 s -- in org.apache.ibatis.builder.ParameterExpressionTest
2025-12-20T02:01:36.7032537Z [INFO] Running org.apache.ibatis.builder.XmlMapperBuilderTest
2025-12-20T02:01:36.7237517Z [INFO] Tests run: 16, Failures: 0, Errors: 0, Skipped: 0, Time elapsed: 0.023 s -- in org.apache.ibatis.builder.XmlMapperBuilderTest
2025-12-20T02:01:36.7241833Z [INFO] Running org.apache.ibatis.builder.ResultMappingConstructorResolverTest
2025-12-20T02:01:36.7313012Z [INFO] Running org.apache.ibatis.builder.ResultMappingConstructorResolverTest$MetaInfoTests
2025-12-20T02:01:36.7655034Z [INFO] Tests run: 18, Failures: 0, Errors: 0, Skipped: 0, Time elapsed: 0.028 s -- in org.apache.ibatis.builder.ResultMappingConstructorResolverTest$MetaInfoTests
2025-12-20T02:01:36.7686973Z [INFO] Tests run: 0, Failures: 0, Errors: 0, Skipped: 0, Time elapsed: 0.040 s -- in org.apache.ibatis.builder.ResultMappingConstructorResolverTest
2025-12-20T02:01:36.7688867Z [INFO] Running org.apache.ibatis.builder.AnnotationMapperBuilderTest
2025-12-20T02:01:36.7732888Z [INFO] Tests run: 5, Failures: 0, Errors: 0, Skipped: 0, Time elapsed: 0.006 s -- in org.apache.ibatis.builder.AnnotationMapperBuilderTest
2025-12-20T02:01:36.7737843Z [INFO] Running org.apache.ibatis.builder.SqlSourceBuilderTest
2025-12-20T02:01:36.7754683Z [INFO] Tests run: 1, Failures: 0, Errors: 0, Skipped: 0, Time elapsed: 0 s -- in org.apache.ibatis.builder.SqlSourceBuilderTest
2025-12-20T02:01:36.7756066Z [INFO] Running org.apache.ibatis.transaction.jdbc.JdbcTransactionWithConnectionTest
2025-12-20T02:01:36.7845291Z [INFO] Tests run: 8, Failures: 0, Errors: 0, Skipped: 0, Time elapsed: 0.015 s -- in org.apache.ibatis.transaction.jdbc.JdbcTransactionWithConnectionTest
2025-12-20T02:01:36.7850697Z [INFO] Running org.apache.ibatis.transaction.jdbc.JdbcTransactionFactoryTest
2025-12-20T02:01:36.7873040Z [INFO] Tests run: 2, Failures: 0, Errors: 0, Skipped: 0, Time elapsed: 0.002 s -- in org.apache.ibatis.transaction.jdbc.JdbcTransactionFactoryTest
2025-12-20T02:01:36.7874344Z [INFO] Running org.apache.ibatis.transaction.jdbc.JdbcTransactionWithDataSourceTest
2025-12-20T02:01:36.8217199Z [INFO] Tests run: 9, Failures: 0, Errors: 0, Skipped: 0, Time elapsed: 0.033 s -- in org.apache.ibatis.transaction.jdbc.JdbcTransactionWithDataSourceTest
2025-12-20T02:01:36.8217998Z [INFO] Running org.apache.ibatis.transaction.jdbc.JdbcTransactionTest
2025-12-20T02:01:36.8237366Z [INFO] Tests run: 1, Failures: 0, Errors: 0, Skipped: 0, Time elapsed: 0.002 s -- in org.apache.ibatis.transaction.jdbc.JdbcTransactionTest
2025-12-20T02:01:36.8238737Z [INFO] Running org.apache.ibatis.transaction.jdbc.JdbcTransactionFactoryUnitTest
2025-12-20T02:01:36.9447031Z [INFO] Tests run: 4, Failures: 0, Errors: 0, Skipped: 0, Time elapsed: 0.120 s -- in org.apache.ibatis.transaction.jdbc.JdbcTransactionFactoryUnitTest
2025-12-20T02:01:36.9448452Z [INFO] Running org.apache.ibatis.transaction.managed.ManagedTransactionFactoryUnitTest
2025-12-20T02:01:36.9528425Z [INFO] Tests run: 3, Failures: 0, Errors: 0, Skipped: 0, Time elapsed: 0.008 s -- in org.apache.ibatis.transaction.managed.ManagedTransactionFactoryUnitTest
2025-12-20T02:01:36.9530121Z [INFO] Running org.apache.ibatis.transaction.managed.ManagedTransactionWithConnectionTest
2025-12-20T02:01:36.9586625Z [INFO] Tests run: 6, Failures: 0, Errors: 0, Skipped: 0, Time elapsed: 0.005 s -- in org.apache.ibatis.transaction.managed.ManagedTransactionWithConnectionTest
2025-12-20T02:01:36.9588588Z [INFO] Running org.apache.ibatis.transaction.managed.ManagedTransactionWithDataSourceTest
2025-12-20T02:01:36.9662468Z [INFO] Tests run: 6, Failures: 0, Errors: 0, Skipped: 0, Time elapsed: 0.007 s -- in org.apache.ibatis.transaction.managed.ManagedTransactionWithDataSourceTest
2025-12-20T02:01:36.9664384Z [INFO] Running org.apache.ibatis.transaction.managed.ManagedTransactionFactoryTest
2025-12-20T02:01:36.9690145Z [INFO] Tests run: 2, Failures: 0, Errors: 0, Skipped: 0, Time elapsed: 0.002 s -- in org.apache.ibatis.transaction.managed.ManagedTransactionFactoryTest
2025-12-20T02:01:36.9691659Z [INFO] Running org.apache.ibatis.io.VFSTest
2025-12-20T02:01:36.9692438Z 02:01:36.967 ERROR [main] org.apache.ibatis.io.VFS - Method not found org.apache.ibatis.io.VFS.listXxx.  Cause: java.lang.NoSuchMethodException: org.apache.ibatis.io.VFS.listXxx(java.lang.String)
2025-12-20T02:01:36.9738358Z [INFO] Tests run: 5, Failures: 0, Errors: 0, Skipped: 0, Time elapsed: 0.004 s -- in org.apache.ibatis.io.VFSTest
2025-12-20T02:01:36.9739342Z [INFO] Running org.apache.ibatis.io.ResolverUtilTest
2025-12-20T02:01:37.0047110Z [INFO] Tests run: 12, Failures: 0, Errors: 0, Skipped: 0, Time elapsed: 0.030 s -- in org.apache.ibatis.io.ResolverUtilTest
2025-12-20T02:01:37.0047800Z [INFO] Running org.apache.ibatis.io.ClassLoaderWrapperTest
2025-12-20T02:01:37.0102651Z [INFO] Tests run: 9, Failures: 0, Errors: 0, Skipped: 0, Time elapsed: 0.005 s -- in org.apache.ibatis.io.ClassLoaderWrapperTest
2025-12-20T02:01:37.0103631Z [INFO] Running org.apache.ibatis.io.ResourcesTest
2025-12-20T02:01:37.0191758Z [INFO] Tests run: 17, Failures: 0, Errors: 0, Skipped: 0, Time elapsed: 0.008 s -- in org.apache.ibatis.io.ResourcesTest
2025-12-20T02:01:37.0192383Z [INFO] Running org.apache.ibatis.io.ExternalResourcesTest
2025-12-20T02:01:37.0256880Z [INFO] Tests run: 4, Failures: 0, Errors: 0, Skipped: 0, Time elapsed: 0.006 s -- in org.apache.ibatis.io.ExternalResourcesTest
2025-12-20T02:01:37.0258412Z [INFO] Running org.apache.ibatis.session.SqlSessionManagerTest
2025-12-20T02:01:37.1415929Z [INFO] Tests run: 6, Failures: 0, Errors: 0, Skipped: 0, Time elapsed: 0.114 s -- in org.apache.ibatis.session.SqlSessionManagerTest
2025-12-20T02:01:37.1418164Z [INFO] Running org.apache.ibatis.session.defaults.ExtendedSqlSessionFactoryTest
2025-12-20T02:01:37.2483346Z [INFO] Tests run: 1, Failures: 0, Errors: 0, Skipped: 0, Time elapsed: 0.107 s -- in org.apache.ibatis.session.defaults.ExtendedSqlSessionFactoryTest
2025-12-20T02:01:37.2484672Z [INFO] Running org.apache.ibatis.session.AutoMappingUnknownColumnBehaviorTest
2025-12-20T02:01:37.3337071Z 02:01:37.331 WARN  [main] o.a.i.s.AutoMappingUnknownColumnBehavior - Unknown column is detected on 'org.apache.ibatis.session.AutoMappingUnknownColumnBehaviorTest$Mapper.selectSimpleAuthor' auto-mapping. Mapping parameters are [columnName=ID,propertyName=id,propertyType=java.util.concurrent.atomic.AtomicInteger]
2025-12-20T02:01:37.3409179Z [INFO] Tests run: 3, Failures: 0, Errors: 0, Skipped: 0, Time elapsed: 0.091 s -- in org.apache.ibatis.session.AutoMappingUnknownColumnBehaviorTest
2025-12-20T02:01:37.3410133Z [INFO] Running org.apache.ibatis.session.SqlSessionTest
2025-12-20T02:01:37.5714759Z [INFO] Tests run: 59, Failures: 0, Errors: 0, Skipped: 0, Time elapsed: 0.229 s -- in org.apache.ibatis.session.SqlSessionTest
2025-12-20T02:01:37.5715892Z [INFO] Running org.apache.ibatis.cursor.defaults.DefaultCursorTest
2025-12-20T02:01:37.6843946Z [INFO] Tests run: 1, Failures: 0, Errors: 0, Skipped: 0, Time elapsed: 0.114 s -- in org.apache.ibatis.cursor.defaults.DefaultCursorTest
2025-12-20T02:01:37.6845018Z [INFO] Running org.apache.ibatis.cache.CacheKeyTest
2025-12-20T02:01:39.6967617Z [INFO] Tests run: 10, Failures: 0, Errors: 0, Skipped: 0, Time elapsed: 2.010 s -- in org.apache.ibatis.cache.CacheKeyTest
2025-12-20T02:01:39.6971912Z [INFO] Running org.apache.ibatis.cache.BaseCacheTest
2025-12-20T02:01:39.6973530Z [INFO] Tests run: 1, Failures: 0, Errors: 0, Skipped: 0, Time elapsed: 0.001 s -- in org.apache.ibatis.cache.BaseCacheTest
2025-12-20T02:01:39.6974732Z [INFO] Running org.apache.ibatis.cache.SuperCacheTest
2025-12-20T02:01:40.4466624Z [INFO] Tests run: 1, Failures: 0, Errors: 0, Skipped: 0, Time elapsed: 0.751 s -- in org.apache.ibatis.cache.SuperCacheTest
2025-12-20T02:01:40.4468160Z [INFO] Running org.apache.ibatis.cache.SerializedCacheTest
2025-12-20T02:01:40.4507003Z [INFO] Tests run: 3, Failures: 0, Errors: 0, Skipped: 0, Time elapsed: 0.002 s -- in org.apache.ibatis.cache.SerializedCacheTest
2025-12-20T02:01:40.4509343Z [INFO] Running org.apache.ibatis.cache.SoftCacheTest
2025-12-20T02:01:41.6541954Z [INFO] Tests run: 4, Failures: 0, Errors: 0, Skipped: 0, Time elapsed: 1.204 s -- in org.apache.ibatis.cache.SoftCacheTest
2025-12-20T02:01:41.6546184Z [INFO] Running org.apache.ibatis.cache.LruCacheTest
2025-12-20T02:01:41.6577913Z [INFO] Tests run: 4, Failures: 0, Errors: 0, Skipped: 0, Time elapsed: 0.003 s -- in org.apache.ibatis.cache.LruCacheTest
2025-12-20T02:01:41.6582351Z [INFO] Running org.apache.ibatis.cache.FifoCacheTest
2025-12-20T02:01:41.6606454Z [INFO] Tests run: 4, Failures: 0, Errors: 0, Skipped: 0, Time elapsed: 0.002 s -- in org.apache.ibatis.cache.FifoCacheTest
2025-12-20T02:01:41.6610276Z [INFO] Running org.apache.ibatis.cache.ScheduledCacheTest
2025-12-20T02:01:46.6634533Z [INFO] Tests run: 3, Failures: 0, Errors: 0, Skipped: 0, Time elapsed: 5.003 s -- in org.apache.ibatis.cache.ScheduledCacheTest
2025-12-20T02:01:46.6636730Z [INFO] Running org.apache.ibatis.cache.WeakCacheTest
2025-12-20T02:01:46.7206021Z [INFO] Tests run: 4, Failures: 0, Errors: 0, Skipped: 0, Time elapsed: 0.051 s -- in org.apache.ibatis.cache.WeakCacheTest
2025-12-20T02:01:46.7207089Z [INFO] Running org.apache.ibatis.cache.PerpetualCacheTest
2025-12-20T02:01:46.7777775Z [INFO] Tests run: 5, Failures: 0, Errors: 0, Skipped: 0, Time elapsed: 0.059 s -- in org.apache.ibatis.cache.PerpetualCacheTest
2025-12-20T02:01:46.7779039Z [INFO] Running org.apache.ibatis.binding.WrongNamespacesTest
2025-12-20T02:01:46.7905493Z [INFO] Tests run: 2, Failures: 0, Errors: 0, Skipped: 0, Time elapsed: 0.010 s -- in org.apache.ibatis.binding.WrongNamespacesTest
2025-12-20T02:01:46.7906546Z [INFO] Running org.apache.ibatis.binding.MapperMethodParamTest
2025-12-20T02:01:46.8767641Z [INFO] Tests run: 2, Failures: 0, Errors: 0, Skipped: 0, Time elapsed: 0.035 s -- in org.apache.ibatis.binding.MapperMethodParamTest
2025-12-20T02:01:46.8770422Z [INFO] Running org.apache.ibatis.binding.BindingTest
2025-12-20T02:01:47.2675001Z [INFO] Tests run: 53, Failures: 0, Errors: 0, Skipped: 0, Time elapsed: 0.446 s -- in org.apache.ibatis.binding.BindingTest
2025-12-20T02:01:47.2679511Z [INFO] Running org.apache.ibatis.binding.FlushTest
2025-12-20T02:01:47.3747940Z [INFO] Tests run: 1, Failures: 0, Errors: 0, Skipped: 0, Time elapsed: 0.107 s -- in org.apache.ibatis.binding.FlushTest
2025-12-20T02:01:47.3751849Z [INFO] Running org.apache.ibatis.binding.WrongMapperTest
2025-12-20T02:01:47.3775649Z [INFO] Tests run: 1, Failures: 0, Errors: 0, Skipped: 0, Time elapsed: 0.002 s -- in org.apache.ibatis.binding.WrongMapperTest
2025-12-20T02:01:47.3780351Z [INFO] Running org.apache.ibatis.autoconstructor.AutoConstructorTest
2025-12-20T02:01:47.4131934Z [INFO] Tests run: 6, Failures: 0, Errors: 0, Skipped: 0, Time elapsed: 0.037 s -- in org.apache.ibatis.autoconstructor.AutoConstructorTest
2025-12-20T02:01:47.4150967Z [INFO] Running org.apache.ibatis.logging.jdbc.StatementLoggerTest
2025-12-20T02:01:47.4456221Z [INFO] Tests run: 3, Failures: 0, Errors: 0, Skipped: 0, Time elapsed: 0.031 s -- in org.apache.ibatis.logging.jdbc.StatementLoggerTest
2025-12-20T02:01:47.4461535Z [INFO] Running org.apache.ibatis.logging.jdbc.ConnectionLoggerTest
2025-12-20T02:01:47.5238830Z [INFO] Tests run: 3, Failures: 0, Errors: 0, Skipped: 0, Time elapsed: 0.079 s -- in org.apache.ibatis.logging.jdbc.ConnectionLoggerTest
2025-12-20T02:01:47.5240717Z [INFO] Running org.apache.ibatis.logging.jdbc.BaseJdbcLoggerTest
2025-12-20T02:01:47.5389411Z [INFO] Tests run: 2, Failures: 0, Errors: 0, Skipped: 0, Time elapsed: 0.013 s -- in org.apache.ibatis.logging.jdbc.BaseJdbcLoggerTest
2025-12-20T02:01:47.5392941Z [INFO] Running org.apache.ibatis.logging.jdbc.ResultSetLoggerTest
2025-12-20T02:01:47.5560111Z [INFO] Tests run: 2, Failures: 0, Errors: 0, Skipped: 0, Time elapsed: 0.018 s -- in org.apache.ibatis.logging.jdbc.ResultSetLoggerTest
2025-12-20T02:01:47.5565290Z [INFO] Running org.apache.ibatis.logging.jdbc.PreparedStatementLoggerTest
2025-12-20T02:01:47.5642460Z [INFO] Tests run: 4, Failures: 0, Errors: 0, Skipped: 0, Time elapsed: 0.007 s -- in org.apache.ibatis.logging.jdbc.PreparedStatementLoggerTest
2025-12-20T02:01:47.5645916Z [INFO] Running org.apache.ibatis.logging.LogFactoryTest
2025-12-20T02:01:47.8004975Z 2025-12-20T02:01:47.796579778Z main ERROR Error message.
2025-12-20T02:01:47.8007595Z 2025-12-20T02:01:47.798051987Z main ERROR Error with Exception.
2025-12-20T02:01:47.8008325Z java.lang.Exception: Test exception.
2025-12-20T02:01:47.8009155Z 	at org.apache.ibatis.logging.LogFactoryTest.logSomething(LogFactoryTest.java:112)
2025-12-20T02:01:47.8013805Z 	at org.apache.ibatis.logging.LogFactoryTest.shouldUseLog4J2(LogFactoryTest.java:61)
2025-12-20T02:01:47.8015281Z 	at java.base/jdk.internal.reflect.DirectMethodHandleAccessor.invoke(DirectMethodHandleAccessor.java:104)
2025-12-20T02:01:47.8016479Z 	at java.base/java.lang.reflect.Method.invoke(Method.java:565)
2025-12-20T02:01:47.8017493Z 	at org.junit.platform.commons.util.ReflectionUtils.invokeMethod(ReflectionUtils.java:701)
2025-12-20T02:01:47.8019126Z 	at org.junit.platform.commons.support.ReflectionSupport.invokeMethod(ReflectionSupport.java:502)
2025-12-20T02:01:47.8023845Z 	at org.junit.jupiter.engine.support.MethodReflectionUtils.invoke(MethodReflectionUtils.java:45)
2025-12-20T02:01:47.8027192Z 	at org.junit.jupiter.engine.execution.MethodInvocation.proceed(MethodInvocation.java:61)
2025-12-20T02:01:47.8028749Z 	at org.junit.jupiter.engine.execution.InvocationInterceptorChain$ValidatingInvocation.proceed(InvocationInterceptorChain.java:124)
2025-12-20T02:01:47.8030319Z 	at org.junit.jupiter.engine.extension.TimeoutExtension.intercept(TimeoutExtension.java:163)
2025-12-20T02:01:47.8032829Z 	at org.junit.jupiter.engine.extension.TimeoutExtension.interceptTestableMethod(TimeoutExtension.java:148)
2025-12-20T02:01:47.8034415Z 	at org.junit.jupiter.engine.extension.TimeoutExtension.interceptTestMethod(TimeoutExtension.java:86)
2025-12-20T02:01:47.8036347Z Error message.
2025-12-20T02:01:47.8037512Z 	at org.junit.jupiter.engine.execution.InterceptingExecutableInvoker$ReflectiveInterceptorCall.lambda$ofVoidMethod$0(InterceptingExecutableInvoker.java:123)
2025-12-20T02:01:47.8038991Z Error with Exception.
2025-12-20T02:01:47.8039940Z java.lang.Exception: Test exception.
2025-12-20T02:01:47.8040969Z 	at org.junit.jupiter.engine.execution.InterceptingExecutableInvoker.lambda$invoke$0(InterceptingExecutableInvoker.java:105)
2025-12-20T02:01:47.8042693Z 	at org.apache.ibatis.logging.LogFactoryTest.logSomething(LogFactoryTest.java:112)
2025-12-20T02:01:47.8045527Z 	at org.apache.ibatis.logging.LogFactoryTest.shouldUseStdOut(LogFactoryTest.java:85)
2025-12-20T02:01:47.8046900Z 	at org.junit.jupiter.engine.execution.InvocationInterceptorChain$InterceptedInvocation.proceed(InvocationInterceptorChain.java:99)
2025-12-20T02:01:47.8048435Z 	at org.junit.jupiter.engine.execution.InvocationInterceptorChain.proceed(InvocationInterceptorChain.java:66)
2025-12-20T02:01:47.8049884Z 	at org.junit.jupiter.engine.execution.InvocationInterceptorChain.chainAndInvoke(InvocationInterceptorChain.java:47)
2025-12-20T02:01:47.8068088Z 	at org.junit.jupiter.engine.execution.InvocationInterceptorChain.invoke(InvocationInterceptorChain.java:39)
2025-12-20T02:01:47.8069604Z 	at org.junit.jupiter.engine.execution.InterceptingExecutableInvoker.invoke(InterceptingExecutableInvoker.java:104)
2025-12-20T02:01:47.8071303Z 	at org.junit.jupiter.engine.execution.InterceptingExecutableInvoker.invoke(InterceptingExecutableInvoker.java:98)
2025-12-20T02:01:47.8082173Z 	at org.junit.jupiter.engine.execution.InterceptingExecutableInvoker.invokeVoid(InterceptingExecutableInvoker.java:71)
2025-12-20T02:01:47.8083827Z 	at org.junit.jupiter.engine.descriptor.TestMethodTestDescriptor.lambda$invokeTestMethod$0(TestMethodTestDescriptor.java:219)
2025-12-20T02:01:47.8085366Z 	at org.junit.platform.engine.support.hierarchical.ThrowableCollector.execute(ThrowableCollector.java:74)
2025-12-20T02:01:47.8086804Z 	at org.junit.jupiter.engine.descriptor.TestMethodTestDescriptor.invokeTestMethod(TestMethodTestDescriptor.java:215)
2025-12-20T02:01:47.8088499Z 	at org.junit.jupiter.engine.descriptor.TestMethodTestDescriptor.execute(TestMethodTestDescriptor.java:157)
2025-12-20T02:01:47.8089889Z 	at org.junit.jupiter.engine.descriptor.TestMethodTestDescriptor.execute(TestMethodTestDescriptor.java:70)
2025-12-20T02:01:47.8091464Z 	at org.junit.platform.engine.support.hierarchical.NodeTestTask.lambda$executeRecursively$2(NodeTestTask.java:176)
2025-12-20T02:01:47.8092881Z 	at org.junit.platform.engine.support.hierarchical.ThrowableCollector.execute(ThrowableCollector.java:74)
2025-12-20T02:01:47.8094623Z 	at org.junit.platform.engine.support.hierarchical.NodeTestTask.lambda$executeRecursively$1(NodeTestTask.java:166)
2025-12-20T02:01:47.8095832Z 	at org.junit.platform.engine.support.hierarchical.Node.around(Node.java:138)
2025-12-20T02:01:47.8097108Z 	at org.junit.platform.engine.support.hierarchical.NodeTestTask.lambda$executeRecursively$0(NodeTestTask.java:164)
2025-12-20T02:01:47.8098683Z 	at org.junit.platform.engine.support.hierarchical.ThrowableCollector.execute(ThrowableCollector.java:74)
2025-12-20T02:01:47.8100395Z 	at org.junit.platform.engine.support.hierarchical.NodeTestTask.executeRecursively(NodeTestTask.java:163)
2025-12-20T02:01:47.8101819Z 	at org.junit.platform.engine.support.hierarchical.NodeTestTask.execute(NodeTestTask.java:116)
2025-12-20T02:01:47.8102753Z 	at java.base/java.util.ArrayList.forEach(ArrayList.java:1604)
2025-12-20T02:01:47.8104201Z 	at org.junit.platform.engine.support.hierarchical.SameThreadHierarchicalTestExecutorService.invokeAll(SameThreadHierarchicalTestExecutorService.java:42)
2025-12-20T02:01:47.8106065Z 	at org.junit.platform.engine.support.hierarchical.NodeTestTask.lambda$executeRecursively$2(NodeTestTask.java:180)
2025-12-20T02:01:47.8107437Z 	at org.junit.platform.engine.support.hierarchical.ThrowableCollector.execute(ThrowableCollector.java:74)
2025-12-20T02:01:47.8108795Z 	at org.junit.platform.engine.support.hierarchical.NodeTestTask.lambda$executeRecursively$1(NodeTestTask.java:166)
2025-12-20T02:01:47.8109958Z 	at org.junit.platform.engine.support.hierarchical.Node.around(Node.java:138)
2025-12-20T02:01:47.8111245Z 	at org.junit.platform.engine.support.hierarchical.NodeTestTask.lambda$executeRecursively$0(NodeTestTask.java:164)
2025-12-20T02:01:47.8112690Z 	at org.junit.platform.engine.support.hierarchical.ThrowableCollector.execute(ThrowableCollector.java:74)
2025-12-20T02:01:47.8114174Z 	at org.junit.platform.engine.support.hierarchical.NodeTestTask.executeRecursively(NodeTestTask.java:163)
2025-12-20T02:01:47.8115633Z 	at org.junit.platform.engine.support.hierarchical.NodeTestTask.execute(NodeTestTask.java:116)
2025-12-20T02:01:47.8116588Z 	at java.base/java.util.ArrayList.forEach(ArrayList.java:1604)
2025-12-20T02:01:47.8118043Z 	at org.junit.platform.engine.support.hierarchical.SameThreadHierarchicalTestExecutorService.invokeAll(SameThreadHierarchicalTestExecutorService.java:42)
2025-12-20T02:01:47.8119878Z 	at org.junit.platform.engine.support.hierarchical.NodeTestTask.lambda$executeRecursively$2(NodeTestTask.java:180)
2025-12-20T02:01:47.8121431Z 	at org.junit.platform.engine.support.hierarchical.ThrowableCollector.execute(ThrowableCollector.java:74)
2025-12-20T02:01:47.8122828Z 	at org.junit.platform.engine.support.hierarchical.NodeTestTask.lambda$executeRecursively$1(NodeTestTask.java:166)
2025-12-20T02:01:47.8124010Z 	at org.junit.platform.engine.support.hierarchical.Node.around(Node.java:138)
2025-12-20T02:01:47.8125165Z 	at org.junit.platform.engine.support.hierarchical.NodeTestTask.lambda$executeRecursively$0(NodeTestTask.java:164)
2025-12-20T02:01:47.8126762Z 	at org.junit.platform.engine.support.hierarchical.ThrowableCollector.execute(ThrowableCollector.java:74)
2025-12-20T02:01:47.8128095Z 	at org.junit.platform.engine.support.hierarchical.NodeTestTask.executeRecursively(NodeTestTask.java:163)
2025-12-20T02:01:47.8129342Z 	at org.junit.platform.engine.support.hierarchical.NodeTestTask.execute(NodeTestTask.java:116)
2025-12-20T02:01:47.8131305Z 	at org.junit.platform.engine.support.hierarchical.SameThreadHierarchicalTestExecutorService.submit(SameThreadHierarchicalTestExecutorService.java:36)
2025-12-20T02:01:47.8133114Z 	at org.junit.platform.engine.support.hierarchical.HierarchicalTestExecutor.execute(HierarchicalTestExecutor.java:52)
2025-12-20T02:01:47.8134605Z 	at org.junit.platform.engine.support.hierarchical.HierarchicalTestEngine.execute(HierarchicalTestEngine.java:58)
2025-12-20T02:01:47.8136146Z 	at org.junit.platform.launcher.core.EngineExecutionOrchestrator.executeEngine(EngineExecutionOrchestrator.java:246)
2025-12-20T02:01:47.8137887Z 	at org.junit.platform.launcher.core.EngineExecutionOrchestrator.failOrExecuteEngine(EngineExecutionOrchestrator.java:218)
2025-12-20T02:01:47.8139437Z 	at org.junit.platform.launcher.core.EngineExecutionOrchestrator.execute(EngineExecutionOrchestrator.java:179)
2025-12-20T02:01:47.8140867Z 	at org.junit.platform.launcher.core.EngineExecutionOrchestrator.execute(EngineExecutionOrchestrator.java:108)
2025-12-20T02:01:47.8142668Z 	at org.junit.platform.launcher.core.EngineExecutionOrchestrator.lambda$execute$0(EngineExecutionOrchestrator.java:66)
2025-12-20T02:01:47.8144633Z 	at org.junit.platform.launcher.core.EngineExecutionOrchestrator.withInterceptedStreams(EngineExecutionOrchestrator.java:157)
2025-12-20T02:01:47.8146225Z 	at org.junit.platform.launcher.core.EngineExecutionOrchestrator.execute(EngineExecutionOrchestrator.java:65)
2025-12-20T02:01:47.8147469Z 	at org.junit.platform.launcher.core.DefaultLauncher.execute(DefaultLauncher.java:125)
2025-12-20T02:01:47.8148515Z 	at org.junit.platform.launcher.core.DefaultLauncher.execute(DefaultLauncher.java:114)
2025-12-20T02:01:47.8149602Z 	at org.junit.platform.launcher.core.DelegatingLauncher.execute(DelegatingLauncher.java:58)
2025-12-20T02:01:47.8150812Z 	at org.junit.platform.launcher.core.InterceptingLauncher.lambda$execute$2(InterceptingLauncher.java:57)
2025-12-20T02:01:47.8152685Z 	at org.junit.platform.launcher.core.ClasspathAlignmentCheckingLauncherInterceptor.intercept(ClasspathAlignmentCheckingLauncherInterceptor.java:25)
2025-12-20T02:01:47.8154359Z 	at org.junit.platform.launcher.core.InterceptingLauncher.execute(InterceptingLauncher.java:56)
2025-12-20T02:01:47.8155519Z 	at org.junit.platform.launcher.core.DelegatingLauncher.execute(DelegatingLauncher.java:58)
2025-12-20T02:01:47.8156764Z 	at java.base/jdk.internal.reflect.DirectMethodHandleAccessor.invoke(DirectMethodHandleAccessor.java:104)
2025-12-20T02:01:47.8159586Z 	at java.base/java.lang.reflect.Method.invoke(Method.java:565)
2025-12-20T02:01:47.8160602Z 	at org.apache.maven.surefire.api.util.ReflectionUtils.invokeMethodWithArray(ReflectionUtils.java:125)
2025-12-20T02:01:47.8162196Z 	at org.apache.maven.surefire.junitplatform.LauncherAdapter.executeWithCancellationToken(LauncherAdapter.java:68)
2025-12-20T02:01:47.8163619Z 	at org.apache.maven.surefire.junitplatform.LauncherAdapter.execute(LauncherAdapter.java:54)
2025-12-20T02:01:47.8164911Z 	at org.apache.maven.surefire.junitplatform.JUnitPlatformProvider.execute(JUnitPlatformProvider.java:203)
2025-12-20T02:01:47.8166385Z 	at org.apache.maven.surefire.junitplatform.JUnitPlatformProvider.invokeAllTests(JUnitPlatformProvider.java:168)
2025-12-20T02:01:47.8167814Z 	at org.apache.maven.surefire.junitplatform.JUnitPlatformProvider.invoke(JUnitPlatformProvider.java:136)
2025-12-20T02:01:47.8169047Z 	at org.apache.maven.surefire.booter.ForkedBooter.runSuitesInProcess(ForkedBooter.java:385)
2025-12-20T02:01:47.8170084Z 	at org.apache.maven.surefire.booter.ForkedBooter.execute(ForkedBooter.java:162)
2025-12-20T02:01:47.8171021Z 	at org.apache.maven.surefire.booter.ForkedBooter.run(ForkedBooter.java:507)
2025-12-20T02:01:47.8172061Z 	at org.apache.maven.surefire.booter.ForkedBooter.main(ForkedBooter.java:495)
2025-12-20T02:01:47.8172612Z 
2025-12-20T02:01:47.8173050Z Logging initialized using 'class org.apache.ibatis.logging.stdout.StdOutImpl' adapter.
2025-12-20T02:01:47.8173769Z Warning message.
2025-12-20T02:01:47.8174282Z Debug message.
2025-12-20T02:01:47.8175098Z 	at java.base/jdk.internal.reflect.DirectMethodHandleAccessor.invoke(DirectMethodHandleAccessor.java:104)
2025-12-20T02:01:47.8176110Z 	at java.base/java.lang.reflect.Method.invoke(Method.java:565)
2025-12-20T02:01:47.8177015Z 	at org.junit.platform.commons.util.ReflectionUtils.invokeMethod(ReflectionUtils.java:701)
2025-12-20T02:01:47.8178186Z 	at org.junit.platform.commons.support.ReflectionSupport.invokeMethod(ReflectionSupport.java:502)
2025-12-20T02:01:47.8179400Z 	at org.junit.jupiter.engine.support.MethodReflectionUtils.invoke(MethodReflectionUtils.java:45)
2025-12-20T02:01:47.8180559Z 	at org.junit.jupiter.engine.execution.MethodInvocation.proceed(MethodInvocation.java:61)
2025-12-20T02:01:47.8186071Z 	at org.junit.jupiter.engine.execution.InvocationInterceptorChain$ValidatingInvocation.proceed(InvocationInterceptorChain.java:124)
2025-12-20T02:01:47.8187499Z 	at org.junit.jupiter.engine.extension.TimeoutExtension.intercept(TimeoutExtension.java:163)
2025-12-20T02:01:47.8188943Z 	at org.junit.jupiter.engine.extension.TimeoutExtension.interceptTestableMethod(TimeoutExtension.java:148)
2025-12-20T02:01:47.8190257Z 	at org.junit.jupiter.engine.extension.TimeoutExtension.interceptTestMethod(TimeoutExtension.java:86)
2025-12-20T02:01:47.8192214Z 	at org.junit.jupiter.engine.execution.InterceptingExecutableInvoker$ReflectiveInterceptorCall.lambda$ofVoidMethod$0(InterceptingExecutableInvoker.java:123)
2025-12-20T02:01:47.8194020Z 	at org.junit.jupiter.engine.execution.InterceptingExecutableInvoker.lambda$invoke$0(InterceptingExecutableInvoker.java:105)
2025-12-20T02:01:47.8195632Z 	at org.junit.jupiter.engine.execution.InvocationInterceptorChain$InterceptedInvocation.proceed(InvocationInterceptorChain.java:99)
2025-12-20T02:01:47.8197144Z 	at org.junit.jupiter.engine.execution.InvocationInterceptorChain.proceed(InvocationInterceptorChain.java:66)
2025-12-20T02:01:47.8198577Z 	at org.junit.jupiter.engine.execution.InvocationInterceptorChain.chainAndInvoke(InvocationInterceptorChain.java:47)
2025-12-20T02:01:47.8200008Z 	at org.junit.jupiter.engine.execution.InvocationInterceptorChain.invoke(InvocationInterceptorChain.java:39)
2025-12-20T02:01:47.8201795Z 	at org.junit.jupiter.engine.execution.InterceptingExecutableInvoker.invoke(InterceptingExecutableInvoker.java:104)
2025-12-20T02:01:47.8203278Z 	at org.junit.jupiter.engine.execution.InterceptingExecutableInvoker.invoke(InterceptingExecutableInvoker.java:98)
2025-12-20T02:01:47.8204761Z 	at org.junit.jupiter.engine.execution.InterceptingExecutableInvoker.invokeVoid(InterceptingExecutableInvoker.java:71)
2025-12-20T02:01:47.8206297Z 	at org.junit.jupiter.engine.descriptor.TestMethodTestDescriptor.lambda$invokeTestMethod$0(TestMethodTestDescriptor.java:219)
2025-12-20T02:01:47.8207755Z 	at org.junit.platform.engine.support.hierarchical.ThrowableCollector.execute(ThrowableCollector.java:74)
2025-12-20T02:01:47.8209178Z 	at org.junit.jupiter.engine.descriptor.TestMethodTestDescriptor.invokeTestMethod(TestMethodTestDescriptor.java:215)
2025-12-20T02:01:47.8210593Z 	at org.junit.jupiter.engine.descriptor.TestMethodTestDescriptor.execute(TestMethodTestDescriptor.java:157)
2025-12-20T02:01:47.8212054Z 	at org.junit.jupiter.engine.descriptor.TestMethodTestDescriptor.execute(TestMethodTestDescriptor.java:70)
2025-12-20T02:01:47.8213402Z 	at org.junit.platform.engine.support.hierarchical.NodeTestTask.lambda$executeRecursively$2(NodeTestTask.java:176)
2025-12-20T02:01:47.8214731Z 	at org.junit.platform.engine.support.hierarchical.ThrowableCollector.execute(ThrowableCollector.java:74)
2025-12-20T02:01:47.8216067Z 	at org.junit.platform.engine.support.hierarchical.NodeTestTask.lambda$executeRecursively$1(NodeTestTask.java:166)
2025-12-20T02:01:47.8219328Z 	at org.junit.platform.engine.support.hierarchical.Node.around(Node.java:138)
2025-12-20T02:01:47.8220498Z 	at org.junit.platform.engine.support.hierarchical.NodeTestTask.lambda$executeRecursively$0(NodeTestTask.java:164)
2025-12-20T02:01:47.8222025Z 	at org.junit.platform.engine.support.hierarchical.ThrowableCollector.execute(ThrowableCollector.java:74)
2025-12-20T02:01:47.8223565Z 	at org.junit.platform.engine.support.hierarchical.NodeTestTask.executeRecursively(NodeTestTask.java:163)
2025-12-20T02:01:47.8224794Z 	at org.junit.platform.engine.support.hierarchical.NodeTestTask.execute(NodeTestTask.java:116)
2025-12-20T02:01:47.8225694Z 	at java.base/java.util.ArrayList.forEach(ArrayList.java:1604)
2025-12-20T02:01:47.8227419Z 	at org.junit.platform.engine.support.hierarchical.SameThreadHierarchicalTestExecutorService.invokeAll(SameThreadHierarchicalTestExecutorService.java:42)
2025-12-20T02:01:47.8229176Z 	at org.junit.platform.engine.support.hierarchical.NodeTestTask.lambda$executeRecursively$2(NodeTestTask.java:180)
2025-12-20T02:01:47.8230516Z 	at org.junit.platform.engine.support.hierarchical.ThrowableCollector.execute(ThrowableCollector.java:74)
2025-12-20T02:01:47.8231984Z 	at org.junit.platform.engine.support.hierarchical.NodeTestTask.lambda$executeRecursively$1(NodeTestTask.java:166)
2025-12-20T02:01:47.8233278Z 	at org.junit.platform.engine.support.hierarchical.Node.around(Node.java:138)
2025-12-20T02:01:47.8234404Z 	at org.junit.platform.engine.support.hierarchical.NodeTestTask.lambda$executeRecursively$0(NodeTestTask.java:164)
2025-12-20T02:01:47.8235733Z 	at org.junit.platform.engine.support.hierarchical.ThrowableCollector.execute(ThrowableCollector.java:74)
2025-12-20T02:01:47.8237026Z 	at org.junit.platform.engine.support.hierarchical.NodeTestTask.executeRecursively(NodeTestTask.java:163)
2025-12-20T02:01:47.8238226Z 	at org.junit.platform.engine.support.hierarchical.NodeTestTask.execute(NodeTestTask.java:116)
2025-12-20T02:01:47.8239112Z 	at java.base/java.util.ArrayList.forEach(ArrayList.java:1604)
2025-12-20T02:01:47.8240494Z 	at org.junit.platform.engine.support.hierarchical.SameThreadHierarchicalTestExecutorService.invokeAll(SameThreadHierarchicalTestExecutorService.java:42)
2025-12-20T02:01:47.8242428Z 	at org.junit.platform.engine.support.hierarchical.NodeTestTask.lambda$executeRecursively$2(NodeTestTask.java:180)
2025-12-20T02:01:47.8243771Z 	at org.junit.platform.engine.support.hierarchical.ThrowableCollector.execute(ThrowableCollector.java:74)
2025-12-20T02:01:47.8245115Z 	at org.junit.platform.engine.support.hierarchical.NodeTestTask.lambda$executeRecursively$1(NodeTestTask.java:166)
2025-12-20T02:01:47.8246276Z 	at org.junit.platform.engine.support.hierarchical.Node.around(Node.java:138)
2025-12-20T02:01:47.8247396Z 	at org.junit.platform.engine.support.hierarchical.NodeTestTask.lambda$executeRecursively$0(NodeTestTask.java:164)
2025-12-20T02:01:47.8248727Z 	at org.junit.platform.engine.support.hierarchical.ThrowableCollector.execute(ThrowableCollector.java:74)
2025-12-20T02:01:47.8250023Z 	at org.junit.platform.engine.support.hierarchical.NodeTestTask.executeRecursively(NodeTestTask.java:163)
2025-12-20T02:01:47.8251382Z 	at org.junit.platform.engine.support.hierarchical.NodeTestTask.execute(NodeTestTask.java:116)
2025-12-20T02:01:47.8252989Z 	at org.junit.platform.engine.support.hierarchical.SameThreadHierarchicalTestExecutorService.submit(SameThreadHierarchicalTestExecutorService.java:36)
2025-12-20T02:01:47.8254828Z 	at org.junit.platform.engine.support.hierarchical.HierarchicalTestExecutor.execute(HierarchicalTestExecutor.java:52)
2025-12-20T02:01:47.8256319Z 	at org.junit.platform.engine.support.hierarchical.HierarchicalTestEngine.execute(HierarchicalTestEngine.java:58)
2025-12-20T02:01:47.8257786Z 	at org.junit.platform.launcher.core.EngineExecutionOrchestrator.executeEngine(EngineExecutionOrchestrator.java:246)
2025-12-20T02:01:47.8259313Z 	at org.junit.platform.launcher.core.EngineExecutionOrchestrator.failOrExecuteEngine(EngineExecutionOrchestrator.java:218)
2025-12-20T02:01:47.8260822Z 	at org.junit.platform.launcher.core.EngineExecutionOrchestrator.execute(EngineExecutionOrchestrator.java:179)
2025-12-20T02:01:47.8262424Z 	at org.junit.platform.launcher.core.EngineExecutionOrchestrator.execute(EngineExecutionOrchestrator.java:108)
2025-12-20T02:01:47.8264227Z 	at org.junit.platform.launcher.core.EngineExecutionOrchestrator.lambda$execute$0(EngineExecutionOrchestrator.java:66)
2025-12-20T02:01:47.8265819Z 	at org.junit.platform.launcher.core.EngineExecutionOrchestrator.withInterceptedStreams(EngineExecutionOrchestrator.java:157)
2025-12-20T02:01:47.8267358Z 	at org.junit.platform.launcher.core.EngineExecutionOrchestrator.execute(EngineExecutionOrchestrator.java:65)
2025-12-20T02:01:47.8268553Z 	at org.junit.platform.launcher.core.DefaultLauncher.execute(DefaultLauncher.java:125)
2025-12-20T02:01:47.8269554Z 	at org.junit.platform.launcher.core.DefaultLauncher.execute(DefaultLauncher.java:114)
2025-12-20T02:01:47.8270607Z 	at org.junit.platform.launcher.core.DelegatingLauncher.execute(DelegatingLauncher.java:58)
2025-12-20T02:01:47.8271974Z 	at org.junit.platform.launcher.core.InterceptingLauncher.lambda$execute$2(InterceptingLauncher.java:57)
2025-12-20T02:01:47.8273613Z 	at org.junit.platform.launcher.core.ClasspathAlignmentCheckingLauncherInterceptor.intercept(ClasspathAlignmentCheckingLauncherInterceptor.java:25)
2025-12-20T02:01:47.8275353Z 	at org.junit.platform.launcher.core.InterceptingLauncher.execute(InterceptingLauncher.java:56)
2025-12-20T02:01:47.8276432Z 	at org.junit.platform.launcher.core.DelegatingLauncher.execute(DelegatingLauncher.java:58)
2025-12-20T02:01:47.8277577Z 	at java.base/jdk.internal.reflect.DirectMethodHandleAccessor.invoke(DirectMethodHandleAccessor.java:104)
2025-12-20T02:01:47.8278501Z 	at java.base/java.lang.reflect.Method.invoke(Method.java:565)
2025-12-20T02:01:47.8279432Z 	at org.apache.maven.surefire.api.util.ReflectionUtils.invokeMethodWithArray(ReflectionUtils.java:125)
2025-12-20T02:01:47.8280758Z 	at org.apache.maven.surefire.junitplatform.LauncherAdapter.executeWithCancellationToken(LauncherAdapter.java:68)
2025-12-20T02:01:47.8282244Z 	at org.apache.maven.surefire.junitplatform.LauncherAdapter.execute(LauncherAdapter.java:54)
2025-12-20T02:01:47.8283440Z 	at org.apache.maven.surefire.junitplatform.JUnitPlatformProvider.execute(JUnitPlatformProvider.java:203)
2025-12-20T02:01:47.8284823Z 	at org.apache.maven.surefire.junitplatform.JUnitPlatformProvider.invokeAllTests(JUnitPlatformProvider.java:168)
2025-12-20T02:01:47.8286168Z 	at org.apache.maven.surefire.junitplatform.JUnitPlatformProvider.invoke(JUnitPlatformProvider.java:136)
2025-12-20T02:01:47.8287348Z 	at org.apache.maven.surefire.booter.ForkedBooter.runSuitesInProcess(ForkedBooter.java:385)
2025-12-20T02:01:47.8288341Z 	at org.apache.maven.surefire.booter.ForkedBooter.execute(ForkedBooter.java:162)
2025-12-20T02:01:47.8289221Z 	at org.apache.maven.surefire.booter.ForkedBooter.run(ForkedBooter.java:507)
2025-12-20T02:01:47.8290065Z 	at org.apache.maven.surefire.booter.ForkedBooter.main(ForkedBooter.java:495)
2025-12-20T02:01:47.8314982Z 02:01:47.826 DEBUG [main] org.apache.ibatis.logging.LogFactory - Logging initialized using 'class org.apache.ibatis.logging.log4j.Log4jImpl' adapter.
2025-12-20T02:01:47.8318825Z 02:01:47.828 ERROR [main] java.lang.Object - Error message.
2025-12-20T02:01:47.8321776Z 02:01:47.829 ERROR [main] java.lang.Object - Error with Exception.
2025-12-20T02:01:47.8328964Z java.lang.Exception: Test exception.
2025-12-20T02:01:47.8329707Z 	at org.apache.ibatis.logging.LogFactoryTest.logSomething(LogFactoryTest.java:112)
2025-12-20T02:01:47.8330628Z 	at org.apache.ibatis.logging.LogFactoryTest.shouldUseLog4J(LogFactoryTest.java:53)
2025-12-20T02:01:47.8331597Z 	at java.base/jdk.internal.reflect.DirectMethodHandleAccessor.invoke(DirectMethodHandleAccessor.java:104)
2025-12-20T02:01:47.8332162Z 	at java.base/java.lang.reflect.Method.invoke(Method.java:565)
2025-12-20T02:01:47.8332651Z 	at org.junit.platform.commons.util.ReflectionUtils.invokeMethod(ReflectionUtils.java:701)
2025-12-20T02:01:47.8333289Z 	at org.junit.platform.commons.support.ReflectionSupport.invokeMethod(ReflectionSupport.java:502)
2025-12-20T02:01:47.8333946Z 	at org.junit.jupiter.engine.support.MethodReflectionUtils.invoke(MethodReflectionUtils.java:45)
2025-12-20T02:01:47.8334551Z 	at org.junit.jupiter.engine.execution.MethodInvocation.proceed(MethodInvocation.java:61)
2025-12-20T02:01:47.8335526Z 	at org.junit.jupiter.engine.execution.InvocationInterceptorChain$ValidatingInvocation.proceed(InvocationInterceptorChain.java:124)
2025-12-20T02:01:47.8336295Z 	at org.junit.jupiter.engine.extension.TimeoutExtension.intercept(TimeoutExtension.java:163)
2025-12-20T02:01:47.8336979Z 	at org.junit.jupiter.engine.extension.TimeoutExtension.interceptTestableMethod(TimeoutExtension.java:148)
2025-12-20T02:01:47.8337704Z 	at org.junit.jupiter.engine.extension.TimeoutExtension.interceptTestMethod(TimeoutExtension.java:86)
2025-12-20T02:01:47.8338605Z 	at org.junit.jupiter.engine.execution.InterceptingExecutableInvoker$ReflectiveInterceptorCall.lambda$ofVoidMethod$0(InterceptingExecutableInvoker.java:123)
2025-12-20T02:01:47.8339604Z 	at org.junit.jupiter.engine.execution.InterceptingExecutableInvoker.lambda$invoke$0(InterceptingExecutableInvoker.java:105)
2025-12-20T02:01:47.8341780Z 	at org.junit.jupiter.engine.execution.InvocationInterceptorChain$InterceptedInvocation.proceed(InvocationInterceptorChain.java:99)
2025-12-20T02:01:47.8343446Z 	at org.junit.jupiter.engine.execution.InvocationInterceptorChain.proceed(InvocationInterceptorChain.java:66)
2025-12-20T02:01:47.8344991Z 	at org.junit.jupiter.engine.execution.InvocationInterceptorChain.chainAndInvoke(InvocationInterceptorChain.java:47)
2025-12-20T02:01:47.8346485Z 	at org.junit.jupiter.engine.execution.InvocationInterceptorChain.invoke(InvocationInterceptorChain.java:39)
2025-12-20T02:01:47.8347979Z 	at org.junit.jupiter.engine.execution.InterceptingExecutableInvoker.invoke(InterceptingExecutableInvoker.java:104)
2025-12-20T02:01:47.8349492Z 	at org.junit.jupiter.engine.execution.InterceptingExecutableInvoker.invoke(InterceptingExecutableInvoker.java:98)
2025-12-20T02:01:47.8351025Z 	at org.junit.jupiter.engine.execution.InterceptingExecutableInvoker.invokeVoid(InterceptingExecutableInvoker.java:71)
2025-12-20T02:01:47.8353088Z 	at org.junit.jupiter.engine.descriptor.TestMethodTestDescriptor.lambda$invokeTestMethod$0(TestMethodTestDescriptor.java:219)
2025-12-20T02:01:47.8354637Z 	at org.junit.platform.engine.support.hierarchical.ThrowableCollector.execute(ThrowableCollector.java:74)
2025-12-20T02:01:47.8356021Z 	at org.junit.jupiter.engine.descriptor.TestMethodTestDescriptor.invokeTestMethod(TestMethodTestDescriptor.java:215)
2025-12-20T02:01:47.8357500Z 	at org.junit.jupiter.engine.descriptor.TestMethodTestDescriptor.execute(TestMethodTestDescriptor.java:157)
2025-12-20T02:01:47.8358850Z 	at org.junit.jupiter.engine.descriptor.TestMethodTestDescriptor.execute(TestMethodTestDescriptor.java:70)
2025-12-20T02:01:47.8360013Z 	at org.junit.platform.engine.support.hierarchical.NodeTestTask.lambda$executeRecursively$2(NodeTestTask.java:176)
2025-12-20T02:01:47.8360817Z 	at org.junit.platform.engine.support.hierarchical.ThrowableCollector.execute(ThrowableCollector.java:74)
2025-12-20T02:01:47.8361821Z 	at org.junit.platform.engine.support.hierarchical.NodeTestTask.lambda$executeRecursively$1(NodeTestTask.java:166)
2025-12-20T02:01:47.8362473Z 	at org.junit.platform.engine.support.hierarchical.Node.around(Node.java:138)
2025-12-20T02:01:47.8363138Z 	at org.junit.platform.engine.support.hierarchical.NodeTestTask.lambda$executeRecursively$0(NodeTestTask.java:164)
2025-12-20T02:01:47.8363888Z 	at org.junit.platform.engine.support.hierarchical.ThrowableCollector.execute(ThrowableCollector.java:74)
2025-12-20T02:01:47.8364610Z 	at org.junit.platform.engine.support.hierarchical.NodeTestTask.executeRecursively(NodeTestTask.java:163)
2025-12-20T02:01:47.8365282Z 	at org.junit.platform.engine.support.hierarchical.NodeTestTask.execute(NodeTestTask.java:116)
2025-12-20T02:01:47.8365801Z 	at java.base/java.util.ArrayList.forEach(ArrayList.java:1604)
2025-12-20T02:01:47.8366578Z 	at org.junit.platform.engine.support.hierarchical.SameThreadHierarchicalTestExecutorService.invokeAll(SameThreadHierarchicalTestExecutorService.java:42)
2025-12-20T02:01:47.8367546Z 	at org.junit.platform.engine.support.hierarchical.NodeTestTask.lambda$executeRecursively$2(NodeTestTask.java:180)
2025-12-20T02:01:47.8368486Z 	at org.junit.platform.engine.support.hierarchical.ThrowableCollector.execute(ThrowableCollector.java:74)
2025-12-20T02:01:47.8369224Z 	at org.junit.platform.engine.support.hierarchical.NodeTestTask.lambda$executeRecursively$1(NodeTestTask.java:166)
2025-12-20T02:01:47.8369860Z 	at org.junit.platform.engine.support.hierarchical.Node.around(Node.java:138)
2025-12-20T02:01:47.8370486Z 	at org.junit.platform.engine.support.hierarchical.NodeTestTask.lambda$executeRecursively$0(NodeTestTask.java:164)
2025-12-20T02:01:47.8371440Z 	at org.junit.platform.engine.support.hierarchical.ThrowableCollector.execute(ThrowableCollector.java:74)
2025-12-20T02:01:47.8372173Z 	at org.junit.platform.engine.support.hierarchical.NodeTestTask.executeRecursively(NodeTestTask.java:163)
2025-12-20T02:01:47.8372845Z 	at org.junit.platform.engine.support.hierarchical.NodeTestTask.execute(NodeTestTask.java:116)
2025-12-20T02:01:47.8373355Z 	at java.base/java.util.ArrayList.forEach(ArrayList.java:1604)
2025-12-20T02:01:47.8374248Z 	at org.junit.platform.engine.support.hierarchical.SameThreadHierarchicalTestExecutorService.invokeAll(SameThreadHierarchicalTestExecutorService.java:42)
2025-12-20T02:01:47.8375990Z 	at org.junit.platform.engine.support.hierarchical.NodeTestTask.lambda$executeRecursively$2(NodeTestTask.java:180)
2025-12-20T02:01:47.8377454Z 	at org.junit.platform.engine.support.hierarchical.ThrowableCollector.execute(ThrowableCollector.java:74)
2025-12-20T02:01:47.8378952Z 	at org.junit.platform.engine.support.hierarchical.NodeTestTask.lambda$executeRecursively$1(NodeTestTask.java:166)
2025-12-20T02:01:47.8380212Z 	at org.junit.platform.engine.support.hierarchical.Node.around(Node.java:138)
2025-12-20T02:01:47.8381707Z 	at org.junit.platform.engine.support.hierarchical.NodeTestTask.lambda$executeRecursively$0(NodeTestTask.java:164)
2025-12-20T02:01:47.8383179Z 	at org.junit.platform.engine.support.hierarchical.ThrowableCollector.execute(ThrowableCollector.java:74)
2025-12-20T02:01:47.8384631Z 	at org.junit.platform.engine.support.hierarchical.NodeTestTask.executeRecursively(NodeTestTask.java:163)
2025-12-20T02:01:47.8385978Z 	at org.junit.platform.engine.support.hierarchical.NodeTestTask.execute(NodeTestTask.java:116)
2025-12-20T02:01:47.8387714Z 	at org.junit.platform.engine.support.hierarchical.SameThreadHierarchicalTestExecutorService.submit(SameThreadHierarchicalTestExecutorService.java:36)
2025-12-20T02:01:47.8389618Z 	at org.junit.platform.engine.support.hierarchical.HierarchicalTestExecutor.execute(HierarchicalTestExecutor.java:52)
2025-12-20T02:01:47.8392081Z 	at org.junit.platform.engine.support.hierarchical.HierarchicalTestEngine.execute(HierarchicalTestEngine.java:58)
2025-12-20T02:01:47.8393655Z 	at org.junit.platform.launcher.core.EngineExecutionOrchestrator.executeEngine(EngineExecutionOrchestrator.java:246)
2025-12-20T02:01:47.8395279Z 	at org.junit.platform.launcher.core.EngineExecutionOrchestrator.failOrExecuteEngine(EngineExecutionOrchestrator.java:218)
2025-12-20T02:01:47.8396889Z 	at org.junit.platform.launcher.core.EngineExecutionOrchestrator.execute(EngineExecutionOrchestrator.java:179)
2025-12-20T02:01:47.8398303Z 	at org.junit.platform.launcher.core.EngineExecutionOrchestrator.execute(EngineExecutionOrchestrator.java:108)
2025-12-20T02:01:47.8399778Z 	at org.junit.platform.launcher.core.EngineExecutionOrchestrator.lambda$execute$0(EngineExecutionOrchestrator.java:66)
2025-12-20T02:01:47.8401583Z 	at org.junit.platform.launcher.core.EngineExecutionOrchestrator.withInterceptedStreams(EngineExecutionOrchestrator.java:157)
2025-12-20T02:01:47.8403227Z 	at org.junit.platform.launcher.core.EngineExecutionOrchestrator.execute(EngineExecutionOrchestrator.java:65)
2025-12-20T02:01:47.8404538Z 	at org.junit.platform.launcher.core.DefaultLauncher.execute(DefaultLauncher.java:125)
2025-12-20T02:01:47.8405612Z 	at org.junit.platform.launcher.core.DefaultLauncher.execute(DefaultLauncher.java:114)
2025-12-20T02:01:47.8406985Z 	at org.junit.platform.launcher.core.DelegatingLauncher.execute(DelegatingLauncher.java:58)
2025-12-20T02:01:47.8408211Z 	at org.junit.platform.launcher.core.InterceptingLauncher.lambda$execute$2(InterceptingLauncher.java:57)
2025-12-20T02:01:47.8409939Z 	at org.junit.platform.launcher.core.ClasspathAlignmentCheckingLauncherInterceptor.intercept(ClasspathAlignmentCheckingLauncherInterceptor.java:25)
2025-12-20T02:01:47.8411791Z 	at org.junit.platform.launcher.core.InterceptingLauncher.execute(InterceptingLauncher.java:56)
2025-12-20T02:01:47.8412978Z 	at org.junit.platform.launcher.core.DelegatingLauncher.execute(DelegatingLauncher.java:58)
2025-12-20T02:01:47.8414260Z 	at java.base/jdk.internal.reflect.DirectMethodHandleAccessor.invoke(DirectMethodHandleAccessor.java:104)
2025-12-20T02:01:47.8415338Z 	at java.base/java.lang.reflect.Method.invoke(Method.java:565)
2025-12-20T02:01:47.8416386Z 	at org.apache.maven.surefire.api.util.ReflectionUtils.invokeMethodWithArray(ReflectionUtils.java:125)
2025-12-20T02:01:47.8418146Z 	at org.apache.maven.surefire.junitplatform.LauncherAdapter.executeWithCancellationToken(LauncherAdapter.java:68)
2025-12-20T02:01:47.8419603Z 	at org.apache.maven.surefire.junitplatform.LauncherAdapter.execute(LauncherAdapter.java:54)
2025-12-20T02:01:47.8420920Z 	at org.apache.maven.surefire.junitplatform.JUnitPlatformProvider.execute(JUnitPlatformProvider.java:203)
2025-12-20T02:01:47.8422865Z 	at org.apache.maven.surefire.junitplatform.JUnitPlatformProvider.invokeAllTests(JUnitPlatformProvider.java:168)
2025-12-20T02:01:47.8424351Z 	at org.apache.maven.surefire.junitplatform.JUnitPlatformProvider.invoke(JUnitPlatformProvider.java:136)
2025-12-20T02:01:47.8425662Z 	at org.apache.maven.surefire.booter.ForkedBooter.runSuitesInProcess(ForkedBooter.java:385)
2025-12-20T02:01:47.8426764Z 	at org.apache.maven.surefire.booter.ForkedBooter.execute(ForkedBooter.java:162)
2025-12-20T02:01:47.8427753Z 	at org.apache.maven.surefire.booter.ForkedBooter.run(ForkedBooter.java:507)
2025-12-20T02:01:47.8428711Z 	at org.apache.maven.surefire.booter.ForkedBooter.main(ForkedBooter.java:495)
2025-12-20T02:01:47.8430129Z 02:01:47.831 DEBUG [main] o.apache.ibatis.logging.LogFactory - Logging initialized using 'class org.apache.ibatis.logging.slf4j.Slf4jImpl' adapter.
2025-12-20T02:01:47.8431485Z 02:01:47.831 ERROR [main] java.lang.Object - Error message.
2025-12-20T02:01:47.8432150Z 02:01:47.831 ERROR [main] java.lang.Object - Error with Exception.
2025-12-20T02:01:47.8432761Z java.lang.Exception: Test exception.
2025-12-20T02:01:47.8433505Z 	at org.apache.ibatis.logging.LogFactoryTest.logSomething(LogFactoryTest.java:112)
2025-12-20T02:01:47.8434542Z 	at org.apache.ibatis.logging.LogFactoryTest.shouldUseSlf4j(LogFactoryTest.java:77)
2025-12-20T02:01:47.8435752Z 	at java.base/jdk.internal.reflect.DirectMethodHandleAccessor.invoke(DirectMethodHandleAccessor.java:104)
2025-12-20T02:01:47.8436838Z 	at java.base/java.lang.reflect.Method.invoke(Method.java:565)
2025-12-20T02:01:47.8437783Z 	at org.junit.platform.commons.util.ReflectionUtils.invokeMethod(ReflectionUtils.java:701)
2025-12-20T02:01:47.8439053Z 	at org.junit.platform.commons.support.ReflectionSupport.invokeMethod(ReflectionSupport.java:502)
2025-12-20T02:01:47.8440333Z 	at org.junit.jupiter.engine.support.MethodReflectionUtils.invoke(MethodReflectionUtils.java:45)
2025-12-20T02:01:47.8441756Z 	at org.junit.jupiter.engine.execution.MethodInvocation.proceed(MethodInvocation.java:61)
2025-12-20T02:01:47.8443248Z 	at org.junit.jupiter.engine.execution.InvocationInterceptorChain$ValidatingInvocation.proceed(InvocationInterceptorChain.java:124)
2025-12-20T02:01:47.8444787Z 	at org.junit.jupiter.engine.extension.TimeoutExtension.intercept(TimeoutExtension.java:163)
2025-12-20T02:01:47.8446097Z 	at org.junit.jupiter.engine.extension.TimeoutExtension.interceptTestableMethod(TimeoutExtension.java:148)
2025-12-20T02:01:47.8447458Z 	at org.junit.jupiter.engine.extension.TimeoutExtension.interceptTestMethod(TimeoutExtension.java:86)
2025-12-20T02:01:47.8449234Z 	at org.junit.jupiter.engine.execution.InterceptingExecutableInvoker$ReflectiveInterceptorCall.lambda$ofVoidMethod$0(InterceptingExecutableInvoker.java:123)
2025-12-20T02:01:47.8451599Z 	at org.junit.jupiter.engine.execution.InterceptingExecutableInvoker.lambda$invoke$0(InterceptingExecutableInvoker.java:105)
2025-12-20T02:01:47.8453578Z 	at org.junit.jupiter.engine.execution.InvocationInterceptorChain$InterceptedInvocation.proceed(InvocationInterceptorChain.java:99)
2025-12-20T02:01:47.8455115Z 	at org.junit.jupiter.engine.execution.InvocationInterceptorChain.proceed(InvocationInterceptorChain.java:66)
2025-12-20T02:01:47.8456581Z 	at org.junit.jupiter.engine.execution.InvocationInterceptorChain.chainAndInvoke(InvocationInterceptorChain.java:47)
2025-12-20T02:01:47.8458033Z 	at org.junit.jupiter.engine.execution.InvocationInterceptorChain.invoke(InvocationInterceptorChain.java:39)
2025-12-20T02:01:47.8459484Z 	at org.junit.jupiter.engine.execution.InterceptingExecutableInvoker.invoke(InterceptingExecutableInvoker.java:104)
2025-12-20T02:01:47.8461432Z 	at org.junit.jupiter.engine.execution.InterceptingExecutableInvoker.invoke(InterceptingExecutableInvoker.java:98)
2025-12-20T02:01:47.8463010Z 	at org.junit.jupiter.engine.execution.InterceptingExecutableInvoker.invokeVoid(InterceptingExecutableInvoker.java:71)
2025-12-20T02:01:47.8464678Z 	at org.junit.jupiter.engine.descriptor.TestMethodTestDescriptor.lambda$invokeTestMethod$0(TestMethodTestDescriptor.java:219)
2025-12-20T02:01:47.8466198Z 	at org.junit.platform.engine.support.hierarchical.ThrowableCollector.execute(ThrowableCollector.java:74)
2025-12-20T02:01:47.8467666Z 	at org.junit.jupiter.engine.descriptor.TestMethodTestDescriptor.invokeTestMethod(TestMethodTestDescriptor.java:215)
2025-12-20T02:01:47.8469182Z 	at org.junit.jupiter.engine.descriptor.TestMethodTestDescriptor.execute(TestMethodTestDescriptor.java:157)
2025-12-20T02:01:47.8470615Z 	at org.junit.jupiter.engine.descriptor.TestMethodTestDescriptor.execute(TestMethodTestDescriptor.java:70)
2025-12-20T02:01:47.8472241Z 	at org.junit.platform.engine.support.hierarchical.NodeTestTask.lambda$executeRecursively$2(NodeTestTask.java:176)
2025-12-20T02:01:47.8473670Z 	at org.junit.platform.engine.support.hierarchical.ThrowableCollector.execute(ThrowableCollector.java:74)
2025-12-20T02:01:47.8475094Z 	at org.junit.platform.engine.support.hierarchical.NodeTestTask.lambda$executeRecursively$1(NodeTestTask.java:166)
2025-12-20T02:01:47.8476278Z 	at org.junit.platform.engine.support.hierarchical.Node.around(Node.java:138)
2025-12-20T02:01:47.8477485Z 	at org.junit.platform.engine.support.hierarchical.NodeTestTask.lambda$executeRecursively$0(NodeTestTask.java:164)
2025-12-20T02:01:47.8478849Z 	at org.junit.platform.engine.support.hierarchical.ThrowableCollector.execute(ThrowableCollector.java:74)
2025-12-20T02:01:47.8480208Z 	at org.junit.platform.engine.support.hierarchical.NodeTestTask.executeRecursively(NodeTestTask.java:163)
2025-12-20T02:01:47.8481645Z 	at org.junit.platform.engine.support.hierarchical.NodeTestTask.execute(NodeTestTask.java:116)
2025-12-20T02:01:47.8482588Z 	at java.base/java.util.ArrayList.forEach(ArrayList.java:1604)
2025-12-20T02:01:47.8484030Z 	at org.junit.platform.engine.support.hierarchical.SameThreadHierarchicalTestExecutorService.invokeAll(SameThreadHierarchicalTestExecutorService.java:42)
2025-12-20T02:01:47.8485864Z 	at org.junit.platform.engine.support.hierarchical.NodeTestTask.lambda$executeRecursively$2(NodeTestTask.java:180)
2025-12-20T02:01:47.8487271Z 	at org.junit.platform.engine.support.hierarchical.ThrowableCollector.execute(ThrowableCollector.java:74)
2025-12-20T02:01:47.8488659Z 	at org.junit.platform.engine.support.hierarchical.NodeTestTask.lambda$executeRecursively$1(NodeTestTask.java:166)
2025-12-20T02:01:47.8489840Z 	at org.junit.platform.engine.support.hierarchical.Node.around(Node.java:138)
2025-12-20T02:01:47.8491016Z 	at org.junit.platform.engine.support.hierarchical.NodeTestTask.lambda$executeRecursively$0(NodeTestTask.java:164)
2025-12-20T02:01:47.8492601Z 	at org.junit.platform.engine.support.hierarchical.ThrowableCollector.execute(ThrowableCollector.java:74)
2025-12-20T02:01:47.8494193Z 	at org.junit.platform.engine.support.hierarchical.NodeTestTask.executeRecursively(NodeTestTask.java:163)
2025-12-20T02:01:47.8495457Z 	at org.junit.platform.engine.support.hierarchical.NodeTestTask.execute(NodeTestTask.java:116)
2025-12-20T02:01:47.8496402Z 	at java.base/java.util.ArrayList.forEach(ArrayList.java:1604)
2025-12-20T02:01:47.8497871Z 	at org.junit.platform.engine.support.hierarchical.SameThreadHierarchicalTestExecutorService.invokeAll(SameThreadHierarchicalTestExecutorService.java:42)
2025-12-20T02:01:47.8499692Z 	at org.junit.platform.engine.support.hierarchical.NodeTestTask.lambda$executeRecursively$2(NodeTestTask.java:180)
2025-12-20T02:01:47.8501084Z 	at org.junit.platform.engine.support.hierarchical.ThrowableCollector.execute(ThrowableCollector.java:74)
2025-12-20T02:01:47.8502675Z 	at org.junit.platform.engine.support.hierarchical.NodeTestTask.lambda$executeRecursively$1(NodeTestTask.java:166)
2025-12-20T02:01:47.8504075Z 	at org.junit.platform.engine.support.hierarchical.Node.around(Node.java:138)
2025-12-20T02:01:47.8505275Z 	at org.junit.platform.engine.support.hierarchical.NodeTestTask.lambda$executeRecursively$0(NodeTestTask.java:164)
2025-12-20T02:01:47.8506687Z 	at org.junit.platform.engine.support.hierarchical.ThrowableCollector.execute(ThrowableCollector.java:74)
2025-12-20T02:01:47.8508087Z 	at org.junit.platform.engine.support.hierarchical.NodeTestTask.executeRecursively(NodeTestTask.java:163)
2025-12-20T02:01:47.8509373Z 	at org.junit.platform.engine.support.hierarchical.NodeTestTask.execute(NodeTestTask.java:116)
2025-12-20T02:01:47.8511032Z 	at org.junit.platform.engine.support.hierarchical.SameThreadHierarchicalTestExecutorService.submit(SameThreadHierarchicalTestExecutorService.java:36)
2025-12-20T02:01:47.8513117Z 	at org.junit.platform.engine.support.hierarchical.HierarchicalTestExecutor.execute(HierarchicalTestExecutor.java:52)
2025-12-20T02:01:47.8514661Z 	at org.junit.platform.engine.support.hierarchical.HierarchicalTestEngine.execute(HierarchicalTestEngine.java:58)
2025-12-20T02:01:47.8516163Z 	at org.junit.platform.launcher.core.EngineExecutionOrchestrator.executeEngine(EngineExecutionOrchestrator.java:246)
2025-12-20T02:01:47.8517763Z 	at org.junit.platform.launcher.core.EngineExecutionOrchestrator.failOrExecuteEngine(EngineExecutionOrchestrator.java:218)
2025-12-20T02:01:47.8519332Z 	at org.junit.platform.launcher.core.EngineExecutionOrchestrator.execute(EngineExecutionOrchestrator.java:179)
2025-12-20T02:01:47.8520755Z 	at org.junit.platform.launcher.core.EngineExecutionOrchestrator.execute(EngineExecutionOrchestrator.java:108)
2025-12-20T02:01:47.8522388Z 	at org.junit.platform.launcher.core.EngineExecutionOrchestrator.lambda$execute$0(EngineExecutionOrchestrator.java:66)
2025-12-20T02:01:47.8524016Z 	at org.junit.platform.launcher.core.EngineExecutionOrchestrator.withInterceptedStreams(EngineExecutionOrchestrator.java:157)
2025-12-20T02:01:47.8525616Z 	at org.junit.platform.launcher.core.EngineExecutionOrchestrator.execute(EngineExecutionOrchestrator.java:65)
2025-12-20T02:01:47.8526866Z 	at org.junit.platform.launcher.core.DefaultLauncher.execute(DefaultLauncher.java:125)
2025-12-20T02:01:47.8527911Z 	at org.junit.platform.launcher.core.DefaultLauncher.execute(DefaultLauncher.java:114)
2025-12-20T02:01:47.8529005Z 	at org.junit.platform.launcher.core.DelegatingLauncher.execute(DelegatingLauncher.java:58)
2025-12-20T02:01:47.8530242Z 	at org.junit.platform.launcher.core.InterceptingLauncher.lambda$execute$2(InterceptingLauncher.java:57)
2025-12-20T02:01:47.8532132Z 	at org.junit.platform.launcher.core.ClasspathAlignmentCheckingLauncherInterceptor.intercept(ClasspathAlignmentCheckingLauncherInterceptor.java:25)
2025-12-20T02:01:47.8533771Z 	at org.junit.platform.launcher.core.InterceptingLauncher.execute(InterceptingLauncher.java:56)
2025-12-20T02:01:47.8534954Z 	at org.junit.platform.launcher.core.DelegatingLauncher.execute(DelegatingLauncher.java:58)
2025-12-20T02:01:47.8536425Z 	at java.base/jdk.internal.reflect.DirectMethodHandleAccessor.invoke(DirectMethodHandleAccessor.java:104)
2025-12-20T02:01:47.8537462Z 	at java.base/java.lang.reflect.Method.invoke(Method.java:565)
2025-12-20T02:01:47.8538435Z 	at org.apache.maven.surefire.api.util.ReflectionUtils.invokeMethodWithArray(ReflectionUtils.java:125)
2025-12-20T02:01:47.8539842Z 	at org.apache.maven.surefire.junitplatform.LauncherAdapter.executeWithCancellationToken(LauncherAdapter.java:68)
2025-12-20T02:01:47.8541367Z 	at org.apache.maven.surefire.junitplatform.LauncherAdapter.execute(LauncherAdapter.java:54)
2025-12-20T02:01:47.8542645Z 	at org.apache.maven.surefire.junitplatform.JUnitPlatformProvider.execute(JUnitPlatformProvider.java:203)
2025-12-20T02:01:47.8544065Z 	at org.apache.maven.surefire.junitplatform.JUnitPlatformProvider.invokeAllTests(JUnitPlatformProvider.java:168)
2025-12-20T02:01:47.8545489Z 	at org.apache.maven.surefire.junitplatform.JUnitPlatformProvider.invoke(JUnitPlatformProvider.java:136)
2025-12-20T02:01:47.8546933Z 	at org.apache.maven.surefire.booter.ForkedBooter.runSuitesInProcess(ForkedBooter.java:385)
2025-12-20T02:01:47.8547978Z 	at org.apache.maven.surefire.booter.ForkedBooter.execute(ForkedBooter.java:162)
2025-12-20T02:01:47.8548899Z 	at org.apache.maven.surefire.booter.ForkedBooter.run(ForkedBooter.java:507)
2025-12-20T02:01:47.8549795Z 	at org.apache.maven.surefire.booter.ForkedBooter.main(ForkedBooter.java:495)
2025-12-20T02:01:47.8550688Z Dec 20, 2025 2:01:47 AM org.apache.ibatis.logging.jdk14.Jdk14LoggingImpl warn
2025-12-20T02:01:47.8551504Z WARNING: Warning message.
2025-12-20T02:01:47.8552045Z Dec 20, 2025 2:01:47 AM org.apache.ibatis.logging.jdk14.Jdk14LoggingImpl error
2025-12-20T02:01:47.8552645Z SEVERE: Error message.
2025-12-20T02:01:47.8553160Z Dec 20, 2025 2:01:47 AM org.apache.ibatis.logging.jdk14.Jdk14LoggingImpl error
2025-12-20T02:01:47.8553766Z SEVERE: Error with Exception.
2025-12-20T02:01:47.8554166Z java.lang.Exception: Test exception.
2025-12-20T02:01:47.8554905Z 	at org.apache.ibatis.logging.LogFactoryTest.logSomething(LogFactoryTest.java:112)
2025-12-20T02:01:47.8555985Z 	at org.apache.ibatis.logging.LogFactoryTest.shouldUseJdKLogging(LogFactoryTest.java:69)
2025-12-20T02:01:47.8557221Z 	at java.base/jdk.internal.reflect.DirectMethodHandleAccessor.invoke(DirectMethodHandleAccessor.java:104)
2025-12-20T02:01:47.8558273Z 	at java.base/java.lang.reflect.Method.invoke(Method.java:565)
2025-12-20T02:01:47.8559204Z 	at org.junit.platform.commons.util.ReflectionUtils.invokeMethod(ReflectionUtils.java:701)
2025-12-20T02:01:47.8560408Z 	at org.junit.platform.commons.support.ReflectionSupport.invokeMethod(ReflectionSupport.java:502)
2025-12-20T02:01:47.8561813Z 	at org.junit.jupiter.engine.support.MethodReflectionUtils.invoke(MethodReflectionUtils.java:45)
2025-12-20T02:01:47.8562948Z 	at org.junit.jupiter.engine.execution.MethodInvocation.proceed(MethodInvocation.java:61)
2025-12-20T02:01:47.8564394Z 	at org.junit.jupiter.engine.execution.InvocationInterceptorChain$ValidatingInvocation.proceed(InvocationInterceptorChain.java:124)
2025-12-20T02:01:47.8565821Z 	at org.junit.jupiter.engine.extension.TimeoutExtension.intercept(TimeoutExtension.java:163)
2025-12-20T02:01:47.8567068Z 	at org.junit.jupiter.engine.extension.TimeoutExtension.interceptTestableMethod(TimeoutExtension.java:148)
2025-12-20T02:01:47.8568371Z 	at org.junit.jupiter.engine.extension.TimeoutExtension.interceptTestMethod(TimeoutExtension.java:86)
2025-12-20T02:01:47.8570063Z 	at org.junit.jupiter.engine.execution.InterceptingExecutableInvoker$ReflectiveInterceptorCall.lambda$ofVoidMethod$0(InterceptingExecutableInvoker.java:123)
2025-12-20T02:01:47.8572086Z 	at org.junit.jupiter.engine.execution.InterceptingExecutableInvoker.lambda$invoke$0(InterceptingExecutableInvoker.java:105)
2025-12-20T02:01:47.8573758Z 	at org.junit.jupiter.engine.execution.InvocationInterceptorChain$InterceptedInvocation.proceed(InvocationInterceptorChain.java:99)
2025-12-20T02:01:47.8575344Z 	at org.junit.jupiter.engine.execution.InvocationInterceptorChain.proceed(InvocationInterceptorChain.java:66)
2025-12-20T02:01:47.8577052Z 	at org.junit.jupiter.engine.execution.InvocationInterceptorChain.chainAndInvoke(InvocationInterceptorChain.java:47)
2025-12-20T02:01:47.8578489Z 	at org.junit.jupiter.engine.execution.InvocationInterceptorChain.invoke(InvocationInterceptorChain.java:39)
2025-12-20T02:01:47.8579977Z 	at org.junit.jupiter.engine.execution.InterceptingExecutableInvoker.invoke(InterceptingExecutableInvoker.java:104)
2025-12-20T02:01:47.8581826Z 	at org.junit.jupiter.engine.execution.InterceptingExecutableInvoker.invoke(InterceptingExecutableInvoker.java:98)
2025-12-20T02:01:47.8583380Z 	at org.junit.jupiter.engine.execution.InterceptingExecutableInvoker.invokeVoid(InterceptingExecutableInvoker.java:71)
2025-12-20T02:01:47.8584988Z 	at org.junit.jupiter.engine.descriptor.TestMethodTestDescriptor.lambda$invokeTestMethod$0(TestMethodTestDescriptor.java:219)
2025-12-20T02:01:47.8586495Z 	at org.junit.platform.engine.support.hierarchical.ThrowableCollector.execute(ThrowableCollector.java:74)
2025-12-20T02:01:47.8588150Z 	at org.junit.jupiter.engine.descriptor.TestMethodTestDescriptor.invokeTestMethod(TestMethodTestDescriptor.java:215)
2025-12-20T02:01:47.8589637Z 	at org.junit.jupiter.engine.descriptor.TestMethodTestDescriptor.execute(TestMethodTestDescriptor.java:157)
2025-12-20T02:01:47.8590997Z 	at org.junit.jupiter.engine.descriptor.TestMethodTestDescriptor.execute(TestMethodTestDescriptor.java:70)
2025-12-20T02:01:47.8592580Z 	at org.junit.platform.engine.support.hierarchical.NodeTestTask.lambda$executeRecursively$2(NodeTestTask.java:176)
2025-12-20T02:01:47.8593966Z 	at org.junit.platform.engine.support.hierarchical.ThrowableCollector.execute(ThrowableCollector.java:74)
2025-12-20T02:01:47.8595355Z 	at org.junit.platform.engine.support.hierarchical.NodeTestTask.lambda$executeRecursively$1(NodeTestTask.java:166)
2025-12-20T02:01:47.8596545Z 	at org.junit.platform.engine.support.hierarchical.Node.around(Node.java:138)
2025-12-20T02:01:47.8597761Z 	at org.junit.platform.engine.support.hierarchical.NodeTestTask.lambda$executeRecursively$0(NodeTestTask.java:164)
2025-12-20T02:01:47.8599169Z 	at org.junit.platform.engine.support.hierarchical.ThrowableCollector.execute(ThrowableCollector.java:74)
2025-12-20T02:01:47.8600530Z 	at org.junit.platform.engine.support.hierarchical.NodeTestTask.executeRecursively(NodeTestTask.java:163)
2025-12-20T02:01:47.8601916Z 	at org.junit.platform.engine.support.hierarchical.NodeTestTask.execute(NodeTestTask.java:116)
2025-12-20T02:01:47.8602857Z 	at java.base/java.util.ArrayList.forEach(ArrayList.java:1604)
2025-12-20T02:01:47.8604304Z 	at org.junit.platform.engine.support.hierarchical.SameThreadHierarchicalTestExecutorService.invokeAll(SameThreadHierarchicalTestExecutorService.java:42)
2025-12-20T02:01:47.8606134Z 	at org.junit.platform.engine.support.hierarchical.NodeTestTask.lambda$executeRecursively$2(NodeTestTask.java:180)
2025-12-20T02:01:47.8607518Z 	at org.junit.platform.engine.support.hierarchical.ThrowableCollector.execute(ThrowableCollector.java:74)
2025-12-20T02:01:47.8608941Z 	at org.junit.platform.engine.support.hierarchical.NodeTestTask.lambda$executeRecursively$1(NodeTestTask.java:166)
2025-12-20T02:01:47.8610126Z 	at org.junit.platform.engine.support.hierarchical.Node.around(Node.java:138)
2025-12-20T02:01:47.8611456Z 	at org.junit.platform.engine.support.hierarchical.NodeTestTask.lambda$executeRecursively$0(NodeTestTask.java:164)
2025-12-20T02:01:47.8612825Z 	at org.junit.platform.engine.support.hierarchical.ThrowableCollector.execute(ThrowableCollector.java:74)
2025-12-20T02:01:47.8614173Z 	at org.junit.platform.engine.support.hierarchical.NodeTestTask.executeRecursively(NodeTestTask.java:163)
2025-12-20T02:01:47.8615437Z 	at org.junit.platform.engine.support.hierarchical.NodeTestTask.execute(NodeTestTask.java:116)
2025-12-20T02:01:47.8616326Z 	at java.base/java.util.ArrayList.forEach(ArrayList.java:1604)
2025-12-20T02:01:47.8617719Z 	at org.junit.platform.engine.support.hierarchical.SameThreadHierarchicalTestExecutorService.invokeAll(SameThreadHierarchicalTestExecutorService.java:42)
2025-12-20T02:01:47.8619763Z 	at org.junit.platform.engine.support.hierarchical.NodeTestTask.lambda$executeRecursively$2(NodeTestTask.java:180)
2025-12-20T02:01:47.8621312Z 	at org.junit.platform.engine.support.hierarchical.ThrowableCollector.execute(ThrowableCollector.java:74)
2025-12-20T02:01:47.8622700Z 	at org.junit.platform.engine.support.hierarchical.NodeTestTask.lambda$executeRecursively$1(NodeTestTask.java:166)
2025-12-20T02:01:47.8623884Z 	at org.junit.platform.engine.support.hierarchical.Node.around(Node.java:138)
2025-12-20T02:01:47.8625081Z 	at org.junit.platform.engine.support.hierarchical.NodeTestTask.lambda$executeRecursively$0(NodeTestTask.java:164)
2025-12-20T02:01:47.8626491Z 	at org.junit.platform.engine.support.hierarchical.ThrowableCollector.execute(ThrowableCollector.java:74)
2025-12-20T02:01:47.8627863Z 	at org.junit.platform.engine.support.hierarchical.NodeTestTask.executeRecursively(NodeTestTask.java:163)
2025-12-20T02:01:47.8629375Z 	at org.junit.platform.engine.support.hierarchical.NodeTestTask.execute(NodeTestTask.java:116)
2025-12-20T02:01:47.8631033Z 	at org.junit.platform.engine.support.hierarchical.SameThreadHierarchicalTestExecutorService.submit(SameThreadHierarchicalTestExecutorService.java:36)
2025-12-20T02:01:47.8633039Z 	at org.junit.platform.engine.support.hierarchical.HierarchicalTestExecutor.execute(HierarchicalTestExecutor.java:52)
2025-12-20T02:01:47.8634555Z 	at org.junit.platform.engine.support.hierarchical.HierarchicalTestEngine.execute(HierarchicalTestEngine.java:58)
2025-12-20T02:01:47.8636050Z 	at org.junit.platform.launcher.core.EngineExecutionOrchestrator.executeEngine(EngineExecutionOrchestrator.java:246)
2025-12-20T02:01:47.8637623Z 	at org.junit.platform.launcher.core.EngineExecutionOrchestrator.failOrExecuteEngine(EngineExecutionOrchestrator.java:218)
2025-12-20T02:01:47.8639158Z 	at org.junit.platform.launcher.core.EngineExecutionOrchestrator.execute(EngineExecutionOrchestrator.java:179)
2025-12-20T02:01:47.8640604Z 	at org.junit.platform.launcher.core.EngineExecutionOrchestrator.execute(EngineExecutionOrchestrator.java:108)
2025-12-20T02:01:47.8642210Z 	at org.junit.platform.launcher.core.EngineExecutionOrchestrator.lambda$execute$0(EngineExecutionOrchestrator.java:66)
2025-12-20T02:01:47.8643813Z 	at org.junit.platform.launcher.core.EngineExecutionOrchestrator.withInterceptedStreams(EngineExecutionOrchestrator.java:157)
2025-12-20T02:01:47.8645383Z 	at org.junit.platform.launcher.core.EngineExecutionOrchestrator.execute(EngineExecutionOrchestrator.java:65)
2025-12-20T02:01:47.8646640Z 	at org.junit.platform.launcher.core.DefaultLauncher.execute(DefaultLauncher.java:125)
2025-12-20T02:01:47.8647684Z 	at org.junit.platform.launcher.core.DefaultLauncher.execute(DefaultLauncher.java:114)
2025-12-20T02:01:47.8648782Z 	at org.junit.platform.launcher.core.DelegatingLauncher.execute(DelegatingLauncher.java:58)
2025-12-20T02:01:47.8650009Z 	at org.junit.platform.launcher.core.InterceptingLauncher.lambda$execute$2(InterceptingLauncher.java:57)
2025-12-20T02:01:47.8651900Z 	at org.junit.platform.launcher.core.ClasspathAlignmentCheckingLauncherInterceptor.intercept(ClasspathAlignmentCheckingLauncherInterceptor.java:25)
2025-12-20T02:01:47.8653584Z 	at org.junit.platform.launcher.core.InterceptingLauncher.execute(InterceptingLauncher.java:56)
2025-12-20T02:01:47.8654755Z 	at org.junit.platform.launcher.core.DelegatingLauncher.execute(DelegatingLauncher.java:58)
2025-12-20T02:01:47.8656002Z 	at java.base/jdk.internal.reflect.DirectMethodHandleAccessor.invoke(DirectMethodHandleAccessor.java:104)
2025-12-20T02:01:47.8657021Z 	at java.base/java.lang.reflect.Method.invoke(Method.java:565)
2025-12-20T02:01:47.8658013Z 	at org.apache.maven.surefire.api.util.ReflectionUtils.invokeMethodWithArray(ReflectionUtils.java:125)
2025-12-20T02:01:47.8659415Z 	at org.apache.maven.surefire.junitplatform.LauncherAdapter.executeWithCancellationToken(LauncherAdapter.java:68)
2025-12-20T02:01:47.8660749Z 	at org.apache.maven.surefire.junitplatform.LauncherAdapter.execute(LauncherAdapter.java:54)
2025-12-20T02:01:47.8662399Z 	at org.apache.maven.surefire.junitplatform.JUnitPlatformProvider.execute(JUnitPlatformProvider.java:203)
2025-12-20T02:01:47.8663855Z 	at org.apache.maven.surefire.junitplatform.JUnitPlatformProvider.invokeAllTests(JUnitPlatformProvider.java:168)
2025-12-20T02:01:47.8665279Z 	at org.apache.maven.surefire.junitplatform.JUnitPlatformProvider.invoke(JUnitPlatformProvider.java:136)
2025-12-20T02:01:47.8666531Z 	at org.apache.maven.surefire.booter.ForkedBooter.runSuitesInProcess(ForkedBooter.java:385)
2025-12-20T02:01:47.8667566Z 	at org.apache.maven.surefire.booter.ForkedBooter.execute(ForkedBooter.java:162)
2025-12-20T02:01:47.8668479Z 	at org.apache.maven.surefire.booter.ForkedBooter.run(ForkedBooter.java:507)
2025-12-20T02:01:47.8669441Z 	at org.apache.maven.surefire.booter.ForkedBooter.main(ForkedBooter.java:495)
2025-12-20T02:01:47.8669988Z 
2025-12-20T02:01:47.8670254Z 2025-12-20T02:01:47.856240175Z main ERROR Error message.
2025-12-20T02:01:47.8671061Z 2025-12-20T02:01:47.856510800Z main ERROR Error with Exception.
2025-12-20T02:01:47.8671813Z java.lang.Exception: Test exception.
2025-12-20T02:01:47.8672534Z 	at org.apache.ibatis.logging.LogFactoryTest.logSomething(LogFactoryTest.java:112)
2025-12-20T02:01:47.8673624Z 	at org.apache.ibatis.logging.LogFactoryTest.shouldUseCommonsLogging(LogFactoryTest.java:45)
2025-12-20T02:01:47.8674883Z 	at java.base/jdk.internal.reflect.DirectMethodHandleAccessor.invoke(DirectMethodHandleAccessor.java:104)
2025-12-20T02:01:47.8675884Z 	at java.base/java.lang.reflect.Method.invoke(Method.java:565)
2025-12-20T02:01:47.8699731Z 	at org.junit.platform.commons.util.ReflectionUtils.invokeMethod(ReflectionUtils.java:701)
2025-12-20T02:01:47.8700902Z 	at org.junit.platform.commons.support.ReflectionSupport.invokeMethod(ReflectionSupport.java:502)
2025-12-20T02:01:47.8702246Z 	at org.junit.jupiter.engine.support.MethodReflectionUtils.invoke(MethodReflectionUtils.java:45)
2025-12-20T02:01:47.8703431Z 	at org.junit.jupiter.engine.execution.MethodInvocation.proceed(MethodInvocation.java:61)
2025-12-20T02:01:47.8704804Z 	at org.junit.jupiter.engine.execution.InvocationInterceptorChain$ValidatingInvocation.proceed(InvocationInterceptorChain.java:124)
2025-12-20T02:01:47.8706238Z 	at org.junit.jupiter.engine.extension.TimeoutExtension.intercept(TimeoutExtension.java:163)
2025-12-20T02:01:47.8707516Z 	at org.junit.jupiter.engine.extension.TimeoutExtension.interceptTestableMethod(TimeoutExtension.java:148)
2025-12-20T02:01:47.8708851Z 	at org.junit.jupiter.engine.extension.TimeoutExtension.interceptTestMethod(TimeoutExtension.java:86)
2025-12-20T02:01:47.8710550Z 	at org.junit.jupiter.engine.execution.InterceptingExecutableInvoker$ReflectiveInterceptorCall.lambda$ofVoidMethod$0(InterceptingExecutableInvoker.java:123)
2025-12-20T02:01:47.8713171Z 	at org.junit.jupiter.engine.execution.InterceptingExecutableInvoker.lambda$invoke$0(InterceptingExecutableInvoker.java:105)
2025-12-20T02:01:47.8714825Z 	at org.junit.jupiter.engine.execution.InvocationInterceptorChain$InterceptedInvocation.proceed(InvocationInterceptorChain.java:99)
2025-12-20T02:01:47.8716369Z 	at org.junit.jupiter.engine.execution.InvocationInterceptorChain.proceed(InvocationInterceptorChain.java:66)
2025-12-20T02:01:47.8717862Z 	at org.junit.jupiter.engine.execution.InvocationInterceptorChain.chainAndInvoke(InvocationInterceptorChain.java:47)
2025-12-20T02:01:47.8719334Z 	at org.junit.jupiter.engine.execution.InvocationInterceptorChain.invoke(InvocationInterceptorChain.java:39)
2025-12-20T02:01:47.8720815Z 	at org.junit.jupiter.engine.execution.InterceptingExecutableInvoker.invoke(InterceptingExecutableInvoker.java:104)
2025-12-20T02:01:47.8722565Z 	at org.junit.jupiter.engine.execution.InterceptingExecutableInvoker.invoke(InterceptingExecutableInvoker.java:98)
2025-12-20T02:01:47.8724050Z 	at org.junit.jupiter.engine.execution.InterceptingExecutableInvoker.invokeVoid(InterceptingExecutableInvoker.java:71)
2025-12-20T02:01:47.8725800Z 	at org.junit.jupiter.engine.descriptor.TestMethodTestDescriptor.lambda$invokeTestMethod$0(TestMethodTestDescriptor.java:219)
2025-12-20T02:01:47.8727314Z 	at org.junit.platform.engine.support.hierarchical.ThrowableCollector.execute(ThrowableCollector.java:74)
2025-12-20T02:01:47.8728843Z 	at org.junit.jupiter.engine.descriptor.TestMethodTestDescriptor.invokeTestMethod(TestMethodTestDescriptor.java:215)
2025-12-20T02:01:47.8730383Z 	at org.junit.jupiter.engine.descriptor.TestMethodTestDescriptor.execute(TestMethodTestDescriptor.java:157)
2025-12-20T02:01:47.8732082Z 	at org.junit.jupiter.engine.descriptor.TestMethodTestDescriptor.execute(TestMethodTestDescriptor.java:70)
2025-12-20T02:01:47.8733515Z 	at org.junit.platform.engine.support.hierarchical.NodeTestTask.lambda$executeRecursively$2(NodeTestTask.java:176)
2025-12-20T02:01:47.8734995Z 	at org.junit.platform.engine.support.hierarchical.ThrowableCollector.execute(ThrowableCollector.java:74)
2025-12-20T02:01:47.8736706Z 	at org.junit.platform.engine.support.hierarchical.NodeTestTask.lambda$executeRecursively$1(NodeTestTask.java:166)
2025-12-20T02:01:47.8737992Z 	at org.junit.platform.engine.support.hierarchical.Node.around(Node.java:138)
2025-12-20T02:01:47.8739228Z 	at org.junit.platform.engine.support.hierarchical.NodeTestTask.lambda$executeRecursively$0(NodeTestTask.java:164)
2025-12-20T02:01:47.8740694Z 	at org.junit.platform.engine.support.hierarchical.ThrowableCollector.execute(ThrowableCollector.java:74)
2025-12-20T02:01:47.8742428Z 	at org.junit.platform.engine.support.hierarchical.NodeTestTask.executeRecursively(NodeTestTask.java:163)
2025-12-20T02:01:47.8743779Z 	at org.junit.platform.engine.support.hierarchical.NodeTestTask.execute(NodeTestTask.java:116)
2025-12-20T02:01:47.8744763Z 	at java.base/java.util.ArrayList.forEach(ArrayList.java:1604)
2025-12-20T02:01:47.8746256Z 	at org.junit.platform.engine.support.hierarchical.SameThreadHierarchicalTestExecutorService.invokeAll(SameThreadHierarchicalTestExecutorService.java:42)
2025-12-20T02:01:47.8748158Z 	at org.junit.platform.engine.support.hierarchical.NodeTestTask.lambda$executeRecursively$2(NodeTestTask.java:180)
2025-12-20T02:01:47.8749631Z 	at org.junit.platform.engine.support.hierarchical.ThrowableCollector.execute(ThrowableCollector.java:74)
2025-12-20T02:01:47.8751281Z 	at org.junit.platform.engine.support.hierarchical.NodeTestTask.lambda$executeRecursively$1(NodeTestTask.java:166)
2025-12-20T02:01:47.8752561Z 	at org.junit.platform.engine.support.hierarchical.Node.around(Node.java:138)
2025-12-20T02:01:47.8753799Z 	at org.junit.platform.engine.support.hierarchical.NodeTestTask.lambda$executeRecursively$0(NodeTestTask.java:164)
2025-12-20T02:01:47.8755253Z 	at org.junit.platform.engine.support.hierarchical.ThrowableCollector.execute(ThrowableCollector.java:74)
2025-12-20T02:01:47.8756704Z 	at org.junit.platform.engine.support.hierarchical.NodeTestTask.executeRecursively(NodeTestTask.java:163)
2025-12-20T02:01:47.8758041Z 	at org.junit.platform.engine.support.hierarchical.NodeTestTask.execute(NodeTestTask.java:116)
2025-12-20T02:01:47.8759062Z 	at java.base/java.util.ArrayList.forEach(ArrayList.java:1604)
2025-12-20T02:01:47.8760575Z 	at org.junit.platform.engine.support.hierarchical.SameThreadHierarchicalTestExecutorService.invokeAll(SameThreadHierarchicalTestExecutorService.java:42)
2025-12-20T02:01:47.8762681Z 	at org.junit.platform.engine.support.hierarchical.NodeTestTask.lambda$executeRecursively$2(NodeTestTask.java:180)
2025-12-20T02:01:47.8764190Z 	at org.junit.platform.engine.support.hierarchical.ThrowableCollector.execute(ThrowableCollector.java:74)
2025-12-20T02:01:47.8765640Z 	at org.junit.platform.engine.support.hierarchical.NodeTestTask.lambda$executeRecursively$1(NodeTestTask.java:166)
2025-12-20T02:01:47.8766885Z 	at org.junit.platform.engine.support.hierarchical.Node.around(Node.java:138)
2025-12-20T02:01:47.8768100Z 	at org.junit.platform.engine.support.hierarchical.NodeTestTask.lambda$executeRecursively$0(NodeTestTask.java:164)
2025-12-20T02:01:47.8769566Z 	at org.junit.platform.engine.support.hierarchical.ThrowableCollector.execute(ThrowableCollector.java:74)
2025-12-20T02:01:47.8771484Z 	at org.junit.platform.engine.support.hierarchical.NodeTestTask.executeRecursively(NodeTestTask.java:163)
2025-12-20T02:01:47.8772832Z 	at org.junit.platform.engine.support.hierarchical.NodeTestTask.execute(NodeTestTask.java:116)
2025-12-20T02:01:47.8774585Z 	at org.junit.platform.engine.support.hierarchical.SameThreadHierarchicalTestExecutorService.submit(SameThreadHierarchicalTestExecutorService.java:36)
2025-12-20T02:01:47.8776525Z 	at org.junit.platform.engine.support.hierarchical.HierarchicalTestExecutor.execute(HierarchicalTestExecutor.java:52)
2025-12-20T02:01:47.8778132Z 	at org.junit.platform.engine.support.hierarchical.HierarchicalTestEngine.execute(HierarchicalTestEngine.java:58)
2025-12-20T02:01:47.8779725Z 	at org.junit.platform.launcher.core.EngineExecutionOrchestrator.executeEngine(EngineExecutionOrchestrator.java:246)
2025-12-20T02:01:47.8781772Z 	at org.junit.platform.launcher.core.EngineExecutionOrchestrator.failOrExecuteEngine(EngineExecutionOrchestrator.java:218)
2025-12-20T02:01:47.8783393Z 	at org.junit.platform.launcher.core.EngineExecutionOrchestrator.execute(EngineExecutionOrchestrator.java:179)
2025-12-20T02:01:47.8784893Z 	at org.junit.platform.launcher.core.EngineExecutionOrchestrator.execute(EngineExecutionOrchestrator.java:108)
2025-12-20T02:01:47.8786430Z 	at org.junit.platform.launcher.core.EngineExecutionOrchestrator.lambda$execute$0(EngineExecutionOrchestrator.java:66)
2025-12-20T02:01:47.8788101Z 	at org.junit.platform.launcher.core.EngineExecutionOrchestrator.withInterceptedStreams(EngineExecutionOrchestrator.java:157)
2025-12-20T02:01:47.8789738Z 	at org.junit.platform.launcher.core.EngineExecutionOrchestrator.execute(EngineExecutionOrchestrator.java:65)
2025-12-20T02:01:47.8791042Z 	at org.junit.platform.launcher.core.DefaultLauncher.execute(DefaultLauncher.java:125)
2025-12-20T02:01:47.8792342Z 	at org.junit.platform.launcher.core.DefaultLauncher.execute(DefaultLauncher.java:114)
2025-12-20T02:01:47.8793498Z 	at org.junit.platform.launcher.core.DelegatingLauncher.execute(DelegatingLauncher.java:58)
2025-12-20T02:01:47.8794737Z 	at org.junit.platform.launcher.core.InterceptingLauncher.lambda$execute$2(InterceptingLauncher.java:57)
2025-12-20T02:01:47.8796443Z 	at org.junit.platform.launcher.core.ClasspathAlignmentCheckingLauncherInterceptor.intercept(ClasspathAlignmentCheckingLauncherInterceptor.java:25)
2025-12-20T02:01:47.8798060Z 	at org.junit.platform.launcher.core.InterceptingLauncher.execute(InterceptingLauncher.java:56)
2025-12-20T02:01:47.8799207Z 	at org.junit.platform.launcher.core.DelegatingLauncher.execute(DelegatingLauncher.java:58)
2025-12-20T02:01:47.8800411Z 	at java.base/jdk.internal.reflect.DirectMethodHandleAccessor.invoke(DirectMethodHandleAccessor.java:104)
2025-12-20T02:01:47.8801619Z 	at java.base/java.lang.reflect.Method.invoke(Method.java:565)
2025-12-20T02:01:47.8802597Z 	at org.apache.maven.surefire.api.util.ReflectionUtils.invokeMethodWithArray(ReflectionUtils.java:125)
2025-12-20T02:01:47.8804022Z 	at org.apache.maven.surefire.junitplatform.LauncherAdapter.executeWithCancellationToken(LauncherAdapter.java:68)
2025-12-20T02:01:47.8805388Z 	at org.apache.maven.surefire.junitplatform.LauncherAdapter.execute(LauncherAdapter.java:54)
2025-12-20T02:01:47.8806666Z 	at org.apache.maven.surefire.junitplatform.JUnitPlatformProvider.execute(JUnitPlatformProvider.java:203)
2025-12-20T02:01:47.8808080Z 	at org.apache.maven.surefire.junitplatform.JUnitPlatformProvider.invokeAllTests(JUnitPlatformProvider.java:168)
2025-12-20T02:01:47.8809483Z 	at org.apache.maven.surefire.junitplatform.JUnitPlatformProvider.invoke(JUnitPlatformProvider.java:136)
2025-12-20T02:01:47.8810726Z 	at org.apache.maven.surefire.booter.ForkedBooter.runSuitesInProcess(ForkedBooter.java:385)
2025-12-20T02:01:47.8812049Z 	at org.apache.maven.surefire.booter.ForkedBooter.execute(ForkedBooter.java:162)
2025-12-20T02:01:47.8812952Z 	at org.apache.maven.surefire.booter.ForkedBooter.run(ForkedBooter.java:507)
2025-12-20T02:01:47.8814113Z 	at org.apache.maven.surefire.booter.ForkedBooter.main(ForkedBooter.java:495)
2025-12-20T02:01:47.8814663Z 
2025-12-20T02:01:47.8815435Z 02:01:47.857 DEBUG [main] o.apache.ibatis.logging.LogFactory - Logging initialized using 'class org.apache.ibatis.logging.slf4j.Slf4jImpl' adapter.
2025-12-20T02:01:47.8816925Z [INFO] Tests run: 8, Failures: 0, Errors: 0, Skipped: 0, Time elapsed: 0.299 s -- in org.apache.ibatis.logging.LogFactoryTest
2025-12-20T02:01:47.8817836Z [INFO] Running org.apache.ibatis.plugin.PluginTest
2025-12-20T02:01:47.8895574Z [INFO] Tests run: 2, Failures: 0, Errors: 0, Skipped: 0, Time elapsed: 0.023 s -- in org.apache.ibatis.plugin.PluginTest
2025-12-20T02:01:47.8904607Z [INFO] Running org.apache.ibatis.type.BlobInputStreamTypeHandlerTest
2025-12-20T02:01:48.0239610Z [INFO] Tests run: 8, Failures: 0, Errors: 0, Skipped: 0, Time elapsed: 0.134 s -- in org.apache.ibatis.type.BlobInputStreamTypeHandlerTest
2025-12-20T02:01:48.0254814Z [INFO] Running org.apache.ibatis.type.TypeAliasRegistryTest
2025-12-20T02:01:48.0422745Z [INFO] Tests run: 9, Failures: 0, Errors: 0, Skipped: 0, Time elapsed: 0.016 s -- in org.apache.ibatis.type.TypeAliasRegistryTest
2025-12-20T02:01:48.0445646Z [INFO] Running org.apache.ibatis.type.SqlDateTypeHandlerTest
2025-12-20T02:01:48.0458097Z [INFO] Tests run: 4, Failures: 0, Errors: 0, Skipped: 0, Time elapsed: 0.006 s -- in org.apache.ibatis.type.SqlDateTypeHandlerTest
2025-12-20T02:01:48.0463578Z [INFO] Running org.apache.ibatis.type.ByteTypeHandlerTest
2025-12-20T02:01:48.0540229Z [INFO] Tests run: 7, Failures: 0, Errors: 0, Skipped: 0, Time elapsed: 0.008 s -- in org.apache.ibatis.type.ByteTypeHandlerTest
2025-12-20T02:01:48.0545146Z [INFO] Running org.apache.ibatis.type.BlobByteObjectArrayTypeHandlerTest
2025-12-20T02:01:48.0658111Z [INFO] Tests run: 7, Failures: 0, Errors: 0, Skipped: 0, Time elapsed: 0.011 s -- in org.apache.ibatis.type.BlobByteObjectArrayTypeHandlerTest
2025-12-20T02:01:48.0661879Z [INFO] Running org.apache.ibatis.type.BooleanTypeHandlerTest
2025-12-20T02:01:48.0744734Z [INFO] Tests run: 7, Failures: 0, Errors: 0, Skipped: 0, Time elapsed: 0.008 s -- in org.apache.ibatis.type.BooleanTypeHandlerTest
2025-12-20T02:01:48.0748828Z [INFO] Running org.apache.ibatis.type.ByteArrayTypeHandlerTest
2025-12-20T02:01:48.0828664Z [INFO] Tests run: 4, Failures: 0, Errors: 0, Skipped: 0, Time elapsed: 0.008 s -- in org.apache.ibatis.type.ByteArrayTypeHandlerTest
2025-12-20T02:01:48.0833391Z [INFO] Running org.apache.ibatis.type.NStringTypeHandlerTest
2025-12-20T02:01:48.0882688Z [INFO] Tests run: 4, Failures: 0, Errors: 0, Skipped: 0, Time elapsed: 0.005 s -- in org.apache.ibatis.type.NStringTypeHandlerTest
2025-12-20T02:01:48.0883723Z [INFO] Running org.apache.ibatis.type.YearTypeHandlerTest
2025-12-20T02:01:48.0961459Z [INFO] Tests run: 7, Failures: 0, Errors: 0, Skipped: 0, Time elapsed: 0.009 s -- in org.apache.ibatis.type.YearTypeHandlerTest
2025-12-20T02:01:48.0962837Z [INFO] Running org.apache.ibatis.type.YearMonthTypeHandlerTest
2025-12-20T02:01:48.1068129Z [INFO] Tests run: 7, Failures: 0, Errors: 0, Skipped: 0, Time elapsed: 0.009 s -- in org.apache.ibatis.type.YearMonthTypeHandlerTest
2025-12-20T02:01:48.1069649Z [INFO] Running org.apache.ibatis.type.ByteObjectArrayTypeHandlerTest
2025-12-20T02:01:48.1154778Z [INFO] Tests run: 7, Failures: 0, Errors: 0, Skipped: 0, Time elapsed: 0.007 s -- in org.apache.ibatis.type.ByteObjectArrayTypeHandlerTest
2025-12-20T02:01:48.1156195Z [INFO] Running org.apache.ibatis.type.IntegerTypeHandlerTest
2025-12-20T02:01:48.1232626Z [INFO] Tests run: 7, Failures: 0, Errors: 0, Skipped: 0, Time elapsed: 0.009 s -- in org.apache.ibatis.type.IntegerTypeHandlerTest
2025-12-20T02:01:48.1238070Z [INFO] Running org.apache.ibatis.type.ClobTypeHandlerTest
2025-12-20T02:01:48.1396640Z [INFO] Tests run: 7, Failures: 0, Errors: 0, Skipped: 0, Time elapsed: 0.015 s -- in org.apache.ibatis.type.ClobTypeHandlerTest
2025-12-20T02:01:48.1424205Z [INFO] Running org.apache.ibatis.type.ZonedDateTimeTypeHandlerTest
2025-12-20T02:01:48.1483166Z [INFO] Tests run: 7, Failures: 0, Errors: 0, Skipped: 0, Time elapsed: 0.008 s -- in org.apache.ibatis.type.ZonedDateTimeTypeHandlerTest
2025-12-20T02:01:48.1488423Z [INFO] Running org.apache.ibatis.type.InstantTypeHandlerTest
2025-12-20T02:01:48.1573465Z [INFO] Tests run: 7, Failures: 0, Errors: 0, Skipped: 0, Time elapsed: 0.009 s -- in org.apache.ibatis.type.InstantTypeHandlerTest
2025-12-20T02:01:48.1578976Z [INFO] Running org.apache.ibatis.type.StringTypeHandlerTest
2025-12-20T02:01:48.1607803Z [INFO] Tests run: 4, Failures: 0, Errors: 0, Skipped: 0, Time elapsed: 0.005 s -- in org.apache.ibatis.type.StringTypeHandlerTest
2025-12-20T02:01:48.1611411Z [INFO] Running org.apache.ibatis.type.ClobReaderTypeHandlerTest
2025-12-20T02:01:48.1876597Z [INFO] Tests run: 8, Failures: 0, Errors: 0, Skipped: 0, Time elapsed: 0.023 s -- in org.apache.ibatis.type.ClobReaderTypeHandlerTest
2025-12-20T02:01:48.1877763Z [INFO] Running org.apache.ibatis.type.JapaneseDateTypeHandlerTest
2025-12-20T02:01:48.1973738Z [INFO] Tests run: 7, Failures: 0, Errors: 0, Skipped: 0, Time elapsed: 0.010 s -- in org.apache.ibatis.type.JapaneseDateTypeHandlerTest
2025-12-20T02:01:48.1987557Z [INFO] Running org.apache.ibatis.type.SqlTimestampTypeHandlerTest
2025-12-20T02:01:48.2023178Z [INFO] Tests run: 4, Failures: 0, Errors: 0, Skipped: 0, Time elapsed: 0.004 s -- in org.apache.ibatis.type.SqlTimestampTypeHandlerTest
2025-12-20T02:01:48.2024466Z [INFO] Running org.apache.ibatis.type.TimeOnlyTypeHandlerTest
2025-12-20T02:01:48.2078965Z [INFO] Tests run: 7, Failures: 0, Errors: 0, Skipped: 0, Time elapsed: 0.008 s -- in org.apache.ibatis.type.TimeOnlyTypeHandlerTest
2025-12-20T02:01:48.2080461Z [INFO] Running org.apache.ibatis.type.LongTypeHandlerTest
2025-12-20T02:01:48.2164695Z [INFO] Tests run: 7, Failures: 0, Errors: 0, Skipped: 0, Time elapsed: 0.008 s -- in org.apache.ibatis.type.LongTypeHandlerTest
2025-12-20T02:01:48.2193592Z [INFO] Running org.apache.ibatis.type.TypeReferenceTest
2025-12-20T02:01:48.2222100Z [INFO] Tests run: 2, Failures: 0, Errors: 0, Skipped: 0, Time elapsed: 0.001 s -- in org.apache.ibatis.type.TypeReferenceTest
2025-12-20T02:01:48.2227159Z [INFO] Running org.apache.ibatis.type.OffsetTimeTypeHandlerTest
2025-12-20T02:01:48.2258464Z [INFO] Tests run: 7, Failures: 0, Errors: 0, Skipped: 0, Time elapsed: 0.008 s -- in org.apache.ibatis.type.OffsetTimeTypeHandlerTest
2025-12-20T02:01:48.2278099Z [INFO] Running org.apache.ibatis.type.EnumTypeHandlerTest
2025-12-20T02:01:48.2355741Z [INFO] Tests run: 8, Failures: 0, Errors: 0, Skipped: 0, Time elapsed: 0.008 s -- in org.apache.ibatis.type.EnumTypeHandlerTest
2025-12-20T02:01:48.2358476Z [INFO] Running org.apache.ibatis.type.SimpleTypeRegistryTest
2025-12-20T02:01:48.2383150Z [INFO] Tests run: 3, Failures: 0, Errors: 0, Skipped: 0, Time elapsed: 0.001 s -- in org.apache.ibatis.type.SimpleTypeRegistryTest
2025-12-20T02:01:48.2384229Z [INFO] Running org.apache.ibatis.type.CharacterTypeHandlerTest
2025-12-20T02:01:48.2496746Z [INFO] Tests run: 11, Failures: 0, Errors: 0, Skipped: 0, Time elapsed: 0.013 s -- in org.apache.ibatis.type.CharacterTypeHandlerTest
2025-12-20T02:01:48.2506101Z [INFO] Running org.apache.ibatis.type.UnknownTypeHandlerTest
2025-12-20T02:01:48.2807597Z [INFO] Tests run: 11, Failures: 0, Errors: 0, Skipped: 0, Time elapsed: 0.029 s -- in org.apache.ibatis.type.UnknownTypeHandlerTest
2025-12-20T02:01:48.2814103Z [INFO] Running org.apache.ibatis.type.EnumOrdinalTypeHandlerTest
2025-12-20T02:01:48.2902400Z [INFO] Tests run: 8, Failures: 0, Errors: 0, Skipped: 0, Time elapsed: 0.007 s -- in org.apache.ibatis.type.EnumOrdinalTypeHandlerTest
2025-12-20T02:01:48.2907365Z [INFO] Running org.apache.ibatis.type.JdbcTypeTest
2025-12-20T02:01:48.2937732Z [INFO] Tests run: 2, Failures: 0, Errors: 0, Skipped: 0, Time elapsed: 0.002 s -- in org.apache.ibatis.type.JdbcTypeTest
2025-12-20T02:01:48.2940080Z [INFO] Running org.apache.ibatis.type.ObjectTypeHandlerTest
2025-12-20T02:01:48.2975558Z [INFO] Tests run: 7, Failures: 0, Errors: 0, Skipped: 0, Time elapsed: 0.008 s -- in org.apache.ibatis.type.ObjectTypeHandlerTest
2025-12-20T02:01:48.2984429Z [INFO] Running org.apache.ibatis.type.ShortTypeHandlerTest
2025-12-20T02:01:48.3068829Z [INFO] Tests run: 7, Failures: 0, Errors: 0, Skipped: 0, Time elapsed: 0.007 s -- in org.apache.ibatis.type.ShortTypeHandlerTest
2025-12-20T02:01:48.3093762Z [INFO] Running org.apache.ibatis.type.Jsr310TypeHandlerRegistryTest
2025-12-20T02:01:48.3109242Z [INFO] Tests run: 1, Failures: 0, Errors: 0, Skipped: 0, Time elapsed: 0.001 s -- in org.apache.ibatis.type.Jsr310TypeHandlerRegistryTest
2025-12-20T02:01:48.3112477Z [INFO] Running org.apache.ibatis.type.LocalDateTimeTypeHandlerTest
2025-12-20T02:01:48.3143502Z [INFO] Tests run: 7, Failures: 0, Errors: 0, Skipped: 0, Time elapsed: 0.009 s -- in org.apache.ibatis.type.LocalDateTimeTypeHandlerTest
2025-12-20T02:01:48.3146226Z [INFO] Running org.apache.ibatis.type.LocalDateTypeHandlerTest
2025-12-20T02:01:48.3227133Z [INFO] Tests run: 7, Failures: 0, Errors: 0, Skipped: 0, Time elapsed: 0.007 s -- in org.apache.ibatis.type.LocalDateTypeHandlerTest
2025-12-20T02:01:48.3229877Z [INFO] Running org.apache.ibatis.type.BlobTypeHandlerTest
2025-12-20T02:01:48.3342423Z [INFO] Tests run: 7, Failures: 0, Errors: 0, Skipped: 0, Time elapsed: 0.008 s -- in org.apache.ibatis.type.BlobTypeHandlerTest
2025-12-20T02:01:48.3356643Z [INFO] Running org.apache.ibatis.type.MonthTypeHandlerTest
2025-12-20T02:01:48.3418813Z [INFO] Tests run: 7, Failures: 0, Errors: 0, Skipped: 0, Time elapsed: 0.009 s -- in org.apache.ibatis.type.MonthTypeHandlerTest
2025-12-20T02:01:48.3419803Z [INFO] Running org.apache.ibatis.type.SqlxmlTypeHandlerTest
2025-12-20T02:01:48.4092023Z [INFO] Tests run: 10, Failures: 0, Errors: 0, Skipped: 0, Time elapsed: 0.066 s -- in org.apache.ibatis.type.SqlxmlTypeHandlerTest
2025-12-20T02:01:48.4095393Z [INFO] Running org.apache.ibatis.type.NClobTypeHandlerTest
2025-12-20T02:01:48.4226956Z [INFO] Tests run: 7, Failures: 0, Errors: 0, Skipped: 0, Time elapsed: 0.016 s -- in org.apache.ibatis.type.NClobTypeHandlerTest
2025-12-20T02:01:48.4232038Z [INFO] Running org.apache.ibatis.type.DateOnlyTypeHandlerTest
2025-12-20T02:01:48.4292845Z [INFO] Tests run: 7, Failures: 0, Errors: 0, Skipped: 0, Time elapsed: 0.007 s -- in org.apache.ibatis.type.DateOnlyTypeHandlerTest
2025-12-20T02:01:48.4300552Z [INFO] Running org.apache.ibatis.type.BigIntegerTypeHandlerTest
2025-12-20T02:01:48.4365164Z [INFO] Tests run: 7, Failures: 0, Errors: 0, Skipped: 0, Time elapsed: 0.007 s -- in org.apache.ibatis.type.BigIntegerTypeHandlerTest
2025-12-20T02:01:48.4370172Z [INFO] Running org.apache.ibatis.type.BigDecimalTypeHandlerTest
2025-12-20T02:01:48.4410471Z [INFO] Tests run: 4, Failures: 0, Errors: 0, Skipped: 0, Time elapsed: 0.005 s -- in org.apache.ibatis.type.BigDecimalTypeHandlerTest
2025-12-20T02:01:48.4423201Z [INFO] Running org.apache.ibatis.type.SqlTimeTypeHandlerTest
2025-12-20T02:01:48.4511675Z [INFO] Tests run: 4, Failures: 0, Errors: 0, Skipped: 0, Time elapsed: 0.007 s -- in org.apache.ibatis.type.SqlTimeTypeHandlerTest
2025-12-20T02:01:48.4512780Z [INFO] Running org.apache.ibatis.type.DoubleTypeHandlerTest
2025-12-20T02:01:48.4544112Z [INFO] Tests run: 7, Failures: 0, Errors: 0, Skipped: 0, Time elapsed: 0.006 s -- in org.apache.ibatis.type.DoubleTypeHandlerTest
2025-12-20T02:01:48.4549527Z [INFO] Running org.apache.ibatis.type.DateTypeHandlerTest
2025-12-20T02:01:48.4621908Z [INFO] Tests run: 7, Failures: 0, Errors: 0, Skipped: 0, Time elapsed: 0.006 s -- in org.apache.ibatis.type.DateTypeHandlerTest
2025-12-20T02:01:48.4626956Z [INFO] Running org.apache.ibatis.type.FloatTypeHandlerTest
2025-12-20T02:01:48.4689515Z [INFO] Tests run: 7, Failures: 0, Errors: 0, Skipped: 0, Time elapsed: 0.007 s -- in org.apache.ibatis.type.FloatTypeHandlerTest
2025-12-20T02:01:48.4693772Z [INFO] Running org.apache.ibatis.type.ArrayTypeHandlerTest
2025-12-20T02:01:48.4781774Z [INFO] Tests run: 10, Failures: 0, Errors: 0, Skipped: 0, Time elapsed: 0.010 s -- in org.apache.ibatis.type.ArrayTypeHandlerTest
2025-12-20T02:01:48.4786584Z [INFO] Running org.apache.ibatis.type.TypeHandlerRegistryTest
2025-12-20T02:01:48.6522517Z [INFO] Tests run: 11, Failures: 0, Errors: 0, Skipped: 0, Time elapsed: 0.173 s -- in org.apache.ibatis.type.TypeHandlerRegistryTest
2025-12-20T02:01:48.6527845Z [INFO] Running org.apache.ibatis.type.LocalTimeTypeHandlerTest
2025-12-20T02:01:48.6622636Z [INFO] Tests run: 7, Failures: 0, Errors: 0, Skipped: 0, Time elapsed: 0.006 s -- in org.apache.ibatis.type.LocalTimeTypeHandlerTest
2025-12-20T02:01:48.6626280Z [INFO] Running org.apache.ibatis.type.OffsetDateTimeTypeHandlerTest
2025-12-20T02:01:48.6682992Z [INFO] Tests run: 7, Failures: 0, Errors: 0, Skipped: 0, Time elapsed: 0.007 s -- in org.apache.ibatis.type.OffsetDateTimeTypeHandlerTest
2025-12-20T02:01:48.6684381Z [INFO] Running org.apache.ibatis.parsing.GenericTokenParserTest
2025-12-20T02:01:48.6867159Z [WARNING] Tests run: 25, Failures: 0, Errors: 0, Skipped: 1, Time elapsed: 0.020 s -- in org.apache.ibatis.parsing.GenericTokenParserTest
2025-12-20T02:01:48.6873656Z [INFO] Running org.apache.ibatis.parsing.XNodeTest
2025-12-20T02:01:48.6902350Z [INFO] Tests run: 3, Failures: 0, Errors: 0, Skipped: 0, Time elapsed: 0.003 s -- in org.apache.ibatis.parsing.XNodeTest
2025-12-20T02:01:48.6907516Z [INFO] Running org.apache.ibatis.parsing.PropertyParserTest
2025-12-20T02:01:48.6937827Z [INFO] Tests run: 4, Failures: 0, Errors: 0, Skipped: 0, Time elapsed: 0.001 s -- in org.apache.ibatis.parsing.PropertyParserTest
2025-12-20T02:01:48.6939358Z [INFO] Running org.apache.ibatis.parsing.XPathParserTest
2025-12-20T02:01:48.7560957Z [INFO] Tests run: 16, Failures: 0, Errors: 0, Skipped: 0, Time elapsed: 0.062 s -- in org.apache.ibatis.parsing.XPathParserTest
2025-12-20T02:01:48.7572073Z [INFO] Running org.apache.ibatis.scripting.LanguageDriverRegistryTest
2025-12-20T02:01:48.7608076Z [INFO] Tests run: 8, Failures: 0, Errors: 0, Skipped: 0, Time elapsed: 0.004 s -- in org.apache.ibatis.scripting.LanguageDriverRegistryTest
2025-12-20T02:01:48.7614131Z [INFO] Running org.apache.ibatis.scripting.defaults.DefaultParameterHandlerTest
2025-12-20T02:01:48.8099903Z [INFO] Tests run: 6, Failures: 0, Errors: 0, Skipped: 0, Time elapsed: 0.051 s -- in org.apache.ibatis.scripting.defaults.DefaultParameterHandlerTest
2025-12-20T02:01:48.8106126Z [INFO] Running org.apache.ibatis.scripting.xmltags.XMLScriptBuilderTest
2025-12-20T02:01:48.8146795Z [INFO] Tests run: 2, Failures: 0, Errors: 0, Skipped: 0, Time elapsed: 0.003 s -- in org.apache.ibatis.scripting.xmltags.XMLScriptBuilderTest
2025-12-20T02:01:48.8153397Z [INFO] Running org.apache.ibatis.scripting.xmltags.OgnlCacheTest
2025-12-20T02:01:48.8520022Z [INFO] Tests run: 2, Failures: 0, Errors: 0, Skipped: 0, Time elapsed: 0.037 s -- in org.apache.ibatis.scripting.xmltags.OgnlCacheTest
2025-12-20T02:01:49.0324826Z [INFO] 
2025-12-20T02:01:49.0325423Z [INFO] Results:
2025-12-20T02:01:49.0325914Z [INFO] 
2025-12-20T02:01:49.0328107Z [WARNING] Tests run: 2039, Failures: 0, Errors: 0, Skipped: 19
2025-12-20T02:01:49.0328675Z [INFO] 
2025-12-20T02:01:49.0351703Z [INFO] ------------------------------------------------------------------------
2025-12-20T02:01:49.0352684Z [INFO] BUILD SUCCESS
2025-12-20T02:01:49.0353165Z [INFO] ------------------------------------------------------------------------
2025-12-20T02:01:49.0360963Z [INFO] Total time:  02:46 min
2025-12-20T02:01:49.0363172Z [INFO] Finished at: 2025-12-20T02:01:49Z
2025-12-20T02:01:49.0363770Z [INFO] ------------------------------------------------------------------------
2025-12-20T02:01:49.0950303Z Post job cleanup.
2025-12-20T02:01:49.3100356Z (node:3670) [DEP0040] DeprecationWarning: The `punycode` module is deprecated. Please use a userland alternative instead.
2025-12-20T02:01:49.3101423Z (Use `node --trace-deprecation ...` to show where the warning was created)
2025-12-20T02:01:49.3106927Z Cache hit occurred on the primary key setup-java-Linux-x64-maven-9bbb26fe24b125bc5482ec6e49c74ba553548a67b89685815e2ec1a07bf49acd, not saving cache.
2025-12-20T02:01:49.3272682Z Post job cleanup.
2025-12-20T02:01:49.4095259Z [command]/usr/bin/git version
2025-12-20T02:01:49.4149532Z git version 2.52.0
2025-12-20T02:01:49.4199125Z Temporarily overriding HOME='/home/runner/work/_temp/e1d90c8f-ae87-4fd3-ab5d-f798d9993710' before making global git config changes
2025-12-20T02:01:49.4200600Z Adding repository directory to the temporary git global config as a safe directory
2025-12-20T02:01:49.4206851Z [command]/usr/bin/git config --global --add safe.directory /home/runner/work/mybatis-3/mybatis-3
2025-12-20T02:01:49.4242578Z Removing SSH command configuration
2025-12-20T02:01:49.4250399Z [command]/usr/bin/git config --local --name-only --get-regexp core\.sshCommand
2025-12-20T02:01:49.4289710Z [command]/usr/bin/git submodule foreach --recursive sh -c "git config --local --name-only --get-regexp 'core\.sshCommand' && git config --local --unset-all 'core.sshCommand' || :"
2025-12-20T02:01:49.4530727Z Removing HTTP extra header
2025-12-20T02:01:49.4536176Z [command]/usr/bin/git config --local --name-only --get-regexp http\.https\:\/\/github\.com\/\.extraheader
2025-12-20T02:01:49.4569328Z [command]/usr/bin/git submodule foreach --recursive sh -c "git config --local --name-only --get-regexp 'http\.https\:\/\/github\.com\/\.extraheader' && git config --local --unset-all 'http.https://github.com/.extraheader' || :"
2025-12-20T02:01:49.4792012Z Removing includeIf entries pointing to credentials config files
2025-12-20T02:01:49.4797846Z [command]/usr/bin/git config --local --name-only --get-regexp ^includeIf\.gitdir:
2025-12-20T02:01:49.4819747Z includeif.gitdir:/home/runner/work/mybatis-3/mybatis-3/.git.path
2025-12-20T02:01:49.4820546Z includeif.gitdir:/home/runner/work/mybatis-3/mybatis-3/.git/worktrees/*.path
2025-12-20T02:01:49.4820992Z includeif.gitdir:/github/workspace/.git.path
2025-12-20T02:01:49.4821536Z includeif.gitdir:/github/workspace/.git/worktrees/*.path
2025-12-20T02:01:49.4862296Z [command]/usr/bin/git config --local --get-all includeif.gitdir:/home/runner/work/mybatis-3/mybatis-3/.git.path
2025-12-20T02:01:49.4883506Z /home/runner/work/_temp/git-credentials-0f467c81-a99f-411b-a8f5-083271b2918f.config
2025-12-20T02:01:49.4893735Z [command]/usr/bin/git config --local --unset includeif.gitdir:/home/runner/work/mybatis-3/mybatis-3/.git.path /home/runner/work/_temp/git-credentials-0f467c81-a99f-411b-a8f5-083271b2918f.config
2025-12-20T02:01:49.4926390Z [command]/usr/bin/git config --local --get-all includeif.gitdir:/home/runner/work/mybatis-3/mybatis-3/.git/worktrees/*.path
2025-12-20T02:01:49.4947248Z /home/runner/work/_temp/git-credentials-0f467c81-a99f-411b-a8f5-083271b2918f.config
2025-12-20T02:01:49.4956271Z [command]/usr/bin/git config --local --unset includeif.gitdir:/home/runner/work/mybatis-3/mybatis-3/.git/worktrees/*.path /home/runner/work/_temp/git-credentials-0f467c81-a99f-411b-a8f5-083271b2918f.config
2025-12-20T02:01:49.4986988Z [command]/usr/bin/git config --local --get-all includeif.gitdir:/github/workspace/.git.path
2025-12-20T02:01:49.5007317Z /github/runner_temp/git-credentials-0f467c81-a99f-411b-a8f5-083271b2918f.config
2025-12-20T02:01:49.5015406Z [command]/usr/bin/git config --local --unset includeif.gitdir:/github/workspace/.git.path /github/runner_temp/git-credentials-0f467c81-a99f-411b-a8f5-083271b2918f.config
2025-12-20T02:01:49.5047333Z [command]/usr/bin/git config --local --get-all includeif.gitdir:/github/workspace/.git/worktrees/*.path
2025-12-20T02:01:49.5071648Z /github/runner_temp/git-credentials-0f467c81-a99f-411b-a8f5-083271b2918f.config
2025-12-20T02:01:49.5082127Z [command]/usr/bin/git config --local --unset includeif.gitdir:/github/workspace/.git/worktrees/*.path /github/runner_temp/git-credentials-0f467c81-a99f-411b-a8f5-083271b2918f.config
2025-12-20T02:01:49.5113495Z [command]/usr/bin/git submodule foreach --recursive git config --local --show-origin --name-only --get-regexp remote.origin.url
2025-12-20T02:01:49.5339106Z Removing credentials config '/home/runner/work/_temp/git-credentials-0f467c81-a99f-411b-a8f5-083271b2918f.config'
2025-12-20T02:01:49.5478998Z Cleaning up orphan processes
