2025-10-10T17:14:06.4722631Z Current runner version: '2.328.0'
2025-10-10T17:14:06.4747966Z ##[group]Runner Image Provisioner
2025-10-10T17:14:06.4748752Z Hosted Compute Agent
2025-10-10T17:14:06.4749398Z Version: 20250912.392
2025-10-10T17:14:06.4749981Z Commit: d921fda672a98b64f4f82364647e2f10b2267d0b
2025-10-10T17:14:06.4750914Z Build Date: 2025-09-12T15:23:14Z
2025-10-10T17:14:06.4751561Z ##[endgroup]
2025-10-10T17:14:06.4752125Z ##[group]Operating System
2025-10-10T17:14:06.4752670Z Ubuntu
2025-10-10T17:14:06.4753192Z 24.04.3
2025-10-10T17:14:06.4753659Z LTS
2025-10-10T17:14:06.4754123Z ##[endgroup]
2025-10-10T17:14:06.4754602Z ##[group]Runner Image
2025-10-10T17:14:06.4755215Z Image: ubuntu-24.04
2025-10-10T17:14:06.4755757Z Version: 20250929.60.1
2025-10-10T17:14:06.4756724Z Included Software: https://github.com/actions/runner-images/blob/ubuntu24/20250929.60/images/ubuntu/Ubuntu2404-Readme.md
2025-10-10T17:14:06.4758334Z Image Release: https://github.com/actions/runner-images/releases/tag/ubuntu24%2F20250929.60
2025-10-10T17:14:06.4759352Z ##[endgroup]
2025-10-10T17:14:06.4761968Z ##[group]GITHUB_TOKEN Permissions
2025-10-10T17:14:06.4764363Z Actions: read
2025-10-10T17:14:06.4765033Z Attestations: read
2025-10-10T17:14:06.4765529Z Checks: read
2025-10-10T17:14:06.4766006Z Contents: read
2025-10-10T17:14:06.4766551Z Deployments: read
2025-10-10T17:14:06.4767080Z Discussions: read
2025-10-10T17:14:06.4767583Z Issues: read
2025-10-10T17:14:06.4768117Z Metadata: read
2025-10-10T17:14:06.4768587Z Models: read
2025-10-10T17:14:06.4769086Z Packages: read
2025-10-10T17:14:06.4769594Z Pages: read
2025-10-10T17:14:06.4770284Z PullRequests: read
2025-10-10T17:14:06.4770927Z RepositoryProjects: read
2025-10-10T17:14:06.4771499Z SecurityEvents: read
2025-10-10T17:14:06.4772157Z Statuses: read
2025-10-10T17:14:06.4772632Z ##[endgroup]
2025-10-10T17:14:06.4774767Z Secret source: Actions
2025-10-10T17:14:06.4775759Z Prepare workflow directory
2025-10-10T17:14:06.5117972Z Prepare all required actions
2025-10-10T17:14:06.5158209Z Getting action download info
2025-10-10T17:14:06.8633422Z Download action repository 'actions/checkout@v5' (SHA:08c6903cd8c0fde910a37f88322edcfb5dd907a8)
2025-10-10T17:14:07.0583993Z Download action repository 'actions/setup-java@v5' (SHA:dded0888837ed1f317902acf8a20df0ad188d165)
2025-10-10T17:14:07.6552982Z Complete job name: Test JDK 17, ubuntu-latest
2025-10-10T17:14:07.7158168Z ##[group]Run actions/checkout@v5
2025-10-10T17:14:07.7159059Z with:
2025-10-10T17:14:07.7159489Z   repository: mybatis/mybatis-3
2025-10-10T17:14:07.7160353Z   token: ***
2025-10-10T17:14:07.7160754Z   ssh-strict: true
2025-10-10T17:14:07.7161150Z   ssh-user: git
2025-10-10T17:14:07.7161572Z   persist-credentials: true
2025-10-10T17:14:07.7162022Z   clean: true
2025-10-10T17:14:07.7162438Z   sparse-checkout-cone-mode: true
2025-10-10T17:14:07.7162929Z   fetch-depth: 1
2025-10-10T17:14:07.7163333Z   fetch-tags: false
2025-10-10T17:14:07.7163754Z   show-progress: true
2025-10-10T17:14:07.7164161Z   lfs: false
2025-10-10T17:14:07.7164620Z   submodules: false
2025-10-10T17:14:07.7165059Z   set-safe-directory: true
2025-10-10T17:14:07.7165769Z ##[endgroup]
2025-10-10T17:14:07.8142249Z Syncing repository: mybatis/mybatis-3
2025-10-10T17:14:07.8144144Z ##[group]Getting Git version info
2025-10-10T17:14:07.8144879Z Working directory is '/home/runner/work/mybatis-3/mybatis-3'
2025-10-10T17:14:07.8146162Z [command]/usr/bin/git version
2025-10-10T17:14:07.8198044Z git version 2.51.0
2025-10-10T17:14:07.8221227Z ##[endgroup]
2025-10-10T17:14:07.8239012Z Temporarily overriding HOME='/home/runner/work/_temp/a0b7373e-2acc-48c6-b52f-4398f57f4e75' before making global git config changes
2025-10-10T17:14:07.8241556Z Adding repository directory to the temporary git global config as a safe directory
2025-10-10T17:14:07.8245750Z [command]/usr/bin/git config --global --add safe.directory /home/runner/work/mybatis-3/mybatis-3
2025-10-10T17:14:07.8288606Z Deleting the contents of '/home/runner/work/mybatis-3/mybatis-3'
2025-10-10T17:14:07.8292937Z ##[group]Initializing the repository
2025-10-10T17:14:07.8298797Z [command]/usr/bin/git init /home/runner/work/mybatis-3/mybatis-3
2025-10-10T17:14:07.8407568Z hint: Using 'master' as the name for the initial branch. This default branch name
2025-10-10T17:14:07.8409300Z hint: is subject to change. To configure the initial branch name to use in all
2025-10-10T17:14:07.8411025Z hint: of your new repositories, which will suppress this warning, call:
2025-10-10T17:14:07.8412107Z hint:
2025-10-10T17:14:07.8412852Z hint: 	git config --global init.defaultBranch <name>
2025-10-10T17:14:07.8413533Z hint:
2025-10-10T17:14:07.8414097Z hint: Names commonly chosen instead of 'master' are 'main', 'trunk' and
2025-10-10T17:14:07.8414989Z hint: 'development'. The just-created branch can be renamed via this command:
2025-10-10T17:14:07.8415836Z hint:
2025-10-10T17:14:07.8416477Z hint: 	git branch -m <name>
2025-10-10T17:14:07.8417160Z hint:
2025-10-10T17:14:07.8418094Z hint: Disable this message with "git config set advice.defaultBranchName false"
2025-10-10T17:14:07.8419241Z Initialized empty Git repository in /home/runner/work/mybatis-3/mybatis-3/.git/
2025-10-10T17:14:07.8423549Z [command]/usr/bin/git remote add origin https://github.com/mybatis/mybatis-3
2025-10-10T17:14:07.8464669Z ##[endgroup]
2025-10-10T17:14:07.8465416Z ##[group]Disabling automatic garbage collection
2025-10-10T17:14:07.8468384Z [command]/usr/bin/git config --local gc.auto 0
2025-10-10T17:14:07.8496511Z ##[endgroup]
2025-10-10T17:14:07.8497210Z ##[group]Setting up auth
2025-10-10T17:14:07.8503361Z [command]/usr/bin/git config --local --name-only --get-regexp core\.sshCommand
2025-10-10T17:14:07.8535461Z [command]/usr/bin/git submodule foreach --recursive sh -c "git config --local --name-only --get-regexp 'core\.sshCommand' && git config --local --unset-all 'core.sshCommand' || :"
2025-10-10T17:14:07.8888723Z [command]/usr/bin/git config --local --name-only --get-regexp http\.https\:\/\/github\.com\/\.extraheader
2025-10-10T17:14:07.8918161Z [command]/usr/bin/git submodule foreach --recursive sh -c "git config --local --name-only --get-regexp 'http\.https\:\/\/github\.com\/\.extraheader' && git config --local --unset-all 'http.https://github.com/.extraheader' || :"
2025-10-10T17:14:07.9138077Z [command]/usr/bin/git config --local http.https://github.com/.extraheader AUTHORIZATION: basic ***
2025-10-10T17:14:07.9174069Z ##[endgroup]
2025-10-10T17:14:07.9174857Z ##[group]Fetching the repository
2025-10-10T17:14:07.9183045Z [command]/usr/bin/git -c protocol.version=2 fetch --no-tags --prune --no-recurse-submodules --depth=1 origin +161a0b784bca3207d9e051832e810c09fcab1036:refs/remotes/origin/master
2025-10-10T17:14:09.2633619Z From https://github.com/mybatis/mybatis-3
2025-10-10T17:14:09.2635382Z  * [new ref]         161a0b784bca3207d9e051832e810c09fcab1036 -> origin/master
2025-10-10T17:14:09.2665419Z ##[endgroup]
2025-10-10T17:14:09.2667284Z ##[group]Determining the checkout info
2025-10-10T17:14:09.2669235Z ##[endgroup]
2025-10-10T17:14:09.2674038Z [command]/usr/bin/git sparse-checkout disable
2025-10-10T17:14:09.2716395Z [command]/usr/bin/git config --local --unset-all extensions.worktreeConfig
2025-10-10T17:14:09.2745478Z ##[group]Checking out the ref
2025-10-10T17:14:09.2749428Z [command]/usr/bin/git checkout --progress --force -B master refs/remotes/origin/master
2025-10-10T17:14:09.3804311Z Reset branch 'master'
2025-10-10T17:14:09.3806008Z branch 'master' set up to track 'origin/master'.
2025-10-10T17:14:09.3818099Z ##[endgroup]
2025-10-10T17:14:09.3862194Z [command]/usr/bin/git log -1 --format=%H
2025-10-10T17:14:09.3888590Z 161a0b784bca3207d9e051832e810c09fcab1036
2025-10-10T17:14:09.4203662Z ##[group]Run actions/setup-java@v5
2025-10-10T17:14:09.4204580Z with:
2025-10-10T17:14:09.4205302Z   cache: maven
2025-10-10T17:14:09.4206055Z   distribution: temurin
2025-10-10T17:14:09.4206826Z   java-version: 17
2025-10-10T17:14:09.4207565Z   java-package: jdk
2025-10-10T17:14:09.4208322Z   check-latest: false
2025-10-10T17:14:09.4209076Z   server-id: github
2025-10-10T17:14:09.4209847Z   server-username: GITHUB_ACTOR
2025-10-10T17:14:09.4211246Z   server-password: GITHUB_TOKEN
2025-10-10T17:14:09.4212068Z   overwrite-settings: true
2025-10-10T17:14:09.4212859Z   job-status: success
2025-10-10T17:14:09.4213841Z   token: ***
2025-10-10T17:14:09.4214589Z ##[endgroup]
2025-10-10T17:14:09.5769845Z ##[group]Installed distributions
2025-10-10T17:14:09.5864229Z Resolved Java 17.0.16+8 from tool-cache
2025-10-10T17:14:09.5865233Z Setting Java 17.0.16+8 as the default
2025-10-10T17:14:09.5875164Z (node:2046) [DEP0040] DeprecationWarning: The `punycode` module is deprecated. Please use a userland alternative instead.
2025-10-10T17:14:09.5876612Z (Use `node --trace-deprecation ...` to show where the warning was created)
2025-10-10T17:14:09.5878385Z Creating toolchains.xml for JDK version 17 from temurin
2025-10-10T17:14:09.5957689Z Writing to /home/runner/.m2/toolchains.xml
2025-10-10T17:14:09.5959903Z 
2025-10-10T17:14:09.5960652Z Java configuration:
2025-10-10T17:14:09.5962166Z   Distribution: temurin
2025-10-10T17:14:09.5963782Z   Version: 17.0.16+8
2025-10-10T17:14:09.5965272Z   Path: /opt/hostedtoolcache/Java_Temurin-Hotspot_jdk/17.0.16-8/x64
2025-10-10T17:14:09.5966077Z 
2025-10-10T17:14:09.5967086Z ##[endgroup]
2025-10-10T17:14:09.5985474Z Creating settings.xml with server-id: github
2025-10-10T17:14:09.5986646Z Writing to /home/runner/.m2/settings.xml
2025-10-10T17:14:09.9702736Z Cache hit for: setup-java-Linux-x64-maven-26c7d56d834ad2c994fc0ee2bca4f2cdba7d78bc373ccfa4cfecb6beaefb195c
2025-10-10T17:14:09.9809024Z (node:2046) [DEP0169] DeprecationWarning: `url.parse()` behavior is not standardized and prone to errors that have security implications. Use the WHATWG URL API instead. CVEs are not issued for `url.parse()` vulnerabilities.
2025-10-10T17:14:11.1162464Z Received 125829120 of 296445416 (42.4%), 119.9 MBs/sec
2025-10-10T17:14:12.1198967Z Received 296445416 of 296445416 (100.0%), 140.7 MBs/sec
2025-10-10T17:14:12.1200531Z Cache Size: ~283 MB (296445416 B)
2025-10-10T17:14:12.1246831Z [command]/usr/bin/tar -xf /home/runner/work/_temp/9a9d5054-b0a6-4573-bee2-0e2c15f49c1c/cache.tzst -P -C /home/runner/work/mybatis-3/mybatis-3 --use-compress-program unzstd
2025-10-10T17:14:12.7844914Z Cache restored successfully
2025-10-10T17:14:12.8548548Z Cache restored from key: setup-java-Linux-x64-maven-26c7d56d834ad2c994fc0ee2bca4f2cdba7d78bc373ccfa4cfecb6beaefb195c
2025-10-10T17:14:12.8802060Z ##[group]Run echo 'TEST_CONTAINERS_PROFILE=-PtestContainers' >> $GITHUB_ENV
2025-10-10T17:14:12.8803027Z [36;1mecho 'TEST_CONTAINERS_PROFILE=-PtestContainers' >> $GITHUB_ENV[0m
2025-10-10T17:14:12.8853312Z shell: /usr/bin/bash -e {0}
2025-10-10T17:14:12.8853777Z env:
2025-10-10T17:14:12.8854312Z   JAVA_HOME: /opt/hostedtoolcache/Java_Temurin-Hotspot_jdk/17.0.16-8/x64
2025-10-10T17:14:12.8855162Z   JAVA_HOME_17_X64: /opt/hostedtoolcache/Java_Temurin-Hotspot_jdk/17.0.16-8/x64
2025-10-10T17:14:12.8855812Z ##[endgroup]
2025-10-10T17:14:12.8986736Z ##[group]Run ./mvnw test -B -V  --no-transfer-progress -D"license.skip=true" $TEST_CONTAINERS_PROFILE
2025-10-10T17:14:12.8987501Z [36;1m./mvnw test -B -V  --no-transfer-progress -D"license.skip=true" $TEST_CONTAINERS_PROFILE[0m
2025-10-10T17:14:12.9019347Z shell: /usr/bin/bash -e {0}
2025-10-10T17:14:12.9019658Z env:
2025-10-10T17:14:12.9020221Z   JAVA_HOME: /opt/hostedtoolcache/Java_Temurin-Hotspot_jdk/17.0.16-8/x64
2025-10-10T17:14:12.9020834Z   JAVA_HOME_17_X64: /opt/hostedtoolcache/Java_Temurin-Hotspot_jdk/17.0.16-8/x64
2025-10-10T17:14:12.9021302Z   TEST_CONTAINERS_PROFILE: -PtestContainers
2025-10-10T17:14:12.9021619Z ##[endgroup]
2025-10-10T17:14:16.3503013Z Apache Maven 3.9.11 (3e54c93a704957b63ee3494413a2b544fd3d825b)
2025-10-10T17:14:16.3504451Z Maven home: /home/runner/.m2/wrapper/dists/apache-maven-3.9.11-bin/86516310/apache-maven-3.9.11
2025-10-10T17:14:16.3505505Z Java version: 17.0.16, vendor: Eclipse Adoptium, runtime: /usr/lib/jvm/temurin-17-jdk-amd64
2025-10-10T17:14:16.3506438Z Default locale: en, platform encoding: UTF-8
2025-10-10T17:14:16.3507137Z OS name: "linux", version: "6.11.0-1018-azure", arch: "amd64", family: "unix"
2025-10-10T17:14:17.9279917Z [INFO] Scanning for projects...
2025-10-10T17:14:18.1952106Z [INFO] Inspecting build with total of 1 modules
2025-10-10T17:14:18.2098615Z [INFO] Installing Central Publishing features
2025-10-10T17:14:18.2241305Z [INFO] 
2025-10-10T17:14:18.2242985Z [INFO] ------------------------< org.mybatis:mybatis >-------------------------
2025-10-10T17:14:18.2243820Z [INFO] Building mybatis 3.6.0-SNAPSHOT
2025-10-10T17:14:18.2244425Z [INFO]   from pom.xml
2025-10-10T17:14:18.2245086Z [INFO] --------------------------------[ jar ]---------------------------------
2025-10-10T17:14:21.6485037Z [INFO] 
2025-10-10T17:14:21.6485682Z [INFO] --- enforcer:3.6.2:enforce (enforce-java) @ mybatis ---
2025-10-10T17:14:21.8831704Z [INFO] Rule 0: org.codehaus.mojo.extraenforcer.dependencies.EnforceBytecodeVersion passed
2025-10-10T17:14:21.8989868Z [INFO] Rule 1: org.apache.maven.enforcer.rules.version.RequireJavaVersion passed
2025-10-10T17:14:21.8991720Z [INFO] Rule 2: org.apache.maven.enforcer.rules.version.RequireMavenVersion passed
2025-10-10T17:14:21.9121874Z [INFO] Rule 3: org.apache.maven.enforcer.rules.RequirePluginVersions passed
2025-10-10T17:14:21.9171249Z [INFO] 
2025-10-10T17:14:21.9172254Z [INFO] --- git-commit-id:9.0.2:revision (git-commit-id) @ mybatis ---
2025-10-10T17:14:22.8998841Z [INFO] 
2025-10-10T17:14:22.8999434Z [INFO] --- jacoco:0.8.13:prepare-agent (prepare-agent) @ mybatis ---
2025-10-10T17:14:22.9923615Z [INFO] argLine set to -javaagent:/home/runner/.m2/repository/org/jacoco/org.jacoco.agent/0.8.13/org.jacoco.agent-0.8.13-runtime.jar=destfile=/home/runner/work/mybatis-3/mybatis-3/target/jacoco.exec,excludes=org.apache.ibatis.ognl.*:org.apache.ibatis.javassist.* -Xmx2048m -javaagent:${settings.localRepository}/net/bytebuddy/byte-buddy-agent/1.17.8/byte-buddy-agent-1.17.8.jar
2025-10-10T17:14:22.9929979Z [INFO] 
2025-10-10T17:14:22.9934320Z [INFO] --- whitespace:1.5.0:trim (default) @ mybatis ---
2025-10-10T17:14:23.0189164Z [INFO] Processing the following extensions: 4gl,42m,c,cb,cfg,cpp,css,dat,groovy,h,html,ini,java,js,json,jsonp,jsp,jspx,jsx,ksh,kt,kts,md,mk,msg,pl,pm,properties,reg,scala,scss,sh,sql,toml,ts,tsx,wadl,wsdl,xhtml,xml,xsd,yaml,yml
2025-10-10T17:14:23.2077897Z [INFO] 
2025-10-10T17:14:23.2080411Z [INFO] --- formatter:2.29.0:format (default) @ mybatis ---
2025-10-10T17:14:29.0616807Z [INFO] Processed 1389 files in 5s683ms (Formatted: 0, Skipped: 0, Unchanged: 1389, Failed: 0, Readonly: 0)
2025-10-10T17:14:29.0621615Z [INFO] 
2025-10-10T17:14:29.0625166Z [INFO] --- impsort:1.12.0:sort (default) @ mybatis ---
2025-10-10T17:14:32.7077796Z [INFO] Processed 1389 files in 00:03.545 (Already Sorted: 1389, Needed Sorting: 0)
2025-10-10T17:14:32.7291997Z [INFO] 
2025-10-10T17:14:32.7300416Z [INFO] >>> rewrite:6.19.0:run (default) > process-test-classes @ mybatis >>>
2025-10-10T17:14:32.7315757Z [INFO] 
2025-10-10T17:14:32.7317728Z [INFO] --- enforcer:3.6.2:enforce (enforce-java) @ mybatis ---
2025-10-10T17:14:32.7549719Z [INFO] Rule 0: org.codehaus.mojo.extraenforcer.dependencies.EnforceBytecodeVersion passed
2025-10-10T17:14:32.7567436Z [INFO] Rule 3: org.apache.maven.enforcer.rules.RequirePluginVersions passed
2025-10-10T17:14:32.7569400Z [INFO] 
2025-10-10T17:14:32.7579224Z [INFO] --- git-commit-id:9.0.2:revision (git-commit-id) @ mybatis ---
2025-10-10T17:14:32.8838549Z [INFO] 
2025-10-10T17:14:32.8861419Z [INFO] --- jacoco:0.8.13:prepare-agent (prepare-agent) @ mybatis ---
2025-10-10T17:14:32.8864371Z [INFO] argLine set to -javaagent:/home/runner/.m2/repository/org/jacoco/org.jacoco.agent/0.8.13/org.jacoco.agent-0.8.13-runtime.jar=destfile=/home/runner/work/mybatis-3/mybatis-3/target/jacoco.exec,excludes=org.apache.ibatis.ognl.*:org.apache.ibatis.javassist.* -Xmx2048m -javaagent:${settings.localRepository}/net/bytebuddy/byte-buddy-agent/1.17.8/byte-buddy-agent-1.17.8.jar
2025-10-10T17:14:32.8867062Z [INFO] 
2025-10-10T17:14:32.8867612Z [INFO] --- whitespace:1.5.0:trim (default) @ mybatis ---
2025-10-10T17:14:32.8892509Z [INFO] Processing the following extensions: 4gl,42m,c,cb,cfg,cpp,css,dat,groovy,h,html,ini,java,js,json,jsonp,jsp,jspx,jsx,ksh,kt,kts,md,mk,msg,pl,pm,properties,reg,scala,scss,sh,sql,toml,ts,tsx,wadl,wsdl,xhtml,xml,xsd,yaml,yml
2025-10-10T17:14:32.9854696Z [INFO] 
2025-10-10T17:14:32.9868725Z [INFO] --- formatter:2.29.0:format (default) @ mybatis ---
2025-10-10T17:14:33.2108994Z [INFO] Processed 1389 files in 222ms (Formatted: 0, Skipped: 1389, Unchanged: 0, Failed: 0, Readonly: 0)
2025-10-10T17:14:33.2114526Z [INFO] 
2025-10-10T17:14:33.2117770Z [INFO] --- impsort:1.12.0:sort (default) @ mybatis ---
2025-10-10T17:14:33.3058863Z [INFO] Processed 1389 files in 00:00.089 (Already Sorted: 1389, Needed Sorting: 0)
2025-10-10T17:14:33.3062554Z [INFO] 
2025-10-10T17:14:33.3066652Z [INFO] --- license:5.0.0:format (default) @ mybatis ---
2025-10-10T17:14:33.3714760Z [INFO] License Plugin is Skipped
2025-10-10T17:14:33.3717437Z [INFO] 
2025-10-10T17:14:33.3718967Z [INFO] --- git-build-hook:3.6.0:install (default) @ mybatis ---
2025-10-10T17:14:33.4234728Z [INFO] 
2025-10-10T17:14:33.4237315Z [INFO] --- resources:3.3.1:resources (default-resources) @ mybatis ---
2025-10-10T17:14:33.4687861Z [INFO] Copying 4 resources from src/main/resources to target/classes
2025-10-10T17:14:33.5041614Z [INFO] Copying 2 resources from  to target/classes/META-INF
2025-10-10T17:14:33.5042475Z [INFO] 
2025-10-10T17:14:33.5050817Z [INFO] --- compiler:3.14.1:compile (default-compile) @ mybatis ---
2025-10-10T17:14:33.6742755Z [INFO] Compiling 389 source files with javac [debug parameters release 11] to target/classes
2025-10-10T17:14:38.2708761Z [WARNING] /home/runner/work/mybatis-3/mybatis-3/src/main/java/org/apache/ibatis/annotations/Arg.java:[75,54] org.apache.ibatis.type.UnknownTypeHandler in org.apache.ibatis.type has been deprecated and marked for removal
2025-10-10T17:14:38.2711828Z [WARNING] /home/runner/work/mybatis-3/mybatis-3/src/main/java/org/apache/ibatis/annotations/Result.java:[81,54] org.apache.ibatis.type.UnknownTypeHandler in org.apache.ibatis.type has been deprecated and marked for removal
2025-10-10T17:14:38.2714976Z [WARNING] /home/runner/work/mybatis-3/mybatis-3/src/main/java/org/apache/ibatis/builder/annotation/MapperAnnotationBuilder.java:[273,29] org.apache.ibatis.type.UnknownTypeHandler in org.apache.ibatis.type has been deprecated and marked for removal
2025-10-10T17:14:38.2722763Z [WARNING] /home/runner/work/mybatis-3/mybatis-3/src/main/java/org/apache/ibatis/builder/annotation/MapperAnnotationBuilder.java:[456,29] org.apache.ibatis.type.UnknownTypeHandler in org.apache.ibatis.type has been deprecated and marked for removal
2025-10-10T17:14:38.2725791Z [WARNING] /home/runner/work/mybatis-3/mybatis-3/src/main/java/org/apache/ibatis/builder/annotation/MapperAnnotationBuilder.java:[533,29] org.apache.ibatis.type.UnknownTypeHandler in org.apache.ibatis.type has been deprecated and marked for removal
2025-10-10T17:14:38.2728866Z [WARNING] /home/runner/work/mybatis-3/mybatis-3/src/main/java/org/apache/ibatis/annotations/TypeDiscriminator.java:[76,54] org.apache.ibatis.type.UnknownTypeHandler in org.apache.ibatis.type has been deprecated and marked for removal
2025-10-10T17:14:38.2731834Z [WARNING] /home/runner/work/mybatis-3/mybatis-3/src/main/java/org/apache/ibatis/builder/ResultMappingConstructorResolver.java:[259,62] org.apache.ibatis.type.UnknownTypeHandler in org.apache.ibatis.type has been deprecated and marked for removal
2025-10-10T17:14:38.2734134Z [INFO] /home/runner/work/mybatis-3/mybatis-3/src/main/java/org/apache/ibatis/session/Configuration.java: Some input files use or override a deprecated API.
2025-10-10T17:14:38.2735828Z [INFO] /home/runner/work/mybatis-3/mybatis-3/src/main/java/org/apache/ibatis/session/Configuration.java: Recompile with -Xlint:deprecation for details.
2025-10-10T17:14:38.2737514Z [INFO] /home/runner/work/mybatis-3/mybatis-3/src/main/java/org/apache/ibatis/reflection/MetaObject.java: Some input files use unchecked or unsafe operations.
2025-10-10T17:14:38.2739171Z [INFO] /home/runner/work/mybatis-3/mybatis-3/src/main/java/org/apache/ibatis/reflection/MetaObject.java: Recompile with -Xlint:unchecked for details.
2025-10-10T17:14:38.2740535Z [INFO] 
2025-10-10T17:14:38.2740887Z [INFO] --- bnd:7.1.0:bnd-process (bnd-process) @ mybatis ---
2025-10-10T17:14:39.1289565Z [INFO] 
2025-10-10T17:14:39.1294525Z [INFO] --- resources:3.3.1:testResources (default-testResources) @ mybatis ---
2025-10-10T17:14:39.1514489Z [INFO] Copying 584 resources from src/test/resources to target/test-classes
2025-10-10T17:14:39.2354058Z [INFO] 
2025-10-10T17:14:39.2354635Z [INFO] --- compiler:3.14.1:testCompile (default-testCompile) @ mybatis ---
2025-10-10T17:14:39.2941752Z [INFO] Compiling 1000 source files with javac [debug parameters release 17] to target/test-classes
2025-10-10T17:14:45.4696216Z [WARNING] /home/runner/work/mybatis-3/mybatis-3/src/test/java/org/apache/ibatis/io/ResolverUtilTest.java:[61,5] java.security.AccessController in java.security has been deprecated and marked for removal
2025-10-10T17:14:45.4703988Z [WARNING] /home/runner/work/mybatis-3/mybatis-3/src/test/java/org/apache/ibatis/type/TypeHandlerRegistryTest.java:[95,24] <T>register(org.apache.ibatis.type.TypeReference<T>,org.apache.ibatis.type.TypeHandler<? extends T>) in org.apache.ibatis.type.TypeHandlerRegistry has been deprecated and marked for removal
2025-10-10T17:14:45.4709616Z [WARNING] /home/runner/work/mybatis-3/mybatis-3/src/test/java/org/apache/ibatis/type/TypeHandlerRegistryTest.java:[96,48] <T>getTypeHandler(org.apache.ibatis.type.TypeReference<T>) in org.apache.ibatis.type.TypeHandlerRegistry has been deprecated and marked for removal
2025-10-10T17:14:45.4719873Z [WARNING] /home/runner/work/mybatis-3/mybatis-3/src/test/java/org/apache/ibatis/type/TypeHandlerRegistryTest.java:[130,48] <T>getTypeHandler(org.apache.ibatis.type.TypeReference<T>) in org.apache.ibatis.type.TypeHandlerRegistry has been deprecated and marked for removal
2025-10-10T17:14:45.4734776Z [WARNING] /home/runner/work/mybatis-3/mybatis-3/src/test/java/org/apache/ibatis/type/UnknownTypeHandlerTest.java:[34,67] org.apache.ibatis.type.UnknownTypeHandler in org.apache.ibatis.type has been deprecated and marked for removal
2025-10-10T17:14:45.4737621Z [WARNING] /home/runner/work/mybatis-3/mybatis-3/src/test/java/org/apache/ibatis/type/UnknownTypeHandlerTest.java:[109,55] org.apache.ibatis.type.UnknownTypeHandler in org.apache.ibatis.type has been deprecated and marked for removal
2025-10-10T17:14:45.4740504Z [WARNING] /home/runner/work/mybatis-3/mybatis-3/src/test/java/org/apache/ibatis/type/UnknownTypeHandlerTest.java:[122,55] org.apache.ibatis.type.UnknownTypeHandler in org.apache.ibatis.type has been deprecated and marked for removal
2025-10-10T17:14:45.4743581Z [WARNING] /home/runner/work/mybatis-3/mybatis-3/src/test/java/org/apache/ibatis/type/UnknownTypeHandlerTest.java:[134,55] org.apache.ibatis.type.UnknownTypeHandler in org.apache.ibatis.type has been deprecated and marked for removal
2025-10-10T17:14:45.4746328Z [WARNING] /home/runner/work/mybatis-3/mybatis-3/src/test/java/org/apache/ibatis/type/UnknownTypeHandlerTest.java:[146,55] org.apache.ibatis.type.UnknownTypeHandler in org.apache.ibatis.type has been deprecated and marked for removal
2025-10-10T17:14:45.4748627Z [INFO] /home/runner/work/mybatis-3/mybatis-3/src/test/java/org/apache/ibatis/jdbc/SelectBuilderTest.java: Some input files use or override a deprecated API.
2025-10-10T17:14:45.4750565Z [INFO] /home/runner/work/mybatis-3/mybatis-3/src/test/java/org/apache/ibatis/jdbc/SelectBuilderTest.java: Recompile with -Xlint:deprecation for details.
2025-10-10T17:14:45.4752413Z [INFO] /home/runner/work/mybatis-3/mybatis-3/src/test/java/org/apache/ibatis/builder/XmlConfigBuilderTest.java: Some input files use unchecked or unsafe operations.
2025-10-10T17:14:45.4754423Z [INFO] /home/runner/work/mybatis-3/mybatis-3/src/test/java/org/apache/ibatis/builder/XmlConfigBuilderTest.java: Recompile with -Xlint:unchecked for details.
2025-10-10T17:14:45.4755639Z [INFO] 
2025-10-10T17:14:45.4756093Z [INFO] <<< rewrite:6.19.0:run (default) < process-test-classes @ mybatis <<<
2025-10-10T17:14:45.4756862Z [INFO] 
2025-10-10T17:14:45.4757111Z [INFO] 
2025-10-10T17:14:45.4757443Z [INFO] --- rewrite:6.19.0:run (default) @ mybatis ---
2025-10-10T17:14:45.7292569Z [INFO] Using active recipe(s) [org.openrewrite.java.RemoveUnusedImports]
2025-10-10T17:14:45.7296831Z [INFO] Using active styles(s) []
2025-10-10T17:14:45.7827209Z [INFO] Validating active recipes...
2025-10-10T17:14:49.4486634Z [INFO] Project [mybatis] Resolving Poms...
2025-10-10T17:14:50.2036481Z [INFO] Project [mybatis] Parsing source files
2025-10-10T17:15:05.0324423Z [INFO] Running recipe(s)...
2025-10-10T17:15:05.9290992Z [INFO] 
2025-10-10T17:15:05.9291451Z [INFO] --- license:5.0.0:format (default) @ mybatis ---
2025-10-10T17:15:05.9318727Z [INFO] License Plugin is Skipped
2025-10-10T17:15:05.9320313Z [INFO] 
2025-10-10T17:15:05.9321059Z [INFO] --- git-build-hook:3.6.0:install (default) @ mybatis ---
2025-10-10T17:15:05.9328808Z [INFO] 
2025-10-10T17:15:05.9329588Z [INFO] --- resources:3.3.1:resources (default-resources) @ mybatis ---
2025-10-10T17:15:05.9348297Z [INFO] Copying 4 resources from src/main/resources to target/classes
2025-10-10T17:15:05.9488620Z [INFO] Copying 2 resources from  to target/classes/META-INF
2025-10-10T17:15:05.9494986Z [INFO] 
2025-10-10T17:15:05.9495646Z [INFO] --- compiler:3.14.1:compile (default-compile) @ mybatis ---
2025-10-10T17:15:05.9661538Z [INFO] Nothing to compile - all classes are up to date.
2025-10-10T17:15:05.9667703Z [INFO] 
2025-10-10T17:15:05.9668167Z [INFO] --- bnd:7.1.0:bnd-process (bnd-process) @ mybatis ---
2025-10-10T17:15:06.2220569Z [INFO] 
2025-10-10T17:15:06.2225528Z [INFO] --- resources:3.3.1:testResources (default-testResources) @ mybatis ---
2025-10-10T17:15:06.2417882Z [INFO] Copying 584 resources from src/test/resources to target/test-classes
2025-10-10T17:15:06.2587526Z [INFO] 
2025-10-10T17:15:06.2600947Z [INFO] --- compiler:3.14.1:testCompile (default-testCompile) @ mybatis ---
2025-10-10T17:15:06.3991646Z [INFO] Nothing to compile - all classes are up to date.
2025-10-10T17:15:06.3992527Z [INFO] 
2025-10-10T17:15:06.3993093Z [INFO] --- surefire:3.5.4:test (default-test) @ mybatis ---
2025-10-10T17:15:06.5323275Z [INFO] Using auto detected provider org.apache.maven.surefire.junitplatform.JUnitPlatformProvider
2025-10-10T17:15:06.5555849Z [INFO] 
2025-10-10T17:15:06.5558469Z [INFO] -------------------------------------------------------
2025-10-10T17:15:06.5561938Z [INFO]  T E S T S
2025-10-10T17:15:06.5565022Z [INFO] -------------------------------------------------------
2025-10-10T17:15:09.7169587Z [INFO] Running org.apache.ibatis.exceptions.GeneralExceptionsTest
2025-10-10T17:15:09.8801005Z [INFO] Tests run: 2, Failures: 0, Errors: 0, Skipped: 0, Time elapsed: 0.132 s -- in org.apache.ibatis.exceptions.GeneralExceptionsTest
2025-10-10T17:15:09.8831297Z [INFO] Running org.apache.ibatis.mapping.BoundSqlTest
2025-10-10T17:15:09.9304563Z [INFO] Tests run: 1, Failures: 0, Errors: 0, Skipped: 0, Time elapsed: 0.072 s -- in org.apache.ibatis.mapping.BoundSqlTest
2025-10-10T17:15:09.9305612Z [INFO] Running org.apache.ibatis.mapping.CacheBuilderTest
2025-10-10T17:15:10.1882838Z 17:15:09,960 |-INFO in ch.qos.logback.classic.LoggerContext[default] - This is logback-classic version 1.5.19
2025-10-10T17:15:10.1884170Z 17:15:09,961 |-INFO in ch.qos.logback.classic.util.ContextInitializer@1ecd09d5 - No custom configurators were discovered as a service.
2025-10-10T17:15:10.1885803Z 17:15:09,961 |-INFO in ch.qos.logback.classic.util.ContextInitializer@1ecd09d5 - Trying to configure with ch.qos.logback.classic.joran.SerializedModelConfigurator
2025-10-10T17:15:10.1887736Z 17:15:09,962 |-INFO in ch.qos.logback.classic.util.ContextInitializer@1ecd09d5 - Constructed configurator of type class ch.qos.logback.classic.joran.SerializedModelConfigurator
2025-10-10T17:15:10.1889353Z 17:15:09,962 |-INFO in ch.qos.logback.classic.LoggerContext[default] - Could NOT find resource [logback-test.scmo]
2025-10-10T17:15:10.1890670Z 17:15:09,962 |-INFO in ch.qos.logback.classic.LoggerContext[default] - Could NOT find resource [logback.scmo]
2025-10-10T17:15:10.1892870Z 17:15:09,966 |-INFO in ch.qos.logback.classic.util.ContextInitializer@1ecd09d5 - ch.qos.logback.classic.joran.SerializedModelConfigurator.configure() call lasted 1 milliseconds. ExecutionStatus=INVOKE_NEXT_IF_ANY
2025-10-10T17:15:10.1894995Z 17:15:09,966 |-INFO in ch.qos.logback.classic.util.ContextInitializer@1ecd09d5 - Trying to configure with ch.qos.logback.classic.util.DefaultJoranConfigurator
2025-10-10T17:15:10.1896700Z 17:15:09,967 |-INFO in ch.qos.logback.classic.util.ContextInitializer@1ecd09d5 - Constructed configurator of type class ch.qos.logback.classic.util.DefaultJoranConfigurator
2025-10-10T17:15:10.1898697Z 17:15:09,969 |-INFO in ch.qos.logback.classic.LoggerContext[default] - Found resource [logback-test.xml] at [file:/home/runner/work/mybatis-3/mybatis-3/target/test-classes/logback-test.xml]
2025-10-10T17:15:10.1900696Z 17:15:10,037 |-WARN in ch.qos.logback.classic.joran.action.LevelAction - <level> element is deprecated. Near [level] on line 31
2025-10-10T17:15:10.1902116Z 17:15:10,037 |-WARN in ch.qos.logback.classic.joran.action.LevelAction - Please use "level" attribute within <logger> or <root> elements instead.
2025-10-10T17:15:10.1903538Z 17:15:10,037 |-WARN in ch.qos.logback.classic.joran.action.LevelAction - <level> element is deprecated. Near [level] on line 34
2025-10-10T17:15:10.1904934Z 17:15:10,037 |-WARN in ch.qos.logback.classic.joran.action.LevelAction - Please use "level" attribute within <logger> or <root> elements instead.
2025-10-10T17:15:10.1906340Z 17:15:10,037 |-WARN in ch.qos.logback.classic.joran.action.LevelAction - <level> element is deprecated. Near [level] on line 37
2025-10-10T17:15:10.1907723Z 17:15:10,037 |-WARN in ch.qos.logback.classic.joran.action.LevelAction - Please use "level" attribute within <logger> or <root> elements instead.
2025-10-10T17:15:10.1909662Z 17:15:10,086 |-INFO in ch.qos.logback.classic.model.processor.ConfigurationModelHandlerFull - Main configuration file URL: file:/home/runner/work/mybatis-3/mybatis-3/target/test-classes/logback-test.xml
2025-10-10T17:15:10.1912403Z 17:15:10,086 |-INFO in ch.qos.logback.classic.model.processor.ConfigurationModelHandlerFull - FileWatchList= {/home/runner/work/mybatis-3/mybatis-3/target/test-classes/logback-test.xml}
2025-10-10T17:15:10.1914131Z 17:15:10,086 |-INFO in ch.qos.logback.classic.model.processor.ConfigurationModelHandlerFull - URLWatchList= {}
2025-10-10T17:15:10.1915400Z 17:15:10,093 |-INFO in ch.qos.logback.core.model.processor.AppenderModelHandler - Processing appender named [stdout]
2025-10-10T17:15:10.1916919Z 17:15:10,093 |-INFO in ch.qos.logback.core.model.processor.AppenderModelHandler - About to instantiate appender of type [ch.qos.logback.core.ConsoleAppender]
2025-10-10T17:15:10.1919218Z 17:15:10,104 |-INFO in ch.qos.logback.core.model.processor.ImplicitModelHandler - Assuming default type [ch.qos.logback.classic.encoder.PatternLayoutEncoder] for [encoder] property
2025-10-10T17:15:10.1921121Z 17:15:10,150 |-INFO in ch.qos.logback.core.ConsoleAppender[stdout] - NOTE: Writing to the console can be slow. Try to avoid logging to the 
2025-10-10T17:15:10.1922466Z 17:15:10,150 |-INFO in ch.qos.logback.core.ConsoleAppender[stdout] - console in production environments, especially in high volume systems.
2025-10-10T17:15:10.1923828Z 17:15:10,150 |-INFO in ch.qos.logback.core.ConsoleAppender[stdout] - See also https://logback.qos.ch/codes.html#slowConsole
2025-10-10T17:15:10.1925211Z 17:15:10,150 |-INFO in ch.qos.logback.core.model.processor.AppenderModelHandler - Processing appender named [lastEventSavedAppender]
2025-10-10T17:15:10.1927244Z 17:15:10,150 |-INFO in ch.qos.logback.core.model.processor.AppenderModelHandler - About to instantiate appender of type [org.apache.ibatis.session.AutoMappingUnknownColumnBehaviorTest$LastEventSavedAppender]
2025-10-10T17:15:10.1929164Z 17:15:10,151 |-INFO in ch.qos.logback.classic.model.processor.LevelModelHandler - org.apache.ibatis level set to ERROR
2025-10-10T17:15:10.1930889Z 17:15:10,151 |-INFO in ch.qos.logback.classic.model.processor.LevelModelHandler - org.apache.ibatis.logging level set to DEBUG
2025-10-10T17:15:10.1932525Z 17:15:10,151 |-INFO in ch.qos.logback.classic.model.processor.LevelModelHandler - org.apache.ibatis.session.AutoMappingUnknownColumnBehavior level set to WARN
2025-10-10T17:15:10.1934682Z 17:15:10,152 |-INFO in ch.qos.logback.core.model.processor.AppenderRefModelHandler - Attaching appender named [lastEventSavedAppender] to Logger[org.apache.ibatis.session.AutoMappingUnknownColumnBehavior]
2025-10-10T17:15:10.1936583Z 17:15:10,153 |-INFO in ch.qos.logback.classic.model.processor.RootLoggerModelHandler - Setting level of ROOT logger to ERROR
2025-10-10T17:15:10.1937993Z 17:15:10,153 |-INFO in ch.qos.logback.core.model.processor.AppenderRefModelHandler - Attaching appender named [stdout] to Logger[ROOT]
2025-10-10T17:15:10.1939334Z 17:15:10,153 |-INFO in ch.qos.logback.core.model.processor.DefaultProcessor@36f438f1 - End of configuration.
2025-10-10T17:15:10.1940867Z 17:15:10,154 |-INFO in ch.qos.logback.classic.joran.JoranConfigurator@53654b2d - Registering current configuration as safe fallback point
2025-10-10T17:15:10.1942898Z 17:15:10,154 |-INFO in ch.qos.logback.classic.util.ContextInitializer@1ecd09d5 - ch.qos.logback.classic.util.DefaultJoranConfigurator.configure() call lasted 187 milliseconds. ExecutionStatus=DO_NOT_INVOKE_NEXT_IF_ANY
2025-10-10T17:15:10.1944303Z 
2025-10-10T17:15:10.1949161Z 17:15:10.165 DEBUG [main] o.apache.ibatis.logging.LogFactory - Logging initialized using 'class org.apache.ibatis.logging.slf4j.Slf4jImpl' adapter.
2025-10-10T17:15:10.2994482Z [INFO] Tests run: 2, Failures: 0, Errors: 0, Skipped: 0, Time elapsed: 0.348 s -- in org.apache.ibatis.mapping.CacheBuilderTest
2025-10-10T17:15:10.2995544Z [INFO] Running org.apache.ibatis.mapping.ResultMappingTest
2025-10-10T17:15:11.3545984Z [INFO] Tests run: 4, Failures: 0, Errors: 0, Skipped: 0, Time elapsed: 1.051 s -- in org.apache.ibatis.mapping.ResultMappingTest
2025-10-10T17:15:11.3562979Z [INFO] Running org.apache.ibatis.mapping.VendorDatabaseIdProviderTest
2025-10-10T17:15:11.5893091Z [INFO] Tests run: 6, Failures: 0, Errors: 0, Skipped: 0, Time elapsed: 0.239 s -- in org.apache.ibatis.mapping.VendorDatabaseIdProviderTest
2025-10-10T17:15:11.5894641Z [INFO] Running org.apache.ibatis.immutable.ImmutableConstructorTest
2025-10-10T17:15:14.9718838Z [INFO] Tests run: 5, Failures: 0, Errors: 0, Skipped: 0, Time elapsed: 3.374 s -- in org.apache.ibatis.immutable.ImmutableConstructorTest
2025-10-10T17:15:14.9722030Z [INFO] Running org.apache.ibatis.reflection.ArrayUtilTest
2025-10-10T17:15:14.9779017Z [INFO] Tests run: 3, Failures: 0, Errors: 0, Skipped: 0, Time elapsed: 0.005 s -- in org.apache.ibatis.reflection.ArrayUtilTest
2025-10-10T17:15:14.9784722Z [INFO] Running org.apache.ibatis.reflection.MetaObjectTest
2025-10-10T17:15:15.0195967Z [INFO] Tests run: 24, Failures: 0, Errors: 0, Skipped: 0, Time elapsed: 0.047 s -- in org.apache.ibatis.reflection.MetaObjectTest
2025-10-10T17:15:15.0197610Z [INFO] Running org.apache.ibatis.reflection.ParamNameResolverTest
2025-10-10T17:15:15.0312404Z [INFO] Tests run: 3, Failures: 0, Errors: 0, Skipped: 0, Time elapsed: 0.006 s -- in org.apache.ibatis.reflection.ParamNameResolverTest
2025-10-10T17:15:15.0319698Z [INFO] Running org.apache.ibatis.reflection.ExceptionUtilTest
2025-10-10T17:15:15.0383930Z [INFO] Tests run: 1, Failures: 0, Errors: 0, Skipped: 0, Time elapsed: 0.002 s -- in org.apache.ibatis.reflection.ExceptionUtilTest
2025-10-10T17:15:15.0387618Z [INFO] Running org.apache.ibatis.reflection.MetaClassTest
2025-10-10T17:15:15.0533419Z [INFO] Tests run: 8, Failures: 0, Errors: 0, Skipped: 0, Time elapsed: 0.021 s -- in org.apache.ibatis.reflection.MetaClassTest
2025-10-10T17:15:15.0538489Z [INFO] Running org.apache.ibatis.reflection.wrapper.MapWrapperUnitTest
2025-10-10T17:15:15.2138980Z [INFO] Tests run: 19, Failures: 0, Errors: 0, Skipped: 0, Time elapsed: 0.159 s -- in org.apache.ibatis.reflection.wrapper.MapWrapperUnitTest
2025-10-10T17:15:15.2141190Z [INFO] Running org.apache.ibatis.reflection.wrapper.CollectionWrapperUnitTest
2025-10-10T17:15:15.2902064Z [INFO] Tests run: 13, Failures: 0, Errors: 0, Skipped: 0, Time elapsed: 0.080 s -- in org.apache.ibatis.reflection.wrapper.CollectionWrapperUnitTest
2025-10-10T17:15:15.2907229Z [INFO] Running org.apache.ibatis.reflection.wrapper.BeanWrapperUnitTest
2025-10-10T17:15:15.3202366Z [INFO] Tests run: 19, Failures: 0, Errors: 0, Skipped: 0, Time elapsed: 0.026 s -- in org.apache.ibatis.reflection.wrapper.BeanWrapperUnitTest
2025-10-10T17:15:15.3228501Z [INFO] Running org.apache.ibatis.reflection.wrapper.MapWrapperTest
2025-10-10T17:15:15.4101773Z [INFO] Tests run: 9, Failures: 0, Errors: 0, Skipped: 0, Time elapsed: 0.087 s -- in org.apache.ibatis.reflection.wrapper.MapWrapperTest
2025-10-10T17:15:15.4110699Z [INFO] Running org.apache.ibatis.reflection.wrapper.BeanWrapperTest
2025-10-10T17:15:15.4291603Z [INFO] Tests run: 1, Failures: 0, Errors: 0, Skipped: 0, Time elapsed: 0.014 s -- in org.apache.ibatis.reflection.wrapper.BeanWrapperTest
2025-10-10T17:15:15.4292904Z [INFO] Running org.apache.ibatis.reflection.factory.DefaultObjectFactoryTest
2025-10-10T17:15:15.4327261Z [INFO] Tests run: 6, Failures: 0, Errors: 0, Skipped: 0, Time elapsed: 0.005 s -- in org.apache.ibatis.reflection.factory.DefaultObjectFactoryTest
2025-10-10T17:15:15.4328625Z [INFO] Running org.apache.ibatis.reflection.property.PropertyCopierTest
2025-10-10T17:15:15.4329854Z [INFO] Tests run: 1, Failures: 0, Errors: 0, Skipped: 0, Time elapsed: 0.002 s -- in org.apache.ibatis.reflection.property.PropertyCopierTest
2025-10-10T17:15:15.4331252Z [INFO] Running org.apache.ibatis.reflection.property.PropertyTokenizerTest
2025-10-10T17:15:15.4366346Z [INFO] Tests run: 3, Failures: 0, Errors: 0, Skipped: 0, Time elapsed: 0.007 s -- in org.apache.ibatis.reflection.property.PropertyTokenizerTest
2025-10-10T17:15:15.4378831Z [INFO] Running org.apache.ibatis.reflection.TypeParameterResolverTest
2025-10-10T17:15:15.5110625Z [INFO] Tests run: 45, Failures: 0, Errors: 0, Skipped: 0, Time elapsed: 0.063 s -- in org.apache.ibatis.reflection.TypeParameterResolverTest
2025-10-10T17:15:15.5111906Z [INFO] Running org.apache.ibatis.reflection.ReflectorTest
2025-10-10T17:15:15.5449195Z [INFO] Tests run: 19, Failures: 0, Errors: 0, Skipped: 0, Time elapsed: 0.038 s -- in org.apache.ibatis.reflection.ReflectorTest
2025-10-10T17:15:15.5502265Z [INFO] Running org.apache.ibatis.jdbc.ScriptRunnerTest
2025-10-10T17:15:15.6104199Z -- @DELIMITER |
2025-10-10T17:15:15.6104591Z line 1;
2025-10-10T17:15:15.6104860Z line 2;
2025-10-10T17:15:15.6105013Z 
2025-10-10T17:15:15.6105021Z 
2025-10-10T17:15:15.6105146Z //  @DELIMITER  ;
2025-10-10T17:15:15.6105435Z line 3
2025-10-10T17:15:15.6105594Z 
2025-10-10T17:15:15.6105725Z -- //@deLimiTer $  blah
2025-10-10T17:15:15.6106050Z line 4
2025-10-10T17:15:15.6106198Z 
2025-10-10T17:15:15.6106613Z // //@DELIMITER %
2025-10-10T17:15:15.6106906Z line 5
2025-10-10T17:15:15.6107051Z 
2025-10-10T17:15:16.1539602Z -- @DELIMITER ||
2025-10-10T17:15:16.1540435Z line 1;
2025-10-10T17:15:16.1540883Z line 2;
2025-10-10T17:15:16.1541180Z 
2025-10-10T17:15:16.1541382Z 
2025-10-10T17:15:16.1546632Z //  @DELIMITER  ;
2025-10-10T17:15:16.1557513Z line 3
2025-10-10T17:15:16.1557749Z 
2025-10-10T17:15:16.3038908Z [WARNING] Tests run: 12, Failures: 0, Errors: 0, Skipped: 1, Time elapsed: 0.749 s -- in org.apache.ibatis.jdbc.ScriptRunnerTest
2025-10-10T17:15:16.3040707Z [INFO] Running org.apache.ibatis.jdbc.PooledDataSourceTest
2025-10-10T17:15:16.3167899Z [INFO] Tests run: 3, Failures: 0, Errors: 0, Skipped: 0, Time elapsed: 0.021 s -- in org.apache.ibatis.jdbc.PooledDataSourceTest
2025-10-10T17:15:16.3175433Z [INFO] Running org.apache.ibatis.jdbc.SelectBuilderTest
2025-10-10T17:15:16.3273118Z [INFO] Tests run: 5, Failures: 0, Errors: 0, Skipped: 0, Time elapsed: 0.008 s -- in org.apache.ibatis.jdbc.SelectBuilderTest
2025-10-10T17:15:16.3278624Z [INFO] Running org.apache.ibatis.jdbc.SQLTest
2025-10-10T17:15:16.3836859Z [INFO] Tests run: 38, Failures: 0, Errors: 0, Skipped: 0, Time elapsed: 0.054 s -- in org.apache.ibatis.jdbc.SQLTest
2025-10-10T17:15:16.3838765Z [INFO] Running org.apache.ibatis.jdbc.SqlRunnerTest
2025-10-10T17:15:16.6792788Z [INFO] Tests run: 6, Failures: 0, Errors: 0, Skipped: 0, Time elapsed: 0.296 s -- in org.apache.ibatis.jdbc.SqlRunnerTest
2025-10-10T17:15:16.6794102Z [INFO] Running org.apache.ibatis.jdbc.NullTest
2025-10-10T17:15:16.6826984Z [INFO] Tests run: 1, Failures: 0, Errors: 0, Skipped: 0, Time elapsed: 0.001 s -- in org.apache.ibatis.jdbc.NullTest
2025-10-10T17:15:16.6842330Z [INFO] Running org.apache.ibatis.jdbc.SqlBuilderTest
2025-10-10T17:15:16.6887874Z [INFO] Tests run: 5, Failures: 0, Errors: 0, Skipped: 0, Time elapsed: 0.008 s -- in org.apache.ibatis.jdbc.SqlBuilderTest
2025-10-10T17:15:16.6889080Z [INFO] Running org.apache.ibatis.executor.BatchExecutorTest
2025-10-10T17:15:17.1202890Z [INFO] Tests run: 23, Failures: 0, Errors: 0, Skipped: 0, Time elapsed: 0.428 s -- in org.apache.ibatis.executor.BatchExecutorTest
2025-10-10T17:15:17.1204662Z [INFO] Running org.apache.ibatis.executor.CachingReuseExecutorTest
2025-10-10T17:15:17.4191441Z [INFO] Tests run: 23, Failures: 0, Errors: 0, Skipped: 0, Time elapsed: 0.302 s -- in org.apache.ibatis.executor.CachingReuseExecutorTest
2025-10-10T17:15:17.4192629Z [INFO] Running org.apache.ibatis.executor.loader.JavassistProxyTest
2025-10-10T17:15:18.6155719Z [INFO] Tests run: 15, Failures: 0, Errors: 0, Skipped: 0, Time elapsed: 1.198 s -- in org.apache.ibatis.executor.loader.JavassistProxyTest
2025-10-10T17:15:18.6161988Z [INFO] Running org.apache.ibatis.executor.CachingSimpleExecutorTest
2025-10-10T17:15:18.8758283Z [INFO] Tests run: 23, Failures: 0, Errors: 0, Skipped: 0, Time elapsed: 0.256 s -- in org.apache.ibatis.executor.CachingSimpleExecutorTest
2025-10-10T17:15:18.8759827Z [INFO] Running org.apache.ibatis.executor.ReuseExecutorTest
2025-10-10T17:15:19.1300819Z [INFO] Tests run: 23, Failures: 0, Errors: 0, Skipped: 0, Time elapsed: 0.257 s -- in org.apache.ibatis.executor.ReuseExecutorTest
2025-10-10T17:15:19.1301918Z [INFO] Running org.apache.ibatis.executor.ResultExtractorTest
2025-10-10T17:15:19.1992876Z [INFO] Tests run: 6, Failures: 0, Errors: 0, Skipped: 0, Time elapsed: 0.065 s -- in org.apache.ibatis.executor.ResultExtractorTest
2025-10-10T17:15:19.1997466Z [INFO] Running org.apache.ibatis.executor.resultset.DefaultResultSetHandlerTest
2025-10-10T17:15:19.3824149Z [INFO] Tests run: 2, Failures: 0, Errors: 0, Skipped: 0, Time elapsed: 0.186 s -- in org.apache.ibatis.executor.resultset.DefaultResultSetHandlerTest
2025-10-10T17:15:19.3830801Z [INFO] Running org.apache.ibatis.executor.ErrorContextTest
2025-10-10T17:15:19.3858448Z [INFO] Tests run: 2, Failures: 0, Errors: 0, Skipped: 0, Time elapsed: 0.002 s -- in org.apache.ibatis.executor.ErrorContextTest
2025-10-10T17:15:19.3863154Z [INFO] Running org.apache.ibatis.executor.BaseExecutorTest
2025-10-10T17:15:19.6229532Z [INFO] Tests run: 22, Failures: 0, Errors: 0, Skipped: 0, Time elapsed: 0.236 s -- in org.apache.ibatis.executor.BaseExecutorTest
2025-10-10T17:15:19.6239511Z [INFO] Running org.apache.ibatis.executor.statement.BaseStatementHandlerTest
2025-10-10T17:15:19.6663040Z [INFO] Tests run: 12, Failures: 0, Errors: 0, Skipped: 0, Time elapsed: 0.040 s -- in org.apache.ibatis.executor.statement.BaseStatementHandlerTest
2025-10-10T17:15:19.6665567Z [INFO] Running org.apache.ibatis.executor.CachingBatchExecutorTest
2025-10-10T17:15:19.9035229Z [INFO] Tests run: 23, Failures: 0, Errors: 0, Skipped: 0, Time elapsed: 0.239 s -- in org.apache.ibatis.executor.CachingBatchExecutorTest
2025-10-10T17:15:19.9037304Z [INFO] Running org.apache.ibatis.submitted.parametrizedlist.ParametrizedListTest
2025-10-10T17:15:19.9774525Z [INFO] Tests run: 4, Failures: 0, Errors: 0, Skipped: 0, Time elapsed: 0.072 s -- in org.apache.ibatis.submitted.parametrizedlist.ParametrizedListTest
2025-10-10T17:15:19.9778296Z [INFO] Running org.apache.ibatis.submitted.ognl_enum.EnumWithOgnlTest
2025-10-10T17:15:20.0583318Z [INFO] Tests run: 4, Failures: 0, Errors: 0, Skipped: 0, Time elapsed: 0.082 s -- in org.apache.ibatis.submitted.ognl_enum.EnumWithOgnlTest
2025-10-10T17:15:20.0601271Z [INFO] Running org.apache.ibatis.submitted.duplicate_statements.DuplicateStatementsTest
2025-10-10T17:15:20.1209801Z [WARNING] Tests run: 5, Failures: 0, Errors: 0, Skipped: 2, Time elapsed: 0.063 s -- in org.apache.ibatis.submitted.duplicate_statements.DuplicateStatementsTest
2025-10-10T17:15:20.1215492Z [INFO] Running org.apache.ibatis.submitted.camelcase.CamelCaseMappingTest
2025-10-10T17:15:20.1537899Z [INFO] Tests run: 2, Failures: 0, Errors: 0, Skipped: 0, Time elapsed: 0.032 s -- in org.apache.ibatis.submitted.camelcase.CamelCaseMappingTest
2025-10-10T17:15:20.1543214Z [INFO] Running org.apache.ibatis.submitted.dml_return_types.DmlMapperReturnTypesTest
2025-10-10T17:15:20.2015371Z [INFO] Tests run: 7, Failures: 0, Errors: 0, Skipped: 0, Time elapsed: 0.046 s -- in org.apache.ibatis.submitted.dml_return_types.DmlMapperReturnTypesTest
2025-10-10T17:15:20.2024656Z [INFO] Running org.apache.ibatis.submitted.mapper_type_parameter.MapperTypeParameterTest
2025-10-10T17:15:20.2650431Z [INFO] Tests run: 6, Failures: 0, Errors: 0, Skipped: 0, Time elapsed: 0.063 s -- in org.apache.ibatis.submitted.mapper_type_parameter.MapperTypeParameterTest
2025-10-10T17:15:20.2652248Z [INFO] Running org.apache.ibatis.submitted.lazyload_proxyfactory_comparison.JavassistLazyTest
2025-10-10T17:15:20.2743007Z [WARNING] Tests run: 6, Failures: 0, Errors: 0, Skipped: 6, Time elapsed: 0.004 s -- in org.apache.ibatis.submitted.lazyload_proxyfactory_comparison.JavassistLazyTest
2025-10-10T17:15:20.2744953Z [INFO] Running org.apache.ibatis.submitted.lazyload_proxyfactory_comparison.DefaultLazyTest
2025-10-10T17:15:20.4082259Z [INFO] Tests run: 6, Failures: 0, Errors: 0, Skipped: 0, Time elapsed: 0.136 s -- in org.apache.ibatis.submitted.lazyload_proxyfactory_comparison.DefaultLazyTest
2025-10-10T17:15:20.4094115Z [INFO] Running org.apache.ibatis.submitted.ognlstatic.OgnlStaticTest
2025-10-10T17:15:20.4409819Z [INFO] Tests run: 1, Failures: 0, Errors: 0, Skipped: 0, Time elapsed: 0.038 s -- in org.apache.ibatis.submitted.ognlstatic.OgnlStaticTest
2025-10-10T17:15:20.4414785Z [INFO] Running org.apache.ibatis.submitted.results_id.ResultsIdTest
2025-10-10T17:15:20.4979343Z [INFO] Tests run: 4, Failures: 0, Errors: 0, Skipped: 0, Time elapsed: 0.048 s -- in org.apache.ibatis.submitted.results_id.ResultsIdTest
2025-10-10T17:15:20.4991039Z [INFO] Running org.apache.ibatis.submitted.results_id.IdConflictTest
2025-10-10T17:15:20.5000552Z [INFO] Tests run: 1, Failures: 0, Errors: 0, Skipped: 0, Time elapsed: 0.005 s -- in org.apache.ibatis.submitted.results_id.IdConflictTest
2025-10-10T17:15:20.5001860Z [INFO] Running org.apache.ibatis.submitted.enum_interface_type_handler.EnumInterfaceTypeHandlerTest
2025-10-10T17:15:20.5316169Z [INFO] Tests run: 3, Failures: 0, Errors: 0, Skipped: 0, Time elapsed: 0.036 s -- in org.apache.ibatis.submitted.enum_interface_type_handler.EnumInterfaceTypeHandlerTest
2025-10-10T17:15:20.5334205Z [INFO] Running org.apache.ibatis.submitted.named_constructor_args.NamedConstructorArgsTest
2025-10-10T17:15:20.5844822Z [INFO] Tests run: 2, Failures: 0, Errors: 0, Skipped: 0, Time elapsed: 0.048 s -- in org.apache.ibatis.submitted.named_constructor_args.NamedConstructorArgsTest
2025-10-10T17:15:20.5849866Z [INFO] Running org.apache.ibatis.submitted.named_constructor_args.InvalidNamedConstructorArgsTest
2025-10-10T17:15:20.6031965Z [INFO] Tests run: 3, Failures: 0, Errors: 0, Skipped: 0, Time elapsed: 0.015 s -- in org.apache.ibatis.submitted.named_constructor_args.InvalidNamedConstructorArgsTest
2025-10-10T17:15:20.6056344Z [INFO] Running org.apache.ibatis.submitted.named_constructor_args.NamedConstructorArgsUseActualNameTest
2025-10-10T17:15:20.6216201Z [INFO] Tests run: 2, Failures: 0, Errors: 0, Skipped: 0, Time elapsed: 0.019 s -- in org.apache.ibatis.submitted.named_constructor_args.NamedConstructorArgsUseActualNameTest
2025-10-10T17:15:20.6221244Z [INFO] Running org.apache.ibatis.submitted.empty_row.ReturnInstanceForEmptyRowTest
2025-10-10T17:15:20.6722589Z [INFO] Tests run: 11, Failures: 0, Errors: 0, Skipped: 0, Time elapsed: 0.047 s -- in org.apache.ibatis.submitted.empty_row.ReturnInstanceForEmptyRowTest
2025-10-10T17:15:20.6726326Z [INFO] Running org.apache.ibatis.submitted.foreach.ForEachTest
2025-10-10T17:15:20.7313413Z [INFO] Tests run: 12, Failures: 0, Errors: 0, Skipped: 0, Time elapsed: 0.058 s -- in org.apache.ibatis.submitted.foreach.ForEachTest
2025-10-10T17:15:20.7314942Z [INFO] Running org.apache.ibatis.submitted.uuid_test.UUIDTest
2025-10-10T17:15:20.7596151Z [INFO] Tests run: 2, Failures: 0, Errors: 0, Skipped: 0, Time elapsed: 0.028 s -- in org.apache.ibatis.submitted.uuid_test.UUIDTest
2025-10-10T17:15:20.7625835Z [INFO] Running org.apache.ibatis.submitted.initialized_collection_property.AuthorDAOTest
2025-10-10T17:15:20.7926117Z [WARNING] Tests run: 2, Failures: 0, Errors: 0, Skipped: 1, Time elapsed: 0.028 s -- in org.apache.ibatis.submitted.initialized_collection_property.AuthorDAOTest
2025-10-10T17:15:20.7931063Z [INFO] Running org.apache.ibatis.submitted.language.LanguageTest
2025-10-10T17:15:20.9970993Z [INFO] Tests run: 11, Failures: 0, Errors: 0, Skipped: 0, Time elapsed: 0.205 s -- in org.apache.ibatis.submitted.language.LanguageTest
2025-10-10T17:15:20.9975986Z [INFO] Running org.apache.ibatis.submitted.column_order_based_constructor_automapping.ColumnOrderBasedConstructorAutomappingTest
2025-10-10T17:15:21.0261999Z [INFO] Tests run: 4, Failures: 0, Errors: 0, Skipped: 0, Time elapsed: 0.028 s -- in org.apache.ibatis.submitted.column_order_based_constructor_automapping.ColumnOrderBasedConstructorAutomappingTest
2025-10-10T17:15:21.0272040Z [INFO] Running org.apache.ibatis.submitted.null_associations.FooMapperTest
2025-10-10T17:15:21.0642095Z [INFO] Tests run: 2, Failures: 0, Errors: 0, Skipped: 0, Time elapsed: 0.039 s -- in org.apache.ibatis.submitted.null_associations.FooMapperTest
2025-10-10T17:15:21.0647554Z [INFO] Running org.apache.ibatis.submitted.array_type_handler.ArrayTypeHandlerTest
2025-10-10T17:15:21.1032300Z [INFO] Tests run: 2, Failures: 0, Errors: 0, Skipped: 0, Time elapsed: 0.038 s -- in org.apache.ibatis.submitted.array_type_handler.ArrayTypeHandlerTest
2025-10-10T17:15:21.1054122Z [INFO] Running org.apache.ibatis.submitted.ancestor_ref.AncestorRefTest
2025-10-10T17:15:21.1525836Z [INFO] Tests run: 3, Failures: 0, Errors: 0, Skipped: 0, Time elapsed: 0.047 s -- in org.apache.ibatis.submitted.ancestor_ref.AncestorRefTest
2025-10-10T17:15:21.1563952Z [INFO] Running org.apache.ibatis.submitted.valueinmap.ValueInMapTest
2025-10-10T17:15:21.1785132Z [INFO] Tests run: 2, Failures: 0, Errors: 0, Skipped: 0, Time elapsed: 0.028 s -- in org.apache.ibatis.submitted.valueinmap.ValueInMapTest
2025-10-10T17:15:21.1791312Z [INFO] Running org.apache.ibatis.submitted.force_flush_on_select.ForceFlushOnSelectTest
2025-10-10T17:15:21.2677368Z [INFO] Tests run: 6, Failures: 0, Errors: 0, Skipped: 0, Time elapsed: 0.083 s -- in org.apache.ibatis.submitted.force_flush_on_select.ForceFlushOnSelectTest
2025-10-10T17:15:21.2686469Z [INFO] Running org.apache.ibatis.submitted.orphan_result_maps.OrphanResultMapTest
2025-10-10T17:15:21.2763056Z [INFO] Tests run: 2, Failures: 0, Errors: 0, Skipped: 0, Time elapsed: 0.012 s -- in org.apache.ibatis.submitted.orphan_result_maps.OrphanResultMapTest
2025-10-10T17:15:21.2781050Z [INFO] Running org.apache.ibatis.submitted.oracle_cursor.OracleCursorTest
2025-10-10T17:16:15.7150375Z [INFO] Tests run: 13, Failures: 0, Errors: 0, Skipped: 0, Time elapsed: 54.44 s -- in org.apache.ibatis.submitted.oracle_cursor.OracleCursorTest
2025-10-10T17:16:15.7157980Z [INFO] Running org.apache.ibatis.submitted.typehandler.TypeHandlerTest
2025-10-10T17:16:15.9283098Z [INFO] Tests run: 14, Failures: 0, Errors: 0, Skipped: 0, Time elapsed: 0.209 s -- in org.apache.ibatis.submitted.typehandler.TypeHandlerTest
2025-10-10T17:16:15.9284488Z [INFO] Running org.apache.ibatis.submitted.missing_id_property.MissingIdPropertyTest
2025-10-10T17:16:16.0093793Z [INFO] Tests run: 1, Failures: 0, Errors: 0, Skipped: 0, Time elapsed: 0.083 s -- in org.apache.ibatis.submitted.missing_id_property.MissingIdPropertyTest
2025-10-10T17:16:16.0098920Z [INFO] Running org.apache.ibatis.submitted.associationtest.AssociationTest
2025-10-10T17:16:16.0284418Z [INFO] Tests run: 4, Failures: 0, Errors: 0, Skipped: 0, Time elapsed: 0.019 s -- in org.apache.ibatis.submitted.associationtest.AssociationTest
2025-10-10T17:16:16.0286289Z [INFO] Running org.apache.ibatis.submitted.generictyperesolution.GenericTypeResolutionTest
2025-10-10T17:16:16.0680477Z [INFO] Tests run: 2, Failures: 0, Errors: 0, Skipped: 0, Time elapsed: 0.036 s -- in org.apache.ibatis.submitted.generictyperesolution.GenericTypeResolutionTest
2025-10-10T17:16:16.0701261Z [INFO] Running org.apache.ibatis.submitted.xml_external_ref.MultipleCrossIncludeTest
2025-10-10T17:16:16.1375109Z [INFO] Tests run: 3, Failures: 0, Errors: 0, Skipped: 0, Time elapsed: 0.070 s -- in org.apache.ibatis.submitted.xml_external_ref.MultipleCrossIncludeTest
2025-10-10T17:16:16.1396205Z [INFO] Running org.apache.ibatis.submitted.xml_external_ref.ResultMapReferenceTest
2025-10-10T17:16:16.1740584Z [INFO] Tests run: 2, Failures: 0, Errors: 0, Skipped: 0, Time elapsed: 0.028 s -- in org.apache.ibatis.submitted.xml_external_ref.ResultMapReferenceTest
2025-10-10T17:16:16.1742282Z [INFO] Running org.apache.ibatis.submitted.xml_external_ref.ResultMapExtendsTest
2025-10-10T17:16:16.1987671Z [INFO] Tests run: 2, Failures: 0, Errors: 0, Skipped: 0, Time elapsed: 0.027 s -- in org.apache.ibatis.submitted.xml_external_ref.ResultMapExtendsTest
2025-10-10T17:16:16.1993197Z [INFO] Running org.apache.ibatis.submitted.xml_external_ref.XmlExternalRefTest
2025-10-10T17:16:16.3041820Z [INFO] Tests run: 5, Failures: 0, Errors: 0, Skipped: 0, Time elapsed: 0.103 s -- in org.apache.ibatis.submitted.xml_external_ref.XmlExternalRefTest
2025-10-10T17:16:16.3062620Z [INFO] Running org.apache.ibatis.submitted.xml_external_ref.ParameterMapReferenceTest
2025-10-10T17:16:16.3343539Z [INFO] Tests run: 2, Failures: 0, Errors: 0, Skipped: 0, Time elapsed: 0.025 s -- in org.apache.ibatis.submitted.xml_external_ref.ParameterMapReferenceTest
2025-10-10T17:16:16.3344889Z [INFO] Running org.apache.ibatis.submitted.xml_external_ref.ShortNameTest
2025-10-10T17:16:16.3591976Z [INFO] Tests run: 2, Failures: 0, Errors: 0, Skipped: 0, Time elapsed: 0.028 s -- in org.apache.ibatis.submitted.xml_external_ref.ShortNameTest
2025-10-10T17:16:16.3611937Z [INFO] Running org.apache.ibatis.submitted.xml_external_ref.SameIdTest
2025-10-10T17:16:16.3856684Z [INFO] Tests run: 2, Failures: 0, Errors: 0, Skipped: 0, Time elapsed: 0.027 s -- in org.apache.ibatis.submitted.xml_external_ref.SameIdTest
2025-10-10T17:16:16.3862193Z [INFO] Running org.apache.ibatis.submitted.xml_external_ref.MultipleReverseIncludeTest
2025-10-10T17:16:16.4162275Z [INFO] Tests run: 2, Failures: 0, Errors: 0, Skipped: 0, Time elapsed: 0.016 s -- in org.apache.ibatis.submitted.xml_external_ref.MultipleReverseIncludeTest
2025-10-10T17:16:16.4164397Z [INFO] Running org.apache.ibatis.submitted.xml_external_ref.NonFullyQualifiedNamespaceTest
2025-10-10T17:16:16.4170781Z [INFO] Tests run: 1, Failures: 0, Errors: 0, Skipped: 0, Time elapsed: 0.016 s -- in org.apache.ibatis.submitted.xml_external_ref.NonFullyQualifiedNamespaceTest
2025-10-10T17:16:16.4172053Z [INFO] Running org.apache.ibatis.submitted.xml_external_ref.ReverseIncludeTest
2025-10-10T17:16:16.4307417Z [INFO] Tests run: 2, Failures: 0, Errors: 0, Skipped: 0, Time elapsed: 0.014 s -- in org.apache.ibatis.submitted.xml_external_ref.ReverseIncludeTest
2025-10-10T17:16:16.4308677Z [INFO] Running org.apache.ibatis.submitted.xml_external_ref.MultipleIncludeTest
2025-10-10T17:16:16.4468541Z [INFO] Tests run: 2, Failures: 0, Errors: 0, Skipped: 0, Time elapsed: 0.016 s -- in org.apache.ibatis.submitted.xml_external_ref.MultipleIncludeTest
2025-10-10T17:16:16.4511371Z [INFO] Running org.apache.ibatis.submitted.substitution_in_annots.SubstitutionInAnnotsTest
2025-10-10T17:16:16.4752992Z [INFO] Tests run: 4, Failures: 0, Errors: 0, Skipped: 0, Time elapsed: 0.026 s -- in org.apache.ibatis.submitted.substitution_in_annots.SubstitutionInAnnotsTest
2025-10-10T17:16:16.4754951Z [INFO] Running org.apache.ibatis.submitted.hashmaptypehandler.HashMapTypeHandlerTest
2025-10-10T17:16:16.5041945Z [INFO] Tests run: 4, Failures: 0, Errors: 0, Skipped: 0, Time elapsed: 0.024 s -- in org.apache.ibatis.submitted.hashmaptypehandler.HashMapTypeHandlerTest
2025-10-10T17:16:16.5044714Z [INFO] Running org.apache.ibatis.submitted.basetest.BaseTest
2025-10-10T17:16:16.5324964Z [INFO] Tests run: 2, Failures: 0, Errors: 0, Skipped: 0, Time elapsed: 0.031 s -- in org.apache.ibatis.submitted.basetest.BaseTest
2025-10-10T17:16:16.5352366Z [INFO] Running org.apache.ibatis.submitted.bringrags.SimpleObjectTest
2025-10-10T17:16:16.5529635Z [INFO] Tests run: 1, Failures: 0, Errors: 0, Skipped: 0, Time elapsed: 0.019 s -- in org.apache.ibatis.submitted.bringrags.SimpleObjectTest
2025-10-10T17:16:16.5562280Z [INFO] Running org.apache.ibatis.submitted.parent_reference_3level.BlogTest
2025-10-10T17:16:16.6202288Z [INFO] Tests run: 4, Failures: 0, Errors: 0, Skipped: 0, Time elapsed: 0.062 s -- in org.apache.ibatis.submitted.parent_reference_3level.BlogTest
2025-10-10T17:16:16.6204228Z [INFO] Running org.apache.ibatis.submitted.dynsql2.DynSqlTest
2025-10-10T17:16:16.6509243Z [INFO] Tests run: 2, Failures: 0, Errors: 0, Skipped: 0, Time elapsed: 0.027 s -- in org.apache.ibatis.submitted.dynsql2.DynSqlTest
2025-10-10T17:16:16.6510974Z [INFO] Running org.apache.ibatis.submitted.inline_association_with_dot.InlineCollectionWithDotTest
2025-10-10T17:16:16.7039164Z [INFO] Tests run: 2, Failures: 0, Errors: 0, Skipped: 0, Time elapsed: 0.054 s -- in org.apache.ibatis.submitted.inline_association_with_dot.InlineCollectionWithDotTest
2025-10-10T17:16:16.7041344Z [INFO] Running org.apache.ibatis.submitted.maptypehandler.MapTypeHandlerTest
2025-10-10T17:16:16.7276560Z [INFO] Tests run: 2, Failures: 0, Errors: 0, Skipped: 0, Time elapsed: 0.022 s -- in org.apache.ibatis.submitted.maptypehandler.MapTypeHandlerTest
2025-10-10T17:16:16.7278167Z [INFO] Running org.apache.ibatis.submitted.enumtypehandler_on_annotation.EnumTypeHandlerUsingAnnotationTest
2025-10-10T17:16:16.7581485Z [INFO] Tests run: 3, Failures: 0, Errors: 0, Skipped: 0, Time elapsed: 0.030 s -- in org.apache.ibatis.submitted.enumtypehandler_on_annotation.EnumTypeHandlerUsingAnnotationTest
2025-10-10T17:16:16.7582922Z [INFO] Running org.apache.ibatis.submitted.blobtest.BlobTest
2025-10-10T17:16:16.7844216Z [INFO] Tests run: 2, Failures: 0, Errors: 0, Skipped: 0, Time elapsed: 0.023 s -- in org.apache.ibatis.submitted.blobtest.BlobTest
2025-10-10T17:16:16.7845872Z [INFO] Running org.apache.ibatis.submitted.postgres_genkeys.PostgresGeneratedKeysTest
2025-10-10T17:16:25.6488644Z [INFO] Tests run: 3, Failures: 0, Errors: 0, Skipped: 0, Time elapsed: 8.866 s -- in org.apache.ibatis.submitted.postgres_genkeys.PostgresGeneratedKeysTest
2025-10-10T17:16:25.6491367Z [INFO] Running org.apache.ibatis.submitted.foreach_map.ForEachMapTest
2025-10-10T17:16:25.6791080Z [INFO] Tests run: 4, Failures: 0, Errors: 0, Skipped: 0, Time elapsed: 0.030 s -- in org.apache.ibatis.submitted.foreach_map.ForEachMapTest
2025-10-10T17:16:25.6792654Z [INFO] Running org.apache.ibatis.submitted.collection_in_constructor.CollectionInConstructorTest
2025-10-10T17:16:25.7376167Z [WARNING] Tests run: 13, Failures: 0, Errors: 0, Skipped: 1, Time elapsed: 0.057 s -- in org.apache.ibatis.submitted.collection_in_constructor.CollectionInConstructorTest
2025-10-10T17:16:25.7390594Z [INFO] Running org.apache.ibatis.submitted.multiple_resultsets.MultipleResultTest
2025-10-10T17:16:25.7903237Z [INFO] Tests run: 2, Failures: 0, Errors: 0, Skipped: 0, Time elapsed: 0.052 s -- in org.apache.ibatis.submitted.multiple_resultsets.MultipleResultTest
2025-10-10T17:16:25.7906252Z [INFO] Running org.apache.ibatis.submitted.order_prefix_removed.OrderPrefixRemovedTest
2025-10-10T17:16:25.8110557Z [INFO] Tests run: 1, Failures: 0, Errors: 0, Skipped: 0, Time elapsed: 0.020 s -- in org.apache.ibatis.submitted.order_prefix_removed.OrderPrefixRemovedTest
2025-10-10T17:16:25.8112236Z [INFO] Running org.apache.ibatis.submitted.cursor_simple.MysqlCursorTest
2025-10-10T17:16:48.9168167Z [INFO] Tests run: 2, Failures: 0, Errors: 0, Skipped: 0, Time elapsed: 23.11 s -- in org.apache.ibatis.submitted.cursor_simple.MysqlCursorTest
2025-10-10T17:16:48.9169323Z [INFO] Running org.apache.ibatis.submitted.cursor_simple.PostgresCursorTest
2025-10-10T17:16:48.9386842Z [INFO] Tests run: 1, Failures: 0, Errors: 0, Skipped: 0, Time elapsed: 0.020 s -- in org.apache.ibatis.submitted.cursor_simple.PostgresCursorTest
2025-10-10T17:16:48.9400891Z [INFO] Running org.apache.ibatis.submitted.cursor_simple.CursorSimpleTest
2025-10-10T17:16:48.9745049Z [INFO] Tests run: 14, Failures: 0, Errors: 0, Skipped: 0, Time elapsed: 0.036 s -- in org.apache.ibatis.submitted.cursor_simple.CursorSimpleTest
2025-10-10T17:16:48.9746603Z [INFO] Running org.apache.ibatis.submitted.nestedresulthandler_association.NestedResultHandlerAssociationTest
2025-10-10T17:16:48.9936380Z [INFO] Tests run: 2, Failures: 0, Errors: 0, Skipped: 0, Time elapsed: 0.019 s -- in org.apache.ibatis.submitted.nestedresulthandler_association.NestedResultHandlerAssociationTest
2025-10-10T17:16:48.9942251Z [INFO] Running org.apache.ibatis.submitted.count.CountTest
2025-10-10T17:16:49.0031173Z [INFO] Tests run: 1, Failures: 0, Errors: 0, Skipped: 0, Time elapsed: 0.009 s -- in org.apache.ibatis.submitted.count.CountTest
2025-10-10T17:16:49.0035192Z [INFO] Running org.apache.ibatis.submitted.sqlprovider.SqlProviderTest
2025-10-10T17:16:49.2626696Z [INFO] Tests run: 53, Failures: 0, Errors: 0, Skipped: 0, Time elapsed: 0.256 s -- in org.apache.ibatis.submitted.sqlprovider.SqlProviderTest
2025-10-10T17:16:49.2628048Z [INFO] Running org.apache.ibatis.submitted.sqlprovider.ProviderMethodResolutionTest
2025-10-10T17:16:49.2872691Z [INFO] Tests run: 9, Failures: 0, Errors: 0, Skipped: 0, Time elapsed: 0.025 s -- in org.apache.ibatis.submitted.sqlprovider.ProviderMethodResolutionTest
2025-10-10T17:16:49.2875217Z [INFO] Running org.apache.ibatis.submitted.sql.PostgresSQLTest
2025-10-10T17:16:49.3151394Z [INFO] Tests run: 1, Failures: 0, Errors: 0, Skipped: 0, Time elapsed: 0.030 s -- in org.apache.ibatis.submitted.sql.PostgresSQLTest
2025-10-10T17:16:49.3152536Z [INFO] Running org.apache.ibatis.submitted.sql.HsqldbSQLTest
2025-10-10T17:16:49.3329751Z [INFO] Tests run: 1, Failures: 0, Errors: 0, Skipped: 0, Time elapsed: 0.016 s -- in org.apache.ibatis.submitted.sql.HsqldbSQLTest
2025-10-10T17:16:49.3341639Z [INFO] Running org.apache.ibatis.submitted.inheritance.InheritanceTest
2025-10-10T17:16:49.3770298Z [INFO] Tests run: 1, Failures: 0, Errors: 0, Skipped: 0, Time elapsed: 0.042 s -- in org.apache.ibatis.submitted.inheritance.InheritanceTest
2025-10-10T17:16:49.3775515Z [INFO] Running org.apache.ibatis.submitted.discriminator.DiscriminatorTest
2025-10-10T17:16:49.4013205Z [INFO] Tests run: 4, Failures: 0, Errors: 0, Skipped: 0, Time elapsed: 0.023 s -- in org.apache.ibatis.submitted.discriminator.DiscriminatorTest
2025-10-10T17:16:49.4017926Z [INFO] Running org.apache.ibatis.submitted.use_actual_param_name.UseActualParamNameTest
2025-10-10T17:16:49.4203305Z [INFO] Tests run: 4, Failures: 0, Errors: 0, Skipped: 0, Time elapsed: 0.020 s -- in org.apache.ibatis.submitted.use_actual_param_name.UseActualParamNameTest
2025-10-10T17:16:49.4207056Z [INFO] Running org.apache.ibatis.submitted.multidb.ProviderTest
2025-10-10T17:16:49.4387503Z [INFO] Tests run: 2, Failures: 0, Errors: 0, Skipped: 0, Time elapsed: 0.018 s -- in org.apache.ibatis.submitted.multidb.ProviderTest
2025-10-10T17:16:49.4390683Z [INFO] Running org.apache.ibatis.submitted.multidb.MultiDbTest
2025-10-10T17:16:49.4528418Z [INFO] Tests run: 6, Failures: 0, Errors: 0, Skipped: 0, Time elapsed: 0.013 s -- in org.apache.ibatis.submitted.multidb.MultiDbTest
2025-10-10T17:16:49.4532613Z [INFO] Running org.apache.ibatis.submitted.literal_string.LiteralStringTest
2025-10-10T17:16:49.4686296Z [INFO] Tests run: 3, Failures: 0, Errors: 0, Skipped: 0, Time elapsed: 0.016 s -- in org.apache.ibatis.submitted.literal_string.LiteralStringTest
2025-10-10T17:16:49.4687674Z [INFO] Running org.apache.ibatis.submitted.duplicate_resource_loaded.DuplicateResourceTest
2025-10-10T17:16:49.5759628Z [INFO] Tests run: 1, Failures: 0, Errors: 0, Skipped: 0, Time elapsed: 0.107 s -- in org.apache.ibatis.submitted.duplicate_resource_loaded.DuplicateResourceTest
2025-10-10T17:16:49.5761437Z [INFO] Running org.apache.ibatis.submitted.arg_name_based_constructor_automapping.ArgNameBasedConstructorAutoMappingTest
2025-10-10T17:16:49.6002875Z [INFO] Tests run: 7, Failures: 0, Errors: 0, Skipped: 0, Time elapsed: 0.023 s -- in org.apache.ibatis.submitted.arg_name_based_constructor_automapping.ArgNameBasedConstructorAutoMappingTest
2025-10-10T17:16:49.6004486Z [INFO] Running org.apache.ibatis.submitted.member_access.MemberAccessTest
2025-10-10T17:16:49.6288983Z [INFO] Tests run: 5, Failures: 0, Errors: 0, Skipped: 0, Time elapsed: 0.027 s -- in org.apache.ibatis.submitted.member_access.MemberAccessTest
2025-10-10T17:16:49.6290557Z [INFO] Running org.apache.ibatis.submitted.primitive_result_type.PrimitiveResultTypeTest
2025-10-10T17:16:49.6459928Z [INFO] Tests run: 2, Failures: 0, Errors: 0, Skipped: 0, Time elapsed: 0.019 s -- in org.apache.ibatis.submitted.primitive_result_type.PrimitiveResultTypeTest
2025-10-10T17:16:49.6461541Z [INFO] Running org.apache.ibatis.submitted.include_property.IncludePropertyTest
2025-10-10T17:16:49.6793484Z [INFO] Tests run: 9, Failures: 0, Errors: 0, Skipped: 0, Time elapsed: 0.033 s -- in org.apache.ibatis.submitted.include_property.IncludePropertyTest
2025-10-10T17:16:49.6794769Z [INFO] Running org.apache.ibatis.submitted.include_property.IncludePropertyErrorTest
2025-10-10T17:16:49.6837411Z [INFO] Tests run: 1, Failures: 0, Errors: 0, Skipped: 0, Time elapsed: 0.004 s -- in org.apache.ibatis.submitted.include_property.IncludePropertyErrorTest
2025-10-10T17:16:49.6838663Z [INFO] Running org.apache.ibatis.submitted.dynsql.DynSqlTest
2025-10-10T17:16:49.7297581Z [INFO] Tests run: 9, Failures: 0, Errors: 0, Skipped: 0, Time elapsed: 0.044 s -- in org.apache.ibatis.submitted.dynsql.DynSqlTest
2025-10-10T17:16:49.7299215Z [INFO] Running org.apache.ibatis.submitted.simplelistparameter.SimpleListParameterTest
2025-10-10T17:16:49.7504293Z [INFO] Tests run: 3, Failures: 0, Errors: 0, Skipped: 0, Time elapsed: 0.020 s -- in org.apache.ibatis.submitted.simplelistparameter.SimpleListParameterTest
2025-10-10T17:16:49.7507073Z [INFO] Running org.apache.ibatis.submitted.cacheorder.CacheOrderTest
2025-10-10T17:16:49.7679744Z [INFO] Tests run: 1, Failures: 0, Errors: 0, Skipped: 0, Time elapsed: 0.018 s -- in org.apache.ibatis.submitted.cacheorder.CacheOrderTest
2025-10-10T17:16:49.7683753Z [INFO] Running org.apache.ibatis.submitted.collection_injection.CollectionInjectionTest
2025-10-10T17:16:49.7935807Z [INFO] Tests run: 3, Failures: 0, Errors: 0, Skipped: 0, Time elapsed: 0.025 s -- in org.apache.ibatis.submitted.collection_injection.CollectionInjectionTest
2025-10-10T17:16:49.7937320Z [INFO] Running org.apache.ibatis.submitted.enumtypehandler_on_map.EnumTypeHandlerTest
2025-10-10T17:16:49.8088657Z [INFO] Tests run: 2, Failures: 0, Errors: 0, Skipped: 0, Time elapsed: 0.014 s -- in org.apache.ibatis.submitted.enumtypehandler_on_map.EnumTypeHandlerTest
2025-10-10T17:16:49.8091056Z [INFO] Running org.apache.ibatis.submitted.multipleiterates.MultipleIteratesTest
2025-10-10T17:16:49.8222443Z [INFO] Tests run: 1, Failures: 0, Errors: 0, Skipped: 0, Time elapsed: 0.013 s -- in org.apache.ibatis.submitted.multipleiterates.MultipleIteratesTest
2025-10-10T17:16:49.8224079Z [INFO] Running org.apache.ibatis.submitted.not_null_column.NotNullColumnTest
2025-10-10T17:16:49.8585205Z [INFO] Tests run: 8, Failures: 0, Errors: 0, Skipped: 0, Time elapsed: 0.034 s -- in org.apache.ibatis.submitted.not_null_column.NotNullColumnTest
2025-10-10T17:16:49.8586863Z [INFO] Running org.apache.ibatis.submitted.nestedresulthandler_gh1551.NestedResultHandlerGh1551Test
2025-10-10T17:16:49.8788321Z [INFO] Tests run: 2, Failures: 0, Errors: 0, Skipped: 0, Time elapsed: 0.021 s -- in org.apache.ibatis.submitted.nestedresulthandler_gh1551.NestedResultHandlerGh1551Test
2025-10-10T17:16:49.8789863Z [INFO] Running org.apache.ibatis.submitted.associationtype.AssociationTypeTest
2025-10-10T17:16:49.8977536Z [INFO] Tests run: 2, Failures: 0, Errors: 0, Skipped: 0, Time elapsed: 0.018 s -- in org.apache.ibatis.submitted.associationtype.AssociationTypeTest
2025-10-10T17:16:49.8979195Z [INFO] Running org.apache.ibatis.submitted.refid_resolution.ExternalRefidResolutionTest
2025-10-10T17:16:49.9048948Z [INFO] Tests run: 1, Failures: 0, Errors: 0, Skipped: 0, Time elapsed: 0.007 s -- in org.apache.ibatis.submitted.refid_resolution.ExternalRefidResolutionTest
2025-10-10T17:16:49.9053185Z [INFO] Running org.apache.ibatis.submitted.refid_resolution.RefidResolutionTest
2025-10-10T17:16:49.9107395Z [INFO] Tests run: 1, Failures: 0, Errors: 0, Skipped: 0, Time elapsed: 0.005 s -- in org.apache.ibatis.submitted.refid_resolution.RefidResolutionTest
2025-10-10T17:16:49.9110452Z [INFO] Running org.apache.ibatis.submitted.generictypes.GenericTypesTest
2025-10-10T17:16:49.9262812Z [INFO] Tests run: 1, Failures: 0, Errors: 0, Skipped: 0, Time elapsed: 0.015 s -- in org.apache.ibatis.submitted.generictypes.GenericTypesTest
2025-10-10T17:16:49.9264056Z [INFO] Running org.apache.ibatis.submitted.global_variables.BaseTest
2025-10-10T17:16:49.9414192Z [INFO] Tests run: 2, Failures: 0, Errors: 0, Skipped: 0, Time elapsed: 0.014 s -- in org.apache.ibatis.submitted.global_variables.BaseTest
2025-10-10T17:16:49.9415684Z [INFO] Running org.apache.ibatis.submitted.param_name_resolve.ActualParamNameTest
2025-10-10T17:16:49.9600373Z [INFO] Tests run: 2, Failures: 0, Errors: 0, Skipped: 0, Time elapsed: 0.018 s -- in org.apache.ibatis.submitted.param_name_resolve.ActualParamNameTest
2025-10-10T17:16:49.9602889Z [INFO] Running org.apache.ibatis.submitted.param_name_resolve.NoActualParamNameTest
2025-10-10T17:16:49.9673673Z [INFO] Tests run: 1, Failures: 0, Errors: 0, Skipped: 0, Time elapsed: 0.007 s -- in org.apache.ibatis.submitted.param_name_resolve.NoActualParamNameTest
2025-10-10T17:16:49.9675429Z [INFO] Running org.apache.ibatis.submitted.keygen.Jdbc3KeyGeneratorTest
2025-10-10T17:16:50.0168315Z [INFO] Tests run: 32, Failures: 0, Errors: 0, Skipped: 0, Time elapsed: 0.045 s -- in org.apache.ibatis.submitted.keygen.Jdbc3KeyGeneratorTest
2025-10-10T17:16:50.0170215Z [INFO] Running org.apache.ibatis.submitted.refcursor.RefCursorTest
2025-10-10T17:16:50.0818107Z [INFO] Tests run: 4, Failures: 0, Errors: 0, Skipped: 0, Time elapsed: 0.068 s -- in org.apache.ibatis.submitted.refcursor.RefCursorTest
2025-10-10T17:16:50.0820885Z [INFO] Running org.apache.ibatis.submitted.xml_references.EnumWithOgnlTest
2025-10-10T17:16:50.0970207Z [INFO] Tests run: 2, Failures: 0, Errors: 0, Skipped: 0, Time elapsed: 0.012 s -- in org.apache.ibatis.submitted.xml_references.EnumWithOgnlTest
2025-10-10T17:16:50.0976554Z [INFO] Running org.apache.ibatis.submitted.no_param_type.NoParamTypeTest
2025-10-10T17:16:50.1120254Z [INFO] Tests run: 1, Failures: 0, Errors: 0, Skipped: 0, Time elapsed: 0.016 s -- in org.apache.ibatis.submitted.no_param_type.NoParamTypeTest
2025-10-10T17:16:50.1125117Z [INFO] Running org.apache.ibatis.submitted.result_handler.ResultHandlerTest
2025-10-10T17:16:50.1181374Z [INFO] Tests run: 2, Failures: 0, Errors: 0, Skipped: 0, Time elapsed: 0.007 s -- in org.apache.ibatis.submitted.result_handler.ResultHandlerTest
2025-10-10T17:16:50.1182928Z [INFO] Running org.apache.ibatis.submitted.map_class_name_conflict.MapperNameTest
2025-10-10T17:16:50.1242252Z [INFO] Tests run: 1, Failures: 0, Errors: 0, Skipped: 0, Time elapsed: 0.006 s -- in org.apache.ibatis.submitted.map_class_name_conflict.MapperNameTest
2025-10-10T17:16:50.1248136Z [INFO] Running org.apache.ibatis.submitted.lazy_deserialize.LazyDeserializeTest
2025-10-10T17:16:50.1641117Z [INFO] Tests run: 2, Failures: 0, Errors: 0, Skipped: 0, Time elapsed: 0.039 s -- in org.apache.ibatis.submitted.lazy_deserialize.LazyDeserializeTest
2025-10-10T17:16:50.1645806Z [INFO] Running org.apache.ibatis.submitted.heavy_initial_load.HeavyInitialLoadTest
2025-10-10T17:16:50.3870768Z [INFO] Tests run: 1, Failures: 0, Errors: 0, Skipped: 0, Time elapsed: 0.223 s -- in org.apache.ibatis.submitted.heavy_initial_load.HeavyInitialLoadTest
2025-10-10T17:16:50.3876466Z [INFO] Running org.apache.ibatis.submitted.lazyload_common_property.CommonPropertyLazyLoadTest
2025-10-10T17:16:50.4230892Z [INFO] Tests run: 4, Failures: 0, Errors: 0, Skipped: 0, Time elapsed: 0.035 s -- in org.apache.ibatis.submitted.lazyload_common_property.CommonPropertyLazyLoadTest
2025-10-10T17:16:50.4237367Z [INFO] Running org.apache.ibatis.submitted.databaseid_productname.DatabaseIdProductNameTest
2025-10-10T17:16:50.4361808Z [INFO] Tests run: 1, Failures: 0, Errors: 0, Skipped: 0, Time elapsed: 0.014 s -- in org.apache.ibatis.submitted.databaseid_productname.DatabaseIdProductNameTest
2025-10-10T17:16:50.4367667Z [INFO] Running org.apache.ibatis.submitted.multipleresultsetswithassociation.MultipleResultSetTest
2025-10-10T17:16:50.4607485Z [INFO] Tests run: 2, Failures: 0, Errors: 0, Skipped: 0, Time elapsed: 0.023 s -- in org.apache.ibatis.submitted.multipleresultsetswithassociation.MultipleResultSetTest
2025-10-10T17:16:50.4609259Z [INFO] Running org.apache.ibatis.submitted.annotion_many_one_add_resultmapid.OneManyResultMapTest
2025-10-10T17:16:50.4790508Z [INFO] Tests run: 4, Failures: 0, Errors: 0, Skipped: 0, Time elapsed: 0.020 s -- in org.apache.ibatis.submitted.annotion_many_one_add_resultmapid.OneManyResultMapTest
2025-10-10T17:16:50.4791832Z [INFO] Running org.apache.ibatis.submitted.cursor_cache_oom.CursorOomTest
2025-10-10T17:16:55.6906072Z [INFO] Tests run: 1, Failures: 0, Errors: 0, Skipped: 0, Time elapsed: 5.211 s -- in org.apache.ibatis.submitted.cursor_cache_oom.CursorOomTest
2025-10-10T17:16:55.6907548Z [INFO] Running org.apache.ibatis.submitted.nestedresulthandler.NestedResultHandlerTest
2025-10-10T17:16:55.7133952Z [INFO] Tests run: 5, Failures: 0, Errors: 0, Skipped: 0, Time elapsed: 0.023 s -- in org.apache.ibatis.submitted.nestedresulthandler.NestedResultHandlerTest
2025-10-10T17:16:55.7135849Z [INFO] Running org.apache.ibatis.submitted.javassist.JavassistTest
2025-10-10T17:16:55.7298791Z [INFO] Tests run: 1, Failures: 0, Errors: 0, Skipped: 0, Time elapsed: 0.017 s -- in org.apache.ibatis.submitted.javassist.JavassistTest
2025-10-10T17:16:55.7299895Z [INFO] Running org.apache.ibatis.submitted.batch_test.BatchTest
2025-10-10T17:16:55.7427171Z [INFO] Tests run: 1, Failures: 0, Errors: 0, Skipped: 0, Time elapsed: 0.012 s -- in org.apache.ibatis.submitted.batch_test.BatchTest
2025-10-10T17:16:55.7428627Z [INFO] Running org.apache.ibatis.submitted.includes.IncludeTest
2025-10-10T17:16:55.7657467Z [INFO] Tests run: 3, Failures: 0, Errors: 0, Skipped: 0, Time elapsed: 0.023 s -- in org.apache.ibatis.submitted.includes.IncludeTest
2025-10-10T17:16:55.7659928Z [INFO] Running org.apache.ibatis.submitted.serializecircular.SerializeCircularTest
2025-10-10T17:16:55.8245378Z [INFO] Tests run: 4, Failures: 0, Errors: 0, Skipped: 0, Time elapsed: 0.058 s -- in org.apache.ibatis.submitted.serializecircular.SerializeCircularTest
2025-10-10T17:16:55.8247398Z [INFO] Running org.apache.ibatis.submitted.enum_with_method.EnumWithMethodTest
2025-10-10T17:16:55.8397872Z [INFO] Tests run: 2, Failures: 0, Errors: 0, Skipped: 0, Time elapsed: 0.016 s -- in org.apache.ibatis.submitted.enum_with_method.EnumWithMethodTest
2025-10-10T17:16:55.8400606Z [INFO] Running org.apache.ibatis.submitted.collectionparameters.CollectionParametersTest
2025-10-10T17:16:55.8551830Z [INFO] Tests run: 3, Failures: 0, Errors: 0, Skipped: 0, Time elapsed: 0.015 s -- in org.apache.ibatis.submitted.collectionparameters.CollectionParametersTest
2025-10-10T17:16:55.8555461Z [INFO] Running org.apache.ibatis.submitted.nested.NestedForEachTest
2025-10-10T17:16:55.8748011Z [INFO] Tests run: 5, Failures: 0, Errors: 0, Skipped: 0, Time elapsed: 0.020 s -- in org.apache.ibatis.submitted.nested.NestedForEachTest
2025-10-10T17:16:55.8752325Z [INFO] Running org.apache.ibatis.submitted.mapper_extend.MapperExtendTest
2025-10-10T17:16:55.8980795Z [INFO] Tests run: 6, Failures: 0, Errors: 0, Skipped: 0, Time elapsed: 0.023 s -- in org.apache.ibatis.submitted.mapper_extend.MapperExtendTest
2025-10-10T17:16:55.8982072Z [INFO] Running org.apache.ibatis.submitted.unknownobject.UnknownObjectTest
2025-10-10T17:16:55.9103091Z [INFO] Tests run: 1, Failures: 0, Errors: 0, Skipped: 0, Time elapsed: 0.012 s -- in org.apache.ibatis.submitted.unknownobject.UnknownObjectTest
2025-10-10T17:16:55.9103882Z [INFO] Running org.apache.ibatis.submitted.primitives.PrimitivesTest
2025-10-10T17:16:55.9304681Z [INFO] Tests run: 1, Failures: 0, Errors: 0, Skipped: 0, Time elapsed: 0.019 s -- in org.apache.ibatis.submitted.primitives.PrimitivesTest
2025-10-10T17:16:55.9305994Z [INFO] Running org.apache.ibatis.submitted.raw_sql_source.RawSqlSourceTest
2025-10-10T17:16:55.9502362Z [INFO] Tests run: 7, Failures: 0, Errors: 0, Skipped: 0, Time elapsed: 0.019 s -- in org.apache.ibatis.submitted.raw_sql_source.RawSqlSourceTest
2025-10-10T17:16:55.9504173Z [INFO] Running org.apache.ibatis.submitted.complex_column.ComplexColumnTest
2025-10-10T17:16:55.9688641Z [INFO] Tests run: 6, Failures: 0, Errors: 0, Skipped: 0, Time elapsed: 0.019 s -- in org.apache.ibatis.submitted.complex_column.ComplexColumnTest
2025-10-10T17:16:55.9689830Z [INFO] Running org.apache.ibatis.submitted.emptycollection.DaoTest
2025-10-10T17:16:55.9904710Z [INFO] Tests run: 3, Failures: 0, Errors: 0, Skipped: 0, Time elapsed: 0.021 s -- in org.apache.ibatis.submitted.emptycollection.DaoTest
2025-10-10T17:16:55.9905973Z [INFO] Running org.apache.ibatis.submitted.column_prefix.ColumnPrefixAutoMappingTest
2025-10-10T17:16:56.0228921Z [INFO] Tests run: 3, Failures: 0, Errors: 0, Skipped: 0, Time elapsed: 0.032 s -- in org.apache.ibatis.submitted.column_prefix.ColumnPrefixAutoMappingTest
2025-10-10T17:16:56.0231578Z [INFO] Running org.apache.ibatis.submitted.column_prefix.ColumnPrefixTest
2025-10-10T17:16:56.0414535Z [INFO] Tests run: 2, Failures: 0, Errors: 0, Skipped: 0, Time elapsed: 0.018 s -- in org.apache.ibatis.submitted.column_prefix.ColumnPrefixTest
2025-10-10T17:16:56.0416904Z [INFO] Running org.apache.ibatis.submitted.column_prefix.ColumnPrefixNestedQueryTest
2025-10-10T17:16:56.0742822Z [INFO] Tests run: 2, Failures: 0, Errors: 0, Skipped: 0, Time elapsed: 0.032 s -- in org.apache.ibatis.submitted.column_prefix.ColumnPrefixNestedQueryTest
2025-10-10T17:16:56.0745984Z [INFO] Running org.apache.ibatis.submitted.bind_in_foreach.BindInForeachTest
2025-10-10T17:16:56.0915662Z [INFO] Tests run: 1, Failures: 0, Errors: 0, Skipped: 0, Time elapsed: 0.017 s -- in org.apache.ibatis.submitted.bind_in_foreach.BindInForeachTest
2025-10-10T17:16:56.0918275Z [INFO] Running org.apache.ibatis.submitted.integer_enum.IntegerEnumTest
2025-10-10T17:16:56.1002019Z [INFO] Tests run: 1, Failures: 0, Errors: 0, Skipped: 0, Time elapsed: 0.006 s -- in org.apache.ibatis.submitted.integer_enum.IntegerEnumTest
2025-10-10T17:16:56.1007176Z [INFO] Running org.apache.ibatis.submitted.timestamp_with_timezone.TimestampWithTimezoneTypeHandlerTest
2025-10-10T17:16:56.1112964Z [WARNING] Tests run: 3, Failures: 0, Errors: 0, Skipped: 1, Time elapsed: 0.013 s -- in org.apache.ibatis.submitted.timestamp_with_timezone.TimestampWithTimezoneTypeHandlerTest
2025-10-10T17:16:56.1115441Z [INFO] Running org.apache.ibatis.submitted.quotedcolumnnames.QuotedColumnNamesTest
2025-10-10T17:16:56.1195651Z [INFO] Tests run: 2, Failures: 0, Errors: 0, Skipped: 0, Time elapsed: 0.008 s -- in org.apache.ibatis.submitted.quotedcolumnnames.QuotedColumnNamesTest
2025-10-10T17:16:56.1198165Z [INFO] Running org.apache.ibatis.submitted.array_result_type.ArrayResultTypeTest
2025-10-10T17:16:56.1382537Z [INFO] Tests run: 4, Failures: 0, Errors: 0, Skipped: 0, Time elapsed: 0.018 s -- in org.apache.ibatis.submitted.array_result_type.ArrayResultTypeTest
2025-10-10T17:16:56.1385302Z [INFO] Running org.apache.ibatis.submitted.handle_by_jdbc_type.HandlerByJdbcTypeTest
2025-10-10T17:16:56.1723535Z [INFO] Tests run: 4, Failures: 0, Errors: 0, Skipped: 0, Time elapsed: 0.032 s -- in org.apache.ibatis.submitted.handle_by_jdbc_type.HandlerByJdbcTypeTest
2025-10-10T17:16:56.1729939Z [INFO] Running org.apache.ibatis.submitted.localtime.LocalTimeTest
2025-10-10T17:16:56.1842809Z [INFO] Tests run: 2, Failures: 0, Errors: 0, Skipped: 0, Time elapsed: 0.013 s -- in org.apache.ibatis.submitted.localtime.LocalTimeTest
2025-10-10T17:16:56.1848630Z [INFO] Running org.apache.ibatis.submitted.resultmapwithassociationstest.ResultMapWithAssociationsTest
2025-10-10T17:16:56.1964323Z [INFO] Tests run: 1, Failures: 0, Errors: 0, Skipped: 0, Time elapsed: 0.012 s -- in org.apache.ibatis.submitted.resultmapwithassociationstest.ResultMapWithAssociationsTest
2025-10-10T17:16:56.1968345Z [INFO] Running org.apache.ibatis.submitted.cache.CacheTest
2025-10-10T17:16:56.2701378Z [INFO] Tests run: 11, Failures: 0, Errors: 0, Skipped: 0, Time elapsed: 0.074 s -- in org.apache.ibatis.submitted.cache.CacheTest
2025-10-10T17:16:56.2705357Z [INFO] Running org.apache.ibatis.submitted.keycolumn.InsertTest
2025-10-10T17:16:56.3051178Z [INFO] Tests run: 3, Failures: 0, Errors: 0, Skipped: 0, Time elapsed: 0.035 s -- in org.apache.ibatis.submitted.keycolumn.InsertTest
2025-10-10T17:16:56.3052208Z [INFO] Running org.apache.ibatis.submitted.flush_statement_npe.FlushStatementNpeTest
2025-10-10T17:16:56.3232148Z [INFO] Tests run: 3, Failures: 0, Errors: 0, Skipped: 0, Time elapsed: 0.019 s -- in org.apache.ibatis.submitted.flush_statement_npe.FlushStatementNpeTest
2025-10-10T17:16:56.3233455Z [INFO] Running org.apache.ibatis.submitted.no_result_type_map.NoResultTypeMapTest
2025-10-10T17:16:56.3349408Z [INFO] Tests run: 4, Failures: 0, Errors: 0, Skipped: 0, Time elapsed: 0.011 s -- in org.apache.ibatis.submitted.no_result_type_map.NoResultTypeMapTest
2025-10-10T17:16:56.3351019Z [INFO] Running org.apache.ibatis.submitted.custom_collection_handling.CustomCollectionHandlingTest
2025-10-10T17:16:56.3553016Z [INFO] Tests run: 2, Failures: 0, Errors: 0, Skipped: 0, Time elapsed: 0.020 s -- in org.apache.ibatis.submitted.custom_collection_handling.CustomCollectionHandlingTest
2025-10-10T17:16:56.3554322Z [INFO] Running org.apache.ibatis.submitted.batch_keys.BatchKeysTest
2025-10-10T17:16:56.4116250Z [INFO] Tests run: 5, Failures: 0, Errors: 0, Skipped: 0, Time elapsed: 0.056 s -- in org.apache.ibatis.submitted.batch_keys.BatchKeysTest
2025-10-10T17:16:56.4129075Z [INFO] Running org.apache.ibatis.submitted.blocking_cache.BlockingCacheTest
2025-10-10T17:16:57.4346677Z [INFO] Tests run: 3, Failures: 0, Errors: 0, Skipped: 0, Time elapsed: 1.023 s -- in org.apache.ibatis.submitted.blocking_cache.BlockingCacheTest
2025-10-10T17:16:57.4347816Z [INFO] Running org.apache.ibatis.submitted.manyanno.ManyAnnoTest
2025-10-10T17:16:57.5489951Z [INFO] Tests run: 1, Failures: 0, Errors: 0, Skipped: 0, Time elapsed: 0.114 s -- in org.apache.ibatis.submitted.manyanno.ManyAnnoTest
2025-10-10T17:16:57.5491431Z [INFO] Running org.apache.ibatis.submitted.primitive_array.PrimitiveArrayTest
2025-10-10T17:16:57.5661785Z [INFO] Tests run: 1, Failures: 0, Errors: 0, Skipped: 0, Time elapsed: 0.016 s -- in org.apache.ibatis.submitted.primitive_array.PrimitiveArrayTest
2025-10-10T17:16:57.5664660Z [INFO] Running org.apache.ibatis.submitted.empty_namespace.EmptyNamespaceTest
2025-10-10T17:16:57.5711596Z [INFO] Tests run: 1, Failures: 0, Errors: 0, Skipped: 0, Time elapsed: 0.005 s -- in org.apache.ibatis.submitted.empty_namespace.EmptyNamespaceTest
2025-10-10T17:16:57.5713865Z [INFO] Running org.apache.ibatis.submitted.extend.ExtendTest
2025-10-10T17:16:57.5824967Z [INFO] Tests run: 1, Failures: 0, Errors: 0, Skipped: 0, Time elapsed: 0.011 s -- in org.apache.ibatis.submitted.extend.ExtendTest
2025-10-10T17:16:57.5826741Z [INFO] Running org.apache.ibatis.submitted.repeatable.RepeatableDeleteTest
2025-10-10T17:16:58.1472442Z [INFO] Tests run: 6, Failures: 0, Errors: 0, Skipped: 0, Time elapsed: 0.564 s -- in org.apache.ibatis.submitted.repeatable.RepeatableDeleteTest
2025-10-10T17:16:58.1474003Z [INFO] Running org.apache.ibatis.submitted.repeatable.RepeatableUpdateTest
2025-10-10T17:16:58.2172399Z [INFO] Tests run: 6, Failures: 0, Errors: 0, Skipped: 0, Time elapsed: 0.069 s -- in org.apache.ibatis.submitted.repeatable.RepeatableUpdateTest
2025-10-10T17:16:58.2174322Z [INFO] Running org.apache.ibatis.submitted.repeatable.RepeatableSelectTest
2025-10-10T17:16:58.2943050Z [INFO] Tests run: 8, Failures: 0, Errors: 0, Skipped: 0, Time elapsed: 0.077 s -- in org.apache.ibatis.submitted.repeatable.RepeatableSelectTest
2025-10-10T17:16:58.2947288Z [INFO] Running org.apache.ibatis.submitted.repeatable.RepeatableInsertTest
2025-10-10T17:16:58.3550814Z [INFO] Tests run: 6, Failures: 0, Errors: 0, Skipped: 0, Time elapsed: 0.061 s -- in org.apache.ibatis.submitted.repeatable.RepeatableInsertTest
2025-10-10T17:16:58.3552812Z [INFO] Running org.apache.ibatis.submitted.repeatable.RepeatableErrorTest
2025-10-10T17:16:58.3720402Z [INFO] Tests run: 3, Failures: 0, Errors: 0, Skipped: 0, Time elapsed: 0.017 s -- in org.apache.ibatis.submitted.repeatable.RepeatableErrorTest
2025-10-10T17:16:58.3723599Z [INFO] Running org.apache.ibatis.submitted.stringlist.StringListTest
2025-10-10T17:16:58.3884454Z [INFO] Tests run: 3, Failures: 0, Errors: 0, Skipped: 0, Time elapsed: 0.016 s -- in org.apache.ibatis.submitted.stringlist.StringListTest
2025-10-10T17:16:58.3888170Z [INFO] Running org.apache.ibatis.submitted.auto_type_from_non_ambiguous_constructor.AutoTypeFromNonAmbiguousConstructorFailingTest
2025-10-10T17:16:58.3946838Z [INFO] Tests run: 1, Failures: 0, Errors: 0, Skipped: 0, Time elapsed: 0.006 s -- in org.apache.ibatis.submitted.auto_type_from_non_ambiguous_constructor.AutoTypeFromNonAmbiguousConstructorFailingTest
2025-10-10T17:16:58.3950271Z [INFO] Running org.apache.ibatis.submitted.auto_type_from_non_ambiguous_constructor.AutoTypeFromNonAmbiguousConstructorTest
2025-10-10T17:16:58.4099927Z [INFO] Tests run: 5, Failures: 0, Errors: 0, Skipped: 0, Time elapsed: 0.015 s -- in org.apache.ibatis.submitted.auto_type_from_non_ambiguous_constructor.AutoTypeFromNonAmbiguousConstructorTest
2025-10-10T17:16:58.4101918Z [INFO] Running org.apache.ibatis.submitted.overwritingproperties.FooMapperTest
2025-10-10T17:16:58.4264680Z [INFO] Tests run: 1, Failures: 0, Errors: 0, Skipped: 0, Time elapsed: 0.016 s -- in org.apache.ibatis.submitted.overwritingproperties.FooMapperTest
2025-10-10T17:16:58.4268133Z [INFO] Running org.apache.ibatis.submitted.rounding.RoundingHandlersTest
2025-10-10T17:16:58.4437258Z [INFO] Tests run: 2, Failures: 0, Errors: 0, Skipped: 0, Time elapsed: 0.016 s -- in org.apache.ibatis.submitted.rounding.RoundingHandlersTest
2025-10-10T17:16:58.4439772Z [INFO] Running org.apache.ibatis.submitted.typebasedtypehandlerresolution.GloballyRegisteredTypeHandlerResolutionTest
2025-10-10T17:16:58.4699804Z [INFO] Tests run: 14, Failures: 0, Errors: 0, Skipped: 0, Time elapsed: 0.026 s -- in org.apache.ibatis.submitted.typebasedtypehandlerresolution.GloballyRegisteredTypeHandlerResolutionTest
2025-10-10T17:16:58.4703630Z [INFO] Running org.apache.ibatis.submitted.typebasedtypehandlerresolution.LocallySpecifiedTypeHandlerResolutionTest
2025-10-10T17:16:58.4942942Z [INFO] Tests run: 12, Failures: 0, Errors: 0, Skipped: 0, Time elapsed: 0.024 s -- in org.apache.ibatis.submitted.typebasedtypehandlerresolution.LocallySpecifiedTypeHandlerResolutionTest
2025-10-10T17:16:58.4949007Z [INFO] Running org.apache.ibatis.submitted.nestedresulthandler_multiple_association.NestedResultHandlerMultipleAssociationTest
2025-10-10T17:16:58.5041366Z [INFO] Tests run: 2, Failures: 0, Errors: 0, Skipped: 0, Time elapsed: 0.010 s -- in org.apache.ibatis.submitted.nestedresulthandler_multiple_association.NestedResultHandlerMultipleAssociationTest
2025-10-10T17:16:58.5043317Z [INFO] Running org.apache.ibatis.submitted.autodiscover.AutodiscoverTest
2025-10-10T17:16:58.5109184Z [INFO] Tests run: 3, Failures: 0, Errors: 0, Skipped: 0, Time elapsed: 0.007 s -- in org.apache.ibatis.submitted.autodiscover.AutodiscoverTest
2025-10-10T17:16:58.5111096Z [INFO] Running org.apache.ibatis.submitted.immutable_constructor.ImmutablePOJOTest
2025-10-10T17:16:58.5232266Z [INFO] Tests run: 2, Failures: 0, Errors: 0, Skipped: 0, Time elapsed: 0.012 s -- in org.apache.ibatis.submitted.immutable_constructor.ImmutablePOJOTest
2025-10-10T17:16:58.5233473Z [INFO] Running org.apache.ibatis.submitted.nested_query_cache.NestedQueryCacheTest
2025-10-10T17:16:58.7115276Z [INFO] Tests run: 2, Failures: 0, Errors: 0, Skipped: 0, Time elapsed: 0.187 s -- in org.apache.ibatis.submitted.nested_query_cache.NestedQueryCacheTest
2025-10-10T17:16:58.7116649Z [INFO] Running org.apache.ibatis.submitted.nonexistentvariables.NonExistentVariablesTest
2025-10-10T17:16:58.7362892Z [INFO] Tests run: 1, Failures: 0, Errors: 0, Skipped: 0, Time elapsed: 0.025 s -- in org.apache.ibatis.submitted.nonexistentvariables.NonExistentVariablesTest
2025-10-10T17:16:58.7364466Z [INFO] Running org.apache.ibatis.submitted.cglib_lazy_error.CglibNPELazyTest
2025-10-10T17:16:58.7631653Z [INFO] Tests run: 5, Failures: 0, Errors: 0, Skipped: 0, Time elapsed: 0.025 s -- in org.apache.ibatis.submitted.cglib_lazy_error.CglibNPELazyTest
2025-10-10T17:16:58.7638319Z [INFO] Running org.apache.ibatis.submitted.cglib_lazy_error.CglibNPETest
2025-10-10T17:16:58.7821553Z [INFO] Tests run: 7, Failures: 0, Errors: 0, Skipped: 0, Time elapsed: 0.020 s -- in org.apache.ibatis.submitted.cglib_lazy_error.CglibNPETest
2025-10-10T17:16:58.7822927Z [INFO] Running org.apache.ibatis.submitted.annotion_many_one_add_columnprefix.OneManyColumnPrefixTest
2025-10-10T17:16:58.8052104Z [INFO] Tests run: 4, Failures: 0, Errors: 0, Skipped: 0, Time elapsed: 0.022 s -- in org.apache.ibatis.submitted.annotion_many_one_add_columnprefix.OneManyColumnPrefixTest
2025-10-10T17:16:58.8053417Z [INFO] Running org.apache.ibatis.submitted.selectkey.SelectKeyTest
2025-10-10T17:16:59.1018791Z [WARNING] Tests run: 21, Failures: 0, Errors: 0, Skipped: 2, Time elapsed: 0.294 s -- in org.apache.ibatis.submitted.selectkey.SelectKeyTest
2025-10-10T17:16:59.1020736Z [INFO] Running org.apache.ibatis.submitted.complex_property.ComponentTest
2025-10-10T17:16:59.1205432Z [INFO] Tests run: 1, Failures: 0, Errors: 0, Skipped: 0, Time elapsed: 0.019 s -- in org.apache.ibatis.submitted.complex_property.ComponentTest
2025-10-10T17:16:59.1206923Z [INFO] Running org.apache.ibatis.submitted.sptests.SPTest
2025-10-10T17:16:59.1768401Z [INFO] Tests run: 32, Failures: 0, Errors: 0, Skipped: 0, Time elapsed: 0.056 s -- in org.apache.ibatis.submitted.sptests.SPTest
2025-10-10T17:16:59.1785788Z [INFO] Running org.apache.ibatis.submitted.permissions.PermissionsTest
2025-10-10T17:16:59.2048234Z [INFO] Tests run: 3, Failures: 0, Errors: 0, Skipped: 0, Time elapsed: 0.027 s -- in org.apache.ibatis.submitted.permissions.PermissionsTest
2025-10-10T17:16:59.2054569Z [INFO] Running org.apache.ibatis.submitted.lazy_properties.LazyPropertiesTest
2025-10-10T17:16:59.2945789Z [INFO] Tests run: 9, Failures: 0, Errors: 0, Skipped: 0, Time elapsed: 0.087 s -- in org.apache.ibatis.submitted.lazy_properties.LazyPropertiesTest
2025-10-10T17:16:59.2950371Z [INFO] Running org.apache.ibatis.submitted.extendresultmap.ExtendResultMapTest
2025-10-10T17:16:59.3111733Z [INFO] Tests run: 1, Failures: 0, Errors: 0, Skipped: 0, Time elapsed: 0.018 s -- in org.apache.ibatis.submitted.extendresultmap.ExtendResultMapTest
2025-10-10T17:16:59.3115864Z [INFO] Running org.apache.ibatis.submitted.cursor_nested.CursorNestedTest
2025-10-10T17:16:59.3294825Z [INFO] Tests run: 2, Failures: 0, Errors: 0, Skipped: 0, Time elapsed: 0.018 s -- in org.apache.ibatis.submitted.cursor_nested.CursorNestedTest
2025-10-10T17:16:59.3299038Z [INFO] Running org.apache.ibatis.submitted.disallowdotsonnames.DisallowDotsOnNamesTest
2025-10-10T17:16:59.3469148Z [INFO] Tests run: 1, Failures: 0, Errors: 0, Skipped: 0, Time elapsed: 0.016 s -- in org.apache.ibatis.submitted.disallowdotsonnames.DisallowDotsOnNamesTest
2025-10-10T17:16:59.3473390Z [INFO] Running org.apache.ibatis.submitted.dirty_select.DirtySelectTest
2025-10-10T17:16:59.4780905Z [INFO] Tests run: 6, Failures: 0, Errors: 0, Skipped: 0, Time elapsed: 0.129 s -- in org.apache.ibatis.submitted.dirty_select.DirtySelectTest
2025-10-10T17:16:59.4782119Z [INFO] Running org.apache.ibatis.submitted.criterion.CriterionTest
2025-10-10T17:16:59.4859747Z [INFO] Tests run: 1, Failures: 0, Errors: 0, Skipped: 0, Time elapsed: 0.009 s -- in org.apache.ibatis.submitted.criterion.CriterionTest
2025-10-10T17:16:59.4865037Z [INFO] Running org.apache.ibatis.submitted.automapping.AutomappingTest
2025-10-10T17:16:59.5127264Z [INFO] Tests run: 10, Failures: 0, Errors: 0, Skipped: 0, Time elapsed: 0.027 s -- in org.apache.ibatis.submitted.automapping.AutomappingTest
2025-10-10T17:16:59.5129657Z [INFO] Running org.apache.ibatis.submitted.global_variables_defaults.CustomizationTest
2025-10-10T17:16:59.5414858Z [INFO] Tests run: 2, Failures: 0, Errors: 0, Skipped: 0, Time elapsed: 0.029 s -- in org.apache.ibatis.submitted.global_variables_defaults.CustomizationTest
2025-10-10T17:16:59.5419706Z [INFO] Running org.apache.ibatis.submitted.global_variables_defaults.AnnotationMapperTest
2025-10-10T17:16:59.5519574Z [INFO] Tests run: 2, Failures: 0, Errors: 0, Skipped: 0, Time elapsed: 0.010 s -- in org.apache.ibatis.submitted.global_variables_defaults.AnnotationMapperTest
2025-10-10T17:16:59.5524280Z [INFO] Running org.apache.ibatis.submitted.global_variables_defaults.XmlMapperTest
2025-10-10T17:16:59.5662020Z [INFO] Tests run: 2, Failures: 0, Errors: 0, Skipped: 0, Time elapsed: 0.014 s -- in org.apache.ibatis.submitted.global_variables_defaults.XmlMapperTest
2025-10-10T17:16:59.5665976Z [INFO] Running org.apache.ibatis.submitted.global_variables_defaults.ConfigurationTest
2025-10-10T17:16:59.5748998Z [INFO] Tests run: 3, Failures: 0, Errors: 0, Skipped: 0, Time elapsed: 0.008 s -- in org.apache.ibatis.submitted.global_variables_defaults.ConfigurationTest
2025-10-10T17:16:59.5753372Z [INFO] Running org.apache.ibatis.submitted.result_set_type.ResultSetTypeTest
2025-10-10T17:16:59.5979530Z [INFO] Tests run: 3, Failures: 0, Errors: 0, Skipped: 0, Time elapsed: 0.024 s -- in org.apache.ibatis.submitted.result_set_type.ResultSetTypeTest
2025-10-10T17:16:59.5982076Z [INFO] Running org.apache.ibatis.submitted.multiple_discriminator.MultipleDiscriminatorTest
2025-10-10T17:16:59.6186634Z [INFO] Tests run: 3, Failures: 0, Errors: 0, Skipped: 0, Time elapsed: 0.020 s -- in org.apache.ibatis.submitted.multiple_discriminator.MultipleDiscriminatorTest
2025-10-10T17:16:59.6190588Z [INFO] Running org.apache.ibatis.submitted.timezone_edge_case.TimezoneEdgeCaseTest
2025-10-10T17:16:59.6365857Z [INFO] Tests run: 4, Failures: 0, Errors: 0, Skipped: 0, Time elapsed: 0.017 s -- in org.apache.ibatis.submitted.timezone_edge_case.TimezoneEdgeCaseTest
2025-10-10T17:16:59.6368745Z [INFO] Running org.apache.ibatis.submitted.record_type.RecordTypeTest
2025-10-10T17:16:59.6594705Z [INFO] Tests run: 4, Failures: 0, Errors: 0, Skipped: 0, Time elapsed: 0.021 s -- in org.apache.ibatis.submitted.record_type.RecordTypeTest
2025-10-10T17:16:59.6597193Z [INFO] Running org.apache.ibatis.submitted.default_method.DefaultMethodTest
2025-10-10T17:16:59.6810528Z [INFO] Tests run: 3, Failures: 0, Errors: 0, Skipped: 0, Time elapsed: 0.022 s -- in org.apache.ibatis.submitted.default_method.DefaultMethodTest
2025-10-10T17:16:59.6815144Z [INFO] Running org.apache.ibatis.submitted.encoding.EncodingTest
2025-10-10T17:16:59.6968918Z [INFO] Tests run: 2, Failures: 0, Errors: 0, Skipped: 0, Time elapsed: 0.015 s -- in org.apache.ibatis.submitted.encoding.EncodingTest
2025-10-10T17:16:59.6974439Z [INFO] Running org.apache.ibatis.submitted.call_setters_on_nulls.DoNotCallSettersOnNullsTest
2025-10-10T17:16:59.7282113Z [INFO] Tests run: 3, Failures: 0, Errors: 0, Skipped: 0, Time elapsed: 0.031 s -- in org.apache.ibatis.submitted.call_setters_on_nulls.DoNotCallSettersOnNullsTest
2025-10-10T17:16:59.7283616Z [INFO] Running org.apache.ibatis.submitted.call_setters_on_nulls.CallSettersOnNullsTest
2025-10-10T17:16:59.7404377Z [INFO] Tests run: 5, Failures: 0, Errors: 0, Skipped: 0, Time elapsed: 0.011 s -- in org.apache.ibatis.submitted.call_setters_on_nulls.CallSettersOnNullsTest
2025-10-10T17:16:59.7406059Z [INFO] Running org.apache.ibatis.submitted.resolution.javamethods.JavaMethodsTest
2025-10-10T17:16:59.7588125Z [INFO] Tests run: 1, Failures: 0, Errors: 0, Skipped: 0, Time elapsed: 0.019 s -- in org.apache.ibatis.submitted.resolution.javamethods.JavaMethodsTest
2025-10-10T17:16:59.7594159Z [INFO] Running org.apache.ibatis.submitted.resolution.cacherefs.CacheRefsTest
2025-10-10T17:16:59.7848560Z [INFO] Tests run: 1, Failures: 0, Errors: 0, Skipped: 0, Time elapsed: 0.025 s -- in org.apache.ibatis.submitted.resolution.cacherefs.CacheRefsTest
2025-10-10T17:16:59.7855316Z [INFO] Running org.apache.ibatis.submitted.resolution.cachereffromxml.CacheRefFromXmlTest
2025-10-10T17:16:59.8074387Z [INFO] Tests run: 1, Failures: 0, Errors: 0, Skipped: 0, Time elapsed: 0.021 s -- in org.apache.ibatis.submitted.resolution.cachereffromxml.CacheRefFromXmlTest
2025-10-10T17:16:59.8083233Z [INFO] Running org.apache.ibatis.submitted.resolution.deepresultmap.DeepResultMapTest
2025-10-10T17:16:59.8376681Z [INFO] Tests run: 1, Failures: 0, Errors: 0, Skipped: 0, Time elapsed: 0.031 s -- in org.apache.ibatis.submitted.resolution.deepresultmap.DeepResultMapTest
2025-10-10T17:16:59.8382087Z [INFO] Running org.apache.ibatis.submitted.parent_childs.ParentChildTest
2025-10-10T17:16:59.8667754Z [INFO] Tests run: 2, Failures: 0, Errors: 0, Skipped: 0, Time elapsed: 0.026 s -- in org.apache.ibatis.submitted.parent_childs.ParentChildTest
2025-10-10T17:16:59.8671874Z [INFO] Running org.apache.ibatis.submitted.typehandlerinjection.TypeHandlerInjectionTest
2025-10-10T17:16:59.8914319Z [INFO] Tests run: 1, Failures: 0, Errors: 0, Skipped: 0, Time elapsed: 0.024 s -- in org.apache.ibatis.submitted.typehandlerinjection.TypeHandlerInjectionTest
2025-10-10T17:16:59.8917100Z [INFO] Running org.apache.ibatis.submitted.propertiesinmapperfiles.PropertiesInMappersTest
2025-10-10T17:16:59.9058545Z [INFO] Tests run: 1, Failures: 0, Errors: 0, Skipped: 0, Time elapsed: 0.016 s -- in org.apache.ibatis.submitted.propertiesinmapperfiles.PropertiesInMappersTest
2025-10-10T17:16:59.9083384Z [INFO] Running org.apache.ibatis.submitted.deferload_common_property.CommonPropertyDeferLoadTest
2025-10-10T17:16:59.9304885Z [INFO] Tests run: 4, Failures: 0, Errors: 0, Skipped: 0, Time elapsed: 0.025 s -- in org.apache.ibatis.submitted.deferload_common_property.CommonPropertyDeferLoadTest
2025-10-10T17:16:59.9306135Z [INFO] Running org.apache.ibatis.submitted.choosewhen.ChooseWhenTest
2025-10-10T17:16:59.9718244Z [INFO] Tests run: 1, Failures: 0, Errors: 0, Skipped: 0, Time elapsed: 0.040 s -- in org.apache.ibatis.submitted.choosewhen.ChooseWhenTest
2025-10-10T17:16:59.9723661Z [INFO] Running org.apache.ibatis.submitted.constructor_automapping.ConstructorAutomappingTest
2025-10-10T17:16:59.9812051Z [INFO] Tests run: 1, Failures: 0, Errors: 0, Skipped: 0, Time elapsed: 0.008 s -- in org.apache.ibatis.submitted.constructor_automapping.ConstructorAutomappingTest
2025-10-10T17:16:59.9818208Z [INFO] Running org.apache.ibatis.submitted.association_nested.FolderMapperTest
2025-10-10T17:16:59.9942959Z [INFO] Tests run: 1, Failures: 0, Errors: 0, Skipped: 0, Time elapsed: 0.013 s -- in org.apache.ibatis.submitted.association_nested.FolderMapperTest
2025-10-10T17:16:59.9947524Z [INFO] Running org.apache.ibatis.submitted.optional_on_mapper_method.OptionalOnMapperMethodTest
2025-10-10T17:17:00.0729289Z [INFO] Tests run: 5, Failures: 0, Errors: 0, Skipped: 0, Time elapsed: 0.078 s -- in org.apache.ibatis.submitted.optional_on_mapper_method.OptionalOnMapperMethodTest
2025-10-10T17:17:00.0733801Z [INFO] Running org.apache.ibatis.submitted.complex_type.ComplexTypeTest
2025-10-10T17:17:00.0853732Z [INFO] Tests run: 1, Failures: 0, Errors: 0, Skipped: 0, Time elapsed: 0.012 s -- in org.apache.ibatis.submitted.complex_type.ComplexTypeTest
2025-10-10T17:17:00.0856201Z [INFO] Running org.apache.ibatis.submitted.lazy_immutable.ImmutablePOJOTest
2025-10-10T17:17:00.0979134Z [INFO] Tests run: 1, Failures: 0, Errors: 0, Skipped: 0, Time elapsed: 0.012 s -- in org.apache.ibatis.submitted.lazy_immutable.ImmutablePOJOTest
2025-10-10T17:17:00.0984068Z [INFO] Running org.apache.ibatis.submitted.column_forwarding.ColumnForwardingTest
2025-10-10T17:17:00.1120578Z [INFO] Tests run: 2, Failures: 0, Errors: 0, Skipped: 0, Time elapsed: 0.014 s -- in org.apache.ibatis.submitted.column_forwarding.ColumnForwardingTest
2025-10-10T17:17:00.1126031Z [INFO] Running org.apache.ibatis.submitted.call_setters_on_nulls_again.MyBatisTest
2025-10-10T17:17:00.1248649Z [INFO] Tests run: 1, Failures: 0, Errors: 0, Skipped: 0, Time elapsed: 0.012 s -- in org.apache.ibatis.submitted.call_setters_on_nulls_again.MyBatisTest
2025-10-10T17:17:00.1252450Z [INFO] Running org.apache.ibatis.submitted.constructor_columnprefix.ConstructorColumnPrefixTest
2025-10-10T17:17:00.1403518Z [INFO] Tests run: 2, Failures: 0, Errors: 0, Skipped: 0, Time elapsed: 0.015 s -- in org.apache.ibatis.submitted.constructor_columnprefix.ConstructorColumnPrefixTest
2025-10-10T17:17:00.1408443Z [INFO] Running org.apache.ibatis.submitted.unmatched_prop_type.UnmatchedPropTypeTest
2025-10-10T17:17:00.1517586Z [INFO] Tests run: 1, Failures: 0, Errors: 0, Skipped: 0, Time elapsed: 0.011 s -- in org.apache.ibatis.submitted.unmatched_prop_type.UnmatchedPropTypeTest
2025-10-10T17:17:00.1521012Z [INFO] Running org.apache.ibatis.submitted.extends_with_constructor.NpeExtendsTest
2025-10-10T17:17:00.2128075Z [INFO] Tests run: 4, Failures: 0, Errors: 0, Skipped: 0, Time elapsed: 0.059 s -- in org.apache.ibatis.submitted.extends_with_constructor.NpeExtendsTest
2025-10-10T17:17:00.2131967Z [INFO] Running org.apache.ibatis.submitted.awful_table.AwfulTableTest
2025-10-10T17:17:00.2346718Z [INFO] Tests run: 1, Failures: 0, Errors: 0, Skipped: 0, Time elapsed: 0.022 s -- in org.apache.ibatis.submitted.awful_table.AwfulTableTest
2025-10-10T17:17:00.2347790Z [INFO] Running org.apache.ibatis.submitted.result_handler_type.DefaultResultHandlerTypeTest
2025-10-10T17:17:00.2547096Z [INFO] Tests run: 3, Failures: 0, Errors: 0, Skipped: 0, Time elapsed: 0.019 s -- in org.apache.ibatis.submitted.result_handler_type.DefaultResultHandlerTypeTest
2025-10-10T17:17:00.2548814Z [INFO] Running org.apache.ibatis.datasource.jndi.JndiDataSourceFactoryTest
2025-10-10T17:17:00.3515309Z [INFO] Tests run: 1, Failures: 0, Errors: 0, Skipped: 0, Time elapsed: 0.097 s -- in org.apache.ibatis.datasource.jndi.JndiDataSourceFactoryTest
2025-10-10T17:17:00.3516470Z [INFO] Running org.apache.ibatis.datasource.pooled.PooledDataSourceTest
2025-10-10T17:17:02.3636619Z [INFO] Tests run: 5, Failures: 0, Errors: 0, Skipped: 0, Time elapsed: 2.012 s -- in org.apache.ibatis.datasource.pooled.PooledDataSourceTest
2025-10-10T17:17:02.3637465Z [INFO] Running org.apache.ibatis.datasource.pooled.MysqlTimeoutTest
2025-10-10T17:17:05.3768631Z [INFO] Tests run: 1, Failures: 0, Errors: 0, Skipped: 0, Time elapsed: 3.013 s -- in org.apache.ibatis.datasource.pooled.MysqlTimeoutTest
2025-10-10T17:17:05.3770187Z [INFO] Running org.apache.ibatis.datasource.unpooled.NetworkTimeoutTest
2025-10-10T17:17:05.3868140Z [INFO] Tests run: 2, Failures: 0, Errors: 0, Skipped: 0, Time elapsed: 0.010 s -- in org.apache.ibatis.datasource.unpooled.NetworkTimeoutTest
2025-10-10T17:17:05.3871248Z [INFO] Running org.apache.ibatis.datasource.unpooled.UnpooledDataSourceTest
2025-10-10T17:17:05.3890290Z [WARNING] Tests run: 2, Failures: 0, Errors: 0, Skipped: 1, Time elapsed: 0.002 s -- in org.apache.ibatis.datasource.unpooled.UnpooledDataSourceTest
2025-10-10T17:17:05.3891046Z [INFO] Running org.apache.ibatis.builder.xml.dynamic.ExpressionEvaluatorTest
2025-10-10T17:17:05.3999286Z [INFO] Tests run: 8, Failures: 0, Errors: 0, Skipped: 0, Time elapsed: 0.011 s -- in org.apache.ibatis.builder.xml.dynamic.ExpressionEvaluatorTest
2025-10-10T17:17:05.4002176Z [INFO] Running org.apache.ibatis.builder.xml.dynamic.DynamicSqlSourceTest
2025-10-10T17:17:07.8297053Z [INFO] Tests run: 28, Failures: 0, Errors: 0, Skipped: 0, Time elapsed: 2.429 s -- in org.apache.ibatis.builder.xml.dynamic.DynamicSqlSourceTest
2025-10-10T17:17:07.8299126Z [INFO] Running org.apache.ibatis.builder.XmlConfigBuilderTest
2025-10-10T17:17:07.8428773Z [INFO] Tests run: 9, Failures: 0, Errors: 0, Skipped: 0, Time elapsed: 0.013 s -- in org.apache.ibatis.builder.XmlConfigBuilderTest
2025-10-10T17:17:07.8434640Z [INFO] Running org.apache.ibatis.builder.xsd.XmlConfigBuilderTest
2025-10-10T17:17:07.8490662Z [WARNING] Tests run: 2, Failures: 0, Errors: 0, Skipped: 2, Time elapsed: 0.001 s -- in org.apache.ibatis.builder.xsd.XmlConfigBuilderTest
2025-10-10T17:17:07.8492144Z [INFO] Running org.apache.ibatis.builder.xsd.XmlMapperBuilderTest
2025-10-10T17:17:07.8514022Z [WARNING] Tests run: 1, Failures: 0, Errors: 0, Skipped: 1, Time elapsed: 0 s -- in org.apache.ibatis.builder.xsd.XmlMapperBuilderTest
2025-10-10T17:17:07.8519967Z [INFO] Running org.apache.ibatis.builder.ParameterExpressionTest
2025-10-10T17:17:07.8555199Z [INFO] Tests run: 14, Failures: 0, Errors: 0, Skipped: 0, Time elapsed: 0.006 s -- in org.apache.ibatis.builder.ParameterExpressionTest
2025-10-10T17:17:07.8561366Z [INFO] Running org.apache.ibatis.builder.XmlMapperBuilderTest
2025-10-10T17:17:07.8744566Z [INFO] Tests run: 16, Failures: 0, Errors: 0, Skipped: 0, Time elapsed: 0.023 s -- in org.apache.ibatis.builder.XmlMapperBuilderTest
2025-10-10T17:17:07.8747288Z [INFO] Running org.apache.ibatis.builder.ResultMappingConstructorResolverTest
2025-10-10T17:17:07.8832626Z [INFO] Running org.apache.ibatis.builder.ResultMappingConstructorResolverTest$MetaInfoTests
2025-10-10T17:17:07.9165569Z [INFO] Tests run: 18, Failures: 0, Errors: 0, Skipped: 0, Time elapsed: 0.030 s -- in org.apache.ibatis.builder.ResultMappingConstructorResolverTest$MetaInfoTests
2025-10-10T17:17:07.9190657Z [INFO] Tests run: 0, Failures: 0, Errors: 0, Skipped: 0, Time elapsed: 0.042 s -- in org.apache.ibatis.builder.ResultMappingConstructorResolverTest
2025-10-10T17:17:07.9193272Z [INFO] Running org.apache.ibatis.builder.AnnotationMapperBuilderTest
2025-10-10T17:17:07.9212398Z [INFO] Tests run: 5, Failures: 0, Errors: 0, Skipped: 0, Time elapsed: 0.006 s -- in org.apache.ibatis.builder.AnnotationMapperBuilderTest
2025-10-10T17:17:07.9213713Z [INFO] Running org.apache.ibatis.builder.SqlSourceBuilderTest
2025-10-10T17:17:07.9228181Z [INFO] Tests run: 1, Failures: 0, Errors: 0, Skipped: 0, Time elapsed: 0 s -- in org.apache.ibatis.builder.SqlSourceBuilderTest
2025-10-10T17:17:07.9233908Z [INFO] Running org.apache.ibatis.transaction.jdbc.JdbcTransactionWithConnectionTest
2025-10-10T17:17:07.9331078Z [INFO] Tests run: 8, Failures: 0, Errors: 0, Skipped: 0, Time elapsed: 0.011 s -- in org.apache.ibatis.transaction.jdbc.JdbcTransactionWithConnectionTest
2025-10-10T17:17:07.9340510Z [INFO] Running org.apache.ibatis.transaction.jdbc.JdbcTransactionFactoryTest
2025-10-10T17:17:07.9355504Z [INFO] Tests run: 2, Failures: 0, Errors: 0, Skipped: 0, Time elapsed: 0.002 s -- in org.apache.ibatis.transaction.jdbc.JdbcTransactionFactoryTest
2025-10-10T17:17:07.9356854Z [INFO] Running org.apache.ibatis.transaction.jdbc.JdbcTransactionWithDataSourceTest
2025-10-10T17:17:07.9577897Z [INFO] Tests run: 9, Failures: 0, Errors: 0, Skipped: 0, Time elapsed: 0.021 s -- in org.apache.ibatis.transaction.jdbc.JdbcTransactionWithDataSourceTest
2025-10-10T17:17:07.9580236Z [INFO] Running org.apache.ibatis.transaction.jdbc.JdbcTransactionTest
2025-10-10T17:17:07.9593895Z [INFO] Tests run: 1, Failures: 0, Errors: 0, Skipped: 0, Time elapsed: 0.002 s -- in org.apache.ibatis.transaction.jdbc.JdbcTransactionTest
2025-10-10T17:17:07.9595140Z [INFO] Running org.apache.ibatis.transaction.jdbc.JdbcTransactionFactoryUnitTest
2025-10-10T17:17:08.0347790Z [INFO] Tests run: 4, Failures: 0, Errors: 0, Skipped: 0, Time elapsed: 0.074 s -- in org.apache.ibatis.transaction.jdbc.JdbcTransactionFactoryUnitTest
2025-10-10T17:17:08.0349206Z [INFO] Running org.apache.ibatis.transaction.managed.ManagedTransactionFactoryUnitTest
2025-10-10T17:17:08.0429173Z [INFO] Tests run: 3, Failures: 0, Errors: 0, Skipped: 0, Time elapsed: 0.008 s -- in org.apache.ibatis.transaction.managed.ManagedTransactionFactoryUnitTest
2025-10-10T17:17:08.0431190Z [INFO] Running org.apache.ibatis.transaction.managed.ManagedTransactionWithConnectionTest
2025-10-10T17:17:08.0481339Z [INFO] Tests run: 6, Failures: 0, Errors: 0, Skipped: 0, Time elapsed: 0.005 s -- in org.apache.ibatis.transaction.managed.ManagedTransactionWithConnectionTest
2025-10-10T17:17:08.0482354Z [INFO] Running org.apache.ibatis.transaction.managed.ManagedTransactionWithDataSourceTest
2025-10-10T17:17:08.0542754Z [INFO] Tests run: 6, Failures: 0, Errors: 0, Skipped: 0, Time elapsed: 0.006 s -- in org.apache.ibatis.transaction.managed.ManagedTransactionWithDataSourceTest
2025-10-10T17:17:08.0544305Z [INFO] Running org.apache.ibatis.transaction.managed.ManagedTransactionFactoryTest
2025-10-10T17:17:08.0579718Z [INFO] Tests run: 2, Failures: 0, Errors: 0, Skipped: 0, Time elapsed: 0.003 s -- in org.apache.ibatis.transaction.managed.ManagedTransactionFactoryTest
2025-10-10T17:17:08.0590329Z [INFO] Running org.apache.ibatis.io.VFSTest
2025-10-10T17:17:08.0597210Z 17:17:08.056 ERROR [main] org.apache.ibatis.io.VFS - Method not found org.apache.ibatis.io.VFS.listXxx.  Cause: java.lang.NoSuchMethodException: org.apache.ibatis.io.VFS.listXxx(java.lang.String)
2025-10-10T17:17:08.0639143Z [INFO] Tests run: 5, Failures: 0, Errors: 0, Skipped: 0, Time elapsed: 0.006 s -- in org.apache.ibatis.io.VFSTest
2025-10-10T17:17:08.0642708Z [INFO] Running org.apache.ibatis.io.ResolverUtilTest
2025-10-10T17:17:08.0989963Z [INFO] Tests run: 12, Failures: 0, Errors: 0, Skipped: 0, Time elapsed: 0.035 s -- in org.apache.ibatis.io.ResolverUtilTest
2025-10-10T17:17:08.0994191Z [INFO] Running org.apache.ibatis.io.ClassLoaderWrapperTest
2025-10-10T17:17:08.1051784Z [INFO] Tests run: 9, Failures: 0, Errors: 0, Skipped: 0, Time elapsed: 0.005 s -- in org.apache.ibatis.io.ClassLoaderWrapperTest
2025-10-10T17:17:08.1053528Z [INFO] Running org.apache.ibatis.io.ResourcesTest
2025-10-10T17:17:08.1134310Z [INFO] Tests run: 17, Failures: 0, Errors: 0, Skipped: 0, Time elapsed: 0.010 s -- in org.apache.ibatis.io.ResourcesTest
2025-10-10T17:17:08.1135269Z [INFO] Running org.apache.ibatis.io.ExternalResourcesTest
2025-10-10T17:17:08.1190957Z [INFO] Tests run: 4, Failures: 0, Errors: 0, Skipped: 0, Time elapsed: 0.005 s -- in org.apache.ibatis.io.ExternalResourcesTest
2025-10-10T17:17:08.1192192Z [INFO] Running org.apache.ibatis.session.SqlSessionManagerTest
2025-10-10T17:17:08.2419899Z [INFO] Tests run: 6, Failures: 0, Errors: 0, Skipped: 0, Time elapsed: 0.121 s -- in org.apache.ibatis.session.SqlSessionManagerTest
2025-10-10T17:17:08.2421415Z [INFO] Running org.apache.ibatis.session.defaults.ExtendedSqlSessionFactoryTest
2025-10-10T17:17:08.3532882Z [INFO] Tests run: 1, Failures: 0, Errors: 0, Skipped: 0, Time elapsed: 0.111 s -- in org.apache.ibatis.session.defaults.ExtendedSqlSessionFactoryTest
2025-10-10T17:17:08.3534251Z [INFO] Running org.apache.ibatis.session.AutoMappingUnknownColumnBehaviorTest
2025-10-10T17:17:08.4354892Z 17:17:08.432 WARN  [main] o.a.i.s.AutoMappingUnknownColumnBehavior - Unknown column is detected on 'org.apache.ibatis.session.AutoMappingUnknownColumnBehaviorTest$Mapper.selectSimpleAuthor' auto-mapping. Mapping parameters are [columnName=ID,propertyName=id,propertyType=java.util.concurrent.atomic.AtomicInteger]
2025-10-10T17:17:08.4417680Z [INFO] Tests run: 3, Failures: 0, Errors: 0, Skipped: 0, Time elapsed: 0.087 s -- in org.apache.ibatis.session.AutoMappingUnknownColumnBehaviorTest
2025-10-10T17:17:08.4419220Z [INFO] Running org.apache.ibatis.session.SqlSessionTest
2025-10-10T17:17:08.6618327Z [INFO] Tests run: 59, Failures: 0, Errors: 0, Skipped: 0, Time elapsed: 0.219 s -- in org.apache.ibatis.session.SqlSessionTest
2025-10-10T17:17:08.6620231Z [INFO] Running org.apache.ibatis.cursor.defaults.DefaultCursorTest
2025-10-10T17:17:08.7245575Z [INFO] Tests run: 1, Failures: 0, Errors: 0, Skipped: 0, Time elapsed: 0.064 s -- in org.apache.ibatis.cursor.defaults.DefaultCursorTest
2025-10-10T17:17:08.7246920Z [INFO] Running org.apache.ibatis.cache.CacheKeyTest
2025-10-10T17:17:10.7360679Z [INFO] Tests run: 10, Failures: 0, Errors: 0, Skipped: 0, Time elapsed: 2.010 s -- in org.apache.ibatis.cache.CacheKeyTest
2025-10-10T17:17:10.7362172Z [INFO] Running org.apache.ibatis.cache.BaseCacheTest
2025-10-10T17:17:10.7374494Z [INFO] Tests run: 1, Failures: 0, Errors: 0, Skipped: 0, Time elapsed: 0 s -- in org.apache.ibatis.cache.BaseCacheTest
2025-10-10T17:17:10.7375814Z [INFO] Running org.apache.ibatis.cache.SuperCacheTest
2025-10-10T17:17:11.4963655Z [INFO] Tests run: 1, Failures: 0, Errors: 0, Skipped: 0, Time elapsed: 0.759 s -- in org.apache.ibatis.cache.SuperCacheTest
2025-10-10T17:17:11.4965996Z [INFO] Running org.apache.ibatis.cache.SerializedCacheTest
2025-10-10T17:17:11.4993991Z [INFO] Tests run: 3, Failures: 0, Errors: 0, Skipped: 0, Time elapsed: 0.003 s -- in org.apache.ibatis.cache.SerializedCacheTest
2025-10-10T17:17:11.4996021Z [INFO] Running org.apache.ibatis.cache.SoftCacheTest
2025-10-10T17:17:12.7205368Z [INFO] Tests run: 4, Failures: 0, Errors: 0, Skipped: 0, Time elapsed: 1.220 s -- in org.apache.ibatis.cache.SoftCacheTest
2025-10-10T17:17:12.7206917Z [INFO] Running org.apache.ibatis.cache.LruCacheTest
2025-10-10T17:17:12.7246472Z [INFO] Tests run: 4, Failures: 0, Errors: 0, Skipped: 0, Time elapsed: 0.004 s -- in org.apache.ibatis.cache.LruCacheTest
2025-10-10T17:17:12.7251836Z [INFO] Running org.apache.ibatis.cache.FifoCacheTest
2025-10-10T17:17:12.7267857Z [INFO] Tests run: 4, Failures: 0, Errors: 0, Skipped: 0, Time elapsed: 0.002 s -- in org.apache.ibatis.cache.FifoCacheTest
2025-10-10T17:17:12.7268814Z [INFO] Running org.apache.ibatis.cache.ScheduledCacheTest
2025-10-10T17:17:17.7294529Z [INFO] Tests run: 3, Failures: 0, Errors: 0, Skipped: 0, Time elapsed: 5.002 s -- in org.apache.ibatis.cache.ScheduledCacheTest
2025-10-10T17:17:17.7295556Z [INFO] Running org.apache.ibatis.cache.WeakCacheTest
2025-10-10T17:17:17.7580321Z [INFO] Tests run: 4, Failures: 0, Errors: 0, Skipped: 0, Time elapsed: 0.028 s -- in org.apache.ibatis.cache.WeakCacheTest
2025-10-10T17:17:17.7581750Z [INFO] Running org.apache.ibatis.cache.PerpetualCacheTest
2025-10-10T17:17:17.8222122Z [INFO] Tests run: 5, Failures: 0, Errors: 0, Skipped: 0, Time elapsed: 0.061 s -- in org.apache.ibatis.cache.PerpetualCacheTest
2025-10-10T17:17:17.8233458Z [INFO] Running org.apache.ibatis.binding.WrongNamespacesTest
2025-10-10T17:17:17.8265185Z [INFO] Tests run: 2, Failures: 0, Errors: 0, Skipped: 0, Time elapsed: 0.006 s -- in org.apache.ibatis.binding.WrongNamespacesTest
2025-10-10T17:17:17.8269545Z [INFO] Running org.apache.ibatis.binding.MapperMethodParamTest
2025-10-10T17:17:17.8485588Z [INFO] Tests run: 2, Failures: 0, Errors: 0, Skipped: 0, Time elapsed: 0.020 s -- in org.apache.ibatis.binding.MapperMethodParamTest
2025-10-10T17:17:17.8487282Z [INFO] Running org.apache.ibatis.binding.BindingTest
2025-10-10T17:17:18.2123405Z [INFO] Tests run: 53, Failures: 0, Errors: 0, Skipped: 0, Time elapsed: 0.364 s -- in org.apache.ibatis.binding.BindingTest
2025-10-10T17:17:18.2125909Z [INFO] Running org.apache.ibatis.binding.FlushTest
2025-10-10T17:17:18.3382459Z [INFO] Tests run: 1, Failures: 0, Errors: 0, Skipped: 0, Time elapsed: 0.127 s -- in org.apache.ibatis.binding.FlushTest
2025-10-10T17:17:18.3383709Z [INFO] Running org.apache.ibatis.binding.WrongMapperTest
2025-10-10T17:17:18.3411439Z [INFO] Tests run: 1, Failures: 0, Errors: 0, Skipped: 0, Time elapsed: 0.002 s -- in org.apache.ibatis.binding.WrongMapperTest
2025-10-10T17:17:18.3412562Z [INFO] Running org.apache.ibatis.autoconstructor.AutoConstructorTest
2025-10-10T17:17:18.3660966Z [INFO] Tests run: 6, Failures: 0, Errors: 0, Skipped: 0, Time elapsed: 0.023 s -- in org.apache.ibatis.autoconstructor.AutoConstructorTest
2025-10-10T17:17:18.3666538Z [INFO] Running org.apache.ibatis.logging.jdbc.StatementLoggerTest
2025-10-10T17:17:18.3841139Z [INFO] Tests run: 3, Failures: 0, Errors: 0, Skipped: 0, Time elapsed: 0.018 s -- in org.apache.ibatis.logging.jdbc.StatementLoggerTest
2025-10-10T17:17:18.3852471Z [INFO] Running org.apache.ibatis.logging.jdbc.ConnectionLoggerTest
2025-10-10T17:17:18.4570507Z [INFO] Tests run: 3, Failures: 0, Errors: 0, Skipped: 0, Time elapsed: 0.072 s -- in org.apache.ibatis.logging.jdbc.ConnectionLoggerTest
2025-10-10T17:17:18.4574710Z [INFO] Running org.apache.ibatis.logging.jdbc.BaseJdbcLoggerTest
2025-10-10T17:17:18.4707928Z [INFO] Tests run: 2, Failures: 0, Errors: 0, Skipped: 0, Time elapsed: 0.012 s -- in org.apache.ibatis.logging.jdbc.BaseJdbcLoggerTest
2025-10-10T17:17:18.4711922Z [INFO] Running org.apache.ibatis.logging.jdbc.ResultSetLoggerTest
2025-10-10T17:17:18.4858287Z [INFO] Tests run: 2, Failures: 0, Errors: 0, Skipped: 0, Time elapsed: 0.015 s -- in org.apache.ibatis.logging.jdbc.ResultSetLoggerTest
2025-10-10T17:17:18.4889370Z [INFO] Running org.apache.ibatis.logging.jdbc.PreparedStatementLoggerTest
2025-10-10T17:17:18.4955779Z [INFO] Tests run: 4, Failures: 0, Errors: 0, Skipped: 0, Time elapsed: 0.005 s -- in org.apache.ibatis.logging.jdbc.PreparedStatementLoggerTest
2025-10-10T17:17:18.4961057Z [INFO] Running org.apache.ibatis.logging.LogFactoryTest
2025-10-10T17:17:18.7311758Z 2025-10-10T17:17:18.725367064Z main ERROR Error message.
2025-10-10T17:17:18.7312667Z 2025-10-10T17:17:18.726443781Z main ERROR Error with Exception.
2025-10-10T17:17:18.7315319Z java.lang.Exception: Test exception.
2025-10-10T17:17:18.7323652Z Error message.
2025-10-10T17:17:18.7324332Z 	at org.apache.ibatis.logging.LogFactoryTest.logSomething(LogFactoryTest.java:112)
2025-10-10T17:17:18.7325211Z Error with Exception.
2025-10-10T17:17:18.7325663Z java.lang.Exception: Test exception.
2025-10-10T17:17:18.7326494Z 	at org.apache.ibatis.logging.LogFactoryTest.logSomething(LogFactoryTest.java:112)
2025-10-10T17:17:18.7327678Z 	at org.apache.ibatis.logging.LogFactoryTest.shouldUseStdOut(LogFactoryTest.java:85)
2025-10-10T17:17:18.7328889Z 	at java.base/jdk.internal.reflect.NativeMethodAccessorImpl.invoke0(Native Method)
2025-10-10T17:17:18.7330397Z 	at java.base/jdk.internal.reflect.NativeMethodAccessorImpl.invoke(NativeMethodAccessorImpl.java:77)
2025-10-10T17:17:18.7331910Z 	at java.base/jdk.internal.reflect.DelegatingMethodAccessorImpl.invoke(DelegatingMethodAccessorImpl.java:43)
2025-10-10T17:17:18.7333150Z 	at java.base/java.lang.reflect.Method.invoke(Method.java:569)
2025-10-10T17:17:18.7334183Z 	at org.junit.platform.commons.util.ReflectionUtils.invokeMethod(ReflectionUtils.java:701)
2025-10-10T17:17:18.7335545Z 	at org.junit.platform.commons.support.ReflectionSupport.invokeMethod(ReflectionSupport.java:502)
2025-10-10T17:17:18.7336931Z 	at org.junit.jupiter.engine.support.MethodReflectionUtils.invoke(MethodReflectionUtils.java:45)
2025-10-10T17:17:18.7338255Z 	at org.junit.jupiter.engine.execution.MethodInvocation.proceed(MethodInvocation.java:61)
2025-10-10T17:17:18.7340373Z 	at org.junit.jupiter.engine.execution.InvocationInterceptorChain$ValidatingInvocation.proceed(InvocationInterceptorChain.java:124)
2025-10-10T17:17:18.7342043Z 	at org.junit.jupiter.engine.extension.TimeoutExtension.intercept(TimeoutExtension.java:163)
2025-10-10T17:17:18.7343498Z 	at org.junit.jupiter.engine.extension.TimeoutExtension.interceptTestableMethod(TimeoutExtension.java:148)
2025-10-10T17:17:18.7345241Z 	at org.junit.jupiter.engine.extension.TimeoutExtension.interceptTestMethod(TimeoutExtension.java:86)
2025-10-10T17:17:18.7347046Z 	at org.junit.jupiter.engine.execution.InterceptingExecutableInvoker$ReflectiveInterceptorCall.lambda$ofVoidMethod$0(InterceptingExecutableInvoker.java:123)
2025-10-10T17:17:18.7361573Z 	at org.junit.jupiter.engine.execution.InterceptingExecutableInvoker.lambda$invoke$0(InterceptingExecutableInvoker.java:105)
2025-10-10T17:17:18.7363508Z 	at org.junit.jupiter.engine.execution.InvocationInterceptorChain$InterceptedInvocation.proceed(InvocationInterceptorChain.java:99)
2025-10-10T17:17:18.7365413Z 	at org.junit.jupiter.engine.execution.InvocationInterceptorChain.proceed(InvocationInterceptorChain.java:66)
2025-10-10T17:17:18.7367777Z 	at org.junit.jupiter.engine.execution.InvocationInterceptorChain.chainAndInvoke(InvocationInterceptorChain.java:47)
2025-10-10T17:17:18.7372282Z 	at org.junit.jupiter.engine.execution.InvocationInterceptorChain.invoke(InvocationInterceptorChain.java:39)
2025-10-10T17:17:18.7373642Z 	at org.apache.ibatis.logging.LogFactoryTest.shouldUseLog4J2(LogFactoryTest.java:61)
2025-10-10T17:17:18.7408065Z 	at org.junit.jupiter.engine.execution.InterceptingExecutableInvoker.invoke(InterceptingExecutableInvoker.java:104)
2025-10-10T17:17:18.7409707Z 	at org.junit.jupiter.engine.execution.InterceptingExecutableInvoker.invoke(InterceptingExecutableInvoker.java:98)
2025-10-10T17:17:18.7411539Z 	at org.junit.jupiter.engine.execution.InterceptingExecutableInvoker.invokeVoid(InterceptingExecutableInvoker.java:71)
2025-10-10T17:17:18.7413131Z 	at org.junit.jupiter.engine.descriptor.TestMethodTestDescriptor.lambda$invokeTestMethod$0(TestMethodTestDescriptor.java:219)
2025-10-10T17:17:18.7414548Z 	at org.junit.platform.engine.support.hierarchical.ThrowableCollector.execute(ThrowableCollector.java:74)
2025-10-10T17:17:18.7415915Z 	at org.junit.jupiter.engine.descriptor.TestMethodTestDescriptor.invokeTestMethod(TestMethodTestDescriptor.java:215)
2025-10-10T17:17:18.7417484Z 	at org.junit.jupiter.engine.descriptor.TestMethodTestDescriptor.execute(TestMethodTestDescriptor.java:157)
2025-10-10T17:17:18.7418979Z 	at org.junit.jupiter.engine.descriptor.TestMethodTestDescriptor.execute(TestMethodTestDescriptor.java:70)
2025-10-10T17:17:18.7420695Z 	at org.junit.platform.engine.support.hierarchical.NodeTestTask.lambda$executeRecursively$2(NodeTestTask.java:176)
2025-10-10T17:17:18.7422185Z 	at org.junit.platform.engine.support.hierarchical.ThrowableCollector.execute(ThrowableCollector.java:74)
2025-10-10T17:17:18.7423642Z 	at org.junit.platform.engine.support.hierarchical.NodeTestTask.lambda$executeRecursively$1(NodeTestTask.java:166)
2025-10-10T17:17:18.7424879Z 	at org.junit.platform.engine.support.hierarchical.Node.around(Node.java:138)
2025-10-10T17:17:18.7426107Z 	at org.junit.platform.engine.support.hierarchical.NodeTestTask.lambda$executeRecursively$0(NodeTestTask.java:164)
2025-10-10T17:17:18.7427528Z 	at org.junit.platform.engine.support.hierarchical.ThrowableCollector.execute(ThrowableCollector.java:74)
2025-10-10T17:17:18.7428977Z 	at org.junit.platform.engine.support.hierarchical.NodeTestTask.executeRecursively(NodeTestTask.java:163)
2025-10-10T17:17:18.7430572Z 	at org.junit.platform.engine.support.hierarchical.NodeTestTask.execute(NodeTestTask.java:116)
2025-10-10T17:17:18.7431565Z 	at java.base/java.util.ArrayList.forEach(ArrayList.java:1511)
2025-10-10T17:17:18.7433072Z 	at org.junit.platform.engine.support.hierarchical.SameThreadHierarchicalTestExecutorService.invokeAll(SameThreadHierarchicalTestExecutorService.java:42)
2025-10-10T17:17:18.7435325Z 	at org.junit.platform.engine.support.hierarchical.NodeTestTask.lambda$executeRecursively$2(NodeTestTask.java:180)
2025-10-10T17:17:18.7436762Z 	at org.junit.platform.engine.support.hierarchical.ThrowableCollector.execute(ThrowableCollector.java:74)
2025-10-10T17:17:18.7438229Z 	at org.junit.platform.engine.support.hierarchical.NodeTestTask.lambda$executeRecursively$1(NodeTestTask.java:166)
2025-10-10T17:17:18.7439427Z 	at org.junit.platform.engine.support.hierarchical.Node.around(Node.java:138)
2025-10-10T17:17:18.7440970Z 	at org.junit.platform.engine.support.hierarchical.NodeTestTask.lambda$executeRecursively$0(NodeTestTask.java:164)
2025-10-10T17:17:18.7442497Z 	at org.junit.platform.engine.support.hierarchical.ThrowableCollector.execute(ThrowableCollector.java:74)
2025-10-10T17:17:18.7443990Z 	at org.junit.platform.engine.support.hierarchical.NodeTestTask.executeRecursively(NodeTestTask.java:163)
2025-10-10T17:17:18.7445381Z 	at org.junit.platform.engine.support.hierarchical.NodeTestTask.execute(NodeTestTask.java:116)
2025-10-10T17:17:18.7446378Z 	at java.base/java.util.ArrayList.forEach(ArrayList.java:1511)
2025-10-10T17:17:18.7447948Z 	at org.junit.platform.engine.support.hierarchical.SameThreadHierarchicalTestExecutorService.invokeAll(SameThreadHierarchicalTestExecutorService.java:42)
2025-10-10T17:17:18.7450512Z 	at org.junit.platform.engine.support.hierarchical.NodeTestTask.lambda$executeRecursively$2(NodeTestTask.java:180)
2025-10-10T17:17:18.7452041Z 	at org.junit.platform.engine.support.hierarchical.ThrowableCollector.execute(ThrowableCollector.java:74)
2025-10-10T17:17:18.7453536Z 	at org.junit.platform.engine.support.hierarchical.NodeTestTask.lambda$executeRecursively$1(NodeTestTask.java:166)
2025-10-10T17:17:18.7454847Z 	at org.junit.platform.engine.support.hierarchical.Node.around(Node.java:138)
2025-10-10T17:17:18.7456118Z 	at org.junit.platform.engine.support.hierarchical.NodeTestTask.lambda$executeRecursively$0(NodeTestTask.java:164)
2025-10-10T17:17:18.7457689Z 	at org.junit.platform.engine.support.hierarchical.ThrowableCollector.execute(ThrowableCollector.java:74)
2025-10-10T17:17:18.7459156Z 	at org.junit.platform.engine.support.hierarchical.NodeTestTask.executeRecursively(NodeTestTask.java:163)
2025-10-10T17:17:18.7460808Z 	at org.junit.platform.engine.support.hierarchical.NodeTestTask.execute(NodeTestTask.java:116)
2025-10-10T17:17:18.7462718Z 	at org.junit.platform.engine.support.hierarchical.SameThreadHierarchicalTestExecutorService.submit(SameThreadHierarchicalTestExecutorService.java:36)
2025-10-10T17:17:18.7464772Z 	at org.junit.platform.engine.support.hierarchical.HierarchicalTestExecutor.execute(HierarchicalTestExecutor.java:52)
2025-10-10T17:17:18.7466510Z 	at org.junit.platform.engine.support.hierarchical.HierarchicalTestEngine.execute(HierarchicalTestEngine.java:58)
2025-10-10T17:17:18.7468045Z 	at org.junit.platform.launcher.core.EngineExecutionOrchestrator.executeEngine(EngineExecutionOrchestrator.java:246)
2025-10-10T17:17:18.7469846Z 	at org.junit.platform.launcher.core.EngineExecutionOrchestrator.failOrExecuteEngine(EngineExecutionOrchestrator.java:218)
2025-10-10T17:17:18.7471772Z 	at org.junit.platform.launcher.core.EngineExecutionOrchestrator.execute(EngineExecutionOrchestrator.java:179)
2025-10-10T17:17:18.7473315Z 	at org.junit.platform.launcher.core.EngineExecutionOrchestrator.execute(EngineExecutionOrchestrator.java:108)
2025-10-10T17:17:18.7474902Z 	at org.junit.platform.launcher.core.EngineExecutionOrchestrator.lambda$execute$0(EngineExecutionOrchestrator.java:66)
2025-10-10T17:17:18.7476664Z 	at org.junit.platform.launcher.core.EngineExecutionOrchestrator.withInterceptedStreams(EngineExecutionOrchestrator.java:157)
2025-10-10T17:17:18.7478339Z 	at org.junit.platform.launcher.core.EngineExecutionOrchestrator.execute(EngineExecutionOrchestrator.java:65)
2025-10-10T17:17:18.7479615Z 	at org.junit.platform.launcher.core.DefaultLauncher.execute(DefaultLauncher.java:125)
2025-10-10T17:17:18.7480909Z 	at org.junit.platform.launcher.core.DefaultLauncher.execute(DefaultLauncher.java:114)
2025-10-10T17:17:18.7482305Z 	at org.junit.platform.launcher.core.DelegatingLauncher.execute(DelegatingLauncher.java:58)
2025-10-10T17:17:18.7483618Z 	at org.junit.platform.launcher.core.InterceptingLauncher.lambda$execute$2(InterceptingLauncher.java:57)
2025-10-10T17:17:18.7485490Z 	at org.junit.platform.launcher.core.ClasspathAlignmentCheckingLauncherInterceptor.intercept(ClasspathAlignmentCheckingLauncherInterceptor.java:25)
2025-10-10T17:17:18.7487299Z 	at org.junit.platform.launcher.core.InterceptingLauncher.execute(InterceptingLauncher.java:56)
2025-10-10T17:17:18.7488729Z 	at org.junit.platform.launcher.core.DelegatingLauncher.execute(DelegatingLauncher.java:58)
2025-10-10T17:17:18.7489860Z 	at java.base/jdk.internal.reflect.NativeMethodAccessorImpl.invoke0(Native Method)
2025-10-10T17:17:18.7491258Z 	at java.base/jdk.internal.reflect.NativeMethodAccessorImpl.invoke(NativeMethodAccessorImpl.java:77)
2025-10-10T17:17:18.7492694Z 	at java.base/jdk.internal.reflect.DelegatingMethodAccessorImpl.invoke(DelegatingMethodAccessorImpl.java:43)
2025-10-10T17:17:18.7493829Z 	at java.base/java.lang.reflect.Method.invoke(Method.java:569)
2025-10-10T17:17:18.7494889Z 	at org.apache.maven.surefire.api.util.ReflectionUtils.invokeMethodWithArray(ReflectionUtils.java:125)
2025-10-10T17:17:18.7496674Z 	at org.apache.maven.surefire.junitplatform.LauncherAdapter.executeWithCancellationToken(LauncherAdapter.java:68)
2025-10-10T17:17:18.7498177Z 	at org.apache.maven.surefire.junitplatform.LauncherAdapter.execute(LauncherAdapter.java:54)
2025-10-10T17:17:18.7499536Z 	at org.apache.maven.surefire.junitplatform.JUnitPlatformProvider.execute(JUnitPlatformProvider.java:203)
2025-10-10T17:17:18.7501373Z 	at org.apache.maven.surefire.junitplatform.JUnitPlatformProvider.invokeAllTests(JUnitPlatformProvider.java:168)
2025-10-10T17:17:18.7502892Z 	at org.apache.maven.surefire.junitplatform.JUnitPlatformProvider.invoke(JUnitPlatformProvider.java:136)
2025-10-10T17:17:18.7504226Z 	at org.apache.maven.surefire.booter.ForkedBooter.runSuitesInProcess(ForkedBooter.java:385)
2025-10-10T17:17:18.7505270Z 	at org.apache.maven.surefire.booter.ForkedBooter.execute(ForkedBooter.java:162)
2025-10-10T17:17:18.7506187Z 	at org.apache.maven.surefire.booter.ForkedBooter.run(ForkedBooter.java:507)
2025-10-10T17:17:18.7507170Z 	at org.apache.maven.surefire.booter.ForkedBooter.main(ForkedBooter.java:495)
2025-10-10T17:17:18.7508166Z 	at java.base/jdk.internal.reflect.NativeMethodAccessorImpl.invoke0(Native Method)
2025-10-10T17:17:18.7509351Z 	at java.base/jdk.internal.reflect.NativeMethodAccessorImpl.invoke(NativeMethodAccessorImpl.java:77)
2025-10-10T17:17:18.7511024Z 	at java.base/jdk.internal.reflect.DelegatingMethodAccessorImpl.invoke(DelegatingMethodAccessorImpl.java:43)
2025-10-10T17:17:18.7512129Z 	at java.base/java.lang.reflect.Method.invoke(Method.java:569)
2025-10-10T17:17:18.7513017Z 	at org.junit.platform.commons.util.ReflectionUtils.invokeMethod(ReflectionUtils.java:701)
2025-10-10T17:17:18.7514168Z 	at org.junit.platform.commons.support.ReflectionSupport.invokeMethod(ReflectionSupport.java:502)
2025-10-10T17:17:18.7515403Z 	at org.junit.jupiter.engine.support.MethodReflectionUtils.invoke(MethodReflectionUtils.java:45)
2025-10-10T17:17:18.7516593Z 	at org.junit.jupiter.engine.execution.MethodInvocation.proceed(MethodInvocation.java:61)
2025-10-10T17:17:18.7518005Z 	at org.junit.jupiter.engine.execution.InvocationInterceptorChain$ValidatingInvocation.proceed(InvocationInterceptorChain.java:124)
2025-10-10T17:17:18.7519441Z 	at org.junit.jupiter.engine.extension.TimeoutExtension.intercept(TimeoutExtension.java:163)
2025-10-10T17:17:18.7521086Z 	at org.junit.jupiter.engine.extension.TimeoutExtension.interceptTestableMethod(TimeoutExtension.java:148)
2025-10-10T17:17:18.7522479Z 	at org.junit.jupiter.engine.extension.TimeoutExtension.interceptTestMethod(TimeoutExtension.java:86)
2025-10-10T17:17:18.7524191Z 	at org.junit.jupiter.engine.execution.InterceptingExecutableInvoker$ReflectiveInterceptorCall.lambda$ofVoidMethod$0(InterceptingExecutableInvoker.java:123)
2025-10-10T17:17:18.7526384Z 	at org.junit.jupiter.engine.execution.InterceptingExecutableInvoker.lambda$invoke$0(InterceptingExecutableInvoker.java:105)
2025-10-10T17:17:18.7528167Z 	at org.junit.jupiter.engine.execution.InvocationInterceptorChain$InterceptedInvocation.proceed(InvocationInterceptorChain.java:99)
2025-10-10T17:17:18.7529747Z 	at org.junit.jupiter.engine.execution.InvocationInterceptorChain.proceed(InvocationInterceptorChain.java:66)
2025-10-10T17:17:18.7531548Z 	at org.junit.jupiter.engine.execution.InvocationInterceptorChain.chainAndInvoke(InvocationInterceptorChain.java:47)
2025-10-10T17:17:18.7533152Z 	at org.junit.jupiter.engine.execution.InvocationInterceptorChain.invoke(InvocationInterceptorChain.java:39)
2025-10-10T17:17:18.7534772Z 	at org.junit.jupiter.engine.execution.InterceptingExecutableInvoker.invoke(InterceptingExecutableInvoker.java:104)
2025-10-10T17:17:18.7536341Z 	at org.junit.jupiter.engine.execution.InterceptingExecutableInvoker.invoke(InterceptingExecutableInvoker.java:98)
2025-10-10T17:17:18.7537977Z 	at org.junit.jupiter.engine.execution.InterceptingExecutableInvoker.invokeVoid(InterceptingExecutableInvoker.java:71)
2025-10-10T17:17:18.7539073Z 	at org.junit.jupiter.engine.descriptor.TestMethodTestDescriptor.lambda$invokeTestMethod$0(TestMethodTestDescriptor.java:219)
2025-10-10T17:17:18.7540581Z 	at org.junit.platform.engine.support.hierarchical.ThrowableCollector.execute(ThrowableCollector.java:74)
2025-10-10T17:17:18.7542161Z 	at org.junit.jupiter.engine.descriptor.TestMethodTestDescriptor.invokeTestMethod(TestMethodTestDescriptor.java:215)
2025-10-10T17:17:18.7543651Z 	at org.junit.jupiter.engine.descriptor.TestMethodTestDescriptor.execute(TestMethodTestDescriptor.java:157)
2025-10-10T17:17:18.7545167Z 	at org.junit.jupiter.engine.descriptor.TestMethodTestDescriptor.execute(TestMethodTestDescriptor.java:70)
2025-10-10T17:17:18.7546687Z 	at org.junit.platform.engine.support.hierarchical.NodeTestTask.lambda$executeRecursively$2(NodeTestTask.java:176)
2025-10-10T17:17:18.7548210Z 	at org.junit.platform.engine.support.hierarchical.ThrowableCollector.execute(ThrowableCollector.java:74)
2025-10-10T17:17:18.7549726Z 	at org.junit.platform.engine.support.hierarchical.NodeTestTask.lambda$executeRecursively$1(NodeTestTask.java:166)
2025-10-10T17:17:18.7551274Z 	at org.junit.platform.engine.support.hierarchical.Node.around(Node.java:138)
2025-10-10T17:17:18.7552555Z 	at org.junit.platform.engine.support.hierarchical.NodeTestTask.lambda$executeRecursively$0(NodeTestTask.java:164)
2025-10-10T17:17:18.7554079Z 	at org.junit.platform.engine.support.hierarchical.ThrowableCollector.execute(ThrowableCollector.java:74)
2025-10-10T17:17:18.7555569Z 	at org.junit.platform.engine.support.hierarchical.NodeTestTask.executeRecursively(NodeTestTask.java:163)
2025-10-10T17:17:18.7556915Z 	at org.junit.platform.engine.support.hierarchical.NodeTestTask.execute(NodeTestTask.java:116)
2025-10-10T17:17:18.7557919Z 	at java.base/java.util.ArrayList.forEach(ArrayList.java:1511)
2025-10-10T17:17:18.7559494Z 	at org.junit.platform.engine.support.hierarchical.SameThreadHierarchicalTestExecutorService.invokeAll(SameThreadHierarchicalTestExecutorService.java:42)
2025-10-10T17:17:18.7561676Z 	at org.junit.platform.engine.support.hierarchical.NodeTestTask.lambda$executeRecursively$2(NodeTestTask.java:180)
2025-10-10T17:17:18.7563297Z 	at org.junit.platform.engine.support.hierarchical.ThrowableCollector.execute(ThrowableCollector.java:74)
2025-10-10T17:17:18.7564779Z 	at org.junit.platform.engine.support.hierarchical.NodeTestTask.lambda$executeRecursively$1(NodeTestTask.java:166)
2025-10-10T17:17:18.7566048Z 	at org.junit.platform.engine.support.hierarchical.Node.around(Node.java:138)
2025-10-10T17:17:18.7567341Z 	at org.junit.platform.engine.support.hierarchical.NodeTestTask.lambda$executeRecursively$0(NodeTestTask.java:164)
2025-10-10T17:17:18.7568933Z 	at org.junit.platform.engine.support.hierarchical.ThrowableCollector.execute(ThrowableCollector.java:74)
2025-10-10T17:17:18.7570833Z 	at org.junit.platform.engine.support.hierarchical.NodeTestTask.executeRecursively(NodeTestTask.java:163)
2025-10-10T17:17:18.7572233Z 	at org.junit.platform.engine.support.hierarchical.NodeTestTask.execute(NodeTestTask.java:116)
2025-10-10T17:17:18.7573240Z 	at java.base/java.util.ArrayList.forEach(ArrayList.java:1511)
2025-10-10T17:17:18.7574794Z 	at org.junit.platform.engine.support.hierarchical.SameThreadHierarchicalTestExecutorService.invokeAll(SameThreadHierarchicalTestExecutorService.java:42)
2025-10-10T17:17:18.7576800Z 	at org.junit.platform.engine.support.hierarchical.NodeTestTask.lambda$executeRecursively$2(NodeTestTask.java:180)
2025-10-10T17:17:18.7578157Z 	at org.junit.platform.engine.support.hierarchical.ThrowableCollector.execute(ThrowableCollector.java:74)
2025-10-10T17:17:18.7579353Z 	at org.junit.platform.engine.support.hierarchical.NodeTestTask.lambda$executeRecursively$1(NodeTestTask.java:166)
2025-10-10T17:17:18.7580566Z 	at org.junit.platform.engine.support.hierarchical.Node.around(Node.java:138)
2025-10-10T17:17:18.7581570Z 	at org.junit.platform.engine.support.hierarchical.NodeTestTask.lambda$executeRecursively$0(NodeTestTask.java:164)
2025-10-10T17:17:18.7582741Z 	at org.junit.platform.engine.support.hierarchical.ThrowableCollector.execute(ThrowableCollector.java:74)
2025-10-10T17:17:18.7584105Z 	at org.junit.platform.engine.support.hierarchical.NodeTestTask.executeRecursively(NodeTestTask.java:163)
2025-10-10T17:17:18.7585184Z 	at org.junit.platform.engine.support.hierarchical.NodeTestTask.execute(NodeTestTask.java:116)
2025-10-10T17:17:18.7586610Z 	at org.junit.platform.engine.support.hierarchical.SameThreadHierarchicalTestExecutorService.submit(SameThreadHierarchicalTestExecutorService.java:36)
2025-10-10T17:17:18.7588203Z 	at org.junit.platform.engine.support.hierarchical.HierarchicalTestExecutor.execute(HierarchicalTestExecutor.java:52)
2025-10-10T17:17:18.7589503Z 	at org.junit.platform.engine.support.hierarchical.HierarchicalTestEngine.execute(HierarchicalTestEngine.java:58)
2025-10-10T17:17:18.7591009Z 	at org.junit.platform.launcher.core.EngineExecutionOrchestrator.executeEngine(EngineExecutionOrchestrator.java:246)
2025-10-10T17:17:18.7592380Z 	at org.junit.platform.launcher.core.EngineExecutionOrchestrator.failOrExecuteEngine(EngineExecutionOrchestrator.java:218)
2025-10-10T17:17:18.7593694Z 	at org.junit.platform.launcher.core.EngineExecutionOrchestrator.execute(EngineExecutionOrchestrator.java:179)
2025-10-10T17:17:18.7594895Z 	at org.junit.platform.launcher.core.EngineExecutionOrchestrator.execute(EngineExecutionOrchestrator.java:108)
2025-10-10T17:17:18.7596133Z 	at org.junit.platform.launcher.core.EngineExecutionOrchestrator.lambda$execute$0(EngineExecutionOrchestrator.java:66)
2025-10-10T17:17:18.7597496Z 	at org.junit.platform.launcher.core.EngineExecutionOrchestrator.withInterceptedStreams(EngineExecutionOrchestrator.java:157)
2025-10-10T17:17:18.7598821Z 	at org.junit.platform.launcher.core.EngineExecutionOrchestrator.execute(EngineExecutionOrchestrator.java:65)
2025-10-10T17:17:18.7599851Z 	at org.junit.platform.launcher.core.DefaultLauncher.execute(DefaultLauncher.java:125)
2025-10-10T17:17:18.7600909Z 	at org.junit.platform.launcher.core.DefaultLauncher.execute(DefaultLauncher.java:114)
2025-10-10T17:17:18.7601847Z 	at org.junit.platform.launcher.core.DelegatingLauncher.execute(DelegatingLauncher.java:58)
2025-10-10T17:17:18.7602587Z 	at org.junit.platform.launcher.core.InterceptingLauncher.lambda$execute$2(InterceptingLauncher.java:57)
2025-10-10T17:17:18.7604107Z 	at org.junit.platform.launcher.core.ClasspathAlignmentCheckingLauncherInterceptor.intercept(ClasspathAlignmentCheckingLauncherInterceptor.java:25)
2025-10-10T17:17:18.7605866Z 	at org.junit.platform.launcher.core.InterceptingLauncher.execute(InterceptingLauncher.java:56)
2025-10-10T17:17:18.7607098Z 	at org.junit.platform.launcher.core.DelegatingLauncher.execute(DelegatingLauncher.java:58)
2025-10-10T17:17:18.7608274Z 	at java.base/jdk.internal.reflect.NativeMethodAccessorImpl.invoke0(Native Method)
2025-10-10T17:17:18.7609712Z 	at java.base/jdk.internal.reflect.NativeMethodAccessorImpl.invoke(NativeMethodAccessorImpl.java:77)
2025-10-10T17:17:18.7611373Z 	at java.base/jdk.internal.reflect.DelegatingMethodAccessorImpl.invoke(DelegatingMethodAccessorImpl.java:43)
2025-10-10T17:17:18.7612537Z 	at java.base/java.lang.reflect.Method.invoke(Method.java:569)
2025-10-10T17:17:18.7613581Z 	at org.apache.maven.surefire.api.util.ReflectionUtils.invokeMethodWithArray(ReflectionUtils.java:125)
2025-10-10T17:17:18.7615146Z 	at org.apache.maven.surefire.junitplatform.LauncherAdapter.executeWithCancellationToken(LauncherAdapter.java:68)
2025-10-10T17:17:18.7616537Z 	at org.apache.maven.surefire.junitplatform.LauncherAdapter.execute(LauncherAdapter.java:54)
2025-10-10T17:17:18.7617903Z 	at org.apache.maven.surefire.junitplatform.JUnitPlatformProvider.execute(JUnitPlatformProvider.java:203)
2025-10-10T17:17:18.7619478Z 	at org.apache.maven.surefire.junitplatform.JUnitPlatformProvider.invokeAllTests(JUnitPlatformProvider.java:168)
2025-10-10T17:17:18.7621220Z 	at org.apache.maven.surefire.junitplatform.JUnitPlatformProvider.invoke(JUnitPlatformProvider.java:136)
2025-10-10T17:17:18.7622567Z 	at org.apache.maven.surefire.booter.ForkedBooter.runSuitesInProcess(ForkedBooter.java:385)
2025-10-10T17:17:18.7623925Z 	at org.apache.maven.surefire.booter.ForkedBooter.execute(ForkedBooter.java:162)
2025-10-10T17:17:18.7624920Z 	at org.apache.maven.surefire.booter.ForkedBooter.run(ForkedBooter.java:507)
2025-10-10T17:17:18.7625855Z 	at org.apache.maven.surefire.booter.ForkedBooter.main(ForkedBooter.java:495)
2025-10-10T17:17:18.7626394Z 
2025-10-10T17:17:18.7626790Z Logging initialized using 'class org.apache.ibatis.logging.stdout.StdOutImpl' adapter.
2025-10-10T17:17:18.7627428Z Warning message.
2025-10-10T17:17:18.7627702Z Debug message.
2025-10-10T17:17:18.7634680Z 17:17:18.757 DEBUG [main] org.apache.ibatis.logging.LogFactory - Logging initialized using 'class org.apache.ibatis.logging.log4j.Log4jImpl' adapter.
2025-10-10T17:17:18.7637076Z 17:17:18.760 ERROR [main] java.lang.Object - Error message.
2025-10-10T17:17:18.7637724Z 17:17:18.760 ERROR [main] java.lang.Object - Error with Exception.
2025-10-10T17:17:18.7638285Z java.lang.Exception: Test exception.
2025-10-10T17:17:18.7638996Z 	at org.apache.ibatis.logging.LogFactoryTest.logSomething(LogFactoryTest.java:112)
2025-10-10T17:17:18.7640206Z 	at org.apache.ibatis.logging.LogFactoryTest.shouldUseLog4J(LogFactoryTest.java:53)
2025-10-10T17:17:18.7641208Z 	at java.base/jdk.internal.reflect.NativeMethodAccessorImpl.invoke0(Native Method)
2025-10-10T17:17:18.7642371Z 	at java.base/jdk.internal.reflect.NativeMethodAccessorImpl.invoke(NativeMethodAccessorImpl.java:77)
2025-10-10T17:17:18.7643583Z 	at java.base/jdk.internal.reflect.DelegatingMethodAccessorImpl.invoke(DelegatingMethodAccessorImpl.java:43)
2025-10-10T17:17:18.7644625Z 	at java.base/java.lang.reflect.Method.invoke(Method.java:569)
2025-10-10T17:17:18.7645547Z 	at org.junit.platform.commons.util.ReflectionUtils.invokeMethod(ReflectionUtils.java:701)
2025-10-10T17:17:18.7646734Z 	at org.junit.platform.commons.support.ReflectionSupport.invokeMethod(ReflectionSupport.java:502)
2025-10-10T17:17:18.7647995Z 	at org.junit.jupiter.engine.support.MethodReflectionUtils.invoke(MethodReflectionUtils.java:45)
2025-10-10T17:17:18.7649164Z 	at org.junit.jupiter.engine.execution.MethodInvocation.proceed(MethodInvocation.java:61)
2025-10-10T17:17:18.7650824Z 	at org.junit.jupiter.engine.execution.InvocationInterceptorChain$ValidatingInvocation.proceed(InvocationInterceptorChain.java:124)
2025-10-10T17:17:18.7652265Z 	at org.junit.jupiter.engine.extension.TimeoutExtension.intercept(TimeoutExtension.java:163)
2025-10-10T17:17:18.7653587Z 	at org.junit.jupiter.engine.extension.TimeoutExtension.interceptTestableMethod(TimeoutExtension.java:148)
2025-10-10T17:17:18.7655024Z 	at org.junit.jupiter.engine.extension.TimeoutExtension.interceptTestMethod(TimeoutExtension.java:86)
2025-10-10T17:17:18.7656982Z 	at org.junit.jupiter.engine.execution.InterceptingExecutableInvoker$ReflectiveInterceptorCall.lambda$ofVoidMethod$0(InterceptingExecutableInvoker.java:123)
2025-10-10T17:17:18.7658980Z 	at org.junit.jupiter.engine.execution.InterceptingExecutableInvoker.lambda$invoke$0(InterceptingExecutableInvoker.java:105)
2025-10-10T17:17:18.7660940Z 	at org.junit.jupiter.engine.execution.InvocationInterceptorChain$InterceptedInvocation.proceed(InvocationInterceptorChain.java:99)
2025-10-10T17:17:18.7662534Z 	at org.junit.jupiter.engine.execution.InvocationInterceptorChain.proceed(InvocationInterceptorChain.java:66)
2025-10-10T17:17:18.7664222Z 	at org.junit.jupiter.engine.execution.InvocationInterceptorChain.chainAndInvoke(InvocationInterceptorChain.java:47)
2025-10-10T17:17:18.7665738Z 	at org.junit.jupiter.engine.execution.InvocationInterceptorChain.invoke(InvocationInterceptorChain.java:39)
2025-10-10T17:17:18.7667275Z 	at org.junit.jupiter.engine.execution.InterceptingExecutableInvoker.invoke(InterceptingExecutableInvoker.java:104)
2025-10-10T17:17:18.7668879Z 	at org.junit.jupiter.engine.execution.InterceptingExecutableInvoker.invoke(InterceptingExecutableInvoker.java:98)
2025-10-10T17:17:18.7672143Z 	at org.junit.jupiter.engine.execution.InterceptingExecutableInvoker.invokeVoid(InterceptingExecutableInvoker.java:71)
2025-10-10T17:17:18.7674143Z 	at org.junit.jupiter.engine.descriptor.TestMethodTestDescriptor.lambda$invokeTestMethod$0(TestMethodTestDescriptor.java:219)
2025-10-10T17:17:18.7675677Z 	at org.junit.platform.engine.support.hierarchical.ThrowableCollector.execute(ThrowableCollector.java:74)
2025-10-10T17:17:18.7677068Z 	at org.junit.jupiter.engine.descriptor.TestMethodTestDescriptor.invokeTestMethod(TestMethodTestDescriptor.java:215)
2025-10-10T17:17:18.7678489Z 	at org.junit.jupiter.engine.descriptor.TestMethodTestDescriptor.execute(TestMethodTestDescriptor.java:157)
2025-10-10T17:17:18.7679844Z 	at org.junit.jupiter.engine.descriptor.TestMethodTestDescriptor.execute(TestMethodTestDescriptor.java:70)
2025-10-10T17:17:18.7681473Z 	at org.junit.platform.engine.support.hierarchical.NodeTestTask.lambda$executeRecursively$2(NodeTestTask.java:176)
2025-10-10T17:17:18.7682869Z 	at org.junit.platform.engine.support.hierarchical.ThrowableCollector.execute(ThrowableCollector.java:74)
2025-10-10T17:17:18.7684206Z 	at org.junit.platform.engine.support.hierarchical.NodeTestTask.lambda$executeRecursively$1(NodeTestTask.java:166)
2025-10-10T17:17:18.7685339Z 	at org.junit.platform.engine.support.hierarchical.Node.around(Node.java:138)
2025-10-10T17:17:18.7686499Z 	at org.junit.platform.engine.support.hierarchical.NodeTestTask.lambda$executeRecursively$0(NodeTestTask.java:164)
2025-10-10T17:17:18.7687817Z 	at org.junit.platform.engine.support.hierarchical.ThrowableCollector.execute(ThrowableCollector.java:74)
2025-10-10T17:17:18.7689136Z 	at org.junit.platform.engine.support.hierarchical.NodeTestTask.executeRecursively(NodeTestTask.java:163)
2025-10-10T17:17:18.7690682Z 	at org.junit.platform.engine.support.hierarchical.NodeTestTask.execute(NodeTestTask.java:116)
2025-10-10T17:17:18.7691624Z 	at java.base/java.util.ArrayList.forEach(ArrayList.java:1511)
2025-10-10T17:17:18.7693123Z 	at org.junit.platform.engine.support.hierarchical.SameThreadHierarchicalTestExecutorService.invokeAll(SameThreadHierarchicalTestExecutorService.java:42)
2025-10-10T17:17:18.7694959Z 	at org.junit.platform.engine.support.hierarchical.NodeTestTask.lambda$executeRecursively$2(NodeTestTask.java:180)
2025-10-10T17:17:18.7696346Z 	at org.junit.platform.engine.support.hierarchical.ThrowableCollector.execute(ThrowableCollector.java:74)
2025-10-10T17:17:18.7697811Z 	at org.junit.platform.engine.support.hierarchical.NodeTestTask.lambda$executeRecursively$1(NodeTestTask.java:166)
2025-10-10T17:17:18.7699014Z 	at org.junit.platform.engine.support.hierarchical.Node.around(Node.java:138)
2025-10-10T17:17:18.7700435Z 	at org.junit.platform.engine.support.hierarchical.NodeTestTask.lambda$executeRecursively$0(NodeTestTask.java:164)
2025-10-10T17:17:18.7701917Z 	at org.junit.platform.engine.support.hierarchical.ThrowableCollector.execute(ThrowableCollector.java:74)
2025-10-10T17:17:18.7703687Z 	at org.junit.platform.engine.support.hierarchical.NodeTestTask.executeRecursively(NodeTestTask.java:163)
2025-10-10T17:17:18.7705145Z 	at org.junit.platform.engine.support.hierarchical.NodeTestTask.execute(NodeTestTask.java:116)
2025-10-10T17:17:18.7706128Z 	at java.base/java.util.ArrayList.forEach(ArrayList.java:1511)
2025-10-10T17:17:18.7707630Z 	at org.junit.platform.engine.support.hierarchical.SameThreadHierarchicalTestExecutorService.invokeAll(SameThreadHierarchicalTestExecutorService.java:42)
2025-10-10T17:17:18.7709453Z 	at org.junit.platform.engine.support.hierarchical.NodeTestTask.lambda$executeRecursively$2(NodeTestTask.java:180)
2025-10-10T17:17:18.7711104Z 	at org.junit.platform.engine.support.hierarchical.ThrowableCollector.execute(ThrowableCollector.java:74)
2025-10-10T17:17:18.7712520Z 	at org.junit.platform.engine.support.hierarchical.NodeTestTask.lambda$executeRecursively$1(NodeTestTask.java:166)
2025-10-10T17:17:18.7713769Z 	at org.junit.platform.engine.support.hierarchical.Node.around(Node.java:138)
2025-10-10T17:17:18.7714966Z 	at org.junit.platform.engine.support.hierarchical.NodeTestTask.lambda$executeRecursively$0(NodeTestTask.java:164)
2025-10-10T17:17:18.7716708Z 	at org.junit.platform.engine.support.hierarchical.ThrowableCollector.execute(ThrowableCollector.java:74)
2025-10-10T17:17:18.7718076Z 	at org.junit.platform.engine.support.hierarchical.NodeTestTask.executeRecursively(NodeTestTask.java:163)
2025-10-10T17:17:18.7719392Z 	at org.junit.platform.engine.support.hierarchical.NodeTestTask.execute(NodeTestTask.java:116)
2025-10-10T17:17:18.7721340Z 	at org.junit.platform.engine.support.hierarchical.SameThreadHierarchicalTestExecutorService.submit(SameThreadHierarchicalTestExecutorService.java:36)
2025-10-10T17:17:18.7723280Z 	at org.junit.platform.engine.support.hierarchical.HierarchicalTestExecutor.execute(HierarchicalTestExecutor.java:52)
2025-10-10T17:17:18.7724885Z 	at org.junit.platform.engine.support.hierarchical.HierarchicalTestEngine.execute(HierarchicalTestEngine.java:58)
2025-10-10T17:17:18.7726614Z 	at org.junit.platform.launcher.core.EngineExecutionOrchestrator.executeEngine(EngineExecutionOrchestrator.java:246)
2025-10-10T17:17:18.7728219Z 	at org.junit.platform.launcher.core.EngineExecutionOrchestrator.failOrExecuteEngine(EngineExecutionOrchestrator.java:218)
2025-10-10T17:17:18.7729771Z 	at org.junit.platform.launcher.core.EngineExecutionOrchestrator.execute(EngineExecutionOrchestrator.java:179)
2025-10-10T17:17:18.7731400Z 	at org.junit.platform.launcher.core.EngineExecutionOrchestrator.execute(EngineExecutionOrchestrator.java:108)
2025-10-10T17:17:18.7732914Z 	at org.junit.platform.launcher.core.EngineExecutionOrchestrator.lambda$execute$0(EngineExecutionOrchestrator.java:66)
2025-10-10T17:17:18.7734629Z 	at org.junit.platform.launcher.core.EngineExecutionOrchestrator.withInterceptedStreams(EngineExecutionOrchestrator.java:157)
2025-10-10T17:17:18.7736228Z 	at org.junit.platform.launcher.core.EngineExecutionOrchestrator.execute(EngineExecutionOrchestrator.java:65)
2025-10-10T17:17:18.7737551Z 	at org.junit.platform.launcher.core.DefaultLauncher.execute(DefaultLauncher.java:125)
2025-10-10T17:17:18.7738684Z 	at org.junit.platform.launcher.core.DefaultLauncher.execute(DefaultLauncher.java:114)
2025-10-10T17:17:18.7739829Z 	at org.junit.platform.launcher.core.DelegatingLauncher.execute(DelegatingLauncher.java:58)
2025-10-10T17:17:18.7741266Z 	at org.junit.platform.launcher.core.InterceptingLauncher.lambda$execute$2(InterceptingLauncher.java:57)
2025-10-10T17:17:18.7743104Z 	at org.junit.platform.launcher.core.ClasspathAlignmentCheckingLauncherInterceptor.intercept(ClasspathAlignmentCheckingLauncherInterceptor.java:25)
2025-10-10T17:17:18.7744919Z 	at org.junit.platform.launcher.core.InterceptingLauncher.execute(InterceptingLauncher.java:56)
2025-10-10T17:17:18.7747280Z 	at org.junit.platform.launcher.core.DelegatingLauncher.execute(DelegatingLauncher.java:58)
2025-10-10T17:17:18.7748364Z 	at java.base/jdk.internal.reflect.NativeMethodAccessorImpl.invoke0(Native Method)
2025-10-10T17:17:18.7749693Z 	at java.base/jdk.internal.reflect.NativeMethodAccessorImpl.invoke(NativeMethodAccessorImpl.java:77)
2025-10-10T17:17:18.7751206Z 	at java.base/jdk.internal.reflect.DelegatingMethodAccessorImpl.invoke(DelegatingMethodAccessorImpl.java:43)
2025-10-10T17:17:18.7752169Z 	at java.base/java.lang.reflect.Method.invoke(Method.java:569)
2025-10-10T17:17:18.7753171Z 	at org.apache.maven.surefire.api.util.ReflectionUtils.invokeMethodWithArray(ReflectionUtils.java:125)
2025-10-10T17:17:18.7754594Z 	at org.apache.maven.surefire.junitplatform.LauncherAdapter.executeWithCancellationToken(LauncherAdapter.java:68)
2025-10-10T17:17:18.7756019Z 	at org.apache.maven.surefire.junitplatform.LauncherAdapter.execute(LauncherAdapter.java:54)
2025-10-10T17:17:18.7757337Z 	at org.apache.maven.surefire.junitplatform.JUnitPlatformProvider.execute(JUnitPlatformProvider.java:203)
2025-10-10T17:17:18.7758844Z 	at org.apache.maven.surefire.junitplatform.JUnitPlatformProvider.invokeAllTests(JUnitPlatformProvider.java:168)
2025-10-10T17:17:18.7760550Z 	at org.apache.maven.surefire.junitplatform.JUnitPlatformProvider.invoke(JUnitPlatformProvider.java:136)
2025-10-10T17:17:18.7762156Z 	at org.apache.maven.surefire.booter.ForkedBooter.runSuitesInProcess(ForkedBooter.java:385)
2025-10-10T17:17:18.7763333Z 	at org.apache.maven.surefire.booter.ForkedBooter.execute(ForkedBooter.java:162)
2025-10-10T17:17:18.7764262Z 	at org.apache.maven.surefire.booter.ForkedBooter.run(ForkedBooter.java:507)
2025-10-10T17:17:18.7765140Z 	at org.apache.maven.surefire.booter.ForkedBooter.main(ForkedBooter.java:495)
2025-10-10T17:17:18.7766017Z Oct 10, 2025 5:17:18 PM org.apache.ibatis.logging.jdk14.Jdk14LoggingImpl warn
2025-10-10T17:17:18.7766568Z WARNING: Warning message.
2025-10-10T17:17:18.7767048Z Oct 10, 2025 5:17:18 PM org.apache.ibatis.logging.jdk14.Jdk14LoggingImpl error
2025-10-10T17:17:18.7767569Z SEVERE: Error message.
2025-10-10T17:17:18.7768024Z Oct 10, 2025 5:17:18 PM org.apache.ibatis.logging.jdk14.Jdk14LoggingImpl error
2025-10-10T17:17:18.7768582Z SEVERE: Error with Exception.
2025-10-10T17:17:18.7768942Z java.lang.Exception: Test exception.
2025-10-10T17:17:18.7769594Z 	at org.apache.ibatis.logging.LogFactoryTest.logSomething(LogFactoryTest.java:112)
2025-10-10T17:17:18.7774676Z 	at org.apache.ibatis.logging.LogFactoryTest.shouldUseJdKLogging(LogFactoryTest.java:69)
2025-10-10T17:17:18.7775783Z 	at java.base/jdk.internal.reflect.NativeMethodAccessorImpl.invoke0(Native Method)
2025-10-10T17:17:18.7776891Z 	at java.base/jdk.internal.reflect.NativeMethodAccessorImpl.invoke(NativeMethodAccessorImpl.java:77)
2025-10-10T17:17:18.7778244Z 	at java.base/jdk.internal.reflect.DelegatingMethodAccessorImpl.invoke(DelegatingMethodAccessorImpl.java:43)
2025-10-10T17:17:18.7779295Z 	at java.base/java.lang.reflect.Method.invoke(Method.java:569)
2025-10-10T17:17:18.7780440Z 	at org.junit.platform.commons.util.ReflectionUtils.invokeMethod(ReflectionUtils.java:701)
2025-10-10T17:17:18.7781681Z 	at org.junit.platform.commons.support.ReflectionSupport.invokeMethod(ReflectionSupport.java:502)
2025-10-10T17:17:18.7782967Z 	at org.junit.jupiter.engine.support.MethodReflectionUtils.invoke(MethodReflectionUtils.java:45)
2025-10-10T17:17:18.7784149Z 	at org.junit.jupiter.engine.execution.MethodInvocation.proceed(MethodInvocation.java:61)
2025-10-10T17:17:18.7785578Z 	at org.junit.jupiter.engine.execution.InvocationInterceptorChain$ValidatingInvocation.proceed(InvocationInterceptorChain.java:124)
2025-10-10T17:17:18.7787077Z 	at org.junit.jupiter.engine.extension.TimeoutExtension.intercept(TimeoutExtension.java:163)
2025-10-10T17:17:18.7788416Z 	at org.junit.jupiter.engine.extension.TimeoutExtension.interceptTestableMethod(TimeoutExtension.java:148)
2025-10-10T17:17:18.7789897Z 	at org.junit.jupiter.engine.extension.TimeoutExtension.interceptTestMethod(TimeoutExtension.java:86)
2025-10-10T17:17:18.7791781Z 	at org.junit.jupiter.engine.execution.InterceptingExecutableInvoker$ReflectiveInterceptorCall.lambda$ofVoidMethod$0(InterceptingExecutableInvoker.java:123)
2025-10-10T17:17:18.7793891Z 	at org.junit.jupiter.engine.execution.InterceptingExecutableInvoker.lambda$invoke$0(InterceptingExecutableInvoker.java:105)
2025-10-10T17:17:18.7795689Z 	at org.junit.jupiter.engine.execution.InvocationInterceptorChain$InterceptedInvocation.proceed(InvocationInterceptorChain.java:99)
2025-10-10T17:17:18.7797308Z 	at org.junit.jupiter.engine.execution.InvocationInterceptorChain.proceed(InvocationInterceptorChain.java:66)
2025-10-10T17:17:18.7798901Z 	at org.junit.jupiter.engine.execution.InvocationInterceptorChain.chainAndInvoke(InvocationInterceptorChain.java:47)
2025-10-10T17:17:18.7800668Z 	at org.junit.jupiter.engine.execution.InvocationInterceptorChain.invoke(InvocationInterceptorChain.java:39)
2025-10-10T17:17:18.7802200Z 	at org.junit.jupiter.engine.execution.InterceptingExecutableInvoker.invoke(InterceptingExecutableInvoker.java:104)
2025-10-10T17:17:18.7803879Z 	at org.junit.jupiter.engine.execution.InterceptingExecutableInvoker.invoke(InterceptingExecutableInvoker.java:98)
2025-10-10T17:17:18.7805433Z 	at org.junit.jupiter.engine.execution.InterceptingExecutableInvoker.invokeVoid(InterceptingExecutableInvoker.java:71)
2025-10-10T17:17:18.7807467Z 	at org.junit.jupiter.engine.descriptor.TestMethodTestDescriptor.lambda$invokeTestMethod$0(TestMethodTestDescriptor.java:219)
2025-10-10T17:17:18.7809015Z 	at org.junit.platform.engine.support.hierarchical.ThrowableCollector.execute(ThrowableCollector.java:74)
2025-10-10T17:17:18.7810810Z 	at org.junit.jupiter.engine.descriptor.TestMethodTestDescriptor.invokeTestMethod(TestMethodTestDescriptor.java:215)
2025-10-10T17:17:18.7812326Z 	at org.junit.jupiter.engine.descriptor.TestMethodTestDescriptor.execute(TestMethodTestDescriptor.java:157)
2025-10-10T17:17:18.7813799Z 	at org.junit.jupiter.engine.descriptor.TestMethodTestDescriptor.execute(TestMethodTestDescriptor.java:70)
2025-10-10T17:17:18.7815292Z 	at org.junit.platform.engine.support.hierarchical.NodeTestTask.lambda$executeRecursively$2(NodeTestTask.java:176)
2025-10-10T17:17:18.7816787Z 	at org.junit.platform.engine.support.hierarchical.ThrowableCollector.execute(ThrowableCollector.java:74)
2025-10-10T17:17:18.7818322Z 	at org.junit.platform.engine.support.hierarchical.NodeTestTask.lambda$executeRecursively$1(NodeTestTask.java:166)
2025-10-10T17:17:18.7819607Z 	at org.junit.platform.engine.support.hierarchical.Node.around(Node.java:138)
2025-10-10T17:17:18.7821038Z 	at org.junit.platform.engine.support.hierarchical.NodeTestTask.lambda$executeRecursively$0(NodeTestTask.java:164)
2025-10-10T17:17:18.7822509Z 	at org.junit.platform.engine.support.hierarchical.ThrowableCollector.execute(ThrowableCollector.java:74)
2025-10-10T17:17:18.7823896Z 	at org.junit.platform.engine.support.hierarchical.NodeTestTask.executeRecursively(NodeTestTask.java:163)
2025-10-10T17:17:18.7825287Z 	at org.junit.platform.engine.support.hierarchical.NodeTestTask.execute(NodeTestTask.java:116)
2025-10-10T17:17:18.7826270Z 	at java.base/java.util.ArrayList.forEach(ArrayList.java:1511)
2025-10-10T17:17:18.7827846Z 	at org.junit.platform.engine.support.hierarchical.SameThreadHierarchicalTestExecutorService.invokeAll(SameThreadHierarchicalTestExecutorService.java:42)
2025-10-10T17:17:18.7829853Z 	at org.junit.platform.engine.support.hierarchical.NodeTestTask.lambda$executeRecursively$2(NodeTestTask.java:180)
2025-10-10T17:17:18.7831575Z 	at org.junit.platform.engine.support.hierarchical.ThrowableCollector.execute(ThrowableCollector.java:74)
2025-10-10T17:17:18.7833092Z 	at org.junit.platform.engine.support.hierarchical.NodeTestTask.lambda$executeRecursively$1(NodeTestTask.java:166)
2025-10-10T17:17:18.7834376Z 	at org.junit.platform.engine.support.hierarchical.Node.around(Node.java:138)
2025-10-10T17:17:18.7835671Z 	at org.junit.platform.engine.support.hierarchical.NodeTestTask.lambda$executeRecursively$0(NodeTestTask.java:164)
2025-10-10T17:17:18.7837129Z 	at org.junit.platform.engine.support.hierarchical.ThrowableCollector.execute(ThrowableCollector.java:74)
2025-10-10T17:17:18.7838826Z 	at org.junit.platform.engine.support.hierarchical.NodeTestTask.executeRecursively(NodeTestTask.java:163)
2025-10-10T17:17:18.7840696Z 	at org.junit.platform.engine.support.hierarchical.NodeTestTask.execute(NodeTestTask.java:116)
2025-10-10T17:17:18.7841695Z 	at java.base/java.util.ArrayList.forEach(ArrayList.java:1511)
2025-10-10T17:17:18.7843207Z 	at org.junit.platform.engine.support.hierarchical.SameThreadHierarchicalTestExecutorService.invokeAll(SameThreadHierarchicalTestExecutorService.java:42)
2025-10-10T17:17:18.7845180Z 	at org.junit.platform.engine.support.hierarchical.NodeTestTask.lambda$executeRecursively$2(NodeTestTask.java:180)
2025-10-10T17:17:18.7846623Z 	at org.junit.platform.engine.support.hierarchical.ThrowableCollector.execute(ThrowableCollector.java:74)
2025-10-10T17:17:18.7848090Z 	at org.junit.platform.engine.support.hierarchical.NodeTestTask.lambda$executeRecursively$1(NodeTestTask.java:166)
2025-10-10T17:17:18.7849273Z 	at org.junit.platform.engine.support.hierarchical.Node.around(Node.java:138)
2025-10-10T17:17:18.7850674Z 	at org.junit.platform.engine.support.hierarchical.NodeTestTask.lambda$executeRecursively$0(NodeTestTask.java:164)
2025-10-10T17:17:18.7852342Z 	at org.junit.platform.engine.support.hierarchical.ThrowableCollector.execute(ThrowableCollector.java:74)
2025-10-10T17:17:18.7853729Z 	at org.junit.platform.engine.support.hierarchical.NodeTestTask.executeRecursively(NodeTestTask.java:163)
2025-10-10T17:17:18.7855061Z 	at org.junit.platform.engine.support.hierarchical.NodeTestTask.execute(NodeTestTask.java:116)
2025-10-10T17:17:18.7856880Z 	at org.junit.platform.engine.support.hierarchical.SameThreadHierarchicalTestExecutorService.submit(SameThreadHierarchicalTestExecutorService.java:36)
2025-10-10T17:17:18.7858886Z 	at org.junit.platform.engine.support.hierarchical.HierarchicalTestExecutor.execute(HierarchicalTestExecutor.java:52)
2025-10-10T17:17:18.7860637Z 	at org.junit.platform.engine.support.hierarchical.HierarchicalTestEngine.execute(HierarchicalTestEngine.java:58)
2025-10-10T17:17:18.7862151Z 	at org.junit.platform.launcher.core.EngineExecutionOrchestrator.executeEngine(EngineExecutionOrchestrator.java:246)
2025-10-10T17:17:18.7863817Z 	at org.junit.platform.launcher.core.EngineExecutionOrchestrator.failOrExecuteEngine(EngineExecutionOrchestrator.java:218)
2025-10-10T17:17:18.7865385Z 	at org.junit.platform.launcher.core.EngineExecutionOrchestrator.execute(EngineExecutionOrchestrator.java:179)
2025-10-10T17:17:18.7866793Z 	at org.junit.platform.launcher.core.EngineExecutionOrchestrator.execute(EngineExecutionOrchestrator.java:108)
2025-10-10T17:17:18.7868538Z 	at org.junit.platform.launcher.core.EngineExecutionOrchestrator.lambda$execute$0(EngineExecutionOrchestrator.java:66)
2025-10-10T17:17:18.7875506Z 	at org.junit.platform.launcher.core.EngineExecutionOrchestrator.withInterceptedStreams(EngineExecutionOrchestrator.java:157)
2025-10-10T17:17:18.7877346Z 	at org.junit.platform.launcher.core.EngineExecutionOrchestrator.execute(EngineExecutionOrchestrator.java:65)
2025-10-10T17:17:18.7878725Z 	at org.junit.platform.launcher.core.DefaultLauncher.execute(DefaultLauncher.java:125)
2025-10-10T17:17:18.7880232Z 	at org.junit.platform.launcher.core.DefaultLauncher.execute(DefaultLauncher.java:114)
2025-10-10T17:17:18.7896272Z 	at org.junit.platform.launcher.core.DelegatingLauncher.execute(DelegatingLauncher.java:58)
2025-10-10T17:17:18.7897575Z 	at org.junit.platform.launcher.core.InterceptingLauncher.lambda$execute$2(InterceptingLauncher.java:57)
2025-10-10T17:17:18.7899219Z 	at org.junit.platform.launcher.core.ClasspathAlignmentCheckingLauncherInterceptor.intercept(ClasspathAlignmentCheckingLauncherInterceptor.java:25)
2025-10-10T17:17:18.7901110Z 	at org.junit.platform.launcher.core.InterceptingLauncher.execute(InterceptingLauncher.java:56)
2025-10-10T17:17:18.7902214Z 	at org.junit.platform.launcher.core.DelegatingLauncher.execute(DelegatingLauncher.java:58)
2025-10-10T17:17:18.7903213Z 	at java.base/jdk.internal.reflect.NativeMethodAccessorImpl.invoke0(Native Method)
2025-10-10T17:17:18.7904610Z 	at java.base/jdk.internal.reflect.NativeMethodAccessorImpl.invoke(NativeMethodAccessorImpl.java:77)
2025-10-10T17:17:18.7906024Z 	at java.base/jdk.internal.reflect.DelegatingMethodAccessorImpl.invoke(DelegatingMethodAccessorImpl.java:43)
2025-10-10T17:17:18.7907121Z 	at java.base/java.lang.reflect.Method.invoke(Method.java:569)
2025-10-10T17:17:18.7908178Z 	at org.apache.maven.surefire.api.util.ReflectionUtils.invokeMethodWithArray(ReflectionUtils.java:125)
2025-10-10T17:17:18.7909716Z 	at org.apache.maven.surefire.junitplatform.LauncherAdapter.executeWithCancellationToken(LauncherAdapter.java:68)
2025-10-10T17:17:18.7911454Z 	at org.apache.maven.surefire.junitplatform.LauncherAdapter.execute(LauncherAdapter.java:54)
2025-10-10T17:17:18.7912811Z 	at org.apache.maven.surefire.junitplatform.JUnitPlatformProvider.execute(JUnitPlatformProvider.java:203)
2025-10-10T17:17:18.7914354Z 	at org.apache.maven.surefire.junitplatform.JUnitPlatformProvider.invokeAllTests(JUnitPlatformProvider.java:168)
2025-10-10T17:17:18.7915896Z 	at org.apache.maven.surefire.junitplatform.JUnitPlatformProvider.invoke(JUnitPlatformProvider.java:136)
2025-10-10T17:17:18.7917459Z 	at org.apache.maven.surefire.booter.ForkedBooter.runSuitesInProcess(ForkedBooter.java:385)
2025-10-10T17:17:18.7918575Z 	at org.apache.maven.surefire.booter.ForkedBooter.execute(ForkedBooter.java:162)
2025-10-10T17:17:18.7919555Z 	at org.apache.maven.surefire.booter.ForkedBooter.run(ForkedBooter.java:507)
2025-10-10T17:17:18.7920721Z 	at org.apache.maven.surefire.booter.ForkedBooter.main(ForkedBooter.java:495)
2025-10-10T17:17:18.7921290Z 
2025-10-10T17:17:18.7922073Z 17:17:18.763 DEBUG [main] o.apache.ibatis.logging.LogFactory - Logging initialized using 'class org.apache.ibatis.logging.slf4j.Slf4jImpl' adapter.
2025-10-10T17:17:18.7923185Z 17:17:18.763 ERROR [main] java.lang.Object - Error message.
2025-10-10T17:17:18.7923790Z 17:17:18.763 ERROR [main] java.lang.Object - Error with Exception.
2025-10-10T17:17:18.7924331Z java.lang.Exception: Test exception.
2025-10-10T17:17:18.7925014Z 	at org.apache.ibatis.logging.LogFactoryTest.logSomething(LogFactoryTest.java:112)
2025-10-10T17:17:18.7926040Z 	at org.apache.ibatis.logging.LogFactoryTest.shouldUseSlf4j(LogFactoryTest.java:77)
2025-10-10T17:17:18.7927027Z 	at java.base/jdk.internal.reflect.NativeMethodAccessorImpl.invoke0(Native Method)
2025-10-10T17:17:18.7928146Z 	at java.base/jdk.internal.reflect.NativeMethodAccessorImpl.invoke(NativeMethodAccessorImpl.java:77)
2025-10-10T17:17:18.7929550Z 	at java.base/jdk.internal.reflect.DelegatingMethodAccessorImpl.invoke(DelegatingMethodAccessorImpl.java:43)
2025-10-10T17:17:18.7930819Z 	at java.base/java.lang.reflect.Method.invoke(Method.java:569)
2025-10-10T17:17:18.7931709Z 	at org.junit.platform.commons.util.ReflectionUtils.invokeMethod(ReflectionUtils.java:701)
2025-10-10T17:17:18.7932820Z 	at org.junit.platform.commons.support.ReflectionSupport.invokeMethod(ReflectionSupport.java:502)
2025-10-10T17:17:18.7934122Z 	at org.junit.jupiter.engine.support.MethodReflectionUtils.invoke(MethodReflectionUtils.java:45)
2025-10-10T17:17:18.7935413Z 	at org.junit.jupiter.engine.execution.MethodInvocation.proceed(MethodInvocation.java:61)
2025-10-10T17:17:18.7936943Z 	at org.junit.jupiter.engine.execution.InvocationInterceptorChain$ValidatingInvocation.proceed(InvocationInterceptorChain.java:124)
2025-10-10T17:17:18.7938405Z 	at org.junit.jupiter.engine.extension.TimeoutExtension.intercept(TimeoutExtension.java:163)
2025-10-10T17:17:18.7939671Z 	at org.junit.jupiter.engine.extension.TimeoutExtension.interceptTestableMethod(TimeoutExtension.java:148)
2025-10-10T17:17:18.7941351Z 	at org.junit.jupiter.engine.extension.TimeoutExtension.interceptTestMethod(TimeoutExtension.java:86)
2025-10-10T17:17:18.7943145Z 	at org.junit.jupiter.engine.execution.InterceptingExecutableInvoker$ReflectiveInterceptorCall.lambda$ofVoidMethod$0(InterceptingExecutableInvoker.java:123)
2025-10-10T17:17:18.7945033Z 	at org.junit.jupiter.engine.execution.InterceptingExecutableInvoker.lambda$invoke$0(InterceptingExecutableInvoker.java:105)
2025-10-10T17:17:18.7947058Z 	at org.junit.jupiter.engine.execution.InvocationInterceptorChain$InterceptedInvocation.proceed(InvocationInterceptorChain.java:99)
2025-10-10T17:17:18.7948810Z 	at org.junit.jupiter.engine.execution.InvocationInterceptorChain.proceed(InvocationInterceptorChain.java:66)
2025-10-10T17:17:18.7950645Z 	at org.junit.jupiter.engine.execution.InvocationInterceptorChain.chainAndInvoke(InvocationInterceptorChain.java:47)
2025-10-10T17:17:18.7952262Z 	at org.junit.jupiter.engine.execution.InvocationInterceptorChain.invoke(InvocationInterceptorChain.java:39)
2025-10-10T17:17:18.7953847Z 	at org.junit.jupiter.engine.execution.InterceptingExecutableInvoker.invoke(InterceptingExecutableInvoker.java:104)
2025-10-10T17:17:18.7955510Z 	at org.junit.jupiter.engine.execution.InterceptingExecutableInvoker.invoke(InterceptingExecutableInvoker.java:98)
2025-10-10T17:17:18.7957184Z 	at org.junit.jupiter.engine.execution.InterceptingExecutableInvoker.invokeVoid(InterceptingExecutableInvoker.java:71)
2025-10-10T17:17:18.7958961Z 	at org.junit.jupiter.engine.descriptor.TestMethodTestDescriptor.lambda$invokeTestMethod$0(TestMethodTestDescriptor.java:219)
2025-10-10T17:17:18.7961076Z 	at org.junit.platform.engine.support.hierarchical.ThrowableCollector.execute(ThrowableCollector.java:74)
2025-10-10T17:17:18.7962684Z 	at org.junit.jupiter.engine.descriptor.TestMethodTestDescriptor.invokeTestMethod(TestMethodTestDescriptor.java:215)
2025-10-10T17:17:18.7964369Z 	at org.junit.jupiter.engine.descriptor.TestMethodTestDescriptor.execute(TestMethodTestDescriptor.java:157)
2025-10-10T17:17:18.7965881Z 	at org.junit.jupiter.engine.descriptor.TestMethodTestDescriptor.execute(TestMethodTestDescriptor.java:70)
2025-10-10T17:17:18.7967365Z 	at org.junit.platform.engine.support.hierarchical.NodeTestTask.lambda$executeRecursively$2(NodeTestTask.java:176)
2025-10-10T17:17:18.7968906Z 	at org.junit.platform.engine.support.hierarchical.ThrowableCollector.execute(ThrowableCollector.java:74)
2025-10-10T17:17:18.7970641Z 	at org.junit.platform.engine.support.hierarchical.NodeTestTask.lambda$executeRecursively$1(NodeTestTask.java:166)
2025-10-10T17:17:18.7971951Z 	at org.junit.platform.engine.support.hierarchical.Node.around(Node.java:138)
2025-10-10T17:17:18.7973218Z 	at org.junit.platform.engine.support.hierarchical.NodeTestTask.lambda$executeRecursively$0(NodeTestTask.java:164)
2025-10-10T17:17:18.7974711Z 	at org.junit.platform.engine.support.hierarchical.ThrowableCollector.execute(ThrowableCollector.java:74)
2025-10-10T17:17:18.7976229Z 	at org.junit.platform.engine.support.hierarchical.NodeTestTask.executeRecursively(NodeTestTask.java:163)
2025-10-10T17:17:18.7977582Z 	at org.junit.platform.engine.support.hierarchical.NodeTestTask.execute(NodeTestTask.java:116)
2025-10-10T17:17:18.7978499Z 	at java.base/java.util.ArrayList.forEach(ArrayList.java:1511)
2025-10-10T17:17:18.7979978Z 	at org.junit.platform.engine.support.hierarchical.SameThreadHierarchicalTestExecutorService.invokeAll(SameThreadHierarchicalTestExecutorService.java:42)
2025-10-10T17:17:18.7982104Z 	at org.junit.platform.engine.support.hierarchical.NodeTestTask.lambda$executeRecursively$2(NodeTestTask.java:180)
2025-10-10T17:17:18.7983484Z 	at org.junit.platform.engine.support.hierarchical.ThrowableCollector.execute(ThrowableCollector.java:74)
2025-10-10T17:17:18.7984878Z 	at org.junit.platform.engine.support.hierarchical.NodeTestTask.lambda$executeRecursively$1(NodeTestTask.java:166)
2025-10-10T17:17:18.7986061Z 	at org.junit.platform.engine.support.hierarchical.Node.around(Node.java:138)
2025-10-10T17:17:18.7987276Z 	at org.junit.platform.engine.support.hierarchical.NodeTestTask.lambda$executeRecursively$0(NodeTestTask.java:164)
2025-10-10T17:17:18.7988775Z 	at org.junit.platform.engine.support.hierarchical.ThrowableCollector.execute(ThrowableCollector.java:74)
2025-10-10T17:17:18.7990424Z 	at org.junit.platform.engine.support.hierarchical.NodeTestTask.executeRecursively(NodeTestTask.java:163)
2025-10-10T17:17:18.7991903Z 	at org.junit.platform.engine.support.hierarchical.NodeTestTask.execute(NodeTestTask.java:116)
2025-10-10T17:17:18.7992828Z 	at java.base/java.util.ArrayList.forEach(ArrayList.java:1511)
2025-10-10T17:17:18.7994277Z 	at org.junit.platform.engine.support.hierarchical.SameThreadHierarchicalTestExecutorService.invokeAll(SameThreadHierarchicalTestExecutorService.java:42)
2025-10-10T17:17:18.7996073Z 	at org.junit.platform.engine.support.hierarchical.NodeTestTask.lambda$executeRecursively$2(NodeTestTask.java:180)
2025-10-10T17:17:18.7997428Z 	at org.junit.platform.engine.support.hierarchical.ThrowableCollector.execute(ThrowableCollector.java:74)
2025-10-10T17:17:18.7998753Z 	at org.junit.platform.engine.support.hierarchical.NodeTestTask.lambda$executeRecursively$1(NodeTestTask.java:166)
2025-10-10T17:17:18.7999925Z 	at org.junit.platform.engine.support.hierarchical.Node.around(Node.java:138)
2025-10-10T17:17:18.8001395Z 	at org.junit.platform.engine.support.hierarchical.NodeTestTask.lambda$executeRecursively$0(NodeTestTask.java:164)
2025-10-10T17:17:18.8002905Z 	at org.junit.platform.engine.support.hierarchical.ThrowableCollector.execute(ThrowableCollector.java:74)
2025-10-10T17:17:18.8004573Z 	at org.junit.platform.engine.support.hierarchical.NodeTestTask.executeRecursively(NodeTestTask.java:163)
2025-10-10T17:17:18.8005952Z 	at org.junit.platform.engine.support.hierarchical.NodeTestTask.execute(NodeTestTask.java:116)
2025-10-10T17:17:18.8007708Z 	at org.junit.platform.engine.support.hierarchical.SameThreadHierarchicalTestExecutorService.submit(SameThreadHierarchicalTestExecutorService.java:36)
2025-10-10T17:17:18.8009656Z 	at org.junit.platform.engine.support.hierarchical.HierarchicalTestExecutor.execute(HierarchicalTestExecutor.java:52)
2025-10-10T17:17:18.8011499Z 	at org.junit.platform.engine.support.hierarchical.HierarchicalTestEngine.execute(HierarchicalTestEngine.java:58)
2025-10-10T17:17:18.8013043Z 	at org.junit.platform.launcher.core.EngineExecutionOrchestrator.executeEngine(EngineExecutionOrchestrator.java:246)
2025-10-10T17:17:18.8014722Z 	at org.junit.platform.launcher.core.EngineExecutionOrchestrator.failOrExecuteEngine(EngineExecutionOrchestrator.java:218)
2025-10-10T17:17:18.8016289Z 	at org.junit.platform.launcher.core.EngineExecutionOrchestrator.execute(EngineExecutionOrchestrator.java:179)
2025-10-10T17:17:18.8017740Z 	at org.junit.platform.launcher.core.EngineExecutionOrchestrator.execute(EngineExecutionOrchestrator.java:108)
2025-10-10T17:17:18.8019318Z 	at org.junit.platform.launcher.core.EngineExecutionOrchestrator.lambda$execute$0(EngineExecutionOrchestrator.java:66)
2025-10-10T17:17:18.8021226Z 	at org.junit.platform.launcher.core.EngineExecutionOrchestrator.withInterceptedStreams(EngineExecutionOrchestrator.java:157)
2025-10-10T17:17:18.8022824Z 	at org.junit.platform.launcher.core.EngineExecutionOrchestrator.execute(EngineExecutionOrchestrator.java:65)
2025-10-10T17:17:18.8024090Z 	at org.junit.platform.launcher.core.DefaultLauncher.execute(DefaultLauncher.java:125)
2025-10-10T17:17:18.8025185Z 	at org.junit.platform.launcher.core.DefaultLauncher.execute(DefaultLauncher.java:114)
2025-10-10T17:17:18.8026290Z 	at org.junit.platform.launcher.core.DelegatingLauncher.execute(DelegatingLauncher.java:58)
2025-10-10T17:17:18.8027523Z 	at org.junit.platform.launcher.core.InterceptingLauncher.lambda$execute$2(InterceptingLauncher.java:57)
2025-10-10T17:17:18.8029268Z 	at org.junit.platform.launcher.core.ClasspathAlignmentCheckingLauncherInterceptor.intercept(ClasspathAlignmentCheckingLauncherInterceptor.java:25)
2025-10-10T17:17:18.8031028Z 	at org.junit.platform.launcher.core.InterceptingLauncher.execute(InterceptingLauncher.java:56)
2025-10-10T17:17:18.8032012Z 	at org.junit.platform.launcher.core.DelegatingLauncher.execute(DelegatingLauncher.java:58)
2025-10-10T17:17:18.8032900Z 	at java.base/jdk.internal.reflect.NativeMethodAccessorImpl.invoke0(Native Method)
2025-10-10T17:17:18.8033826Z 	at java.base/jdk.internal.reflect.NativeMethodAccessorImpl.invoke(NativeMethodAccessorImpl.java:77)
2025-10-10T17:17:18.8038191Z 	at java.base/jdk.internal.reflect.DelegatingMethodAccessorImpl.invoke(DelegatingMethodAccessorImpl.java:43)
2025-10-10T17:17:18.8039046Z 	at java.base/java.lang.reflect.Method.invoke(Method.java:569)
2025-10-10T17:17:18.8039927Z 	at org.apache.maven.surefire.api.util.ReflectionUtils.invokeMethodWithArray(ReflectionUtils.java:125)
2025-10-10T17:17:18.8041308Z 	at org.apache.maven.surefire.junitplatform.LauncherAdapter.executeWithCancellationToken(LauncherAdapter.java:68)
2025-10-10T17:17:18.8042435Z 	at org.apache.maven.surefire.junitplatform.LauncherAdapter.execute(LauncherAdapter.java:54)
2025-10-10T17:17:18.8043485Z 	at org.apache.maven.surefire.junitplatform.JUnitPlatformProvider.execute(JUnitPlatformProvider.java:203)
2025-10-10T17:17:18.8044673Z 	at org.apache.maven.surefire.junitplatform.JUnitPlatformProvider.invokeAllTests(JUnitPlatformProvider.java:168)
2025-10-10T17:17:18.8045849Z 	at org.apache.maven.surefire.junitplatform.JUnitPlatformProvider.invoke(JUnitPlatformProvider.java:136)
2025-10-10T17:17:18.8046902Z 	at org.apache.maven.surefire.booter.ForkedBooter.runSuitesInProcess(ForkedBooter.java:385)
2025-10-10T17:17:18.8047764Z 	at org.apache.maven.surefire.booter.ForkedBooter.execute(ForkedBooter.java:162)
2025-10-10T17:17:18.8048758Z 	at org.apache.maven.surefire.booter.ForkedBooter.run(ForkedBooter.java:507)
2025-10-10T17:17:18.8049493Z 	at org.apache.maven.surefire.booter.ForkedBooter.main(ForkedBooter.java:495)
2025-10-10T17:17:18.8050334Z 2025-10-10T17:17:18.784974496Z main ERROR Error message.
2025-10-10T17:17:18.8053707Z 2025-10-10T17:17:18.785269045Z main ERROR Error with Exception.
2025-10-10T17:17:18.8054156Z java.lang.Exception: Test exception.
2025-10-10T17:17:18.8054731Z 	at org.apache.ibatis.logging.LogFactoryTest.logSomething(LogFactoryTest.java:112)
2025-10-10T17:17:18.8055722Z 	at org.apache.ibatis.logging.LogFactoryTest.shouldUseCommonsLogging(LogFactoryTest.java:45)
2025-10-10T17:17:18.8056746Z 	at java.base/jdk.internal.reflect.NativeMethodAccessorImpl.invoke0(Native Method)
2025-10-10T17:17:18.8057904Z 	at java.base/jdk.internal.reflect.NativeMethodAccessorImpl.invoke(NativeMethodAccessorImpl.java:77)
2025-10-10T17:17:18.8059149Z 	at java.base/jdk.internal.reflect.DelegatingMethodAccessorImpl.invoke(DelegatingMethodAccessorImpl.java:43)
2025-10-10T17:17:18.8060546Z 	at java.base/java.lang.reflect.Method.invoke(Method.java:569)
2025-10-10T17:17:18.8061424Z 	at org.junit.platform.commons.util.ReflectionUtils.invokeMethod(ReflectionUtils.java:701)
2025-10-10T17:17:18.8062574Z 	at org.junit.platform.commons.support.ReflectionSupport.invokeMethod(ReflectionSupport.java:502)
2025-10-10T17:17:18.8063846Z 	at org.junit.jupiter.engine.support.MethodReflectionUtils.invoke(MethodReflectionUtils.java:45)
2025-10-10T17:17:18.8065024Z 	at org.junit.jupiter.engine.execution.MethodInvocation.proceed(MethodInvocation.java:61)
2025-10-10T17:17:18.8066528Z 	at org.junit.jupiter.engine.execution.InvocationInterceptorChain$ValidatingInvocation.proceed(InvocationInterceptorChain.java:124)
2025-10-10T17:17:18.8067994Z 	at org.junit.jupiter.engine.extension.TimeoutExtension.intercept(TimeoutExtension.java:163)
2025-10-10T17:17:18.8069217Z 	at org.junit.jupiter.engine.extension.TimeoutExtension.interceptTestableMethod(TimeoutExtension.java:148)
2025-10-10T17:17:18.8070783Z 	at org.junit.jupiter.engine.extension.TimeoutExtension.interceptTestMethod(TimeoutExtension.java:86)
2025-10-10T17:17:18.8072524Z 	at org.junit.jupiter.engine.execution.InterceptingExecutableInvoker$ReflectiveInterceptorCall.lambda$ofVoidMethod$0(InterceptingExecutableInvoker.java:123)
2025-10-10T17:17:18.8074424Z 	at org.junit.jupiter.engine.execution.InterceptingExecutableInvoker.lambda$invoke$0(InterceptingExecutableInvoker.java:105)
2025-10-10T17:17:18.8076107Z 	at org.junit.jupiter.engine.execution.InvocationInterceptorChain$InterceptedInvocation.proceed(InvocationInterceptorChain.java:99)
2025-10-10T17:17:18.8077767Z 	at org.junit.jupiter.engine.execution.InvocationInterceptorChain.proceed(InvocationInterceptorChain.java:66)
2025-10-10T17:17:18.8079512Z 	at org.junit.jupiter.engine.execution.InvocationInterceptorChain.chainAndInvoke(InvocationInterceptorChain.java:47)
2025-10-10T17:17:18.8081249Z 	at org.junit.jupiter.engine.execution.InvocationInterceptorChain.invoke(InvocationInterceptorChain.java:39)
2025-10-10T17:17:18.8082792Z 	at org.junit.jupiter.engine.execution.InterceptingExecutableInvoker.invoke(InterceptingExecutableInvoker.java:104)
2025-10-10T17:17:18.8084321Z 	at org.junit.jupiter.engine.execution.InterceptingExecutableInvoker.invoke(InterceptingExecutableInvoker.java:98)
2025-10-10T17:17:18.8085899Z 	at org.junit.jupiter.engine.execution.InterceptingExecutableInvoker.invokeVoid(InterceptingExecutableInvoker.java:71)
2025-10-10T17:17:18.8087658Z 	at org.junit.jupiter.engine.descriptor.TestMethodTestDescriptor.lambda$invokeTestMethod$0(TestMethodTestDescriptor.java:219)
2025-10-10T17:17:18.8089290Z 	at org.junit.platform.engine.support.hierarchical.ThrowableCollector.execute(ThrowableCollector.java:74)
2025-10-10T17:17:18.8091133Z 	at org.junit.jupiter.engine.descriptor.TestMethodTestDescriptor.invokeTestMethod(TestMethodTestDescriptor.java:215)
2025-10-10T17:17:18.8092614Z 	at org.junit.jupiter.engine.descriptor.TestMethodTestDescriptor.execute(TestMethodTestDescriptor.java:157)
2025-10-10T17:17:18.8094393Z 	at org.junit.jupiter.engine.descriptor.TestMethodTestDescriptor.execute(TestMethodTestDescriptor.java:70)
2025-10-10T17:17:18.8095801Z 	at org.junit.platform.engine.support.hierarchical.NodeTestTask.lambda$executeRecursively$2(NodeTestTask.java:176)
2025-10-10T17:17:18.8097234Z 	at org.junit.platform.engine.support.hierarchical.ThrowableCollector.execute(ThrowableCollector.java:74)
2025-10-10T17:17:18.8098616Z 	at org.junit.platform.engine.support.hierarchical.NodeTestTask.lambda$executeRecursively$1(NodeTestTask.java:166)
2025-10-10T17:17:18.8099846Z 	at org.junit.platform.engine.support.hierarchical.Node.around(Node.java:138)
2025-10-10T17:17:18.8101348Z 	at org.junit.platform.engine.support.hierarchical.NodeTestTask.lambda$executeRecursively$0(NodeTestTask.java:164)
2025-10-10T17:17:18.8102740Z 	at org.junit.platform.engine.support.hierarchical.ThrowableCollector.execute(ThrowableCollector.java:74)
2025-10-10T17:17:18.8104107Z 	at org.junit.platform.engine.support.hierarchical.NodeTestTask.executeRecursively(NodeTestTask.java:163)
2025-10-10T17:17:18.8105433Z 	at org.junit.platform.engine.support.hierarchical.NodeTestTask.execute(NodeTestTask.java:116)
2025-10-10T17:17:18.8106335Z 	at java.base/java.util.ArrayList.forEach(ArrayList.java:1511)
2025-10-10T17:17:18.8107829Z 	at org.junit.platform.engine.support.hierarchical.SameThreadHierarchicalTestExecutorService.invokeAll(SameThreadHierarchicalTestExecutorService.java:42)
2025-10-10T17:17:18.8109592Z 	at org.junit.platform.engine.support.hierarchical.NodeTestTask.lambda$executeRecursively$2(NodeTestTask.java:180)
2025-10-10T17:17:18.8111187Z 	at org.junit.platform.engine.support.hierarchical.ThrowableCollector.execute(ThrowableCollector.java:74)
2025-10-10T17:17:18.8112623Z 	at org.junit.platform.engine.support.hierarchical.NodeTestTask.lambda$executeRecursively$1(NodeTestTask.java:166)
2025-10-10T17:17:18.8113769Z 	at org.junit.platform.engine.support.hierarchical.Node.around(Node.java:138)
2025-10-10T17:17:18.8114921Z 	at org.junit.platform.engine.support.hierarchical.NodeTestTask.lambda$executeRecursively$0(NodeTestTask.java:164)
2025-10-10T17:17:18.8116191Z 	at org.junit.platform.engine.support.hierarchical.ThrowableCollector.execute(ThrowableCollector.java:74)
2025-10-10T17:17:18.8117577Z 	at org.junit.platform.engine.support.hierarchical.NodeTestTask.executeRecursively(NodeTestTask.java:163)
2025-10-10T17:17:18.8118840Z 	at org.junit.platform.engine.support.hierarchical.NodeTestTask.execute(NodeTestTask.java:116)
2025-10-10T17:17:18.8119750Z 	at java.base/java.util.ArrayList.forEach(ArrayList.java:1511)
2025-10-10T17:17:18.8121402Z 	at org.junit.platform.engine.support.hierarchical.SameThreadHierarchicalTestExecutorService.invokeAll(SameThreadHierarchicalTestExecutorService.java:42)
2025-10-10T17:17:18.8123458Z 	at org.junit.platform.engine.support.hierarchical.NodeTestTask.lambda$executeRecursively$2(NodeTestTask.java:180)
2025-10-10T17:17:18.8124879Z 	at org.junit.platform.engine.support.hierarchical.ThrowableCollector.execute(ThrowableCollector.java:74)
2025-10-10T17:17:18.8126235Z 	at org.junit.platform.engine.support.hierarchical.NodeTestTask.lambda$executeRecursively$1(NodeTestTask.java:166)
2025-10-10T17:17:18.8127450Z 	at org.junit.platform.engine.support.hierarchical.Node.around(Node.java:138)
2025-10-10T17:17:18.8128662Z 	at org.junit.platform.engine.support.hierarchical.NodeTestTask.lambda$executeRecursively$0(NodeTestTask.java:164)
2025-10-10T17:17:18.8130267Z 	at org.junit.platform.engine.support.hierarchical.ThrowableCollector.execute(ThrowableCollector.java:74)
2025-10-10T17:17:18.8131659Z 	at org.junit.platform.engine.support.hierarchical.NodeTestTask.executeRecursively(NodeTestTask.java:163)
2025-10-10T17:17:18.8132940Z 	at org.junit.platform.engine.support.hierarchical.NodeTestTask.execute(NodeTestTask.java:116)
2025-10-10T17:17:18.8134594Z 	at org.junit.platform.engine.support.hierarchical.SameThreadHierarchicalTestExecutorService.submit(SameThreadHierarchicalTestExecutorService.java:36)
2025-10-10T17:17:18.8136750Z 	at org.junit.platform.engine.support.hierarchical.HierarchicalTestExecutor.execute(HierarchicalTestExecutor.java:52)
2025-10-10T17:17:18.8138381Z 	at org.junit.platform.engine.support.hierarchical.HierarchicalTestEngine.execute(HierarchicalTestEngine.java:58)
2025-10-10T17:17:18.8139801Z 	at org.junit.platform.launcher.core.EngineExecutionOrchestrator.executeEngine(EngineExecutionOrchestrator.java:246)
2025-10-10T17:17:18.8141678Z 	at org.junit.platform.launcher.core.EngineExecutionOrchestrator.failOrExecuteEngine(EngineExecutionOrchestrator.java:218)
2025-10-10T17:17:18.8143225Z 	at org.junit.platform.launcher.core.EngineExecutionOrchestrator.execute(EngineExecutionOrchestrator.java:179)
2025-10-10T17:17:18.8144764Z 	at org.junit.platform.launcher.core.EngineExecutionOrchestrator.execute(EngineExecutionOrchestrator.java:108)
2025-10-10T17:17:18.8146351Z 	at org.junit.platform.launcher.core.EngineExecutionOrchestrator.lambda$execute$0(EngineExecutionOrchestrator.java:66)
2025-10-10T17:17:18.8148096Z 	at org.junit.platform.launcher.core.EngineExecutionOrchestrator.withInterceptedStreams(EngineExecutionOrchestrator.java:157)
2025-10-10T17:17:18.8149761Z 	at org.junit.platform.launcher.core.EngineExecutionOrchestrator.execute(EngineExecutionOrchestrator.java:65)
2025-10-10T17:17:18.8151130Z 	at org.junit.platform.launcher.core.DefaultLauncher.execute(DefaultLauncher.java:125)
2025-10-10T17:17:18.8152100Z 	at org.junit.platform.launcher.core.DefaultLauncher.execute(DefaultLauncher.java:114)
2025-10-10T17:17:18.8153193Z 	at org.junit.platform.launcher.core.DelegatingLauncher.execute(DelegatingLauncher.java:58)
2025-10-10T17:17:18.8154344Z 	at org.junit.platform.launcher.core.InterceptingLauncher.lambda$execute$2(InterceptingLauncher.java:57)
2025-10-10T17:17:18.8159013Z 	at org.junit.platform.launcher.core.ClasspathAlignmentCheckingLauncherInterceptor.intercept(ClasspathAlignmentCheckingLauncherInterceptor.java:25)
2025-10-10T17:17:18.8160620Z 	at org.junit.platform.launcher.core.InterceptingLauncher.execute(InterceptingLauncher.java:56)
2025-10-10T17:17:18.8161569Z 	at org.junit.platform.launcher.core.DelegatingLauncher.execute(DelegatingLauncher.java:58)
2025-10-10T17:17:18.8162426Z 	at java.base/jdk.internal.reflect.NativeMethodAccessorImpl.invoke0(Native Method)
2025-10-10T17:17:18.8163431Z 	at java.base/jdk.internal.reflect.NativeMethodAccessorImpl.invoke(NativeMethodAccessorImpl.java:77)
2025-10-10T17:17:18.8164493Z 	at java.base/jdk.internal.reflect.DelegatingMethodAccessorImpl.invoke(DelegatingMethodAccessorImpl.java:43)
2025-10-10T17:17:18.8165369Z 	at java.base/java.lang.reflect.Method.invoke(Method.java:569)
2025-10-10T17:17:18.8166197Z 	at org.apache.maven.surefire.api.util.ReflectionUtils.invokeMethodWithArray(ReflectionUtils.java:125)
2025-10-10T17:17:18.8167643Z 	at org.apache.maven.surefire.junitplatform.LauncherAdapter.executeWithCancellationToken(LauncherAdapter.java:68)
2025-10-10T17:17:18.8168795Z 	at org.apache.maven.surefire.junitplatform.LauncherAdapter.execute(LauncherAdapter.java:54)
2025-10-10T17:17:18.8169868Z 	at org.apache.maven.surefire.junitplatform.JUnitPlatformProvider.execute(JUnitPlatformProvider.java:203)
2025-10-10T17:17:18.8171268Z 	at org.apache.maven.surefire.junitplatform.JUnitPlatformProvider.invokeAllTests(JUnitPlatformProvider.java:168)
2025-10-10T17:17:18.8172470Z 	at org.apache.maven.surefire.junitplatform.JUnitPlatformProvider.invoke(JUnitPlatformProvider.java:136)
2025-10-10T17:17:18.8173532Z 	at org.apache.maven.surefire.booter.ForkedBooter.runSuitesInProcess(ForkedBooter.java:385)
2025-10-10T17:17:18.8174424Z 	at org.apache.maven.surefire.booter.ForkedBooter.execute(ForkedBooter.java:162)
2025-10-10T17:17:18.8175211Z 	at org.apache.maven.surefire.booter.ForkedBooter.run(ForkedBooter.java:507)
2025-10-10T17:17:18.8175974Z 	at org.apache.maven.surefire.booter.ForkedBooter.main(ForkedBooter.java:495)
2025-10-10T17:17:18.8176418Z 
2025-10-10T17:17:18.8177024Z 17:17:18.786 DEBUG [main] o.apache.ibatis.logging.LogFactory - Logging initialized using 'class org.apache.ibatis.logging.slf4j.Slf4jImpl' adapter.
2025-10-10T17:17:18.8178426Z [INFO] Tests run: 8, Failures: 0, Errors: 0, Skipped: 0, Time elapsed: 0.297 s -- in org.apache.ibatis.logging.LogFactoryTest
2025-10-10T17:17:18.8179358Z [INFO] Running org.apache.ibatis.plugin.PluginTest
2025-10-10T17:17:18.8180396Z [INFO] Tests run: 2, Failures: 0, Errors: 0, Skipped: 0, Time elapsed: 0.023 s -- in org.apache.ibatis.plugin.PluginTest
2025-10-10T17:17:18.8181429Z [INFO] Running org.apache.ibatis.type.BlobInputStreamTypeHandlerTest
2025-10-10T17:17:18.9580183Z [INFO] Tests run: 8, Failures: 0, Errors: 0, Skipped: 0, Time elapsed: 0.145 s -- in org.apache.ibatis.type.BlobInputStreamTypeHandlerTest
2025-10-10T17:17:18.9581437Z [INFO] Running org.apache.ibatis.type.TypeAliasRegistryTest
2025-10-10T17:17:18.9664026Z [INFO] Tests run: 9, Failures: 0, Errors: 0, Skipped: 0, Time elapsed: 0.007 s -- in org.apache.ibatis.type.TypeAliasRegistryTest
2025-10-10T17:17:18.9676773Z [INFO] Running org.apache.ibatis.type.SqlDateTypeHandlerTest
2025-10-10T17:17:18.9709941Z [INFO] Tests run: 4, Failures: 0, Errors: 0, Skipped: 0, Time elapsed: 0.005 s -- in org.apache.ibatis.type.SqlDateTypeHandlerTest
2025-10-10T17:17:18.9725878Z [INFO] Running org.apache.ibatis.type.ByteTypeHandlerTest
2025-10-10T17:17:18.9797202Z [INFO] Tests run: 7, Failures: 0, Errors: 0, Skipped: 0, Time elapsed: 0.008 s -- in org.apache.ibatis.type.ByteTypeHandlerTest
2025-10-10T17:17:18.9818052Z [INFO] Running org.apache.ibatis.type.BlobByteObjectArrayTypeHandlerTest
2025-10-10T17:17:18.9906628Z [INFO] Tests run: 7, Failures: 0, Errors: 0, Skipped: 0, Time elapsed: 0.010 s -- in org.apache.ibatis.type.BlobByteObjectArrayTypeHandlerTest
2025-10-10T17:17:18.9931224Z [INFO] Running org.apache.ibatis.type.BooleanTypeHandlerTest
2025-10-10T17:17:19.0003807Z [INFO] Tests run: 7, Failures: 0, Errors: 0, Skipped: 0, Time elapsed: 0.007 s -- in org.apache.ibatis.type.BooleanTypeHandlerTest
2025-10-10T17:17:19.0009220Z [INFO] Running org.apache.ibatis.type.ByteArrayTypeHandlerTest
2025-10-10T17:17:19.0073910Z [INFO] Tests run: 4, Failures: 0, Errors: 0, Skipped: 0, Time elapsed: 0.008 s -- in org.apache.ibatis.type.ByteArrayTypeHandlerTest
2025-10-10T17:17:19.0079825Z [INFO] Running org.apache.ibatis.type.NStringTypeHandlerTest
2025-10-10T17:17:19.0111759Z [INFO] Tests run: 4, Failures: 0, Errors: 0, Skipped: 0, Time elapsed: 0.005 s -- in org.apache.ibatis.type.NStringTypeHandlerTest
2025-10-10T17:17:19.0121523Z [INFO] Running org.apache.ibatis.type.YearTypeHandlerTest
2025-10-10T17:17:19.0201126Z [INFO] Tests run: 7, Failures: 0, Errors: 0, Skipped: 0, Time elapsed: 0.008 s -- in org.apache.ibatis.type.YearTypeHandlerTest
2025-10-10T17:17:19.0221115Z [INFO] Running org.apache.ibatis.type.YearMonthTypeHandlerTest
2025-10-10T17:17:19.0269942Z [INFO] Tests run: 7, Failures: 0, Errors: 0, Skipped: 0, Time elapsed: 0.008 s -- in org.apache.ibatis.type.YearMonthTypeHandlerTest
2025-10-10T17:17:19.0283986Z [INFO] Running org.apache.ibatis.type.ByteObjectArrayTypeHandlerTest
2025-10-10T17:17:19.0366903Z [INFO] Tests run: 7, Failures: 0, Errors: 0, Skipped: 0, Time elapsed: 0.008 s -- in org.apache.ibatis.type.ByteObjectArrayTypeHandlerTest
2025-10-10T17:17:19.0372170Z [INFO] Running org.apache.ibatis.type.IntegerTypeHandlerTest
2025-10-10T17:17:19.0444311Z [INFO] Tests run: 7, Failures: 0, Errors: 0, Skipped: 0, Time elapsed: 0.007 s -- in org.apache.ibatis.type.IntegerTypeHandlerTest
2025-10-10T17:17:19.0449061Z [INFO] Running org.apache.ibatis.type.ClobTypeHandlerTest
2025-10-10T17:17:19.0610339Z [INFO] Tests run: 7, Failures: 0, Errors: 0, Skipped: 0, Time elapsed: 0.018 s -- in org.apache.ibatis.type.ClobTypeHandlerTest
2025-10-10T17:17:19.0615657Z [INFO] Running org.apache.ibatis.type.ZonedDateTimeTypeHandlerTest
2025-10-10T17:17:19.0732655Z [INFO] Tests run: 7, Failures: 0, Errors: 0, Skipped: 0, Time elapsed: 0.008 s -- in org.apache.ibatis.type.ZonedDateTimeTypeHandlerTest
2025-10-10T17:17:19.0737963Z [INFO] Running org.apache.ibatis.type.InstantTypeHandlerTest
2025-10-10T17:17:19.0778822Z [INFO] Tests run: 7, Failures: 0, Errors: 0, Skipped: 0, Time elapsed: 0.007 s -- in org.apache.ibatis.type.InstantTypeHandlerTest
2025-10-10T17:17:19.0783219Z [INFO] Running org.apache.ibatis.type.StringTypeHandlerTest
2025-10-10T17:17:19.0823559Z [INFO] Tests run: 4, Failures: 0, Errors: 0, Skipped: 0, Time elapsed: 0.004 s -- in org.apache.ibatis.type.StringTypeHandlerTest
2025-10-10T17:17:19.0824991Z [INFO] Running org.apache.ibatis.type.ClobReaderTypeHandlerTest
2025-10-10T17:17:19.1055721Z [INFO] Tests run: 8, Failures: 0, Errors: 0, Skipped: 0, Time elapsed: 0.024 s -- in org.apache.ibatis.type.ClobReaderTypeHandlerTest
2025-10-10T17:17:19.1060471Z [INFO] Running org.apache.ibatis.type.JapaneseDateTypeHandlerTest
2025-10-10T17:17:19.1236816Z [INFO] Tests run: 7, Failures: 0, Errors: 0, Skipped: 0, Time elapsed: 0.015 s -- in org.apache.ibatis.type.JapaneseDateTypeHandlerTest
2025-10-10T17:17:19.1237894Z [INFO] Running org.apache.ibatis.type.SqlTimestampTypeHandlerTest
2025-10-10T17:17:19.1267259Z [INFO] Tests run: 4, Failures: 0, Errors: 0, Skipped: 0, Time elapsed: 0.005 s -- in org.apache.ibatis.type.SqlTimestampTypeHandlerTest
2025-10-10T17:17:19.1271102Z [INFO] Running org.apache.ibatis.type.TimeOnlyTypeHandlerTest
2025-10-10T17:17:19.1364483Z [INFO] Tests run: 7, Failures: 0, Errors: 0, Skipped: 0, Time elapsed: 0.008 s -- in org.apache.ibatis.type.TimeOnlyTypeHandlerTest
2025-10-10T17:17:19.1368922Z [INFO] Running org.apache.ibatis.type.LongTypeHandlerTest
2025-10-10T17:17:19.1492480Z [INFO] Tests run: 7, Failures: 0, Errors: 0, Skipped: 0, Time elapsed: 0.008 s -- in org.apache.ibatis.type.LongTypeHandlerTest
2025-10-10T17:17:19.1493752Z [INFO] Running org.apache.ibatis.type.TypeReferenceTest
2025-10-10T17:17:19.1529014Z [INFO] Tests run: 2, Failures: 0, Errors: 0, Skipped: 0, Time elapsed: 0.002 s -- in org.apache.ibatis.type.TypeReferenceTest
2025-10-10T17:17:19.1531133Z [INFO] Running org.apache.ibatis.type.OffsetTimeTypeHandlerTest
2025-10-10T17:17:19.1569041Z [INFO] Tests run: 7, Failures: 0, Errors: 0, Skipped: 0, Time elapsed: 0.008 s -- in org.apache.ibatis.type.OffsetTimeTypeHandlerTest
2025-10-10T17:17:19.1570868Z [INFO] Running org.apache.ibatis.type.EnumTypeHandlerTest
2025-10-10T17:17:19.1632793Z [INFO] Tests run: 8, Failures: 0, Errors: 0, Skipped: 0, Time elapsed: 0.008 s -- in org.apache.ibatis.type.EnumTypeHandlerTest
2025-10-10T17:17:19.1651196Z [INFO] Running org.apache.ibatis.type.SimpleTypeRegistryTest
2025-10-10T17:17:19.1663790Z [INFO] Tests run: 3, Failures: 0, Errors: 0, Skipped: 0, Time elapsed: 0.001 s -- in org.apache.ibatis.type.SimpleTypeRegistryTest
2025-10-10T17:17:19.1669258Z [INFO] Running org.apache.ibatis.type.CharacterTypeHandlerTest
2025-10-10T17:17:19.1775983Z [INFO] Tests run: 11, Failures: 0, Errors: 0, Skipped: 0, Time elapsed: 0.011 s -- in org.apache.ibatis.type.CharacterTypeHandlerTest
2025-10-10T17:17:19.1781134Z [INFO] Running org.apache.ibatis.type.UnknownTypeHandlerTest
2025-10-10T17:17:19.2128002Z [INFO] Tests run: 11, Failures: 0, Errors: 0, Skipped: 0, Time elapsed: 0.037 s -- in org.apache.ibatis.type.UnknownTypeHandlerTest
2025-10-10T17:17:19.2137252Z [INFO] Running org.apache.ibatis.type.EnumOrdinalTypeHandlerTest
2025-10-10T17:17:19.2205472Z [INFO] Tests run: 8, Failures: 0, Errors: 0, Skipped: 0, Time elapsed: 0.007 s -- in org.apache.ibatis.type.EnumOrdinalTypeHandlerTest
2025-10-10T17:17:19.2206706Z [INFO] Running org.apache.ibatis.type.JdbcTypeTest
2025-10-10T17:17:19.2229650Z [INFO] Tests run: 2, Failures: 0, Errors: 0, Skipped: 0, Time elapsed: 0.002 s -- in org.apache.ibatis.type.JdbcTypeTest
2025-10-10T17:17:19.2235111Z [INFO] Running org.apache.ibatis.type.ObjectTypeHandlerTest
2025-10-10T17:17:19.2291492Z [INFO] Tests run: 7, Failures: 0, Errors: 0, Skipped: 0, Time elapsed: 0.006 s -- in org.apache.ibatis.type.ObjectTypeHandlerTest
2025-10-10T17:17:19.2295801Z [INFO] Running org.apache.ibatis.type.ShortTypeHandlerTest
2025-10-10T17:17:19.2377988Z [INFO] Tests run: 7, Failures: 0, Errors: 0, Skipped: 0, Time elapsed: 0.007 s -- in org.apache.ibatis.type.ShortTypeHandlerTest
2025-10-10T17:17:19.2384381Z [INFO] Running org.apache.ibatis.type.Jsr310TypeHandlerRegistryTest
2025-10-10T17:17:19.2404593Z [INFO] Tests run: 1, Failures: 0, Errors: 0, Skipped: 0, Time elapsed: 0.001 s -- in org.apache.ibatis.type.Jsr310TypeHandlerRegistryTest
2025-10-10T17:17:19.2409449Z [INFO] Running org.apache.ibatis.type.LocalDateTimeTypeHandlerTest
2025-10-10T17:17:19.2446224Z [INFO] Tests run: 7, Failures: 0, Errors: 0, Skipped: 0, Time elapsed: 0.008 s -- in org.apache.ibatis.type.LocalDateTimeTypeHandlerTest
2025-10-10T17:17:19.2451372Z [INFO] Running org.apache.ibatis.type.LocalDateTypeHandlerTest
2025-10-10T17:17:19.2519643Z [INFO] Tests run: 7, Failures: 0, Errors: 0, Skipped: 0, Time elapsed: 0.007 s -- in org.apache.ibatis.type.LocalDateTypeHandlerTest
2025-10-10T17:17:19.2521088Z [INFO] Running org.apache.ibatis.type.BlobTypeHandlerTest
2025-10-10T17:17:19.2603280Z [INFO] Tests run: 7, Failures: 0, Errors: 0, Skipped: 0, Time elapsed: 0.008 s -- in org.apache.ibatis.type.BlobTypeHandlerTest
2025-10-10T17:17:19.2608249Z [INFO] Running org.apache.ibatis.type.MonthTypeHandlerTest
2025-10-10T17:17:19.2677397Z [INFO] Tests run: 7, Failures: 0, Errors: 0, Skipped: 0, Time elapsed: 0.007 s -- in org.apache.ibatis.type.MonthTypeHandlerTest
2025-10-10T17:17:19.2679270Z [INFO] Running org.apache.ibatis.type.SqlxmlTypeHandlerTest
2025-10-10T17:17:19.3278205Z [INFO] Tests run: 10, Failures: 0, Errors: 0, Skipped: 0, Time elapsed: 0.058 s -- in org.apache.ibatis.type.SqlxmlTypeHandlerTest
2025-10-10T17:17:19.3279836Z [INFO] Running org.apache.ibatis.type.NClobTypeHandlerTest
2025-10-10T17:17:19.3424895Z [INFO] Tests run: 7, Failures: 0, Errors: 0, Skipped: 0, Time elapsed: 0.016 s -- in org.apache.ibatis.type.NClobTypeHandlerTest
2025-10-10T17:17:19.3428879Z [INFO] Running org.apache.ibatis.type.DateOnlyTypeHandlerTest
2025-10-10T17:17:19.3487226Z [INFO] Tests run: 7, Failures: 0, Errors: 0, Skipped: 0, Time elapsed: 0.006 s -- in org.apache.ibatis.type.DateOnlyTypeHandlerTest
2025-10-10T17:17:19.3492953Z [INFO] Running org.apache.ibatis.type.BigIntegerTypeHandlerTest
2025-10-10T17:17:19.3547734Z [INFO] Tests run: 7, Failures: 0, Errors: 0, Skipped: 0, Time elapsed: 0.006 s -- in org.apache.ibatis.type.BigIntegerTypeHandlerTest
2025-10-10T17:17:19.3571583Z [INFO] Running org.apache.ibatis.type.BigDecimalTypeHandlerTest
2025-10-10T17:17:19.3607056Z [INFO] Tests run: 4, Failures: 0, Errors: 0, Skipped: 0, Time elapsed: 0.004 s -- in org.apache.ibatis.type.BigDecimalTypeHandlerTest
2025-10-10T17:17:19.3626488Z [INFO] Running org.apache.ibatis.type.SqlTimeTypeHandlerTest
2025-10-10T17:17:19.3663309Z [INFO] Tests run: 4, Failures: 0, Errors: 0, Skipped: 0, Time elapsed: 0.004 s -- in org.apache.ibatis.type.SqlTimeTypeHandlerTest
2025-10-10T17:17:19.3665920Z [INFO] Running org.apache.ibatis.type.DoubleTypeHandlerTest
2025-10-10T17:17:19.3719989Z [INFO] Tests run: 7, Failures: 0, Errors: 0, Skipped: 0, Time elapsed: 0.006 s -- in org.apache.ibatis.type.DoubleTypeHandlerTest
2025-10-10T17:17:19.3729772Z [INFO] Running org.apache.ibatis.type.DateTypeHandlerTest
2025-10-10T17:17:19.3777638Z [INFO] Tests run: 7, Failures: 0, Errors: 0, Skipped: 0, Time elapsed: 0.006 s -- in org.apache.ibatis.type.DateTypeHandlerTest
2025-10-10T17:17:19.3778704Z [INFO] Running org.apache.ibatis.type.FloatTypeHandlerTest
2025-10-10T17:17:19.3834445Z [INFO] Tests run: 7, Failures: 0, Errors: 0, Skipped: 0, Time elapsed: 0.005 s -- in org.apache.ibatis.type.FloatTypeHandlerTest
2025-10-10T17:17:19.3837631Z [INFO] Running org.apache.ibatis.type.ArrayTypeHandlerTest
2025-10-10T17:17:19.4042067Z [INFO] Tests run: 10, Failures: 0, Errors: 0, Skipped: 0, Time elapsed: 0.019 s -- in org.apache.ibatis.type.ArrayTypeHandlerTest
2025-10-10T17:17:19.4047776Z [INFO] Running org.apache.ibatis.type.TypeHandlerRegistryTest
2025-10-10T17:17:19.5920505Z [INFO] Tests run: 11, Failures: 0, Errors: 0, Skipped: 0, Time elapsed: 0.186 s -- in org.apache.ibatis.type.TypeHandlerRegistryTest
2025-10-10T17:17:19.5924518Z [INFO] Running org.apache.ibatis.type.LocalTimeTypeHandlerTest
2025-10-10T17:17:19.5974111Z [INFO] Tests run: 7, Failures: 0, Errors: 0, Skipped: 0, Time elapsed: 0.007 s -- in org.apache.ibatis.type.LocalTimeTypeHandlerTest
2025-10-10T17:17:19.5975592Z [INFO] Running org.apache.ibatis.type.OffsetDateTimeTypeHandlerTest
2025-10-10T17:17:19.6042746Z [INFO] Tests run: 7, Failures: 0, Errors: 0, Skipped: 0, Time elapsed: 0.006 s -- in org.apache.ibatis.type.OffsetDateTimeTypeHandlerTest
2025-10-10T17:17:19.6048679Z [INFO] Running org.apache.ibatis.parsing.GenericTokenParserTest
2025-10-10T17:17:19.6235219Z [WARNING] Tests run: 25, Failures: 0, Errors: 0, Skipped: 1, Time elapsed: 0.020 s -- in org.apache.ibatis.parsing.GenericTokenParserTest
2025-10-10T17:17:19.6243423Z [INFO] Running org.apache.ibatis.parsing.XNodeTest
2025-10-10T17:17:19.6275305Z [INFO] Tests run: 3, Failures: 0, Errors: 0, Skipped: 0, Time elapsed: 0.003 s -- in org.apache.ibatis.parsing.XNodeTest
2025-10-10T17:17:19.6281243Z [INFO] Running org.apache.ibatis.parsing.PropertyParserTest
2025-10-10T17:17:19.6295223Z [INFO] Tests run: 4, Failures: 0, Errors: 0, Skipped: 0, Time elapsed: 0.001 s -- in org.apache.ibatis.parsing.PropertyParserTest
2025-10-10T17:17:19.6296612Z [INFO] Running org.apache.ibatis.parsing.XPathParserTest
2025-10-10T17:17:19.6985978Z [INFO] Tests run: 16, Failures: 0, Errors: 0, Skipped: 0, Time elapsed: 0.069 s -- in org.apache.ibatis.parsing.XPathParserTest
2025-10-10T17:17:19.6991121Z [INFO] Running org.apache.ibatis.scripting.LanguageDriverRegistryTest
2025-10-10T17:17:19.7055148Z [INFO] Tests run: 8, Failures: 0, Errors: 0, Skipped: 0, Time elapsed: 0.006 s -- in org.apache.ibatis.scripting.LanguageDriverRegistryTest
2025-10-10T17:17:19.7062485Z [INFO] Running org.apache.ibatis.scripting.defaults.DefaultParameterHandlerTest
2025-10-10T17:17:19.7992077Z [INFO] Tests run: 6, Failures: 0, Errors: 0, Skipped: 0, Time elapsed: 0.082 s -- in org.apache.ibatis.scripting.defaults.DefaultParameterHandlerTest
2025-10-10T17:17:19.8002212Z [INFO] Running org.apache.ibatis.scripting.xmltags.XMLScriptBuilderTest
2025-10-10T17:17:19.8100930Z [INFO] Tests run: 2, Failures: 0, Errors: 0, Skipped: 0, Time elapsed: 0.018 s -- in org.apache.ibatis.scripting.xmltags.XMLScriptBuilderTest
2025-10-10T17:17:19.8109029Z [INFO] Running org.apache.ibatis.scripting.xmltags.OgnlCacheTest
2025-10-10T17:17:19.8625555Z [INFO] Tests run: 2, Failures: 0, Errors: 0, Skipped: 0, Time elapsed: 0.052 s -- in org.apache.ibatis.scripting.xmltags.OgnlCacheTest
2025-10-10T17:17:20.0611854Z [INFO] 
2025-10-10T17:17:20.0612113Z [INFO] Results:
2025-10-10T17:17:20.0612321Z [INFO] 
2025-10-10T17:17:20.0615536Z [WARNING] Tests run: 2037, Failures: 0, Errors: 0, Skipped: 19
2025-10-10T17:17:20.0616081Z [INFO] 
2025-10-10T17:17:20.0641737Z [INFO] ------------------------------------------------------------------------
2025-10-10T17:17:20.0642271Z [INFO] BUILD SUCCESS
2025-10-10T17:17:20.0642637Z [INFO] ------------------------------------------------------------------------
2025-10-10T17:17:20.0651782Z [INFO] Total time:  03:02 min
2025-10-10T17:17:20.0654186Z [INFO] Finished at: 2025-10-10T17:17:20Z
2025-10-10T17:17:20.0654794Z [INFO] ------------------------------------------------------------------------
2025-10-10T17:17:20.1276911Z Post job cleanup.
2025-10-10T17:17:20.2536930Z (node:3613) [DEP0040] DeprecationWarning: The `punycode` module is deprecated. Please use a userland alternative instead.
2025-10-10T17:17:20.2537765Z (Use `node --trace-deprecation ...` to show where the warning was created)
2025-10-10T17:17:20.2545124Z Cache hit occurred on the primary key setup-java-Linux-x64-maven-26c7d56d834ad2c994fc0ee2bca4f2cdba7d78bc373ccfa4cfecb6beaefb195c, not saving cache.
2025-10-10T17:17:20.2699586Z Post job cleanup.
2025-10-10T17:17:20.3504814Z [command]/usr/bin/git version
2025-10-10T17:17:20.3544191Z git version 2.51.0
2025-10-10T17:17:20.3581026Z Temporarily overriding HOME='/home/runner/work/_temp/1aded11e-27b1-48b3-94db-6b4d2018f137' before making global git config changes
2025-10-10T17:17:20.3582295Z Adding repository directory to the temporary git global config as a safe directory
2025-10-10T17:17:20.3586527Z [command]/usr/bin/git config --global --add safe.directory /home/runner/work/mybatis-3/mybatis-3
2025-10-10T17:17:20.3623416Z [command]/usr/bin/git config --local --name-only --get-regexp core\.sshCommand
2025-10-10T17:17:20.3656429Z [command]/usr/bin/git submodule foreach --recursive sh -c "git config --local --name-only --get-regexp 'core\.sshCommand' && git config --local --unset-all 'core.sshCommand' || :"
2025-10-10T17:17:20.3900892Z [command]/usr/bin/git config --local --name-only --get-regexp http\.https\:\/\/github\.com\/\.extraheader
2025-10-10T17:17:20.3925823Z http.https://github.com/.extraheader
2025-10-10T17:17:20.3935863Z [command]/usr/bin/git config --local --unset-all http.https://github.com/.extraheader
2025-10-10T17:17:20.3967680Z [command]/usr/bin/git submodule foreach --recursive sh -c "git config --local --name-only --get-regexp 'http\.https\:\/\/github\.com\/\.extraheader' && git config --local --unset-all 'http.https://github.com/.extraheader' || :"
2025-10-10T17:17:20.4331392Z Cleaning up orphan processes
