2025-10-10T17:14:06.7833581Z Current runner version: '2.328.0'
2025-10-10T17:14:06.7856798Z ##[group]Runner Image Provisioner
2025-10-10T17:14:06.7857693Z Hosted Compute Agent
2025-10-10T17:14:06.7858647Z Version: 20250912.392
2025-10-10T17:14:06.7859258Z Commit: d921fda672a98b64f4f82364647e2f10b2267d0b
2025-10-10T17:14:06.7859960Z Build Date: 2025-09-12T15:23:14Z
2025-10-10T17:14:06.7860571Z ##[endgroup]
2025-10-10T17:14:06.7861102Z ##[group]Operating System
2025-10-10T17:14:06.7861754Z Ubuntu
2025-10-10T17:14:06.7862264Z 24.04.3
2025-10-10T17:14:06.7862744Z LTS
2025-10-10T17:14:06.7863160Z ##[endgroup]
2025-10-10T17:14:06.7863722Z ##[group]Runner Image
2025-10-10T17:14:06.7864300Z Image: ubuntu-24.04
2025-10-10T17:14:06.7864766Z Version: 20250929.60.1
2025-10-10T17:14:06.7865872Z Included Software: https://github.com/actions/runner-images/blob/ubuntu24/20250929.60/images/ubuntu/Ubuntu2404-Readme.md
2025-10-10T17:14:06.7867373Z Image Release: https://github.com/actions/runner-images/releases/tag/ubuntu24%2F20250929.60
2025-10-10T17:14:06.7868693Z ##[endgroup]
2025-10-10T17:14:06.7871047Z ##[group]GITHUB_TOKEN Permissions
2025-10-10T17:14:06.7872973Z Actions: read
2025-10-10T17:14:06.7873534Z Attestations: read
2025-10-10T17:14:06.7874036Z Checks: read
2025-10-10T17:14:06.7874592Z Contents: read
2025-10-10T17:14:06.7875130Z Deployments: read
2025-10-10T17:14:06.7875601Z Discussions: read
2025-10-10T17:14:06.7876154Z Issues: read
2025-10-10T17:14:06.7876613Z Metadata: read
2025-10-10T17:14:06.7877106Z Models: read
2025-10-10T17:14:06.7877603Z Packages: read
2025-10-10T17:14:06.7878342Z Pages: read
2025-10-10T17:14:06.7878806Z PullRequests: read
2025-10-10T17:14:06.7879426Z RepositoryProjects: read
2025-10-10T17:14:06.7880042Z SecurityEvents: read
2025-10-10T17:14:06.7880628Z Statuses: read
2025-10-10T17:14:06.7881166Z ##[endgroup]
2025-10-10T17:14:06.7883137Z Secret source: Actions
2025-10-10T17:14:06.7883831Z Prepare workflow directory
2025-10-10T17:14:06.8219698Z Prepare all required actions
2025-10-10T17:14:06.8259123Z Getting action download info
2025-10-10T17:14:07.2179588Z Download action repository 'actions/checkout@v5' (SHA:08c6903cd8c0fde910a37f88322edcfb5dd907a8)
2025-10-10T17:14:07.3958504Z Download action repository 'actions/setup-java@v5' (SHA:dded0888837ed1f317902acf8a20df0ad188d165)
2025-10-10T17:14:08.2377356Z Complete job name: Test JDK 21, ubuntu-latest
2025-10-10T17:14:08.3073912Z ##[group]Run actions/checkout@v5
2025-10-10T17:14:08.3075256Z with:
2025-10-10T17:14:08.3076191Z   repository: mybatis/mybatis-3
2025-10-10T17:14:08.3077448Z   token: ***
2025-10-10T17:14:08.3078395Z   ssh-strict: true
2025-10-10T17:14:08.3079251Z   ssh-user: git
2025-10-10T17:14:08.3080098Z   persist-credentials: true
2025-10-10T17:14:08.3081042Z   clean: true
2025-10-10T17:14:08.3081883Z   sparse-checkout-cone-mode: true
2025-10-10T17:14:08.3082899Z   fetch-depth: 1
2025-10-10T17:14:08.3083719Z   fetch-tags: false
2025-10-10T17:14:08.3084588Z   show-progress: true
2025-10-10T17:14:08.3085452Z   lfs: false
2025-10-10T17:14:08.3086210Z   submodules: false
2025-10-10T17:14:08.3087091Z   set-safe-directory: true
2025-10-10T17:14:08.3088395Z ##[endgroup]
2025-10-10T17:14:08.4028756Z Syncing repository: mybatis/mybatis-3
2025-10-10T17:14:08.4031517Z ##[group]Getting Git version info
2025-10-10T17:14:08.4032905Z Working directory is '/home/runner/work/mybatis-3/mybatis-3'
2025-10-10T17:14:08.4035083Z [command]/usr/bin/git version
2025-10-10T17:14:08.4083696Z git version 2.51.0
2025-10-10T17:14:08.4106582Z ##[endgroup]
2025-10-10T17:14:08.4122996Z Temporarily overriding HOME='/home/runner/work/_temp/fb96a35f-5c64-49b5-ac98-6c288a89c47d' before making global git config changes
2025-10-10T17:14:08.4128028Z Adding repository directory to the temporary git global config as a safe directory
2025-10-10T17:14:08.4131717Z [command]/usr/bin/git config --global --add safe.directory /home/runner/work/mybatis-3/mybatis-3
2025-10-10T17:14:08.4166197Z Deleting the contents of '/home/runner/work/mybatis-3/mybatis-3'
2025-10-10T17:14:08.4170123Z ##[group]Initializing the repository
2025-10-10T17:14:08.4175295Z [command]/usr/bin/git init /home/runner/work/mybatis-3/mybatis-3
2025-10-10T17:14:08.4284478Z hint: Using 'master' as the name for the initial branch. This default branch name
2025-10-10T17:14:08.4287705Z hint: is subject to change. To configure the initial branch name to use in all
2025-10-10T17:14:08.4290324Z hint: of your new repositories, which will suppress this warning, call:
2025-10-10T17:14:08.4291691Z hint:
2025-10-10T17:14:08.4292613Z hint: 	git config --global init.defaultBranch <name>
2025-10-10T17:14:08.4293911Z hint:
2025-10-10T17:14:08.4295309Z hint: Names commonly chosen instead of 'master' are 'main', 'trunk' and
2025-10-10T17:14:08.4297234Z hint: 'development'. The just-created branch can be renamed via this command:
2025-10-10T17:14:08.4299920Z hint:
2025-10-10T17:14:08.4301100Z hint: 	git branch -m <name>
2025-10-10T17:14:08.4302262Z hint:
2025-10-10T17:14:08.4303431Z hint: Disable this message with "git config set advice.defaultBranchName false"
2025-10-10T17:14:08.4305408Z Initialized empty Git repository in /home/runner/work/mybatis-3/mybatis-3/.git/
2025-10-10T17:14:08.4308679Z [command]/usr/bin/git remote add origin https://github.com/mybatis/mybatis-3
2025-10-10T17:14:08.4336024Z ##[endgroup]
2025-10-10T17:14:08.4337414Z ##[group]Disabling automatic garbage collection
2025-10-10T17:14:08.4339543Z [command]/usr/bin/git config --local gc.auto 0
2025-10-10T17:14:08.4368475Z ##[endgroup]
2025-10-10T17:14:08.4370065Z ##[group]Setting up auth
2025-10-10T17:14:08.4376011Z [command]/usr/bin/git config --local --name-only --get-regexp core\.sshCommand
2025-10-10T17:14:08.4410693Z [command]/usr/bin/git submodule foreach --recursive sh -c "git config --local --name-only --get-regexp 'core\.sshCommand' && git config --local --unset-all 'core.sshCommand' || :"
2025-10-10T17:14:08.4738509Z [command]/usr/bin/git config --local --name-only --get-regexp http\.https\:\/\/github\.com\/\.extraheader
2025-10-10T17:14:08.4770539Z [command]/usr/bin/git submodule foreach --recursive sh -c "git config --local --name-only --get-regexp 'http\.https\:\/\/github\.com\/\.extraheader' && git config --local --unset-all 'http.https://github.com/.extraheader' || :"
2025-10-10T17:14:08.4987512Z [command]/usr/bin/git config --local http.https://github.com/.extraheader AUTHORIZATION: basic ***
2025-10-10T17:14:08.5023366Z ##[endgroup]
2025-10-10T17:14:08.5025777Z ##[group]Fetching the repository
2025-10-10T17:14:08.5035202Z [command]/usr/bin/git -c protocol.version=2 fetch --no-tags --prune --no-recurse-submodules --depth=1 origin +161a0b784bca3207d9e051832e810c09fcab1036:refs/remotes/origin/master
2025-10-10T17:14:09.6776271Z From https://github.com/mybatis/mybatis-3
2025-10-10T17:14:09.6779167Z  * [new ref]         161a0b784bca3207d9e051832e810c09fcab1036 -> origin/master
2025-10-10T17:14:09.6808204Z ##[endgroup]
2025-10-10T17:14:09.6810444Z ##[group]Determining the checkout info
2025-10-10T17:14:09.6813523Z ##[endgroup]
2025-10-10T17:14:09.6816749Z [command]/usr/bin/git sparse-checkout disable
2025-10-10T17:14:09.6860080Z [command]/usr/bin/git config --local --unset-all extensions.worktreeConfig
2025-10-10T17:14:09.6887303Z ##[group]Checking out the ref
2025-10-10T17:14:09.6891343Z [command]/usr/bin/git checkout --progress --force -B master refs/remotes/origin/master
2025-10-10T17:14:09.7935650Z Reset branch 'master'
2025-10-10T17:14:09.7937544Z branch 'master' set up to track 'origin/master'.
2025-10-10T17:14:09.7951136Z ##[endgroup]
2025-10-10T17:14:09.7991062Z [command]/usr/bin/git log -1 --format=%H
2025-10-10T17:14:09.8014794Z 161a0b784bca3207d9e051832e810c09fcab1036
2025-10-10T17:14:09.8337289Z ##[group]Run actions/setup-java@v5
2025-10-10T17:14:09.8338511Z with:
2025-10-10T17:14:09.8339178Z   cache: maven
2025-10-10T17:14:09.8339903Z   distribution: temurin
2025-10-10T17:14:09.8340697Z   java-version: 21
2025-10-10T17:14:09.8341438Z   java-package: jdk
2025-10-10T17:14:09.8342195Z   check-latest: false
2025-10-10T17:14:09.8342970Z   server-id: github
2025-10-10T17:14:09.8343747Z   server-username: GITHUB_ACTOR
2025-10-10T17:14:09.8344886Z   server-password: GITHUB_TOKEN
2025-10-10T17:14:09.8345804Z   overwrite-settings: true
2025-10-10T17:14:09.8346645Z   job-status: success
2025-10-10T17:14:09.8347656Z   token: ***
2025-10-10T17:14:09.8348486Z ##[endgroup]
2025-10-10T17:14:09.9883202Z ##[group]Installed distributions
2025-10-10T17:14:10.0749342Z Resolved Java 21.0.8+9 from tool-cache
2025-10-10T17:14:10.0751136Z Setting Java 21.0.8+9 as the default
2025-10-10T17:14:10.0762126Z (node:2179) [DEP0040] DeprecationWarning: The `punycode` module is deprecated. Please use a userland alternative instead.
2025-10-10T17:14:10.0764004Z (Use `node --trace-deprecation ...` to show where the warning was created)
2025-10-10T17:14:10.0765980Z Creating toolchains.xml for JDK version 21 from temurin
2025-10-10T17:14:10.0841837Z Writing to /home/runner/.m2/toolchains.xml
2025-10-10T17:14:10.0842864Z 
2025-10-10T17:14:10.0843322Z Java configuration:
2025-10-10T17:14:10.0844598Z   Distribution: temurin
2025-10-10T17:14:10.0845582Z   Version: 21.0.8+9
2025-10-10T17:14:10.0846857Z   Path: /opt/hostedtoolcache/Java_Temurin-Hotspot_jdk/21.0.8-9/x64
2025-10-10T17:14:10.0848122Z 
2025-10-10T17:14:10.0849323Z ##[endgroup]
2025-10-10T17:14:10.0864709Z Creating settings.xml with server-id: github
2025-10-10T17:14:10.0866145Z Writing to /home/runner/.m2/settings.xml
2025-10-10T17:14:10.5386085Z Cache hit for: setup-java-Linux-x64-maven-26c7d56d834ad2c994fc0ee2bca4f2cdba7d78bc373ccfa4cfecb6beaefb195c
2025-10-10T17:14:10.5494882Z (node:2179) [DEP0169] DeprecationWarning: `url.parse()` behavior is not standardized and prone to errors that have security implications. Use the WHATWG URL API instead. CVEs are not issued for `url.parse()` vulnerabilities.
2025-10-10T17:14:11.7745615Z Received 29360128 of 296445416 (9.9%), 28.0 MBs/sec
2025-10-10T17:14:12.7749058Z Received 201326592 of 296445416 (67.9%), 96.0 MBs/sec
2025-10-10T17:14:13.4315532Z Received 296445416 of 296445416 (100.0%), 106.4 MBs/sec
2025-10-10T17:14:13.4316692Z Cache Size: ~283 MB (296445416 B)
2025-10-10T17:14:13.4358099Z [command]/usr/bin/tar -xf /home/runner/work/_temp/6b6b773d-78d1-460a-9eea-fd28c69a34b0/cache.tzst -P -C /home/runner/work/mybatis-3/mybatis-3 --use-compress-program unzstd
2025-10-10T17:14:13.9641888Z Cache restored successfully
2025-10-10T17:14:14.0216429Z Cache restored from key: setup-java-Linux-x64-maven-26c7d56d834ad2c994fc0ee2bca4f2cdba7d78bc373ccfa4cfecb6beaefb195c
2025-10-10T17:14:14.0416229Z ##[group]Run echo 'TEST_CONTAINERS_PROFILE=-PtestContainers' >> $GITHUB_ENV
2025-10-10T17:14:14.0416818Z [36;1mecho 'TEST_CONTAINERS_PROFILE=-PtestContainers' >> $GITHUB_ENV[0m
2025-10-10T17:14:14.0456256Z shell: /usr/bin/bash -e {0}
2025-10-10T17:14:14.0456523Z env:
2025-10-10T17:14:14.0456830Z   JAVA_HOME: /opt/hostedtoolcache/Java_Temurin-Hotspot_jdk/21.0.8-9/x64
2025-10-10T17:14:14.0457313Z   JAVA_HOME_21_X64: /opt/hostedtoolcache/Java_Temurin-Hotspot_jdk/21.0.8-9/x64
2025-10-10T17:14:14.0457669Z ##[endgroup]
2025-10-10T17:14:14.0562308Z ##[group]Run ./mvnw test -B -V  --no-transfer-progress -D"license.skip=true" $TEST_CONTAINERS_PROFILE
2025-10-10T17:14:14.0563054Z [36;1m./mvnw test -B -V  --no-transfer-progress -D"license.skip=true" $TEST_CONTAINERS_PROFILE[0m
2025-10-10T17:14:14.0595446Z shell: /usr/bin/bash -e {0}
2025-10-10T17:14:14.0595703Z env:
2025-10-10T17:14:14.0596006Z   JAVA_HOME: /opt/hostedtoolcache/Java_Temurin-Hotspot_jdk/21.0.8-9/x64
2025-10-10T17:14:14.0596516Z   JAVA_HOME_21_X64: /opt/hostedtoolcache/Java_Temurin-Hotspot_jdk/21.0.8-9/x64
2025-10-10T17:14:14.0596935Z   TEST_CONTAINERS_PROFILE: -PtestContainers
2025-10-10T17:14:14.0597211Z ##[endgroup]
2025-10-10T17:14:20.0039885Z Apache Maven 3.9.11 (3e54c93a704957b63ee3494413a2b544fd3d825b)
2025-10-10T17:14:20.0041520Z Maven home: /home/runner/.m2/wrapper/dists/apache-maven-3.9.11-bin/86516310/apache-maven-3.9.11
2025-10-10T17:14:20.0043613Z Java version: 21.0.8, vendor: Eclipse Adoptium, runtime: /usr/lib/jvm/temurin-21-jdk-amd64
2025-10-10T17:14:20.0044461Z Default locale: en, platform encoding: UTF-8
2025-10-10T17:14:20.0045448Z OS name: "linux", version: "6.11.0-1018-azure", arch: "amd64", family: "unix"
2025-10-10T17:14:21.6198891Z [INFO] Scanning for projects...
2025-10-10T17:14:21.8709789Z [INFO] Inspecting build with total of 1 modules
2025-10-10T17:14:21.8899004Z [INFO] Installing Central Publishing features
2025-10-10T17:14:21.9248860Z [INFO] 
2025-10-10T17:14:21.9251216Z [INFO] ------------------------< org.mybatis:mybatis >-------------------------
2025-10-10T17:14:21.9277634Z [INFO] Building mybatis 3.6.0-SNAPSHOT
2025-10-10T17:14:21.9278290Z [INFO]   from pom.xml
2025-10-10T17:14:21.9278813Z [INFO] --------------------------------[ jar ]---------------------------------
2025-10-10T17:14:22.2715820Z [INFO] 
2025-10-10T17:14:22.2729708Z [INFO] --- enforcer:3.6.2:enforce (enforce-java) @ mybatis ---
2025-10-10T17:14:22.5379469Z [INFO] Rule 0: org.codehaus.mojo.extraenforcer.dependencies.EnforceBytecodeVersion passed
2025-10-10T17:14:22.5619753Z [INFO] Rule 1: org.apache.maven.enforcer.rules.version.RequireJavaVersion passed
2025-10-10T17:14:22.5679064Z [INFO] Rule 2: org.apache.maven.enforcer.rules.version.RequireMavenVersion passed
2025-10-10T17:14:22.5766669Z [INFO] Rule 3: org.apache.maven.enforcer.rules.RequirePluginVersions passed
2025-10-10T17:14:22.5781691Z [INFO] 
2025-10-10T17:14:22.5786993Z [INFO] --- git-commit-id:9.0.2:revision (git-commit-id) @ mybatis ---
2025-10-10T17:14:23.7693780Z [INFO] 
2025-10-10T17:14:23.7694345Z [INFO] --- jacoco:0.8.13:prepare-agent (prepare-agent) @ mybatis ---
2025-10-10T17:14:23.8426513Z [INFO] argLine set to -javaagent:/home/runner/.m2/repository/org/jacoco/org.jacoco.agent/0.8.13/org.jacoco.agent-0.8.13-runtime.jar=destfile=/home/runner/work/mybatis-3/mybatis-3/target/jacoco.exec,excludes=org.apache.ibatis.ognl.*:org.apache.ibatis.javassist.* -Xmx2048m -javaagent:${settings.localRepository}/net/bytebuddy/byte-buddy-agent/1.17.8/byte-buddy-agent-1.17.8.jar
2025-10-10T17:14:23.8429395Z [INFO] 
2025-10-10T17:14:23.8429869Z [INFO] --- whitespace:1.5.0:trim (default) @ mybatis ---
2025-10-10T17:14:23.8684609Z [INFO] Processing the following extensions: 4gl,42m,c,cb,cfg,cpp,css,dat,groovy,h,html,ini,java,js,json,jsonp,jsp,jspx,jsx,ksh,kt,kts,md,mk,msg,pl,pm,properties,reg,scala,scss,sh,sql,toml,ts,tsx,wadl,wsdl,xhtml,xml,xsd,yaml,yml
2025-10-10T17:14:24.0700452Z [INFO] 
2025-10-10T17:14:24.0701059Z [INFO] --- formatter:2.29.0:format (default) @ mybatis ---
2025-10-10T17:14:29.0726859Z [INFO] Processed 1389 files in 4s828ms (Formatted: 0, Skipped: 0, Unchanged: 1389, Failed: 0, Readonly: 0)
2025-10-10T17:14:29.0742712Z [INFO] 
2025-10-10T17:14:29.0743152Z [INFO] --- impsort:1.12.0:sort (default) @ mybatis ---
2025-10-10T17:14:32.6939246Z [INFO] Processed 1389 files in 00:03.510 (Already Sorted: 1389, Needed Sorting: 0)
2025-10-10T17:14:32.7122676Z [INFO] 
2025-10-10T17:14:32.7130518Z [INFO] >>> rewrite:6.19.0:run (default) > process-test-classes @ mybatis >>>
2025-10-10T17:14:32.7168500Z [INFO] 
2025-10-10T17:14:32.7179380Z [INFO] --- enforcer:3.6.2:enforce (enforce-java) @ mybatis ---
2025-10-10T17:14:32.7368071Z [INFO] Rule 0: org.codehaus.mojo.extraenforcer.dependencies.EnforceBytecodeVersion passed
2025-10-10T17:14:32.7387488Z [INFO] Rule 3: org.apache.maven.enforcer.rules.RequirePluginVersions passed
2025-10-10T17:14:32.7391638Z [INFO] 
2025-10-10T17:14:32.7410633Z [INFO] --- git-commit-id:9.0.2:revision (git-commit-id) @ mybatis ---
2025-10-10T17:14:32.8632157Z [INFO] 
2025-10-10T17:14:32.8635370Z [INFO] --- jacoco:0.8.13:prepare-agent (prepare-agent) @ mybatis ---
2025-10-10T17:14:32.8649656Z [INFO] argLine set to -javaagent:/home/runner/.m2/repository/org/jacoco/org.jacoco.agent/0.8.13/org.jacoco.agent-0.8.13-runtime.jar=destfile=/home/runner/work/mybatis-3/mybatis-3/target/jacoco.exec,excludes=org.apache.ibatis.ognl.*:org.apache.ibatis.javassist.* -Xmx2048m -javaagent:${settings.localRepository}/net/bytebuddy/byte-buddy-agent/1.17.8/byte-buddy-agent-1.17.8.jar
2025-10-10T17:14:32.8652322Z [INFO] 
2025-10-10T17:14:32.8653050Z [INFO] --- whitespace:1.5.0:trim (default) @ mybatis ---
2025-10-10T17:14:32.8672057Z [INFO] Processing the following extensions: 4gl,42m,c,cb,cfg,cpp,css,dat,groovy,h,html,ini,java,js,json,jsonp,jsp,jspx,jsx,ksh,kt,kts,md,mk,msg,pl,pm,properties,reg,scala,scss,sh,sql,toml,ts,tsx,wadl,wsdl,xhtml,xml,xsd,yaml,yml
2025-10-10T17:14:32.9811130Z [INFO] 
2025-10-10T17:14:32.9815822Z [INFO] --- formatter:2.29.0:format (default) @ mybatis ---
2025-10-10T17:14:33.1910867Z [INFO] Processed 1389 files in 208ms (Formatted: 0, Skipped: 1389, Unchanged: 0, Failed: 0, Readonly: 0)
2025-10-10T17:14:33.1914125Z [INFO] 
2025-10-10T17:14:33.1916070Z [INFO] --- impsort:1.12.0:sort (default) @ mybatis ---
2025-10-10T17:14:33.2763143Z [INFO] Processed 1389 files in 00:00.079 (Already Sorted: 1389, Needed Sorting: 0)
2025-10-10T17:14:33.2763797Z [INFO] 
2025-10-10T17:14:33.2764182Z [INFO] --- license:5.0.0:format (default) @ mybatis ---
2025-10-10T17:14:33.3513515Z [INFO] License Plugin is Skipped
2025-10-10T17:14:33.3514007Z [INFO] 
2025-10-10T17:14:33.3514446Z [INFO] --- git-build-hook:3.6.0:install (default) @ mybatis ---
2025-10-10T17:14:33.4084323Z [INFO] 
2025-10-10T17:14:33.4089909Z [INFO] --- resources:3.3.1:resources (default-resources) @ mybatis ---
2025-10-10T17:14:33.4569504Z [INFO] Copying 4 resources from src/main/resources to target/classes
2025-10-10T17:14:33.4925357Z [INFO] Copying 2 resources from  to target/classes/META-INF
2025-10-10T17:14:33.4930731Z [INFO] 
2025-10-10T17:14:33.4931638Z [INFO] --- compiler:3.14.1:compile (default-compile) @ mybatis ---
2025-10-10T17:14:33.6533289Z [INFO] Compiling 389 source files with javac [debug parameters release 11] to target/classes
2025-10-10T17:14:38.1771103Z [WARNING] /home/runner/work/mybatis-3/mybatis-3/src/main/java/org/apache/ibatis/annotations/Arg.java:[75,54] org.apache.ibatis.type.UnknownTypeHandler in org.apache.ibatis.type has been deprecated and marked for removal
2025-10-10T17:14:38.1779351Z [WARNING] /home/runner/work/mybatis-3/mybatis-3/src/main/java/org/apache/ibatis/annotations/Result.java:[81,54] org.apache.ibatis.type.UnknownTypeHandler in org.apache.ibatis.type has been deprecated and marked for removal
2025-10-10T17:14:38.1782267Z [WARNING] /home/runner/work/mybatis-3/mybatis-3/src/main/java/org/apache/ibatis/builder/annotation/MapperAnnotationBuilder.java:[273,29] org.apache.ibatis.type.UnknownTypeHandler in org.apache.ibatis.type has been deprecated and marked for removal
2025-10-10T17:14:38.1785355Z [WARNING] /home/runner/work/mybatis-3/mybatis-3/src/main/java/org/apache/ibatis/builder/annotation/MapperAnnotationBuilder.java:[456,29] org.apache.ibatis.type.UnknownTypeHandler in org.apache.ibatis.type has been deprecated and marked for removal
2025-10-10T17:14:38.1788582Z [WARNING] /home/runner/work/mybatis-3/mybatis-3/src/main/java/org/apache/ibatis/builder/annotation/MapperAnnotationBuilder.java:[533,29] org.apache.ibatis.type.UnknownTypeHandler in org.apache.ibatis.type has been deprecated and marked for removal
2025-10-10T17:14:38.1791980Z [WARNING] /home/runner/work/mybatis-3/mybatis-3/src/main/java/org/apache/ibatis/annotations/TypeDiscriminator.java:[76,54] org.apache.ibatis.type.UnknownTypeHandler in org.apache.ibatis.type has been deprecated and marked for removal
2025-10-10T17:14:38.1794973Z [WARNING] /home/runner/work/mybatis-3/mybatis-3/src/main/java/org/apache/ibatis/builder/ResultMappingConstructorResolver.java:[259,62] org.apache.ibatis.type.UnknownTypeHandler in org.apache.ibatis.type has been deprecated and marked for removal
2025-10-10T17:14:38.1797481Z [INFO] /home/runner/work/mybatis-3/mybatis-3/src/main/java/org/apache/ibatis/session/Configuration.java: Some input files use or override a deprecated API.
2025-10-10T17:14:38.1799553Z [INFO] /home/runner/work/mybatis-3/mybatis-3/src/main/java/org/apache/ibatis/session/Configuration.java: Recompile with -Xlint:deprecation for details.
2025-10-10T17:14:38.1801519Z [INFO] /home/runner/work/mybatis-3/mybatis-3/src/main/java/org/apache/ibatis/reflection/MetaObject.java: Some input files use unchecked or unsafe operations.
2025-10-10T17:14:38.1803608Z [INFO] /home/runner/work/mybatis-3/mybatis-3/src/main/java/org/apache/ibatis/reflection/MetaObject.java: Recompile with -Xlint:unchecked for details.
2025-10-10T17:14:38.1804759Z [INFO] 
2025-10-10T17:14:38.1805203Z [INFO] --- bnd:7.1.0:bnd-process (bnd-process) @ mybatis ---
2025-10-10T17:14:39.0444596Z [INFO] 
2025-10-10T17:14:39.0445202Z [INFO] --- resources:3.3.1:testResources (default-testResources) @ mybatis ---
2025-10-10T17:14:39.0673742Z [INFO] Copying 584 resources from src/test/resources to target/test-classes
2025-10-10T17:14:39.1471363Z [INFO] 
2025-10-10T17:14:39.1475402Z [INFO] --- compiler:3.14.1:testCompile (default-testCompile) @ mybatis ---
2025-10-10T17:14:39.2068899Z [INFO] Compiling 1000 source files with javac [debug parameters release 17] to target/test-classes
2025-10-10T17:14:44.2830260Z [WARNING] /home/runner/work/mybatis-3/mybatis-3/src/test/java/org/apache/ibatis/io/ResolverUtilTest.java:[61,5] java.security.AccessController in java.security has been deprecated and marked for removal
2025-10-10T17:14:44.2833437Z [WARNING] /home/runner/work/mybatis-3/mybatis-3/src/test/java/org/apache/ibatis/type/TypeHandlerRegistryTest.java:[95,24] <T>register(org.apache.ibatis.type.TypeReference<T>,org.apache.ibatis.type.TypeHandler<? extends T>) in org.apache.ibatis.type.TypeHandlerRegistry has been deprecated and marked for removal
2025-10-10T17:14:44.2836872Z [WARNING] /home/runner/work/mybatis-3/mybatis-3/src/test/java/org/apache/ibatis/type/TypeHandlerRegistryTest.java:[96,48] <T>getTypeHandler(org.apache.ibatis.type.TypeReference<T>) in org.apache.ibatis.type.TypeHandlerRegistry has been deprecated and marked for removal
2025-10-10T17:14:44.2840408Z [WARNING] /home/runner/work/mybatis-3/mybatis-3/src/test/java/org/apache/ibatis/type/TypeHandlerRegistryTest.java:[130,48] <T>getTypeHandler(org.apache.ibatis.type.TypeReference<T>) in org.apache.ibatis.type.TypeHandlerRegistry has been deprecated and marked for removal
2025-10-10T17:14:44.2843492Z [WARNING] /home/runner/work/mybatis-3/mybatis-3/src/test/java/org/apache/ibatis/type/UnknownTypeHandlerTest.java:[34,67] org.apache.ibatis.type.UnknownTypeHandler in org.apache.ibatis.type has been deprecated and marked for removal
2025-10-10T17:14:44.2846447Z [WARNING] /home/runner/work/mybatis-3/mybatis-3/src/test/java/org/apache/ibatis/type/UnknownTypeHandlerTest.java:[109,55] org.apache.ibatis.type.UnknownTypeHandler in org.apache.ibatis.type has been deprecated and marked for removal
2025-10-10T17:14:44.2849489Z [WARNING] /home/runner/work/mybatis-3/mybatis-3/src/test/java/org/apache/ibatis/type/UnknownTypeHandlerTest.java:[122,55] org.apache.ibatis.type.UnknownTypeHandler in org.apache.ibatis.type has been deprecated and marked for removal
2025-10-10T17:14:44.2852707Z [WARNING] /home/runner/work/mybatis-3/mybatis-3/src/test/java/org/apache/ibatis/type/UnknownTypeHandlerTest.java:[134,55] org.apache.ibatis.type.UnknownTypeHandler in org.apache.ibatis.type has been deprecated and marked for removal
2025-10-10T17:14:44.2855623Z [WARNING] /home/runner/work/mybatis-3/mybatis-3/src/test/java/org/apache/ibatis/type/UnknownTypeHandlerTest.java:[146,55] org.apache.ibatis.type.UnknownTypeHandler in org.apache.ibatis.type has been deprecated and marked for removal
2025-10-10T17:14:44.2858140Z [INFO] /home/runner/work/mybatis-3/mybatis-3/src/test/java/org/apache/ibatis/jdbc/SelectBuilderTest.java: Some input files use or override a deprecated API.
2025-10-10T17:14:44.2860116Z [INFO] /home/runner/work/mybatis-3/mybatis-3/src/test/java/org/apache/ibatis/jdbc/SelectBuilderTest.java: Recompile with -Xlint:deprecation for details.
2025-10-10T17:14:44.2862060Z [INFO] /home/runner/work/mybatis-3/mybatis-3/src/test/java/org/apache/ibatis/builder/XmlConfigBuilderTest.java: Some input files use unchecked or unsafe operations.
2025-10-10T17:14:44.2864037Z [INFO] /home/runner/work/mybatis-3/mybatis-3/src/test/java/org/apache/ibatis/builder/XmlConfigBuilderTest.java: Recompile with -Xlint:unchecked for details.
2025-10-10T17:14:44.2865223Z [INFO] 
2025-10-10T17:14:44.2865965Z [INFO] <<< rewrite:6.19.0:run (default) < process-test-classes @ mybatis <<<
2025-10-10T17:14:44.2866531Z [INFO] 
2025-10-10T17:14:44.2866804Z [INFO] 
2025-10-10T17:14:44.2867167Z [INFO] --- rewrite:6.19.0:run (default) @ mybatis ---
2025-10-10T17:14:44.4645836Z [INFO] Using active recipe(s) [org.openrewrite.java.RemoveUnusedImports]
2025-10-10T17:14:44.4646535Z [INFO] Using active styles(s) []
2025-10-10T17:14:44.4846993Z [INFO] Validating active recipes...
2025-10-10T17:14:47.8924040Z [INFO] Project [mybatis] Resolving Poms...
2025-10-10T17:14:48.7922365Z [INFO] Project [mybatis] Parsing source files
2025-10-10T17:15:03.2316561Z [INFO] Running recipe(s)...
2025-10-10T17:15:04.0447456Z [INFO] 
2025-10-10T17:15:04.0448485Z [INFO] --- license:5.0.0:format (default) @ mybatis ---
2025-10-10T17:15:04.0490383Z [INFO] License Plugin is Skipped
2025-10-10T17:15:04.0493081Z [INFO] 
2025-10-10T17:15:04.0494039Z [INFO] --- git-build-hook:3.6.0:install (default) @ mybatis ---
2025-10-10T17:15:04.0500038Z [INFO] 
2025-10-10T17:15:04.0502325Z [INFO] --- resources:3.3.1:resources (default-resources) @ mybatis ---
2025-10-10T17:15:04.0524576Z [INFO] Copying 4 resources from src/main/resources to target/classes
2025-10-10T17:15:04.1180292Z [INFO] Copying 2 resources from  to target/classes/META-INF
2025-10-10T17:15:04.1188852Z [INFO] 
2025-10-10T17:15:04.1190180Z [INFO] --- compiler:3.14.1:compile (default-compile) @ mybatis ---
2025-10-10T17:15:04.1517292Z [INFO] Nothing to compile - all classes are up to date.
2025-10-10T17:15:04.1519320Z [INFO] 
2025-10-10T17:15:04.1519927Z [INFO] --- bnd:7.1.0:bnd-process (bnd-process) @ mybatis ---
2025-10-10T17:15:04.4777316Z [INFO] 
2025-10-10T17:15:04.4783335Z [INFO] --- resources:3.3.1:testResources (default-testResources) @ mybatis ---
2025-10-10T17:15:04.4903774Z [INFO] Copying 584 resources from src/test/resources to target/test-classes
2025-10-10T17:15:04.5086025Z [INFO] 
2025-10-10T17:15:04.5086663Z [INFO] --- compiler:3.14.1:testCompile (default-testCompile) @ mybatis ---
2025-10-10T17:15:04.5335787Z [INFO] Nothing to compile - all classes are up to date.
2025-10-10T17:15:04.5336731Z [INFO] 
2025-10-10T17:15:04.5343376Z [INFO] --- surefire:3.5.4:test (default-test) @ mybatis ---
2025-10-10T17:15:04.6481329Z [INFO] Using auto detected provider org.apache.maven.surefire.junitplatform.JUnitPlatformProvider
2025-10-10T17:15:04.6739994Z [INFO] 
2025-10-10T17:15:04.6748822Z [INFO] -------------------------------------------------------
2025-10-10T17:15:04.6749323Z [INFO]  T E S T S
2025-10-10T17:15:04.6749736Z [INFO] -------------------------------------------------------
2025-10-10T17:15:07.5161193Z [INFO] Running org.apache.ibatis.exceptions.GeneralExceptionsTest
2025-10-10T17:15:07.6569577Z [INFO] Tests run: 2, Failures: 0, Errors: 0, Skipped: 0, Time elapsed: 0.063 s -- in org.apache.ibatis.exceptions.GeneralExceptionsTest
2025-10-10T17:15:07.6610688Z [INFO] Running org.apache.ibatis.mapping.BoundSqlTest
2025-10-10T17:15:07.6778766Z [INFO] Tests run: 1, Failures: 0, Errors: 0, Skipped: 0, Time elapsed: 0.056 s -- in org.apache.ibatis.mapping.BoundSqlTest
2025-10-10T17:15:07.6779788Z [INFO] Running org.apache.ibatis.mapping.CacheBuilderTest
2025-10-10T17:15:07.9323253Z 17:15:07,674 |-INFO in ch.qos.logback.classic.LoggerContext[default] - This is logback-classic version 1.5.19
2025-10-10T17:15:07.9326600Z 17:15:07,675 |-INFO in ch.qos.logback.classic.util.ContextInitializer@3e5ed0d4 - No custom configurators were discovered as a service.
2025-10-10T17:15:07.9328409Z 17:15:07,675 |-INFO in ch.qos.logback.classic.util.ContextInitializer@3e5ed0d4 - Trying to configure with ch.qos.logback.classic.joran.SerializedModelConfigurator
2025-10-10T17:15:07.9330239Z 17:15:07,678 |-INFO in ch.qos.logback.classic.util.ContextInitializer@3e5ed0d4 - Constructed configurator of type class ch.qos.logback.classic.joran.SerializedModelConfigurator
2025-10-10T17:15:07.9331796Z 17:15:07,679 |-INFO in ch.qos.logback.classic.LoggerContext[default] - Could NOT find resource [logback-test.scmo]
2025-10-10T17:15:07.9333301Z 17:15:07,679 |-INFO in ch.qos.logback.classic.LoggerContext[default] - Could NOT find resource [logback.scmo]
2025-10-10T17:15:07.9334975Z 17:15:07,687 |-INFO in ch.qos.logback.classic.util.ContextInitializer@3e5ed0d4 - ch.qos.logback.classic.joran.SerializedModelConfigurator.configure() call lasted 1 milliseconds. ExecutionStatus=INVOKE_NEXT_IF_ANY
2025-10-10T17:15:07.9337023Z 17:15:07,687 |-INFO in ch.qos.logback.classic.util.ContextInitializer@3e5ed0d4 - Trying to configure with ch.qos.logback.classic.util.DefaultJoranConfigurator
2025-10-10T17:15:07.9341695Z 17:15:07,689 |-INFO in ch.qos.logback.classic.util.ContextInitializer@3e5ed0d4 - Constructed configurator of type class ch.qos.logback.classic.util.DefaultJoranConfigurator
2025-10-10T17:15:07.9343554Z 17:15:07,692 |-INFO in ch.qos.logback.classic.LoggerContext[default] - Found resource [logback-test.xml] at [file:/home/runner/work/mybatis-3/mybatis-3/target/test-classes/logback-test.xml]
2025-10-10T17:15:07.9345213Z 17:15:07,748 |-WARN in ch.qos.logback.classic.joran.action.LevelAction - <level> element is deprecated. Near [level] on line 31
2025-10-10T17:15:07.9346628Z 17:15:07,748 |-WARN in ch.qos.logback.classic.joran.action.LevelAction - Please use "level" attribute within <logger> or <root> elements instead.
2025-10-10T17:15:07.9348227Z 17:15:07,748 |-WARN in ch.qos.logback.classic.joran.action.LevelAction - <level> element is deprecated. Near [level] on line 34
2025-10-10T17:15:07.9349608Z 17:15:07,748 |-WARN in ch.qos.logback.classic.joran.action.LevelAction - Please use "level" attribute within <logger> or <root> elements instead.
2025-10-10T17:15:07.9350995Z 17:15:07,748 |-WARN in ch.qos.logback.classic.joran.action.LevelAction - <level> element is deprecated. Near [level] on line 37
2025-10-10T17:15:07.9352394Z 17:15:07,748 |-WARN in ch.qos.logback.classic.joran.action.LevelAction - Please use "level" attribute within <logger> or <root> elements instead.
2025-10-10T17:15:07.9354322Z 17:15:07,794 |-INFO in ch.qos.logback.classic.model.processor.ConfigurationModelHandlerFull - Main configuration file URL: file:/home/runner/work/mybatis-3/mybatis-3/target/test-classes/logback-test.xml
2025-10-10T17:15:07.9356572Z 17:15:07,795 |-INFO in ch.qos.logback.classic.model.processor.ConfigurationModelHandlerFull - FileWatchList= {/home/runner/work/mybatis-3/mybatis-3/target/test-classes/logback-test.xml}
2025-10-10T17:15:07.9358439Z 17:15:07,795 |-INFO in ch.qos.logback.classic.model.processor.ConfigurationModelHandlerFull - URLWatchList= {}
2025-10-10T17:15:07.9359733Z 17:15:07,801 |-INFO in ch.qos.logback.core.model.processor.AppenderModelHandler - Processing appender named [stdout]
2025-10-10T17:15:07.9361237Z 17:15:07,801 |-INFO in ch.qos.logback.core.model.processor.AppenderModelHandler - About to instantiate appender of type [ch.qos.logback.core.ConsoleAppender]
2025-10-10T17:15:07.9363447Z 17:15:07,812 |-INFO in ch.qos.logback.core.model.processor.ImplicitModelHandler - Assuming default type [ch.qos.logback.classic.encoder.PatternLayoutEncoder] for [encoder] property
2025-10-10T17:15:07.9365127Z 17:15:07,861 |-INFO in ch.qos.logback.core.ConsoleAppender[stdout] - NOTE: Writing to the console can be slow. Try to avoid logging to the 
2025-10-10T17:15:07.9366517Z 17:15:07,861 |-INFO in ch.qos.logback.core.ConsoleAppender[stdout] - console in production environments, especially in high volume systems.
2025-10-10T17:15:07.9390756Z 17:15:07,861 |-INFO in ch.qos.logback.core.ConsoleAppender[stdout] - See also https://logback.qos.ch/codes.html#slowConsole
2025-10-10T17:15:07.9392169Z 17:15:07,861 |-INFO in ch.qos.logback.core.model.processor.AppenderModelHandler - Processing appender named [lastEventSavedAppender]
2025-10-10T17:15:07.9394104Z 17:15:07,861 |-INFO in ch.qos.logback.core.model.processor.AppenderModelHandler - About to instantiate appender of type [org.apache.ibatis.session.AutoMappingUnknownColumnBehaviorTest$LastEventSavedAppender]
2025-10-10T17:15:07.9396007Z 17:15:07,862 |-INFO in ch.qos.logback.classic.model.processor.LevelModelHandler - org.apache.ibatis level set to ERROR
2025-10-10T17:15:07.9397571Z 17:15:07,862 |-INFO in ch.qos.logback.classic.model.processor.LevelModelHandler - org.apache.ibatis.logging level set to DEBUG
2025-10-10T17:15:07.9399491Z 17:15:07,862 |-INFO in ch.qos.logback.classic.model.processor.LevelModelHandler - org.apache.ibatis.session.AutoMappingUnknownColumnBehavior level set to WARN
2025-10-10T17:15:07.9401559Z 17:15:07,862 |-INFO in ch.qos.logback.core.model.processor.AppenderRefModelHandler - Attaching appender named [lastEventSavedAppender] to Logger[org.apache.ibatis.session.AutoMappingUnknownColumnBehavior]
2025-10-10T17:15:07.9403462Z 17:15:07,863 |-INFO in ch.qos.logback.classic.model.processor.RootLoggerModelHandler - Setting level of ROOT logger to ERROR
2025-10-10T17:15:07.9404804Z 17:15:07,863 |-INFO in ch.qos.logback.core.model.processor.AppenderRefModelHandler - Attaching appender named [stdout] to Logger[ROOT]
2025-10-10T17:15:07.9406006Z 17:15:07,863 |-INFO in ch.qos.logback.core.model.processor.DefaultProcessor@61c0fb12 - End of configuration.
2025-10-10T17:15:07.9407361Z 17:15:07,864 |-INFO in ch.qos.logback.classic.joran.JoranConfigurator@56f19f36 - Registering current configuration as safe fallback point
2025-10-10T17:15:07.9409558Z 17:15:07,864 |-INFO in ch.qos.logback.classic.util.ContextInitializer@3e5ed0d4 - ch.qos.logback.classic.util.DefaultJoranConfigurator.configure() call lasted 175 milliseconds. ExecutionStatus=DO_NOT_INVOKE_NEXT_IF_ANY
2025-10-10T17:15:07.9410901Z 
2025-10-10T17:15:07.9411629Z 17:15:07.874 DEBUG [main] o.apache.ibatis.logging.LogFactory - Logging initialized using 'class org.apache.ibatis.logging.slf4j.Slf4jImpl' adapter.
2025-10-10T17:15:07.9936013Z [INFO] Tests run: 2, Failures: 0, Errors: 0, Skipped: 0, Time elapsed: 0.328 s -- in org.apache.ibatis.mapping.CacheBuilderTest
2025-10-10T17:15:07.9938544Z [INFO] Running org.apache.ibatis.mapping.ResultMappingTest
2025-10-10T17:15:08.9712282Z [INFO] Tests run: 4, Failures: 0, Errors: 0, Skipped: 0, Time elapsed: 0.975 s -- in org.apache.ibatis.mapping.ResultMappingTest
2025-10-10T17:15:08.9713753Z [INFO] Running org.apache.ibatis.mapping.VendorDatabaseIdProviderTest
2025-10-10T17:15:09.2263306Z [INFO] Tests run: 6, Failures: 0, Errors: 0, Skipped: 0, Time elapsed: 0.262 s -- in org.apache.ibatis.mapping.VendorDatabaseIdProviderTest
2025-10-10T17:15:09.2264926Z [INFO] Running org.apache.ibatis.immutable.ImmutableConstructorTest
2025-10-10T17:15:12.7522141Z [INFO] Tests run: 5, Failures: 0, Errors: 0, Skipped: 0, Time elapsed: 3.514 s -- in org.apache.ibatis.immutable.ImmutableConstructorTest
2025-10-10T17:15:12.7568841Z [INFO] Running org.apache.ibatis.reflection.ArrayUtilTest
2025-10-10T17:15:12.7618729Z [INFO] Tests run: 3, Failures: 0, Errors: 0, Skipped: 0, Time elapsed: 0.004 s -- in org.apache.ibatis.reflection.ArrayUtilTest
2025-10-10T17:15:12.7623150Z [INFO] Running org.apache.ibatis.reflection.MetaObjectTest
2025-10-10T17:15:12.8057306Z [INFO] Tests run: 24, Failures: 0, Errors: 0, Skipped: 0, Time elapsed: 0.049 s -- in org.apache.ibatis.reflection.MetaObjectTest
2025-10-10T17:15:12.8058841Z [INFO] Running org.apache.ibatis.reflection.ParamNameResolverTest
2025-10-10T17:15:12.8199710Z [INFO] Tests run: 3, Failures: 0, Errors: 0, Skipped: 0, Time elapsed: 0.006 s -- in org.apache.ibatis.reflection.ParamNameResolverTest
2025-10-10T17:15:12.8207525Z [INFO] Running org.apache.ibatis.reflection.ExceptionUtilTest
2025-10-10T17:15:12.8305374Z [INFO] Tests run: 1, Failures: 0, Errors: 0, Skipped: 0, Time elapsed: 0.001 s -- in org.apache.ibatis.reflection.ExceptionUtilTest
2025-10-10T17:15:12.8311761Z [INFO] Running org.apache.ibatis.reflection.MetaClassTest
2025-10-10T17:15:12.8451557Z [INFO] Tests run: 8, Failures: 0, Errors: 0, Skipped: 0, Time elapsed: 0.011 s -- in org.apache.ibatis.reflection.MetaClassTest
2025-10-10T17:15:12.8458505Z [INFO] Running org.apache.ibatis.reflection.wrapper.MapWrapperUnitTest
2025-10-10T17:15:12.9927145Z [INFO] Tests run: 19, Failures: 0, Errors: 0, Skipped: 0, Time elapsed: 0.169 s -- in org.apache.ibatis.reflection.wrapper.MapWrapperUnitTest
2025-10-10T17:15:12.9933052Z [INFO] Running org.apache.ibatis.reflection.wrapper.CollectionWrapperUnitTest
2025-10-10T17:15:13.0790342Z [INFO] Tests run: 13, Failures: 0, Errors: 0, Skipped: 0, Time elapsed: 0.081 s -- in org.apache.ibatis.reflection.wrapper.CollectionWrapperUnitTest
2025-10-10T17:15:13.0791592Z [INFO] Running org.apache.ibatis.reflection.wrapper.BeanWrapperUnitTest
2025-10-10T17:15:13.1019478Z [INFO] Tests run: 19, Failures: 0, Errors: 0, Skipped: 0, Time elapsed: 0.026 s -- in org.apache.ibatis.reflection.wrapper.BeanWrapperUnitTest
2025-10-10T17:15:13.1020878Z [INFO] Running org.apache.ibatis.reflection.wrapper.MapWrapperTest
2025-10-10T17:15:13.1721417Z [INFO] Tests run: 9, Failures: 0, Errors: 0, Skipped: 0, Time elapsed: 0.063 s -- in org.apache.ibatis.reflection.wrapper.MapWrapperTest
2025-10-10T17:15:13.1722890Z [INFO] Running org.apache.ibatis.reflection.wrapper.BeanWrapperTest
2025-10-10T17:15:13.1751301Z [INFO] Tests run: 1, Failures: 0, Errors: 0, Skipped: 0, Time elapsed: 0.005 s -- in org.apache.ibatis.reflection.wrapper.BeanWrapperTest
2025-10-10T17:15:13.1780781Z [INFO] Running org.apache.ibatis.reflection.factory.DefaultObjectFactoryTest
2025-10-10T17:15:13.1869600Z [INFO] Tests run: 6, Failures: 0, Errors: 0, Skipped: 0, Time elapsed: 0.011 s -- in org.apache.ibatis.reflection.factory.DefaultObjectFactoryTest
2025-10-10T17:15:13.1871453Z [INFO] Running org.apache.ibatis.reflection.property.PropertyCopierTest
2025-10-10T17:15:13.1929602Z [INFO] Tests run: 1, Failures: 0, Errors: 0, Skipped: 0, Time elapsed: 0.008 s -- in org.apache.ibatis.reflection.property.PropertyCopierTest
2025-10-10T17:15:13.1931245Z [INFO] Running org.apache.ibatis.reflection.property.PropertyTokenizerTest
2025-10-10T17:15:13.2077030Z [INFO] Tests run: 3, Failures: 0, Errors: 0, Skipped: 0, Time elapsed: 0.012 s -- in org.apache.ibatis.reflection.property.PropertyTokenizerTest
2025-10-10T17:15:13.2078935Z [INFO] Running org.apache.ibatis.reflection.TypeParameterResolverTest
2025-10-10T17:15:13.2646261Z [INFO] Tests run: 45, Failures: 0, Errors: 0, Skipped: 0, Time elapsed: 0.059 s -- in org.apache.ibatis.reflection.TypeParameterResolverTest
2025-10-10T17:15:13.2652691Z [INFO] Running org.apache.ibatis.reflection.ReflectorTest
2025-10-10T17:15:13.3087678Z [INFO] Tests run: 19, Failures: 0, Errors: 0, Skipped: 0, Time elapsed: 0.039 s -- in org.apache.ibatis.reflection.ReflectorTest
2025-10-10T17:15:13.3092472Z [INFO] Running org.apache.ibatis.jdbc.ScriptRunnerTest
2025-10-10T17:15:13.3654475Z -- @DELIMITER |
2025-10-10T17:15:13.3659489Z line 1;
2025-10-10T17:15:13.3659808Z line 2;
2025-10-10T17:15:13.3660884Z 
2025-10-10T17:15:13.3660892Z 
2025-10-10T17:15:13.3661039Z //  @DELIMITER  ;
2025-10-10T17:15:13.3661352Z line 3
2025-10-10T17:15:13.3661515Z 
2025-10-10T17:15:13.3661658Z -- //@deLimiTer $  blah
2025-10-10T17:15:13.3661988Z line 4
2025-10-10T17:15:13.3662149Z 
2025-10-10T17:15:13.3662537Z // //@DELIMITER %
2025-10-10T17:15:13.3662855Z line 5
2025-10-10T17:15:13.3663006Z 
2025-10-10T17:15:13.8845608Z -- @DELIMITER ||
2025-10-10T17:15:13.8847517Z line 1;
2025-10-10T17:15:13.8850034Z line 2;
2025-10-10T17:15:13.8850799Z 
2025-10-10T17:15:13.8855549Z 
2025-10-10T17:15:13.8856521Z //  @DELIMITER  ;
2025-10-10T17:15:13.8856988Z line 3
2025-10-10T17:15:13.8858645Z 
2025-10-10T17:15:14.0110913Z [WARNING] Tests run: 12, Failures: 0, Errors: 0, Skipped: 1, Time elapsed: 0.704 s -- in org.apache.ibatis.jdbc.ScriptRunnerTest
2025-10-10T17:15:14.0111991Z [INFO] Running org.apache.ibatis.jdbc.PooledDataSourceTest
2025-10-10T17:15:14.0322510Z [INFO] Tests run: 3, Failures: 0, Errors: 0, Skipped: 0, Time elapsed: 0.022 s -- in org.apache.ibatis.jdbc.PooledDataSourceTest
2025-10-10T17:15:14.0323954Z [INFO] Running org.apache.ibatis.jdbc.SelectBuilderTest
2025-10-10T17:15:14.0394450Z [INFO] Tests run: 5, Failures: 0, Errors: 0, Skipped: 0, Time elapsed: 0.007 s -- in org.apache.ibatis.jdbc.SelectBuilderTest
2025-10-10T17:15:14.0399464Z [INFO] Running org.apache.ibatis.jdbc.SQLTest
2025-10-10T17:15:14.0818458Z [INFO] Tests run: 38, Failures: 0, Errors: 0, Skipped: 0, Time elapsed: 0.043 s -- in org.apache.ibatis.jdbc.SQLTest
2025-10-10T17:15:14.0823397Z [INFO] Running org.apache.ibatis.jdbc.SqlRunnerTest
2025-10-10T17:15:14.3373945Z [INFO] Tests run: 6, Failures: 0, Errors: 0, Skipped: 0, Time elapsed: 0.252 s -- in org.apache.ibatis.jdbc.SqlRunnerTest
2025-10-10T17:15:14.3378340Z [INFO] Running org.apache.ibatis.jdbc.NullTest
2025-10-10T17:15:14.3396952Z [INFO] Tests run: 1, Failures: 0, Errors: 0, Skipped: 0, Time elapsed: 0.001 s -- in org.apache.ibatis.jdbc.NullTest
2025-10-10T17:15:14.3405328Z [INFO] Running org.apache.ibatis.jdbc.SqlBuilderTest
2025-10-10T17:15:14.3474691Z [INFO] Tests run: 5, Failures: 0, Errors: 0, Skipped: 0, Time elapsed: 0.008 s -- in org.apache.ibatis.jdbc.SqlBuilderTest
2025-10-10T17:15:14.3538489Z [INFO] Running org.apache.ibatis.executor.BatchExecutorTest
2025-10-10T17:15:14.8241463Z [INFO] Tests run: 23, Failures: 0, Errors: 0, Skipped: 0, Time elapsed: 0.477 s -- in org.apache.ibatis.executor.BatchExecutorTest
2025-10-10T17:15:14.8248147Z [INFO] Running org.apache.ibatis.executor.CachingReuseExecutorTest
2025-10-10T17:15:15.0974497Z [INFO] Tests run: 23, Failures: 0, Errors: 0, Skipped: 0, Time elapsed: 0.272 s -- in org.apache.ibatis.executor.CachingReuseExecutorTest
2025-10-10T17:15:15.0976179Z [INFO] Running org.apache.ibatis.executor.loader.JavassistProxyTest
2025-10-10T17:15:16.4623155Z [INFO] Tests run: 15, Failures: 0, Errors: 0, Skipped: 0, Time elapsed: 1.365 s -- in org.apache.ibatis.executor.loader.JavassistProxyTest
2025-10-10T17:15:16.4625887Z [INFO] Running org.apache.ibatis.executor.CachingSimpleExecutorTest
2025-10-10T17:15:16.7129361Z [INFO] Tests run: 23, Failures: 0, Errors: 0, Skipped: 0, Time elapsed: 0.246 s -- in org.apache.ibatis.executor.CachingSimpleExecutorTest
2025-10-10T17:15:16.7130631Z [INFO] Running org.apache.ibatis.executor.ReuseExecutorTest
2025-10-10T17:15:16.9430203Z [INFO] Tests run: 23, Failures: 0, Errors: 0, Skipped: 0, Time elapsed: 0.233 s -- in org.apache.ibatis.executor.ReuseExecutorTest
2025-10-10T17:15:16.9435167Z [INFO] Running org.apache.ibatis.executor.ResultExtractorTest
2025-10-10T17:15:17.0187415Z [INFO] Tests run: 6, Failures: 0, Errors: 0, Skipped: 0, Time elapsed: 0.074 s -- in org.apache.ibatis.executor.ResultExtractorTest
2025-10-10T17:15:17.0192447Z [INFO] Running org.apache.ibatis.executor.resultset.DefaultResultSetHandlerTest
2025-10-10T17:15:17.2057050Z [INFO] Tests run: 2, Failures: 0, Errors: 0, Skipped: 0, Time elapsed: 0.186 s -- in org.apache.ibatis.executor.resultset.DefaultResultSetHandlerTest
2025-10-10T17:15:17.2059710Z [INFO] Running org.apache.ibatis.executor.ErrorContextTest
2025-10-10T17:15:17.2073873Z [INFO] Tests run: 2, Failures: 0, Errors: 0, Skipped: 0, Time elapsed: 0.001 s -- in org.apache.ibatis.executor.ErrorContextTest
2025-10-10T17:15:17.2075956Z [INFO] Running org.apache.ibatis.executor.BaseExecutorTest
2025-10-10T17:15:17.4379119Z [INFO] Tests run: 22, Failures: 0, Errors: 0, Skipped: 0, Time elapsed: 0.224 s -- in org.apache.ibatis.executor.BaseExecutorTest
2025-10-10T17:15:17.4380243Z [INFO] Running org.apache.ibatis.executor.statement.BaseStatementHandlerTest
2025-10-10T17:15:17.4806894Z [INFO] Tests run: 12, Failures: 0, Errors: 0, Skipped: 0, Time elapsed: 0.041 s -- in org.apache.ibatis.executor.statement.BaseStatementHandlerTest
2025-10-10T17:15:17.4808322Z [INFO] Running org.apache.ibatis.executor.CachingBatchExecutorTest
2025-10-10T17:15:17.6943232Z [INFO] Tests run: 23, Failures: 0, Errors: 0, Skipped: 0, Time elapsed: 0.211 s -- in org.apache.ibatis.executor.CachingBatchExecutorTest
2025-10-10T17:15:17.6944521Z [INFO] Running org.apache.ibatis.submitted.parametrizedlist.ParametrizedListTest
2025-10-10T17:15:17.7627696Z [INFO] Tests run: 4, Failures: 0, Errors: 0, Skipped: 0, Time elapsed: 0.069 s -- in org.apache.ibatis.submitted.parametrizedlist.ParametrizedListTest
2025-10-10T17:15:17.7629408Z [INFO] Running org.apache.ibatis.submitted.ognl_enum.EnumWithOgnlTest
2025-10-10T17:15:17.8445420Z [INFO] Tests run: 4, Failures: 0, Errors: 0, Skipped: 0, Time elapsed: 0.082 s -- in org.apache.ibatis.submitted.ognl_enum.EnumWithOgnlTest
2025-10-10T17:15:17.8446996Z [INFO] Running org.apache.ibatis.submitted.duplicate_statements.DuplicateStatementsTest
2025-10-10T17:15:17.9030552Z [WARNING] Tests run: 5, Failures: 0, Errors: 0, Skipped: 2, Time elapsed: 0.055 s -- in org.apache.ibatis.submitted.duplicate_statements.DuplicateStatementsTest
2025-10-10T17:15:17.9032134Z [INFO] Running org.apache.ibatis.submitted.camelcase.CamelCaseMappingTest
2025-10-10T17:15:17.9426068Z [INFO] Tests run: 2, Failures: 0, Errors: 0, Skipped: 0, Time elapsed: 0.042 s -- in org.apache.ibatis.submitted.camelcase.CamelCaseMappingTest
2025-10-10T17:15:17.9431380Z [INFO] Running org.apache.ibatis.submitted.dml_return_types.DmlMapperReturnTypesTest
2025-10-10T17:15:17.9819625Z [INFO] Tests run: 7, Failures: 0, Errors: 0, Skipped: 0, Time elapsed: 0.038 s -- in org.apache.ibatis.submitted.dml_return_types.DmlMapperReturnTypesTest
2025-10-10T17:15:17.9845877Z [INFO] Running org.apache.ibatis.submitted.mapper_type_parameter.MapperTypeParameterTest
2025-10-10T17:15:18.0297006Z [INFO] Tests run: 6, Failures: 0, Errors: 0, Skipped: 0, Time elapsed: 0.046 s -- in org.apache.ibatis.submitted.mapper_type_parameter.MapperTypeParameterTest
2025-10-10T17:15:18.0299033Z [INFO] Running org.apache.ibatis.submitted.lazyload_proxyfactory_comparison.JavassistLazyTest
2025-10-10T17:15:18.0339527Z [WARNING] Tests run: 6, Failures: 0, Errors: 0, Skipped: 6, Time elapsed: 0 s -- in org.apache.ibatis.submitted.lazyload_proxyfactory_comparison.JavassistLazyTest
2025-10-10T17:15:18.0348275Z [INFO] Running org.apache.ibatis.submitted.lazyload_proxyfactory_comparison.DefaultLazyTest
2025-10-10T17:15:18.1697589Z [INFO] Tests run: 6, Failures: 0, Errors: 0, Skipped: 0, Time elapsed: 0.141 s -- in org.apache.ibatis.submitted.lazyload_proxyfactory_comparison.DefaultLazyTest
2025-10-10T17:15:18.1703642Z [INFO] Running org.apache.ibatis.submitted.ognlstatic.OgnlStaticTest
2025-10-10T17:15:18.2119275Z [INFO] Tests run: 1, Failures: 0, Errors: 0, Skipped: 0, Time elapsed: 0.038 s -- in org.apache.ibatis.submitted.ognlstatic.OgnlStaticTest
2025-10-10T17:15:18.2120418Z [INFO] Running org.apache.ibatis.submitted.results_id.ResultsIdTest
2025-10-10T17:15:18.2484202Z [INFO] Tests run: 4, Failures: 0, Errors: 0, Skipped: 0, Time elapsed: 0.037 s -- in org.apache.ibatis.submitted.results_id.ResultsIdTest
2025-10-10T17:15:18.2485285Z [INFO] Running org.apache.ibatis.submitted.results_id.IdConflictTest
2025-10-10T17:15:18.2621816Z [INFO] Tests run: 1, Failures: 0, Errors: 0, Skipped: 0, Time elapsed: 0.014 s -- in org.apache.ibatis.submitted.results_id.IdConflictTest
2025-10-10T17:15:18.2627001Z [INFO] Running org.apache.ibatis.submitted.enum_interface_type_handler.EnumInterfaceTypeHandlerTest
2025-10-10T17:15:18.2962898Z [INFO] Tests run: 3, Failures: 0, Errors: 0, Skipped: 0, Time elapsed: 0.030 s -- in org.apache.ibatis.submitted.enum_interface_type_handler.EnumInterfaceTypeHandlerTest
2025-10-10T17:15:18.2969319Z [INFO] Running org.apache.ibatis.submitted.named_constructor_args.NamedConstructorArgsTest
2025-10-10T17:15:18.3243817Z [INFO] Tests run: 2, Failures: 0, Errors: 0, Skipped: 0, Time elapsed: 0.025 s -- in org.apache.ibatis.submitted.named_constructor_args.NamedConstructorArgsTest
2025-10-10T17:15:18.3250863Z [INFO] Running org.apache.ibatis.submitted.named_constructor_args.InvalidNamedConstructorArgsTest
2025-10-10T17:15:18.3325079Z [INFO] Tests run: 3, Failures: 0, Errors: 0, Skipped: 0, Time elapsed: 0.009 s -- in org.apache.ibatis.submitted.named_constructor_args.InvalidNamedConstructorArgsTest
2025-10-10T17:15:18.3328554Z [INFO] Running org.apache.ibatis.submitted.named_constructor_args.NamedConstructorArgsUseActualNameTest
2025-10-10T17:15:18.3501733Z [INFO] Tests run: 2, Failures: 0, Errors: 0, Skipped: 0, Time elapsed: 0.015 s -- in org.apache.ibatis.submitted.named_constructor_args.NamedConstructorArgsUseActualNameTest
2025-10-10T17:15:18.3503468Z [INFO] Running org.apache.ibatis.submitted.empty_row.ReturnInstanceForEmptyRowTest
2025-10-10T17:15:18.3983149Z [INFO] Tests run: 11, Failures: 0, Errors: 0, Skipped: 0, Time elapsed: 0.045 s -- in org.apache.ibatis.submitted.empty_row.ReturnInstanceForEmptyRowTest
2025-10-10T17:15:18.3986050Z [INFO] Running org.apache.ibatis.submitted.foreach.ForEachTest
2025-10-10T17:15:18.4520303Z [INFO] Tests run: 12, Failures: 0, Errors: 0, Skipped: 0, Time elapsed: 0.056 s -- in org.apache.ibatis.submitted.foreach.ForEachTest
2025-10-10T17:15:18.4524551Z [INFO] Running org.apache.ibatis.submitted.uuid_test.UUIDTest
2025-10-10T17:15:18.4789383Z [INFO] Tests run: 2, Failures: 0, Errors: 0, Skipped: 0, Time elapsed: 0.024 s -- in org.apache.ibatis.submitted.uuid_test.UUIDTest
2025-10-10T17:15:18.4790721Z [INFO] Running org.apache.ibatis.submitted.initialized_collection_property.AuthorDAOTest
2025-10-10T17:15:18.4973495Z [WARNING] Tests run: 2, Failures: 0, Errors: 0, Skipped: 1, Time elapsed: 0.025 s -- in org.apache.ibatis.submitted.initialized_collection_property.AuthorDAOTest
2025-10-10T17:15:18.4976108Z [INFO] Running org.apache.ibatis.submitted.language.LanguageTest
2025-10-10T17:15:18.7011052Z [INFO] Tests run: 11, Failures: 0, Errors: 0, Skipped: 0, Time elapsed: 0.200 s -- in org.apache.ibatis.submitted.language.LanguageTest
2025-10-10T17:15:18.7021056Z [INFO] Running org.apache.ibatis.submitted.column_order_based_constructor_automapping.ColumnOrderBasedConstructorAutomappingTest
2025-10-10T17:15:18.7281681Z [INFO] Tests run: 4, Failures: 0, Errors: 0, Skipped: 0, Time elapsed: 0.030 s -- in org.apache.ibatis.submitted.column_order_based_constructor_automapping.ColumnOrderBasedConstructorAutomappingTest
2025-10-10T17:15:18.7288763Z [INFO] Running org.apache.ibatis.submitted.null_associations.FooMapperTest
2025-10-10T17:15:18.7579635Z [INFO] Tests run: 2, Failures: 0, Errors: 0, Skipped: 0, Time elapsed: 0.026 s -- in org.apache.ibatis.submitted.null_associations.FooMapperTest
2025-10-10T17:15:18.7581255Z [INFO] Running org.apache.ibatis.submitted.array_type_handler.ArrayTypeHandlerTest
2025-10-10T17:15:18.7913421Z [INFO] Tests run: 2, Failures: 0, Errors: 0, Skipped: 0, Time elapsed: 0.031 s -- in org.apache.ibatis.submitted.array_type_handler.ArrayTypeHandlerTest
2025-10-10T17:15:18.7914647Z [INFO] Running org.apache.ibatis.submitted.ancestor_ref.AncestorRefTest
2025-10-10T17:15:18.8149416Z [INFO] Tests run: 3, Failures: 0, Errors: 0, Skipped: 0, Time elapsed: 0.027 s -- in org.apache.ibatis.submitted.ancestor_ref.AncestorRefTest
2025-10-10T17:15:18.8190918Z [INFO] Running org.apache.ibatis.submitted.valueinmap.ValueInMapTest
2025-10-10T17:15:18.8384014Z [INFO] Tests run: 2, Failures: 0, Errors: 0, Skipped: 0, Time elapsed: 0.022 s -- in org.apache.ibatis.submitted.valueinmap.ValueInMapTest
2025-10-10T17:15:18.8385174Z [INFO] Running org.apache.ibatis.submitted.force_flush_on_select.ForceFlushOnSelectTest
2025-10-10T17:15:18.9291273Z [INFO] Tests run: 6, Failures: 0, Errors: 0, Skipped: 0, Time elapsed: 0.086 s -- in org.apache.ibatis.submitted.force_flush_on_select.ForceFlushOnSelectTest
2025-10-10T17:15:18.9292786Z [INFO] Running org.apache.ibatis.submitted.orphan_result_maps.OrphanResultMapTest
2025-10-10T17:15:18.9374707Z [INFO] Tests run: 2, Failures: 0, Errors: 0, Skipped: 0, Time elapsed: 0.010 s -- in org.apache.ibatis.submitted.orphan_result_maps.OrphanResultMapTest
2025-10-10T17:15:18.9377104Z [INFO] Running org.apache.ibatis.submitted.oracle_cursor.OracleCursorTest
2025-10-10T17:16:14.1661362Z [INFO] Tests run: 13, Failures: 0, Errors: 0, Skipped: 0, Time elapsed: 55.22 s -- in org.apache.ibatis.submitted.oracle_cursor.OracleCursorTest
2025-10-10T17:16:14.1718989Z [INFO] Running org.apache.ibatis.submitted.typehandler.TypeHandlerTest
2025-10-10T17:16:14.3917531Z [INFO] Tests run: 14, Failures: 0, Errors: 0, Skipped: 0, Time elapsed: 0.227 s -- in org.apache.ibatis.submitted.typehandler.TypeHandlerTest
2025-10-10T17:16:14.3923219Z [INFO] Running org.apache.ibatis.submitted.missing_id_property.MissingIdPropertyTest
2025-10-10T17:16:14.4859890Z [INFO] Tests run: 1, Failures: 0, Errors: 0, Skipped: 0, Time elapsed: 0.093 s -- in org.apache.ibatis.submitted.missing_id_property.MissingIdPropertyTest
2025-10-10T17:16:14.4864273Z [INFO] Running org.apache.ibatis.submitted.associationtest.AssociationTest
2025-10-10T17:16:14.5101248Z [INFO] Tests run: 4, Failures: 0, Errors: 0, Skipped: 0, Time elapsed: 0.022 s -- in org.apache.ibatis.submitted.associationtest.AssociationTest
2025-10-10T17:16:14.5132510Z [INFO] Running org.apache.ibatis.submitted.generictyperesolution.GenericTypeResolutionTest
2025-10-10T17:16:14.5466740Z [INFO] Tests run: 2, Failures: 0, Errors: 0, Skipped: 0, Time elapsed: 0.032 s -- in org.apache.ibatis.submitted.generictyperesolution.GenericTypeResolutionTest
2025-10-10T17:16:14.5471803Z [INFO] Running org.apache.ibatis.submitted.xml_external_ref.MultipleCrossIncludeTest
2025-10-10T17:16:14.6279642Z [INFO] Tests run: 3, Failures: 0, Errors: 0, Skipped: 0, Time elapsed: 0.079 s -- in org.apache.ibatis.submitted.xml_external_ref.MultipleCrossIncludeTest
2025-10-10T17:16:14.6281195Z [INFO] Running org.apache.ibatis.submitted.xml_external_ref.ResultMapReferenceTest
2025-10-10T17:16:14.6637925Z [INFO] Tests run: 2, Failures: 0, Errors: 0, Skipped: 0, Time elapsed: 0.036 s -- in org.apache.ibatis.submitted.xml_external_ref.ResultMapReferenceTest
2025-10-10T17:16:14.6648696Z [INFO] Running org.apache.ibatis.submitted.xml_external_ref.ResultMapExtendsTest
2025-10-10T17:16:14.6912630Z [INFO] Tests run: 2, Failures: 0, Errors: 0, Skipped: 0, Time elapsed: 0.022 s -- in org.apache.ibatis.submitted.xml_external_ref.ResultMapExtendsTest
2025-10-10T17:16:14.6913869Z [INFO] Running org.apache.ibatis.submitted.xml_external_ref.XmlExternalRefTest
2025-10-10T17:16:14.7442622Z [INFO] Tests run: 5, Failures: 0, Errors: 0, Skipped: 0, Time elapsed: 0.053 s -- in org.apache.ibatis.submitted.xml_external_ref.XmlExternalRefTest
2025-10-10T17:16:14.7443880Z [INFO] Running org.apache.ibatis.submitted.xml_external_ref.ParameterMapReferenceTest
2025-10-10T17:16:14.7820601Z [INFO] Tests run: 2, Failures: 0, Errors: 0, Skipped: 0, Time elapsed: 0.037 s -- in org.apache.ibatis.submitted.xml_external_ref.ParameterMapReferenceTest
2025-10-10T17:16:14.7823381Z [INFO] Running org.apache.ibatis.submitted.xml_external_ref.ShortNameTest
2025-10-10T17:16:14.7986392Z [INFO] Tests run: 2, Failures: 0, Errors: 0, Skipped: 0, Time elapsed: 0.018 s -- in org.apache.ibatis.submitted.xml_external_ref.ShortNameTest
2025-10-10T17:16:14.8018850Z [INFO] Running org.apache.ibatis.submitted.xml_external_ref.SameIdTest
2025-10-10T17:16:14.8228558Z [INFO] Tests run: 2, Failures: 0, Errors: 0, Skipped: 0, Time elapsed: 0.022 s -- in org.apache.ibatis.submitted.xml_external_ref.SameIdTest
2025-10-10T17:16:14.8232385Z [INFO] Running org.apache.ibatis.submitted.xml_external_ref.MultipleReverseIncludeTest
2025-10-10T17:16:14.8369231Z [INFO] Tests run: 2, Failures: 0, Errors: 0, Skipped: 0, Time elapsed: 0.012 s -- in org.apache.ibatis.submitted.xml_external_ref.MultipleReverseIncludeTest
2025-10-10T17:16:14.8386541Z [INFO] Running org.apache.ibatis.submitted.xml_external_ref.NonFullyQualifiedNamespaceTest
2025-10-10T17:16:14.8499753Z [INFO] Tests run: 1, Failures: 0, Errors: 0, Skipped: 0, Time elapsed: 0.012 s -- in org.apache.ibatis.submitted.xml_external_ref.NonFullyQualifiedNamespaceTest
2025-10-10T17:16:14.8509721Z [INFO] Running org.apache.ibatis.submitted.xml_external_ref.ReverseIncludeTest
2025-10-10T17:16:14.8641526Z [INFO] Tests run: 2, Failures: 0, Errors: 0, Skipped: 0, Time elapsed: 0.011 s -- in org.apache.ibatis.submitted.xml_external_ref.ReverseIncludeTest
2025-10-10T17:16:14.8644258Z [INFO] Running org.apache.ibatis.submitted.xml_external_ref.MultipleIncludeTest
2025-10-10T17:16:14.8757082Z [INFO] Tests run: 2, Failures: 0, Errors: 0, Skipped: 0, Time elapsed: 0.012 s -- in org.apache.ibatis.submitted.xml_external_ref.MultipleIncludeTest
2025-10-10T17:16:14.8761184Z [INFO] Running org.apache.ibatis.submitted.substitution_in_annots.SubstitutionInAnnotsTest
2025-10-10T17:16:14.8922184Z [INFO] Tests run: 4, Failures: 0, Errors: 0, Skipped: 0, Time elapsed: 0.018 s -- in org.apache.ibatis.submitted.substitution_in_annots.SubstitutionInAnnotsTest
2025-10-10T17:16:14.8925691Z [INFO] Running org.apache.ibatis.submitted.hashmaptypehandler.HashMapTypeHandlerTest
2025-10-10T17:16:14.9165863Z [INFO] Tests run: 4, Failures: 0, Errors: 0, Skipped: 0, Time elapsed: 0.022 s -- in org.apache.ibatis.submitted.hashmaptypehandler.HashMapTypeHandlerTest
2025-10-10T17:16:14.9167226Z [INFO] Running org.apache.ibatis.submitted.basetest.BaseTest
2025-10-10T17:16:14.9329198Z [INFO] Tests run: 2, Failures: 0, Errors: 0, Skipped: 0, Time elapsed: 0.011 s -- in org.apache.ibatis.submitted.basetest.BaseTest
2025-10-10T17:16:14.9332195Z [INFO] Running org.apache.ibatis.submitted.bringrags.SimpleObjectTest
2025-10-10T17:16:14.9511649Z [INFO] Tests run: 1, Failures: 0, Errors: 0, Skipped: 0, Time elapsed: 0.019 s -- in org.apache.ibatis.submitted.bringrags.SimpleObjectTest
2025-10-10T17:16:14.9513205Z [INFO] Running org.apache.ibatis.submitted.parent_reference_3level.BlogTest
2025-10-10T17:16:15.0249178Z [INFO] Tests run: 4, Failures: 0, Errors: 0, Skipped: 0, Time elapsed: 0.074 s -- in org.apache.ibatis.submitted.parent_reference_3level.BlogTest
2025-10-10T17:16:15.0251737Z [INFO] Running org.apache.ibatis.submitted.dynsql2.DynSqlTest
2025-10-10T17:16:15.0443213Z [INFO] Tests run: 2, Failures: 0, Errors: 0, Skipped: 0, Time elapsed: 0.019 s -- in org.apache.ibatis.submitted.dynsql2.DynSqlTest
2025-10-10T17:16:15.0444393Z [INFO] Running org.apache.ibatis.submitted.inline_association_with_dot.InlineCollectionWithDotTest
2025-10-10T17:16:15.0784448Z [INFO] Tests run: 2, Failures: 0, Errors: 0, Skipped: 0, Time elapsed: 0.034 s -- in org.apache.ibatis.submitted.inline_association_with_dot.InlineCollectionWithDotTest
2025-10-10T17:16:15.0818466Z [INFO] Running org.apache.ibatis.submitted.maptypehandler.MapTypeHandlerTest
2025-10-10T17:16:15.1000017Z [INFO] Tests run: 2, Failures: 0, Errors: 0, Skipped: 0, Time elapsed: 0.020 s -- in org.apache.ibatis.submitted.maptypehandler.MapTypeHandlerTest
2025-10-10T17:16:15.1001438Z [INFO] Running org.apache.ibatis.submitted.enumtypehandler_on_annotation.EnumTypeHandlerUsingAnnotationTest
2025-10-10T17:16:15.1278621Z [INFO] Tests run: 3, Failures: 0, Errors: 0, Skipped: 0, Time elapsed: 0.028 s -- in org.apache.ibatis.submitted.enumtypehandler_on_annotation.EnumTypeHandlerUsingAnnotationTest
2025-10-10T17:16:15.1280012Z [INFO] Running org.apache.ibatis.submitted.blobtest.BlobTest
2025-10-10T17:16:15.1510421Z [INFO] Tests run: 2, Failures: 0, Errors: 0, Skipped: 0, Time elapsed: 0.022 s -- in org.apache.ibatis.submitted.blobtest.BlobTest
2025-10-10T17:16:15.1511734Z [INFO] Running org.apache.ibatis.submitted.postgres_genkeys.PostgresGeneratedKeysTest
2025-10-10T17:16:24.5576301Z [INFO] Tests run: 3, Failures: 0, Errors: 0, Skipped: 0, Time elapsed: 9.406 s -- in org.apache.ibatis.submitted.postgres_genkeys.PostgresGeneratedKeysTest
2025-10-10T17:16:24.5579291Z [INFO] Running org.apache.ibatis.submitted.foreach_map.ForEachMapTest
2025-10-10T17:16:24.5756484Z [INFO] Tests run: 4, Failures: 0, Errors: 0, Skipped: 0, Time elapsed: 0.019 s -- in org.apache.ibatis.submitted.foreach_map.ForEachMapTest
2025-10-10T17:16:24.5761912Z [INFO] Running org.apache.ibatis.submitted.collection_in_constructor.CollectionInConstructorTest
2025-10-10T17:16:24.6337903Z [WARNING] Tests run: 13, Failures: 0, Errors: 0, Skipped: 1, Time elapsed: 0.056 s -- in org.apache.ibatis.submitted.collection_in_constructor.CollectionInConstructorTest
2025-10-10T17:16:24.6342879Z [INFO] Running org.apache.ibatis.submitted.multiple_resultsets.MultipleResultTest
2025-10-10T17:16:24.6816902Z [INFO] Tests run: 2, Failures: 0, Errors: 0, Skipped: 0, Time elapsed: 0.047 s -- in org.apache.ibatis.submitted.multiple_resultsets.MultipleResultTest
2025-10-10T17:16:24.6839167Z [INFO] Running org.apache.ibatis.submitted.order_prefix_removed.OrderPrefixRemovedTest
2025-10-10T17:16:24.7177305Z [INFO] Tests run: 1, Failures: 0, Errors: 0, Skipped: 0, Time elapsed: 0.035 s -- in org.apache.ibatis.submitted.order_prefix_removed.OrderPrefixRemovedTest
2025-10-10T17:16:24.7190043Z [INFO] Running org.apache.ibatis.submitted.cursor_simple.MysqlCursorTest
2025-10-10T17:16:48.0381300Z [INFO] Tests run: 2, Failures: 0, Errors: 0, Skipped: 0, Time elapsed: 23.32 s -- in org.apache.ibatis.submitted.cursor_simple.MysqlCursorTest
2025-10-10T17:16:48.0383518Z [INFO] Running org.apache.ibatis.submitted.cursor_simple.PostgresCursorTest
2025-10-10T17:16:48.0577461Z [INFO] Tests run: 1, Failures: 0, Errors: 0, Skipped: 0, Time elapsed: 0.018 s -- in org.apache.ibatis.submitted.cursor_simple.PostgresCursorTest
2025-10-10T17:16:48.0579777Z [INFO] Running org.apache.ibatis.submitted.cursor_simple.CursorSimpleTest
2025-10-10T17:16:48.0873832Z [INFO] Tests run: 14, Failures: 0, Errors: 0, Skipped: 0, Time elapsed: 0.030 s -- in org.apache.ibatis.submitted.cursor_simple.CursorSimpleTest
2025-10-10T17:16:48.0875961Z [INFO] Running org.apache.ibatis.submitted.nestedresulthandler_association.NestedResultHandlerAssociationTest
2025-10-10T17:16:48.1066248Z [INFO] Tests run: 2, Failures: 0, Errors: 0, Skipped: 0, Time elapsed: 0.019 s -- in org.apache.ibatis.submitted.nestedresulthandler_association.NestedResultHandlerAssociationTest
2025-10-10T17:16:48.1068065Z [INFO] Running org.apache.ibatis.submitted.count.CountTest
2025-10-10T17:16:48.1150406Z [INFO] Tests run: 1, Failures: 0, Errors: 0, Skipped: 0, Time elapsed: 0.008 s -- in org.apache.ibatis.submitted.count.CountTest
2025-10-10T17:16:48.1155800Z [INFO] Running org.apache.ibatis.submitted.sqlprovider.SqlProviderTest
2025-10-10T17:16:48.3555873Z [INFO] Tests run: 53, Failures: 0, Errors: 0, Skipped: 0, Time elapsed: 0.239 s -- in org.apache.ibatis.submitted.sqlprovider.SqlProviderTest
2025-10-10T17:16:48.3557146Z [INFO] Running org.apache.ibatis.submitted.sqlprovider.ProviderMethodResolutionTest
2025-10-10T17:16:48.3759027Z [INFO] Tests run: 9, Failures: 0, Errors: 0, Skipped: 0, Time elapsed: 0.021 s -- in org.apache.ibatis.submitted.sqlprovider.ProviderMethodResolutionTest
2025-10-10T17:16:48.3759796Z [INFO] Running org.apache.ibatis.submitted.sql.PostgresSQLTest
2025-10-10T17:16:48.3972263Z [INFO] Tests run: 1, Failures: 0, Errors: 0, Skipped: 0, Time elapsed: 0.021 s -- in org.apache.ibatis.submitted.sql.PostgresSQLTest
2025-10-10T17:16:48.3973804Z [INFO] Running org.apache.ibatis.submitted.sql.HsqldbSQLTest
2025-10-10T17:16:48.4086242Z [INFO] Tests run: 1, Failures: 0, Errors: 0, Skipped: 0, Time elapsed: 0.010 s -- in org.apache.ibatis.submitted.sql.HsqldbSQLTest
2025-10-10T17:16:48.4088624Z [INFO] Running org.apache.ibatis.submitted.inheritance.InheritanceTest
2025-10-10T17:16:48.4224279Z [INFO] Tests run: 1, Failures: 0, Errors: 0, Skipped: 0, Time elapsed: 0.014 s -- in org.apache.ibatis.submitted.inheritance.InheritanceTest
2025-10-10T17:16:48.4227007Z [INFO] Running org.apache.ibatis.submitted.discriminator.DiscriminatorTest
2025-10-10T17:16:48.4412941Z [INFO] Tests run: 4, Failures: 0, Errors: 0, Skipped: 0, Time elapsed: 0.018 s -- in org.apache.ibatis.submitted.discriminator.DiscriminatorTest
2025-10-10T17:16:48.4415208Z [INFO] Running org.apache.ibatis.submitted.use_actual_param_name.UseActualParamNameTest
2025-10-10T17:16:48.4660254Z [INFO] Tests run: 4, Failures: 0, Errors: 0, Skipped: 0, Time elapsed: 0.024 s -- in org.apache.ibatis.submitted.use_actual_param_name.UseActualParamNameTest
2025-10-10T17:16:48.4662913Z [INFO] Running org.apache.ibatis.submitted.multidb.ProviderTest
2025-10-10T17:16:48.4804910Z [INFO] Tests run: 2, Failures: 0, Errors: 0, Skipped: 0, Time elapsed: 0.014 s -- in org.apache.ibatis.submitted.multidb.ProviderTest
2025-10-10T17:16:48.4806397Z [INFO] Running org.apache.ibatis.submitted.multidb.MultiDbTest
2025-10-10T17:16:48.4936812Z [INFO] Tests run: 6, Failures: 0, Errors: 0, Skipped: 0, Time elapsed: 0.013 s -- in org.apache.ibatis.submitted.multidb.MultiDbTest
2025-10-10T17:16:48.4939333Z [INFO] Running org.apache.ibatis.submitted.literal_string.LiteralStringTest
2025-10-10T17:16:48.5076099Z [INFO] Tests run: 3, Failures: 0, Errors: 0, Skipped: 0, Time elapsed: 0.014 s -- in org.apache.ibatis.submitted.literal_string.LiteralStringTest
2025-10-10T17:16:48.5078937Z [INFO] Running org.apache.ibatis.submitted.duplicate_resource_loaded.DuplicateResourceTest
2025-10-10T17:16:48.6134772Z [INFO] Tests run: 1, Failures: 0, Errors: 0, Skipped: 0, Time elapsed: 0.105 s -- in org.apache.ibatis.submitted.duplicate_resource_loaded.DuplicateResourceTest
2025-10-10T17:16:48.6137523Z [INFO] Running org.apache.ibatis.submitted.arg_name_based_constructor_automapping.ArgNameBasedConstructorAutoMappingTest
2025-10-10T17:16:48.6321599Z [INFO] Tests run: 7, Failures: 0, Errors: 0, Skipped: 0, Time elapsed: 0.018 s -- in org.apache.ibatis.submitted.arg_name_based_constructor_automapping.ArgNameBasedConstructorAutoMappingTest
2025-10-10T17:16:48.6323055Z [INFO] Running org.apache.ibatis.submitted.member_access.MemberAccessTest
2025-10-10T17:16:48.6579443Z [INFO] Tests run: 5, Failures: 0, Errors: 0, Skipped: 0, Time elapsed: 0.026 s -- in org.apache.ibatis.submitted.member_access.MemberAccessTest
2025-10-10T17:16:48.6581000Z [INFO] Running org.apache.ibatis.submitted.primitive_result_type.PrimitiveResultTypeTest
2025-10-10T17:16:48.6763582Z [INFO] Tests run: 2, Failures: 0, Errors: 0, Skipped: 0, Time elapsed: 0.017 s -- in org.apache.ibatis.submitted.primitive_result_type.PrimitiveResultTypeTest
2025-10-10T17:16:48.6765521Z [INFO] Running org.apache.ibatis.submitted.include_property.IncludePropertyTest
2025-10-10T17:16:48.6975727Z [INFO] Tests run: 9, Failures: 0, Errors: 0, Skipped: 0, Time elapsed: 0.021 s -- in org.apache.ibatis.submitted.include_property.IncludePropertyTest
2025-10-10T17:16:48.6983051Z [INFO] Running org.apache.ibatis.submitted.include_property.IncludePropertyErrorTest
2025-10-10T17:16:48.7010996Z [INFO] Tests run: 1, Failures: 0, Errors: 0, Skipped: 0, Time elapsed: 0.003 s -- in org.apache.ibatis.submitted.include_property.IncludePropertyErrorTest
2025-10-10T17:16:48.7013927Z [INFO] Running org.apache.ibatis.submitted.dynsql.DynSqlTest
2025-10-10T17:16:48.7455350Z [INFO] Tests run: 9, Failures: 0, Errors: 0, Skipped: 0, Time elapsed: 0.045 s -- in org.apache.ibatis.submitted.dynsql.DynSqlTest
2025-10-10T17:16:48.7460472Z [INFO] Running org.apache.ibatis.submitted.simplelistparameter.SimpleListParameterTest
2025-10-10T17:16:48.7640703Z [INFO] Tests run: 3, Failures: 0, Errors: 0, Skipped: 0, Time elapsed: 0.018 s -- in org.apache.ibatis.submitted.simplelistparameter.SimpleListParameterTest
2025-10-10T17:16:48.7643513Z [INFO] Running org.apache.ibatis.submitted.cacheorder.CacheOrderTest
2025-10-10T17:16:48.7774454Z [INFO] Tests run: 1, Failures: 0, Errors: 0, Skipped: 0, Time elapsed: 0.013 s -- in org.apache.ibatis.submitted.cacheorder.CacheOrderTest
2025-10-10T17:16:48.7778335Z [INFO] Running org.apache.ibatis.submitted.collection_injection.CollectionInjectionTest
2025-10-10T17:16:48.8046610Z [INFO] Tests run: 3, Failures: 0, Errors: 0, Skipped: 0, Time elapsed: 0.027 s -- in org.apache.ibatis.submitted.collection_injection.CollectionInjectionTest
2025-10-10T17:16:48.8049518Z [INFO] Running org.apache.ibatis.submitted.enumtypehandler_on_map.EnumTypeHandlerTest
2025-10-10T17:16:48.8190582Z [INFO] Tests run: 2, Failures: 0, Errors: 0, Skipped: 0, Time elapsed: 0.013 s -- in org.apache.ibatis.submitted.enumtypehandler_on_map.EnumTypeHandlerTest
2025-10-10T17:16:48.8192624Z [INFO] Running org.apache.ibatis.submitted.multipleiterates.MultipleIteratesTest
2025-10-10T17:16:48.8301258Z [INFO] Tests run: 1, Failures: 0, Errors: 0, Skipped: 0, Time elapsed: 0.012 s -- in org.apache.ibatis.submitted.multipleiterates.MultipleIteratesTest
2025-10-10T17:16:48.8303496Z [INFO] Running org.apache.ibatis.submitted.not_null_column.NotNullColumnTest
2025-10-10T17:16:48.8517496Z [INFO] Tests run: 8, Failures: 0, Errors: 0, Skipped: 0, Time elapsed: 0.021 s -- in org.apache.ibatis.submitted.not_null_column.NotNullColumnTest
2025-10-10T17:16:48.8523096Z [INFO] Running org.apache.ibatis.submitted.nestedresulthandler_gh1551.NestedResultHandlerGh1551Test
2025-10-10T17:16:48.8745313Z [INFO] Tests run: 2, Failures: 0, Errors: 0, Skipped: 0, Time elapsed: 0.023 s -- in org.apache.ibatis.submitted.nestedresulthandler_gh1551.NestedResultHandlerGh1551Test
2025-10-10T17:16:48.8749280Z [INFO] Running org.apache.ibatis.submitted.associationtype.AssociationTypeTest
2025-10-10T17:16:48.8909442Z [INFO] Tests run: 2, Failures: 0, Errors: 0, Skipped: 0, Time elapsed: 0.016 s -- in org.apache.ibatis.submitted.associationtype.AssociationTypeTest
2025-10-10T17:16:48.8915115Z [INFO] Running org.apache.ibatis.submitted.refid_resolution.ExternalRefidResolutionTest
2025-10-10T17:16:48.8979291Z [INFO] Tests run: 1, Failures: 0, Errors: 0, Skipped: 0, Time elapsed: 0.007 s -- in org.apache.ibatis.submitted.refid_resolution.ExternalRefidResolutionTest
2025-10-10T17:16:48.8987261Z [INFO] Running org.apache.ibatis.submitted.refid_resolution.RefidResolutionTest
2025-10-10T17:16:48.9184983Z [INFO] Tests run: 1, Failures: 0, Errors: 0, Skipped: 0, Time elapsed: 0.018 s -- in org.apache.ibatis.submitted.refid_resolution.RefidResolutionTest
2025-10-10T17:16:48.9195149Z [INFO] Running org.apache.ibatis.submitted.generictypes.GenericTypesTest
2025-10-10T17:16:48.9402658Z [INFO] Tests run: 1, Failures: 0, Errors: 0, Skipped: 0, Time elapsed: 0.023 s -- in org.apache.ibatis.submitted.generictypes.GenericTypesTest
2025-10-10T17:16:48.9415850Z [INFO] Running org.apache.ibatis.submitted.global_variables.BaseTest
2025-10-10T17:16:48.9586243Z [INFO] Tests run: 2, Failures: 0, Errors: 0, Skipped: 0, Time elapsed: 0.018 s -- in org.apache.ibatis.submitted.global_variables.BaseTest
2025-10-10T17:16:48.9592026Z [INFO] Running org.apache.ibatis.submitted.param_name_resolve.ActualParamNameTest
2025-10-10T17:16:48.9792307Z [INFO] Tests run: 2, Failures: 0, Errors: 0, Skipped: 0, Time elapsed: 0.019 s -- in org.apache.ibatis.submitted.param_name_resolve.ActualParamNameTest
2025-10-10T17:16:48.9796709Z [INFO] Running org.apache.ibatis.submitted.param_name_resolve.NoActualParamNameTest
2025-10-10T17:16:48.9876189Z [INFO] Tests run: 1, Failures: 0, Errors: 0, Skipped: 0, Time elapsed: 0.008 s -- in org.apache.ibatis.submitted.param_name_resolve.NoActualParamNameTest
2025-10-10T17:16:48.9881599Z [INFO] Running org.apache.ibatis.submitted.keygen.Jdbc3KeyGeneratorTest
2025-10-10T17:16:49.0842181Z [INFO] Tests run: 32, Failures: 0, Errors: 0, Skipped: 0, Time elapsed: 0.097 s -- in org.apache.ibatis.submitted.keygen.Jdbc3KeyGeneratorTest
2025-10-10T17:16:49.0848679Z [INFO] Running org.apache.ibatis.submitted.refcursor.RefCursorTest
2025-10-10T17:16:49.1558452Z [INFO] Tests run: 4, Failures: 0, Errors: 0, Skipped: 0, Time elapsed: 0.073 s -- in org.apache.ibatis.submitted.refcursor.RefCursorTest
2025-10-10T17:16:49.1564316Z [INFO] Running org.apache.ibatis.submitted.xml_references.EnumWithOgnlTest
2025-10-10T17:16:49.1668743Z [INFO] Tests run: 2, Failures: 0, Errors: 0, Skipped: 0, Time elapsed: 0.010 s -- in org.apache.ibatis.submitted.xml_references.EnumWithOgnlTest
2025-10-10T17:16:49.1669994Z [INFO] Running org.apache.ibatis.submitted.no_param_type.NoParamTypeTest
2025-10-10T17:16:49.1817038Z [INFO] Tests run: 1, Failures: 0, Errors: 0, Skipped: 0, Time elapsed: 0.015 s -- in org.apache.ibatis.submitted.no_param_type.NoParamTypeTest
2025-10-10T17:16:49.1818756Z [INFO] Running org.apache.ibatis.submitted.result_handler.ResultHandlerTest
2025-10-10T17:16:49.1898621Z [INFO] Tests run: 2, Failures: 0, Errors: 0, Skipped: 0, Time elapsed: 0.008 s -- in org.apache.ibatis.submitted.result_handler.ResultHandlerTest
2025-10-10T17:16:49.1908440Z [INFO] Running org.apache.ibatis.submitted.map_class_name_conflict.MapperNameTest
2025-10-10T17:16:49.1964772Z [INFO] Tests run: 1, Failures: 0, Errors: 0, Skipped: 0, Time elapsed: 0.006 s -- in org.apache.ibatis.submitted.map_class_name_conflict.MapperNameTest
2025-10-10T17:16:49.1975504Z [INFO] Running org.apache.ibatis.submitted.lazy_deserialize.LazyDeserializeTest
2025-10-10T17:16:49.2344085Z [INFO] Tests run: 2, Failures: 0, Errors: 0, Skipped: 0, Time elapsed: 0.037 s -- in org.apache.ibatis.submitted.lazy_deserialize.LazyDeserializeTest
2025-10-10T17:16:49.2346885Z [INFO] Running org.apache.ibatis.submitted.heavy_initial_load.HeavyInitialLoadTest
2025-10-10T17:16:49.4824594Z [INFO] Tests run: 1, Failures: 0, Errors: 0, Skipped: 0, Time elapsed: 0.249 s -- in org.apache.ibatis.submitted.heavy_initial_load.HeavyInitialLoadTest
2025-10-10T17:16:49.4825882Z [INFO] Running org.apache.ibatis.submitted.lazyload_common_property.CommonPropertyLazyLoadTest
2025-10-10T17:16:49.5194518Z [INFO] Tests run: 4, Failures: 0, Errors: 0, Skipped: 0, Time elapsed: 0.037 s -- in org.apache.ibatis.submitted.lazyload_common_property.CommonPropertyLazyLoadTest
2025-10-10T17:16:49.5200042Z [INFO] Running org.apache.ibatis.submitted.databaseid_productname.DatabaseIdProductNameTest
2025-10-10T17:16:49.5350167Z [INFO] Tests run: 1, Failures: 0, Errors: 0, Skipped: 0, Time elapsed: 0.015 s -- in org.apache.ibatis.submitted.databaseid_productname.DatabaseIdProductNameTest
2025-10-10T17:16:49.5355201Z [INFO] Running org.apache.ibatis.submitted.multipleresultsetswithassociation.MultipleResultSetTest
2025-10-10T17:16:49.5611943Z [INFO] Tests run: 2, Failures: 0, Errors: 0, Skipped: 0, Time elapsed: 0.026 s -- in org.apache.ibatis.submitted.multipleresultsetswithassociation.MultipleResultSetTest
2025-10-10T17:16:49.5614989Z [INFO] Running org.apache.ibatis.submitted.annotion_many_one_add_resultmapid.OneManyResultMapTest
2025-10-10T17:16:49.5862934Z [INFO] Tests run: 4, Failures: 0, Errors: 0, Skipped: 0, Time elapsed: 0.025 s -- in org.apache.ibatis.submitted.annotion_many_one_add_resultmapid.OneManyResultMapTest
2025-10-10T17:16:49.5868266Z [INFO] Running org.apache.ibatis.submitted.cursor_cache_oom.CursorOomTest
2025-10-10T17:16:55.3942108Z [INFO] Tests run: 1, Failures: 0, Errors: 0, Skipped: 0, Time elapsed: 5.808 s -- in org.apache.ibatis.submitted.cursor_cache_oom.CursorOomTest
2025-10-10T17:16:55.3943405Z [INFO] Running org.apache.ibatis.submitted.nestedresulthandler.NestedResultHandlerTest
2025-10-10T17:16:55.4146239Z [INFO] Tests run: 5, Failures: 0, Errors: 0, Skipped: 0, Time elapsed: 0.021 s -- in org.apache.ibatis.submitted.nestedresulthandler.NestedResultHandlerTest
2025-10-10T17:16:55.4155043Z [INFO] Running org.apache.ibatis.submitted.javassist.JavassistTest
2025-10-10T17:16:55.4300452Z [INFO] Tests run: 1, Failures: 0, Errors: 0, Skipped: 0, Time elapsed: 0.015 s -- in org.apache.ibatis.submitted.javassist.JavassistTest
2025-10-10T17:16:55.4301654Z [INFO] Running org.apache.ibatis.submitted.batch_test.BatchTest
2025-10-10T17:16:55.4407495Z [INFO] Tests run: 1, Failures: 0, Errors: 0, Skipped: 0, Time elapsed: 0.010 s -- in org.apache.ibatis.submitted.batch_test.BatchTest
2025-10-10T17:16:55.4408678Z [INFO] Running org.apache.ibatis.submitted.includes.IncludeTest
2025-10-10T17:16:55.4547521Z [INFO] Tests run: 3, Failures: 0, Errors: 0, Skipped: 0, Time elapsed: 0.013 s -- in org.apache.ibatis.submitted.includes.IncludeTest
2025-10-10T17:16:55.4548919Z [INFO] Running org.apache.ibatis.submitted.serializecircular.SerializeCircularTest
2025-10-10T17:16:55.5161368Z [INFO] Tests run: 4, Failures: 0, Errors: 0, Skipped: 0, Time elapsed: 0.061 s -- in org.apache.ibatis.submitted.serializecircular.SerializeCircularTest
2025-10-10T17:16:55.5162820Z [INFO] Running org.apache.ibatis.submitted.enum_with_method.EnumWithMethodTest
2025-10-10T17:16:55.5314694Z [INFO] Tests run: 2, Failures: 0, Errors: 0, Skipped: 0, Time elapsed: 0.015 s -- in org.apache.ibatis.submitted.enum_with_method.EnumWithMethodTest
2025-10-10T17:16:55.5320079Z [INFO] Running org.apache.ibatis.submitted.collectionparameters.CollectionParametersTest
2025-10-10T17:16:55.5456776Z [INFO] Tests run: 3, Failures: 0, Errors: 0, Skipped: 0, Time elapsed: 0.014 s -- in org.apache.ibatis.submitted.collectionparameters.CollectionParametersTest
2025-10-10T17:16:55.5458228Z [INFO] Running org.apache.ibatis.submitted.nested.NestedForEachTest
2025-10-10T17:16:55.5622344Z [INFO] Tests run: 5, Failures: 0, Errors: 0, Skipped: 0, Time elapsed: 0.015 s -- in org.apache.ibatis.submitted.nested.NestedForEachTest
2025-10-10T17:16:55.5623764Z [INFO] Running org.apache.ibatis.submitted.mapper_extend.MapperExtendTest
2025-10-10T17:16:55.5811629Z [INFO] Tests run: 6, Failures: 0, Errors: 0, Skipped: 0, Time elapsed: 0.018 s -- in org.apache.ibatis.submitted.mapper_extend.MapperExtendTest
2025-10-10T17:16:55.5812847Z [INFO] Running org.apache.ibatis.submitted.unknownobject.UnknownObjectTest
2025-10-10T17:16:55.5931308Z [INFO] Tests run: 1, Failures: 0, Errors: 0, Skipped: 0, Time elapsed: 0.012 s -- in org.apache.ibatis.submitted.unknownobject.UnknownObjectTest
2025-10-10T17:16:55.5932991Z [INFO] Running org.apache.ibatis.submitted.primitives.PrimitivesTest
2025-10-10T17:16:55.6055469Z [INFO] Tests run: 1, Failures: 0, Errors: 0, Skipped: 0, Time elapsed: 0.012 s -- in org.apache.ibatis.submitted.primitives.PrimitivesTest
2025-10-10T17:16:55.6056981Z [INFO] Running org.apache.ibatis.submitted.raw_sql_source.RawSqlSourceTest
2025-10-10T17:16:55.6260295Z [INFO] Tests run: 7, Failures: 0, Errors: 0, Skipped: 0, Time elapsed: 0.021 s -- in org.apache.ibatis.submitted.raw_sql_source.RawSqlSourceTest
2025-10-10T17:16:55.6261870Z [INFO] Running org.apache.ibatis.submitted.complex_column.ComplexColumnTest
2025-10-10T17:16:55.6422796Z [INFO] Tests run: 6, Failures: 0, Errors: 0, Skipped: 0, Time elapsed: 0.016 s -- in org.apache.ibatis.submitted.complex_column.ComplexColumnTest
2025-10-10T17:16:55.6424211Z [INFO] Running org.apache.ibatis.submitted.emptycollection.DaoTest
2025-10-10T17:16:55.6651129Z [INFO] Tests run: 3, Failures: 0, Errors: 0, Skipped: 0, Time elapsed: 0.022 s -- in org.apache.ibatis.submitted.emptycollection.DaoTest
2025-10-10T17:16:55.6652689Z [INFO] Running org.apache.ibatis.submitted.column_prefix.ColumnPrefixAutoMappingTest
2025-10-10T17:16:55.7056607Z [INFO] Tests run: 3, Failures: 0, Errors: 0, Skipped: 0, Time elapsed: 0.040 s -- in org.apache.ibatis.submitted.column_prefix.ColumnPrefixAutoMappingTest
2025-10-10T17:16:55.7059245Z [INFO] Running org.apache.ibatis.submitted.column_prefix.ColumnPrefixTest
2025-10-10T17:16:55.7179754Z [INFO] Tests run: 2, Failures: 0, Errors: 0, Skipped: 0, Time elapsed: 0.012 s -- in org.apache.ibatis.submitted.column_prefix.ColumnPrefixTest
2025-10-10T17:16:55.7182140Z [INFO] Running org.apache.ibatis.submitted.column_prefix.ColumnPrefixNestedQueryTest
2025-10-10T17:16:55.7347224Z [INFO] Tests run: 2, Failures: 0, Errors: 0, Skipped: 0, Time elapsed: 0.016 s -- in org.apache.ibatis.submitted.column_prefix.ColumnPrefixNestedQueryTest
2025-10-10T17:16:55.7349174Z [INFO] Running org.apache.ibatis.submitted.bind_in_foreach.BindInForeachTest
2025-10-10T17:16:55.7484767Z [INFO] Tests run: 1, Failures: 0, Errors: 0, Skipped: 0, Time elapsed: 0.013 s -- in org.apache.ibatis.submitted.bind_in_foreach.BindInForeachTest
2025-10-10T17:16:55.7492812Z [INFO] Running org.apache.ibatis.submitted.integer_enum.IntegerEnumTest
2025-10-10T17:16:55.7540729Z [INFO] Tests run: 1, Failures: 0, Errors: 0, Skipped: 0, Time elapsed: 0.005 s -- in org.apache.ibatis.submitted.integer_enum.IntegerEnumTest
2025-10-10T17:16:55.7543012Z [INFO] Running org.apache.ibatis.submitted.timestamp_with_timezone.TimestampWithTimezoneTypeHandlerTest
2025-10-10T17:16:55.7676073Z [WARNING] Tests run: 3, Failures: 0, Errors: 0, Skipped: 1, Time elapsed: 0.013 s -- in org.apache.ibatis.submitted.timestamp_with_timezone.TimestampWithTimezoneTypeHandlerTest
2025-10-10T17:16:55.7678879Z [INFO] Running org.apache.ibatis.submitted.quotedcolumnnames.QuotedColumnNamesTest
2025-10-10T17:16:55.7736126Z [INFO] Tests run: 2, Failures: 0, Errors: 0, Skipped: 0, Time elapsed: 0.006 s -- in org.apache.ibatis.submitted.quotedcolumnnames.QuotedColumnNamesTest
2025-10-10T17:16:55.7741483Z [INFO] Running org.apache.ibatis.submitted.array_result_type.ArrayResultTypeTest
2025-10-10T17:16:55.7859215Z [INFO] Tests run: 4, Failures: 0, Errors: 0, Skipped: 0, Time elapsed: 0.012 s -- in org.apache.ibatis.submitted.array_result_type.ArrayResultTypeTest
2025-10-10T17:16:55.7864838Z [INFO] Running org.apache.ibatis.submitted.handle_by_jdbc_type.HandlerByJdbcTypeTest
2025-10-10T17:16:55.8014872Z [INFO] Tests run: 4, Failures: 0, Errors: 0, Skipped: 0, Time elapsed: 0.015 s -- in org.apache.ibatis.submitted.handle_by_jdbc_type.HandlerByJdbcTypeTest
2025-10-10T17:16:55.8017479Z [INFO] Running org.apache.ibatis.submitted.localtime.LocalTimeTest
2025-10-10T17:16:55.8118895Z [INFO] Tests run: 2, Failures: 0, Errors: 0, Skipped: 0, Time elapsed: 0.011 s -- in org.apache.ibatis.submitted.localtime.LocalTimeTest
2025-10-10T17:16:55.8121409Z [INFO] Running org.apache.ibatis.submitted.resultmapwithassociationstest.ResultMapWithAssociationsTest
2025-10-10T17:16:55.8225082Z [INFO] Tests run: 1, Failures: 0, Errors: 0, Skipped: 0, Time elapsed: 0.010 s -- in org.apache.ibatis.submitted.resultmapwithassociationstest.ResultMapWithAssociationsTest
2025-10-10T17:16:55.8228376Z [INFO] Running org.apache.ibatis.submitted.cache.CacheTest
2025-10-10T17:16:55.9162587Z [INFO] Tests run: 11, Failures: 0, Errors: 0, Skipped: 0, Time elapsed: 0.093 s -- in org.apache.ibatis.submitted.cache.CacheTest
2025-10-10T17:16:55.9168478Z [INFO] Running org.apache.ibatis.submitted.keycolumn.InsertTest
2025-10-10T17:16:55.9622718Z [INFO] Tests run: 3, Failures: 0, Errors: 0, Skipped: 0, Time elapsed: 0.044 s -- in org.apache.ibatis.submitted.keycolumn.InsertTest
2025-10-10T17:16:55.9624376Z [INFO] Running org.apache.ibatis.submitted.flush_statement_npe.FlushStatementNpeTest
2025-10-10T17:16:55.9865404Z [INFO] Tests run: 3, Failures: 0, Errors: 0, Skipped: 0, Time elapsed: 0.025 s -- in org.apache.ibatis.submitted.flush_statement_npe.FlushStatementNpeTest
2025-10-10T17:16:55.9868119Z [INFO] Running org.apache.ibatis.submitted.no_result_type_map.NoResultTypeMapTest
2025-10-10T17:16:56.0002376Z [INFO] Tests run: 4, Failures: 0, Errors: 0, Skipped: 0, Time elapsed: 0.013 s -- in org.apache.ibatis.submitted.no_result_type_map.NoResultTypeMapTest
2025-10-10T17:16:56.0005323Z [INFO] Running org.apache.ibatis.submitted.custom_collection_handling.CustomCollectionHandlingTest
2025-10-10T17:16:56.0259194Z [INFO] Tests run: 2, Failures: 0, Errors: 0, Skipped: 0, Time elapsed: 0.025 s -- in org.apache.ibatis.submitted.custom_collection_handling.CustomCollectionHandlingTest
2025-10-10T17:16:56.0264709Z [INFO] Running org.apache.ibatis.submitted.batch_keys.BatchKeysTest
2025-10-10T17:16:56.0890852Z [INFO] Tests run: 5, Failures: 0, Errors: 0, Skipped: 0, Time elapsed: 0.060 s -- in org.apache.ibatis.submitted.batch_keys.BatchKeysTest
2025-10-10T17:16:56.0898727Z [INFO] Running org.apache.ibatis.submitted.blocking_cache.BlockingCacheTest
2025-10-10T17:16:57.1064285Z [INFO] Tests run: 3, Failures: 0, Errors: 0, Skipped: 0, Time elapsed: 1.021 s -- in org.apache.ibatis.submitted.blocking_cache.BlockingCacheTest
2025-10-10T17:16:57.1065356Z [INFO] Running org.apache.ibatis.submitted.manyanno.ManyAnnoTest
2025-10-10T17:16:57.2263232Z [INFO] Tests run: 1, Failures: 0, Errors: 0, Skipped: 0, Time elapsed: 0.113 s -- in org.apache.ibatis.submitted.manyanno.ManyAnnoTest
2025-10-10T17:16:57.2264741Z [INFO] Running org.apache.ibatis.submitted.primitive_array.PrimitiveArrayTest
2025-10-10T17:16:57.2453040Z [INFO] Tests run: 1, Failures: 0, Errors: 0, Skipped: 0, Time elapsed: 0.021 s -- in org.apache.ibatis.submitted.primitive_array.PrimitiveArrayTest
2025-10-10T17:16:57.2499568Z [INFO] Running org.apache.ibatis.submitted.empty_namespace.EmptyNamespaceTest
2025-10-10T17:16:57.2546813Z [INFO] Tests run: 1, Failures: 0, Errors: 0, Skipped: 0, Time elapsed: 0.005 s -- in org.apache.ibatis.submitted.empty_namespace.EmptyNamespaceTest
2025-10-10T17:16:57.2548621Z [INFO] Running org.apache.ibatis.submitted.extend.ExtendTest
2025-10-10T17:16:57.2683790Z [INFO] Tests run: 1, Failures: 0, Errors: 0, Skipped: 0, Time elapsed: 0.017 s -- in org.apache.ibatis.submitted.extend.ExtendTest
2025-10-10T17:16:57.2687499Z [INFO] Running org.apache.ibatis.submitted.repeatable.RepeatableDeleteTest
2025-10-10T17:16:57.9103494Z [INFO] Tests run: 6, Failures: 0, Errors: 0, Skipped: 0, Time elapsed: 0.642 s -- in org.apache.ibatis.submitted.repeatable.RepeatableDeleteTest
2025-10-10T17:16:57.9109855Z [INFO] Running org.apache.ibatis.submitted.repeatable.RepeatableUpdateTest
2025-10-10T17:16:57.9900157Z [INFO] Tests run: 6, Failures: 0, Errors: 0, Skipped: 0, Time elapsed: 0.080 s -- in org.apache.ibatis.submitted.repeatable.RepeatableUpdateTest
2025-10-10T17:16:57.9901848Z [INFO] Running org.apache.ibatis.submitted.repeatable.RepeatableSelectTest
2025-10-10T17:16:58.0622198Z [INFO] Tests run: 8, Failures: 0, Errors: 0, Skipped: 0, Time elapsed: 0.072 s -- in org.apache.ibatis.submitted.repeatable.RepeatableSelectTest
2025-10-10T17:16:58.0624863Z [INFO] Running org.apache.ibatis.submitted.repeatable.RepeatableInsertTest
2025-10-10T17:16:58.1214091Z [INFO] Tests run: 6, Failures: 0, Errors: 0, Skipped: 0, Time elapsed: 0.060 s -- in org.apache.ibatis.submitted.repeatable.RepeatableInsertTest
2025-10-10T17:16:58.1217639Z [INFO] Running org.apache.ibatis.submitted.repeatable.RepeatableErrorTest
2025-10-10T17:16:58.1376111Z [INFO] Tests run: 3, Failures: 0, Errors: 0, Skipped: 0, Time elapsed: 0.015 s -- in org.apache.ibatis.submitted.repeatable.RepeatableErrorTest
2025-10-10T17:16:58.1380939Z [INFO] Running org.apache.ibatis.submitted.stringlist.StringListTest
2025-10-10T17:16:58.1540109Z [INFO] Tests run: 3, Failures: 0, Errors: 0, Skipped: 0, Time elapsed: 0.017 s -- in org.apache.ibatis.submitted.stringlist.StringListTest
2025-10-10T17:16:58.1545850Z [INFO] Running org.apache.ibatis.submitted.auto_type_from_non_ambiguous_constructor.AutoTypeFromNonAmbiguousConstructorFailingTest
2025-10-10T17:16:58.1592595Z [INFO] Tests run: 1, Failures: 0, Errors: 0, Skipped: 0, Time elapsed: 0.005 s -- in org.apache.ibatis.submitted.auto_type_from_non_ambiguous_constructor.AutoTypeFromNonAmbiguousConstructorFailingTest
2025-10-10T17:16:58.1598710Z [INFO] Running org.apache.ibatis.submitted.auto_type_from_non_ambiguous_constructor.AutoTypeFromNonAmbiguousConstructorTest
2025-10-10T17:16:58.1746086Z [INFO] Tests run: 5, Failures: 0, Errors: 0, Skipped: 0, Time elapsed: 0.015 s -- in org.apache.ibatis.submitted.auto_type_from_non_ambiguous_constructor.AutoTypeFromNonAmbiguousConstructorTest
2025-10-10T17:16:58.1750819Z [INFO] Running org.apache.ibatis.submitted.overwritingproperties.FooMapperTest
2025-10-10T17:16:58.1906637Z [INFO] Tests run: 1, Failures: 0, Errors: 0, Skipped: 0, Time elapsed: 0.016 s -- in org.apache.ibatis.submitted.overwritingproperties.FooMapperTest
2025-10-10T17:16:58.1912480Z [INFO] Running org.apache.ibatis.submitted.rounding.RoundingHandlersTest
2025-10-10T17:16:58.2090560Z [INFO] Tests run: 2, Failures: 0, Errors: 0, Skipped: 0, Time elapsed: 0.015 s -- in org.apache.ibatis.submitted.rounding.RoundingHandlersTest
2025-10-10T17:16:58.2092764Z [INFO] Running org.apache.ibatis.submitted.typebasedtypehandlerresolution.GloballyRegisteredTypeHandlerResolutionTest
2025-10-10T17:16:58.2710994Z [INFO] Tests run: 14, Failures: 0, Errors: 0, Skipped: 0, Time elapsed: 0.060 s -- in org.apache.ibatis.submitted.typebasedtypehandlerresolution.GloballyRegisteredTypeHandlerResolutionTest
2025-10-10T17:16:58.2713201Z [INFO] Running org.apache.ibatis.submitted.typebasedtypehandlerresolution.LocallySpecifiedTypeHandlerResolutionTest
2025-10-10T17:16:58.3173609Z [INFO] Tests run: 12, Failures: 0, Errors: 0, Skipped: 0, Time elapsed: 0.046 s -- in org.apache.ibatis.submitted.typebasedtypehandlerresolution.LocallySpecifiedTypeHandlerResolutionTest
2025-10-10T17:16:58.3175909Z [INFO] Running org.apache.ibatis.submitted.nestedresulthandler_multiple_association.NestedResultHandlerMultipleAssociationTest
2025-10-10T17:16:58.3319819Z [INFO] Tests run: 2, Failures: 0, Errors: 0, Skipped: 0, Time elapsed: 0.015 s -- in org.apache.ibatis.submitted.nestedresulthandler_multiple_association.NestedResultHandlerMultipleAssociationTest
2025-10-10T17:16:58.3349470Z [INFO] Running org.apache.ibatis.submitted.autodiscover.AutodiscoverTest
2025-10-10T17:16:58.3462448Z [INFO] Tests run: 3, Failures: 0, Errors: 0, Skipped: 0, Time elapsed: 0.009 s -- in org.apache.ibatis.submitted.autodiscover.AutodiscoverTest
2025-10-10T17:16:58.3467304Z [INFO] Running org.apache.ibatis.submitted.immutable_constructor.ImmutablePOJOTest
2025-10-10T17:16:58.3679374Z [INFO] Tests run: 2, Failures: 0, Errors: 0, Skipped: 0, Time elapsed: 0.019 s -- in org.apache.ibatis.submitted.immutable_constructor.ImmutablePOJOTest
2025-10-10T17:16:58.3680933Z [INFO] Running org.apache.ibatis.submitted.nested_query_cache.NestedQueryCacheTest
2025-10-10T17:16:58.5766908Z [INFO] Tests run: 2, Failures: 0, Errors: 0, Skipped: 0, Time elapsed: 0.210 s -- in org.apache.ibatis.submitted.nested_query_cache.NestedQueryCacheTest
2025-10-10T17:16:58.5773087Z [INFO] Running org.apache.ibatis.submitted.nonexistentvariables.NonExistentVariablesTest
2025-10-10T17:16:58.5946901Z [INFO] Tests run: 1, Failures: 0, Errors: 0, Skipped: 0, Time elapsed: 0.018 s -- in org.apache.ibatis.submitted.nonexistentvariables.NonExistentVariablesTest
2025-10-10T17:16:58.5949178Z [INFO] Running org.apache.ibatis.submitted.cglib_lazy_error.CglibNPELazyTest
2025-10-10T17:16:58.6220736Z [INFO] Tests run: 5, Failures: 0, Errors: 0, Skipped: 0, Time elapsed: 0.024 s -- in org.apache.ibatis.submitted.cglib_lazy_error.CglibNPELazyTest
2025-10-10T17:16:58.6223721Z [INFO] Running org.apache.ibatis.submitted.cglib_lazy_error.CglibNPETest
2025-10-10T17:16:58.6430887Z [INFO] Tests run: 7, Failures: 0, Errors: 0, Skipped: 0, Time elapsed: 0.018 s -- in org.apache.ibatis.submitted.cglib_lazy_error.CglibNPETest
2025-10-10T17:16:58.6434329Z [INFO] Running org.apache.ibatis.submitted.annotion_many_one_add_columnprefix.OneManyColumnPrefixTest
2025-10-10T17:16:58.6680822Z [INFO] Tests run: 4, Failures: 0, Errors: 0, Skipped: 0, Time elapsed: 0.022 s -- in org.apache.ibatis.submitted.annotion_many_one_add_columnprefix.OneManyColumnPrefixTest
2025-10-10T17:16:58.6682686Z [INFO] Running org.apache.ibatis.submitted.selectkey.SelectKeyTest
2025-10-10T17:16:58.8834171Z [WARNING] Tests run: 21, Failures: 0, Errors: 0, Skipped: 2, Time elapsed: 0.223 s -- in org.apache.ibatis.submitted.selectkey.SelectKeyTest
2025-10-10T17:16:58.8837632Z [INFO] Running org.apache.ibatis.submitted.complex_property.ComponentTest
2025-10-10T17:16:58.8991807Z [INFO] Tests run: 1, Failures: 0, Errors: 0, Skipped: 0, Time elapsed: 0.014 s -- in org.apache.ibatis.submitted.complex_property.ComponentTest
2025-10-10T17:16:58.8994675Z [INFO] Running org.apache.ibatis.submitted.sptests.SPTest
2025-10-10T17:16:58.9443811Z [INFO] Tests run: 32, Failures: 0, Errors: 0, Skipped: 0, Time elapsed: 0.046 s -- in org.apache.ibatis.submitted.sptests.SPTest
2025-10-10T17:16:58.9445141Z [INFO] Running org.apache.ibatis.submitted.permissions.PermissionsTest
2025-10-10T17:16:58.9628030Z [INFO] Tests run: 3, Failures: 0, Errors: 0, Skipped: 0, Time elapsed: 0.018 s -- in org.apache.ibatis.submitted.permissions.PermissionsTest
2025-10-10T17:16:58.9629557Z [INFO] Running org.apache.ibatis.submitted.lazy_properties.LazyPropertiesTest
2025-10-10T17:16:59.0522206Z [INFO] Tests run: 9, Failures: 0, Errors: 0, Skipped: 0, Time elapsed: 0.088 s -- in org.apache.ibatis.submitted.lazy_properties.LazyPropertiesTest
2025-10-10T17:16:59.0527020Z [INFO] Running org.apache.ibatis.submitted.extendresultmap.ExtendResultMapTest
2025-10-10T17:16:59.0729764Z [INFO] Tests run: 1, Failures: 0, Errors: 0, Skipped: 0, Time elapsed: 0.020 s -- in org.apache.ibatis.submitted.extendresultmap.ExtendResultMapTest
2025-10-10T17:16:59.0742432Z [INFO] Running org.apache.ibatis.submitted.cursor_nested.CursorNestedTest
2025-10-10T17:16:59.1068913Z [INFO] Tests run: 2, Failures: 0, Errors: 0, Skipped: 0, Time elapsed: 0.023 s -- in org.apache.ibatis.submitted.cursor_nested.CursorNestedTest
2025-10-10T17:16:59.1070814Z [INFO] Running org.apache.ibatis.submitted.disallowdotsonnames.DisallowDotsOnNamesTest
2025-10-10T17:16:59.1109876Z [INFO] Tests run: 1, Failures: 0, Errors: 0, Skipped: 0, Time elapsed: 0.009 s -- in org.apache.ibatis.submitted.disallowdotsonnames.DisallowDotsOnNamesTest
2025-10-10T17:16:59.1111702Z [INFO] Running org.apache.ibatis.submitted.dirty_select.DirtySelectTest
2025-10-10T17:16:59.2348777Z [INFO] Tests run: 6, Failures: 0, Errors: 0, Skipped: 0, Time elapsed: 0.125 s -- in org.apache.ibatis.submitted.dirty_select.DirtySelectTest
2025-10-10T17:16:59.2354136Z [INFO] Running org.apache.ibatis.submitted.criterion.CriterionTest
2025-10-10T17:16:59.2518323Z [INFO] Tests run: 1, Failures: 0, Errors: 0, Skipped: 0, Time elapsed: 0.017 s -- in org.apache.ibatis.submitted.criterion.CriterionTest
2025-10-10T17:16:59.2521876Z [INFO] Running org.apache.ibatis.submitted.automapping.AutomappingTest
2025-10-10T17:16:59.2785948Z [INFO] Tests run: 10, Failures: 0, Errors: 0, Skipped: 0, Time elapsed: 0.028 s -- in org.apache.ibatis.submitted.automapping.AutomappingTest
2025-10-10T17:16:59.2792388Z [INFO] Running org.apache.ibatis.submitted.global_variables_defaults.CustomizationTest
2025-10-10T17:16:59.3058739Z [INFO] Tests run: 2, Failures: 0, Errors: 0, Skipped: 0, Time elapsed: 0.027 s -- in org.apache.ibatis.submitted.global_variables_defaults.CustomizationTest
2025-10-10T17:16:59.3064951Z [INFO] Running org.apache.ibatis.submitted.global_variables_defaults.AnnotationMapperTest
2025-10-10T17:16:59.3204001Z [INFO] Tests run: 2, Failures: 0, Errors: 0, Skipped: 0, Time elapsed: 0.013 s -- in org.apache.ibatis.submitted.global_variables_defaults.AnnotationMapperTest
2025-10-10T17:16:59.3210715Z [INFO] Running org.apache.ibatis.submitted.global_variables_defaults.XmlMapperTest
2025-10-10T17:16:59.3310760Z [INFO] Tests run: 2, Failures: 0, Errors: 0, Skipped: 0, Time elapsed: 0.011 s -- in org.apache.ibatis.submitted.global_variables_defaults.XmlMapperTest
2025-10-10T17:16:59.3318424Z [INFO] Running org.apache.ibatis.submitted.global_variables_defaults.ConfigurationTest
2025-10-10T17:16:59.3398204Z [INFO] Tests run: 3, Failures: 0, Errors: 0, Skipped: 0, Time elapsed: 0.007 s -- in org.apache.ibatis.submitted.global_variables_defaults.ConfigurationTest
2025-10-10T17:16:59.3402696Z [INFO] Running org.apache.ibatis.submitted.result_set_type.ResultSetTypeTest
2025-10-10T17:16:59.3640557Z [INFO] Tests run: 3, Failures: 0, Errors: 0, Skipped: 0, Time elapsed: 0.021 s -- in org.apache.ibatis.submitted.result_set_type.ResultSetTypeTest
2025-10-10T17:16:59.3642189Z [INFO] Running org.apache.ibatis.submitted.multiple_discriminator.MultipleDiscriminatorTest
2025-10-10T17:16:59.3794993Z [INFO] Tests run: 3, Failures: 0, Errors: 0, Skipped: 0, Time elapsed: 0.020 s -- in org.apache.ibatis.submitted.multiple_discriminator.MultipleDiscriminatorTest
2025-10-10T17:16:59.3796825Z [INFO] Running org.apache.ibatis.submitted.timezone_edge_case.TimezoneEdgeCaseTest
2025-10-10T17:16:59.3964164Z [INFO] Tests run: 4, Failures: 0, Errors: 0, Skipped: 0, Time elapsed: 0.016 s -- in org.apache.ibatis.submitted.timezone_edge_case.TimezoneEdgeCaseTest
2025-10-10T17:16:59.3967014Z [INFO] Running org.apache.ibatis.submitted.record_type.RecordTypeTest
2025-10-10T17:16:59.4121262Z [INFO] Tests run: 4, Failures: 0, Errors: 0, Skipped: 0, Time elapsed: 0.016 s -- in org.apache.ibatis.submitted.record_type.RecordTypeTest
2025-10-10T17:16:59.4122324Z [INFO] Running org.apache.ibatis.submitted.default_method.DefaultMethodTest
2025-10-10T17:16:59.4287959Z [INFO] Tests run: 3, Failures: 0, Errors: 0, Skipped: 0, Time elapsed: 0.016 s -- in org.apache.ibatis.submitted.default_method.DefaultMethodTest
2025-10-10T17:16:59.4291392Z [INFO] Running org.apache.ibatis.submitted.encoding.EncodingTest
2025-10-10T17:16:59.4396723Z [INFO] Tests run: 2, Failures: 0, Errors: 0, Skipped: 0, Time elapsed: 0.010 s -- in org.apache.ibatis.submitted.encoding.EncodingTest
2025-10-10T17:16:59.4399021Z [INFO] Running org.apache.ibatis.submitted.call_setters_on_nulls.DoNotCallSettersOnNullsTest
2025-10-10T17:16:59.4527154Z [INFO] Tests run: 3, Failures: 0, Errors: 0, Skipped: 0, Time elapsed: 0.012 s -- in org.apache.ibatis.submitted.call_setters_on_nulls.DoNotCallSettersOnNullsTest
2025-10-10T17:16:59.4528749Z [INFO] Running org.apache.ibatis.submitted.call_setters_on_nulls.CallSettersOnNullsTest
2025-10-10T17:16:59.4598182Z [INFO] Tests run: 5, Failures: 0, Errors: 0, Skipped: 0, Time elapsed: 0.008 s -- in org.apache.ibatis.submitted.call_setters_on_nulls.CallSettersOnNullsTest
2025-10-10T17:16:59.4599518Z [INFO] Running org.apache.ibatis.submitted.resolution.javamethods.JavaMethodsTest
2025-10-10T17:16:59.4726471Z [INFO] Tests run: 1, Failures: 0, Errors: 0, Skipped: 0, Time elapsed: 0.012 s -- in org.apache.ibatis.submitted.resolution.javamethods.JavaMethodsTest
2025-10-10T17:16:59.4729458Z [INFO] Running org.apache.ibatis.submitted.resolution.cacherefs.CacheRefsTest
2025-10-10T17:16:59.4842644Z [INFO] Tests run: 1, Failures: 0, Errors: 0, Skipped: 0, Time elapsed: 0.011 s -- in org.apache.ibatis.submitted.resolution.cacherefs.CacheRefsTest
2025-10-10T17:16:59.4844993Z [INFO] Running org.apache.ibatis.submitted.resolution.cachereffromxml.CacheRefFromXmlTest
2025-10-10T17:16:59.5108994Z [INFO] Tests run: 1, Failures: 0, Errors: 0, Skipped: 0, Time elapsed: 0.027 s -- in org.apache.ibatis.submitted.resolution.cachereffromxml.CacheRefFromXmlTest
2025-10-10T17:16:59.5112439Z [INFO] Running org.apache.ibatis.submitted.resolution.deepresultmap.DeepResultMapTest
2025-10-10T17:16:59.5255969Z [INFO] Tests run: 1, Failures: 0, Errors: 0, Skipped: 0, Time elapsed: 0.014 s -- in org.apache.ibatis.submitted.resolution.deepresultmap.DeepResultMapTest
2025-10-10T17:16:59.5259625Z [INFO] Running org.apache.ibatis.submitted.parent_childs.ParentChildTest
2025-10-10T17:16:59.5382064Z [INFO] Tests run: 2, Failures: 0, Errors: 0, Skipped: 0, Time elapsed: 0.012 s -- in org.apache.ibatis.submitted.parent_childs.ParentChildTest
2025-10-10T17:16:59.5385947Z [INFO] Running org.apache.ibatis.submitted.typehandlerinjection.TypeHandlerInjectionTest
2025-10-10T17:16:59.5485850Z [INFO] Tests run: 1, Failures: 0, Errors: 0, Skipped: 0, Time elapsed: 0.009 s -- in org.apache.ibatis.submitted.typehandlerinjection.TypeHandlerInjectionTest
2025-10-10T17:16:59.5489090Z [INFO] Running org.apache.ibatis.submitted.propertiesinmapperfiles.PropertiesInMappersTest
2025-10-10T17:16:59.5587505Z [INFO] Tests run: 1, Failures: 0, Errors: 0, Skipped: 0, Time elapsed: 0.010 s -- in org.apache.ibatis.submitted.propertiesinmapperfiles.PropertiesInMappersTest
2025-10-10T17:16:59.5590223Z [INFO] Running org.apache.ibatis.submitted.deferload_common_property.CommonPropertyDeferLoadTest
2025-10-10T17:16:59.5797681Z [INFO] Tests run: 4, Failures: 0, Errors: 0, Skipped: 0, Time elapsed: 0.020 s -- in org.apache.ibatis.submitted.deferload_common_property.CommonPropertyDeferLoadTest
2025-10-10T17:16:59.5800232Z [INFO] Running org.apache.ibatis.submitted.choosewhen.ChooseWhenTest
2025-10-10T17:16:59.6078289Z [INFO] Tests run: 1, Failures: 0, Errors: 0, Skipped: 0, Time elapsed: 0.028 s -- in org.apache.ibatis.submitted.choosewhen.ChooseWhenTest
2025-10-10T17:16:59.6079574Z [INFO] Running org.apache.ibatis.submitted.constructor_automapping.ConstructorAutomappingTest
2025-10-10T17:16:59.6158243Z [INFO] Tests run: 1, Failures: 0, Errors: 0, Skipped: 0, Time elapsed: 0.007 s -- in org.apache.ibatis.submitted.constructor_automapping.ConstructorAutomappingTest
2025-10-10T17:16:59.6159582Z [INFO] Running org.apache.ibatis.submitted.association_nested.FolderMapperTest
2025-10-10T17:16:59.6269211Z [INFO] Tests run: 1, Failures: 0, Errors: 0, Skipped: 0, Time elapsed: 0.011 s -- in org.apache.ibatis.submitted.association_nested.FolderMapperTest
2025-10-10T17:16:59.6271503Z [INFO] Running org.apache.ibatis.submitted.optional_on_mapper_method.OptionalOnMapperMethodTest
2025-10-10T17:16:59.8035238Z [INFO] Tests run: 5, Failures: 0, Errors: 0, Skipped: 0, Time elapsed: 0.176 s -- in org.apache.ibatis.submitted.optional_on_mapper_method.OptionalOnMapperMethodTest
2025-10-10T17:16:59.8041250Z [INFO] Running org.apache.ibatis.submitted.complex_type.ComplexTypeTest
2025-10-10T17:16:59.8159332Z [INFO] Tests run: 1, Failures: 0, Errors: 0, Skipped: 0, Time elapsed: 0.013 s -- in org.apache.ibatis.submitted.complex_type.ComplexTypeTest
2025-10-10T17:16:59.8165007Z [INFO] Running org.apache.ibatis.submitted.lazy_immutable.ImmutablePOJOTest
2025-10-10T17:16:59.8268333Z [INFO] Tests run: 1, Failures: 0, Errors: 0, Skipped: 0, Time elapsed: 0.010 s -- in org.apache.ibatis.submitted.lazy_immutable.ImmutablePOJOTest
2025-10-10T17:16:59.8269544Z [INFO] Running org.apache.ibatis.submitted.column_forwarding.ColumnForwardingTest
2025-10-10T17:16:59.8378757Z [INFO] Tests run: 2, Failures: 0, Errors: 0, Skipped: 0, Time elapsed: 0.010 s -- in org.apache.ibatis.submitted.column_forwarding.ColumnForwardingTest
2025-10-10T17:16:59.8380061Z [INFO] Running org.apache.ibatis.submitted.call_setters_on_nulls_again.MyBatisTest
2025-10-10T17:16:59.8468383Z [INFO] Tests run: 1, Failures: 0, Errors: 0, Skipped: 0, Time elapsed: 0.009 s -- in org.apache.ibatis.submitted.call_setters_on_nulls_again.MyBatisTest
2025-10-10T17:16:59.8469937Z [INFO] Running org.apache.ibatis.submitted.constructor_columnprefix.ConstructorColumnPrefixTest
2025-10-10T17:16:59.8586190Z [INFO] Tests run: 2, Failures: 0, Errors: 0, Skipped: 0, Time elapsed: 0.011 s -- in org.apache.ibatis.submitted.constructor_columnprefix.ConstructorColumnPrefixTest
2025-10-10T17:16:59.8587612Z [INFO] Running org.apache.ibatis.submitted.unmatched_prop_type.UnmatchedPropTypeTest
2025-10-10T17:16:59.8684005Z [INFO] Tests run: 1, Failures: 0, Errors: 0, Skipped: 0, Time elapsed: 0.009 s -- in org.apache.ibatis.submitted.unmatched_prop_type.UnmatchedPropTypeTest
2025-10-10T17:16:59.8688372Z [INFO] Running org.apache.ibatis.submitted.extends_with_constructor.NpeExtendsTest
2025-10-10T17:16:59.8929349Z [INFO] Tests run: 4, Failures: 0, Errors: 0, Skipped: 0, Time elapsed: 0.024 s -- in org.apache.ibatis.submitted.extends_with_constructor.NpeExtendsTest
2025-10-10T17:16:59.8930730Z [INFO] Running org.apache.ibatis.submitted.awful_table.AwfulTableTest
2025-10-10T17:16:59.9059764Z [INFO] Tests run: 1, Failures: 0, Errors: 0, Skipped: 0, Time elapsed: 0.013 s -- in org.apache.ibatis.submitted.awful_table.AwfulTableTest
2025-10-10T17:16:59.9060782Z [INFO] Running org.apache.ibatis.submitted.result_handler_type.DefaultResultHandlerTypeTest
2025-10-10T17:16:59.9198990Z [INFO] Tests run: 3, Failures: 0, Errors: 0, Skipped: 0, Time elapsed: 0.014 s -- in org.apache.ibatis.submitted.result_handler_type.DefaultResultHandlerTypeTest
2025-10-10T17:16:59.9204391Z [INFO] Running org.apache.ibatis.datasource.jndi.JndiDataSourceFactoryTest
2025-10-10T17:16:59.9811547Z [INFO] Tests run: 1, Failures: 0, Errors: 0, Skipped: 0, Time elapsed: 0.061 s -- in org.apache.ibatis.datasource.jndi.JndiDataSourceFactoryTest
2025-10-10T17:16:59.9816614Z [INFO] Running org.apache.ibatis.datasource.pooled.PooledDataSourceTest
2025-10-10T17:17:01.9936029Z [INFO] Tests run: 5, Failures: 0, Errors: 0, Skipped: 0, Time elapsed: 2.013 s -- in org.apache.ibatis.datasource.pooled.PooledDataSourceTest
2025-10-10T17:17:01.9936767Z [INFO] Running org.apache.ibatis.datasource.pooled.MysqlTimeoutTest
2025-10-10T17:17:05.0047125Z [INFO] Tests run: 1, Failures: 0, Errors: 0, Skipped: 0, Time elapsed: 3.011 s -- in org.apache.ibatis.datasource.pooled.MysqlTimeoutTest
2025-10-10T17:17:05.0048330Z [INFO] Running org.apache.ibatis.datasource.unpooled.NetworkTimeoutTest
2025-10-10T17:17:05.0139297Z [INFO] Tests run: 2, Failures: 0, Errors: 0, Skipped: 0, Time elapsed: 0.009 s -- in org.apache.ibatis.datasource.unpooled.NetworkTimeoutTest
2025-10-10T17:17:05.0140942Z [INFO] Running org.apache.ibatis.datasource.unpooled.UnpooledDataSourceTest
2025-10-10T17:17:05.0156015Z [WARNING] Tests run: 2, Failures: 0, Errors: 0, Skipped: 1, Time elapsed: 0.001 s -- in org.apache.ibatis.datasource.unpooled.UnpooledDataSourceTest
2025-10-10T17:17:05.0158439Z [INFO] Running org.apache.ibatis.builder.xml.dynamic.ExpressionEvaluatorTest
2025-10-10T17:17:05.0276234Z [INFO] Tests run: 8, Failures: 0, Errors: 0, Skipped: 0, Time elapsed: 0.013 s -- in org.apache.ibatis.builder.xml.dynamic.ExpressionEvaluatorTest
2025-10-10T17:17:05.0277299Z [INFO] Running org.apache.ibatis.builder.xml.dynamic.DynamicSqlSourceTest
2025-10-10T17:17:07.4716535Z [INFO] Tests run: 28, Failures: 0, Errors: 0, Skipped: 0, Time elapsed: 2.443 s -- in org.apache.ibatis.builder.xml.dynamic.DynamicSqlSourceTest
2025-10-10T17:17:07.4717691Z [INFO] Running org.apache.ibatis.builder.XmlConfigBuilderTest
2025-10-10T17:17:07.4844472Z [INFO] Tests run: 9, Failures: 0, Errors: 0, Skipped: 0, Time elapsed: 0.013 s -- in org.apache.ibatis.builder.XmlConfigBuilderTest
2025-10-10T17:17:07.4875245Z [INFO] Running org.apache.ibatis.builder.xsd.XmlConfigBuilderTest
2025-10-10T17:17:07.4915791Z [WARNING] Tests run: 2, Failures: 0, Errors: 0, Skipped: 2, Time elapsed: 0 s -- in org.apache.ibatis.builder.xsd.XmlConfigBuilderTest
2025-10-10T17:17:07.4916887Z [INFO] Running org.apache.ibatis.builder.xsd.XmlMapperBuilderTest
2025-10-10T17:17:07.4940986Z [WARNING] Tests run: 1, Failures: 0, Errors: 0, Skipped: 1, Time elapsed: 0 s -- in org.apache.ibatis.builder.xsd.XmlMapperBuilderTest
2025-10-10T17:17:07.4946744Z [INFO] Running org.apache.ibatis.builder.ParameterExpressionTest
2025-10-10T17:17:07.4974441Z [INFO] Tests run: 14, Failures: 0, Errors: 0, Skipped: 0, Time elapsed: 0.007 s -- in org.apache.ibatis.builder.ParameterExpressionTest
2025-10-10T17:17:07.4975464Z [INFO] Running org.apache.ibatis.builder.XmlMapperBuilderTest
2025-10-10T17:17:07.5215530Z [INFO] Tests run: 16, Failures: 0, Errors: 0, Skipped: 0, Time elapsed: 0.028 s -- in org.apache.ibatis.builder.XmlMapperBuilderTest
2025-10-10T17:17:07.5216683Z [INFO] Running org.apache.ibatis.builder.ResultMappingConstructorResolverTest
2025-10-10T17:17:07.5322738Z [INFO] Running org.apache.ibatis.builder.ResultMappingConstructorResolverTest$MetaInfoTests
2025-10-10T17:17:07.5694339Z [INFO] Tests run: 18, Failures: 0, Errors: 0, Skipped: 0, Time elapsed: 0.035 s -- in org.apache.ibatis.builder.ResultMappingConstructorResolverTest$MetaInfoTests
2025-10-10T17:17:07.5718800Z [INFO] Tests run: 0, Failures: 0, Errors: 0, Skipped: 0, Time elapsed: 0.048 s -- in org.apache.ibatis.builder.ResultMappingConstructorResolverTest
2025-10-10T17:17:07.5719985Z [INFO] Running org.apache.ibatis.builder.AnnotationMapperBuilderTest
2025-10-10T17:17:07.5748681Z [INFO] Tests run: 5, Failures: 0, Errors: 0, Skipped: 0, Time elapsed: 0.006 s -- in org.apache.ibatis.builder.AnnotationMapperBuilderTest
2025-10-10T17:17:07.5751156Z [INFO] Running org.apache.ibatis.builder.SqlSourceBuilderTest
2025-10-10T17:17:07.5767681Z [INFO] Tests run: 1, Failures: 0, Errors: 0, Skipped: 0, Time elapsed: 0 s -- in org.apache.ibatis.builder.SqlSourceBuilderTest
2025-10-10T17:17:07.5769723Z [INFO] Running org.apache.ibatis.transaction.jdbc.JdbcTransactionWithConnectionTest
2025-10-10T17:17:07.5889610Z [INFO] Tests run: 8, Failures: 0, Errors: 0, Skipped: 0, Time elapsed: 0.012 s -- in org.apache.ibatis.transaction.jdbc.JdbcTransactionWithConnectionTest
2025-10-10T17:17:07.5891404Z [INFO] Running org.apache.ibatis.transaction.jdbc.JdbcTransactionFactoryTest
2025-10-10T17:17:07.5909504Z [INFO] Tests run: 2, Failures: 0, Errors: 0, Skipped: 0, Time elapsed: 0.002 s -- in org.apache.ibatis.transaction.jdbc.JdbcTransactionFactoryTest
2025-10-10T17:17:07.5911014Z [INFO] Running org.apache.ibatis.transaction.jdbc.JdbcTransactionWithDataSourceTest
2025-10-10T17:17:07.6258313Z [INFO] Tests run: 9, Failures: 0, Errors: 0, Skipped: 0, Time elapsed: 0.033 s -- in org.apache.ibatis.transaction.jdbc.JdbcTransactionWithDataSourceTest
2025-10-10T17:17:07.6259578Z [INFO] Running org.apache.ibatis.transaction.jdbc.JdbcTransactionTest
2025-10-10T17:17:07.6278549Z [INFO] Tests run: 1, Failures: 0, Errors: 0, Skipped: 0, Time elapsed: 0.002 s -- in org.apache.ibatis.transaction.jdbc.JdbcTransactionTest
2025-10-10T17:17:07.6279873Z [INFO] Running org.apache.ibatis.transaction.jdbc.JdbcTransactionFactoryUnitTest
2025-10-10T17:17:07.7475910Z [INFO] Tests run: 4, Failures: 0, Errors: 0, Skipped: 0, Time elapsed: 0.117 s -- in org.apache.ibatis.transaction.jdbc.JdbcTransactionFactoryUnitTest
2025-10-10T17:17:07.7478941Z [INFO] Running org.apache.ibatis.transaction.managed.ManagedTransactionFactoryUnitTest
2025-10-10T17:17:07.7539893Z [INFO] Tests run: 3, Failures: 0, Errors: 0, Skipped: 0, Time elapsed: 0.007 s -- in org.apache.ibatis.transaction.managed.ManagedTransactionFactoryUnitTest
2025-10-10T17:17:07.7541290Z [INFO] Running org.apache.ibatis.transaction.managed.ManagedTransactionWithConnectionTest
2025-10-10T17:17:07.7593535Z [INFO] Tests run: 6, Failures: 0, Errors: 0, Skipped: 0, Time elapsed: 0.005 s -- in org.apache.ibatis.transaction.managed.ManagedTransactionWithConnectionTest
2025-10-10T17:17:07.7595233Z [INFO] Running org.apache.ibatis.transaction.managed.ManagedTransactionWithDataSourceTest
2025-10-10T17:17:07.7663380Z [INFO] Tests run: 6, Failures: 0, Errors: 0, Skipped: 0, Time elapsed: 0.006 s -- in org.apache.ibatis.transaction.managed.ManagedTransactionWithDataSourceTest
2025-10-10T17:17:07.7664709Z [INFO] Running org.apache.ibatis.transaction.managed.ManagedTransactionFactoryTest
2025-10-10T17:17:07.7691466Z [INFO] Tests run: 2, Failures: 0, Errors: 0, Skipped: 0, Time elapsed: 0.002 s -- in org.apache.ibatis.transaction.managed.ManagedTransactionFactoryTest
2025-10-10T17:17:07.7692555Z [INFO] Running org.apache.ibatis.io.VFSTest
2025-10-10T17:17:07.7693786Z 17:17:07.767 ERROR [main] org.apache.ibatis.io.VFS - Method not found org.apache.ibatis.io.VFS.listXxx.  Cause: java.lang.NoSuchMethodException: org.apache.ibatis.io.VFS.listXxx(java.lang.String)
2025-10-10T17:17:07.7741117Z [INFO] Tests run: 5, Failures: 0, Errors: 0, Skipped: 0, Time elapsed: 0.005 s -- in org.apache.ibatis.io.VFSTest
2025-10-10T17:17:07.7741954Z [INFO] Running org.apache.ibatis.io.ResolverUtilTest
2025-10-10T17:17:07.8019707Z [INFO] Tests run: 12, Failures: 0, Errors: 0, Skipped: 0, Time elapsed: 0.028 s -- in org.apache.ibatis.io.ResolverUtilTest
2025-10-10T17:17:07.8022242Z [INFO] Running org.apache.ibatis.io.ClassLoaderWrapperTest
2025-10-10T17:17:07.8071529Z [INFO] Tests run: 9, Failures: 0, Errors: 0, Skipped: 0, Time elapsed: 0.004 s -- in org.apache.ibatis.io.ClassLoaderWrapperTest
2025-10-10T17:17:07.8073542Z [INFO] Running org.apache.ibatis.io.ResourcesTest
2025-10-10T17:17:07.8134981Z [INFO] Tests run: 17, Failures: 0, Errors: 0, Skipped: 0, Time elapsed: 0.006 s -- in org.apache.ibatis.io.ResourcesTest
2025-10-10T17:17:07.8137002Z [INFO] Running org.apache.ibatis.io.ExternalResourcesTest
2025-10-10T17:17:07.8187308Z [INFO] Tests run: 4, Failures: 0, Errors: 0, Skipped: 0, Time elapsed: 0.004 s -- in org.apache.ibatis.io.ExternalResourcesTest
2025-10-10T17:17:07.8189951Z [INFO] Running org.apache.ibatis.session.SqlSessionManagerTest
2025-10-10T17:17:07.9320422Z [INFO] Tests run: 6, Failures: 0, Errors: 0, Skipped: 0, Time elapsed: 0.113 s -- in org.apache.ibatis.session.SqlSessionManagerTest
2025-10-10T17:17:07.9327951Z [INFO] Running org.apache.ibatis.session.defaults.ExtendedSqlSessionFactoryTest
2025-10-10T17:17:08.0188356Z [INFO] Tests run: 1, Failures: 0, Errors: 0, Skipped: 0, Time elapsed: 0.087 s -- in org.apache.ibatis.session.defaults.ExtendedSqlSessionFactoryTest
2025-10-10T17:17:08.0189652Z [INFO] Running org.apache.ibatis.session.AutoMappingUnknownColumnBehaviorTest
2025-10-10T17:17:08.0995090Z 17:17:08.097 WARN  [main] o.a.i.s.AutoMappingUnknownColumnBehavior - Unknown column is detected on 'org.apache.ibatis.session.AutoMappingUnknownColumnBehaviorTest$Mapper.selectSimpleAuthor' auto-mapping. Mapping parameters are [columnName=ID,propertyName=id,propertyType=java.util.concurrent.atomic.AtomicInteger]
2025-10-10T17:17:08.1056451Z [INFO] Tests run: 3, Failures: 0, Errors: 0, Skipped: 0, Time elapsed: 0.086 s -- in org.apache.ibatis.session.AutoMappingUnknownColumnBehaviorTest
2025-10-10T17:17:08.1058145Z [INFO] Running org.apache.ibatis.session.SqlSessionTest
2025-10-10T17:17:08.3202145Z [INFO] Tests run: 59, Failures: 0, Errors: 0, Skipped: 0, Time elapsed: 0.213 s -- in org.apache.ibatis.session.SqlSessionTest
2025-10-10T17:17:08.3203604Z [INFO] Running org.apache.ibatis.cursor.defaults.DefaultCursorTest
2025-10-10T17:17:08.4353303Z [INFO] Tests run: 1, Failures: 0, Errors: 0, Skipped: 0, Time elapsed: 0.116 s -- in org.apache.ibatis.cursor.defaults.DefaultCursorTest
2025-10-10T17:17:08.4354195Z [INFO] Running org.apache.ibatis.cache.CacheKeyTest
2025-10-10T17:17:10.4465654Z [INFO] Tests run: 10, Failures: 0, Errors: 0, Skipped: 0, Time elapsed: 2.012 s -- in org.apache.ibatis.cache.CacheKeyTest
2025-10-10T17:17:10.4467138Z [INFO] Running org.apache.ibatis.cache.BaseCacheTest
2025-10-10T17:17:10.4485094Z [INFO] Tests run: 1, Failures: 0, Errors: 0, Skipped: 0, Time elapsed: 0.001 s -- in org.apache.ibatis.cache.BaseCacheTest
2025-10-10T17:17:10.4486128Z [INFO] Running org.apache.ibatis.cache.SuperCacheTest
2025-10-10T17:17:11.3408284Z [INFO] Tests run: 1, Failures: 0, Errors: 0, Skipped: 0, Time elapsed: 0.893 s -- in org.apache.ibatis.cache.SuperCacheTest
2025-10-10T17:17:11.3409786Z [INFO] Running org.apache.ibatis.cache.SerializedCacheTest
2025-10-10T17:17:11.3450772Z [INFO] Tests run: 3, Failures: 0, Errors: 0, Skipped: 0, Time elapsed: 0.004 s -- in org.apache.ibatis.cache.SerializedCacheTest
2025-10-10T17:17:11.3452100Z [INFO] Running org.apache.ibatis.cache.SoftCacheTest
2025-10-10T17:17:12.6163922Z [INFO] Tests run: 4, Failures: 0, Errors: 0, Skipped: 0, Time elapsed: 1.270 s -- in org.apache.ibatis.cache.SoftCacheTest
2025-10-10T17:17:12.6168490Z [INFO] Running org.apache.ibatis.cache.LruCacheTest
2025-10-10T17:17:12.6194631Z [INFO] Tests run: 4, Failures: 0, Errors: 0, Skipped: 0, Time elapsed: 0.003 s -- in org.apache.ibatis.cache.LruCacheTest
2025-10-10T17:17:12.6216644Z [INFO] Running org.apache.ibatis.cache.FifoCacheTest
2025-10-10T17:17:12.6230978Z [INFO] Tests run: 4, Failures: 0, Errors: 0, Skipped: 0, Time elapsed: 0.002 s -- in org.apache.ibatis.cache.FifoCacheTest
2025-10-10T17:17:12.6232445Z [INFO] Running org.apache.ibatis.cache.ScheduledCacheTest
2025-10-10T17:17:17.6254153Z [INFO] Tests run: 3, Failures: 0, Errors: 0, Skipped: 0, Time elapsed: 5.003 s -- in org.apache.ibatis.cache.ScheduledCacheTest
2025-10-10T17:17:17.6256982Z [INFO] Running org.apache.ibatis.cache.WeakCacheTest
2025-10-10T17:17:17.6623906Z [INFO] Tests run: 4, Failures: 0, Errors: 0, Skipped: 0, Time elapsed: 0.036 s -- in org.apache.ibatis.cache.WeakCacheTest
2025-10-10T17:17:17.6624957Z [INFO] Running org.apache.ibatis.cache.PerpetualCacheTest
2025-10-10T17:17:17.7061698Z [INFO] Tests run: 5, Failures: 0, Errors: 0, Skipped: 0, Time elapsed: 0.043 s -- in org.apache.ibatis.cache.PerpetualCacheTest
2025-10-10T17:17:17.7065897Z [INFO] Running org.apache.ibatis.binding.WrongNamespacesTest
2025-10-10T17:17:17.7143627Z [INFO] Tests run: 2, Failures: 0, Errors: 0, Skipped: 0, Time elapsed: 0.009 s -- in org.apache.ibatis.binding.WrongNamespacesTest
2025-10-10T17:17:17.7144962Z [INFO] Running org.apache.ibatis.binding.MapperMethodParamTest
2025-10-10T17:17:17.7415334Z [INFO] Tests run: 2, Failures: 0, Errors: 0, Skipped: 0, Time elapsed: 0.025 s -- in org.apache.ibatis.binding.MapperMethodParamTest
2025-10-10T17:17:17.7416602Z [INFO] Running org.apache.ibatis.binding.BindingTest
2025-10-10T17:17:18.1011970Z [INFO] Tests run: 53, Failures: 0, Errors: 0, Skipped: 0, Time elapsed: 0.358 s -- in org.apache.ibatis.binding.BindingTest
2025-10-10T17:17:18.1013282Z [INFO] Running org.apache.ibatis.binding.FlushTest
2025-10-10T17:17:18.2021268Z [INFO] Tests run: 1, Failures: 0, Errors: 0, Skipped: 0, Time elapsed: 0.100 s -- in org.apache.ibatis.binding.FlushTest
2025-10-10T17:17:18.2026085Z [INFO] Running org.apache.ibatis.binding.WrongMapperTest
2025-10-10T17:17:18.2051564Z [INFO] Tests run: 1, Failures: 0, Errors: 0, Skipped: 0, Time elapsed: 0.002 s -- in org.apache.ibatis.binding.WrongMapperTest
2025-10-10T17:17:18.2056579Z [INFO] Running org.apache.ibatis.autoconstructor.AutoConstructorTest
2025-10-10T17:17:18.2401671Z [INFO] Tests run: 6, Failures: 0, Errors: 0, Skipped: 0, Time elapsed: 0.030 s -- in org.apache.ibatis.autoconstructor.AutoConstructorTest
2025-10-10T17:17:18.2404610Z [INFO] Running org.apache.ibatis.logging.jdbc.StatementLoggerTest
2025-10-10T17:17:18.2626906Z [INFO] Tests run: 3, Failures: 0, Errors: 0, Skipped: 0, Time elapsed: 0.027 s -- in org.apache.ibatis.logging.jdbc.StatementLoggerTest
2025-10-10T17:17:18.2631414Z [INFO] Running org.apache.ibatis.logging.jdbc.ConnectionLoggerTest
2025-10-10T17:17:18.3400379Z [INFO] Tests run: 3, Failures: 0, Errors: 0, Skipped: 0, Time elapsed: 0.079 s -- in org.apache.ibatis.logging.jdbc.ConnectionLoggerTest
2025-10-10T17:17:18.3405904Z [INFO] Running org.apache.ibatis.logging.jdbc.BaseJdbcLoggerTest
2025-10-10T17:17:18.3541476Z [INFO] Tests run: 2, Failures: 0, Errors: 0, Skipped: 0, Time elapsed: 0.012 s -- in org.apache.ibatis.logging.jdbc.BaseJdbcLoggerTest
2025-10-10T17:17:18.3542566Z [INFO] Running org.apache.ibatis.logging.jdbc.ResultSetLoggerTest
2025-10-10T17:17:18.3696607Z [INFO] Tests run: 2, Failures: 0, Errors: 0, Skipped: 0, Time elapsed: 0.014 s -- in org.apache.ibatis.logging.jdbc.ResultSetLoggerTest
2025-10-10T17:17:18.3704773Z [INFO] Running org.apache.ibatis.logging.jdbc.PreparedStatementLoggerTest
2025-10-10T17:17:18.3758741Z [INFO] Tests run: 4, Failures: 0, Errors: 0, Skipped: 0, Time elapsed: 0.007 s -- in org.apache.ibatis.logging.jdbc.PreparedStatementLoggerTest
2025-10-10T17:17:18.3762726Z [INFO] Running org.apache.ibatis.logging.LogFactoryTest
2025-10-10T17:17:18.6229172Z Error message.
2025-10-10T17:17:18.6229566Z Error with Exception.
2025-10-10T17:17:18.6229964Z java.lang.Exception: Test exception.
2025-10-10T17:17:18.6230703Z 	at org.apache.ibatis.logging.LogFactoryTest.logSomething(LogFactoryTest.java:112)
2025-10-10T17:17:18.6231708Z 	at org.apache.ibatis.logging.LogFactoryTest.shouldUseStdOut(LogFactoryTest.java:85)
2025-10-10T17:17:18.6232879Z 	at java.base/jdk.internal.reflect.DirectMethodHandleAccessor.invoke(DirectMethodHandleAccessor.java:103)
2025-10-10T17:17:18.6233881Z 	at java.base/java.lang.reflect.Method.invoke(Method.java:580)
2025-10-10T17:17:18.6234773Z 	at org.junit.platform.commons.util.ReflectionUtils.invokeMethod(ReflectionUtils.java:701)
2025-10-10T17:17:18.6235996Z 	at org.junit.platform.commons.support.ReflectionSupport.invokeMethod(ReflectionSupport.java:502)
2025-10-10T17:17:18.6237271Z 	at org.junit.jupiter.engine.support.MethodReflectionUtils.invoke(MethodReflectionUtils.java:45)
2025-10-10T17:17:18.6238577Z 	at org.junit.jupiter.engine.execution.MethodInvocation.proceed(MethodInvocation.java:61)
2025-10-10T17:17:18.6240018Z 	at org.junit.jupiter.engine.execution.InvocationInterceptorChain$ValidatingInvocation.proceed(InvocationInterceptorChain.java:124)
2025-10-10T17:17:18.6241400Z 	at org.junit.jupiter.engine.extension.TimeoutExtension.intercept(TimeoutExtension.java:163)
2025-10-10T17:17:18.6242643Z 	at org.junit.jupiter.engine.extension.TimeoutExtension.interceptTestableMethod(TimeoutExtension.java:148)
2025-10-10T17:17:18.6243955Z 	at org.junit.jupiter.engine.extension.TimeoutExtension.interceptTestMethod(TimeoutExtension.java:86)
2025-10-10T17:17:18.6245920Z 	at org.junit.jupiter.engine.execution.InterceptingExecutableInvoker$ReflectiveInterceptorCall.lambda$ofVoidMethod$0(InterceptingExecutableInvoker.java:123)
2025-10-10T17:17:18.6247965Z 	at org.junit.jupiter.engine.execution.InterceptingExecutableInvoker.lambda$invoke$0(InterceptingExecutableInvoker.java:105)
2025-10-10T17:17:18.6249615Z 	at org.junit.jupiter.engine.execution.InvocationInterceptorChain$InterceptedInvocation.proceed(InvocationInterceptorChain.java:99)
2025-10-10T17:17:18.6251206Z 	at org.junit.jupiter.engine.execution.InvocationInterceptorChain.proceed(InvocationInterceptorChain.java:66)
2025-10-10T17:17:18.6252664Z 	at org.junit.jupiter.engine.execution.InvocationInterceptorChain.chainAndInvoke(InvocationInterceptorChain.java:47)
2025-10-10T17:17:18.6254113Z 	at org.junit.jupiter.engine.execution.InvocationInterceptorChain.invoke(InvocationInterceptorChain.java:39)
2025-10-10T17:17:18.6255537Z 	at org.junit.jupiter.engine.execution.InterceptingExecutableInvoker.invoke(InterceptingExecutableInvoker.java:104)
2025-10-10T17:17:18.6257028Z 	at org.junit.jupiter.engine.execution.InterceptingExecutableInvoker.invoke(InterceptingExecutableInvoker.java:98)
2025-10-10T17:17:18.6271581Z 	at org.junit.jupiter.engine.execution.InterceptingExecutableInvoker.invokeVoid(InterceptingExecutableInvoker.java:71)
2025-10-10T17:17:18.6273448Z 	at org.junit.jupiter.engine.descriptor.TestMethodTestDescriptor.lambda$invokeTestMethod$0(TestMethodTestDescriptor.java:219)
2025-10-10T17:17:18.6274884Z 	at org.junit.platform.engine.support.hierarchical.ThrowableCollector.execute(ThrowableCollector.java:74)
2025-10-10T17:17:18.6276650Z 	at org.junit.jupiter.engine.descriptor.TestMethodTestDescriptor.invokeTestMethod(TestMethodTestDescriptor.java:215)
2025-10-10T17:17:18.6278238Z 	at org.junit.jupiter.engine.descriptor.TestMethodTestDescriptor.execute(TestMethodTestDescriptor.java:157)
2025-10-10T17:17:18.6279575Z 	at org.junit.jupiter.engine.descriptor.TestMethodTestDescriptor.execute(TestMethodTestDescriptor.java:70)
2025-10-10T17:17:18.6280920Z 	at org.junit.platform.engine.support.hierarchical.NodeTestTask.lambda$executeRecursively$2(NodeTestTask.java:176)
2025-10-10T17:17:18.6282270Z 	at org.junit.platform.engine.support.hierarchical.ThrowableCollector.execute(ThrowableCollector.java:74)
2025-10-10T17:17:18.6283606Z 	at org.junit.platform.engine.support.hierarchical.NodeTestTask.lambda$executeRecursively$1(NodeTestTask.java:166)
2025-10-10T17:17:18.6284747Z 	at org.junit.platform.engine.support.hierarchical.Node.around(Node.java:138)
2025-10-10T17:17:18.6285874Z 	at org.junit.platform.engine.support.hierarchical.NodeTestTask.lambda$executeRecursively$0(NodeTestTask.java:164)
2025-10-10T17:17:18.6287194Z 	at org.junit.platform.engine.support.hierarchical.ThrowableCollector.execute(ThrowableCollector.java:74)
2025-10-10T17:17:18.6288638Z 	at org.junit.platform.engine.support.hierarchical.NodeTestTask.executeRecursively(NodeTestTask.java:163)
2025-10-10T17:17:18.6289869Z 	at org.junit.platform.engine.support.hierarchical.NodeTestTask.execute(NodeTestTask.java:116)
2025-10-10T17:17:18.6290797Z 	at java.base/java.util.ArrayList.forEach(ArrayList.java:1596)
2025-10-10T17:17:18.6292217Z 	at org.junit.platform.engine.support.hierarchical.SameThreadHierarchicalTestExecutorService.invokeAll(SameThreadHierarchicalTestExecutorService.java:42)
2025-10-10T17:17:18.6293982Z 	at org.junit.platform.engine.support.hierarchical.NodeTestTask.lambda$executeRecursively$2(NodeTestTask.java:180)
2025-10-10T17:17:18.6295338Z 	at org.junit.platform.engine.support.hierarchical.ThrowableCollector.execute(ThrowableCollector.java:74)
2025-10-10T17:17:18.6296687Z 	at org.junit.platform.engine.support.hierarchical.NodeTestTask.lambda$executeRecursively$1(NodeTestTask.java:166)
2025-10-10T17:17:18.6297991Z 	at org.junit.platform.engine.support.hierarchical.Node.around(Node.java:138)
2025-10-10T17:17:18.6299138Z 	at org.junit.platform.engine.support.hierarchical.NodeTestTask.lambda$executeRecursively$0(NodeTestTask.java:164)
2025-10-10T17:17:18.6300814Z 	at org.junit.platform.engine.support.hierarchical.ThrowableCollector.execute(ThrowableCollector.java:74)
2025-10-10T17:17:18.6302172Z 	at org.junit.platform.engine.support.hierarchical.NodeTestTask.executeRecursively(NodeTestTask.java:163)
2025-10-10T17:17:18.6303847Z 	at org.junit.platform.engine.support.hierarchical.NodeTestTask.execute(NodeTestTask.java:116)
2025-10-10T17:17:18.6304818Z 	at java.base/java.util.ArrayList.forEach(ArrayList.java:1596)
2025-10-10T17:17:18.6307288Z 	at org.junit.platform.engine.support.hierarchical.SameThreadHierarchicalTestExecutorService.invokeAll(SameThreadHierarchicalTestExecutorService.java:42)
2025-10-10T17:17:18.6309302Z 	at org.junit.platform.engine.support.hierarchical.NodeTestTask.lambda$executeRecursively$2(NodeTestTask.java:180)
2025-10-10T17:17:18.6310649Z 	at org.junit.platform.engine.support.hierarchical.ThrowableCollector.execute(ThrowableCollector.java:74)
2025-10-10T17:17:18.6311984Z 	at org.junit.platform.engine.support.hierarchical.NodeTestTask.lambda$executeRecursively$1(NodeTestTask.java:166)
2025-10-10T17:17:18.6313172Z 	at org.junit.platform.engine.support.hierarchical.Node.around(Node.java:138)
2025-10-10T17:17:18.6314535Z 	at org.junit.platform.engine.support.hierarchical.NodeTestTask.lambda$executeRecursively$0(NodeTestTask.java:164)
2025-10-10T17:17:18.6315887Z 	at org.junit.platform.engine.support.hierarchical.ThrowableCollector.execute(ThrowableCollector.java:74)
2025-10-10T17:17:18.6317206Z 	at org.junit.platform.engine.support.hierarchical.NodeTestTask.executeRecursively(NodeTestTask.java:163)
2025-10-10T17:17:18.6318683Z 	at org.junit.platform.engine.support.hierarchical.NodeTestTask.execute(NodeTestTask.java:116)
2025-10-10T17:17:18.6320282Z 	at org.junit.platform.engine.support.hierarchical.SameThreadHierarchicalTestExecutorService.submit(SameThreadHierarchicalTestExecutorService.java:36)
2025-10-10T17:17:18.6322072Z 	at org.junit.platform.engine.support.hierarchical.HierarchicalTestExecutor.execute(HierarchicalTestExecutor.java:52)
2025-10-10T17:17:18.6323561Z 	at org.junit.platform.engine.support.hierarchical.HierarchicalTestEngine.execute(HierarchicalTestEngine.java:58)
2025-10-10T17:17:18.6325020Z 	at org.junit.platform.launcher.core.EngineExecutionOrchestrator.executeEngine(EngineExecutionOrchestrator.java:246)
2025-10-10T17:17:18.6326564Z 	at org.junit.platform.launcher.core.EngineExecutionOrchestrator.failOrExecuteEngine(EngineExecutionOrchestrator.java:218)
2025-10-10T17:17:18.6328229Z 	at org.junit.platform.launcher.core.EngineExecutionOrchestrator.execute(EngineExecutionOrchestrator.java:179)
2025-10-10T17:17:18.6329612Z 	at org.junit.platform.launcher.core.EngineExecutionOrchestrator.execute(EngineExecutionOrchestrator.java:108)
2025-10-10T17:17:18.6331019Z 	at org.junit.platform.launcher.core.EngineExecutionOrchestrator.lambda$execute$0(EngineExecutionOrchestrator.java:66)
2025-10-10T17:17:18.6332656Z 	at org.junit.platform.launcher.core.EngineExecutionOrchestrator.withInterceptedStreams(EngineExecutionOrchestrator.java:157)
2025-10-10T17:17:18.6334223Z 	at org.junit.platform.launcher.core.EngineExecutionOrchestrator.execute(EngineExecutionOrchestrator.java:65)
2025-10-10T17:17:18.6335433Z 	at org.junit.platform.launcher.core.DefaultLauncher.execute(DefaultLauncher.java:125)
2025-10-10T17:17:18.6336441Z 	at org.junit.platform.launcher.core.DefaultLauncher.execute(DefaultLauncher.java:114)
2025-10-10T17:17:18.6337550Z 	at org.junit.platform.launcher.core.DelegatingLauncher.execute(DelegatingLauncher.java:58)
2025-10-10T17:17:18.6338849Z 	at org.junit.platform.launcher.core.InterceptingLauncher.lambda$execute$2(InterceptingLauncher.java:57)
2025-10-10T17:17:18.6340522Z 	at org.junit.platform.launcher.core.ClasspathAlignmentCheckingLauncherInterceptor.intercept(ClasspathAlignmentCheckingLauncherInterceptor.java:25)
2025-10-10T17:17:18.6341982Z 	at org.junit.platform.launcher.core.InterceptingLauncher.execute(InterceptingLauncher.java:56)
2025-10-10T17:17:18.6343099Z 	at org.junit.platform.launcher.core.DelegatingLauncher.execute(DelegatingLauncher.java:58)
2025-10-10T17:17:18.6344408Z 	at java.base/jdk.internal.reflect.DirectMethodHandleAccessor.invoke(DirectMethodHandleAccessor.java:103)
2025-10-10T17:17:18.6345397Z 	at java.base/java.lang.reflect.Method.invoke(Method.java:580)
2025-10-10T17:17:18.6346318Z 	at org.apache.maven.surefire.api.util.ReflectionUtils.invokeMethodWithArray(ReflectionUtils.java:125)
2025-10-10T17:17:18.6347690Z 	at org.apache.maven.surefire.junitplatform.LauncherAdapter.executeWithCancellationToken(LauncherAdapter.java:68)
2025-10-10T17:17:18.6349297Z 	at org.apache.maven.surefire.junitplatform.LauncherAdapter.execute(LauncherAdapter.java:54)
2025-10-10T17:17:18.6350710Z 	at org.apache.maven.surefire.junitplatform.JUnitPlatformProvider.execute(JUnitPlatformProvider.java:203)
2025-10-10T17:17:18.6352164Z 	at org.apache.maven.surefire.junitplatform.JUnitPlatformProvider.invokeAllTests(JUnitPlatformProvider.java:168)
2025-10-10T17:17:18.6353528Z 	at org.apache.maven.surefire.junitplatform.JUnitPlatformProvider.invoke(JUnitPlatformProvider.java:136)
2025-10-10T17:17:18.6354760Z 	at org.apache.maven.surefire.booter.ForkedBooter.runSuitesInProcess(ForkedBooter.java:385)
2025-10-10T17:17:18.6356016Z 	at org.apache.maven.surefire.booter.ForkedBooter.execute(ForkedBooter.java:162)
2025-10-10T17:17:18.6356923Z 	at org.apache.maven.surefire.booter.ForkedBooter.run(ForkedBooter.java:507)
2025-10-10T17:17:18.6360597Z 	at org.apache.maven.surefire.booter.ForkedBooter.main(ForkedBooter.java:495)
2025-10-10T17:17:18.6361440Z 2025-10-10T17:17:18.615968312Z main ERROR Error message.
2025-10-10T17:17:18.6362112Z 2025-10-10T17:17:18.617392847Z main ERROR Error with Exception.
2025-10-10T17:17:18.6362673Z java.lang.Exception: Test exception.
2025-10-10T17:17:18.6363376Z 	at org.apache.ibatis.logging.LogFactoryTest.logSomething(LogFactoryTest.java:112)
2025-10-10T17:17:18.6364369Z 	at org.apache.ibatis.logging.LogFactoryTest.shouldUseLog4J2(LogFactoryTest.java:61)
2025-10-10T17:17:18.6365514Z 	at java.base/jdk.internal.reflect.DirectMethodHandleAccessor.invoke(DirectMethodHandleAccessor.java:103)
2025-10-10T17:17:18.6366504Z 	at java.base/java.lang.reflect.Method.invoke(Method.java:580)
2025-10-10T17:17:18.6367382Z 	at org.junit.platform.commons.util.ReflectionUtils.invokeMethod(ReflectionUtils.java:701)
2025-10-10T17:17:18.6368703Z 	at org.junit.platform.commons.support.ReflectionSupport.invokeMethod(ReflectionSupport.java:502)
2025-10-10T17:17:18.6369943Z 	at org.junit.jupiter.engine.support.MethodReflectionUtils.invoke(MethodReflectionUtils.java:45)
2025-10-10T17:17:18.6371073Z 	at org.junit.jupiter.engine.execution.MethodInvocation.proceed(MethodInvocation.java:61)
2025-10-10T17:17:18.6372438Z 	at org.junit.jupiter.engine.execution.InvocationInterceptorChain$ValidatingInvocation.proceed(InvocationInterceptorChain.java:124)
2025-10-10T17:17:18.6373834Z 	at org.junit.jupiter.engine.extension.TimeoutExtension.intercept(TimeoutExtension.java:163)
2025-10-10T17:17:18.6375084Z 	at org.junit.jupiter.engine.extension.TimeoutExtension.interceptTestableMethod(TimeoutExtension.java:148)
2025-10-10T17:17:18.6376376Z 	at org.junit.jupiter.engine.extension.TimeoutExtension.interceptTestMethod(TimeoutExtension.java:86)
2025-10-10T17:17:18.6378124Z 	at org.junit.jupiter.engine.execution.InterceptingExecutableInvoker$ReflectiveInterceptorCall.lambda$ofVoidMethod$0(InterceptingExecutableInvoker.java:123)
2025-10-10T17:17:18.6379904Z 	at org.junit.jupiter.engine.execution.InterceptingExecutableInvoker.lambda$invoke$0(InterceptingExecutableInvoker.java:105)
2025-10-10T17:17:18.6381504Z 	at org.junit.jupiter.engine.execution.InvocationInterceptorChain$InterceptedInvocation.proceed(InvocationInterceptorChain.java:99)
2025-10-10T17:17:18.6383006Z 	at org.junit.jupiter.engine.execution.InvocationInterceptorChain.proceed(InvocationInterceptorChain.java:66)
2025-10-10T17:17:18.6384437Z 	at org.junit.jupiter.engine.execution.InvocationInterceptorChain.chainAndInvoke(InvocationInterceptorChain.java:47)
2025-10-10T17:17:18.6385846Z 	at org.junit.jupiter.engine.execution.InvocationInterceptorChain.invoke(InvocationInterceptorChain.java:39)
2025-10-10T17:17:18.6387463Z 	at org.junit.jupiter.engine.execution.InterceptingExecutableInvoker.invoke(InterceptingExecutableInvoker.java:104)
2025-10-10T17:17:18.6389102Z 	at org.junit.jupiter.engine.execution.InterceptingExecutableInvoker.invoke(InterceptingExecutableInvoker.java:98)
2025-10-10T17:17:18.6390575Z 	at org.junit.jupiter.engine.execution.InterceptingExecutableInvoker.invokeVoid(InterceptingExecutableInvoker.java:71)
2025-10-10T17:17:18.6392106Z 	at org.junit.jupiter.engine.descriptor.TestMethodTestDescriptor.lambda$invokeTestMethod$0(TestMethodTestDescriptor.java:219)
2025-10-10T17:17:18.6393537Z 	at org.junit.platform.engine.support.hierarchical.ThrowableCollector.execute(ThrowableCollector.java:74)
2025-10-10T17:17:18.6394963Z 	at org.junit.jupiter.engine.descriptor.TestMethodTestDescriptor.invokeTestMethod(TestMethodTestDescriptor.java:215)
2025-10-10T17:17:18.6396392Z 	at org.junit.jupiter.engine.descriptor.TestMethodTestDescriptor.execute(TestMethodTestDescriptor.java:157)
2025-10-10T17:17:18.6397878Z 	at org.junit.jupiter.engine.descriptor.TestMethodTestDescriptor.execute(TestMethodTestDescriptor.java:70)
2025-10-10T17:17:18.6399558Z 	at org.junit.platform.engine.support.hierarchical.NodeTestTask.lambda$executeRecursively$2(NodeTestTask.java:176)
2025-10-10T17:17:18.6400891Z 	at org.junit.platform.engine.support.hierarchical.ThrowableCollector.execute(ThrowableCollector.java:74)
2025-10-10T17:17:18.6402217Z 	at org.junit.platform.engine.support.hierarchical.NodeTestTask.lambda$executeRecursively$1(NodeTestTask.java:166)
2025-10-10T17:17:18.6403365Z 	at org.junit.platform.engine.support.hierarchical.Node.around(Node.java:138)
2025-10-10T17:17:18.6404528Z 	at org.junit.platform.engine.support.hierarchical.NodeTestTask.lambda$executeRecursively$0(NodeTestTask.java:164)
2025-10-10T17:17:18.6405894Z 	at org.junit.platform.engine.support.hierarchical.ThrowableCollector.execute(ThrowableCollector.java:74)
2025-10-10T17:17:18.6407714Z 	at org.junit.platform.engine.support.hierarchical.NodeTestTask.executeRecursively(NodeTestTask.java:163)
2025-10-10T17:17:18.6409127Z 	at org.junit.platform.engine.support.hierarchical.NodeTestTask.execute(NodeTestTask.java:116)
2025-10-10T17:17:18.6410047Z 	at java.base/java.util.ArrayList.forEach(ArrayList.java:1596)
2025-10-10T17:17:18.6411509Z 	at org.junit.platform.engine.support.hierarchical.SameThreadHierarchicalTestExecutorService.invokeAll(SameThreadHierarchicalTestExecutorService.java:42)
2025-10-10T17:17:18.6413301Z 	at org.junit.platform.engine.support.hierarchical.NodeTestTask.lambda$executeRecursively$2(NodeTestTask.java:180)
2025-10-10T17:17:18.6414676Z 	at org.junit.platform.engine.support.hierarchical.ThrowableCollector.execute(ThrowableCollector.java:74)
2025-10-10T17:17:18.6416039Z 	at org.junit.platform.engine.support.hierarchical.NodeTestTask.lambda$executeRecursively$1(NodeTestTask.java:166)
2025-10-10T17:17:18.6417214Z 	at org.junit.platform.engine.support.hierarchical.Node.around(Node.java:138)
2025-10-10T17:17:18.6418595Z 	at org.junit.platform.engine.support.hierarchical.NodeTestTask.lambda$executeRecursively$0(NodeTestTask.java:164)
2025-10-10T17:17:18.6419942Z 	at org.junit.platform.engine.support.hierarchical.ThrowableCollector.execute(ThrowableCollector.java:74)
2025-10-10T17:17:18.6421262Z 	at org.junit.platform.engine.support.hierarchical.NodeTestTask.executeRecursively(NodeTestTask.java:163)
2025-10-10T17:17:18.6422496Z 	at org.junit.platform.engine.support.hierarchical.NodeTestTask.execute(NodeTestTask.java:116)
2025-10-10T17:17:18.6423397Z 	at java.base/java.util.ArrayList.forEach(ArrayList.java:1596)
2025-10-10T17:17:18.6424801Z 	at org.junit.platform.engine.support.hierarchical.SameThreadHierarchicalTestExecutorService.invokeAll(SameThreadHierarchicalTestExecutorService.java:42)
2025-10-10T17:17:18.6426564Z 	at org.junit.platform.engine.support.hierarchical.NodeTestTask.lambda$executeRecursively$2(NodeTestTask.java:180)
2025-10-10T17:17:18.6428049Z 	at org.junit.platform.engine.support.hierarchical.ThrowableCollector.execute(ThrowableCollector.java:74)
2025-10-10T17:17:18.6429611Z 	at org.junit.platform.engine.support.hierarchical.NodeTestTask.lambda$executeRecursively$1(NodeTestTask.java:166)
2025-10-10T17:17:18.6430777Z 	at org.junit.platform.engine.support.hierarchical.Node.around(Node.java:138)
2025-10-10T17:17:18.6431917Z 	at org.junit.platform.engine.support.hierarchical.NodeTestTask.lambda$executeRecursively$0(NodeTestTask.java:164)
2025-10-10T17:17:18.6433250Z 	at org.junit.platform.engine.support.hierarchical.ThrowableCollector.execute(ThrowableCollector.java:74)
2025-10-10T17:17:18.6434567Z 	at org.junit.platform.engine.support.hierarchical.NodeTestTask.executeRecursively(NodeTestTask.java:163)
2025-10-10T17:17:18.6435808Z 	at org.junit.platform.engine.support.hierarchical.NodeTestTask.execute(NodeTestTask.java:116)
2025-10-10T17:17:18.6437503Z 	at org.junit.platform.engine.support.hierarchical.SameThreadHierarchicalTestExecutorService.submit(SameThreadHierarchicalTestExecutorService.java:36)
2025-10-10T17:17:18.6439501Z 	at org.junit.platform.engine.support.hierarchical.HierarchicalTestExecutor.execute(HierarchicalTestExecutor.java:52)
2025-10-10T17:17:18.6441231Z 	at org.junit.platform.engine.support.hierarchical.HierarchicalTestEngine.execute(HierarchicalTestEngine.java:58)
2025-10-10T17:17:18.6442724Z 	at org.junit.platform.launcher.core.EngineExecutionOrchestrator.executeEngine(EngineExecutionOrchestrator.java:246)
2025-10-10T17:17:18.6444282Z 	at org.junit.platform.launcher.core.EngineExecutionOrchestrator.failOrExecuteEngine(EngineExecutionOrchestrator.java:218)
2025-10-10T17:17:18.6445770Z 	at org.junit.platform.launcher.core.EngineExecutionOrchestrator.execute(EngineExecutionOrchestrator.java:179)
2025-10-10T17:17:18.6447159Z 	at org.junit.platform.launcher.core.EngineExecutionOrchestrator.execute(EngineExecutionOrchestrator.java:108)
2025-10-10T17:17:18.6448738Z 	at org.junit.platform.launcher.core.EngineExecutionOrchestrator.lambda$execute$0(EngineExecutionOrchestrator.java:66)
2025-10-10T17:17:18.6450416Z 	at org.junit.platform.launcher.core.EngineExecutionOrchestrator.withInterceptedStreams(EngineExecutionOrchestrator.java:157)
2025-10-10T17:17:18.6451917Z 	at org.junit.platform.launcher.core.EngineExecutionOrchestrator.execute(EngineExecutionOrchestrator.java:65)
2025-10-10T17:17:18.6453080Z 	at org.junit.platform.launcher.core.DefaultLauncher.execute(DefaultLauncher.java:125)
2025-10-10T17:17:18.6454061Z 	at org.junit.platform.launcher.core.DefaultLauncher.execute(DefaultLauncher.java:114)
2025-10-10T17:17:18.6455078Z 	at org.junit.platform.launcher.core.DelegatingLauncher.execute(DelegatingLauncher.java:58)
2025-10-10T17:17:18.6456213Z 	at org.junit.platform.launcher.core.InterceptingLauncher.lambda$execute$2(InterceptingLauncher.java:57)
2025-10-10T17:17:18.6458009Z 	at org.junit.platform.launcher.core.ClasspathAlignmentCheckingLauncherInterceptor.intercept(ClasspathAlignmentCheckingLauncherInterceptor.java:25)
2025-10-10T17:17:18.6459596Z 	at org.junit.platform.launcher.core.InterceptingLauncher.execute(InterceptingLauncher.java:56)
2025-10-10T17:17:18.6460697Z 	at org.junit.platform.launcher.core.DelegatingLauncher.execute(DelegatingLauncher.java:58)
2025-10-10T17:17:18.6462161Z 	at java.base/jdk.internal.reflect.DirectMethodHandleAccessor.invoke(DirectMethodHandleAccessor.java:103)
2025-10-10T17:17:18.6463110Z 	at java.base/java.lang.reflect.Method.invoke(Method.java:580)
2025-10-10T17:17:18.6464049Z 	at org.apache.maven.surefire.api.util.ReflectionUtils.invokeMethodWithArray(ReflectionUtils.java:125)
2025-10-10T17:17:18.6465396Z 	at org.apache.maven.surefire.junitplatform.LauncherAdapter.executeWithCancellationToken(LauncherAdapter.java:68)
2025-10-10T17:17:18.6466825Z 	at org.apache.maven.surefire.junitplatform.LauncherAdapter.execute(LauncherAdapter.java:54)
2025-10-10T17:17:18.6468620Z 	at org.apache.maven.surefire.junitplatform.JUnitPlatformProvider.execute(JUnitPlatformProvider.java:203)
2025-10-10T17:17:18.6469982Z 	at org.apache.maven.surefire.junitplatform.JUnitPlatformProvider.invokeAllTests(JUnitPlatformProvider.java:168)
2025-10-10T17:17:18.6472350Z 	at org.apache.maven.surefire.junitplatform.JUnitPlatformProvider.invoke(JUnitPlatformProvider.java:136)
2025-10-10T17:17:18.6473890Z 	at org.apache.maven.surefire.booter.ForkedBooter.runSuitesInProcess(ForkedBooter.java:385)
2025-10-10T17:17:18.6477689Z 	at org.apache.maven.surefire.booter.ForkedBooter.execute(ForkedBooter.java:162)
2025-10-10T17:17:18.6478858Z 	at org.apache.maven.surefire.booter.ForkedBooter.run(ForkedBooter.java:507)
2025-10-10T17:17:18.6479716Z 	at org.apache.maven.surefire.booter.ForkedBooter.main(ForkedBooter.java:495)
2025-10-10T17:17:18.6480198Z 
2025-10-10T17:17:18.6480597Z Logging initialized using 'class org.apache.ibatis.logging.stdout.StdOutImpl' adapter.
2025-10-10T17:17:18.6481306Z Warning message.
2025-10-10T17:17:18.6481629Z Debug message.
2025-10-10T17:17:18.6580050Z 17:17:18.652 DEBUG [main] org.apache.ibatis.logging.LogFactory - Logging initialized using 'class org.apache.ibatis.logging.log4j.Log4jImpl' adapter.
2025-10-10T17:17:18.6582620Z 17:17:18.655 ERROR [main] java.lang.Object - Error message.
2025-10-10T17:17:18.6584916Z 17:17:18.655 ERROR [main] java.lang.Object - Error with Exception.
2025-10-10T17:17:18.6591015Z java.lang.Exception: Test exception.
2025-10-10T17:17:18.6591739Z 	at org.apache.ibatis.logging.LogFactoryTest.logSomething(LogFactoryTest.java:112)
2025-10-10T17:17:18.6592740Z 	at org.apache.ibatis.logging.LogFactoryTest.shouldUseLog4J(LogFactoryTest.java:53)
2025-10-10T17:17:18.6593886Z 	at java.base/jdk.internal.reflect.DirectMethodHandleAccessor.invoke(DirectMethodHandleAccessor.java:103)
2025-10-10T17:17:18.6594864Z 	at java.base/java.lang.reflect.Method.invoke(Method.java:580)
2025-10-10T17:17:18.6595727Z 	at org.junit.platform.commons.util.ReflectionUtils.invokeMethod(ReflectionUtils.java:701)
2025-10-10T17:17:18.6596851Z 	at org.junit.platform.commons.support.ReflectionSupport.invokeMethod(ReflectionSupport.java:502)
2025-10-10T17:17:18.6598197Z 	at org.junit.jupiter.engine.support.MethodReflectionUtils.invoke(MethodReflectionUtils.java:45)
2025-10-10T17:17:18.6599324Z 	at org.junit.jupiter.engine.execution.MethodInvocation.proceed(MethodInvocation.java:61)
2025-10-10T17:17:18.6600699Z 	at org.junit.jupiter.engine.execution.InvocationInterceptorChain$ValidatingInvocation.proceed(InvocationInterceptorChain.java:124)
2025-10-10T17:17:18.6602069Z 	at org.junit.jupiter.engine.extension.TimeoutExtension.intercept(TimeoutExtension.java:163)
2025-10-10T17:17:18.6603297Z 	at org.junit.jupiter.engine.extension.TimeoutExtension.interceptTestableMethod(TimeoutExtension.java:148)
2025-10-10T17:17:18.6618869Z 	at org.junit.jupiter.engine.extension.TimeoutExtension.interceptTestMethod(TimeoutExtension.java:86)
2025-10-10T17:17:18.6620428Z 	at org.junit.jupiter.engine.execution.InterceptingExecutableInvoker$ReflectiveInterceptorCall.lambda$ofVoidMethod$0(InterceptingExecutableInvoker.java:123)
2025-10-10T17:17:18.6622104Z 	at org.junit.jupiter.engine.execution.InterceptingExecutableInvoker.lambda$invoke$0(InterceptingExecutableInvoker.java:105)
2025-10-10T17:17:18.6623733Z 	at org.junit.jupiter.engine.execution.InvocationInterceptorChain$InterceptedInvocation.proceed(InvocationInterceptorChain.java:99)
2025-10-10T17:17:18.6625203Z 	at org.junit.jupiter.engine.execution.InvocationInterceptorChain.proceed(InvocationInterceptorChain.java:66)
2025-10-10T17:17:18.6626576Z 	at org.junit.jupiter.engine.execution.InvocationInterceptorChain.chainAndInvoke(InvocationInterceptorChain.java:47)
2025-10-10T17:17:18.6628202Z 	at org.junit.jupiter.engine.execution.InvocationInterceptorChain.invoke(InvocationInterceptorChain.java:39)
2025-10-10T17:17:18.6629651Z 	at org.junit.jupiter.engine.execution.InterceptingExecutableInvoker.invoke(InterceptingExecutableInvoker.java:104)
2025-10-10T17:17:18.6631071Z 	at org.junit.jupiter.engine.execution.InterceptingExecutableInvoker.invoke(InterceptingExecutableInvoker.java:98)
2025-10-10T17:17:18.6632582Z 	at org.junit.jupiter.engine.execution.InterceptingExecutableInvoker.invokeVoid(InterceptingExecutableInvoker.java:71)
2025-10-10T17:17:18.6634487Z 	at org.junit.jupiter.engine.descriptor.TestMethodTestDescriptor.lambda$invokeTestMethod$0(TestMethodTestDescriptor.java:219)
2025-10-10T17:17:18.6636064Z 	at org.junit.platform.engine.support.hierarchical.ThrowableCollector.execute(ThrowableCollector.java:74)
2025-10-10T17:17:18.6637483Z 	at org.junit.jupiter.engine.descriptor.TestMethodTestDescriptor.invokeTestMethod(TestMethodTestDescriptor.java:215)
2025-10-10T17:17:18.6639106Z 	at org.junit.jupiter.engine.descriptor.TestMethodTestDescriptor.execute(TestMethodTestDescriptor.java:157)
2025-10-10T17:17:18.6640337Z 	at org.junit.jupiter.engine.descriptor.TestMethodTestDescriptor.execute(TestMethodTestDescriptor.java:70)
2025-10-10T17:17:18.6641652Z 	at org.junit.platform.engine.support.hierarchical.NodeTestTask.lambda$executeRecursively$2(NodeTestTask.java:176)
2025-10-10T17:17:18.6642984Z 	at org.junit.platform.engine.support.hierarchical.ThrowableCollector.execute(ThrowableCollector.java:74)
2025-10-10T17:17:18.6644351Z 	at org.junit.platform.engine.support.hierarchical.NodeTestTask.lambda$executeRecursively$1(NodeTestTask.java:166)
2025-10-10T17:17:18.6645856Z 	at org.junit.platform.engine.support.hierarchical.Node.around(Node.java:138)
2025-10-10T17:17:18.6647006Z 	at org.junit.platform.engine.support.hierarchical.NodeTestTask.lambda$executeRecursively$0(NodeTestTask.java:164)
2025-10-10T17:17:18.6648492Z 	at org.junit.platform.engine.support.hierarchical.ThrowableCollector.execute(ThrowableCollector.java:74)
2025-10-10T17:17:18.6649800Z 	at org.junit.platform.engine.support.hierarchical.NodeTestTask.executeRecursively(NodeTestTask.java:163)
2025-10-10T17:17:18.6651046Z 	at org.junit.platform.engine.support.hierarchical.NodeTestTask.execute(NodeTestTask.java:116)
2025-10-10T17:17:18.6651973Z 	at java.base/java.util.ArrayList.forEach(ArrayList.java:1596)
2025-10-10T17:17:18.6653351Z 	at org.junit.platform.engine.support.hierarchical.SameThreadHierarchicalTestExecutorService.invokeAll(SameThreadHierarchicalTestExecutorService.java:42)
2025-10-10T17:17:18.6655177Z 	at org.junit.platform.engine.support.hierarchical.NodeTestTask.lambda$executeRecursively$2(NodeTestTask.java:180)
2025-10-10T17:17:18.6656506Z 	at org.junit.platform.engine.support.hierarchical.ThrowableCollector.execute(ThrowableCollector.java:74)
2025-10-10T17:17:18.6658030Z 	at org.junit.platform.engine.support.hierarchical.NodeTestTask.lambda$executeRecursively$1(NodeTestTask.java:166)
2025-10-10T17:17:18.6659186Z 	at org.junit.platform.engine.support.hierarchical.Node.around(Node.java:138)
2025-10-10T17:17:18.6660345Z 	at org.junit.platform.engine.support.hierarchical.NodeTestTask.lambda$executeRecursively$0(NodeTestTask.java:164)
2025-10-10T17:17:18.6661723Z 	at org.junit.platform.engine.support.hierarchical.ThrowableCollector.execute(ThrowableCollector.java:74)
2025-10-10T17:17:18.6663066Z 	at org.junit.platform.engine.support.hierarchical.NodeTestTask.executeRecursively(NodeTestTask.java:163)
2025-10-10T17:17:18.6664336Z 	at org.junit.platform.engine.support.hierarchical.NodeTestTask.execute(NodeTestTask.java:116)
2025-10-10T17:17:18.6665258Z 	at java.base/java.util.ArrayList.forEach(ArrayList.java:1596)
2025-10-10T17:17:18.6666676Z 	at org.junit.platform.engine.support.hierarchical.SameThreadHierarchicalTestExecutorService.invokeAll(SameThreadHierarchicalTestExecutorService.java:42)
2025-10-10T17:17:18.6668663Z 	at org.junit.platform.engine.support.hierarchical.NodeTestTask.lambda$executeRecursively$2(NodeTestTask.java:180)
2025-10-10T17:17:18.6670013Z 	at org.junit.platform.engine.support.hierarchical.ThrowableCollector.execute(ThrowableCollector.java:74)
2025-10-10T17:17:18.6671443Z 	at org.junit.platform.engine.support.hierarchical.NodeTestTask.lambda$executeRecursively$1(NodeTestTask.java:166)
2025-10-10T17:17:18.6672586Z 	at org.junit.platform.engine.support.hierarchical.Node.around(Node.java:138)
2025-10-10T17:17:18.6673788Z 	at org.junit.platform.engine.support.hierarchical.NodeTestTask.lambda$executeRecursively$0(NodeTestTask.java:164)
2025-10-10T17:17:18.6675484Z 	at org.junit.platform.engine.support.hierarchical.ThrowableCollector.execute(ThrowableCollector.java:74)
2025-10-10T17:17:18.6676932Z 	at org.junit.platform.engine.support.hierarchical.NodeTestTask.executeRecursively(NodeTestTask.java:163)
2025-10-10T17:17:18.6678364Z 	at org.junit.platform.engine.support.hierarchical.NodeTestTask.execute(NodeTestTask.java:116)
2025-10-10T17:17:18.6679963Z 	at org.junit.platform.engine.support.hierarchical.SameThreadHierarchicalTestExecutorService.submit(SameThreadHierarchicalTestExecutorService.java:36)
2025-10-10T17:17:18.6681643Z 	at org.junit.platform.engine.support.hierarchical.HierarchicalTestExecutor.execute(HierarchicalTestExecutor.java:52)
2025-10-10T17:17:18.6683073Z 	at org.junit.platform.engine.support.hierarchical.HierarchicalTestEngine.execute(HierarchicalTestEngine.java:58)
2025-10-10T17:17:18.6684528Z 	at org.junit.platform.launcher.core.EngineExecutionOrchestrator.executeEngine(EngineExecutionOrchestrator.java:246)
2025-10-10T17:17:18.6686108Z 	at org.junit.platform.launcher.core.EngineExecutionOrchestrator.failOrExecuteEngine(EngineExecutionOrchestrator.java:218)
2025-10-10T17:17:18.6688058Z 	at org.junit.platform.launcher.core.EngineExecutionOrchestrator.execute(EngineExecutionOrchestrator.java:179)
2025-10-10T17:17:18.6689490Z 	at org.junit.platform.launcher.core.EngineExecutionOrchestrator.execute(EngineExecutionOrchestrator.java:108)
2025-10-10T17:17:18.6690955Z 	at org.junit.platform.launcher.core.EngineExecutionOrchestrator.lambda$execute$0(EngineExecutionOrchestrator.java:66)
2025-10-10T17:17:18.6692569Z 	at org.junit.platform.launcher.core.EngineExecutionOrchestrator.withInterceptedStreams(EngineExecutionOrchestrator.java:157)
2025-10-10T17:17:18.6694079Z 	at org.junit.platform.launcher.core.EngineExecutionOrchestrator.execute(EngineExecutionOrchestrator.java:65)
2025-10-10T17:17:18.6695133Z 	at org.junit.platform.launcher.core.DefaultLauncher.execute(DefaultLauncher.java:125)
2025-10-10T17:17:18.6696030Z 	at org.junit.platform.launcher.core.DefaultLauncher.execute(DefaultLauncher.java:114)
2025-10-10T17:17:18.6696948Z 	at org.junit.platform.launcher.core.DelegatingLauncher.execute(DelegatingLauncher.java:58)
2025-10-10T17:17:18.6698159Z 	at org.junit.platform.launcher.core.InterceptingLauncher.lambda$execute$2(InterceptingLauncher.java:57)
2025-10-10T17:17:18.6699639Z 	at org.junit.platform.launcher.core.ClasspathAlignmentCheckingLauncherInterceptor.intercept(ClasspathAlignmentCheckingLauncherInterceptor.java:25)
2025-10-10T17:17:18.6701226Z 	at org.junit.platform.launcher.core.InterceptingLauncher.execute(InterceptingLauncher.java:56)
2025-10-10T17:17:18.6702339Z 	at org.junit.platform.launcher.core.DelegatingLauncher.execute(DelegatingLauncher.java:58)
2025-10-10T17:17:18.6703533Z 	at java.base/jdk.internal.reflect.DirectMethodHandleAccessor.invoke(DirectMethodHandleAccessor.java:103)
2025-10-10T17:17:18.6704525Z 	at java.base/java.lang.reflect.Method.invoke(Method.java:580)
2025-10-10T17:17:18.6705495Z 	at org.apache.maven.surefire.api.util.ReflectionUtils.invokeMethodWithArray(ReflectionUtils.java:125)
2025-10-10T17:17:18.6706901Z 	at org.apache.maven.surefire.junitplatform.LauncherAdapter.executeWithCancellationToken(LauncherAdapter.java:68)
2025-10-10T17:17:18.6708427Z 	at org.apache.maven.surefire.junitplatform.LauncherAdapter.execute(LauncherAdapter.java:54)
2025-10-10T17:17:18.6709652Z 	at org.apache.maven.surefire.junitplatform.JUnitPlatformProvider.execute(JUnitPlatformProvider.java:203)
2025-10-10T17:17:18.6711041Z 	at org.apache.maven.surefire.junitplatform.JUnitPlatformProvider.invokeAllTests(JUnitPlatformProvider.java:168)
2025-10-10T17:17:18.6712470Z 	at org.apache.maven.surefire.junitplatform.JUnitPlatformProvider.invoke(JUnitPlatformProvider.java:136)
2025-10-10T17:17:18.6713687Z 	at org.apache.maven.surefire.booter.ForkedBooter.runSuitesInProcess(ForkedBooter.java:385)
2025-10-10T17:17:18.6714735Z 	at org.apache.maven.surefire.booter.ForkedBooter.execute(ForkedBooter.java:162)
2025-10-10T17:17:18.6715910Z 	at org.apache.maven.surefire.booter.ForkedBooter.run(ForkedBooter.java:507)
2025-10-10T17:17:18.6716801Z 	at org.apache.maven.surefire.booter.ForkedBooter.main(ForkedBooter.java:495)
2025-10-10T17:17:18.6717675Z Oct 10, 2025 5:17:18 PM org.apache.ibatis.logging.jdk14.Jdk14LoggingImpl warn
2025-10-10T17:17:18.6718492Z WARNING: Warning message.
2025-10-10T17:17:18.6719080Z Oct 10, 2025 5:17:18 PM org.apache.ibatis.logging.jdk14.Jdk14LoggingImpl error
2025-10-10T17:17:18.6719679Z SEVERE: Error message.
2025-10-10T17:17:18.6720167Z Oct 10, 2025 5:17:18 PM org.apache.ibatis.logging.jdk14.Jdk14LoggingImpl error
2025-10-10T17:17:18.6720741Z SEVERE: Error with Exception.
2025-10-10T17:17:18.6721137Z java.lang.Exception: Test exception.
2025-10-10T17:17:18.6721834Z 	at org.apache.ibatis.logging.LogFactoryTest.logSomething(LogFactoryTest.java:112)
2025-10-10T17:17:18.6722840Z 	at org.apache.ibatis.logging.LogFactoryTest.shouldUseJdKLogging(LogFactoryTest.java:69)
2025-10-10T17:17:18.6724078Z 	at java.base/jdk.internal.reflect.DirectMethodHandleAccessor.invoke(DirectMethodHandleAccessor.java:103)
2025-10-10T17:17:18.6725317Z 	at java.base/java.lang.reflect.Method.invoke(Method.java:580)
2025-10-10T17:17:18.6726172Z 	at org.junit.platform.commons.util.ReflectionUtils.invokeMethod(ReflectionUtils.java:701)
2025-10-10T17:17:18.6727298Z 	at org.junit.platform.commons.support.ReflectionSupport.invokeMethod(ReflectionSupport.java:502)
2025-10-10T17:17:18.6728677Z 	at org.junit.jupiter.engine.support.MethodReflectionUtils.invoke(MethodReflectionUtils.java:45)
2025-10-10T17:17:18.6729786Z 	at org.junit.jupiter.engine.execution.MethodInvocation.proceed(MethodInvocation.java:61)
2025-10-10T17:17:18.6731138Z 	at org.junit.jupiter.engine.execution.InvocationInterceptorChain$ValidatingInvocation.proceed(InvocationInterceptorChain.java:124)
2025-10-10T17:17:18.6732539Z 	at org.junit.jupiter.engine.extension.TimeoutExtension.intercept(TimeoutExtension.java:163)
2025-10-10T17:17:18.6733779Z 	at org.junit.jupiter.engine.extension.TimeoutExtension.interceptTestableMethod(TimeoutExtension.java:148)
2025-10-10T17:17:18.6735096Z 	at org.junit.jupiter.engine.extension.TimeoutExtension.interceptTestMethod(TimeoutExtension.java:86)
2025-10-10T17:17:18.6736715Z 	at org.junit.jupiter.engine.execution.InterceptingExecutableInvoker$ReflectiveInterceptorCall.lambda$ofVoidMethod$0(InterceptingExecutableInvoker.java:123)
2025-10-10T17:17:18.6738785Z 	at org.junit.jupiter.engine.execution.InterceptingExecutableInvoker.lambda$invoke$0(InterceptingExecutableInvoker.java:105)
2025-10-10T17:17:18.6740401Z 	at org.junit.jupiter.engine.execution.InvocationInterceptorChain$InterceptedInvocation.proceed(InvocationInterceptorChain.java:99)
2025-10-10T17:17:18.6741927Z 	at org.junit.jupiter.engine.execution.InvocationInterceptorChain.proceed(InvocationInterceptorChain.java:66)
2025-10-10T17:17:18.6743356Z 	at org.junit.jupiter.engine.execution.InvocationInterceptorChain.chainAndInvoke(InvocationInterceptorChain.java:47)
2025-10-10T17:17:18.6744802Z 	at org.junit.jupiter.engine.execution.InvocationInterceptorChain.invoke(InvocationInterceptorChain.java:39)
2025-10-10T17:17:18.6746292Z 	at org.junit.jupiter.engine.execution.InterceptingExecutableInvoker.invoke(InterceptingExecutableInvoker.java:104)
2025-10-10T17:17:18.6747966Z 	at org.junit.jupiter.engine.execution.InterceptingExecutableInvoker.invoke(InterceptingExecutableInvoker.java:98)
2025-10-10T17:17:18.6749430Z 	at org.junit.jupiter.engine.execution.InterceptingExecutableInvoker.invokeVoid(InterceptingExecutableInvoker.java:71)
2025-10-10T17:17:18.6751008Z 	at org.junit.jupiter.engine.descriptor.TestMethodTestDescriptor.lambda$invokeTestMethod$0(TestMethodTestDescriptor.java:219)
2025-10-10T17:17:18.6752463Z 	at org.junit.platform.engine.support.hierarchical.ThrowableCollector.execute(ThrowableCollector.java:74)
2025-10-10T17:17:18.6753883Z 	at org.junit.jupiter.engine.descriptor.TestMethodTestDescriptor.invokeTestMethod(TestMethodTestDescriptor.java:215)
2025-10-10T17:17:18.6755539Z 	at org.junit.jupiter.engine.descriptor.TestMethodTestDescriptor.execute(TestMethodTestDescriptor.java:157)
2025-10-10T17:17:18.6756892Z 	at org.junit.jupiter.engine.descriptor.TestMethodTestDescriptor.execute(TestMethodTestDescriptor.java:70)
2025-10-10T17:17:18.6758525Z 	at org.junit.platform.engine.support.hierarchical.NodeTestTask.lambda$executeRecursively$2(NodeTestTask.java:176)
2025-10-10T17:17:18.6759890Z 	at org.junit.platform.engine.support.hierarchical.ThrowableCollector.execute(ThrowableCollector.java:74)
2025-10-10T17:17:18.6761319Z 	at org.junit.platform.engine.support.hierarchical.NodeTestTask.lambda$executeRecursively$1(NodeTestTask.java:166)
2025-10-10T17:17:18.6762494Z 	at org.junit.platform.engine.support.hierarchical.Node.around(Node.java:138)
2025-10-10T17:17:18.6763628Z 	at org.junit.platform.engine.support.hierarchical.NodeTestTask.lambda$executeRecursively$0(NodeTestTask.java:164)
2025-10-10T17:17:18.6764966Z 	at org.junit.platform.engine.support.hierarchical.ThrowableCollector.execute(ThrowableCollector.java:74)
2025-10-10T17:17:18.6766339Z 	at org.junit.platform.engine.support.hierarchical.NodeTestTask.executeRecursively(NodeTestTask.java:163)
2025-10-10T17:17:18.6768056Z 	at org.junit.platform.engine.support.hierarchical.NodeTestTask.execute(NodeTestTask.java:116)
2025-10-10T17:17:18.6768941Z 	at java.base/java.util.ArrayList.forEach(ArrayList.java:1596)
2025-10-10T17:17:18.6770381Z 	at org.junit.platform.engine.support.hierarchical.SameThreadHierarchicalTestExecutorService.invokeAll(SameThreadHierarchicalTestExecutorService.java:42)
2025-10-10T17:17:18.6772195Z 	at org.junit.platform.engine.support.hierarchical.NodeTestTask.lambda$executeRecursively$2(NodeTestTask.java:180)
2025-10-10T17:17:18.6774039Z 	at org.junit.platform.engine.support.hierarchical.ThrowableCollector.execute(ThrowableCollector.java:74)
2025-10-10T17:17:18.6775384Z 	at org.junit.platform.engine.support.hierarchical.NodeTestTask.lambda$executeRecursively$1(NodeTestTask.java:166)
2025-10-10T17:17:18.6776564Z 	at org.junit.platform.engine.support.hierarchical.Node.around(Node.java:138)
2025-10-10T17:17:18.6777673Z 	at org.junit.platform.engine.support.hierarchical.NodeTestTask.lambda$executeRecursively$0(NodeTestTask.java:164)
2025-10-10T17:17:18.6779663Z 	at org.junit.platform.engine.support.hierarchical.ThrowableCollector.execute(ThrowableCollector.java:74)
2025-10-10T17:17:18.6781034Z 	at org.junit.platform.engine.support.hierarchical.NodeTestTask.executeRecursively(NodeTestTask.java:163)
2025-10-10T17:17:18.6782358Z 	at org.junit.platform.engine.support.hierarchical.NodeTestTask.execute(NodeTestTask.java:116)
2025-10-10T17:17:18.6783254Z 	at java.base/java.util.ArrayList.forEach(ArrayList.java:1596)
2025-10-10T17:17:18.6784701Z 	at org.junit.platform.engine.support.hierarchical.SameThreadHierarchicalTestExecutorService.invokeAll(SameThreadHierarchicalTestExecutorService.java:42)
2025-10-10T17:17:18.6786563Z 	at org.junit.platform.engine.support.hierarchical.NodeTestTask.lambda$executeRecursively$2(NodeTestTask.java:180)
2025-10-10T17:17:18.6788200Z 	at org.junit.platform.engine.support.hierarchical.ThrowableCollector.execute(ThrowableCollector.java:74)
2025-10-10T17:17:18.6789549Z 	at org.junit.platform.engine.support.hierarchical.NodeTestTask.lambda$executeRecursively$1(NodeTestTask.java:166)
2025-10-10T17:17:18.6791302Z 	at org.junit.platform.engine.support.hierarchical.Node.around(Node.java:138)
2025-10-10T17:17:18.6792473Z 	at org.junit.platform.engine.support.hierarchical.NodeTestTask.lambda$executeRecursively$0(NodeTestTask.java:164)
2025-10-10T17:17:18.6793835Z 	at org.junit.platform.engine.support.hierarchical.ThrowableCollector.execute(ThrowableCollector.java:74)
2025-10-10T17:17:18.6795212Z 	at org.junit.platform.engine.support.hierarchical.NodeTestTask.executeRecursively(NodeTestTask.java:163)
2025-10-10T17:17:18.6796480Z 	at org.junit.platform.engine.support.hierarchical.NodeTestTask.execute(NodeTestTask.java:116)
2025-10-10T17:17:18.6798298Z 	at org.junit.platform.engine.support.hierarchical.SameThreadHierarchicalTestExecutorService.submit(SameThreadHierarchicalTestExecutorService.java:36)
2025-10-10T17:17:18.6800319Z 	at org.junit.platform.engine.support.hierarchical.HierarchicalTestExecutor.execute(HierarchicalTestExecutor.java:52)
2025-10-10T17:17:18.6801778Z 	at org.junit.platform.engine.support.hierarchical.HierarchicalTestEngine.execute(HierarchicalTestEngine.java:58)
2025-10-10T17:17:18.6803255Z 	at org.junit.platform.launcher.core.EngineExecutionOrchestrator.executeEngine(EngineExecutionOrchestrator.java:246)
2025-10-10T17:17:18.6804774Z 	at org.junit.platform.launcher.core.EngineExecutionOrchestrator.failOrExecuteEngine(EngineExecutionOrchestrator.java:218)
2025-10-10T17:17:18.6806248Z 	at org.junit.platform.launcher.core.EngineExecutionOrchestrator.execute(EngineExecutionOrchestrator.java:179)
2025-10-10T17:17:18.6807640Z 	at org.junit.platform.launcher.core.EngineExecutionOrchestrator.execute(EngineExecutionOrchestrator.java:108)
2025-10-10T17:17:18.6809227Z 	at org.junit.platform.launcher.core.EngineExecutionOrchestrator.lambda$execute$0(EngineExecutionOrchestrator.java:66)
2025-10-10T17:17:18.6810822Z 	at org.junit.platform.launcher.core.EngineExecutionOrchestrator.withInterceptedStreams(EngineExecutionOrchestrator.java:157)
2025-10-10T17:17:18.6812581Z 	at org.junit.platform.launcher.core.EngineExecutionOrchestrator.execute(EngineExecutionOrchestrator.java:65)
2025-10-10T17:17:18.6813699Z 	at org.junit.platform.launcher.core.DefaultLauncher.execute(DefaultLauncher.java:125)
2025-10-10T17:17:18.6814699Z 	at org.junit.platform.launcher.core.DefaultLauncher.execute(DefaultLauncher.java:114)
2025-10-10T17:17:18.6815723Z 	at org.junit.platform.launcher.core.DelegatingLauncher.execute(DelegatingLauncher.java:58)
2025-10-10T17:17:18.6816832Z 	at org.junit.platform.launcher.core.InterceptingLauncher.lambda$execute$2(InterceptingLauncher.java:57)
2025-10-10T17:17:18.6818787Z 	at org.junit.platform.launcher.core.ClasspathAlignmentCheckingLauncherInterceptor.intercept(ClasspathAlignmentCheckingLauncherInterceptor.java:25)
2025-10-10T17:17:18.6820454Z 	at org.junit.platform.launcher.core.InterceptingLauncher.execute(InterceptingLauncher.java:56)
2025-10-10T17:17:18.6821834Z 	at org.junit.platform.launcher.core.DelegatingLauncher.execute(DelegatingLauncher.java:58)
2025-10-10T17:17:18.6823177Z 	at java.base/jdk.internal.reflect.DirectMethodHandleAccessor.invoke(DirectMethodHandleAccessor.java:103)
2025-10-10T17:17:18.6824458Z 	at java.base/java.lang.reflect.Method.invoke(Method.java:580)
2025-10-10T17:17:18.6825539Z 	at org.apache.maven.surefire.api.util.ReflectionUtils.invokeMethodWithArray(ReflectionUtils.java:125)
2025-10-10T17:17:18.6826901Z 	at org.apache.maven.surefire.junitplatform.LauncherAdapter.executeWithCancellationToken(LauncherAdapter.java:68)
2025-10-10T17:17:18.6828815Z 	at org.apache.maven.surefire.junitplatform.LauncherAdapter.execute(LauncherAdapter.java:54)
2025-10-10T17:17:18.6830225Z 	at org.apache.maven.surefire.junitplatform.JUnitPlatformProvider.execute(JUnitPlatformProvider.java:203)
2025-10-10T17:17:18.6831691Z 	at org.apache.maven.surefire.junitplatform.JUnitPlatformProvider.invokeAllTests(JUnitPlatformProvider.java:168)
2025-10-10T17:17:18.6844529Z 	at org.apache.maven.surefire.junitplatform.JUnitPlatformProvider.invoke(JUnitPlatformProvider.java:136)
2025-10-10T17:17:18.6845760Z 	at org.apache.maven.surefire.booter.ForkedBooter.runSuitesInProcess(ForkedBooter.java:385)
2025-10-10T17:17:18.6846848Z 	at org.apache.maven.surefire.booter.ForkedBooter.execute(ForkedBooter.java:162)
2025-10-10T17:17:18.6847935Z 	at org.apache.maven.surefire.booter.ForkedBooter.run(ForkedBooter.java:507)
2025-10-10T17:17:18.6848789Z 	at org.apache.maven.surefire.booter.ForkedBooter.main(ForkedBooter.java:495)
2025-10-10T17:17:18.6849269Z 
2025-10-10T17:17:18.6849979Z 17:17:18.657 DEBUG [main] o.apache.ibatis.logging.LogFactory - Logging initialized using 'class org.apache.ibatis.logging.slf4j.Slf4jImpl' adapter.
2025-10-10T17:17:18.6851050Z 17:17:18.657 ERROR [main] java.lang.Object - Error message.
2025-10-10T17:17:18.6851652Z 17:17:18.658 ERROR [main] java.lang.Object - Error with Exception.
2025-10-10T17:17:18.6852404Z java.lang.Exception: Test exception.
2025-10-10T17:17:18.6853062Z 	at org.apache.ibatis.logging.LogFactoryTest.logSomething(LogFactoryTest.java:112)
2025-10-10T17:17:18.6853959Z 	at org.apache.ibatis.logging.LogFactoryTest.shouldUseSlf4j(LogFactoryTest.java:77)
2025-10-10T17:17:18.6854993Z 	at java.base/jdk.internal.reflect.DirectMethodHandleAccessor.invoke(DirectMethodHandleAccessor.java:103)
2025-10-10T17:17:18.6855907Z 	at java.base/java.lang.reflect.Method.invoke(Method.java:580)
2025-10-10T17:17:18.6856704Z 	at org.junit.platform.commons.util.ReflectionUtils.invokeMethod(ReflectionUtils.java:701)
2025-10-10T17:17:18.6858519Z 	at org.junit.platform.commons.support.ReflectionSupport.invokeMethod(ReflectionSupport.java:502)
2025-10-10T17:17:18.6859675Z 	at org.junit.jupiter.engine.support.MethodReflectionUtils.invoke(MethodReflectionUtils.java:45)
2025-10-10T17:17:18.6860713Z 	at org.junit.jupiter.engine.execution.MethodInvocation.proceed(MethodInvocation.java:61)
2025-10-10T17:17:18.6862007Z 	at org.junit.jupiter.engine.execution.InvocationInterceptorChain$ValidatingInvocation.proceed(InvocationInterceptorChain.java:124)
2025-10-10T17:17:18.6863632Z 	at org.junit.jupiter.engine.extension.TimeoutExtension.intercept(TimeoutExtension.java:163)
2025-10-10T17:17:18.6864900Z 	at org.junit.jupiter.engine.extension.TimeoutExtension.interceptTestableMethod(TimeoutExtension.java:148)
2025-10-10T17:17:18.6866201Z 	at org.junit.jupiter.engine.extension.TimeoutExtension.interceptTestMethod(TimeoutExtension.java:86)
2025-10-10T17:17:18.6868048Z 	at org.junit.jupiter.engine.execution.InterceptingExecutableInvoker$ReflectiveInterceptorCall.lambda$ofVoidMethod$0(InterceptingExecutableInvoker.java:123)
2025-10-10T17:17:18.6869867Z 	at org.junit.jupiter.engine.execution.InterceptingExecutableInvoker.lambda$invoke$0(InterceptingExecutableInvoker.java:105)
2025-10-10T17:17:18.6871478Z 	at org.junit.jupiter.engine.execution.InvocationInterceptorChain$InterceptedInvocation.proceed(InvocationInterceptorChain.java:99)
2025-10-10T17:17:18.6873028Z 	at org.junit.jupiter.engine.execution.InvocationInterceptorChain.proceed(InvocationInterceptorChain.java:66)
2025-10-10T17:17:18.6874471Z 	at org.junit.jupiter.engine.execution.InvocationInterceptorChain.chainAndInvoke(InvocationInterceptorChain.java:47)
2025-10-10T17:17:18.6875883Z 	at org.junit.jupiter.engine.execution.InvocationInterceptorChain.invoke(InvocationInterceptorChain.java:39)
2025-10-10T17:17:18.6877261Z 	at org.junit.jupiter.engine.execution.InterceptingExecutableInvoker.invoke(InterceptingExecutableInvoker.java:104)
2025-10-10T17:17:18.6878804Z 	at org.junit.jupiter.engine.execution.InterceptingExecutableInvoker.invoke(InterceptingExecutableInvoker.java:98)
2025-10-10T17:17:18.6880291Z 	at org.junit.jupiter.engine.execution.InterceptingExecutableInvoker.invokeVoid(InterceptingExecutableInvoker.java:71)
2025-10-10T17:17:18.6881851Z 	at org.junit.jupiter.engine.descriptor.TestMethodTestDescriptor.lambda$invokeTestMethod$0(TestMethodTestDescriptor.java:219)
2025-10-10T17:17:18.6883239Z 	at org.junit.platform.engine.support.hierarchical.ThrowableCollector.execute(ThrowableCollector.java:74)
2025-10-10T17:17:18.6884612Z 	at org.junit.jupiter.engine.descriptor.TestMethodTestDescriptor.invokeTestMethod(TestMethodTestDescriptor.java:215)
2025-10-10T17:17:18.6885926Z 	at org.junit.jupiter.engine.descriptor.TestMethodTestDescriptor.execute(TestMethodTestDescriptor.java:157)
2025-10-10T17:17:18.6887148Z 	at org.junit.jupiter.engine.descriptor.TestMethodTestDescriptor.execute(TestMethodTestDescriptor.java:70)
2025-10-10T17:17:18.6888785Z 	at org.junit.platform.engine.support.hierarchical.NodeTestTask.lambda$executeRecursively$2(NodeTestTask.java:176)
2025-10-10T17:17:18.6890012Z 	at org.junit.platform.engine.support.hierarchical.ThrowableCollector.execute(ThrowableCollector.java:74)
2025-10-10T17:17:18.6891290Z 	at org.junit.platform.engine.support.hierarchical.NodeTestTask.lambda$executeRecursively$1(NodeTestTask.java:166)
2025-10-10T17:17:18.6892733Z 	at org.junit.platform.engine.support.hierarchical.Node.around(Node.java:138)
2025-10-10T17:17:18.6893973Z 	at org.junit.platform.engine.support.hierarchical.NodeTestTask.lambda$executeRecursively$0(NodeTestTask.java:164)
2025-10-10T17:17:18.6895320Z 	at org.junit.platform.engine.support.hierarchical.ThrowableCollector.execute(ThrowableCollector.java:74)
2025-10-10T17:17:18.6896661Z 	at org.junit.platform.engine.support.hierarchical.NodeTestTask.executeRecursively(NodeTestTask.java:163)
2025-10-10T17:17:18.6898112Z 	at org.junit.platform.engine.support.hierarchical.NodeTestTask.execute(NodeTestTask.java:116)
2025-10-10T17:17:18.6899057Z 	at java.base/java.util.ArrayList.forEach(ArrayList.java:1596)
2025-10-10T17:17:18.6900481Z 	at org.junit.platform.engine.support.hierarchical.SameThreadHierarchicalTestExecutorService.invokeAll(SameThreadHierarchicalTestExecutorService.java:42)
2025-10-10T17:17:18.6902250Z 	at org.junit.platform.engine.support.hierarchical.NodeTestTask.lambda$executeRecursively$2(NodeTestTask.java:180)
2025-10-10T17:17:18.6903600Z 	at org.junit.platform.engine.support.hierarchical.ThrowableCollector.execute(ThrowableCollector.java:74)
2025-10-10T17:17:18.6905189Z 	at org.junit.platform.engine.support.hierarchical.NodeTestTask.lambda$executeRecursively$1(NodeTestTask.java:166)
2025-10-10T17:17:18.6906335Z 	at org.junit.platform.engine.support.hierarchical.Node.around(Node.java:138)
2025-10-10T17:17:18.6907481Z 	at org.junit.platform.engine.support.hierarchical.NodeTestTask.lambda$executeRecursively$0(NodeTestTask.java:164)
2025-10-10T17:17:18.6908876Z 	at org.junit.platform.engine.support.hierarchical.ThrowableCollector.execute(ThrowableCollector.java:74)
2025-10-10T17:17:18.6910190Z 	at org.junit.platform.engine.support.hierarchical.NodeTestTask.executeRecursively(NodeTestTask.java:163)
2025-10-10T17:17:18.6911426Z 	at org.junit.platform.engine.support.hierarchical.NodeTestTask.execute(NodeTestTask.java:116)
2025-10-10T17:17:18.6912338Z 	at java.base/java.util.ArrayList.forEach(ArrayList.java:1596)
2025-10-10T17:17:18.6913731Z 	at org.junit.platform.engine.support.hierarchical.SameThreadHierarchicalTestExecutorService.invokeAll(SameThreadHierarchicalTestExecutorService.java:42)
2025-10-10T17:17:18.6915374Z 	at org.junit.platform.engine.support.hierarchical.NodeTestTask.lambda$executeRecursively$2(NodeTestTask.java:180)
2025-10-10T17:17:18.6916668Z 	at org.junit.platform.engine.support.hierarchical.ThrowableCollector.execute(ThrowableCollector.java:74)
2025-10-10T17:17:18.6918142Z 	at org.junit.platform.engine.support.hierarchical.NodeTestTask.lambda$executeRecursively$1(NodeTestTask.java:166)
2025-10-10T17:17:18.6919307Z 	at org.junit.platform.engine.support.hierarchical.Node.around(Node.java:138)
2025-10-10T17:17:18.6920454Z 	at org.junit.platform.engine.support.hierarchical.NodeTestTask.lambda$executeRecursively$0(NodeTestTask.java:164)
2025-10-10T17:17:18.6921762Z 	at org.junit.platform.engine.support.hierarchical.ThrowableCollector.execute(ThrowableCollector.java:74)
2025-10-10T17:17:18.6922994Z 	at org.junit.platform.engine.support.hierarchical.NodeTestTask.executeRecursively(NodeTestTask.java:163)
2025-10-10T17:17:18.6924200Z 	at org.junit.platform.engine.support.hierarchical.NodeTestTask.execute(NodeTestTask.java:116)
2025-10-10T17:17:18.6925880Z 	at org.junit.platform.engine.support.hierarchical.SameThreadHierarchicalTestExecutorService.submit(SameThreadHierarchicalTestExecutorService.java:36)
2025-10-10T17:17:18.6927720Z 	at org.junit.platform.engine.support.hierarchical.HierarchicalTestExecutor.execute(HierarchicalTestExecutor.java:52)
2025-10-10T17:17:18.6929418Z 	at org.junit.platform.engine.support.hierarchical.HierarchicalTestEngine.execute(HierarchicalTestEngine.java:58)
2025-10-10T17:17:18.6930896Z 	at org.junit.platform.launcher.core.EngineExecutionOrchestrator.executeEngine(EngineExecutionOrchestrator.java:246)
2025-10-10T17:17:18.6932397Z 	at org.junit.platform.launcher.core.EngineExecutionOrchestrator.failOrExecuteEngine(EngineExecutionOrchestrator.java:218)
2025-10-10T17:17:18.6934135Z 	at org.junit.platform.launcher.core.EngineExecutionOrchestrator.execute(EngineExecutionOrchestrator.java:179)
2025-10-10T17:17:18.6935551Z 	at org.junit.platform.launcher.core.EngineExecutionOrchestrator.execute(EngineExecutionOrchestrator.java:108)
2025-10-10T17:17:18.6937025Z 	at org.junit.platform.launcher.core.EngineExecutionOrchestrator.lambda$execute$0(EngineExecutionOrchestrator.java:66)
2025-10-10T17:17:18.6938803Z 	at org.junit.platform.launcher.core.EngineExecutionOrchestrator.withInterceptedStreams(EngineExecutionOrchestrator.java:157)
2025-10-10T17:17:18.6940349Z 	at org.junit.platform.launcher.core.EngineExecutionOrchestrator.execute(EngineExecutionOrchestrator.java:65)
2025-10-10T17:17:18.6941572Z 	at org.junit.platform.launcher.core.DefaultLauncher.execute(DefaultLauncher.java:125)
2025-10-10T17:17:18.6942619Z 	at org.junit.platform.launcher.core.DefaultLauncher.execute(DefaultLauncher.java:114)
2025-10-10T17:17:18.6943710Z 	at org.junit.platform.launcher.core.DelegatingLauncher.execute(DelegatingLauncher.java:58)
2025-10-10T17:17:18.6944975Z 	at org.junit.platform.launcher.core.InterceptingLauncher.lambda$execute$2(InterceptingLauncher.java:57)
2025-10-10T17:17:18.6947036Z 	at org.junit.platform.launcher.core.ClasspathAlignmentCheckingLauncherInterceptor.intercept(ClasspathAlignmentCheckingLauncherInterceptor.java:25)
2025-10-10T17:17:18.6948903Z 	at org.junit.platform.launcher.core.InterceptingLauncher.execute(InterceptingLauncher.java:56)
2025-10-10T17:17:18.6950096Z 	at org.junit.platform.launcher.core.DelegatingLauncher.execute(DelegatingLauncher.java:58)
2025-10-10T17:17:18.6951347Z 	at java.base/jdk.internal.reflect.DirectMethodHandleAccessor.invoke(DirectMethodHandleAccessor.java:103)
2025-10-10T17:17:18.6952376Z 	at java.base/java.lang.reflect.Method.invoke(Method.java:580)
2025-10-10T17:17:18.6953410Z 	at org.apache.maven.surefire.api.util.ReflectionUtils.invokeMethodWithArray(ReflectionUtils.java:125)
2025-10-10T17:17:18.6954881Z 	at org.apache.maven.surefire.junitplatform.LauncherAdapter.executeWithCancellationToken(LauncherAdapter.java:68)
2025-10-10T17:17:18.6956261Z 	at org.apache.maven.surefire.junitplatform.LauncherAdapter.execute(LauncherAdapter.java:54)
2025-10-10T17:17:18.6957554Z 	at org.apache.maven.surefire.junitplatform.JUnitPlatformProvider.execute(JUnitPlatformProvider.java:203)
2025-10-10T17:17:18.6959195Z 	at org.apache.maven.surefire.junitplatform.JUnitPlatformProvider.invokeAllTests(JUnitPlatformProvider.java:168)
2025-10-10T17:17:18.6960618Z 	at org.apache.maven.surefire.junitplatform.JUnitPlatformProvider.invoke(JUnitPlatformProvider.java:136)
2025-10-10T17:17:18.6961888Z 	at org.apache.maven.surefire.booter.ForkedBooter.runSuitesInProcess(ForkedBooter.java:385)
2025-10-10T17:17:18.6962923Z 	at org.apache.maven.surefire.booter.ForkedBooter.execute(ForkedBooter.java:162)
2025-10-10T17:17:18.6963872Z 	at org.apache.maven.surefire.booter.ForkedBooter.run(ForkedBooter.java:507)
2025-10-10T17:17:18.6964900Z 	at org.apache.maven.surefire.booter.ForkedBooter.main(ForkedBooter.java:495)
2025-10-10T17:17:18.6965745Z 2025-10-10T17:17:18.680121368Z main ERROR Error message.
2025-10-10T17:17:18.6966351Z 2025-10-10T17:17:18.680356809Z main ERROR Error with Exception.
2025-10-10T17:17:18.6966934Z java.lang.Exception: Test exception.
2025-10-10T17:17:18.6967674Z 	at org.apache.ibatis.logging.LogFactoryTest.logSomething(LogFactoryTest.java:112)
2025-10-10T17:17:18.6968929Z 	at org.apache.ibatis.logging.LogFactoryTest.shouldUseCommonsLogging(LogFactoryTest.java:45)
2025-10-10T17:17:18.6970191Z 	at java.base/jdk.internal.reflect.DirectMethodHandleAccessor.invoke(DirectMethodHandleAccessor.java:103)
2025-10-10T17:17:18.6971220Z 	at java.base/java.lang.reflect.Method.invoke(Method.java:580)
2025-10-10T17:17:18.6972135Z 	at org.junit.platform.commons.util.ReflectionUtils.invokeMethod(ReflectionUtils.java:701)
2025-10-10T17:17:18.6973331Z 	at org.junit.platform.commons.support.ReflectionSupport.invokeMethod(ReflectionSupport.java:502)
2025-10-10T17:17:18.6974753Z 	at org.junit.jupiter.engine.support.MethodReflectionUtils.invoke(MethodReflectionUtils.java:45)
2025-10-10T17:17:18.6975967Z 	at org.junit.jupiter.engine.execution.MethodInvocation.proceed(MethodInvocation.java:61)
2025-10-10T17:17:18.6977295Z 	at org.junit.jupiter.engine.execution.InvocationInterceptorChain$ValidatingInvocation.proceed(InvocationInterceptorChain.java:124)
2025-10-10T17:17:18.6978836Z 	at org.junit.jupiter.engine.extension.TimeoutExtension.intercept(TimeoutExtension.java:163)
2025-10-10T17:17:18.6979985Z 	at org.junit.jupiter.engine.extension.TimeoutExtension.interceptTestableMethod(TimeoutExtension.java:148)
2025-10-10T17:17:18.6981225Z 	at org.junit.jupiter.engine.extension.TimeoutExtension.interceptTestMethod(TimeoutExtension.java:86)
2025-10-10T17:17:18.6982828Z 	at org.junit.jupiter.engine.execution.InterceptingExecutableInvoker$ReflectiveInterceptorCall.lambda$ofVoidMethod$0(InterceptingExecutableInvoker.java:123)
2025-10-10T17:17:18.6984694Z 	at org.junit.jupiter.engine.execution.InterceptingExecutableInvoker.lambda$invoke$0(InterceptingExecutableInvoker.java:105)
2025-10-10T17:17:18.6986423Z 	at org.junit.jupiter.engine.execution.InvocationInterceptorChain$InterceptedInvocation.proceed(InvocationInterceptorChain.java:99)
2025-10-10T17:17:18.6987988Z 	at org.junit.jupiter.engine.execution.InvocationInterceptorChain.proceed(InvocationInterceptorChain.java:66)
2025-10-10T17:17:18.6989335Z 	at org.junit.jupiter.engine.execution.InvocationInterceptorChain.chainAndInvoke(InvocationInterceptorChain.java:47)
2025-10-10T17:17:18.6990653Z 	at org.junit.jupiter.engine.execution.InvocationInterceptorChain.invoke(InvocationInterceptorChain.java:39)
2025-10-10T17:17:18.6991974Z 	at org.junit.jupiter.engine.execution.InterceptingExecutableInvoker.invoke(InterceptingExecutableInvoker.java:104)
2025-10-10T17:17:18.6993305Z 	at org.junit.jupiter.engine.execution.InterceptingExecutableInvoker.invoke(InterceptingExecutableInvoker.java:98)
2025-10-10T17:17:18.6994692Z 	at org.junit.jupiter.engine.execution.InterceptingExecutableInvoker.invokeVoid(InterceptingExecutableInvoker.java:71)
2025-10-10T17:17:18.6996117Z 	at org.junit.jupiter.engine.descriptor.TestMethodTestDescriptor.lambda$invokeTestMethod$0(TestMethodTestDescriptor.java:219)
2025-10-10T17:17:18.6997454Z 	at org.junit.platform.engine.support.hierarchical.ThrowableCollector.execute(ThrowableCollector.java:74)
2025-10-10T17:17:18.6999056Z 	at org.junit.jupiter.engine.descriptor.TestMethodTestDescriptor.invokeTestMethod(TestMethodTestDescriptor.java:215)
2025-10-10T17:17:18.7000434Z 	at org.junit.jupiter.engine.descriptor.TestMethodTestDescriptor.execute(TestMethodTestDescriptor.java:157)
2025-10-10T17:17:18.7001773Z 	at org.junit.jupiter.engine.descriptor.TestMethodTestDescriptor.execute(TestMethodTestDescriptor.java:70)
2025-10-10T17:17:18.7003151Z 	at org.junit.platform.engine.support.hierarchical.NodeTestTask.lambda$executeRecursively$2(NodeTestTask.java:176)
2025-10-10T17:17:18.7004450Z 	at org.junit.platform.engine.support.hierarchical.ThrowableCollector.execute(ThrowableCollector.java:74)
2025-10-10T17:17:18.7005835Z 	at org.junit.platform.engine.support.hierarchical.NodeTestTask.lambda$executeRecursively$1(NodeTestTask.java:166)
2025-10-10T17:17:18.7007013Z 	at org.junit.platform.engine.support.hierarchical.Node.around(Node.java:138)
2025-10-10T17:17:18.7008350Z 	at org.junit.platform.engine.support.hierarchical.NodeTestTask.lambda$executeRecursively$0(NodeTestTask.java:164)
2025-10-10T17:17:18.7009664Z 	at org.junit.platform.engine.support.hierarchical.ThrowableCollector.execute(ThrowableCollector.java:74)
2025-10-10T17:17:18.7010879Z 	at org.junit.platform.engine.support.hierarchical.NodeTestTask.executeRecursively(NodeTestTask.java:163)
2025-10-10T17:17:18.7012075Z 	at org.junit.platform.engine.support.hierarchical.NodeTestTask.execute(NodeTestTask.java:116)
2025-10-10T17:17:18.7013006Z 	at java.base/java.util.ArrayList.forEach(ArrayList.java:1596)
2025-10-10T17:17:18.7014702Z 	at org.junit.platform.engine.support.hierarchical.SameThreadHierarchicalTestExecutorService.invokeAll(SameThreadHierarchicalTestExecutorService.java:42)
2025-10-10T17:17:18.7016489Z 	at org.junit.platform.engine.support.hierarchical.NodeTestTask.lambda$executeRecursively$2(NodeTestTask.java:180)
2025-10-10T17:17:18.7018035Z 	at org.junit.platform.engine.support.hierarchical.ThrowableCollector.execute(ThrowableCollector.java:74)
2025-10-10T17:17:18.7019366Z 	at org.junit.platform.engine.support.hierarchical.NodeTestTask.lambda$executeRecursively$1(NodeTestTask.java:166)
2025-10-10T17:17:18.7020491Z 	at org.junit.platform.engine.support.hierarchical.Node.around(Node.java:138)
2025-10-10T17:17:18.7021617Z 	at org.junit.platform.engine.support.hierarchical.NodeTestTask.lambda$executeRecursively$0(NodeTestTask.java:164)
2025-10-10T17:17:18.7022922Z 	at org.junit.platform.engine.support.hierarchical.ThrowableCollector.execute(ThrowableCollector.java:74)
2025-10-10T17:17:18.7024169Z 	at org.junit.platform.engine.support.hierarchical.NodeTestTask.executeRecursively(NodeTestTask.java:163)
2025-10-10T17:17:18.7025277Z 	at org.junit.platform.engine.support.hierarchical.NodeTestTask.execute(NodeTestTask.java:116)
2025-10-10T17:17:18.7026231Z 	at java.base/java.util.ArrayList.forEach(ArrayList.java:1596)
2025-10-10T17:17:18.7027368Z 	at org.junit.platform.engine.support.hierarchical.SameThreadHierarchicalTestExecutorService.invokeAll(SameThreadHierarchicalTestExecutorService.java:42)
2025-10-10T17:17:18.7028973Z 	at org.junit.platform.engine.support.hierarchical.NodeTestTask.lambda$executeRecursively$2(NodeTestTask.java:180)
2025-10-10T17:17:18.7030043Z 	at org.junit.platform.engine.support.hierarchical.ThrowableCollector.execute(ThrowableCollector.java:74)
2025-10-10T17:17:18.7031111Z 	at org.junit.platform.engine.support.hierarchical.NodeTestTask.lambda$executeRecursively$1(NodeTestTask.java:166)
2025-10-10T17:17:18.7032017Z 	at org.junit.platform.engine.support.hierarchical.Node.around(Node.java:138)
2025-10-10T17:17:18.7032925Z 	at org.junit.platform.engine.support.hierarchical.NodeTestTask.lambda$executeRecursively$0(NodeTestTask.java:164)
2025-10-10T17:17:18.7034002Z 	at org.junit.platform.engine.support.hierarchical.ThrowableCollector.execute(ThrowableCollector.java:74)
2025-10-10T17:17:18.7035059Z 	at org.junit.platform.engine.support.hierarchical.NodeTestTask.executeRecursively(NodeTestTask.java:163)
2025-10-10T17:17:18.7036035Z 	at org.junit.platform.engine.support.hierarchical.NodeTestTask.execute(NodeTestTask.java:116)
2025-10-10T17:17:18.7037317Z 	at org.junit.platform.engine.support.hierarchical.SameThreadHierarchicalTestExecutorService.submit(SameThreadHierarchicalTestExecutorService.java:36)
2025-10-10T17:17:18.7038914Z 	at org.junit.platform.engine.support.hierarchical.HierarchicalTestExecutor.execute(HierarchicalTestExecutor.java:52)
2025-10-10T17:17:18.7040079Z 	at org.junit.platform.engine.support.hierarchical.HierarchicalTestEngine.execute(HierarchicalTestEngine.java:58)
2025-10-10T17:17:18.7041243Z 	at org.junit.platform.launcher.core.EngineExecutionOrchestrator.executeEngine(EngineExecutionOrchestrator.java:246)
2025-10-10T17:17:18.7042474Z 	at org.junit.platform.launcher.core.EngineExecutionOrchestrator.failOrExecuteEngine(EngineExecutionOrchestrator.java:218)
2025-10-10T17:17:18.7043658Z 	at org.junit.platform.launcher.core.EngineExecutionOrchestrator.execute(EngineExecutionOrchestrator.java:179)
2025-10-10T17:17:18.7044751Z 	at org.junit.platform.launcher.core.EngineExecutionOrchestrator.execute(EngineExecutionOrchestrator.java:108)
2025-10-10T17:17:18.7045935Z 	at org.junit.platform.launcher.core.EngineExecutionOrchestrator.lambda$execute$0(EngineExecutionOrchestrator.java:66)
2025-10-10T17:17:18.7047364Z 	at org.junit.platform.launcher.core.EngineExecutionOrchestrator.withInterceptedStreams(EngineExecutionOrchestrator.java:157)
2025-10-10T17:17:18.7049021Z 	at org.junit.platform.launcher.core.EngineExecutionOrchestrator.execute(EngineExecutionOrchestrator.java:65)
2025-10-10T17:17:18.7050172Z 	at org.junit.platform.launcher.core.DefaultLauncher.execute(DefaultLauncher.java:125)
2025-10-10T17:17:18.7051392Z 	at org.junit.platform.launcher.core.DefaultLauncher.execute(DefaultLauncher.java:114)
2025-10-10T17:17:18.7052525Z 	at org.junit.platform.launcher.core.DelegatingLauncher.execute(DelegatingLauncher.java:58)
2025-10-10T17:17:18.7053712Z 	at org.junit.platform.launcher.core.InterceptingLauncher.lambda$execute$2(InterceptingLauncher.java:57)
2025-10-10T17:17:18.7055393Z 	at org.junit.platform.launcher.core.ClasspathAlignmentCheckingLauncherInterceptor.intercept(ClasspathAlignmentCheckingLauncherInterceptor.java:25)
2025-10-10T17:17:18.7057051Z 	at org.junit.platform.launcher.core.InterceptingLauncher.execute(InterceptingLauncher.java:56)
2025-10-10T17:17:18.7058468Z 	at org.junit.platform.launcher.core.DelegatingLauncher.execute(DelegatingLauncher.java:58)
2025-10-10T17:17:18.7059593Z 	at java.base/jdk.internal.reflect.DirectMethodHandleAccessor.invoke(DirectMethodHandleAccessor.java:103)
2025-10-10T17:17:18.7060594Z 	at java.base/java.lang.reflect.Method.invoke(Method.java:580)
2025-10-10T17:17:18.7061590Z 	at org.apache.maven.surefire.api.util.ReflectionUtils.invokeMethodWithArray(ReflectionUtils.java:125)
2025-10-10T17:17:18.7063296Z 	at org.apache.maven.surefire.junitplatform.LauncherAdapter.executeWithCancellationToken(LauncherAdapter.java:68)
2025-10-10T17:17:18.7064562Z 	at org.apache.maven.surefire.junitplatform.LauncherAdapter.execute(LauncherAdapter.java:54)
2025-10-10T17:17:18.7065746Z 	at org.apache.maven.surefire.junitplatform.JUnitPlatformProvider.execute(JUnitPlatformProvider.java:203)
2025-10-10T17:17:18.7067115Z 	at org.apache.maven.surefire.junitplatform.JUnitPlatformProvider.invokeAllTests(JUnitPlatformProvider.java:168)
2025-10-10T17:17:18.7068733Z 	at org.apache.maven.surefire.junitplatform.JUnitPlatformProvider.invoke(JUnitPlatformProvider.java:136)
2025-10-10T17:17:18.7069993Z 	at org.apache.maven.surefire.booter.ForkedBooter.runSuitesInProcess(ForkedBooter.java:385)
2025-10-10T17:17:18.7070976Z 	at org.apache.maven.surefire.booter.ForkedBooter.execute(ForkedBooter.java:162)
2025-10-10T17:17:18.7071909Z 	at org.apache.maven.surefire.booter.ForkedBooter.run(ForkedBooter.java:507)
2025-10-10T17:17:18.7072813Z 	at org.apache.maven.surefire.booter.ForkedBooter.main(ForkedBooter.java:495)
2025-10-10T17:17:18.7073835Z 
2025-10-10T17:17:18.7074515Z 17:17:18.681 DEBUG [main] o.apache.ibatis.logging.LogFactory - Logging initialized using 'class org.apache.ibatis.logging.slf4j.Slf4jImpl' adapter.
2025-10-10T17:17:18.7075825Z [INFO] Tests run: 8, Failures: 0, Errors: 0, Skipped: 0, Time elapsed: 0.308 s -- in org.apache.ibatis.logging.LogFactoryTest
2025-10-10T17:17:18.7076732Z [INFO] Running org.apache.ibatis.plugin.PluginTest
2025-10-10T17:17:18.7120491Z [INFO] Tests run: 2, Failures: 0, Errors: 0, Skipped: 0, Time elapsed: 0.024 s -- in org.apache.ibatis.plugin.PluginTest
2025-10-10T17:17:18.7121497Z [INFO] Running org.apache.ibatis.type.BlobInputStreamTypeHandlerTest
2025-10-10T17:17:18.8229188Z [INFO] Tests run: 8, Failures: 0, Errors: 0, Skipped: 0, Time elapsed: 0.110 s -- in org.apache.ibatis.type.BlobInputStreamTypeHandlerTest
2025-10-10T17:17:18.8232250Z [INFO] Running org.apache.ibatis.type.TypeAliasRegistryTest
2025-10-10T17:17:18.8315534Z [INFO] Tests run: 9, Failures: 0, Errors: 0, Skipped: 0, Time elapsed: 0.007 s -- in org.apache.ibatis.type.TypeAliasRegistryTest
2025-10-10T17:17:18.8320902Z [INFO] Running org.apache.ibatis.type.SqlDateTypeHandlerTest
2025-10-10T17:17:18.8386871Z [INFO] Tests run: 4, Failures: 0, Errors: 0, Skipped: 0, Time elapsed: 0.007 s -- in org.apache.ibatis.type.SqlDateTypeHandlerTest
2025-10-10T17:17:18.8395927Z [INFO] Running org.apache.ibatis.type.ByteTypeHandlerTest
2025-10-10T17:17:18.9030280Z [INFO] Tests run: 7, Failures: 0, Errors: 0, Skipped: 0, Time elapsed: 0.008 s -- in org.apache.ibatis.type.ByteTypeHandlerTest
2025-10-10T17:17:18.9032055Z [INFO] Running org.apache.ibatis.type.BlobByteObjectArrayTypeHandlerTest
2025-10-10T17:17:18.9076897Z [INFO] Tests run: 7, Failures: 0, Errors: 0, Skipped: 0, Time elapsed: 0.016 s -- in org.apache.ibatis.type.BlobByteObjectArrayTypeHandlerTest
2025-10-10T17:17:18.9083363Z [INFO] Running org.apache.ibatis.type.BooleanTypeHandlerTest
2025-10-10T17:17:18.9148199Z [INFO] Tests run: 7, Failures: 0, Errors: 0, Skipped: 0, Time elapsed: 0.014 s -- in org.apache.ibatis.type.BooleanTypeHandlerTest
2025-10-10T17:17:18.9178476Z [INFO] Running org.apache.ibatis.type.ByteArrayTypeHandlerTest
2025-10-10T17:17:18.9186327Z [INFO] Tests run: 4, Failures: 0, Errors: 0, Skipped: 0, Time elapsed: 0.016 s -- in org.apache.ibatis.type.ByteArrayTypeHandlerTest
2025-10-10T17:17:18.9187707Z [INFO] Running org.apache.ibatis.type.NStringTypeHandlerTest
2025-10-10T17:17:18.9236234Z [INFO] Tests run: 4, Failures: 0, Errors: 0, Skipped: 0, Time elapsed: 0.005 s -- in org.apache.ibatis.type.NStringTypeHandlerTest
2025-10-10T17:17:18.9237258Z [INFO] Running org.apache.ibatis.type.YearTypeHandlerTest
2025-10-10T17:17:18.9259020Z [INFO] Tests run: 7, Failures: 0, Errors: 0, Skipped: 0, Time elapsed: 0.008 s -- in org.apache.ibatis.type.YearTypeHandlerTest
2025-10-10T17:17:18.9260379Z [INFO] Running org.apache.ibatis.type.YearMonthTypeHandlerTest
2025-10-10T17:17:18.9320287Z [INFO] Tests run: 7, Failures: 0, Errors: 0, Skipped: 0, Time elapsed: 0.008 s -- in org.apache.ibatis.type.YearMonthTypeHandlerTest
2025-10-10T17:17:18.9326048Z [INFO] Running org.apache.ibatis.type.ByteObjectArrayTypeHandlerTest
2025-10-10T17:17:18.9379167Z [INFO] Tests run: 7, Failures: 0, Errors: 0, Skipped: 0, Time elapsed: 0.011 s -- in org.apache.ibatis.type.ByteObjectArrayTypeHandlerTest
2025-10-10T17:17:18.9382031Z [INFO] Running org.apache.ibatis.type.IntegerTypeHandlerTest
2025-10-10T17:17:18.9478478Z [INFO] Tests run: 7, Failures: 0, Errors: 0, Skipped: 0, Time elapsed: 0.008 s -- in org.apache.ibatis.type.IntegerTypeHandlerTest
2025-10-10T17:17:18.9482530Z [INFO] Running org.apache.ibatis.type.ClobTypeHandlerTest
2025-10-10T17:17:18.9680089Z [INFO] Tests run: 7, Failures: 0, Errors: 0, Skipped: 0, Time elapsed: 0.018 s -- in org.apache.ibatis.type.ClobTypeHandlerTest
2025-10-10T17:17:18.9683099Z [INFO] Running org.apache.ibatis.type.ZonedDateTimeTypeHandlerTest
2025-10-10T17:17:18.9758406Z [INFO] Tests run: 7, Failures: 0, Errors: 0, Skipped: 0, Time elapsed: 0.007 s -- in org.apache.ibatis.type.ZonedDateTimeTypeHandlerTest
2025-10-10T17:17:18.9761334Z [INFO] Running org.apache.ibatis.type.InstantTypeHandlerTest
2025-10-10T17:17:18.9830807Z [INFO] Tests run: 7, Failures: 0, Errors: 0, Skipped: 0, Time elapsed: 0.009 s -- in org.apache.ibatis.type.InstantTypeHandlerTest
2025-10-10T17:17:18.9833745Z [INFO] Running org.apache.ibatis.type.StringTypeHandlerTest
2025-10-10T17:17:18.9893971Z [INFO] Tests run: 4, Failures: 0, Errors: 0, Skipped: 0, Time elapsed: 0.005 s -- in org.apache.ibatis.type.StringTypeHandlerTest
2025-10-10T17:17:18.9894993Z [INFO] Running org.apache.ibatis.type.ClobReaderTypeHandlerTest
2025-10-10T17:17:19.0138973Z [INFO] Tests run: 8, Failures: 0, Errors: 0, Skipped: 0, Time elapsed: 0.025 s -- in org.apache.ibatis.type.ClobReaderTypeHandlerTest
2025-10-10T17:17:19.0142782Z [INFO] Running org.apache.ibatis.type.JapaneseDateTypeHandlerTest
2025-10-10T17:17:19.0241576Z [INFO] Tests run: 7, Failures: 0, Errors: 0, Skipped: 0, Time elapsed: 0.010 s -- in org.apache.ibatis.type.JapaneseDateTypeHandlerTest
2025-10-10T17:17:19.0245165Z [INFO] Running org.apache.ibatis.type.SqlTimestampTypeHandlerTest
2025-10-10T17:17:19.0273667Z [INFO] Tests run: 4, Failures: 0, Errors: 0, Skipped: 0, Time elapsed: 0.004 s -- in org.apache.ibatis.type.SqlTimestampTypeHandlerTest
2025-10-10T17:17:19.0294170Z [INFO] Running org.apache.ibatis.type.TimeOnlyTypeHandlerTest
2025-10-10T17:17:19.0365926Z [INFO] Tests run: 7, Failures: 0, Errors: 0, Skipped: 0, Time elapsed: 0.007 s -- in org.apache.ibatis.type.TimeOnlyTypeHandlerTest
2025-10-10T17:17:19.0370390Z [INFO] Running org.apache.ibatis.type.LongTypeHandlerTest
2025-10-10T17:17:19.0484645Z [INFO] Tests run: 7, Failures: 0, Errors: 0, Skipped: 0, Time elapsed: 0.011 s -- in org.apache.ibatis.type.LongTypeHandlerTest
2025-10-10T17:17:19.0509393Z [INFO] Running org.apache.ibatis.type.TypeReferenceTest
2025-10-10T17:17:19.0555743Z [INFO] Tests run: 2, Failures: 0, Errors: 0, Skipped: 0, Time elapsed: 0.001 s -- in org.apache.ibatis.type.TypeReferenceTest
2025-10-10T17:17:19.0560724Z [INFO] Running org.apache.ibatis.type.OffsetTimeTypeHandlerTest
2025-10-10T17:17:19.0585956Z [INFO] Tests run: 7, Failures: 0, Errors: 0, Skipped: 0, Time elapsed: 0.006 s -- in org.apache.ibatis.type.OffsetTimeTypeHandlerTest
2025-10-10T17:17:19.0590961Z [INFO] Running org.apache.ibatis.type.EnumTypeHandlerTest
2025-10-10T17:17:19.0620541Z [INFO] Tests run: 8, Failures: 0, Errors: 0, Skipped: 0, Time elapsed: 0.007 s -- in org.apache.ibatis.type.EnumTypeHandlerTest
2025-10-10T17:17:19.0622804Z [INFO] Running org.apache.ibatis.type.SimpleTypeRegistryTest
2025-10-10T17:17:19.0644441Z [INFO] Tests run: 3, Failures: 0, Errors: 0, Skipped: 0, Time elapsed: 0.001 s -- in org.apache.ibatis.type.SimpleTypeRegistryTest
2025-10-10T17:17:19.0648144Z [INFO] Running org.apache.ibatis.type.CharacterTypeHandlerTest
2025-10-10T17:17:19.0777353Z [INFO] Tests run: 11, Failures: 0, Errors: 0, Skipped: 0, Time elapsed: 0.014 s -- in org.apache.ibatis.type.CharacterTypeHandlerTest
2025-10-10T17:17:19.0779878Z [INFO] Running org.apache.ibatis.type.UnknownTypeHandlerTest
2025-10-10T17:17:19.1128251Z [INFO] Tests run: 11, Failures: 0, Errors: 0, Skipped: 0, Time elapsed: 0.035 s -- in org.apache.ibatis.type.UnknownTypeHandlerTest
2025-10-10T17:17:19.1132491Z [INFO] Running org.apache.ibatis.type.EnumOrdinalTypeHandlerTest
2025-10-10T17:17:19.1192209Z [INFO] Tests run: 8, Failures: 0, Errors: 0, Skipped: 0, Time elapsed: 0.007 s -- in org.apache.ibatis.type.EnumOrdinalTypeHandlerTest
2025-10-10T17:17:19.1195592Z [INFO] Running org.apache.ibatis.type.JdbcTypeTest
2025-10-10T17:17:19.1223131Z [INFO] Tests run: 2, Failures: 0, Errors: 0, Skipped: 0, Time elapsed: 0.002 s -- in org.apache.ibatis.type.JdbcTypeTest
2025-10-10T17:17:19.1229163Z [INFO] Running org.apache.ibatis.type.ObjectTypeHandlerTest
2025-10-10T17:17:19.1278477Z [INFO] Tests run: 7, Failures: 0, Errors: 0, Skipped: 0, Time elapsed: 0.007 s -- in org.apache.ibatis.type.ObjectTypeHandlerTest
2025-10-10T17:17:19.1283413Z [INFO] Running org.apache.ibatis.type.ShortTypeHandlerTest
2025-10-10T17:17:19.1388731Z [INFO] Tests run: 7, Failures: 0, Errors: 0, Skipped: 0, Time elapsed: 0.008 s -- in org.apache.ibatis.type.ShortTypeHandlerTest
2025-10-10T17:17:19.1394292Z [INFO] Running org.apache.ibatis.type.Jsr310TypeHandlerRegistryTest
2025-10-10T17:17:19.1417723Z [INFO] Tests run: 1, Failures: 0, Errors: 0, Skipped: 0, Time elapsed: 0.001 s -- in org.apache.ibatis.type.Jsr310TypeHandlerRegistryTest
2025-10-10T17:17:19.1424284Z [INFO] Running org.apache.ibatis.type.LocalDateTimeTypeHandlerTest
2025-10-10T17:17:19.1467157Z [INFO] Tests run: 7, Failures: 0, Errors: 0, Skipped: 0, Time elapsed: 0.007 s -- in org.apache.ibatis.type.LocalDateTimeTypeHandlerTest
2025-10-10T17:17:19.1476775Z [INFO] Running org.apache.ibatis.type.LocalDateTypeHandlerTest
2025-10-10T17:17:19.1523200Z [INFO] Tests run: 7, Failures: 0, Errors: 0, Skipped: 0, Time elapsed: 0.007 s -- in org.apache.ibatis.type.LocalDateTypeHandlerTest
2025-10-10T17:17:19.1528416Z [INFO] Running org.apache.ibatis.type.BlobTypeHandlerTest
2025-10-10T17:17:19.1595373Z [INFO] Tests run: 7, Failures: 0, Errors: 0, Skipped: 0, Time elapsed: 0.006 s -- in org.apache.ibatis.type.BlobTypeHandlerTest
2025-10-10T17:17:19.1601570Z [INFO] Running org.apache.ibatis.type.MonthTypeHandlerTest
2025-10-10T17:17:19.1672788Z [INFO] Tests run: 7, Failures: 0, Errors: 0, Skipped: 0, Time elapsed: 0.006 s -- in org.apache.ibatis.type.MonthTypeHandlerTest
2025-10-10T17:17:19.1678064Z [INFO] Running org.apache.ibatis.type.SqlxmlTypeHandlerTest
2025-10-10T17:17:19.2252804Z [INFO] Tests run: 10, Failures: 0, Errors: 0, Skipped: 0, Time elapsed: 0.056 s -- in org.apache.ibatis.type.SqlxmlTypeHandlerTest
2025-10-10T17:17:19.2254283Z [INFO] Running org.apache.ibatis.type.NClobTypeHandlerTest
2025-10-10T17:17:19.2377929Z [INFO] Tests run: 7, Failures: 0, Errors: 0, Skipped: 0, Time elapsed: 0.015 s -- in org.apache.ibatis.type.NClobTypeHandlerTest
2025-10-10T17:17:19.2389920Z [INFO] Running org.apache.ibatis.type.DateOnlyTypeHandlerTest
2025-10-10T17:17:19.2436886Z [INFO] Tests run: 7, Failures: 0, Errors: 0, Skipped: 0, Time elapsed: 0.006 s -- in org.apache.ibatis.type.DateOnlyTypeHandlerTest
2025-10-10T17:17:19.2438253Z [INFO] Running org.apache.ibatis.type.BigIntegerTypeHandlerTest
2025-10-10T17:17:19.2511380Z [INFO] Tests run: 7, Failures: 0, Errors: 0, Skipped: 0, Time elapsed: 0.007 s -- in org.apache.ibatis.type.BigIntegerTypeHandlerTest
2025-10-10T17:17:19.2516578Z [INFO] Running org.apache.ibatis.type.BigDecimalTypeHandlerTest
2025-10-10T17:17:19.2555858Z [INFO] Tests run: 4, Failures: 0, Errors: 0, Skipped: 0, Time elapsed: 0.004 s -- in org.apache.ibatis.type.BigDecimalTypeHandlerTest
2025-10-10T17:17:19.2561588Z [INFO] Running org.apache.ibatis.type.SqlTimeTypeHandlerTest
2025-10-10T17:17:19.2613372Z [INFO] Tests run: 4, Failures: 0, Errors: 0, Skipped: 0, Time elapsed: 0.004 s -- in org.apache.ibatis.type.SqlTimeTypeHandlerTest
2025-10-10T17:17:19.2623674Z [INFO] Running org.apache.ibatis.type.DoubleTypeHandlerTest
2025-10-10T17:17:19.2664223Z [INFO] Tests run: 7, Failures: 0, Errors: 0, Skipped: 0, Time elapsed: 0.006 s -- in org.apache.ibatis.type.DoubleTypeHandlerTest
2025-10-10T17:17:19.2669356Z [INFO] Running org.apache.ibatis.type.DateTypeHandlerTest
2025-10-10T17:17:19.2731172Z [INFO] Tests run: 7, Failures: 0, Errors: 0, Skipped: 0, Time elapsed: 0.006 s -- in org.apache.ibatis.type.DateTypeHandlerTest
2025-10-10T17:17:19.2737989Z [INFO] Running org.apache.ibatis.type.FloatTypeHandlerTest
2025-10-10T17:17:19.2811641Z [INFO] Tests run: 7, Failures: 0, Errors: 0, Skipped: 0, Time elapsed: 0.007 s -- in org.apache.ibatis.type.FloatTypeHandlerTest
2025-10-10T17:17:19.2817033Z [INFO] Running org.apache.ibatis.type.ArrayTypeHandlerTest
2025-10-10T17:17:19.2909071Z [INFO] Tests run: 10, Failures: 0, Errors: 0, Skipped: 0, Time elapsed: 0.011 s -- in org.apache.ibatis.type.ArrayTypeHandlerTest
2025-10-10T17:17:19.2910660Z [INFO] Running org.apache.ibatis.type.TypeHandlerRegistryTest
2025-10-10T17:17:19.4797600Z [INFO] Tests run: 11, Failures: 0, Errors: 0, Skipped: 0, Time elapsed: 0.188 s -- in org.apache.ibatis.type.TypeHandlerRegistryTest
2025-10-10T17:17:19.4803693Z [INFO] Running org.apache.ibatis.type.LocalTimeTypeHandlerTest
2025-10-10T17:17:19.4882736Z [INFO] Tests run: 7, Failures: 0, Errors: 0, Skipped: 0, Time elapsed: 0.006 s -- in org.apache.ibatis.type.LocalTimeTypeHandlerTest
2025-10-10T17:17:19.4900784Z [INFO] Running org.apache.ibatis.type.OffsetDateTimeTypeHandlerTest
2025-10-10T17:17:19.4973610Z [INFO] Tests run: 7, Failures: 0, Errors: 0, Skipped: 0, Time elapsed: 0.006 s -- in org.apache.ibatis.type.OffsetDateTimeTypeHandlerTest
2025-10-10T17:17:19.4974647Z [INFO] Running org.apache.ibatis.parsing.GenericTokenParserTest
2025-10-10T17:17:19.5309371Z [WARNING] Tests run: 25, Failures: 0, Errors: 0, Skipped: 1, Time elapsed: 0.028 s -- in org.apache.ibatis.parsing.GenericTokenParserTest
2025-10-10T17:17:19.5311343Z [INFO] Running org.apache.ibatis.parsing.XNodeTest
2025-10-10T17:17:19.5312455Z [INFO] Tests run: 3, Failures: 0, Errors: 0, Skipped: 0, Time elapsed: 0.006 s -- in org.apache.ibatis.parsing.XNodeTest
2025-10-10T17:17:19.5313558Z [INFO] Running org.apache.ibatis.parsing.PropertyParserTest
2025-10-10T17:17:19.5333795Z [INFO] Tests run: 4, Failures: 0, Errors: 0, Skipped: 0, Time elapsed: 0.002 s -- in org.apache.ibatis.parsing.PropertyParserTest
2025-10-10T17:17:19.5338429Z [INFO] Running org.apache.ibatis.parsing.XPathParserTest
2025-10-10T17:17:19.6082531Z [INFO] Tests run: 16, Failures: 0, Errors: 0, Skipped: 0, Time elapsed: 0.068 s -- in org.apache.ibatis.parsing.XPathParserTest
2025-10-10T17:17:19.6084042Z [INFO] Running org.apache.ibatis.scripting.LanguageDriverRegistryTest
2025-10-10T17:17:19.6085720Z [INFO] Tests run: 8, Failures: 0, Errors: 0, Skipped: 0, Time elapsed: 0.004 s -- in org.apache.ibatis.scripting.LanguageDriverRegistryTest
2025-10-10T17:17:19.6086943Z [INFO] Running org.apache.ibatis.scripting.defaults.DefaultParameterHandlerTest
2025-10-10T17:17:19.6685718Z [INFO] Tests run: 6, Failures: 0, Errors: 0, Skipped: 0, Time elapsed: 0.063 s -- in org.apache.ibatis.scripting.defaults.DefaultParameterHandlerTest
2025-10-10T17:17:19.6702820Z [INFO] Running org.apache.ibatis.scripting.xmltags.XMLScriptBuilderTest
2025-10-10T17:17:19.6782370Z [INFO] Tests run: 2, Failures: 0, Errors: 0, Skipped: 0, Time elapsed: 0.005 s -- in org.apache.ibatis.scripting.xmltags.XMLScriptBuilderTest
2025-10-10T17:17:19.6788842Z [INFO] Running org.apache.ibatis.scripting.xmltags.OgnlCacheTest
2025-10-10T17:17:19.7235348Z [INFO] Tests run: 2, Failures: 0, Errors: 0, Skipped: 0, Time elapsed: 0.048 s -- in org.apache.ibatis.scripting.xmltags.OgnlCacheTest
2025-10-10T17:17:19.9046724Z [INFO] 
2025-10-10T17:17:19.9046976Z [INFO] Results:
2025-10-10T17:17:19.9047182Z [INFO] 
2025-10-10T17:17:19.9050447Z [WARNING] Tests run: 2037, Failures: 0, Errors: 0, Skipped: 19
2025-10-10T17:17:19.9051332Z [INFO] 
2025-10-10T17:17:19.9074551Z [INFO] ------------------------------------------------------------------------
2025-10-10T17:17:19.9075074Z [INFO] BUILD SUCCESS
2025-10-10T17:17:19.9075511Z [INFO] ------------------------------------------------------------------------
2025-10-10T17:17:19.9084272Z [INFO] Total time:  02:58 min
2025-10-10T17:17:19.9086100Z [INFO] Finished at: 2025-10-10T17:17:19Z
2025-10-10T17:17:19.9086623Z [INFO] ------------------------------------------------------------------------
2025-10-10T17:17:19.9762316Z Post job cleanup.
2025-10-10T17:17:20.1017055Z (node:3738) [DEP0040] DeprecationWarning: The `punycode` module is deprecated. Please use a userland alternative instead.
2025-10-10T17:17:20.1018438Z (Use `node --trace-deprecation ...` to show where the warning was created)
2025-10-10T17:17:20.1024231Z Cache hit occurred on the primary key setup-java-Linux-x64-maven-26c7d56d834ad2c994fc0ee2bca4f2cdba7d78bc373ccfa4cfecb6beaefb195c, not saving cache.
2025-10-10T17:17:20.1180498Z Post job cleanup.
2025-10-10T17:17:20.2016756Z [command]/usr/bin/git version
2025-10-10T17:17:20.2063518Z git version 2.51.0
2025-10-10T17:17:20.2118640Z Temporarily overriding HOME='/home/runner/work/_temp/9994f0b7-7ee6-45cb-b1e7-4f75a42568d0' before making global git config changes
2025-10-10T17:17:20.2121143Z Adding repository directory to the temporary git global config as a safe directory
2025-10-10T17:17:20.2126117Z [command]/usr/bin/git config --global --add safe.directory /home/runner/work/mybatis-3/mybatis-3
2025-10-10T17:17:20.2168609Z [command]/usr/bin/git config --local --name-only --get-regexp core\.sshCommand
2025-10-10T17:17:20.2205953Z [command]/usr/bin/git submodule foreach --recursive sh -c "git config --local --name-only --get-regexp 'core\.sshCommand' && git config --local --unset-all 'core.sshCommand' || :"
2025-10-10T17:17:20.2459307Z [command]/usr/bin/git config --local --name-only --get-regexp http\.https\:\/\/github\.com\/\.extraheader
2025-10-10T17:17:20.2484198Z http.https://github.com/.extraheader
2025-10-10T17:17:20.2494045Z [command]/usr/bin/git config --local --unset-all http.https://github.com/.extraheader
2025-10-10T17:17:20.2524179Z [command]/usr/bin/git submodule foreach --recursive sh -c "git config --local --name-only --get-regexp 'http\.https\:\/\/github\.com\/\.extraheader' && git config --local --unset-all 'http.https://github.com/.extraheader' || :"
2025-10-10T17:17:20.2894024Z Cleaning up orphan processes
