2025-11-12T14:47:45.5163980Z Current runner version: '2.329.0'
2025-11-12T14:47:45.5187084Z ##[group]Runner Image Provisioner
2025-11-12T14:47:45.5187833Z Hosted Compute Agent
2025-11-12T14:47:45.5188452Z Version: 20251016.436
2025-11-12T14:47:45.5189066Z Commit: 8ab8ac8bfd662a3739dab9fe09456aba92132568
2025-11-12T14:47:45.5189773Z Build Date: 2025-10-15T20:44:12Z
2025-11-12T14:47:45.5190431Z ##[endgroup]
2025-11-12T14:47:45.5190966Z ##[group]Operating System
2025-11-12T14:47:45.5191825Z Ubuntu
2025-11-12T14:47:45.5192464Z 24.04.3
2025-11-12T14:47:45.5192912Z LTS
2025-11-12T14:47:45.5193404Z ##[endgroup]
2025-11-12T14:47:45.5193937Z ##[group]Runner Image
2025-11-12T14:47:45.5194480Z Image: ubuntu-24.04
2025-11-12T14:47:45.5194951Z Version: 20251102.99.1
2025-11-12T14:47:45.5196018Z Included Software: https://github.com/actions/runner-images/blob/ubuntu24/20251102.99/images/ubuntu/Ubuntu2404-Readme.md
2025-11-12T14:47:45.5197609Z Image Release: https://github.com/actions/runner-images/releases/tag/ubuntu24%2F20251102.99
2025-11-12T14:47:45.5198666Z ##[endgroup]
2025-11-12T14:47:45.5200928Z ##[group]GITHUB_TOKEN Permissions
2025-11-12T14:47:45.5203182Z Actions: read
2025-11-12T14:47:45.5203709Z Attestations: read
2025-11-12T14:47:45.5204267Z Checks: read
2025-11-12T14:47:45.5204764Z Contents: read
2025-11-12T14:47:45.5205355Z Deployments: read
2025-11-12T14:47:45.5205831Z Discussions: read
2025-11-12T14:47:45.5206364Z Issues: read
2025-11-12T14:47:45.5207113Z Metadata: read
2025-11-12T14:47:45.5207855Z Models: read
2025-11-12T14:47:45.5208665Z Packages: read
2025-11-12T14:47:45.5209372Z Pages: read
2025-11-12T14:47:45.5210116Z PullRequests: read
2025-11-12T14:47:45.5210851Z RepositoryProjects: read
2025-11-12T14:47:45.5211580Z SecurityEvents: read
2025-11-12T14:47:45.5212258Z Statuses: read
2025-11-12T14:47:45.5212777Z ##[endgroup]
2025-11-12T14:47:45.5215123Z Secret source: None
2025-11-12T14:47:45.5216102Z Prepare workflow directory
2025-11-12T14:47:45.5527556Z Prepare all required actions
2025-11-12T14:47:45.5564361Z Getting action download info
2025-11-12T14:47:45.8935943Z Download action repository 'actions/checkout@v5' (SHA:08c6903cd8c0fde910a37f88322edcfb5dd907a8)
2025-11-12T14:47:45.9999653Z Download action repository 'actions/setup-java@v5' (SHA:dded0888837ed1f317902acf8a20df0ad188d165)
2025-11-12T14:47:46.4176085Z Complete job name: Test JDK 21, ubuntu-latest
2025-11-12T14:47:46.4767821Z ##[group]Run actions/checkout@v5
2025-11-12T14:47:46.4768631Z with:
2025-11-12T14:47:46.4769021Z   repository: mybatis/mybatis-3
2025-11-12T14:47:46.4769644Z   token: ***
2025-11-12T14:47:46.4770023Z   ssh-strict: true
2025-11-12T14:47:46.4770415Z   ssh-user: git
2025-11-12T14:47:46.4770805Z   persist-credentials: true
2025-11-12T14:47:46.4771248Z   clean: true
2025-11-12T14:47:46.4771815Z   sparse-checkout-cone-mode: true
2025-11-12T14:47:46.4772296Z   fetch-depth: 1
2025-11-12T14:47:46.4772680Z   fetch-tags: false
2025-11-12T14:47:46.4773074Z   show-progress: true
2025-11-12T14:47:46.4773480Z   lfs: false
2025-11-12T14:47:46.4773839Z   submodules: false
2025-11-12T14:47:46.4774259Z   set-safe-directory: true
2025-11-12T14:47:46.4774926Z ##[endgroup]
2025-11-12T14:47:46.5782092Z Syncing repository: mybatis/mybatis-3
2025-11-12T14:47:46.5784513Z ##[group]Getting Git version info
2025-11-12T14:47:46.5785645Z Working directory is '/home/runner/work/mybatis-3/mybatis-3'
2025-11-12T14:47:46.5787260Z [command]/usr/bin/git version
2025-11-12T14:47:46.5819914Z git version 2.51.2
2025-11-12T14:47:46.5843180Z ##[endgroup]
2025-11-12T14:47:46.5857470Z Temporarily overriding HOME='/home/runner/work/_temp/782bd6de-8b8a-46f5-9c19-29674a47c0d5' before making global git config changes
2025-11-12T14:47:46.5859910Z Adding repository directory to the temporary git global config as a safe directory
2025-11-12T14:47:46.5862403Z [command]/usr/bin/git config --global --add safe.directory /home/runner/work/mybatis-3/mybatis-3
2025-11-12T14:47:46.5901001Z Deleting the contents of '/home/runner/work/mybatis-3/mybatis-3'
2025-11-12T14:47:46.5906109Z ##[group]Initializing the repository
2025-11-12T14:47:46.5910966Z [command]/usr/bin/git init /home/runner/work/mybatis-3/mybatis-3
2025-11-12T14:47:46.6009415Z hint: Using 'master' as the name for the initial branch. This default branch name
2025-11-12T14:47:46.6011328Z hint: is subject to change. To configure the initial branch name to use in all
2025-11-12T14:47:46.6014515Z hint: of your new repositories, which will suppress this warning, call:
2025-11-12T14:47:46.6015712Z hint:
2025-11-12T14:47:46.6016536Z hint: 	git config --global init.defaultBranch <name>
2025-11-12T14:47:46.6017585Z hint:
2025-11-12T14:47:46.6018582Z hint: Names commonly chosen instead of 'master' are 'main', 'trunk' and
2025-11-12T14:47:46.6020211Z hint: 'development'. The just-created branch can be renamed via this command:
2025-11-12T14:47:46.6021656Z hint:
2025-11-12T14:47:46.6022326Z hint: 	git branch -m <name>
2025-11-12T14:47:46.6023132Z hint:
2025-11-12T14:47:46.6024207Z hint: Disable this message with "git config set advice.defaultBranchName false"
2025-11-12T14:47:46.6026938Z Initialized empty Git repository in /home/runner/work/mybatis-3/mybatis-3/.git/
2025-11-12T14:47:46.6029885Z [command]/usr/bin/git remote add origin https://github.com/mybatis/mybatis-3
2025-11-12T14:47:46.6064743Z ##[endgroup]
2025-11-12T14:47:46.6066015Z ##[group]Disabling automatic garbage collection
2025-11-12T14:47:46.6069118Z [command]/usr/bin/git config --local gc.auto 0
2025-11-12T14:47:46.6100758Z ##[endgroup]
2025-11-12T14:47:46.6102242Z ##[group]Setting up auth
2025-11-12T14:47:46.6110170Z [command]/usr/bin/git config --local --name-only --get-regexp core\.sshCommand
2025-11-12T14:47:46.6141638Z [command]/usr/bin/git submodule foreach --recursive sh -c "git config --local --name-only --get-regexp 'core\.sshCommand' && git config --local --unset-all 'core.sshCommand' || :"
2025-11-12T14:47:46.6460656Z [command]/usr/bin/git config --local --name-only --get-regexp http\.https\:\/\/github\.com\/\.extraheader
2025-11-12T14:47:46.6490681Z [command]/usr/bin/git submodule foreach --recursive sh -c "git config --local --name-only --get-regexp 'http\.https\:\/\/github\.com\/\.extraheader' && git config --local --unset-all 'http.https://github.com/.extraheader' || :"
2025-11-12T14:47:46.6717914Z [command]/usr/bin/git config --local http.https://github.com/.extraheader AUTHORIZATION: basic ***
2025-11-12T14:47:46.6752724Z ##[endgroup]
2025-11-12T14:47:46.6753789Z ##[group]Fetching the repository
2025-11-12T14:47:46.6762430Z [command]/usr/bin/git -c protocol.version=2 fetch --no-tags --prune --no-recurse-submodules --depth=1 origin +a6bd3d1ac1afda2ad30d51894e96af69d172bf9a:refs/remotes/pull/3566/merge
2025-11-12T14:47:47.1639768Z From https://github.com/mybatis/mybatis-3
2025-11-12T14:47:47.1641830Z  * [new ref]         a6bd3d1ac1afda2ad30d51894e96af69d172bf9a -> pull/3566/merge
2025-11-12T14:47:47.1674442Z ##[endgroup]
2025-11-12T14:47:47.1675791Z ##[group]Determining the checkout info
2025-11-12T14:47:47.1677668Z ##[endgroup]
2025-11-12T14:47:47.1682792Z [command]/usr/bin/git sparse-checkout disable
2025-11-12T14:47:47.1725473Z [command]/usr/bin/git config --local --unset-all extensions.worktreeConfig
2025-11-12T14:47:47.1754380Z ##[group]Checking out the ref
2025-11-12T14:47:47.1758238Z [command]/usr/bin/git checkout --progress --force refs/remotes/pull/3566/merge
2025-11-12T14:47:47.2802915Z Note: switching to 'refs/remotes/pull/3566/merge'.
2025-11-12T14:47:47.2803868Z 
2025-11-12T14:47:47.2804584Z You are in 'detached HEAD' state. You can look around, make experimental
2025-11-12T14:47:47.2806184Z changes and commit them, and you can discard any commits you make in this
2025-11-12T14:47:47.2807771Z state without impacting any branches by switching back to a branch.
2025-11-12T14:47:47.2808682Z 
2025-11-12T14:47:47.2809345Z If you want to create a new branch to retain commits you create, you may
2025-11-12T14:47:47.2810934Z do so (now or later) by using -c with the switch command. Example:
2025-11-12T14:47:47.2812085Z 
2025-11-12T14:47:47.2812589Z   git switch -c <new-branch-name>
2025-11-12T14:47:47.2813660Z 
2025-11-12T14:47:47.2814014Z Or undo this operation with:
2025-11-12T14:47:47.2814534Z 
2025-11-12T14:47:47.2814830Z   git switch -
2025-11-12T14:47:47.2815239Z 
2025-11-12T14:47:47.2815950Z Turn off this advice by setting config variable advice.detachedHead to false
2025-11-12T14:47:47.2817003Z 
2025-11-12T14:47:47.2818045Z HEAD is now at a6bd3d1 Merge ac82021b419f52902a0dc3b44c1155c15950bf93 into 68b6a8f88f6c0c832b288a591ecc20f7fcf0f147
2025-11-12T14:47:47.2821304Z ##[endgroup]
2025-11-12T14:47:47.2852965Z [command]/usr/bin/git log -1 --format=%H
2025-11-12T14:47:47.2876609Z a6bd3d1ac1afda2ad30d51894e96af69d172bf9a
2025-11-12T14:47:47.3228560Z ##[group]Run actions/setup-java@v5
2025-11-12T14:47:47.3229748Z with:
2025-11-12T14:47:47.3230700Z   cache: maven
2025-11-12T14:47:47.3231872Z   distribution: temurin
2025-11-12T14:47:47.3232865Z   java-version: 21
2025-11-12T14:47:47.3233918Z   java-package: jdk
2025-11-12T14:47:47.3234854Z   check-latest: false
2025-11-12T14:47:47.3235898Z   server-id: github
2025-11-12T14:47:47.3236922Z   server-username: GITHUB_ACTOR
2025-11-12T14:47:47.3238054Z   server-password: GITHUB_TOKEN
2025-11-12T14:47:47.3239184Z   overwrite-settings: true
2025-11-12T14:47:47.3240279Z   job-status: success
2025-11-12T14:47:47.3241700Z   token: ***
2025-11-12T14:47:47.3242601Z ##[endgroup]
2025-11-12T14:47:47.4850169Z ##[group]Installed distributions
2025-11-12T14:47:47.5037506Z Resolved Java 21.0.9+10 from tool-cache
2025-11-12T14:47:47.5038312Z Setting Java 21.0.9+10 as the default
2025-11-12T14:47:47.5049074Z (node:2053) [DEP0040] DeprecationWarning: The `punycode` module is deprecated. Please use a userland alternative instead.
2025-11-12T14:47:47.5050003Z (Use `node --trace-deprecation ...` to show where the warning was created)
2025-11-12T14:47:47.5052783Z Creating toolchains.xml for JDK version 21 from temurin
2025-11-12T14:47:47.5129349Z Writing to /home/runner/.m2/toolchains.xml
2025-11-12T14:47:47.5129906Z 
2025-11-12T14:47:47.5130251Z Java configuration:
2025-11-12T14:47:47.5130876Z   Distribution: temurin
2025-11-12T14:47:47.5131809Z   Version: 21.0.9+10
2025-11-12T14:47:47.5132549Z   Path: /opt/hostedtoolcache/Java_Temurin-Hotspot_jdk/21.0.9-10/x64
2025-11-12T14:47:47.5133191Z 
2025-11-12T14:47:47.5133898Z ##[endgroup]
2025-11-12T14:47:47.5150578Z Creating settings.xml with server-id: github
2025-11-12T14:47:47.5153417Z Writing to /home/runner/.m2/settings.xml
2025-11-12T14:47:47.9399428Z Cache hit for: setup-java-Linux-x64-maven-112f2ce18fcdb55b17778976f3c918e3b78692f93de1b9aedc9ca1a5c28c84bd
2025-11-12T14:47:47.9503608Z (node:2053) [DEP0169] DeprecationWarning: `url.parse()` behavior is not standardized and prone to errors that have security implications. Use the WHATWG URL API instead. CVEs are not issued for `url.parse()` vulnerabilities.
2025-11-12T14:47:48.9920518Z Received 150994944 of 296252793 (51.0%), 143.9 MBs/sec
2025-11-12T14:47:49.7832767Z Received 296252793 of 296252793 (100.0%), 157.6 MBs/sec
2025-11-12T14:47:49.7833914Z Cache Size: ~283 MB (296252793 B)
2025-11-12T14:47:49.7875730Z [command]/usr/bin/tar -xf /home/runner/work/_temp/0e7fcdd9-a49e-4af4-af90-cab4509b6e8d/cache.tzst -P -C /home/runner/work/mybatis-3/mybatis-3 --use-compress-program unzstd
2025-11-12T14:47:50.4018886Z Cache restored successfully
2025-11-12T14:47:50.4579439Z Cache restored from key: setup-java-Linux-x64-maven-112f2ce18fcdb55b17778976f3c918e3b78692f93de1b9aedc9ca1a5c28c84bd
2025-11-12T14:47:50.4874473Z ##[group]Run echo 'TEST_CONTAINERS_PROFILE=-PtestContainers' >> $GITHUB_ENV
2025-11-12T14:47:50.4875038Z [36;1mecho 'TEST_CONTAINERS_PROFILE=-PtestContainers' >> $GITHUB_ENV[0m
2025-11-12T14:47:50.4914340Z shell: /usr/bin/bash -e {0}
2025-11-12T14:47:50.4914589Z env:
2025-11-12T14:47:50.4914878Z   JAVA_HOME: /opt/hostedtoolcache/Java_Temurin-Hotspot_jdk/21.0.9-10/x64
2025-11-12T14:47:50.4915346Z   JAVA_HOME_21_X64: /opt/hostedtoolcache/Java_Temurin-Hotspot_jdk/21.0.9-10/x64
2025-11-12T14:47:50.4915714Z ##[endgroup]
2025-11-12T14:47:50.5029293Z ##[group]Run ./mvnw test -B -V  --no-transfer-progress -D"license.skip=true" $TEST_CONTAINERS_PROFILE
2025-11-12T14:47:50.5030221Z [36;1m./mvnw test -B -V  --no-transfer-progress -D"license.skip=true" $TEST_CONTAINERS_PROFILE[0m
2025-11-12T14:47:50.5062861Z shell: /usr/bin/bash -e {0}
2025-11-12T14:47:50.5063120Z env:
2025-11-12T14:47:50.5063412Z   JAVA_HOME: /opt/hostedtoolcache/Java_Temurin-Hotspot_jdk/21.0.9-10/x64
2025-11-12T14:47:50.5063865Z   JAVA_HOME_21_X64: /opt/hostedtoolcache/Java_Temurin-Hotspot_jdk/21.0.9-10/x64
2025-11-12T14:47:50.5064293Z   TEST_CONTAINERS_PROFILE: -PtestContainers
2025-11-12T14:47:50.5064551Z ##[endgroup]
2025-11-12T14:47:59.6963807Z Apache Maven 3.9.11 (3e54c93a704957b63ee3494413a2b544fd3d825b)
2025-11-12T14:47:59.6965566Z Maven home: /home/runner/.m2/wrapper/dists/apache-maven-3.9.11-bin/86516310/apache-maven-3.9.11
2025-11-12T14:47:59.6980607Z Java version: 21.0.9, vendor: Eclipse Adoptium, runtime: /usr/lib/jvm/temurin-21-jdk-amd64
2025-11-12T14:47:59.6994464Z Default locale: en, platform encoding: UTF-8
2025-11-12T14:47:59.6996402Z OS name: "linux", version: "6.11.0-1018-azure", arch: "amd64", family: "unix"
2025-11-12T14:48:01.2870732Z [INFO] Scanning for projects...
2025-11-12T14:48:01.6359682Z [INFO] Inspecting build with total of 1 modules
2025-11-12T14:48:01.6435108Z [INFO] Installing Central Publishing features
2025-11-12T14:48:01.6529194Z [INFO] 
2025-11-12T14:48:01.6552531Z [INFO] ------------------------< org.mybatis:mybatis >-------------------------
2025-11-12T14:48:01.6553531Z [INFO] Building mybatis 3.6.0-SNAPSHOT
2025-11-12T14:48:01.6554148Z [INFO]   from pom.xml
2025-11-12T14:48:01.6554779Z [INFO] --------------------------------[ jar ]---------------------------------
2025-11-12T14:48:01.9782871Z [INFO] 
2025-11-12T14:48:01.9783485Z [INFO] --- enforcer:3.6.2:enforce (enforce-java) @ mybatis ---
2025-11-12T14:48:02.3139590Z [INFO] Rule 0: org.codehaus.mojo.extraenforcer.dependencies.EnforceBytecodeVersion passed
2025-11-12T14:48:02.3446903Z [INFO] Rule 1: org.apache.maven.enforcer.rules.version.RequireJavaVersion passed
2025-11-12T14:48:02.3452478Z [INFO] Rule 2: org.apache.maven.enforcer.rules.version.RequireMavenVersion passed
2025-11-12T14:48:02.3569116Z [INFO] Rule 3: org.apache.maven.enforcer.rules.RequirePluginVersions passed
2025-11-12T14:48:02.3581873Z [INFO] 
2025-11-12T14:48:02.3583311Z [INFO] --- git-commit-id:9.0.2:revision (git-commit-id) @ mybatis ---
2025-11-12T14:48:03.4203770Z [INFO] 
2025-11-12T14:48:03.4204528Z [INFO] --- jacoco:0.8.13:prepare-agent (prepare-agent) @ mybatis ---
2025-11-12T14:48:03.5019750Z [INFO] argLine set to -javaagent:/home/runner/.m2/repository/org/jacoco/org.jacoco.agent/0.8.13/org.jacoco.agent-0.8.13-runtime.jar=destfile=/home/runner/work/mybatis-3/mybatis-3/target/jacoco.exec,excludes=org.apache.ibatis.ognl.*:org.apache.ibatis.javassist.* -Xmx2048m -javaagent:${settings.localRepository}/net/bytebuddy/byte-buddy-agent/1.18.0/byte-buddy-agent-1.18.0.jar
2025-11-12T14:48:03.5026821Z [INFO] 
2025-11-12T14:48:03.5027246Z [INFO] --- whitespace:1.5.0:trim (default) @ mybatis ---
2025-11-12T14:48:03.5329357Z [INFO] Processing the following extensions: 4gl,42m,c,cb,cfg,cpp,css,dat,groovy,h,html,ini,java,js,json,jsonp,jsp,jspx,jsx,ksh,kt,kts,md,mk,msg,pl,pm,properties,reg,scala,scss,sh,sql,toml,ts,tsx,wadl,wsdl,xhtml,xml,xsd,yaml,yml
2025-11-12T14:48:03.7431900Z [INFO] 
2025-11-12T14:48:03.7438633Z [INFO] --- formatter:2.29.0:format (default) @ mybatis ---
2025-11-12T14:48:09.3484038Z [INFO] Processed 1389 files in 5s433ms (Formatted: 1, Skipped: 0, Unchanged: 1388, Failed: 0, Readonly: 0)
2025-11-12T14:48:09.3486016Z [INFO] 
2025-11-12T14:48:09.3486966Z [INFO] --- impsort:1.12.0:sort (default) @ mybatis ---
2025-11-12T14:48:12.8558873Z [INFO] Processed 1389 files in 00:03.400 (Already Sorted: 1389, Needed Sorting: 0)
2025-11-12T14:48:12.8704357Z [INFO] 
2025-11-12T14:48:12.8706928Z [INFO] >>> rewrite:6.19.0:run (default) > process-test-classes @ mybatis >>>
2025-11-12T14:48:12.8725921Z [INFO] 
2025-11-12T14:48:12.8728471Z [INFO] --- enforcer:3.6.2:enforce (enforce-java) @ mybatis ---
2025-11-12T14:48:12.8948988Z [INFO] Rule 0: org.codehaus.mojo.extraenforcer.dependencies.EnforceBytecodeVersion passed
2025-11-12T14:48:12.8980704Z [INFO] Rule 3: org.apache.maven.enforcer.rules.RequirePluginVersions passed
2025-11-12T14:48:12.8991883Z [INFO] 
2025-11-12T14:48:12.8992386Z [INFO] --- git-commit-id:9.0.2:revision (git-commit-id) @ mybatis ---
2025-11-12T14:48:13.0228084Z [INFO] 
2025-11-12T14:48:13.0228647Z [INFO] --- jacoco:0.8.13:prepare-agent (prepare-agent) @ mybatis ---
2025-11-12T14:48:13.0244609Z [INFO] argLine set to -javaagent:/home/runner/.m2/repository/org/jacoco/org.jacoco.agent/0.8.13/org.jacoco.agent-0.8.13-runtime.jar=destfile=/home/runner/work/mybatis-3/mybatis-3/target/jacoco.exec,excludes=org.apache.ibatis.ognl.*:org.apache.ibatis.javassist.* -Xmx2048m -javaagent:${settings.localRepository}/net/bytebuddy/byte-buddy-agent/1.18.0/byte-buddy-agent-1.18.0.jar
2025-11-12T14:48:13.0247635Z [INFO] 
2025-11-12T14:48:13.0248606Z [INFO] --- whitespace:1.5.0:trim (default) @ mybatis ---
2025-11-12T14:48:13.0250685Z [INFO] Processing the following extensions: 4gl,42m,c,cb,cfg,cpp,css,dat,groovy,h,html,ini,java,js,json,jsonp,jsp,jspx,jsx,ksh,kt,kts,md,mk,msg,pl,pm,properties,reg,scala,scss,sh,sql,toml,ts,tsx,wadl,wsdl,xhtml,xml,xsd,yaml,yml
2025-11-12T14:48:13.1370806Z [INFO] 
2025-11-12T14:48:13.1375191Z [INFO] --- formatter:2.29.0:format (default) @ mybatis ---
2025-11-12T14:48:13.3499150Z [INFO] Processed 1389 files in 209ms (Formatted: 0, Skipped: 1389, Unchanged: 0, Failed: 0, Readonly: 0)
2025-11-12T14:48:13.3499643Z [INFO] 
2025-11-12T14:48:13.3499872Z [INFO] --- impsort:1.12.0:sort (default) @ mybatis ---
2025-11-12T14:48:13.4239820Z [INFO] Processed 1389 files in 00:00.070 (Already Sorted: 1389, Needed Sorting: 0)
2025-11-12T14:48:13.4242099Z [INFO] 
2025-11-12T14:48:13.4243703Z [INFO] --- license:5.0.0:format (default) @ mybatis ---
2025-11-12T14:48:13.4814584Z [INFO] License Plugin is Skipped
2025-11-12T14:48:13.4817696Z [INFO] 
2025-11-12T14:48:13.4818139Z [INFO] --- git-build-hook:3.6.0:install (default) @ mybatis ---
2025-11-12T14:48:13.5214852Z [INFO] 
2025-11-12T14:48:13.5217667Z [INFO] --- resources:3.3.1:resources (default-resources) @ mybatis ---
2025-11-12T14:48:13.5584942Z [INFO] Copying 4 resources from src/main/resources to target/classes
2025-11-12T14:48:13.5863505Z [INFO] Copying 2 resources from  to target/classes/META-INF
2025-11-12T14:48:13.5872029Z [INFO] 
2025-11-12T14:48:13.5909454Z [INFO] --- compiler:3.14.1:compile (default-compile) @ mybatis ---
2025-11-12T14:48:13.8941264Z [INFO] Compiling 389 source files with javac [debug parameters release 11] to target/classes
2025-11-12T14:48:18.4253060Z [WARNING] /home/runner/work/mybatis-3/mybatis-3/src/main/java/org/apache/ibatis/annotations/Arg.java:[75,54] org.apache.ibatis.type.UnknownTypeHandler in org.apache.ibatis.type has been deprecated and marked for removal
2025-11-12T14:48:18.4265553Z [WARNING] /home/runner/work/mybatis-3/mybatis-3/src/main/java/org/apache/ibatis/annotations/Result.java:[81,54] org.apache.ibatis.type.UnknownTypeHandler in org.apache.ibatis.type has been deprecated and marked for removal
2025-11-12T14:48:18.4269206Z [WARNING] /home/runner/work/mybatis-3/mybatis-3/src/main/java/org/apache/ibatis/builder/annotation/MapperAnnotationBuilder.java:[273,29] org.apache.ibatis.type.UnknownTypeHandler in org.apache.ibatis.type has been deprecated and marked for removal
2025-11-12T14:48:18.4273814Z [WARNING] /home/runner/work/mybatis-3/mybatis-3/src/main/java/org/apache/ibatis/builder/annotation/MapperAnnotationBuilder.java:[456,29] org.apache.ibatis.type.UnknownTypeHandler in org.apache.ibatis.type has been deprecated and marked for removal
2025-11-12T14:48:18.4277047Z [WARNING] /home/runner/work/mybatis-3/mybatis-3/src/main/java/org/apache/ibatis/builder/annotation/MapperAnnotationBuilder.java:[533,29] org.apache.ibatis.type.UnknownTypeHandler in org.apache.ibatis.type has been deprecated and marked for removal
2025-11-12T14:48:18.4280522Z [WARNING] /home/runner/work/mybatis-3/mybatis-3/src/main/java/org/apache/ibatis/annotations/TypeDiscriminator.java:[76,54] org.apache.ibatis.type.UnknownTypeHandler in org.apache.ibatis.type has been deprecated and marked for removal
2025-11-12T14:48:18.4283908Z [WARNING] /home/runner/work/mybatis-3/mybatis-3/src/main/java/org/apache/ibatis/builder/ResultMappingConstructorResolver.java:[259,62] org.apache.ibatis.type.UnknownTypeHandler in org.apache.ibatis.type has been deprecated and marked for removal
2025-11-12T14:48:18.4286352Z [INFO] /home/runner/work/mybatis-3/mybatis-3/src/main/java/org/apache/ibatis/session/Configuration.java: Some input files use or override a deprecated API.
2025-11-12T14:48:18.4288169Z [INFO] /home/runner/work/mybatis-3/mybatis-3/src/main/java/org/apache/ibatis/session/Configuration.java: Recompile with -Xlint:deprecation for details.
2025-11-12T14:48:18.4290044Z [INFO] /home/runner/work/mybatis-3/mybatis-3/src/main/java/org/apache/ibatis/reflection/MetaObject.java: Some input files use unchecked or unsafe operations.
2025-11-12T14:48:18.4292033Z [INFO] /home/runner/work/mybatis-3/mybatis-3/src/main/java/org/apache/ibatis/reflection/MetaObject.java: Recompile with -Xlint:unchecked for details.
2025-11-12T14:48:18.4293112Z [INFO] 
2025-11-12T14:48:18.4293488Z [INFO] --- bnd:7.1.0:bnd-process (bnd-process) @ mybatis ---
2025-11-12T14:48:19.1859256Z [INFO] 
2025-11-12T14:48:19.1860334Z [INFO] --- resources:3.3.1:testResources (default-testResources) @ mybatis ---
2025-11-12T14:48:19.2075498Z [INFO] Copying 584 resources from src/test/resources to target/test-classes
2025-11-12T14:48:19.2720425Z [INFO] 
2025-11-12T14:48:19.2722745Z [INFO] --- compiler:3.14.1:testCompile (default-testCompile) @ mybatis ---
2025-11-12T14:48:19.3308288Z [INFO] Compiling 1000 source files with javac [debug parameters release 17] to target/test-classes
2025-11-12T14:48:23.7381772Z [WARNING] /home/runner/work/mybatis-3/mybatis-3/src/test/java/org/apache/ibatis/io/ResolverUtilTest.java:[61,5] java.security.AccessController in java.security has been deprecated and marked for removal
2025-11-12T14:48:23.7397171Z [WARNING] /home/runner/work/mybatis-3/mybatis-3/src/test/java/org/apache/ibatis/type/TypeHandlerRegistryTest.java:[95,24] <T>register(org.apache.ibatis.type.TypeReference<T>,org.apache.ibatis.type.TypeHandler<? extends T>) in org.apache.ibatis.type.TypeHandlerRegistry has been deprecated and marked for removal
2025-11-12T14:48:23.7404539Z [WARNING] /home/runner/work/mybatis-3/mybatis-3/src/test/java/org/apache/ibatis/type/TypeHandlerRegistryTest.java:[96,48] <T>getTypeHandler(org.apache.ibatis.type.TypeReference<T>) in org.apache.ibatis.type.TypeHandlerRegistry has been deprecated and marked for removal
2025-11-12T14:48:23.7409294Z [WARNING] /home/runner/work/mybatis-3/mybatis-3/src/test/java/org/apache/ibatis/type/TypeHandlerRegistryTest.java:[130,48] <T>getTypeHandler(org.apache.ibatis.type.TypeReference<T>) in org.apache.ibatis.type.TypeHandlerRegistry has been deprecated and marked for removal
2025-11-12T14:48:23.7417056Z [WARNING] /home/runner/work/mybatis-3/mybatis-3/src/test/java/org/apache/ibatis/type/UnknownTypeHandlerTest.java:[34,67] org.apache.ibatis.type.UnknownTypeHandler in org.apache.ibatis.type has been deprecated and marked for removal
2025-11-12T14:48:23.7439521Z [WARNING] /home/runner/work/mybatis-3/mybatis-3/src/test/java/org/apache/ibatis/type/UnknownTypeHandlerTest.java:[109,55] org.apache.ibatis.type.UnknownTypeHandler in org.apache.ibatis.type has been deprecated and marked for removal
2025-11-12T14:48:23.7442732Z [WARNING] /home/runner/work/mybatis-3/mybatis-3/src/test/java/org/apache/ibatis/type/UnknownTypeHandlerTest.java:[122,55] org.apache.ibatis.type.UnknownTypeHandler in org.apache.ibatis.type has been deprecated and marked for removal
2025-11-12T14:48:23.7445924Z [WARNING] /home/runner/work/mybatis-3/mybatis-3/src/test/java/org/apache/ibatis/type/UnknownTypeHandlerTest.java:[134,55] org.apache.ibatis.type.UnknownTypeHandler in org.apache.ibatis.type has been deprecated and marked for removal
2025-11-12T14:48:23.7448862Z [WARNING] /home/runner/work/mybatis-3/mybatis-3/src/test/java/org/apache/ibatis/type/UnknownTypeHandlerTest.java:[146,55] org.apache.ibatis.type.UnknownTypeHandler in org.apache.ibatis.type has been deprecated and marked for removal
2025-11-12T14:48:23.7451798Z [INFO] /home/runner/work/mybatis-3/mybatis-3/src/test/java/org/apache/ibatis/jdbc/SelectBuilderTest.java: Some input files use or override a deprecated API.
2025-11-12T14:48:23.7453771Z [INFO] /home/runner/work/mybatis-3/mybatis-3/src/test/java/org/apache/ibatis/jdbc/SelectBuilderTest.java: Recompile with -Xlint:deprecation for details.
2025-11-12T14:48:23.7455767Z [INFO] /home/runner/work/mybatis-3/mybatis-3/src/test/java/org/apache/ibatis/builder/XmlConfigBuilderTest.java: Some input files use unchecked or unsafe operations.
2025-11-12T14:48:23.7457793Z [INFO] /home/runner/work/mybatis-3/mybatis-3/src/test/java/org/apache/ibatis/builder/XmlConfigBuilderTest.java: Recompile with -Xlint:unchecked for details.
2025-11-12T14:48:23.7458979Z [INFO] 
2025-11-12T14:48:23.7459456Z [INFO] <<< rewrite:6.19.0:run (default) < process-test-classes @ mybatis <<<
2025-11-12T14:48:23.7460010Z [INFO] 
2025-11-12T14:48:23.7460279Z [INFO] 
2025-11-12T14:48:23.7460626Z [INFO] --- rewrite:6.19.0:run (default) @ mybatis ---
2025-11-12T14:48:24.0659260Z [INFO] Using active recipe(s) [org.openrewrite.java.RemoveUnusedImports]
2025-11-12T14:48:24.0660285Z [INFO] Using active styles(s) []
2025-11-12T14:48:24.0865083Z [INFO] Validating active recipes...
2025-11-12T14:48:27.4084427Z [INFO] Project [mybatis] Resolving Poms...
2025-11-12T14:48:28.1737923Z [INFO] Project [mybatis] Parsing source files
2025-11-12T14:48:42.3188837Z [INFO] Running recipe(s)...
2025-11-12T14:48:43.0892120Z [INFO] 
2025-11-12T14:48:43.0899069Z [INFO] --- license:5.0.0:format (default) @ mybatis ---
2025-11-12T14:48:43.0931983Z [INFO] License Plugin is Skipped
2025-11-12T14:48:43.0936511Z [INFO] 
2025-11-12T14:48:43.0937231Z [INFO] --- git-build-hook:3.6.0:install (default) @ mybatis ---
2025-11-12T14:48:43.0963307Z [INFO] 
2025-11-12T14:48:43.0964263Z [INFO] --- resources:3.3.1:resources (default-resources) @ mybatis ---
2025-11-12T14:48:43.0965495Z [INFO] Copying 4 resources from src/main/resources to target/classes
2025-11-12T14:48:43.1750308Z [INFO] Copying 2 resources from  to target/classes/META-INF
2025-11-12T14:48:43.1759944Z [INFO] 
2025-11-12T14:48:43.1765039Z [INFO] --- compiler:3.14.1:compile (default-compile) @ mybatis ---
2025-11-12T14:48:43.1988878Z [INFO] Nothing to compile - all classes are up to date.
2025-11-12T14:48:43.1997752Z [INFO] 
2025-11-12T14:48:43.2002623Z [INFO] --- bnd:7.1.0:bnd-process (bnd-process) @ mybatis ---
2025-11-12T14:48:43.4662590Z [INFO] 
2025-11-12T14:48:43.4663597Z [INFO] --- resources:3.3.1:testResources (default-testResources) @ mybatis ---
2025-11-12T14:48:43.4841791Z [INFO] Copying 584 resources from src/test/resources to target/test-classes
2025-11-12T14:48:43.5016033Z [INFO] 
2025-11-12T14:48:43.5016910Z [INFO] --- compiler:3.14.1:testCompile (default-testCompile) @ mybatis ---
2025-11-12T14:48:43.5375672Z [INFO] Nothing to compile - all classes are up to date.
2025-11-12T14:48:43.5391341Z [INFO] 
2025-11-12T14:48:43.5392726Z [INFO] --- surefire:3.5.4:test (default-test) @ mybatis ---
2025-11-12T14:48:43.7425140Z [INFO] Using auto detected provider org.apache.maven.surefire.junitplatform.JUnitPlatformProvider
2025-11-12T14:48:43.7788564Z [INFO] 
2025-11-12T14:48:43.7789285Z [INFO] -------------------------------------------------------
2025-11-12T14:48:43.7789938Z [INFO]  T E S T S
2025-11-12T14:48:43.7790403Z [INFO] -------------------------------------------------------
2025-11-12T14:48:46.6268105Z [INFO] Running org.apache.ibatis.exceptions.GeneralExceptionsTest
2025-11-12T14:48:46.7543783Z [INFO] Tests run: 2, Failures: 0, Errors: 0, Skipped: 0, Time elapsed: 0.069 s -- in org.apache.ibatis.exceptions.GeneralExceptionsTest
2025-11-12T14:48:46.7545161Z [INFO] Running org.apache.ibatis.mapping.BoundSqlTest
2025-11-12T14:48:46.7849877Z [INFO] Tests run: 1, Failures: 0, Errors: 0, Skipped: 0, Time elapsed: 0.075 s -- in org.apache.ibatis.mapping.BoundSqlTest
2025-11-12T14:48:46.7851399Z [INFO] Running org.apache.ibatis.mapping.CacheBuilderTest
2025-11-12T14:48:47.0480070Z 14:48:46,820 |-INFO in ch.qos.logback.classic.LoggerContext[default] - This is logback-classic version 1.5.21
2025-11-12T14:48:47.0502339Z 14:48:46,821 |-INFO in ch.qos.logback.classic.util.ContextInitializer@28521ed5 - No custom configurators were discovered as a service.
2025-11-12T14:48:47.0503948Z 14:48:46,821 |-INFO in ch.qos.logback.classic.util.ContextInitializer@28521ed5 - Trying to configure with ch.qos.logback.classic.util.DefaultJoranConfigurator
2025-11-12T14:48:47.0505732Z 14:48:46,822 |-INFO in ch.qos.logback.classic.util.ContextInitializer@28521ed5 - Constructed configurator of type class ch.qos.logback.classic.util.DefaultJoranConfigurator
2025-11-12T14:48:47.0507713Z 14:48:46,826 |-INFO in ch.qos.logback.classic.LoggerContext[default] - Found resource [logback-test.xml] at [file:/home/runner/work/mybatis-3/mybatis-3/target/test-classes/logback-test.xml]
2025-11-12T14:48:47.0509366Z 14:48:46,891 |-WARN in ch.qos.logback.classic.joran.action.LevelAction - <level> element is deprecated. Near [level] on line 31
2025-11-12T14:48:47.0510774Z 14:48:46,891 |-WARN in ch.qos.logback.classic.joran.action.LevelAction - Please use "level" attribute within <logger> or <root> elements instead.
2025-11-12T14:48:47.0512369Z 14:48:46,891 |-WARN in ch.qos.logback.classic.joran.action.LevelAction - <level> element is deprecated. Near [level] on line 34
2025-11-12T14:48:47.0513745Z 14:48:46,891 |-WARN in ch.qos.logback.classic.joran.action.LevelAction - Please use "level" attribute within <logger> or <root> elements instead.
2025-11-12T14:48:47.0515146Z 14:48:46,891 |-WARN in ch.qos.logback.classic.joran.action.LevelAction - <level> element is deprecated. Near [level] on line 37
2025-11-12T14:48:47.0516551Z 14:48:46,891 |-WARN in ch.qos.logback.classic.joran.action.LevelAction - Please use "level" attribute within <logger> or <root> elements instead.
2025-11-12T14:48:47.0518456Z 14:48:46,937 |-INFO in ch.qos.logback.classic.model.processor.ConfigurationModelHandlerFull - Main configuration file URL: file:/home/runner/work/mybatis-3/mybatis-3/target/test-classes/logback-test.xml
2025-11-12T14:48:47.0520696Z 14:48:46,937 |-INFO in ch.qos.logback.classic.model.processor.ConfigurationModelHandlerFull - FileWatchList= {/home/runner/work/mybatis-3/mybatis-3/target/test-classes/logback-test.xml}
2025-11-12T14:48:47.0522544Z 14:48:46,938 |-INFO in ch.qos.logback.classic.model.processor.ConfigurationModelHandlerFull - URLWatchList= {}
2025-11-12T14:48:47.0523807Z 14:48:46,944 |-INFO in ch.qos.logback.core.model.processor.AppenderModelHandler - Processing appender named [stdout]
2025-11-12T14:48:47.0525287Z 14:48:46,944 |-INFO in ch.qos.logback.core.model.processor.AppenderModelHandler - About to instantiate appender of type [ch.qos.logback.core.ConsoleAppender]
2025-11-12T14:48:47.0527199Z 14:48:46,955 |-INFO in ch.qos.logback.core.model.processor.ImplicitModelHandler - Assuming default type [ch.qos.logback.classic.encoder.PatternLayoutEncoder] for [encoder] property
2025-11-12T14:48:47.0528945Z 14:48:47,008 |-INFO in ch.qos.logback.core.ConsoleAppender[stdout] - NOTE: Writing to the console can be slow. Try to avoid logging to the 
2025-11-12T14:48:47.0530352Z 14:48:47,008 |-INFO in ch.qos.logback.core.ConsoleAppender[stdout] - console in production environments, especially in high volume systems.
2025-11-12T14:48:47.0531905Z 14:48:47,008 |-INFO in ch.qos.logback.core.ConsoleAppender[stdout] - See also https://logback.qos.ch/codes.html#slowConsole
2025-11-12T14:48:47.0533237Z 14:48:47,009 |-INFO in ch.qos.logback.core.model.processor.AppenderModelHandler - Processing appender named [lastEventSavedAppender]
2025-11-12T14:48:47.0535674Z 14:48:47,009 |-INFO in ch.qos.logback.core.model.processor.AppenderModelHandler - About to instantiate appender of type [org.apache.ibatis.session.AutoMappingUnknownColumnBehaviorTest$LastEventSavedAppender]
2025-11-12T14:48:47.0537888Z 14:48:47,010 |-INFO in ch.qos.logback.classic.model.processor.LevelModelHandler - org.apache.ibatis level set to ERROR
2025-11-12T14:48:47.0539250Z 14:48:47,010 |-INFO in ch.qos.logback.classic.model.processor.LevelModelHandler - org.apache.ibatis.logging level set to DEBUG
2025-11-12T14:48:47.0540818Z 14:48:47,010 |-INFO in ch.qos.logback.classic.model.processor.LevelModelHandler - org.apache.ibatis.session.AutoMappingUnknownColumnBehavior level set to WARN
2025-11-12T14:48:47.0548485Z 14:48:47,010 |-INFO in ch.qos.logback.core.model.processor.AppenderRefModelHandler - Attaching appender named [lastEventSavedAppender] to Logger[org.apache.ibatis.session.AutoMappingUnknownColumnBehavior]
2025-11-12T14:48:47.0550410Z 14:48:47,011 |-INFO in ch.qos.logback.classic.model.processor.RootLoggerModelHandler - Setting level of ROOT logger to ERROR
2025-11-12T14:48:47.0552158Z 14:48:47,011 |-INFO in ch.qos.logback.core.model.processor.AppenderRefModelHandler - Attaching appender named [stdout] to Logger[ROOT]
2025-11-12T14:48:47.0553546Z 14:48:47,011 |-INFO in ch.qos.logback.core.model.processor.DefaultProcessor@2b06c388 - End of configuration.
2025-11-12T14:48:47.0554847Z 14:48:47,013 |-INFO in ch.qos.logback.classic.joran.JoranConfigurator@4c9bed65 - Registering current configuration as safe fallback point
2025-11-12T14:48:47.0557097Z 14:48:47,018 |-INFO in ch.qos.logback.classic.util.ContextInitializer@28521ed5 - ch.qos.logback.classic.util.DefaultJoranConfigurator.configure() call lasted 191 milliseconds. ExecutionStatus=DO_NOT_INVOKE_NEXT_IF_ANY
2025-11-12T14:48:47.0558430Z 
2025-11-12T14:48:47.0559149Z 14:48:47.026 DEBUG [main] o.apache.ibatis.logging.LogFactory - Logging initialized using 'class org.apache.ibatis.logging.slf4j.Slf4jImpl' adapter.
2025-11-12T14:48:47.1505729Z [INFO] Tests run: 2, Failures: 0, Errors: 0, Skipped: 0, Time elapsed: 0.351 s -- in org.apache.ibatis.mapping.CacheBuilderTest
2025-11-12T14:48:47.1576353Z [INFO] Running org.apache.ibatis.mapping.ResultMappingTest
2025-11-12T14:48:48.1354904Z [INFO] Tests run: 4, Failures: 0, Errors: 0, Skipped: 0, Time elapsed: 0.960 s -- in org.apache.ibatis.mapping.ResultMappingTest
2025-11-12T14:48:48.1356046Z [INFO] Running org.apache.ibatis.mapping.VendorDatabaseIdProviderTest
2025-11-12T14:48:48.4096214Z [INFO] Tests run: 6, Failures: 0, Errors: 0, Skipped: 0, Time elapsed: 0.274 s -- in org.apache.ibatis.mapping.VendorDatabaseIdProviderTest
2025-11-12T14:48:48.4097445Z [INFO] Running org.apache.ibatis.immutable.ImmutableConstructorTest
2025-11-12T14:48:51.7171716Z [INFO] Tests run: 5, Failures: 0, Errors: 0, Skipped: 0, Time elapsed: 3.306 s -- in org.apache.ibatis.immutable.ImmutableConstructorTest
2025-11-12T14:48:51.7173044Z [INFO] Running org.apache.ibatis.reflection.ArrayUtilTest
2025-11-12T14:48:51.7289137Z [INFO] Tests run: 3, Failures: 0, Errors: 0, Skipped: 0, Time elapsed: 0.004 s -- in org.apache.ibatis.reflection.ArrayUtilTest
2025-11-12T14:48:51.7290520Z [INFO] Running org.apache.ibatis.reflection.MetaObjectTest
2025-11-12T14:48:51.7564330Z [INFO] Tests run: 24, Failures: 0, Errors: 0, Skipped: 0, Time elapsed: 0.037 s -- in org.apache.ibatis.reflection.MetaObjectTest
2025-11-12T14:48:51.7565383Z [INFO] Running org.apache.ibatis.reflection.ParamNameResolverTest
2025-11-12T14:48:51.7722288Z [INFO] Tests run: 3, Failures: 0, Errors: 0, Skipped: 0, Time elapsed: 0.011 s -- in org.apache.ibatis.reflection.ParamNameResolverTest
2025-11-12T14:48:51.7742469Z [INFO] Running org.apache.ibatis.reflection.ExceptionUtilTest
2025-11-12T14:48:51.7753392Z [INFO] Tests run: 1, Failures: 0, Errors: 0, Skipped: 0, Time elapsed: 0.006 s -- in org.apache.ibatis.reflection.ExceptionUtilTest
2025-11-12T14:48:51.7755087Z [INFO] Running org.apache.ibatis.reflection.MetaClassTest
2025-11-12T14:48:51.7865876Z [INFO] Tests run: 8, Failures: 0, Errors: 0, Skipped: 0, Time elapsed: 0.010 s -- in org.apache.ibatis.reflection.MetaClassTest
2025-11-12T14:48:51.7867727Z [INFO] Running org.apache.ibatis.reflection.wrapper.MapWrapperUnitTest
2025-11-12T14:48:51.9557523Z [INFO] Tests run: 19, Failures: 0, Errors: 0, Skipped: 0, Time elapsed: 0.170 s -- in org.apache.ibatis.reflection.wrapper.MapWrapperUnitTest
2025-11-12T14:48:51.9588892Z [INFO] Running org.apache.ibatis.reflection.wrapper.CollectionWrapperUnitTest
2025-11-12T14:48:52.0283130Z [INFO] Tests run: 13, Failures: 0, Errors: 0, Skipped: 0, Time elapsed: 0.064 s -- in org.apache.ibatis.reflection.wrapper.CollectionWrapperUnitTest
2025-11-12T14:48:52.0285098Z [INFO] Running org.apache.ibatis.reflection.wrapper.BeanWrapperUnitTest
2025-11-12T14:48:52.0449357Z [INFO] Tests run: 19, Failures: 0, Errors: 0, Skipped: 0, Time elapsed: 0.022 s -- in org.apache.ibatis.reflection.wrapper.BeanWrapperUnitTest
2025-11-12T14:48:52.0452448Z [INFO] Running org.apache.ibatis.reflection.wrapper.MapWrapperTest
2025-11-12T14:48:52.1265270Z [INFO] Tests run: 9, Failures: 0, Errors: 0, Skipped: 0, Time elapsed: 0.081 s -- in org.apache.ibatis.reflection.wrapper.MapWrapperTest
2025-11-12T14:48:52.1291329Z [INFO] Running org.apache.ibatis.reflection.wrapper.BeanWrapperTest
2025-11-12T14:48:52.1373077Z [INFO] Tests run: 1, Failures: 0, Errors: 0, Skipped: 0, Time elapsed: 0.005 s -- in org.apache.ibatis.reflection.wrapper.BeanWrapperTest
2025-11-12T14:48:52.1374704Z [INFO] Running org.apache.ibatis.reflection.factory.DefaultObjectFactoryTest
2025-11-12T14:48:52.1516081Z [INFO] Tests run: 6, Failures: 0, Errors: 0, Skipped: 0, Time elapsed: 0.007 s -- in org.apache.ibatis.reflection.factory.DefaultObjectFactoryTest
2025-11-12T14:48:52.1517787Z [INFO] Running org.apache.ibatis.reflection.property.PropertyCopierTest
2025-11-12T14:48:52.1540190Z [INFO] Tests run: 1, Failures: 0, Errors: 0, Skipped: 0, Time elapsed: 0.003 s -- in org.apache.ibatis.reflection.property.PropertyCopierTest
2025-11-12T14:48:52.1541962Z [INFO] Running org.apache.ibatis.reflection.property.PropertyTokenizerTest
2025-11-12T14:48:52.1600276Z [INFO] Tests run: 3, Failures: 0, Errors: 0, Skipped: 0, Time elapsed: 0.003 s -- in org.apache.ibatis.reflection.property.PropertyTokenizerTest
2025-11-12T14:48:52.1621569Z [INFO] Running org.apache.ibatis.reflection.TypeParameterResolverTest
2025-11-12T14:48:52.2049044Z [INFO] Tests run: 45, Failures: 0, Errors: 0, Skipped: 0, Time elapsed: 0.054 s -- in org.apache.ibatis.reflection.TypeParameterResolverTest
2025-11-12T14:48:52.2050202Z [INFO] Running org.apache.ibatis.reflection.ReflectorTest
2025-11-12T14:48:52.2409184Z [INFO] Tests run: 19, Failures: 0, Errors: 0, Skipped: 0, Time elapsed: 0.035 s -- in org.apache.ibatis.reflection.ReflectorTest
2025-11-12T14:48:52.2414204Z [INFO] Running org.apache.ibatis.jdbc.ScriptRunnerTest
2025-11-12T14:48:52.2958063Z -- @DELIMITER |
2025-11-12T14:48:52.2961074Z line 1;
2025-11-12T14:48:52.2962074Z line 2;
2025-11-12T14:48:52.2962262Z 
2025-11-12T14:48:52.2962271Z 
2025-11-12T14:48:52.2962398Z //  @DELIMITER  ;
2025-11-12T14:48:52.2962705Z line 3
2025-11-12T14:48:52.2962851Z 
2025-11-12T14:48:52.2963022Z -- //@deLimiTer $  blah
2025-11-12T14:48:52.2963350Z line 4
2025-11-12T14:48:52.2963532Z 
2025-11-12T14:48:52.2963652Z // //@DELIMITER %
2025-11-12T14:48:52.2963936Z line 5
2025-11-12T14:48:52.2964076Z 
2025-11-12T14:48:52.8014914Z -- @DELIMITER ||
2025-11-12T14:48:52.8015582Z line 1;
2025-11-12T14:48:52.8015859Z line 2;
2025-11-12T14:48:52.8016008Z 
2025-11-12T14:48:52.8016022Z 
2025-11-12T14:48:52.8016135Z //  @DELIMITER  ;
2025-11-12T14:48:52.8016419Z line 3
2025-11-12T14:48:52.8016572Z 
2025-11-12T14:48:52.9344742Z [WARNING] Tests run: 12, Failures: 0, Errors: 0, Skipped: 1, Time elapsed: 0.686 s -- in org.apache.ibatis.jdbc.ScriptRunnerTest
2025-11-12T14:48:52.9372514Z [INFO] Running org.apache.ibatis.jdbc.PooledDataSourceTest
2025-11-12T14:48:52.9439436Z [INFO] Tests run: 3, Failures: 0, Errors: 0, Skipped: 0, Time elapsed: 0.018 s -- in org.apache.ibatis.jdbc.PooledDataSourceTest
2025-11-12T14:48:52.9440644Z [INFO] Running org.apache.ibatis.jdbc.SelectBuilderTest
2025-11-12T14:48:52.9534434Z [INFO] Tests run: 5, Failures: 0, Errors: 0, Skipped: 0, Time elapsed: 0.011 s -- in org.apache.ibatis.jdbc.SelectBuilderTest
2025-11-12T14:48:52.9537106Z [INFO] Running org.apache.ibatis.jdbc.SQLTest
2025-11-12T14:48:53.0087438Z [INFO] Tests run: 38, Failures: 0, Errors: 0, Skipped: 0, Time elapsed: 0.046 s -- in org.apache.ibatis.jdbc.SQLTest
2025-11-12T14:48:53.0096063Z [INFO] Running org.apache.ibatis.jdbc.SqlRunnerTest
2025-11-12T14:48:53.2640645Z [INFO] Tests run: 6, Failures: 0, Errors: 0, Skipped: 0, Time elapsed: 0.253 s -- in org.apache.ibatis.jdbc.SqlRunnerTest
2025-11-12T14:48:53.2643010Z [INFO] Running org.apache.ibatis.jdbc.NullTest
2025-11-12T14:48:53.2678201Z [INFO] Tests run: 1, Failures: 0, Errors: 0, Skipped: 0, Time elapsed: 0.001 s -- in org.apache.ibatis.jdbc.NullTest
2025-11-12T14:48:53.2679454Z [INFO] Running org.apache.ibatis.jdbc.SqlBuilderTest
2025-11-12T14:48:53.2706178Z [INFO] Tests run: 5, Failures: 0, Errors: 0, Skipped: 0, Time elapsed: 0.004 s -- in org.apache.ibatis.jdbc.SqlBuilderTest
2025-11-12T14:48:53.2707611Z [INFO] Running org.apache.ibatis.executor.BatchExecutorTest
2025-11-12T14:48:53.7345727Z [INFO] Tests run: 23, Failures: 0, Errors: 0, Skipped: 0, Time elapsed: 0.469 s -- in org.apache.ibatis.executor.BatchExecutorTest
2025-11-12T14:48:53.7349081Z [INFO] Running org.apache.ibatis.executor.CachingReuseExecutorTest
2025-11-12T14:48:54.0047237Z [INFO] Tests run: 23, Failures: 0, Errors: 0, Skipped: 0, Time elapsed: 0.266 s -- in org.apache.ibatis.executor.CachingReuseExecutorTest
2025-11-12T14:48:54.0048408Z [INFO] Running org.apache.ibatis.executor.loader.JavassistProxyTest
2025-11-12T14:48:55.2000238Z [INFO] Tests run: 15, Failures: 0, Errors: 0, Skipped: 0, Time elapsed: 1.198 s -- in org.apache.ibatis.executor.loader.JavassistProxyTest
2025-11-12T14:48:55.2004067Z [INFO] Running org.apache.ibatis.executor.CachingSimpleExecutorTest
2025-11-12T14:48:55.4397993Z [INFO] Tests run: 23, Failures: 0, Errors: 0, Skipped: 0, Time elapsed: 0.239 s -- in org.apache.ibatis.executor.CachingSimpleExecutorTest
2025-11-12T14:48:55.4403325Z [INFO] Running org.apache.ibatis.executor.ReuseExecutorTest
2025-11-12T14:48:55.6714377Z [INFO] Tests run: 23, Failures: 0, Errors: 0, Skipped: 0, Time elapsed: 0.226 s -- in org.apache.ibatis.executor.ReuseExecutorTest
2025-11-12T14:48:55.6719003Z [INFO] Running org.apache.ibatis.executor.ResultExtractorTest
2025-11-12T14:48:55.7444746Z [INFO] Tests run: 6, Failures: 0, Errors: 0, Skipped: 0, Time elapsed: 0.073 s -- in org.apache.ibatis.executor.ResultExtractorTest
2025-11-12T14:48:55.7454088Z [INFO] Running org.apache.ibatis.executor.resultset.DefaultResultSetHandlerTest
2025-11-12T14:48:55.9182119Z [INFO] Tests run: 2, Failures: 0, Errors: 0, Skipped: 0, Time elapsed: 0.177 s -- in org.apache.ibatis.executor.resultset.DefaultResultSetHandlerTest
2025-11-12T14:48:55.9186911Z [INFO] Running org.apache.ibatis.executor.ErrorContextTest
2025-11-12T14:48:55.9218475Z [INFO] Tests run: 2, Failures: 0, Errors: 0, Skipped: 0, Time elapsed: 0.001 s -- in org.apache.ibatis.executor.ErrorContextTest
2025-11-12T14:48:55.9223221Z [INFO] Running org.apache.ibatis.executor.BaseExecutorTest
2025-11-12T14:48:56.1771858Z [INFO] Tests run: 22, Failures: 0, Errors: 0, Skipped: 0, Time elapsed: 0.252 s -- in org.apache.ibatis.executor.BaseExecutorTest
2025-11-12T14:48:56.1773590Z [INFO] Running org.apache.ibatis.executor.statement.BaseStatementHandlerTest
2025-11-12T14:48:56.2188859Z [INFO] Tests run: 12, Failures: 0, Errors: 0, Skipped: 0, Time elapsed: 0.046 s -- in org.apache.ibatis.executor.statement.BaseStatementHandlerTest
2025-11-12T14:48:56.2191247Z [INFO] Running org.apache.ibatis.executor.CachingBatchExecutorTest
2025-11-12T14:48:56.4432375Z [INFO] Tests run: 23, Failures: 0, Errors: 0, Skipped: 0, Time elapsed: 0.223 s -- in org.apache.ibatis.executor.CachingBatchExecutorTest
2025-11-12T14:48:56.4437641Z [INFO] Running org.apache.ibatis.submitted.parametrizedlist.ParametrizedListTest
2025-11-12T14:48:56.5143167Z [INFO] Tests run: 4, Failures: 0, Errors: 0, Skipped: 0, Time elapsed: 0.070 s -- in org.apache.ibatis.submitted.parametrizedlist.ParametrizedListTest
2025-11-12T14:48:56.5153041Z [INFO] Running org.apache.ibatis.submitted.ognl_enum.EnumWithOgnlTest
2025-11-12T14:48:56.5991325Z [INFO] Tests run: 4, Failures: 0, Errors: 0, Skipped: 0, Time elapsed: 0.085 s -- in org.apache.ibatis.submitted.ognl_enum.EnumWithOgnlTest
2025-11-12T14:48:56.5992813Z [INFO] Running org.apache.ibatis.submitted.duplicate_statements.DuplicateStatementsTest
2025-11-12T14:48:56.6582302Z [WARNING] Tests run: 5, Failures: 0, Errors: 0, Skipped: 2, Time elapsed: 0.058 s -- in org.apache.ibatis.submitted.duplicate_statements.DuplicateStatementsTest
2025-11-12T14:48:56.6583679Z [INFO] Running org.apache.ibatis.submitted.camelcase.CamelCaseMappingTest
2025-11-12T14:48:56.7031657Z [INFO] Tests run: 2, Failures: 0, Errors: 0, Skipped: 0, Time elapsed: 0.044 s -- in org.apache.ibatis.submitted.camelcase.CamelCaseMappingTest
2025-11-12T14:48:56.7033233Z [INFO] Running org.apache.ibatis.submitted.dml_return_types.DmlMapperReturnTypesTest
2025-11-12T14:48:56.7473241Z [INFO] Tests run: 7, Failures: 0, Errors: 0, Skipped: 0, Time elapsed: 0.042 s -- in org.apache.ibatis.submitted.dml_return_types.DmlMapperReturnTypesTest
2025-11-12T14:48:56.7474858Z [INFO] Running org.apache.ibatis.submitted.mapper_type_parameter.MapperTypeParameterTest
2025-11-12T14:48:56.7976454Z [INFO] Tests run: 6, Failures: 0, Errors: 0, Skipped: 0, Time elapsed: 0.040 s -- in org.apache.ibatis.submitted.mapper_type_parameter.MapperTypeParameterTest
2025-11-12T14:48:56.7978090Z [INFO] Running org.apache.ibatis.submitted.lazyload_proxyfactory_comparison.JavassistLazyTest
2025-11-12T14:48:56.8002313Z [WARNING] Tests run: 6, Failures: 0, Errors: 0, Skipped: 6, Time elapsed: 0 s -- in org.apache.ibatis.submitted.lazyload_proxyfactory_comparison.JavassistLazyTest
2025-11-12T14:48:56.8025709Z [INFO] Running org.apache.ibatis.submitted.lazyload_proxyfactory_comparison.DefaultLazyTest
2025-11-12T14:48:56.9396875Z [INFO] Tests run: 6, Failures: 0, Errors: 0, Skipped: 0, Time elapsed: 0.150 s -- in org.apache.ibatis.submitted.lazyload_proxyfactory_comparison.DefaultLazyTest
2025-11-12T14:48:56.9398423Z [INFO] Running org.apache.ibatis.submitted.ognlstatic.OgnlStaticTest
2025-11-12T14:48:56.9756277Z [INFO] Tests run: 1, Failures: 0, Errors: 0, Skipped: 0, Time elapsed: 0.037 s -- in org.apache.ibatis.submitted.ognlstatic.OgnlStaticTest
2025-11-12T14:48:56.9757849Z [INFO] Running org.apache.ibatis.submitted.results_id.ResultsIdTest
2025-11-12T14:48:57.0120047Z [INFO] Tests run: 4, Failures: 0, Errors: 0, Skipped: 0, Time elapsed: 0.034 s -- in org.apache.ibatis.submitted.results_id.ResultsIdTest
2025-11-12T14:48:57.0124498Z [INFO] Running org.apache.ibatis.submitted.results_id.IdConflictTest
2025-11-12T14:48:57.0193748Z [INFO] Tests run: 1, Failures: 0, Errors: 0, Skipped: 0, Time elapsed: 0.005 s -- in org.apache.ibatis.submitted.results_id.IdConflictTest
2025-11-12T14:48:57.0195031Z [INFO] Running org.apache.ibatis.submitted.enum_interface_type_handler.EnumInterfaceTypeHandlerTest
2025-11-12T14:48:57.0475584Z [INFO] Tests run: 3, Failures: 0, Errors: 0, Skipped: 0, Time elapsed: 0.029 s -- in org.apache.ibatis.submitted.enum_interface_type_handler.EnumInterfaceTypeHandlerTest
2025-11-12T14:48:57.0504189Z [INFO] Running org.apache.ibatis.submitted.named_constructor_args.NamedConstructorArgsTest
2025-11-12T14:48:57.0729875Z [INFO] Tests run: 2, Failures: 0, Errors: 0, Skipped: 0, Time elapsed: 0.025 s -- in org.apache.ibatis.submitted.named_constructor_args.NamedConstructorArgsTest
2025-11-12T14:48:57.0758972Z [INFO] Running org.apache.ibatis.submitted.named_constructor_args.InvalidNamedConstructorArgsTest
2025-11-12T14:48:57.0886516Z [INFO] Tests run: 3, Failures: 0, Errors: 0, Skipped: 0, Time elapsed: 0.010 s -- in org.apache.ibatis.submitted.named_constructor_args.InvalidNamedConstructorArgsTest
2025-11-12T14:48:57.0892377Z [INFO] Running org.apache.ibatis.submitted.named_constructor_args.NamedConstructorArgsUseActualNameTest
2025-11-12T14:48:57.1107901Z [INFO] Tests run: 2, Failures: 0, Errors: 0, Skipped: 0, Time elapsed: 0.023 s -- in org.apache.ibatis.submitted.named_constructor_args.NamedConstructorArgsUseActualNameTest
2025-11-12T14:48:57.1114508Z [INFO] Running org.apache.ibatis.submitted.empty_row.ReturnInstanceForEmptyRowTest
2025-11-12T14:48:57.1573636Z [INFO] Tests run: 11, Failures: 0, Errors: 0, Skipped: 0, Time elapsed: 0.046 s -- in org.apache.ibatis.submitted.empty_row.ReturnInstanceForEmptyRowTest
2025-11-12T14:48:57.1575007Z [INFO] Running org.apache.ibatis.submitted.foreach.ForEachTest
2025-11-12T14:48:57.2231180Z [INFO] Tests run: 12, Failures: 0, Errors: 0, Skipped: 0, Time elapsed: 0.068 s -- in org.apache.ibatis.submitted.foreach.ForEachTest
2025-11-12T14:48:57.2245432Z [INFO] Running org.apache.ibatis.submitted.uuid_test.UUIDTest
2025-11-12T14:48:57.2534587Z [INFO] Tests run: 3, Failures: 0, Errors: 0, Skipped: 0, Time elapsed: 0.026 s -- in org.apache.ibatis.submitted.uuid_test.UUIDTest
2025-11-12T14:48:57.2536327Z [INFO] Running org.apache.ibatis.submitted.initialized_collection_property.AuthorDAOTest
2025-11-12T14:48:57.2805606Z [WARNING] Tests run: 2, Failures: 0, Errors: 0, Skipped: 1, Time elapsed: 0.026 s -- in org.apache.ibatis.submitted.initialized_collection_property.AuthorDAOTest
2025-11-12T14:48:57.2806853Z [INFO] Running org.apache.ibatis.submitted.language.LanguageTest
2025-11-12T14:48:57.4504134Z [INFO] Tests run: 11, Failures: 0, Errors: 0, Skipped: 0, Time elapsed: 0.173 s -- in org.apache.ibatis.submitted.language.LanguageTest
2025-11-12T14:48:57.4510512Z [INFO] Running org.apache.ibatis.submitted.column_order_based_constructor_automapping.ColumnOrderBasedConstructorAutomappingTest
2025-11-12T14:48:57.4816285Z [INFO] Tests run: 4, Failures: 0, Errors: 0, Skipped: 0, Time elapsed: 0.030 s -- in org.apache.ibatis.submitted.column_order_based_constructor_automapping.ColumnOrderBasedConstructorAutomappingTest
2025-11-12T14:48:57.4822343Z [INFO] Running org.apache.ibatis.submitted.null_associations.FooMapperTest
2025-11-12T14:48:57.5118351Z [INFO] Tests run: 2, Failures: 0, Errors: 0, Skipped: 0, Time elapsed: 0.025 s -- in org.apache.ibatis.submitted.null_associations.FooMapperTest
2025-11-12T14:48:57.5121870Z [INFO] Running org.apache.ibatis.submitted.array_type_handler.ArrayTypeHandlerTest
2025-11-12T14:48:57.5654709Z [INFO] Tests run: 2, Failures: 0, Errors: 0, Skipped: 0, Time elapsed: 0.056 s -- in org.apache.ibatis.submitted.array_type_handler.ArrayTypeHandlerTest
2025-11-12T14:48:57.5656427Z [INFO] Running org.apache.ibatis.submitted.ancestor_ref.AncestorRefTest
2025-11-12T14:48:57.6023075Z [INFO] Tests run: 3, Failures: 0, Errors: 0, Skipped: 0, Time elapsed: 0.035 s -- in org.apache.ibatis.submitted.ancestor_ref.AncestorRefTest
2025-11-12T14:48:57.6027869Z [INFO] Running org.apache.ibatis.submitted.valueinmap.ValueInMapTest
2025-11-12T14:48:57.6264064Z [INFO] Tests run: 2, Failures: 0, Errors: 0, Skipped: 0, Time elapsed: 0.029 s -- in org.apache.ibatis.submitted.valueinmap.ValueInMapTest
2025-11-12T14:48:57.6265481Z [INFO] Running org.apache.ibatis.submitted.force_flush_on_select.ForceFlushOnSelectTest
2025-11-12T14:48:57.6993124Z [INFO] Tests run: 6, Failures: 0, Errors: 0, Skipped: 0, Time elapsed: 0.070 s -- in org.apache.ibatis.submitted.force_flush_on_select.ForceFlushOnSelectTest
2025-11-12T14:48:57.6998974Z [INFO] Running org.apache.ibatis.submitted.orphan_result_maps.OrphanResultMapTest
2025-11-12T14:48:57.7120031Z [INFO] Tests run: 2, Failures: 0, Errors: 0, Skipped: 0, Time elapsed: 0.010 s -- in org.apache.ibatis.submitted.orphan_result_maps.OrphanResultMapTest
2025-11-12T14:48:57.7125186Z [INFO] Running org.apache.ibatis.submitted.oracle_cursor.OracleCursorTest
2025-11-12T14:49:52.3365561Z [INFO] Tests run: 13, Failures: 0, Errors: 0, Skipped: 0, Time elapsed: 54.62 s -- in org.apache.ibatis.submitted.oracle_cursor.OracleCursorTest
2025-11-12T14:49:52.3372294Z [INFO] Running org.apache.ibatis.submitted.typehandler.TypeHandlerTest
2025-11-12T14:49:52.5668950Z [INFO] Tests run: 14, Failures: 0, Errors: 0, Skipped: 0, Time elapsed: 0.232 s -- in org.apache.ibatis.submitted.typehandler.TypeHandlerTest
2025-11-12T14:49:52.5670899Z [INFO] Running org.apache.ibatis.submitted.missing_id_property.MissingIdPropertyTest
2025-11-12T14:49:52.6404239Z [INFO] Tests run: 1, Failures: 0, Errors: 0, Skipped: 0, Time elapsed: 0.071 s -- in org.apache.ibatis.submitted.missing_id_property.MissingIdPropertyTest
2025-11-12T14:49:52.6405837Z [INFO] Running org.apache.ibatis.submitted.associationtest.AssociationTest
2025-11-12T14:49:52.6650053Z [INFO] Tests run: 4, Failures: 0, Errors: 0, Skipped: 0, Time elapsed: 0.027 s -- in org.apache.ibatis.submitted.associationtest.AssociationTest
2025-11-12T14:49:52.6657014Z [INFO] Running org.apache.ibatis.submitted.generictyperesolution.GenericTypeResolutionTest
2025-11-12T14:49:52.6974675Z [INFO] Tests run: 2, Failures: 0, Errors: 0, Skipped: 0, Time elapsed: 0.028 s -- in org.apache.ibatis.submitted.generictyperesolution.GenericTypeResolutionTest
2025-11-12T14:49:52.6976412Z [INFO] Running org.apache.ibatis.submitted.xml_external_ref.MultipleCrossIncludeTest
2025-11-12T14:49:52.8104717Z [INFO] Tests run: 3, Failures: 0, Errors: 0, Skipped: 0, Time elapsed: 0.117 s -- in org.apache.ibatis.submitted.xml_external_ref.MultipleCrossIncludeTest
2025-11-12T14:49:52.8123016Z [INFO] Running org.apache.ibatis.submitted.xml_external_ref.ResultMapReferenceTest
2025-11-12T14:49:52.8417165Z [INFO] Tests run: 2, Failures: 0, Errors: 0, Skipped: 0, Time elapsed: 0.026 s -- in org.apache.ibatis.submitted.xml_external_ref.ResultMapReferenceTest
2025-11-12T14:49:52.8421111Z [INFO] Running org.apache.ibatis.submitted.xml_external_ref.ResultMapExtendsTest
2025-11-12T14:49:52.8616214Z [INFO] Tests run: 2, Failures: 0, Errors: 0, Skipped: 0, Time elapsed: 0.018 s -- in org.apache.ibatis.submitted.xml_external_ref.ResultMapExtendsTest
2025-11-12T14:49:52.8620911Z [INFO] Running org.apache.ibatis.submitted.xml_external_ref.XmlExternalRefTest
2025-11-12T14:49:52.9178059Z [INFO] Tests run: 5, Failures: 0, Errors: 0, Skipped: 0, Time elapsed: 0.054 s -- in org.apache.ibatis.submitted.xml_external_ref.XmlExternalRefTest
2025-11-12T14:49:52.9241228Z [INFO] Running org.apache.ibatis.submitted.xml_external_ref.ParameterMapReferenceTest
2025-11-12T14:49:52.9434370Z [INFO] Tests run: 2, Failures: 0, Errors: 0, Skipped: 0, Time elapsed: 0.023 s -- in org.apache.ibatis.submitted.xml_external_ref.ParameterMapReferenceTest
2025-11-12T14:49:52.9435983Z [INFO] Running org.apache.ibatis.submitted.xml_external_ref.ShortNameTest
2025-11-12T14:49:52.9694399Z [INFO] Tests run: 2, Failures: 0, Errors: 0, Skipped: 0, Time elapsed: 0.025 s -- in org.apache.ibatis.submitted.xml_external_ref.ShortNameTest
2025-11-12T14:49:52.9699359Z [INFO] Running org.apache.ibatis.submitted.xml_external_ref.SameIdTest
2025-11-12T14:49:53.0103014Z [INFO] Tests run: 2, Failures: 0, Errors: 0, Skipped: 0, Time elapsed: 0.039 s -- in org.apache.ibatis.submitted.xml_external_ref.SameIdTest
2025-11-12T14:49:53.0106182Z [INFO] Running org.apache.ibatis.submitted.xml_external_ref.MultipleReverseIncludeTest
2025-11-12T14:49:53.0210012Z [INFO] Tests run: 2, Failures: 0, Errors: 0, Skipped: 0, Time elapsed: 0.012 s -- in org.apache.ibatis.submitted.xml_external_ref.MultipleReverseIncludeTest
2025-11-12T14:49:53.0211882Z [INFO] Running org.apache.ibatis.submitted.xml_external_ref.NonFullyQualifiedNamespaceTest
2025-11-12T14:49:53.0391902Z [INFO] Tests run: 1, Failures: 0, Errors: 0, Skipped: 0, Time elapsed: 0.011 s -- in org.apache.ibatis.submitted.xml_external_ref.NonFullyQualifiedNamespaceTest
2025-11-12T14:49:53.0393749Z [INFO] Running org.apache.ibatis.submitted.xml_external_ref.ReverseIncludeTest
2025-11-12T14:49:53.0647753Z [INFO] Tests run: 2, Failures: 0, Errors: 0, Skipped: 0, Time elapsed: 0.029 s -- in org.apache.ibatis.submitted.xml_external_ref.ReverseIncludeTest
2025-11-12T14:49:53.0648946Z [INFO] Running org.apache.ibatis.submitted.xml_external_ref.MultipleIncludeTest
2025-11-12T14:49:53.0887392Z [INFO] Tests run: 2, Failures: 0, Errors: 0, Skipped: 0, Time elapsed: 0.024 s -- in org.apache.ibatis.submitted.xml_external_ref.MultipleIncludeTest
2025-11-12T14:49:53.0909395Z [INFO] Running org.apache.ibatis.submitted.substitution_in_annots.SubstitutionInAnnotsTest
2025-11-12T14:49:53.1233131Z [INFO] Tests run: 4, Failures: 0, Errors: 0, Skipped: 0, Time elapsed: 0.022 s -- in org.apache.ibatis.submitted.substitution_in_annots.SubstitutionInAnnotsTest
2025-11-12T14:49:53.1242344Z [INFO] Running org.apache.ibatis.submitted.hashmaptypehandler.HashMapTypeHandlerTest
2025-11-12T14:49:53.1804403Z [INFO] Tests run: 4, Failures: 0, Errors: 0, Skipped: 0, Time elapsed: 0.053 s -- in org.apache.ibatis.submitted.hashmaptypehandler.HashMapTypeHandlerTest
2025-11-12T14:49:53.1805665Z [INFO] Running org.apache.ibatis.submitted.basetest.BaseTest
2025-11-12T14:49:53.1971663Z [INFO] Tests run: 2, Failures: 0, Errors: 0, Skipped: 0, Time elapsed: 0.021 s -- in org.apache.ibatis.submitted.basetest.BaseTest
2025-11-12T14:49:53.1974753Z [INFO] Running org.apache.ibatis.submitted.bringrags.SimpleObjectTest
2025-11-12T14:49:53.2308307Z [INFO] Tests run: 1, Failures: 0, Errors: 0, Skipped: 0, Time elapsed: 0.034 s -- in org.apache.ibatis.submitted.bringrags.SimpleObjectTest
2025-11-12T14:49:53.2309474Z [INFO] Running org.apache.ibatis.submitted.parent_reference_3level.BlogTest
2025-11-12T14:49:53.2918257Z [INFO] Tests run: 4, Failures: 0, Errors: 0, Skipped: 0, Time elapsed: 0.060 s -- in org.apache.ibatis.submitted.parent_reference_3level.BlogTest
2025-11-12T14:49:53.2919353Z [INFO] Running org.apache.ibatis.submitted.dynsql2.DynSqlTest
2025-11-12T14:49:53.3154246Z [INFO] Tests run: 2, Failures: 0, Errors: 0, Skipped: 0, Time elapsed: 0.025 s -- in org.apache.ibatis.submitted.dynsql2.DynSqlTest
2025-11-12T14:49:53.3186867Z [INFO] Running org.apache.ibatis.submitted.inline_association_with_dot.InlineCollectionWithDotTest
2025-11-12T14:49:53.3681796Z [INFO] Tests run: 2, Failures: 0, Errors: 0, Skipped: 0, Time elapsed: 0.045 s -- in org.apache.ibatis.submitted.inline_association_with_dot.InlineCollectionWithDotTest
2025-11-12T14:49:53.3683421Z [INFO] Running org.apache.ibatis.submitted.maptypehandler.MapTypeHandlerTest
2025-11-12T14:49:53.3947970Z [INFO] Tests run: 2, Failures: 0, Errors: 0, Skipped: 0, Time elapsed: 0.028 s -- in org.apache.ibatis.submitted.maptypehandler.MapTypeHandlerTest
2025-11-12T14:49:53.3949816Z [INFO] Running org.apache.ibatis.submitted.enumtypehandler_on_annotation.EnumTypeHandlerUsingAnnotationTest
2025-11-12T14:49:53.4514069Z [ERROR] Tests run: 4, Failures: 0, Errors: 1, Skipped: 0, Time elapsed: 0.046 s <<< FAILURE! -- in org.apache.ibatis.submitted.enumtypehandler_on_annotation.EnumTypeHandlerUsingAnnotationTest
2025-11-12T14:49:53.4516552Z [ERROR] org.apache.ibatis.submitted.enumtypehandler_on_annotation.EnumTypeHandlerUsingAnnotationTest.insertDynamic -- Time elapsed: 0.008 s <<< ERROR!
2025-11-12T14:49:53.4518085Z org.apache.ibatis.exceptions.PersistenceException: 
2025-11-12T14:49:53.4518622Z 
2025-11-12T14:49:53.4520344Z ### Error updating database.  Cause: org.apache.ibatis.type.TypeException: Failed to invoke constructor for handler class org.apache.ibatis.type.EnumOrdinalTypeHandler
2025-11-12T14:49:53.4522108Z ### The error may exist in org/apache/ibatis/submitted/enumtypehandler_on_annotation/PersonMapper.java (best guess)
2025-11-12T14:49:53.4523363Z ### The error may involve org.apache.ibatis.submitted.enumtypehandler_on_annotation.PersonMapper.insertDynamic
2025-11-12T14:49:53.4524233Z ### The error occurred while executing an update
2025-11-12T14:49:53.4525245Z ### Cause: org.apache.ibatis.type.TypeException: Failed to invoke constructor for handler class org.apache.ibatis.type.EnumOrdinalTypeHandler
2025-11-12T14:49:53.4526598Z 	at org.apache.ibatis.exceptions.ExceptionFactory.wrapException(ExceptionFactory.java:30)
2025-11-12T14:49:53.4527677Z 	at org.apache.ibatis.session.defaults.DefaultSqlSession.update(DefaultSqlSession.java:198)
2025-11-12T14:49:53.4528742Z 	at org.apache.ibatis.session.defaults.DefaultSqlSession.insert(DefaultSqlSession.java:183)
2025-11-12T14:49:53.4529974Z 	at org.apache.ibatis.binding.MapperMethod.execute(MapperMethod.java:62)
2025-11-12T14:49:53.4531013Z 	at org.apache.ibatis.binding.MapperProxy$PlainMethodInvoker.invoke(MapperProxy.java:105)
2025-11-12T14:49:53.4532051Z 	at org.apache.ibatis.binding.MapperProxy.invoke(MapperProxy.java:64)
2025-11-12T14:49:53.4532663Z 	at jdk.proxy2/jdk.proxy2.$Proxy173.insertDynamic(Unknown Source)
2025-11-12T14:49:53.4533969Z 	at org.apache.ibatis.submitted.enumtypehandler_on_annotation.EnumTypeHandlerUsingAnnotationTest.insertDynamic(EnumTypeHandlerUsingAnnotationTest.java:147)
2025-11-12T14:49:53.4535771Z Caused by: org.apache.ibatis.type.TypeException: Failed to invoke constructor for handler class org.apache.ibatis.type.EnumOrdinalTypeHandler
2025-11-12T14:49:53.4537118Z 	at org.apache.ibatis.type.TypeHandlerRegistry.getInstance(TypeHandlerRegistry.java:527)
2025-11-12T14:49:53.4538242Z 	at org.apache.ibatis.type.TypeHandlerRegistry.getTypeHandler(TypeHandlerRegistry.java:237)
2025-11-12T14:49:53.4539338Z 	at org.apache.ibatis.builder.BaseBuilder.resolveTypeHandler(BaseBuilder.java:133)
2025-11-12T14:49:53.4540367Z 	at org.apache.ibatis.builder.BaseBuilder.resolveTypeHandler(BaseBuilder.java:125)
2025-11-12T14:49:53.4541904Z 	at org.apache.ibatis.builder.ParameterMappingTokenHandler.buildParameterMapping(ParameterMappingTokenHandler.java:99)
2025-11-12T14:49:53.4543454Z 	at org.apache.ibatis.builder.ParameterMappingTokenHandler.handleToken(ParameterMappingTokenHandler.java:79)
2025-11-12T14:49:53.4544677Z 	at org.apache.ibatis.parsing.GenericTokenParser.parse(GenericTokenParser.java:76)
2025-11-12T14:49:53.4545735Z 	at org.apache.ibatis.scripting.xmltags.DynamicContext.parseParam(DynamicContext.java:112)
2025-11-12T14:49:53.4546781Z 	at org.apache.ibatis.scripting.xmltags.TextSqlNode.apply(TextSqlNode.java:42)
2025-11-12T14:49:53.4547838Z 	at org.apache.ibatis.scripting.xmltags.DynamicSqlSource.getBoundSql(DynamicSqlSource.java:46)
2025-11-12T14:49:53.4548947Z 	at org.apache.ibatis.mapping.MappedStatement.getBoundSql(MappedStatement.java:331)
2025-11-12T14:49:53.4550110Z 	at org.apache.ibatis.executor.statement.BaseStatementHandler.<init>(BaseStatementHandler.java:65)
2025-11-12T14:49:53.4551401Z 	at org.apache.ibatis.executor.statement.PreparedStatementHandler.<init>(PreparedStatementHandler.java:42)
2025-11-12T14:49:53.4552875Z 	at org.apache.ibatis.executor.statement.RoutingStatementHandler.<init>(RoutingStatementHandler.java:47)
2025-11-12T14:49:53.4553994Z 	at org.apache.ibatis.session.Configuration.newStatementHandler(Configuration.java:726)
2025-11-12T14:49:53.4554944Z 	at org.apache.ibatis.executor.SimpleExecutor.doUpdate(SimpleExecutor.java:48)
2025-11-12T14:49:53.4555802Z 	at org.apache.ibatis.executor.BaseExecutor.update(BaseExecutor.java:118)
2025-11-12T14:49:53.4556666Z 	at org.apache.ibatis.executor.CachingExecutor.update(CachingExecutor.java:76)
2025-11-12T14:49:53.4557631Z 	at org.apache.ibatis.session.defaults.DefaultSqlSession.update(DefaultSqlSession.java:196)
2025-11-12T14:49:53.4558363Z 	... 6 more
2025-11-12T14:49:53.4558777Z Caused by: java.lang.reflect.InvocationTargetException
2025-11-12T14:49:53.4559890Z 	at java.base/jdk.internal.reflect.DirectConstructorHandleAccessor.newInstance(DirectConstructorHandleAccessor.java:74)
2025-11-12T14:49:53.4561160Z 	at java.base/java.lang.reflect.Constructor.newInstanceWithCaller(Constructor.java:502)
2025-11-12T14:49:53.4562291Z 	at java.base/java.lang.reflect.Constructor.newInstance(Constructor.java:486)
2025-11-12T14:49:53.4563260Z 	at org.apache.ibatis.type.TypeHandlerRegistry.getInstance(TypeHandlerRegistry.java:515)
2025-11-12T14:49:53.4563949Z 	... 24 more
2025-11-12T14:49:53.4564507Z Caused by: java.lang.IllegalArgumentException: Object does not represent an enum type.
2025-11-12T14:49:53.4565405Z 	at org.apache.ibatis.type.EnumOrdinalTypeHandler.<init>(EnumOrdinalTypeHandler.java:38)
2025-11-12T14:49:53.4566623Z 	at java.base/jdk.internal.reflect.DirectConstructorHandleAccessor.newInstance(DirectConstructorHandleAccessor.java:62)
2025-11-12T14:49:53.4567835Z 	... 27 more
2025-11-12T14:49:53.4568033Z 
2025-11-12T14:49:53.4568492Z [INFO] Running org.apache.ibatis.submitted.blobtest.BlobTest
2025-11-12T14:49:53.4644149Z [INFO] Tests run: 2, Failures: 0, Errors: 0, Skipped: 0, Time elapsed: 0.024 s -- in org.apache.ibatis.submitted.blobtest.BlobTest
2025-11-12T14:49:53.4678416Z [INFO] Running org.apache.ibatis.submitted.postgres_genkeys.PostgresGeneratedKeysTest
2025-11-12T14:50:01.9757885Z [INFO] Tests run: 3, Failures: 0, Errors: 0, Skipped: 0, Time elapsed: 8.509 s -- in org.apache.ibatis.submitted.postgres_genkeys.PostgresGeneratedKeysTest
2025-11-12T14:50:01.9759099Z [INFO] Running org.apache.ibatis.submitted.foreach_map.ForEachMapTest
2025-11-12T14:50:01.9983235Z [INFO] Tests run: 4, Failures: 0, Errors: 0, Skipped: 0, Time elapsed: 0.019 s -- in org.apache.ibatis.submitted.foreach_map.ForEachMapTest
2025-11-12T14:50:01.9984795Z [INFO] Running org.apache.ibatis.submitted.collection_in_constructor.CollectionInConstructorTest
2025-11-12T14:50:02.0590359Z [WARNING] Tests run: 13, Failures: 0, Errors: 0, Skipped: 1, Time elapsed: 0.059 s -- in org.apache.ibatis.submitted.collection_in_constructor.CollectionInConstructorTest
2025-11-12T14:50:02.0592017Z [INFO] Running org.apache.ibatis.submitted.multiple_resultsets.MultipleResultTest
2025-11-12T14:50:02.1144178Z [INFO] Tests run: 2, Failures: 0, Errors: 0, Skipped: 0, Time elapsed: 0.057 s -- in org.apache.ibatis.submitted.multiple_resultsets.MultipleResultTest
2025-11-12T14:50:02.1146834Z [INFO] Running org.apache.ibatis.submitted.order_prefix_removed.OrderPrefixRemovedTest
2025-11-12T14:50:02.1347350Z [INFO] Tests run: 1, Failures: 0, Errors: 0, Skipped: 0, Time elapsed: 0.020 s -- in org.apache.ibatis.submitted.order_prefix_removed.OrderPrefixRemovedTest
2025-11-12T14:50:02.1348972Z [INFO] Running org.apache.ibatis.submitted.cursor_simple.MysqlCursorTest
2025-11-12T14:50:24.4850601Z [INFO] Tests run: 2, Failures: 0, Errors: 0, Skipped: 0, Time elapsed: 22.35 s -- in org.apache.ibatis.submitted.cursor_simple.MysqlCursorTest
2025-11-12T14:50:24.4853256Z [INFO] Running org.apache.ibatis.submitted.cursor_simple.PostgresCursorTest
2025-11-12T14:50:24.5042232Z [INFO] Tests run: 1, Failures: 0, Errors: 0, Skipped: 0, Time elapsed: 0.019 s -- in org.apache.ibatis.submitted.cursor_simple.PostgresCursorTest
2025-11-12T14:50:24.5044555Z [INFO] Running org.apache.ibatis.submitted.cursor_simple.CursorSimpleTest
2025-11-12T14:50:24.5341333Z [INFO] Tests run: 14, Failures: 0, Errors: 0, Skipped: 0, Time elapsed: 0.029 s -- in org.apache.ibatis.submitted.cursor_simple.CursorSimpleTest
2025-11-12T14:50:24.5348814Z [INFO] Running org.apache.ibatis.submitted.nestedresulthandler_association.NestedResultHandlerAssociationTest
2025-11-12T14:50:24.5539936Z [INFO] Tests run: 2, Failures: 0, Errors: 0, Skipped: 0, Time elapsed: 0.019 s -- in org.apache.ibatis.submitted.nestedresulthandler_association.NestedResultHandlerAssociationTest
2025-11-12T14:50:24.5545364Z [INFO] Running org.apache.ibatis.submitted.count.CountTest
2025-11-12T14:50:24.5603842Z [INFO] Tests run: 1, Failures: 0, Errors: 0, Skipped: 0, Time elapsed: 0.006 s -- in org.apache.ibatis.submitted.count.CountTest
2025-11-12T14:50:24.5608845Z [INFO] Running org.apache.ibatis.submitted.sqlprovider.SqlProviderTest
2025-11-12T14:50:24.8310338Z [INFO] Tests run: 53, Failures: 0, Errors: 0, Skipped: 0, Time elapsed: 0.268 s -- in org.apache.ibatis.submitted.sqlprovider.SqlProviderTest
2025-11-12T14:50:24.8312654Z [INFO] Running org.apache.ibatis.submitted.sqlprovider.ProviderMethodResolutionTest
2025-11-12T14:50:24.8521993Z [INFO] Tests run: 9, Failures: 0, Errors: 0, Skipped: 0, Time elapsed: 0.020 s -- in org.apache.ibatis.submitted.sqlprovider.ProviderMethodResolutionTest
2025-11-12T14:50:24.8523752Z [INFO] Running org.apache.ibatis.submitted.sql.PostgresSQLTest
2025-11-12T14:50:24.8738364Z [INFO] Tests run: 1, Failures: 0, Errors: 0, Skipped: 0, Time elapsed: 0.022 s -- in org.apache.ibatis.submitted.sql.PostgresSQLTest
2025-11-12T14:50:24.8740144Z [INFO] Running org.apache.ibatis.submitted.sql.HsqldbSQLTest
2025-11-12T14:50:24.8860006Z [INFO] Tests run: 1, Failures: 0, Errors: 0, Skipped: 0, Time elapsed: 0.012 s -- in org.apache.ibatis.submitted.sql.HsqldbSQLTest
2025-11-12T14:50:24.8873033Z [INFO] Running org.apache.ibatis.submitted.inheritance.InheritanceTest
2025-11-12T14:50:24.9036846Z [INFO] Tests run: 1, Failures: 0, Errors: 0, Skipped: 0, Time elapsed: 0.017 s -- in org.apache.ibatis.submitted.inheritance.InheritanceTest
2025-11-12T14:50:24.9038061Z [INFO] Running org.apache.ibatis.submitted.discriminator.DiscriminatorTest
2025-11-12T14:50:24.9218719Z [INFO] Tests run: 4, Failures: 0, Errors: 0, Skipped: 0, Time elapsed: 0.017 s -- in org.apache.ibatis.submitted.discriminator.DiscriminatorTest
2025-11-12T14:50:24.9221220Z [INFO] Running org.apache.ibatis.submitted.use_actual_param_name.UseActualParamNameTest
2025-11-12T14:50:24.9437423Z [INFO] Tests run: 4, Failures: 0, Errors: 0, Skipped: 0, Time elapsed: 0.021 s -- in org.apache.ibatis.submitted.use_actual_param_name.UseActualParamNameTest
2025-11-12T14:50:24.9440519Z [INFO] Running org.apache.ibatis.submitted.multidb.ProviderTest
2025-11-12T14:50:24.9586407Z [INFO] Tests run: 2, Failures: 0, Errors: 0, Skipped: 0, Time elapsed: 0.015 s -- in org.apache.ibatis.submitted.multidb.ProviderTest
2025-11-12T14:50:24.9587479Z [INFO] Running org.apache.ibatis.submitted.multidb.MultiDbTest
2025-11-12T14:50:24.9703978Z [INFO] Tests run: 6, Failures: 0, Errors: 0, Skipped: 0, Time elapsed: 0.012 s -- in org.apache.ibatis.submitted.multidb.MultiDbTest
2025-11-12T14:50:24.9709078Z [INFO] Running org.apache.ibatis.submitted.literal_string.LiteralStringTest
2025-11-12T14:50:24.9847807Z [INFO] Tests run: 3, Failures: 0, Errors: 0, Skipped: 0, Time elapsed: 0.014 s -- in org.apache.ibatis.submitted.literal_string.LiteralStringTest
2025-11-12T14:50:24.9851253Z [INFO] Running org.apache.ibatis.submitted.duplicate_resource_loaded.DuplicateResourceTest
2025-11-12T14:50:25.0977493Z [INFO] Tests run: 1, Failures: 0, Errors: 0, Skipped: 0, Time elapsed: 0.112 s -- in org.apache.ibatis.submitted.duplicate_resource_loaded.DuplicateResourceTest
2025-11-12T14:50:25.0981137Z [INFO] Running org.apache.ibatis.submitted.arg_name_based_constructor_automapping.ArgNameBasedConstructorAutoMappingTest
2025-11-12T14:50:25.1194951Z [INFO] Tests run: 7, Failures: 0, Errors: 0, Skipped: 0, Time elapsed: 0.022 s -- in org.apache.ibatis.submitted.arg_name_based_constructor_automapping.ArgNameBasedConstructorAutoMappingTest
2025-11-12T14:50:25.1197692Z [INFO] Running org.apache.ibatis.submitted.member_access.MemberAccessTest
2025-11-12T14:50:25.1461336Z [INFO] Tests run: 5, Failures: 0, Errors: 0, Skipped: 0, Time elapsed: 0.026 s -- in org.apache.ibatis.submitted.member_access.MemberAccessTest
2025-11-12T14:50:25.1465240Z [INFO] Running org.apache.ibatis.submitted.primitive_result_type.PrimitiveResultTypeTest
2025-11-12T14:50:25.1637571Z [INFO] Tests run: 2, Failures: 0, Errors: 0, Skipped: 0, Time elapsed: 0.017 s -- in org.apache.ibatis.submitted.primitive_result_type.PrimitiveResultTypeTest
2025-11-12T14:50:25.1638900Z [INFO] Running org.apache.ibatis.submitted.include_property.IncludePropertyTest
2025-11-12T14:50:25.1837554Z [INFO] Tests run: 9, Failures: 0, Errors: 0, Skipped: 0, Time elapsed: 0.019 s -- in org.apache.ibatis.submitted.include_property.IncludePropertyTest
2025-11-12T14:50:25.1855129Z [INFO] Running org.apache.ibatis.submitted.include_property.IncludePropertyErrorTest
2025-11-12T14:50:25.1879006Z [INFO] Tests run: 1, Failures: 0, Errors: 0, Skipped: 0, Time elapsed: 0.003 s -- in org.apache.ibatis.submitted.include_property.IncludePropertyErrorTest
2025-11-12T14:50:25.1880283Z [INFO] Running org.apache.ibatis.submitted.dynsql.DynSqlTest
2025-11-12T14:50:25.2267039Z [INFO] Tests run: 9, Failures: 0, Errors: 0, Skipped: 0, Time elapsed: 0.037 s -- in org.apache.ibatis.submitted.dynsql.DynSqlTest
2025-11-12T14:50:25.2269128Z [INFO] Running org.apache.ibatis.submitted.simplelistparameter.SimpleListParameterTest
2025-11-12T14:50:25.2451128Z [INFO] Tests run: 3, Failures: 0, Errors: 0, Skipped: 0, Time elapsed: 0.020 s -- in org.apache.ibatis.submitted.simplelistparameter.SimpleListParameterTest
2025-11-12T14:50:25.2458086Z [INFO] Running org.apache.ibatis.submitted.cacheorder.CacheOrderTest
2025-11-12T14:50:25.2611360Z [INFO] Tests run: 1, Failures: 0, Errors: 0, Skipped: 0, Time elapsed: 0.015 s -- in org.apache.ibatis.submitted.cacheorder.CacheOrderTest
2025-11-12T14:50:25.2617316Z [INFO] Running org.apache.ibatis.submitted.collection_injection.CollectionInjectionTest
2025-11-12T14:50:25.3062086Z [INFO] Tests run: 3, Failures: 0, Errors: 0, Skipped: 0, Time elapsed: 0.044 s -- in org.apache.ibatis.submitted.collection_injection.CollectionInjectionTest
2025-11-12T14:50:25.3068167Z [INFO] Running org.apache.ibatis.submitted.enumtypehandler_on_map.EnumTypeHandlerTest
2025-11-12T14:50:25.3206823Z [INFO] Tests run: 2, Failures: 0, Errors: 0, Skipped: 0, Time elapsed: 0.015 s -- in org.apache.ibatis.submitted.enumtypehandler_on_map.EnumTypeHandlerTest
2025-11-12T14:50:25.3213278Z [INFO] Running org.apache.ibatis.submitted.multipleiterates.MultipleIteratesTest
2025-11-12T14:50:25.3337933Z [INFO] Tests run: 1, Failures: 0, Errors: 0, Skipped: 0, Time elapsed: 0.013 s -- in org.apache.ibatis.submitted.multipleiterates.MultipleIteratesTest
2025-11-12T14:50:25.3341682Z [INFO] Running org.apache.ibatis.submitted.not_null_column.NotNullColumnTest
2025-11-12T14:50:25.3555187Z [INFO] Tests run: 8, Failures: 0, Errors: 0, Skipped: 0, Time elapsed: 0.021 s -- in org.apache.ibatis.submitted.not_null_column.NotNullColumnTest
2025-11-12T14:50:25.3557086Z [INFO] Running org.apache.ibatis.submitted.nestedresulthandler_gh1551.NestedResultHandlerGh1551Test
2025-11-12T14:50:25.3744652Z [INFO] Tests run: 2, Failures: 0, Errors: 0, Skipped: 0, Time elapsed: 0.020 s -- in org.apache.ibatis.submitted.nestedresulthandler_gh1551.NestedResultHandlerGh1551Test
2025-11-12T14:50:25.3746236Z [INFO] Running org.apache.ibatis.submitted.associationtype.AssociationTypeTest
2025-11-12T14:50:25.3911621Z [INFO] Tests run: 2, Failures: 0, Errors: 0, Skipped: 0, Time elapsed: 0.016 s -- in org.apache.ibatis.submitted.associationtype.AssociationTypeTest
2025-11-12T14:50:25.3916700Z [INFO] Running org.apache.ibatis.submitted.refid_resolution.ExternalRefidResolutionTest
2025-11-12T14:50:25.3983594Z [INFO] Tests run: 1, Failures: 0, Errors: 0, Skipped: 0, Time elapsed: 0.006 s -- in org.apache.ibatis.submitted.refid_resolution.ExternalRefidResolutionTest
2025-11-12T14:50:25.3991897Z [INFO] Running org.apache.ibatis.submitted.refid_resolution.RefidResolutionTest
2025-11-12T14:50:25.4035036Z [INFO] Tests run: 1, Failures: 0, Errors: 0, Skipped: 0, Time elapsed: 0.005 s -- in org.apache.ibatis.submitted.refid_resolution.RefidResolutionTest
2025-11-12T14:50:25.4036634Z [INFO] Running org.apache.ibatis.submitted.generictypes.GenericTypesTest
2025-11-12T14:50:25.4179620Z [INFO] Tests run: 1, Failures: 0, Errors: 0, Skipped: 0, Time elapsed: 0.015 s -- in org.apache.ibatis.submitted.generictypes.GenericTypesTest
2025-11-12T14:50:25.4183177Z [INFO] Running org.apache.ibatis.submitted.global_variables.BaseTest
2025-11-12T14:50:25.4318610Z [INFO] Tests run: 2, Failures: 0, Errors: 0, Skipped: 0, Time elapsed: 0.014 s -- in org.apache.ibatis.submitted.global_variables.BaseTest
2025-11-12T14:50:25.4322074Z [INFO] Running org.apache.ibatis.submitted.param_name_resolve.ActualParamNameTest
2025-11-12T14:50:25.4486475Z [INFO] Tests run: 2, Failures: 0, Errors: 0, Skipped: 0, Time elapsed: 0.016 s -- in org.apache.ibatis.submitted.param_name_resolve.ActualParamNameTest
2025-11-12T14:50:25.4493140Z [INFO] Running org.apache.ibatis.submitted.param_name_resolve.NoActualParamNameTest
2025-11-12T14:50:25.4558878Z [INFO] Tests run: 1, Failures: 0, Errors: 0, Skipped: 0, Time elapsed: 0.007 s -- in org.apache.ibatis.submitted.param_name_resolve.NoActualParamNameTest
2025-11-12T14:50:25.4562628Z [INFO] Running org.apache.ibatis.submitted.keygen.Jdbc3KeyGeneratorTest
2025-11-12T14:50:25.5008672Z [INFO] Tests run: 32, Failures: 0, Errors: 0, Skipped: 0, Time elapsed: 0.040 s -- in org.apache.ibatis.submitted.keygen.Jdbc3KeyGeneratorTest
2025-11-12T14:50:25.5010327Z [INFO] Running org.apache.ibatis.submitted.refcursor.RefCursorTest
2025-11-12T14:50:25.5760922Z [INFO] Tests run: 4, Failures: 0, Errors: 0, Skipped: 0, Time elapsed: 0.078 s -- in org.apache.ibatis.submitted.refcursor.RefCursorTest
2025-11-12T14:50:25.5767170Z [INFO] Running org.apache.ibatis.submitted.xml_references.EnumWithOgnlTest
2025-11-12T14:50:25.5869936Z [INFO] Tests run: 2, Failures: 0, Errors: 0, Skipped: 0, Time elapsed: 0.012 s -- in org.apache.ibatis.submitted.xml_references.EnumWithOgnlTest
2025-11-12T14:50:25.5871910Z [INFO] Running org.apache.ibatis.submitted.no_param_type.NoParamTypeTest
2025-11-12T14:50:25.6006095Z [INFO] Tests run: 1, Failures: 0, Errors: 0, Skipped: 0, Time elapsed: 0.013 s -- in org.apache.ibatis.submitted.no_param_type.NoParamTypeTest
2025-11-12T14:50:25.6007884Z [INFO] Running org.apache.ibatis.submitted.result_handler.ResultHandlerTest
2025-11-12T14:50:25.6078292Z [INFO] Tests run: 2, Failures: 0, Errors: 0, Skipped: 0, Time elapsed: 0.007 s -- in org.apache.ibatis.submitted.result_handler.ResultHandlerTest
2025-11-12T14:50:25.6079955Z [INFO] Running org.apache.ibatis.submitted.map_class_name_conflict.MapperNameTest
2025-11-12T14:50:25.6125942Z [INFO] Tests run: 1, Failures: 0, Errors: 0, Skipped: 0, Time elapsed: 0.005 s -- in org.apache.ibatis.submitted.map_class_name_conflict.MapperNameTest
2025-11-12T14:50:25.6128343Z [INFO] Running org.apache.ibatis.submitted.lazy_deserialize.LazyDeserializeTest
2025-11-12T14:50:25.6389858Z [INFO] Tests run: 2, Failures: 0, Errors: 0, Skipped: 0, Time elapsed: 0.025 s -- in org.apache.ibatis.submitted.lazy_deserialize.LazyDeserializeTest
2025-11-12T14:50:25.6391130Z [INFO] Running org.apache.ibatis.submitted.heavy_initial_load.HeavyInitialLoadTest
2025-11-12T14:50:25.9013177Z [INFO] Tests run: 1, Failures: 0, Errors: 0, Skipped: 0, Time elapsed: 0.258 s -- in org.apache.ibatis.submitted.heavy_initial_load.HeavyInitialLoadTest
2025-11-12T14:50:25.9018011Z [INFO] Running org.apache.ibatis.submitted.lazyload_common_property.CommonPropertyLazyLoadTest
2025-11-12T14:50:25.9449039Z [INFO] Tests run: 4, Failures: 0, Errors: 0, Skipped: 0, Time elapsed: 0.044 s -- in org.apache.ibatis.submitted.lazyload_common_property.CommonPropertyLazyLoadTest
2025-11-12T14:50:25.9472641Z [INFO] Running org.apache.ibatis.submitted.databaseid_productname.DatabaseIdProductNameTest
2025-11-12T14:50:25.9577015Z [INFO] Tests run: 1, Failures: 0, Errors: 0, Skipped: 0, Time elapsed: 0.015 s -- in org.apache.ibatis.submitted.databaseid_productname.DatabaseIdProductNameTest
2025-11-12T14:50:25.9578498Z [INFO] Running org.apache.ibatis.submitted.multipleresultsetswithassociation.MultipleResultSetTest
2025-11-12T14:50:25.9879210Z [INFO] Tests run: 2, Failures: 0, Errors: 0, Skipped: 0, Time elapsed: 0.028 s -- in org.apache.ibatis.submitted.multipleresultsetswithassociation.MultipleResultSetTest
2025-11-12T14:50:25.9881086Z [INFO] Running org.apache.ibatis.submitted.annotion_many_one_add_resultmapid.OneManyResultMapTest
2025-11-12T14:50:26.0121001Z [INFO] Tests run: 4, Failures: 0, Errors: 0, Skipped: 0, Time elapsed: 0.024 s -- in org.apache.ibatis.submitted.annotion_many_one_add_resultmapid.OneManyResultMapTest
2025-11-12T14:50:26.0123622Z [INFO] Running org.apache.ibatis.submitted.cursor_cache_oom.CursorOomTest
2025-11-12T14:50:31.3652274Z [INFO] Tests run: 1, Failures: 0, Errors: 0, Skipped: 0, Time elapsed: 5.353 s -- in org.apache.ibatis.submitted.cursor_cache_oom.CursorOomTest
2025-11-12T14:50:31.3654883Z [INFO] Running org.apache.ibatis.submitted.nestedresulthandler.NestedResultHandlerTest
2025-11-12T14:50:31.3905301Z [INFO] Tests run: 5, Failures: 0, Errors: 0, Skipped: 0, Time elapsed: 0.025 s -- in org.apache.ibatis.submitted.nestedresulthandler.NestedResultHandlerTest
2025-11-12T14:50:31.3907049Z [INFO] Running org.apache.ibatis.submitted.javassist.JavassistTest
2025-11-12T14:50:31.4055534Z [INFO] Tests run: 1, Failures: 0, Errors: 0, Skipped: 0, Time elapsed: 0.015 s -- in org.apache.ibatis.submitted.javassist.JavassistTest
2025-11-12T14:50:31.4056885Z [INFO] Running org.apache.ibatis.submitted.batch_test.BatchTest
2025-11-12T14:50:31.4174080Z [INFO] Tests run: 1, Failures: 0, Errors: 0, Skipped: 0, Time elapsed: 0.011 s -- in org.apache.ibatis.submitted.batch_test.BatchTest
2025-11-12T14:50:31.4175129Z [INFO] Running org.apache.ibatis.submitted.includes.IncludeTest
2025-11-12T14:50:31.4303015Z [INFO] Tests run: 3, Failures: 0, Errors: 0, Skipped: 0, Time elapsed: 0.014 s -- in org.apache.ibatis.submitted.includes.IncludeTest
2025-11-12T14:50:31.4304216Z [INFO] Running org.apache.ibatis.submitted.serializecircular.SerializeCircularTest
2025-11-12T14:50:31.4899899Z [INFO] Tests run: 4, Failures: 0, Errors: 0, Skipped: 0, Time elapsed: 0.059 s -- in org.apache.ibatis.submitted.serializecircular.SerializeCircularTest
2025-11-12T14:50:31.4903634Z [INFO] Running org.apache.ibatis.submitted.enum_with_method.EnumWithMethodTest
2025-11-12T14:50:31.5145136Z [INFO] Tests run: 2, Failures: 0, Errors: 0, Skipped: 0, Time elapsed: 0.022 s -- in org.apache.ibatis.submitted.enum_with_method.EnumWithMethodTest
2025-11-12T14:50:31.5150894Z [INFO] Running org.apache.ibatis.submitted.collectionparameters.CollectionParametersTest
2025-11-12T14:50:31.5347762Z [INFO] Tests run: 3, Failures: 0, Errors: 0, Skipped: 0, Time elapsed: 0.019 s -- in org.apache.ibatis.submitted.collectionparameters.CollectionParametersTest
2025-11-12T14:50:31.5354053Z [INFO] Running org.apache.ibatis.submitted.nested.NestedForEachTest
2025-11-12T14:50:31.5528746Z [INFO] Tests run: 5, Failures: 0, Errors: 0, Skipped: 0, Time elapsed: 0.021 s -- in org.apache.ibatis.submitted.nested.NestedForEachTest
2025-11-12T14:50:31.5530872Z [INFO] Running org.apache.ibatis.submitted.mapper_extend.MapperExtendTest
2025-11-12T14:50:31.5707344Z [INFO] Tests run: 6, Failures: 0, Errors: 0, Skipped: 0, Time elapsed: 0.017 s -- in org.apache.ibatis.submitted.mapper_extend.MapperExtendTest
2025-11-12T14:50:31.5708954Z [INFO] Running org.apache.ibatis.submitted.unknownobject.UnknownObjectTest
2025-11-12T14:50:31.5809034Z [INFO] Tests run: 1, Failures: 0, Errors: 0, Skipped: 0, Time elapsed: 0.010 s -- in org.apache.ibatis.submitted.unknownobject.UnknownObjectTest
2025-11-12T14:50:31.5813607Z [INFO] Running org.apache.ibatis.submitted.primitives.PrimitivesTest
2025-11-12T14:50:31.5911184Z [INFO] Tests run: 1, Failures: 0, Errors: 0, Skipped: 0, Time elapsed: 0.010 s -- in org.apache.ibatis.submitted.primitives.PrimitivesTest
2025-11-12T14:50:31.5912951Z [INFO] Running org.apache.ibatis.submitted.raw_sql_source.RawSqlSourceTest
2025-11-12T14:50:31.6122649Z [INFO] Tests run: 7, Failures: 0, Errors: 0, Skipped: 0, Time elapsed: 0.021 s -- in org.apache.ibatis.submitted.raw_sql_source.RawSqlSourceTest
2025-11-12T14:50:31.6125914Z [INFO] Running org.apache.ibatis.submitted.complex_column.ComplexColumnTest
2025-11-12T14:50:31.6295682Z [INFO] Tests run: 6, Failures: 0, Errors: 0, Skipped: 0, Time elapsed: 0.017 s -- in org.apache.ibatis.submitted.complex_column.ComplexColumnTest
2025-11-12T14:50:31.6298785Z [INFO] Running org.apache.ibatis.submitted.emptycollection.DaoTest
2025-11-12T14:50:31.6500917Z [INFO] Tests run: 3, Failures: 0, Errors: 0, Skipped: 0, Time elapsed: 0.020 s -- in org.apache.ibatis.submitted.emptycollection.DaoTest
2025-11-12T14:50:31.6502559Z [INFO] Running org.apache.ibatis.submitted.column_prefix.ColumnPrefixAutoMappingTest
2025-11-12T14:50:31.7075496Z [INFO] Tests run: 3, Failures: 0, Errors: 0, Skipped: 0, Time elapsed: 0.057 s -- in org.apache.ibatis.submitted.column_prefix.ColumnPrefixAutoMappingTest
2025-11-12T14:50:31.7079448Z [INFO] Running org.apache.ibatis.submitted.column_prefix.ColumnPrefixTest
2025-11-12T14:50:31.7252777Z [INFO] Tests run: 2, Failures: 0, Errors: 0, Skipped: 0, Time elapsed: 0.018 s -- in org.apache.ibatis.submitted.column_prefix.ColumnPrefixTest
2025-11-12T14:50:31.7258318Z [INFO] Running org.apache.ibatis.submitted.column_prefix.ColumnPrefixNestedQueryTest
2025-11-12T14:50:31.7529200Z [INFO] Tests run: 2, Failures: 0, Errors: 0, Skipped: 0, Time elapsed: 0.027 s -- in org.apache.ibatis.submitted.column_prefix.ColumnPrefixNestedQueryTest
2025-11-12T14:50:31.7533891Z [INFO] Running org.apache.ibatis.submitted.bind_in_foreach.BindInForeachTest
2025-11-12T14:50:31.7741141Z [INFO] Tests run: 1, Failures: 0, Errors: 0, Skipped: 0, Time elapsed: 0.021 s -- in org.apache.ibatis.submitted.bind_in_foreach.BindInForeachTest
2025-11-12T14:50:31.7746678Z [INFO] Running org.apache.ibatis.submitted.integer_enum.IntegerEnumTest
2025-11-12T14:50:31.7868561Z [INFO] Tests run: 1, Failures: 0, Errors: 0, Skipped: 0, Time elapsed: 0.013 s -- in org.apache.ibatis.submitted.integer_enum.IntegerEnumTest
2025-11-12T14:50:31.7951345Z [INFO] Running org.apache.ibatis.submitted.timestamp_with_timezone.TimestampWithTimezoneTypeHandlerTest
2025-11-12T14:50:31.8096492Z [WARNING] Tests run: 3, Failures: 0, Errors: 0, Skipped: 1, Time elapsed: 0.019 s -- in org.apache.ibatis.submitted.timestamp_with_timezone.TimestampWithTimezoneTypeHandlerTest
2025-11-12T14:50:31.8101141Z [INFO] Running org.apache.ibatis.submitted.quotedcolumnnames.QuotedColumnNamesTest
2025-11-12T14:50:31.8197831Z [INFO] Tests run: 2, Failures: 0, Errors: 0, Skipped: 0, Time elapsed: 0.010 s -- in org.apache.ibatis.submitted.quotedcolumnnames.QuotedColumnNamesTest
2025-11-12T14:50:31.8202389Z [INFO] Running org.apache.ibatis.submitted.array_result_type.ArrayResultTypeTest
2025-11-12T14:50:31.8704298Z [INFO] Tests run: 4, Failures: 0, Errors: 0, Skipped: 0, Time elapsed: 0.050 s -- in org.apache.ibatis.submitted.array_result_type.ArrayResultTypeTest
2025-11-12T14:50:31.8708938Z [INFO] Running org.apache.ibatis.submitted.handle_by_jdbc_type.HandlerByJdbcTypeTest
2025-11-12T14:50:31.9012720Z [INFO] Tests run: 4, Failures: 0, Errors: 0, Skipped: 0, Time elapsed: 0.029 s -- in org.apache.ibatis.submitted.handle_by_jdbc_type.HandlerByJdbcTypeTest
2025-11-12T14:50:31.9017539Z [INFO] Running org.apache.ibatis.submitted.localtime.LocalTimeTest
2025-11-12T14:50:31.9147823Z [INFO] Tests run: 2, Failures: 0, Errors: 0, Skipped: 0, Time elapsed: 0.015 s -- in org.apache.ibatis.submitted.localtime.LocalTimeTest
2025-11-12T14:50:31.9152797Z [INFO] Running org.apache.ibatis.submitted.resultmapwithassociationstest.ResultMapWithAssociationsTest
2025-11-12T14:50:31.9300168Z [INFO] Tests run: 1, Failures: 0, Errors: 0, Skipped: 0, Time elapsed: 0.015 s -- in org.apache.ibatis.submitted.resultmapwithassociationstest.ResultMapWithAssociationsTest
2025-11-12T14:50:31.9305034Z [INFO] Running org.apache.ibatis.submitted.cache.CacheTest
2025-11-12T14:50:32.0026033Z [INFO] Tests run: 11, Failures: 0, Errors: 0, Skipped: 0, Time elapsed: 0.072 s -- in org.apache.ibatis.submitted.cache.CacheTest
2025-11-12T14:50:32.0029237Z [INFO] Running org.apache.ibatis.submitted.keycolumn.InsertTest
2025-11-12T14:50:32.0362899Z [INFO] Tests run: 3, Failures: 0, Errors: 0, Skipped: 0, Time elapsed: 0.033 s -- in org.apache.ibatis.submitted.keycolumn.InsertTest
2025-11-12T14:50:32.0365104Z [INFO] Running org.apache.ibatis.submitted.flush_statement_npe.FlushStatementNpeTest
2025-11-12T14:50:32.0493182Z [INFO] Tests run: 3, Failures: 0, Errors: 0, Skipped: 0, Time elapsed: 0.013 s -- in org.apache.ibatis.submitted.flush_statement_npe.FlushStatementNpeTest
2025-11-12T14:50:32.0497533Z [INFO] Running org.apache.ibatis.submitted.no_result_type_map.NoResultTypeMapTest
2025-11-12T14:50:32.0583022Z [INFO] Tests run: 4, Failures: 0, Errors: 0, Skipped: 0, Time elapsed: 0.009 s -- in org.apache.ibatis.submitted.no_result_type_map.NoResultTypeMapTest
2025-11-12T14:50:32.0585732Z [INFO] Running org.apache.ibatis.submitted.custom_collection_handling.CustomCollectionHandlingTest
2025-11-12T14:50:32.0765471Z [INFO] Tests run: 2, Failures: 0, Errors: 0, Skipped: 0, Time elapsed: 0.018 s -- in org.apache.ibatis.submitted.custom_collection_handling.CustomCollectionHandlingTest
2025-11-12T14:50:32.0768006Z [INFO] Running org.apache.ibatis.submitted.batch_keys.BatchKeysTest
2025-11-12T14:50:32.1126141Z [INFO] Tests run: 5, Failures: 0, Errors: 0, Skipped: 0, Time elapsed: 0.035 s -- in org.apache.ibatis.submitted.batch_keys.BatchKeysTest
2025-11-12T14:50:32.1128296Z [INFO] Running org.apache.ibatis.submitted.blocking_cache.BlockingCacheTest
2025-11-12T14:50:33.1309836Z [INFO] Tests run: 3, Failures: 0, Errors: 0, Skipped: 0, Time elapsed: 1.017 s -- in org.apache.ibatis.submitted.blocking_cache.BlockingCacheTest
2025-11-12T14:50:33.1312141Z [INFO] Running org.apache.ibatis.submitted.manyanno.ManyAnnoTest
2025-11-12T14:50:33.2480494Z [INFO] Tests run: 1, Failures: 0, Errors: 0, Skipped: 0, Time elapsed: 0.117 s -- in org.apache.ibatis.submitted.manyanno.ManyAnnoTest
2025-11-12T14:50:33.2482215Z [INFO] Running org.apache.ibatis.submitted.primitive_array.PrimitiveArrayTest
2025-11-12T14:50:33.2605298Z [INFO] Tests run: 1, Failures: 0, Errors: 0, Skipped: 0, Time elapsed: 0.012 s -- in org.apache.ibatis.submitted.primitive_array.PrimitiveArrayTest
2025-11-12T14:50:33.2608553Z [INFO] Running org.apache.ibatis.submitted.empty_namespace.EmptyNamespaceTest
2025-11-12T14:50:33.2649853Z [INFO] Tests run: 1, Failures: 0, Errors: 0, Skipped: 0, Time elapsed: 0.004 s -- in org.apache.ibatis.submitted.empty_namespace.EmptyNamespaceTest
2025-11-12T14:50:33.2652267Z [INFO] Running org.apache.ibatis.submitted.extend.ExtendTest
2025-11-12T14:50:33.2754894Z [INFO] Tests run: 1, Failures: 0, Errors: 0, Skipped: 0, Time elapsed: 0.010 s -- in org.apache.ibatis.submitted.extend.ExtendTest
2025-11-12T14:50:33.2756899Z [INFO] Running org.apache.ibatis.submitted.repeatable.RepeatableDeleteTest
2025-11-12T14:50:33.8484726Z [INFO] Tests run: 6, Failures: 0, Errors: 0, Skipped: 0, Time elapsed: 0.573 s -- in org.apache.ibatis.submitted.repeatable.RepeatableDeleteTest
2025-11-12T14:50:33.8486486Z [INFO] Running org.apache.ibatis.submitted.repeatable.RepeatableUpdateTest
2025-11-12T14:50:33.9131090Z [INFO] Tests run: 6, Failures: 0, Errors: 0, Skipped: 0, Time elapsed: 0.064 s -- in org.apache.ibatis.submitted.repeatable.RepeatableUpdateTest
2025-11-12T14:50:33.9132442Z [INFO] Running org.apache.ibatis.submitted.repeatable.RepeatableSelectTest
2025-11-12T14:50:34.0152286Z [INFO] Tests run: 8, Failures: 0, Errors: 0, Skipped: 0, Time elapsed: 0.101 s -- in org.apache.ibatis.submitted.repeatable.RepeatableSelectTest
2025-11-12T14:50:34.0158279Z [INFO] Running org.apache.ibatis.submitted.repeatable.RepeatableInsertTest
2025-11-12T14:50:34.0847577Z [INFO] Tests run: 6, Failures: 0, Errors: 0, Skipped: 0, Time elapsed: 0.069 s -- in org.apache.ibatis.submitted.repeatable.RepeatableInsertTest
2025-11-12T14:50:34.0853339Z [INFO] Running org.apache.ibatis.submitted.repeatable.RepeatableErrorTest
2025-11-12T14:50:34.1410962Z [INFO] Tests run: 3, Failures: 0, Errors: 0, Skipped: 0, Time elapsed: 0.056 s -- in org.apache.ibatis.submitted.repeatable.RepeatableErrorTest
2025-11-12T14:50:34.1412254Z [INFO] Running org.apache.ibatis.submitted.stringlist.StringListTest
2025-11-12T14:50:34.1700578Z [INFO] Tests run: 3, Failures: 0, Errors: 0, Skipped: 0, Time elapsed: 0.029 s -- in org.apache.ibatis.submitted.stringlist.StringListTest
2025-11-12T14:50:34.1706764Z [INFO] Running org.apache.ibatis.submitted.auto_type_from_non_ambiguous_constructor.AutoTypeFromNonAmbiguousConstructorFailingTest
2025-11-12T14:50:34.1760840Z [INFO] Tests run: 1, Failures: 0, Errors: 0, Skipped: 0, Time elapsed: 0.006 s -- in org.apache.ibatis.submitted.auto_type_from_non_ambiguous_constructor.AutoTypeFromNonAmbiguousConstructorFailingTest
2025-11-12T14:50:34.1767901Z [INFO] Running org.apache.ibatis.submitted.auto_type_from_non_ambiguous_constructor.AutoTypeFromNonAmbiguousConstructorTest
2025-11-12T14:50:34.1971195Z [INFO] Tests run: 5, Failures: 0, Errors: 0, Skipped: 0, Time elapsed: 0.018 s -- in org.apache.ibatis.submitted.auto_type_from_non_ambiguous_constructor.AutoTypeFromNonAmbiguousConstructorTest
2025-11-12T14:50:34.1977839Z [INFO] Running org.apache.ibatis.submitted.overwritingproperties.FooMapperTest
2025-11-12T14:50:34.2130941Z [INFO] Tests run: 1, Failures: 0, Errors: 0, Skipped: 0, Time elapsed: 0.017 s -- in org.apache.ibatis.submitted.overwritingproperties.FooMapperTest
2025-11-12T14:50:34.2139257Z [INFO] Running org.apache.ibatis.submitted.rounding.RoundingHandlersTest
2025-11-12T14:50:34.2265458Z [INFO] Tests run: 2, Failures: 0, Errors: 0, Skipped: 0, Time elapsed: 0.013 s -- in org.apache.ibatis.submitted.rounding.RoundingHandlersTest
2025-11-12T14:50:34.2268128Z [INFO] Running org.apache.ibatis.submitted.typebasedtypehandlerresolution.GloballyRegisteredTypeHandlerResolutionTest
2025-11-12T14:50:34.2533653Z [INFO] Tests run: 14, Failures: 0, Errors: 0, Skipped: 0, Time elapsed: 0.026 s -- in org.apache.ibatis.submitted.typebasedtypehandlerresolution.GloballyRegisteredTypeHandlerResolutionTest
2025-11-12T14:50:34.2536270Z [INFO] Running org.apache.ibatis.submitted.typebasedtypehandlerresolution.LocallySpecifiedTypeHandlerResolutionTest
2025-11-12T14:50:34.2762243Z [INFO] Tests run: 12, Failures: 0, Errors: 0, Skipped: 0, Time elapsed: 0.023 s -- in org.apache.ibatis.submitted.typebasedtypehandlerresolution.LocallySpecifiedTypeHandlerResolutionTest
2025-11-12T14:50:34.2764550Z [INFO] Running org.apache.ibatis.submitted.nestedresulthandler_multiple_association.NestedResultHandlerMultipleAssociationTest
2025-11-12T14:50:34.2860838Z [INFO] Tests run: 2, Failures: 0, Errors: 0, Skipped: 0, Time elapsed: 0.010 s -- in org.apache.ibatis.submitted.nestedresulthandler_multiple_association.NestedResultHandlerMultipleAssociationTest
2025-11-12T14:50:34.2862879Z [INFO] Running org.apache.ibatis.submitted.autodiscover.AutodiscoverTest
2025-11-12T14:50:34.2925833Z [INFO] Tests run: 3, Failures: 0, Errors: 0, Skipped: 0, Time elapsed: 0.006 s -- in org.apache.ibatis.submitted.autodiscover.AutodiscoverTest
2025-11-12T14:50:34.2927043Z [INFO] Running org.apache.ibatis.submitted.immutable_constructor.ImmutablePOJOTest
2025-11-12T14:50:34.3140682Z [INFO] Tests run: 2, Failures: 0, Errors: 0, Skipped: 0, Time elapsed: 0.021 s -- in org.apache.ibatis.submitted.immutable_constructor.ImmutablePOJOTest
2025-11-12T14:50:34.3143588Z [INFO] Running org.apache.ibatis.submitted.nested_query_cache.NestedQueryCacheTest
2025-11-12T14:50:34.4293011Z [INFO] Tests run: 2, Failures: 0, Errors: 0, Skipped: 0, Time elapsed: 0.115 s -- in org.apache.ibatis.submitted.nested_query_cache.NestedQueryCacheTest
2025-11-12T14:50:34.4295668Z [INFO] Running org.apache.ibatis.submitted.nonexistentvariables.NonExistentVariablesTest
2025-11-12T14:50:34.4399828Z [INFO] Tests run: 1, Failures: 0, Errors: 0, Skipped: 0, Time elapsed: 0.011 s -- in org.apache.ibatis.submitted.nonexistentvariables.NonExistentVariablesTest
2025-11-12T14:50:34.4401159Z [INFO] Running org.apache.ibatis.submitted.cglib_lazy_error.CglibNPELazyTest
2025-11-12T14:50:34.4610689Z [INFO] Tests run: 5, Failures: 0, Errors: 0, Skipped: 0, Time elapsed: 0.018 s -- in org.apache.ibatis.submitted.cglib_lazy_error.CglibNPELazyTest
2025-11-12T14:50:34.4612068Z [INFO] Running org.apache.ibatis.submitted.cglib_lazy_error.CglibNPETest
2025-11-12T14:50:34.4777665Z [INFO] Tests run: 7, Failures: 0, Errors: 0, Skipped: 0, Time elapsed: 0.019 s -- in org.apache.ibatis.submitted.cglib_lazy_error.CglibNPETest
2025-11-12T14:50:34.4782722Z [INFO] Running org.apache.ibatis.submitted.annotion_many_one_add_columnprefix.OneManyColumnPrefixTest
2025-11-12T14:50:34.4931623Z [INFO] Tests run: 4, Failures: 0, Errors: 0, Skipped: 0, Time elapsed: 0.015 s -- in org.apache.ibatis.submitted.annotion_many_one_add_columnprefix.OneManyColumnPrefixTest
2025-11-12T14:50:34.4934210Z [INFO] Running org.apache.ibatis.submitted.selectkey.SelectKeyTest
2025-11-12T14:50:34.7053186Z [WARNING] Tests run: 21, Failures: 0, Errors: 0, Skipped: 2, Time elapsed: 0.208 s -- in org.apache.ibatis.submitted.selectkey.SelectKeyTest
2025-11-12T14:50:34.7054855Z [INFO] Running org.apache.ibatis.submitted.complex_property.ComponentTest
2025-11-12T14:50:34.7250217Z [INFO] Tests run: 1, Failures: 0, Errors: 0, Skipped: 0, Time elapsed: 0.024 s -- in org.apache.ibatis.submitted.complex_property.ComponentTest
2025-11-12T14:50:34.7252518Z [INFO] Running org.apache.ibatis.submitted.sptests.SPTest
2025-11-12T14:50:34.7784238Z [INFO] Tests run: 32, Failures: 0, Errors: 0, Skipped: 0, Time elapsed: 0.047 s -- in org.apache.ibatis.submitted.sptests.SPTest
2025-11-12T14:50:34.7785352Z [INFO] Running org.apache.ibatis.submitted.permissions.PermissionsTest
2025-11-12T14:50:34.8118589Z [INFO] Tests run: 3, Failures: 0, Errors: 0, Skipped: 0, Time elapsed: 0.038 s -- in org.apache.ibatis.submitted.permissions.PermissionsTest
2025-11-12T14:50:34.8142724Z [INFO] Running org.apache.ibatis.submitted.lazy_properties.LazyPropertiesTest
2025-11-12T14:50:34.9648677Z [INFO] Tests run: 9, Failures: 0, Errors: 0, Skipped: 0, Time elapsed: 0.149 s -- in org.apache.ibatis.submitted.lazy_properties.LazyPropertiesTest
2025-11-12T14:50:34.9651224Z [INFO] Running org.apache.ibatis.submitted.extendresultmap.ExtendResultMapTest
2025-11-12T14:50:35.0099818Z [INFO] Tests run: 1, Failures: 0, Errors: 0, Skipped: 0, Time elapsed: 0.048 s -- in org.apache.ibatis.submitted.extendresultmap.ExtendResultMapTest
2025-11-12T14:50:35.0101632Z [INFO] Running org.apache.ibatis.submitted.cursor_nested.CursorNestedTest
2025-11-12T14:50:35.0366576Z [INFO] Tests run: 2, Failures: 0, Errors: 0, Skipped: 0, Time elapsed: 0.026 s -- in org.apache.ibatis.submitted.cursor_nested.CursorNestedTest
2025-11-12T14:50:35.0426885Z [INFO] Running org.apache.ibatis.submitted.disallowdotsonnames.DisallowDotsOnNamesTest
2025-11-12T14:50:35.0468956Z [INFO] Tests run: 1, Failures: 0, Errors: 0, Skipped: 0, Time elapsed: 0.006 s -- in org.apache.ibatis.submitted.disallowdotsonnames.DisallowDotsOnNamesTest
2025-11-12T14:50:35.0470474Z [INFO] Running org.apache.ibatis.submitted.dirty_select.DirtySelectTest
2025-11-12T14:50:35.1660169Z [INFO] Tests run: 6, Failures: 0, Errors: 0, Skipped: 0, Time elapsed: 0.122 s -- in org.apache.ibatis.submitted.dirty_select.DirtySelectTest
2025-11-12T14:50:35.1664161Z [INFO] Running org.apache.ibatis.submitted.criterion.CriterionTest
2025-11-12T14:50:35.1762285Z [INFO] Tests run: 1, Failures: 0, Errors: 0, Skipped: 0, Time elapsed: 0.011 s -- in org.apache.ibatis.submitted.criterion.CriterionTest
2025-11-12T14:50:35.1765772Z [INFO] Running org.apache.ibatis.submitted.automapping.AutomappingTest
2025-11-12T14:50:35.2037608Z [INFO] Tests run: 10, Failures: 0, Errors: 0, Skipped: 0, Time elapsed: 0.026 s -- in org.apache.ibatis.submitted.automapping.AutomappingTest
2025-11-12T14:50:35.2039599Z [INFO] Running org.apache.ibatis.submitted.global_variables_defaults.CustomizationTest
2025-11-12T14:50:35.2333191Z [INFO] Tests run: 2, Failures: 0, Errors: 0, Skipped: 0, Time elapsed: 0.030 s -- in org.apache.ibatis.submitted.global_variables_defaults.CustomizationTest
2025-11-12T14:50:35.2334601Z [INFO] Running org.apache.ibatis.submitted.global_variables_defaults.AnnotationMapperTest
2025-11-12T14:50:35.2504899Z [INFO] Tests run: 2, Failures: 0, Errors: 0, Skipped: 0, Time elapsed: 0.011 s -- in org.apache.ibatis.submitted.global_variables_defaults.AnnotationMapperTest
2025-11-12T14:50:35.2508397Z [INFO] Running org.apache.ibatis.submitted.global_variables_defaults.XmlMapperTest
2025-11-12T14:50:35.2681289Z [INFO] Tests run: 2, Failures: 0, Errors: 0, Skipped: 0, Time elapsed: 0.018 s -- in org.apache.ibatis.submitted.global_variables_defaults.XmlMapperTest
2025-11-12T14:50:35.2682872Z [INFO] Running org.apache.ibatis.submitted.global_variables_defaults.ConfigurationTest
2025-11-12T14:50:35.2764804Z [INFO] Tests run: 3, Failures: 0, Errors: 0, Skipped: 0, Time elapsed: 0.010 s -- in org.apache.ibatis.submitted.global_variables_defaults.ConfigurationTest
2025-11-12T14:50:35.2765993Z [INFO] Running org.apache.ibatis.submitted.result_set_type.ResultSetTypeTest
2025-11-12T14:50:35.2990583Z [INFO] Tests run: 3, Failures: 0, Errors: 0, Skipped: 0, Time elapsed: 0.024 s -- in org.apache.ibatis.submitted.result_set_type.ResultSetTypeTest
2025-11-12T14:50:35.2992132Z [INFO] Running org.apache.ibatis.submitted.multiple_discriminator.MultipleDiscriminatorTest
2025-11-12T14:50:35.3156253Z [INFO] Tests run: 3, Failures: 0, Errors: 0, Skipped: 0, Time elapsed: 0.016 s -- in org.apache.ibatis.submitted.multiple_discriminator.MultipleDiscriminatorTest
2025-11-12T14:50:35.3158369Z [INFO] Running org.apache.ibatis.submitted.timezone_edge_case.TimezoneEdgeCaseTest
2025-11-12T14:50:35.3303556Z [INFO] Tests run: 4, Failures: 0, Errors: 0, Skipped: 0, Time elapsed: 0.014 s -- in org.apache.ibatis.submitted.timezone_edge_case.TimezoneEdgeCaseTest
2025-11-12T14:50:35.3307113Z [INFO] Running org.apache.ibatis.submitted.record_type.RecordTypeTest
2025-11-12T14:50:35.3501088Z [INFO] Tests run: 4, Failures: 0, Errors: 0, Skipped: 0, Time elapsed: 0.018 s -- in org.apache.ibatis.submitted.record_type.RecordTypeTest
2025-11-12T14:50:35.3505151Z [INFO] Running org.apache.ibatis.submitted.default_method.DefaultMethodTest
2025-11-12T14:50:35.3754097Z [INFO] Tests run: 3, Failures: 0, Errors: 0, Skipped: 0, Time elapsed: 0.020 s -- in org.apache.ibatis.submitted.default_method.DefaultMethodTest
2025-11-12T14:50:35.3759860Z [INFO] Running org.apache.ibatis.submitted.encoding.EncodingTest
2025-11-12T14:50:35.4015886Z [INFO] Tests run: 2, Failures: 0, Errors: 0, Skipped: 0, Time elapsed: 0.022 s -- in org.apache.ibatis.submitted.encoding.EncodingTest
2025-11-12T14:50:35.4054849Z [INFO] Running org.apache.ibatis.submitted.call_setters_on_nulls.DoNotCallSettersOnNullsTest
2025-11-12T14:50:35.4124865Z [INFO] Tests run: 3, Failures: 0, Errors: 0, Skipped: 0, Time elapsed: 0.021 s -- in org.apache.ibatis.submitted.call_setters_on_nulls.DoNotCallSettersOnNullsTest
2025-11-12T14:50:35.4129621Z [INFO] Running org.apache.ibatis.submitted.call_setters_on_nulls.CallSettersOnNullsTest
2025-11-12T14:50:35.4224665Z [INFO] Tests run: 5, Failures: 0, Errors: 0, Skipped: 0, Time elapsed: 0.010 s -- in org.apache.ibatis.submitted.call_setters_on_nulls.CallSettersOnNullsTest
2025-11-12T14:50:35.4229046Z [INFO] Running org.apache.ibatis.submitted.resolution.javamethods.JavaMethodsTest
2025-11-12T14:50:35.4395113Z [INFO] Tests run: 1, Failures: 0, Errors: 0, Skipped: 0, Time elapsed: 0.017 s -- in org.apache.ibatis.submitted.resolution.javamethods.JavaMethodsTest
2025-11-12T14:50:35.4398588Z [INFO] Running org.apache.ibatis.submitted.resolution.cacherefs.CacheRefsTest
2025-11-12T14:50:35.4568248Z [INFO] Tests run: 1, Failures: 0, Errors: 0, Skipped: 0, Time elapsed: 0.016 s -- in org.apache.ibatis.submitted.resolution.cacherefs.CacheRefsTest
2025-11-12T14:50:35.4569561Z [INFO] Running org.apache.ibatis.submitted.resolution.cachereffromxml.CacheRefFromXmlTest
2025-11-12T14:50:35.4691891Z [INFO] Tests run: 1, Failures: 0, Errors: 0, Skipped: 0, Time elapsed: 0.013 s -- in org.apache.ibatis.submitted.resolution.cachereffromxml.CacheRefFromXmlTest
2025-11-12T14:50:35.4695467Z [INFO] Running org.apache.ibatis.submitted.resolution.deepresultmap.DeepResultMapTest
2025-11-12T14:50:35.4949336Z [INFO] Tests run: 1, Failures: 0, Errors: 0, Skipped: 0, Time elapsed: 0.026 s -- in org.apache.ibatis.submitted.resolution.deepresultmap.DeepResultMapTest
2025-11-12T14:50:35.4956421Z [INFO] Running org.apache.ibatis.submitted.parent_childs.ParentChildTest
2025-11-12T14:50:35.5231346Z [INFO] Tests run: 2, Failures: 0, Errors: 0, Skipped: 0, Time elapsed: 0.022 s -- in org.apache.ibatis.submitted.parent_childs.ParentChildTest
2025-11-12T14:50:35.5240236Z [INFO] Running org.apache.ibatis.submitted.typehandlerinjection.TypeHandlerInjectionTest
2025-11-12T14:50:35.5354743Z [INFO] Tests run: 1, Failures: 0, Errors: 0, Skipped: 0, Time elapsed: 0.015 s -- in org.apache.ibatis.submitted.typehandlerinjection.TypeHandlerInjectionTest
2025-11-12T14:50:35.5356722Z [INFO] Running org.apache.ibatis.submitted.propertiesinmapperfiles.PropertiesInMappersTest
2025-11-12T14:50:35.5448136Z [INFO] Tests run: 1, Failures: 0, Errors: 0, Skipped: 0, Time elapsed: 0.012 s -- in org.apache.ibatis.submitted.propertiesinmapperfiles.PropertiesInMappersTest
2025-11-12T14:50:35.5454523Z [INFO] Running org.apache.ibatis.submitted.deferload_common_property.CommonPropertyDeferLoadTest
2025-11-12T14:50:35.5743889Z [INFO] Tests run: 4, Failures: 0, Errors: 0, Skipped: 0, Time elapsed: 0.029 s -- in org.apache.ibatis.submitted.deferload_common_property.CommonPropertyDeferLoadTest
2025-11-12T14:50:35.5749849Z [INFO] Running org.apache.ibatis.submitted.choosewhen.ChooseWhenTest
2025-11-12T14:50:35.6112593Z [INFO] Tests run: 1, Failures: 0, Errors: 0, Skipped: 0, Time elapsed: 0.036 s -- in org.apache.ibatis.submitted.choosewhen.ChooseWhenTest
2025-11-12T14:50:35.6113869Z [INFO] Running org.apache.ibatis.submitted.constructor_automapping.ConstructorAutomappingTest
2025-11-12T14:50:35.6197717Z [INFO] Tests run: 1, Failures: 0, Errors: 0, Skipped: 0, Time elapsed: 0.009 s -- in org.apache.ibatis.submitted.constructor_automapping.ConstructorAutomappingTest
2025-11-12T14:50:35.6202199Z [INFO] Running org.apache.ibatis.submitted.association_nested.FolderMapperTest
2025-11-12T14:50:35.6383134Z [INFO] Tests run: 1, Failures: 0, Errors: 0, Skipped: 0, Time elapsed: 0.017 s -- in org.apache.ibatis.submitted.association_nested.FolderMapperTest
2025-11-12T14:50:35.6386343Z [INFO] Running org.apache.ibatis.submitted.optional_on_mapper_method.OptionalOnMapperMethodTest
2025-11-12T14:50:35.8178898Z [INFO] Tests run: 5, Failures: 0, Errors: 0, Skipped: 0, Time elapsed: 0.178 s -- in org.apache.ibatis.submitted.optional_on_mapper_method.OptionalOnMapperMethodTest
2025-11-12T14:50:35.8193710Z [INFO] Running org.apache.ibatis.submitted.complex_type.ComplexTypeTest
2025-11-12T14:50:35.8564352Z [INFO] Tests run: 1, Failures: 0, Errors: 0, Skipped: 0, Time elapsed: 0.025 s -- in org.apache.ibatis.submitted.complex_type.ComplexTypeTest
2025-11-12T14:50:35.8566436Z [INFO] Running org.apache.ibatis.submitted.lazy_immutable.ImmutablePOJOTest
2025-11-12T14:50:35.8674952Z [INFO] Tests run: 1, Failures: 0, Errors: 0, Skipped: 0, Time elapsed: 0.017 s -- in org.apache.ibatis.submitted.lazy_immutable.ImmutablePOJOTest
2025-11-12T14:50:35.8676831Z [INFO] Running org.apache.ibatis.submitted.column_forwarding.ColumnForwardingTest
2025-11-12T14:50:35.8792611Z [INFO] Tests run: 2, Failures: 0, Errors: 0, Skipped: 0, Time elapsed: 0.018 s -- in org.apache.ibatis.submitted.column_forwarding.ColumnForwardingTest
2025-11-12T14:50:35.8794653Z [INFO] Running org.apache.ibatis.submitted.call_setters_on_nulls_again.MyBatisTest
2025-11-12T14:50:35.8956911Z [INFO] Tests run: 1, Failures: 0, Errors: 0, Skipped: 0, Time elapsed: 0.014 s -- in org.apache.ibatis.submitted.call_setters_on_nulls_again.MyBatisTest
2025-11-12T14:50:35.8958597Z [INFO] Running org.apache.ibatis.submitted.constructor_columnprefix.ConstructorColumnPrefixTest
2025-11-12T14:50:35.9138184Z [INFO] Tests run: 2, Failures: 0, Errors: 0, Skipped: 0, Time elapsed: 0.017 s -- in org.apache.ibatis.submitted.constructor_columnprefix.ConstructorColumnPrefixTest
2025-11-12T14:50:35.9139923Z [INFO] Running org.apache.ibatis.submitted.unmatched_prop_type.UnmatchedPropTypeTest
2025-11-12T14:50:35.9263276Z [INFO] Tests run: 1, Failures: 0, Errors: 0, Skipped: 0, Time elapsed: 0.012 s -- in org.apache.ibatis.submitted.unmatched_prop_type.UnmatchedPropTypeTest
2025-11-12T14:50:35.9264990Z [INFO] Running org.apache.ibatis.submitted.extends_with_constructor.NpeExtendsTest
2025-11-12T14:50:35.9834759Z [INFO] Tests run: 4, Failures: 0, Errors: 0, Skipped: 0, Time elapsed: 0.057 s -- in org.apache.ibatis.submitted.extends_with_constructor.NpeExtendsTest
2025-11-12T14:50:35.9836584Z [INFO] Running org.apache.ibatis.submitted.awful_table.AwfulTableTest
2025-11-12T14:50:36.0050560Z [INFO] Tests run: 1, Failures: 0, Errors: 0, Skipped: 0, Time elapsed: 0.019 s -- in org.apache.ibatis.submitted.awful_table.AwfulTableTest
2025-11-12T14:50:36.0052067Z [INFO] Running org.apache.ibatis.submitted.result_handler_type.DefaultResultHandlerTypeTest
2025-11-12T14:50:36.0432647Z [INFO] Tests run: 3, Failures: 0, Errors: 0, Skipped: 0, Time elapsed: 0.021 s -- in org.apache.ibatis.submitted.result_handler_type.DefaultResultHandlerTypeTest
2025-11-12T14:50:36.0435116Z [INFO] Running org.apache.ibatis.datasource.jndi.JndiDataSourceFactoryTest
2025-11-12T14:50:36.2162075Z [INFO] Tests run: 1, Failures: 0, Errors: 0, Skipped: 0, Time elapsed: 0.192 s -- in org.apache.ibatis.datasource.jndi.JndiDataSourceFactoryTest
2025-11-12T14:50:36.2163546Z [INFO] Running org.apache.ibatis.datasource.pooled.PooledDataSourceTest
2025-11-12T14:50:38.2328219Z [INFO] Tests run: 5, Failures: 0, Errors: 0, Skipped: 0, Time elapsed: 2.017 s -- in org.apache.ibatis.datasource.pooled.PooledDataSourceTest
2025-11-12T14:50:38.2329328Z [INFO] Running org.apache.ibatis.datasource.pooled.MysqlTimeoutTest
2025-11-12T14:50:41.2416859Z [INFO] Tests run: 1, Failures: 0, Errors: 0, Skipped: 0, Time elapsed: 3.008 s -- in org.apache.ibatis.datasource.pooled.MysqlTimeoutTest
2025-11-12T14:50:41.2417984Z [INFO] Running org.apache.ibatis.datasource.unpooled.NetworkTimeoutTest
2025-11-12T14:50:41.2521325Z [INFO] Tests run: 2, Failures: 0, Errors: 0, Skipped: 0, Time elapsed: 0.010 s -- in org.apache.ibatis.datasource.unpooled.NetworkTimeoutTest
2025-11-12T14:50:41.2524086Z [INFO] Running org.apache.ibatis.datasource.unpooled.UnpooledDataSourceTest
2025-11-12T14:50:41.2544917Z [WARNING] Tests run: 2, Failures: 0, Errors: 0, Skipped: 1, Time elapsed: 0.001 s -- in org.apache.ibatis.datasource.unpooled.UnpooledDataSourceTest
2025-11-12T14:50:41.2546358Z [INFO] Running org.apache.ibatis.builder.xml.dynamic.ExpressionEvaluatorTest
2025-11-12T14:50:41.2620721Z [INFO] Tests run: 8, Failures: 0, Errors: 0, Skipped: 0, Time elapsed: 0.008 s -- in org.apache.ibatis.builder.xml.dynamic.ExpressionEvaluatorTest
2025-11-12T14:50:41.2622566Z [INFO] Running org.apache.ibatis.builder.xml.dynamic.DynamicSqlSourceTest
2025-11-12T14:50:43.8791935Z [INFO] Tests run: 28, Failures: 0, Errors: 0, Skipped: 0, Time elapsed: 2.613 s -- in org.apache.ibatis.builder.xml.dynamic.DynamicSqlSourceTest
2025-11-12T14:50:43.8795179Z [INFO] Running org.apache.ibatis.builder.XmlConfigBuilderTest
2025-11-12T14:50:43.9004384Z [INFO] Tests run: 9, Failures: 0, Errors: 0, Skipped: 0, Time elapsed: 0.019 s -- in org.apache.ibatis.builder.XmlConfigBuilderTest
2025-11-12T14:50:43.9014439Z [INFO] Running org.apache.ibatis.builder.xsd.XmlConfigBuilderTest
2025-11-12T14:50:43.9051755Z [WARNING] Tests run: 2, Failures: 0, Errors: 0, Skipped: 2, Time elapsed: 0.001 s -- in org.apache.ibatis.builder.xsd.XmlConfigBuilderTest
2025-11-12T14:50:43.9066764Z [INFO] Running org.apache.ibatis.builder.xsd.XmlMapperBuilderTest
2025-11-12T14:50:43.9089883Z [WARNING] Tests run: 1, Failures: 0, Errors: 0, Skipped: 1, Time elapsed: 0 s -- in org.apache.ibatis.builder.xsd.XmlMapperBuilderTest
2025-11-12T14:50:43.9091278Z [INFO] Running org.apache.ibatis.builder.ParameterExpressionTest
2025-11-12T14:50:43.9120871Z [INFO] Tests run: 14, Failures: 0, Errors: 0, Skipped: 0, Time elapsed: 0.006 s -- in org.apache.ibatis.builder.ParameterExpressionTest
2025-11-12T14:50:43.9123007Z [INFO] Running org.apache.ibatis.builder.XmlMapperBuilderTest
2025-11-12T14:50:43.9310078Z [INFO] Tests run: 16, Failures: 0, Errors: 0, Skipped: 0, Time elapsed: 0.028 s -- in org.apache.ibatis.builder.XmlMapperBuilderTest
2025-11-12T14:50:43.9311248Z [INFO] Running org.apache.ibatis.builder.ResultMappingConstructorResolverTest
2025-11-12T14:50:43.9412384Z [INFO] Running org.apache.ibatis.builder.ResultMappingConstructorResolverTest$MetaInfoTests
2025-11-12T14:50:43.9743551Z [INFO] Tests run: 18, Failures: 0, Errors: 0, Skipped: 0, Time elapsed: 0.029 s -- in org.apache.ibatis.builder.ResultMappingConstructorResolverTest$MetaInfoTests
2025-11-12T14:50:43.9767945Z [INFO] Tests run: 0, Failures: 0, Errors: 0, Skipped: 0, Time elapsed: 0.042 s -- in org.apache.ibatis.builder.ResultMappingConstructorResolverTest
2025-11-12T14:50:43.9773724Z [INFO] Running org.apache.ibatis.builder.AnnotationMapperBuilderTest
2025-11-12T14:50:43.9801981Z [INFO] Tests run: 5, Failures: 0, Errors: 0, Skipped: 0, Time elapsed: 0.006 s -- in org.apache.ibatis.builder.AnnotationMapperBuilderTest
2025-11-12T14:50:43.9807919Z [INFO] Running org.apache.ibatis.builder.SqlSourceBuilderTest
2025-11-12T14:50:43.9835089Z [INFO] Tests run: 1, Failures: 0, Errors: 0, Skipped: 0, Time elapsed: 0 s -- in org.apache.ibatis.builder.SqlSourceBuilderTest
2025-11-12T14:50:43.9839412Z [INFO] Running org.apache.ibatis.transaction.jdbc.JdbcTransactionWithConnectionTest
2025-11-12T14:50:43.9965774Z [INFO] Tests run: 8, Failures: 0, Errors: 0, Skipped: 0, Time elapsed: 0.015 s -- in org.apache.ibatis.transaction.jdbc.JdbcTransactionWithConnectionTest
2025-11-12T14:50:43.9968853Z [INFO] Running org.apache.ibatis.transaction.jdbc.JdbcTransactionFactoryTest
2025-11-12T14:50:43.9995248Z [INFO] Tests run: 2, Failures: 0, Errors: 0, Skipped: 0, Time elapsed: 0.002 s -- in org.apache.ibatis.transaction.jdbc.JdbcTransactionFactoryTest
2025-11-12T14:50:43.9999373Z [INFO] Running org.apache.ibatis.transaction.jdbc.JdbcTransactionWithDataSourceTest
2025-11-12T14:50:44.0277021Z [INFO] Tests run: 9, Failures: 0, Errors: 0, Skipped: 0, Time elapsed: 0.028 s -- in org.apache.ibatis.transaction.jdbc.JdbcTransactionWithDataSourceTest
2025-11-12T14:50:44.0278672Z [INFO] Running org.apache.ibatis.transaction.jdbc.JdbcTransactionTest
2025-11-12T14:50:44.0299783Z [INFO] Tests run: 1, Failures: 0, Errors: 0, Skipped: 0, Time elapsed: 0.002 s -- in org.apache.ibatis.transaction.jdbc.JdbcTransactionTest
2025-11-12T14:50:44.0301784Z [INFO] Running org.apache.ibatis.transaction.jdbc.JdbcTransactionFactoryUnitTest
2025-11-12T14:50:44.1368696Z [INFO] Tests run: 4, Failures: 0, Errors: 0, Skipped: 0, Time elapsed: 0.104 s -- in org.apache.ibatis.transaction.jdbc.JdbcTransactionFactoryUnitTest
2025-11-12T14:50:44.1374040Z [INFO] Running org.apache.ibatis.transaction.managed.ManagedTransactionFactoryUnitTest
2025-11-12T14:50:44.1424392Z [INFO] Tests run: 3, Failures: 0, Errors: 0, Skipped: 0, Time elapsed: 0.007 s -- in org.apache.ibatis.transaction.managed.ManagedTransactionFactoryUnitTest
2025-11-12T14:50:44.1427740Z [INFO] Running org.apache.ibatis.transaction.managed.ManagedTransactionWithConnectionTest
2025-11-12T14:50:44.1481396Z [INFO] Tests run: 6, Failures: 0, Errors: 0, Skipped: 0, Time elapsed: 0.005 s -- in org.apache.ibatis.transaction.managed.ManagedTransactionWithConnectionTest
2025-11-12T14:50:44.1483876Z [INFO] Running org.apache.ibatis.transaction.managed.ManagedTransactionWithDataSourceTest
2025-11-12T14:50:44.1560171Z [INFO] Tests run: 6, Failures: 0, Errors: 0, Skipped: 0, Time elapsed: 0.008 s -- in org.apache.ibatis.transaction.managed.ManagedTransactionWithDataSourceTest
2025-11-12T14:50:44.1563443Z [INFO] Running org.apache.ibatis.transaction.managed.ManagedTransactionFactoryTest
2025-11-12T14:50:44.1591157Z [INFO] Tests run: 2, Failures: 0, Errors: 0, Skipped: 0, Time elapsed: 0.003 s -- in org.apache.ibatis.transaction.managed.ManagedTransactionFactoryTest
2025-11-12T14:50:44.1596722Z [INFO] Running org.apache.ibatis.io.VFSTest
2025-11-12T14:50:44.1608030Z 14:50:44.157 ERROR [main] org.apache.ibatis.io.VFS - Method not found org.apache.ibatis.io.VFS.listXxx.  Cause: java.lang.NoSuchMethodException: org.apache.ibatis.io.VFS.listXxx(java.lang.String)
2025-11-12T14:50:44.1637951Z [INFO] Tests run: 5, Failures: 0, Errors: 0, Skipped: 0, Time elapsed: 0.005 s -- in org.apache.ibatis.io.VFSTest
2025-11-12T14:50:44.1639739Z [INFO] Running org.apache.ibatis.io.ResolverUtilTest
2025-11-12T14:50:44.1875127Z [INFO] Tests run: 12, Failures: 0, Errors: 0, Skipped: 0, Time elapsed: 0.023 s -- in org.apache.ibatis.io.ResolverUtilTest
2025-11-12T14:50:44.1877221Z [INFO] Running org.apache.ibatis.io.ClassLoaderWrapperTest
2025-11-12T14:50:44.1923204Z [INFO] Tests run: 9, Failures: 0, Errors: 0, Skipped: 0, Time elapsed: 0.005 s -- in org.apache.ibatis.io.ClassLoaderWrapperTest
2025-11-12T14:50:44.1924373Z [INFO] Running org.apache.ibatis.io.ResourcesTest
2025-11-12T14:50:44.1998369Z [INFO] Tests run: 17, Failures: 0, Errors: 0, Skipped: 0, Time elapsed: 0.007 s -- in org.apache.ibatis.io.ResourcesTest
2025-11-12T14:50:44.2000379Z [INFO] Running org.apache.ibatis.io.ExternalResourcesTest
2025-11-12T14:50:44.2048057Z [INFO] Tests run: 4, Failures: 0, Errors: 0, Skipped: 0, Time elapsed: 0.005 s -- in org.apache.ibatis.io.ExternalResourcesTest
2025-11-12T14:50:44.2050632Z [INFO] Running org.apache.ibatis.session.SqlSessionManagerTest
2025-11-12T14:50:44.3278253Z [INFO] Tests run: 6, Failures: 0, Errors: 0, Skipped: 0, Time elapsed: 0.121 s -- in org.apache.ibatis.session.SqlSessionManagerTest
2025-11-12T14:50:44.3280147Z [INFO] Running org.apache.ibatis.session.defaults.ExtendedSqlSessionFactoryTest
2025-11-12T14:50:44.4337638Z [INFO] Tests run: 1, Failures: 0, Errors: 0, Skipped: 0, Time elapsed: 0.105 s -- in org.apache.ibatis.session.defaults.ExtendedSqlSessionFactoryTest
2025-11-12T14:50:44.4340939Z [INFO] Running org.apache.ibatis.session.AutoMappingUnknownColumnBehaviorTest
2025-11-12T14:50:44.5109751Z 14:50:44.508 WARN  [main] o.a.i.s.AutoMappingUnknownColumnBehavior - Unknown column is detected on 'org.apache.ibatis.session.AutoMappingUnknownColumnBehaviorTest$Mapper.selectSimpleAuthor' auto-mapping. Mapping parameters are [columnName=ID,propertyName=id,propertyType=java.util.concurrent.atomic.AtomicInteger]
2025-11-12T14:50:44.5175448Z [INFO] Tests run: 3, Failures: 0, Errors: 0, Skipped: 0, Time elapsed: 0.083 s -- in org.apache.ibatis.session.AutoMappingUnknownColumnBehaviorTest
2025-11-12T14:50:44.5176746Z [INFO] Running org.apache.ibatis.session.SqlSessionTest
2025-11-12T14:50:44.7413068Z [INFO] Tests run: 59, Failures: 0, Errors: 0, Skipped: 0, Time elapsed: 0.223 s -- in org.apache.ibatis.session.SqlSessionTest
2025-11-12T14:50:44.7420786Z [INFO] Running org.apache.ibatis.cursor.defaults.DefaultCursorTest
2025-11-12T14:50:44.8623790Z [INFO] Tests run: 1, Failures: 0, Errors: 0, Skipped: 0, Time elapsed: 0.122 s -- in org.apache.ibatis.cursor.defaults.DefaultCursorTest
2025-11-12T14:50:44.8624382Z [INFO] Running org.apache.ibatis.cache.CacheKeyTest
2025-11-12T14:50:46.8744796Z [INFO] Tests run: 10, Failures: 0, Errors: 0, Skipped: 0, Time elapsed: 2.011 s -- in org.apache.ibatis.cache.CacheKeyTest
2025-11-12T14:50:46.8746110Z [INFO] Running org.apache.ibatis.cache.BaseCacheTest
2025-11-12T14:50:46.8768479Z [INFO] Tests run: 1, Failures: 0, Errors: 0, Skipped: 0, Time elapsed: 0.001 s -- in org.apache.ibatis.cache.BaseCacheTest
2025-11-12T14:50:46.8777314Z [INFO] Running org.apache.ibatis.cache.SuperCacheTest
2025-11-12T14:50:47.6485126Z [INFO] Tests run: 1, Failures: 0, Errors: 0, Skipped: 0, Time elapsed: 0.773 s -- in org.apache.ibatis.cache.SuperCacheTest
2025-11-12T14:50:47.6487151Z [INFO] Running org.apache.ibatis.cache.SerializedCacheTest
2025-11-12T14:50:47.6519444Z [INFO] Tests run: 3, Failures: 0, Errors: 0, Skipped: 0, Time elapsed: 0.003 s -- in org.apache.ibatis.cache.SerializedCacheTest
2025-11-12T14:50:47.6520743Z [INFO] Running org.apache.ibatis.cache.SoftCacheTest
2025-11-12T14:50:48.8908683Z [INFO] Tests run: 4, Failures: 0, Errors: 0, Skipped: 0, Time elapsed: 1.238 s -- in org.apache.ibatis.cache.SoftCacheTest
2025-11-12T14:50:48.8914857Z [INFO] Running org.apache.ibatis.cache.LruCacheTest
2025-11-12T14:50:48.8943164Z [INFO] Tests run: 4, Failures: 0, Errors: 0, Skipped: 0, Time elapsed: 0.003 s -- in org.apache.ibatis.cache.LruCacheTest
2025-11-12T14:50:48.8953953Z [INFO] Running org.apache.ibatis.cache.FifoCacheTest
2025-11-12T14:50:48.8982380Z [INFO] Tests run: 4, Failures: 0, Errors: 0, Skipped: 0, Time elapsed: 0.003 s -- in org.apache.ibatis.cache.FifoCacheTest
2025-11-12T14:50:48.8985327Z [INFO] Running org.apache.ibatis.cache.ScheduledCacheTest
2025-11-12T14:50:53.9003152Z [INFO] Tests run: 3, Failures: 0, Errors: 0, Skipped: 0, Time elapsed: 5.003 s -- in org.apache.ibatis.cache.ScheduledCacheTest
2025-11-12T14:50:53.9005154Z [INFO] Running org.apache.ibatis.cache.WeakCacheTest
2025-11-12T14:50:53.9495506Z [INFO] Tests run: 4, Failures: 0, Errors: 0, Skipped: 0, Time elapsed: 0.045 s -- in org.apache.ibatis.cache.WeakCacheTest
2025-11-12T14:50:53.9512376Z [INFO] Running org.apache.ibatis.cache.PerpetualCacheTest
2025-11-12T14:50:54.0085799Z [INFO] Tests run: 5, Failures: 0, Errors: 0, Skipped: 0, Time elapsed: 0.062 s -- in org.apache.ibatis.cache.PerpetualCacheTest
2025-11-12T14:50:54.0087205Z [INFO] Running org.apache.ibatis.binding.WrongNamespacesTest
2025-11-12T14:50:54.0257933Z [INFO] Tests run: 2, Failures: 0, Errors: 0, Skipped: 0, Time elapsed: 0.012 s -- in org.apache.ibatis.binding.WrongNamespacesTest
2025-11-12T14:50:54.0259007Z [INFO] Running org.apache.ibatis.binding.MapperMethodParamTest
2025-11-12T14:50:54.0605936Z [INFO] Tests run: 2, Failures: 0, Errors: 0, Skipped: 0, Time elapsed: 0.036 s -- in org.apache.ibatis.binding.MapperMethodParamTest
2025-11-12T14:50:54.0606955Z [INFO] Running org.apache.ibatis.binding.BindingTest
2025-11-12T14:50:54.4432792Z [INFO] Tests run: 53, Failures: 0, Errors: 0, Skipped: 0, Time elapsed: 0.383 s -- in org.apache.ibatis.binding.BindingTest
2025-11-12T14:50:54.4433769Z [INFO] Running org.apache.ibatis.binding.FlushTest
2025-11-12T14:50:54.5436804Z [INFO] Tests run: 1, Failures: 0, Errors: 0, Skipped: 0, Time elapsed: 0.101 s -- in org.apache.ibatis.binding.FlushTest
2025-11-12T14:50:54.5452382Z [INFO] Running org.apache.ibatis.binding.WrongMapperTest
2025-11-12T14:50:54.5466974Z [INFO] Tests run: 1, Failures: 0, Errors: 0, Skipped: 0, Time elapsed: 0.002 s -- in org.apache.ibatis.binding.WrongMapperTest
2025-11-12T14:50:54.5468041Z [INFO] Running org.apache.ibatis.autoconstructor.AutoConstructorTest
2025-11-12T14:50:54.5759344Z [INFO] Tests run: 6, Failures: 0, Errors: 0, Skipped: 0, Time elapsed: 0.029 s -- in org.apache.ibatis.autoconstructor.AutoConstructorTest
2025-11-12T14:50:54.5760540Z [INFO] Running org.apache.ibatis.logging.jdbc.StatementLoggerTest
2025-11-12T14:50:54.6050606Z [INFO] Tests run: 3, Failures: 0, Errors: 0, Skipped: 0, Time elapsed: 0.028 s -- in org.apache.ibatis.logging.jdbc.StatementLoggerTest
2025-11-12T14:50:54.6061862Z [INFO] Running org.apache.ibatis.logging.jdbc.ConnectionLoggerTest
2025-11-12T14:50:54.6871096Z [INFO] Tests run: 3, Failures: 0, Errors: 0, Skipped: 0, Time elapsed: 0.078 s -- in org.apache.ibatis.logging.jdbc.ConnectionLoggerTest
2025-11-12T14:50:54.6880008Z [INFO] Running org.apache.ibatis.logging.jdbc.BaseJdbcLoggerTest
2025-11-12T14:50:54.7036184Z [INFO] Tests run: 2, Failures: 0, Errors: 0, Skipped: 0, Time elapsed: 0.017 s -- in org.apache.ibatis.logging.jdbc.BaseJdbcLoggerTest
2025-11-12T14:50:54.7043414Z [INFO] Running org.apache.ibatis.logging.jdbc.ResultSetLoggerTest
2025-11-12T14:50:54.7174872Z [INFO] Tests run: 2, Failures: 0, Errors: 0, Skipped: 0, Time elapsed: 0.016 s -- in org.apache.ibatis.logging.jdbc.ResultSetLoggerTest
2025-11-12T14:50:54.7177835Z [INFO] Running org.apache.ibatis.logging.jdbc.PreparedStatementLoggerTest
2025-11-12T14:50:54.7267949Z [INFO] Tests run: 4, Failures: 0, Errors: 0, Skipped: 0, Time elapsed: 0.008 s -- in org.apache.ibatis.logging.jdbc.PreparedStatementLoggerTest
2025-11-12T14:50:54.7271012Z [INFO] Running org.apache.ibatis.logging.LogFactoryTest
2025-11-12T14:50:54.9635681Z 2025-11-12T14:50:54.960399381Z main ERROR Error message.
2025-11-12T14:50:54.9639086Z 2025-11-12T14:50:54.961452003Z main ERROR Error with Exception.
2025-11-12T14:50:54.9639914Z java.lang.Exception: Test exception.
2025-11-12T14:50:54.9640765Z 	at org.apache.ibatis.logging.LogFactoryTest.logSomething(LogFactoryTest.java:112)
2025-11-12T14:50:54.9641988Z 	at org.apache.ibatis.logging.LogFactoryTest.shouldUseLog4J2(LogFactoryTest.java:61)
2025-11-12T14:50:54.9643064Z 	at java.base/jdk.internal.reflect.DirectMethodHandleAccessor.invoke(DirectMethodHandleAccessor.java:103)
2025-11-12T14:50:54.9646523Z 	at java.base/java.lang.reflect.Method.invoke(Method.java:580)
2025-11-12T14:50:54.9647444Z 	at org.junit.platform.commons.util.ReflectionUtils.invokeMethod(ReflectionUtils.java:701)
2025-11-12T14:50:54.9648652Z 	at org.junit.platform.commons.support.ReflectionSupport.invokeMethod(ReflectionSupport.java:502)
2025-11-12T14:50:54.9649798Z 	at org.junit.jupiter.engine.support.MethodReflectionUtils.invoke(MethodReflectionUtils.java:45)
2025-11-12T14:50:54.9650567Z 	at org.junit.jupiter.engine.execution.MethodInvocation.proceed(MethodInvocation.java:61)
2025-11-12T14:50:54.9652205Z 	at org.junit.jupiter.engine.execution.InvocationInterceptorChain$ValidatingInvocation.proceed(InvocationInterceptorChain.java:124)
2025-11-12T14:50:54.9653695Z 	at org.junit.jupiter.engine.extension.TimeoutExtension.intercept(TimeoutExtension.java:163)
2025-11-12T14:50:54.9654945Z 	at org.junit.jupiter.engine.extension.TimeoutExtension.interceptTestableMethod(TimeoutExtension.java:148)
2025-11-12T14:50:54.9656317Z 	at org.junit.jupiter.engine.extension.TimeoutExtension.interceptTestMethod(TimeoutExtension.java:86)
2025-11-12T14:50:54.9658292Z 	at org.junit.jupiter.engine.execution.InterceptingExecutableInvoker$ReflectiveInterceptorCall.lambda$ofVoidMethod$0(InterceptingExecutableInvoker.java:123)
2025-11-12T14:50:54.9660239Z 	at org.junit.jupiter.engine.execution.InterceptingExecutableInvoker.lambda$invoke$0(InterceptingExecutableInvoker.java:105)
2025-11-12T14:50:54.9662068Z 	at org.junit.jupiter.engine.execution.InvocationInterceptorChain$InterceptedInvocation.proceed(InvocationInterceptorChain.java:99)
2025-11-12T14:50:54.9663647Z 	at org.junit.jupiter.engine.execution.InvocationInterceptorChain.proceed(InvocationInterceptorChain.java:66)
2025-11-12T14:50:54.9665096Z 	at org.junit.jupiter.engine.execution.InvocationInterceptorChain.chainAndInvoke(InvocationInterceptorChain.java:47)
2025-11-12T14:50:54.9666552Z 	at org.junit.jupiter.engine.execution.InvocationInterceptorChain.invoke(InvocationInterceptorChain.java:39)
2025-11-12T14:50:54.9667977Z 	at org.junit.jupiter.engine.execution.InterceptingExecutableInvoker.invoke(InterceptingExecutableInvoker.java:104)
2025-11-12T14:50:54.9669499Z 	at org.junit.jupiter.engine.execution.InterceptingExecutableInvoker.invoke(InterceptingExecutableInvoker.java:98)
2025-11-12T14:50:54.9670996Z 	at org.junit.jupiter.engine.execution.InterceptingExecutableInvoker.invokeVoid(InterceptingExecutableInvoker.java:71)
2025-11-12T14:50:54.9672765Z 	at org.junit.jupiter.engine.descriptor.TestMethodTestDescriptor.lambda$invokeTestMethod$0(TestMethodTestDescriptor.java:219)
2025-11-12T14:50:54.9674246Z 	at org.junit.platform.engine.support.hierarchical.ThrowableCollector.execute(ThrowableCollector.java:74)
2025-11-12T14:50:54.9675685Z 	at org.junit.jupiter.engine.descriptor.TestMethodTestDescriptor.invokeTestMethod(TestMethodTestDescriptor.java:215)
2025-11-12T14:50:54.9677123Z 	at org.junit.jupiter.engine.descriptor.TestMethodTestDescriptor.execute(TestMethodTestDescriptor.java:157)
2025-11-12T14:50:54.9678489Z 	at org.junit.jupiter.engine.descriptor.TestMethodTestDescriptor.execute(TestMethodTestDescriptor.java:70)
2025-11-12T14:50:54.9680311Z 	at org.junit.platform.engine.support.hierarchical.NodeTestTask.lambda$executeRecursively$2(NodeTestTask.java:176)
2025-11-12T14:50:54.9681840Z 	at org.junit.platform.engine.support.hierarchical.ThrowableCollector.execute(ThrowableCollector.java:74)
2025-11-12T14:50:54.9683206Z 	at org.junit.platform.engine.support.hierarchical.NodeTestTask.lambda$executeRecursively$1(NodeTestTask.java:166)
2025-11-12T14:50:54.9684383Z 	at org.junit.platform.engine.support.hierarchical.Node.around(Node.java:138)
2025-11-12T14:50:54.9685541Z 	at org.junit.platform.engine.support.hierarchical.NodeTestTask.lambda$executeRecursively$0(NodeTestTask.java:164)
2025-11-12T14:50:54.9686907Z 	at org.junit.platform.engine.support.hierarchical.ThrowableCollector.execute(ThrowableCollector.java:74)
2025-11-12T14:50:54.9688234Z 	at org.junit.platform.engine.support.hierarchical.NodeTestTask.executeRecursively(NodeTestTask.java:163)
2025-11-12T14:50:54.9689482Z 	at org.junit.platform.engine.support.hierarchical.NodeTestTask.execute(NodeTestTask.java:116)
2025-11-12T14:50:54.9690403Z 	at java.base/java.util.ArrayList.forEach(ArrayList.java:1596)
2025-11-12T14:50:54.9691981Z 	at org.junit.platform.engine.support.hierarchical.SameThreadHierarchicalTestExecutorService.invokeAll(SameThreadHierarchicalTestExecutorService.java:42)
2025-11-12T14:50:54.9693740Z 	at org.junit.platform.engine.support.hierarchical.NodeTestTask.lambda$executeRecursively$2(NodeTestTask.java:180)
2025-11-12T14:50:54.9695636Z 	at org.junit.platform.engine.support.hierarchical.ThrowableCollector.execute(ThrowableCollector.java:74)
2025-11-12T14:50:54.9697239Z 	at org.junit.platform.engine.support.hierarchical.NodeTestTask.lambda$executeRecursively$1(NodeTestTask.java:166)
2025-11-12T14:50:54.9698415Z 	at org.junit.platform.engine.support.hierarchical.Node.around(Node.java:138)
2025-11-12T14:50:54.9699544Z 	at org.junit.platform.engine.support.hierarchical.NodeTestTask.lambda$executeRecursively$0(NodeTestTask.java:164)
2025-11-12T14:50:54.9700847Z 	at org.junit.platform.engine.support.hierarchical.ThrowableCollector.execute(ThrowableCollector.java:74)
2025-11-12T14:50:54.9702187Z 	at org.junit.platform.engine.support.hierarchical.NodeTestTask.executeRecursively(NodeTestTask.java:163)
2025-11-12T14:50:54.9702892Z 	at org.junit.platform.engine.support.hierarchical.NodeTestTask.execute(NodeTestTask.java:116)
2025-11-12T14:50:54.9703403Z 	at java.base/java.util.ArrayList.forEach(ArrayList.java:1596)
2025-11-12T14:50:54.9704198Z 	at org.junit.platform.engine.support.hierarchical.SameThreadHierarchicalTestExecutorService.invokeAll(SameThreadHierarchicalTestExecutorService.java:42)
2025-11-12T14:50:54.9705179Z 	at org.junit.platform.engine.support.hierarchical.NodeTestTask.lambda$executeRecursively$2(NodeTestTask.java:180)
2025-11-12T14:50:54.9705921Z 	at org.junit.platform.engine.support.hierarchical.ThrowableCollector.execute(ThrowableCollector.java:74)
2025-11-12T14:50:54.9706652Z 	at org.junit.platform.engine.support.hierarchical.NodeTestTask.lambda$executeRecursively$1(NodeTestTask.java:166)
2025-11-12T14:50:54.9707283Z 	at org.junit.platform.engine.support.hierarchical.Node.around(Node.java:138)
2025-11-12T14:50:54.9707909Z 	at org.junit.platform.engine.support.hierarchical.NodeTestTask.lambda$executeRecursively$0(NodeTestTask.java:164)
2025-11-12T14:50:54.9708642Z 	at org.junit.platform.engine.support.hierarchical.ThrowableCollector.execute(ThrowableCollector.java:74)
2025-11-12T14:50:54.9709359Z 	at org.junit.platform.engine.support.hierarchical.NodeTestTask.executeRecursively(NodeTestTask.java:163)
2025-11-12T14:50:54.9710037Z 	at org.junit.platform.engine.support.hierarchical.NodeTestTask.execute(NodeTestTask.java:116)
2025-11-12T14:50:54.9710918Z 	at org.junit.platform.engine.support.hierarchical.SameThreadHierarchicalTestExecutorService.submit(SameThreadHierarchicalTestExecutorService.java:36)
2025-11-12T14:50:54.9712131Z 	at org.junit.platform.engine.support.hierarchical.HierarchicalTestExecutor.execute(HierarchicalTestExecutor.java:52)
2025-11-12T14:50:54.9713200Z 	at org.junit.platform.engine.support.hierarchical.HierarchicalTestEngine.execute(HierarchicalTestEngine.java:58)
2025-11-12T14:50:54.9714009Z 	at org.junit.platform.launcher.core.EngineExecutionOrchestrator.executeEngine(EngineExecutionOrchestrator.java:246)
2025-11-12T14:50:54.9714851Z 	at org.junit.platform.launcher.core.EngineExecutionOrchestrator.failOrExecuteEngine(EngineExecutionOrchestrator.java:218)
2025-11-12T14:50:54.9715663Z 	at org.junit.platform.launcher.core.EngineExecutionOrchestrator.execute(EngineExecutionOrchestrator.java:179)
2025-11-12T14:50:54.9716414Z 	at org.junit.platform.launcher.core.EngineExecutionOrchestrator.execute(EngineExecutionOrchestrator.java:108)
2025-11-12T14:50:54.9717190Z 	at org.junit.platform.launcher.core.EngineExecutionOrchestrator.lambda$execute$0(EngineExecutionOrchestrator.java:66)
2025-11-12T14:50:54.9718071Z 	at org.junit.platform.launcher.core.EngineExecutionOrchestrator.withInterceptedStreams(EngineExecutionOrchestrator.java:157)
2025-11-12T14:50:54.9719011Z 	at org.junit.platform.launcher.core.EngineExecutionOrchestrator.execute(EngineExecutionOrchestrator.java:65)
2025-11-12T14:50:54.9719663Z 	at org.junit.platform.launcher.core.DefaultLauncher.execute(DefaultLauncher.java:125)
2025-11-12T14:50:54.9720211Z 	at org.junit.platform.launcher.core.DefaultLauncher.execute(DefaultLauncher.java:114)
2025-11-12T14:50:54.9720782Z 	at org.junit.platform.launcher.core.DelegatingLauncher.execute(DelegatingLauncher.java:58)
2025-11-12T14:50:54.9721783Z 	at org.junit.platform.launcher.core.InterceptingLauncher.lambda$execute$2(InterceptingLauncher.java:57)
2025-11-12T14:50:54.9722824Z 	at org.junit.platform.launcher.core.ClasspathAlignmentCheckingLauncherInterceptor.intercept(ClasspathAlignmentCheckingLauncherInterceptor.java:25)
2025-11-12T14:50:54.9723693Z 	at org.junit.platform.launcher.core.InterceptingLauncher.execute(InterceptingLauncher.java:56)
2025-11-12T14:50:54.9724306Z 	at org.junit.platform.launcher.core.DelegatingLauncher.execute(DelegatingLauncher.java:58)
2025-11-12T14:50:54.9725153Z 	at java.base/jdk.internal.reflect.DirectMethodHandleAccessor.invoke(DirectMethodHandleAccessor.java:103)
2025-11-12T14:50:54.9725708Z 	at java.base/java.lang.reflect.Method.invoke(Method.java:580)
2025-11-12T14:50:54.9726233Z 	at org.apache.maven.surefire.api.util.ReflectionUtils.invokeMethodWithArray(ReflectionUtils.java:125)
2025-11-12T14:50:54.9726987Z 	at org.apache.maven.surefire.junitplatform.LauncherAdapter.executeWithCancellationToken(LauncherAdapter.java:68)
2025-11-12T14:50:54.9728141Z 	at org.apache.maven.surefire.junitplatform.LauncherAdapter.execute(LauncherAdapter.java:54)
2025-11-12T14:50:54.9728823Z 	at org.apache.maven.surefire.junitplatform.JUnitPlatformProvider.execute(JUnitPlatformProvider.java:203)
2025-11-12T14:50:54.9730148Z 	at org.apache.maven.surefire.junitplatform.JUnitPlatformProvider.invokeAllTests(JUnitPlatformProvider.java:168)
2025-11-12T14:50:54.9731388Z 	at org.apache.maven.surefire.junitplatform.JUnitPlatformProvider.invoke(JUnitPlatformProvider.java:136)
2025-11-12T14:50:54.9732657Z 	at org.apache.maven.surefire.booter.ForkedBooter.runSuitesInProcess(ForkedBooter.java:385)
2025-11-12T14:50:54.9733414Z 	at org.apache.maven.surefire.booter.ForkedBooter.execute(ForkedBooter.java:162)
2025-11-12T14:50:54.9733925Z 	at org.apache.maven.surefire.booter.ForkedBooter.run(ForkedBooter.java:507)
2025-11-12T14:50:54.9734413Z 	at org.apache.maven.surefire.booter.ForkedBooter.main(ForkedBooter.java:495)
2025-11-12T14:50:54.9734711Z 
2025-11-12T14:50:54.9734950Z Logging initialized using 'class org.apache.ibatis.logging.stdout.StdOutImpl' adapter.
2025-11-12T14:50:54.9735342Z Warning message.
2025-11-12T14:50:54.9735518Z Debug message.
2025-11-12T14:50:54.9735783Z Error message.
2025-11-12T14:50:54.9735955Z Error with Exception.
2025-11-12T14:50:54.9736168Z java.lang.Exception: Test exception.
2025-11-12T14:50:54.9736553Z 	at org.apache.ibatis.logging.LogFactoryTest.logSomething(LogFactoryTest.java:112)
2025-11-12T14:50:54.9737096Z 	at org.apache.ibatis.logging.LogFactoryTest.shouldUseStdOut(LogFactoryTest.java:85)
2025-11-12T14:50:54.9737725Z 	at java.base/jdk.internal.reflect.DirectMethodHandleAccessor.invoke(DirectMethodHandleAccessor.java:103)
2025-11-12T14:50:54.9738266Z 	at java.base/java.lang.reflect.Method.invoke(Method.java:580)
2025-11-12T14:50:54.9738755Z 	at org.junit.platform.commons.util.ReflectionUtils.invokeMethod(ReflectionUtils.java:701)
2025-11-12T14:50:54.9739395Z 	at org.junit.platform.commons.support.ReflectionSupport.invokeMethod(ReflectionSupport.java:502)
2025-11-12T14:50:54.9740054Z 	at org.junit.jupiter.engine.support.MethodReflectionUtils.invoke(MethodReflectionUtils.java:45)
2025-11-12T14:50:54.9740660Z 	at org.junit.jupiter.engine.execution.MethodInvocation.proceed(MethodInvocation.java:61)
2025-11-12T14:50:54.9741600Z 	at org.junit.jupiter.engine.execution.InvocationInterceptorChain$ValidatingInvocation.proceed(InvocationInterceptorChain.java:124)
2025-11-12T14:50:54.9742435Z 	at org.junit.jupiter.engine.extension.TimeoutExtension.intercept(TimeoutExtension.java:163)
2025-11-12T14:50:54.9743113Z 	at org.junit.jupiter.engine.extension.TimeoutExtension.interceptTestableMethod(TimeoutExtension.java:148)
2025-11-12T14:50:54.9743820Z 	at org.junit.jupiter.engine.extension.TimeoutExtension.interceptTestMethod(TimeoutExtension.java:86)
2025-11-12T14:50:54.9744894Z 	at org.junit.jupiter.engine.execution.InterceptingExecutableInvoker$ReflectiveInterceptorCall.lambda$ofVoidMethod$0(InterceptingExecutableInvoker.java:123)
2025-11-12T14:50:54.9745889Z 	at org.junit.jupiter.engine.execution.InterceptingExecutableInvoker.lambda$invoke$0(InterceptingExecutableInvoker.java:105)
2025-11-12T14:50:54.9747248Z 	at org.junit.jupiter.engine.execution.InvocationInterceptorChain$InterceptedInvocation.proceed(InvocationInterceptorChain.java:99)
2025-11-12T14:50:54.9748816Z 	at org.junit.jupiter.engine.execution.InvocationInterceptorChain.proceed(InvocationInterceptorChain.java:66)
2025-11-12T14:50:54.9750346Z 	at org.junit.jupiter.engine.execution.InvocationInterceptorChain.chainAndInvoke(InvocationInterceptorChain.java:47)
2025-11-12T14:50:54.9752029Z 	at org.junit.jupiter.engine.execution.InvocationInterceptorChain.invoke(InvocationInterceptorChain.java:39)
2025-11-12T14:50:54.9753522Z 	at org.junit.jupiter.engine.execution.InterceptingExecutableInvoker.invoke(InterceptingExecutableInvoker.java:104)
2025-11-12T14:50:54.9755058Z 	at org.junit.jupiter.engine.execution.InterceptingExecutableInvoker.invoke(InterceptingExecutableInvoker.java:98)
2025-11-12T14:50:54.9756795Z 	at org.junit.jupiter.engine.execution.InterceptingExecutableInvoker.invokeVoid(InterceptingExecutableInvoker.java:71)
2025-11-12T14:50:54.9758438Z 	at org.junit.jupiter.engine.descriptor.TestMethodTestDescriptor.lambda$invokeTestMethod$0(TestMethodTestDescriptor.java:219)
2025-11-12T14:50:54.9759907Z 	at org.junit.platform.engine.support.hierarchical.ThrowableCollector.execute(ThrowableCollector.java:74)
2025-11-12T14:50:54.9761332Z 	at org.junit.jupiter.engine.descriptor.TestMethodTestDescriptor.invokeTestMethod(TestMethodTestDescriptor.java:215)
2025-11-12T14:50:54.9762963Z 	at org.junit.jupiter.engine.descriptor.TestMethodTestDescriptor.execute(TestMethodTestDescriptor.java:157)
2025-11-12T14:50:54.9764336Z 	at org.junit.jupiter.engine.descriptor.TestMethodTestDescriptor.execute(TestMethodTestDescriptor.java:70)
2025-11-12T14:50:54.9765724Z 	at org.junit.platform.engine.support.hierarchical.NodeTestTask.lambda$executeRecursively$2(NodeTestTask.java:176)
2025-11-12T14:50:54.9767087Z 	at org.junit.platform.engine.support.hierarchical.ThrowableCollector.execute(ThrowableCollector.java:74)
2025-11-12T14:50:54.9768462Z 	at org.junit.platform.engine.support.hierarchical.NodeTestTask.lambda$executeRecursively$1(NodeTestTask.java:166)
2025-11-12T14:50:54.9769634Z 	at org.junit.platform.engine.support.hierarchical.Node.around(Node.java:138)
2025-11-12T14:50:54.9770791Z 	at org.junit.platform.engine.support.hierarchical.NodeTestTask.lambda$executeRecursively$0(NodeTestTask.java:164)
2025-11-12T14:50:54.9772340Z 	at org.junit.platform.engine.support.hierarchical.ThrowableCollector.execute(ThrowableCollector.java:74)
2025-11-12T14:50:54.9773687Z 	at org.junit.platform.engine.support.hierarchical.NodeTestTask.executeRecursively(NodeTestTask.java:163)
2025-11-12T14:50:54.9774932Z 	at org.junit.platform.engine.support.hierarchical.NodeTestTask.execute(NodeTestTask.java:116)
2025-11-12T14:50:54.9775855Z 	at java.base/java.util.ArrayList.forEach(ArrayList.java:1596)
2025-11-12T14:50:54.9777297Z 	at org.junit.platform.engine.support.hierarchical.SameThreadHierarchicalTestExecutorService.invokeAll(SameThreadHierarchicalTestExecutorService.java:42)
2025-11-12T14:50:54.9779090Z 	at org.junit.platform.engine.support.hierarchical.NodeTestTask.lambda$executeRecursively$2(NodeTestTask.java:180)
2025-11-12T14:50:54.9780467Z 	at org.junit.platform.engine.support.hierarchical.ThrowableCollector.execute(ThrowableCollector.java:74)
2025-11-12T14:50:54.9782001Z 	at org.junit.platform.engine.support.hierarchical.NodeTestTask.lambda$executeRecursively$1(NodeTestTask.java:166)
2025-11-12T14:50:54.9783163Z 	at org.junit.platform.engine.support.hierarchical.Node.around(Node.java:138)
2025-11-12T14:50:54.9784301Z 	at org.junit.platform.engine.support.hierarchical.NodeTestTask.lambda$executeRecursively$0(NodeTestTask.java:164)
2025-11-12T14:50:54.9785627Z 	at org.junit.platform.engine.support.hierarchical.ThrowableCollector.execute(ThrowableCollector.java:74)
2025-11-12T14:50:54.9787143Z 	at org.junit.platform.engine.support.hierarchical.NodeTestTask.executeRecursively(NodeTestTask.java:163)
2025-11-12T14:50:54.9788545Z 	at org.junit.platform.engine.support.hierarchical.NodeTestTask.execute(NodeTestTask.java:116)
2025-11-12T14:50:54.9789484Z 	at java.base/java.util.ArrayList.forEach(ArrayList.java:1596)
2025-11-12T14:50:54.9790728Z 	at org.junit.platform.engine.support.hierarchical.SameThreadHierarchicalTestExecutorService.invokeAll(SameThreadHierarchicalTestExecutorService.java:42)
2025-11-12T14:50:54.9791946Z 	at org.junit.platform.engine.support.hierarchical.NodeTestTask.lambda$executeRecursively$2(NodeTestTask.java:180)
2025-11-12T14:50:54.9792694Z 	at org.junit.platform.engine.support.hierarchical.ThrowableCollector.execute(ThrowableCollector.java:74)
2025-11-12T14:50:54.9793432Z 	at org.junit.platform.engine.support.hierarchical.NodeTestTask.lambda$executeRecursively$1(NodeTestTask.java:166)
2025-11-12T14:50:54.9794065Z 	at org.junit.platform.engine.support.hierarchical.Node.around(Node.java:138)
2025-11-12T14:50:54.9794700Z 	at org.junit.platform.engine.support.hierarchical.NodeTestTask.lambda$executeRecursively$0(NodeTestTask.java:164)
2025-11-12T14:50:54.9795432Z 	at org.junit.platform.engine.support.hierarchical.ThrowableCollector.execute(ThrowableCollector.java:74)
2025-11-12T14:50:54.9796245Z 	at org.junit.platform.engine.support.hierarchical.NodeTestTask.executeRecursively(NodeTestTask.java:163)
2025-11-12T14:50:54.9796925Z 	at org.junit.platform.engine.support.hierarchical.NodeTestTask.execute(NodeTestTask.java:116)
2025-11-12T14:50:54.9797802Z 	at org.junit.platform.engine.support.hierarchical.SameThreadHierarchicalTestExecutorService.submit(SameThreadHierarchicalTestExecutorService.java:36)
2025-11-12T14:50:54.9798779Z 	at org.junit.platform.engine.support.hierarchical.HierarchicalTestExecutor.execute(HierarchicalTestExecutor.java:52)
2025-11-12T14:50:54.9799585Z 	at org.junit.platform.engine.support.hierarchical.HierarchicalTestEngine.execute(HierarchicalTestEngine.java:58)
2025-11-12T14:50:54.9800390Z 	at org.junit.platform.launcher.core.EngineExecutionOrchestrator.executeEngine(EngineExecutionOrchestrator.java:246)
2025-11-12T14:50:54.9801235Z 	at org.junit.platform.launcher.core.EngineExecutionOrchestrator.failOrExecuteEngine(EngineExecutionOrchestrator.java:218)
2025-11-12T14:50:54.9802278Z 	at org.junit.platform.launcher.core.EngineExecutionOrchestrator.execute(EngineExecutionOrchestrator.java:179)
2025-11-12T14:50:54.9803046Z 	at org.junit.platform.launcher.core.EngineExecutionOrchestrator.execute(EngineExecutionOrchestrator.java:108)
2025-11-12T14:50:54.9803824Z 	at org.junit.platform.launcher.core.EngineExecutionOrchestrator.lambda$execute$0(EngineExecutionOrchestrator.java:66)
2025-11-12T14:50:54.9804670Z 	at org.junit.platform.launcher.core.EngineExecutionOrchestrator.withInterceptedStreams(EngineExecutionOrchestrator.java:157)
2025-11-12T14:50:54.9805488Z 	at org.junit.platform.launcher.core.EngineExecutionOrchestrator.execute(EngineExecutionOrchestrator.java:65)
2025-11-12T14:50:54.9806145Z 	at org.junit.platform.launcher.core.DefaultLauncher.execute(DefaultLauncher.java:125)
2025-11-12T14:50:54.9806701Z 	at org.junit.platform.launcher.core.DefaultLauncher.execute(DefaultLauncher.java:114)
2025-11-12T14:50:54.9807268Z 	at org.junit.platform.launcher.core.DelegatingLauncher.execute(DelegatingLauncher.java:58)
2025-11-12T14:50:54.9807918Z 	at org.junit.platform.launcher.core.InterceptingLauncher.lambda$execute$2(InterceptingLauncher.java:57)
2025-11-12T14:50:54.9808814Z 	at org.junit.platform.launcher.core.ClasspathAlignmentCheckingLauncherInterceptor.intercept(ClasspathAlignmentCheckingLauncherInterceptor.java:25)
2025-11-12T14:50:54.9809686Z 	at org.junit.platform.launcher.core.InterceptingLauncher.execute(InterceptingLauncher.java:56)
2025-11-12T14:50:54.9810294Z 	at org.junit.platform.launcher.core.DelegatingLauncher.execute(DelegatingLauncher.java:58)
2025-11-12T14:50:54.9810946Z 	at java.base/jdk.internal.reflect.DirectMethodHandleAccessor.invoke(DirectMethodHandleAccessor.java:103)
2025-11-12T14:50:54.9811770Z 	at java.base/java.lang.reflect.Method.invoke(Method.java:580)
2025-11-12T14:50:54.9812432Z 	at org.apache.maven.surefire.api.util.ReflectionUtils.invokeMethodWithArray(ReflectionUtils.java:125)
2025-11-12T14:50:54.9813185Z 	at org.apache.maven.surefire.junitplatform.LauncherAdapter.executeWithCancellationToken(LauncherAdapter.java:68)
2025-11-12T14:50:54.9813927Z 	at org.apache.maven.surefire.junitplatform.LauncherAdapter.execute(LauncherAdapter.java:54)
2025-11-12T14:50:54.9814603Z 	at org.apache.maven.surefire.junitplatform.JUnitPlatformProvider.execute(JUnitPlatformProvider.java:203)
2025-11-12T14:50:54.9815363Z 	at org.apache.maven.surefire.junitplatform.JUnitPlatformProvider.invokeAllTests(JUnitPlatformProvider.java:168)
2025-11-12T14:50:54.9816107Z 	at org.apache.maven.surefire.junitplatform.JUnitPlatformProvider.invoke(JUnitPlatformProvider.java:136)
2025-11-12T14:50:54.9816760Z 	at org.apache.maven.surefire.booter.ForkedBooter.runSuitesInProcess(ForkedBooter.java:385)
2025-11-12T14:50:54.9817319Z 	at org.apache.maven.surefire.booter.ForkedBooter.execute(ForkedBooter.java:162)
2025-11-12T14:50:54.9817825Z 	at org.apache.maven.surefire.booter.ForkedBooter.run(ForkedBooter.java:507)
2025-11-12T14:50:54.9818306Z 	at org.apache.maven.surefire.booter.ForkedBooter.main(ForkedBooter.java:495)
2025-11-12T14:50:54.9941696Z 14:50:54.988 DEBUG [main] org.apache.ibatis.logging.LogFactory - Logging initialized using 'class org.apache.ibatis.logging.log4j.Log4jImpl' adapter.
2025-11-12T14:50:54.9962321Z 14:50:54.990 ERROR [main] java.lang.Object - Error message.
2025-11-12T14:50:54.9963641Z 14:50:54.991 ERROR [main] java.lang.Object - Error with Exception.
2025-11-12T14:50:54.9964247Z java.lang.Exception: Test exception.
2025-11-12T14:50:54.9964975Z 	at org.apache.ibatis.logging.LogFactoryTest.logSomething(LogFactoryTest.java:112)
2025-11-12T14:50:54.9965911Z 	at org.apache.ibatis.logging.LogFactoryTest.shouldUseLog4J(LogFactoryTest.java:53)
2025-11-12T14:50:54.9967041Z 	at java.base/jdk.internal.reflect.DirectMethodHandleAccessor.invoke(DirectMethodHandleAccessor.java:103)
2025-11-12T14:50:54.9968038Z 	at java.base/java.lang.reflect.Method.invoke(Method.java:580)
2025-11-12T14:50:54.9968946Z 	at org.junit.platform.commons.util.ReflectionUtils.invokeMethod(ReflectionUtils.java:701)
2025-11-12T14:50:54.9970131Z 	at org.junit.platform.commons.support.ReflectionSupport.invokeMethod(ReflectionSupport.java:502)
2025-11-12T14:50:54.9971703Z 	at org.junit.jupiter.engine.support.MethodReflectionUtils.invoke(MethodReflectionUtils.java:45)
2025-11-12T14:50:54.9972907Z 	at org.junit.jupiter.engine.execution.MethodInvocation.proceed(MethodInvocation.java:61)
2025-11-12T14:50:54.9974356Z 	at org.junit.jupiter.engine.execution.InvocationInterceptorChain$ValidatingInvocation.proceed(InvocationInterceptorChain.java:124)
2025-11-12T14:50:54.9975831Z 	at org.junit.jupiter.engine.extension.TimeoutExtension.intercept(TimeoutExtension.java:163)
2025-11-12T14:50:54.9977128Z 	at org.junit.jupiter.engine.extension.TimeoutExtension.interceptTestableMethod(TimeoutExtension.java:148)
2025-11-12T14:50:54.9978458Z 	at org.junit.jupiter.engine.extension.TimeoutExtension.interceptTestMethod(TimeoutExtension.java:86)
2025-11-12T14:50:54.9980138Z 	at org.junit.jupiter.engine.execution.InterceptingExecutableInvoker$ReflectiveInterceptorCall.lambda$ofVoidMethod$0(InterceptingExecutableInvoker.java:123)
2025-11-12T14:50:54.9982124Z 	at org.junit.jupiter.engine.execution.InterceptingExecutableInvoker.lambda$invoke$0(InterceptingExecutableInvoker.java:105)
2025-11-12T14:50:54.9983823Z 	at org.junit.jupiter.engine.execution.InvocationInterceptorChain$InterceptedInvocation.proceed(InvocationInterceptorChain.java:99)
2025-11-12T14:50:54.9985373Z 	at org.junit.jupiter.engine.execution.InvocationInterceptorChain.proceed(InvocationInterceptorChain.java:66)
2025-11-12T14:50:54.9986831Z 	at org.junit.jupiter.engine.execution.InvocationInterceptorChain.chainAndInvoke(InvocationInterceptorChain.java:47)
2025-11-12T14:50:54.9988538Z 	at org.junit.jupiter.engine.execution.InvocationInterceptorChain.invoke(InvocationInterceptorChain.java:39)
2025-11-12T14:50:54.9990132Z 	at org.junit.jupiter.engine.execution.InterceptingExecutableInvoker.invoke(InterceptingExecutableInvoker.java:104)
2025-11-12T14:50:54.9991778Z 	at org.junit.jupiter.engine.execution.InterceptingExecutableInvoker.invoke(InterceptingExecutableInvoker.java:98)
2025-11-12T14:50:54.9993305Z 	at org.junit.jupiter.engine.execution.InterceptingExecutableInvoker.invokeVoid(InterceptingExecutableInvoker.java:71)
2025-11-12T14:50:54.9994918Z 	at org.junit.jupiter.engine.descriptor.TestMethodTestDescriptor.lambda$invokeTestMethod$0(TestMethodTestDescriptor.java:219)
2025-11-12T14:50:54.9996374Z 	at org.junit.platform.engine.support.hierarchical.ThrowableCollector.execute(ThrowableCollector.java:74)
2025-11-12T14:50:54.9997773Z 	at org.junit.jupiter.engine.descriptor.TestMethodTestDescriptor.invokeTestMethod(TestMethodTestDescriptor.java:215)
2025-11-12T14:50:54.9999250Z 	at org.junit.jupiter.engine.descriptor.TestMethodTestDescriptor.execute(TestMethodTestDescriptor.java:157)
2025-11-12T14:50:55.0000630Z 	at org.junit.jupiter.engine.descriptor.TestMethodTestDescriptor.execute(TestMethodTestDescriptor.java:70)
2025-11-12T14:50:55.0002179Z 	at org.junit.platform.engine.support.hierarchical.NodeTestTask.lambda$executeRecursively$2(NodeTestTask.java:176)
2025-11-12T14:50:55.0003548Z 	at org.junit.platform.engine.support.hierarchical.ThrowableCollector.execute(ThrowableCollector.java:74)
2025-11-12T14:50:55.0004884Z 	at org.junit.platform.engine.support.hierarchical.NodeTestTask.lambda$executeRecursively$1(NodeTestTask.java:166)
2025-11-12T14:50:55.0006041Z 	at org.junit.platform.engine.support.hierarchical.Node.around(Node.java:138)
2025-11-12T14:50:55.0007211Z 	at org.junit.platform.engine.support.hierarchical.NodeTestTask.lambda$executeRecursively$0(NodeTestTask.java:164)
2025-11-12T14:50:55.0008567Z 	at org.junit.platform.engine.support.hierarchical.ThrowableCollector.execute(ThrowableCollector.java:74)
2025-11-12T14:50:55.0009920Z 	at org.junit.platform.engine.support.hierarchical.NodeTestTask.executeRecursively(NodeTestTask.java:163)
2025-11-12T14:50:55.0011157Z 	at org.junit.platform.engine.support.hierarchical.NodeTestTask.execute(NodeTestTask.java:116)
2025-11-12T14:50:55.0012239Z 	at java.base/java.util.ArrayList.forEach(ArrayList.java:1596)
2025-11-12T14:50:55.0021945Z 	at org.junit.platform.engine.support.hierarchical.SameThreadHierarchicalTestExecutorService.invokeAll(SameThreadHierarchicalTestExecutorService.java:42)
2025-11-12T14:50:55.0023810Z 	at org.junit.platform.engine.support.hierarchical.NodeTestTask.lambda$executeRecursively$2(NodeTestTask.java:180)
2025-11-12T14:50:55.0025183Z 	at org.junit.platform.engine.support.hierarchical.ThrowableCollector.execute(ThrowableCollector.java:74)
2025-11-12T14:50:55.0026893Z 	at org.junit.platform.engine.support.hierarchical.NodeTestTask.lambda$executeRecursively$1(NodeTestTask.java:166)
2025-11-12T14:50:55.0028383Z 	at org.junit.platform.engine.support.hierarchical.Node.around(Node.java:138)
2025-11-12T14:50:55.0029544Z 	at org.junit.platform.engine.support.hierarchical.NodeTestTask.lambda$executeRecursively$0(NodeTestTask.java:164)
2025-11-12T14:50:55.0030903Z 	at org.junit.platform.engine.support.hierarchical.ThrowableCollector.execute(ThrowableCollector.java:74)
2025-11-12T14:50:55.0032390Z 	at org.junit.platform.engine.support.hierarchical.NodeTestTask.executeRecursively(NodeTestTask.java:163)
2025-11-12T14:50:55.0033659Z 	at org.junit.platform.engine.support.hierarchical.NodeTestTask.execute(NodeTestTask.java:116)
2025-11-12T14:50:55.0034602Z 	at java.base/java.util.ArrayList.forEach(ArrayList.java:1596)
2025-11-12T14:50:55.0036029Z 	at org.junit.platform.engine.support.hierarchical.SameThreadHierarchicalTestExecutorService.invokeAll(SameThreadHierarchicalTestExecutorService.java:42)
2025-11-12T14:50:55.0037833Z 	at org.junit.platform.engine.support.hierarchical.NodeTestTask.lambda$executeRecursively$2(NodeTestTask.java:180)
2025-11-12T14:50:55.0039439Z 	at org.junit.platform.engine.support.hierarchical.ThrowableCollector.execute(ThrowableCollector.java:74)
2025-11-12T14:50:55.0041000Z 	at org.junit.platform.engine.support.hierarchical.NodeTestTask.lambda$executeRecursively$1(NodeTestTask.java:166)
2025-11-12T14:50:55.0042392Z 	at org.junit.platform.engine.support.hierarchical.Node.around(Node.java:138)
2025-11-12T14:50:55.0043520Z 	at org.junit.platform.engine.support.hierarchical.NodeTestTask.lambda$executeRecursively$0(NodeTestTask.java:164)
2025-11-12T14:50:55.0044874Z 	at org.junit.platform.engine.support.hierarchical.ThrowableCollector.execute(ThrowableCollector.java:74)
2025-11-12T14:50:55.0046246Z 	at org.junit.platform.engine.support.hierarchical.NodeTestTask.executeRecursively(NodeTestTask.java:163)
2025-11-12T14:50:55.0047507Z 	at org.junit.platform.engine.support.hierarchical.NodeTestTask.execute(NodeTestTask.java:116)
2025-11-12T14:50:55.0049185Z 	at org.junit.platform.engine.support.hierarchical.SameThreadHierarchicalTestExecutorService.submit(SameThreadHierarchicalTestExecutorService.java:36)
2025-11-12T14:50:55.0051069Z 	at org.junit.platform.engine.support.hierarchical.HierarchicalTestExecutor.execute(HierarchicalTestExecutor.java:52)
2025-11-12T14:50:55.0052542Z 	at org.junit.platform.engine.support.hierarchical.HierarchicalTestEngine.execute(HierarchicalTestEngine.java:58)
2025-11-12T14:50:55.0053379Z 	at org.junit.platform.launcher.core.EngineExecutionOrchestrator.executeEngine(EngineExecutionOrchestrator.java:246)
2025-11-12T14:50:55.0054220Z 	at org.junit.platform.launcher.core.EngineExecutionOrchestrator.failOrExecuteEngine(EngineExecutionOrchestrator.java:218)
2025-11-12T14:50:55.0055036Z 	at org.junit.platform.launcher.core.EngineExecutionOrchestrator.execute(EngineExecutionOrchestrator.java:179)
2025-11-12T14:50:55.0055793Z 	at org.junit.platform.launcher.core.EngineExecutionOrchestrator.execute(EngineExecutionOrchestrator.java:108)
2025-11-12T14:50:55.0056730Z 	at org.junit.platform.launcher.core.EngineExecutionOrchestrator.lambda$execute$0(EngineExecutionOrchestrator.java:66)
2025-11-12T14:50:55.0058342Z 	at org.junit.platform.launcher.core.EngineExecutionOrchestrator.withInterceptedStreams(EngineExecutionOrchestrator.java:157)
2025-11-12T14:50:55.0063549Z 	at org.junit.platform.launcher.core.EngineExecutionOrchestrator.execute(EngineExecutionOrchestrator.java:65)
2025-11-12T14:50:55.0064752Z 	at org.junit.platform.launcher.core.DefaultLauncher.execute(DefaultLauncher.java:125)
2025-11-12T14:50:55.0065764Z 	at org.junit.platform.launcher.core.DefaultLauncher.execute(DefaultLauncher.java:114)
2025-11-12T14:50:55.0066722Z 	at org.junit.platform.launcher.core.DelegatingLauncher.execute(DelegatingLauncher.java:58)
2025-11-12T14:50:55.0067829Z 	at org.junit.platform.launcher.core.InterceptingLauncher.lambda$execute$2(InterceptingLauncher.java:57)
2025-11-12T14:50:55.0069417Z 	at org.junit.platform.launcher.core.ClasspathAlignmentCheckingLauncherInterceptor.intercept(ClasspathAlignmentCheckingLauncherInterceptor.java:25)
2025-11-12T14:50:55.0071055Z 	at org.junit.platform.launcher.core.InterceptingLauncher.execute(InterceptingLauncher.java:56)
2025-11-12T14:50:55.0072397Z 	at org.junit.platform.launcher.core.DelegatingLauncher.execute(DelegatingLauncher.java:58)
2025-11-12T14:50:55.0073611Z 	at java.base/jdk.internal.reflect.DirectMethodHandleAccessor.invoke(DirectMethodHandleAccessor.java:103)
2025-11-12T14:50:55.0074611Z 	at java.base/java.lang.reflect.Method.invoke(Method.java:580)
2025-11-12T14:50:55.0075602Z 	at org.apache.maven.surefire.api.util.ReflectionUtils.invokeMethodWithArray(ReflectionUtils.java:125)
2025-11-12T14:50:55.0077008Z 	at org.apache.maven.surefire.junitplatform.LauncherAdapter.executeWithCancellationToken(LauncherAdapter.java:68)
2025-11-12T14:50:55.0078344Z 	at org.apache.maven.surefire.junitplatform.LauncherAdapter.execute(LauncherAdapter.java:54)
2025-11-12T14:50:55.0079543Z 	at org.apache.maven.surefire.junitplatform.JUnitPlatformProvider.execute(JUnitPlatformProvider.java:203)
2025-11-12T14:50:55.0080979Z 	at org.apache.maven.surefire.junitplatform.JUnitPlatformProvider.invokeAllTests(JUnitPlatformProvider.java:168)
2025-11-12T14:50:55.0082708Z 	at org.apache.maven.surefire.junitplatform.JUnitPlatformProvider.invoke(JUnitPlatformProvider.java:136)
2025-11-12T14:50:55.0083970Z 	at org.apache.maven.surefire.booter.ForkedBooter.runSuitesInProcess(ForkedBooter.java:385)
2025-11-12T14:50:55.0085021Z 	at org.apache.maven.surefire.booter.ForkedBooter.execute(ForkedBooter.java:162)
2025-11-12T14:50:55.0085857Z 	at org.apache.maven.surefire.booter.ForkedBooter.run(ForkedBooter.java:507)
2025-11-12T14:50:55.0086619Z 	at org.apache.maven.surefire.booter.ForkedBooter.main(ForkedBooter.java:495)
2025-11-12T14:50:55.0087430Z Nov 12, 2025 2:50:55 PM org.apache.ibatis.logging.jdk14.Jdk14LoggingImpl warn
2025-11-12T14:50:55.0087929Z WARNING: Warning message.
2025-11-12T14:50:55.0088384Z Nov 12, 2025 2:50:55 PM org.apache.ibatis.logging.jdk14.Jdk14LoggingImpl error
2025-11-12T14:50:55.0088884Z SEVERE: Error message.
2025-11-12T14:50:55.0089360Z Nov 12, 2025 2:50:55 PM org.apache.ibatis.logging.jdk14.Jdk14LoggingImpl error
2025-11-12T14:50:55.0089959Z SEVERE: Error with Exception.
2025-11-12T14:50:55.0090363Z java.lang.Exception: Test exception.
2025-11-12T14:50:55.0091050Z 	at org.apache.ibatis.logging.LogFactoryTest.logSomething(LogFactoryTest.java:112)
2025-11-12T14:50:55.0092266Z 	at org.apache.ibatis.logging.LogFactoryTest.shouldUseJdKLogging(LogFactoryTest.java:69)
2025-11-12T14:50:55.0093398Z 	at java.base/jdk.internal.reflect.DirectMethodHandleAccessor.invoke(DirectMethodHandleAccessor.java:103)
2025-11-12T14:50:55.0094404Z 	at java.base/java.lang.reflect.Method.invoke(Method.java:580)
2025-11-12T14:50:55.0095266Z 	at org.junit.platform.commons.util.ReflectionUtils.invokeMethod(ReflectionUtils.java:701)
2025-11-12T14:50:55.0096395Z 	at org.junit.platform.commons.support.ReflectionSupport.invokeMethod(ReflectionSupport.java:502)
2025-11-12T14:50:55.0097587Z 	at org.junit.jupiter.engine.support.MethodReflectionUtils.invoke(MethodReflectionUtils.java:45)
2025-11-12T14:50:55.0098696Z 	at org.junit.jupiter.engine.execution.MethodInvocation.proceed(MethodInvocation.java:61)
2025-11-12T14:50:55.0100054Z 	at org.junit.jupiter.engine.execution.InvocationInterceptorChain$ValidatingInvocation.proceed(InvocationInterceptorChain.java:124)
2025-11-12T14:50:55.0101633Z 	at org.junit.jupiter.engine.extension.TimeoutExtension.intercept(TimeoutExtension.java:163)
2025-11-12T14:50:55.0102933Z 	at org.junit.jupiter.engine.extension.TimeoutExtension.interceptTestableMethod(TimeoutExtension.java:148)
2025-11-12T14:50:55.0104223Z 	at org.junit.jupiter.engine.extension.TimeoutExtension.interceptTestMethod(TimeoutExtension.java:86)
2025-11-12T14:50:55.0105862Z 	at org.junit.jupiter.engine.execution.InterceptingExecutableInvoker$ReflectiveInterceptorCall.lambda$ofVoidMethod$0(InterceptingExecutableInvoker.java:123)
2025-11-12T14:50:55.0107575Z 	at org.junit.jupiter.engine.execution.InterceptingExecutableInvoker.lambda$invoke$0(InterceptingExecutableInvoker.java:105)
2025-11-12T14:50:55.0109177Z 	at org.junit.jupiter.engine.execution.InvocationInterceptorChain$InterceptedInvocation.proceed(InvocationInterceptorChain.java:99)
2025-11-12T14:50:55.0110729Z 	at org.junit.jupiter.engine.execution.InvocationInterceptorChain.proceed(InvocationInterceptorChain.java:66)
2025-11-12T14:50:55.0112443Z 	at org.junit.jupiter.engine.execution.InvocationInterceptorChain.chainAndInvoke(InvocationInterceptorChain.java:47)
2025-11-12T14:50:55.0113897Z 	at org.junit.jupiter.engine.execution.InvocationInterceptorChain.invoke(InvocationInterceptorChain.java:39)
2025-11-12T14:50:55.0115331Z 	at org.junit.jupiter.engine.execution.InterceptingExecutableInvoker.invoke(InterceptingExecutableInvoker.java:104)
2025-11-12T14:50:55.0116785Z 	at org.junit.jupiter.engine.execution.InterceptingExecutableInvoker.invoke(InterceptingExecutableInvoker.java:98)
2025-11-12T14:50:55.0118273Z 	at org.junit.jupiter.engine.execution.InterceptingExecutableInvoker.invokeVoid(InterceptingExecutableInvoker.java:71)
2025-11-12T14:50:55.0120070Z 	at org.junit.jupiter.engine.descriptor.TestMethodTestDescriptor.lambda$invokeTestMethod$0(TestMethodTestDescriptor.java:219)
2025-11-12T14:50:55.0121907Z 	at org.junit.platform.engine.support.hierarchical.ThrowableCollector.execute(ThrowableCollector.java:74)
2025-11-12T14:50:55.0123351Z 	at org.junit.jupiter.engine.descriptor.TestMethodTestDescriptor.invokeTestMethod(TestMethodTestDescriptor.java:215)
2025-11-12T14:50:55.0124760Z 	at org.junit.jupiter.engine.descriptor.TestMethodTestDescriptor.execute(TestMethodTestDescriptor.java:157)
2025-11-12T14:50:55.0126072Z 	at org.junit.jupiter.engine.descriptor.TestMethodTestDescriptor.execute(TestMethodTestDescriptor.java:70)
2025-11-12T14:50:55.0127523Z 	at org.junit.platform.engine.support.hierarchical.NodeTestTask.lambda$executeRecursively$2(NodeTestTask.java:176)
2025-11-12T14:50:55.0128897Z 	at org.junit.platform.engine.support.hierarchical.ThrowableCollector.execute(ThrowableCollector.java:74)
2025-11-12T14:50:55.0130210Z 	at org.junit.platform.engine.support.hierarchical.NodeTestTask.lambda$executeRecursively$1(NodeTestTask.java:166)
2025-11-12T14:50:55.0131361Z 	at org.junit.platform.engine.support.hierarchical.Node.around(Node.java:138)
2025-11-12T14:50:55.0132749Z 	at org.junit.platform.engine.support.hierarchical.NodeTestTask.lambda$executeRecursively$0(NodeTestTask.java:164)
2025-11-12T14:50:55.0134105Z 	at org.junit.platform.engine.support.hierarchical.ThrowableCollector.execute(ThrowableCollector.java:74)
2025-11-12T14:50:55.0135399Z 	at org.junit.platform.engine.support.hierarchical.NodeTestTask.executeRecursively(NodeTestTask.java:163)
2025-11-12T14:50:55.0136633Z 	at org.junit.platform.engine.support.hierarchical.NodeTestTask.execute(NodeTestTask.java:116)
2025-11-12T14:50:55.0137587Z 	at java.base/java.util.ArrayList.forEach(ArrayList.java:1596)
2025-11-12T14:50:55.0138913Z 	at org.junit.platform.engine.support.hierarchical.SameThreadHierarchicalTestExecutorService.invokeAll(SameThreadHierarchicalTestExecutorService.java:42)
2025-11-12T14:50:55.0140733Z 	at org.junit.platform.engine.support.hierarchical.NodeTestTask.lambda$executeRecursively$2(NodeTestTask.java:180)
2025-11-12T14:50:55.0142347Z 	at org.junit.platform.engine.support.hierarchical.ThrowableCollector.execute(ThrowableCollector.java:74)
2025-11-12T14:50:55.0143761Z 	at org.junit.platform.engine.support.hierarchical.NodeTestTask.lambda$executeRecursively$1(NodeTestTask.java:166)
2025-11-12T14:50:55.0144898Z 	at org.junit.platform.engine.support.hierarchical.Node.around(Node.java:138)
2025-11-12T14:50:55.0146060Z 	at org.junit.platform.engine.support.hierarchical.NodeTestTask.lambda$executeRecursively$0(NodeTestTask.java:164)
2025-11-12T14:50:55.0147468Z 	at org.junit.platform.engine.support.hierarchical.ThrowableCollector.execute(ThrowableCollector.java:74)
2025-11-12T14:50:55.0148823Z 	at org.junit.platform.engine.support.hierarchical.NodeTestTask.executeRecursively(NodeTestTask.java:163)
2025-11-12T14:50:55.0150081Z 	at org.junit.platform.engine.support.hierarchical.NodeTestTask.execute(NodeTestTask.java:116)
2025-11-12T14:50:55.0150992Z 	at java.base/java.util.ArrayList.forEach(ArrayList.java:1596)
2025-11-12T14:50:55.0152645Z 	at org.junit.platform.engine.support.hierarchical.SameThreadHierarchicalTestExecutorService.invokeAll(SameThreadHierarchicalTestExecutorService.java:42)
2025-11-12T14:50:55.0154397Z 	at org.junit.platform.engine.support.hierarchical.NodeTestTask.lambda$executeRecursively$2(NodeTestTask.java:180)
2025-11-12T14:50:55.0155733Z 	at org.junit.platform.engine.support.hierarchical.ThrowableCollector.execute(ThrowableCollector.java:74)
2025-11-12T14:50:55.0157053Z 	at org.junit.platform.engine.support.hierarchical.NodeTestTask.lambda$executeRecursively$1(NodeTestTask.java:166)
2025-11-12T14:50:55.0158557Z 	at org.junit.platform.engine.support.hierarchical.Node.around(Node.java:138)
2025-11-12T14:50:55.0159680Z 	at org.junit.platform.engine.support.hierarchical.NodeTestTask.lambda$executeRecursively$0(NodeTestTask.java:164)
2025-11-12T14:50:55.0161330Z 	at org.junit.platform.engine.support.hierarchical.ThrowableCollector.execute(ThrowableCollector.java:74)
2025-11-12T14:50:55.0162945Z 	at org.junit.platform.engine.support.hierarchical.NodeTestTask.executeRecursively(NodeTestTask.java:163)
2025-11-12T14:50:55.0164493Z 	at org.junit.platform.engine.support.hierarchical.NodeTestTask.execute(NodeTestTask.java:116)
2025-11-12T14:50:55.0166174Z 	at org.junit.platform.engine.support.hierarchical.SameThreadHierarchicalTestExecutorService.submit(SameThreadHierarchicalTestExecutorService.java:36)
2025-11-12T14:50:55.0167986Z 	at org.junit.platform.engine.support.hierarchical.HierarchicalTestExecutor.execute(HierarchicalTestExecutor.java:52)
2025-11-12T14:50:55.0169481Z 	at org.junit.platform.engine.support.hierarchical.HierarchicalTestEngine.execute(HierarchicalTestEngine.java:58)
2025-11-12T14:50:55.0170914Z 	at org.junit.platform.launcher.core.EngineExecutionOrchestrator.executeEngine(EngineExecutionOrchestrator.java:246)
2025-11-12T14:50:55.0172692Z 	at org.junit.platform.launcher.core.EngineExecutionOrchestrator.failOrExecuteEngine(EngineExecutionOrchestrator.java:218)
2025-11-12T14:50:55.0174244Z 	at org.junit.platform.launcher.core.EngineExecutionOrchestrator.execute(EngineExecutionOrchestrator.java:179)
2025-11-12T14:50:55.0175683Z 	at org.junit.platform.launcher.core.EngineExecutionOrchestrator.execute(EngineExecutionOrchestrator.java:108)
2025-11-12T14:50:55.0177136Z 	at org.junit.platform.launcher.core.EngineExecutionOrchestrator.lambda$execute$0(EngineExecutionOrchestrator.java:66)
2025-11-12T14:50:55.0178768Z 	at org.junit.platform.launcher.core.EngineExecutionOrchestrator.withInterceptedStreams(EngineExecutionOrchestrator.java:157)
2025-11-12T14:50:55.0180326Z 	at org.junit.platform.launcher.core.EngineExecutionOrchestrator.execute(EngineExecutionOrchestrator.java:65)
2025-11-12T14:50:55.0181761Z 	at org.junit.platform.launcher.core.DefaultLauncher.execute(DefaultLauncher.java:125)
2025-11-12T14:50:55.0182810Z 	at org.junit.platform.launcher.core.DefaultLauncher.execute(DefaultLauncher.java:114)
2025-11-12T14:50:55.0183881Z 	at org.junit.platform.launcher.core.DelegatingLauncher.execute(DelegatingLauncher.java:58)
2025-11-12T14:50:55.0185111Z 	at org.junit.platform.launcher.core.InterceptingLauncher.lambda$execute$2(InterceptingLauncher.java:57)
2025-11-12T14:50:55.0186828Z 	at org.junit.platform.launcher.core.ClasspathAlignmentCheckingLauncherInterceptor.intercept(ClasspathAlignmentCheckingLauncherInterceptor.java:25)
2025-11-12T14:50:55.0188469Z 	at org.junit.platform.launcher.core.InterceptingLauncher.execute(InterceptingLauncher.java:56)
2025-11-12T14:50:55.0189591Z 	at org.junit.platform.launcher.core.DelegatingLauncher.execute(DelegatingLauncher.java:58)
2025-11-12T14:50:55.0190764Z 	at java.base/jdk.internal.reflect.DirectMethodHandleAccessor.invoke(DirectMethodHandleAccessor.java:103)
2025-11-12T14:50:55.0195042Z 	at java.base/java.lang.reflect.Method.invoke(Method.java:580)
2025-11-12T14:50:55.0211966Z 	at org.apache.maven.surefire.api.util.ReflectionUtils.invokeMethodWithArray(ReflectionUtils.java:125)
2025-11-12T14:50:55.0213478Z 	at org.apache.maven.surefire.junitplatform.LauncherAdapter.executeWithCancellationToken(LauncherAdapter.java:68)
2025-11-12T14:50:55.0214758Z 	at org.apache.maven.surefire.junitplatform.LauncherAdapter.execute(LauncherAdapter.java:54)
2025-11-12T14:50:55.0215986Z 	at org.apache.maven.surefire.junitplatform.JUnitPlatformProvider.execute(JUnitPlatformProvider.java:203)
2025-11-12T14:50:55.0217279Z 	at org.apache.maven.surefire.junitplatform.JUnitPlatformProvider.invokeAllTests(JUnitPlatformProvider.java:168)
2025-11-12T14:50:55.0218665Z 	at org.apache.maven.surefire.junitplatform.JUnitPlatformProvider.invoke(JUnitPlatformProvider.java:136)
2025-11-12T14:50:55.0220301Z 	at org.apache.maven.surefire.booter.ForkedBooter.runSuitesInProcess(ForkedBooter.java:385)
2025-11-12T14:50:55.0221770Z 	at org.apache.maven.surefire.booter.ForkedBooter.execute(ForkedBooter.java:162)
2025-11-12T14:50:55.0222939Z 	at org.apache.maven.surefire.booter.ForkedBooter.run(ForkedBooter.java:507)
2025-11-12T14:50:55.0224051Z 	at org.apache.maven.surefire.booter.ForkedBooter.main(ForkedBooter.java:495)
2025-11-12T14:50:55.0224791Z 
2025-11-12T14:50:55.0225594Z 14:50:54.993 DEBUG [main] o.apache.ibatis.logging.LogFactory - Logging initialized using 'class org.apache.ibatis.logging.slf4j.Slf4jImpl' adapter.
2025-11-12T14:50:55.0226882Z 14:50:54.993 ERROR [main] java.lang.Object - Error message.
2025-11-12T14:50:55.0227621Z 14:50:54.993 ERROR [main] java.lang.Object - Error with Exception.
2025-11-12T14:50:55.0228295Z java.lang.Exception: Test exception.
2025-11-12T14:50:55.0349665Z 	at org.apache.ibatis.logging.LogFactoryTest.logSomething(LogFactoryTest.java:112)
2025-11-12T14:50:55.0350653Z 	at org.apache.ibatis.logging.LogFactoryTest.shouldUseSlf4j(LogFactoryTest.java:77)
2025-11-12T14:50:55.0352073Z 	at java.base/jdk.internal.reflect.DirectMethodHandleAccessor.invoke(DirectMethodHandleAccessor.java:103)
2025-11-12T14:50:55.0353037Z 	at java.base/java.lang.reflect.Method.invoke(Method.java:580)
2025-11-12T14:50:55.0353857Z 	at org.junit.platform.commons.util.ReflectionUtils.invokeMethod(ReflectionUtils.java:701)
2025-11-12T14:50:55.0355007Z 	at org.junit.platform.commons.support.ReflectionSupport.invokeMethod(ReflectionSupport.java:502)
2025-11-12T14:50:55.0356174Z 	at org.junit.jupiter.engine.support.MethodReflectionUtils.invoke(MethodReflectionUtils.java:45)
2025-11-12T14:50:55.0357336Z 	at org.junit.jupiter.engine.execution.MethodInvocation.proceed(MethodInvocation.java:61)
2025-11-12T14:50:55.0358750Z 	at org.junit.jupiter.engine.execution.InvocationInterceptorChain$ValidatingInvocation.proceed(InvocationInterceptorChain.java:124)
2025-11-12T14:50:55.0360040Z 	at org.junit.jupiter.engine.extension.TimeoutExtension.intercept(TimeoutExtension.java:163)
2025-11-12T14:50:55.0361238Z 	at org.junit.jupiter.engine.extension.TimeoutExtension.interceptTestableMethod(TimeoutExtension.java:148)
2025-11-12T14:50:55.0362649Z 	at org.junit.jupiter.engine.extension.TimeoutExtension.interceptTestMethod(TimeoutExtension.java:86)
2025-11-12T14:50:55.0364437Z 	at org.junit.jupiter.engine.execution.InterceptingExecutableInvoker$ReflectiveInterceptorCall.lambda$ofVoidMethod$0(InterceptingExecutableInvoker.java:123)
2025-11-12T14:50:55.0366844Z 	at org.junit.jupiter.engine.execution.InterceptingExecutableInvoker.lambda$invoke$0(InterceptingExecutableInvoker.java:105)
2025-11-12T14:50:55.0368353Z 	at org.junit.jupiter.engine.execution.InvocationInterceptorChain$InterceptedInvocation.proceed(InvocationInterceptorChain.java:99)
2025-11-12T14:50:55.0369806Z 	at org.junit.jupiter.engine.execution.InvocationInterceptorChain.proceed(InvocationInterceptorChain.java:66)
2025-11-12T14:50:55.0371138Z 	at org.junit.jupiter.engine.execution.InvocationInterceptorChain.chainAndInvoke(InvocationInterceptorChain.java:47)
2025-11-12T14:50:55.0372777Z 	at org.junit.jupiter.engine.execution.InvocationInterceptorChain.invoke(InvocationInterceptorChain.java:39)
2025-11-12T14:50:55.0374103Z 	at org.junit.jupiter.engine.execution.InterceptingExecutableInvoker.invoke(InterceptingExecutableInvoker.java:104)
2025-11-12T14:50:55.0375598Z 	at org.junit.jupiter.engine.execution.InterceptingExecutableInvoker.invoke(InterceptingExecutableInvoker.java:98)
2025-11-12T14:50:55.0377068Z 	at org.junit.jupiter.engine.execution.InterceptingExecutableInvoker.invokeVoid(InterceptingExecutableInvoker.java:71)
2025-11-12T14:50:55.0378608Z 	at org.junit.jupiter.engine.descriptor.TestMethodTestDescriptor.lambda$invokeTestMethod$0(TestMethodTestDescriptor.java:219)
2025-11-12T14:50:55.0380069Z 	at org.junit.platform.engine.support.hierarchical.ThrowableCollector.execute(ThrowableCollector.java:74)
2025-11-12T14:50:55.0381678Z 	at org.junit.jupiter.engine.descriptor.TestMethodTestDescriptor.invokeTestMethod(TestMethodTestDescriptor.java:215)
2025-11-12T14:50:55.0383098Z 	at org.junit.jupiter.engine.descriptor.TestMethodTestDescriptor.execute(TestMethodTestDescriptor.java:157)
2025-11-12T14:50:55.0384704Z 	at org.junit.jupiter.engine.descriptor.TestMethodTestDescriptor.execute(TestMethodTestDescriptor.java:70)
2025-11-12T14:50:55.0386303Z 	at org.junit.platform.engine.support.hierarchical.NodeTestTask.lambda$executeRecursively$2(NodeTestTask.java:176)
2025-11-12T14:50:55.0387721Z 	at org.junit.platform.engine.support.hierarchical.ThrowableCollector.execute(ThrowableCollector.java:74)
2025-11-12T14:50:55.0389107Z 	at org.junit.platform.engine.support.hierarchical.NodeTestTask.lambda$executeRecursively$1(NodeTestTask.java:166)
2025-11-12T14:50:55.0390272Z 	at org.junit.platform.engine.support.hierarchical.Node.around(Node.java:138)
2025-11-12T14:50:55.0391656Z 	at org.junit.platform.engine.support.hierarchical.NodeTestTask.lambda$executeRecursively$0(NodeTestTask.java:164)
2025-11-12T14:50:55.0393016Z 	at org.junit.platform.engine.support.hierarchical.ThrowableCollector.execute(ThrowableCollector.java:74)
2025-11-12T14:50:55.0394352Z 	at org.junit.platform.engine.support.hierarchical.NodeTestTask.executeRecursively(NodeTestTask.java:163)
2025-11-12T14:50:55.0395626Z 	at org.junit.platform.engine.support.hierarchical.NodeTestTask.execute(NodeTestTask.java:116)
2025-11-12T14:50:55.0396574Z 	at java.base/java.util.ArrayList.forEach(ArrayList.java:1596)
2025-11-12T14:50:55.0398028Z 	at org.junit.platform.engine.support.hierarchical.SameThreadHierarchicalTestExecutorService.invokeAll(SameThreadHierarchicalTestExecutorService.java:42)
2025-11-12T14:50:55.0401206Z 	at org.junit.platform.engine.support.hierarchical.NodeTestTask.lambda$executeRecursively$2(NodeTestTask.java:180)
2025-11-12T14:50:55.0402777Z 	at org.junit.platform.engine.support.hierarchical.ThrowableCollector.execute(ThrowableCollector.java:74)
2025-11-12T14:50:55.0404165Z 	at org.junit.platform.engine.support.hierarchical.NodeTestTask.lambda$executeRecursively$1(NodeTestTask.java:166)
2025-11-12T14:50:55.0405359Z 	at org.junit.platform.engine.support.hierarchical.Node.around(Node.java:138)
2025-11-12T14:50:55.0406574Z 	at org.junit.platform.engine.support.hierarchical.NodeTestTask.lambda$executeRecursively$0(NodeTestTask.java:164)
2025-11-12T14:50:55.0407933Z 	at org.junit.platform.engine.support.hierarchical.ThrowableCollector.execute(ThrowableCollector.java:74)
2025-11-12T14:50:55.0409253Z 	at org.junit.platform.engine.support.hierarchical.NodeTestTask.executeRecursively(NodeTestTask.java:163)
2025-11-12T14:50:55.0410429Z 	at org.junit.platform.engine.support.hierarchical.NodeTestTask.execute(NodeTestTask.java:116)
2025-11-12T14:50:55.0411327Z 	at java.base/java.util.ArrayList.forEach(ArrayList.java:1596)
2025-11-12T14:50:55.0412908Z 	at org.junit.platform.engine.support.hierarchical.SameThreadHierarchicalTestExecutorService.invokeAll(SameThreadHierarchicalTestExecutorService.java:42)
2025-11-12T14:50:55.0414569Z 	at org.junit.platform.engine.support.hierarchical.NodeTestTask.lambda$executeRecursively$2(NodeTestTask.java:180)
2025-11-12T14:50:55.0415824Z 	at org.junit.platform.engine.support.hierarchical.ThrowableCollector.execute(ThrowableCollector.java:74)
2025-11-12T14:50:55.0417198Z 	at org.junit.platform.engine.support.hierarchical.NodeTestTask.lambda$executeRecursively$1(NodeTestTask.java:166)
2025-11-12T14:50:55.0418374Z 	at org.junit.platform.engine.support.hierarchical.Node.around(Node.java:138)
2025-11-12T14:50:55.0419522Z 	at org.junit.platform.engine.support.hierarchical.NodeTestTask.lambda$executeRecursively$0(NodeTestTask.java:164)
2025-11-12T14:50:55.0420811Z 	at org.junit.platform.engine.support.hierarchical.ThrowableCollector.execute(ThrowableCollector.java:74)
2025-11-12T14:50:55.0422407Z 	at org.junit.platform.engine.support.hierarchical.NodeTestTask.executeRecursively(NodeTestTask.java:163)
2025-11-12T14:50:55.0434739Z 	at org.junit.platform.engine.support.hierarchical.NodeTestTask.execute(NodeTestTask.java:116)
2025-11-12T14:50:55.0436051Z 	at org.junit.platform.engine.support.hierarchical.SameThreadHierarchicalTestExecutorService.submit(SameThreadHierarchicalTestExecutorService.java:36)
2025-11-12T14:50:55.0437709Z 	at org.junit.platform.engine.support.hierarchical.HierarchicalTestExecutor.execute(HierarchicalTestExecutor.java:52)
2025-11-12T14:50:55.0439044Z 	at org.junit.platform.engine.support.hierarchical.HierarchicalTestEngine.execute(HierarchicalTestEngine.java:58)
2025-11-12T14:50:55.0440198Z 	at org.junit.platform.launcher.core.EngineExecutionOrchestrator.executeEngine(EngineExecutionOrchestrator.java:246)
2025-11-12T14:50:55.0441401Z 	at org.junit.platform.launcher.core.EngineExecutionOrchestrator.failOrExecuteEngine(EngineExecutionOrchestrator.java:218)
2025-11-12T14:50:55.0443073Z 	at org.junit.platform.launcher.core.EngineExecutionOrchestrator.execute(EngineExecutionOrchestrator.java:179)
2025-11-12T14:50:55.0444482Z 	at org.junit.platform.launcher.core.EngineExecutionOrchestrator.execute(EngineExecutionOrchestrator.java:108)
2025-11-12T14:50:55.0445927Z 	at org.junit.platform.launcher.core.EngineExecutionOrchestrator.lambda$execute$0(EngineExecutionOrchestrator.java:66)
2025-11-12T14:50:55.0447478Z 	at org.junit.platform.launcher.core.EngineExecutionOrchestrator.withInterceptedStreams(EngineExecutionOrchestrator.java:157)
2025-11-12T14:50:55.0448984Z 	at org.junit.platform.launcher.core.EngineExecutionOrchestrator.execute(EngineExecutionOrchestrator.java:65)
2025-11-12T14:50:55.0450184Z 	at org.junit.platform.launcher.core.DefaultLauncher.execute(DefaultLauncher.java:125)
2025-11-12T14:50:55.0451195Z 	at org.junit.platform.launcher.core.DefaultLauncher.execute(DefaultLauncher.java:114)
2025-11-12T14:50:55.0452417Z 	at org.junit.platform.launcher.core.DelegatingLauncher.execute(DelegatingLauncher.java:58)
2025-11-12T14:50:55.0453581Z 	at org.junit.platform.launcher.core.InterceptingLauncher.lambda$execute$2(InterceptingLauncher.java:57)
2025-11-12T14:50:55.0455254Z 	at org.junit.platform.launcher.core.ClasspathAlignmentCheckingLauncherInterceptor.intercept(ClasspathAlignmentCheckingLauncherInterceptor.java:25)
2025-11-12T14:50:55.0456875Z 	at org.junit.platform.launcher.core.InterceptingLauncher.execute(InterceptingLauncher.java:56)
2025-11-12T14:50:55.0457994Z 	at org.junit.platform.launcher.core.DelegatingLauncher.execute(DelegatingLauncher.java:58)
2025-11-12T14:50:55.0459166Z 	at java.base/jdk.internal.reflect.DirectMethodHandleAccessor.invoke(DirectMethodHandleAccessor.java:103)
2025-11-12T14:50:55.0460136Z 	at java.base/java.lang.reflect.Method.invoke(Method.java:580)
2025-11-12T14:50:55.0461159Z 	at org.apache.maven.surefire.api.util.ReflectionUtils.invokeMethodWithArray(ReflectionUtils.java:125)
2025-11-12T14:50:55.0462668Z 	at org.apache.maven.surefire.junitplatform.LauncherAdapter.executeWithCancellationToken(LauncherAdapter.java:68)
2025-11-12T14:50:55.0463970Z 	at org.apache.maven.surefire.junitplatform.LauncherAdapter.execute(LauncherAdapter.java:54)
2025-11-12T14:50:55.0465207Z 	at org.apache.maven.surefire.junitplatform.JUnitPlatformProvider.execute(JUnitPlatformProvider.java:203)
2025-11-12T14:50:55.0466740Z 	at org.apache.maven.surefire.junitplatform.JUnitPlatformProvider.invokeAllTests(JUnitPlatformProvider.java:168)
2025-11-12T14:50:55.0468141Z 	at org.apache.maven.surefire.junitplatform.JUnitPlatformProvider.invoke(JUnitPlatformProvider.java:136)
2025-11-12T14:50:55.0469351Z 	at org.apache.maven.surefire.booter.ForkedBooter.runSuitesInProcess(ForkedBooter.java:385)
2025-11-12T14:50:55.0470353Z 	at org.apache.maven.surefire.booter.ForkedBooter.execute(ForkedBooter.java:162)
2025-11-12T14:50:55.0471270Z 	at org.apache.maven.surefire.booter.ForkedBooter.run(ForkedBooter.java:507)
2025-11-12T14:50:55.0472162Z 	at org.apache.maven.surefire.booter.ForkedBooter.main(ForkedBooter.java:495)
2025-11-12T14:50:55.0472800Z 2025-11-12T14:50:55.016304727Z main ERROR Error message.
2025-11-12T14:50:55.0473270Z 2025-11-12T14:50:55.016931932Z main ERROR Error with Exception.
2025-11-12T14:50:55.0473707Z java.lang.Exception: Test exception.
2025-11-12T14:50:55.0474260Z 	at org.apache.ibatis.logging.LogFactoryTest.logSomething(LogFactoryTest.java:112)
2025-11-12T14:50:55.0475076Z 	at org.apache.ibatis.logging.LogFactoryTest.shouldUseCommonsLogging(LogFactoryTest.java:45)
2025-11-12T14:50:55.0476244Z 	at java.base/jdk.internal.reflect.DirectMethodHandleAccessor.invoke(DirectMethodHandleAccessor.java:103)
2025-11-12T14:50:55.0477169Z 	at java.base/java.lang.reflect.Method.invoke(Method.java:580)
2025-11-12T14:50:55.0477848Z 	at org.junit.platform.commons.util.ReflectionUtils.invokeMethod(ReflectionUtils.java:701)
2025-11-12T14:50:55.0478740Z 	at org.junit.platform.commons.support.ReflectionSupport.invokeMethod(ReflectionSupport.java:502)
2025-11-12T14:50:55.0479677Z 	at org.junit.jupiter.engine.support.MethodReflectionUtils.invoke(MethodReflectionUtils.java:45)
2025-11-12T14:50:55.0480606Z 	at org.junit.jupiter.engine.execution.MethodInvocation.proceed(MethodInvocation.java:61)
2025-11-12T14:50:55.0482184Z 	at org.junit.jupiter.engine.execution.InvocationInterceptorChain$ValidatingInvocation.proceed(InvocationInterceptorChain.java:124)
2025-11-12T14:50:55.0483574Z 	at org.junit.jupiter.engine.extension.TimeoutExtension.intercept(TimeoutExtension.java:163)
2025-11-12T14:50:55.0484812Z 	at org.junit.jupiter.engine.extension.TimeoutExtension.interceptTestableMethod(TimeoutExtension.java:148)
2025-11-12T14:50:55.0486532Z 	at org.junit.jupiter.engine.extension.TimeoutExtension.interceptTestMethod(TimeoutExtension.java:86)
2025-11-12T14:50:55.0488172Z 	at org.junit.jupiter.engine.execution.InterceptingExecutableInvoker$ReflectiveInterceptorCall.lambda$ofVoidMethod$0(InterceptingExecutableInvoker.java:123)
2025-11-12T14:50:55.0489991Z 	at org.junit.jupiter.engine.execution.InterceptingExecutableInvoker.lambda$invoke$0(InterceptingExecutableInvoker.java:105)
2025-11-12T14:50:55.0491778Z 	at org.junit.jupiter.engine.execution.InvocationInterceptorChain$InterceptedInvocation.proceed(InvocationInterceptorChain.java:99)
2025-11-12T14:50:55.0493331Z 	at org.junit.jupiter.engine.execution.InvocationInterceptorChain.proceed(InvocationInterceptorChain.java:66)
2025-11-12T14:50:55.0494786Z 	at org.junit.jupiter.engine.execution.InvocationInterceptorChain.chainAndInvoke(InvocationInterceptorChain.java:47)
2025-11-12T14:50:55.0496227Z 	at org.junit.jupiter.engine.execution.InvocationInterceptorChain.invoke(InvocationInterceptorChain.java:39)
2025-11-12T14:50:55.0497628Z 	at org.junit.jupiter.engine.execution.InterceptingExecutableInvoker.invoke(InterceptingExecutableInvoker.java:104)
2025-11-12T14:50:55.0499076Z 	at org.junit.jupiter.engine.execution.InterceptingExecutableInvoker.invoke(InterceptingExecutableInvoker.java:98)
2025-11-12T14:50:55.0500551Z 	at org.junit.jupiter.engine.execution.InterceptingExecutableInvoker.invokeVoid(InterceptingExecutableInvoker.java:71)
2025-11-12T14:50:55.0502224Z 	at org.junit.jupiter.engine.descriptor.TestMethodTestDescriptor.lambda$invokeTestMethod$0(TestMethodTestDescriptor.java:219)
2025-11-12T14:50:55.0503665Z 	at org.junit.platform.engine.support.hierarchical.ThrowableCollector.execute(ThrowableCollector.java:74)
2025-11-12T14:50:55.0505035Z 	at org.junit.jupiter.engine.descriptor.TestMethodTestDescriptor.invokeTestMethod(TestMethodTestDescriptor.java:215)
2025-11-12T14:50:55.0506460Z 	at org.junit.jupiter.engine.descriptor.TestMethodTestDescriptor.execute(TestMethodTestDescriptor.java:157)
2025-11-12T14:50:55.0507812Z 	at org.junit.jupiter.engine.descriptor.TestMethodTestDescriptor.execute(TestMethodTestDescriptor.java:70)
2025-11-12T14:50:55.0509188Z 	at org.junit.platform.engine.support.hierarchical.NodeTestTask.lambda$executeRecursively$2(NodeTestTask.java:176)
2025-11-12T14:50:55.0510492Z 	at org.junit.platform.engine.support.hierarchical.ThrowableCollector.execute(ThrowableCollector.java:74)
2025-11-12T14:50:55.0511800Z 	at org.junit.platform.engine.support.hierarchical.NodeTestTask.lambda$executeRecursively$1(NodeTestTask.java:166)
2025-11-12T14:50:55.0513334Z 	at org.junit.platform.engine.support.hierarchical.Node.around(Node.java:138)
2025-11-12T14:50:55.0514922Z 	at org.junit.platform.engine.support.hierarchical.NodeTestTask.lambda$executeRecursively$0(NodeTestTask.java:164)
2025-11-12T14:50:55.0516452Z 	at org.junit.platform.engine.support.hierarchical.ThrowableCollector.execute(ThrowableCollector.java:74)
2025-11-12T14:50:55.0517803Z 	at org.junit.platform.engine.support.hierarchical.NodeTestTask.executeRecursively(NodeTestTask.java:163)
2025-11-12T14:50:55.0519332Z 	at org.junit.platform.engine.support.hierarchical.NodeTestTask.execute(NodeTestTask.java:116)
2025-11-12T14:50:55.0520204Z 	at java.base/java.util.ArrayList.forEach(ArrayList.java:1596)
2025-11-12T14:50:55.0521725Z 	at org.junit.platform.engine.support.hierarchical.SameThreadHierarchicalTestExecutorService.invokeAll(SameThreadHierarchicalTestExecutorService.java:42)
2025-11-12T14:50:55.0523362Z 	at org.junit.platform.engine.support.hierarchical.NodeTestTask.lambda$executeRecursively$2(NodeTestTask.java:180)
2025-11-12T14:50:55.0524665Z 	at org.junit.platform.engine.support.hierarchical.ThrowableCollector.execute(ThrowableCollector.java:74)
2025-11-12T14:50:55.0526021Z 	at org.junit.platform.engine.support.hierarchical.NodeTestTask.lambda$executeRecursively$1(NodeTestTask.java:166)
2025-11-12T14:50:55.0527199Z 	at org.junit.platform.engine.support.hierarchical.Node.around(Node.java:138)
2025-11-12T14:50:55.0528237Z 	at org.junit.platform.engine.support.hierarchical.NodeTestTask.lambda$executeRecursively$0(NodeTestTask.java:164)
2025-11-12T14:50:55.0529516Z 	at org.junit.platform.engine.support.hierarchical.ThrowableCollector.execute(ThrowableCollector.java:74)
2025-11-12T14:50:55.0531394Z 	at org.junit.platform.engine.support.hierarchical.NodeTestTask.executeRecursively(NodeTestTask.java:163)
2025-11-12T14:50:55.0533405Z 	at org.junit.platform.engine.support.hierarchical.NodeTestTask.execute(NodeTestTask.java:116)
2025-11-12T14:50:55.0534688Z 	at java.base/java.util.ArrayList.forEach(ArrayList.java:1596)
2025-11-12T14:50:55.0536098Z 	at org.junit.platform.engine.support.hierarchical.SameThreadHierarchicalTestExecutorService.invokeAll(SameThreadHierarchicalTestExecutorService.java:42)
2025-11-12T14:50:55.0537926Z 	at org.junit.platform.engine.support.hierarchical.NodeTestTask.lambda$executeRecursively$2(NodeTestTask.java:180)
2025-11-12T14:50:55.0539206Z 	at org.junit.platform.engine.support.hierarchical.ThrowableCollector.execute(ThrowableCollector.java:74)
2025-11-12T14:50:55.0540980Z 	at org.junit.platform.engine.support.hierarchical.NodeTestTask.lambda$executeRecursively$1(NodeTestTask.java:166)
2025-11-12T14:50:55.0542396Z 	at org.junit.platform.engine.support.hierarchical.Node.around(Node.java:138)
2025-11-12T14:50:55.0543554Z 	at org.junit.platform.engine.support.hierarchical.NodeTestTask.lambda$executeRecursively$0(NodeTestTask.java:164)
2025-11-12T14:50:55.0544915Z 	at org.junit.platform.engine.support.hierarchical.ThrowableCollector.execute(ThrowableCollector.java:74)
2025-11-12T14:50:55.0546288Z 	at org.junit.platform.engine.support.hierarchical.NodeTestTask.executeRecursively(NodeTestTask.java:163)
2025-11-12T14:50:55.0547550Z 	at org.junit.platform.engine.support.hierarchical.NodeTestTask.execute(NodeTestTask.java:116)
2025-11-12T14:50:55.0549671Z 	at org.junit.platform.engine.support.hierarchical.SameThreadHierarchicalTestExecutorService.submit(SameThreadHierarchicalTestExecutorService.java:36)
2025-11-12T14:50:55.0551383Z 	at org.junit.platform.engine.support.hierarchical.HierarchicalTestExecutor.execute(HierarchicalTestExecutor.java:52)
2025-11-12T14:50:55.0553497Z 	at org.junit.platform.engine.support.hierarchical.HierarchicalTestEngine.execute(HierarchicalTestEngine.java:58)
2025-11-12T14:50:55.0554966Z 	at org.junit.platform.launcher.core.EngineExecutionOrchestrator.executeEngine(EngineExecutionOrchestrator.java:246)
2025-11-12T14:50:55.0557832Z 	at org.junit.platform.launcher.core.EngineExecutionOrchestrator.failOrExecuteEngine(EngineExecutionOrchestrator.java:218)
2025-11-12T14:50:55.0559351Z 	at org.junit.platform.launcher.core.EngineExecutionOrchestrator.execute(EngineExecutionOrchestrator.java:179)
2025-11-12T14:50:55.0560806Z 	at org.junit.platform.launcher.core.EngineExecutionOrchestrator.execute(EngineExecutionOrchestrator.java:108)
2025-11-12T14:50:55.0562643Z 	at org.junit.platform.launcher.core.EngineExecutionOrchestrator.lambda$execute$0(EngineExecutionOrchestrator.java:66)
2025-11-12T14:50:55.0582946Z 	at org.junit.platform.launcher.core.EngineExecutionOrchestrator.withInterceptedStreams(EngineExecutionOrchestrator.java:157)
2025-11-12T14:50:55.0584394Z 	at org.junit.platform.launcher.core.EngineExecutionOrchestrator.execute(EngineExecutionOrchestrator.java:65)
2025-11-12T14:50:55.0585521Z 	at org.junit.platform.launcher.core.DefaultLauncher.execute(DefaultLauncher.java:125)
2025-11-12T14:50:55.0586520Z 	at org.junit.platform.launcher.core.DefaultLauncher.execute(DefaultLauncher.java:114)
2025-11-12T14:50:55.0587512Z 	at org.junit.platform.launcher.core.DelegatingLauncher.execute(DelegatingLauncher.java:58)
2025-11-12T14:50:55.0588639Z 	at org.junit.platform.launcher.core.InterceptingLauncher.lambda$execute$2(InterceptingLauncher.java:57)
2025-11-12T14:50:55.0590198Z 	at org.junit.platform.launcher.core.ClasspathAlignmentCheckingLauncherInterceptor.intercept(ClasspathAlignmentCheckingLauncherInterceptor.java:25)
2025-11-12T14:50:55.0591965Z 	at org.junit.platform.launcher.core.InterceptingLauncher.execute(InterceptingLauncher.java:56)
2025-11-12T14:50:55.0593081Z 	at org.junit.platform.launcher.core.DelegatingLauncher.execute(DelegatingLauncher.java:58)
2025-11-12T14:50:55.0594282Z 	at java.base/jdk.internal.reflect.DirectMethodHandleAccessor.invoke(DirectMethodHandleAccessor.java:103)
2025-11-12T14:50:55.0595232Z 	at java.base/java.lang.reflect.Method.invoke(Method.java:580)
2025-11-12T14:50:55.0596155Z 	at org.apache.maven.surefire.api.util.ReflectionUtils.invokeMethodWithArray(ReflectionUtils.java:125)
2025-11-12T14:50:55.0597454Z 	at org.apache.maven.surefire.junitplatform.LauncherAdapter.executeWithCancellationToken(LauncherAdapter.java:68)
2025-11-12T14:50:55.0598739Z 	at org.apache.maven.surefire.junitplatform.LauncherAdapter.execute(LauncherAdapter.java:54)
2025-11-12T14:50:55.0599943Z 	at org.apache.maven.surefire.junitplatform.JUnitPlatformProvider.execute(JUnitPlatformProvider.java:203)
2025-11-12T14:50:55.0601257Z 	at org.apache.maven.surefire.junitplatform.JUnitPlatformProvider.invokeAllTests(JUnitPlatformProvider.java:168)
2025-11-12T14:50:55.0602787Z 	at org.apache.maven.surefire.junitplatform.JUnitPlatformProvider.invoke(JUnitPlatformProvider.java:136)
2025-11-12T14:50:55.0603921Z 	at org.apache.maven.surefire.booter.ForkedBooter.runSuitesInProcess(ForkedBooter.java:385)
2025-11-12T14:50:55.0604952Z 	at org.apache.maven.surefire.booter.ForkedBooter.execute(ForkedBooter.java:162)
2025-11-12T14:50:55.0605737Z 	at org.apache.maven.surefire.booter.ForkedBooter.run(ForkedBooter.java:507)
2025-11-12T14:50:55.0606511Z 	at org.apache.maven.surefire.booter.ForkedBooter.main(ForkedBooter.java:495)
2025-11-12T14:50:55.0607029Z 
2025-11-12T14:50:55.0607751Z 14:50:55.019 DEBUG [main] o.apache.ibatis.logging.LogFactory - Logging initialized using 'class org.apache.ibatis.logging.slf4j.Slf4jImpl' adapter.
2025-11-12T14:50:55.0609081Z [INFO] Tests run: 8, Failures: 0, Errors: 0, Skipped: 0, Time elapsed: 0.296 s -- in org.apache.ibatis.logging.LogFactoryTest
2025-11-12T14:50:55.0609975Z [INFO] Running org.apache.ibatis.plugin.PluginTest
2025-11-12T14:50:55.0621255Z [INFO] Tests run: 2, Failures: 0, Errors: 0, Skipped: 0, Time elapsed: 0.036 s -- in org.apache.ibatis.plugin.PluginTest
2025-11-12T14:50:55.0622254Z [INFO] Running org.apache.ibatis.type.BlobInputStreamTypeHandlerTest
2025-11-12T14:50:55.2252533Z [INFO] Tests run: 8, Failures: 0, Errors: 0, Skipped: 0, Time elapsed: 0.164 s -- in org.apache.ibatis.type.BlobInputStreamTypeHandlerTest
2025-11-12T14:50:55.2255228Z [INFO] Running org.apache.ibatis.type.TypeAliasRegistryTest
2025-11-12T14:50:55.2310099Z [INFO] Tests run: 9, Failures: 0, Errors: 0, Skipped: 0, Time elapsed: 0.008 s -- in org.apache.ibatis.type.TypeAliasRegistryTest
2025-11-12T14:50:55.2315787Z [INFO] Running org.apache.ibatis.type.SqlDateTypeHandlerTest
2025-11-12T14:50:55.2368561Z [INFO] Tests run: 4, Failures: 0, Errors: 0, Skipped: 0, Time elapsed: 0.005 s -- in org.apache.ibatis.type.SqlDateTypeHandlerTest
2025-11-12T14:50:55.2376689Z [INFO] Running org.apache.ibatis.type.ByteTypeHandlerTest
2025-11-12T14:50:55.2478641Z [INFO] Tests run: 7, Failures: 0, Errors: 0, Skipped: 0, Time elapsed: 0.008 s -- in org.apache.ibatis.type.ByteTypeHandlerTest
2025-11-12T14:50:55.2480013Z [INFO] Running org.apache.ibatis.type.BlobByteObjectArrayTypeHandlerTest
2025-11-12T14:50:55.2587111Z [INFO] Tests run: 7, Failures: 0, Errors: 0, Skipped: 0, Time elapsed: 0.011 s -- in org.apache.ibatis.type.BlobByteObjectArrayTypeHandlerTest
2025-11-12T14:50:55.2632470Z [INFO] Running org.apache.ibatis.type.BooleanTypeHandlerTest
2025-11-12T14:50:55.2666935Z [INFO] Tests run: 7, Failures: 0, Errors: 0, Skipped: 0, Time elapsed: 0.009 s -- in org.apache.ibatis.type.BooleanTypeHandlerTest
2025-11-12T14:50:55.2673011Z [INFO] Running org.apache.ibatis.type.ByteArrayTypeHandlerTest
2025-11-12T14:50:55.2753652Z [INFO] Tests run: 4, Failures: 0, Errors: 0, Skipped: 0, Time elapsed: 0.008 s -- in org.apache.ibatis.type.ByteArrayTypeHandlerTest
2025-11-12T14:50:55.2754693Z [INFO] Running org.apache.ibatis.type.NStringTypeHandlerTest
2025-11-12T14:50:55.2795385Z [INFO] Tests run: 4, Failures: 0, Errors: 0, Skipped: 0, Time elapsed: 0.005 s -- in org.apache.ibatis.type.NStringTypeHandlerTest
2025-11-12T14:50:55.2796342Z [INFO] Running org.apache.ibatis.type.YearTypeHandlerTest
2025-11-12T14:50:55.2905903Z [INFO] Tests run: 7, Failures: 0, Errors: 0, Skipped: 0, Time elapsed: 0.009 s -- in org.apache.ibatis.type.YearTypeHandlerTest
2025-11-12T14:50:55.2908205Z [INFO] Running org.apache.ibatis.type.YearMonthTypeHandlerTest
2025-11-12T14:50:55.3004407Z [INFO] Tests run: 7, Failures: 0, Errors: 0, Skipped: 0, Time elapsed: 0.009 s -- in org.apache.ibatis.type.YearMonthTypeHandlerTest
2025-11-12T14:50:55.3009314Z [INFO] Running org.apache.ibatis.type.ByteObjectArrayTypeHandlerTest
2025-11-12T14:50:55.3094225Z [INFO] Tests run: 7, Failures: 0, Errors: 0, Skipped: 0, Time elapsed: 0.007 s -- in org.apache.ibatis.type.ByteObjectArrayTypeHandlerTest
2025-11-12T14:50:55.3095773Z [INFO] Running org.apache.ibatis.type.IntegerTypeHandlerTest
2025-11-12T14:50:55.3152629Z [INFO] Tests run: 7, Failures: 0, Errors: 0, Skipped: 0, Time elapsed: 0.007 s -- in org.apache.ibatis.type.IntegerTypeHandlerTest
2025-11-12T14:50:55.3153906Z [INFO] Running org.apache.ibatis.type.ClobTypeHandlerTest
2025-11-12T14:50:55.3304985Z [INFO] Tests run: 7, Failures: 0, Errors: 0, Skipped: 0, Time elapsed: 0.016 s -- in org.apache.ibatis.type.ClobTypeHandlerTest
2025-11-12T14:50:55.3309951Z [INFO] Running org.apache.ibatis.type.ZonedDateTimeTypeHandlerTest
2025-11-12T14:50:55.3403892Z [INFO] Tests run: 7, Failures: 0, Errors: 0, Skipped: 0, Time elapsed: 0.008 s -- in org.apache.ibatis.type.ZonedDateTimeTypeHandlerTest
2025-11-12T14:50:55.3408655Z [INFO] Running org.apache.ibatis.type.InstantTypeHandlerTest
2025-11-12T14:50:55.3492645Z [INFO] Tests run: 7, Failures: 0, Errors: 0, Skipped: 0, Time elapsed: 0.009 s -- in org.apache.ibatis.type.InstantTypeHandlerTest
2025-11-12T14:50:55.3496643Z [INFO] Running org.apache.ibatis.type.StringTypeHandlerTest
2025-11-12T14:50:55.3532777Z [INFO] Tests run: 4, Failures: 0, Errors: 0, Skipped: 0, Time elapsed: 0.005 s -- in org.apache.ibatis.type.StringTypeHandlerTest
2025-11-12T14:50:55.3533399Z [INFO] Running org.apache.ibatis.type.ClobReaderTypeHandlerTest
2025-11-12T14:50:55.3728361Z [INFO] Tests run: 8, Failures: 0, Errors: 0, Skipped: 0, Time elapsed: 0.018 s -- in org.apache.ibatis.type.ClobReaderTypeHandlerTest
2025-11-12T14:50:55.3755242Z [INFO] Running org.apache.ibatis.type.JapaneseDateTypeHandlerTest
2025-11-12T14:50:55.3841138Z [INFO] Tests run: 7, Failures: 0, Errors: 0, Skipped: 0, Time elapsed: 0.010 s -- in org.apache.ibatis.type.JapaneseDateTypeHandlerTest
2025-11-12T14:50:55.3843873Z [INFO] Running org.apache.ibatis.type.SqlTimestampTypeHandlerTest
2025-11-12T14:50:55.3901598Z [INFO] Tests run: 4, Failures: 0, Errors: 0, Skipped: 0, Time elapsed: 0.003 s -- in org.apache.ibatis.type.SqlTimestampTypeHandlerTest
2025-11-12T14:50:55.3903465Z [INFO] Running org.apache.ibatis.type.TimeOnlyTypeHandlerTest
2025-11-12T14:50:55.3937289Z [INFO] Tests run: 7, Failures: 0, Errors: 0, Skipped: 0, Time elapsed: 0.007 s -- in org.apache.ibatis.type.TimeOnlyTypeHandlerTest
2025-11-12T14:50:55.3942967Z [INFO] Running org.apache.ibatis.type.LongTypeHandlerTest
2025-11-12T14:50:55.4009817Z [INFO] Tests run: 7, Failures: 0, Errors: 0, Skipped: 0, Time elapsed: 0.007 s -- in org.apache.ibatis.type.LongTypeHandlerTest
2025-11-12T14:50:55.4015039Z [INFO] Running org.apache.ibatis.type.TypeReferenceTest
2025-11-12T14:50:55.4040744Z [INFO] Tests run: 2, Failures: 0, Errors: 0, Skipped: 0, Time elapsed: 0.002 s -- in org.apache.ibatis.type.TypeReferenceTest
2025-11-12T14:50:55.4042259Z [INFO] Running org.apache.ibatis.type.OffsetTimeTypeHandlerTest
2025-11-12T14:50:55.4103844Z [INFO] Tests run: 7, Failures: 0, Errors: 0, Skipped: 0, Time elapsed: 0.007 s -- in org.apache.ibatis.type.OffsetTimeTypeHandlerTest
2025-11-12T14:50:55.4109494Z [INFO] Running org.apache.ibatis.type.EnumTypeHandlerTest
2025-11-12T14:50:55.4178850Z [INFO] Tests run: 8, Failures: 0, Errors: 0, Skipped: 0, Time elapsed: 0.007 s -- in org.apache.ibatis.type.EnumTypeHandlerTest
2025-11-12T14:50:55.4184000Z [INFO] Running org.apache.ibatis.type.SimpleTypeRegistryTest
2025-11-12T14:50:55.4207231Z [INFO] Tests run: 3, Failures: 0, Errors: 0, Skipped: 0, Time elapsed: 0.001 s -- in org.apache.ibatis.type.SimpleTypeRegistryTest
2025-11-12T14:50:55.4208253Z [INFO] Running org.apache.ibatis.type.CharacterTypeHandlerTest
2025-11-12T14:50:55.4322354Z [INFO] Tests run: 11, Failures: 0, Errors: 0, Skipped: 0, Time elapsed: 0.011 s -- in org.apache.ibatis.type.CharacterTypeHandlerTest
2025-11-12T14:50:55.4330472Z [INFO] Running org.apache.ibatis.type.UnknownTypeHandlerTest
2025-11-12T14:50:55.4673723Z [INFO] Tests run: 11, Failures: 0, Errors: 0, Skipped: 0, Time elapsed: 0.035 s -- in org.apache.ibatis.type.UnknownTypeHandlerTest
2025-11-12T14:50:55.4677651Z [INFO] Running org.apache.ibatis.type.EnumOrdinalTypeHandlerTest
2025-11-12T14:50:55.4796489Z [INFO] Tests run: 8, Failures: 0, Errors: 0, Skipped: 0, Time elapsed: 0.009 s -- in org.apache.ibatis.type.EnumOrdinalTypeHandlerTest
2025-11-12T14:50:55.4797490Z [INFO] Running org.apache.ibatis.type.JdbcTypeTest
2025-11-12T14:50:55.4828550Z [INFO] Tests run: 2, Failures: 0, Errors: 0, Skipped: 0, Time elapsed: 0.002 s -- in org.apache.ibatis.type.JdbcTypeTest
2025-11-12T14:50:55.4832848Z [INFO] Running org.apache.ibatis.type.ObjectTypeHandlerTest
2025-11-12T14:50:55.4867541Z [INFO] Tests run: 7, Failures: 0, Errors: 0, Skipped: 0, Time elapsed: 0.006 s -- in org.apache.ibatis.type.ObjectTypeHandlerTest
2025-11-12T14:50:55.4871703Z [INFO] Running org.apache.ibatis.type.ShortTypeHandlerTest
2025-11-12T14:50:55.4965219Z [INFO] Tests run: 7, Failures: 0, Errors: 0, Skipped: 0, Time elapsed: 0.007 s -- in org.apache.ibatis.type.ShortTypeHandlerTest
2025-11-12T14:50:55.4966263Z [INFO] Running org.apache.ibatis.type.Jsr310TypeHandlerRegistryTest
2025-11-12T14:50:55.4987024Z [INFO] Tests run: 1, Failures: 0, Errors: 0, Skipped: 0, Time elapsed: 0 s -- in org.apache.ibatis.type.Jsr310TypeHandlerRegistryTest
2025-11-12T14:50:55.4991349Z [INFO] Running org.apache.ibatis.type.LocalDateTimeTypeHandlerTest
2025-11-12T14:50:55.5031975Z [INFO] Tests run: 7, Failures: 0, Errors: 0, Skipped: 0, Time elapsed: 0.007 s -- in org.apache.ibatis.type.LocalDateTimeTypeHandlerTest
2025-11-12T14:50:55.5034976Z [INFO] Running org.apache.ibatis.type.LocalDateTypeHandlerTest
2025-11-12T14:50:55.5133483Z [INFO] Tests run: 7, Failures: 0, Errors: 0, Skipped: 0, Time elapsed: 0.008 s -- in org.apache.ibatis.type.LocalDateTypeHandlerTest
2025-11-12T14:50:55.5137919Z [INFO] Running org.apache.ibatis.type.BlobTypeHandlerTest
2025-11-12T14:50:55.5209704Z [INFO] Tests run: 7, Failures: 0, Errors: 0, Skipped: 0, Time elapsed: 0.006 s -- in org.apache.ibatis.type.BlobTypeHandlerTest
2025-11-12T14:50:55.5213936Z [INFO] Running org.apache.ibatis.type.MonthTypeHandlerTest
2025-11-12T14:50:55.5288423Z [INFO] Tests run: 7, Failures: 0, Errors: 0, Skipped: 0, Time elapsed: 0.007 s -- in org.apache.ibatis.type.MonthTypeHandlerTest
2025-11-12T14:50:55.5296322Z [INFO] Running org.apache.ibatis.type.SqlxmlTypeHandlerTest
2025-11-12T14:50:55.5885982Z [INFO] Tests run: 10, Failures: 0, Errors: 0, Skipped: 0, Time elapsed: 0.057 s -- in org.apache.ibatis.type.SqlxmlTypeHandlerTest
2025-11-12T14:50:55.5887071Z [INFO] Running org.apache.ibatis.type.NClobTypeHandlerTest
2025-11-12T14:50:55.6010825Z [INFO] Tests run: 7, Failures: 0, Errors: 0, Skipped: 0, Time elapsed: 0.015 s -- in org.apache.ibatis.type.NClobTypeHandlerTest
2025-11-12T14:50:55.6015761Z [INFO] Running org.apache.ibatis.type.DateOnlyTypeHandlerTest
2025-11-12T14:50:55.6073152Z [INFO] Tests run: 7, Failures: 0, Errors: 0, Skipped: 0, Time elapsed: 0.006 s -- in org.apache.ibatis.type.DateOnlyTypeHandlerTest
2025-11-12T14:50:55.6077188Z [INFO] Running org.apache.ibatis.type.BigIntegerTypeHandlerTest
2025-11-12T14:50:55.6137147Z [INFO] Tests run: 7, Failures: 0, Errors: 0, Skipped: 0, Time elapsed: 0.006 s -- in org.apache.ibatis.type.BigIntegerTypeHandlerTest
2025-11-12T14:50:55.6138261Z [INFO] Running org.apache.ibatis.type.BigDecimalTypeHandlerTest
2025-11-12T14:50:55.6173333Z [INFO] Tests run: 4, Failures: 0, Errors: 0, Skipped: 0, Time elapsed: 0.003 s -- in org.apache.ibatis.type.BigDecimalTypeHandlerTest
2025-11-12T14:50:55.6175088Z [INFO] Running org.apache.ibatis.type.SqlTimeTypeHandlerTest
2025-11-12T14:50:55.6227940Z [INFO] Tests run: 4, Failures: 0, Errors: 0, Skipped: 0, Time elapsed: 0.003 s -- in org.apache.ibatis.type.SqlTimeTypeHandlerTest
2025-11-12T14:50:55.6233904Z [INFO] Running org.apache.ibatis.type.DoubleTypeHandlerTest
2025-11-12T14:50:55.6269277Z [INFO] Tests run: 7, Failures: 0, Errors: 0, Skipped: 0, Time elapsed: 0.006 s -- in org.apache.ibatis.type.DoubleTypeHandlerTest
2025-11-12T14:50:55.6273847Z [INFO] Running org.apache.ibatis.type.DateTypeHandlerTest
2025-11-12T14:50:55.6319149Z [INFO] Tests run: 7, Failures: 0, Errors: 0, Skipped: 0, Time elapsed: 0.006 s -- in org.apache.ibatis.type.DateTypeHandlerTest
2025-11-12T14:50:55.6323609Z [INFO] Running org.apache.ibatis.type.FloatTypeHandlerTest
2025-11-12T14:50:55.6399291Z [INFO] Tests run: 7, Failures: 0, Errors: 0, Skipped: 0, Time elapsed: 0.005 s -- in org.apache.ibatis.type.FloatTypeHandlerTest
2025-11-12T14:50:55.6403288Z [INFO] Running org.apache.ibatis.type.ArrayTypeHandlerTest
2025-11-12T14:50:55.6487187Z [INFO] Tests run: 10, Failures: 0, Errors: 0, Skipped: 0, Time elapsed: 0.010 s -- in org.apache.ibatis.type.ArrayTypeHandlerTest
2025-11-12T14:50:55.6494608Z [INFO] Running org.apache.ibatis.type.TypeHandlerRegistryTest
2025-11-12T14:50:55.8409306Z [INFO] Tests run: 11, Failures: 0, Errors: 0, Skipped: 0, Time elapsed: 0.192 s -- in org.apache.ibatis.type.TypeHandlerRegistryTest
2025-11-12T14:50:55.8412269Z [INFO] Running org.apache.ibatis.type.LocalTimeTypeHandlerTest
2025-11-12T14:50:55.8507274Z [INFO] Tests run: 7, Failures: 0, Errors: 0, Skipped: 0, Time elapsed: 0.008 s -- in org.apache.ibatis.type.LocalTimeTypeHandlerTest
2025-11-12T14:50:55.8510501Z [INFO] Running org.apache.ibatis.type.OffsetDateTimeTypeHandlerTest
2025-11-12T14:50:55.8562434Z [INFO] Tests run: 7, Failures: 0, Errors: 0, Skipped: 0, Time elapsed: 0.006 s -- in org.apache.ibatis.type.OffsetDateTimeTypeHandlerTest
2025-11-12T14:50:55.8565394Z [INFO] Running org.apache.ibatis.parsing.GenericTokenParserTest
2025-11-12T14:50:55.8777455Z [WARNING] Tests run: 25, Failures: 0, Errors: 0, Skipped: 1, Time elapsed: 0.021 s -- in org.apache.ibatis.parsing.GenericTokenParserTest
2025-11-12T14:50:55.8786412Z [INFO] Running org.apache.ibatis.parsing.XNodeTest
2025-11-12T14:50:55.8819837Z [INFO] Tests run: 3, Failures: 0, Errors: 0, Skipped: 0, Time elapsed: 0.003 s -- in org.apache.ibatis.parsing.XNodeTest
2025-11-12T14:50:55.8825083Z [INFO] Running org.apache.ibatis.parsing.PropertyParserTest
2025-11-12T14:50:55.8844249Z [INFO] Tests run: 4, Failures: 0, Errors: 0, Skipped: 0, Time elapsed: 0.002 s -- in org.apache.ibatis.parsing.PropertyParserTest
2025-11-12T14:50:55.8850259Z [INFO] Running org.apache.ibatis.parsing.XPathParserTest
2025-11-12T14:50:55.9493863Z [INFO] Tests run: 16, Failures: 0, Errors: 0, Skipped: 0, Time elapsed: 0.062 s -- in org.apache.ibatis.parsing.XPathParserTest
2025-11-12T14:50:55.9495496Z [INFO] Running org.apache.ibatis.scripting.LanguageDriverRegistryTest
2025-11-12T14:50:55.9579281Z [INFO] Tests run: 8, Failures: 0, Errors: 0, Skipped: 0, Time elapsed: 0.008 s -- in org.apache.ibatis.scripting.LanguageDriverRegistryTest
2025-11-12T14:50:55.9582493Z [INFO] Running org.apache.ibatis.scripting.defaults.DefaultParameterHandlerTest
2025-11-12T14:50:56.0243091Z [INFO] Tests run: 6, Failures: 0, Errors: 0, Skipped: 0, Time elapsed: 0.069 s -- in org.apache.ibatis.scripting.defaults.DefaultParameterHandlerTest
2025-11-12T14:50:56.0244947Z [INFO] Running org.apache.ibatis.scripting.xmltags.XMLScriptBuilderTest
2025-11-12T14:50:56.0287410Z [INFO] Tests run: 2, Failures: 0, Errors: 0, Skipped: 0, Time elapsed: 0.005 s -- in org.apache.ibatis.scripting.xmltags.XMLScriptBuilderTest
2025-11-12T14:50:56.0292931Z [INFO] Running org.apache.ibatis.scripting.xmltags.OgnlCacheTest
2025-11-12T14:50:56.0879323Z [INFO] Tests run: 2, Failures: 0, Errors: 0, Skipped: 0, Time elapsed: 0.057 s -- in org.apache.ibatis.scripting.xmltags.OgnlCacheTest
2025-11-12T14:50:56.2823222Z [INFO] 
2025-11-12T14:50:56.2823539Z [INFO] Results:
2025-11-12T14:50:56.2823833Z [INFO] 
2025-11-12T14:50:56.2827260Z [ERROR] Errors: 
2025-11-12T14:50:56.2828460Z [ERROR]   EnumTypeHandlerUsingAnnotationTest.insertDynamic:147 » Persistence 
2025-11-12T14:50:56.2829821Z ### Error updating database.  Cause: org.apache.ibatis.type.TypeException: Failed to invoke constructor for handler class org.apache.ibatis.type.EnumOrdinalTypeHandler
2025-11-12T14:50:56.2831724Z ### The error may exist in org/apache/ibatis/submitted/enumtypehandler_on_annotation/PersonMapper.java (best guess)
2025-11-12T14:50:56.2833004Z ### The error may involve org.apache.ibatis.submitted.enumtypehandler_on_annotation.PersonMapper.insertDynamic
2025-11-12T14:50:56.2833854Z ### The error occurred while executing an update
2025-11-12T14:50:56.2834719Z ### Cause: org.apache.ibatis.type.TypeException: Failed to invoke constructor for handler class org.apache.ibatis.type.EnumOrdinalTypeHandler
2025-11-12T14:50:56.2835538Z [INFO] 
2025-11-12T14:50:56.2835850Z [ERROR] Tests run: 2039, Failures: 0, Errors: 1, Skipped: 19
2025-11-12T14:50:56.2836249Z [INFO] 
2025-11-12T14:50:56.2857740Z [INFO] ------------------------------------------------------------------------
2025-11-12T14:50:56.2858253Z [INFO] BUILD FAILURE
2025-11-12T14:50:56.2858709Z [INFO] ------------------------------------------------------------------------
2025-11-12T14:50:56.2867972Z [INFO] Total time:  02:55 min
2025-11-12T14:50:56.2870069Z [INFO] Finished at: 2025-11-12T14:50:56Z
2025-11-12T14:50:56.2870559Z [INFO] ------------------------------------------------------------------------
2025-11-12T14:50:56.2877647Z [ERROR] Failed to execute goal org.apache.maven.plugins:maven-surefire-plugin:3.5.4:test (default-test) on project mybatis: 
2025-11-12T14:50:56.2878537Z [ERROR] 
2025-11-12T14:50:56.2879168Z [ERROR] See /home/runner/work/mybatis-3/mybatis-3/target/surefire-reports for the individual test results.
2025-11-12T14:50:56.2880141Z [ERROR] See dump files (if any exist) [date].dump, [date]-jvmRun[N].dump and [date].dumpstream.
2025-11-12T14:50:56.2880736Z [ERROR] -> [Help 1]
2025-11-12T14:50:56.2881017Z [ERROR] 
2025-11-12T14:50:56.2881710Z [ERROR] To see the full stack trace of the errors, re-run Maven with the -e switch.
2025-11-12T14:50:56.2882471Z [ERROR] Re-run Maven using the -X switch to enable full debug logging.
2025-11-12T14:50:56.2883013Z [ERROR] 
2025-11-12T14:50:56.2883590Z [ERROR] For more information about the errors and possible solutions, please read the following articles:
2025-11-12T14:50:56.2884553Z [ERROR] [Help 1] http://cwiki.apache.org/confluence/display/MAVEN/MojoFailureException
2025-11-12T14:50:56.3329326Z ##[error]Process completed with exit code 1.
2025-11-12T14:50:56.3435551Z Post job cleanup.
2025-11-12T14:50:56.5947250Z (node:3628) [DEP0040] DeprecationWarning: The `punycode` module is deprecated. Please use a userland alternative instead.
2025-11-12T14:50:56.5948180Z (Use `node --trace-deprecation ...` to show where the warning was created)
2025-11-12T14:50:56.6137530Z Post job cleanup.
2025-11-12T14:50:56.6942753Z [command]/usr/bin/git version
2025-11-12T14:50:56.6982506Z git version 2.51.2
2025-11-12T14:50:56.7021667Z Temporarily overriding HOME='/home/runner/work/_temp/bb9410ee-120f-4a1f-a74d-718c0956e44c' before making global git config changes
2025-11-12T14:50:56.7022953Z Adding repository directory to the temporary git global config as a safe directory
2025-11-12T14:50:56.7027592Z [command]/usr/bin/git config --global --add safe.directory /home/runner/work/mybatis-3/mybatis-3
2025-11-12T14:50:56.7063775Z [command]/usr/bin/git config --local --name-only --get-regexp core\.sshCommand
2025-11-12T14:50:56.7096305Z [command]/usr/bin/git submodule foreach --recursive sh -c "git config --local --name-only --get-regexp 'core\.sshCommand' && git config --local --unset-all 'core.sshCommand' || :"
2025-11-12T14:50:56.7328778Z [command]/usr/bin/git config --local --name-only --get-regexp http\.https\:\/\/github\.com\/\.extraheader
2025-11-12T14:50:56.7351291Z http.https://github.com/.extraheader
2025-11-12T14:50:56.7360725Z [command]/usr/bin/git config --local --unset-all http.https://github.com/.extraheader
2025-11-12T14:50:56.7391722Z [command]/usr/bin/git submodule foreach --recursive sh -c "git config --local --name-only --get-regexp 'http\.https\:\/\/github\.com\/\.extraheader' && git config --local --unset-all 'http.https://github.com/.extraheader' || :"
2025-11-12T14:50:56.7747898Z Cleaning up orphan processes
