2025-09-30T19:01:47.7597428Z Current runner version: '2.328.0'
2025-09-30T19:01:47.7620030Z ##[group]Runner Image Provisioner
2025-09-30T19:01:47.7620757Z Hosted Compute Agent
2025-09-30T19:01:47.7621407Z Version: 20250912.392
2025-09-30T19:01:47.7621980Z Commit: d921fda672a98b64f4f82364647e2f10b2267d0b
2025-09-30T19:01:47.7622662Z Build Date: 2025-09-12T15:23:14Z
2025-09-30T19:01:47.7623256Z ##[endgroup]
2025-09-30T19:01:47.7623843Z ##[group]Operating System
2025-09-30T19:01:47.7624364Z Ubuntu
2025-09-30T19:01:47.7624869Z 24.04.3
2025-09-30T19:01:47.7625337Z LTS
2025-09-30T19:01:47.7625934Z ##[endgroup]
2025-09-30T19:01:47.7626468Z ##[group]Runner Image
2025-09-30T19:01:47.7627024Z Image: ubuntu-24.04
2025-09-30T19:01:47.7627524Z Version: 20250922.53.1
2025-09-30T19:01:47.7628503Z Included Software: https://github.com/actions/runner-images/blob/ubuntu24/20250922.53/images/ubuntu/Ubuntu2404-Readme.md
2025-09-30T19:01:47.7630112Z Image Release: https://github.com/actions/runner-images/releases/tag/ubuntu24%2F20250922.53
2025-09-30T19:01:47.7631129Z ##[endgroup]
2025-09-30T19:01:47.7633526Z ##[group]GITHUB_TOKEN Permissions
2025-09-30T19:01:47.7636108Z Actions: write
2025-09-30T19:01:47.7636796Z Attestations: write
2025-09-30T19:01:47.7637279Z Checks: write
2025-09-30T19:01:47.7637740Z Contents: write
2025-09-30T19:01:47.7638664Z Deployments: write
2025-09-30T19:01:47.7639187Z Discussions: write
2025-09-30T19:01:47.7639651Z Issues: write
2025-09-30T19:01:47.7640183Z Metadata: read
2025-09-30T19:01:47.7640647Z Models: read
2025-09-30T19:01:47.7641178Z Packages: write
2025-09-30T19:01:47.7641721Z Pages: write
2025-09-30T19:01:47.7642177Z PullRequests: write
2025-09-30T19:01:47.7642720Z RepositoryProjects: write
2025-09-30T19:01:47.7643286Z SecurityEvents: write
2025-09-30T19:01:47.7643934Z Statuses: write
2025-09-30T19:01:47.7644428Z ##[endgroup]
2025-09-30T19:01:47.7646827Z Secret source: Actions
2025-09-30T19:01:47.7647801Z Prepare workflow directory
2025-09-30T19:01:47.7969235Z Prepare all required actions
2025-09-30T19:01:47.8008583Z Getting action download info
2025-09-30T19:01:48.1767375Z Download action repository 'actions/checkout@v4' (SHA:08eba0b27e820071cde6df949e0beb9ba4906955)
2025-09-30T19:01:48.7027924Z Download action repository 'lukka/run-vcpkg@v11' (SHA:7d259227a1fb6471a0253dd5ab7419835228f7d7)
2025-09-30T19:01:49.1314827Z Download action repository 'actions/cache@v4' (SHA:0057852bfaa89a56745cba8c7296529d2fc39830)
2025-09-30T19:01:49.5710464Z Download action repository 'ashutoshvarma/action-cmake-build@master' (SHA:ade188313bc7eaa6f14349569a64d8bc716342ff)
2025-09-30T19:01:50.0815650Z Complete job name: ubuntu-latest-x86_64
2025-09-30T19:01:50.1612756Z ##[group]Run actions/checkout@v4
2025-09-30T19:01:50.1613989Z with:
2025-09-30T19:01:50.1614701Z   submodules: recursive
2025-09-30T19:01:50.1615682Z   repository: ompl/ompl
2025-09-30T19:01:50.1616752Z   token: ***
2025-09-30T19:01:50.1617480Z   ssh-strict: true
2025-09-30T19:01:50.1618230Z   ssh-user: git
2025-09-30T19:01:50.1619000Z   persist-credentials: true
2025-09-30T19:01:50.1619874Z   clean: true
2025-09-30T19:01:50.1620651Z   sparse-checkout-cone-mode: true
2025-09-30T19:01:50.1621581Z   fetch-depth: 1
2025-09-30T19:01:50.1622334Z   fetch-tags: false
2025-09-30T19:01:50.1623106Z   show-progress: true
2025-09-30T19:01:50.1623885Z   lfs: false
2025-09-30T19:01:50.1624607Z   set-safe-directory: true
2025-09-30T19:01:50.1625815Z ##[endgroup]
2025-09-30T19:01:50.2687711Z Syncing repository: ompl/ompl
2025-09-30T19:01:50.2690117Z ##[group]Getting Git version info
2025-09-30T19:01:50.2691428Z Working directory is '/home/runner/work/ompl/ompl'
2025-09-30T19:01:50.2693338Z [command]/usr/bin/git version
2025-09-30T19:01:50.3576517Z git version 2.51.0
2025-09-30T19:01:50.3602983Z ##[endgroup]
2025-09-30T19:01:50.3616837Z Temporarily overriding HOME='/home/runner/work/_temp/b718843b-9402-4511-aa8a-6cc4215ff931' before making global git config changes
2025-09-30T19:01:50.3621031Z Adding repository directory to the temporary git global config as a safe directory
2025-09-30T19:01:50.3624132Z [command]/usr/bin/git config --global --add safe.directory /home/runner/work/ompl/ompl
2025-09-30T19:01:50.3698648Z Deleting the contents of '/home/runner/work/ompl/ompl'
2025-09-30T19:01:50.3702324Z ##[group]Initializing the repository
2025-09-30T19:01:50.3706983Z [command]/usr/bin/git init /home/runner/work/ompl/ompl
2025-09-30T19:01:50.4700636Z hint: Using 'master' as the name for the initial branch. This default branch name
2025-09-30T19:01:50.4703109Z hint: is subject to change. To configure the initial branch name to use in all
2025-09-30T19:01:50.4705385Z hint: of your new repositories, which will suppress this warning, call:
2025-09-30T19:01:50.4707421Z hint:
2025-09-30T19:01:50.4708360Z hint: 	git config --global init.defaultBranch <name>
2025-09-30T19:01:50.4709520Z hint:
2025-09-30T19:01:50.4710683Z hint: Names commonly chosen instead of 'master' are 'main', 'trunk' and
2025-09-30T19:01:50.4712505Z hint: 'development'. The just-created branch can be renamed via this command:
2025-09-30T19:01:50.4713894Z hint:
2025-09-30T19:01:50.4714751Z hint: 	git branch -m <name>
2025-09-30T19:01:50.4715738Z hint:
2025-09-30T19:01:50.4716941Z hint: Disable this message with "git config set advice.defaultBranchName false"
2025-09-30T19:01:50.4742593Z Initialized empty Git repository in /home/runner/work/ompl/ompl/.git/
2025-09-30T19:01:50.4753214Z [command]/usr/bin/git remote add origin https://github.com/ompl/ompl
2025-09-30T19:01:50.4869573Z ##[endgroup]
2025-09-30T19:01:50.4872230Z ##[group]Disabling automatic garbage collection
2025-09-30T19:01:50.4874588Z [command]/usr/bin/git config --local gc.auto 0
2025-09-30T19:01:50.4904303Z ##[endgroup]
2025-09-30T19:01:50.4905881Z ##[group]Setting up auth
2025-09-30T19:01:50.4910898Z [command]/usr/bin/git config --local --name-only --get-regexp core\.sshCommand
2025-09-30T19:01:50.4941453Z [command]/usr/bin/git submodule foreach --recursive sh -c "git config --local --name-only --get-regexp 'core\.sshCommand' && git config --local --unset-all 'core.sshCommand' || :"
2025-09-30T19:01:50.6719532Z [command]/usr/bin/git config --local --name-only --get-regexp http\.https\:\/\/github\.com\/\.extraheader
2025-09-30T19:01:50.6751109Z [command]/usr/bin/git submodule foreach --recursive sh -c "git config --local --name-only --get-regexp 'http\.https\:\/\/github\.com\/\.extraheader' && git config --local --unset-all 'http.https://github.com/.extraheader' || :"
2025-09-30T19:01:50.6967051Z [command]/usr/bin/git config --local http.https://github.com/.extraheader AUTHORIZATION: basic ***
2025-09-30T19:01:50.7000012Z ##[endgroup]
2025-09-30T19:01:50.7000884Z ##[group]Fetching the repository
2025-09-30T19:01:50.7008782Z [command]/usr/bin/git -c protocol.version=2 fetch --no-tags --prune --no-recurse-submodules --depth=1 origin +b5ed4c4216b68b438fb2a2a15499a9e8586873d6:refs/remotes/origin/vamprelease
2025-09-30T19:01:53.1943764Z From https://github.com/ompl/ompl
2025-09-30T19:01:53.1944635Z  * [new ref]         b5ed4c4216b68b438fb2a2a15499a9e8586873d6 -> origin/vamprelease
2025-09-30T19:01:53.2012435Z ##[endgroup]
2025-09-30T19:01:53.2013093Z ##[group]Determining the checkout info
2025-09-30T19:01:53.2014468Z ##[endgroup]
2025-09-30T19:01:53.2020565Z [command]/usr/bin/git sparse-checkout disable
2025-09-30T19:01:53.2101085Z [command]/usr/bin/git config --local --unset-all extensions.worktreeConfig
2025-09-30T19:01:53.2127863Z ##[group]Checking out the ref
2025-09-30T19:01:53.2132616Z [command]/usr/bin/git checkout --progress --force -B vamprelease refs/remotes/origin/vamprelease
2025-09-30T19:01:53.5827343Z Switched to a new branch 'vamprelease'
2025-09-30T19:01:53.5828260Z branch 'vamprelease' set up to track 'origin/vamprelease'.
2025-09-30T19:01:53.5855967Z ##[endgroup]
2025-09-30T19:01:53.5856964Z ##[group]Setting up auth for fetching submodules
2025-09-30T19:01:53.5862407Z [command]/usr/bin/git config --global http.https://github.com/.extraheader AUTHORIZATION: basic ***
2025-09-30T19:01:53.5900601Z [command]/usr/bin/git config --global --unset-all url.https://github.com/.insteadOf
2025-09-30T19:01:53.5929516Z [command]/usr/bin/git config --global --add url.https://github.com/.insteadOf git@github.com:
2025-09-30T19:01:53.5959840Z [command]/usr/bin/git config --global --add url.https://github.com/.insteadOf org-7645596@github.com:
2025-09-30T19:01:53.5986967Z ##[endgroup]
2025-09-30T19:01:53.5987677Z ##[group]Fetching submodules
2025-09-30T19:01:53.5991422Z [command]/usr/bin/git submodule sync --recursive
2025-09-30T19:01:53.6265467Z [command]/usr/bin/git -c protocol.version=2 submodule update --init --force --depth=1 --recursive
2025-09-30T19:01:53.6488405Z Submodule 'external/vamp' (https://github.com/KavrakiLab/vamp) registered for path 'external/vamp'
2025-09-30T19:01:53.6516126Z Cloning into '/home/runner/work/ompl/ompl/external/vamp'...
2025-09-30T19:01:56.0133773Z From https://github.com/KavrakiLab/vamp
2025-09-30T19:01:56.0134598Z  * branch            227f928e1ff3e2058051ea6ff4c4584d1a092e01 -> FETCH_HEAD
2025-09-30T19:01:56.4913176Z Submodule path 'external/vamp': checked out '227f928e1ff3e2058051ea6ff4c4584d1a092e01'
2025-09-30T19:01:56.4947308Z [command]/usr/bin/git submodule foreach --recursive git config --local gc.auto 0
2025-09-30T19:01:56.5160415Z Entering 'external/vamp'
2025-09-30T19:01:56.5207607Z ##[endgroup]
2025-09-30T19:01:56.5208419Z ##[group]Persisting credentials for submodules
2025-09-30T19:01:56.5213859Z [command]/usr/bin/git submodule foreach --recursive sh -c "git config --local --name-only --get-regexp 'url\.https\:\/\/github\.com\/\.insteadOf' && git config --local --unset-all 'url.https://github.com/.insteadOf' || :"
2025-09-30T19:01:56.5415959Z Entering 'external/vamp'
2025-09-30T19:01:56.5468911Z [command]/usr/bin/git submodule foreach --recursive sh -c "git config --local 'http.https://github.com/.extraheader' 'AUTHORIZATION: basic ***' && git config --local --show-origin --name-only --get-regexp remote.origin.url"
2025-09-30T19:01:56.5670830Z Entering 'external/vamp'
2025-09-30T19:01:56.5707110Z file:/home/runner/work/ompl/ompl/.git/modules/external/vamp/config	remote.origin.url
2025-09-30T19:01:56.5743895Z [command]/usr/bin/git submodule foreach --recursive git config --local --add 'url.https://github.com/.insteadOf' 'git@github.com:'
2025-09-30T19:01:56.5945302Z Entering 'external/vamp'
2025-09-30T19:01:56.5992482Z [command]/usr/bin/git submodule foreach --recursive git config --local --add 'url.https://github.com/.insteadOf' 'org-7645596@github.com:'
2025-09-30T19:01:56.6195375Z Entering 'external/vamp'
2025-09-30T19:01:56.6239532Z ##[endgroup]
2025-09-30T19:01:56.6273897Z [command]/usr/bin/git log -1 --format=%H
2025-09-30T19:01:56.6295187Z b5ed4c4216b68b438fb2a2a15499a9e8586873d6
2025-09-30T19:01:56.6546433Z ##[group]Run sudo apt-get update -y -qq &&
2025-09-30T19:01:56.6546842Z [36;1msudo apt-get update -y -qq &&[0m
2025-09-30T19:01:56.6547122Z [36;1msudo apt-get install -y -qq \[0m
2025-09-30T19:01:56.6547386Z [36;1mlibboost-program-options-dev \[0m
2025-09-30T19:01:56.6547653Z [36;1mlibboost-serialization-dev \[0m
2025-09-30T19:01:56.6547894Z [36;1mlibboost-test-dev \[0m
2025-09-30T19:01:56.6548118Z [36;1mlibeigen3-dev \[0m
2025-09-30T19:01:56.6548311Z [36;1mlibflann-dev \[0m
2025-09-30T19:01:56.6548506Z [36;1mlibtriangle-dev \[0m
2025-09-30T19:01:56.6548712Z [36;1mlibyaml-cpp-dev[0m
2025-09-30T19:01:56.6583170Z shell: /usr/bin/bash -e {0}
2025-09-30T19:01:56.6583420Z ##[endgroup]
2025-09-30T19:02:14.0215244Z Selecting previously unselected package libaec0:amd64.
2025-09-30T19:02:14.1620681Z (Reading database ... 
2025-09-30T19:02:14.1621073Z (Reading database ... 5%
2025-09-30T19:02:14.1621416Z (Reading database ... 10%
2025-09-30T19:02:14.1621823Z (Reading database ... 15%
2025-09-30T19:02:14.1622157Z (Reading database ... 20%
2025-09-30T19:02:14.1622365Z (Reading database ... 25%
2025-09-30T19:02:14.1622561Z (Reading database ... 30%
2025-09-30T19:02:14.1622752Z (Reading database ... 35%
2025-09-30T19:02:14.1622932Z (Reading database ... 40%
2025-09-30T19:02:14.1623288Z (Reading database ... 45%
2025-09-30T19:02:14.1623607Z (Reading database ... 50%
2025-09-30T19:02:14.3023394Z (Reading database ... 55%
2025-09-30T19:02:14.9749260Z (Reading database ... 60%
2025-09-30T19:02:15.5716018Z (Reading database ... 65%
2025-09-30T19:02:16.1800443Z (Reading database ... 70%
2025-09-30T19:02:16.7514648Z (Reading database ... 75%
2025-09-30T19:02:17.3857797Z (Reading database ... 80%
2025-09-30T19:02:18.0509872Z (Reading database ... 85%
2025-09-30T19:02:18.7567903Z (Reading database ... 90%
2025-09-30T19:02:19.6517481Z (Reading database ... 95%
2025-09-30T19:02:19.6518035Z (Reading database ... 100%
2025-09-30T19:02:19.6518760Z (Reading database ... 214164 files and directories currently installed.)
2025-09-30T19:02:19.6562545Z Preparing to unpack .../00-libaec0_1.1.2-1build1_amd64.deb ...
2025-09-30T19:02:19.6640081Z Unpacking libaec0:amd64 (1.1.2-1build1) ...
2025-09-30T19:02:19.6900097Z Selecting previously unselected package libamd-comgr2:amd64.
2025-09-30T19:02:19.7028321Z Preparing to unpack .../01-libamd-comgr2_6.0+git20231212.4510c28+dfsg-3build2_amd64.deb ...
2025-09-30T19:02:19.7038291Z Unpacking libamd-comgr2:amd64 (6.0+git20231212.4510c28+dfsg-3build2) ...
2025-09-30T19:02:19.9411800Z Selecting previously unselected package libhsakmt1:amd64.
2025-09-30T19:02:19.9541283Z Preparing to unpack .../02-libhsakmt1_5.7.0-1build1_amd64.deb ...
2025-09-30T19:02:19.9552605Z Unpacking libhsakmt1:amd64 (5.7.0-1build1) ...
2025-09-30T19:02:19.9890692Z Selecting previously unselected package libhsa-runtime64-1.
2025-09-30T19:02:20.0020196Z Preparing to unpack .../03-libhsa-runtime64-1_5.7.1-2build1_amd64.deb ...
2025-09-30T19:02:20.0042567Z Unpacking libhsa-runtime64-1 (5.7.1-2build1) ...
2025-09-30T19:02:20.0352009Z Selecting previously unselected package libamdhip64-5.
2025-09-30T19:02:20.0481275Z Preparing to unpack .../04-libamdhip64-5_5.7.1-3_amd64.deb ...
2025-09-30T19:02:20.0494044Z Unpacking libamdhip64-5 (5.7.1-3) ...
2025-09-30T19:02:20.1638057Z Selecting previously unselected package libboost1.83-dev:amd64.
2025-09-30T19:02:20.1768656Z Preparing to unpack .../05-libboost1.83-dev_1.83.0-2.1ubuntu3.1_amd64.deb ...
2025-09-30T19:02:20.1779366Z Unpacking libboost1.83-dev:amd64 (1.83.0-2.1ubuntu3.1) ...
2025-09-30T19:02:22.9520260Z Selecting previously unselected package libboost-dev:amd64.
2025-09-30T19:02:22.9708693Z Preparing to unpack .../06-libboost-dev_1.83.0.1ubuntu2_amd64.deb ...
2025-09-30T19:02:22.9718621Z Unpacking libboost-dev:amd64 (1.83.0.1ubuntu2) ...
2025-09-30T19:02:22.9927932Z Selecting previously unselected package libboost-program-options1.83.0:amd64.
2025-09-30T19:02:23.0063855Z Preparing to unpack .../07-libboost-program-options1.83.0_1.83.0-2.1ubuntu3.1_amd64.deb ...
2025-09-30T19:02:23.0074528Z Unpacking libboost-program-options1.83.0:amd64 (1.83.0-2.1ubuntu3.1) ...
2025-09-30T19:02:23.0468428Z Selecting previously unselected package libboost-program-options1.83-dev:amd64.
2025-09-30T19:02:23.0607461Z Preparing to unpack .../08-libboost-program-options1.83-dev_1.83.0-2.1ubuntu3.1_amd64.deb ...
2025-09-30T19:02:23.0620650Z Unpacking libboost-program-options1.83-dev:amd64 (1.83.0-2.1ubuntu3.1) ...
2025-09-30T19:02:23.0940898Z Selecting previously unselected package libboost-program-options-dev:amd64.
2025-09-30T19:02:23.1083312Z Preparing to unpack .../09-libboost-program-options-dev_1.83.0.1ubuntu2_amd64.deb ...
2025-09-30T19:02:23.1096912Z Unpacking libboost-program-options-dev:amd64 (1.83.0.1ubuntu2) ...
2025-09-30T19:02:23.1306886Z Selecting previously unselected package libboost-serialization1.83.0:amd64.
2025-09-30T19:02:23.1447228Z Preparing to unpack .../10-libboost-serialization1.83.0_1.83.0-2.1ubuntu3.1_amd64.deb ...
2025-09-30T19:02:23.1457551Z Unpacking libboost-serialization1.83.0:amd64 (1.83.0-2.1ubuntu3.1) ...
2025-09-30T19:02:23.1795976Z Selecting previously unselected package libboost-serialization1.83-dev:amd64.
2025-09-30T19:02:23.1932230Z Preparing to unpack .../11-libboost-serialization1.83-dev_1.83.0-2.1ubuntu3.1_amd64.deb ...
2025-09-30T19:02:23.1941252Z Unpacking libboost-serialization1.83-dev:amd64 (1.83.0-2.1ubuntu3.1) ...
2025-09-30T19:02:23.2291817Z Selecting previously unselected package libboost-serialization-dev:amd64.
2025-09-30T19:02:23.2431769Z Preparing to unpack .../12-libboost-serialization-dev_1.83.0.1ubuntu2_amd64.deb ...
2025-09-30T19:02:23.2441982Z Unpacking libboost-serialization-dev:amd64 (1.83.0.1ubuntu2) ...
2025-09-30T19:02:23.2646783Z Selecting previously unselected package libboost-test1.83.0:amd64.
2025-09-30T19:02:23.2784590Z Preparing to unpack .../13-libboost-test1.83.0_1.83.0-2.1ubuntu3.1_amd64.deb ...
2025-09-30T19:02:23.2794332Z Unpacking libboost-test1.83.0:amd64 (1.83.0-2.1ubuntu3.1) ...
2025-09-30T19:02:23.3092684Z Selecting previously unselected package libboost-test1.83-dev:amd64.
2025-09-30T19:02:23.3230060Z Preparing to unpack .../14-libboost-test1.83-dev_1.83.0-2.1ubuntu3.1_amd64.deb ...
2025-09-30T19:02:23.3240363Z Unpacking libboost-test1.83-dev:amd64 (1.83.0-2.1ubuntu3.1) ...
2025-09-30T19:02:23.3689103Z Selecting previously unselected package libboost-test-dev:amd64.
2025-09-30T19:02:23.3828651Z Preparing to unpack .../15-libboost-test-dev_1.83.0.1ubuntu2_amd64.deb ...
2025-09-30T19:02:23.3838151Z Unpacking libboost-test-dev:amd64 (1.83.0.1ubuntu2) ...
2025-09-30T19:02:23.4063322Z Selecting previously unselected package libpsm-infinipath1.
2025-09-30T19:02:23.4202342Z Preparing to unpack .../16-libpsm-infinipath1_3.3+20.604758e7-6.3build1_amd64.deb ...
2025-09-30T19:02:23.4212180Z Unpacking libpsm-infinipath1 (3.3+20.604758e7-6.3build1) ...
2025-09-30T19:02:23.4471313Z Selecting previously unselected package libpsm2-2.
2025-09-30T19:02:23.4607231Z Preparing to unpack .../17-libpsm2-2_11.2.185-2build1_amd64.deb ...
2025-09-30T19:02:23.4618140Z Unpacking libpsm2-2 (11.2.185-2build1) ...
2025-09-30T19:02:23.4858746Z Selecting previously unselected package librdmacm1t64:amd64.
2025-09-30T19:02:23.4995220Z Preparing to unpack .../18-librdmacm1t64_50.0-2ubuntu0.2_amd64.deb ...
2025-09-30T19:02:23.5006704Z Unpacking librdmacm1t64:amd64 (50.0-2ubuntu0.2) ...
2025-09-30T19:02:23.5248811Z Selecting previously unselected package libfabric1:amd64.
2025-09-30T19:02:23.5386055Z Preparing to unpack .../19-libfabric1_1.17.0-3build2_amd64.deb ...
2025-09-30T19:02:23.5396172Z Unpacking libfabric1:amd64 (1.17.0-3build2) ...
2025-09-30T19:02:23.5975375Z Selecting previously unselected package libhwloc15:amd64.
2025-09-30T19:02:23.6110375Z Preparing to unpack .../20-libhwloc15_2.10.0-1build1_amd64.deb ...
2025-09-30T19:02:23.6122047Z Unpacking libhwloc15:amd64 (2.10.0-1build1) ...
2025-09-30T19:02:23.6353337Z Selecting previously unselected package libmunge2:amd64.
2025-09-30T19:02:23.6488415Z Preparing to unpack .../21-libmunge2_0.5.15-4build1_amd64.deb ...
2025-09-30T19:02:23.6498879Z Unpacking libmunge2:amd64 (0.5.15-4build1) ...
2025-09-30T19:02:23.6720163Z Selecting previously unselected package libxnvctrl0:amd64.
2025-09-30T19:02:23.6854911Z Preparing to unpack .../22-libxnvctrl0_510.47.03-0ubuntu4_amd64.deb ...
2025-09-30T19:02:23.6865419Z Unpacking libxnvctrl0:amd64 (510.47.03-0ubuntu4) ...
2025-09-30T19:02:23.7076341Z Selecting previously unselected package ocl-icd-libopencl1:amd64.
2025-09-30T19:02:23.7209752Z Preparing to unpack .../23-ocl-icd-libopencl1_2.3.2-1build1_amd64.deb ...
2025-09-30T19:02:23.7219857Z Unpacking ocl-icd-libopencl1:amd64 (2.3.2-1build1) ...
2025-09-30T19:02:23.7677450Z Selecting previously unselected package libhwloc-plugins:amd64.
2025-09-30T19:02:23.7811172Z Preparing to unpack .../24-libhwloc-plugins_2.10.0-1build1_amd64.deb ...
2025-09-30T19:02:23.7854275Z Unpacking libhwloc-plugins:amd64 (2.10.0-1build1) ...
2025-09-30T19:02:23.8067225Z Selecting previously unselected package libpmix2t64:amd64.
2025-09-30T19:02:23.8202167Z Preparing to unpack .../25-libpmix2t64_5.0.1-4.1build1_amd64.deb ...
2025-09-30T19:02:23.8211815Z Unpacking libpmix2t64:amd64 (5.0.1-4.1build1) ...
2025-09-30T19:02:23.8558130Z Selecting previously unselected package libucx0:amd64.
2025-09-30T19:02:23.8692289Z Preparing to unpack .../26-libucx0_1.16.0+ds-5ubuntu1_amd64.deb ...
2025-09-30T19:02:23.8703131Z Unpacking libucx0:amd64 (1.16.0+ds-5ubuntu1) ...
2025-09-30T19:02:23.9084285Z Selecting previously unselected package libopenmpi3t64:amd64.
2025-09-30T19:02:23.9220898Z Preparing to unpack .../27-libopenmpi3t64_4.1.6-7ubuntu2_amd64.deb ...
2025-09-30T19:02:23.9228842Z Unpacking libopenmpi3t64:amd64 (4.1.6-7ubuntu2) ...
2025-09-30T19:02:24.0018588Z Selecting previously unselected package libcaf-openmpi-3t64:amd64.
2025-09-30T19:02:24.0161656Z Preparing to unpack .../28-libcaf-openmpi-3t64_2.10.2+ds-2.1build2_amd64.deb ...
2025-09-30T19:02:24.0170489Z Unpacking libcaf-openmpi-3t64:amd64 (2.10.2+ds-2.1build2) ...
2025-09-30T19:02:24.0395065Z Selecting previously unselected package libcoarrays-dev:amd64.
2025-09-30T19:02:24.0537435Z Preparing to unpack .../29-libcoarrays-dev_2.10.2+ds-2.1build2_amd64.deb ...
2025-09-30T19:02:24.0746993Z Unpacking libcoarrays-dev:amd64 (2.10.2+ds-2.1build2) ...
2025-09-30T19:02:24.1082407Z Selecting previously unselected package openmpi-common.
2025-09-30T19:02:24.1224284Z Preparing to unpack .../30-openmpi-common_4.1.6-7ubuntu2_all.deb ...
2025-09-30T19:02:24.1232242Z Unpacking openmpi-common (4.1.6-7ubuntu2) ...
2025-09-30T19:02:24.1610249Z Selecting previously unselected package openmpi-bin.
2025-09-30T19:02:24.1748310Z Preparing to unpack .../31-openmpi-bin_4.1.6-7ubuntu2_amd64.deb ...
2025-09-30T19:02:24.1755290Z Unpacking openmpi-bin (4.1.6-7ubuntu2) ...
2025-09-30T19:02:24.5640760Z Selecting previously unselected package libcoarrays-openmpi-dev:amd64.
2025-09-30T19:02:24.5782497Z Preparing to unpack .../32-libcoarrays-openmpi-dev_2.10.2+ds-2.1build2_amd64.deb ...
2025-09-30T19:02:24.5790761Z Unpacking libcoarrays-openmpi-dev:amd64 (2.10.2+ds-2.1build2) ...
2025-09-30T19:02:24.6259343Z Selecting previously unselected package libcurl4-openssl-dev:amd64.
2025-09-30T19:02:24.6399827Z Preparing to unpack .../33-libcurl4-openssl-dev_8.5.0-2ubuntu10.6_amd64.deb ...
2025-09-30T19:02:24.6407549Z Unpacking libcurl4-openssl-dev:amd64 (8.5.0-2ubuntu10.6) ...
2025-09-30T19:02:24.6833273Z Selecting previously unselected package libevent-2.1-7t64:amd64.
2025-09-30T19:02:24.6974139Z Preparing to unpack .../34-libevent-2.1-7t64_2.1.12-stable-9ubuntu2_amd64.deb ...
2025-09-30T19:02:24.6983052Z Unpacking libevent-2.1-7t64:amd64 (2.1.12-stable-9ubuntu2) ...
2025-09-30T19:02:24.7202244Z Selecting previously unselected package libevent-extra-2.1-7t64:amd64.
2025-09-30T19:02:24.7339255Z Preparing to unpack .../35-libevent-extra-2.1-7t64_2.1.12-stable-9ubuntu2_amd64.deb ...
2025-09-30T19:02:24.7347732Z Unpacking libevent-extra-2.1-7t64:amd64 (2.1.12-stable-9ubuntu2) ...
2025-09-30T19:02:24.7559867Z Selecting previously unselected package libevent-openssl-2.1-7t64:amd64.
2025-09-30T19:02:24.7696018Z Preparing to unpack .../36-libevent-openssl-2.1-7t64_2.1.12-stable-9ubuntu2_amd64.deb ...
2025-09-30T19:02:24.7704296Z Unpacking libevent-openssl-2.1-7t64:amd64 (2.1.12-stable-9ubuntu2) ...
2025-09-30T19:02:24.7906251Z Selecting previously unselected package libevent-dev.
2025-09-30T19:02:24.8042360Z Preparing to unpack .../37-libevent-dev_2.1.12-stable-9ubuntu2_amd64.deb ...
2025-09-30T19:02:24.8050409Z Unpacking libevent-dev (2.1.12-stable-9ubuntu2) ...
2025-09-30T19:02:24.8380193Z Selecting previously unselected package libflann1.9:amd64.
2025-09-30T19:02:24.8516598Z Preparing to unpack .../38-libflann1.9_1.9.2+dfsg-2build1_amd64.deb ...
2025-09-30T19:02:24.8524510Z Unpacking libflann1.9:amd64 (1.9.2+dfsg-2build1) ...
2025-09-30T19:02:24.8900801Z Selecting previously unselected package libsz2:amd64.
2025-09-30T19:02:24.9037272Z Preparing to unpack .../39-libsz2_1.1.2-1build1_amd64.deb ...
2025-09-30T19:02:24.9045143Z Unpacking libsz2:amd64 (1.1.2-1build1) ...
2025-09-30T19:02:24.9270008Z Selecting previously unselected package libhdf5-openmpi-103-1t64:amd64.
2025-09-30T19:02:24.9405667Z Preparing to unpack .../40-libhdf5-openmpi-103-1t64_1.10.10+repack-3.1ubuntu4_amd64.deb ...
2025-09-30T19:02:24.9413783Z Unpacking libhdf5-openmpi-103-1t64:amd64 (1.10.10+repack-3.1ubuntu4) ...
2025-09-30T19:02:24.9768257Z Selecting previously unselected package libhdf5-openmpi-fortran-102t64:amd64.
2025-09-30T19:02:24.9904492Z Preparing to unpack .../41-libhdf5-openmpi-fortran-102t64_1.10.10+repack-3.1ubuntu4_amd64.deb ...
2025-09-30T19:02:24.9911822Z Unpacking libhdf5-openmpi-fortran-102t64:amd64 (1.10.10+repack-3.1ubuntu4) ...
2025-09-30T19:02:25.0133679Z Selecting previously unselected package libhdf5-openmpi-hl-100t64:amd64.
2025-09-30T19:02:25.0270150Z Preparing to unpack .../42-libhdf5-openmpi-hl-100t64_1.10.10+repack-3.1ubuntu4_amd64.deb ...
2025-09-30T19:02:25.0278570Z Unpacking libhdf5-openmpi-hl-100t64:amd64 (1.10.10+repack-3.1ubuntu4) ...
2025-09-30T19:02:25.0576007Z Selecting previously unselected package libhdf5-openmpi-hl-fortran-100t64:amd64.
2025-09-30T19:02:25.0714556Z Preparing to unpack .../43-libhdf5-openmpi-hl-fortran-100t64_1.10.10+repack-3.1ubuntu4_amd64.deb ...
2025-09-30T19:02:25.0723197Z Unpacking libhdf5-openmpi-hl-fortran-100t64:amd64 (1.10.10+repack-3.1ubuntu4) ...
2025-09-30T19:02:25.0936421Z Selecting previously unselected package libhdf5-openmpi-cpp-103-1t64:amd64.
2025-09-30T19:02:25.1074528Z Preparing to unpack .../44-libhdf5-openmpi-cpp-103-1t64_1.10.10+repack-3.1ubuntu4_amd64.deb ...
2025-09-30T19:02:25.1082012Z Unpacking libhdf5-openmpi-cpp-103-1t64:amd64 (1.10.10+repack-3.1ubuntu4) ...
2025-09-30T19:02:25.1313369Z Selecting previously unselected package libhdf5-openmpi-hl-cpp-100t64:amd64.
2025-09-30T19:02:25.1452539Z Preparing to unpack .../45-libhdf5-openmpi-hl-cpp-100t64_1.10.10+repack-3.1ubuntu4_amd64.deb ...
2025-09-30T19:02:25.1460804Z Unpacking libhdf5-openmpi-hl-cpp-100t64:amd64 (1.10.10+repack-3.1ubuntu4) ...
2025-09-30T19:02:25.1648272Z Selecting previously unselected package libaec-dev:amd64.
2025-09-30T19:02:25.1781355Z Preparing to unpack .../46-libaec-dev_1.1.2-1build1_amd64.deb ...
2025-09-30T19:02:25.1788242Z Unpacking libaec-dev:amd64 (1.1.2-1build1) ...
2025-09-30T19:02:25.1987048Z Selecting previously unselected package libjpeg-turbo8-dev:amd64.
2025-09-30T19:02:25.2120599Z Preparing to unpack .../47-libjpeg-turbo8-dev_2.1.5-2ubuntu2_amd64.deb ...
2025-09-30T19:02:25.2128394Z Unpacking libjpeg-turbo8-dev:amd64 (2.1.5-2ubuntu2) ...
2025-09-30T19:02:25.2380115Z Selecting previously unselected package libjpeg8-dev:amd64.
2025-09-30T19:02:25.2513638Z Preparing to unpack .../48-libjpeg8-dev_8c-2ubuntu11_amd64.deb ...
2025-09-30T19:02:25.2520985Z Unpacking libjpeg8-dev:amd64 (8c-2ubuntu11) ...
2025-09-30T19:02:25.2707326Z Selecting previously unselected package libjpeg-dev:amd64.
2025-09-30T19:02:25.2841519Z Preparing to unpack .../49-libjpeg-dev_8c-2ubuntu11_amd64.deb ...
2025-09-30T19:02:25.2849542Z Unpacking libjpeg-dev:amd64 (8c-2ubuntu11) ...
2025-09-30T19:02:25.3036660Z Selecting previously unselected package libnl-3-dev:amd64.
2025-09-30T19:02:25.3170177Z Preparing to unpack .../50-libnl-3-dev_3.7.0-0.3build1.1_amd64.deb ...
2025-09-30T19:02:25.3178143Z Unpacking libnl-3-dev:amd64 (3.7.0-0.3build1.1) ...
2025-09-30T19:02:25.3573069Z Selecting previously unselected package libnl-route-3-dev:amd64.
2025-09-30T19:02:25.3708752Z Preparing to unpack .../51-libnl-route-3-dev_3.7.0-0.3build1.1_amd64.deb ...
2025-09-30T19:02:25.3717012Z Unpacking libnl-route-3-dev:amd64 (3.7.0-0.3build1.1) ...
2025-09-30T19:02:25.3953068Z Selecting previously unselected package libibverbs-dev:amd64.
2025-09-30T19:02:25.4088112Z Preparing to unpack .../52-libibverbs-dev_50.0-2ubuntu0.2_amd64.deb ...
2025-09-30T19:02:25.4095333Z Unpacking libibverbs-dev:amd64 (50.0-2ubuntu0.2) ...
2025-09-30T19:02:25.5608513Z Selecting previously unselected package libnuma-dev:amd64.
2025-09-30T19:02:25.5749833Z Preparing to unpack .../53-libnuma-dev_2.0.18-1build1_amd64.deb ...
2025-09-30T19:02:25.5757733Z Unpacking libnuma-dev:amd64 (2.0.18-1build1) ...
2025-09-30T19:02:25.5989257Z Selecting previously unselected package libltdl-dev:amd64.
2025-09-30T19:02:25.6127239Z Preparing to unpack .../54-libltdl-dev_2.4.7-7build1_amd64.deb ...
2025-09-30T19:02:25.6136169Z Unpacking libltdl-dev:amd64 (2.4.7-7build1) ...
2025-09-30T19:02:25.6513078Z Selecting previously unselected package libhwloc-dev:amd64.
2025-09-30T19:02:25.6650892Z Preparing to unpack .../55-libhwloc-dev_2.10.0-1build1_amd64.deb ...
2025-09-30T19:02:25.6658815Z Unpacking libhwloc-dev:amd64 (2.10.0-1build1) ...
2025-09-30T19:02:25.6931008Z Selecting previously unselected package libpmix-dev:amd64.
2025-09-30T19:02:25.7067584Z Preparing to unpack .../56-libpmix-dev_5.0.1-4.1build1_amd64.deb ...
2025-09-30T19:02:25.7074866Z Unpacking libpmix-dev:amd64 (5.0.1-4.1build1) ...
2025-09-30T19:02:25.8371438Z Selecting previously unselected package libjs-jquery-ui.
2025-09-30T19:02:25.8514964Z Preparing to unpack .../57-libjs-jquery-ui_1.13.2+dfsg-1_all.deb ...
2025-09-30T19:02:25.8523679Z Unpacking libjs-jquery-ui (1.13.2+dfsg-1) ...
2025-09-30T19:02:25.9577043Z Selecting previously unselected package libopenmpi-dev:amd64.
2025-09-30T19:02:25.9720505Z Preparing to unpack .../58-libopenmpi-dev_4.1.6-7ubuntu2_amd64.deb ...
2025-09-30T19:02:25.9877611Z Unpacking libopenmpi-dev:amd64 (4.1.6-7ubuntu2) ...
2025-09-30T19:02:26.2192317Z Selecting previously unselected package libhdf5-openmpi-dev.
2025-09-30T19:02:26.2340223Z Preparing to unpack .../59-libhdf5-openmpi-dev_1.10.10+repack-3.1ubuntu4_amd64.deb ...
2025-09-30T19:02:26.2347061Z Unpacking libhdf5-openmpi-dev (1.10.10+repack-3.1ubuntu4) ...
2025-09-30T19:02:26.3350981Z Selecting previously unselected package mpi-default-dev.
2025-09-30T19:02:26.3494328Z Preparing to unpack .../60-mpi-default-dev_1.15build1_amd64.deb ...
2025-09-30T19:02:26.3507288Z Unpacking mpi-default-dev (1.15build1) ...
2025-09-30T19:02:26.3703180Z Selecting previously unselected package libhdf5-mpi-dev.
2025-09-30T19:02:26.3845904Z Preparing to unpack .../61-libhdf5-mpi-dev_1.10.10+repack-3.1ubuntu4_amd64.deb ...
2025-09-30T19:02:26.3853594Z Unpacking libhdf5-mpi-dev (1.10.10+repack-3.1ubuntu4) ...
2025-09-30T19:02:26.4043567Z Selecting previously unselected package libflann-dev:amd64.
2025-09-30T19:02:26.4183835Z Preparing to unpack .../62-libflann-dev_1.9.2+dfsg-2build1_amd64.deb ...
2025-09-30T19:02:26.4192276Z Unpacking libflann-dev:amd64 (1.9.2+dfsg-2build1) ...
2025-09-30T19:02:26.4872817Z Selecting previously unselected package libyaml-cpp0.8:amd64.
2025-09-30T19:02:26.5015821Z Preparing to unpack .../63-libyaml-cpp0.8_0.8.0+dfsg-6build1_amd64.deb ...
2025-09-30T19:02:26.5024153Z Unpacking libyaml-cpp0.8:amd64 (0.8.0+dfsg-6build1) ...
2025-09-30T19:02:26.5234202Z Selecting previously unselected package libyaml-cpp-dev:amd64.
2025-09-30T19:02:26.5378184Z Preparing to unpack .../64-libyaml-cpp-dev_0.8.0+dfsg-6build1_amd64.deb ...
2025-09-30T19:02:26.5386830Z Unpacking libyaml-cpp-dev:amd64 (0.8.0+dfsg-6build1) ...
2025-09-30T19:02:26.5706550Z Selecting previously unselected package libeigen3-dev.
2025-09-30T19:02:26.5849146Z Preparing to unpack .../65-libeigen3-dev_3.4.0-4build0.1_all.deb ...
2025-09-30T19:02:26.5857158Z Unpacking libeigen3-dev (3.4.0-4build0.1) ...
2025-09-30T19:02:26.7098538Z Selecting previously unselected package libtriangle-1.6.
2025-09-30T19:02:26.7244114Z Preparing to unpack .../66-libtriangle-1.6_1.6-6_amd64.deb ...
2025-09-30T19:02:26.7254870Z Unpacking libtriangle-1.6 (1.6-6) ...
2025-09-30T19:02:26.7456194Z Selecting previously unselected package libtriangle-dev.
2025-09-30T19:02:26.7600463Z Preparing to unpack .../67-libtriangle-dev_1.6-6_amd64.deb ...
2025-09-30T19:02:26.7609959Z Unpacking libtriangle-dev (1.6-6) ...
2025-09-30T19:02:26.8064681Z Setting up libboost-program-options1.83.0:amd64 (1.83.0-2.1ubuntu3.1) ...
2025-09-30T19:02:26.8087251Z Setting up libjpeg-turbo8-dev:amd64 (2.1.5-2ubuntu2) ...
2025-09-30T19:02:26.8106348Z Setting up libboost1.83-dev:amd64 (1.83.0-2.1ubuntu3.1) ...
2025-09-30T19:02:26.8125176Z Setting up libcoarrays-dev:amd64 (2.10.2+ds-2.1build2) ...
2025-09-30T19:02:26.8144896Z Setting up libyaml-cpp0.8:amd64 (0.8.0+dfsg-6build1) ...
2025-09-30T19:02:26.8164274Z Setting up libevent-openssl-2.1-7t64:amd64 (2.1.12-stable-9ubuntu2) ...
2025-09-30T19:02:26.8183767Z Setting up libyaml-cpp-dev:amd64 (0.8.0+dfsg-6build1) ...
2025-09-30T19:02:26.8202147Z Setting up libboost-program-options1.83-dev:amd64 (1.83.0-2.1ubuntu3.1) ...
2025-09-30T19:02:26.8220464Z Setting up libevent-2.1-7t64:amd64 (2.1.12-stable-9ubuntu2) ...
2025-09-30T19:02:26.8239423Z Setting up libaec0:amd64 (1.1.2-1build1) ...
2025-09-30T19:02:26.8258307Z Setting up libnuma-dev:amd64 (2.0.18-1build1) ...
2025-09-30T19:02:26.8278014Z Setting up libxnvctrl0:amd64 (510.47.03-0ubuntu4) ...
2025-09-30T19:02:26.8297480Z Setting up libboost-serialization1.83.0:amd64 (1.83.0-2.1ubuntu3.1) ...
2025-09-30T19:02:26.8318106Z Setting up libltdl-dev:amd64 (2.4.7-7build1) ...
2025-09-30T19:02:26.8337976Z Setting up libjs-jquery-ui (1.13.2+dfsg-1) ...
2025-09-30T19:02:26.8356275Z Setting up libmunge2:amd64 (0.5.15-4build1) ...
2025-09-30T19:02:26.8377650Z Setting up libboost-program-options-dev:amd64 (1.83.0.1ubuntu2) ...
2025-09-30T19:02:26.8397008Z Setting up libcurl4-openssl-dev:amd64 (8.5.0-2ubuntu10.6) ...
2025-09-30T19:02:26.8416293Z Setting up libhwloc15:amd64 (2.10.0-1build1) ...
2025-09-30T19:02:26.8436095Z Setting up libeigen3-dev (3.4.0-4build0.1) ...
2025-09-30T19:02:26.8455462Z Setting up libflann1.9:amd64 (1.9.2+dfsg-2build1) ...
2025-09-30T19:02:26.8477341Z Setting up libboost-test1.83.0:amd64 (1.83.0-2.1ubuntu3.1) ...
2025-09-30T19:02:26.8497249Z Setting up libevent-extra-2.1-7t64:amd64 (2.1.12-stable-9ubuntu2) ...
2025-09-30T19:02:26.8518009Z Setting up libnl-3-dev:amd64 (3.7.0-0.3build1.1) ...
2025-09-30T19:02:26.8537452Z Setting up ocl-icd-libopencl1:amd64 (2.3.2-1build1) ...
2025-09-30T19:02:26.8557543Z Setting up libpsm2-2 (11.2.185-2build1) ...
2025-09-30T19:02:26.8577146Z Setting up openmpi-common (4.1.6-7ubuntu2) ...
2025-09-30T19:02:26.8597691Z Setting up librdmacm1t64:amd64 (50.0-2ubuntu0.2) ...
2025-09-30T19:02:26.8618070Z Setting up libhwloc-dev:amd64 (2.10.0-1build1) ...
2025-09-30T19:02:26.8640884Z Setting up libboost-dev:amd64 (1.83.0.1ubuntu2) ...
2025-09-30T19:02:26.8660332Z Setting up libamd-comgr2:amd64 (6.0+git20231212.4510c28+dfsg-3build2) ...
2025-09-30T19:02:26.8679507Z Setting up libpsm-infinipath1 (3.3+20.604758e7-6.3build1) ...
2025-09-30T19:02:26.8736414Z update-alternatives: using /usr/lib/libpsm1/libpsm_infinipath.so.1.16 to provide /usr/lib/x86_64-linux-gnu/libpsm_infinipath.so.1 (libpsm_infinipath.so.1) in auto mode
2025-09-30T19:02:26.8752530Z Setting up libtriangle-1.6 (1.6-6) ...
2025-09-30T19:02:26.8771432Z Setting up libjpeg8-dev:amd64 (8c-2ubuntu11) ...
2025-09-30T19:02:26.8800407Z Setting up libhsakmt1:amd64 (5.7.0-1build1) ...
2025-09-30T19:02:26.8822186Z Setting up libsz2:amd64 (1.1.2-1build1) ...
2025-09-30T19:02:26.8843909Z Setting up libfabric1:amd64 (1.17.0-3build2) ...
2025-09-30T19:02:26.8864732Z Setting up libtriangle-dev (1.6-6) ...
2025-09-30T19:02:26.8884622Z Setting up libaec-dev:amd64 (1.1.2-1build1) ...
2025-09-30T19:02:26.8904637Z Setting up libboost-serialization1.83-dev:amd64 (1.83.0-2.1ubuntu3.1) ...
2025-09-30T19:02:26.8923937Z Setting up libjpeg-dev:amd64 (8c-2ubuntu11) ...
2025-09-30T19:02:26.8944796Z Setting up libboost-test1.83-dev:amd64 (1.83.0-2.1ubuntu3.1) ...
2025-09-30T19:02:26.8964244Z Setting up libhwloc-plugins:amd64 (2.10.0-1build1) ...
2025-09-30T19:02:26.8986062Z Setting up libboost-test-dev:amd64 (1.83.0.1ubuntu2) ...
2025-09-30T19:02:26.9006010Z Setting up libnl-route-3-dev:amd64 (3.7.0-0.3build1.1) ...
2025-09-30T19:02:26.9025737Z Setting up libevent-dev (2.1.12-stable-9ubuntu2) ...
2025-09-30T19:02:26.9045273Z Setting up libboost-serialization-dev:amd64 (1.83.0.1ubuntu2) ...
2025-09-30T19:02:26.9065695Z Setting up libpmix2t64:amd64 (5.0.1-4.1build1) ...
2025-09-30T19:02:26.9085897Z Setting up libhsa-runtime64-1 (5.7.1-2build1) ...
2025-09-30T19:02:26.9110088Z Setting up libpmix-dev:amd64 (5.0.1-4.1build1) ...
2025-09-30T19:02:26.9130405Z Setting up libibverbs-dev:amd64 (50.0-2ubuntu0.2) ...
2025-09-30T19:02:26.9149815Z Setting up libamdhip64-5 (5.7.1-3) ...
2025-09-30T19:02:26.9170718Z Setting up libucx0:amd64 (1.16.0+ds-5ubuntu1) ...
2025-09-30T19:02:26.9190133Z Setting up libopenmpi3t64:amd64 (4.1.6-7ubuntu2) ...
2025-09-30T19:02:26.9211501Z Setting up openmpi-bin (4.1.6-7ubuntu2) ...
2025-09-30T19:02:26.9288315Z update-alternatives: using /usr/bin/mpirun.openmpi to provide /usr/bin/mpirun (mpirun) in auto mode
2025-09-30T19:02:26.9492523Z update-alternatives: using /usr/bin/mpicc.openmpi to provide /usr/bin/mpicc (mpi) in auto mode
2025-09-30T19:02:26.9862262Z Setting up libhdf5-openmpi-103-1t64:amd64 (1.10.10+repack-3.1ubuntu4) ...
2025-09-30T19:02:26.9882044Z Setting up libcaf-openmpi-3t64:amd64 (2.10.2+ds-2.1build2) ...
2025-09-30T19:02:26.9903082Z Setting up libhdf5-openmpi-fortran-102t64:amd64 (1.10.10+repack-3.1ubuntu4) ...
2025-09-30T19:02:26.9926827Z Setting up libhdf5-openmpi-cpp-103-1t64:amd64 (1.10.10+repack-3.1ubuntu4) ...
2025-09-30T19:02:26.9946651Z Setting up libopenmpi-dev:amd64 (4.1.6-7ubuntu2) ...
2025-09-30T19:02:27.0002228Z update-alternatives: using /usr/lib/x86_64-linux-gnu/openmpi/include to provide /usr/include/x86_64-linux-gnu/mpi (mpi-x86_64-linux-gnu) in auto mode
2025-09-30T19:02:27.0026856Z Setting up libhdf5-openmpi-hl-100t64:amd64 (1.10.10+repack-3.1ubuntu4) ...
2025-09-30T19:02:27.0048197Z Setting up libcoarrays-openmpi-dev:amd64 (2.10.2+ds-2.1build2) ...
2025-09-30T19:02:27.0106709Z update-alternatives: using /usr/lib/x86_64-linux-gnu/open-coarrays/openmpi/bin/caf to provide /usr/bin/caf.openmpi (caf-openmpi) in auto mode
2025-09-30T19:02:27.0150376Z update-alternatives: using /usr/bin/caf.openmpi to provide /usr/bin/caf (caf) in auto mode
2025-09-30T19:02:27.0169088Z Setting up libhdf5-openmpi-hl-fortran-100t64:amd64 (1.10.10+repack-3.1ubuntu4) ...
2025-09-30T19:02:27.0189811Z Setting up mpi-default-dev (1.15build1) ...
2025-09-30T19:02:27.0210817Z Setting up libhdf5-openmpi-hl-cpp-100t64:amd64 (1.10.10+repack-3.1ubuntu4) ...
2025-09-30T19:02:27.0232360Z Setting up libhdf5-openmpi-dev (1.10.10+repack-3.1ubuntu4) ...
2025-09-30T19:02:27.0296866Z update-alternatives: using /usr/bin/h5pcc.openmpi to provide /usr/bin/h5pcc (h5pcc) in auto mode
2025-09-30T19:02:27.0473393Z update-alternatives: using /usr/lib/x86_64-linux-gnu/pkgconfig/hdf5-openmpi.pc to provide /usr/lib/x86_64-linux-gnu/pkgconfig/hdf5.pc (hdf5.pc) in auto mode
2025-09-30T19:02:27.0635478Z update-alternatives: updating alternative /usr/bin/mpicc.openmpi because link group mpi has changed slave links
2025-09-30T19:02:27.0691281Z update-alternatives: using /usr/lib/x86_64-linux-gnu/pkgconfig/hdf5-mpi.pc to provide /usr/lib/x86_64-linux-gnu/pkgconfig/hdf5.pc (hdf5.pc) in auto mode
2025-09-30T19:02:27.0710116Z Setting up libhdf5-mpi-dev (1.10.10+repack-3.1ubuntu4) ...
2025-09-30T19:02:27.0730169Z Setting up libflann-dev:amd64 (1.9.2+dfsg-2build1) ...
2025-09-30T19:02:27.0753491Z Processing triggers for libc-bin (2.39-0ubuntu8.6) ...
2025-09-30T19:02:28.9793670Z Processing triggers for man-db (2.12.0-4build2) ...
2025-09-30T19:04:01.5260452Z 
2025-09-30T19:04:01.5260873Z Running kernel seems to be up-to-date.
2025-09-30T19:04:01.5261121Z 
2025-09-30T19:04:01.5261215Z Restarting services...
2025-09-30T19:04:01.5330456Z 
2025-09-30T19:04:01.5330682Z Service restarts being deferred:
2025-09-30T19:04:01.5333182Z  systemctl restart hosted-compute-agent.service
2025-09-30T19:04:01.5333518Z 
2025-09-30T19:04:01.5333848Z No containers need to be restarted.
2025-09-30T19:04:01.5334173Z 
2025-09-30T19:04:01.5334351Z No user sessions are running outdated binaries.
2025-09-30T19:04:01.5334670Z 
2025-09-30T19:04:01.5334975Z No VM guests are running outdated hypervisor (qemu) binaries on this host.
2025-09-30T19:04:02.5191833Z ##[group]Run actions/cache@v4
2025-09-30T19:04:02.5192086Z with:
2025-09-30T19:04:02.5192266Z   path: /home/runner/work/ompl/build

2025-09-30T19:04:02.5192512Z   key: Linux-X64-build-
2025-09-30T19:04:02.5192714Z   enableCrossOsArchive: false
2025-09-30T19:04:02.5192935Z   fail-on-cache-miss: false
2025-09-30T19:04:02.5193135Z   lookup-only: false
2025-09-30T19:04:02.5193306Z   save-always: false
2025-09-30T19:04:02.5193477Z ##[endgroup]
2025-09-30T19:04:02.8226340Z Cache hit for: Linux-X64-build-
2025-09-30T19:04:03.5221916Z Received 18372838 of 18372838 (100.0%), 29.5 MBs/sec
2025-09-30T19:04:03.5222813Z Cache Size: ~18 MB (18372838 B)
2025-09-30T19:04:03.5251485Z [command]/usr/bin/tar -xf /home/runner/work/_temp/2856e2e2-9882-4442-8747-fa9ec858a5b9/cache.tzst -P -C /home/runner/work/ompl/ompl --use-compress-program unzstd
2025-09-30T19:04:03.6848098Z Cache restored successfully
2025-09-30T19:04:03.6962568Z Cache restored from key: Linux-X64-build-
2025-09-30T19:04:03.7108160Z ##[group]Run ashutoshvarma/action-cmake-build@master
2025-09-30T19:04:03.7108468Z with:
2025-09-30T19:04:03.7108662Z   build-dir: /home/runner/work/ompl/build
2025-09-30T19:04:03.7108909Z   build-type: Release
2025-09-30T19:04:03.7109642Z   configure-options: -DOMPL_REGISTRATION=OFF -DOMPL_BUILD_DEMOS=OFF -DVAMP_PORTABLE_BUILD=ON -DCMAKE_INSTALL_PREFIX=/home/runner/work/ompl/install -DOMPL_PYTHON_INSTALL_DIR=/home/runner/work/ompl/install/python
2025-09-30T19:04:03.7110393Z   run-test: true
2025-09-30T19:04:03.7110590Z   ctest-options: --output-on-failure
2025-09-30T19:04:03.7110833Z   install-build: true
2025-09-30T19:04:03.7111041Z   source-dir: /home/runner/work/ompl/ompl
2025-09-30T19:04:03.7111278Z   parallel: 4
2025-09-30T19:04:03.7111450Z   submodule-update: false
2025-09-30T19:04:03.7111649Z ##[endgroup]
2025-09-30T19:04:03.7390432Z ##[group]Fixing Path
2025-09-30T19:04:03.7417409Z /snap/bin:/home/runner/.local/bin:/opt/pipx_bin:/home/runner/.cargo/bin:/home/runner/.config/composer/vendor/bin:/usr/local/.ghcup/bin:/home/runner/.dotnet/tools:/usr/local/sbin:/usr/local/bin:/usr/sbin:/usr/bin:/sbin:/bin:/usr/games:/usr/local/games:/snap/bin
2025-09-30T19:04:03.7419206Z ##[endgroup]
2025-09-30T19:04:03.7419863Z ##[group]Configure CMake
2025-09-30T19:04:03.7442607Z [command]/usr/local/bin/cmake -DOMPL_REGISTRATION=OFF -DOMPL_BUILD_DEMOS=OFF -DVAMP_PORTABLE_BUILD=ON -DCMAKE_INSTALL_PREFIX=/home/runner/work/ompl/install -DOMPL_PYTHON_INSTALL_DIR=/home/runner/work/ompl/install/python -DCMAKE_BUILD_TYPE=Release -S/home/runner/work/ompl/ompl -B/home/runner/work/ompl/build
2025-09-30T19:04:04.3754829Z -- Build type: Release
2025-09-30T19:04:04.6756682Z CMake Warning at CMakeModules/FindPython.cmake:197 (message):
2025-09-30T19:04:04.6757556Z   Failed to find matching Boost.Python library! Python bindings probably
2025-09-30T19:04:04.6758122Z   won't work.
2025-09-30T19:04:04.6758435Z Call Stack (most recent call first):
2025-09-30T19:04:04.6758877Z   CMakeLists.txt:81 (find_boost_python)
2025-09-30T19:04:04.6759178Z 
2025-09-30T19:04:04.6759184Z 
2025-09-30T19:04:04.7072796Z -- Checking for module 'libspot'
2025-09-30T19:04:04.9521345Z --   Package 'libspot', required by 'virtual:world', not found
2025-09-30T19:04:04.9526719Z -- Could NOT find spot (missing: SPOT_LIBRARIES SPOT_INCLUDE_DIRS) 
2025-09-30T19:04:04.9646288Z -- Could NOT find Doxygen (missing: DOXYGEN_EXECUTABLE) 
2025-09-30T19:04:05.0688641Z -- Could NOT find PY_numpy (missing: PY_NUMPY) 
2025-09-30T19:04:05.0691766Z -- VAMP: Using portable build mode for distribution
2025-09-30T19:04:05.0692359Z -- VAMP: Python bindings disabled (C++ only)
2025-09-30T19:04:05.0839685Z -- Configuring VAMP integration...
2025-09-30T19:04:05.0840389Z -- VAMP: Using portable SIMD flags for x86_64 (with BMI2)
2025-09-30T19:04:05.1765143Z -- CPM: Adding package nigh@0 (97130999440647c204e0265d05a997dbd8da4e70)
2025-09-30T19:04:05.4269984Z -- CPM: Adding package pdqsort@0 (b1ef26a55cdb60d236a5cb199c4234c704f46726)
2025-09-30T19:04:05.5206345Z -- CPM: Adding package SIMDxorshift@0 (857c1a01df53cf1ee1ae8db3238f0ef42ef8e490)
2025-09-30T19:04:05.6136750Z -- VAMP build configuration:
2025-09-30T19:04:05.6137194Z --   - C++ library: ON
2025-09-30T19:04:05.6137556Z --   - Install C++ library: ON
2025-09-30T19:04:05.6137970Z --   - Python bindings: OFF
2025-09-30T19:04:05.6138342Z --   - C++ demos: OFF
2025-09-30T19:04:05.6138632Z --   - OMPL demos: OFF
2025-09-30T19:04:05.6138871Z -- VAMP C++ library target configured
2025-09-30T19:04:05.6139166Z -- VAMP: Using portable build mode for distribution
2025-09-30T19:04:05.6139731Z -- VAMP integration configured successfully
2025-09-30T19:04:05.6140043Z -- VAMP integration enabled via OMPL_BUILD_VAMP=ON
2025-09-30T19:04:05.7856114Z CMake Warning at CMakeModules/FindPython.cmake:197 (message):
2025-09-30T19:04:05.7857016Z   Failed to find matching Boost.Python library! Python bindings probably
2025-09-30T19:04:05.7857438Z   won't work.
2025-09-30T19:04:05.7857682Z Call Stack (most recent call first):
2025-09-30T19:04:05.7858482Z   CMakeModules/PythonBindingsUtils.cmake:5 (find_boost_python)
2025-09-30T19:04:05.7858924Z   py-bindings/CMakeLists.txt:1 (include)
2025-09-30T19:04:05.7859150Z 
2025-09-30T19:04:05.7859156Z 
2025-09-30T19:04:05.8950177Z -- Could NOT find PY_pyplusplus (missing: PY_PYPLUSPLUS) 
2025-09-30T19:04:05.9997968Z -- Could NOT find PY_pygccxml (missing: PY_PYGCCXML) 
2025-09-30T19:04:06.0012786Z -- Could NOT find castxml (missing: CASTXML) 
2025-09-30T19:04:06.1557417Z -- The following features have been enabled:
2025-09-30T19:04:06.1557865Z 
2025-09-30T19:04:06.1558207Z  * OMPL_VERSIONED_INSTALL, Whether to install header files in
2025-09-30T19:04:06.1559080Z    <prefix>/include/ompl-X.Y/ompl, where X and Y are the major and minor
2025-09-30T19:04:06.1559517Z    version numbers
2025-09-30T19:04:06.1559816Z  * OMPL_BUILD_TESTS, Whether to build the unit tests.
2025-09-30T19:04:06.1560041Z 
2025-09-30T19:04:06.1560165Z -- The following OPTIONAL packages have been found:
2025-09-30T19:04:06.1560377Z 
2025-09-30T19:04:06.1560544Z  * Threads, <https://en.wikipedia.org/wiki/POSIX_Threads>
2025-09-30T19:04:06.1560956Z    Pthreads is sometimes needed, depending on OS / compiler.
2025-09-30T19:04:06.1561323Z  * Triangle, <http://www.cs.cmu.edu/~quake/triangle.html>
2025-09-30T19:04:06.1561720Z    Used to create triangular decompositions of polygonal 2D environments.
2025-09-30T19:04:06.1562183Z  * flann (required version >= 1.9.2), <https://github.com/mariusmuja/flann>
2025-09-30T19:04:06.1562646Z    If detetected, FLANN can be used for nearest neighbor queries by OMPL.
2025-09-30T19:04:06.1563102Z  * PkgConfig, <https://www.freedesktop.org/wiki/Software/pkg-config/>
2025-09-30T19:04:06.1563482Z    Used to find (compilation flags for) dependencies.
2025-09-30T19:04:06.1563751Z  * Git
2025-09-30T19:04:06.1563965Z  * Python, <https://www.python.org>
2025-09-30T19:04:06.1564215Z    Used for python bindings.
2025-09-30T19:04:06.1564488Z  * boost_unit_test_framework (required version == 1.83.0)
2025-09-30T19:04:06.1564706Z 
2025-09-30T19:04:06.1564828Z -- The following REQUIRED packages have been found:
2025-09-30T19:04:06.1565033Z 
2025-09-30T19:04:06.1565146Z  * boost_serialization (required version == 1.83.0)
2025-09-30T19:04:06.1565449Z  * boost_program_options (required version == 1.83.0)
2025-09-30T19:04:06.1566040Z  * yaml-cpp, <https://github.com/jbeder/yaml-cpp>
2025-09-30T19:04:06.1566414Z    Used for parsing YAML configuration files, required for VAMP demos.
2025-09-30T19:04:06.1566766Z  * Eigen3, <http://eigen.tuxfamily.org>
2025-09-30T19:04:06.1567050Z    A linear algebra library used throughout OMPL.
2025-09-30T19:04:06.1567347Z  * boost_headers (required version == 1.83.0)
2025-09-30T19:04:06.1567708Z  * Boost (required version >= 1.68), <https://www.boost.org>
2025-09-30T19:04:06.1568378Z    Used throughout OMPL for data serialization, graphs, etc.
2025-09-30T19:04:06.1568782Z 
2025-09-30T19:04:06.1568945Z -- The following features have been disabled:
2025-09-30T19:04:06.1569249Z 
2025-09-30T19:04:06.1569519Z  * OMPL_BUILD_PYBINDINGS, Whether to build the Python bindings.
2025-09-30T19:04:06.1569955Z  * OMPL_BUILD_PYTESTS, Whether to build/run the python binding unit tests.
2025-09-30T19:04:06.1570375Z  * OMPL_BUILD_DEMOS, Whether to build the OMPL demo programs.
2025-09-30T19:04:06.1570601Z 
2025-09-30T19:04:06.1570735Z -- The following OPTIONAL packages have not been found:
2025-09-30T19:04:06.1570954Z 
2025-09-30T19:04:06.1571051Z  * pypy, <https://pypy.org>
2025-09-30T19:04:06.1571301Z    Used to speed up the generation of python bindings.
2025-09-30T19:04:06.1571812Z  * spot, <http://spot.lrde.epita.fr>
2025-09-30T19:04:06.1572111Z    Used for constructing finite automata from LTL formulae.
2025-09-30T19:04:06.1572401Z  * Doxygen, <http://doxygen.org>
2025-09-30T19:04:06.1572732Z    Used to create the OMPL documentation (i.e., https://ompl.kavrakilab.org).
2025-09-30T19:04:06.1573075Z  * nigh (required version >= 0)
2025-09-30T19:04:06.1573293Z  * pdqsort (required version >= 0)
2025-09-30T19:04:06.1573652Z  * SIMDxorshift (required version >= 0)
2025-09-30T19:04:06.1573923Z  * boost_python-py312 (required version == 1.83.0)
2025-09-30T19:04:06.1574199Z  * boost_python (required version == 1.83.0)
2025-09-30T19:04:06.1574466Z  * castxml, <https://github.com/CastXML/CastXML>
2025-09-30T19:04:06.1574731Z    Used to generate Python bindings.
2025-09-30T19:04:06.1574881Z 
2025-09-30T19:04:06.1574988Z -- The following Python modules were NOT found:
2025-09-30T19:04:06.1575168Z 
2025-09-30T19:04:06.1575247Z  * numpy pyplusplus pygccxml
2025-09-30T19:04:06.1575389Z 
2025-09-30T19:04:06.1575477Z -- Configuring done (2.1s)
2025-09-30T19:04:06.3600053Z -- Generating done (0.2s)
2025-09-30T19:04:06.3604898Z -- Build files have been written to: /home/runner/work/ompl/build
2025-09-30T19:04:06.3670883Z ##[endgroup]
2025-09-30T19:04:06.3671451Z ##[group]Building Project
2025-09-30T19:04:06.3685057Z [command]/usr/local/bin/cmake --build /home/runner/work/ompl/build --config Release --parallel 4
2025-09-30T19:04:06.4280874Z [  0%] Building C object external/vamp/CMakeFiles/simdxorshift.dir/__/__/_deps/simdxorshift-src/src/simdxorshift128plus.c.o
2025-09-30T19:04:06.4283161Z [  0%] Building C object external/vamp/CMakeFiles/simdxorshift.dir/__/__/_deps/simdxorshift-src/src/xorshift128plus.c.o
2025-09-30T19:04:07.2909013Z [  0%] Building CXX object src/ompl/CMakeFiles/ompl.dir/base/goals/src/GoalLazySamples.cpp.o
2025-09-30T19:04:07.2914802Z [  0%] Building CXX object src/ompl/CMakeFiles/ompl.dir/base/goals/src/GoalRegion.cpp.o
2025-09-30T19:04:07.5346820Z [  1%] Building CXX object src/ompl/CMakeFiles/ompl.dir/base/goals/src/GoalSpace.cpp.o
2025-09-30T19:04:07.9400002Z [  2%] Linking C static library libsimdxorshift.a
2025-09-30T19:04:11.2902337Z [  2%] Building CXX object src/ompl/CMakeFiles/ompl.dir/base/goals/src/GoalState.cpp.o
2025-09-30T19:04:11.2912814Z [  2%] Building CXX object src/ompl/CMakeFiles/ompl.dir/base/goals/src/GoalStates.cpp.o
2025-09-30T19:04:11.3772056Z [  3%] Building CXX object src/ompl/CMakeFiles/ompl.dir/base/objectives/src/ControlDurationObjective.cpp.o
2025-09-30T19:04:12.9706275Z [  3%] Building CXX object src/ompl/CMakeFiles/ompl.dir/base/objectives/src/MaximizeMinClearanceObjective.cpp.o
2025-09-30T19:04:13.5520483Z [  3%] Building CXX object src/ompl/CMakeFiles/ompl.dir/base/objectives/src/MechanicalWorkOptimizationObjective.cpp.o
2025-09-30T19:04:13.7203577Z [  4%] Building CXX object src/ompl/CMakeFiles/ompl.dir/base/objectives/src/MinimaxObjective.cpp.o
2025-09-30T19:04:14.3408996Z [  4%] Built target simdxorshift
2025-09-30T19:04:14.3437625Z [  4%] Building CXX object src/ompl/CMakeFiles/ompl.dir/base/objectives/src/MinimizeArrivalTime.cpp.o
2025-09-30T19:04:14.6628756Z [  4%] Building CXX object src/ompl/CMakeFiles/ompl.dir/base/objectives/src/PathLengthOptimizationObjective.cpp.o
2025-09-30T19:04:16.1247084Z [  5%] Building CXX object src/ompl/CMakeFiles/ompl.dir/base/objectives/src/StateCostIntegralObjective.cpp.o
2025-09-30T19:04:16.2339116Z [  5%] Building CXX object src/ompl/CMakeFiles/ompl.dir/base/samplers/deterministic/src/HaltonSequence.cpp.o
2025-09-30T19:04:17.1518055Z [  5%] Building CXX object src/ompl/CMakeFiles/ompl.dir/base/samplers/deterministic/src/PrecomputedSequence.cpp.o
2025-09-30T19:04:17.4269393Z [  6%] Building CXX object src/ompl/CMakeFiles/ompl.dir/base/samplers/informed/src/OrderedInfSampler.cpp.o
2025-09-30T19:04:17.7316544Z [  6%] Building CXX object src/ompl/CMakeFiles/ompl.dir/base/samplers/informed/src/PathLengthDirectInfSampler.cpp.o
2025-09-30T19:04:18.4840016Z [  6%] Building CXX object src/ompl/CMakeFiles/ompl.dir/base/samplers/informed/src/RejectionInfSampler.cpp.o
2025-09-30T19:04:18.9626214Z [  7%] Building CXX object src/ompl/CMakeFiles/ompl.dir/base/samplers/src/BridgeTestValidStateSampler.cpp.o
2025-09-30T19:04:20.4047631Z [  7%] Building CXX object src/ompl/CMakeFiles/ompl.dir/base/samplers/src/ConditionalStateSampler.cpp.o
2025-09-30T19:04:20.9374788Z [  7%] Building CXX object src/ompl/CMakeFiles/ompl.dir/base/samplers/src/DeterministicStateSampler.cpp.o
2025-09-30T19:04:21.1036752Z [  8%] Building CXX object src/ompl/CMakeFiles/ompl.dir/base/samplers/src/GaussianValidStateSampler.cpp.o
2025-09-30T19:04:21.7207076Z [  8%] Building CXX object src/ompl/CMakeFiles/ompl.dir/base/samplers/src/InformedStateSampler.cpp.o
2025-09-30T19:04:22.9829404Z [  8%] Building CXX object src/ompl/CMakeFiles/ompl.dir/base/samplers/src/MaximizeClearanceValidStateSampler.cpp.o
2025-09-30T19:04:23.8685342Z [  9%] Building CXX object src/ompl/CMakeFiles/ompl.dir/base/samplers/src/MinimumClearanceValidStateSampler.cpp.o
2025-09-30T19:04:24.2479592Z [  9%] Building CXX object src/ompl/CMakeFiles/ompl.dir/base/samplers/src/ObstacleBasedValidStateSampler.cpp.o
2025-09-30T19:04:24.3870293Z [  9%] Building CXX object src/ompl/CMakeFiles/ompl.dir/base/samplers/src/UniformValidStateSampler.cpp.o
2025-09-30T19:04:25.7819736Z [ 10%] Building CXX object src/ompl/CMakeFiles/ompl.dir/base/spaces/constraint/src/AtlasChart.cpp.o
2025-09-30T19:04:26.5835357Z [ 10%] Building CXX object src/ompl/CMakeFiles/ompl.dir/base/spaces/constraint/src/AtlasStateSpace.cpp.o
2025-09-30T19:04:26.6512158Z [ 10%] Building CXX object src/ompl/CMakeFiles/ompl.dir/base/spaces/constraint/src/ConstrainedStateSpace.cpp.o
2025-09-30T19:04:26.8021784Z [ 11%] Building CXX object src/ompl/CMakeFiles/ompl.dir/base/spaces/constraint/src/ProjectedStateSpace.cpp.o
2025-09-30T19:04:30.2469696Z [ 11%] Building CXX object src/ompl/CMakeFiles/ompl.dir/base/spaces/constraint/src/TangentBundleStateSpace.cpp.o
2025-09-30T19:04:30.5059482Z [ 11%] Building CXX object src/ompl/CMakeFiles/ompl.dir/base/spaces/special/src/KleinBottleStateSpace.cpp.o
2025-09-30T19:04:33.7486363Z [ 12%] Building CXX object src/ompl/CMakeFiles/ompl.dir/base/spaces/special/src/MobiusStateSpace.cpp.o
2025-09-30T19:04:34.1898770Z [ 12%] Building CXX object src/ompl/CMakeFiles/ompl.dir/base/spaces/special/src/SphereStateSpace.cpp.o
2025-09-30T19:04:34.6182535Z [ 12%] Building CXX object src/ompl/CMakeFiles/ompl.dir/base/spaces/special/src/TorusStateSpace.cpp.o
2025-09-30T19:04:37.3276991Z [ 13%] Building CXX object src/ompl/CMakeFiles/ompl.dir/base/spaces/src/DiscreteStateSpace.cpp.o
2025-09-30T19:04:37.8047582Z [ 13%] Building CXX object src/ompl/CMakeFiles/ompl.dir/base/spaces/src/DubinsStateSpace.cpp.o
2025-09-30T19:04:37.9628474Z [ 13%] Building CXX object src/ompl/CMakeFiles/ompl.dir/base/spaces/src/HybridStateSpace.cpp.o
2025-09-30T19:04:40.0514570Z [ 14%] Building CXX object src/ompl/CMakeFiles/ompl.dir/base/spaces/src/HybridTimeStateSpace.cpp.o
2025-09-30T19:04:40.5357557Z [ 14%] Building CXX object src/ompl/CMakeFiles/ompl.dir/base/spaces/src/OwenStateSpace.cpp.o
2025-09-30T19:04:41.4726627Z [ 14%] Building CXX object src/ompl/CMakeFiles/ompl.dir/base/spaces/src/RealVectorBounds.cpp.o
2025-09-30T19:04:42.0032733Z [ 15%] Building CXX object src/ompl/CMakeFiles/ompl.dir/base/spaces/src/RealVectorStateProjections.cpp.o
2025-09-30T19:04:42.7277209Z [ 15%] Building CXX object src/ompl/CMakeFiles/ompl.dir/base/spaces/src/RealVectorStateSpace.cpp.o
2025-09-30T19:04:42.8717516Z [ 15%] Building CXX object src/ompl/CMakeFiles/ompl.dir/base/spaces/src/ReedsSheppStateSpace.cpp.o
2025-09-30T19:04:44.9663583Z [ 16%] Building CXX object src/ompl/CMakeFiles/ompl.dir/base/spaces/src/SE2StateSpace.cpp.o
2025-09-30T19:04:45.2186418Z [ 16%] Building CXX object src/ompl/CMakeFiles/ompl.dir/base/spaces/src/SE3StateSpace.cpp.o
2025-09-30T19:04:46.0561545Z [ 16%] Building CXX object src/ompl/CMakeFiles/ompl.dir/base/spaces/src/SO2StateSpace.cpp.o
2025-09-30T19:04:46.7540196Z [ 17%] Building CXX object src/ompl/CMakeFiles/ompl.dir/base/spaces/src/SO3StateSpace.cpp.o
2025-09-30T19:04:47.6408196Z [ 17%] Building CXX object src/ompl/CMakeFiles/ompl.dir/base/spaces/src/SpaceTimeStateSpace.cpp.o
2025-09-30T19:04:47.9231681Z [ 18%] Building CXX object src/ompl/CMakeFiles/ompl.dir/base/spaces/src/TimeStateSpace.cpp.o
2025-09-30T19:04:49.3667756Z [ 18%] Building CXX object src/ompl/CMakeFiles/ompl.dir/base/spaces/src/TrochoidStateSpace.cpp.o
2025-09-30T19:04:50.1108833Z [ 18%] Building CXX object src/ompl/CMakeFiles/ompl.dir/base/spaces/src/VanaOwenStateSpace.cpp.o
2025-09-30T19:04:50.2465774Z [ 19%] Building CXX object src/ompl/CMakeFiles/ompl.dir/base/spaces/src/VanaStateSpace.cpp.o
2025-09-30T19:04:50.6228894Z [ 19%] Building CXX object src/ompl/CMakeFiles/ompl.dir/base/spaces/src/WrapperStateSpace.cpp.o
2025-09-30T19:04:53.0214966Z [ 19%] Building CXX object src/ompl/CMakeFiles/ompl.dir/base/src/Constraint.cpp.o
2025-09-30T19:04:54.2504139Z [ 20%] Building CXX object src/ompl/CMakeFiles/ompl.dir/base/src/Cost.cpp.o
2025-09-30T19:04:54.2627350Z [ 20%] Building CXX object src/ompl/CMakeFiles/ompl.dir/base/src/DiscreteMotionValidator.cpp.o
2025-09-30T19:04:54.5727172Z [ 20%] Building CXX object src/ompl/CMakeFiles/ompl.dir/base/src/GenericParam.cpp.o
2025-09-30T19:04:54.9632239Z [ 21%] Building CXX object src/ompl/CMakeFiles/ompl.dir/base/src/Goal.cpp.o
2025-09-30T19:04:56.0628956Z [ 21%] Building CXX object src/ompl/CMakeFiles/ompl.dir/base/src/OptimizationObjective.cpp.o
2025-09-30T19:04:56.8808031Z [ 21%] Building CXX object src/ompl/CMakeFiles/ompl.dir/base/src/Planner.cpp.o
2025-09-30T19:04:57.3746741Z [ 22%] Building CXX object src/ompl/CMakeFiles/ompl.dir/base/src/PlannerData.cpp.o
2025-09-30T19:04:59.1774691Z [ 22%] Building CXX object src/ompl/CMakeFiles/ompl.dir/base/src/PlannerDataStorage.cpp.o
2025-09-30T19:05:00.2926971Z [ 22%] Building CXX object src/ompl/CMakeFiles/ompl.dir/base/src/PlannerStatus.cpp.o
2025-09-30T19:05:00.6565021Z [ 23%] Building CXX object src/ompl/CMakeFiles/ompl.dir/base/src/PlannerTerminationCondition.cpp.o
2025-09-30T19:05:03.5846888Z [ 23%] Building CXX object src/ompl/CMakeFiles/ompl.dir/base/src/PrecomputedStateSampler.cpp.o
2025-09-30T19:05:04.2428314Z [ 23%] Building CXX object src/ompl/CMakeFiles/ompl.dir/base/src/ProblemDefinition.cpp.o
2025-09-30T19:05:06.1128971Z [ 24%] Building CXX object src/ompl/CMakeFiles/ompl.dir/base/src/ProjectionEvaluator.cpp.o
2025-09-30T19:05:06.1287771Z [ 24%] Building CXX object src/ompl/CMakeFiles/ompl.dir/base/src/SpaceInformation.cpp.o
2025-09-30T19:05:08.7050434Z [ 24%] Building CXX object src/ompl/CMakeFiles/ompl.dir/base/src/StateSampler.cpp.o
2025-09-30T19:05:10.5918853Z [ 25%] Building CXX object src/ompl/CMakeFiles/ompl.dir/base/src/StateSpace.cpp.o
2025-09-30T19:05:11.2801271Z [ 25%] Building CXX object src/ompl/CMakeFiles/ompl.dir/base/src/StateStorage.cpp.o
2025-09-30T19:05:11.3164702Z [ 25%] Building CXX object src/ompl/CMakeFiles/ompl.dir/base/src/ValidStateSampler.cpp.o
2025-09-30T19:05:12.4593673Z [ 26%] Building CXX object src/ompl/CMakeFiles/ompl.dir/base/terminationconditions/src/CostConvergenceTerminationCondition.cpp.o
2025-09-30T19:05:15.1564221Z [ 26%] Building CXX object src/ompl/CMakeFiles/ompl.dir/base/terminationconditions/src/IterationTerminationCondition.cpp.o
2025-09-30T19:05:15.4990661Z [ 26%] Building CXX object src/ompl/CMakeFiles/ompl.dir/control/planners/est/src/EST.cpp.o
2025-09-30T19:05:16.9618085Z [ 27%] Building CXX object src/ompl/CMakeFiles/ompl.dir/control/planners/kpiece/src/KPIECE1.cpp.o
2025-09-30T19:05:17.7310679Z [ 27%] Building CXX object src/ompl/CMakeFiles/ompl.dir/control/planners/ltl/src/Automaton.cpp.o
2025-09-30T19:05:19.3761583Z [ 27%] Building CXX object src/ompl/CMakeFiles/ompl.dir/control/planners/ltl/src/LTLPlanner.cpp.o
2025-09-30T19:05:20.3294496Z [ 28%] Building CXX object src/ompl/CMakeFiles/ompl.dir/control/planners/ltl/src/LTLProblemDefinition.cpp.o
2025-09-30T19:05:20.8323311Z [ 28%] Building CXX object src/ompl/CMakeFiles/ompl.dir/control/planners/ltl/src/LTLSpaceInformation.cpp.o
2025-09-30T19:05:23.3927033Z [ 28%] Building CXX object src/ompl/CMakeFiles/ompl.dir/control/planners/ltl/src/ProductGraph.cpp.o
2025-09-30T19:05:24.5359474Z [ 29%] Building CXX object src/ompl/CMakeFiles/ompl.dir/control/planners/ltl/src/PropositionalDecomposition.cpp.o
2025-09-30T19:05:24.6906967Z [ 29%] Building CXX object src/ompl/CMakeFiles/ompl.dir/control/planners/ltl/src/World.cpp.o
2025-09-30T19:05:25.2028236Z [ 29%] Building CXX object src/ompl/CMakeFiles/ompl.dir/control/planners/pdst/src/PDST.cpp.o
2025-09-30T19:05:25.6339318Z [ 30%] Building CXX object src/ompl/CMakeFiles/ompl.dir/control/planners/rrt/src/HyRRT.cpp.o
2025-09-30T19:05:25.7588746Z [ 30%] Building CXX object src/ompl/CMakeFiles/ompl.dir/control/planners/rrt/src/RRT.cpp.o
2025-09-30T19:05:27.5317037Z [ 30%] Building CXX object src/ompl/CMakeFiles/ompl.dir/control/planners/sst/src/HySST.cpp.o
2025-09-30T19:05:29.9451533Z [ 31%] Building CXX object src/ompl/CMakeFiles/ompl.dir/control/planners/sst/src/SST.cpp.o
2025-09-30T19:05:32.0708492Z [ 31%] Building CXX object src/ompl/CMakeFiles/ompl.dir/control/planners/syclop/src/GridDecomposition.cpp.o
2025-09-30T19:05:32.2698180Z [ 31%] Building CXX object src/ompl/CMakeFiles/ompl.dir/control/planners/syclop/src/Syclop.cpp.o
2025-09-30T19:05:33.5193544Z [ 32%] Building CXX object src/ompl/CMakeFiles/ompl.dir/control/planners/syclop/src/SyclopEST.cpp.o
2025-09-30T19:05:34.4910516Z [ 32%] Building CXX object src/ompl/CMakeFiles/ompl.dir/control/planners/syclop/src/SyclopRRT.cpp.o
2025-09-30T19:05:36.8685127Z [ 32%] Building CXX object src/ompl/CMakeFiles/ompl.dir/control/spaces/src/DiscreteControlSpace.cpp.o
2025-09-30T19:05:38.6005478Z [ 33%] Building CXX object src/ompl/CMakeFiles/ompl.dir/control/spaces/src/RealVectorControlSpace.cpp.o
2025-09-30T19:05:39.4535012Z [ 33%] Building CXX object src/ompl/CMakeFiles/ompl.dir/control/src/ControlSampler.cpp.o
2025-09-30T19:05:39.4564055Z [ 33%] Building CXX object src/ompl/CMakeFiles/ompl.dir/control/src/ControlSpace.cpp.o
2025-09-30T19:05:41.3203616Z [ 34%] Building CXX object src/ompl/CMakeFiles/ompl.dir/control/src/PathControl.cpp.o
2025-09-30T19:05:42.0988393Z [ 34%] Building CXX object src/ompl/CMakeFiles/ompl.dir/control/src/PlannerData.cpp.o
2025-09-30T19:05:42.2834844Z [ 35%] Building CXX object src/ompl/CMakeFiles/ompl.dir/control/src/PlannerDataStorage.cpp.o
2025-09-30T19:05:42.6763319Z [ 35%] Building CXX object src/ompl/CMakeFiles/ompl.dir/control/src/SimpleDirectedControlSampler.cpp.o
2025-09-30T19:05:44.6135963Z [ 35%] Building CXX object src/ompl/CMakeFiles/ompl.dir/control/src/SimpleSetup.cpp.o
2025-09-30T19:05:44.7447282Z [ 36%] Building CXX object src/ompl/CMakeFiles/ompl.dir/control/src/SpaceInformation.cpp.o
2025-09-30T19:05:45.1529046Z [ 36%] Building CXX object src/ompl/CMakeFiles/ompl.dir/datastructures/src/AdjacencyList.cpp.o
2025-09-30T19:05:47.7023557Z [ 36%] Building CXX object src/ompl/CMakeFiles/ompl.dir/geometric/planners/AnytimePathShortening.cpp.o
2025-09-30T19:05:48.0258420Z [ 37%] Building CXX object src/ompl/CMakeFiles/ompl.dir/geometric/planners/cforest/src/CForest.cpp.o
2025-09-30T19:05:48.3016331Z [ 37%] Building CXX object src/ompl/CMakeFiles/ompl.dir/geometric/planners/cforest/src/CForestStateSampler.cpp.o
2025-09-30T19:05:49.3961403Z [ 37%] Building CXX object src/ompl/CMakeFiles/ompl.dir/geometric/planners/cforest/src/CForestStateSpaceWrapper.cpp.o
2025-09-30T19:05:50.8209546Z [ 38%] Building CXX object src/ompl/CMakeFiles/ompl.dir/geometric/planners/est/src/BiEST.cpp.o
2025-09-30T19:05:52.9578935Z [ 38%] Building CXX object src/ompl/CMakeFiles/ompl.dir/geometric/planners/est/src/EST.cpp.o
2025-09-30T19:05:53.4138899Z [ 38%] Building CXX object src/ompl/CMakeFiles/ompl.dir/geometric/planners/est/src/ProjEST.cpp.o
2025-09-30T19:05:57.2663579Z [ 39%] Building CXX object src/ompl/CMakeFiles/ompl.dir/geometric/planners/experience/src/LightningRetrieveRepair.cpp.o
2025-09-30T19:05:57.5073862Z [ 39%] Building CXX object src/ompl/CMakeFiles/ompl.dir/geometric/planners/experience/src/ThunderRetrieveRepair.cpp.o
2025-09-30T19:05:58.6110084Z [ 39%] Building CXX object src/ompl/CMakeFiles/ompl.dir/geometric/planners/fmt/src/BFMT.cpp.o
2025-09-30T19:05:59.5616532Z [ 40%] Building CXX object src/ompl/CMakeFiles/ompl.dir/geometric/planners/fmt/src/FMT.cpp.o
2025-09-30T19:06:03.0773723Z [ 40%] Building CXX object src/ompl/CMakeFiles/ompl.dir/geometric/planners/informedtrees/aitstar/src/Edge.cpp.o
2025-09-30T19:06:03.5092996Z [ 40%] Building CXX object src/ompl/CMakeFiles/ompl.dir/geometric/planners/informedtrees/aitstar/src/ImplicitGraph.cpp.o
2025-09-30T19:06:05.0134584Z [ 41%] Building CXX object src/ompl/CMakeFiles/ompl.dir/geometric/planners/informedtrees/aitstar/src/Vertex.cpp.o
2025-09-30T19:06:08.9793988Z [ 41%] Building CXX object src/ompl/CMakeFiles/ompl.dir/geometric/planners/informedtrees/bitstar/src/ImplicitGraph.cpp.o
2025-09-30T19:06:10.0673158Z [ 41%] Building CXX object src/ompl/CMakeFiles/ompl.dir/geometric/planners/informedtrees/bitstar/src/SearchQueue.cpp.o
2025-09-30T19:06:11.3429495Z [ 42%] Building CXX object src/ompl/CMakeFiles/ompl.dir/geometric/planners/informedtrees/bitstar/src/Vertex.cpp.o
2025-09-30T19:06:11.9389274Z [ 42%] Building CXX object src/ompl/CMakeFiles/ompl.dir/geometric/planners/informedtrees/eitstar/src/Edge.cpp.o
2025-09-30T19:06:12.3609768Z [ 42%] Building CXX object src/ompl/CMakeFiles/ompl.dir/geometric/planners/informedtrees/eitstar/src/ForwardQueue.cpp.o
2025-09-30T19:06:14.1853062Z [ 43%] Building CXX object src/ompl/CMakeFiles/ompl.dir/geometric/planners/informedtrees/eitstar/src/RandomGeometricGraph.cpp.o
2025-09-30T19:06:14.8066735Z [ 43%] Building CXX object src/ompl/CMakeFiles/ompl.dir/geometric/planners/informedtrees/eitstar/src/ReverseQueue.cpp.o
2025-09-30T19:06:15.6117407Z [ 43%] Building CXX object src/ompl/CMakeFiles/ompl.dir/geometric/planners/informedtrees/eitstar/src/State.cpp.o
2025-09-30T19:06:16.2492137Z [ 44%] Building CXX object src/ompl/CMakeFiles/ompl.dir/geometric/planners/informedtrees/eitstar/src/Vertex.cpp.o
2025-09-30T19:06:18.1183781Z [ 44%] Building CXX object src/ompl/CMakeFiles/ompl.dir/geometric/planners/informedtrees/src/ABITstar.cpp.o
2025-09-30T19:06:18.7364155Z [ 44%] Building CXX object src/ompl/CMakeFiles/ompl.dir/geometric/planners/informedtrees/src/AITstar.cpp.o
2025-09-30T19:06:19.1801202Z [ 45%] Building CXX object src/ompl/CMakeFiles/ompl.dir/geometric/planners/informedtrees/src/BITstar.cpp.o
2025-09-30T19:06:20.9576298Z [ 45%] Building CXX object src/ompl/CMakeFiles/ompl.dir/geometric/planners/informedtrees/src/EIRMstar.cpp.o
2025-09-30T19:06:21.3625380Z [ 45%] Building CXX object src/ompl/CMakeFiles/ompl.dir/geometric/planners/informedtrees/src/EITstar.cpp.o
2025-09-30T19:06:24.2642926Z [ 46%] Building CXX object src/ompl/CMakeFiles/ompl.dir/geometric/planners/kpiece/src/BKPIECE1.cpp.o
2025-09-30T19:06:24.9657068Z [ 46%] Building CXX object src/ompl/CMakeFiles/ompl.dir/geometric/planners/kpiece/src/KPIECE1.cpp.o
2025-09-30T19:06:26.3880440Z [ 46%] Building CXX object src/ompl/CMakeFiles/ompl.dir/geometric/planners/kpiece/src/LBKPIECE1.cpp.o
2025-09-30T19:06:29.1936433Z [ 47%] Building CXX object src/ompl/CMakeFiles/ompl.dir/geometric/planners/pdst/src/PDST.cpp.o
2025-09-30T19:06:30.6018265Z [ 47%] Building CXX object src/ompl/CMakeFiles/ompl.dir/geometric/planners/prm/src/LazyPRM.cpp.o
2025-09-30T19:06:31.1816457Z [ 47%] Building CXX object src/ompl/CMakeFiles/ompl.dir/geometric/planners/prm/src/LazyPRMstar.cpp.o
2025-09-30T19:06:32.6541097Z [ 48%] Building CXX object src/ompl/CMakeFiles/ompl.dir/geometric/planners/prm/src/PRM.cpp.o
2025-09-30T19:06:33.4924028Z [ 48%] Building CXX object src/ompl/CMakeFiles/ompl.dir/geometric/planners/prm/src/PRMstar.cpp.o
2025-09-30T19:06:35.0768670Z [ 48%] Building CXX object src/ompl/CMakeFiles/ompl.dir/geometric/planners/prm/src/SPARS.cpp.o
2025-09-30T19:06:37.2651459Z [ 49%] Building CXX object src/ompl/CMakeFiles/ompl.dir/geometric/planners/prm/src/SPARStwo.cpp.o
2025-09-30T19:06:41.7532396Z [ 49%] Building CXX object src/ompl/CMakeFiles/ompl.dir/geometric/planners/rlrt/src/BiRLRT.cpp.o
2025-09-30T19:06:44.6328638Z [ 49%] Building CXX object src/ompl/CMakeFiles/ompl.dir/geometric/planners/rlrt/src/RLRT.cpp.o
2025-09-30T19:06:45.7780176Z [ 50%] Building CXX object src/ompl/CMakeFiles/ompl.dir/geometric/planners/rrt/src/BiTRRT.cpp.o
2025-09-30T19:06:47.5341105Z [ 50%] Building CXX object src/ompl/CMakeFiles/ompl.dir/geometric/planners/rrt/src/InformedRRTstar.cpp.o
2025-09-30T19:06:48.5075076Z [ 51%] Building CXX object src/ompl/CMakeFiles/ompl.dir/geometric/planners/rrt/src/LBTRRT.cpp.o
2025-09-30T19:06:48.5336933Z [ 51%] Building CXX object src/ompl/CMakeFiles/ompl.dir/geometric/planners/rrt/src/LazyLBTRRT.cpp.o
2025-09-30T19:06:50.1711105Z [ 51%] Building CXX object src/ompl/CMakeFiles/ompl.dir/geometric/planners/rrt/src/LazyRRT.cpp.o
2025-09-30T19:06:52.2956591Z [ 52%] Building CXX object src/ompl/CMakeFiles/ompl.dir/geometric/planners/rrt/src/RRT.cpp.o
2025-09-30T19:06:56.6750467Z [ 52%] Building CXX object src/ompl/CMakeFiles/ompl.dir/geometric/planners/rrt/src/RRTConnect.cpp.o
2025-09-30T19:06:57.5497724Z [ 52%] Building CXX object src/ompl/CMakeFiles/ompl.dir/geometric/planners/rrt/src/RRTXstatic.cpp.o
2025-09-30T19:06:57.6534091Z [ 53%] Building CXX object src/ompl/CMakeFiles/ompl.dir/geometric/planners/rrt/src/RRTsharp.cpp.o
2025-09-30T19:06:58.8209325Z [ 53%] Building CXX object src/ompl/CMakeFiles/ompl.dir/geometric/planners/rrt/src/RRTstar.cpp.o
2025-09-30T19:07:00.2283063Z [ 53%] Building CXX object src/ompl/CMakeFiles/ompl.dir/geometric/planners/rrt/src/SORRTstar.cpp.o
2025-09-30T19:07:03.0172484Z [ 54%] Building CXX object src/ompl/CMakeFiles/ompl.dir/geometric/planners/rrt/src/STRRTstar.cpp.o
2025-09-30T19:07:03.5139382Z [ 54%] Building CXX object src/ompl/CMakeFiles/ompl.dir/geometric/planners/rrt/src/TRRT.cpp.o
2025-09-30T19:07:05.9858674Z [ 54%] Building CXX object src/ompl/CMakeFiles/ompl.dir/geometric/planners/rrt/src/TSRRT.cpp.o
2025-09-30T19:07:07.5141310Z [ 55%] Building CXX object src/ompl/CMakeFiles/ompl.dir/geometric/planners/rrt/src/VFRRT.cpp.o
2025-09-30T19:07:09.1486830Z [ 55%] Building CXX object src/ompl/CMakeFiles/ompl.dir/geometric/planners/rrt/src/pRRT.cpp.o
2025-09-30T19:07:09.8361505Z [ 55%] Building CXX object src/ompl/CMakeFiles/ompl.dir/geometric/planners/sbl/src/SBL.cpp.o
2025-09-30T19:07:10.9346405Z [ 56%] Building CXX object src/ompl/CMakeFiles/ompl.dir/geometric/planners/sbl/src/pSBL.cpp.o
2025-09-30T19:07:12.5129167Z [ 56%] Building CXX object src/ompl/CMakeFiles/ompl.dir/geometric/planners/sst/src/SST.cpp.o
2025-09-30T19:07:15.4209377Z [ 56%] Building CXX object src/ompl/CMakeFiles/ompl.dir/geometric/planners/stride/src/STRIDE.cpp.o
2025-09-30T19:07:15.7111230Z [ 57%] Building CXX object src/ompl/CMakeFiles/ompl.dir/geometric/planners/xxl/src/XXL.cpp.o
2025-09-30T19:07:17.2187097Z [ 57%] Building CXX object src/ompl/CMakeFiles/ompl.dir/geometric/planners/xxl/src/XXLPlanarDecomposition.cpp.o
2025-09-30T19:07:19.1141244Z [ 57%] Building CXX object src/ompl/CMakeFiles/ompl.dir/geometric/planners/xxl/src/XXLPositionDecomposition.cpp.o
2025-09-30T19:07:19.4268610Z [ 58%] Building CXX object src/ompl/CMakeFiles/ompl.dir/geometric/src/GeneticSearch.cpp.o
2025-09-30T19:07:20.5100573Z [ 58%] Building CXX object src/ompl/CMakeFiles/ompl.dir/geometric/src/HillClimbing.cpp.o
2025-09-30T19:07:21.9202092Z [ 58%] Building CXX object src/ompl/CMakeFiles/ompl.dir/geometric/src/PathGeometric.cpp.o
2025-09-30T19:07:22.5994975Z [ 59%] Building CXX object src/ompl/CMakeFiles/ompl.dir/geometric/src/PathHybridization.cpp.o
2025-09-30T19:07:22.9741763Z [ 59%] Building CXX object src/ompl/CMakeFiles/ompl.dir/geometric/src/PathSimplifier.cpp.o
2025-09-30T19:07:23.4586571Z [ 59%] Building CXX object src/ompl/CMakeFiles/ompl.dir/geometric/src/SimpleSetup.cpp.o
2025-09-30T19:07:25.7355190Z [ 60%] Building CXX object src/ompl/CMakeFiles/ompl.dir/multilevel/datastructures/graphsampler/src/GraphSampler.cpp.o
2025-09-30T19:07:27.0302419Z [ 60%] Building CXX object src/ompl/CMakeFiles/ompl.dir/multilevel/datastructures/graphsampler/src/RandomDegreeVertex.cpp.o
2025-09-30T19:07:27.8033198Z [ 60%] Building CXX object src/ompl/CMakeFiles/ompl.dir/multilevel/datastructures/graphsampler/src/RandomEdge.cpp.o
2025-09-30T19:07:28.4944980Z [ 61%] Building CXX object src/ompl/CMakeFiles/ompl.dir/multilevel/datastructures/graphsampler/src/RandomVertex.cpp.o
2025-09-30T19:07:30.0684293Z [ 61%] Building CXX object src/ompl/CMakeFiles/ompl.dir/multilevel/datastructures/importance/src/Exponential.cpp.o
2025-09-30T19:07:31.6411201Z [ 61%] Building CXX object src/ompl/CMakeFiles/ompl.dir/multilevel/datastructures/importance/src/Greedy.cpp.o
2025-09-30T19:07:32.4587047Z [ 62%] Building CXX object src/ompl/CMakeFiles/ompl.dir/multilevel/datastructures/importance/src/Uniform.cpp.o
2025-09-30T19:07:32.8678848Z [ 62%] Building CXX object src/ompl/CMakeFiles/ompl.dir/multilevel/datastructures/metrics/src/BundleSpaceMetric.cpp.o
2025-09-30T19:07:34.2843136Z [ 62%] Building CXX object src/ompl/CMakeFiles/ompl.dir/multilevel/datastructures/metrics/src/Geodesic.cpp.o
2025-09-30T19:07:35.8589365Z [ 63%] Building CXX object src/ompl/CMakeFiles/ompl.dir/multilevel/datastructures/pathrestriction/src/FindSection.cpp.o
2025-09-30T19:07:36.6515182Z [ 63%] Building CXX object src/ompl/CMakeFiles/ompl.dir/multilevel/datastructures/pathrestriction/src/FindSectionSideStep.cpp.o
2025-09-30T19:07:37.0787339Z [ 63%] Building CXX object src/ompl/CMakeFiles/ompl.dir/multilevel/datastructures/pathrestriction/src/Head.cpp.o
2025-09-30T19:07:38.5176286Z [ 64%] Building CXX object src/ompl/CMakeFiles/ompl.dir/multilevel/datastructures/pathrestriction/src/PathRestriction.cpp.o
2025-09-30T19:07:40.3437022Z [ 64%] Building CXX object src/ompl/CMakeFiles/ompl.dir/multilevel/datastructures/pathrestriction/src/PathSection.cpp.o
2025-09-30T19:07:41.1714159Z [ 64%] Building CXX object src/ompl/CMakeFiles/ompl.dir/multilevel/datastructures/projections/src/EmptySet.cpp.o
2025-09-30T19:07:41.5067192Z [ 65%] Building CXX object src/ompl/CMakeFiles/ompl.dir/multilevel/datastructures/projections/src/FiberedProjection.cpp.o
2025-09-30T19:07:43.1337577Z [ 65%] Building CXX object src/ompl/CMakeFiles/ompl.dir/multilevel/datastructures/projections/src/Identity.cpp.o
2025-09-30T19:07:43.7109430Z [ 65%] Building CXX object src/ompl/CMakeFiles/ompl.dir/multilevel/datastructures/projections/src/None.cpp.o
2025-09-30T19:07:44.2160476Z [ 66%] Building CXX object src/ompl/CMakeFiles/ompl.dir/multilevel/datastructures/projections/src/RNSO2_RN.cpp.o
2025-09-30T19:07:45.3767871Z [ 66%] Building CXX object src/ompl/CMakeFiles/ompl.dir/multilevel/datastructures/projections/src/RN_RM.cpp.o
2025-09-30T19:07:46.0103224Z [ 66%] Building CXX object src/ompl/CMakeFiles/ompl.dir/multilevel/datastructures/projections/src/Relaxation.cpp.o
2025-09-30T19:07:46.2419888Z [ 67%] Building CXX object src/ompl/CMakeFiles/ompl.dir/multilevel/datastructures/projections/src/SE2RN_R2.cpp.o
2025-09-30T19:07:46.7808749Z [ 67%] Building CXX object src/ompl/CMakeFiles/ompl.dir/multilevel/datastructures/projections/src/SE2_R2.cpp.o
2025-09-30T19:07:48.3513443Z [ 68%] Building CXX object src/ompl/CMakeFiles/ompl.dir/multilevel/datastructures/projections/src/SE3RN_R3.cpp.o
2025-09-30T19:07:48.5908854Z [ 68%] Building CXX object src/ompl/CMakeFiles/ompl.dir/multilevel/datastructures/projections/src/SE3_R3.cpp.o
2025-09-30T19:07:49.2060310Z [ 68%] Building CXX object src/ompl/CMakeFiles/ompl.dir/multilevel/datastructures/projections/src/SO2N_SO2M.cpp.o
2025-09-30T19:07:49.4321363Z [ 69%] Building CXX object src/ompl/CMakeFiles/ompl.dir/multilevel/datastructures/projections/src/XRN_X.cpp.o
2025-09-30T19:07:51.2398734Z [ 69%] Building CXX object src/ompl/CMakeFiles/ompl.dir/multilevel/datastructures/projections/src/XRN_XRM.cpp.o
2025-09-30T19:07:51.3271569Z [ 69%] Building CXX object src/ompl/CMakeFiles/ompl.dir/multilevel/datastructures/projections/src/XRN_XRM_SE2.cpp.o
2025-09-30T19:07:51.8510972Z [ 70%] Building CXX object src/ompl/CMakeFiles/ompl.dir/multilevel/datastructures/projections/src/XRN_XRM_SE3.cpp.o
2025-09-30T19:07:52.2808515Z [ 70%] Building CXX object src/ompl/CMakeFiles/ompl.dir/multilevel/datastructures/projections/src/XRN_XRM_SO2.cpp.o
2025-09-30T19:07:53.9291639Z [ 70%] Building CXX object src/ompl/CMakeFiles/ompl.dir/multilevel/datastructures/projections/src/XRN_XRM_SO3.cpp.o
2025-09-30T19:07:54.1976840Z [ 71%] Building CXX object src/ompl/CMakeFiles/ompl.dir/multilevel/datastructures/projections/src/XRN_X_SE2.cpp.o
2025-09-30T19:07:54.4552613Z [ 71%] Building CXX object src/ompl/CMakeFiles/ompl.dir/multilevel/datastructures/projections/src/XRN_X_SE3.cpp.o
2025-09-30T19:07:54.8640109Z [ 71%] Building CXX object src/ompl/CMakeFiles/ompl.dir/multilevel/datastructures/projections/src/XRN_X_SO2.cpp.o
2025-09-30T19:07:56.4828300Z [ 72%] Building CXX object src/ompl/CMakeFiles/ompl.dir/multilevel/datastructures/projections/src/XRN_X_SO3.cpp.o
2025-09-30T19:07:56.7848518Z [ 72%] Building CXX object src/ompl/CMakeFiles/ompl.dir/multilevel/datastructures/propagators/src/BundleSpacePropagator.cpp.o
2025-09-30T19:07:57.0493476Z [ 72%] Building CXX object src/ompl/CMakeFiles/ompl.dir/multilevel/datastructures/propagators/src/Geometric.cpp.o
2025-09-30T19:07:57.3892087Z [ 73%] Building CXX object src/ompl/CMakeFiles/ompl.dir/multilevel/datastructures/src/BundleSpace.cpp.o
2025-09-30T19:07:58.9298585Z [ 73%] Building CXX object src/ompl/CMakeFiles/ompl.dir/multilevel/datastructures/src/BundleSpaceGraph.cpp.o
2025-09-30T19:08:00.8017116Z [ 73%] Building CXX object src/ompl/CMakeFiles/ompl.dir/multilevel/datastructures/src/PlannerDataVertexAnnotated.cpp.o
2025-09-30T19:08:01.0864562Z [ 74%] Building CXX object src/ompl/CMakeFiles/ompl.dir/multilevel/datastructures/src/PlannerMultiLevel.cpp.o
2025-09-30T19:08:01.2106337Z [ 74%] Building CXX object src/ompl/CMakeFiles/ompl.dir/multilevel/datastructures/src/Projection.cpp.o
2025-09-30T19:08:03.3364309Z [ 74%] Building CXX object src/ompl/CMakeFiles/ompl.dir/multilevel/datastructures/src/ProjectionFactory.cpp.o
2025-09-30T19:08:04.1128812Z [ 75%] Building CXX object src/ompl/CMakeFiles/ompl.dir/multilevel/planners/qmp/src/QMPImpl.cpp.o
2025-09-30T19:08:04.2089774Z [ 75%] Building CXX object src/ompl/CMakeFiles/ompl.dir/multilevel/planners/qmp/src/QMPStarImpl.cpp.o
2025-09-30T19:08:07.9329204Z [ 75%] Building CXX object src/ompl/CMakeFiles/ompl.dir/multilevel/planners/qrrt/src/QRRTImpl.cpp.o
2025-09-30T19:08:08.9120285Z [ 76%] Building CXX object src/ompl/CMakeFiles/ompl.dir/multilevel/planners/qrrt/src/QRRTStarImpl.cpp.o
2025-09-30T19:08:08.9312429Z [ 76%] Building CXX object src/ompl/CMakeFiles/ompl.dir/tools/benchmark/src/Benchmark.cpp.o
2025-09-30T19:08:12.2830975Z [ 76%] Building CXX object src/ompl/CMakeFiles/ompl.dir/tools/benchmark/src/MachineSpecs.cpp.o
2025-09-30T19:08:12.8612532Z [ 77%] Building CXX object src/ompl/CMakeFiles/ompl.dir/tools/config/src/SelfConfig.cpp.o
2025-09-30T19:08:13.6591223Z [ 77%] Building CXX object src/ompl/CMakeFiles/ompl.dir/tools/debug/src/PlannerMonitor.cpp.o
2025-09-30T19:08:14.2098564Z [ 77%] Building CXX object src/ompl/CMakeFiles/ompl.dir/tools/debug/src/Profiler.cpp.o
2025-09-30T19:08:14.6694599Z [ 78%] Building CXX object src/ompl/CMakeFiles/ompl.dir/tools/experience/src/ExperienceSetup.cpp.o
2025-09-30T19:08:15.4514415Z [ 78%] Building CXX object src/ompl/CMakeFiles/ompl.dir/tools/lightning/src/DynamicTimeWarp.cpp.o
2025-09-30T19:08:16.3183039Z [ 78%] Building CXX object src/ompl/CMakeFiles/ompl.dir/tools/lightning/src/Lightning.cpp.o
2025-09-30T19:08:16.8097127Z [ 79%] Building CXX object src/ompl/CMakeFiles/ompl.dir/tools/lightning/src/LightningDB.cpp.o
2025-09-30T19:08:17.4529867Z [ 79%] Building CXX object src/ompl/CMakeFiles/ompl.dir/tools/multiplan/src/OptimizePlan.cpp.o
2025-09-30T19:08:17.9954242Z [ 79%] Building CXX object src/ompl/CMakeFiles/ompl.dir/tools/multiplan/src/ParallelPlan.cpp.o
2025-09-30T19:08:20.3526981Z [ 80%] Building CXX object src/ompl/CMakeFiles/ompl.dir/tools/thunder/src/SPARSdb.cpp.o
2025-09-30T19:08:21.5052500Z [ 80%] Building CXX object src/ompl/CMakeFiles/ompl.dir/tools/thunder/src/Thunder.cpp.o
2025-09-30T19:08:22.2998576Z [ 80%] Building CXX object src/ompl/CMakeFiles/ompl.dir/tools/thunder/src/ThunderDB.cpp.o
2025-09-30T19:08:22.6921150Z [ 81%] Building CXX object src/ompl/CMakeFiles/ompl.dir/util/src/Console.cpp.o
2025-09-30T19:08:23.2176046Z [ 81%] Building CXX object src/ompl/CMakeFiles/ompl.dir/util/src/GeometricEquations.cpp.o
2025-09-30T19:08:24.4398861Z [ 81%] Building CXX object src/ompl/CMakeFiles/ompl.dir/util/src/PPM.cpp.o
2025-09-30T19:08:24.9557165Z [ 82%] Building CXX object src/ompl/CMakeFiles/ompl.dir/util/src/ProlateHyperspheroid.cpp.o
2025-09-30T19:08:28.9557637Z [ 82%] Building CXX object src/ompl/CMakeFiles/ompl.dir/util/src/RandomNumbers.cpp.o
2025-09-30T19:08:29.5231378Z [ 82%] Building CXX object src/ompl/CMakeFiles/ompl.dir/util/src/String.cpp.o
2025-09-30T19:08:30.0796558Z [ 83%] Building CXX object src/ompl/CMakeFiles/ompl.dir/util/src/Time.cpp.o
2025-09-30T19:08:30.5664238Z [ 83%] Building CXX object src/ompl/CMakeFiles/ompl.dir/extensions/triangle/src/PropositionalTriangularDecomposition.cpp.o
2025-09-30T19:08:31.0649617Z [ 83%] Building CXX object src/ompl/CMakeFiles/ompl.dir/extensions/triangle/src/TriangularDecomposition.cpp.o
2025-09-30T19:08:32.8593415Z [ 84%] Linking CXX shared library libompl.so
2025-09-30T19:08:33.2893974Z [ 84%] Built target ompl
2025-09-30T19:08:33.3106403Z [ 84%] Building CXX object tests/CMakeFiles/test_heap.dir/datastructures/heap.cpp.o
2025-09-30T19:08:33.3128849Z [ 84%] Building CXX object tests/CMakeFiles/test_adjacency_list.dir/datastructures/adjacency_list.cpp.o
2025-09-30T19:08:33.3131608Z [ 84%] Building CXX object tests/CMakeFiles/test_grid.dir/datastructures/grid.cpp.o
2025-09-30T19:08:33.3139273Z [ 84%] Building CXX object tests/CMakeFiles/test_gridb.dir/datastructures/gridb.cpp.o
2025-09-30T19:08:35.3839530Z [ 85%] Linking CXX executable test_heap
2025-09-30T19:08:35.4724679Z [ 85%] Built target test_heap
2025-09-30T19:08:35.4981184Z [ 85%] Building CXX object tests/CMakeFiles/test_nearestneighbors.dir/datastructures/nearestneighbors.cpp.o
2025-09-30T19:08:37.0893223Z [ 86%] Linking CXX executable test_adjacency_list
2025-09-30T19:08:37.1900732Z [ 86%] Built target test_adjacency_list
2025-09-30T19:08:37.2116099Z [ 87%] Building CXX object tests/CMakeFiles/test_pdf.dir/datastructures/pdf.cpp.o
2025-09-30T19:08:38.5310162Z [ 87%] Linking CXX executable test_gridb
2025-09-30T19:08:38.5354694Z [ 88%] Linking CXX executable test_grid
2025-09-30T19:08:38.6178996Z [ 88%] Built target test_gridb
2025-09-30T19:08:38.6206915Z [ 88%] Built target test_grid
2025-09-30T19:08:38.6427929Z [ 88%] Building CXX object tests/CMakeFiles/test_random.dir/util/random/random.cpp.o
2025-09-30T19:08:38.6434533Z [ 89%] Building CXX object tests/CMakeFiles/test_halton_sampling.dir/base/halton_deterministic_sampling.cpp.o
2025-09-30T19:08:39.9358989Z [ 89%] Linking CXX executable test_pdf
2025-09-30T19:08:40.0430352Z [ 89%] Built target test_pdf
2025-09-30T19:08:40.0704210Z [ 90%] Building CXX object tests/CMakeFiles/test_state_operations.dir/base/state_operations.cpp.o
2025-09-30T19:08:41.8811147Z [ 90%] Linking CXX executable test_halton_sampling
2025-09-30T19:08:41.9839446Z [ 90%] Built target test_halton_sampling
2025-09-30T19:08:42.0124825Z [ 90%] Building CXX object tests/CMakeFiles/test_state_spaces.dir/base/state_spaces.cpp.o
2025-09-30T19:08:42.4608806Z [ 91%] Linking CXX executable test_random
2025-09-30T19:08:42.5778599Z [ 91%] Built target test_random
2025-09-30T19:08:42.6056893Z [ 91%] Building CXX object tests/CMakeFiles/test_state_storage.dir/base/state_storage.cpp.o
2025-09-30T19:08:43.8203692Z [ 91%] Linking CXX executable test_nearestneighbors
2025-09-30T19:08:43.9366991Z [ 91%] Built target test_nearestneighbors
2025-09-30T19:08:43.9604585Z [ 91%] Building CXX object tests/CMakeFiles/test_planner_data.dir/base/planner_data.cpp.o
2025-09-30T19:08:45.6391079Z In file included from /home/runner/work/ompl/ompl/external/vamp/src/impl/vamp/vector.hh:4,
2025-09-30T19:08:45.6393332Z                  from /home/runner/work/ompl/ompl/external/vamp/src/impl/vamp/collision/shapes.hh:6,
2025-09-30T19:08:45.6395823Z                  from /home/runner/work/ompl/ompl/external/vamp/src/impl/vamp/collision/environment.hh:8,
2025-09-30T19:08:45.6398600Z                  from /home/runner/work/ompl/ompl/src/ompl/base/spaces/VAMPStateSpace.h:47,
2025-09-30T19:08:45.6401255Z                  from /home/runner/work/ompl/ompl/tests/base/state_spaces.cpp:66:
2025-09-30T19:08:45.6454068Z /home/runner/work/ompl/ompl/external/vamp/src/impl/vamp/vector/interface.hh: In constructor ‘constexpr vamp::Vector<SimdT, num_rows, num_scalars_per_row>::Vector(const typename S::ScalarT*, bool)’:
2025-09-30T19:08:45.6457425Z /home/runner/work/ompl/ompl/external/vamp/src/impl/vamp/vector/interface.hh:839:28: warning: expected ‘template’ keyword before dependent template name [-Wmissing-template-keyword]
2025-09-30T19:08:45.6458926Z   839 |                 Interface::pack<false>(scalar_data);
2025-09-30T19:08:45.6459386Z       |                            ^~~~
2025-09-30T19:08:45.6459785Z       |                            template
2025-09-30T19:08:45.6460487Z In file included from /home/runner/work/ompl/ompl/external/vamp/src/impl/vamp/vector.hh:7:
2025-09-30T19:08:45.6461516Z /home/runner/work/ompl/ompl/external/vamp/src/impl/vamp/vector/avx.hh: At global scope:
2025-09-30T19:08:45.6463287Z /home/runner/work/ompl/ompl/external/vamp/src/impl/vamp/vector/avx.hh:15:30: warning: ignoring attributes on template argument ‘__m256i’ [-Wignored-attributes]
2025-09-30T19:08:45.6464487Z    15 |     struct SIMDVector<__m256i>
2025-09-30T19:08:45.6464890Z       |                              ^
2025-09-30T19:08:45.6466478Z /home/runner/work/ompl/ompl/external/vamp/src/impl/vamp/vector/avx.hh:231:29: warning: ignoring attributes on template argument ‘__m256’ [-Wignored-attributes]
2025-09-30T19:08:45.6467693Z   231 |     struct SIMDVector<__m256>
2025-09-30T19:08:45.6468112Z       |                             ^
2025-09-30T19:08:45.6469983Z /home/runner/work/ompl/ompl/external/vamp/src/impl/vamp/vector/avx.hh: In static member function ‘static constexpr vamp::SIMDVector<__vector(8) float>::VectorT vamp::SIMDVector<__vector(8) float>::sin(VectorT)’:
2025-09-30T19:08:45.6472475Z /home/runner/work/ompl/ompl/external/vamp/src/impl/vamp/vector/avx.hh:458:49: warning: ignoring attributes on template argument ‘__m256i’ [-Wignored-attributes]
2025-09-30T19:08:45.6473728Z   458 |             using IntVector = SIMDVector<__m256i>;
2025-09-30T19:08:45.6474202Z       |                                                 ^
2025-09-30T19:08:45.6499440Z /home/runner/work/ompl/ompl/external/vamp/src/impl/vamp/vector/avx.hh: In static member function ‘static constexpr vamp::SIMDVector<__vector(8) float>::VectorT vamp::SIMDVector<__vector(8) float>::log(VectorT)’:
2025-09-30T19:08:45.6501954Z /home/runner/work/ompl/ompl/external/vamp/src/impl/vamp/vector/avx.hh:555:49: warning: ignoring attributes on template argument ‘__m256i’ [-Wignored-attributes]
2025-09-30T19:08:45.6503256Z   555 |             using IntVector = SIMDVector<__m256i>;
2025-09-30T19:08:45.6503748Z       |                                                 ^
2025-09-30T19:08:45.6517629Z /home/runner/work/ompl/ompl/external/vamp/src/impl/vamp/vector.hh: At global scope:
2025-09-30T19:08:45.6519661Z /home/runner/work/ompl/ompl/external/vamp/src/impl/vamp/vector.hh:24:74: warning: ignoring attributes on template argument ‘vamp::SimdFloatT’ {aka ‘__m256’} [-Wignored-attributes]
2025-09-30T19:08:45.6521261Z    24 |     static constexpr std::size_t FloatVectorWidth = SIMDVector<SimdFloatT>::VectorWidth;
2025-09-30T19:08:45.6521963Z       |                                                                          ^
2025-09-30T19:08:45.6523615Z /home/runner/work/ompl/ompl/external/vamp/src/impl/vamp/vector.hh:28:53: warning: ignoring attributes on template argument ‘vamp::SimdFloatT’ {aka ‘__m256’} [-Wignored-attributes]
2025-09-30T19:08:45.6525057Z    28 |     using FloatVector = Vector<SIMDVector<SimdFloatT>, num_rows, scalars_per_row>;
2025-09-30T19:08:45.6525882Z       |                                                     ^
2025-09-30T19:08:45.6527449Z /home/runner/work/ompl/ompl/external/vamp/src/impl/vamp/vector.hh:31:49: warning: ignoring attributes on template argument ‘vamp::SimdIntT’ {aka ‘__m256i’} [-Wignored-attributes]
2025-09-30T19:08:45.6529118Z    31 |     using IntVector = Vector<SIMDVector<SimdIntT>, num_rows, scalars_per_row>;
2025-09-30T19:08:45.6529779Z       |                                                 ^
2025-09-30T19:08:45.6701576Z In file included from /home/runner/work/ompl/ompl/external/vamp/src/impl/vamp/collision/environment.hh:9:
2025-09-30T19:08:45.6704792Z /home/runner/work/ompl/ompl/external/vamp/src/impl/vamp/collision/capt.hh:94:12: warning: ‘vamp::collision::CAPT’ has a field ‘std::vector<float, vamp::collision::{anonymous}::AlignedAllocator<float> > vamp::collision::CAPT::tests’ whose type has internal linkage [-Wsubobject-linkage]
2025-09-30T19:08:45.6707040Z    94 |     struct CAPT
2025-09-30T19:08:45.6707375Z       |            ^~~~
2025-09-30T19:08:45.6729422Z /home/runner/work/ompl/ompl/external/vamp/src/impl/vamp/collision/capt.hh:94:12: warning: ‘vamp::collision::CAPT’ has a field ‘std::vector<unsigned int, vamp::collision::{anonymous}::AlignedAllocator<unsigned int> > vamp::collision::CAPT::aff_starts’ whose type has internal linkage [-Wsubobject-linkage]
2025-09-30T19:08:45.6746037Z /home/runner/work/ompl/ompl/external/vamp/src/impl/vamp/vector/interface.hh: In instantiation of ‘struct vamp::VectorSignature<vamp::SIMDVector<__vector(8) float>, 1, 8>’:
2025-09-30T19:08:45.6748982Z /home/runner/work/ompl/ompl/external/vamp/src/impl/vamp/vector/interface.hh:55:15:   required from ‘struct vamp::VectorInterface<vamp::Vector<vamp::SIMDVector<__vector(8) float>, 1, 8>, vamp::VectorSignature<vamp::SIMDVector<__vector(8) float>, 1, 8> >’
2025-09-30T19:08:45.6751802Z /home/runner/work/ompl/ompl/external/vamp/src/impl/vamp/vector/interface.hh:808:12:   required from ‘struct vamp::Vector<vamp::SIMDVector<__vector(8) float>, 1, 8>’
2025-09-30T19:08:45.6753483Z /home/runner/work/ompl/ompl/external/vamp/src/impl/vamp/collision/capt.hh:175:47:   required from here
2025-09-30T19:08:45.6756066Z /home/runner/work/ompl/ompl/external/vamp/src/impl/vamp/vector/interface.hh:48:15: warning: ignoring attributes on template argument ‘vamp::SIMDVector<__vector(8) float>::VectorT’ {aka ‘__m256’} [-Wignored-attributes]
2025-09-30T19:08:45.6757763Z    48 |         using DataT = std::array<typename S::VectorT, num_vectors>;
2025-09-30T19:08:45.6758294Z       |               ^~~~~
2025-09-30T19:08:45.6895853Z /home/runner/work/ompl/ompl/external/vamp/src/impl/vamp/collision/capt.hh: In member function ‘bool vamp::collision::CAPT::collides_simd(const std::array<vamp::Vector<vamp::SIMDVector<__vector(8) float>, 1, 8>, 3>&, FVectorT) const’:
2025-09-30T19:08:45.6898410Z /home/runner/work/ompl/ompl/external/vamp/src/impl/vamp/collision/capt.hh:461:36: warning: suggest parentheses around comparison in operand of ‘&’ [-Wparentheses]
2025-09-30T19:08:45.6899880Z   461 |                 centers[0] + radii >= aabb_top.lower[0] & (centers[0] - radii <= aabb_top.upper[0]);
2025-09-30T19:08:45.6911702Z /home/runner/work/ompl/ompl/external/vamp/src/impl/vamp/vector/interface.hh: In instantiation of ‘struct vamp::VectorSignature<vamp::SIMDVector<__vector(4) long long int>, 1, 8>’:
2025-09-30T19:08:45.6914691Z /home/runner/work/ompl/ompl/external/vamp/src/impl/vamp/vector/interface.hh:55:15:   required from ‘struct vamp::VectorInterface<vamp::Vector<vamp::SIMDVector<__vector(4) long long int>, 1, 8>, vamp::VectorSignature<vamp::SIMDVector<__vector(4) long long int>, 1, 8> >’
2025-09-30T19:08:45.6917608Z /home/runner/work/ompl/ompl/external/vamp/src/impl/vamp/vector/interface.hh:808:12:   required from ‘struct vamp::Vector<vamp::SIMDVector<__vector(4) long long int>, 1, 8>’
2025-09-30T19:08:45.6919642Z /home/runner/work/ompl/ompl/external/vamp/src/impl/vamp/collision/capt.hh:476:67:   required from here
2025-09-30T19:08:45.6922512Z /home/runner/work/ompl/ompl/external/vamp/src/impl/vamp/vector/interface.hh:48:15: warning: ignoring attributes on template argument ‘vamp::SIMDVector<__vector(4) long long int>::VectorT’ {aka ‘__m256i’} [-Wignored-attributes]
2025-09-30T19:08:45.6936295Z    48 |         using DataT = std::array<typename S::VectorT, num_vectors>;
2025-09-30T19:08:45.6937315Z       |               ^~~~~
2025-09-30T19:08:45.7018620Z /home/runner/work/ompl/ompl/external/vamp/src/impl/vamp/vector/avx.hh: In instantiation of ‘static constexpr OtherVectorT vamp::SIMDVector<__vector(8) float>::as(VectorT) [with OtherVectorT = __vector(4) long long int; VectorT = __m256]’:
2025-09-30T19:08:45.7023679Z /home/runner/work/ompl/ompl/external/vamp/src/impl/vamp/vector/interface.hh:655:77:   required from ‘constexpr OtherT vamp::VectorInterface<DerivedT, Sig>::as() const [with OtherT = vamp::Vector<vamp::SIMDVector<__vector(4) long long int>, 1, 8>; typename std::enable_if<(! is_same_v<OtherT, DerivedT>), bool>::type <anonymous> = true; DerivedT = vamp::Vector<vamp::SIMDVector<__vector(8) float>, 1, 8>; Sig = vamp::VectorSignature<vamp::SIMDVector<__vector(8) float>, 1, 8>]’
2025-09-30T19:08:45.7027086Z /home/runner/work/ompl/ompl/external/vamp/src/impl/vamp/collision/capt.hh:518:61:   required from here
2025-09-30T19:08:45.7029045Z /home/runner/work/ompl/ompl/external/vamp/src/impl/vamp/vector/avx.hh:658:32: warning: ignoring attributes on template argument ‘__m256i’ [-Wignored-attributes]
2025-09-30T19:08:45.7030390Z   658 |             if constexpr (std::is_same_v<OtherVectorT, __m256i>)
2025-09-30T19:08:45.7030947Z       |                           ~~~~~^~~~~~~~~~~~~~~~~~~~~~~~~~~~~~~~
2025-09-30T19:08:45.7979173Z In file included from /home/runner/work/ompl/ompl/src/ompl/base/spaces/VAMPStateSpace.h:50:
2025-09-30T19:08:45.7980324Z /home/runner/work/ompl/ompl/external/vamp/src/impl/vamp/robots/panda.hh: At global scope:
2025-09-30T19:08:45.7982283Z /home/runner/work/ompl/ompl/external/vamp/src/impl/vamp/robots/panda.hh:13:39: warning: ISO C++ forbids converting a string constant to ‘char*’ [-Wwrite-strings]
2025-09-30T19:08:45.7983519Z    13 |         static constexpr char *name = "panda";
2025-09-30T19:08:45.7983983Z       |                                       ^~~~~~~
2025-09-30T19:08:45.8003966Z /home/runner/work/ompl/ompl/external/vamp/src/impl/vamp/robots/panda.hh:28:47: warning: ISO C++ forbids converting a string constant to ‘char*’ [-Wwrite-strings]
2025-09-30T19:08:45.8016336Z    28 |         static constexpr char *end_effector = "panda_grasptarget";
2025-09-30T19:08:45.8017247Z       |                                               ^~~~~~~~~~~~~~~~~~~
2025-09-30T19:08:45.8019218Z /home/runner/work/ompl/ompl/external/vamp/src/impl/vamp/vector/interface.hh: In instantiation of ‘struct vamp::VectorSignature<vamp::SIMDVector<__vector(8) float>, 1, 7>’:
2025-09-30T19:08:45.8022031Z /home/runner/work/ompl/ompl/external/vamp/src/impl/vamp/vector/interface.hh:55:15:   required from ‘struct vamp::VectorInterface<vamp::Vector<vamp::SIMDVector<__vector(8) float>, 1, 7>, vamp::VectorSignature<vamp::SIMDVector<__vector(8) float>, 1, 7> >’
2025-09-30T19:08:45.8024713Z /home/runner/work/ompl/ompl/external/vamp/src/impl/vamp/vector/interface.hh:808:12:   required from ‘struct vamp::Vector<vamp::SIMDVector<__vector(8) float>, 1, 7>’
2025-09-30T19:08:45.8026469Z /home/runner/work/ompl/ompl/external/vamp/src/impl/vamp/robots/panda.hh:34:44:   required from here
2025-09-30T19:08:45.8028752Z /home/runner/work/ompl/ompl/external/vamp/src/impl/vamp/vector/interface.hh:48:15: warning: ignoring attributes on template argument ‘vamp::SIMDVector<__vector(8) float>::VectorT’ {aka ‘__m256’} [-Wignored-attributes]
2025-09-30T19:08:45.8030357Z    48 |         using DataT = std::array<typename S::VectorT, num_vectors>;
2025-09-30T19:08:45.8030863Z       |               ^~~~~
2025-09-30T19:08:45.9199851Z In file included from /home/runner/work/ompl/ompl/src/ompl/base/spaces/VAMPStateSpace.h:51:
2025-09-30T19:08:45.9206014Z /home/runner/work/ompl/ompl/external/vamp/src/impl/vamp/robots/ur5.hh:13:39: warning: ISO C++ forbids converting a string constant to ‘char*’ [-Wwrite-strings]
2025-09-30T19:08:45.9209008Z    13 |         static constexpr char *name = "ur5";
2025-09-30T19:08:45.9210455Z       |                                       ^~~~~
2025-09-30T19:08:45.9214005Z /home/runner/work/ompl/ompl/external/vamp/src/impl/vamp/robots/ur5.hh:27:47: warning: ISO C++ forbids converting a string constant to ‘char*’ [-Wwrite-strings]
2025-09-30T19:08:45.9216024Z    27 |         static constexpr char *end_effector = "robotiq_85_base_link";
2025-09-30T19:08:45.9216994Z       |                                               ^~~~~~~~~~~~~~~~~~~~~~
2025-09-30T19:08:45.9219581Z /home/runner/work/ompl/ompl/external/vamp/src/impl/vamp/vector/interface.hh: In instantiation of ‘struct vamp::VectorSignature<vamp::SIMDVector<__vector(8) float>, 1, 6>’:
2025-09-30T19:08:45.9222667Z /home/runner/work/ompl/ompl/external/vamp/src/impl/vamp/vector/interface.hh:55:15:   required from ‘struct vamp::VectorInterface<vamp::Vector<vamp::SIMDVector<__vector(8) float>, 1, 6>, vamp::VectorSignature<vamp::SIMDVector<__vector(8) float>, 1, 6> >’
2025-09-30T19:08:45.9225917Z /home/runner/work/ompl/ompl/external/vamp/src/impl/vamp/vector/interface.hh:808:12:   required from ‘struct vamp::Vector<vamp::SIMDVector<__vector(8) float>, 1, 6>’
2025-09-30T19:08:45.9227542Z /home/runner/work/ompl/ompl/external/vamp/src/impl/vamp/robots/ur5.hh:33:44:   required from here
2025-09-30T19:08:45.9229912Z /home/runner/work/ompl/ompl/external/vamp/src/impl/vamp/vector/interface.hh:48:15: warning: ignoring attributes on template argument ‘vamp::SIMDVector<__vector(8) float>::VectorT’ {aka ‘__m256’} [-Wignored-attributes]
2025-09-30T19:08:45.9231598Z    48 |         using DataT = std::array<typename S::VectorT, num_vectors>;
2025-09-30T19:08:45.9232141Z       |               ^~~~~
2025-09-30T19:08:45.9849882Z In file included from /home/runner/work/ompl/ompl/src/ompl/base/spaces/VAMPStateSpace.h:52:
2025-09-30T19:08:45.9853184Z /home/runner/work/ompl/ompl/external/vamp/src/impl/vamp/robots/fetch.hh:13:39: warning: ISO C++ forbids converting a string constant to ‘char*’ [-Wwrite-strings]
2025-09-30T19:08:45.9855929Z    13 |         static constexpr char *name = "fetch";
2025-09-30T19:08:45.9857722Z       |                                       ^~~~~~~
2025-09-30T19:08:45.9861341Z /home/runner/work/ompl/ompl/external/vamp/src/impl/vamp/robots/fetch.hh:29:47: warning: ISO C++ forbids converting a string constant to ‘char*’ [-Wwrite-strings]
2025-09-30T19:08:45.9889523Z    29 |         static constexpr char *end_effector = "gripper_link";
2025-09-30T19:08:45.9890339Z       |                                               ^~~~~~~~~~~~~~
2025-09-30T19:08:46.0490289Z [ 91%] Linking CXX executable test_state_operations
2025-09-30T19:08:46.1502469Z [ 91%] Built target test_state_operations
2025-09-30T19:08:46.1799381Z [ 92%] Building CXX object tests/CMakeFiles/test_ptc.dir/base/ptc.cpp.o
2025-09-30T19:08:46.2516709Z In file included from /home/runner/work/ompl/ompl/src/ompl/base/spaces/VAMPStateSpace.h:53:
2025-09-30T19:08:46.2519423Z /home/runner/work/ompl/ompl/external/vamp/src/impl/vamp/robots/baxter.hh:13:39: warning: ISO C++ forbids converting a string constant to ‘char*’ [-Wwrite-strings]
2025-09-30T19:08:46.2520800Z    13 |         static constexpr char *name = "baxter";
2025-09-30T19:08:46.2521333Z       |                                       ^~~~~~~~
2025-09-30T19:08:46.2522784Z /home/runner/work/ompl/ompl/external/vamp/src/impl/vamp/robots/baxter.hh:35:47: warning: ISO C++ forbids converting a string constant to ‘char*’ [-Wwrite-strings]
2025-09-30T19:08:46.2524076Z    35 |         static constexpr char *end_effector = "right_gripper";
2025-09-30T19:08:46.2524690Z       |                                               ^~~~~~~~~~~~~~~
2025-09-30T19:08:46.2526521Z /home/runner/work/ompl/ompl/external/vamp/src/impl/vamp/vector/interface.hh: In instantiation of ‘struct vamp::VectorSignature<vamp::SIMDVector<__vector(8) float>, 1, 14>’:
2025-09-30T19:08:46.2529254Z /home/runner/work/ompl/ompl/external/vamp/src/impl/vamp/vector/interface.hh:55:15:   required from ‘struct vamp::VectorInterface<vamp::Vector<vamp::SIMDVector<__vector(8) float>, 1, 14>, vamp::VectorSignature<vamp::SIMDVector<__vector(8) float>, 1, 14> >’
2025-09-30T19:08:46.2532501Z /home/runner/work/ompl/ompl/external/vamp/src/impl/vamp/vector/interface.hh:808:12:   required from ‘struct vamp::Vector<vamp::SIMDVector<__vector(8) float>, 1, 14>’
2025-09-30T19:08:46.2534094Z /home/runner/work/ompl/ompl/external/vamp/src/impl/vamp/robots/baxter.hh:41:44:   required from here
2025-09-30T19:08:46.2537070Z /home/runner/work/ompl/ompl/external/vamp/src/impl/vamp/vector/interface.hh:48:15: warning: ignoring attributes on template argument ‘vamp::SIMDVector<__vector(8) float>::VectorT’ {aka ‘__m256’} [-Wignored-attributes]
2025-09-30T19:08:46.2540047Z    48 |         using DataT = std::array<typename S::VectorT, num_vectors>;
2025-09-30T19:08:46.2540610Z       |               ^~~~~
2025-09-30T19:08:47.5412050Z [ 93%] Linking CXX executable test_state_storage
2025-09-30T19:08:47.6511462Z [ 93%] Built target test_state_storage
2025-09-30T19:08:47.6807238Z [ 93%] Building CXX object tests/CMakeFiles/test_2dmap_geometric_simple.dir/geometric/2d/2dmap_simple.cpp.o
2025-09-30T19:08:48.1889196Z /home/runner/work/ompl/ompl/external/vamp/src/impl/vamp/vector/interface.hh: In instantiation of ‘struct vamp::VectorSignature<vamp::SIMDVector<__vector(8) float>, 7, 8>’:
2025-09-30T19:08:48.1892325Z /home/runner/work/ompl/ompl/external/vamp/src/impl/vamp/vector/interface.hh:55:15:   required from ‘struct vamp::VectorInterface<vamp::Vector<vamp::SIMDVector<__vector(8) float>, 7, 8>, vamp::VectorSignature<vamp::SIMDVector<__vector(8) float>, 7, 8> >’
2025-09-30T19:08:48.1895100Z /home/runner/work/ompl/ompl/external/vamp/src/impl/vamp/vector/interface.hh:808:12:   required from ‘struct vamp::Vector<vamp::SIMDVector<__vector(8) float>, 7, 8>’
2025-09-30T19:08:48.1899879Z /home/runner/work/ompl/ompl/external/vamp/src/impl/vamp/planning/validate.hh:33:59:   required from ‘constexpr bool vamp::planning::validate_vector(const typename Robot::Configuration&, const typename Robot::Configuration&, float, const vamp::collision::Environment<vamp::Vector<vamp::SIMDVector<__vector(8) float>, 1, rake> >&) [with Robot = vamp::robots::Panda; long unsigned int rake = 8; long unsigned int resolution = 32; typename Robot::Configuration = vamp::Vector<vamp::SIMDVector<__vector(8) float>, 1, 7>]’
2025-09-30T19:08:48.1906152Z /home/runner/work/ompl/ompl/external/vamp/src/impl/vamp/planning/validate.hh:74:56:   required from ‘constexpr bool vamp::planning::validate_motion(const typename Robot::Configuration&, const typename Robot::Configuration&, const vamp::collision::Environment<vamp::Vector<vamp::SIMDVector<__vector(8) float>, 1, rake> >&) [with Robot = vamp::robots::Panda; long unsigned int rake = 8; long unsigned int resolution = 32; typename Robot::Configuration = vamp::Vector<vamp::SIMDVector<__vector(8) float>, 1, 7>]’
2025-09-30T19:08:48.1910904Z /home/runner/work/ompl/ompl/src/ompl/base/spaces/VAMPStateSpace.h:170:89:   required from ‘bool ompl::geometric::VAMPStateSpace<Robot>::MotionValidator::checkMotion(const ompl::base::State*, const ompl::base::State*) const [with Robot = vamp::robots::Panda]’
2025-09-30T19:08:48.1913038Z /home/runner/work/ompl/ompl/src/ompl/base/spaces/VAMPStateSpace.h:167:14:   required from here
2025-09-30T19:08:48.1915369Z /home/runner/work/ompl/ompl/external/vamp/src/impl/vamp/vector/interface.hh:48:15: warning: ignoring attributes on template argument ‘vamp::SIMDVector<__vector(8) float>::VectorT’ {aka ‘__m256’} [-Wignored-attributes]
2025-09-30T19:08:49.1557760Z /home/runner/work/ompl/ompl/external/vamp/src/impl/vamp/vector/interface.hh: In instantiation of ‘constexpr vamp::Vector<SimdT, num_rows, num_scalars_per_row>::RowT& vamp::Vector<SimdT, num_rows, num_scalars_per_row>::row(std::size_t) [with SimdT = vamp::SIMDVector<__vector(8) float>; long unsigned int num_rows = 7; long unsigned int num_scalars_per_row = 8; RowT = vamp::Vector<vamp::SIMDVector<__vector(8) float>, 1, 8>; std::size_t = long unsigned int]’:
2025-09-30T19:08:49.1563432Z /home/runner/work/ompl/ompl/external/vamp/src/impl/vamp/vector/interface.hh:959:23:   required from ‘constexpr vamp::Vector<SimdT, num_rows, num_scalars_per_row>::RowT& vamp::Vector<SimdT, num_rows, num_scalars_per_row>::operator[](std::size_t) [with SimdT = vamp::SIMDVector<__vector(8) float>; long unsigned int num_rows = 7; long unsigned int num_scalars_per_row = 8; RowT = vamp::Vector<vamp::SIMDVector<__vector(8) float>, 1, 8>; std::size_t = long unsigned int]’
2025-09-30T19:08:49.1570355Z /home/runner/work/ompl/ompl/external/vamp/src/impl/vamp/planning/validate.hh:38:18:   required from ‘constexpr bool vamp::planning::validate_vector(const typename Robot::Configuration&, const typename Robot::Configuration&, float, const vamp::collision::Environment<vamp::Vector<vamp::SIMDVector<__vector(8) float>, 1, rake> >&) [with Robot = vamp::robots::Panda; long unsigned int rake = 8; long unsigned int resolution = 32; typename Robot::Configuration = vamp::Vector<vamp::SIMDVector<__vector(8) float>, 1, 7>]’
2025-09-30T19:08:49.1576802Z /home/runner/work/ompl/ompl/external/vamp/src/impl/vamp/planning/validate.hh:74:56:   required from ‘constexpr bool vamp::planning::validate_motion(const typename Robot::Configuration&, const typename Robot::Configuration&, const vamp::collision::Environment<vamp::Vector<vamp::SIMDVector<__vector(8) float>, 1, rake> >&) [with Robot = vamp::robots::Panda; long unsigned int rake = 8; long unsigned int resolution = 32; typename Robot::Configuration = vamp::Vector<vamp::SIMDVector<__vector(8) float>, 1, 7>]’
2025-09-30T19:08:49.1581470Z /home/runner/work/ompl/ompl/src/ompl/base/spaces/VAMPStateSpace.h:170:89:   required from ‘bool ompl::geometric::VAMPStateSpace<Robot>::MotionValidator::checkMotion(const ompl::base::State*, const ompl::base::State*) const [with Robot = vamp::robots::Panda]’
2025-09-30T19:08:49.1583521Z /home/runner/work/ompl/ompl/src/ompl/base/spaces/VAMPStateSpace.h:167:14:   required from here
2025-09-30T19:08:49.1616145Z /home/runner/work/ompl/ompl/external/vamp/src/impl/vamp/vector/interface.hh:942:17: warning: ignoring attributes on template argument ‘vamp::SIMDVector<__vector(8) float>::VectorT’ {aka ‘__m256’} [-Wignored-attributes]
2025-09-30T19:08:49.1618312Z   942 |                 reinterpret_cast<std::array<typename S::VectorT, num_vectors_per_row> *>(data.data() + idx));
2025-09-30T19:08:49.1619252Z       |                 ^~~~~~~~~~~~~~~~~~~~~~~~~~~~~~~~~~~~~~~~~~~~~~~~~~~~~~~~~~~~~~~~~~~~~~~~~~~~~~~~~~~~~~~~~~~
2025-09-30T19:08:49.2226807Z /home/runner/work/ompl/ompl/external/vamp/src/impl/vamp/vector/interface.hh: In instantiation of ‘constexpr vamp::Vector<SimdT, num_rows, num_scalars_per_row>::RowT vamp::Vector<SimdT, num_rows, num_scalars_per_row>::row(std::size_t) const [with SimdT = vamp::SIMDVector<__vector(8) float>; long unsigned int num_rows = 7; long unsigned int num_scalars_per_row = 8; RowT = vamp::Vector<vamp::SIMDVector<__vector(8) float>, 1, 8>; std::size_t = long unsigned int]’:
2025-09-30T19:08:49.2232648Z /home/runner/work/ompl/ompl/external/vamp/src/impl/vamp/vector/interface.hh:947:23:   required from ‘constexpr vamp::Vector<SimdT, num_rows, num_scalars_per_row>::RowT vamp::Vector<SimdT, num_rows, num_scalars_per_row>::operator[](std::size_t) const [with SimdT = vamp::SIMDVector<__vector(8) float>; long unsigned int num_rows = 7; long unsigned int num_scalars_per_row = 8; RowT = vamp::Vector<vamp::SIMDVector<__vector(8) float>, 1, 8>; std::size_t = long unsigned int]’
2025-09-30T19:08:49.2238055Z /home/runner/work/ompl/ompl/external/vamp/src/impl/vamp/robots/panda.hh:10272:25:   required from ‘static bool vamp::robots::Panda::fkcc_attach(const vamp::collision::Environment<vamp::Vector<vamp::SIMDVector<__vector(8) float>, 1, rake> >&, ConfigurationBlock<rake>&) [with long unsigned int rake = 8; ConfigurationBlock<rake> = vamp::Vector<vamp::SIMDVector<__vector(8) float>, 7, 8>]’
2025-09-30T19:08:49.2271342Z /home/runner/work/ompl/ompl/external/vamp/src/impl/vamp/planning/validate.hh:43:83:   required from ‘constexpr bool vamp::planning::validate_vector(const typename Robot::Configuration&, const typename Robot::Configuration&, float, const vamp::collision::Environment<vamp::Vector<vamp::SIMDVector<__vector(8) float>, 1, rake> >&) [with Robot = vamp::robots::Panda; long unsigned int rake = 8; long unsigned int resolution = 32; typename Robot::Configuration = vamp::Vector<vamp::SIMDVector<__vector(8) float>, 1, 7>]’
2025-09-30T19:08:49.2278704Z /home/runner/work/ompl/ompl/external/vamp/src/impl/vamp/planning/validate.hh:74:56:   required from ‘constexpr bool vamp::planning::validate_motion(const typename Robot::Configuration&, const typename Robot::Configuration&, const vamp::collision::Environment<vamp::Vector<vamp::SIMDVector<__vector(8) float>, 1, rake> >&) [with Robot = vamp::robots::Panda; long unsigned int rake = 8; long unsigned int resolution = 32; typename Robot::Configuration = vamp::Vector<vamp::SIMDVector<__vector(8) float>, 1, 7>]’
2025-09-30T19:08:49.2283672Z /home/runner/work/ompl/ompl/src/ompl/base/spaces/VAMPStateSpace.h:170:89:   required from ‘bool ompl::geometric::VAMPStateSpace<Robot>::MotionValidator::checkMotion(const ompl::base::State*, const ompl::base::State*) const [with Robot = vamp::robots::Panda]’
2025-09-30T19:08:49.2286145Z /home/runner/work/ompl/ompl/src/ompl/base/spaces/VAMPStateSpace.h:167:14:   required from here
2025-09-30T19:08:49.2288716Z /home/runner/work/ompl/ompl/external/vamp/src/impl/vamp/vector/interface.hh:935:26: warning: ignoring attributes on template argument ‘vamp::SIMDVector<__vector(8) float>::VectorT’ {aka ‘__m256’} [-Wignored-attributes]
2025-09-30T19:08:49.2290800Z   935 |             return RowT(*reinterpret_cast<const std::array<typename S::VectorT, num_vectors_per_row> *>(
2025-09-30T19:08:49.2291988Z       |                          ^~~~~~~~~~~~~~~~~~~~~~~~~~~~~~~~~~~~~~~~~~~~~~~~~~~~~~~~~~~~~~~~~~~~~~~~~~~~~~~
2025-09-30T19:08:49.2292640Z   936 |                 data.data() + idx));
2025-09-30T19:08:49.2293215Z       |                 ~~~~~~~~~~~~~~~~~~
2025-09-30T19:08:49.2338268Z /home/runner/work/ompl/ompl/external/vamp/src/impl/vamp/vector/avx.hh: In instantiation of ‘static constexpr vamp::SIMDVector<__vector(8) float>::VectorT vamp::SIMDVector<__vector(8) float>::sin(VectorT) [with unsigned int <anonymous> = 0; VectorT = __m256]’:
2025-09-30T19:08:49.2342778Z /home/runner/work/ompl/ompl/external/vamp/src/impl/vamp/vector/interface.hh:444:47:   required from ‘constexpr vamp::VectorInterface<DerivedT, Sig>::D vamp::VectorInterface<DerivedT, Sig>::sin() const [with ScalarT = float; <template-parameter-2-2> = bool; DerivedT = vamp::Vector<vamp::SIMDVector<__vector(8) float>, 1, 8>; Sig = vamp::VectorSignature<vamp::SIMDVector<__vector(8) float>, 1, 8>; D = vamp::Vector<vamp::SIMDVector<__vector(8) float>, 1, 8>]’
2025-09-30T19:08:49.2346989Z /home/runner/work/ompl/ompl/external/vamp/src/impl/vamp/vector/math.hh:16:21:   required from ‘constexpr DataT sin(const DataT&) [with DataT = vamp::Vector<vamp::SIMDVector<__vector(8) float>, 1, 8>]’
2025-09-30T19:08:49.2350506Z /home/runner/work/ompl/ompl/external/vamp/src/impl/vamp/robots/panda.hh:10272:23:   required from ‘static bool vamp::robots::Panda::fkcc_attach(const vamp::collision::Environment<vamp::Vector<vamp::SIMDVector<__vector(8) float>, 1, rake> >&, ConfigurationBlock<rake>&) [with long unsigned int rake = 8; ConfigurationBlock<rake> = vamp::Vector<vamp::SIMDVector<__vector(8) float>, 7, 8>]’
2025-09-30T19:08:49.2356482Z /home/runner/work/ompl/ompl/external/vamp/src/impl/vamp/planning/validate.hh:43:83:   required from ‘constexpr bool vamp::planning::validate_vector(const typename Robot::Configuration&, const typename Robot::Configuration&, float, const vamp::collision::Environment<vamp::Vector<vamp::SIMDVector<__vector(8) float>, 1, rake> >&) [with Robot = vamp::robots::Panda; long unsigned int rake = 8; long unsigned int resolution = 32; typename Robot::Configuration = vamp::Vector<vamp::SIMDVector<__vector(8) float>, 1, 7>]’
2025-09-30T19:08:49.2362455Z /home/runner/work/ompl/ompl/external/vamp/src/impl/vamp/planning/validate.hh:74:56:   required from ‘constexpr bool vamp::planning::validate_motion(const typename Robot::Configuration&, const typename Robot::Configuration&, const vamp::collision::Environment<vamp::Vector<vamp::SIMDVector<__vector(8) float>, 1, rake> >&) [with Robot = vamp::robots::Panda; long unsigned int rake = 8; long unsigned int resolution = 32; typename Robot::Configuration = vamp::Vector<vamp::SIMDVector<__vector(8) float>, 1, 7>]’
2025-09-30T19:08:49.2397924Z /home/runner/work/ompl/ompl/src/ompl/base/spaces/VAMPStateSpace.h:170:89:   required from ‘bool ompl::geometric::VAMPStateSpace<Robot>::MotionValidator::checkMotion(const ompl::base::State*, const ompl::base::State*) const [with Robot = vamp::robots::Panda]’
2025-09-30T19:08:49.2399893Z /home/runner/work/ompl/ompl/src/ompl/base/spaces/VAMPStateSpace.h:167:14:   required from here
2025-09-30T19:08:49.2401419Z /home/runner/work/ompl/ompl/external/vamp/src/impl/vamp/vector/avx.hh:460:24: warning: unused variable ‘ps_inv_sign_mask’ [-Wunused-variable]
2025-09-30T19:08:49.2402521Z   460 |             const auto ps_inv_sign_mask = constant_int(~0x80000000);
2025-09-30T19:08:49.2402999Z       |                        ^~~~~~~~~~~~~~~~
2025-09-30T19:08:49.2404861Z /home/runner/work/ompl/ompl/external/vamp/src/impl/vamp/vector/avx.hh: In instantiation of ‘static constexpr OtherVectorT vamp::SIMDVector<__vector(8) float>::to(VectorT) [with OtherVectorT = __vector(4) long long int; VectorT = __m256]’:
2025-09-30T19:08:49.2409137Z /home/runner/work/ompl/ompl/external/vamp/src/impl/vamp/vector/interface.hh:637:77:   required from ‘constexpr OtherT vamp::VectorInterface<DerivedT, Sig>::to() const [with OtherT = vamp::Vector<vamp::SIMDVector<__vector(4) long long int>, 1, 8>; typename std::enable_if<(! is_same_v<OtherT, DerivedT>), bool>::type <anonymous> = true; DerivedT = vamp::Vector<vamp::SIMDVector<__vector(8) float>, 1, 8>; Sig = vamp::VectorSignature<vamp::SIMDVector<__vector(8) float>, 1, 8>]’
2025-09-30T19:08:49.2413478Z /home/runner/work/ompl/ompl/external/vamp/src/impl/vamp/collision/sphere_heightfield.hh:24:51:   required from ‘constexpr DataT vamp::collision::sphere_heightfield(const HeightField<DataT>&, const DataT&, const DataT&, const DataT&, const DataT&) [with DataT = vamp::Vector<vamp::SIMDVector<__vector(8) float>, 1, 8>]’
2025-09-30T19:08:49.2418250Z /home/runner/work/ompl/ompl/external/vamp/src/impl/vamp/collision/validity.hh:134:50:   required from ‘constexpr bool vamp::sphere_environment_in_collision(const collision::Environment<DataT>&, ArgT1, ArgT2, ArgT3, ArgT4) [with DataT = Vector<SIMDVector<__vector(8) float>, 1, 8>; ArgT1 = Vector<SIMDVector<__vector(8) float>, 1, 8>; ArgT2 = Vector<SIMDVector<__vector(8) float>, 1, 8>; ArgT3 = Vector<SIMDVector<__vector(8) float>, 1, 8>; ArgT4 = Vector<SIMDVector<__vector(8) float>, 1, 8>]’
2025-09-30T19:08:49.2423045Z /home/runner/work/ompl/ompl/external/vamp/src/impl/vamp/robots/panda.hh:10681:48:   required from ‘static bool vamp::robots::Panda::fkcc_attach(const vamp::collision::Environment<vamp::Vector<vamp::SIMDVector<__vector(8) float>, 1, rake> >&, ConfigurationBlock<rake>&) [with long unsigned int rake = 8; ConfigurationBlock<rake> = vamp::Vector<vamp::SIMDVector<__vector(8) float>, 7, 8>]’
2025-09-30T19:08:49.2458807Z /home/runner/work/ompl/ompl/external/vamp/src/impl/vamp/planning/validate.hh:43:83:   required from ‘constexpr bool vamp::planning::validate_vector(const typename Robot::Configuration&, const typename Robot::Configuration&, float, const vamp::collision::Environment<vamp::Vector<vamp::SIMDVector<__vector(8) float>, 1, rake> >&) [with Robot = vamp::robots::Panda; long unsigned int rake = 8; long unsigned int resolution = 32; typename Robot::Configuration = vamp::Vector<vamp::SIMDVector<__vector(8) float>, 1, 7>]’
2025-09-30T19:08:49.2465142Z /home/runner/work/ompl/ompl/external/vamp/src/impl/vamp/planning/validate.hh:74:56:   required from ‘constexpr bool vamp::planning::validate_motion(const typename Robot::Configuration&, const typename Robot::Configuration&, const vamp::collision::Environment<vamp::Vector<vamp::SIMDVector<__vector(8) float>, 1, rake> >&) [with Robot = vamp::robots::Panda; long unsigned int rake = 8; long unsigned int resolution = 32; typename Robot::Configuration = vamp::Vector<vamp::SIMDVector<__vector(8) float>, 1, 7>]’
2025-09-30T19:08:49.2470326Z /home/runner/work/ompl/ompl/src/ompl/base/spaces/VAMPStateSpace.h:170:89:   required from ‘bool ompl::geometric::VAMPStateSpace<Robot>::MotionValidator::checkMotion(const ompl::base::State*, const ompl::base::State*) const [with Robot = vamp::robots::Panda]’
2025-09-30T19:08:49.2472631Z /home/runner/work/ompl/ompl/src/ompl/base/spaces/VAMPStateSpace.h:167:14:   required from here
2025-09-30T19:08:49.2474386Z /home/runner/work/ompl/ompl/external/vamp/src/impl/vamp/vector/avx.hh:628:32: warning: ignoring attributes on template argument ‘__m256i’ [-Wignored-attributes]
2025-09-30T19:08:49.2475916Z   628 |             if constexpr (std::is_same_v<OtherVectorT, __m256i>)
2025-09-30T19:08:49.2476468Z       |                           ~~~~~^~~~~~~~~~~~~~~~~~~~~~~~~~~~~~~~
2025-09-30T19:08:49.2508173Z /home/runner/work/ompl/ompl/external/vamp/src/impl/vamp/vector/avx.hh: In instantiation of ‘static constexpr vamp::SIMDVector<__vector(4) long long int>::VectorT vamp::SIMDVector<__vector(4) long long int>::from(OtherVectorT) [with OtherVectorT = __vector(8) float; VectorT = __m256i]’:
2025-09-30T19:08:49.2511782Z /home/runner/work/ompl/ompl/external/vamp/src/impl/vamp/vector/avx.hh:485:40:   required from ‘static constexpr vamp::SIMDVector<__vector(8) float>::VectorT vamp::SIMDVector<__vector(8) float>::sin(VectorT) [with unsigned int <anonymous> = 0; VectorT = __m256]’
2025-09-30T19:08:49.2516482Z /home/runner/work/ompl/ompl/external/vamp/src/impl/vamp/vector/interface.hh:444:47:   required from ‘constexpr vamp::VectorInterface<DerivedT, Sig>::D vamp::VectorInterface<DerivedT, Sig>::sin() const [with ScalarT = float; <template-parameter-2-2> = bool; DerivedT = vamp::Vector<vamp::SIMDVector<__vector(8) float>, 1, 8>; Sig = vamp::VectorSignature<vamp::SIMDVector<__vector(8) float>, 1, 8>; D = vamp::Vector<vamp::SIMDVector<__vector(8) float>, 1, 8>]’
2025-09-30T19:08:49.2520517Z /home/runner/work/ompl/ompl/external/vamp/src/impl/vamp/vector/math.hh:16:21:   required from ‘constexpr DataT sin(const DataT&) [with DataT = vamp::Vector<vamp::SIMDVector<__vector(8) float>, 1, 8>]’
2025-09-30T19:08:49.2524448Z /home/runner/work/ompl/ompl/external/vamp/src/impl/vamp/robots/panda.hh:10272:23:   required from ‘static bool vamp::robots::Panda::fkcc_attach(const vamp::collision::Environment<vamp::Vector<vamp::SIMDVector<__vector(8) float>, 1, rake> >&, ConfigurationBlock<rake>&) [with long unsigned int rake = 8; ConfigurationBlock<rake> = vamp::Vector<vamp::SIMDVector<__vector(8) float>, 7, 8>]’
2025-09-30T19:08:49.2530322Z /home/runner/work/ompl/ompl/external/vamp/src/impl/vamp/planning/validate.hh:43:83:   required from ‘constexpr bool vamp::planning::validate_vector(const typename Robot::Configuration&, const typename Robot::Configuration&, float, const vamp::collision::Environment<vamp::Vector<vamp::SIMDVector<__vector(8) float>, 1, rake> >&) [with Robot = vamp::robots::Panda; long unsigned int rake = 8; long unsigned int resolution = 32; typename Robot::Configuration = vamp::Vector<vamp::SIMDVector<__vector(8) float>, 1, 7>]’
2025-09-30T19:08:49.2567004Z /home/runner/work/ompl/ompl/external/vamp/src/impl/vamp/planning/validate.hh:74:56:   required from ‘constexpr bool vamp::planning::validate_motion(const typename Robot::Configuration&, const typename Robot::Configuration&, const vamp::collision::Environment<vamp::Vector<vamp::SIMDVector<__vector(8) float>, 1, rake> >&) [with Robot = vamp::robots::Panda; long unsigned int rake = 8; long unsigned int resolution = 32; typename Robot::Configuration = vamp::Vector<vamp::SIMDVector<__vector(8) float>, 1, 7>]’
2025-09-30T19:08:49.2571834Z /home/runner/work/ompl/ompl/src/ompl/base/spaces/VAMPStateSpace.h:170:89:   required from ‘bool ompl::geometric::VAMPStateSpace<Robot>::MotionValidator::checkMotion(const ompl::base::State*, const ompl::base::State*) const [with Robot = vamp::robots::Panda]’
2025-09-30T19:08:49.2573934Z /home/runner/work/ompl/ompl/src/ompl/base/spaces/VAMPStateSpace.h:167:14:   required from here
2025-09-30T19:08:49.2576320Z /home/runner/work/ompl/ompl/external/vamp/src/impl/vamp/vector/avx.hh:205:36: warning: ignoring attributes on template argument ‘__m256’ [-Wignored-attributes]
2025-09-30T19:08:49.2577666Z   205 |                 if constexpr (std::is_same_v<OtherVectorT, __m256>)
2025-09-30T19:08:49.2578218Z       |                               ~~~~~^~~~~~~~~~~~~~~~~~~~~~~~~~~~~~~
2025-09-30T19:08:49.2580786Z /home/runner/work/ompl/ompl/external/vamp/src/impl/vamp/vector/avx.hh: In instantiation of ‘static constexpr vamp::SIMDVector<__vector(8) float>::VectorT vamp::SIMDVector<__vector(8) float>::from(OtherVectorT) [with OtherVectorT = __vector(4) long long int; VectorT = __m256]’:
2025-09-30T19:08:49.2584300Z /home/runner/work/ompl/ompl/external/vamp/src/impl/vamp/vector/avx.hh:490:41:   required from ‘static constexpr vamp::SIMDVector<__vector(8) float>::VectorT vamp::SIMDVector<__vector(8) float>::sin(VectorT) [with unsigned int <anonymous> = 0; VectorT = __m256]’
2025-09-30T19:08:49.2589124Z /home/runner/work/ompl/ompl/external/vamp/src/impl/vamp/vector/interface.hh:444:47:   required from ‘constexpr vamp::VectorInterface<DerivedT, Sig>::D vamp::VectorInterface<DerivedT, Sig>::sin() const [with ScalarT = float; <template-parameter-2-2> = bool; DerivedT = vamp::Vector<vamp::SIMDVector<__vector(8) float>, 1, 8>; Sig = vamp::VectorSignature<vamp::SIMDVector<__vector(8) float>, 1, 8>; D = vamp::Vector<vamp::SIMDVector<__vector(8) float>, 1, 8>]’
2025-09-30T19:08:49.2592870Z /home/runner/work/ompl/ompl/external/vamp/src/impl/vamp/vector/math.hh:16:21:   required from ‘constexpr DataT sin(const DataT&) [with DataT = vamp::Vector<vamp::SIMDVector<__vector(8) float>, 1, 8>]’
2025-09-30T19:08:49.2626365Z /home/runner/work/ompl/ompl/external/vamp/src/impl/vamp/robots/panda.hh:10272:23:   required from ‘static bool vamp::robots::Panda::fkcc_attach(const vamp::collision::Environment<vamp::Vector<vamp::SIMDVector<__vector(8) float>, 1, rake> >&, ConfigurationBlock<rake>&) [with long unsigned int rake = 8; ConfigurationBlock<rake> = vamp::Vector<vamp::SIMDVector<__vector(8) float>, 7, 8>]’
2025-09-30T19:08:49.2632157Z /home/runner/work/ompl/ompl/external/vamp/src/impl/vamp/planning/validate.hh:43:83:   required from ‘constexpr bool vamp::planning::validate_vector(const typename Robot::Configuration&, const typename Robot::Configuration&, float, const vamp::collision::Environment<vamp::Vector<vamp::SIMDVector<__vector(8) float>, 1, rake> >&) [with Robot = vamp::robots::Panda; long unsigned int rake = 8; long unsigned int resolution = 32; typename Robot::Configuration = vamp::Vector<vamp::SIMDVector<__vector(8) float>, 1, 7>]’
2025-09-30T19:08:49.2638686Z /home/runner/work/ompl/ompl/external/vamp/src/impl/vamp/planning/validate.hh:74:56:   required from ‘constexpr bool vamp::planning::validate_motion(const typename Robot::Configuration&, const typename Robot::Configuration&, const vamp::collision::Environment<vamp::Vector<vamp::SIMDVector<__vector(8) float>, 1, rake> >&) [with Robot = vamp::robots::Panda; long unsigned int rake = 8; long unsigned int resolution = 32; typename Robot::Configuration = vamp::Vector<vamp::SIMDVector<__vector(8) float>, 1, 7>]’
2025-09-30T19:08:49.2643452Z /home/runner/work/ompl/ompl/src/ompl/base/spaces/VAMPStateSpace.h:170:89:   required from ‘bool ompl::geometric::VAMPStateSpace<Robot>::MotionValidator::checkMotion(const ompl::base::State*, const ompl::base::State*) const [with Robot = vamp::robots::Panda]’
2025-09-30T19:08:49.2645715Z /home/runner/work/ompl/ompl/src/ompl/base/spaces/VAMPStateSpace.h:167:14:   required from here
2025-09-30T19:08:49.2647553Z /home/runner/work/ompl/ompl/external/vamp/src/impl/vamp/vector/avx.hh:645:32: warning: ignoring attributes on template argument ‘__m256i’ [-Wignored-attributes]
2025-09-30T19:08:49.2648888Z   645 |             if constexpr (std::is_same_v<OtherVectorT, __m256i>)
2025-09-30T19:08:49.2649444Z       |                           ~~~~~^~~~~~~~~~~~~~~~~~~~~~~~~~~~~~~~
2025-09-30T19:08:49.2651722Z /home/runner/work/ompl/ompl/external/vamp/src/impl/vamp/vector/avx.hh: In instantiation of ‘static constexpr OtherVectorT vamp::SIMDVector<__vector(4) long long int>::as(VectorT) [with OtherVectorT = __vector(8) float; VectorT = __m256i]’:
2025-09-30T19:08:49.2655012Z /home/runner/work/ompl/ompl/external/vamp/src/impl/vamp/vector/avx.hh:503:65:   required from ‘static constexpr vamp::SIMDVector<__vector(8) float>::VectorT vamp::SIMDVector<__vector(8) float>::sin(VectorT) [with unsigned int <anonymous> = 0; VectorT = __m256]’
2025-09-30T19:08:49.2689851Z /home/runner/work/ompl/ompl/external/vamp/src/impl/vamp/vector/interface.hh:444:47:   required from ‘constexpr vamp::VectorInterface<DerivedT, Sig>::D vamp::VectorInterface<DerivedT, Sig>::sin() const [with ScalarT = float; <template-parameter-2-2> = bool; DerivedT = vamp::Vector<vamp::SIMDVector<__vector(8) float>, 1, 8>; Sig = vamp::VectorSignature<vamp::SIMDVector<__vector(8) float>, 1, 8>; D = vamp::Vector<vamp::SIMDVector<__vector(8) float>, 1, 8>]’
2025-09-30T19:08:49.2693774Z /home/runner/work/ompl/ompl/external/vamp/src/impl/vamp/vector/math.hh:16:21:   required from ‘constexpr DataT sin(const DataT&) [with DataT = vamp::Vector<vamp::SIMDVector<__vector(8) float>, 1, 8>]’
2025-09-30T19:08:49.2697853Z /home/runner/work/ompl/ompl/external/vamp/src/impl/vamp/robots/panda.hh:10272:23:   required from ‘static bool vamp::robots::Panda::fkcc_attach(const vamp::collision::Environment<vamp::Vector<vamp::SIMDVector<__vector(8) float>, 1, rake> >&, ConfigurationBlock<rake>&) [with long unsigned int rake = 8; ConfigurationBlock<rake> = vamp::Vector<vamp::SIMDVector<__vector(8) float>, 7, 8>]’
2025-09-30T19:08:49.2703471Z /home/runner/work/ompl/ompl/external/vamp/src/impl/vamp/planning/validate.hh:43:83:   required from ‘constexpr bool vamp::planning::validate_vector(const typename Robot::Configuration&, const typename Robot::Configuration&, float, const vamp::collision::Environment<vamp::Vector<vamp::SIMDVector<__vector(8) float>, 1, rake> >&) [with Robot = vamp::robots::Panda; long unsigned int rake = 8; long unsigned int resolution = 32; typename Robot::Configuration = vamp::Vector<vamp::SIMDVector<__vector(8) float>, 1, 7>]’
2025-09-30T19:08:49.2709976Z /home/runner/work/ompl/ompl/external/vamp/src/impl/vamp/planning/validate.hh:74:56:   required from ‘constexpr bool vamp::planning::validate_motion(const typename Robot::Configuration&, const typename Robot::Configuration&, const vamp::collision::Environment<vamp::Vector<vamp::SIMDVector<__vector(8) float>, 1, rake> >&) [with Robot = vamp::robots::Panda; long unsigned int rake = 8; long unsigned int resolution = 32; typename Robot::Configuration = vamp::Vector<vamp::SIMDVector<__vector(8) float>, 1, 7>]’
2025-09-30T19:08:49.2714687Z /home/runner/work/ompl/ompl/src/ompl/base/spaces/VAMPStateSpace.h:170:89:   required from ‘bool ompl::geometric::VAMPStateSpace<Robot>::MotionValidator::checkMotion(const ompl::base::State*, const ompl::base::State*) const [with Robot = vamp::robots::Panda]’
2025-09-30T19:08:49.2747123Z /home/runner/work/ompl/ompl/src/ompl/base/spaces/VAMPStateSpace.h:167:14:   required from here
2025-09-30T19:08:49.2749050Z /home/runner/work/ompl/ompl/external/vamp/src/impl/vamp/vector/avx.hh:219:32: warning: ignoring attributes on template argument ‘__m256’ [-Wignored-attributes]
2025-09-30T19:08:49.2750370Z   219 |             if constexpr (std::is_same_v<OtherVectorT, __m256>)
2025-09-30T19:08:49.2750942Z       |                           ~~~~~^~~~~~~~~~~~~~~~~~~~~~~~~~~~~~~
2025-09-30T19:08:51.0699086Z [ 93%] Linking CXX executable test_ptc
2025-09-30T19:08:51.1742570Z [ 93%] Built target test_ptc
2025-09-30T19:08:51.2005806Z [ 93%] Building CXX object tests/CMakeFiles/test_2dmap_ik.dir/geometric/2d/2dmap_ik.cpp.o
2025-09-30T19:08:51.8529287Z [ 94%] Linking CXX executable test_planner_data
2025-09-30T19:08:51.9724125Z [ 94%] Built target test_planner_data
2025-09-30T19:08:52.0127649Z [ 94%] Building CXX object tests/CMakeFiles/test_2dcircles_opt_geometric.dir/geometric/2d/2dcircles_optimize.cpp.o
2025-09-30T19:08:52.6636703Z [ 95%] Linking CXX executable test_2dmap_geometric_simple
2025-09-30T19:08:52.7626498Z [ 95%] Built target test_2dmap_geometric_simple
2025-09-30T19:08:52.7987118Z [ 96%] Building CXX object tests/CMakeFiles/test_2dpath_simplifying.dir/geometric/2d/2dpath_simplifying.cpp.o
2025-09-30T19:08:55.9271535Z [ 96%] Linking CXX executable test_2dmap_ik
2025-09-30T19:08:56.0296594Z [ 96%] Built target test_2dmap_ik
2025-09-30T19:08:56.0690368Z [ 96%] Building CXX object tests/CMakeFiles/test_constraint_sphere.dir/geometric/constraint/test_sphere.cpp.o
2025-09-30T19:09:02.5716974Z [ 96%] Linking CXX executable test_2dpath_simplifying
2025-09-30T19:09:02.6736902Z [ 96%] Built target test_2dpath_simplifying
2025-09-30T19:09:02.7029658Z [ 96%] Building CXX object tests/CMakeFiles/test_spacetime_STRRTstar.dir/geometric/spacetime/STRRTstar_test.cpp.o
2025-09-30T19:09:03.3102425Z [ 96%] Linking CXX executable test_2dcircles_opt_geometric
2025-09-30T19:09:03.4158567Z [ 96%] Built target test_2dcircles_opt_geometric
2025-09-30T19:09:03.4556014Z [ 97%] Building CXX object tests/CMakeFiles/test_2dmap_control.dir/control/2dmap/2dmap.cpp.o
2025-09-30T19:09:05.1413118Z [ 97%] Linking CXX executable test_constraint_sphere
2025-09-30T19:09:05.2519151Z [ 97%] Built target test_constraint_sphere
2025-09-30T19:09:05.2768740Z [ 97%] Building CXX object tests/CMakeFiles/test_planner_data_control.dir/control/planner_data.cpp.o
2025-09-30T19:09:05.8008364Z In file included from /usr/lib/gcc/x86_64-linux-gnu/13/include/immintrin.h:43,
2025-09-30T19:09:05.8013508Z                  from /usr/include/eigen3/Eigen/src/Core/util/ConfigureVectorization.h:361,
2025-09-30T19:09:05.8016181Z                  from /usr/include/eigen3/Eigen/Core:22,
2025-09-30T19:09:05.8018587Z                  from /home/runner/work/ompl/ompl/src/ompl/base/ProjectionEvaluator.h:49,
2025-09-30T19:09:05.8036334Z                  from /home/runner/work/ompl/ompl/src/ompl/base/StateSpace.h:43,
2025-09-30T19:09:05.8037600Z                  from /home/runner/work/ompl/ompl/src/ompl/base/SpaceInformation.h:43,
2025-09-30T19:09:05.8038755Z                  from /home/runner/work/ompl/ompl/src/ompl/base/ScopedState.h:40,
2025-09-30T19:09:05.8039967Z                  from /home/runner/work/ompl/ompl/tests/base/state_spaces.cpp:42:
2025-09-30T19:09:05.8041602Z In function ‘__m256 _mm256_load_ps(const float*)’,
2025-09-30T19:09:05.8044823Z     inlined from ‘static constexpr vamp::SIMDVector<__vector(8) float>::VectorT vamp::SIMDVector<__vector(8) float>::load(const ScalarT*) [with unsigned int <anonymous> = 0]’ at /home/runner/work/ompl/ompl/external/vamp/src/impl/vamp/vector/avx.hh:253:34,
2025-09-30T19:09:05.8049149Z     inlined from ‘constexpr void vamp::VectorInterface<DerivedT, Sig>::load_vector(const typename Sig::S::ScalarT*, std::index_sequence<I ...>) [with bool is_aligned = true; long unsigned int ...I = {0}; DerivedT = vamp::Vector<vamp::SIMDVector<__vector(8) float>, 1, 7>; Sig = vamp::VectorSignature<vamp::SIMDVector<__vector(8) float>, 1, 7>]’ at /home/runner/work/ompl/ompl/external/vamp/src/impl/vamp/vector/interface.hh:751:68,
2025-09-30T19:09:05.8053667Z     inlined from ‘constexpr void vamp::VectorInterface<DerivedT, Sig>::pack(const typename Sig::S::ScalarT*) [with bool is_aligned = true; DerivedT = vamp::Vector<vamp::SIMDVector<__vector(8) float>, 1, 7>; Sig = vamp::VectorSignature<vamp::SIMDVector<__vector(8) float>, 1, 7>]’ at /home/runner/work/ompl/ompl/external/vamp/src/impl/vamp/vector/interface.hh:726:36,
2025-09-30T19:09:05.8057669Z     inlined from ‘constexpr vamp::Vector<SimdT, num_rows, num_scalars_per_row>::Vector(const typename S::ScalarT*) [with SimdT = vamp::SIMDVector<__vector(8) float>; long unsigned int num_rows = 1; long unsigned int num_scalars_per_row = 7]’ at /home/runner/work/ompl/ompl/external/vamp/src/impl/vamp/vector/interface.hh:846:28,
2025-09-30T19:09:05.8061280Z     inlined from ‘ompl::geometric::VAMPStateSpace<Robot>::Configuration ompl::geometric::VAMPStateSpace<Robot>::convertOMPLToVAMP(const ompl::base::State*) const [with Robot = vamp::robots::Panda]’ at /home/runner/work/ompl/ompl/src/ompl/base/spaces/VAMPStateSpace.h:205:16,
2025-09-30T19:09:05.8064933Z     inlined from ‘bool ompl::geometric::VAMPStateSpace<Robot>::MotionValidator::checkMotion(const ompl::base::State*, const ompl::base::State*) const [with Robot = vamp::robots::Panda]’ at /home/runner/work/ompl/ompl/src/ompl/base/spaces/VAMPStateSpace.h:168:53:
2025-09-30T19:09:05.8068123Z /usr/lib/gcc/x86_64-linux-gnu/13/include/avxintrin.h:881:21: warning: array subscript ‘__m256[0]’ is partly outside array bounds of ‘std::array<float, 7> [1]’ [-Warray-bounds=]
2025-09-30T19:09:05.8069310Z   881 |   return *(__m256 *)__P;
2025-09-30T19:09:05.8069703Z       |                     ^~~
2025-09-30T19:09:05.8071824Z /home/runner/work/ompl/ompl/src/ompl/base/spaces/VAMPStateSpace.h: In member function ‘bool ompl::geometric::VAMPStateSpace<Robot>::MotionValidator::checkMotion(const ompl::base::State*, const ompl::base::State*) const [with Robot = vamp::robots::Panda]’:
2025-09-30T19:09:05.8074221Z /home/runner/work/ompl/ompl/src/ompl/base/spaces/VAMPStateSpace.h:198:84: note: object ‘buffer’ of size 28
2025-09-30T19:09:05.8075440Z   198 |         std::array<typename Configuration::S::ScalarT, Configuration::num_scalars> buffer;
2025-09-30T19:09:05.8076396Z       |                                                                                    ^~~~~~
2025-09-30T19:09:05.8077095Z In function ‘__m256 _mm256_load_ps(const float*)’,
2025-09-30T19:09:05.8079127Z     inlined from ‘static constexpr vamp::SIMDVector<__vector(8) float>::VectorT vamp::SIMDVector<__vector(8) float>::load(const ScalarT*) [with unsigned int <anonymous> = 0]’ at /home/runner/work/ompl/ompl/external/vamp/src/impl/vamp/vector/avx.hh:253:34,
2025-09-30T19:09:05.8083180Z     inlined from ‘constexpr void vamp::VectorInterface<DerivedT, Sig>::load_vector(const typename Sig::S::ScalarT*, std::index_sequence<I ...>) [with bool is_aligned = true; long unsigned int ...I = {0}; DerivedT = vamp::Vector<vamp::SIMDVector<__vector(8) float>, 1, 7>; Sig = vamp::VectorSignature<vamp::SIMDVector<__vector(8) float>, 1, 7>]’ at /home/runner/work/ompl/ompl/external/vamp/src/impl/vamp/vector/interface.hh:751:68,
2025-09-30T19:09:05.8087943Z     inlined from ‘constexpr void vamp::VectorInterface<DerivedT, Sig>::pack(const typename Sig::S::ScalarT*) [with bool is_aligned = true; DerivedT = vamp::Vector<vamp::SIMDVector<__vector(8) float>, 1, 7>; Sig = vamp::VectorSignature<vamp::SIMDVector<__vector(8) float>, 1, 7>]’ at /home/runner/work/ompl/ompl/external/vamp/src/impl/vamp/vector/interface.hh:726:36,
2025-09-30T19:09:05.8091961Z     inlined from ‘constexpr vamp::Vector<SimdT, num_rows, num_scalars_per_row>::Vector(const typename S::ScalarT*) [with SimdT = vamp::SIMDVector<__vector(8) float>; long unsigned int num_rows = 1; long unsigned int num_scalars_per_row = 7]’ at /home/runner/work/ompl/ompl/external/vamp/src/impl/vamp/vector/interface.hh:846:28,
2025-09-30T19:09:05.8095748Z     inlined from ‘ompl::geometric::VAMPStateSpace<Robot>::Configuration ompl::geometric::VAMPStateSpace<Robot>::convertOMPLToVAMP(const ompl::base::State*) const [with Robot = vamp::robots::Panda]’ at /home/runner/work/ompl/ompl/src/ompl/base/spaces/VAMPStateSpace.h:205:16,
2025-09-30T19:09:05.8099077Z     inlined from ‘bool ompl::geometric::VAMPStateSpace<Robot>::MotionValidator::checkMotion(const ompl::base::State*, const ompl::base::State*) const [with Robot = vamp::robots::Panda]’ at /home/runner/work/ompl/ompl/src/ompl/base/spaces/VAMPStateSpace.h:169:53:
2025-09-30T19:09:05.8101817Z /usr/lib/gcc/x86_64-linux-gnu/13/include/avxintrin.h:881:21: warning: array subscript ‘__m256[0]’ is partly outside array bounds of ‘std::array<float, 7> [1]’ [-Warray-bounds=]
2025-09-30T19:09:05.8102980Z   881 |   return *(__m256 *)__P;
2025-09-30T19:09:05.8103353Z       |                     ^~~
2025-09-30T19:09:05.8105483Z /home/runner/work/ompl/ompl/src/ompl/base/spaces/VAMPStateSpace.h: In member function ‘bool ompl::geometric::VAMPStateSpace<Robot>::MotionValidator::checkMotion(const ompl::base::State*, const ompl::base::State*) const [with Robot = vamp::robots::Panda]’:
2025-09-30T19:09:05.8108386Z /home/runner/work/ompl/ompl/src/ompl/base/spaces/VAMPStateSpace.h:198:84: note: object ‘buffer’ of size 28
2025-09-30T19:09:05.8109565Z   198 |         std::array<typename Configuration::S::ScalarT, Configuration::num_scalars> buffer;
2025-09-30T19:09:05.8110601Z       |                                                                                    ^~~~~~
2025-09-30T19:09:05.8278887Z In function ‘__m256 _mm256_load_ps(const float*)’,
2025-09-30T19:09:05.8281112Z     inlined from ‘static constexpr vamp::SIMDVector<__vector(8) float>::VectorT vamp::SIMDVector<__vector(8) float>::load(const ScalarT*) [with unsigned int <anonymous> = 0]’ at /home/runner/work/ompl/ompl/external/vamp/src/impl/vamp/vector/avx.hh:253:34,
2025-09-30T19:09:05.8285212Z     inlined from ‘constexpr void vamp::VectorInterface<DerivedT, Sig>::load_vector(const typename Sig::S::ScalarT*, std::index_sequence<I ...>) [with bool is_aligned = true; long unsigned int ...I = {0}; DerivedT = vamp::Vector<vamp::SIMDVector<__vector(8) float>, 1, 7>; Sig = vamp::VectorSignature<vamp::SIMDVector<__vector(8) float>, 1, 7>]’ at /home/runner/work/ompl/ompl/external/vamp/src/impl/vamp/vector/interface.hh:751:68,
2025-09-30T19:09:05.8290012Z     inlined from ‘constexpr void vamp::VectorInterface<DerivedT, Sig>::pack(const typename Sig::S::ScalarT*) [with bool is_aligned = true; DerivedT = vamp::Vector<vamp::SIMDVector<__vector(8) float>, 1, 7>; Sig = vamp::VectorSignature<vamp::SIMDVector<__vector(8) float>, 1, 7>]’ at /home/runner/work/ompl/ompl/external/vamp/src/impl/vamp/vector/interface.hh:726:36,
2025-09-30T19:09:05.8294215Z     inlined from ‘constexpr vamp::Vector<SimdT, num_rows, num_scalars_per_row>::Vector(const typename S::ScalarT*) [with SimdT = vamp::SIMDVector<__vector(8) float>; long unsigned int num_rows = 1; long unsigned int num_scalars_per_row = 7]’ at /home/runner/work/ompl/ompl/external/vamp/src/impl/vamp/vector/interface.hh:846:28,
2025-09-30T19:09:05.8298035Z     inlined from ‘ompl::geometric::VAMPStateSpace<Robot>::Configuration ompl::geometric::VAMPStateSpace<Robot>::convertOMPLToVAMP(const ompl::base::State*) const [with Robot = vamp::robots::Panda]’ at /home/runner/work/ompl/ompl/src/ompl/base/spaces/VAMPStateSpace.h:205:16,
2025-09-30T19:09:05.8301320Z     inlined from ‘bool ompl::geometric::VAMPStateSpace<Robot>::StateValidityChecker::isValid(const ompl::base::State*) const [with Robot = vamp::robots::Panda]’ at /home/runner/work/ompl/ompl/src/ompl/base/spaces/VAMPStateSpace.h:143:52:
2025-09-30T19:09:05.8303939Z /usr/lib/gcc/x86_64-linux-gnu/13/include/avxintrin.h:881:21: warning: array subscript ‘__m256[0]’ is partly outside array bounds of ‘std::array<float, 7> [1]’ [-Warray-bounds=]
2025-09-30T19:09:05.8305111Z   881 |   return *(__m256 *)__P;
2025-09-30T19:09:05.8305482Z       |                     ^~~
2025-09-30T19:09:05.8338034Z /home/runner/work/ompl/ompl/src/ompl/base/spaces/VAMPStateSpace.h: In member function ‘bool ompl::geometric::VAMPStateSpace<Robot>::StateValidityChecker::isValid(const ompl::base::State*) const [with Robot = vamp::robots::Panda]’:
2025-09-30T19:09:05.8340297Z /home/runner/work/ompl/ompl/src/ompl/base/spaces/VAMPStateSpace.h:198:84: note: object ‘buffer’ of size 28
2025-09-30T19:09:05.8341472Z   198 |         std::array<typename Configuration::S::ScalarT, Configuration::num_scalars> buffer;
2025-09-30T19:09:05.8342179Z       |                                                                                    ^~~~~~
2025-09-30T19:09:05.8745936Z In function ‘__m256 _mm256_load_ps(const float*)’,
2025-09-30T19:09:05.8748364Z     inlined from ‘static constexpr vamp::SIMDVector<__vector(8) float>::VectorT vamp::SIMDVector<__vector(8) float>::load(const ScalarT*) [with unsigned int <anonymous> = 0]’ at /home/runner/work/ompl/ompl/external/vamp/src/impl/vamp/vector/avx.hh:253:34,
2025-09-30T19:09:05.8754057Z     inlined from ‘constexpr void vamp::VectorInterface<DerivedT, Sig>::load_vector(const typename Sig::S::ScalarT*, std::index_sequence<I ...>) [with bool is_aligned = true; long unsigned int ...I = {0}; DerivedT = vamp::Vector<vamp::SIMDVector<__vector(8) float>, 1, 7>; Sig = vamp::VectorSignature<vamp::SIMDVector<__vector(8) float>, 1, 7>]’ at /home/runner/work/ompl/ompl/external/vamp/src/impl/vamp/vector/interface.hh:751:68,
2025-09-30T19:09:05.8798791Z     inlined from ‘constexpr void vamp::VectorInterface<DerivedT, Sig>::pack(const typename Sig::S::ScalarT*) [with bool is_aligned = true; DerivedT = vamp::Vector<vamp::SIMDVector<__vector(8) float>, 1, 7>; Sig = vamp::VectorSignature<vamp::SIMDVector<__vector(8) float>, 1, 7>]’ at /home/runner/work/ompl/ompl/external/vamp/src/impl/vamp/vector/interface.hh:726:36,
2025-09-30T19:09:05.8802966Z     inlined from ‘constexpr vamp::Vector<SimdT, num_rows, num_scalars_per_row>::Vector(const typename S::ScalarT*) [with SimdT = vamp::SIMDVector<__vector(8) float>; long unsigned int num_rows = 1; long unsigned int num_scalars_per_row = 7]’ at /home/runner/work/ompl/ompl/external/vamp/src/impl/vamp/vector/interface.hh:846:28,
2025-09-30T19:09:05.8806737Z     inlined from ‘ompl::geometric::VAMPStateSpace<Robot>::Configuration ompl::geometric::VAMPStateSpace<Robot>::convertOMPLToVAMP(const ompl::base::State*) const [with Robot = vamp::robots::Panda]’ at /home/runner/work/ompl/ompl/src/ompl/base/spaces/VAMPStateSpace.h:205:16,
2025-09-30T19:09:05.8810096Z     inlined from ‘bool ompl::geometric::VAMPStateSpace<Robot>::MotionValidator::checkMotion(const ompl::base::State*, const ompl::base::State*) const [with Robot = vamp::robots::Panda]’ at /home/runner/work/ompl/ompl/src/ompl/base/spaces/VAMPStateSpace.h:168:53,
2025-09-30T19:09:05.8813016Z     inlined from ‘virtual bool ompl::base::SpaceInformation::checkMotion(const ompl::base::State*, const ompl::base::State*) const’ at /home/runner/work/ompl/ompl/src/ompl/base/SpaceInformation.h:354:53,
2025-09-30T19:09:05.8815126Z     inlined from ‘void VAMP_CollisionDetection::test_method()’ at /home/runner/work/ompl/ompl/tests/base/state_spaces.cpp:769:9:
2025-09-30T19:09:05.8817454Z /usr/lib/gcc/x86_64-linux-gnu/13/include/avxintrin.h:881:21: warning: array subscript ‘__m256[0]’ is partly outside array bounds of ‘std::array<float, 7> [1]’ [-Warray-bounds=]
2025-09-30T19:09:05.8818641Z   881 |   return *(__m256 *)__P;
2025-09-30T19:09:05.8819033Z       |                     ^~~
2025-09-30T19:09:05.8820414Z /home/runner/work/ompl/ompl/src/ompl/base/spaces/VAMPStateSpace.h: In member function ‘void VAMP_CollisionDetection::test_method()’:
2025-09-30T19:09:05.8822239Z /home/runner/work/ompl/ompl/src/ompl/base/spaces/VAMPStateSpace.h:198:84: note: object ‘buffer’ of size 28
2025-09-30T19:09:05.8823444Z   198 |         std::array<typename Configuration::S::ScalarT, Configuration::num_scalars> buffer;
2025-09-30T19:09:05.8824179Z       |                                                                                    ^~~~~~
2025-09-30T19:09:05.8824862Z In function ‘__m256 _mm256_load_ps(const float*)’,
2025-09-30T19:09:05.8857326Z     inlined from ‘static constexpr vamp::SIMDVector<__vector(8) float>::VectorT vamp::SIMDVector<__vector(8) float>::load(const ScalarT*) [with unsigned int <anonymous> = 0]’ at /home/runner/work/ompl/ompl/external/vamp/src/impl/vamp/vector/avx.hh:253:34,
2025-09-30T19:09:05.8861402Z     inlined from ‘constexpr void vamp::VectorInterface<DerivedT, Sig>::load_vector(const typename Sig::S::ScalarT*, std::index_sequence<I ...>) [with bool is_aligned = true; long unsigned int ...I = {0}; DerivedT = vamp::Vector<vamp::SIMDVector<__vector(8) float>, 1, 7>; Sig = vamp::VectorSignature<vamp::SIMDVector<__vector(8) float>, 1, 7>]’ at /home/runner/work/ompl/ompl/external/vamp/src/impl/vamp/vector/interface.hh:751:68,
2025-09-30T19:09:05.8865984Z     inlined from ‘constexpr void vamp::VectorInterface<DerivedT, Sig>::pack(const typename Sig::S::ScalarT*) [with bool is_aligned = true; DerivedT = vamp::Vector<vamp::SIMDVector<__vector(8) float>, 1, 7>; Sig = vamp::VectorSignature<vamp::SIMDVector<__vector(8) float>, 1, 7>]’ at /home/runner/work/ompl/ompl/external/vamp/src/impl/vamp/vector/interface.hh:726:36,
2025-09-30T19:09:05.8870420Z     inlined from ‘constexpr vamp::Vector<SimdT, num_rows, num_scalars_per_row>::Vector(const typename S::ScalarT*) [with SimdT = vamp::SIMDVector<__vector(8) float>; long unsigned int num_rows = 1; long unsigned int num_scalars_per_row = 7]’ at /home/runner/work/ompl/ompl/external/vamp/src/impl/vamp/vector/interface.hh:846:28,
2025-09-30T19:09:05.8873977Z     inlined from ‘ompl::geometric::VAMPStateSpace<Robot>::Configuration ompl::geometric::VAMPStateSpace<Robot>::convertOMPLToVAMP(const ompl::base::State*) const [with Robot = vamp::robots::Panda]’ at /home/runner/work/ompl/ompl/src/ompl/base/spaces/VAMPStateSpace.h:205:16,
2025-09-30T19:09:05.8877423Z     inlined from ‘bool ompl::geometric::VAMPStateSpace<Robot>::MotionValidator::checkMotion(const ompl::base::State*, const ompl::base::State*) const [with Robot = vamp::robots::Panda]’ at /home/runner/work/ompl/ompl/src/ompl/base/spaces/VAMPStateSpace.h:169:53,
2025-09-30T19:09:05.8880237Z     inlined from ‘virtual bool ompl::base::SpaceInformation::checkMotion(const ompl::base::State*, const ompl::base::State*) const’ at /home/runner/work/ompl/ompl/src/ompl/base/SpaceInformation.h:354:53,
2025-09-30T19:09:05.8882256Z     inlined from ‘void VAMP_CollisionDetection::test_method()’ at /home/runner/work/ompl/ompl/tests/base/state_spaces.cpp:769:9:
2025-09-30T19:09:05.8884249Z /usr/lib/gcc/x86_64-linux-gnu/13/include/avxintrin.h:881:21: warning: array subscript ‘__m256[0]’ is partly outside array bounds of ‘std::array<float, 7> [1]’ [-Warray-bounds=]
2025-09-30T19:09:05.8885409Z   881 |   return *(__m256 *)__P;
2025-09-30T19:09:05.8916116Z       |                     ^~~
2025-09-30T19:09:05.8917440Z /home/runner/work/ompl/ompl/src/ompl/base/spaces/VAMPStateSpace.h: In member function ‘void VAMP_CollisionDetection::test_method()’:
2025-09-30T19:09:05.8919126Z /home/runner/work/ompl/ompl/src/ompl/base/spaces/VAMPStateSpace.h:198:84: note: object ‘buffer’ of size 28
2025-09-30T19:09:05.8920296Z   198 |         std::array<typename Configuration::S::ScalarT, Configuration::num_scalars> buffer;
2025-09-30T19:09:05.8920977Z       |                                                                                    ^~~~~~
2025-09-30T19:09:06.3096872Z [ 98%] Linking CXX executable test_state_spaces
2025-09-30T19:09:06.4336470Z [ 98%] Built target test_state_spaces
2025-09-30T19:09:06.4802041Z [ 99%] Building CXX object tests/CMakeFiles/test_experience_planning.dir/tools/test_experience_planning.cpp.o
2025-09-30T19:09:08.5098887Z [ 99%] Linking CXX executable test_spacetime_STRRTstar
2025-09-30T19:09:08.6226461Z [ 99%] Built target test_spacetime_STRRTstar
2025-09-30T19:09:08.6580083Z [ 99%] Building CXX object tests/regression_tests/CMakeFiles/regression_test.dir/RegressionTest.cpp.o
2025-09-30T19:09:12.3162244Z /home/runner/work/ompl/ompl/tests/tools/test_experience_planning.cpp: In static member function ‘static void ExperienceBasedPlannerTest<ExpPlannerT, PlannerT, ReplannerT>::runTest() [with ExpPlannerT = ompl::tools::Lightning; PlannerT = void; ReplannerT = void]’:
2025-09-30T19:09:12.3165454Z /home/runner/work/ompl/ompl/tests/tools/test_experience_planning.cpp:104:16: warning: ignoring return value of ‘int mkstemp(char*)’ declared with attribute ‘warn_unused_result’ [-Wunused-result]
2025-09-30T19:09:12.3167184Z   104 |         mkstemp(const_cast<char*>(temp_path.c_str()));
2025-09-30T19:09:12.3167758Z       |         ~~~~~~~^~~~~~~~~~~~~~~~~~~~~~~~~~~~~~~~~~~~~~
2025-09-30T19:09:12.3418885Z /home/runner/work/ompl/ompl/tests/tools/test_experience_planning.cpp: In static member function ‘static void ExperienceBasedPlannerTest<ExpPlannerT, PlannerT, ReplannerT>::runTest() [with ExpPlannerT = ompl::tools::Lightning; PlannerT = ompl::geometric::RRTConnect; ReplannerT = ompl::geometric::RRTConnect]’:
2025-09-30T19:09:12.3422158Z /home/runner/work/ompl/ompl/tests/tools/test_experience_planning.cpp:104:16: warning: ignoring return value of ‘int mkstemp(char*)’ declared with attribute ‘warn_unused_result’ [-Wunused-result]
2025-09-30T19:09:12.3429487Z /home/runner/work/ompl/ompl/tests/tools/test_experience_planning.cpp: In static member function ‘static void ExperienceBasedPlannerTest<ExpPlannerT, PlannerT, ReplannerT>::runTest() [with ExpPlannerT = ompl::tools::Lightning; PlannerT = ompl::geometric::KPIECE1; ReplannerT = ompl::geometric::KPIECE1]’:
2025-09-30T19:09:12.3433042Z /home/runner/work/ompl/ompl/tests/tools/test_experience_planning.cpp:104:16: warning: ignoring return value of ‘int mkstemp(char*)’ declared with attribute ‘warn_unused_result’ [-Wunused-result]
2025-09-30T19:09:12.3462372Z /home/runner/work/ompl/ompl/tests/tools/test_experience_planning.cpp: In static member function ‘static void ExperienceBasedPlannerTest<ExpPlannerT, PlannerT, ReplannerT>::runTest() [with ExpPlannerT = ompl::tools::Lightning; PlannerT = ompl::geometric::KPIECE1; ReplannerT = ompl::geometric::RRTConnect]’:
2025-09-30T19:09:12.3465365Z /home/runner/work/ompl/ompl/tests/tools/test_experience_planning.cpp:104:16: warning: ignoring return value of ‘int mkstemp(char*)’ declared with attribute ‘warn_unused_result’ [-Wunused-result]
2025-09-30T19:09:12.3498315Z /home/runner/work/ompl/ompl/tests/tools/test_experience_planning.cpp: In static member function ‘static void ExperienceBasedPlannerTest<ExpPlannerT, PlannerT, ReplannerT>::runTest() [with ExpPlannerT = ompl::tools::Lightning; PlannerT = ompl::geometric::RRTConnect; ReplannerT = ompl::geometric::KPIECE1]’:
2025-09-30T19:09:12.3501505Z /home/runner/work/ompl/ompl/tests/tools/test_experience_planning.cpp:104:16: warning: ignoring return value of ‘int mkstemp(char*)’ declared with attribute ‘warn_unused_result’ [-Wunused-result]
2025-09-30T19:09:12.3738711Z In file included from /home/runner/work/ompl/ompl/src/ompl/datastructures/GridN.h:40,
2025-09-30T19:09:12.3739651Z                  from /home/runner/work/ompl/ompl/src/ompl/datastructures/GridB.h:40,
2025-09-30T19:09:12.3740574Z                  from /home/runner/work/ompl/ompl/src/ompl/geometric/planners/kpiece/Discretization.h:41,
2025-09-30T19:09:12.3741609Z                  from /home/runner/work/ompl/ompl/src/ompl/geometric/planners/kpiece/LBKPIECE1.h:41,
2025-09-30T19:09:12.3742535Z                  from /home/runner/work/ompl/ompl/tests/regression_tests/RegressionTest.cpp:56:
2025-09-30T19:09:12.3745922Z /home/runner/work/ompl/ompl/src/ompl/datastructures/GridB.h: In instantiation of ‘class ompl::GridB<ompl::geometric::Discretization<ompl::geometric::LBKPIECE1::Motion>::CellData*, ompl::geometric::Discretization<ompl::geometric::LBKPIECE1::Motion>::OrderCellsByImportance, ompl::geometric::Discretization<ompl::geometric::LBKPIECE1::Motion>::OrderCellsByImportance>’:
2025-09-30T19:09:12.3749398Z /home/runner/work/ompl/ompl/src/ompl/geometric/planners/kpiece/Discretization.h:107:19:   required from ‘class ompl::geometric::Discretization<ompl::geometric::LBKPIECE1::Motion>’
2025-09-30T19:09:12.3751131Z /home/runner/work/ompl/ompl/src/ompl/geometric/planners/kpiece/LBKPIECE1.h:215:36:   required from here
2025-09-30T19:09:12.3753425Z /home/runner/work/ompl/ompl/src/ompl/datastructures/Grid.h:246:22: warning: ‘void ompl::Grid<_T>::add(Cell*) [with _T = ompl::geometric::Discretization<ompl::geometric::LBKPIECE1::Motion>::CellData*]’ was hidden [-Woverloaded-virtual=]
2025-09-30T19:09:12.3754931Z   246 |         virtual void add(Cell *cell)
2025-09-30T19:09:12.3755359Z       |                      ^~~
2025-09-30T19:09:12.3759716Z /home/runner/work/ompl/ompl/src/ompl/datastructures/GridB.h:211:22: note:   by ‘void ompl::GridB<_T, LessThanExternal, LessThanInternal>::add(Cell*) [with _T = ompl::geometric::Discretization<ompl::geometric::LBKPIECE1::Motion>::CellData*; LessThanExternal = ompl::geometric::Discretization<ompl::geometric::LBKPIECE1::Motion>::OrderCellsByImportance; LessThanInternal = ompl::geometric::Discretization<ompl::geometric::LBKPIECE1::Motion>::OrderCellsByImportance; Cell = ompl::GridN<ompl::geometric::Discretization<ompl::geometric::LBKPIECE1::Motion>::CellData*>::Cell]’
2025-09-30T19:09:12.3763504Z   211 |         virtual void add(Cell *cell)
2025-09-30T19:09:12.3763934Z       |                      ^~~
2025-09-30T19:09:12.3966428Z /home/runner/work/ompl/ompl/src/ompl/datastructures/GridB.h: In instantiation of ‘class ompl::GridB<ompl::geometric::Discretization<ompl::geometric::BKPIECE1::Motion>::CellData*, ompl::geometric::Discretization<ompl::geometric::BKPIECE1::Motion>::OrderCellsByImportance, ompl::geometric::Discretization<ompl::geometric::BKPIECE1::Motion>::OrderCellsByImportance>’:
2025-09-30T19:09:12.3978796Z /home/runner/work/ompl/ompl/src/ompl/geometric/planners/kpiece/Discretization.h:107:19:   required from ‘class ompl::geometric::Discretization<ompl::geometric::BKPIECE1::Motion>’
2025-09-30T19:09:12.3980495Z /home/runner/work/ompl/ompl/src/ompl/geometric/planners/kpiece/BKPIECE1.h:210:36:   required from here
2025-09-30T19:09:12.3982745Z /home/runner/work/ompl/ompl/src/ompl/datastructures/Grid.h:246:22: warning: ‘void ompl::Grid<_T>::add(Cell*) [with _T = ompl::geometric::Discretization<ompl::geometric::BKPIECE1::Motion>::CellData*]’ was hidden [-Woverloaded-virtual=]
2025-09-30T19:09:12.3984312Z   246 |         virtual void add(Cell *cell)
2025-09-30T19:09:12.3984741Z       |                      ^~~
2025-09-30T19:09:12.3989161Z /home/runner/work/ompl/ompl/src/ompl/datastructures/GridB.h:211:22: note:   by ‘void ompl::GridB<_T, LessThanExternal, LessThanInternal>::add(Cell*) [with _T = ompl::geometric::Discretization<ompl::geometric::BKPIECE1::Motion>::CellData*; LessThanExternal = ompl::geometric::Discretization<ompl::geometric::BKPIECE1::Motion>::OrderCellsByImportance; LessThanInternal = ompl::geometric::Discretization<ompl::geometric::BKPIECE1::Motion>::OrderCellsByImportance; Cell = ompl::GridN<ompl::geometric::Discretization<ompl::geometric::BKPIECE1::Motion>::CellData*>::Cell]’
2025-09-30T19:09:12.3992626Z   211 |         virtual void add(Cell *cell)
2025-09-30T19:09:12.3993196Z       |                      ^~~
2025-09-30T19:09:12.4149810Z /home/runner/work/ompl/ompl/src/ompl/datastructures/GridB.h: In instantiation of ‘class ompl::GridB<ompl::geometric::Discretization<ompl::geometric::KPIECE1::Motion>::CellData*, ompl::geometric::Discretization<ompl::geometric::KPIECE1::Motion>::OrderCellsByImportance, ompl::geometric::Discretization<ompl::geometric::KPIECE1::Motion>::OrderCellsByImportance>’:
2025-09-30T19:09:12.4153522Z /home/runner/work/ompl/ompl/src/ompl/geometric/planners/kpiece/Discretization.h:107:19:   required from ‘class ompl::geometric::Discretization<ompl::geometric::KPIECE1::Motion>’
2025-09-30T19:09:12.4155286Z /home/runner/work/ompl/ompl/src/ompl/geometric/planners/kpiece/KPIECE1.h:222:36:   required from here
2025-09-30T19:09:12.4157794Z /home/runner/work/ompl/ompl/src/ompl/datastructures/Grid.h:246:22: warning: ‘void ompl::Grid<_T>::add(Cell*) [with _T = ompl::geometric::Discretization<ompl::geometric::KPIECE1::Motion>::CellData*]’ was hidden [-Woverloaded-virtual=]
2025-09-30T19:09:12.4159298Z   246 |         virtual void add(Cell *cell)
2025-09-30T19:09:12.4159744Z       |                      ^~~
2025-09-30T19:09:12.4163860Z /home/runner/work/ompl/ompl/src/ompl/datastructures/GridB.h:211:22: note:   by ‘void ompl::GridB<_T, LessThanExternal, LessThanInternal>::add(Cell*) [with _T = ompl::geometric::Discretization<ompl::geometric::KPIECE1::Motion>::CellData*; LessThanExternal = ompl::geometric::Discretization<ompl::geometric::KPIECE1::Motion>::OrderCellsByImportance; LessThanInternal = ompl::geometric::Discretization<ompl::geometric::KPIECE1::Motion>::OrderCellsByImportance; Cell = ompl::GridN<ompl::geometric::Discretization<ompl::geometric::KPIECE1::Motion>::CellData*>::Cell]’
2025-09-30T19:09:12.4167455Z   211 |         virtual void add(Cell *cell)
2025-09-30T19:09:12.4167872Z       |                      ^~~
2025-09-30T19:09:13.0617067Z [ 99%] Linking CXX executable test_2dmap_control
2025-09-30T19:09:13.1731545Z [ 99%] Built target test_2dmap_control
2025-09-30T19:09:13.5252965Z [ 99%] Linking CXX executable test_planner_data_control
2025-09-30T19:09:13.6344361Z [ 99%] Built target test_planner_data_control
2025-09-30T19:09:14.3984218Z [ 99%] Linking CXX executable test_experience_planning
2025-09-30T19:09:14.4759924Z [ 99%] Built target test_experience_planning
2025-09-30T19:09:16.4782220Z [100%] Linking CXX executable regression_test
2025-09-30T19:09:16.5477714Z [100%] Built target regression_test
2025-09-30T19:09:16.5537154Z ##[endgroup]
2025-09-30T19:09:16.5537962Z ##[group]Installing Build
2025-09-30T19:09:16.5552386Z [command]/usr/local/bin/cmake --install /home/runner/work/ompl/build
2025-09-30T19:09:16.5578968Z -- Install configuration: "Release"
2025-09-30T19:09:16.5581162Z -- Installing: /home/runner/work/ompl/install/lib/pkgconfig/ompl.pc
2025-09-30T19:09:16.5584613Z -- Installing: /home/runner/work/ompl/install/share/ompl/cmake/omplConfig.cmake
2025-09-30T19:09:16.5588283Z -- Installing: /home/runner/work/ompl/install/share/ompl/cmake/omplConfigVersion.cmake
2025-09-30T19:09:16.5589132Z -- Up-to-date: /home/runner/work/ompl/install/share/ompl/cmake
2025-09-30T19:09:16.5589981Z -- Installing: /home/runner/work/ompl/install/share/ompl/cmake/Findcastxml.cmake
2025-09-30T19:09:16.5591345Z -- Installing: /home/runner/work/ompl/install/share/ompl/cmake/FindPython.cmake
2025-09-30T19:09:16.5593482Z -- Installing: /home/runner/work/ompl/install/share/ompl/cmake/Findyaml-cpp.cmake
2025-09-30T19:09:16.5595059Z -- Installing: /home/runner/work/ompl/install/share/ompl/cmake/Findspot.cmake
2025-09-30T19:09:16.5597076Z -- Installing: /home/runner/work/ompl/install/share/ompl/cmake/FindTriangle.cmake
2025-09-30T19:09:16.5598677Z -- Installing: /home/runner/work/ompl/install/share/ompl/cmake/Findpypy.cmake
2025-09-30T19:09:16.5601617Z -- Installing: /home/runner/work/ompl/install/lib/libompl.so.2.0.0-beta
2025-09-30T19:09:16.5721763Z -- Installing: /home/runner/work/ompl/install/lib/libompl.so.19
2025-09-30T19:09:16.5724275Z -- Set non-toolchain portion of runtime path of "/home/runner/work/ompl/install/lib/libompl.so.2.0.0-beta" to "/home/runner/work/ompl/install/lib"
2025-09-30T19:09:16.5725681Z -- Installing: /home/runner/work/ompl/install/lib/libompl.so
2025-09-30T19:09:16.5726485Z -- Installing: /home/runner/work/ompl/install/share/ompl/cmake/omplExport.cmake
2025-09-30T19:09:16.5729374Z -- Installing: /home/runner/work/ompl/install/share/ompl/cmake/omplExport-release.cmake
2025-09-30T19:09:16.5731056Z -- Installing: /home/runner/work/ompl/install/share/ompl/package.xml
2025-09-30T19:09:16.5734576Z -- Installing: /home/runner/work/ompl/install/share/ament_index/resource_index/packages/ompl
2025-09-30T19:09:16.5739886Z -- Installing: /home/runner/work/ompl/install/lib/cmake/nigh/nighTargets.cmake
2025-09-30T19:09:16.5742870Z -- Installing: /home/runner/work/ompl/install/lib/cmake/pdqsort/pdqsortTargets.cmake
2025-09-30T19:09:16.5744482Z -- Installing: /home/runner/work/ompl/install/lib/libsimdxorshift.a
2025-09-30T19:09:16.5747006Z -- Installing: /home/runner/work/ompl/install/include/ompl-2.0/vamp
2025-09-30T19:09:16.5748725Z -- Installing: /home/runner/work/ompl/install/include/ompl-2.0/vamp/vector.hh
2025-09-30T19:09:16.5750519Z -- Installing: /home/runner/work/ompl/install/include/ompl-2.0/vamp/constants.hh
2025-09-30T19:09:16.5752207Z -- Installing: /home/runner/work/ompl/install/include/ompl-2.0/vamp/collision
2025-09-30T19:09:16.5753586Z -- Installing: /home/runner/work/ompl/install/include/ompl-2.0/vamp/collision/capt.hh
2025-09-30T19:09:16.5756125Z -- Installing: /home/runner/work/ompl/install/include/ompl-2.0/vamp/collision/sphere_capsule.hh
2025-09-30T19:09:16.5757928Z -- Installing: /home/runner/work/ompl/install/include/ompl-2.0/vamp/collision/shapes_iostream.hh
2025-09-30T19:09:16.5759624Z -- Installing: /home/runner/work/ompl/install/include/ompl-2.0/vamp/collision/math.hh
2025-09-30T19:09:16.5761550Z -- Installing: /home/runner/work/ompl/install/include/ompl-2.0/vamp/collision/sphere_sphere.hh
2025-09-30T19:09:16.5763296Z -- Installing: /home/runner/work/ompl/install/include/ompl-2.0/vamp/collision/sphere_cuboid.hh
2025-09-30T19:09:16.5765081Z -- Installing: /home/runner/work/ompl/install/include/ompl-2.0/vamp/collision/environment.hh
2025-09-30T19:09:16.5767093Z -- Installing: /home/runner/work/ompl/install/include/ompl-2.0/vamp/collision/sphere_heightfield.hh
2025-09-30T19:09:16.5768796Z -- Installing: /home/runner/work/ompl/install/include/ompl-2.0/vamp/collision/filter.hh
2025-09-30T19:09:16.5771212Z -- Installing: /home/runner/work/ompl/install/include/ompl-2.0/vamp/collision/validity.hh
2025-09-30T19:09:16.5772771Z -- Installing: /home/runner/work/ompl/install/include/ompl-2.0/vamp/collision/factory.hh
2025-09-30T19:09:16.5775016Z -- Installing: /home/runner/work/ompl/install/include/ompl-2.0/vamp/collision/attachments.hh
2025-09-30T19:09:16.5776816Z -- Installing: /home/runner/work/ompl/install/include/ompl-2.0/vamp/collision/shapes.hh
2025-09-30T19:09:16.5778802Z -- Installing: /home/runner/work/ompl/install/include/ompl-2.0/vamp/random
2025-09-30T19:09:16.5779899Z -- Installing: /home/runner/work/ompl/install/include/ompl-2.0/vamp/random/halton.hh
2025-09-30T19:09:16.5782086Z -- Installing: /home/runner/work/ompl/install/include/ompl-2.0/vamp/random/distribution.hh
2025-09-30T19:09:16.5783687Z -- Installing: /home/runner/work/ompl/install/include/ompl-2.0/vamp/random/xorshift.hh
2025-09-30T19:09:16.5785470Z -- Installing: /home/runner/work/ompl/install/include/ompl-2.0/vamp/random/rng.hh
2025-09-30T19:09:16.5787500Z -- Installing: /home/runner/work/ompl/install/include/ompl-2.0/vamp/vector
2025-09-30T19:09:16.5788693Z -- Installing: /home/runner/work/ompl/install/include/ompl-2.0/vamp/vector/eigen.hh
2025-09-30T19:09:16.5790614Z -- Installing: /home/runner/work/ompl/install/include/ompl-2.0/vamp/vector/math.hh
2025-09-30T19:09:16.5792321Z -- Installing: /home/runner/work/ompl/install/include/ompl-2.0/vamp/vector/interface.hh
2025-09-30T19:09:16.5794840Z -- Installing: /home/runner/work/ompl/install/include/ompl-2.0/vamp/vector/avx.hh
2025-09-30T19:09:16.5796877Z -- Installing: /home/runner/work/ompl/install/include/ompl-2.0/vamp/vector/neon.hh
2025-09-30T19:09:16.5799149Z -- Installing: /home/runner/work/ompl/install/include/ompl-2.0/vamp/vector/utils.hh
2025-09-30T19:09:16.5800750Z -- Installing: /home/runner/work/ompl/install/include/ompl-2.0/vamp/robots
2025-09-30T19:09:16.5802016Z -- Installing: /home/runner/work/ompl/install/include/ompl-2.0/vamp/robots/baxter.hh
2025-09-30T19:09:16.5820201Z -- Installing: /home/runner/work/ompl/install/include/ompl-2.0/vamp/robots/panda.hh
2025-09-30T19:09:16.5828380Z -- Installing: /home/runner/work/ompl/install/include/ompl-2.0/vamp/robots/sphere.hh
2025-09-30T19:09:16.5829798Z -- Installing: /home/runner/work/ompl/install/include/ompl-2.0/vamp/robots/fetch.hh
2025-09-30T19:09:16.5851534Z -- Installing: /home/runner/work/ompl/install/include/ompl-2.0/vamp/robots/ur5.hh
2025-09-30T19:09:16.5857516Z -- Installing: /home/runner/work/ompl/install/include/ompl-2.0/vamp/planning
2025-09-30T19:09:16.5858468Z -- Installing: /home/runner/work/ompl/install/include/ompl-2.0/vamp/planning/validate.hh
2025-09-30T19:09:16.5860230Z -- Installing: /home/runner/work/ompl/install/include/ompl-2.0/vamp/planning/prm.hh
2025-09-30T19:09:16.5862320Z -- Installing: /home/runner/work/ompl/install/include/ompl-2.0/vamp/planning/roadmap.hh
2025-09-30T19:09:16.5864067Z -- Installing: /home/runner/work/ompl/install/include/ompl-2.0/vamp/planning/rrtc.hh
2025-09-30T19:09:16.5866210Z -- Installing: /home/runner/work/ompl/install/include/ompl-2.0/vamp/planning/aox_nn.hh
2025-09-30T19:09:16.5868785Z -- Installing: /home/runner/work/ompl/install/include/ompl-2.0/vamp/planning/simplify_settings.hh
2025-09-30T19:09:16.5870355Z -- Installing: /home/runner/work/ompl/install/include/ompl-2.0/vamp/planning/simplify.hh
2025-09-30T19:09:16.5872663Z -- Installing: /home/runner/work/ompl/install/include/ompl-2.0/vamp/planning/aorrtc_settings.hh
2025-09-30T19:09:16.5874161Z -- Installing: /home/runner/work/ompl/install/include/ompl-2.0/vamp/planning/plan.hh
2025-09-30T19:09:16.5876394Z -- Installing: /home/runner/work/ompl/install/include/ompl-2.0/vamp/planning/aorrtc.hh
2025-09-30T19:09:16.5878358Z -- Installing: /home/runner/work/ompl/install/include/ompl-2.0/vamp/planning/nn.hh
2025-09-30T19:09:16.5880221Z -- Installing: /home/runner/work/ompl/install/include/ompl-2.0/vamp/planning/rrtc_settings.hh
2025-09-30T19:09:16.5881967Z -- Installing: /home/runner/work/ompl/install/include/ompl-2.0/vamp/planning/phs.hh
2025-09-30T19:09:16.5884240Z -- Installing: /home/runner/work/ompl/install/include/ompl-2.0/vamp/planning/fcit.hh
2025-09-30T19:09:16.5886073Z -- Installing: /home/runner/work/ompl/install/include/ompl-2.0/vamp/planning/utils.hh
2025-09-30T19:09:16.5887896Z -- Installing: /home/runner/work/ompl/install/include/ompl-2.0/vamp/utils.hh
2025-09-30T19:09:16.5889566Z -- Installing: /home/runner/work/ompl/install/include/ompl-2.0/vamp/bindings
2025-09-30T19:09:16.5891051Z -- Installing: /home/runner/work/ompl/install/include/ompl-2.0/vamp/bindings/robot_helper.hh
2025-09-30T19:09:16.5894681Z -- Installing: /home/runner/work/ompl/install/share/cmake/vamp/vampConfig.cmake
2025-09-30T19:09:16.5896473Z -- Installing: /home/runner/work/ompl/install/share/cmake/vamp/vampConfigVersion.cmake
2025-09-30T19:09:16.5899025Z -- Installing: /home/runner/work/ompl/install/share/cmake/vamp/vamp_cppTargets.cmake
2025-09-30T19:09:16.5900723Z -- Installing: /home/runner/work/ompl/install/share/cmake/vamp/vamp_cppTargets-release.cmake
2025-09-30T19:09:16.5904212Z -- Installing: /home/runner/work/ompl/install/include/ompl-2.0/ompl
2025-09-30T19:09:16.5906045Z -- Installing: /home/runner/work/ompl/install/include/ompl-2.0/ompl/multilevel
2025-09-30T19:09:16.5907014Z -- Installing: /home/runner/work/ompl/install/include/ompl-2.0/ompl/multilevel/planners
2025-09-30T19:09:16.5908295Z -- Installing: /home/runner/work/ompl/install/include/ompl-2.0/ompl/multilevel/planners/qmp
2025-09-30T19:09:16.5909722Z -- Installing: /home/runner/work/ompl/install/include/ompl-2.0/ompl/multilevel/planners/qmp/QMPStarImpl.h
2025-09-30T19:09:16.5911260Z -- Installing: /home/runner/work/ompl/install/include/ompl-2.0/ompl/multilevel/planners/qmp/QMPStar.h
2025-09-30T19:09:16.5913219Z -- Installing: /home/runner/work/ompl/install/include/ompl-2.0/ompl/multilevel/planners/qmp/QMP.h
2025-09-30T19:09:16.5914884Z -- Installing: /home/runner/work/ompl/install/include/ompl-2.0/ompl/multilevel/planners/qmp/QMPImpl.h
2025-09-30T19:09:16.5917384Z -- Installing: /home/runner/work/ompl/install/include/ompl-2.0/ompl/multilevel/planners/qrrt
2025-09-30T19:09:16.5918686Z -- Installing: /home/runner/work/ompl/install/include/ompl-2.0/ompl/multilevel/planners/qrrt/QRRTStar.h
2025-09-30T19:09:16.5920288Z -- Installing: /home/runner/work/ompl/install/include/ompl-2.0/ompl/multilevel/planners/qrrt/QRRTImpl.h
2025-09-30T19:09:16.5922223Z -- Installing: /home/runner/work/ompl/install/include/ompl-2.0/ompl/multilevel/planners/qrrt/QRRT.h
2025-09-30T19:09:16.5923950Z -- Installing: /home/runner/work/ompl/install/include/ompl-2.0/ompl/multilevel/planners/qrrt/QRRTStarImpl.h
2025-09-30T19:09:16.5926120Z -- Installing: /home/runner/work/ompl/install/include/ompl-2.0/ompl/multilevel/datastructures
2025-09-30T19:09:16.5927399Z -- Installing: /home/runner/work/ompl/install/include/ompl-2.0/ompl/multilevel/datastructures/Parameter.h
2025-09-30T19:09:16.5929377Z -- Installing: /home/runner/work/ompl/install/include/ompl-2.0/ompl/multilevel/datastructures/Projection.h
2025-09-30T19:09:16.5931031Z -- Installing: /home/runner/work/ompl/install/include/ompl-2.0/ompl/multilevel/datastructures/metrics
2025-09-30T19:09:16.5932417Z -- Installing: /home/runner/work/ompl/install/include/ompl-2.0/ompl/multilevel/datastructures/metrics/Geodesic.h
2025-09-30T19:09:16.5934446Z -- Installing: /home/runner/work/ompl/install/include/ompl-2.0/ompl/multilevel/datastructures/metrics/BundleSpaceMetric.h
2025-09-30T19:09:16.5936259Z -- Installing: /home/runner/work/ompl/install/include/ompl-2.0/ompl/multilevel/datastructures/graphsampler
2025-09-30T19:09:16.5937643Z -- Installing: /home/runner/work/ompl/install/include/ompl-2.0/ompl/multilevel/datastructures/graphsampler/RandomEdge.h
2025-09-30T19:09:16.5939580Z -- Installing: /home/runner/work/ompl/install/include/ompl-2.0/ompl/multilevel/datastructures/graphsampler/RandomDegreeVertex.h
2025-09-30T19:09:16.5941417Z -- Installing: /home/runner/work/ompl/install/include/ompl-2.0/ompl/multilevel/datastructures/graphsampler/RandomVertex.h
2025-09-30T19:09:16.5943405Z -- Installing: /home/runner/work/ompl/install/include/ompl-2.0/ompl/multilevel/datastructures/graphsampler/GraphSampler.h
2025-09-30T19:09:16.5945045Z -- Installing: /home/runner/work/ompl/install/include/ompl-2.0/ompl/multilevel/datastructures/ProjectionFactory.h
2025-09-30T19:09:16.5947431Z -- Installing: /home/runner/work/ompl/install/include/ompl-2.0/ompl/multilevel/datastructures/ParameterExponentialDecay.h
2025-09-30T19:09:16.5948881Z -- Installing: /home/runner/work/ompl/install/include/ompl-2.0/ompl/multilevel/datastructures/projections
2025-09-30T19:09:16.5950392Z -- Installing: /home/runner/work/ompl/install/include/ompl-2.0/ompl/multilevel/datastructures/projections/EmptySet.h
2025-09-30T19:09:16.5952178Z -- Installing: /home/runner/work/ompl/install/include/ompl-2.0/ompl/multilevel/datastructures/projections/XRN_X.h
2025-09-30T19:09:16.5953997Z -- Installing: /home/runner/work/ompl/install/include/ompl-2.0/ompl/multilevel/datastructures/projections/XRN_X_SO2.h
2025-09-30T19:09:16.5955982Z -- Installing: /home/runner/work/ompl/install/include/ompl-2.0/ompl/multilevel/datastructures/projections/SO2N_SO2M.h
2025-09-30T19:09:16.5958073Z -- Installing: /home/runner/work/ompl/install/include/ompl-2.0/ompl/multilevel/datastructures/projections/None.h
2025-09-30T19:09:16.5959818Z -- Installing: /home/runner/work/ompl/install/include/ompl-2.0/ompl/multilevel/datastructures/projections/FiberedProjection.h
2025-09-30T19:09:16.5961596Z -- Installing: /home/runner/work/ompl/install/include/ompl-2.0/ompl/multilevel/datastructures/projections/Relaxation.h
2025-09-30T19:09:16.5963621Z -- Installing: /home/runner/work/ompl/install/include/ompl-2.0/ompl/multilevel/datastructures/projections/SE2RN_R2.h
2025-09-30T19:09:16.5965260Z -- Installing: /home/runner/work/ompl/install/include/ompl-2.0/ompl/multilevel/datastructures/projections/Identity.h
2025-09-30T19:09:16.5967457Z -- Installing: /home/runner/work/ompl/install/include/ompl-2.0/ompl/multilevel/datastructures/projections/XRN_X_SE3.h
2025-09-30T19:09:16.5969109Z -- Installing: /home/runner/work/ompl/install/include/ompl-2.0/ompl/multilevel/datastructures/projections/SE3RN_R3.h
2025-09-30T19:09:16.5971095Z -- Installing: /home/runner/work/ompl/install/include/ompl-2.0/ompl/multilevel/datastructures/projections/XRN_XRM_SO3.h
2025-09-30T19:09:16.5972775Z -- Installing: /home/runner/work/ompl/install/include/ompl-2.0/ompl/multilevel/datastructures/projections/XRN_XRM.h
2025-09-30T19:09:16.5974637Z -- Installing: /home/runner/work/ompl/install/include/ompl-2.0/ompl/multilevel/datastructures/projections/XRN_XRM_SE3.h
2025-09-30T19:09:16.5976704Z -- Installing: /home/runner/work/ompl/install/include/ompl-2.0/ompl/multilevel/datastructures/projections/XRN_XRM_SO2.h
2025-09-30T19:09:16.5978443Z -- Installing: /home/runner/work/ompl/install/include/ompl-2.0/ompl/multilevel/datastructures/projections/XRN_XRM_SE2.h
2025-09-30T19:09:16.5980239Z -- Installing: /home/runner/work/ompl/install/include/ompl-2.0/ompl/multilevel/datastructures/projections/XRN_X_SO3.h
2025-09-30T19:09:16.5982100Z -- Installing: /home/runner/work/ompl/install/include/ompl-2.0/ompl/multilevel/datastructures/projections/RNSO2_RN.h
2025-09-30T19:09:16.5983879Z -- Installing: /home/runner/work/ompl/install/include/ompl-2.0/ompl/multilevel/datastructures/projections/RN_RM.h
2025-09-30T19:09:16.5986064Z -- Installing: /home/runner/work/ompl/install/include/ompl-2.0/ompl/multilevel/datastructures/projections/SE2_R2.h
2025-09-30T19:09:16.5987809Z -- Installing: /home/runner/work/ompl/install/include/ompl-2.0/ompl/multilevel/datastructures/projections/SE3_R3.h
2025-09-30T19:09:16.5989913Z -- Installing: /home/runner/work/ompl/install/include/ompl-2.0/ompl/multilevel/datastructures/projections/XRN_X_SE2.h
2025-09-30T19:09:16.5991579Z -- Installing: /home/runner/work/ompl/install/include/ompl-2.0/ompl/multilevel/datastructures/BundleSpaceGraph.h
2025-09-30T19:09:16.5993600Z -- Installing: /home/runner/work/ompl/install/include/ompl-2.0/ompl/multilevel/datastructures/BundleSpace.h
2025-09-30T19:09:16.5995716Z -- Installing: /home/runner/work/ompl/install/include/ompl-2.0/ompl/multilevel/datastructures/ProjectionTypes.h
2025-09-30T19:09:16.5998398Z -- Installing: /home/runner/work/ompl/install/include/ompl-2.0/ompl/multilevel/datastructures/PlannerDataVertexAnnotated.h
2025-09-30T19:09:16.5999870Z -- Installing: /home/runner/work/ompl/install/include/ompl-2.0/ompl/multilevel/datastructures/pathrestriction
2025-09-30T19:09:16.6001582Z -- Installing: /home/runner/work/ompl/install/include/ompl-2.0/ompl/multilevel/datastructures/pathrestriction/PathSection.h
2025-09-30T19:09:16.6003129Z -- Installing: /home/runner/work/ompl/install/include/ompl-2.0/ompl/multilevel/datastructures/pathrestriction/FindSectionTypes.h
2025-09-30T19:09:16.6004833Z -- Installing: /home/runner/work/ompl/install/include/ompl-2.0/ompl/multilevel/datastructures/pathrestriction/PathRestriction.h
2025-09-30T19:09:16.6006883Z -- Installing: /home/runner/work/ompl/install/include/ompl-2.0/ompl/multilevel/datastructures/pathrestriction/FindSectionSideStep.h
2025-09-30T19:09:16.6008616Z -- Installing: /home/runner/work/ompl/install/include/ompl-2.0/ompl/multilevel/datastructures/pathrestriction/FindSection.h
2025-09-30T19:09:16.6010408Z -- Installing: /home/runner/work/ompl/install/include/ompl-2.0/ompl/multilevel/datastructures/pathrestriction/Head.h
2025-09-30T19:09:16.6012455Z -- Installing: /home/runner/work/ompl/install/include/ompl-2.0/ompl/multilevel/datastructures/pathrestriction/HeadAnalyzer.h
2025-09-30T19:09:16.6014216Z -- Installing: /home/runner/work/ompl/install/include/ompl-2.0/ompl/multilevel/datastructures/BundleSpaceSequenceImpl.h
2025-09-30T19:09:16.6016220Z -- Installing: /home/runner/work/ompl/install/include/ompl-2.0/ompl/multilevel/datastructures/importance
2025-09-30T19:09:16.6017650Z -- Installing: /home/runner/work/ompl/install/include/ompl-2.0/ompl/multilevel/datastructures/importance/Exponential.h
2025-09-30T19:09:16.6019513Z -- Installing: /home/runner/work/ompl/install/include/ompl-2.0/ompl/multilevel/datastructures/importance/BundleSpaceImportance.h
2025-09-30T19:09:16.6021184Z -- Installing: /home/runner/work/ompl/install/include/ompl-2.0/ompl/multilevel/datastructures/importance/Greedy.h
2025-09-30T19:09:16.6022948Z -- Installing: /home/runner/work/ompl/install/include/ompl-2.0/ompl/multilevel/datastructures/importance/Uniform.h
2025-09-30T19:09:16.6024995Z -- Installing: /home/runner/work/ompl/install/include/ompl-2.0/ompl/multilevel/datastructures/PlannerMultiLevel.h
2025-09-30T19:09:16.6026680Z -- Installing: /home/runner/work/ompl/install/include/ompl-2.0/ompl/multilevel/datastructures/propagators
2025-09-30T19:09:16.6028093Z -- Installing: /home/runner/work/ompl/install/include/ompl-2.0/ompl/multilevel/datastructures/propagators/Geometric.h
2025-09-30T19:09:16.6029988Z -- Installing: /home/runner/work/ompl/install/include/ompl-2.0/ompl/multilevel/datastructures/propagators/BundleSpacePropagator.h
2025-09-30T19:09:16.6031685Z -- Installing: /home/runner/work/ompl/install/include/ompl-2.0/ompl/multilevel/datastructures/BundleSpaceSequence.h
2025-09-30T19:09:16.6033708Z -- Installing: /home/runner/work/ompl/install/include/ompl-2.0/ompl/multilevel/datastructures/ParameterSmoothStep.h
2025-09-30T19:09:16.6035054Z -- Installing: /home/runner/work/ompl/install/include/ompl-2.0/ompl/extensions
2025-09-30T19:09:16.6036836Z -- Installing: /home/runner/work/ompl/install/include/ompl-2.0/ompl/extensions/triangle
2025-09-30T19:09:16.6038134Z -- Installing: /home/runner/work/ompl/install/include/ompl-2.0/ompl/extensions/triangle/PropositionalTriangularDecomposition.h
2025-09-30T19:09:16.6039972Z -- Installing: /home/runner/work/ompl/install/include/ompl-2.0/ompl/extensions/triangle/TriangularDecomposition.h
2025-09-30T19:09:16.6041587Z -- Installing: /home/runner/work/ompl/install/include/ompl-2.0/ompl/datastructures
2025-09-30T19:09:16.6042993Z -- Installing: /home/runner/work/ompl/install/include/ompl-2.0/ompl/datastructures/NearestNeighborsLinear.h
2025-09-30T19:09:16.6044810Z -- Installing: /home/runner/work/ompl/install/include/ompl-2.0/ompl/datastructures/GreedyKCenters.h
2025-09-30T19:09:16.6046910Z -- Installing: /home/runner/work/ompl/install/include/ompl-2.0/ompl/datastructures/NearestNeighbors.h
2025-09-30T19:09:16.6048398Z -- Installing: /home/runner/work/ompl/install/include/ompl-2.0/ompl/datastructures/GridN.h
2025-09-30T19:09:16.6050278Z -- Installing: /home/runner/work/ompl/install/include/ompl-2.0/ompl/datastructures/PDF.h
2025-09-30T19:09:16.6052306Z -- Installing: /home/runner/work/ompl/install/include/ompl-2.0/ompl/datastructures/AdjacencyList.h
2025-09-30T19:09:16.6053774Z -- Installing: /home/runner/work/ompl/install/include/ompl-2.0/ompl/datastructures/NearestNeighborsSqrtApprox.h
2025-09-30T19:09:16.6056779Z -- Installing: /home/runner/work/ompl/install/include/ompl-2.0/ompl/datastructures/NearestNeighborsGNATNoThreadSafety.h
2025-09-30T19:09:16.6058741Z -- Installing: /home/runner/work/ompl/install/include/ompl-2.0/ompl/datastructures/LPAstarOnGraph.h
2025-09-30T19:09:16.6060499Z -- Installing: /home/runner/work/ompl/install/include/ompl-2.0/ompl/datastructures/NearestNeighborsFLANN.h
2025-09-30T19:09:16.6062560Z -- Installing: /home/runner/work/ompl/install/include/ompl-2.0/ompl/datastructures/DynamicSSSP.h
2025-09-30T19:09:16.6064223Z -- Installing: /home/runner/work/ompl/install/include/ompl-2.0/ompl/datastructures/Grid.h
2025-09-30T19:09:16.6066504Z -- Installing: /home/runner/work/ompl/install/include/ompl-2.0/ompl/datastructures/GridB.h
2025-09-30T19:09:16.6068471Z -- Installing: /home/runner/work/ompl/install/include/ompl-2.0/ompl/datastructures/Permutation.h
2025-09-30T19:09:16.6070074Z -- Installing: /home/runner/work/ompl/install/include/ompl-2.0/ompl/datastructures/BinaryHeap.h
2025-09-30T19:09:16.6072211Z -- Installing: /home/runner/work/ompl/install/include/ompl-2.0/ompl/datastructures/NearestNeighborsGNAT.h
2025-09-30T19:09:16.6074005Z -- Installing: /home/runner/work/ompl/install/include/ompl-2.0/ompl/tools
2025-09-30T19:09:16.6075287Z -- Installing: /home/runner/work/ompl/install/include/ompl-2.0/ompl/tools/benchmark
2025-09-30T19:09:16.6076798Z -- Installing: /home/runner/work/ompl/install/include/ompl-2.0/ompl/tools/benchmark/Benchmark.h
2025-09-30T19:09:16.6078802Z -- Installing: /home/runner/work/ompl/install/include/ompl-2.0/ompl/tools/benchmark/MachineSpecs.h
2025-09-30T19:09:16.6080354Z -- Installing: /home/runner/work/ompl/install/include/ompl-2.0/ompl/tools/multiplan
2025-09-30T19:09:16.6081657Z -- Installing: /home/runner/work/ompl/install/include/ompl-2.0/ompl/tools/multiplan/ParallelPlan.h
2025-09-30T19:09:16.6083621Z -- Installing: /home/runner/work/ompl/install/include/ompl-2.0/ompl/tools/multiplan/OptimizePlan.h
2025-09-30T19:09:16.6085120Z -- Installing: /home/runner/work/ompl/install/include/ompl-2.0/ompl/tools/thunder
2025-09-30T19:09:16.6086584Z -- Installing: /home/runner/work/ompl/install/include/ompl-2.0/ompl/tools/thunder/SPARSdb.h
2025-09-30T19:09:16.6088794Z -- Installing: /home/runner/work/ompl/install/include/ompl-2.0/ompl/tools/thunder/ThunderDB.h
2025-09-30T19:09:16.6090576Z -- Installing: /home/runner/work/ompl/install/include/ompl-2.0/ompl/tools/thunder/Thunder.h
2025-09-30T19:09:16.6092379Z -- Installing: /home/runner/work/ompl/install/include/ompl-2.0/ompl/tools/lightning
2025-09-30T19:09:16.6093561Z -- Installing: /home/runner/work/ompl/install/include/ompl-2.0/ompl/tools/lightning/Lightning.h
2025-09-30T19:09:16.6095681Z -- Installing: /home/runner/work/ompl/install/include/ompl-2.0/ompl/tools/lightning/LightningDB.h
2025-09-30T19:09:16.6097654Z -- Installing: /home/runner/work/ompl/install/include/ompl-2.0/ompl/tools/lightning/DynamicTimeWarp.h
2025-09-30T19:09:16.6099179Z -- Installing: /home/runner/work/ompl/install/include/ompl-2.0/ompl/tools/config
2025-09-30T19:09:16.6100509Z -- Installing: /home/runner/work/ompl/install/include/ompl-2.0/ompl/tools/config/SelfConfig.h
2025-09-30T19:09:16.6102546Z -- Installing: /home/runner/work/ompl/install/include/ompl-2.0/ompl/tools/config/MagicConstants.h
2025-09-30T19:09:16.6104110Z -- Installing: /home/runner/work/ompl/install/include/ompl-2.0/ompl/tools/experience
2025-09-30T19:09:16.6105760Z -- Installing: /home/runner/work/ompl/install/include/ompl-2.0/ompl/tools/experience/ExperienceSetup.h
2025-09-30T19:09:16.6107594Z -- Installing: /home/runner/work/ompl/install/include/ompl-2.0/ompl/tools/debug
2025-09-30T19:09:16.6108720Z -- Installing: /home/runner/work/ompl/install/include/ompl-2.0/ompl/tools/debug/PlannerMonitor.h
2025-09-30T19:09:16.6110624Z -- Installing: /home/runner/work/ompl/install/include/ompl-2.0/ompl/tools/debug/Profiler.h
2025-09-30T19:09:16.6112348Z -- Installing: /home/runner/work/ompl/install/include/ompl-2.0/ompl/base
2025-09-30T19:09:16.6113634Z -- Installing: /home/runner/work/ompl/install/include/ompl-2.0/ompl/base/goals
2025-09-30T19:09:16.6114945Z -- Installing: /home/runner/work/ompl/install/include/ompl-2.0/ompl/base/goals/GoalState.h
2025-09-30T19:09:16.6117101Z -- Installing: /home/runner/work/ompl/install/include/ompl-2.0/ompl/base/goals/GoalSampleableRegion.h
2025-09-30T19:09:16.6118658Z -- Installing: /home/runner/work/ompl/install/include/ompl-2.0/ompl/base/goals/GoalSpace.h
2025-09-30T19:09:16.6120549Z -- Installing: /home/runner/work/ompl/install/include/ompl-2.0/ompl/base/goals/GoalRegion.h
2025-09-30T19:09:16.6122160Z -- Installing: /home/runner/work/ompl/install/include/ompl-2.0/ompl/base/goals/GoalStates.h
2025-09-30T19:09:16.6124047Z -- Installing: /home/runner/work/ompl/install/include/ompl-2.0/ompl/base/goals/GoalLazySamples.h
2025-09-30T19:09:16.6126014Z -- Installing: /home/runner/work/ompl/install/include/ompl-2.0/ompl/base/StateSampler.h
2025-09-30T19:09:16.6127932Z -- Installing: /home/runner/work/ompl/install/include/ompl-2.0/ompl/base/StateSpaceTypes.h
2025-09-30T19:09:16.6129591Z -- Installing: /home/runner/work/ompl/install/include/ompl-2.0/ompl/base/StateValidityChecker.h
2025-09-30T19:09:16.6131549Z -- Installing: /home/runner/work/ompl/install/include/ompl-2.0/ompl/base/PlannerStatus.h
2025-09-30T19:09:16.6133045Z -- Installing: /home/runner/work/ompl/install/include/ompl-2.0/ompl/base/Goal.h
2025-09-30T19:09:16.6135088Z -- Installing: /home/runner/work/ompl/install/include/ompl-2.0/ompl/base/TypedSpaceInformation.h
2025-09-30T19:09:16.6136793Z -- Installing: /home/runner/work/ompl/install/include/ompl-2.0/ompl/base/spaces
2025-09-30T19:09:16.6138221Z -- Installing: /home/runner/work/ompl/install/include/ompl-2.0/ompl/base/spaces/OwenStateSpace.h
2025-09-30T19:09:16.6140236Z -- Installing: /home/runner/work/ompl/install/include/ompl-2.0/ompl/base/spaces/VAMPStateSpace.h
2025-09-30T19:09:16.6142121Z -- Installing: /home/runner/work/ompl/install/include/ompl-2.0/ompl/base/spaces/RealVectorBounds.h
2025-09-30T19:09:16.6143638Z -- Installing: /home/runner/work/ompl/install/include/ompl-2.0/ompl/base/spaces/special
2025-09-30T19:09:16.6145025Z -- Installing: /home/runner/work/ompl/install/include/ompl-2.0/ompl/base/spaces/special/MobiusStateSpace.h
2025-09-30T19:09:16.6147317Z -- Installing: /home/runner/work/ompl/install/include/ompl-2.0/ompl/base/spaces/special/TorusStateSpace.h
2025-09-30T19:09:16.6149014Z -- Installing: /home/runner/work/ompl/install/include/ompl-2.0/ompl/base/spaces/special/KleinBottleStateSpace.h
2025-09-30T19:09:16.6150756Z -- Installing: /home/runner/work/ompl/install/include/ompl-2.0/ompl/base/spaces/special/SphereStateSpace.h
2025-09-30T19:09:16.6152715Z -- Installing: /home/runner/work/ompl/install/include/ompl-2.0/ompl/base/spaces/HybridTimeStateSpace.h
2025-09-30T19:09:16.6154502Z -- Installing: /home/runner/work/ompl/install/include/ompl-2.0/ompl/base/spaces/DubinsStateSpace.h
2025-09-30T19:09:16.6156748Z -- Installing: /home/runner/work/ompl/install/include/ompl-2.0/ompl/base/spaces/RealVectorStateProjections.h
2025-09-30T19:09:16.6158780Z -- Installing: /home/runner/work/ompl/install/include/ompl-2.0/ompl/base/spaces/VanaStateSpace.h
2025-09-30T19:09:16.6160853Z -- Installing: /home/runner/work/ompl/install/include/ompl-2.0/ompl/base/spaces/SO2StateSpace.h
2025-09-30T19:09:16.6162452Z -- Installing: /home/runner/work/ompl/install/include/ompl-2.0/ompl/base/spaces/SpaceTimeStateSpace.h
2025-09-30T19:09:16.6164584Z -- Installing: /home/runner/work/ompl/install/include/ompl-2.0/ompl/base/spaces/EmptyStateSpace.h
2025-09-30T19:09:16.6166194Z -- Installing: /home/runner/work/ompl/install/include/ompl-2.0/ompl/base/spaces/SO3StateSpace.h
2025-09-30T19:09:16.6168234Z -- Installing: /home/runner/work/ompl/install/include/ompl-2.0/ompl/base/spaces/TrochoidStateSpace.h
2025-09-30T19:09:16.6169960Z -- Installing: /home/runner/work/ompl/install/include/ompl-2.0/ompl/base/spaces/Dubins3DMotionValidator.h
2025-09-30T19:09:16.6171937Z -- Installing: /home/runner/work/ompl/install/include/ompl-2.0/ompl/base/spaces/TimeStateSpace.h
2025-09-30T19:09:16.6173666Z -- Installing: /home/runner/work/ompl/install/include/ompl-2.0/ompl/base/spaces/DubinsMotionValidator.h
2025-09-30T19:09:16.6175786Z -- Installing: /home/runner/work/ompl/install/include/ompl-2.0/ompl/base/spaces/HybridStateSpace.h
2025-09-30T19:09:16.6177771Z -- Installing: /home/runner/work/ompl/install/include/ompl-2.0/ompl/base/spaces/WrapperStateSpace.h
2025-09-30T19:09:16.6179738Z -- Installing: /home/runner/work/ompl/install/include/ompl-2.0/ompl/base/spaces/RealVectorStateSpace.h
2025-09-30T19:09:16.6181565Z -- Installing: /home/runner/work/ompl/install/include/ompl-2.0/ompl/base/spaces/SE3StateSpace.h
2025-09-30T19:09:16.6183549Z -- Installing: /home/runner/work/ompl/install/include/ompl-2.0/ompl/base/spaces/ReedsSheppStateSpace.h
2025-09-30T19:09:16.6185156Z -- Installing: /home/runner/work/ompl/install/include/ompl-2.0/ompl/base/spaces/constraint
2025-09-30T19:09:16.6186678Z -- Installing: /home/runner/work/ompl/install/include/ompl-2.0/ompl/base/spaces/constraint/ProjectedStateSpace.h
2025-09-30T19:09:16.6188936Z -- Installing: /home/runner/work/ompl/install/include/ompl-2.0/ompl/base/spaces/constraint/ConstrainedStateSpace.h
2025-09-30T19:09:16.6190657Z -- Installing: /home/runner/work/ompl/install/include/ompl-2.0/ompl/base/spaces/constraint/AtlasChart.h
2025-09-30T19:09:16.6192800Z -- Installing: /home/runner/work/ompl/install/include/ompl-2.0/ompl/base/spaces/constraint/TangentBundleStateSpace.h
2025-09-30T19:09:16.6194502Z -- Installing: /home/runner/work/ompl/install/include/ompl-2.0/ompl/base/spaces/constraint/AtlasStateSpace.h
2025-09-30T19:09:16.6196762Z -- Installing: /home/runner/work/ompl/install/include/ompl-2.0/ompl/base/spaces/DiscreteStateSpace.h
2025-09-30T19:09:16.6198479Z -- Installing: /home/runner/work/ompl/install/include/ompl-2.0/ompl/base/spaces/SE2StateSpace.h
2025-09-30T19:09:16.6200484Z -- Installing: /home/runner/work/ompl/install/include/ompl-2.0/ompl/base/spaces/VanaOwenStateSpace.h
2025-09-30T19:09:16.6202386Z -- Installing: /home/runner/work/ompl/install/include/ompl-2.0/ompl/base/StateSpace.h
2025-09-30T19:09:16.6204569Z -- Installing: /home/runner/work/ompl/install/include/ompl-2.0/ompl/base/MotionValidator.h
2025-09-30T19:09:16.6206540Z -- Installing: /home/runner/work/ompl/install/include/ompl-2.0/ompl/base/PlannerDataGraph.h
2025-09-30T19:09:16.6208161Z -- Installing: /home/runner/work/ompl/install/include/ompl-2.0/ompl/base/ProjectionEvaluator.h
2025-09-30T19:09:16.6210177Z -- Installing: /home/runner/work/ompl/install/include/ompl-2.0/ompl/base/StateSamplerArray.h
2025-09-30T19:09:16.6211692Z -- Installing: /home/runner/work/ompl/install/include/ompl-2.0/ompl/base/samplers
2025-09-30T19:09:16.6213158Z -- Installing: /home/runner/work/ompl/install/include/ompl-2.0/ompl/base/samplers/UniformValidStateSampler.h
2025-09-30T19:09:16.6214833Z -- Installing: /home/runner/work/ompl/install/include/ompl-2.0/ompl/base/samplers/deterministic
2025-09-30T19:09:16.6216335Z -- Installing: /home/runner/work/ompl/install/include/ompl-2.0/ompl/base/samplers/deterministic/PrecomputedSequence.h
2025-09-30T19:09:16.6218514Z -- Installing: /home/runner/work/ompl/install/include/ompl-2.0/ompl/base/samplers/deterministic/DeterministicSequence.h
2025-09-30T19:09:16.6220213Z -- Installing: /home/runner/work/ompl/install/include/ompl-2.0/ompl/base/samplers/deterministic/HaltonSequence.h
2025-09-30T19:09:16.6222425Z -- Installing: /home/runner/work/ompl/install/include/ompl-2.0/ompl/base/samplers/BridgeTestValidStateSampler.h
2025-09-30T19:09:16.6223897Z -- Installing: /home/runner/work/ompl/install/include/ompl-2.0/ompl/base/samplers/ObstacleBasedValidStateSampler.h
2025-09-30T19:09:16.6225717Z -- Installing: /home/runner/work/ompl/install/include/ompl-2.0/ompl/base/samplers/ConditionalStateSampler.h
2025-09-30T19:09:16.6227874Z -- Installing: /home/runner/work/ompl/install/include/ompl-2.0/ompl/base/samplers/InformedStateSampler.h
2025-09-30T19:09:16.6229652Z -- Installing: /home/runner/work/ompl/install/include/ompl-2.0/ompl/base/samplers/DeterministicStateSampler.h
2025-09-30T19:09:16.6231581Z -- Installing: /home/runner/work/ompl/install/include/ompl-2.0/ompl/base/samplers/informed
2025-09-30T19:09:16.6232930Z -- Installing: /home/runner/work/ompl/install/include/ompl-2.0/ompl/base/samplers/informed/PathLengthDirectInfSampler.h
2025-09-30T19:09:16.6234903Z -- Installing: /home/runner/work/ompl/install/include/ompl-2.0/ompl/base/samplers/informed/RejectionInfSampler.h
2025-09-30T19:09:16.6236683Z -- Installing: /home/runner/work/ompl/install/include/ompl-2.0/ompl/base/samplers/informed/OrderedInfSampler.h
2025-09-30T19:09:16.6238783Z -- Installing: /home/runner/work/ompl/install/include/ompl-2.0/ompl/base/samplers/GaussianValidStateSampler.h
2025-09-30T19:09:16.6240533Z -- Installing: /home/runner/work/ompl/install/include/ompl-2.0/ompl/base/samplers/MinimumClearanceValidStateSampler.h
2025-09-30T19:09:16.6242402Z -- Installing: /home/runner/work/ompl/install/include/ompl-2.0/ompl/base/samplers/MaximizeClearanceValidStateSampler.h
2025-09-30T19:09:16.6243954Z -- Installing: /home/runner/work/ompl/install/include/ompl-2.0/ompl/base/GenericParam.h
2025-09-30T19:09:16.6246065Z -- Installing: /home/runner/work/ompl/install/include/ompl-2.0/ompl/base/State.h
2025-09-30T19:09:16.6247997Z -- Installing: /home/runner/work/ompl/install/include/ompl-2.0/ompl/base/GoalTypes.h
2025-09-30T19:09:16.6249719Z -- Installing: /home/runner/work/ompl/install/include/ompl-2.0/ompl/base/PlannerTerminationCondition.h
2025-09-30T19:09:16.6251706Z -- Installing: /home/runner/work/ompl/install/include/ompl-2.0/ompl/base/SolutionNonExistenceProof.h
2025-09-30T19:09:16.6253229Z -- Installing: /home/runner/work/ompl/install/include/ompl-2.0/ompl/base/StateStorage.h
2025-09-30T19:09:16.6255187Z -- Installing: /home/runner/work/ompl/install/include/ompl-2.0/ompl/base/objectives
2025-09-30T19:09:16.6256648Z -- Installing: /home/runner/work/ompl/install/include/ompl-2.0/ompl/base/objectives/StateCostIntegralObjective.h
2025-09-30T19:09:16.6258795Z -- Installing: /home/runner/work/ompl/install/include/ompl-2.0/ompl/base/objectives/MechanicalWorkOptimizationObjective.h
2025-09-30T19:09:16.6260437Z -- Installing: /home/runner/work/ompl/install/include/ompl-2.0/ompl/base/objectives/ControlDurationObjective.h
2025-09-30T19:09:16.6262070Z -- Installing: /home/runner/work/ompl/install/include/ompl-2.0/ompl/base/objectives/MinimaxObjective.h
2025-09-30T19:09:16.6264082Z -- Installing: /home/runner/work/ompl/install/include/ompl-2.0/ompl/base/objectives/PathLengthOptimizationObjective.h
2025-09-30T19:09:16.6265737Z -- Installing: /home/runner/work/ompl/install/include/ompl-2.0/ompl/base/objectives/MinimizeArrivalTime.h
2025-09-30T19:09:16.6268097Z -- Installing: /home/runner/work/ompl/install/include/ompl-2.0/ompl/base/objectives/VFUpstreamCriterionOptimizationObjective.h
2025-09-30T19:09:16.6269741Z -- Installing: /home/runner/work/ompl/install/include/ompl-2.0/ompl/base/objectives/VFMechanicalWorkOptimizationObjective.h
2025-09-30T19:09:16.6271471Z -- Installing: /home/runner/work/ompl/install/include/ompl-2.0/ompl/base/objectives/MaximizeMinClearanceObjective.h
2025-09-30T19:09:16.6273154Z -- Installing: /home/runner/work/ompl/install/include/ompl-2.0/ompl/base/terminationconditions
2025-09-30T19:09:16.6274734Z -- Installing: /home/runner/work/ompl/install/include/ompl-2.0/ompl/base/terminationconditions/CostConvergenceTerminationCondition.h
2025-09-30T19:09:16.6276852Z -- Installing: /home/runner/work/ompl/install/include/ompl-2.0/ompl/base/terminationconditions/IterationTerminationCondition.h
2025-09-30T19:09:16.6278415Z -- Installing: /home/runner/work/ompl/install/include/ompl-2.0/ompl/base/TypedStateValidityChecker.h
2025-09-30T19:09:16.6280221Z -- Installing: /home/runner/work/ompl/install/include/ompl-2.0/ompl/base/PlannerData.h
2025-09-30T19:09:16.6282259Z -- Installing: /home/runner/work/ompl/install/include/ompl-2.0/ompl/base/ProblemDefinition.h
2025-09-30T19:09:16.6284172Z -- Installing: /home/runner/work/ompl/install/include/ompl-2.0/ompl/base/Path.h
2025-09-30T19:09:16.6286281Z -- Installing: /home/runner/work/ompl/install/include/ompl-2.0/ompl/base/ValidStateSampler.h
2025-09-30T19:09:16.6288145Z -- Installing: /home/runner/work/ompl/install/include/ompl-2.0/ompl/base/ScopedState.h
2025-09-30T19:09:16.6290203Z -- Installing: /home/runner/work/ompl/install/include/ompl-2.0/ompl/base/PlannerDataStorage.h
2025-09-30T19:09:16.6292212Z -- Installing: /home/runner/work/ompl/install/include/ompl-2.0/ompl/base/DiscreteMotionValidator.h
2025-09-30T19:09:16.6293734Z -- Installing: /home/runner/work/ompl/install/include/ompl-2.0/ompl/base/Cost.h
2025-09-30T19:09:16.6295857Z -- Installing: /home/runner/work/ompl/install/include/ompl-2.0/ompl/base/SpaceInformation.h
2025-09-30T19:09:16.6298015Z -- Installing: /home/runner/work/ompl/install/include/ompl-2.0/ompl/base/Constraint.h
2025-09-30T19:09:16.6300133Z -- Installing: /home/runner/work/ompl/install/include/ompl-2.0/ompl/base/ConstrainedSpaceInformation.h
2025-09-30T19:09:16.6301807Z -- Installing: /home/runner/work/ompl/install/include/ompl-2.0/ompl/base/PrecomputedStateSampler.h
2025-09-30T19:09:16.6303751Z -- Installing: /home/runner/work/ompl/install/include/ompl-2.0/ompl/base/OptimizationObjective.h
2025-09-30T19:09:16.6305881Z -- Installing: /home/runner/work/ompl/install/include/ompl-2.0/ompl/base/Planner.h
2025-09-30T19:09:16.6307803Z -- Installing: /home/runner/work/ompl/install/include/ompl-2.0/ompl/geometric
2025-09-30T19:09:16.6308997Z -- Installing: /home/runner/work/ompl/install/include/ompl-2.0/ompl/geometric/planners
2025-09-30T19:09:16.6310380Z -- Installing: /home/runner/work/ompl/install/include/ompl-2.0/ompl/geometric/planners/informedtrees
2025-09-30T19:09:16.6311707Z -- Installing: /home/runner/work/ompl/install/include/ompl-2.0/ompl/geometric/planners/informedtrees/bitstar
2025-09-30T19:09:16.6313120Z -- Installing: /home/runner/work/ompl/install/include/ompl-2.0/ompl/geometric/planners/informedtrees/bitstar/Vertex.h
2025-09-30T19:09:16.6315372Z -- Installing: /home/runner/work/ompl/install/include/ompl-2.0/ompl/geometric/planners/informedtrees/bitstar/SearchQueue.h
2025-09-30T19:09:16.6317333Z -- Installing: /home/runner/work/ompl/install/include/ompl-2.0/ompl/geometric/planners/informedtrees/bitstar/IdGenerator.h
2025-09-30T19:09:16.6319216Z -- Installing: /home/runner/work/ompl/install/include/ompl-2.0/ompl/geometric/planners/informedtrees/bitstar/HelperFunctions.h
2025-09-30T19:09:16.6321055Z -- Installing: /home/runner/work/ompl/install/include/ompl-2.0/ompl/geometric/planners/informedtrees/bitstar/CostHelper.h
2025-09-30T19:09:16.6323202Z -- Installing: /home/runner/work/ompl/install/include/ompl-2.0/ompl/geometric/planners/informedtrees/bitstar/ImplicitGraph.h
2025-09-30T19:09:16.6325155Z -- Installing: /home/runner/work/ompl/install/include/ompl-2.0/ompl/geometric/planners/informedtrees/ABITstar.h
2025-09-30T19:09:16.6327324Z -- Installing: /home/runner/work/ompl/install/include/ompl-2.0/ompl/geometric/planners/informedtrees/AITstar.h
2025-09-30T19:09:16.6329235Z -- Installing: /home/runner/work/ompl/install/include/ompl-2.0/ompl/geometric/planners/informedtrees/aitstar
2025-09-30T19:09:16.6330678Z -- Installing: /home/runner/work/ompl/install/include/ompl-2.0/ompl/geometric/planners/informedtrees/aitstar/Edge.h
2025-09-30T19:09:16.6332511Z -- Installing: /home/runner/work/ompl/install/include/ompl-2.0/ompl/geometric/planners/informedtrees/aitstar/Queuetypes.h
2025-09-30T19:09:16.6334518Z -- Installing: /home/runner/work/ompl/install/include/ompl-2.0/ompl/geometric/planners/informedtrees/aitstar/Vertex.h
2025-09-30T19:09:16.6336381Z -- Installing: /home/runner/work/ompl/install/include/ompl-2.0/ompl/geometric/planners/informedtrees/aitstar/ImplicitGraph.h
2025-09-30T19:09:16.6338491Z -- Installing: /home/runner/work/ompl/install/include/ompl-2.0/ompl/geometric/planners/informedtrees/EIRMstar.h
2025-09-30T19:09:16.6340193Z -- Installing: /home/runner/work/ompl/install/include/ompl-2.0/ompl/geometric/planners/informedtrees/BITstar.h
2025-09-30T19:09:16.6342358Z -- Installing: /home/runner/work/ompl/install/include/ompl-2.0/ompl/geometric/planners/informedtrees/eitstar
2025-09-30T19:09:16.6343667Z -- Installing: /home/runner/work/ompl/install/include/ompl-2.0/ompl/geometric/planners/informedtrees/eitstar/Edge.h
2025-09-30T19:09:16.6345667Z -- Installing: /home/runner/work/ompl/install/include/ompl-2.0/ompl/geometric/planners/informedtrees/eitstar/Direction.h
2025-09-30T19:09:16.6347811Z -- Installing: /home/runner/work/ompl/install/include/ompl-2.0/ompl/geometric/planners/informedtrees/eitstar/RandomGeometricGraph.h
2025-09-30T19:09:16.6349640Z -- Installing: /home/runner/work/ompl/install/include/ompl-2.0/ompl/geometric/planners/informedtrees/eitstar/ForwardQueue.h
2025-09-30T19:09:16.6351627Z -- Installing: /home/runner/work/ompl/install/include/ompl-2.0/ompl/geometric/planners/informedtrees/eitstar/Vertex.h
2025-09-30T19:09:16.6353452Z -- Installing: /home/runner/work/ompl/install/include/ompl-2.0/ompl/geometric/planners/informedtrees/eitstar/State.h
2025-09-30T19:09:16.6355808Z -- Installing: /home/runner/work/ompl/install/include/ompl-2.0/ompl/geometric/planners/informedtrees/eitstar/ReverseQueue.h
2025-09-30T19:09:16.6357632Z -- Installing: /home/runner/work/ompl/install/include/ompl-2.0/ompl/geometric/planners/informedtrees/EITstar.h
2025-09-30T19:09:16.6359606Z -- Installing: /home/runner/work/ompl/install/include/ompl-2.0/ompl/geometric/planners/xxl
2025-09-30T19:09:16.6360874Z -- Installing: /home/runner/work/ompl/install/include/ompl-2.0/ompl/geometric/planners/xxl/XXL.h
2025-09-30T19:09:16.6363249Z -- Installing: /home/runner/work/ompl/install/include/ompl-2.0/ompl/geometric/planners/xxl/XXLPositionDecomposition.h
2025-09-30T19:09:16.6364972Z -- Installing: /home/runner/work/ompl/install/include/ompl-2.0/ompl/geometric/planners/xxl/XXLDecomposition.h
2025-09-30T19:09:16.6367220Z -- Installing: /home/runner/work/ompl/install/include/ompl-2.0/ompl/geometric/planners/xxl/XXLPlanarDecomposition.h
2025-09-30T19:09:16.6368784Z -- Installing: /home/runner/work/ompl/install/include/ompl-2.0/ompl/geometric/planners/pdst
2025-09-30T19:09:16.6370148Z -- Installing: /home/runner/work/ompl/install/include/ompl-2.0/ompl/geometric/planners/pdst/PDST.h
2025-09-30T19:09:16.6372167Z -- Installing: /home/runner/work/ompl/install/include/ompl-2.0/ompl/geometric/planners/rlrt
2025-09-30T19:09:16.6373428Z -- Installing: /home/runner/work/ompl/install/include/ompl-2.0/ompl/geometric/planners/rlrt/BiRLRT.h
2025-09-30T19:09:16.6375371Z -- Installing: /home/runner/work/ompl/install/include/ompl-2.0/ompl/geometric/planners/rlrt/RLRT.h
2025-09-30T19:09:16.6377482Z -- Installing: /home/runner/work/ompl/install/include/ompl-2.0/ompl/geometric/planners/cforest
2025-09-30T19:09:16.6378683Z -- Installing: /home/runner/work/ompl/install/include/ompl-2.0/ompl/geometric/planners/cforest/CForest.h
2025-09-30T19:09:16.6380824Z -- Installing: /home/runner/work/ompl/install/include/ompl-2.0/ompl/geometric/planners/cforest/CForestStateSampler.h
2025-09-30T19:09:16.6382631Z -- Installing: /home/runner/work/ompl/install/include/ompl-2.0/ompl/geometric/planners/cforest/CForestStateSpaceWrapper.h
2025-09-30T19:09:16.6384324Z -- Installing: /home/runner/work/ompl/install/include/ompl-2.0/ompl/geometric/planners/kpiece
2025-09-30T19:09:16.6385849Z -- Installing: /home/runner/work/ompl/install/include/ompl-2.0/ompl/geometric/planners/kpiece/LBKPIECE1.h
2025-09-30T19:09:16.6387979Z -- Installing: /home/runner/work/ompl/install/include/ompl-2.0/ompl/geometric/planners/kpiece/Discretization.h
2025-09-30T19:09:16.6389889Z -- Installing: /home/runner/work/ompl/install/include/ompl-2.0/ompl/geometric/planners/kpiece/KPIECE1.h
2025-09-30T19:09:16.6391756Z -- Installing: /home/runner/work/ompl/install/include/ompl-2.0/ompl/geometric/planners/kpiece/BKPIECE1.h
2025-09-30T19:09:16.6393451Z -- Installing: /home/runner/work/ompl/install/include/ompl-2.0/ompl/geometric/planners/stride
2025-09-30T19:09:16.6394783Z -- Installing: /home/runner/work/ompl/install/include/ompl-2.0/ompl/geometric/planners/stride/STRIDE.h
2025-09-30T19:09:16.6397015Z -- Installing: /home/runner/work/ompl/install/include/ompl-2.0/ompl/geometric/planners/fmt
2025-09-30T19:09:16.6398246Z -- Installing: /home/runner/work/ompl/install/include/ompl-2.0/ompl/geometric/planners/fmt/BFMT.h
2025-09-30T19:09:16.6400417Z -- Installing: /home/runner/work/ompl/install/include/ompl-2.0/ompl/geometric/planners/fmt/FMT.h
2025-09-30T19:09:16.6402430Z -- Installing: /home/runner/work/ompl/install/include/ompl-2.0/ompl/geometric/planners/rrt
2025-09-30T19:09:16.6403700Z -- Installing: /home/runner/work/ompl/install/include/ompl-2.0/ompl/geometric/planners/rrt/TSRRT.h
2025-09-30T19:09:16.6405946Z -- Installing: /home/runner/work/ompl/install/include/ompl-2.0/ompl/geometric/planners/rrt/InformedRRTstar.h
2025-09-30T19:09:16.6407800Z -- Installing: /home/runner/work/ompl/install/include/ompl-2.0/ompl/geometric/planners/rrt/RRT.h
2025-09-30T19:09:16.6409483Z -- Installing: /home/runner/work/ompl/install/include/ompl-2.0/ompl/geometric/planners/rrt/VFRRT.h
2025-09-30T19:09:16.6411622Z -- Installing: /home/runner/work/ompl/install/include/ompl-2.0/ompl/geometric/planners/rrt/LazyRRT.h
2025-09-30T19:09:16.6413220Z -- Installing: /home/runner/work/ompl/install/include/ompl-2.0/ompl/geometric/planners/rrt/RRTXstatic.h
2025-09-30T19:09:16.6415297Z -- Installing: /home/runner/work/ompl/install/include/ompl-2.0/ompl/geometric/planners/rrt/RRTsharp.h
2025-09-30T19:09:16.6417346Z -- Installing: /home/runner/work/ompl/install/include/ompl-2.0/ompl/geometric/planners/rrt/RRTConnect.h
2025-09-30T19:09:16.6419203Z -- Installing: /home/runner/work/ompl/install/include/ompl-2.0/ompl/geometric/planners/rrt/LBTRRT.h
2025-09-30T19:09:16.6421198Z -- Installing: /home/runner/work/ompl/install/include/ompl-2.0/ompl/geometric/planners/rrt/LazyLBTRRT.h
2025-09-30T19:09:16.6423045Z -- Installing: /home/runner/work/ompl/install/include/ompl-2.0/ompl/geometric/planners/rrt/RRTstar.h
2025-09-30T19:09:16.6425142Z -- Installing: /home/runner/work/ompl/install/include/ompl-2.0/ompl/geometric/planners/rrt/TRRT.h
2025-09-30T19:09:16.6427378Z -- Installing: /home/runner/work/ompl/install/include/ompl-2.0/ompl/geometric/planners/rrt/SORRTstar.h
2025-09-30T19:09:16.6429042Z -- Installing: /home/runner/work/ompl/install/include/ompl-2.0/ompl/geometric/planners/rrt/BiTRRT.h
2025-09-30T19:09:16.6431157Z -- Installing: /home/runner/work/ompl/install/include/ompl-2.0/ompl/geometric/planners/rrt/STRRTstar.h
2025-09-30T19:09:16.6433102Z -- Installing: /home/runner/work/ompl/install/include/ompl-2.0/ompl/geometric/planners/rrt/pRRT.h
2025-09-30T19:09:16.6434899Z -- Installing: /home/runner/work/ompl/install/include/ompl-2.0/ompl/geometric/planners/prm
2025-09-30T19:09:16.6436381Z -- Installing: /home/runner/work/ompl/install/include/ompl-2.0/ompl/geometric/planners/prm/PRMstar.h
2025-09-30T19:09:16.6438415Z -- Installing: /home/runner/work/ompl/install/include/ompl-2.0/ompl/geometric/planners/prm/PRM.h
2025-09-30T19:09:16.6440441Z -- Installing: /home/runner/work/ompl/install/include/ompl-2.0/ompl/geometric/planners/prm/LazyPRMstar.h
2025-09-30T19:09:16.6442087Z -- Installing: /home/runner/work/ompl/install/include/ompl-2.0/ompl/geometric/planners/prm/LazyPRM.h
2025-09-30T19:09:16.6444302Z -- Installing: /home/runner/work/ompl/install/include/ompl-2.0/ompl/geometric/planners/prm/ConnectionStrategy.h
2025-09-30T19:09:16.6446090Z -- Installing: /home/runner/work/ompl/install/include/ompl-2.0/ompl/geometric/planners/prm/SPARStwo.h
2025-09-30T19:09:16.6448194Z -- Installing: /home/runner/work/ompl/install/include/ompl-2.0/ompl/geometric/planners/prm/SPARS.h
2025-09-30T19:09:16.6450509Z -- Installing: /home/runner/work/ompl/install/include/ompl-2.0/ompl/geometric/planners/AnytimePathShortening.h
2025-09-30T19:09:16.6451961Z -- Installing: /home/runner/work/ompl/install/include/ompl-2.0/ompl/geometric/planners/sst
2025-09-30T19:09:16.6453191Z -- Installing: /home/runner/work/ompl/install/include/ompl-2.0/ompl/geometric/planners/sst/SST.h
2025-09-30T19:09:16.6455263Z -- Installing: /home/runner/work/ompl/install/include/ompl-2.0/ompl/geometric/planners/PlannerIncludes.h
2025-09-30T19:09:16.6457028Z -- Installing: /home/runner/work/ompl/install/include/ompl-2.0/ompl/geometric/planners/sbl
2025-09-30T19:09:16.6458375Z -- Installing: /home/runner/work/ompl/install/include/ompl-2.0/ompl/geometric/planners/sbl/pSBL.h
2025-09-30T19:09:16.6460468Z -- Installing: /home/runner/work/ompl/install/include/ompl-2.0/ompl/geometric/planners/sbl/SBL.h
2025-09-30T19:09:16.6462406Z -- Installing: /home/runner/work/ompl/install/include/ompl-2.0/ompl/geometric/planners/experience
2025-09-30T19:09:16.6463744Z -- Installing: /home/runner/work/ompl/install/include/ompl-2.0/ompl/geometric/planners/experience/ThunderRetrieveRepair.h
2025-09-30T19:09:16.6468971Z -- Installing: /home/runner/work/ompl/install/include/ompl-2.0/ompl/geometric/planners/experience/LightningRetrieveRepair.h
2025-09-30T19:09:16.6470233Z -- Installing: /home/runner/work/ompl/install/include/ompl-2.0/ompl/geometric/planners/est
2025-09-30T19:09:16.6471180Z -- Installing: /home/runner/work/ompl/install/include/ompl-2.0/ompl/geometric/planners/est/ProjEST.h
2025-09-30T19:09:16.6472192Z -- Installing: /home/runner/work/ompl/install/include/ompl-2.0/ompl/geometric/planners/est/BiEST.h
2025-09-30T19:09:16.6473369Z -- Installing: /home/runner/work/ompl/install/include/ompl-2.0/ompl/geometric/planners/est/EST.h
2025-09-30T19:09:16.6475398Z -- Installing: /home/runner/work/ompl/install/include/ompl-2.0/ompl/geometric/HillClimbing.h
2025-09-30T19:09:16.6477313Z -- Installing: /home/runner/work/ompl/install/include/ompl-2.0/ompl/geometric/PathGeometric.h
2025-09-30T19:09:16.6479340Z -- Installing: /home/runner/work/ompl/install/include/ompl-2.0/ompl/geometric/PathSimplifier.h
2025-09-30T19:09:16.6481253Z -- Installing: /home/runner/work/ompl/install/include/ompl-2.0/ompl/geometric/PathHybridization.h
2025-09-30T19:09:16.6482859Z -- Installing: /home/runner/work/ompl/install/include/ompl-2.0/ompl/geometric/SimpleSetup.h
2025-09-30T19:09:16.6484907Z -- Installing: /home/runner/work/ompl/install/include/ompl-2.0/ompl/geometric/GeneticSearch.h
2025-09-30T19:09:16.6486649Z -- Installing: /home/runner/work/ompl/install/include/ompl-2.0/ompl/control
2025-09-30T19:09:16.6488075Z -- Installing: /home/runner/work/ompl/install/include/ompl-2.0/ompl/control/Control.h
2025-09-30T19:09:16.6489866Z -- Installing: /home/runner/work/ompl/install/include/ompl-2.0/ompl/control/planners
2025-09-30T19:09:16.6490977Z -- Installing: /home/runner/work/ompl/install/include/ompl-2.0/ompl/control/planners/pdst
2025-09-30T19:09:16.6492366Z -- Installing: /home/runner/work/ompl/install/include/ompl-2.0/ompl/control/planners/pdst/PDST.h
2025-09-30T19:09:16.6494474Z -- Installing: /home/runner/work/ompl/install/include/ompl-2.0/ompl/control/planners/syclop
2025-09-30T19:09:16.6496050Z -- Installing: /home/runner/work/ompl/install/include/ompl-2.0/ompl/control/planners/syclop/SyclopEST.h
2025-09-30T19:09:16.6498440Z -- Installing: /home/runner/work/ompl/install/include/ompl-2.0/ompl/control/planners/syclop/SyclopRRT.h
2025-09-30T19:09:16.6500205Z -- Installing: /home/runner/work/ompl/install/include/ompl-2.0/ompl/control/planners/syclop/GridDecomposition.h
2025-09-30T19:09:16.6502964Z -- Installing: /home/runner/work/ompl/install/include/ompl-2.0/ompl/control/planners/syclop/Syclop.h
2025-09-30T19:09:16.6505023Z -- Installing: /home/runner/work/ompl/install/include/ompl-2.0/ompl/control/planners/syclop/Decomposition.h
2025-09-30T19:09:16.6507280Z -- Installing: /home/runner/work/ompl/install/include/ompl-2.0/ompl/control/planners/kpiece
2025-09-30T19:09:16.6509005Z -- Installing: /home/runner/work/ompl/install/include/ompl-2.0/ompl/control/planners/kpiece/KPIECE1.h
2025-09-30T19:09:16.6510821Z -- Installing: /home/runner/work/ompl/install/include/ompl-2.0/ompl/control/planners/rrt
2025-09-30T19:09:16.6512521Z -- Installing: /home/runner/work/ompl/install/include/ompl-2.0/ompl/control/planners/rrt/RRT.h
2025-09-30T19:09:16.6514173Z -- Installing: /home/runner/work/ompl/install/include/ompl-2.0/ompl/control/planners/rrt/HyRRT.h
2025-09-30T19:09:16.6516501Z -- Installing: /home/runner/work/ompl/install/include/ompl-2.0/ompl/control/planners/ltl
2025-09-30T19:09:16.6517965Z -- Installing: /home/runner/work/ompl/install/include/ompl-2.0/ompl/control/planners/ltl/PropositionalDecomposition.h
2025-09-30T19:09:16.6519706Z -- Installing: /home/runner/work/ompl/install/include/ompl-2.0/ompl/control/planners/ltl/Automaton.h
2025-09-30T19:09:16.6521723Z -- Installing: /home/runner/work/ompl/install/include/ompl-2.0/ompl/control/planners/ltl/LTLPlanner.h
2025-09-30T19:09:16.6523737Z -- Installing: /home/runner/work/ompl/install/include/ompl-2.0/ompl/control/planners/ltl/LTLSpaceInformation.h
2025-09-30T19:09:16.6525303Z -- Installing: /home/runner/work/ompl/install/include/ompl-2.0/ompl/control/planners/ltl/World.h
2025-09-30T19:09:16.6527716Z -- Installing: /home/runner/work/ompl/install/include/ompl-2.0/ompl/control/planners/ltl/LTLProblemDefinition.h
2025-09-30T19:09:16.6529371Z -- Installing: /home/runner/work/ompl/install/include/ompl-2.0/ompl/control/planners/ltl/ProductGraph.h
2025-09-30T19:09:16.6531314Z -- Installing: /home/runner/work/ompl/install/include/ompl-2.0/ompl/control/planners/sst
2025-09-30T19:09:16.6532572Z -- Installing: /home/runner/work/ompl/install/include/ompl-2.0/ompl/control/planners/sst/SST.h
2025-09-30T19:09:16.6535964Z -- Installing: /home/runner/work/ompl/install/include/ompl-2.0/ompl/control/planners/sst/HySST.h
2025-09-30T19:09:16.6537896Z -- Installing: /home/runner/work/ompl/install/include/ompl-2.0/ompl/control/planners/PlannerIncludes.h
2025-09-30T19:09:16.6538943Z -- Installing: /home/runner/work/ompl/install/include/ompl-2.0/ompl/control/planners/est
2025-09-30T19:09:16.6540959Z -- Installing: /home/runner/work/ompl/install/include/ompl-2.0/ompl/control/planners/est/EST.h
2025-09-30T19:09:16.6542348Z -- Installing: /home/runner/work/ompl/install/include/ompl-2.0/ompl/control/DirectedControlSampler.h
2025-09-30T19:09:16.6544817Z -- Installing: /home/runner/work/ompl/install/include/ompl-2.0/ompl/control/spaces
2025-09-30T19:09:16.6546133Z -- Installing: /home/runner/work/ompl/install/include/ompl-2.0/ompl/control/spaces/RealVectorControlSpace.h
2025-09-30T19:09:16.6547875Z -- Installing: /home/runner/work/ompl/install/include/ompl-2.0/ompl/control/spaces/DiscreteControlSpace.h
2025-09-30T19:09:16.6549868Z -- Installing: /home/runner/work/ompl/install/include/ompl-2.0/ompl/control/StatePropagator.h
2025-09-30T19:09:16.6551389Z -- Installing: /home/runner/work/ompl/install/include/ompl-2.0/ompl/control/SimpleSetup.h
2025-09-30T19:09:16.6553402Z -- Installing: /home/runner/work/ompl/install/include/ompl-2.0/ompl/control/ControlSpace.h
2025-09-30T19:09:16.6555409Z -- Installing: /home/runner/work/ompl/install/include/ompl-2.0/ompl/control/PlannerData.h
2025-09-30T19:09:16.6557522Z -- Installing: /home/runner/work/ompl/install/include/ompl-2.0/ompl/control/SteeredControlSampler.h
2025-09-30T19:09:16.6559096Z -- Installing: /home/runner/work/ompl/install/include/ompl-2.0/ompl/control/ControlSpaceTypes.h
2025-09-30T19:09:16.6561074Z -- Installing: /home/runner/work/ompl/install/include/ompl-2.0/ompl/control/SimpleDirectedControlSampler.h
2025-09-30T19:09:16.6562731Z -- Installing: /home/runner/work/ompl/install/include/ompl-2.0/ompl/control/PlannerDataStorage.h
2025-09-30T19:09:16.6564622Z -- Installing: /home/runner/work/ompl/install/include/ompl-2.0/ompl/control/PathControl.h
2025-09-30T19:09:16.6566685Z -- Installing: /home/runner/work/ompl/install/include/ompl-2.0/ompl/control/SpaceInformation.h
2025-09-30T19:09:16.6568737Z -- Installing: /home/runner/work/ompl/install/include/ompl-2.0/ompl/control/ODESolver.h
2025-09-30T19:09:16.6570569Z -- Installing: /home/runner/work/ompl/install/include/ompl-2.0/ompl/control/ControlSampler.h
2025-09-30T19:09:16.6580765Z -- Installing: /home/runner/work/ompl/install/include/ompl-2.0/ompl/util
2025-09-30T19:09:16.6581748Z -- Installing: /home/runner/work/ompl/install/include/ompl-2.0/ompl/util/GeometricEquations.h
2025-09-30T19:09:16.6582705Z -- Installing: /home/runner/work/ompl/install/include/ompl-2.0/ompl/util/Exception.h
2025-09-30T19:09:16.6583622Z -- Installing: /home/runner/work/ompl/install/include/ompl-2.0/ompl/util/RandomNumbers.h
2025-09-30T19:09:16.6584478Z -- Installing: /home/runner/work/ompl/install/include/ompl-2.0/ompl/util/PPM.h
2025-09-30T19:09:16.6585344Z -- Installing: /home/runner/work/ompl/install/include/ompl-2.0/ompl/util/ClassForward.h
2025-09-30T19:09:16.6586194Z -- Installing: /home/runner/work/ompl/install/include/ompl-2.0/ompl/util/Time.h
2025-09-30T19:09:16.6587332Z -- Installing: /home/runner/work/ompl/install/include/ompl-2.0/ompl/util/DisableCompilerWarning.h
2025-09-30T19:09:16.6587979Z -- Installing: /home/runner/work/ompl/install/include/ompl-2.0/ompl/util/String.h
2025-09-30T19:09:16.6589086Z -- Installing: /home/runner/work/ompl/install/include/ompl-2.0/ompl/util/Hash.h
2025-09-30T19:09:16.6591252Z -- Installing: /home/runner/work/ompl/install/include/ompl-2.0/ompl/util/ProlateHyperspheroid.h
2025-09-30T19:09:16.6593118Z -- Installing: /home/runner/work/ompl/install/include/ompl-2.0/ompl/util/Console.h
2025-09-30T19:09:16.6597616Z -- Installing: /home/runner/work/ompl/install/include/ompl-2.0/ompl/config.h
2025-09-30T19:09:16.6608015Z -- Installing: /home/runner/work/ompl/install/share/ompl/demos/DubinsAirplane.py
2025-09-30T19:09:16.6610247Z -- Installing: /home/runner/work/ompl/install/share/ompl/demos/DubinsAirplanePlot.py
2025-09-30T19:09:16.6612585Z -- Installing: /home/runner/work/ompl/install/share/ompl/demos/KinematicChainPathPlot.py
2025-09-30T19:09:16.6614751Z -- Installing: /home/runner/work/ompl/install/share/ompl/demos/OptimalPlanning.py
2025-09-30T19:09:16.6617284Z -- Installing: /home/runner/work/ompl/install/share/ompl/demos/PlannerData.py
2025-09-30T19:09:16.6619512Z -- Installing: /home/runner/work/ompl/install/share/ompl/demos/Point2DPlanning.py
2025-09-30T19:09:16.6621792Z -- Installing: /home/runner/work/ompl/install/share/ompl/demos/RandomWalkPlanner.py
2025-09-30T19:09:16.6623991Z -- Installing: /home/runner/work/ompl/install/share/ompl/demos/RigidBodyPlanning.py
2025-09-30T19:09:16.6626556Z -- Installing: /home/runner/work/ompl/install/share/ompl/demos/RigidBodyPlanningWithControls.py
2025-09-30T19:09:16.6628921Z -- Installing: /home/runner/work/ompl/install/share/ompl/demos/RigidBodyPlanningWithODESolverAndControls.py
2025-09-30T19:09:16.6630992Z -- Installing: /home/runner/work/ompl/install/share/ompl/demos/SpaceTimePlanning.py
2025-09-30T19:09:16.6633135Z -- Installing: /home/runner/work/ompl/install/share/ompl/demos/StateSampling.py
2025-09-30T19:09:16.6635797Z -- Installing: /home/runner/work/ompl/install/share/ompl/demos/BouncingBallPlanning.cpp
2025-09-30T19:09:16.6637765Z -- Installing: /home/runner/work/ompl/install/share/ompl/demos/CForestCircleGridBenchmark.cpp
2025-09-30T19:09:16.6639246Z -- Installing: /home/runner/work/ompl/install/share/ompl/demos/Diagonal.cpp
2025-09-30T19:09:16.6641165Z -- Installing: /home/runner/work/ompl/install/share/ompl/demos/DubinsAirplane.cpp
2025-09-30T19:09:16.6643155Z -- Installing: /home/runner/work/ompl/install/share/ompl/demos/GeometricCarPlanning.cpp
2025-09-30T19:09:16.6644946Z -- Installing: /home/runner/work/ompl/install/share/ompl/demos/HybridSystemPlanning.cpp
2025-09-30T19:09:16.6647137Z -- Installing: /home/runner/work/ompl/install/share/ompl/demos/HypercubeBenchmark.cpp
2025-09-30T19:09:16.6648736Z -- Installing: /home/runner/work/ompl/install/share/ompl/demos/KinematicChainBenchmark.cpp
2025-09-30T19:09:16.6650583Z -- Installing: /home/runner/work/ompl/install/share/ompl/demos/LTLWithTriangulation.cpp
2025-09-30T19:09:16.6652540Z -- Installing: /home/runner/work/ompl/install/share/ompl/demos/OptimalPlanning.cpp
2025-09-30T19:09:16.6654356Z -- Installing: /home/runner/work/ompl/install/share/ompl/demos/PinballPlanning.cpp
2025-09-30T19:09:16.6656181Z -- Installing: /home/runner/work/ompl/install/share/ompl/demos/PlannerData.cpp
2025-09-30T19:09:16.6658299Z -- Installing: /home/runner/work/ompl/install/share/ompl/demos/PlannerProgressProperties.cpp
2025-09-30T19:09:16.6659871Z -- Installing: /home/runner/work/ompl/install/share/ompl/demos/Point2DPlanning.cpp
2025-09-30T19:09:16.6661840Z -- Installing: /home/runner/work/ompl/install/share/ompl/demos/RigidBodyPlanning.cpp
2025-09-30T19:09:16.6663670Z -- Installing: /home/runner/work/ompl/install/share/ompl/demos/RigidBodyPlanningWithControls.cpp
2025-09-30T19:09:16.6665667Z -- Installing: /home/runner/work/ompl/install/share/ompl/demos/RigidBodyPlanningWithIK.cpp
2025-09-30T19:09:16.6667557Z -- Installing: /home/runner/work/ompl/install/share/ompl/demos/RigidBodyPlanningWithIntegrationAndControls.cpp
2025-09-30T19:09:16.6669304Z -- Installing: /home/runner/work/ompl/install/share/ompl/demos/RigidBodyPlanningWithODESolverAndControls.cpp
2025-09-30T19:09:16.6671092Z -- Installing: /home/runner/work/ompl/install/share/ompl/demos/SSTPinballPlanning.cpp
2025-09-30T19:09:16.6672998Z -- Installing: /home/runner/work/ompl/install/share/ompl/demos/SpaceTimePlanning.cpp
2025-09-30T19:09:16.6674773Z -- Installing: /home/runner/work/ompl/install/share/ompl/demos/StateSampling.cpp
2025-09-30T19:09:16.6676702Z -- Installing: /home/runner/work/ompl/install/share/ompl/demos/ThunderLightning.cpp
2025-09-30T19:09:16.6678555Z -- Installing: /home/runner/work/ompl/install/share/ompl/demos/TriangulationDemo.cpp
2025-09-30T19:09:16.6680059Z -- Installing: /home/runner/work/ompl/install/share/ompl/demos/Vamp.cpp
2025-09-30T19:09:16.6683118Z -- Installing: /home/runner/work/ompl/install/share/ompl/demos/constraint
2025-09-30T19:09:16.6684634Z -- Installing: /home/runner/work/ompl/install/share/ompl/demos/constraint/ConstrainedPlanningSphere.cpp
2025-09-30T19:09:16.6686344Z -- Installing: /home/runner/work/ompl/install/share/ompl/demos/constraint/ConstrainedPlanningImplicitChain.cpp
2025-09-30T19:09:16.6688108Z -- Installing: /home/runner/work/ompl/install/share/ompl/demos/constraint/ConstrainedPlanningTorus.py
2025-09-30T19:09:16.6689866Z -- Installing: /home/runner/work/ompl/install/share/ompl/demos/constraint/ConstrainedPlanningSphere.py
2025-09-30T19:09:16.6691874Z -- Installing: /home/runner/work/ompl/install/share/ompl/demos/constraint/ConstraintGeneration.py
2025-09-30T19:09:16.6694778Z -- Installing: /home/runner/work/ompl/install/share/ompl/demos/constraint/ConstrainedPlanningImplicitChain.py
2025-09-30T19:09:16.6696500Z -- Installing: /home/runner/work/ompl/install/share/ompl/demos/constraint/ConstrainedPlanningKinematicChain.cpp
2025-09-30T19:09:16.6700752Z -- Installing: /home/runner/work/ompl/install/share/ompl/demos/constraint/ConstrainedPlanningTorus.cpp
2025-09-30T19:09:16.6701968Z -- Installing: /home/runner/work/ompl/install/share/ompl/demos/constraint/visualization
2025-09-30T19:09:16.6708572Z -- Installing: /home/runner/work/ompl/install/share/ompl/demos/constraint/visualization/ConstrainedPlanningSphere.blend
2025-09-30T19:09:16.6723554Z -- Installing: /home/runner/work/ompl/install/share/ompl/demos/constraint/visualization/ConstrainedPlanningImplicitParallel.blend
2025-09-30T19:09:16.6730225Z -- Installing: /home/runner/work/ompl/install/share/ompl/demos/constraint/visualization/ConstrainedPlanningTorus.blend
2025-09-30T19:09:16.6738251Z -- Installing: /home/runner/work/ompl/install/share/ompl/demos/constraint/visualization/ConstrainedPlanningImplicitChain.blend
2025-09-30T19:09:16.6744435Z -- Installing: /home/runner/work/ompl/install/share/ompl/demos/constraint/ConstrainedPlanningImplicitParallel.cpp
2025-09-30T19:09:16.6746130Z -- Installing: /home/runner/work/ompl/install/share/ompl/demos/constraint/ConstrainedPlanningCommon.py
2025-09-30T19:09:16.6748143Z -- Installing: /home/runner/work/ompl/install/share/ompl/demos/constraint/mazes
2025-09-30T19:09:16.6749068Z -- Installing: /home/runner/work/ompl/install/share/ompl/demos/constraint/mazes/thin.ppm
2025-09-30T19:09:16.6757190Z -- Installing: /home/runner/work/ompl/install/share/ompl/demos/constraint/mazes/thick.ppm
2025-09-30T19:09:16.6764897Z -- Installing: /home/runner/work/ompl/install/share/ompl/demos/constraint/mazes/empty.ppm
2025-09-30T19:09:16.6772935Z -- Installing: /home/runner/work/ompl/install/share/ompl/demos/constraint/mazes/normal.ppm
2025-09-30T19:09:16.6780968Z -- Installing: /home/runner/work/ompl/install/share/ompl/demos/constraint/mazes/big.ppm
2025-09-30T19:09:16.6789040Z -- Installing: /home/runner/work/ompl/install/share/ompl/demos/constraint/ConstrainedPlanningCommon.h
2025-09-30T19:09:16.6790593Z -- Installing: /home/runner/work/ompl/install/share/ompl/demos/Koules
2025-09-30T19:09:16.6791954Z -- Installing: /home/runner/work/ompl/install/share/ompl/demos/Koules/KoulesSimulator.cpp
2025-09-30T19:09:16.6793997Z -- Installing: /home/runner/work/ompl/install/share/ompl/demos/Koules/KoulesControlSpace.h
2025-09-30T19:09:16.6795680Z -- Installing: /home/runner/work/ompl/install/share/ompl/demos/Koules/KoulesSetup.cpp
2025-09-30T19:09:16.6797661Z -- Installing: /home/runner/work/ompl/install/share/ompl/demos/Koules/KoulesStatePropagator.h
2025-09-30T19:09:16.6799207Z -- Installing: /home/runner/work/ompl/install/share/ompl/demos/Koules/KoulesStateSpace.cpp
2025-09-30T19:09:16.6800890Z -- Installing: /home/runner/work/ompl/install/share/ompl/demos/Koules/KoulesStatePropagator.cpp
2025-09-30T19:09:16.6802620Z -- Installing: /home/runner/work/ompl/install/share/ompl/demos/Koules/KoulesGoal.h
2025-09-30T19:09:16.6804306Z -- Installing: /home/runner/work/ompl/install/share/ompl/demos/Koules/KoulesDirectedControlSampler.h
2025-09-30T19:09:16.6805994Z -- Installing: /home/runner/work/ompl/install/share/ompl/demos/Koules/KoulesPlayback.py
2025-09-30T19:09:16.6808019Z -- Installing: /home/runner/work/ompl/install/share/ompl/demos/Koules/KoulesProjection.h
2025-09-30T19:09:16.6809576Z -- Installing: /home/runner/work/ompl/install/share/ompl/demos/Koules/KoulesConfig.h
2025-09-30T19:09:16.6811309Z -- Installing: /home/runner/work/ompl/install/share/ompl/demos/Koules/Koules.cpp
2025-09-30T19:09:16.6813526Z -- Installing: /home/runner/work/ompl/install/share/ompl/demos/Koules/KoulesGoal.cpp
2025-09-30T19:09:16.6815221Z -- Installing: /home/runner/work/ompl/install/share/ompl/demos/Koules/KoulesSetup.h
2025-09-30T19:09:16.6817304Z -- Installing: /home/runner/work/ompl/install/share/ompl/demos/Koules/KoulesStateSpace.h
2025-09-30T19:09:16.6819029Z -- Installing: /home/runner/work/ompl/install/share/ompl/demos/Koules/KoulesDecomposition.h
2025-09-30T19:09:16.6821343Z -- Installing: /home/runner/work/ompl/install/share/ompl/demos/Koules/KoulesSimulator.h
2025-09-30T19:09:16.6822639Z -- Installing: /home/runner/work/ompl/install/share/ompl/demos/Koules/KoulesDirectedControlSampler.cpp
2025-09-30T19:09:16.6824307Z -- Installing: /home/runner/work/ompl/install/share/ompl/demos/Koules/KoulesControlSpace.cpp
2025-09-30T19:09:16.6826352Z -- Installing: /home/runner/work/ompl/install/share/ompl/demos/multilevel
2025-09-30T19:09:16.6827756Z -- Installing: /home/runner/work/ompl/install/share/ompl/demos/multilevel/MultiLevelPlanarManipulatorCommon.h
2025-09-30T19:09:16.6829557Z -- Installing: /home/runner/work/ompl/install/share/ompl/demos/multilevel/MultiLevelPlanningKinematicChain.cpp
2025-09-30T19:09:16.6831264Z -- Installing: /home/runner/work/ompl/install/share/ompl/demos/multilevel/MultiLevelPlanningRigidBody3D.cpp
2025-09-30T19:09:16.6833042Z -- Installing: /home/runner/work/ompl/install/share/ompl/demos/multilevel/MultiLevelPlanningCommon.h
2025-09-30T19:09:16.6835000Z -- Installing: /home/runner/work/ompl/install/share/ompl/demos/multilevel/MultiLevelPlanningHyperCubeBenchmark.cpp
2025-09-30T19:09:16.6836750Z -- Installing: /home/runner/work/ompl/install/share/ompl/demos/multilevel/MultiLevelPlanningHyperCubeCommon.h
2025-09-30T19:09:16.6838677Z -- Installing: /home/runner/work/ompl/install/share/ompl/demos/multilevel/MultiLevelPlanningRigidBody2D.cpp
2025-09-30T19:09:16.6840286Z -- Installing: /home/runner/work/ompl/install/share/ompl/demos/multilevel/MultiLevelPlanarManipulatorDemo.cpp
2025-09-30T19:09:16.6842298Z -- Installing: /home/runner/work/ompl/install/share/ompl/demos/multilevel/MultiLevelPlanningHyperCube.cpp
2025-09-30T19:09:16.6843810Z -- Installing: /home/runner/work/ompl/install/share/ompl/demos/multilevel/MultiLevelPlanningRigidBody2D.py
2025-09-30T19:09:16.6845344Z -- Installing: /home/runner/work/ompl/install/share/ompl/demos/PlanarManipulator
2025-09-30T19:09:16.6846889Z -- Installing: /home/runner/work/ompl/install/share/ompl/demos/PlanarManipulator/PolyWorld.h
2025-09-30T19:09:16.6848899Z -- Installing: /home/runner/work/ompl/install/share/ompl/demos/PlanarManipulator/PlanarManipulatorDemo.cpp
2025-09-30T19:09:16.6850814Z -- Installing: /home/runner/work/ompl/install/share/ompl/demos/PlanarManipulator/PlanarManipulatorStateValidityChecker.h
2025-09-30T19:09:16.6852361Z -- Installing: /home/runner/work/ompl/install/share/ompl/demos/PlanarManipulator/visualize.py
2025-09-30T19:09:16.6854210Z -- Installing: /home/runner/work/ompl/install/share/ompl/demos/PlanarManipulator/PolyWorld.cpp
2025-09-30T19:09:16.6856346Z -- Installing: /home/runner/work/ompl/install/share/ompl/demos/PlanarManipulator/PlanarManipulatorTSRRTConfig.h
2025-09-30T19:09:16.6858551Z -- Installing: /home/runner/work/ompl/install/share/ompl/demos/PlanarManipulator/PlanarManipulatorStateSpace.h
2025-09-30T19:09:16.6860035Z -- Installing: /home/runner/work/ompl/install/share/ompl/demos/PlanarManipulator/PlanarManipulator.h
2025-09-30T19:09:16.6861828Z -- Installing: /home/runner/work/ompl/install/share/ompl/demos/PlanarManipulator/PlanarManipulator.cpp
2025-09-30T19:09:16.6863918Z -- Installing: /home/runner/work/ompl/install/share/ompl/demos/PlanarManipulator/PlanarManipulatorXXLDecomposition.h
2025-09-30T19:09:16.6865763Z -- Installing: /home/runner/work/ompl/install/share/ompl/demos/PlanarManipulator/PlanarManipulatorIKGoal.h
2025-09-30T19:09:16.6867709Z -- Installing: /home/runner/work/ompl/install/share/ompl/demos/PlanarManipulator/PlanarManipulatorPolyWorld.h
2025-09-30T19:09:16.6869081Z -- Installing: /home/runner/work/ompl/install/share/ompl/demos/VFRRT
2025-09-30T19:09:16.6870432Z -- Installing: /home/runner/work/ompl/install/share/ompl/demos/VFRRT/plotConservative.py
2025-09-30T19:09:16.6872312Z -- Installing: /home/runner/work/ompl/install/share/ompl/demos/VFRRT/plotNonconservative.py
2025-09-30T19:09:16.6873903Z -- Installing: /home/runner/work/ompl/install/share/ompl/demos/VFRRT/VectorFieldConservative.cpp
2025-09-30T19:09:16.6875984Z -- Installing: /home/runner/work/ompl/install/share/ompl/demos/VFRRT/VectorFieldNonconservative.cpp
2025-09-30T19:09:16.6880688Z -- Installing: /home/runner/work/ompl/install/bin/ompl_benchmark_statistics.py
2025-09-30T19:09:16.6885168Z -- Installing: /home/runner/work/ompl/install/share/man/man1/ompl_benchmark_statistics.1
2025-09-30T19:09:16.6887020Z -- Installing: /home/runner/work/ompl/install/share/man/man1/plannerarena.1
2025-09-30T19:09:16.6901572Z ##[endgroup]
2025-09-30T19:09:16.6901911Z ##[group]Running CTest
2025-09-30T19:09:16.6916684Z [command]/usr/local/bin/ctest -C Release --output-on-failure
2025-09-30T19:09:17.8122341Z Test project /home/runner/work/ompl/build
2025-09-30T19:09:17.8984674Z       Start  1: test_adjacency_list
2025-09-30T19:09:18.1919241Z  1/22 Test  #1: test_adjacency_list ..............   Passed    0.25 sec
2025-09-30T19:09:18.1921717Z       Start  2: test_heap
2025-09-30T19:09:18.1948531Z  2/22 Test  #2: test_heap ........................   Passed    0.00 sec
2025-09-30T19:09:18.1949917Z       Start  3: test_grid
2025-09-30T19:09:18.1976231Z  3/22 Test  #3: test_grid ........................   Passed    0.00 sec
2025-09-30T19:09:18.1977655Z       Start  4: test_gridb
2025-09-30T19:09:18.2002843Z  4/22 Test  #4: test_gridb .......................   Passed    0.00 sec
2025-09-30T19:09:18.2004481Z       Start  5: test_nearestneighbors
2025-09-30T19:09:18.8772941Z  5/22 Test  #5: test_nearestneighbors ............   Passed    0.68 sec
2025-09-30T19:09:18.8774720Z       Start  6: test_pdf
2025-09-30T19:09:19.0036889Z  6/22 Test  #6: test_pdf .........................***Failed    0.13 sec
2025-09-30T19:09:19.0037565Z Running 2 test cases...
2025-09-30T19:09:19.0039570Z /home/runner/work/ompl/ompl/tests/datastructures/pdf.cpp(178): [1;31;49merror: in "Statistical": absolute value of (sampleMean) - (mean){0.0018647999999998888} exceeds 0.0016686446595965243[0;39;49m
2025-09-30T19:09:19.0040990Z 
2025-09-30T19:09:19.0041306Z [1;31;49m*** 1 failure is detected in the test module "PDF"
2025-09-30T19:09:19.0041795Z [0;39;49m
2025-09-30T19:09:19.0041955Z 
2025-09-30T19:09:19.0042083Z       Start  7: test_random
2025-09-30T19:09:19.4389104Z  7/22 Test  #7: test_random ......................   Passed    0.43 sec
2025-09-30T19:09:19.4390463Z       Start  8: test_halton_sampling
2025-09-30T19:09:19.4486459Z  8/22 Test  #8: test_halton_sampling .............   Passed    0.01 sec
2025-09-30T19:09:19.4487580Z       Start  9: test_state_operations
2025-09-30T19:09:19.8131203Z  9/22 Test  #9: test_state_operations ............   Passed    0.36 sec
2025-09-30T19:09:19.8132904Z       Start 10: test_state_spaces
2025-09-30T19:09:20.2749003Z 10/22 Test #10: test_state_spaces ................   Passed    0.46 sec
2025-09-30T19:09:20.2750284Z       Start 11: test_state_storage
2025-09-30T19:09:20.2810433Z 11/22 Test #11: test_state_storage ...............   Passed    0.01 sec
2025-09-30T19:09:20.2812283Z       Start 12: test_planner_data
2025-09-30T19:09:20.3159864Z 12/22 Test #12: test_planner_data ................   Passed    0.03 sec
2025-09-30T19:09:20.3161529Z       Start 13: test_ptc
2025-09-30T19:09:20.4311340Z 13/22 Test #13: test_ptc .........................   Passed    0.11 sec
2025-09-30T19:09:20.4312953Z       Start 14: test_2dmap_geometric_simple
2025-09-30T19:09:20.5505799Z 14/22 Test #14: test_2dmap_geometric_simple ......   Passed    0.12 sec
2025-09-30T19:09:20.5507407Z       Start 15: test_2dmap_ik
2025-09-30T19:09:20.5716069Z 15/22 Test #15: test_2dmap_ik ....................   Passed    0.02 sec
2025-09-30T19:09:20.5717823Z       Start 16: test_2dcircles_opt_geometric
2025-09-30T19:10:10.9882235Z 16/22 Test #16: test_2dcircles_opt_geometric .....   Passed   50.42 sec
2025-09-30T19:10:10.9885730Z       Start 17: test_2dpath_simplifying
2025-09-30T19:10:11.1061511Z 17/22 Test #17: test_2dpath_simplifying ..........   Passed    0.12 sec
2025-09-30T19:10:11.1063770Z       Start 18: test_constraint_sphere
2025-09-30T19:10:22.3479533Z 18/22 Test #18: test_constraint_sphere ...........   Passed   11.24 sec
2025-09-30T19:10:22.3480518Z       Start 19: test_spacetime_STRRTstar
2025-09-30T19:10:22.7568570Z 19/22 Test #19: test_spacetime_STRRTstar .........   Passed    0.41 sec
2025-09-30T19:10:22.7570524Z       Start 20: test_2dmap_control
2025-09-30T19:10:23.7115247Z 20/22 Test #20: test_2dmap_control ...............   Passed    0.95 sec
2025-09-30T19:10:23.7116797Z       Start 21: test_planner_data_control
2025-09-30T19:10:23.7786565Z 21/22 Test #21: test_planner_data_control ........   Passed    0.07 sec
2025-09-30T19:10:23.7787798Z       Start 22: test_experience_planning
2025-09-30T19:10:23.7951693Z 22/22 Test #22: test_experience_planning .........   Passed    0.02 sec
2025-09-30T19:10:23.7956049Z 
2025-09-30T19:10:23.7956597Z 95% tests passed, 1 tests failed out of 22
2025-09-30T19:10:23.7956945Z 
2025-09-30T19:10:23.7957184Z Total Test time (real) =  65.98 sec
2025-09-30T19:10:23.7957470Z 
2025-09-30T19:10:23.7957886Z The following tests FAILED:
2025-09-30T19:10:23.7958194Z 	  6 - test_pdf (Failed)
2025-09-30T19:10:23.7958650Z Errors while running CTest
2025-09-30T19:10:23.9688153Z ##[error]The process '/usr/local/bin/ctest' failed with exit code 8
2025-09-30T19:10:23.9695243Z ##[endgroup]
2025-09-30T19:10:24.1531586Z ##[group]Run actions/cache/save@v4
2025-09-30T19:10:24.1531855Z with:
2025-09-30T19:10:24.1532047Z   path: /home/runner/work/ompl/build

2025-09-30T19:10:24.1532295Z   key: Linux-X64-build-
2025-09-30T19:10:24.1532505Z   enableCrossOsArchive: false
2025-09-30T19:10:24.1532707Z env:
2025-09-30T19:10:24.1532856Z   CC: 
2025-09-30T19:10:24.1533004Z   CXX: 
2025-09-30T19:10:24.1533151Z ##[endgroup]
2025-09-30T19:10:24.3008171Z [command]/usr/bin/tar --posix -cf cache.tzst --exclude cache.tzst -P -C /home/runner/work/ompl/ompl --files-from manifest.txt --use-compress-program zstdmt
2025-09-30T19:10:24.7313240Z Failed to save: Unable to reserve cache with key Linux-X64-build-, another job may be creating this cache.
2025-09-30T19:10:24.7356399Z ##[warning]Cache save failed.
2025-09-30T19:10:24.7452179Z Post job cleanup.
2025-09-30T19:10:24.8366522Z [command]/usr/bin/git version
2025-09-30T19:10:24.8401468Z git version 2.51.0
2025-09-30T19:10:24.8444499Z Temporarily overriding HOME='/home/runner/work/_temp/6b11395c-740a-4ca9-983b-52cebbb54be2' before making global git config changes
2025-09-30T19:10:24.8445970Z Adding repository directory to the temporary git global config as a safe directory
2025-09-30T19:10:24.8450945Z [command]/usr/bin/git config --global --add safe.directory /home/runner/work/ompl/ompl
2025-09-30T19:10:24.8486239Z [command]/usr/bin/git config --local --name-only --get-regexp core\.sshCommand
2025-09-30T19:10:24.8518281Z [command]/usr/bin/git submodule foreach --recursive sh -c "git config --local --name-only --get-regexp 'core\.sshCommand' && git config --local --unset-all 'core.sshCommand' || :"
2025-09-30T19:10:24.8725198Z Entering 'external/vamp'
2025-09-30T19:10:24.8781209Z [command]/usr/bin/git config --local --name-only --get-regexp http\.https\:\/\/github\.com\/\.extraheader
2025-09-30T19:10:24.8801242Z http.https://github.com/.extraheader
2025-09-30T19:10:24.8814585Z [command]/usr/bin/git config --local --unset-all http.https://github.com/.extraheader
2025-09-30T19:10:24.8844095Z [command]/usr/bin/git submodule foreach --recursive sh -c "git config --local --name-only --get-regexp 'http\.https\:\/\/github\.com\/\.extraheader' && git config --local --unset-all 'http.https://github.com/.extraheader' || :"
2025-09-30T19:10:24.9046787Z Entering 'external/vamp'
2025-09-30T19:10:24.9070125Z http.https://github.com/.extraheader
2025-09-30T19:10:24.9218664Z Cleaning up orphan processes
