running against git version 2.34.1
go: downloading go1.23.7 (linux/amd64)
go: downloading github.com/go-git/go-git-fixtures/v5 v5.1.0
go: downloading github.com/stretchr/testify v1.10.0
go: downloading github.com/armon/go-socks5 v0.0.0-20160902184237-e75332964ef5
go: downloading github.com/go-git/go-billy/v6 v6.0.0-20250627091229-31e2a16eef30
go: downloading github.com/go-git/gcfg/v2 v2.0.2
go: downloading github.com/kevinburke/ssh_config v1.2.0
go: downloading golang.org/x/crypto v0.41.0
go: downloading github.com/gliderlabs/ssh v0.3.8
go: downloading github.com/elazarl/goproxy v1.7.2
go: downloading github.com/sergi/go-diff v1.4.0
go: downloading golang.org/x/net v0.43.0
go: downloading github.com/golang/groupcache v0.0.0-20241129210726-2c02b8208cf8
go: downloading golang.org/x/text v0.28.0
go: downloading github.com/pjbgf/sha1cd v0.4.0
go: downloading github.com/emirpasic/gods v1.18.1
go: downloading github.com/ProtonMail/go-crypto v1.3.0
go: downloading dario.cat/mergo v1.0.1
go: downloading golang.org/x/exp v0.0.0-20250531010427-b6e5de432a8b
go: downloading github.com/anmitsu/go-shlex v0.0.0-20200514113438-38f4b401e2be
go: downloading gopkg.in/yaml.v3 v3.0.1
go: downloading github.com/pmezard/go-difflib v1.0.0
go: downloading github.com/davecgh/go-spew v1.1.1
go: downloading github.com/cyphar/filepath-securejoin v0.4.1
go: downloading golang.org/x/sys v0.35.0
go: downloading github.com/cloudflare/circl v1.6.1
?   	github.com/go-git/go-git/v6/plumbing/color	[no test files]
	github.com/go-git/go-git/v6/backend/git		coverage: 0.0% of statements
	github.com/go-git/go-git/v6/internal/reference		coverage: 0.0% of statements
	github.com/go-git/go-git/v6/internal/transport/test		coverage: 0.0% of statements
	github.com/go-git/go-git/v6/internal/trace		coverage: 0.0% of statements
	github.com/go-git/go-git/v6/internal/path_util		coverage: 0.0% of statements
	github.com/go-git/go-git/v6/internal/repository		coverage: 0.0% of statements
?   	github.com/go-git/go-git/v6/storage	[no test files]
	github.com/go-git/go-git/v6/plumbing/protocol		coverage: 0.0% of statements
	github.com/go-git/go-git/v6/plumbing/transport/ssh/sshagent		coverage: 0.0% of statements
	github.com/go-git/go-git/v6/storage/memory		coverage: 0.0% of statements
2025/09/04 12:44:42 comparing mod time: 2025-09-04 12:44:42.214755428 -0700 PDT == 2025-09-04 12:44:42.214755428 -0700 PDT on linux (amd64)
--- FAIL: TestWorktreeSuite (73.84s)
    --- FAIL: TestWorktreeSuite/TestCheckoutIndexOS (0.02s)
        worktree_test.go:711:
            	Error Trace:	/app/worktree_test.go:711
            	Error:      	Should not be: 0x0
            	Test:       	TestWorktreeSuite/TestCheckoutIndexOS
        worktree_test.go:712:
            	Error Trace:	/app/worktree_test.go:712
            	Error:      	Should not be: 0x0
            	Test:       	TestWorktreeSuite/TestCheckoutIndexOS
FAIL
coverage: 57.3% of statements in ./...
FAIL	github.com/go-git/go-git/v6	119.459s
ok  	github.com/go-git/go-git/v6/backend/http	0.135s	coverage: 7.0% of statements in ./...
ok  	github.com/go-git/go-git/v6/config	0.140s	coverage: 3.4% of statements in ./...
ok  	github.com/go-git/go-git/v6/internal/revision	0.140s	coverage: 1.8% of statements in ./...
ok  	github.com/go-git/go-git/v6/internal/url	0.118s	coverage: 0.0% of statements in ./...
ok  	github.com/go-git/go-git/v6/plumbing	1.478s	coverage: 1.0% of statements in ./...
ok  	github.com/go-git/go-git/v6/plumbing/cache	0.190s	coverage: 0.6% of statements in ./...
ok  	github.com/go-git/go-git/v6/plumbing/filemode	0.123s	coverage: 0.2% of statements in ./...
ok  	github.com/go-git/go-git/v6/plumbing/format/commitgraph	0.184s	coverage: 8.9% of statements in ./...
ok  	github.com/go-git/go-git/v6/plumbing/format/config	0.124s	coverage: 1.0% of statements in ./...
ok  	github.com/go-git/go-git/v6/plumbing/format/diff	0.132s	coverage: 1.2% of statements in ./...
ok  	github.com/go-git/go-git/v6/plumbing/format/gitattributes	0.124s	coverage: 1.3% of statements in ./...
ok  	github.com/go-git/go-git/v6/plumbing/format/gitignore	0.163s	coverage: 1.1% of statements in ./...
ok  	github.com/go-git/go-git/v6/plumbing/format/idxfile	0.146s	coverage: 4.5% of statements in ./...
ok  	github.com/go-git/go-git/v6/plumbing/format/index	0.163s	coverage: 2.4% of statements in ./...
ok  	github.com/go-git/go-git/v6/plumbing/format/objfile	0.115s	coverage: 0.8% of statements in ./...
ok  	github.com/go-git/go-git/v6/plumbing/format/packfile	30.020s	coverage: 15.8% of statements in ./...
ok  	github.com/go-git/go-git/v6/plumbing/format/pktline	0.119s	coverage: 0.8% of statements in ./...
ok  	github.com/go-git/go-git/v6/plumbing/hash	0.074s	coverage: 0.1% of statements in ./...
ok  	github.com/go-git/go-git/v6/plumbing/object	2.273s	coverage: 22.7% of statements in ./...
ok  	github.com/go-git/go-git/v6/plumbing/object/commitgraph	0.250s	coverage: 9.6% of statements in ./...
ok  	github.com/go-git/go-git/v6/plumbing/protocol/packp	0.226s	coverage: 5.8% of statements in ./...
ok  	github.com/go-git/go-git/v6/plumbing/protocol/packp/capability	0.132s	coverage: 0.5% of statements in ./...
ok  	github.com/go-git/go-git/v6/plumbing/protocol/packp/sideband	0.161s	coverage: 0.9% of statements in ./...
ok  	github.com/go-git/go-git/v6/plumbing/revlist	0.247s	coverage: 7.2% of statements in ./...
ok  	github.com/go-git/go-git/v6/plumbing/storer	0.196s	coverage: 0.9% of statements in ./...
ok  	github.com/go-git/go-git/v6/plumbing/transport	0.270s	coverage: 10.4% of statements in ./...
ok  	github.com/go-git/go-git/v6/plumbing/transport/file	1.154s	coverage: 23.1% of statements in ./...
--- FAIL: TestUploadPackSuite (0.72s)
    --- FAIL: TestUploadPackSuite/TestAdvertisedReferencesEmpty (0.03s)
        upload_pack.go:32:
            	Error Trace:	/app/internal/transport/test/upload_pack.go:32
            	Error:      	Received unexpected error:
            	            	empty advertised-ref message
            	Test:       	TestUploadPackSuite/TestAdvertisedReferencesEmpty
FAIL
coverage: 14.3% of statements in ./...
FAIL	github.com/go-git/go-git/v6/plumbing/transport/git	1.633s
Not a git repository: '/tmp/TestReceivePackSuiteTestAdvertisedReferencesNotExists3086413322/001/go-git-http-34953/non-existent.git'error: cannot lock ref 'refs/heads/master': reference already exists
Not a git repository: '/tmp/TestUploadPackSuiteTestAdvertisedReferencesNotExists4190149251/001/go-git-http-46245/non-existent.git'fatal: git upload-pack: not our ref 1111111111111111111111111111111111111111
--- FAIL: TestUploadPackSuite (1.48s)
    --- FAIL: TestUploadPackSuite/TestAdvertisedReferencesEmpty (0.02s)
        upload_pack.go:32:
            	Error Trace:	/app/internal/transport/test/upload_pack.go:32
            	Error:      	Received unexpected error:
            	            	remote repository is empty
            	Test:       	TestUploadPackSuite/TestAdvertisedReferencesEmpty
FAIL
coverage: 17.7% of statements in ./...
FAIL	github.com/go-git/go-git/v6/plumbing/transport/http	2.812s
--- FAIL: TestSuiteCommon (0.19s)
    --- FAIL: TestSuiteCommon/TestInvalidSocks5Proxy (0.00s)
        common_test.go:193:
            	Error Trace:	/app/plumbing/transport/ssh/common_test.go:193
            	Error:      	Expect "unable to find any valid known_hosts file, set SSH_KNOWN_HOSTS env variable" to match "socks connect .* dial tcp 127.0.0.1:1080: .*"
            	Test:       	TestSuiteCommon/TestInvalidSocks5Proxy
--- FAIL: TestIssue70Suite (0.24s)
    common_test.go:171:
        	Error Trace:	/app/plumbing/transport/ssh/common_test.go:171
        	Error:      	Received unexpected error:
        	            	unable to find any valid known_hosts file, set SSH_KNOWN_HOSTS env variable
        	Test:       	TestIssue70Suite
--- FAIL: TestProxySuite (0.38s)
    --- FAIL: TestProxySuite/TestCommand (0.37s)
        proxy_test.go:79:
            	Error Trace:	/app/plumbing/transport/ssh/proxy_test.go:79
            	Error:      	Received unexpected error:
            	            	unable to find any valid known_hosts file, set SSH_KNOWN_HOSTS env variable
            	Test:       	TestProxySuite/TestCommand
        proxy_test.go:81:
            	Error Trace:	/app/plumbing/transport/ssh/proxy_test.go:81
            	Error:      	Should be true
            	Test:       	TestProxySuite/TestCommand
--- FAIL: TestUploadPackSuite (5.46s)
    --- FAIL: TestUploadPackSuite/TestAdvertisedReferencesEmpty (0.10s)
        upload_pack.go:32:
            	Error Trace:	/app/internal/transport/test/upload_pack.go:32
            	Error:      	Received unexpected error:
            	            	unable to find any valid known_hosts file, set SSH_KNOWN_HOSTS env variable
            	Test:       	TestUploadPackSuite/TestAdvertisedReferencesEmpty
    --- FAIL: TestUploadPackSuite/TestAdvertisedReferencesFilterUnsupported (0.64s)
        upload_pack.go:82:
            	Error Trace:	/app/internal/transport/test/upload_pack.go:82
            	Error:      	Received unexpected error:
            	            	unable to find any valid known_hosts file, set SSH_KNOWN_HOSTS env variable
            	Test:       	TestUploadPackSuite/TestAdvertisedReferencesFilterUnsupported
    --- FAIL: TestUploadPackSuite/TestCallAdvertisedReferenceTwice (0.42s)
        upload_pack.go:51:
            	Error Trace:	/app/internal/transport/test/upload_pack.go:51
            	Error:      	Received unexpected error:
            	            	unable to find any valid known_hosts file, set SSH_KNOWN_HOSTS env variable
            	Test:       	TestUploadPackSuite/TestCallAdvertisedReferenceTwice
    --- FAIL: TestUploadPackSuite/TestCapabilities (0.32s)
        upload_pack.go:95:
            	Error Trace:	/app/internal/transport/test/upload_pack.go:95
            	Error:      	Received unexpected error:
            	            	unable to find any valid known_hosts file, set SSH_KNOWN_HOSTS env variable
            	Test:       	TestUploadPackSuite/TestCapabilities
    --- FAIL: TestUploadPackSuite/TestDefaultBranch (0.20s)
        upload_pack.go:67:
            	Error Trace:	/app/internal/transport/test/upload_pack.go:67
            	Error:      	Received unexpected error:
            	            	unable to find any valid known_hosts file, set SSH_KNOWN_HOSTS env variable
            	Test:       	TestUploadPackSuite/TestDefaultBranch
    --- FAIL: TestUploadPackSuite/TestFetchError (0.59s)
        upload_pack.go:259:
            	Error Trace:	/app/internal/transport/test/upload_pack.go:259
            	Error:      	Received unexpected error:
            	            	unable to find any valid known_hosts file, set SSH_KNOWN_HOSTS env variable
            	Test:       	TestUploadPackSuite/TestFetchError
    --- FAIL: TestUploadPackSuite/TestUploadPack (0.31s)
        upload_pack.go:108:
            	Error Trace:	/app/internal/transport/test/upload_pack.go:108
            	Error:      	Received unexpected error:
            	            	unable to find any valid known_hosts file, set SSH_KNOWN_HOSTS env variable
            	Test:       	TestUploadPackSuite/TestUploadPack
    --- FAIL: TestUploadPackSuite/TestUploadPackFull (0.25s)
        upload_pack.go:169:
            	Error Trace:	/app/internal/transport/test/upload_pack.go:169
            	Error:      	Received unexpected error:
            	            	unable to find any valid known_hosts file, set SSH_KNOWN_HOSTS env variable
            	Test:       	TestUploadPackSuite/TestUploadPackFull
    --- FAIL: TestUploadPackSuite/TestUploadPackInvalidReq (0.34s)
        upload_pack.go:191:
            	Error Trace:	/app/internal/transport/test/upload_pack.go:191
            	Error:      	Received unexpected error:
            	            	unable to find any valid known_hosts file, set SSH_KNOWN_HOSTS env variable
            	Test:       	TestUploadPackSuite/TestUploadPackInvalidReq
    --- FAIL: TestUploadPackSuite/TestUploadPackMulti (0.11s)
        upload_pack.go:221:
            	Error Trace:	/app/internal/transport/test/upload_pack.go:221
            	Error:      	Received unexpected error:
            	            	unable to find any valid known_hosts file, set SSH_KNOWN_HOSTS env variable
            	Test:       	TestUploadPackSuite/TestUploadPackMulti
    --- FAIL: TestUploadPackSuite/TestUploadPackNoChanges (0.51s)
        upload_pack.go:206:
            	Error Trace:	/app/internal/transport/test/upload_pack.go:206
            	Error:      	Received unexpected error:
            	            	unable to find any valid known_hosts file, set SSH_KNOWN_HOSTS env variable
            	Test:       	TestUploadPackSuite/TestUploadPackNoChanges
    --- FAIL: TestUploadPackSuite/TestUploadPackPartial (0.44s)
        upload_pack.go:240:
            	Error Trace:	/app/internal/transport/test/upload_pack.go:240
            	Error:      	Received unexpected error:
            	            	unable to find any valid known_hosts file, set SSH_KNOWN_HOSTS env variable
            	Test:       	TestUploadPackSuite/TestUploadPackPartial
    --- FAIL: TestUploadPackSuite/TestUploadPackWithContext (0.14s)
        upload_pack.go:130:
            	Error Trace:	/app/internal/transport/test/upload_pack.go:130
            	Error:      	Received unexpected error:
            	            	unable to find any valid known_hosts file, set SSH_KNOWN_HOSTS env variable
            	Test:       	TestUploadPackSuite/TestUploadPackWithContext
    --- FAIL: TestUploadPackSuite/TestUploadPackWithContextOnRead (0.13s)
        upload_pack.go:150:
            	Error Trace:	/app/internal/transport/test/upload_pack.go:150
            	Error:      	Received unexpected error:
            	            	unable to find any valid known_hosts file, set SSH_KNOWN_HOSTS env variable
            	Test:       	TestUploadPackSuite/TestUploadPackWithContextOnRead
FAIL
coverage: 2.1% of statements in ./...
FAIL	github.com/go-git/go-git/v6/plumbing/transport/ssh	6.344s
ok  	github.com/go-git/go-git/v6/plumbing/transport/ssh/knownhosts	7.230s	coverage: 0.9% of statements in ./...
ok  	github.com/go-git/go-git/v6/storage/filesystem	38.274s	coverage: 8.3% of statements in ./...
ok  	github.com/go-git/go-git/v6/storage/filesystem/dotgit	1.689s	coverage: 7.4% of statements in ./...
ok  	github.com/go-git/go-git/v6/storage/tests	0.224s	coverage: 13.0% of statements in ./...
ok  	github.com/go-git/go-git/v6/storage/transactional	0.156s	coverage: 3.8% of statements in ./...
ok  	github.com/go-git/go-git/v6/utils/binary	0.122s	coverage: 0.3% of statements in ./...
ok  	github.com/go-git/go-git/v6/utils/diff	0.192s	coverage: 0.1% of statements in ./...
ok  	github.com/go-git/go-git/v6/utils/ioutil	0.226s	coverage: 0.3% of statements in ./...
ok  	github.com/go-git/go-git/v6/utils/merkletrie	0.214s	coverage: 2.3% of statements in ./...
ok  	github.com/go-git/go-git/v6/utils/merkletrie/filesystem	0.230s	coverage: 1.8% of statements in ./...
ok  	github.com/go-git/go-git/v6/utils/merkletrie/index	0.210s	coverage: 1.6% of statements in ./...
ok  	github.com/go-git/go-git/v6/utils/merkletrie/internal/frame	0.195s	coverage: 0.7% of statements in ./...
ok  	github.com/go-git/go-git/v6/utils/merkletrie/internal/fsnoder	0.189s	coverage: 0.9% of statements in ./...
ok  	github.com/go-git/go-git/v6/utils/merkletrie/noder	0.209s	coverage: 0.1% of statements in ./...
ok  	github.com/go-git/go-git/v6/utils/sync	0.127s	coverage: 0.2% of statements in ./...
ok  	github.com/go-git/go-git/v6/utils/trace	0.197s	coverage: 0.1% of statements in ./...
FAIL
make: *** [Makefile:38: test-coverage] Error 1
