Requirement already satisfied: pip in ./venv/lib/python3.11/site-packages (24.0)
Collecting pip
  Downloading pip-25.3-py3-none-any.whl.metadata (4.7 kB)
Downloading pip-25.3-py3-none-any.whl (1.8 MB)
   ━━━━━━━━━━━━━━━━━━━━━━━━━━━━━━━━━━━━━━━━ 1.8/1.8 MB 7.3 MB/s eta 0:00:00
Installing collected packages: pip
  Attempting uninstall: pip
    Found existing installation: pip 24.0
    Uninstalling pip-24.0:
      Successfully uninstalled pip-24.0
Successfully installed pip-25.3
Collecting pluggy>=1.5.0 (from -r /app/requirements.txt (line 2))
  Using cached pluggy-1.6.0-py3-none-any.whl.metadata (4.8 kB)
Collecting pygments-pytest>=2.3.0 (from -r /app/requirements.txt (line 3))
  Downloading pygments_pytest-2.5.0-py2.py3-none-any.whl.metadata (2.3 kB)
Collecting sphinx-removed-in>=0.2.0 (from -r /app/requirements.txt (line 4))
  Downloading sphinx_removed_in-0.2.3-py3-none-any.whl.metadata (2.2 kB)
Collecting sphinx>=7 (from -r /app/requirements.txt (line 5))
  Downloading sphinx-9.0.4-py3-none-any.whl.metadata (5.8 kB)
Collecting sphinxcontrib-trio (from -r /app/requirements.txt (line 6))
  Downloading sphinxcontrib_trio-1.1.2-py3-none-any.whl.metadata (2.7 kB)
Collecting sphinxcontrib-svg2pdfconverter (from -r /app/requirements.txt (line 7))
  Downloading sphinxcontrib_svg2pdfconverter-2.0.0-py3-none-any.whl.metadata (3.3 kB)
Collecting furo (from -r /app/requirements.txt (line 8))
  Downloading furo-2025.9.25-py3-none-any.whl.metadata (6.1 kB)
Collecting sphinxcontrib-towncrier (from -r /app/requirements.txt (line 9))
  Downloading sphinxcontrib_towncrier-0.5.0a0-py3-none-any.whl.metadata (4.6 kB)
Collecting sphinx-issues (from -r /app/requirements.txt (line 10))
  Downloading sphinx_issues-5.0.1-py3-none-any.whl.metadata (8.6 kB)
Collecting pygments (from pygments-pytest>=2.3.0->-r /app/requirements.txt (line 3))
  Using cached pygments-2.19.2-py3-none-any.whl.metadata (2.5 kB)
Collecting sphinxcontrib-applehelp>=1.0.7 (from sphinx>=7->-r /app/requirements.txt (line 5))
  Downloading sphinxcontrib_applehelp-2.0.0-py3-none-any.whl.metadata (2.3 kB)
Collecting sphinxcontrib-devhelp>=1.0.6 (from sphinx>=7->-r /app/requirements.txt (line 5))
  Downloading sphinxcontrib_devhelp-2.0.0-py3-none-any.whl.metadata (2.3 kB)
Collecting sphinxcontrib-htmlhelp>=2.0.6 (from sphinx>=7->-r /app/requirements.txt (line 5))
  Downloading sphinxcontrib_htmlhelp-2.1.0-py3-none-any.whl.metadata (2.3 kB)
Collecting sphinxcontrib-jsmath>=1.0.1 (from sphinx>=7->-r /app/requirements.txt (line 5))
  Downloading sphinxcontrib_jsmath-1.0.1-py2.py3-none-any.whl.metadata (1.4 kB)
Collecting sphinxcontrib-qthelp>=1.0.6 (from sphinx>=7->-r /app/requirements.txt (line 5))
  Downloading sphinxcontrib_qthelp-2.0.0-py3-none-any.whl.metadata (2.3 kB)
Collecting sphinxcontrib-serializinghtml>=1.1.9 (from sphinx>=7->-r /app/requirements.txt (line 5))
  Downloading sphinxcontrib_serializinghtml-2.0.0-py3-none-any.whl.metadata (2.4 kB)
Collecting Jinja2>=3.1 (from sphinx>=7->-r /app/requirements.txt (line 5))
  Downloading jinja2-3.1.6-py3-none-any.whl.metadata (2.9 kB)
Collecting docutils<0.23,>=0.20 (from sphinx>=7->-r /app/requirements.txt (line 5))
  Downloading docutils-0.22.3-py3-none-any.whl.metadata (15 kB)
Collecting snowballstemmer>=2.2 (from sphinx>=7->-r /app/requirements.txt (line 5))
  Downloading snowballstemmer-3.0.1-py3-none-any.whl.metadata (7.9 kB)
Collecting babel>=2.13 (from sphinx>=7->-r /app/requirements.txt (line 5))
  Downloading babel-2.17.0-py3-none-any.whl.metadata (2.0 kB)
Collecting alabaster>=0.7.14 (from sphinx>=7->-r /app/requirements.txt (line 5))
  Downloading alabaster-1.0.0-py3-none-any.whl.metadata (2.8 kB)
Collecting imagesize>=1.3 (from sphinx>=7->-r /app/requirements.txt (line 5))
  Downloading imagesize-1.4.1-py2.py3-none-any.whl.metadata (1.5 kB)
Collecting requests>=2.30.0 (from sphinx>=7->-r /app/requirements.txt (line 5))
  Downloading requests-2.32.5-py3-none-any.whl.metadata (4.9 kB)
Collecting roman-numerals>=1.0.0 (from sphinx>=7->-r /app/requirements.txt (line 5))
  Downloading roman_numerals-3.1.0-py3-none-any.whl.metadata (3.6 kB)
Collecting packaging>=23.0 (from sphinx>=7->-r /app/requirements.txt (line 5))
  Using cached packaging-25.0-py3-none-any.whl.metadata (3.3 kB)
Collecting beautifulsoup4 (from furo->-r /app/requirements.txt (line 8))
  Downloading beautifulsoup4-4.14.3-py3-none-any.whl.metadata (3.8 kB)
Collecting sphinx>=7 (from -r /app/requirements.txt (line 5))
  Downloading sphinx-8.2.3-py3-none-any.whl.metadata (7.0 kB)
Collecting sphinx-basic-ng>=1.0.0.beta2 (from furo->-r /app/requirements.txt (line 8))
  Downloading sphinx_basic_ng-1.0.0b2-py3-none-any.whl.metadata (1.5 kB)
Collecting accessible-pygments>=0.0.5 (from furo->-r /app/requirements.txt (line 8))
  Downloading accessible_pygments-0.0.5-py3-none-any.whl.metadata (10 kB)
Collecting docutils<0.22,>=0.20 (from sphinx>=7->-r /app/requirements.txt (line 5))
  Downloading docutils-0.21.2-py3-none-any.whl.metadata (2.8 kB)
Collecting roman-numerals-py>=1.0.0 (from sphinx>=7->-r /app/requirements.txt (line 5))
  Downloading roman_numerals_py-3.1.0-py3-none-any.whl.metadata (3.6 kB)
Collecting towncrier>=23 (from sphinxcontrib-towncrier->-r /app/requirements.txt (line 9))
  Downloading towncrier-25.8.0-py3-none-any.whl.metadata (4.3 kB)
Collecting MarkupSafe>=2.0 (from Jinja2>=3.1->sphinx>=7->-r /app/requirements.txt (line 5))
  Downloading markupsafe-3.0.3-cp311-cp311-manylinux2014_x86_64.manylinux_2_17_x86_64.manylinux_2_28_x86_64.whl.metadata (2.7 kB)
Collecting charset_normalizer<4,>=2 (from requests>=2.30.0->sphinx>=7->-r /app/requirements.txt (line 5))
  Downloading charset_normalizer-3.4.4-cp311-cp311-manylinux2014_x86_64.manylinux_2_17_x86_64.manylinux_2_28_x86_64.whl.metadata (37 kB)
Collecting idna<4,>=2.5 (from requests>=2.30.0->sphinx>=7->-r /app/requirements.txt (line 5))
  Downloading idna-3.11-py3-none-any.whl.metadata (8.4 kB)
Collecting urllib3<3,>=1.21.1 (from requests>=2.30.0->sphinx>=7->-r /app/requirements.txt (line 5))
  Downloading urllib3-2.6.1-py3-none-any.whl.metadata (6.6 kB)
Collecting certifi>=2017.4.17 (from requests>=2.30.0->sphinx>=7->-r /app/requirements.txt (line 5))
  Downloading certifi-2025.11.12-py3-none-any.whl.metadata (2.5 kB)
Collecting click (from towncrier>=23->sphinxcontrib-towncrier->-r /app/requirements.txt (line 9))
  Downloading click-8.3.1-py3-none-any.whl.metadata (2.6 kB)
Collecting soupsieve>=1.6.1 (from beautifulsoup4->furo->-r /app/requirements.txt (line 8))
  Downloading soupsieve-2.8-py3-none-any.whl.metadata (4.6 kB)
Collecting typing-extensions>=4.0.0 (from beautifulsoup4->furo->-r /app/requirements.txt (line 8))
  Downloading typing_extensions-4.15.0-py3-none-any.whl.metadata (3.3 kB)
Using cached pluggy-1.6.0-py3-none-any.whl (20 kB)
Downloading pygments_pytest-2.5.0-py2.py3-none-any.whl (5.3 kB)
Downloading sphinx_removed_in-0.2.3-py3-none-any.whl (3.3 kB)
Downloading sphinxcontrib_trio-1.1.2-py3-none-any.whl (12 kB)
Downloading sphinxcontrib_svg2pdfconverter-2.0.0-py3-none-any.whl (8.3 kB)
Downloading furo-2025.9.25-py3-none-any.whl (340 kB)
Downloading sphinx-8.2.3-py3-none-any.whl (3.6 MB)
   ━━━━━━━━━━━━━━━━━━━━━━━━━━━━━━━━━━━━━━━━ 3.6/3.6 MB 59.9 MB/s  0:00:00
Downloading docutils-0.21.2-py3-none-any.whl (587 kB)
   ━━━━━━━━━━━━━━━━━━━━━━━━━━━━━━━━━━━━━━━━ 587.4/587.4 kB 17.0 MB/s  0:00:00
Downloading sphinxcontrib_towncrier-0.5.0a0-py3-none-any.whl (12 kB)
Downloading sphinx_issues-5.0.1-py3-none-any.whl (8.2 kB)
Downloading accessible_pygments-0.0.5-py3-none-any.whl (1.4 MB)
   ━━━━━━━━━━━━━━━━━━━━━━━━━━━━━━━━━━━━━━━━ 1.4/1.4 MB 42.3 MB/s  0:00:00
Downloading alabaster-1.0.0-py3-none-any.whl (13 kB)
Downloading babel-2.17.0-py3-none-any.whl (10.2 MB)
   ━━━━━━━━━━━━━━━━━━━━━━━━━━━━━━━━━━━━━━━━ 10.2/10.2 MB 74.8 MB/s  0:00:00
Downloading imagesize-1.4.1-py2.py3-none-any.whl (8.8 kB)
Downloading jinja2-3.1.6-py3-none-any.whl (134 kB)
Downloading markupsafe-3.0.3-cp311-cp311-manylinux2014_x86_64.manylinux_2_17_x86_64.manylinux_2_28_x86_64.whl (22 kB)
Using cached packaging-25.0-py3-none-any.whl (66 kB)
Using cached pygments-2.19.2-py3-none-any.whl (1.2 MB)
Downloading requests-2.32.5-py3-none-any.whl (64 kB)
Downloading charset_normalizer-3.4.4-cp311-cp311-manylinux2014_x86_64.manylinux_2_17_x86_64.manylinux_2_28_x86_64.whl (151 kB)
Downloading idna-3.11-py3-none-any.whl (71 kB)
Downloading urllib3-2.6.1-py3-none-any.whl (131 kB)
Downloading certifi-2025.11.12-py3-none-any.whl (159 kB)
Downloading roman_numerals_py-3.1.0-py3-none-any.whl (7.7 kB)
Downloading snowballstemmer-3.0.1-py3-none-any.whl (103 kB)
Downloading sphinx_basic_ng-1.0.0b2-py3-none-any.whl (22 kB)
Downloading sphinxcontrib_applehelp-2.0.0-py3-none-any.whl (119 kB)
Downloading sphinxcontrib_devhelp-2.0.0-py3-none-any.whl (82 kB)
Downloading sphinxcontrib_htmlhelp-2.1.0-py3-none-any.whl (98 kB)
Downloading sphinxcontrib_jsmath-1.0.1-py2.py3-none-any.whl (5.1 kB)
Downloading sphinxcontrib_qthelp-2.0.0-py3-none-any.whl (88 kB)
Downloading sphinxcontrib_serializinghtml-2.0.0-py3-none-any.whl (92 kB)
Downloading towncrier-25.8.0-py3-none-any.whl (65 kB)
Downloading beautifulsoup4-4.14.3-py3-none-any.whl (107 kB)
Downloading soupsieve-2.8-py3-none-any.whl (36 kB)
Downloading typing_extensions-4.15.0-py3-none-any.whl (44 kB)
Downloading click-8.3.1-py3-none-any.whl (108 kB)
Installing collected packages: urllib3, typing-extensions, sphinxcontrib-serializinghtml, sphinxcontrib-qthelp, sphinxcontrib-jsmath, sphinxcontrib-htmlhelp, sphinxcontrib-devhelp, sphinxcontrib-applehelp, soupsieve, snowballstemmer, roman-numerals-py, pygments, pluggy, packaging, MarkupSafe, imagesize, idna, docutils, click, charset_normalizer, certifi, babel, alabaster, requests, pygments-pytest, Jinja2, beautifulsoup4, accessible-pygments, towncrier, sphinx, sphinxcontrib-trio, sphinxcontrib-towncrier, sphinxcontrib-svg2pdfconverter, sphinx-removed-in, sphinx-issues, sphinx-basic-ng, furo

Successfully installed Jinja2-3.1.6 MarkupSafe-3.0.3 accessible-pygments-0.0.5 alabaster-1.0.0 babel-2.17.0 beautifulsoup4-4.14.3 certifi-2025.11.12 charset_normalizer-3.4.4 click-8.3.1 docutils-0.21.2 furo-2025.9.25 idna-3.11 imagesize-1.4.1 packaging-25.0 pluggy-1.6.0 pygments-2.19.2 pygments-pytest-2.5.0 requests-2.32.5 roman-numerals-py-3.1.0 snowballstemmer-3.0.1 soupsieve-2.8 sphinx-8.2.3 sphinx-basic-ng-1.0.0b2 sphinx-issues-5.0.1 sphinx-removed-in-0.2.3 sphinxcontrib-applehelp-2.0.0 sphinxcontrib-devhelp-2.0.0 sphinxcontrib-htmlhelp-2.1.0 sphinxcontrib-jsmath-1.0.1 sphinxcontrib-qthelp-2.0.0 sphinxcontrib-serializinghtml-2.0.0 sphinxcontrib-svg2pdfconverter-2.0.0 sphinxcontrib-towncrier-0.5.0a0 sphinxcontrib-trio-1.1.2 towncrier-25.8.0 typing-extensions-4.15.0 urllib3-2.6.1
* Getting build dependencies for sdist...
running egg_info
creating src/pytest.egg-info
writing src/pytest.egg-info/PKG-INFO
writing dependency_links to src/pytest.egg-info/dependency_links.txt
writing entry points to src/pytest.egg-info/entry_points.txt
writing requirements to src/pytest.egg-info/requires.txt
writing top-level names to src/pytest.egg-info/top_level.txt
writing manifest file 'src/pytest.egg-info/SOURCES.txt'
listing git files failed - pretending there aren't any
reading manifest file 'src/pytest.egg-info/SOURCES.txt'
adding license file 'LICENSE'
writing manifest file 'src/pytest.egg-info/SOURCES.txt'
* Building sdist...
running sdist
running egg_info
writing src/pytest.egg-info/PKG-INFO
writing dependency_links to src/pytest.egg-info/dependency_links.txt
writing entry points to src/pytest.egg-info/entry_points.txt
writing requirements to src/pytest.egg-info/requires.txt
writing top-level names to src/pytest.egg-info/top_level.txt
listing git files failed - pretending there aren't any
reading manifest file 'src/pytest.egg-info/SOURCES.txt'
adding license file 'LICENSE'
writing manifest file 'src/pytest.egg-info/SOURCES.txt'
running check
creating pytest-2.0.0
creating pytest-2.0.0/src
creating pytest-2.0.0/src/_pytest
creating pytest-2.0.0/src/_pytest/_code
creating pytest-2.0.0/src/_pytest/_io
creating pytest-2.0.0/src/_pytest/_py
creating pytest-2.0.0/src/_pytest/assertion
creating pytest-2.0.0/src/_pytest/config
creating pytest-2.0.0/src/_pytest/mark
creating pytest-2.0.0/src/pytest
creating pytest-2.0.0/src/pytest.egg-info
copying files to pytest-2.0.0...
copying LICENSE -> pytest-2.0.0
copying README.rst -> pytest-2.0.0
copying pyproject.toml -> pytest-2.0.0
copying src/py.py -> pytest-2.0.0/src
copying src/_pytest/__init__.py -> pytest-2.0.0/src/_pytest
copying src/_pytest/_argcomplete.py -> pytest-2.0.0/src/_pytest
copying src/_pytest/_version.py -> pytest-2.0.0/src/_pytest
copying src/_pytest/cacheprovider.py -> pytest-2.0.0/src/_pytest
copying src/_pytest/capture.py -> pytest-2.0.0/src/_pytest
copying src/_pytest/compat.py -> pytest-2.0.0/src/_pytest
copying src/_pytest/debugging.py -> pytest-2.0.0/src/_pytest
copying src/_pytest/deprecated.py -> pytest-2.0.0/src/_pytest
copying src/_pytest/doctest.py -> pytest-2.0.0/src/_pytest
copying src/_pytest/faulthandler.py -> pytest-2.0.0/src/_pytest
copying src/_pytest/fixtures.py -> pytest-2.0.0/src/_pytest
copying src/_pytest/freeze_support.py -> pytest-2.0.0/src/_pytest
copying src/_pytest/helpconfig.py -> pytest-2.0.0/src/_pytest
copying src/_pytest/hookspec.py -> pytest-2.0.0/src/_pytest
copying src/_pytest/junitxml.py -> pytest-2.0.0/src/_pytest
copying src/_pytest/legacypath.py -> pytest-2.0.0/src/_pytest
copying src/_pytest/logging.py -> pytest-2.0.0/src/_pytest
copying src/_pytest/main.py -> pytest-2.0.0/src/_pytest
copying src/_pytest/monkeypatch.py -> pytest-2.0.0/src/_pytest
copying src/_pytest/nodes.py -> pytest-2.0.0/src/_pytest
copying src/_pytest/outcomes.py -> pytest-2.0.0/src/_pytest
copying src/_pytest/pastebin.py -> pytest-2.0.0/src/_pytest
copying src/_pytest/pathlib.py -> pytest-2.0.0/src/_pytest
copying src/_pytest/py.typed -> pytest-2.0.0/src/_pytest
copying src/_pytest/pytester.py -> pytest-2.0.0/src/_pytest
copying src/_pytest/pytester_assertions.py -> pytest-2.0.0/src/_pytest
copying src/_pytest/python.py -> pytest-2.0.0/src/_pytest
copying src/_pytest/python_api.py -> pytest-2.0.0/src/_pytest
copying src/_pytest/raises.py -> pytest-2.0.0/src/_pytest
copying src/_pytest/recwarn.py -> pytest-2.0.0/src/_pytest
copying src/_pytest/reports.py -> pytest-2.0.0/src/_pytest
copying src/_pytest/runner.py -> pytest-2.0.0/src/_pytest
copying src/_pytest/scope.py -> pytest-2.0.0/src/_pytest
copying src/_pytest/setuponly.py -> pytest-2.0.0/src/_pytest
copying src/_pytest/setupplan.py -> pytest-2.0.0/src/_pytest
copying src/_pytest/skipping.py -> pytest-2.0.0/src/_pytest
copying src/_pytest/stash.py -> pytest-2.0.0/src/_pytest
copying src/_pytest/stepwise.py -> pytest-2.0.0/src/_pytest
copying src/_pytest/terminal.py -> pytest-2.0.0/src/_pytest
copying src/_pytest/threadexception.py -> pytest-2.0.0/src/_pytest
copying src/_pytest/timing.py -> pytest-2.0.0/src/_pytest
copying src/_pytest/tmpdir.py -> pytest-2.0.0/src/_pytest
copying src/_pytest/tracemalloc.py -> pytest-2.0.0/src/_pytest
copying src/_pytest/unittest.py -> pytest-2.0.0/src/_pytest
copying src/_pytest/unraisableexception.py -> pytest-2.0.0/src/_pytest
copying src/_pytest/warning_types.py -> pytest-2.0.0/src/_pytest
copying src/_pytest/warnings.py -> pytest-2.0.0/src/_pytest
copying src/_pytest/_code/__init__.py -> pytest-2.0.0/src/_pytest/_code
copying src/_pytest/_code/code.py -> pytest-2.0.0/src/_pytest/_code
copying src/_pytest/_code/source.py -> pytest-2.0.0/src/_pytest/_code
copying src/_pytest/_io/__init__.py -> pytest-2.0.0/src/_pytest/_io
copying src/_pytest/_io/pprint.py -> pytest-2.0.0/src/_pytest/_io
copying src/_pytest/_io/saferepr.py -> pytest-2.0.0/src/_pytest/_io
copying src/_pytest/_io/terminalwriter.py -> pytest-2.0.0/src/_pytest/_io
copying src/_pytest/_io/wcwidth.py -> pytest-2.0.0/src/_pytest/_io
copying src/_pytest/_py/__init__.py -> pytest-2.0.0/src/_pytest/_py
copying src/_pytest/_py/error.py -> pytest-2.0.0/src/_pytest/_py
copying src/_pytest/_py/path.py -> pytest-2.0.0/src/_pytest/_py
copying src/_pytest/assertion/__init__.py -> pytest-2.0.0/src/_pytest/assertion
copying src/_pytest/assertion/rewrite.py -> pytest-2.0.0/src/_pytest/assertion
copying src/_pytest/assertion/truncate.py -> pytest-2.0.0/src/_pytest/assertion
copying src/_pytest/assertion/util.py -> pytest-2.0.0/src/_pytest/assertion
copying src/_pytest/config/__init__.py -> pytest-2.0.0/src/_pytest/config
copying src/_pytest/config/argparsing.py -> pytest-2.0.0/src/_pytest/config
copying src/_pytest/config/compat.py -> pytest-2.0.0/src/_pytest/config
copying src/_pytest/config/exceptions.py -> pytest-2.0.0/src/_pytest/config
copying src/_pytest/config/findpaths.py -> pytest-2.0.0/src/_pytest/config
copying src/_pytest/mark/__init__.py -> pytest-2.0.0/src/_pytest/mark
copying src/_pytest/mark/expression.py -> pytest-2.0.0/src/_pytest/mark
copying src/_pytest/mark/structures.py -> pytest-2.0.0/src/_pytest/mark
copying src/pytest/__init__.py -> pytest-2.0.0/src/pytest
copying src/pytest/__main__.py -> pytest-2.0.0/src/pytest
copying src/pytest/py.typed -> pytest-2.0.0/src/pytest
copying src/pytest.egg-info/PKG-INFO -> pytest-2.0.0/src/pytest.egg-info
copying src/pytest.egg-info/SOURCES.txt -> pytest-2.0.0/src/pytest.egg-info
copying src/pytest.egg-info/dependency_links.txt -> pytest-2.0.0/src/pytest.egg-info
copying src/pytest.egg-info/entry_points.txt -> pytest-2.0.0/src/pytest.egg-info
copying src/pytest.egg-info/requires.txt -> pytest-2.0.0/src/pytest.egg-info
copying src/pytest.egg-info/top_level.txt -> pytest-2.0.0/src/pytest.egg-info
copying src/pytest.egg-info/SOURCES.txt -> pytest-2.0.0/src/pytest.egg-info
Writing pytest-2.0.0/setup.cfg
Creating tar archive
removing 'pytest-2.0.0' (and everything under it)
* Building wheel from sdist
* Getting build dependencies for wheel...
running egg_info
writing src/pytest.egg-info/PKG-INFO
writing dependency_links to src/pytest.egg-info/dependency_links.txt
writing entry points to src/pytest.egg-info/entry_points.txt
writing requirements to src/pytest.egg-info/requires.txt
writing top-level names to src/pytest.egg-info/top_level.txt
listing git files failed - pretending there aren't any
reading manifest file 'src/pytest.egg-info/SOURCES.txt'
adding license file 'LICENSE'
writing manifest file 'src/pytest.egg-info/SOURCES.txt'
* Building wheel...
running bdist_wheel
running build
running build_py
creating build/lib
copying src/py.py -> build/lib
creating build/lib/_pytest
copying src/_pytest/tracemalloc.py -> build/lib/_pytest
copying src/_pytest/nodes.py -> build/lib/_pytest
copying src/_pytest/tmpdir.py -> build/lib/_pytest
copying src/_pytest/stepwise.py -> build/lib/_pytest
copying src/_pytest/junitxml.py -> build/lib/_pytest
copying src/_pytest/unittest.py -> build/lib/_pytest
copying src/_pytest/scope.py -> build/lib/_pytest
copying src/_pytest/__init__.py -> build/lib/_pytest
copying src/_pytest/legacypath.py -> build/lib/_pytest
copying src/_pytest/deprecated.py -> build/lib/_pytest
copying src/_pytest/_version.py -> build/lib/_pytest
copying src/_pytest/capture.py -> build/lib/_pytest
copying src/_pytest/main.py -> build/lib/_pytest
copying src/_pytest/monkeypatch.py -> build/lib/_pytest
copying src/_pytest/unraisableexception.py -> build/lib/_pytest
copying src/_pytest/doctest.py -> build/lib/_pytest
copying src/_pytest/logging.py -> build/lib/_pytest
copying src/_pytest/setupplan.py -> build/lib/_pytest
copying src/_pytest/pytester_assertions.py -> build/lib/_pytest
copying src/_pytest/freeze_support.py -> build/lib/_pytest
copying src/_pytest/fixtures.py -> build/lib/_pytest
copying src/_pytest/pastebin.py -> build/lib/_pytest
copying src/_pytest/setuponly.py -> build/lib/_pytest
copying src/_pytest/helpconfig.py -> build/lib/_pytest
copying src/_pytest/debugging.py -> build/lib/_pytest
copying src/_pytest/pathlib.py -> build/lib/_pytest
copying src/_pytest/_argcomplete.py -> build/lib/_pytest
copying src/_pytest/stash.py -> build/lib/_pytest
copying src/_pytest/runner.py -> build/lib/_pytest
copying src/_pytest/terminal.py -> build/lib/_pytest
copying src/_pytest/python.py -> build/lib/_pytest
copying src/_pytest/hookspec.py -> build/lib/_pytest
copying src/_pytest/outcomes.py -> build/lib/_pytest
copying src/_pytest/pytester.py -> build/lib/_pytest
copying src/_pytest/warnings.py -> build/lib/_pytest
copying src/_pytest/skipping.py -> build/lib/_pytest
copying src/_pytest/raises.py -> build/lib/_pytest
copying src/_pytest/compat.py -> build/lib/_pytest
copying src/_pytest/cacheprovider.py -> build/lib/_pytest
copying src/_pytest/timing.py -> build/lib/_pytest
copying src/_pytest/python_api.py -> build/lib/_pytest
copying src/_pytest/threadexception.py -> build/lib/_pytest
copying src/_pytest/reports.py -> build/lib/_pytest
copying src/_pytest/warning_types.py -> build/lib/_pytest
copying src/_pytest/faulthandler.py -> build/lib/_pytest
copying src/_pytest/recwarn.py -> build/lib/_pytest
creating build/lib/pytest
copying src/pytest/__init__.py -> build/lib/pytest
copying src/pytest/__main__.py -> build/lib/pytest
creating build/lib/_pytest/config
copying src/_pytest/config/argparsing.py -> build/lib/_pytest/config
copying src/_pytest/config/__init__.py -> build/lib/_pytest/config
copying src/_pytest/config/exceptions.py -> build/lib/_pytest/config
copying src/_pytest/config/findpaths.py -> build/lib/_pytest/config
copying src/_pytest/config/compat.py -> build/lib/_pytest/config
creating build/lib/_pytest/mark
copying src/_pytest/mark/__init__.py -> build/lib/_pytest/mark
copying src/_pytest/mark/expression.py -> build/lib/_pytest/mark
copying src/_pytest/mark/structures.py -> build/lib/_pytest/mark
creating build/lib/_pytest/_code
copying src/_pytest/_code/__init__.py -> build/lib/_pytest/_code
copying src/_pytest/_code/code.py -> build/lib/_pytest/_code
copying src/_pytest/_code/source.py -> build/lib/_pytest/_code
creating build/lib/_pytest/_py
copying src/_pytest/_py/error.py -> build/lib/_pytest/_py
copying src/_pytest/_py/path.py -> build/lib/_pytest/_py
copying src/_pytest/_py/__init__.py -> build/lib/_pytest/_py
creating build/lib/_pytest/assertion
copying src/_pytest/assertion/__init__.py -> build/lib/_pytest/assertion
copying src/_pytest/assertion/truncate.py -> build/lib/_pytest/assertion
copying src/_pytest/assertion/util.py -> build/lib/_pytest/assertion
copying src/_pytest/assertion/rewrite.py -> build/lib/_pytest/assertion
creating build/lib/_pytest/_io
copying src/_pytest/_io/__init__.py -> build/lib/_pytest/_io
copying src/_pytest/_io/pprint.py -> build/lib/_pytest/_io
copying src/_pytest/_io/wcwidth.py -> build/lib/_pytest/_io
copying src/_pytest/_io/terminalwriter.py -> build/lib/_pytest/_io
copying src/_pytest/_io/saferepr.py -> build/lib/_pytest/_io
running egg_info
writing src/pytest.egg-info/PKG-INFO
writing dependency_links to src/pytest.egg-info/dependency_links.txt
writing entry points to src/pytest.egg-info/entry_points.txt
writing requirements to src/pytest.egg-info/requires.txt
writing top-level names to src/pytest.egg-info/top_level.txt
listing git files failed - pretending there aren't any
reading manifest file 'src/pytest.egg-info/SOURCES.txt'
adding license file 'LICENSE'
writing manifest file 'src/pytest.egg-info/SOURCES.txt'
copying src/_pytest/py.typed -> build/lib/_pytest
copying src/pytest/py.typed -> build/lib/pytest
installing to build/bdist.linux-x86_64/wheel
running install
running install_lib
creating build/bdist.linux-x86_64/wheel
copying build/lib/py.py -> build/bdist.linux-x86_64/wheel/.
creating build/bdist.linux-x86_64/wheel/_pytest
copying build/lib/_pytest/tracemalloc.py -> build/bdist.linux-x86_64/wheel/./_pytest
creating build/bdist.linux-x86_64/wheel/_pytest/config
copying build/lib/_pytest/config/argparsing.py -> build/bdist.linux-x86_64/wheel/./_pytest/config
copying build/lib/_pytest/config/__init__.py -> build/bdist.linux-x86_64/wheel/./_pytest/config
copying build/lib/_pytest/config/exceptions.py -> build/bdist.linux-x86_64/wheel/./_pytest/config
copying build/lib/_pytest/config/findpaths.py -> build/bdist.linux-x86_64/wheel/./_pytest/config
copying build/lib/_pytest/config/compat.py -> build/bdist.linux-x86_64/wheel/./_pytest/config
copying build/lib/_pytest/nodes.py -> build/bdist.linux-x86_64/wheel/./_pytest
copying build/lib/_pytest/tmpdir.py -> build/bdist.linux-x86_64/wheel/./_pytest
copying build/lib/_pytest/stepwise.py -> build/bdist.linux-x86_64/wheel/./_pytest
copying build/lib/_pytest/junitxml.py -> build/bdist.linux-x86_64/wheel/./_pytest
copying build/lib/_pytest/unittest.py -> build/bdist.linux-x86_64/wheel/./_pytest
copying build/lib/_pytest/scope.py -> build/bdist.linux-x86_64/wheel/./_pytest
copying build/lib/_pytest/__init__.py -> build/bdist.linux-x86_64/wheel/./_pytest
copying build/lib/_pytest/legacypath.py -> build/bdist.linux-x86_64/wheel/./_pytest
copying build/lib/_pytest/deprecated.py -> build/bdist.linux-x86_64/wheel/./_pytest
copying build/lib/_pytest/_version.py -> build/bdist.linux-x86_64/wheel/./_pytest
copying build/lib/_pytest/capture.py -> build/bdist.linux-x86_64/wheel/./_pytest
copying build/lib/_pytest/main.py -> build/bdist.linux-x86_64/wheel/./_pytest
creating build/bdist.linux-x86_64/wheel/_pytest/mark
copying build/lib/_pytest/mark/__init__.py -> build/bdist.linux-x86_64/wheel/./_pytest/mark
copying build/lib/_pytest/mark/expression.py -> build/bdist.linux-x86_64/wheel/./_pytest/mark
copying build/lib/_pytest/mark/structures.py -> build/bdist.linux-x86_64/wheel/./_pytest/mark
copying build/lib/_pytest/monkeypatch.py -> build/bdist.linux-x86_64/wheel/./_pytest
creating build/bdist.linux-x86_64/wheel/_pytest/_code
copying build/lib/_pytest/_code/__init__.py -> build/bdist.linux-x86_64/wheel/./_pytest/_code
copying build/lib/_pytest/_code/code.py -> build/bdist.linux-x86_64/wheel/./_pytest/_code
copying build/lib/_pytest/_code/source.py -> build/bdist.linux-x86_64/wheel/./_pytest/_code
copying build/lib/_pytest/unraisableexception.py -> build/bdist.linux-x86_64/wheel/./_pytest
copying build/lib/_pytest/doctest.py -> build/bdist.linux-x86_64/wheel/./_pytest
copying build/lib/_pytest/logging.py -> build/bdist.linux-x86_64/wheel/./_pytest
copying build/lib/_pytest/setupplan.py -> build/bdist.linux-x86_64/wheel/./_pytest
copying build/lib/_pytest/pytester_assertions.py -> build/bdist.linux-x86_64/wheel/./_pytest
creating build/bdist.linux-x86_64/wheel/_pytest/_py
copying build/lib/_pytest/_py/error.py -> build/bdist.linux-x86_64/wheel/./_pytest/_py
copying build/lib/_pytest/_py/path.py -> build/bdist.linux-x86_64/wheel/./_pytest/_py
copying build/lib/_pytest/_py/__init__.py -> build/bdist.linux-x86_64/wheel/./_pytest/_py
copying build/lib/_pytest/freeze_support.py -> build/bdist.linux-x86_64/wheel/./_pytest
copying build/lib/_pytest/fixtures.py -> build/bdist.linux-x86_64/wheel/./_pytest
copying build/lib/_pytest/pastebin.py -> build/bdist.linux-x86_64/wheel/./_pytest
copying build/lib/_pytest/setuponly.py -> build/bdist.linux-x86_64/wheel/./_pytest
copying build/lib/_pytest/helpconfig.py -> build/bdist.linux-x86_64/wheel/./_pytest
copying build/lib/_pytest/debugging.py -> build/bdist.linux-x86_64/wheel/./_pytest
copying build/lib/_pytest/pathlib.py -> build/bdist.linux-x86_64/wheel/./_pytest
copying build/lib/_pytest/_argcomplete.py -> build/bdist.linux-x86_64/wheel/./_pytest
copying build/lib/_pytest/stash.py -> build/bdist.linux-x86_64/wheel/./_pytest
copying build/lib/_pytest/runner.py -> build/bdist.linux-x86_64/wheel/./_pytest
copying build/lib/_pytest/terminal.py -> build/bdist.linux-x86_64/wheel/./_pytest
copying build/lib/_pytest/python.py -> build/bdist.linux-x86_64/wheel/./_pytest
creating build/bdist.linux-x86_64/wheel/_pytest/assertion
copying build/lib/_pytest/assertion/__init__.py -> build/bdist.linux-x86_64/wheel/./_pytest/assertion
copying build/lib/_pytest/assertion/truncate.py -> build/bdist.linux-x86_64/wheel/./_pytest/assertion
copying build/lib/_pytest/assertion/util.py -> build/bdist.linux-x86_64/wheel/./_pytest/assertion
copying build/lib/_pytest/assertion/rewrite.py -> build/bdist.linux-x86_64/wheel/./_pytest/assertion
copying build/lib/_pytest/hookspec.py -> build/bdist.linux-x86_64/wheel/./_pytest
copying build/lib/_pytest/py.typed -> build/bdist.linux-x86_64/wheel/./_pytest
copying build/lib/_pytest/outcomes.py -> build/bdist.linux-x86_64/wheel/./_pytest
copying build/lib/_pytest/pytester.py -> build/bdist.linux-x86_64/wheel/./_pytest
copying build/lib/_pytest/warnings.py -> build/bdist.linux-x86_64/wheel/./_pytest
copying build/lib/_pytest/skipping.py -> build/bdist.linux-x86_64/wheel/./_pytest
copying build/lib/_pytest/raises.py -> build/bdist.linux-x86_64/wheel/./_pytest
copying build/lib/_pytest/compat.py -> build/bdist.linux-x86_64/wheel/./_pytest
copying build/lib/_pytest/cacheprovider.py -> build/bdist.linux-x86_64/wheel/./_pytest
copying build/lib/_pytest/timing.py -> build/bdist.linux-x86_64/wheel/./_pytest
copying build/lib/_pytest/python_api.py -> build/bdist.linux-x86_64/wheel/./_pytest
creating build/bdist.linux-x86_64/wheel/_pytest/_io
copying build/lib/_pytest/_io/__init__.py -> build/bdist.linux-x86_64/wheel/./_pytest/_io
copying build/lib/_pytest/_io/pprint.py -> build/bdist.linux-x86_64/wheel/./_pytest/_io
copying build/lib/_pytest/_io/wcwidth.py -> build/bdist.linux-x86_64/wheel/./_pytest/_io
copying build/lib/_pytest/_io/terminalwriter.py -> build/bdist.linux-x86_64/wheel/./_pytest/_io
copying build/lib/_pytest/_io/saferepr.py -> build/bdist.linux-x86_64/wheel/./_pytest/_io
copying build/lib/_pytest/threadexception.py -> build/bdist.linux-x86_64/wheel/./_pytest
copying build/lib/_pytest/reports.py -> build/bdist.linux-x86_64/wheel/./_pytest
copying build/lib/_pytest/warning_types.py -> build/bdist.linux-x86_64/wheel/./_pytest
copying build/lib/_pytest/faulthandler.py -> build/bdist.linux-x86_64/wheel/./_pytest
copying build/lib/_pytest/recwarn.py -> build/bdist.linux-x86_64/wheel/./_pytest
creating build/bdist.linux-x86_64/wheel/pytest
copying build/lib/pytest/__init__.py -> build/bdist.linux-x86_64/wheel/./pytest
copying build/lib/pytest/py.typed -> build/bdist.linux-x86_64/wheel/./pytest
copying build/lib/pytest/__main__.py -> build/bdist.linux-x86_64/wheel/./pytest
running install_egg_info
Copying src/pytest.egg-info to build/bdist.linux-x86_64/wheel/./pytest-2.0.0-py3.11.egg-info
running install_scripts
creating build/bdist.linux-x86_64/wheel/pytest-2.0.0.dist-info/WHEEL
creating '/app/dist/.tmp-311i9wlu/pytest-2.0.0-py3-none-any.whl' and adding 'build/bdist.linux-x86_64/wheel' to it
adding 'py.py'
adding '_pytest/__init__.py'
adding '_pytest/_argcomplete.py'
adding '_pytest/_version.py'
adding '_pytest/cacheprovider.py'
adding '_pytest/capture.py'
adding '_pytest/compat.py'
adding '_pytest/debugging.py'
adding '_pytest/deprecated.py'
adding '_pytest/doctest.py'
adding '_pytest/faulthandler.py'
adding '_pytest/fixtures.py'
adding '_pytest/freeze_support.py'
adding '_pytest/helpconfig.py'
adding '_pytest/hookspec.py'
adding '_pytest/junitxml.py'
adding '_pytest/legacypath.py'
adding '_pytest/logging.py'
adding '_pytest/main.py'
adding '_pytest/monkeypatch.py'
adding '_pytest/nodes.py'
adding '_pytest/outcomes.py'
adding '_pytest/pastebin.py'
adding '_pytest/pathlib.py'
adding '_pytest/py.typed'
adding '_pytest/pytester.py'
adding '_pytest/pytester_assertions.py'
adding '_pytest/python.py'
adding '_pytest/python_api.py'
adding '_pytest/raises.py'
adding '_pytest/recwarn.py'
adding '_pytest/reports.py'
adding '_pytest/runner.py'
adding '_pytest/scope.py'
adding '_pytest/setuponly.py'
adding '_pytest/setupplan.py'
adding '_pytest/skipping.py'
adding '_pytest/stash.py'
adding '_pytest/stepwise.py'
adding '_pytest/terminal.py'
adding '_pytest/threadexception.py'
adding '_pytest/timing.py'
adding '_pytest/tmpdir.py'
adding '_pytest/tracemalloc.py'
adding '_pytest/unittest.py'
adding '_pytest/unraisableexception.py'
adding '_pytest/warning_types.py'
adding '_pytest/warnings.py'
adding '_pytest/_code/__init__.py'
adding '_pytest/_code/code.py'
adding '_pytest/_code/source.py'
adding '_pytest/_io/__init__.py'
adding '_pytest/_io/pprint.py'
adding '_pytest/_io/saferepr.py'
adding '_pytest/_io/terminalwriter.py'
adding '_pytest/_io/wcwidth.py'
adding '_pytest/_py/__init__.py'
adding '_pytest/_py/error.py'
adding '_pytest/_py/path.py'
adding '_pytest/assertion/__init__.py'
adding '_pytest/assertion/rewrite.py'
adding '_pytest/assertion/truncate.py'
adding '_pytest/assertion/util.py'
adding '_pytest/config/__init__.py'
adding '_pytest/config/argparsing.py'
adding '_pytest/config/compat.py'
adding '_pytest/config/exceptions.py'
adding '_pytest/config/findpaths.py'
adding '_pytest/mark/__init__.py'
adding '_pytest/mark/expression.py'
adding '_pytest/mark/structures.py'
adding 'pytest/__init__.py'
adding 'pytest/__main__.py'
adding 'pytest/py.typed'
adding 'pytest-2.0.0.dist-info/licenses/LICENSE'
adding 'pytest-2.0.0.dist-info/METADATA'
adding 'pytest-2.0.0.dist-info/WHEEL'
adding 'pytest-2.0.0.dist-info/entry_points.txt'
adding 'pytest-2.0.0.dist-info/top_level.txt'
adding 'pytest-2.0.0.dist-info/RECORD'
removing build/bdist.linux-x86_64/wheel
Successfully built pytest-2.0.0.tar.gz and pytest-2.0.0-py3-none-any.whl
Requirement already satisfied: pytest in ./venv/lib/python3.11/site-packages (9.0.2)
Requirement already satisfied: iniconfig>=1.0.1 in ./venv/lib/python3.11/site-packages (from pytest) (2.3.0)
Requirement already satisfied: packaging>=22 in ./venv/lib/python3.11/site-packages (from pytest) (25.0)
Requirement already satisfied: pluggy<2,>=1.5 in ./venv/lib/python3.11/site-packages (from pytest) (1.6.0)
Requirement already satisfied: pygments>=2.7.2 in ./venv/lib/python3.11/site-packages (from pytest) (2.19.2)
py311-coverage: install_deps> python -I -m pip install coverage-enable-subprocess
.pkg_external_sdist_meta: install_requires> python -I -m pip install 'setuptools-scm[toml]>=6.2.3' 'setuptools>=77'
.pkg_external_sdist_meta: _optional_hooks /app/.tox/.pkg_external/tmp/sdist-extract/pytest-2.0.0> python /usr/local/lib/python3.11/dist-packages/pyproject_api/_backend.py True setuptools.build_meta
.pkg_external_sdist_meta: get_requires_for_build_sdist /app/.tox/.pkg_external/tmp/sdist-extract/pytest-2.0.0> python /usr/local/lib/python3.11/dist-packages/pyproject_api/_backend.py True setuptools.build_meta
.pkg_external_sdist_meta: get_requires_for_build_wheel /app/.tox/.pkg_external/tmp/sdist-extract/pytest-2.0.0> python /usr/local/lib/python3.11/dist-packages/pyproject_api/_backend.py True setuptools.build_meta
.pkg_external_sdist_meta: prepare_metadata_for_build_wheel /app/.tox/.pkg_external/tmp/sdist-extract/pytest-2.0.0> python /usr/local/lib/python3.11/dist-packages/pyproject_api/_backend.py True setuptools.build_meta
py311-coverage: install_package_deps> python -I -m pip install argcomplete 'attrs>=19.2' 'colorama>=0.4; sys_platform == "win32"' 'exceptiongroup>=1; python_version < "3.11"' 'hypothesis>=3.56' 'iniconfig>=1' mock 'packaging>=20' 'pluggy<2,>=1.5' 'pygments>=2.7.2' requests setuptools 'tomli>=1; python_version < "3.11"' xmlschema
py311-coverage: install_package> python -I -m pip install --force-reinstall --no-deps /app/dist/pytest-2.0.0.tar.gz
py311-coverage: commands[0]> coverage run -m pytest
/app/.tox/py311-coverage/lib/python3.11/site-packages/_hypothesis_pytestplugin.py:84: UserWarning:
        You are using pytest version 2.0.0. Hypothesis tests work with any test
        runner, but our pytest plugin requires pytest 4.6 or newer.
        Note that the pytest developers no longer support your version either!
        Disabling the Hypothesis pytest plugin...

  warnings.warn(PYTEST_TOO_OLD_MESSAGE % (pytest.__version__,), stacklevel=1)
============================= test session starts ==============================
platform linux -- Python 3.11.14, pytest-2.0.0, pluggy-1.6.0
cachedir: .tox/py311-coverage/.pytest_cache
rootdir: /app
configfile: pyproject.toml
testpaths: testing
plugins: hypothesis-6.148.7
collected 3924 items

testing/_py/test_local.py .............................................. [  1%]
...................ss..............s.................x.....Xs........... [  3%]
..........................sssssss..........................ssx...        [  4%]
testing/acceptance_test.py .....                                         [  4%]
testing/code/test_code.py .................                              [  5%]
testing/code/test_excinfo.py .................s.......s................. [  6%]
........................................................................ [  8%]
...........................................                              [  9%]
testing/code/test_source.py ............................................ [ 10%]
...........                                                              [ 10%]
testing/deprecated_test.py ..........                                    [ 10%]
testing/freeze/tests/test_doctest.txt .                                  [ 10%]
testing/freeze/tests/test_trivial.py ..                                  [ 10%]
testing/io/test_pprint.py ......................................         [ 11%]
testing/io/test_saferepr.py .............                                [ 12%]
testing/io/test_terminalwriter.py ...................................... [ 13%]
...........                                                              [ 13%]
testing/io/test_wcwidth.py .................                             [ 13%]
testing/logging/test_fixture.py ...................                      [ 14%]
testing/logging/test_formatter.py ....                                   [ 14%]
testing/logging/test_reporting.py ..                                     [ 14%]
testing/python/approx.py .sss..sssss............................s....... [ 15%]
.....sssssss................ss...........                                [ 16%]
testing/python/collect.py ..                                             [ 16%]
testing/python/fixtures.py ...........                                   [ 17%]
testing/python/integration.py ....                                       [ 17%]
testing/python/metafunc.py ...........................................   [ 18%]
testing/python/raises.py ...........................                     [ 19%]
testing/python/raises_group.py .............s.............               [ 19%]
testing/test_argcomplete.py ..                                           [ 19%]
testing/test_assertion.py .............................................. [ 20%]
...........................                                              [ 21%]
testing/test_assertrewrite.py .......................................... [ 22%]
......                                                                   [ 22%]
testing/test_capture.py ................................................ [ 24%]
........s....s..                                                         [ 24%]
testing/test_collection.py ..                                            [ 24%]
testing/test_compat.py ..........                                        [ 24%]
testing/test_config.py ................................................. [ 26%]
............                                                             [ 26%]
testing/test_conftest.py ...........                                     [ 26%]
testing/test_debugging.py .                                              [ 26%]
testing/test_doctest.py .............                                    [ 27%]
testing/test_entry_points.py .                                           [ 27%]
testing/test_faulthandler.py ...                                         [ 27%]
testing/test_findpaths.py ..............s...                             [ 27%]
testing/test_helpconfig.py .                                             [ 27%]
testing/test_junitxml.py .........                                       [ 27%]
testing/test_legacypath.py ....                                          [ 27%]
testing/test_main.py .....                                               [ 28%]
testing/test_mark.py ..............                                      [ 28%]
testing/test_mark_expression.py ........................................ [ 29%]
........................................................................ [ 31%]
............................                                             [ 31%]
testing/test_monkeypatch.py ...............................              [ 32%]
testing/test_nodes.py ....                                               [ 32%]
testing/test_parseopt.py .............................                   [ 33%]
testing/test_pastebin.py .....                                           [ 33%]
testing/test_pluginmanager.py .........                                  [ 33%]
testing/test_pytester.py .....................                           [ 34%]
testing/test_recwarn.py ................................................ [ 35%]
.........                                                                [ 35%]
testing/test_runner.py ...............                                   [ 36%]
testing/test_scope.py ....                                               [ 36%]
testing/test_skipping.py .                                               [ 36%]
testing/test_stash.py .                                                  [ 36%]
testing/test_terminal.py ............................................... [ 37%]
..                                                                       [ 37%]
testing/test_tmpdir.py ...s...............                               [ 38%]
testing/test_warning_types.py ..............                             [ 38%]
testing/test_warnings.py .                                               [ 38%]
testing/acceptance_test.py ............................................. [ 39%]
.....s...x.........................s...                                  [ 40%]
testing/code/test_excinfo.py .............sssssssss.......               [ 41%]
testing/deprecated_test.py ....                                          [ 41%]
testing/examples/test_issue519.py .                                      [ 41%]
testing/logging/test_fixture.py ........                                 [ 41%]
testing/logging/test_reporting.py ...................................... [ 42%]
............                                                             [ 43%]
testing/python/approx.py .                                               [ 43%]
testing/python/collect.py .............................................. [ 44%]
.................................                                        [ 45%]
testing/python/fixtures.py ............................................. [ 46%]
..............................x......................................... [ 48%]
................................................................s....... [ 49%]
..                                                                       [ 50%]
testing/python/integration.py ................                           [ 50%]
testing/python/metafunc.py ............................................. [ 51%]
........................                                                 [ 52%]
testing/python/raises.py ....                                            [ 52%]
testing/python/raises_group.py ..                                        [ 52%]
testing/python/show_fixtures_per_test.py ........                        [ 52%]
testing/test_assertion.py .............................................. [ 53%]
.............................                                            [ 54%]
testing/test_assertrewrite.py .......................................... [ 55%]
.........................                                                [ 56%]
testing/test_cacheprovider.py ....ss.................................... [ 57%]
...............                                                          [ 57%]
testing/test_capture.py ......x.........................s...........     [ 58%]
testing/test_collect_imported_tests.py ...                               [ 58%]
testing/test_collection.py ................x............................ [ 59%]
................s................s....s...                               [ 61%]
testing/test_config.py .....FFFF.........x.FFF.......................... [ 62%]
........................................................................ [ 64%]
.............................                                            [ 64%]
testing/test_conftest.py .............s.............................     [ 65%]
testing/test_debugging.py .............                                  [ 66%]
testing/test_doctest.py ................................................ [ 67%]
................x....................................................... [ 69%]
........                                                                 [ 69%]
testing/test_error_diffs.py ............                                 [ 69%]
testing/test_faulthandler.py ...                                         [ 69%]
testing/test_helpconfig.py ........                                      [ 70%]
testing/test_junitxml.py ............................................... [ 71%]
...................................................s...s................ [ 73%]
........                                                                 [ 73%]
testing/test_legacypath.py ..........                                    [ 73%]
testing/test_link_resolve.py .                                           [ 73%]
testing/test_main.py ...............                                     [ 74%]
testing/test_mark.py ................................................... [ 75%]
...................x...................                                  [ 76%]
testing/test_monkeypatch.py ...s                                         [ 76%]
testing/test_nodes.py ....                                               [ 76%]
testing/test_parseopt.py .                                               [ 76%]
testing/test_pastebin.py ...                                             [ 76%]
testing/test_pathlib.py ................................................ [ 77%]
............s..................................................          [ 79%]
testing/test_pluginmanager.py ....s............                          [ 79%]
testing/test_pytester.py x........................                       [ 80%]
testing/test_python_path.py ......                                       [ 80%]
testing/test_recwarn.py .....                                            [ 80%]
testing/test_reports.py ..................                               [ 81%]
testing/test_runner.py ........................x........................ [ 82%]
...                                                                      [ 82%]
testing/test_runner_xunit.py .............                               [ 82%]
testing/test_session.py ..........................                       [ 83%]
testing/test_setuponly.py ..........................                     [ 84%]
testing/test_setupplan.py ...                                            [ 84%]
testing/test_skipping.py ............................................... [ 85%]
..........................................                               [ 86%]
testing/test_stepwise.py ..................                              [ 87%]
testing/test_terminal.py ............................................... [ 88%]
.....s.............................................................ssss. [ 90%]
.....s...............................                                    [ 91%]
testing/test_threadexception.py ........                                 [ 91%]
testing/test_tmpdir.py ....................                              [ 91%]
testing/test_unittest.py ......................sssssss.................. [ 92%]
...............s............                                             [ 93%]
testing/test_unraisableexception.py .......                              [ 93%]
testing/test_warning_types.py .                                          [ 93%]
testing/test_warnings.py .....s.............sss..........                [ 94%]
testing/acceptance_test.py .....                                         [ 94%]
testing/python/collect.py .                                              [ 94%]
testing/python/fixtures.py ..                                            [ 94%]
testing/test_assertion.py ............                                   [ 95%]
testing/test_assertrewrite.py ..........                                 [ 95%]
testing/test_capture.py ........................s                        [ 96%]
testing/test_collection.py ...                                           [ 96%]
testing/test_config.py ..                                                [ 96%]
testing/test_debugging.py sssssssssss.ssssssssssssssss.sssss....ssss.sss [ 97%]
                                                                         [ 97%]
testing/test_faulthandler.py ..s.                                        [ 97%]
testing/test_helpconfig.py ..                                            [ 97%]
testing/test_legacypath.py .                                             [ 97%]
testing/test_meta.py ................................................... [ 98%]
.................                                                        [ 99%]
testing/test_pytester.py ....s..                                         [ 99%]
testing/test_recwarn.py .                                                [ 99%]
testing/test_reports.py .                                                [ 99%]
testing/test_terminal.py ss..                                            [ 99%]
testing/test_unittest.py s.                                              [ 99%]
testing/test_unraisableexception.py ....                                 [ 99%]
testing/test_warnings.py ..........                                      [100%]

=================================== FAILURES ===================================
______________ TestParseIni.test_ini_names[tool:pytest-setup.cfg] ______________

self = <test_config.TestParseIni object at 0x7f30c8bc8950>
pytester = <Pytester PosixPath('/tmp/pytest-of-root/pytest-0/test_ini_names0')>
name = 'setup.cfg', section = 'tool:pytest'

    @pytest.mark.parametrize(
        "section, name",
        [
            ("tool:pytest", "setup.cfg"),
            ("pytest", "tox.ini"),
            ("pytest", "pytest.ini"),
            ("pytest", ".pytest.ini"),
        ],
    )
    def test_ini_names(self, pytester: Pytester, name, section) -> None:
        pytester.path.joinpath(name).write_text(
            textwrap.dedent(
                f"""
            [{section}]
            minversion = 3.36
        """
            ),
            encoding="utf-8",
        )
>       config = pytester.parseconfig()
                 ^^^^^^^^^^^^^^^^^^^^^^

/app/testing/test_config.py:131:
_ _ _ _ _ _ _ _ _ _ _ _ _ _ _ _ _ _ _ _ _ _ _ _ _ _ _ _ _ _ _ _ _ _ _ _ _ _ _ _
/app/.tox/py311-coverage/lib/python3.11/site-packages/_pytest/pytester.py:1236: in parseconfig
    config = _pytest.config._prepareconfig(new_args, self.plugins)
             ^^^^^^^^^^^^^^^^^^^^^^^^^^^^^^^^^^^^^^^^^^^^^^^^^^^^^
/app/.tox/py311-coverage/lib/python3.11/site-packages/_pytest/config/__init__.py:342: in _prepareconfig
    config: Config = pluginmanager.hook.pytest_cmdline_parse(
/app/.tox/py311-coverage/lib/python3.11/site-packages/pluggy/_hooks.py:512: in __call__
    return self._hookexec(self.name, self._hookimpls.copy(), kwargs, firstresult)
           ^^^^^^^^^^^^^^^^^^^^^^^^^^^^^^^^^^^^^^^^^^^^^^^^^^^^^^^^^^^^^^^^^^^^^^
/app/.tox/py311-coverage/lib/python3.11/site-packages/pluggy/_manager.py:120: in _hookexec
    return self._inner_hookexec(hook_name, methods, kwargs, firstresult)
           ^^^^^^^^^^^^^^^^^^^^^^^^^^^^^^^^^^^^^^^^^^^^^^^^^^^^^^^^^^^^^
/app/.tox/py311-coverage/lib/python3.11/site-packages/_pytest/helpconfig.py:112: in pytest_cmdline_parse
    config = yield
             ^^^^^
/app/.tox/py311-coverage/lib/python3.11/site-packages/_pytest/config/__init__.py:1146: in pytest_cmdline_parse
    self.parse(args)
/app/.tox/py311-coverage/lib/python3.11/site-packages/_pytest/config/__init__.py:1527: in parse
    self._preparse(args, addopts=addopts)
/app/.tox/py311-coverage/lib/python3.11/site-packages/_pytest/config/__init__.py:1402: in _preparse
    self._checkversion()
_ _ _ _ _ _ _ _ _ _ _ _ _ _ _ _ _ _ _ _ _ _ _ _ _ _ _ _ _ _ _ _ _ _ _ _ _ _ _ _

self = <_pytest.config.Config object at 0x7f30c4941350>

    def _checkversion(self) -> None:
        import pytest

        minver = self.inicfg.get("minversion", None)
        if minver:
            # Imported lazily to improve start-up time.
            from packaging.version import Version

            if not isinstance(minver, str):
                raise pytest.UsageError(
                    f"{self.inipath}: 'minversion' must be a single value"
                )

            if Version(minver) > Version(pytest.__version__):
>               raise pytest.UsageError(
                    f"{self.inipath}: 'minversion' requires pytest-{minver}, actual pytest-{pytest.__version__}'"
                )
E               _pytest.config.exceptions.UsageError: /tmp/pytest-of-root/pytest-0/test_ini_names0/setup.cfg: 'minversion' requires pytest-3.36, actual pytest-2.0.0'

/app/.tox/py311-coverage/lib/python3.11/site-packages/_pytest/config/__init__.py:1468: UsageError
_________________ TestParseIni.test_ini_names[pytest-tox.ini] __________________

self = <test_config.TestParseIni object at 0x7f30c8bc8bd0>
pytester = <Pytester PosixPath('/tmp/pytest-of-root/pytest-0/test_ini_names1')>
name = 'tox.ini', section = 'pytest'

    @pytest.mark.parametrize(
        "section, name",
        [
            ("tool:pytest", "setup.cfg"),
            ("pytest", "tox.ini"),
            ("pytest", "pytest.ini"),
            ("pytest", ".pytest.ini"),
        ],
    )
    def test_ini_names(self, pytester: Pytester, name, section) -> None:
        pytester.path.joinpath(name).write_text(
            textwrap.dedent(
                f"""
            [{section}]
            minversion = 3.36
        """
            ),
            encoding="utf-8",
        )
>       config = pytester.parseconfig()
                 ^^^^^^^^^^^^^^^^^^^^^^

/app/testing/test_config.py:131:
_ _ _ _ _ _ _ _ _ _ _ _ _ _ _ _ _ _ _ _ _ _ _ _ _ _ _ _ _ _ _ _ _ _ _ _ _ _ _ _
/app/.tox/py311-coverage/lib/python3.11/site-packages/_pytest/pytester.py:1236: in parseconfig
    config = _pytest.config._prepareconfig(new_args, self.plugins)
             ^^^^^^^^^^^^^^^^^^^^^^^^^^^^^^^^^^^^^^^^^^^^^^^^^^^^^
/app/.tox/py311-coverage/lib/python3.11/site-packages/_pytest/config/__init__.py:342: in _prepareconfig
    config: Config = pluginmanager.hook.pytest_cmdline_parse(
/app/.tox/py311-coverage/lib/python3.11/site-packages/pluggy/_hooks.py:512: in __call__
    return self._hookexec(self.name, self._hookimpls.copy(), kwargs, firstresult)
           ^^^^^^^^^^^^^^^^^^^^^^^^^^^^^^^^^^^^^^^^^^^^^^^^^^^^^^^^^^^^^^^^^^^^^^
/app/.tox/py311-coverage/lib/python3.11/site-packages/pluggy/_manager.py:120: in _hookexec
    return self._inner_hookexec(hook_name, methods, kwargs, firstresult)
           ^^^^^^^^^^^^^^^^^^^^^^^^^^^^^^^^^^^^^^^^^^^^^^^^^^^^^^^^^^^^^
/app/.tox/py311-coverage/lib/python3.11/site-packages/_pytest/helpconfig.py:112: in pytest_cmdline_parse
    config = yield
             ^^^^^
/app/.tox/py311-coverage/lib/python3.11/site-packages/_pytest/config/__init__.py:1146: in pytest_cmdline_parse
    self.parse(args)
/app/.tox/py311-coverage/lib/python3.11/site-packages/_pytest/config/__init__.py:1527: in parse
    self._preparse(args, addopts=addopts)
/app/.tox/py311-coverage/lib/python3.11/site-packages/_pytest/config/__init__.py:1402: in _preparse
    self._checkversion()
_ _ _ _ _ _ _ _ _ _ _ _ _ _ _ _ _ _ _ _ _ _ _ _ _ _ _ _ _ _ _ _ _ _ _ _ _ _ _ _

self = <_pytest.config.Config object at 0x7f30c54804d0>

    def _checkversion(self) -> None:
        import pytest

        minver = self.inicfg.get("minversion", None)
        if minver:
            # Imported lazily to improve start-up time.
            from packaging.version import Version

            if not isinstance(minver, str):
                raise pytest.UsageError(
                    f"{self.inipath}: 'minversion' must be a single value"
                )

            if Version(minver) > Version(pytest.__version__):
>               raise pytest.UsageError(
                    f"{self.inipath}: 'minversion' requires pytest-{minver}, actual pytest-{pytest.__version__}'"
                )
E               _pytest.config.exceptions.UsageError: /tmp/pytest-of-root/pytest-0/test_ini_names1/tox.ini: 'minversion' requires pytest-3.36, actual pytest-2.0.0'

/app/.tox/py311-coverage/lib/python3.11/site-packages/_pytest/config/__init__.py:1468: UsageError
________________ TestParseIni.test_ini_names[pytest-pytest.ini] ________________

self = <test_config.TestParseIni object at 0x7f30c8bc9310>
pytester = <Pytester PosixPath('/tmp/pytest-of-root/pytest-0/test_ini_names2')>
name = 'pytest.ini', section = 'pytest'

    @pytest.mark.parametrize(
        "section, name",
        [
            ("tool:pytest", "setup.cfg"),
            ("pytest", "tox.ini"),
            ("pytest", "pytest.ini"),
            ("pytest", ".pytest.ini"),
        ],
    )
    def test_ini_names(self, pytester: Pytester, name, section) -> None:
        pytester.path.joinpath(name).write_text(
            textwrap.dedent(
                f"""
            [{section}]
            minversion = 3.36
        """
            ),
            encoding="utf-8",
        )
>       config = pytester.parseconfig()
                 ^^^^^^^^^^^^^^^^^^^^^^

/app/testing/test_config.py:131:
_ _ _ _ _ _ _ _ _ _ _ _ _ _ _ _ _ _ _ _ _ _ _ _ _ _ _ _ _ _ _ _ _ _ _ _ _ _ _ _
/app/.tox/py311-coverage/lib/python3.11/site-packages/_pytest/pytester.py:1236: in parseconfig
    config = _pytest.config._prepareconfig(new_args, self.plugins)
             ^^^^^^^^^^^^^^^^^^^^^^^^^^^^^^^^^^^^^^^^^^^^^^^^^^^^^
/app/.tox/py311-coverage/lib/python3.11/site-packages/_pytest/config/__init__.py:342: in _prepareconfig
    config: Config = pluginmanager.hook.pytest_cmdline_parse(
/app/.tox/py311-coverage/lib/python3.11/site-packages/pluggy/_hooks.py:512: in __call__
    return self._hookexec(self.name, self._hookimpls.copy(), kwargs, firstresult)
           ^^^^^^^^^^^^^^^^^^^^^^^^^^^^^^^^^^^^^^^^^^^^^^^^^^^^^^^^^^^^^^^^^^^^^^
/app/.tox/py311-coverage/lib/python3.11/site-packages/pluggy/_manager.py:120: in _hookexec
    return self._inner_hookexec(hook_name, methods, kwargs, firstresult)
           ^^^^^^^^^^^^^^^^^^^^^^^^^^^^^^^^^^^^^^^^^^^^^^^^^^^^^^^^^^^^^
/app/.tox/py311-coverage/lib/python3.11/site-packages/_pytest/helpconfig.py:112: in pytest_cmdline_parse
    config = yield
             ^^^^^
/app/.tox/py311-coverage/lib/python3.11/site-packages/_pytest/config/__init__.py:1146: in pytest_cmdline_parse
    self.parse(args)
/app/.tox/py311-coverage/lib/python3.11/site-packages/_pytest/config/__init__.py:1527: in parse
    self._preparse(args, addopts=addopts)
/app/.tox/py311-coverage/lib/python3.11/site-packages/_pytest/config/__init__.py:1402: in _preparse
    self._checkversion()
_ _ _ _ _ _ _ _ _ _ _ _ _ _ _ _ _ _ _ _ _ _ _ _ _ _ _ _ _ _ _ _ _ _ _ _ _ _ _ _

self = <_pytest.config.Config object at 0x7f30c5f77e90>

    def _checkversion(self) -> None:
        import pytest

        minver = self.inicfg.get("minversion", None)
        if minver:
            # Imported lazily to improve start-up time.
            from packaging.version import Version

            if not isinstance(minver, str):
                raise pytest.UsageError(
                    f"{self.inipath}: 'minversion' must be a single value"
                )

            if Version(minver) > Version(pytest.__version__):
>               raise pytest.UsageError(
                    f"{self.inipath}: 'minversion' requires pytest-{minver}, actual pytest-{pytest.__version__}'"
                )
E               _pytest.config.exceptions.UsageError: /tmp/pytest-of-root/pytest-0/test_ini_names2/pytest.ini: 'minversion' requires pytest-3.36, actual pytest-2.0.0'

/app/.tox/py311-coverage/lib/python3.11/site-packages/_pytest/config/__init__.py:1468: UsageError
_______________ TestParseIni.test_ini_names[pytest-.pytest.ini] ________________

self = <test_config.TestParseIni object at 0x7f30c8bc9a50>
pytester = <Pytester PosixPath('/tmp/pytest-of-root/pytest-0/test_ini_names3')>
name = '.pytest.ini', section = 'pytest'

    @pytest.mark.parametrize(
        "section, name",
        [
            ("tool:pytest", "setup.cfg"),
            ("pytest", "tox.ini"),
            ("pytest", "pytest.ini"),
            ("pytest", ".pytest.ini"),
        ],
    )
    def test_ini_names(self, pytester: Pytester, name, section) -> None:
        pytester.path.joinpath(name).write_text(
            textwrap.dedent(
                f"""
            [{section}]
            minversion = 3.36
        """
            ),
            encoding="utf-8",
        )
>       config = pytester.parseconfig()
                 ^^^^^^^^^^^^^^^^^^^^^^

/app/testing/test_config.py:131:
_ _ _ _ _ _ _ _ _ _ _ _ _ _ _ _ _ _ _ _ _ _ _ _ _ _ _ _ _ _ _ _ _ _ _ _ _ _ _ _
/app/.tox/py311-coverage/lib/python3.11/site-packages/_pytest/pytester.py:1236: in parseconfig
    config = _pytest.config._prepareconfig(new_args, self.plugins)
             ^^^^^^^^^^^^^^^^^^^^^^^^^^^^^^^^^^^^^^^^^^^^^^^^^^^^^
/app/.tox/py311-coverage/lib/python3.11/site-packages/_pytest/config/__init__.py:342: in _prepareconfig
    config: Config = pluginmanager.hook.pytest_cmdline_parse(
/app/.tox/py311-coverage/lib/python3.11/site-packages/pluggy/_hooks.py:512: in __call__
    return self._hookexec(self.name, self._hookimpls.copy(), kwargs, firstresult)
           ^^^^^^^^^^^^^^^^^^^^^^^^^^^^^^^^^^^^^^^^^^^^^^^^^^^^^^^^^^^^^^^^^^^^^^
/app/.tox/py311-coverage/lib/python3.11/site-packages/pluggy/_manager.py:120: in _hookexec
    return self._inner_hookexec(hook_name, methods, kwargs, firstresult)
           ^^^^^^^^^^^^^^^^^^^^^^^^^^^^^^^^^^^^^^^^^^^^^^^^^^^^^^^^^^^^^
/app/.tox/py311-coverage/lib/python3.11/site-packages/_pytest/helpconfig.py:112: in pytest_cmdline_parse
    config = yield
             ^^^^^
/app/.tox/py311-coverage/lib/python3.11/site-packages/_pytest/config/__init__.py:1146: in pytest_cmdline_parse
    self.parse(args)
/app/.tox/py311-coverage/lib/python3.11/site-packages/_pytest/config/__init__.py:1527: in parse
    self._preparse(args, addopts=addopts)
/app/.tox/py311-coverage/lib/python3.11/site-packages/_pytest/config/__init__.py:1402: in _preparse
    self._checkversion()
_ _ _ _ _ _ _ _ _ _ _ _ _ _ _ _ _ _ _ _ _ _ _ _ _ _ _ _ _ _ _ _ _ _ _ _ _ _ _ _

self = <_pytest.config.Config object at 0x7f30c4984910>

    def _checkversion(self) -> None:
        import pytest

        minver = self.inicfg.get("minversion", None)
        if minver:
            # Imported lazily to improve start-up time.
            from packaging.version import Version

            if not isinstance(minver, str):
                raise pytest.UsageError(
                    f"{self.inipath}: 'minversion' must be a single value"
                )

            if Version(minver) > Version(pytest.__version__):
>               raise pytest.UsageError(
                    f"{self.inipath}: 'minversion' requires pytest-{minver}, actual pytest-{pytest.__version__}'"
                )
E               _pytest.config.exceptions.UsageError: /tmp/pytest-of-root/pytest-0/test_ini_names3/.pytest.ini: 'minversion' requires pytest-3.36, actual pytest-2.0.0'

/app/.tox/py311-coverage/lib/python3.11/site-packages/_pytest/config/__init__.py:1468: UsageError
_____________ TestParseIni.test_invalid_config_options[1-unknown] ______________

self = <test_config.TestParseIni object at 0x7f30c8bee1d0>
pytester = <Pytester PosixPath('/tmp/pytest-of-root/pytest-0/test_invalid_config_options1')>
ini_file_text = '\n                [pytest]\n                unknown_ini = value1\n                minversion = 5.0.0\n                '
invalid_keys = ['unknown_ini']
warning_output = ['=*= warnings summary =*=', '*PytestConfigWarning:*Unknown config option: unknown_ini']
exception_text = 'Unknown config option: unknown_ini'

    @pytest.mark.parametrize(
        "ini_file_text, invalid_keys, warning_output, exception_text",
        [
            pytest.param(
                """
                [pytest]
                unknown_ini = value1
                another_unknown_ini = value2
                """,
                ["unknown_ini", "another_unknown_ini"],
                [
                    "=*= warnings summary =*=",
                    "*PytestConfigWarning:*Unknown config option: another_unknown_ini",
                    "*PytestConfigWarning:*Unknown config option: unknown_ini",
                ],
                "Unknown config option: another_unknown_ini",
                id="2-unknowns",
            ),
            pytest.param(
                """
                [pytest]
                unknown_ini = value1
                minversion = 5.0.0
                """,
                ["unknown_ini"],
                [
                    "=*= warnings summary =*=",
                    "*PytestConfigWarning:*Unknown config option: unknown_ini",
                ],
                "Unknown config option: unknown_ini",
                id="1-unknown",
            ),
            pytest.param(
                """
                [some_other_header]
                unknown_ini = value1
                [pytest]
                minversion = 5.0.0
                """,
                [],
                [],
                "",
                id="unknown-in-other-header",
            ),
            pytest.param(
                """
                [pytest]
                minversion = 5.0.0
                """,
                [],
                [],
                "",
                id="no-unknowns",
            ),
            pytest.param(
                """
                [pytest]
                conftest_ini_key = 1
                """,
                [],
                [],
                "",
                id="1-known",
            ),
        ],
    )
    @pytest.mark.filterwarnings("default")
    def test_invalid_config_options(
        self,
        pytester: Pytester,
        ini_file_text,
        invalid_keys,
        warning_output,
        exception_text,
    ) -> None:
        pytester.makeconftest(
            """
            def pytest_addoption(parser):
                parser.addini("conftest_ini_key", "")
            """
        )
        pytester.makepyfile("def test(): pass")
        pytester.makeini(ini_file_text)

>       config = pytester.parseconfig()
                 ^^^^^^^^^^^^^^^^^^^^^^

/app/testing/test_config.py:329:
_ _ _ _ _ _ _ _ _ _ _ _ _ _ _ _ _ _ _ _ _ _ _ _ _ _ _ _ _ _ _ _ _ _ _ _ _ _ _ _
/app/.tox/py311-coverage/lib/python3.11/site-packages/_pytest/pytester.py:1236: in parseconfig
    config = _pytest.config._prepareconfig(new_args, self.plugins)
             ^^^^^^^^^^^^^^^^^^^^^^^^^^^^^^^^^^^^^^^^^^^^^^^^^^^^^
/app/.tox/py311-coverage/lib/python3.11/site-packages/_pytest/config/__init__.py:342: in _prepareconfig
    config: Config = pluginmanager.hook.pytest_cmdline_parse(
/app/.tox/py311-coverage/lib/python3.11/site-packages/pluggy/_hooks.py:512: in __call__
    return self._hookexec(self.name, self._hookimpls.copy(), kwargs, firstresult)
           ^^^^^^^^^^^^^^^^^^^^^^^^^^^^^^^^^^^^^^^^^^^^^^^^^^^^^^^^^^^^^^^^^^^^^^
/app/.tox/py311-coverage/lib/python3.11/site-packages/pluggy/_manager.py:120: in _hookexec
    return self._inner_hookexec(hook_name, methods, kwargs, firstresult)
           ^^^^^^^^^^^^^^^^^^^^^^^^^^^^^^^^^^^^^^^^^^^^^^^^^^^^^^^^^^^^^
/app/.tox/py311-coverage/lib/python3.11/site-packages/_pytest/helpconfig.py:112: in pytest_cmdline_parse
    config = yield
             ^^^^^
/app/.tox/py311-coverage/lib/python3.11/site-packages/_pytest/config/__init__.py:1146: in pytest_cmdline_parse
    self.parse(args)
/app/.tox/py311-coverage/lib/python3.11/site-packages/_pytest/config/__init__.py:1527: in parse
    self._preparse(args, addopts=addopts)
/app/.tox/py311-coverage/lib/python3.11/site-packages/_pytest/config/__init__.py:1402: in _preparse
    self._checkversion()
_ _ _ _ _ _ _ _ _ _ _ _ _ _ _ _ _ _ _ _ _ _ _ _ _ _ _ _ _ _ _ _ _ _ _ _ _ _ _ _

self = <_pytest.config.Config object at 0x7f30c5595d90>

    def _checkversion(self) -> None:
        import pytest

        minver = self.inicfg.get("minversion", None)
        if minver:
            # Imported lazily to improve start-up time.
            from packaging.version import Version

            if not isinstance(minver, str):
                raise pytest.UsageError(
                    f"{self.inipath}: 'minversion' must be a single value"
                )

            if Version(minver) > Version(pytest.__version__):
>               raise pytest.UsageError(
                    f"{self.inipath}: 'minversion' requires pytest-{minver}, actual pytest-{pytest.__version__}'"
                )
E               _pytest.config.exceptions.UsageError: /tmp/pytest-of-root/pytest-0/test_invalid_config_options1/tox.ini: 'minversion' requires pytest-5.0.0, actual pytest-2.0.0'

/app/.tox/py311-coverage/lib/python3.11/site-packages/_pytest/config/__init__.py:1468: UsageError
______ TestParseIni.test_invalid_config_options[unknown-in-other-header] _______

self = <test_config.TestParseIni object at 0x7f30c8bee050>
pytester = <Pytester PosixPath('/tmp/pytest-of-root/pytest-0/test_invalid_config_options2')>
ini_file_text = '\n                [some_other_header]\n                unknown_ini = value1\n                [pytest]\n                minversion = 5.0.0\n                '
invalid_keys = [], warning_output = [], exception_text = ''

    @pytest.mark.parametrize(
        "ini_file_text, invalid_keys, warning_output, exception_text",
        [
            pytest.param(
                """
                [pytest]
                unknown_ini = value1
                another_unknown_ini = value2
                """,
                ["unknown_ini", "another_unknown_ini"],
                [
                    "=*= warnings summary =*=",
                    "*PytestConfigWarning:*Unknown config option: another_unknown_ini",
                    "*PytestConfigWarning:*Unknown config option: unknown_ini",
                ],
                "Unknown config option: another_unknown_ini",
                id="2-unknowns",
            ),
            pytest.param(
                """
                [pytest]
                unknown_ini = value1
                minversion = 5.0.0
                """,
                ["unknown_ini"],
                [
                    "=*= warnings summary =*=",
                    "*PytestConfigWarning:*Unknown config option: unknown_ini",
                ],
                "Unknown config option: unknown_ini",
                id="1-unknown",
            ),
            pytest.param(
                """
                [some_other_header]
                unknown_ini = value1
                [pytest]
                minversion = 5.0.0
                """,
                [],
                [],
                "",
                id="unknown-in-other-header",
            ),
            pytest.param(
                """
                [pytest]
                minversion = 5.0.0
                """,
                [],
                [],
                "",
                id="no-unknowns",
            ),
            pytest.param(
                """
                [pytest]
                conftest_ini_key = 1
                """,
                [],
                [],
                "",
                id="1-known",
            ),
        ],
    )
    @pytest.mark.filterwarnings("default")
    def test_invalid_config_options(
        self,
        pytester: Pytester,
        ini_file_text,
        invalid_keys,
        warning_output,
        exception_text,
    ) -> None:
        pytester.makeconftest(
            """
            def pytest_addoption(parser):
                parser.addini("conftest_ini_key", "")
            """
        )
        pytester.makepyfile("def test(): pass")
        pytester.makeini(ini_file_text)

>       config = pytester.parseconfig()
                 ^^^^^^^^^^^^^^^^^^^^^^

/app/testing/test_config.py:329:
_ _ _ _ _ _ _ _ _ _ _ _ _ _ _ _ _ _ _ _ _ _ _ _ _ _ _ _ _ _ _ _ _ _ _ _ _ _ _ _
/app/.tox/py311-coverage/lib/python3.11/site-packages/_pytest/pytester.py:1236: in parseconfig
    config = _pytest.config._prepareconfig(new_args, self.plugins)
             ^^^^^^^^^^^^^^^^^^^^^^^^^^^^^^^^^^^^^^^^^^^^^^^^^^^^^
/app/.tox/py311-coverage/lib/python3.11/site-packages/_pytest/config/__init__.py:342: in _prepareconfig
    config: Config = pluginmanager.hook.pytest_cmdline_parse(
/app/.tox/py311-coverage/lib/python3.11/site-packages/pluggy/_hooks.py:512: in __call__
    return self._hookexec(self.name, self._hookimpls.copy(), kwargs, firstresult)
           ^^^^^^^^^^^^^^^^^^^^^^^^^^^^^^^^^^^^^^^^^^^^^^^^^^^^^^^^^^^^^^^^^^^^^^
/app/.tox/py311-coverage/lib/python3.11/site-packages/pluggy/_manager.py:120: in _hookexec
    return self._inner_hookexec(hook_name, methods, kwargs, firstresult)
           ^^^^^^^^^^^^^^^^^^^^^^^^^^^^^^^^^^^^^^^^^^^^^^^^^^^^^^^^^^^^^
/app/.tox/py311-coverage/lib/python3.11/site-packages/_pytest/helpconfig.py:112: in pytest_cmdline_parse
    config = yield
             ^^^^^
/app/.tox/py311-coverage/lib/python3.11/site-packages/_pytest/config/__init__.py:1146: in pytest_cmdline_parse
    self.parse(args)
/app/.tox/py311-coverage/lib/python3.11/site-packages/_pytest/config/__init__.py:1527: in parse
    self._preparse(args, addopts=addopts)
/app/.tox/py311-coverage/lib/python3.11/site-packages/_pytest/config/__init__.py:1402: in _preparse
    self._checkversion()
_ _ _ _ _ _ _ _ _ _ _ _ _ _ _ _ _ _ _ _ _ _ _ _ _ _ _ _ _ _ _ _ _ _ _ _ _ _ _ _

self = <_pytest.config.Config object at 0x7f30c55881d0>

    def _checkversion(self) -> None:
        import pytest

        minver = self.inicfg.get("minversion", None)
        if minver:
            # Imported lazily to improve start-up time.
            from packaging.version import Version

            if not isinstance(minver, str):
                raise pytest.UsageError(
                    f"{self.inipath}: 'minversion' must be a single value"
                )

            if Version(minver) > Version(pytest.__version__):
>               raise pytest.UsageError(
                    f"{self.inipath}: 'minversion' requires pytest-{minver}, actual pytest-{pytest.__version__}'"
                )
E               _pytest.config.exceptions.UsageError: /tmp/pytest-of-root/pytest-0/test_invalid_config_options2/tox.ini: 'minversion' requires pytest-5.0.0, actual pytest-2.0.0'

/app/.tox/py311-coverage/lib/python3.11/site-packages/_pytest/config/__init__.py:1468: UsageError
____________ TestParseIni.test_invalid_config_options[no-unknowns] _____________

self = <test_config.TestParseIni object at 0x7f30c8bee990>
pytester = <Pytester PosixPath('/tmp/pytest-of-root/pytest-0/test_invalid_config_options3')>
ini_file_text = '\n                [pytest]\n                minversion = 5.0.0\n                '
invalid_keys = [], warning_output = [], exception_text = ''

    @pytest.mark.parametrize(
        "ini_file_text, invalid_keys, warning_output, exception_text",
        [
            pytest.param(
                """
                [pytest]
                unknown_ini = value1
                another_unknown_ini = value2
                """,
                ["unknown_ini", "another_unknown_ini"],
                [
                    "=*= warnings summary =*=",
                    "*PytestConfigWarning:*Unknown config option: another_unknown_ini",
                    "*PytestConfigWarning:*Unknown config option: unknown_ini",
                ],
                "Unknown config option: another_unknown_ini",
                id="2-unknowns",
            ),
            pytest.param(
                """
                [pytest]
                unknown_ini = value1
                minversion = 5.0.0
                """,
                ["unknown_ini"],
                [
                    "=*= warnings summary =*=",
                    "*PytestConfigWarning:*Unknown config option: unknown_ini",
                ],
                "Unknown config option: unknown_ini",
                id="1-unknown",
            ),
            pytest.param(
                """
                [some_other_header]
                unknown_ini = value1
                [pytest]
                minversion = 5.0.0
                """,
                [],
                [],
                "",
                id="unknown-in-other-header",
            ),
            pytest.param(
                """
                [pytest]
                minversion = 5.0.0
                """,
                [],
                [],
                "",
                id="no-unknowns",
            ),
            pytest.param(
                """
                [pytest]
                conftest_ini_key = 1
                """,
                [],
                [],
                "",
                id="1-known",
            ),
        ],
    )
    @pytest.mark.filterwarnings("default")
    def test_invalid_config_options(
        self,
        pytester: Pytester,
        ini_file_text,
        invalid_keys,
        warning_output,
        exception_text,
    ) -> None:
        pytester.makeconftest(
            """
            def pytest_addoption(parser):
                parser.addini("conftest_ini_key", "")
            """
        )
        pytester.makepyfile("def test(): pass")
        pytester.makeini(ini_file_text)

>       config = pytester.parseconfig()
                 ^^^^^^^^^^^^^^^^^^^^^^

/app/testing/test_config.py:329:
_ _ _ _ _ _ _ _ _ _ _ _ _ _ _ _ _ _ _ _ _ _ _ _ _ _ _ _ _ _ _ _ _ _ _ _ _ _ _ _
/app/.tox/py311-coverage/lib/python3.11/site-packages/_pytest/pytester.py:1236: in parseconfig
    config = _pytest.config._prepareconfig(new_args, self.plugins)
             ^^^^^^^^^^^^^^^^^^^^^^^^^^^^^^^^^^^^^^^^^^^^^^^^^^^^^
/app/.tox/py311-coverage/lib/python3.11/site-packages/_pytest/config/__init__.py:342: in _prepareconfig
    config: Config = pluginmanager.hook.pytest_cmdline_parse(
/app/.tox/py311-coverage/lib/python3.11/site-packages/pluggy/_hooks.py:512: in __call__
    return self._hookexec(self.name, self._hookimpls.copy(), kwargs, firstresult)
           ^^^^^^^^^^^^^^^^^^^^^^^^^^^^^^^^^^^^^^^^^^^^^^^^^^^^^^^^^^^^^^^^^^^^^^
/app/.tox/py311-coverage/lib/python3.11/site-packages/pluggy/_manager.py:120: in _hookexec
    return self._inner_hookexec(hook_name, methods, kwargs, firstresult)
           ^^^^^^^^^^^^^^^^^^^^^^^^^^^^^^^^^^^^^^^^^^^^^^^^^^^^^^^^^^^^^
/app/.tox/py311-coverage/lib/python3.11/site-packages/_pytest/helpconfig.py:112: in pytest_cmdline_parse
    config = yield
             ^^^^^
/app/.tox/py311-coverage/lib/python3.11/site-packages/_pytest/config/__init__.py:1146: in pytest_cmdline_parse
    self.parse(args)
/app/.tox/py311-coverage/lib/python3.11/site-packages/_pytest/config/__init__.py:1527: in parse
    self._preparse(args, addopts=addopts)
/app/.tox/py311-coverage/lib/python3.11/site-packages/_pytest/config/__init__.py:1402: in _preparse
    self._checkversion()
_ _ _ _ _ _ _ _ _ _ _ _ _ _ _ _ _ _ _ _ _ _ _ _ _ _ _ _ _ _ _ _ _ _ _ _ _ _ _ _

self = <_pytest.config.Config object at 0x7f30c48d8090>

    def _checkversion(self) -> None:
        import pytest

        minver = self.inicfg.get("minversion", None)
        if minver:
            # Imported lazily to improve start-up time.
            from packaging.version import Version

            if not isinstance(minver, str):
                raise pytest.UsageError(
                    f"{self.inipath}: 'minversion' must be a single value"
                )

            if Version(minver) > Version(pytest.__version__):
>               raise pytest.UsageError(
                    f"{self.inipath}: 'minversion' requires pytest-{minver}, actual pytest-{pytest.__version__}'"
                )
E               _pytest.config.exceptions.UsageError: /tmp/pytest-of-root/pytest-0/test_invalid_config_options3/tox.ini: 'minversion' requires pytest-5.0.0, actual pytest-2.0.0'

/app/.tox/py311-coverage/lib/python3.11/site-packages/_pytest/config/__init__.py:1468: UsageError
=================================== XPASSES ====================================
=========================== short test summary info ============================
FAILED testing/test_config.py::TestParseIni::test_ini_names[tool:pytest-setup.cfg]
FAILED testing/test_config.py::TestParseIni::test_ini_names[pytest-tox.ini]
FAILED testing/test_config.py::TestParseIni::test_ini_names[pytest-pytest.ini]
FAILED testing/test_config.py::TestParseIni::test_ini_names[pytest-.pytest.ini]
FAILED testing/test_config.py::TestParseIni::test_invalid_config_options[1-unknown]
FAILED testing/test_config.py::TestParseIni::test_invalid_config_options[unknown-in-other-header]
FAILED testing/test_config.py::TestParseIni::test_invalid_config_options[no-unknowns]
XPASS testing/_py/test_local.py::TestLocalPath::test_make_numbered_dir_multiprocess_safe - #11603
= 7 failed, 3780 passed, 125 skipped, 11 xfailed, 1 xpassed in 418.51s (0:06:58) =
py311-coverage: exit 1 (420.04 seconds) /app> coverage run -m pytest pid=263
  py311-coverage: FAIL code 1 (435.53=setup[15.50]+cmd[420.04] seconds)
  evaluation failed :( (435.58 seconds)
/app/venv/bin/python: No module named coverage
Upload coverage report to Codecov manually.
