running against git version 2.34.1
go: downloading go1.23.7 (linux/amd64)
go: downloading golang.org/x/crypto v0.41.0
go: downloading github.com/go-git/go-billy/v6 v6.0.0-20250627091229-31e2a16eef30
go: downloading github.com/stretchr/testify v1.11.1
go: downloading github.com/go-git/go-git-fixtures/v5 v5.1.0
go: downloading golang.org/x/net v0.43.0
go: downloading golang.org/x/text v0.28.0
go: downloading github.com/kevinburke/ssh_config v1.4.0
go: downloading github.com/gliderlabs/ssh v0.3.8
go: downloading github.com/armon/go-socks5 v0.0.0-20160902184237-e75332964ef5
go: downloading github.com/sergi/go-diff v1.4.0
go: downloading github.com/pjbgf/sha1cd v0.4.0
go: downloading github.com/ProtonMail/go-crypto v1.3.0
go: downloading github.com/emirpasic/gods v1.18.1
go: downloading golang.org/x/exp v0.0.0-20250531010427-b6e5de432a8b
go: downloading github.com/go-git/gcfg/v2 v2.0.2
go: downloading github.com/golang/groupcache v0.0.0-20241129210726-2c02b8208cf8
go: downloading github.com/elazarl/goproxy v1.7.2
go: downloading dario.cat/mergo v1.0.1
go: downloading github.com/anmitsu/go-shlex v0.0.0-20200514113438-38f4b401e2be
go: downloading github.com/pmezard/go-difflib v1.0.0
go: downloading gopkg.in/yaml.v3 v3.0.1
go: downloading github.com/davecgh/go-spew v1.1.1
go: downloading golang.org/x/sys v0.35.0
go: downloading github.com/cyphar/filepath-securejoin v0.4.1
go: downloading github.com/cloudflare/circl v1.6.1
?   	github.com/go-git/go-git/v6/plumbing/color	[no test files]
	github.com/go-git/go-git/v6/internal/transport/test		coverage: 0.0% of statements
	github.com/go-git/go-git/v6/internal/path_util		coverage: 0.0% of statements
	github.com/go-git/go-git/v6/backend/git		coverage: 0.0% of statements
	github.com/go-git/go-git/v6/internal/trace		coverage: 0.0% of statements
	github.com/go-git/go-git/v6/internal/repository		coverage: 0.0% of statements
	github.com/go-git/go-git/v6/internal/reference		coverage: 0.0% of statements
?   	github.com/go-git/go-git/v6/storage	[no test files]
	github.com/go-git/go-git/v6/plumbing/protocol		coverage: 0.0% of statements
	github.com/go-git/go-git/v6/plumbing/transport/ssh/sshagent		coverage: 0.0% of statements
	github.com/go-git/go-git/v6/storage/memory		coverage: 0.0% of statements
2025/09/07 01:15:33 comparing mod time: 2025-09-07 01:15:33.946808899 -0700 PDT == 2025-09-07 01:15:33.946808899 -0700 PDT on linux (amd64)
--- FAIL: TestWorktreeSuite (66.47s)
    --- FAIL: TestWorktreeSuite/TestCheckoutIndexOS (0.02s)
        worktree_test.go:711:
            	Error Trace:	/app/worktree_test.go:711
            	Error:      	Should not be: 0x0
            	Test:       	TestWorktreeSuite/TestCheckoutIndexOS
        worktree_test.go:712:
            	Error Trace:	/app/worktree_test.go:712
            	Error:      	Should not be: 0x0
            	Test:       	TestWorktreeSuite/TestCheckoutIndexOS
FAIL
coverage: 57.3% of statements in ./...
FAIL	github.com/go-git/go-git/v6	130.631s
ok  	github.com/go-git/go-git/v6/backend/http	0.156s	coverage: 7.0% of statements in ./...
ok  	github.com/go-git/go-git/v6/config	0.137s	coverage: 3.4% of statements in ./...
ok  	github.com/go-git/go-git/v6/internal/revision	0.137s	coverage: 1.8% of statements in ./...
ok  	github.com/go-git/go-git/v6/internal/url	0.109s	coverage: 0.0% of statements in ./...
ok  	github.com/go-git/go-git/v6/plumbing	1.751s	coverage: 1.0% of statements in ./...
ok  	github.com/go-git/go-git/v6/plumbing/cache	0.149s	coverage: 0.6% of statements in ./...
ok  	github.com/go-git/go-git/v6/plumbing/filemode	0.134s	coverage: 0.2% of statements in ./...
ok  	github.com/go-git/go-git/v6/plumbing/format/commitgraph	0.185s	coverage: 8.8% of statements in ./...
ok  	github.com/go-git/go-git/v6/plumbing/format/config	0.131s	coverage: 1.0% of statements in ./...
ok  	github.com/go-git/go-git/v6/plumbing/format/diff	0.118s	coverage: 1.2% of statements in ./...
ok  	github.com/go-git/go-git/v6/plumbing/format/gitattributes	0.127s	coverage: 1.3% of statements in ./...
ok  	github.com/go-git/go-git/v6/plumbing/format/gitignore	0.145s	coverage: 1.1% of statements in ./...
ok  	github.com/go-git/go-git/v6/plumbing/format/idxfile	0.161s	coverage: 4.5% of statements in ./...
ok  	github.com/go-git/go-git/v6/plumbing/format/index	0.156s	coverage: 2.4% of statements in ./...
ok  	github.com/go-git/go-git/v6/plumbing/format/objfile	0.133s	coverage: 0.8% of statements in ./...
ok  	github.com/go-git/go-git/v6/plumbing/format/packfile	30.375s	coverage: 15.8% of statements in ./...
ok  	github.com/go-git/go-git/v6/plumbing/format/pktline	0.189s	coverage: 0.8% of statements in ./...
ok  	github.com/go-git/go-git/v6/plumbing/hash	0.135s	coverage: 0.1% of statements in ./...
ok  	github.com/go-git/go-git/v6/plumbing/object	2.903s	coverage: 22.7% of statements in ./...
ok  	github.com/go-git/go-git/v6/plumbing/object/commitgraph	0.205s	coverage: 9.6% of statements in ./...
ok  	github.com/go-git/go-git/v6/plumbing/protocol/packp	0.165s	coverage: 5.8% of statements in ./...
ok  	github.com/go-git/go-git/v6/plumbing/protocol/packp/capability	0.152s	coverage: 0.5% of statements in ./...
ok  	github.com/go-git/go-git/v6/plumbing/protocol/packp/sideband	0.138s	coverage: 0.9% of statements in ./...
ok  	github.com/go-git/go-git/v6/plumbing/revlist	0.211s	coverage: 7.2% of statements in ./...
ok  	github.com/go-git/go-git/v6/plumbing/storer	0.166s	coverage: 0.9% of statements in ./...
ok  	github.com/go-git/go-git/v6/plumbing/transport	0.208s	coverage: 10.4% of statements in ./...
ok  	github.com/go-git/go-git/v6/plumbing/transport/file	2.401s	coverage: 23.1% of statements in ./...
--- FAIL: TestUploadPackSuite (0.90s)
    --- FAIL: TestUploadPackSuite/TestAdvertisedReferencesEmpty (0.04s)
        upload_pack.go:32:
            	Error Trace:	/app/internal/transport/test/upload_pack.go:32
            	            				/root/go/pkg/mod/golang.org/toolchain@v0.0.1-go1.23.7.linux-amd64/src/runtime/asm_amd64.s:1700
            	Error:      	Received unexpected error:
            	            	empty advertised-ref message
            	Test:       	TestUploadPackSuite/TestAdvertisedReferencesEmpty
FAIL
coverage: 14.3% of statements in ./...
FAIL	github.com/go-git/go-git/v6/plumbing/transport/git	2.639s
Not a git repository: '/tmp/TestReceivePackSuiteTestAdvertisedReferencesNotExists3677790058/001/go-git-http-46497/non-existent.git'error: cannot lock ref 'refs/heads/master': reference already exists
Not a git repository: '/tmp/TestUploadPackSuiteTestAdvertisedReferencesNotExists901438587/001/go-git-http-35909/non-existent.git'fatal: git upload-pack: not our ref 1111111111111111111111111111111111111111
--- FAIL: TestUploadPackSuite (2.01s)
    --- FAIL: TestUploadPackSuite/TestAdvertisedReferencesEmpty (0.03s)
        upload_pack.go:32:
            	Error Trace:	/app/internal/transport/test/upload_pack.go:32
            	            				/root/go/pkg/mod/golang.org/toolchain@v0.0.1-go1.23.7.linux-amd64/src/runtime/asm_amd64.s:1700
            	Error:      	Received unexpected error:
            	            	remote repository is empty
            	Test:       	TestUploadPackSuite/TestAdvertisedReferencesEmpty
FAIL
coverage: 17.7% of statements in ./...
FAIL	github.com/go-git/go-git/v6/plumbing/transport/http	4.260s
--- FAIL: TestSuiteCommon (0.21s)
    --- FAIL: TestSuiteCommon/TestInvalidSocks5Proxy (0.00s)
        common_test.go:193:
            	Error Trace:	/app/plumbing/transport/ssh/common_test.go:193
            	            				/root/go/pkg/mod/golang.org/toolchain@v0.0.1-go1.23.7.linux-amd64/src/runtime/asm_amd64.s:1700
            	Error:      	Expect "unable to find any valid known_hosts file, set SSH_KNOWN_HOSTS env variable" to match "socks connect .* dial tcp 127.0.0.1:1080: .*"
            	Test:       	TestSuiteCommon/TestInvalidSocks5Proxy
--- FAIL: TestIssue70Suite (0.24s)
    common_test.go:171:
        	Error Trace:	/app/plumbing/transport/ssh/common_test.go:171
        	Error:      	Received unexpected error:
        	            	unable to find any valid known_hosts file, set SSH_KNOWN_HOSTS env variable
        	Test:       	TestIssue70Suite
--- FAIL: TestProxySuite (0.10s)
    --- FAIL: TestProxySuite/TestCommand (0.09s)
        proxy_test.go:79:
            	Error Trace:	/app/plumbing/transport/ssh/proxy_test.go:79
            	Error:      	Received unexpected error:
            	            	unable to find any valid known_hosts file, set SSH_KNOWN_HOSTS env variable
            	Test:       	TestProxySuite/TestCommand
        proxy_test.go:81:
            	Error Trace:	/app/plumbing/transport/ssh/proxy_test.go:81
            	Error:      	Should be true
            	Test:       	TestProxySuite/TestCommand
--- FAIL: TestUploadPackSuite (5.36s)
    --- FAIL: TestUploadPackSuite/TestAdvertisedReferencesEmpty (0.26s)
        upload_pack.go:32:
            	Error Trace:	/app/internal/transport/test/upload_pack.go:32
            	            				/root/go/pkg/mod/golang.org/toolchain@v0.0.1-go1.23.7.linux-amd64/src/runtime/asm_amd64.s:1700
            	Error:      	Received unexpected error:
            	            	unable to find any valid known_hosts file, set SSH_KNOWN_HOSTS env variable
            	Test:       	TestUploadPackSuite/TestAdvertisedReferencesEmpty
    --- FAIL: TestUploadPackSuite/TestAdvertisedReferencesFilterUnsupported (0.41s)
        upload_pack.go:82:
            	Error Trace:	/app/internal/transport/test/upload_pack.go:82
            	            				/root/go/pkg/mod/golang.org/toolchain@v0.0.1-go1.23.7.linux-amd64/src/runtime/asm_amd64.s:1700
            	Error:      	Received unexpected error:
            	            	unable to find any valid known_hosts file, set SSH_KNOWN_HOSTS env variable
            	Test:       	TestUploadPackSuite/TestAdvertisedReferencesFilterUnsupported
    --- FAIL: TestUploadPackSuite/TestCallAdvertisedReferenceTwice (0.13s)
        upload_pack.go:51:
            	Error Trace:	/app/internal/transport/test/upload_pack.go:51
            	            				/root/go/pkg/mod/golang.org/toolchain@v0.0.1-go1.23.7.linux-amd64/src/runtime/asm_amd64.s:1700
            	Error:      	Received unexpected error:
            	            	unable to find any valid known_hosts file, set SSH_KNOWN_HOSTS env variable
            	Test:       	TestUploadPackSuite/TestCallAdvertisedReferenceTwice
    --- FAIL: TestUploadPackSuite/TestCapabilities (0.14s)
        upload_pack.go:95:
            	Error Trace:	/app/internal/transport/test/upload_pack.go:95
            	            				/root/go/pkg/mod/golang.org/toolchain@v0.0.1-go1.23.7.linux-amd64/src/runtime/asm_amd64.s:1700
            	Error:      	Received unexpected error:
            	            	unable to find any valid known_hosts file, set SSH_KNOWN_HOSTS env variable
            	Test:       	TestUploadPackSuite/TestCapabilities
    --- FAIL: TestUploadPackSuite/TestDefaultBranch (0.65s)
        upload_pack.go:67:
            	Error Trace:	/app/internal/transport/test/upload_pack.go:67
            	            				/root/go/pkg/mod/golang.org/toolchain@v0.0.1-go1.23.7.linux-amd64/src/runtime/asm_amd64.s:1700
            	Error:      	Received unexpected error:
            	            	unable to find any valid known_hosts file, set SSH_KNOWN_HOSTS env variable
            	Test:       	TestUploadPackSuite/TestDefaultBranch
    --- FAIL: TestUploadPackSuite/TestFetchError (0.20s)
        upload_pack.go:259:
            	Error Trace:	/app/internal/transport/test/upload_pack.go:259
            	            				/root/go/pkg/mod/golang.org/toolchain@v0.0.1-go1.23.7.linux-amd64/src/runtime/asm_amd64.s:1700
            	Error:      	Received unexpected error:
            	            	unable to find any valid known_hosts file, set SSH_KNOWN_HOSTS env variable
            	Test:       	TestUploadPackSuite/TestFetchError
    --- FAIL: TestUploadPackSuite/TestUploadPack (0.27s)
        upload_pack.go:108:
            	Error Trace:	/app/internal/transport/test/upload_pack.go:108
            	            				/root/go/pkg/mod/golang.org/toolchain@v0.0.1-go1.23.7.linux-amd64/src/runtime/asm_amd64.s:1700
            	Error:      	Received unexpected error:
            	            	unable to find any valid known_hosts file, set SSH_KNOWN_HOSTS env variable
            	Test:       	TestUploadPackSuite/TestUploadPack
    --- FAIL: TestUploadPackSuite/TestUploadPackFull (0.57s)
        upload_pack.go:169:
            	Error Trace:	/app/internal/transport/test/upload_pack.go:169
            	            				/root/go/pkg/mod/golang.org/toolchain@v0.0.1-go1.23.7.linux-amd64/src/runtime/asm_amd64.s:1700
            	Error:      	Received unexpected error:
            	            	unable to find any valid known_hosts file, set SSH_KNOWN_HOSTS env variable
            	Test:       	TestUploadPackSuite/TestUploadPackFull
    --- FAIL: TestUploadPackSuite/TestUploadPackInvalidReq (0.20s)
        upload_pack.go:191:
            	Error Trace:	/app/internal/transport/test/upload_pack.go:191
            	            				/root/go/pkg/mod/golang.org/toolchain@v0.0.1-go1.23.7.linux-amd64/src/runtime/asm_amd64.s:1700
            	Error:      	Received unexpected error:
            	            	unable to find any valid known_hosts file, set SSH_KNOWN_HOSTS env variable
            	Test:       	TestUploadPackSuite/TestUploadPackInvalidReq
    --- FAIL: TestUploadPackSuite/TestUploadPackMulti (0.07s)
        upload_pack.go:221:
            	Error Trace:	/app/internal/transport/test/upload_pack.go:221
            	            				/root/go/pkg/mod/golang.org/toolchain@v0.0.1-go1.23.7.linux-amd64/src/runtime/asm_amd64.s:1700
            	Error:      	Received unexpected error:
            	            	unable to find any valid known_hosts file, set SSH_KNOWN_HOSTS env variable
            	Test:       	TestUploadPackSuite/TestUploadPackMulti
    --- FAIL: TestUploadPackSuite/TestUploadPackNoChanges (0.52s)
        upload_pack.go:206:
            	Error Trace:	/app/internal/transport/test/upload_pack.go:206
            	            				/root/go/pkg/mod/golang.org/toolchain@v0.0.1-go1.23.7.linux-amd64/src/runtime/asm_amd64.s:1700
            	Error:      	Received unexpected error:
            	            	unable to find any valid known_hosts file, set SSH_KNOWN_HOSTS env variable
            	Test:       	TestUploadPackSuite/TestUploadPackNoChanges
    --- FAIL: TestUploadPackSuite/TestUploadPackPartial (0.25s)
        upload_pack.go:240:
            	Error Trace:	/app/internal/transport/test/upload_pack.go:240
            	            				/root/go/pkg/mod/golang.org/toolchain@v0.0.1-go1.23.7.linux-amd64/src/runtime/asm_amd64.s:1700
            	Error:      	Received unexpected error:
            	            	unable to find any valid known_hosts file, set SSH_KNOWN_HOSTS env variable
            	Test:       	TestUploadPackSuite/TestUploadPackPartial
    --- FAIL: TestUploadPackSuite/TestUploadPackWithContext (0.52s)
        upload_pack.go:130:
            	Error Trace:	/app/internal/transport/test/upload_pack.go:130
            	            				/root/go/pkg/mod/golang.org/toolchain@v0.0.1-go1.23.7.linux-amd64/src/runtime/asm_amd64.s:1700
            	Error:      	Received unexpected error:
            	            	unable to find any valid known_hosts file, set SSH_KNOWN_HOSTS env variable
            	Test:       	TestUploadPackSuite/TestUploadPackWithContext
    --- FAIL: TestUploadPackSuite/TestUploadPackWithContextOnRead (0.28s)
        upload_pack.go:150:
            	Error Trace:	/app/internal/transport/test/upload_pack.go:150
            	            				/root/go/pkg/mod/golang.org/toolchain@v0.0.1-go1.23.7.linux-amd64/src/runtime/asm_amd64.s:1700
            	Error:      	Received unexpected error:
            	            	unable to find any valid known_hosts file, set SSH_KNOWN_HOSTS env variable
            	Test:       	TestUploadPackSuite/TestUploadPackWithContextOnRead
FAIL
coverage: 2.1% of statements in ./...
FAIL	github.com/go-git/go-git/v6/plumbing/transport/ssh	5.995s
ok  	github.com/go-git/go-git/v6/plumbing/transport/ssh/knownhosts	6.191s	coverage: 0.9% of statements in ./...
ok  	github.com/go-git/go-git/v6/storage/filesystem	36.463s	coverage: 8.3% of statements in ./...
ok  	github.com/go-git/go-git/v6/storage/filesystem/dotgit	2.060s	coverage: 7.4% of statements in ./...
ok  	github.com/go-git/go-git/v6/storage/tests	0.765s	coverage: 13.0% of statements in ./...
ok  	github.com/go-git/go-git/v6/storage/transactional	0.126s	coverage: 3.8% of statements in ./...
ok  	github.com/go-git/go-git/v6/utils/binary	0.150s	coverage: 0.3% of statements in ./...
ok  	github.com/go-git/go-git/v6/utils/diff	0.108s	coverage: 0.1% of statements in ./...
ok  	github.com/go-git/go-git/v6/utils/ioutil	0.145s	coverage: 0.3% of statements in ./...
ok  	github.com/go-git/go-git/v6/utils/merkletrie	0.177s	coverage: 2.3% of statements in ./...
ok  	github.com/go-git/go-git/v6/utils/merkletrie/filesystem	0.156s	coverage: 1.8% of statements in ./...
ok  	github.com/go-git/go-git/v6/utils/merkletrie/index	0.151s	coverage: 1.6% of statements in ./...
ok  	github.com/go-git/go-git/v6/utils/merkletrie/internal/frame	0.128s	coverage: 0.7% of statements in ./...
ok  	github.com/go-git/go-git/v6/utils/merkletrie/internal/fsnoder	0.153s	coverage: 0.9% of statements in ./...
ok  	github.com/go-git/go-git/v6/utils/merkletrie/noder	0.148s	coverage: 0.1% of statements in ./...
ok  	github.com/go-git/go-git/v6/utils/sync	0.168s	coverage: 0.2% of statements in ./...
ok  	github.com/go-git/go-git/v6/utils/trace	0.143s	coverage: 0.1% of statements in ./...
FAIL
make: *** [Makefile:38: test-coverage] Error 1
=== RUN   TestExamples
=== RUN   TestExamples/blame
[34;1mgit open /tmp/2053905372[0m
[34;1mgit blame CHANGELOG[0m
b8e471f5 (Daniel Ripolles 2015-03-31 13:44:52 +0200 1) Initial changelog
=== RUN   TestExamples/branch
[34;1mgit clone https://github.com/git-fixtures/basic.git /tmp/4031009660[0m
[34;1mgit branch my-branch[0m
[34;1mgit branch -D my-branch[0m
=== RUN   TestExamples/checkout
[34;1mgit clone https://github.com/git-fixtures/basic.git /tmp/2824225225[0m
[34;1mgit show-ref --head HEAD[0m
6ecf0ef2c2dffb796033e5a02219af86ec6584e5
[34;1mgit checkout 35e85108805c84807bc66a02d91535e1e24b38b9[0m
[34;1mgit show-ref --head HEAD[0m
35e85108805c84807bc66a02d91535e1e24b38b9
=== RUN   TestExamples/checkout-branch
[34;1mgit clone https://github.com/git-fixtures/basic.git /tmp/2257770380[0m
[34;1mgit show-ref --head HEAD[0m
6ecf0ef2c2dffb796033e5a02219af86ec6584e5
[34;1mgit checkout branch[0m
[36;1mlocal checkout of branch 'branch' failed, will attempt to fetch remote branch of same name.[0m
[36;1mlike `git checkout <branch>` defaulting to `git checkout -b <branch> --track <remote>/<branch>`[0m
[34;1mchecked out branch: branch[0m
[34;1mgit show-ref --head HEAD[0m
e8d3ffab552895c19b9fcf7aa264d277cde33881
=== RUN   TestExamples/clone
[34;1mgit clone https://github.com/git-fixtures/basic.git /tmp/765859838 --recursive[0m
commit 6ecf0ef2c2dffb796033e5a02219af86ec6584e5
Author: MÃ¡ximo Cuadros Ortiz <mcuadros@gmail.com>
Date:   Sun Apr 05 23:30:47 2015 +0200

    vendor stuff


=== RUN   TestExamples/commit
[34;1mecho "hello world!" > example-git-file[0m
[34;1mgit add example-git-file[0m
[34;1mgit status --porcelain[0m
A  example-git-file

[34;1mgit commit -m "example go-git commit"[0m
[34;1mgit show -s[0m
commit 05441fb467382f35a27861422417653447497d27
Author: John Doe <john@doe.org>
Date:   Sun Sep 07 01:15:56 2025 -0700

    example go-git commit

=== RUN   TestExamples/config
[34;1mgit init[0m
[34;1mworktree is [0m
[34;1morigin remote: &{Name:origin URLs:[https://github.com/git-fixtures/basic.git] Mirror:false insteadOfRulesApplied:false originalURLs:[] Fetch:[] raw:<nil>}[0m
[34;1mcustom.name is Local name[0m
=== RUN   TestExamples/context
[34;1mgit clone https://github.com/git-fixtures/basic.git /tmp/352263954[0m
[36;1mTo gracefully stop the clone operation, push Crtl-C.[0m
Enumerating objects: 31, done.
Counting objects:  12% (1/8)Counting objects:  25% (2/8)Counting objects:  37% (3/8)Counting objects:  50% (4/8)Counting objects:  62% (5/8)Counting objects:  75% (6/8)Counting objects:  87% (7/8)Counting objects: 100% (8/8)Counting objects: 100% (8/8), done.
Compressing objects:  33% (1/3)Compressing objects:  66% (2/3)Compressing objects: 100% (3/3)Compressing objects: 100% (3/3), done.
Total 31 (delta 6), reused 5 (delta 5), pack-reused 23 (from 1)
=== RUN   TestExamples/custom_http
[34;1mgit clone https://github.com/git-fixtures/basic.git[0m
[34;1mgit rev-parse HEAD[0m
6ecf0ef2c2dffb796033e5a02219af86ec6584e5
=== RUN   TestExamples/find-if-any-tag-point-head
=== RUN   TestExamples/log
[34;1mgit clone https://github.com/src-d/go-siva[0m
[34;1mgit log[0m
commit 9ee6c8caf21f534cac8b65e5ca6b2a38323502bc
Author: Javi Fontan <jfontan@gmail.com>
Date:   Thu Jun 13 09:02:30 2019 +0200

    Merge pull request #46 from creachadair/checksum

    Do not permit index entries to be flushed twice.

commit 11db885e7bfcb2fa9f16f7874f9f745195b0fcf8
Author: MÃ¡ximo Cuadros <mcuadros@gmail.com>
Date:   Tue Jun 11 23:47:56 2019 +0200

    Update MAINTAINERS

    Add @jfontan

commit 3ceaa843f986434418deae282ec58c40b4262a61
Author: MÃ¡ximo Cuadros <mcuadros@gmail.com>
Date:   Tue Jun 11 23:47:12 2019 +0200

    Merge pull request #43 from creachadair/flagdoc

    Clarify that flags are bitwise, and that FlagDeleted is non-zero.

commit 9500bc0d24465709152a9afd52e6dff0d24dd4df
Author: MÃ¡ximo Cuadros <mcuadros@gmail.com>
Date:   Tue Jun 11 12:55:00 2019 +0200

    Merge pull request #44 from creachadair/modebits

    spec: Document the layout of the mode word

commit 4cc10f1d897bb8a6ce358b33311621c39ae81338
Author: MÃ¡ximo Cuadros <mcuadros@gmail.com>
Date:   Fri Mar 22 09:30:53 2019 +0100

    Merge pull request #41 from jfontan/reader-with-offset

    Add NewReaderWithOffset

commit 0c04605024c3bee1d4389992be452d182ae98922
Author: MÃ¡ximo Cuadros <mcuadros@gmail.com>
Date:   Mon Jan 28 10:57:44 2019 +0100

    Merge pull request #39 from MaskyS/patch-1

    Updated spec.md to correct some errors

commit 36b4509daed94ed57fad51bfc6a16717d5a3edb8
Author: MÃ¡ximo Cuadros <mcuadros@gmail.com>
Date:   Mon Jan 28 10:56:52 2019 +0100

    Merge pull request #40 from jfontan/posix-index

    Store file names in POSIX format

commit 46706569e21e527a7e4611bbb5c5782258c953f6
Author: Javi Fontan <jfontan@gmail.com>
Date:   Wed Jan 16 14:48:38 2019 +0100

    Change spec to specify index entry name format

    Signed-off-by: Javi Fontan <jfontan@gmail.com>


commit adc58269796fb7a36548babe69b743ed2c988c90
Author: Javi Fontan <jfontan@gmail.com>
Date:   Tue Jan 15 18:40:28 2019 +0100

    Store index names in posix format

    Now the index header names are written in posix format and sanitized
    with ToSafePath. Also Find an Glob convert input paths with it.

    This change makes interoperation between Windows and Linux possible.

    Signed-off-by: Javi Fontan <jfontan@gmail.com>


commit 83321a8dd63ee752cd0962fc39cf835cfa4fbf62
Author: Javi Fontan <jfontan@gmail.com>
Date:   Tue Jan 15 16:42:06 2019 +0100

    Make ToSafePath work the same in Unix and Windows

    Signed-off-by: Javi Fontan <jfontan@gmail.com>


commit 65835775b08f67b97f0b983ab11fe18d97b0be14
Author: Javi Fontan <jfontan@gmail.com>
Date:   Thu Feb 28 20:35:49 2019 +0100

    Only load index once in a Reader as it shouldn't change

    Signed-off-by: Javi Fontan <jfontan@gmail.com>


commit 682a1e9c2bca224e7d19b92957abdce80da0b26e
Author: Javi Fontan <jfontan@gmail.com>
Date:   Sun Feb 24 14:58:23 2019 +0100

    Add NewReaderWithOffset

    This allows opening siva files while they are being modified or opening an old
    index.

    Signed-off-by: Javi Fontan <jfontan@gmail.com>


commit f090b26569263acda749b1b2030b50f0396f71aa
Author: M. J. Fromberger <michael.j.fromberger@gmail.com>
Date:   Thu Jun 06 21:55:20 2019 -0700

    Define the layout of the mode word.

    Addresses #11.

    Signed-off-by: M. J. Fromberger <michael.j.fromberger@gmail.com>


commit 215a5bb0065f2f3909d8d4039ddf28595e29e059
Author: M. J. Fromberger <michael.j.fromberger@gmail.com>
Date:   Wed Jun 05 13:28:51 2019 -0700

    Clarify that flags are bitwise, and that FlagDeleted is non-zero.

    This commit has no functional change, it only clarifies the documentation of
    header flags. Specifically:

    - Add a missing doc comment to the exported Flag type declaration.

    - Consolidate the declaration of FlagDeleted so it is more obvious to the
      reader in godoc that it is non-zero. This also ensures that if we add more
      enumerators later, they will shift correctly.

    Signed-off-by: M. J. Fromberger <michael.j.fromberger@gmail.com>


commit 1a203a8324beb2e2a59b0db0a313912c357d826e
Author: M. J. Fromberger <michael.j.fromberger@gmail.com>
Date:   Wed Jun 12 07:52:57 2019 -0700

    Add a regression test for double flush (#45).

    Signed-off-by: M. J. Fromberger <michael.j.fromberger@gmail.com>


commit d5eaec618465ccda4d0e5fafe948806eb3295146
Author: M. J. Fromberger <michael.j.fromberger@gmail.com>
Date:   Wed Jun 12 07:35:41 2019 -0700

    Do not permit index entries to be flushed twice.

    Fixes #45. When a Flush succeeds for an index entry, drop the current entry
    after updating its fields. This ensures a subsequent flush check will not
    overwrite its fields with the clobbered state of the CRC context.

    Signed-off-by: M. J. Fromberger <michael.j.fromberger@gmail.com>


commit 27715a628909aa0c5edabac8d5a53745d85f12ab
Author: Javi Fontan <jfontan@gmail.com>
Date:   Mon Jul 29 18:07:14 2019 +0200

    index: implement Glob in OrderedIndex

    This implementation uses binary search to find the first match and stops
    searching after the glob prefix is not matched to speedup the process.

    Signed-off-by: Javi Fontan <jfontan@gmail.com>


commit c64f79f08450a4d0336b5b06ed24712534370ce3
Author: Javi Fontan <jfontan@gmail.com>
Date:   Mon Jul 29 15:57:32 2019 +0200

    build: support go.mod

    Also update travis to test with 1.11 and 1.12

    Signed-off-by: Javi Fontan <jfontan@gmail.com>


=== RUN   TestExamples/ls-remote
[34;1mgit ls-remote --tags https://github.com/git-fixtures/basic.git[0m
2025/09/07 01:16:03 Fetching tags...
2025/09/07 01:16:03 No tags!
=== RUN   TestExamples/memory
[34;1mgit clone https://github.com/git-fixtures/basic.git[0m
commit 6ecf0ef2c2dffb796033e5a02219af86ec6584e5
Author: MÃ¡ximo Cuadros Ortiz <mcuadros@gmail.com>
Date:   Sun Apr 05 23:30:47 2015 +0200

    vendor stuff


=== RUN   TestExamples/merge_base
=== RUN   TestExamples/open
[34;1mgit rev-list HEAD --count[0m
8
=== RUN   TestExamples/progress
[34;1mgit clone https://github.com/git-fixtures/basic.git /tmp/210535169[0m
Enumerating objects: 18, done.
Counting objects:   5% (1/18)Counting objects:  11% (2/18)Counting objects:  16% (3/18)Counting objects:  22% (4/18)Counting objects:  27% (5/18)Counting objects:  33% (6/18)Counting objects:  38% (7/18)Counting objects:  44% (8/18)Counting objects:  50% (9/18)Counting objects:  55% (10/18)Counting objects:  61% (11/18)Counting objects:  66% (12/18)Counting objects:  72% (13/18)Counting objects:  77% (14/18)Counting objects:  83% (15/18)Counting objects:  88% (16/18)Counting objects:  94% (17/18)Counting objects: 100% (18/18)Counting objects: 100% (18/18), done.
Compressing objects:   7% (1/13)Compressing objects:  15% (2/13)Compressing objects:  23% (3/13)Compressing objects:  30% (4/13)Compressing objects:  38% (5/13)Compressing objects:  46% (6/13)Compressing objects:  53% (7/13)Compressing objects:  61% (8/13)Compressing objects:  69% (9/13)Compressing objects:  76% (10/13)Compressing objects:  84% (11/13)Compressing objects:  92% (12/13)Compressing objects: 100% (13/13)Compressing objects: 100% (13/13), done.
Total 18 (delta 1), reused 16 (delta 0), pack-reused 0 (from 0)
=== RUN   TestExamples/pull
[34;1mgit pull origin[0m
commit 6ecf0ef2c2dffb796033e5a02219af86ec6584e5
Author: MÃ¡ximo Cuadros Ortiz <mcuadros@gmail.com>
Date:   Sun Apr 05 23:30:47 2015 +0200

    vendor stuff


=== RUN   TestExamples/push
[34;1mgit push[0m
=== RUN   TestExamples/remotes
[34;1mgit init[0m
[34;1mgit remote add example https://github.com/git-fixtures/basic.git[0m
[34;1mgit remote -v[0m
example	https://github.com/git-fixtures/basic.git (fetch)
example	https://github.com/git-fixtures/basic.git (push)
[34;1mgit fetch example[0m
[34;1mgit show-ref[0m
6ecf0ef2c2dffb796033e5a02219af86ec6584e5 refs/remotes/example/master
e8d3ffab552895c19b9fcf7aa264d277cde33881 refs/remotes/example/branch
[34;1mgit remote rm example[0m
=== RUN   TestExamples/restore
[34;1mecho "hello world! Modify" > for-modify[0m
[34;1mgit add for-modify[0m
[34;1mecho "hello world! Delete" > for-delete[0m
[34;1mgit add for-delete[0m
[34;1mgit commit -m "example go-git commit"[0m
[34;1mecho "hello world! Modify 2" > for-modify[0m
[34;1mgit add for-modify[0m
[34;1mecho "hello world! Add" > for-add[0m
[34;1mgit add for-add[0m
[34;1mrm for-delete[0m
[34;1mgit add for-delete[0m
[34;1mgit status --porcelain[0m
A  for-add
D  for-delete
M  for-modify

[34;1mgit restore --staged for-modify[0m
[34;1mgit status --porcelain[0m
 M for-modify
A  for-add
D  for-delete

[34;1mgit restore --staged for-add for-delete[0m
[34;1mgit status --porcelain[0m
?? for-add
 D for-delete
 M for-modify

=== RUN   TestExamples/revision
[34;1mgit rev-parse master~2^[0m
1669dce138d9b841a518c64b10914d88f5e488ea
=== RUN   TestExamples/showcase
[34;1mgit clone https://github.com/git-fixtures/basic.git /tmp/3405430449[0m
[34;1mgit log -1[0m
commit 6ecf0ef2c2dffb796033e5a02219af86ec6584e5
Author: MÃ¡ximo Cuadros Ortiz <mcuadros@gmail.com>
Date:   Sun Apr 05 23:30:47 2015 +0200

    vendor stuff


[34;1mgit ls-tree -r HEAD[0m
100644 blob 32858aad3c383ed1ff0a0f9bdf231d54a00c9e88    .gitignore
100644 blob d3ff53e0564a9f87d8e84b6e28e5060e517008aa    CHANGELOG
100644 blob c192bd6a24ea1ab01d78686e417c8bdc7c3d197f    LICENSE
100644 blob d5c0f4ab811897cadf03aec358ae60d21f91c50d    binary.jpg
100644 blob 880cd14280f4b9b6ed3986d6671f907d7cc2a198    go/example.go
100644 blob 49c6bb89b17060d7b4deacb7b338fcc6ea2352a9    json/long.json
100644 blob c8f1d8c61f9da76f4cb49fd86322b6e685dba956    json/short.json
100644 blob 9a48f23120e880dfbe41f7c9b7b708e9ee62a492    php/crappy.php
100644 blob 9dea2395f5403188298c1dabe8bdafe562c491e3    vendor/foo.go
[34;1mgit log --oneline[0m
6ecf0ef vendor stuff
918c48b some code
af2d6a6 some json
1669dce Merge branch 'master' of github.com:tyba/git-fixture
35e8510 binary file
b029517 Initial commit
a5b8b09 Merge pull request #1 from dripolles/feature
b8e471f Creating changelog
=== RUN   TestExamples/sparse-checkout
[34;1mgit clone https://github.com/git-fixtures/basic.git /tmp/2936698348[0m
=== RUN   TestExamples/tag
[34;1mgit show-ref --tag[0m
[34;1mfor t in $(git show-ref --tag); do if [ "$(git cat-file -t $t)" = "tag" ]; then git cat-file -p $t ; fi; done[0m
--- PASS: TestExamples (30.20s)
    --- PASS: TestExamples/blame (3.24s)
    --- PASS: TestExamples/branch (1.37s)
    --- PASS: TestExamples/checkout (1.39s)
    --- PASS: TestExamples/checkout-branch (1.51s)
    --- PASS: TestExamples/clone (1.33s)
    --- PASS: TestExamples/commit (0.89s)
    --- PASS: TestExamples/config (0.81s)
    --- PASS: TestExamples/context (1.41s)
    --- PASS: TestExamples/custom_http (1.26s)
    --- PASS: TestExamples/find-if-any-tag-point-head (0.79s)
    --- PASS: TestExamples/log (1.46s)
    --- PASS: TestExamples/ls-remote (1.18s)
    --- PASS: TestExamples/memory (1.32s)
    --- PASS: TestExamples/merge_base (0.90s)
    --- PASS: TestExamples/open (0.85s)
    --- PASS: TestExamples/progress (1.35s)
    --- PASS: TestExamples/pull (1.40s)
    --- PASS: TestExamples/push (1.00s)
    --- PASS: TestExamples/remotes (1.31s)
    --- PASS: TestExamples/restore (1.00s)
    --- PASS: TestExamples/revision (0.81s)
    --- PASS: TestExamples/showcase (1.37s)
    --- PASS: TestExamples/sparse-checkout (1.33s)
    --- PASS: TestExamples/tag (0.86s)
PASS
ok  	github.com/go-git/go-git/v6/_examples	37.146s
