test_2sat.cpp:5:10: fatal error: 2sat.h: No such file or directory
    5 | #include "2sat.h"
      |          ^~~~~~~~
compilation terminated.
Compilation failed for test_2sat.cpp
test_aho_corasick.cpp:8:10: fatal error: aho_corasick_trie_definition.h: No such file or directory
    8 | #include "aho_corasick_trie_definition.h"
      |          ^~~~~~~~~~~~~~~~~~~~~~~~~~~~~~~~
compilation terminated.
Compilation failed for test_aho_corasick.cpp
test_balanced_brackets.cpp:8:10: fatal error: next_balanced_brackets_sequence.h: No such file or directory
    8 | #include "next_balanced_brackets_sequence.h"
      |          ^~~~~~~~~~~~~~~~~~~~~~~~~~~~~~~~~~~
compilation terminated.
Compilation failed for test_balanced_brackets.cpp
test_bridge_searching_offline.cpp:7:10: fatal error: bridge_searching_offline.h: No such file or directory
    7 | #include "bridge_searching_offline.h"
      |          ^~~~~~~~~~~~~~~~~~~~~~~~~~~~
compilation terminated.
Compilation failed for test_bridge_searching_offline.cpp
test_burnside_tori.cpp:6:10: fatal error: burnside_tori.h: No such file or directory
    6 | #include "burnside_tori.h"
      |          ^~~~~~~~~~~~~~~~~
compilation terminated.
Compilation failed for test_burnside_tori.cpp
test_check_segments_intersection.cpp:5:10: fatal error: check-segments-inter.h: No such file or directory
    5 | #include "check-segments-inter.h"
      |          ^~~~~~~~~~~~~~~~~~~~~~~~
compilation terminated.
Compilation failed for test_check_segments_intersection.cpp
test_chinese_remainder_theorem.cpp:25:10: fatal error: chinese_remainder_theorem.h: No such file or directory
   25 | #include "chinese_remainder_theorem.h"
      |          ^~~~~~~~~~~~~~~~~~~~~~~~~~~~~
compilation terminated.
Compilation failed for test_chinese_remainder_theorem.cpp
test_convex_hull.cpp:8:10: fatal error: graham_scan.h: No such file or directory
    8 | #include "graham_scan.h"
      |          ^~~~~~~~~~~~~~~
compilation terminated.
Compilation failed for test_convex_hull.cpp
test_delaunay.cpp:5:10: fatal error: delaunay.h: No such file or directory
    5 | #include "delaunay.h"
      |          ^~~~~~~~~~~~
compilation terminated.
Compilation failed for test_delaunay.cpp
test_desopo_pape.cpp:6:10: fatal error: desopo_pape.h: No such file or directory
    6 | #include "desopo_pape.h"
      |          ^~~~~~~~~~~~~~~
compilation terminated.
Compilation failed for test_desopo_pape.cpp
test_dijkstra.cpp:6:10: fatal error: dijkstra_dense.h: No such file or directory
    6 | #include "dijkstra_dense.h"
      |          ^~~~~~~~~~~~~~~~~~
compilation terminated.
Compilation failed for test_dijkstra.cpp
test_dijkstra_sparse.cpp:9:10: fatal error: dijkstra_sparse_set.h: No such file or directory
    9 | #include "dijkstra_sparse_set.h"
      |          ^~~~~~~~~~~~~~~~~~~~~~~
compilation terminated.
Compilation failed for test_dijkstra_sparse.cpp
test_dinic.cpp:5:10: fatal error: dinic.h: No such file or directory
    5 | #include "dinic.h"
      |          ^~~~~~~~~
compilation terminated.
Compilation failed for test_dinic.cpp
test_discrete_log.cpp:22:10: fatal error: discrete_log.h: No such file or directory
   22 | #include "discrete_log.h"
      |          ^~~~~~~~~~~~~~~~
compilation terminated.
Compilation failed for test_discrete_log.cpp
test_divide_and_conquer_dp.cpp:7:10: fatal error: divide_and_conquer_dp.h: No such file or directory
    7 | #include "divide_and_conquer_dp.h"
      |          ^~~~~~~~~~~~~~~~~~~~~~~~~
compilation terminated.
Compilation failed for test_divide_and_conquer_dp.cpp
test_dynamic_conn.cpp:5:10: fatal error: dynamic-conn.h: No such file or directory
    5 | #include "dynamic-conn.h"
      |          ^~~~~~~~~~~~~~~~
compilation terminated.
Compilation failed for test_dynamic_conn.cpp
test_edmonds_karp.cpp:6:10: fatal error: edmondskarp.h: No such file or directory
    6 | #include "edmondskarp.h"
      |          ^~~~~~~~~~~~~~~
compilation terminated.
Compilation failed for test_edmonds_karp.cpp
test_expression_parsing.cpp:7:10: fatal error: expression_parsing_simple.h: No such file or directory
    7 | #include "expression_parsing_simple.h"
      |          ^~~~~~~~~~~~~~~~~~~~~~~~~~~~~
compilation terminated.
Compilation failed for test_expression_parsing.cpp
test_extended_gcd.cpp:8:10: fatal error: extended_gcd.h: No such file or directory
    8 | #include "extended_gcd.h"
      |          ^~~~~~~~~~~~~~~~
compilation terminated.
Compilation failed for test_extended_gcd.cpp
test_factorization.cpp:25:10: fatal error: ../test/factorization_trial_division1.h: No such file or directory
   25 | #include "../test/factorization_trial_division1.h"
      |          ^~~~~~~~~~~~~~~~~~~~~~~~~~~~~~~~~~~~~~~~~
compilation terminated.
Compilation failed for test_factorization.cpp
test_fenwick_tree.cpp:8:10: fatal error: fenwick_sum.h: No such file or directory
    8 | #include "fenwick_sum.h"
      |          ^~~~~~~~~~~~~~~
compilation terminated.
Compilation failed for test_fenwick_tree.cpp
test_fft.cpp:7:10: fatal error: fft_recursive.h: No such file or directory
    7 | #include "fft_recursive.h"
      |          ^~~~~~~~~~~~~~~~~
compilation terminated.
Compilation failed for test_fft.cpp
test_fibonacci.cpp:6:10: fatal error: fibonacci_linear.h: No such file or directory
    6 | #include "fibonacci_linear.h"
      |          ^~~~~~~~~~~~~~~~~~~~
compilation terminated.
Compilation failed for test_fibonacci.cpp
test_gauss.cpp:5:10: fatal error: gauss.h: No such file or directory
    5 | #include "gauss.h"
      |          ^~~~~~~~~
compilation terminated.
Compilation failed for test_gauss.cpp
test_generate_combinations.cpp:7:10: fatal error: next_combination.h: No such file or directory
    7 | #include "next_combination.h"
      |          ^~~~~~~~~~~~~~~~~~~~
compilation terminated.
Compilation failed for test_generate_combinations.cpp
test_geometry.cpp:6:10: fatal error: point2d.h: No such file or directory
    6 | #include "point2d.h"
      |          ^~~~~~~~~~~
compilation terminated.
Compilation failed for test_geometry.cpp
test_hashing.cpp:8:10: fatal error: hashing_function.h: No such file or directory
    8 | #include "hashing_function.h"
      |          ^~~~~~~~~~~~~~~~~~~~
compilation terminated.
Compilation failed for test_hashing.cpp
test_hungarian.cpp:17:14: fatal error: hungarian.h: No such file or directory
   17 |     #include "hungarian.h"
      |              ^~~~~~~~~~~~~
compilation terminated.
Compilation failed for test_hungarian.cpp
test_johnsons_rule.cpp:6:10: fatal error: johnsons_rule.h: No such file or directory
    6 | #include "johnsons_rule.h"
      |          ^~~~~~~~~~~~~~~~~
compilation terminated.
Compilation failed for test_johnsons_rule.cpp
test_josephus.cpp:6:10: fatal error: josephus_fast0.h: No such file or directory
    6 | #include "josephus_fast0.h"
      |          ^~~~~~~~~~~~~~~~~~
compilation terminated.
Compilation failed for test_josephus.cpp
test_lca.cpp:6:10: fatal error: lca.h: No such file or directory
    6 | #include "lca.h"
      |          ^~~~~~~
compilation terminated.
Compilation failed for test_lca.cpp
test_lichaotree.cpp:6:10: fatal error: lichaotree_line_definition.h: No such file or directory
    6 | #include "lichaotree_line_definition.h"
      |          ^~~~~~~~~~~~~~~~~~~~~~~~~~~~~~
compilation terminated.
Compilation failed for test_lichaotree.cpp
test_line_intersection.cpp:5:10: fatal error: line_intersection.h: No such file or directory
    5 | #include "line_intersection.h"
      |          ^~~~~~~~~~~~~~~~~~~~~
compilation terminated.
Compilation failed for test_line_intersection.cpp
test_linear_diophantine.cpp:7:10: fatal error: linear_diophantine_any.h: No such file or directory
    7 | #include "linear_diophantine_any.h"
      |          ^~~~~~~~~~~~~~~~~~~~~~~~~~
compilation terminated.
Compilation failed for test_linear_diophantine.cpp
test_lis.cpp:8:10: fatal error: lis_n2.h: No such file or directory
    8 | #include "lis_n2.h"
      |          ^~~~~~~~~~
compilation terminated.
Compilation failed for test_lis.cpp
test_lyndon_factorization.cpp:6:10: fatal error: duval_algorithm.h: No such file or directory
    6 | #include "duval_algorithm.h"
      |          ^~~~~~~~~~~~~~~~~~~
compilation terminated.
Compilation failed for test_lyndon_factorization.cpp
test_main_lorentz.cpp:8:10: fatal error: main_lorentz.h: No such file or directory
    8 | #include "main_lorentz.h"
      |          ^~~~~~~~~~~~~~~~
compilation terminated.
Compilation failed for test_main_lorentz.cpp
test_manacher_odd.cpp:4:10: fatal error: manacher_odd.h: No such file or directory
    4 | #include "manacher_odd.h"
      |          ^~~~~~~~~~~~~~~~
compilation terminated.
Compilation failed for test_manacher_odd.cpp
test_manhattan_mst.cpp:3:10: fatal error: manhattan_mst.h: No such file or directory
    3 | #include "manhattan_mst.h"
      |          ^~~~~~~~~~~~~~~~~
compilation terminated.
Compilation failed for test_manhattan_mst.cpp
test_mex.cpp:8:10: fatal error: mex_simple.h: No such file or directory
    8 | #include "mex_simple.h"
      |          ^~~~~~~~~~~~~~
compilation terminated.
Compilation failed for test_mex.cpp
test_min_cost_flow.cpp:8:10: fatal error: min_cost_flow_successive_shortest_path.h: No such file or directory
    8 | #include "min_cost_flow_successive_shortest_path.h"
      |          ^~~~~~~~~~~~~~~~~~~~~~~~~~~~~~~~~~~~~~~~~~
compilation terminated.
Compilation failed for test_min_cost_flow.cpp
test_minkowski.cpp:5:10: fatal error: minkowski.h: No such file or directory
    5 | #include "minkowski.h"
      |          ^~~~~~~~~~~~~
compilation terminated.
Compilation failed for test_minkowski.cpp
test_modular_inverse.cpp:8:10: fatal error: modular_inverse_euclidean_division.h: No such file or directory
    8 | #include "modular_inverse_euclidean_division.h"
      |          ^~~~~~~~~~~~~~~~~~~~~~~~~~~~~~~~~~~~~~
compilation terminated.
Compilation failed for test_modular_inverse.cpp
test_mpm.cpp:5:10: fatal error: mpm.h: No such file or directory
    5 | #include "mpm.h"
      |          ^~~~~~~
compilation terminated.
Compilation failed for test_mpm.cpp
test_nearest_points.cpp:7:10: fatal error: nearest_pair_def.h: No such file or directory
    7 | #include "nearest_pair_def.h"
      |          ^~~~~~~~~~~~~~~~~~~~
compilation terminated.
Compilation failed for test_nearest_points.cpp
test_planar_faces.cpp:5:10: fatal error: planar.h: No such file or directory
    5 | #include "planar.h"
      |          ^~~~~~~~~~
compilation terminated.
Compilation failed for test_planar_faces.cpp
test_planar_implicit.cpp:9:10: fatal error: planar_implicit.h: No such file or directory
    9 | #include "planar_implicit.h"
      |          ^~~~~~~~~~~~~~~~~~~
compilation terminated.
Compilation failed for test_planar_implicit.cpp
test_point_location.cpp:5:10: fatal error: point-location.h: No such file or directory
    5 | #include "point-location.h"
      |          ^~~~~~~~~~~~~~~~~~
compilation terminated.
Compilation failed for test_point_location.cpp
test_points_in_convex_polygon.cpp:4:10: fatal error: points_in_convex_polygon.h: No such file or directory
    4 | #include "points_in_convex_polygon.h"
      |          ^~~~~~~~~~~~~~~~~~~~~~~~~~~~
compilation terminated.
Compilation failed for test_points_in_convex_polygon.cpp
test_pollard_rho.cpp:11:10: fatal error: pollard_rho.h: No such file or directory
   11 | #include "pollard_rho.h"
      |          ^~~~~~~~~~~~~~~
compilation terminated.
Compilation failed for test_pollard_rho.cpp
test_prefix.cpp:7:10: fatal error: prefix_slow.h: No such file or directory
    7 | #include "prefix_slow.h"
      |          ^~~~~~~~~~~~~~~
compilation terminated.
Compilation failed for test_prefix.cpp
test_pruefer_code.cpp:7:10: fatal error: pruefer_code_slow.h: No such file or directory
    7 | #include "pruefer_code_slow.h"
      |          ^~~~~~~~~~~~~~~~~~~~~
compilation terminated.
Compilation failed for test_pruefer_code.cpp
test_push_relabel.cpp:5:10: fatal error: push_relabel.h: No such file or directory
    5 | #include "push_relabel.h"
      |          ^~~~~~~~~~~~~~~~
compilation terminated.
Compilation failed for test_push_relabel.cpp
test_push_relabel_faster.cpp:4:10: fatal error: push_relabel_faster.h: No such file or directory
    4 | #include "push_relabel_faster.h"
      |          ^~~~~~~~~~~~~~~~~~~~~~~
compilation terminated.
Compilation failed for test_push_relabel_faster.cpp
test_rabin_karp.cpp:6:10: fatal error: rabin_karp.h: No such file or directory
    6 | #include "rabin_karp.h"
      |          ^~~~~~~~~~~~~~
compilation terminated.
Compilation failed for test_rabin_karp.cpp
test_rank_matrix.cpp:5:10: fatal error: matrix-rank.h: No such file or directory
    5 | #include "matrix-rank.h"
      |          ^~~~~~~~~~~~~~~
compilation terminated.
Compilation failed for test_rank_matrix.cpp
test_schedule_deadline_duration.cpp:7:10: fatal error: schedule_deadline_duration.h: No such file or directory
    7 | #include "schedule_deadline_duration.h"
      |          ^~~~~~~~~~~~~~~~~~~~~~~~~~~~~~
compilation terminated.
Compilation failed for test_schedule_deadline_duration.cpp
test_segment_tree.cpp:8:10: fatal error: segment_tree_implementation_definition.h: No such file or directory
    8 | #include "segment_tree_implementation_definition.h"
      |          ^~~~~~~~~~~~~~~~~~~~~~~~~~~~~~~~~~~~~~~~~~
compilation terminated.
Compilation failed for test_segment_tree.cpp
test_sparsetable.cpp:14:14: fatal error: sparsetable_definition.h: No such file or directory
   14 |     #include "sparsetable_definition.h"
      |              ^~~~~~~~~~~~~~~~~~~~~~~~~~
compilation terminated.
Compilation failed for test_sparsetable.cpp
test_spfa.cpp:7:10: fatal error: spfa.h: No such file or directory
    7 | #include "spfa.h"
      |          ^~~~~~~~
compilation terminated.
Compilation failed for test_spfa.cpp
test_strongly_connected_components.cpp:4:10: fatal error: strongly_connected_components.h: No such file or directory
    4 | #include "strongly_connected_components.h"
      |          ^~~~~~~~~~~~~~~~~~~~~~~~~~~~~~~~~
compilation terminated.
Compilation failed for test_strongly_connected_components.cpp
test_suffix_array.cpp:6:10: fatal error: suffix_array_sort_cyclic1.h: No such file or directory
    6 | #include "suffix_array_sort_cyclic1.h"
      |          ^~~~~~~~~~~~~~~~~~~~~~~~~~~~~
compilation terminated.
Compilation failed for test_suffix_array.cpp
test_vertical_decomposition.cpp:5:10: fatal error: triangle_union.h: No such file or directory
    5 | #include "triangle_union.h"
      |          ^~~~~~~~~~~~~~~~~~
compilation terminated.
Compilation failed for test_vertical_decomposition.cpp
./test.sh: line 5: python: command not found
tput: No value for $TERM and no -T specified
tput: No value for $TERM and no -T specified
tput: No value for $TERM and no -T specified
test_2sat.cpp:5:10: fatal error: 2sat.h: No such file or directory
    5 | #include "2sat.h"
      |          ^~~~~~~~
compilation terminated.
Running test_2sat.cpp - Compilation error on test_2sat.cpp!
test_aho_corasick.cpp:8:10: fatal error: aho_corasick_trie_definition.h: No such file or directory
    8 | #include "aho_corasick_trie_definition.h"
      |          ^~~~~~~~~~~~~~~~~~~~~~~~~~~~~~~~
compilation terminated.
Running test_aho_corasick.cpp - Compilation error on test_aho_corasick.cpp!
test_balanced_brackets.cpp:8:10: fatal error: next_balanced_brackets_sequence.h: No such file or directory
    8 | #include "next_balanced_brackets_sequence.h"
      |          ^~~~~~~~~~~~~~~~~~~~~~~~~~~~~~~~~~~
compilation terminated.
Running test_balanced_brackets.cpp - Compilation error on test_balanced_brackets.cpp!
test_bridge_searching_offline.cpp:7:10: fatal error: bridge_searching_offline.h: No such file or directory
    7 | #include "bridge_searching_offline.h"
      |          ^~~~~~~~~~~~~~~~~~~~~~~~~~~~
compilation terminated.
Running test_bridge_searching_offline.cpp - Compilation error on test_bridge_searching_offline.cpp!
test_burnside_tori.cpp:6:10: fatal error: burnside_tori.h: No such file or directory
    6 | #include "burnside_tori.h"
      |          ^~~~~~~~~~~~~~~~~
compilation terminated.
Running test_burnside_tori.cpp - Compilation error on test_burnside_tori.cpp!
test_check_segments_intersection.cpp:5:10: fatal error: check-segments-inter.h: No such file or directory
    5 | #include "check-segments-inter.h"
      |          ^~~~~~~~~~~~~~~~~~~~~~~~
compilation terminated.
Running test_check_segments_intersection.cpp - Compilation error on test_check_segments_intersection.cpp!
test_chinese_remainder_theorem.cpp:25:10: fatal error: chinese_remainder_theorem.h: No such file or directory
   25 | #include "chinese_remainder_theorem.h"
      |          ^~~~~~~~~~~~~~~~~~~~~~~~~~~~~
compilation terminated.
Running test_chinese_remainder_theorem.cpp - Compilation error on test_chinese_remainder_theorem.cpp!
test_convex_hull.cpp:8:10: fatal error: graham_scan.h: No such file or directory
    8 | #include "graham_scan.h"
      |          ^~~~~~~~~~~~~~~
compilation terminated.
Running test_convex_hull.cpp - Compilation error on test_convex_hull.cpp!
test_delaunay.cpp:5:10: fatal error: delaunay.h: No such file or directory
    5 | #include "delaunay.h"
      |          ^~~~~~~~~~~~
compilation terminated.
Running test_delaunay.cpp - Compilation error on test_delaunay.cpp!
test_desopo_pape.cpp:6:10: fatal error: desopo_pape.h: No such file or directory
    6 | #include "desopo_pape.h"
      |          ^~~~~~~~~~~~~~~
compilation terminated.
Running test_desopo_pape.cpp - Compilation error on test_desopo_pape.cpp!
test_dijkstra.cpp:6:10: fatal error: dijkstra_dense.h: No such file or directory
    6 | #include "dijkstra_dense.h"
      |          ^~~~~~~~~~~~~~~~~~
compilation terminated.
Running test_dijkstra.cpp - Compilation error on test_dijkstra.cpp!
test_dijkstra_sparse.cpp:9:10: fatal error: dijkstra_sparse_set.h: No such file or directory
    9 | #include "dijkstra_sparse_set.h"
      |          ^~~~~~~~~~~~~~~~~~~~~~~
compilation terminated.
Running test_dijkstra_sparse.cpp - Compilation error on test_dijkstra_sparse.cpp!
test_dinic.cpp:5:10: fatal error: dinic.h: No such file or directory
    5 | #include "dinic.h"
      |          ^~~~~~~~~
compilation terminated.
Running test_dinic.cpp - Compilation error on test_dinic.cpp!
test_discrete_log.cpp:22:10: fatal error: discrete_log.h: No such file or directory
   22 | #include "discrete_log.h"
      |          ^~~~~~~~~~~~~~~~
compilation terminated.
Running test_discrete_log.cpp - Compilation error on test_discrete_log.cpp!
test_divide_and_conquer_dp.cpp:7:10: fatal error: divide_and_conquer_dp.h: No such file or directory
    7 | #include "divide_and_conquer_dp.h"
      |          ^~~~~~~~~~~~~~~~~~~~~~~~~
compilation terminated.
Running test_divide_and_conquer_dp.cpp - Compilation error on test_divide_and_conquer_dp.cpp!
test_dynamic_conn.cpp:5:10: fatal error: dynamic-conn.h: No such file or directory
    5 | #include "dynamic-conn.h"
      |          ^~~~~~~~~~~~~~~~
compilation terminated.
Running test_dynamic_conn.cpp - Compilation error on test_dynamic_conn.cpp!
test_edmonds_karp.cpp:6:10: fatal error: edmondskarp.h: No such file or directory
    6 | #include "edmondskarp.h"
      |          ^~~~~~~~~~~~~~~
compilation terminated.
Running test_edmonds_karp.cpp - Compilation error on test_edmonds_karp.cpp!
test_expression_parsing.cpp:7:10: fatal error: expression_parsing_simple.h: No such file or directory
    7 | #include "expression_parsing_simple.h"
      |          ^~~~~~~~~~~~~~~~~~~~~~~~~~~~~
compilation terminated.
Running test_expression_parsing.cpp - Compilation error on test_expression_parsing.cpp!
test_extended_gcd.cpp:8:10: fatal error: extended_gcd.h: No such file or directory
    8 | #include "extended_gcd.h"
      |          ^~~~~~~~~~~~~~~~
compilation terminated.
Running test_extended_gcd.cpp - Compilation error on test_extended_gcd.cpp!
test_factorization.cpp:25:10: fatal error: ../test/factorization_trial_division1.h: No such file or directory
   25 | #include "../test/factorization_trial_division1.h"
      |          ^~~~~~~~~~~~~~~~~~~~~~~~~~~~~~~~~~~~~~~~~
compilation terminated.
Running test_factorization.cpp - Compilation error on test_factorization.cpp!
test_fenwick_tree.cpp:8:10: fatal error: fenwick_sum.h: No such file or directory
    8 | #include "fenwick_sum.h"
      |          ^~~~~~~~~~~~~~~
compilation terminated.
Running test_fenwick_tree.cpp - Compilation error on test_fenwick_tree.cpp!
test_fft.cpp:7:10: fatal error: fft_recursive.h: No such file or directory
    7 | #include "fft_recursive.h"
      |          ^~~~~~~~~~~~~~~~~
compilation terminated.
Running test_fft.cpp - Compilation error on test_fft.cpp!
test_fibonacci.cpp:6:10: fatal error: fibonacci_linear.h: No such file or directory
    6 | #include "fibonacci_linear.h"
      |          ^~~~~~~~~~~~~~~~~~~~
compilation terminated.
Running test_fibonacci.cpp - Compilation error on test_fibonacci.cpp!
test_gauss.cpp:5:10: fatal error: gauss.h: No such file or directory
    5 | #include "gauss.h"
      |          ^~~~~~~~~
compilation terminated.
Running test_gauss.cpp - Compilation error on test_gauss.cpp!
test_generate_combinations.cpp:7:10: fatal error: next_combination.h: No such file or directory
    7 | #include "next_combination.h"
      |          ^~~~~~~~~~~~~~~~~~~~
compilation terminated.
Running test_generate_combinations.cpp - Compilation error on test_generate_combinations.cpp!
test_geometry.cpp:6:10: fatal error: point2d.h: No such file or directory
    6 | #include "point2d.h"
      |          ^~~~~~~~~~~
compilation terminated.
Running test_geometry.cpp - Compilation error on test_geometry.cpp!
test_hashing.cpp:8:10: fatal error: hashing_function.h: No such file or directory
    8 | #include "hashing_function.h"
      |          ^~~~~~~~~~~~~~~~~~~~
compilation terminated.
Running test_hashing.cpp - Compilation error on test_hashing.cpp!
test_hungarian.cpp:17:14: fatal error: hungarian.h: No such file or directory
   17 |     #include "hungarian.h"
      |              ^~~~~~~~~~~~~
compilation terminated.
Running test_hungarian.cpp - Compilation error on test_hungarian.cpp!
test_johnsons_rule.cpp:6:10: fatal error: johnsons_rule.h: No such file or directory
    6 | #include "johnsons_rule.h"
      |          ^~~~~~~~~~~~~~~~~
compilation terminated.
Running test_johnsons_rule.cpp - Compilation error on test_johnsons_rule.cpp!
test_josephus.cpp:6:10: fatal error: josephus_fast0.h: No such file or directory
    6 | #include "josephus_fast0.h"
      |          ^~~~~~~~~~~~~~~~~~
compilation terminated.
Running test_josephus.cpp - Compilation error on test_josephus.cpp!
test_lca.cpp:6:10: fatal error: lca.h: No such file or directory
    6 | #include "lca.h"
      |          ^~~~~~~
compilation terminated.
Running test_lca.cpp - Compilation error on test_lca.cpp!
test_lichaotree.cpp:6:10: fatal error: lichaotree_line_definition.h: No such file or directory
    6 | #include "lichaotree_line_definition.h"
      |          ^~~~~~~~~~~~~~~~~~~~~~~~~~~~~~
compilation terminated.
Running test_lichaotree.cpp - Compilation error on test_lichaotree.cpp!
test_line_intersection.cpp:5:10: fatal error: line_intersection.h: No such file or directory
    5 | #include "line_intersection.h"
      |          ^~~~~~~~~~~~~~~~~~~~~
compilation terminated.
Running test_line_intersection.cpp - Compilation error on test_line_intersection.cpp!
test_linear_diophantine.cpp:7:10: fatal error: linear_diophantine_any.h: No such file or directory
    7 | #include "linear_diophantine_any.h"
      |          ^~~~~~~~~~~~~~~~~~~~~~~~~~
compilation terminated.
Running test_linear_diophantine.cpp - Compilation error on test_linear_diophantine.cpp!
test_lis.cpp:8:10: fatal error: lis_n2.h: No such file or directory
    8 | #include "lis_n2.h"
      |          ^~~~~~~~~~
compilation terminated.
Running test_lis.cpp - Compilation error on test_lis.cpp!
test_lyndon_factorization.cpp:6:10: fatal error: duval_algorithm.h: No such file or directory
    6 | #include "duval_algorithm.h"
      |          ^~~~~~~~~~~~~~~~~~~
compilation terminated.
Running test_lyndon_factorization.cpp - Compilation error on test_lyndon_factorization.cpp!
test_main_lorentz.cpp:8:10: fatal error: main_lorentz.h: No such file or directory
    8 | #include "main_lorentz.h"
      |          ^~~~~~~~~~~~~~~~
compilation terminated.
Running test_main_lorentz.cpp - Compilation error on test_main_lorentz.cpp!
test_manacher_odd.cpp:4:10: fatal error: manacher_odd.h: No such file or directory
    4 | #include "manacher_odd.h"
      |          ^~~~~~~~~~~~~~~~
compilation terminated.
Running test_manacher_odd.cpp - Compilation error on test_manacher_odd.cpp!
test_manhattan_mst.cpp:3:10: fatal error: manhattan_mst.h: No such file or directory
    3 | #include "manhattan_mst.h"
      |          ^~~~~~~~~~~~~~~~~
compilation terminated.
Running test_manhattan_mst.cpp - Compilation error on test_manhattan_mst.cpp!
test_mex.cpp:8:10: fatal error: mex_simple.h: No such file or directory
    8 | #include "mex_simple.h"
      |          ^~~~~~~~~~~~~~
compilation terminated.
Running test_mex.cpp - Compilation error on test_mex.cpp!
test_min_cost_flow.cpp:8:10: fatal error: min_cost_flow_successive_shortest_path.h: No such file or directory
    8 | #include "min_cost_flow_successive_shortest_path.h"
      |          ^~~~~~~~~~~~~~~~~~~~~~~~~~~~~~~~~~~~~~~~~~
compilation terminated.
Running test_min_cost_flow.cpp - Compilation error on test_min_cost_flow.cpp!
test_minkowski.cpp:5:10: fatal error: minkowski.h: No such file or directory
    5 | #include "minkowski.h"
      |          ^~~~~~~~~~~~~
compilation terminated.
Running test_minkowski.cpp - Compilation error on test_minkowski.cpp!
test_modular_inverse.cpp:8:10: fatal error: modular_inverse_euclidean_division.h: No such file or directory
    8 | #include "modular_inverse_euclidean_division.h"
      |          ^~~~~~~~~~~~~~~~~~~~~~~~~~~~~~~~~~~~~~
compilation terminated.
Running test_modular_inverse.cpp - Compilation error on test_modular_inverse.cpp!
test_mpm.cpp:5:10: fatal error: mpm.h: No such file or directory
    5 | #include "mpm.h"
      |          ^~~~~~~
compilation terminated.
Running test_mpm.cpp - Compilation error on test_mpm.cpp!
test_nearest_points.cpp:7:10: fatal error: nearest_pair_def.h: No such file or directory
    7 | #include "nearest_pair_def.h"
      |          ^~~~~~~~~~~~~~~~~~~~
compilation terminated.
Running test_nearest_points.cpp - Compilation error on test_nearest_points.cpp!
test_planar_faces.cpp:5:10: fatal error: planar.h: No such file or directory
    5 | #include "planar.h"
      |          ^~~~~~~~~~
compilation terminated.
Running test_planar_faces.cpp - Compilation error on test_planar_faces.cpp!
test_planar_implicit.cpp:9:10: fatal error: planar_implicit.h: No such file or directory
    9 | #include "planar_implicit.h"
      |          ^~~~~~~~~~~~~~~~~~~
compilation terminated.
Running test_planar_implicit.cpp - Compilation error on test_planar_implicit.cpp!
test_point_location.cpp:5:10: fatal error: point-location.h: No such file or directory
    5 | #include "point-location.h"
      |          ^~~~~~~~~~~~~~~~~~
compilation terminated.
Running test_point_location.cpp - Compilation error on test_point_location.cpp!
test_points_in_convex_polygon.cpp:4:10: fatal error: points_in_convex_polygon.h: No such file or directory
    4 | #include "points_in_convex_polygon.h"
      |          ^~~~~~~~~~~~~~~~~~~~~~~~~~~~
compilation terminated.
Running test_points_in_convex_polygon.cpp - Compilation error on test_points_in_convex_polygon.cpp!
test_pollard_rho.cpp:11:10: fatal error: pollard_rho.h: No such file or directory
   11 | #include "pollard_rho.h"
      |          ^~~~~~~~~~~~~~~
compilation terminated.
Running test_pollard_rho.cpp - Compilation error on test_pollard_rho.cpp!
test_prefix.cpp:7:10: fatal error: prefix_slow.h: No such file or directory
    7 | #include "prefix_slow.h"
      |          ^~~~~~~~~~~~~~~
compilation terminated.
Running test_prefix.cpp - Compilation error on test_prefix.cpp!
test_pruefer_code.cpp:7:10: fatal error: pruefer_code_slow.h: No such file or directory
    7 | #include "pruefer_code_slow.h"
      |          ^~~~~~~~~~~~~~~~~~~~~
compilation terminated.
Running test_pruefer_code.cpp - Compilation error on test_pruefer_code.cpp!
test_push_relabel.cpp:5:10: fatal error: push_relabel.h: No such file or directory
    5 | #include "push_relabel.h"
      |          ^~~~~~~~~~~~~~~~
compilation terminated.
Running test_push_relabel.cpp - Compilation error on test_push_relabel.cpp!
test_push_relabel_faster.cpp:4:10: fatal error: push_relabel_faster.h: No such file or directory
    4 | #include "push_relabel_faster.h"
      |          ^~~~~~~~~~~~~~~~~~~~~~~
compilation terminated.
Running test_push_relabel_faster.cpp - Compilation error on test_push_relabel_faster.cpp!
test_rabin_karp.cpp:6:10: fatal error: rabin_karp.h: No such file or directory
    6 | #include "rabin_karp.h"
      |          ^~~~~~~~~~~~~~
compilation terminated.
Running test_rabin_karp.cpp - Compilation error on test_rabin_karp.cpp!
test_rank_matrix.cpp:5:10: fatal error: matrix-rank.h: No such file or directory
    5 | #include "matrix-rank.h"
      |          ^~~~~~~~~~~~~~~
compilation terminated.
Running test_rank_matrix.cpp - Compilation error on test_rank_matrix.cpp!
test_schedule_deadline_duration.cpp:7:10: fatal error: schedule_deadline_duration.h: No such file or directory
    7 | #include "schedule_deadline_duration.h"
      |          ^~~~~~~~~~~~~~~~~~~~~~~~~~~~~~
compilation terminated.
Running test_schedule_deadline_duration.cpp - Compilation error on test_schedule_deadline_duration.cpp!
test_segment_tree.cpp:8:10: fatal error: segment_tree_implementation_definition.h: No such file or directory
    8 | #include "segment_tree_implementation_definition.h"
      |          ^~~~~~~~~~~~~~~~~~~~~~~~~~~~~~~~~~~~~~~~~~
compilation terminated.
Running test_segment_tree.cpp - Compilation error on test_segment_tree.cpp!
test_sparsetable.cpp:14:14: fatal error: sparsetable_definition.h: No such file or directory
   14 |     #include "sparsetable_definition.h"
      |              ^~~~~~~~~~~~~~~~~~~~~~~~~~
compilation terminated.
Running test_sparsetable.cpp - Compilation error on test_sparsetable.cpp!
test_spfa.cpp:7:10: fatal error: spfa.h: No such file or directory
    7 | #include "spfa.h"
      |          ^~~~~~~~
compilation terminated.
Running test_spfa.cpp - Compilation error on test_spfa.cpp!
test_strongly_connected_components.cpp:4:10: fatal error: strongly_connected_components.h: No such file or directory
    4 | #include "strongly_connected_components.h"
      |          ^~~~~~~~~~~~~~~~~~~~~~~~~~~~~~~~~
compilation terminated.
Running test_strongly_connected_components.cpp - Compilation error on test_strongly_connected_components.cpp!
test_suffix_array.cpp:6:10: fatal error: suffix_array_sort_cyclic1.h: No such file or directory
    6 | #include "suffix_array_sort_cyclic1.h"
      |          ^~~~~~~~~~~~~~~~~~~~~~~~~~~~~
compilation terminated.
Running test_suffix_array.cpp - Compilation error on test_suffix_array.cpp!
test_vertical_decomposition.cpp:5:10: fatal error: triangle_union.h: No such file or directory
    5 | #include "triangle_union.h"
      |          ^~~~~~~~~~~~~~~~~~
compilation terminated.
Running test_vertical_decomposition.cpp - Compilation error on test_vertical_decomposition.cpp!

63 FAILED, 0 PASSED in 5.43 seconds

test_2sat.cpp failed!
test_aho_corasick.cpp failed!
test_balanced_brackets.cpp failed!
test_bridge_searching_offline.cpp failed!
test_burnside_tori.cpp failed!
test_check_segments_intersection.cpp failed!
test_chinese_remainder_theorem.cpp failed!
test_convex_hull.cpp failed!
test_delaunay.cpp failed!
test_desopo_pape.cpp failed!
test_dijkstra.cpp failed!
test_dijkstra_sparse.cpp failed!
test_dinic.cpp failed!
test_discrete_log.cpp failed!
test_divide_and_conquer_dp.cpp failed!
test_dynamic_conn.cpp failed!
test_edmonds_karp.cpp failed!
test_expression_parsing.cpp failed!
test_extended_gcd.cpp failed!
test_factorization.cpp failed!
test_fenwick_tree.cpp failed!
test_fft.cpp failed!
test_fibonacci.cpp failed!
test_gauss.cpp failed!
test_generate_combinations.cpp failed!
test_geometry.cpp failed!
test_hashing.cpp failed!
test_hungarian.cpp failed!
test_johnsons_rule.cpp failed!
test_josephus.cpp failed!
test_lca.cpp failed!
test_lichaotree.cpp failed!
test_line_intersection.cpp failed!
test_linear_diophantine.cpp failed!
test_lis.cpp failed!
test_lyndon_factorization.cpp failed!
test_main_lorentz.cpp failed!
test_manacher_odd.cpp failed!
test_manhattan_mst.cpp failed!
test_mex.cpp failed!
test_min_cost_flow.cpp failed!
test_minkowski.cpp failed!
test_modular_inverse.cpp failed!
test_mpm.cpp failed!
test_nearest_points.cpp failed!
test_planar_faces.cpp failed!
test_planar_implicit.cpp failed!
test_point_location.cpp failed!
test_points_in_convex_polygon.cpp failed!
test_pollard_rho.cpp failed!
test_prefix.cpp failed!
test_pruefer_code.cpp failed!
test_push_relabel.cpp failed!
test_push_relabel_faster.cpp failed!
test_rabin_karp.cpp failed!
test_rank_matrix.cpp failed!
test_schedule_deadline_duration.cpp failed!
test_segment_tree.cpp failed!
test_sparsetable.cpp failed!
test_spfa.cpp failed!
test_strongly_connected_components.cpp failed!
test_suffix_array.cpp failed!
test_vertical_decomposition.cpp failed!
