packages/animations                      |  WARN  Unsupported engine: wanted: {"node":"^20.19.0 || ^22.12.0 || >=24.0.0"} (current: {"node":"v18.20.8","pnpm":"10.15.1"})
packages/common                          |  WARN  Unsupported engine: wanted: {"node":"^20.19.0 || ^22.12.0 || >=24.0.0"} (current: {"node":"v18.20.8","pnpm":"10.15.1"})
packages/compiler                        |  WARN  Unsupported engine: wanted: {"node":"^20.19.0 || ^22.12.0 || >=24.0.0"} (current: {"node":"v18.20.8","pnpm":"10.15.1"})
packages/compiler-cli                    |  WARN  Unsupported engine: wanted: {"node":"^20.19.0 || ^22.12.0 || >=24.0.0"} (current: {"node":"v18.20.8","pnpm":"10.15.1"})
packages/core                            |  WARN  Unsupported engine: wanted: {"node":"^20.19.0 || ^22.12.0 || >=24.0.0"} (current: {"node":"v18.20.8","pnpm":"10.15.1"})
packages/elements                        |  WARN  Unsupported engine: wanted: {"node":"^20.19.0 || ^22.12.0 || >=24.0.0"} (current: {"node":"v18.20.8","pnpm":"10.15.1"})
packages/forms                           |  WARN  Unsupported engine: wanted: {"node":"^20.19.0 || ^22.12.0 || >=24.0.0"} (current: {"node":"v18.20.8","pnpm":"10.15.1"})
packages/language-service                |  WARN  Unsupported engine: wanted: {"node":"^20.19.0 || ^22.12.0 || >=24.0.0"} (current: {"node":"v18.20.8","pnpm":"10.15.1"})
packages/localize                        |  WARN  Unsupported engine: wanted: {"node":"^20.19.0 || ^22.12.0 || >=24.0.0"} (current: {"node":"v18.20.8","pnpm":"10.15.1"})
packages/platform-browser                |  WARN  Unsupported engine: wanted: {"node":"^20.19.0 || ^22.12.0 || >=24.0.0"} (current: {"node":"v18.20.8","pnpm":"10.15.1"})
packages/platform-browser-dynamic        |  WARN  Unsupported engine: wanted: {"node":"^20.19.0 || ^22.12.0 || >=24.0.0"} (current: {"node":"v18.20.8","pnpm":"10.15.1"})
packages/platform-server                 |  WARN  Unsupported engine: wanted: {"node":"^20.19.0 || ^22.12.0 || >=24.0.0"} (current: {"node":"v18.20.8","pnpm":"10.15.1"})
packages/router                          |  WARN  Unsupported engine: wanted: {"node":"^20.19.0 || ^22.12.0 || >=24.0.0"} (current: {"node":"v18.20.8","pnpm":"10.15.1"})
packages/service-worker                  |  WARN  Unsupported engine: wanted: {"node":"^20.19.0 || ^22.12.0 || >=24.0.0"} (current: {"node":"v18.20.8","pnpm":"10.15.1"})
packages/upgrade                         |  WARN  Unsupported engine: wanted: {"node":"^20.19.0 || ^22.12.0 || >=24.0.0"} (current: {"node":"v18.20.8","pnpm":"10.15.1"})
Scope: all 25 workspace projects
Lockfile is up to date, resolution step is skipped
Progress: resolved 1, reused 0, downloaded 0, added 0
Packages: +2321
++++++++++++++++++++++++++++++++++++++++++++++++++++++++++++++++++++++++++++++++
Progress: resolved 2321, reused 0, downloaded 0, added 0
Progress: resolved 2321, reused 0, downloaded 59, added 58
Progress: resolved 2321, reused 0, downloaded 149, added 150
Progress: resolved 2321, reused 0, downloaded 440, added 266
Progress: resolved 2321, reused 0, downloaded 1021, added 467
Progress: resolved 2321, reused 0, downloaded 1526, added 703
Progress: resolved 2321, reused 0, downloaded 2049, added 1478
Packages are hard linked from the content-addressable store to the virtual store.
  Content-addressable store is at: /root/.local/share/pnpm/store/v10
  Virtual store is at:             node_modules/.pnpm
Progress: resolved 2321, reused 0, downloaded 2277, added 1992
Progress: resolved 2321, reused 0, downloaded 2279, added 2320
Progress: resolved 2321, reused 0, downloaded 2280, added 2321, done
 WARN  Failed to create bin at /app/node_modules/.pnpm/@angular-devkit+build-angular@21.0.0-next.1_@angular+ssr@21.0.0-next.1_@types+node@24.3_c9e1a353d1cc142ccabb02f7d69613ab/node_modules/@angular-devkit/build-angular/node_modules/.bin/ngc. ENOENT: no such file or directory, open '/app/node_modules/.pnpm/@angular-devkit+build-angular@21.0.0-next.1_@angular+ssr@21.0.0-next.1_@types+node@24.3_c9e1a353d1cc142ccabb02f7d69613ab/node_modules/@angular/compiler-cli/bundles/src/bin/ngc.js'
 WARN  Failed to create bin at /app/node_modules/.pnpm/@angular-devkit+build-angular@21.0.0-next.1_@angular+ssr@21.0.0-next.1_@types+node@24.3_c9e1a353d1cc142ccabb02f7d69613ab/node_modules/@angular-devkit/build-angular/node_modules/.bin/ng-xi18n. ENOENT: no such file or directory, open '/app/node_modules/.pnpm/@angular-devkit+build-angular@21.0.0-next.1_@angular+ssr@21.0.0-next.1_@types+node@24.3_c9e1a353d1cc142ccabb02f7d69613ab/node_modules/@angular/compiler-cli/bundles/src/bin/ng_xi18n.js'
 WARN  Failed to create bin at /app/node_modules/.pnpm/@angular-devkit+build-angular@21.0.0-next.1_@angular+ssr@21.0.0-next.1_@types+node@24.3_c9e1a353d1cc142ccabb02f7d69613ab/node_modules/@angular-devkit/build-angular/node_modules/.bin/localize-translate. ENOENT: no such file or directory, open '/app/node_modules/.pnpm/@angular-devkit+build-angular@21.0.0-next.1_@angular+ssr@21.0.0-next.1_@types+node@24.3_c9e1a353d1cc142ccabb02f7d69613ab/node_modules/@angular/localize/tools/bundles/src/translate/cli.js'
 WARN  Failed to create bin at /app/node_modules/.pnpm/@angular-devkit+build-angular@21.0.0-next.1_@angular+ssr@21.0.0-next.1_@types+node@24.3_c9e1a353d1cc142ccabb02f7d69613ab/node_modules/@angular-devkit/build-angular/node_modules/.bin/localize-extract. ENOENT: no such file or directory, open '/app/node_modules/.pnpm/@angular-devkit+build-angular@21.0.0-next.1_@angular+ssr@21.0.0-next.1_@types+node@24.3_c9e1a353d1cc142ccabb02f7d69613ab/node_modules/@angular/localize/tools/bundles/src/extract/cli.js'
 WARN  Failed to create bin at /app/node_modules/.pnpm/@angular-devkit+build-angular@21.0.0-next.1_@angular+ssr@21.0.0-next.1_@types+node@24.3_c9e1a353d1cc142ccabb02f7d69613ab/node_modules/@angular-devkit/build-angular/node_modules/.bin/localize-migrate. ENOENT: no such file or directory, open '/app/node_modules/.pnpm/@angular-devkit+build-angular@21.0.0-next.1_@angular+ssr@21.0.0-next.1_@types+node@24.3_c9e1a353d1cc142ccabb02f7d69613ab/node_modules/@angular/localize/tools/bundles/src/migrate/cli.js'
 WARN  Failed to create bin at /app/node_modules/.pnpm/@angular-devkit+build-angular@21.0.0-next.1_@angular+ssr@21.0.0-next.1_@types+node@24.3_c9e1a353d1cc142ccabb02f7d69613ab/node_modules/@angular-devkit/build-angular/node_modules/.bin/ngsw-config. ENOENT: no such file or directory, open '/app/node_modules/.pnpm/@angular-devkit+build-angular@21.0.0-next.1_@angular+ssr@21.0.0-next.1_@types+node@24.3_c9e1a353d1cc142ccabb02f7d69613ab/node_modules/@angular/service-worker/ngsw-config.js'
 WARN  Failed to create bin at /app/node_modules/.pnpm/@angular+build@21.0.0-next.1_patch_hash=b8e52088ccbe9b635571913e01d7ec761946ddc95d048d0_2ca71ea274b9d017d05d78c73e23f15a/node_modules/@angular/build/node_modules/.bin/ngc. ENOENT: no such file or directory, open '/app/node_modules/.pnpm/@angular+build@21.0.0-next.1_patch_hash=b8e52088ccbe9b635571913e01d7ec761946ddc95d048d0_2ca71ea274b9d017d05d78c73e23f15a/node_modules/@angular/compiler-cli/bundles/src/bin/ngc.js'
 WARN  Failed to create bin at /app/node_modules/.pnpm/@angular+build@21.0.0-next.1_patch_hash=b8e52088ccbe9b635571913e01d7ec761946ddc95d048d0_2ca71ea274b9d017d05d78c73e23f15a/node_modules/@angular/build/node_modules/.bin/ng-xi18n. ENOENT: no such file or directory, open '/app/node_modules/.pnpm/@angular+build@21.0.0-next.1_patch_hash=b8e52088ccbe9b635571913e01d7ec761946ddc95d048d0_2ca71ea274b9d017d05d78c73e23f15a/node_modules/@angular/compiler-cli/bundles/src/bin/ng_xi18n.js'
 WARN  Failed to create bin at /app/node_modules/.pnpm/@angular+build@21.0.0-next.1_patch_hash=b8e52088ccbe9b635571913e01d7ec761946ddc95d048d0_2ca71ea274b9d017d05d78c73e23f15a/node_modules/@angular/build/node_modules/.bin/localize-translate. ENOENT: no such file or directory, open '/app/node_modules/.pnpm/@angular+build@21.0.0-next.1_patch_hash=b8e52088ccbe9b635571913e01d7ec761946ddc95d048d0_2ca71ea274b9d017d05d78c73e23f15a/node_modules/@angular/localize/tools/bundles/src/translate/cli.js'
 WARN  Failed to create bin at /app/node_modules/.pnpm/@angular+build@21.0.0-next.1_patch_hash=b8e52088ccbe9b635571913e01d7ec761946ddc95d048d0_2ca71ea274b9d017d05d78c73e23f15a/node_modules/@angular/build/node_modules/.bin/localize-extract. ENOENT: no such file or directory, open '/app/node_modules/.pnpm/@angular+build@21.0.0-next.1_patch_hash=b8e52088ccbe9b635571913e01d7ec761946ddc95d048d0_2ca71ea274b9d017d05d78c73e23f15a/node_modules/@angular/localize/tools/bundles/src/extract/cli.js'
 WARN  Failed to create bin at /app/node_modules/.pnpm/@angular+build@21.0.0-next.1_patch_hash=b8e52088ccbe9b635571913e01d7ec761946ddc95d048d0_2ca71ea274b9d017d05d78c73e23f15a/node_modules/@angular/build/node_modules/.bin/localize-migrate. ENOENT: no such file or directory, open '/app/node_modules/.pnpm/@angular+build@21.0.0-next.1_patch_hash=b8e52088ccbe9b635571913e01d7ec761946ddc95d048d0_2ca71ea274b9d017d05d78c73e23f15a/node_modules/@angular/localize/tools/bundles/src/migrate/cli.js'
 WARN  Failed to create bin at /app/node_modules/.pnpm/@angular+build@21.0.0-next.1_patch_hash=b8e52088ccbe9b635571913e01d7ec761946ddc95d048d0_2ca71ea274b9d017d05d78c73e23f15a/node_modules/@angular/build/node_modules/.bin/ngsw-config. ENOENT: no such file or directory, open '/app/node_modules/.pnpm/@angular+build@21.0.0-next.1_patch_hash=b8e52088ccbe9b635571913e01d7ec761946ddc95d048d0_2ca71ea274b9d017d05d78c73e23f15a/node_modules/@angular/service-worker/ngsw-config.js'
 WARN  Failed to create bin at /app/node_modules/.pnpm/@ngtools+webpack@21.0.0-next.1_typescript@5.9.2_webpack@5.101.3_esbuild@0.25.9_/node_modules/@ngtools/webpack/node_modules/.bin/ngc. ENOENT: no such file or directory, open '/app/node_modules/.pnpm/@ngtools+webpack@21.0.0-next.1_typescript@5.9.2_webpack@5.101.3_esbuild@0.25.9_/node_modules/@angular/compiler-cli/bundles/src/bin/ngc.js'
 WARN  Failed to create bin at /app/node_modules/.pnpm/@ngtools+webpack@21.0.0-next.1_typescript@5.9.2_webpack@5.101.3_esbuild@0.25.9_/node_modules/@ngtools/webpack/node_modules/.bin/ng-xi18n. ENOENT: no such file or directory, open '/app/node_modules/.pnpm/@ngtools+webpack@21.0.0-next.1_typescript@5.9.2_webpack@5.101.3_esbuild@0.25.9_/node_modules/@angular/compiler-cli/bundles/src/bin/ng_xi18n.js'
 WARN  Failed to create bin at /app/node_modules/.pnpm/@angular+build@21.0.0-next.1_patch_hash=b8e52088ccbe9b635571913e01d7ec761946ddc95d048d0_e5d2c643080f338b887243ef05fbfa02/node_modules/@angular/build/node_modules/.bin/ngc. ENOENT: no such file or directory, open '/app/node_modules/.pnpm/@angular+build@21.0.0-next.1_patch_hash=b8e52088ccbe9b635571913e01d7ec761946ddc95d048d0_e5d2c643080f338b887243ef05fbfa02/node_modules/@angular/compiler-cli/bundles/src/bin/ngc.js'
 WARN  Failed to create bin at /app/node_modules/.pnpm/@angular+build@21.0.0-next.1_patch_hash=b8e52088ccbe9b635571913e01d7ec761946ddc95d048d0_e5d2c643080f338b887243ef05fbfa02/node_modules/@angular/build/node_modules/.bin/ng-xi18n. ENOENT: no such file or directory, open '/app/node_modules/.pnpm/@angular+build@21.0.0-next.1_patch_hash=b8e52088ccbe9b635571913e01d7ec761946ddc95d048d0_e5d2c643080f338b887243ef05fbfa02/node_modules/@angular/compiler-cli/bundles/src/bin/ng_xi18n.js'
 WARN  Failed to create bin at /app/node_modules/.pnpm/@angular+build@21.0.0-next.1_patch_hash=b8e52088ccbe9b635571913e01d7ec761946ddc95d048d0_e5d2c643080f338b887243ef05fbfa02/node_modules/@angular/build/node_modules/.bin/localize-translate. ENOENT: no such file or directory, open '/app/node_modules/.pnpm/@angular+build@21.0.0-next.1_patch_hash=b8e52088ccbe9b635571913e01d7ec761946ddc95d048d0_e5d2c643080f338b887243ef05fbfa02/node_modules/@angular/localize/tools/bundles/src/translate/cli.js'
 WARN  Failed to create bin at /app/node_modules/.pnpm/@angular+build@21.0.0-next.1_patch_hash=b8e52088ccbe9b635571913e01d7ec761946ddc95d048d0_e5d2c643080f338b887243ef05fbfa02/node_modules/@angular/build/node_modules/.bin/localize-extract. ENOENT: no such file or directory, open '/app/node_modules/.pnpm/@angular+build@21.0.0-next.1_patch_hash=b8e52088ccbe9b635571913e01d7ec761946ddc95d048d0_e5d2c643080f338b887243ef05fbfa02/node_modules/@angular/localize/tools/bundles/src/extract/cli.js'
 WARN  Failed to create bin at /app/node_modules/.pnpm/@angular+build@21.0.0-next.1_patch_hash=b8e52088ccbe9b635571913e01d7ec761946ddc95d048d0_e5d2c643080f338b887243ef05fbfa02/node_modules/@angular/build/node_modules/.bin/localize-migrate. ENOENT: no such file or directory, open '/app/node_modules/.pnpm/@angular+build@21.0.0-next.1_patch_hash=b8e52088ccbe9b635571913e01d7ec761946ddc95d048d0_e5d2c643080f338b887243ef05fbfa02/node_modules/@angular/localize/tools/bundles/src/migrate/cli.js'
 WARN  Failed to create bin at /app/node_modules/.pnpm/@angular+build@21.0.0-next.1_patch_hash=b8e52088ccbe9b635571913e01d7ec761946ddc95d048d0_e5d2c643080f338b887243ef05fbfa02/node_modules/@angular/build/node_modules/.bin/ngsw-config. ENOENT: no such file or directory, open '/app/node_modules/.pnpm/@angular+build@21.0.0-next.1_patch_hash=b8e52088ccbe9b635571913e01d7ec761946ddc95d048d0_e5d2c643080f338b887243ef05fbfa02/node_modules/@angular/service-worker/ngsw-config.js'
 WARN  Failed to create bin at /app/node_modules/.pnpm/@angular+build@21.0.0-next.1_patch_hash=b8e52088ccbe9b635571913e01d7ec761946ddc95d048d0_ac32411dab610ffaede627b0725053d8/node_modules/@angular/build/node_modules/.bin/ngc. ENOENT: no such file or directory, open '/app/node_modules/.pnpm/@angular+build@21.0.0-next.1_patch_hash=b8e52088ccbe9b635571913e01d7ec761946ddc95d048d0_ac32411dab610ffaede627b0725053d8/node_modules/@angular/compiler-cli/bundles/src/bin/ngc.js'
 WARN  Failed to create bin at /app/node_modules/.pnpm/@angular+build@21.0.0-next.1_patch_hash=b8e52088ccbe9b635571913e01d7ec761946ddc95d048d0_ac32411dab610ffaede627b0725053d8/node_modules/@angular/build/node_modules/.bin/ng-xi18n. ENOENT: no such file or directory, open '/app/node_modules/.pnpm/@angular+build@21.0.0-next.1_patch_hash=b8e52088ccbe9b635571913e01d7ec761946ddc95d048d0_ac32411dab610ffaede627b0725053d8/node_modules/@angular/compiler-cli/bundles/src/bin/ng_xi18n.js'
 WARN  Failed to create bin at /app/node_modules/.pnpm/@angular+build@21.0.0-next.1_patch_hash=b8e52088ccbe9b635571913e01d7ec761946ddc95d048d0_ac32411dab610ffaede627b0725053d8/node_modules/@angular/build/node_modules/.bin/localize-translate. ENOENT: no such file or directory, open '/app/node_modules/.pnpm/@angular+build@21.0.0-next.1_patch_hash=b8e52088ccbe9b635571913e01d7ec761946ddc95d048d0_ac32411dab610ffaede627b0725053d8/node_modules/@angular/localize/tools/bundles/src/translate/cli.js'
 WARN  Failed to create bin at /app/node_modules/.pnpm/@angular+build@21.0.0-next.1_patch_hash=b8e52088ccbe9b635571913e01d7ec761946ddc95d048d0_ac32411dab610ffaede627b0725053d8/node_modules/@angular/build/node_modules/.bin/localize-extract. ENOENT: no such file or directory, open '/app/node_modules/.pnpm/@angular+build@21.0.0-next.1_patch_hash=b8e52088ccbe9b635571913e01d7ec761946ddc95d048d0_ac32411dab610ffaede627b0725053d8/node_modules/@angular/localize/tools/bundles/src/extract/cli.js'
 WARN  Failed to create bin at /app/node_modules/.pnpm/@angular+build@21.0.0-next.1_patch_hash=b8e52088ccbe9b635571913e01d7ec761946ddc95d048d0_ac32411dab610ffaede627b0725053d8/node_modules/@angular/build/node_modules/.bin/localize-migrate. ENOENT: no such file or directory, open '/app/node_modules/.pnpm/@angular+build@21.0.0-next.1_patch_hash=b8e52088ccbe9b635571913e01d7ec761946ddc95d048d0_ac32411dab610ffaede627b0725053d8/node_modules/@angular/localize/tools/bundles/src/migrate/cli.js'
 WARN  Failed to create bin at /app/node_modules/.pnpm/@angular+build@21.0.0-next.1_patch_hash=b8e52088ccbe9b635571913e01d7ec761946ddc95d048d0_ac32411dab610ffaede627b0725053d8/node_modules/@angular/build/node_modules/.bin/ngsw-config. ENOENT: no such file or directory, open '/app/node_modules/.pnpm/@angular+build@21.0.0-next.1_patch_hash=b8e52088ccbe9b635571913e01d7ec761946ddc95d048d0_ac32411dab610ffaede627b0725053d8/node_modules/@angular/service-worker/ngsw-config.js'
 WARN  Failed to create bin at /app/node_modules/.pnpm/@angular-devkit+build-angular@21.0.0-next.1_@angular+ssr@21.0.0-next.1_@types+node@18.1_628a6c265c98829b97417e359137a6d4/node_modules/@angular-devkit/build-angular/node_modules/.bin/ngc. ENOENT: no such file or directory, open '/app/node_modules/.pnpm/@angular-devkit+build-angular@21.0.0-next.1_@angular+ssr@21.0.0-next.1_@types+node@18.1_628a6c265c98829b97417e359137a6d4/node_modules/@angular/compiler-cli/bundles/src/bin/ngc.js'
 WARN  Failed to create bin at /app/node_modules/.pnpm/@angular-devkit+build-angular@21.0.0-next.1_@angular+ssr@21.0.0-next.1_@types+node@18.1_628a6c265c98829b97417e359137a6d4/node_modules/@angular-devkit/build-angular/node_modules/.bin/ng-xi18n. ENOENT: no such file or directory, open '/app/node_modules/.pnpm/@angular-devkit+build-angular@21.0.0-next.1_@angular+ssr@21.0.0-next.1_@types+node@18.1_628a6c265c98829b97417e359137a6d4/node_modules/@angular/compiler-cli/bundles/src/bin/ng_xi18n.js'
 WARN  Failed to create bin at /app/node_modules/.pnpm/@angular-devkit+build-angular@21.0.0-next.1_@angular+ssr@21.0.0-next.1_@types+node@18.1_628a6c265c98829b97417e359137a6d4/node_modules/@angular-devkit/build-angular/node_modules/.bin/localize-translate. ENOENT: no such file or directory, open '/app/node_modules/.pnpm/@angular-devkit+build-angular@21.0.0-next.1_@angular+ssr@21.0.0-next.1_@types+node@18.1_628a6c265c98829b97417e359137a6d4/node_modules/@angular/localize/tools/bundles/src/translate/cli.js'
 WARN  Failed to create bin at /app/node_modules/.pnpm/@angular-devkit+build-angular@21.0.0-next.1_@angular+ssr@21.0.0-next.1_@types+node@18.1_628a6c265c98829b97417e359137a6d4/node_modules/@angular-devkit/build-angular/node_modules/.bin/localize-extract. ENOENT: no such file or directory, open '/app/node_modules/.pnpm/@angular-devkit+build-angular@21.0.0-next.1_@angular+ssr@21.0.0-next.1_@types+node@18.1_628a6c265c98829b97417e359137a6d4/node_modules/@angular/localize/tools/bundles/src/extract/cli.js'
 WARN  Failed to create bin at /app/node_modules/.pnpm/@angular-devkit+build-angular@21.0.0-next.1_@angular+ssr@21.0.0-next.1_@types+node@18.1_628a6c265c98829b97417e359137a6d4/node_modules/@angular-devkit/build-angular/node_modules/.bin/localize-migrate. ENOENT: no such file or directory, open '/app/node_modules/.pnpm/@angular-devkit+build-angular@21.0.0-next.1_@angular+ssr@21.0.0-next.1_@types+node@18.1_628a6c265c98829b97417e359137a6d4/node_modules/@angular/localize/tools/bundles/src/migrate/cli.js'
 WARN  Failed to create bin at /app/node_modules/.pnpm/@angular-devkit+build-angular@21.0.0-next.1_@angular+ssr@21.0.0-next.1_@types+node@18.1_628a6c265c98829b97417e359137a6d4/node_modules/@angular-devkit/build-angular/node_modules/.bin/ngsw-config. ENOENT: no such file or directory, open '/app/node_modules/.pnpm/@angular-devkit+build-angular@21.0.0-next.1_@angular+ssr@21.0.0-next.1_@types+node@18.1_628a6c265c98829b97417e359137a6d4/node_modules/@angular/service-worker/ngsw-config.js'
 WARN  Failed to create bin at /app/node_modules/.pnpm/@angular+build@21.0.0-next.1_patch_hash=b8e52088ccbe9b635571913e01d7ec761946ddc95d048d0_45cc1a694845444804f07eb4c7fa2770/node_modules/@angular/build/node_modules/.bin/ngc. ENOENT: no such file or directory, open '/app/node_modules/.pnpm/@angular+build@21.0.0-next.1_patch_hash=b8e52088ccbe9b635571913e01d7ec761946ddc95d048d0_45cc1a694845444804f07eb4c7fa2770/node_modules/@angular/compiler-cli/bundles/src/bin/ngc.js'
 WARN  Failed to create bin at /app/node_modules/.pnpm/@angular+build@21.0.0-next.1_patch_hash=b8e52088ccbe9b635571913e01d7ec761946ddc95d048d0_45cc1a694845444804f07eb4c7fa2770/node_modules/@angular/build/node_modules/.bin/ng-xi18n. ENOENT: no such file or directory, open '/app/node_modules/.pnpm/@angular+build@21.0.0-next.1_patch_hash=b8e52088ccbe9b635571913e01d7ec761946ddc95d048d0_45cc1a694845444804f07eb4c7fa2770/node_modules/@angular/compiler-cli/bundles/src/bin/ng_xi18n.js'
 WARN  Failed to create bin at /app/node_modules/.pnpm/@angular+build@21.0.0-next.1_patch_hash=b8e52088ccbe9b635571913e01d7ec761946ddc95d048d0_45cc1a694845444804f07eb4c7fa2770/node_modules/@angular/build/node_modules/.bin/localize-translate. ENOENT: no such file or directory, open '/app/node_modules/.pnpm/@angular+build@21.0.0-next.1_patch_hash=b8e52088ccbe9b635571913e01d7ec761946ddc95d048d0_45cc1a694845444804f07eb4c7fa2770/node_modules/@angular/localize/tools/bundles/src/translate/cli.js'
 WARN  Failed to create bin at /app/node_modules/.pnpm/@angular+build@21.0.0-next.1_patch_hash=b8e52088ccbe9b635571913e01d7ec761946ddc95d048d0_45cc1a694845444804f07eb4c7fa2770/node_modules/@angular/build/node_modules/.bin/localize-extract. ENOENT: no such file or directory, open '/app/node_modules/.pnpm/@angular+build@21.0.0-next.1_patch_hash=b8e52088ccbe9b635571913e01d7ec761946ddc95d048d0_45cc1a694845444804f07eb4c7fa2770/node_modules/@angular/localize/tools/bundles/src/extract/cli.js'
 WARN  Failed to create bin at /app/node_modules/.pnpm/@angular+build@21.0.0-next.1_patch_hash=b8e52088ccbe9b635571913e01d7ec761946ddc95d048d0_45cc1a694845444804f07eb4c7fa2770/node_modules/@angular/build/node_modules/.bin/localize-migrate. ENOENT: no such file or directory, open '/app/node_modules/.pnpm/@angular+build@21.0.0-next.1_patch_hash=b8e52088ccbe9b635571913e01d7ec761946ddc95d048d0_45cc1a694845444804f07eb4c7fa2770/node_modules/@angular/localize/tools/bundles/src/migrate/cli.js'
 WARN  Failed to create bin at /app/node_modules/.pnpm/@angular+build@21.0.0-next.1_patch_hash=b8e52088ccbe9b635571913e01d7ec761946ddc95d048d0_45cc1a694845444804f07eb4c7fa2770/node_modules/@angular/build/node_modules/.bin/ngsw-config. ENOENT: no such file or directory, open '/app/node_modules/.pnpm/@angular+build@21.0.0-next.1_patch_hash=b8e52088ccbe9b635571913e01d7ec761946ddc95d048d0_45cc1a694845444804f07eb4c7fa2770/node_modules/@angular/service-worker/ngsw-config.js'
 WARN  Failed to create bin at /app/node_modules/.pnpm/@nginfra+angular-linking@1.0.10/node_modules/@nginfra/angular-linking/node_modules/.bin/ngc. ENOENT: no such file or directory, open '/app/node_modules/.pnpm/@nginfra+angular-linking@1.0.10/node_modules/@angular/compiler-cli/bundles/src/bin/ngc.js'
 WARN  Failed to create bin at /app/node_modules/.pnpm/@nginfra+angular-linking@1.0.10/node_modules/@nginfra/angular-linking/node_modules/.bin/ng-xi18n. ENOENT: no such file or directory, open '/app/node_modules/.pnpm/@nginfra+angular-linking@1.0.10/node_modules/@angular/compiler-cli/bundles/src/bin/ng_xi18n.js'
.../cypress@15.0.0/node_modules/cypress postinstall$ node index.js --exec install
.../cypress@15.0.0/node_modules/cypress postinstall: Installing Cypress (version: 15.0.0)
.../cypress@15.0.0/node_modules/cypress postinstall: [STARTED] Task without title.
.../cypress@15.0.0/node_modules/cypress postinstall: [TITLE]  Downloading Cypress      0% 0s
.../cypress@15.0.0/node_modules/cypress postinstall: [TITLE]  Downloading Cypress      3% 3s
.../cypress@15.0.0/node_modules/cypress postinstall: [TITLE]  Downloading Cypress      8% 2s
.../cypress@15.0.0/node_modules/cypress postinstall: [TITLE]  Downloading Cypress      13% 2s
.../cypress@15.0.0/node_modules/cypress postinstall: [TITLE]  Downloading Cypress      18% 2s
.../cypress@15.0.0/node_modules/cypress postinstall: [TITLE]  Downloading Cypress      23% 2s
.../cypress@15.0.0/node_modules/cypress postinstall: [TITLE]  Downloading Cypress      29% 1s
.../cypress@15.0.0/node_modules/cypress postinstall: [TITLE]  Downloading Cypress      33% 1s
.../cypress@15.0.0/node_modules/cypress postinstall: [TITLE]  Downloading Cypress      39% 1s
.../cypress@15.0.0/node_modules/cypress postinstall: [TITLE]  Downloading Cypress      44% 1s
.../cypress@15.0.0/node_modules/cypress postinstall: [TITLE]  Downloading Cypress      50% 1s
.../cypress@15.0.0/node_modules/cypress postinstall: [TITLE]  Downloading Cypress      54% 1s
.../cypress@15.0.0/node_modules/cypress postinstall: [TITLE]  Downloading Cypress      60% 1s
.../cypress@15.0.0/node_modules/cypress postinstall: [TITLE]  Downloading Cypress      65% 1s
.../cypress@15.0.0/node_modules/cypress postinstall: [TITLE]  Downloading Cypress      70% 1s
.../cypress@15.0.0/node_modules/cypress postinstall: [TITLE]  Downloading Cypress      75% 0s
.../cypress@15.0.0/node_modules/cypress postinstall: [TITLE]  Downloading Cypress      80% 0s
.../cypress@15.0.0/node_modules/cypress postinstall: [TITLE]  Downloading Cypress      85% 0s
.../cypress@15.0.0/node_modules/cypress postinstall: [TITLE]  Downloading Cypress      90% 0s
.../cypress@15.0.0/node_modules/cypress postinstall: [TITLE]  Downloading Cypress      96% 0s
.../cypress@15.0.0/node_modules/cypress postinstall: [TITLE]  Downloaded Cypress
.../cypress@15.0.0/node_modules/cypress postinstall: [SUCCESS]  Downloaded Cypress
.../cypress@15.0.0/node_modules/cypress postinstall: [STARTED] Task without title.
.../cypress@15.0.0/node_modules/cypress postinstall: [TITLE]  Unzipping Cypress        0% 0s
.../cypress@15.0.0/node_modules/cypress postinstall: [TITLE]  Unzipping Cypress        1% 4s
.../cypress@15.0.0/node_modules/cypress postinstall: [TITLE]  Unzipping Cypress        1% 5s
.../cypress@15.0.0/node_modules/cypress postinstall: [TITLE]  Unzipping Cypress        1% 6s
.../cypress@15.0.0/node_modules/cypress postinstall: [TITLE]  Unzipping Cypress        1% 7s
.../cypress@15.0.0/node_modules/cypress postinstall: [TITLE]  Unzipping Cypress        2% 4s
.../cypress@15.0.0/node_modules/cypress postinstall: [TITLE]  Unzipping Cypress        2% 5s
.../cypress@15.0.0/node_modules/cypress postinstall: [TITLE]  Unzipping Cypress        2% 6s
.../cypress@15.0.0/node_modules/cypress postinstall: [TITLE]  Unzipping Cypress        3% 4s
.../cypress@15.0.0/node_modules/cypress postinstall: [TITLE]  Unzipping Cypress        3% 5s
.../cypress@15.0.0/node_modules/cypress postinstall: [TITLE]  Unzipping Cypress        3% 6s
.../cypress@15.0.0/node_modules/cypress postinstall: [TITLE]  Unzipping Cypress        4% 4s
.../cypress@15.0.0/node_modules/cypress postinstall: [TITLE]  Unzipping Cypress        4% 5s
.../cypress@15.0.0/node_modules/cypress postinstall: [TITLE]  Unzipping Cypress        5% 4s
.../cypress@15.0.0/node_modules/cypress postinstall: [TITLE]  Unzipping Cypress        5% 5s
.../cypress@15.0.0/node_modules/cypress postinstall: [TITLE]  Unzipping Cypress        6% 4s
.../cypress@15.0.0/node_modules/cypress postinstall: [TITLE]  Unzipping Cypress        7% 4s
.../cypress@15.0.0/node_modules/cypress postinstall: [TITLE]  Unzipping Cypress        8% 3s
.../cypress@15.0.0/node_modules/cypress postinstall: [TITLE]  Unzipping Cypress        8% 4s
.../cypress@15.0.0/node_modules/cypress postinstall: [TITLE]  Unzipping Cypress        9% 3s
.../cypress@15.0.0/node_modules/cypress postinstall: [TITLE]  Unzipping Cypress        9% 4s
.../cypress@15.0.0/node_modules/cypress postinstall: [TITLE]  Unzipping Cypress        10% 3s
.../cypress@15.0.0/node_modules/cypress postinstall: [TITLE]  Unzipping Cypress        11% 3s
.../cypress@15.0.0/node_modules/cypress postinstall: [TITLE]  Unzipping Cypress        12% 3s
.../cypress@15.0.0/node_modules/cypress postinstall: [TITLE]  Unzipping Cypress        13% 3s
.../cypress@15.0.0/node_modules/cypress postinstall: [TITLE]  Unzipping Cypress        14% 3s
.../cypress@15.0.0/node_modules/cypress postinstall: [TITLE]  Unzipping Cypress        15% 3s
.../cypress@15.0.0/node_modules/cypress postinstall: [TITLE]  Unzipping Cypress        16% 3s
.../cypress@15.0.0/node_modules/cypress postinstall: [TITLE]  Unzipping Cypress        17% 3s
.../cypress@15.0.0/node_modules/cypress postinstall: [TITLE]  Unzipping Cypress        18% 3s
.../cypress@15.0.0/node_modules/cypress postinstall: [TITLE]  Unzipping Cypress        19% 3s
.../cypress@15.0.0/node_modules/cypress postinstall: [TITLE]  Unzipping Cypress        20% 3s
.../cypress@15.0.0/node_modules/cypress postinstall: [TITLE]  Unzipping Cypress        21% 3s
.../cypress@15.0.0/node_modules/cypress postinstall: [TITLE]  Unzipping Cypress        22% 3s
.../cypress@15.0.0/node_modules/cypress postinstall: [TITLE]  Unzipping Cypress        23% 2s
.../cypress@15.0.0/node_modules/cypress postinstall: [TITLE]  Unzipping Cypress        23% 3s
.../cypress@15.0.0/node_modules/cypress postinstall: [TITLE]  Unzipping Cypress        24% 2s
.../cypress@15.0.0/node_modules/cypress postinstall: [TITLE]  Unzipping Cypress        25% 2s
.../cypress@15.0.0/node_modules/cypress postinstall: [TITLE]  Unzipping Cypress        26% 2s
.../cypress@15.0.0/node_modules/cypress postinstall: [TITLE]  Unzipping Cypress        27% 2s
.../cypress@15.0.0/node_modules/cypress postinstall: [TITLE]  Unzipping Cypress        28% 2s
.../cypress@15.0.0/node_modules/cypress postinstall: [TITLE]  Unzipping Cypress        29% 2s
.../cypress@15.0.0/node_modules/cypress postinstall: [TITLE]  Unzipping Cypress        30% 2s
.../cypress@15.0.0/node_modules/cypress postinstall: [TITLE]  Unzipping Cypress        31% 2s
.../cypress@15.0.0/node_modules/cypress postinstall: [TITLE]  Unzipping Cypress        32% 2s
.../cypress@15.0.0/node_modules/cypress postinstall: [TITLE]  Unzipping Cypress        33% 2s
.../cypress@15.0.0/node_modules/cypress postinstall: [TITLE]  Unzipping Cypress        34% 2s
.../cypress@15.0.0/node_modules/cypress postinstall: [TITLE]  Unzipping Cypress        35% 2s
.../cypress@15.0.0/node_modules/cypress postinstall: [TITLE]  Unzipping Cypress        36% 2s
.../cypress@15.0.0/node_modules/cypress postinstall: [TITLE]  Unzipping Cypress        37% 2s
.../cypress@15.0.0/node_modules/cypress postinstall: [TITLE]  Unzipping Cypress        38% 2s
.../cypress@15.0.0/node_modules/cypress postinstall: [TITLE]  Unzipping Cypress        39% 2s
.../cypress@15.0.0/node_modules/cypress postinstall: [TITLE]  Unzipping Cypress        40% 2s
.../cypress@15.0.0/node_modules/cypress postinstall: [TITLE]  Unzipping Cypress        41% 2s
.../cypress@15.0.0/node_modules/cypress postinstall: [TITLE]  Unzipping Cypress        42% 2s
.../cypress@15.0.0/node_modules/cypress postinstall: [TITLE]  Unzipping Cypress        43% 2s
.../cypress@15.0.0/node_modules/cypress postinstall: [TITLE]  Unzipping Cypress        44% 2s
.../cypress@15.0.0/node_modules/cypress postinstall: [TITLE]  Unzipping Cypress        45% 2s
.../cypress@15.0.0/node_modules/cypress postinstall: [TITLE]  Unzipping Cypress        46% 2s
.../cypress@15.0.0/node_modules/cypress postinstall: [TITLE]  Unzipping Cypress        47% 2s
.../cypress@15.0.0/node_modules/cypress postinstall: [TITLE]  Unzipping Cypress        48% 2s
.../cypress@15.0.0/node_modules/cypress postinstall: [TITLE]  Unzipping Cypress        49% 2s
.../cypress@15.0.0/node_modules/cypress postinstall: [TITLE]  Unzipping Cypress        50% 2s
.../cypress@15.0.0/node_modules/cypress postinstall: [TITLE]  Unzipping Cypress        51% 1s
.../cypress@15.0.0/node_modules/cypress postinstall: [TITLE]  Unzipping Cypress        51% 2s
.../cypress@15.0.0/node_modules/cypress postinstall: [TITLE]  Unzipping Cypress        52% 1s
.../cypress@15.0.0/node_modules/cypress postinstall: [TITLE]  Unzipping Cypress        53% 1s
.../cypress@15.0.0/node_modules/cypress postinstall: [TITLE]  Unzipping Cypress        54% 1s
.../cypress@15.0.0/node_modules/cypress postinstall: [TITLE]  Unzipping Cypress        55% 1s
.../cypress@15.0.0/node_modules/cypress postinstall: [TITLE]  Unzipping Cypress        56% 1s
.../cypress@15.0.0/node_modules/cypress postinstall: [TITLE]  Unzipping Cypress        56% 2s
.../cypress@15.0.0/node_modules/cypress postinstall: [TITLE]  Unzipping Cypress        57% 2s
.../cypress@15.0.0/node_modules/cypress postinstall: [TITLE]  Unzipping Cypress        58% 2s
.../cypress@15.0.0/node_modules/cypress postinstall: [TITLE]  Unzipping Cypress        59% 2s
.../cypress@15.0.0/node_modules/cypress postinstall: [TITLE]  Unzipping Cypress        60% 2s
.../cypress@15.0.0/node_modules/cypress postinstall: [TITLE]  Unzipping Cypress        61% 1s
.../cypress@15.0.0/node_modules/cypress postinstall: [TITLE]  Unzipping Cypress        62% 1s
.../cypress@15.0.0/node_modules/cypress postinstall: [TITLE]  Unzipping Cypress        63% 1s
.../cypress@15.0.0/node_modules/cypress postinstall: [TITLE]  Unzipping Cypress        64% 1s
.../cypress@15.0.0/node_modules/cypress postinstall: [TITLE]  Unzipping Cypress        65% 1s
.../cypress@15.0.0/node_modules/cypress postinstall: [TITLE]  Unzipping Cypress        66% 1s
.../cypress@15.0.0/node_modules/cypress postinstall: [TITLE]  Unzipping Cypress        67% 1s
.../cypress@15.0.0/node_modules/cypress postinstall: [TITLE]  Unzipping Cypress        68% 1s
.../cypress@15.0.0/node_modules/cypress postinstall: [TITLE]  Unzipping Cypress        69% 1s
.../cypress@15.0.0/node_modules/cypress postinstall: [TITLE]  Unzipping Cypress        70% 1s
.../cypress@15.0.0/node_modules/cypress postinstall: [TITLE]  Unzipping Cypress        71% 1s
.../cypress@15.0.0/node_modules/cypress postinstall: [TITLE]  Unzipping Cypress        72% 1s
.../cypress@15.0.0/node_modules/cypress postinstall: [TITLE]  Unzipping Cypress        73% 1s
.../cypress@15.0.0/node_modules/cypress postinstall: [TITLE]  Unzipping Cypress        74% 1s
.../cypress@15.0.0/node_modules/cypress postinstall: [TITLE]  Unzipping Cypress        75% 1s
.../cypress@15.0.0/node_modules/cypress postinstall: [TITLE]  Unzipping Cypress        76% 1s
.../cypress@15.0.0/node_modules/cypress postinstall: [TITLE]  Unzipping Cypress        77% 1s
.../cypress@15.0.0/node_modules/cypress postinstall: [TITLE]  Unzipping Cypress        78% 1s
.../cypress@15.0.0/node_modules/cypress postinstall: [TITLE]  Unzipping Cypress        78% 2s
.../cypress@15.0.0/node_modules/cypress postinstall: [TITLE]  Unzipping Cypress        100% 0s
.../cypress@15.0.0/node_modules/cypress postinstall: [TITLE]  Unzipped Cypress
.../cypress@15.0.0/node_modules/cypress postinstall: [SUCCESS]  Unzipped Cypress
.../cypress@15.0.0/node_modules/cypress postinstall: [STARTED] Task without title.
.../cypress@15.0.0/node_modules/cypress postinstall: [TITLE]  Finished Installation   /root/.cache/Cypress/15.0.0
.../cypress@15.0.0/node_modules/cypress postinstall: [SUCCESS]  Finished Installation   /root/.cache/Cypress/15.0.0
.../cypress@15.0.0/node_modules/cypress postinstall: You can now open Cypress by running one of the following, depending on your package manager:
.../cypress@15.0.0/node_modules/cypress postinstall: - npx cypress open
.../cypress@15.0.0/node_modules/cypress postinstall: - yarn cypress open
.../cypress@15.0.0/node_modules/cypress postinstall: - pnpm cypress open
.../cypress@15.0.0/node_modules/cypress postinstall: https://on.cypress.io/opening-the-app
.../cypress@15.0.0/node_modules/cypress postinstall: Done
 WARN  Failed to create bin at /app/adev/node_modules/.bin/ngc. ENOENT: no such file or directory, open '/app/packages/compiler-cli/bundles/src/bin/ngc.js'
 WARN  Failed to create bin at /app/adev/node_modules/.bin/ng-xi18n. ENOENT: no such file or directory, open '/app/packages/compiler-cli/bundles/src/bin/ng_xi18n.js'
 WARN  Failed to create bin at /app/adev/shared-docs/pipeline/api-gen/node_modules/.bin/ngc. ENOENT: no such file or directory, open '/app/packages/compiler-cli/bundles/src/bin/ngc.js'
 WARN  Failed to create bin at /app/adev/shared-docs/pipeline/api-gen/node_modules/.bin/ng-xi18n. ENOENT: no such file or directory, open '/app/packages/compiler-cli/bundles/src/bin/ng_xi18n.js'
 WARN  Failed to create bin at /app/integration/node_modules/.bin/ngc. ENOENT: no such file or directory, open '/app/packages/compiler-cli/bundles/src/bin/ngc.js'
 WARN  Failed to create bin at /app/integration/node_modules/.bin/ng-xi18n. ENOENT: no such file or directory, open '/app/packages/compiler-cli/bundles/src/bin/ng_xi18n.js'
 WARN  Failed to create bin at /app/modules/node_modules/.bin/ngc. ENOENT: no such file or directory, open '/app/packages/compiler-cli/bundles/src/bin/ngc.js'
 WARN  Failed to create bin at /app/modules/node_modules/.bin/ng-xi18n. ENOENT: no such file or directory, open '/app/packages/compiler-cli/bundles/src/bin/ng_xi18n.js'
 WARN  Failed to create bin at /app/modules/node_modules/.bin/localize-translate. ENOENT: no such file or directory, open '/app/packages/localize/tools/bundles/src/translate/cli.js'
 WARN  Failed to create bin at /app/modules/node_modules/.bin/localize-extract. ENOENT: no such file or directory, open '/app/packages/localize/tools/bundles/src/extract/cli.js'
 WARN  Failed to create bin at /app/modules/node_modules/.bin/localize-migrate. ENOENT: no such file or directory, open '/app/packages/localize/tools/bundles/src/migrate/cli.js'
 WARN  Failed to create bin at /app/packages/compiler-cli/linker/babel/test/node_modules/.bin/ngc. ENOENT: no such file or directory, open '/app/packages/compiler-cli/bundles/src/bin/ngc.js'
 WARN  Failed to create bin at /app/packages/compiler-cli/linker/babel/test/node_modules/.bin/ng-xi18n. ENOENT: no such file or directory, open '/app/packages/compiler-cli/bundles/src/bin/ng_xi18n.js'
 WARN  Failed to create bin at /app/packages/core/test/bundling/node_modules/.bin/ngc. ENOENT: no such file or directory, open '/app/packages/compiler-cli/bundles/src/bin/ngc.js'
 WARN  Failed to create bin at /app/packages/core/test/bundling/node_modules/.bin/ng-xi18n. ENOENT: no such file or directory, open '/app/packages/compiler-cli/bundles/src/bin/ng_xi18n.js'
 WARN  Failed to create bin at /app/packages/localize/node_modules/.bin/ngc. ENOENT: no such file or directory, open '/app/packages/compiler-cli/bundles/src/bin/ngc.js'
 WARN  Failed to create bin at /app/packages/localize/node_modules/.bin/ng-xi18n. ENOENT: no such file or directory, open '/app/packages/compiler-cli/bundles/src/bin/ng_xi18n.js'
 WARN  Failed to create bin at /app/tools/bazel/rules_angular_store/node_modules/.bin/ngc. ENOENT: no such file or directory, open '/app/packages/compiler-cli/bundles/src/bin/ngc.js'
 WARN  Failed to create bin at /app/tools/bazel/rules_angular_store/node_modules/.bin/ng-xi18n. ENOENT: no such file or directory, open '/app/packages/compiler-cli/bundles/src/bin/ng_xi18n.js'
 WARN  Failed to create bin at /app/node_modules/.bin/ngc. ENOENT: no such file or directory, open '/app/packages/compiler-cli/bundles/src/bin/ngc.js'
 WARN  Failed to create bin at /app/node_modules/.bin/ng-xi18n. ENOENT: no such file or directory, open '/app/packages/compiler-cli/bundles/src/bin/ng_xi18n.js'
 WARN  Failed to create bin at /app/node_modules/.bin/localize-translate. ENOENT: no such file or directory, open '/app/packages/localize/tools/bundles/src/translate/cli.js'
 WARN  Failed to create bin at /app/node_modules/.bin/localize-extract. ENOENT: no such file or directory, open '/app/packages/localize/tools/bundles/src/extract/cli.js'
 WARN  Failed to create bin at /app/node_modules/.bin/localize-migrate. ENOENT: no such file or directory, open '/app/packages/localize/tools/bundles/src/migrate/cli.js'
 WARN  Failed to create bin at /app/node_modules/.bin/ngsw-config. ENOENT: no such file or directory, open '/app/packages/service-worker/ngsw-config.js'

dependencies:
+ @angular-devkit/build-angular 21.0.0-next.1
+ @angular-devkit/core 21.0.0-next.1
+ @angular-devkit/schematics 21.0.0-next.1
+ @angular/animations 0.0.0-PLACEHOLDER <- packages/animations
+ @angular/benchpress 0.3.0 <- packages/benchpress
+ @angular/build 21.0.0-next.1
+ @angular/cdk 21.0.0-next.2
+ @angular/cli 21.0.0-next.1
+ @angular/common 0.0.0-PLACEHOLDER <- packages/common
+ @angular/compiler 0.0.0-PLACEHOLDER <- packages/compiler
+ @angular/compiler-cli 0.0.0-PLACEHOLDER <- packages/compiler-cli
+ @angular/core 0.0.0-PLACEHOLDER <- packages/core
+ @angular/elements 0.0.0-PLACEHOLDER <- packages/elements
+ @angular/forms 0.0.0-PLACEHOLDER <- packages/forms
+ @angular/language-service 0.0.0-PLACEHOLDER <- packages/language-service
+ @angular/localize 0.0.0-PLACEHOLDER <- packages/localize
+ @angular/material 21.0.0-next.2
+ @angular/platform-browser 0.0.0-PLACEHOLDER <- packages/platform-browser
+ @angular/platform-browser-dynamic 0.0.0-PLACEHOLDER <- packages/platform-browser-dynamic
+ @angular/platform-server 0.0.0-PLACEHOLDER <- packages/platform-server
+ @angular/router 0.0.0-PLACEHOLDER <- packages/router
+ @angular/service-worker 0.0.0-PLACEHOLDER <- packages/service-worker
+ @angular/ssr 21.0.0-next.1
+ @angular/upgrade 0.0.0-PLACEHOLDER <- packages/upgrade
+ @babel/cli 7.28.3
+ @babel/core 7.28.3
+ @babel/generator 7.28.3
+ @jridgewell/sourcemap-codec 1.5.5
+ @microsoft/api-extractor 7.52.11
+ @rollup/plugin-babel 6.0.4
+ @rollup/plugin-commonjs 28.0.6
+ @rollup/plugin-node-resolve 16.0.1
+ @schematics/angular 21.0.0-next.1
+ @standard-schema/spec 1.0.0
+ @types/angular 1.8.9
+ @types/babel__core 7.20.5
+ @types/babel__generator 7.27.0
+ @types/bluebird 3.5.42
+ @types/chrome 0.1.4
+ @types/convert-source-map 2.0.3
+ @types/dom-navigation 1.0.6
+ @types/firefox-webext-browser 120.0.4
+ @types/hammerjs 2.0.46
+ @types/jasmine 5.1.9
+ @types/jasminewd2 2.0.13
+ @types/node 18.19.123
+ @types/selenium-webdriver 3.0.7
+ @types/selenium-webdriver4 <- @types/selenium-webdriver 4.1.28
+ @types/semver 7.7.0
+ @types/shelljs 0.8.17
+ @types/systemjs 6.15.3
+ @types/yargs 17.0.33
+ angular-1.5 <- angular 1.5.11
+ angular-1.6 <- angular 1.6.10
+ angular-1.7 <- angular 1.7.9
+ angular-1.8 <- angular 1.8.3
+ angular-mocks-1.5 <- angular-mocks 1.5.11
+ angular-mocks-1.6 <- angular-mocks 1.6.10
+ angular-mocks-1.7 <- angular-mocks 1.7.9
+ angular-mocks-1.8 <- angular-mocks 1.8.3
+ bluebird 3.7.2
+ chalk 5.6.0
+ chokidar 4.0.3
+ convert-source-map 1.9.0
+ d3 7.9.0
+ dagre-d3-es 7.0.11
+ diff 8.0.2
+ domino <- @angular/domino 2.1.6
+ esbuild 0.25.9
+ esbuild-plugin-umd-wrapper 3.0.0
+ hammerjs 2.0.8
+ http-server 14.1.1
+ jasmine 5.9.0
+ jasmine-core 5.9.0
+ jasmine-reporters 2.5.2
+ karma 6.4.4
+ karma-chrome-launcher 3.2.0
+ karma-firefox-launcher 2.1.3
+ karma-jasmine 5.1.0
+ karma-requirejs 1.1.0
+ karma-sourcemap-loader 0.4.0
+ magic-string 0.30.18
+ ngx-flamegraph 0.1.1
+ ngx-progressbar 14.0.0
+ open-in-idx 0.1.1
+ protractor 7.0.0
+ reflect-metadata 0.2.2
+ rollup 4.49.0
+ rollup-plugin-dts 6.2.3
+ rollup-plugin-preserve-shebang 1.0.1
+ rollup-plugin-sourcemaps 0.6.3
+ rxjs 7.8.2
+ selenium-webdriver 3.5.0
+ selenium-webdriver4 <- selenium-webdriver 4.35.0
+ semver-dsl 1.0.1
+ shelljs 0.10.0
+ source-map 0.7.6
+ source-map-support 0.5.21
+ systemjs 0.18.10
+ terser 5.44.0
+ tinyglobby 0.2.14
+ todomvc-app-css 2.4.3
+ todomvc-common 1.0.5
+ tslib 2.8.1
+ tslint 6.1.3
+ tsx 4.20.5
+ typescript 5.9.2
+ webtreemap 2.0.1
+ ws 8.18.3
+ xhr2 0.2.1
+ yargs 18.0.0
+ zone.js 0.15.1

devDependencies:
+ @actions/core 1.11.1
+ @actions/github 6.0.1
+ @angular-devkit/architect-cli 0.2100.0-next.1
+ @angular/ng-dev 0.0.0-0cabf621c7fdbdf689d2d467ac2660020c179909
+ @babel/plugin-proposal-async-generator-functions 7.20.7
+ @babel/plugin-transform-async-generator-functions 7.28.0
+ @bazel/bazelisk 1.26.0
+ @bazel/buildifier 8.2.1
+ @bazel/ibazel 0.26.10
+ @inquirer/prompts 7.8.4
+ @nginfra/angular-linking 1.0.10
+ @octokit/graphql 9.0.1
+ @types/adm-zip 0.5.7
+ @types/cldr 7.1.4
+ @types/cldrjs 0.4.28
+ @types/d3 7.4.3
+ @types/jsdom 21.1.7
+ @types/tmp 0.2.6
+ @typescript/vfs 1.6.1
+ @yarnpkg/lockfile 1.1.0
+ adm-zip 0.5.16
+ angular-split 20.0.0
+ check-side-effects 0.0.23
+ cldr 7.9.0
+ cldrjs 0.5.5
+ conventional-changelog 7.1.1
+ cypress 15.0.0
+ emoji-regex 10.5.0
+ firebase-tools 14.15.1
+ get-tsconfig 4.10.1
+ gulp 5.0.1
+ gulp-conventional-changelog 5.0.0
+ husky 9.1.7
+ jsdom 26.1.0
+ karma-coverage 2.2.1
+ karma-jasmine-html-reporter 2.1.0
+ karma-sauce-launcher 4.3.6
+ playwright-core 1.55.0
+ prettier 3.6.2
+ rollup-plugin-sourcemaps2 0.5.3
+ semver 7.7.2
+ tmp 0.2.5
+ ts-node 10.9.2
+ tsec 0.2.8
+ tslint-eslint-rules 5.4.0
+ tslint-no-toplevel-property-access 0.0.2
+ typed-graphqlify 3.1.6
+ undici 7.15.0
+ vrsource-tslint-rules 6.0.0
+ zod 4.1.5

╭ Warning ─────────────────────────────────────────────────────────────────────╮
│                                                                              │
│   Ignored build scripts: @firebase/util, @parcel/watcher, bufferutil,        │
│   core-js, esbuild, lmdb, msgpackr-extract, protobufjs, puppeteer, re2,      │
│   utf-8-validate.                                                            │
│   Run "pnpm approve-builds" to pick which dependencies should be allowed     │
│   to run scripts.                                                            │
│                                                                              │
╰──────────────────────────────────────────────────────────────────────────────╯

 WARN  Failed to create bin at /app/packages/localize/node_modules/.bin/ngc. ENOENT: no such file or directory, open '/app/packages/localize/node_modules/@angular/compiler-cli/bundles/src/bin/ngc.js'
 WARN  Failed to create bin at /app/packages/localize/node_modules/.bin/ng-xi18n. ENOENT: no such file or directory, open '/app/packages/localize/node_modules/@angular/compiler-cli/bundles/src/bin/ng_xi18n.js'
 WARN  Failed to create bin at /app/integration/node_modules/.bin/ngc. ENOENT: no such file or directory, open '/app/integration/node_modules/@angular/compiler-cli/bundles/src/bin/ngc.js'
 WARN  Failed to create bin at /app/integration/node_modules/.bin/ng-xi18n. ENOENT: no such file or directory, open '/app/integration/node_modules/@angular/compiler-cli/bundles/src/bin/ng_xi18n.js'
 WARN  Failed to create bin at /app/adev/shared-docs/pipeline/api-gen/node_modules/.bin/ngc. ENOENT: no such file or directory, open '/app/adev/shared-docs/pipeline/api-gen/node_modules/@angular/compiler-cli/bundles/src/bin/ngc.js'
 WARN  Failed to create bin at /app/adev/shared-docs/pipeline/api-gen/node_modules/.bin/ng-xi18n. ENOENT: no such file or directory, open '/app/adev/shared-docs/pipeline/api-gen/node_modules/@angular/compiler-cli/bundles/src/bin/ng_xi18n.js'
 WARN  Failed to create bin at /app/adev/node_modules/.bin/ngc. ENOENT: no such file or directory, open '/app/adev/node_modules/@angular/compiler-cli/bundles/src/bin/ngc.js'
 WARN  Failed to create bin at /app/adev/node_modules/.bin/ng-xi18n. ENOENT: no such file or directory, open '/app/adev/node_modules/@angular/compiler-cli/bundles/src/bin/ng_xi18n.js'
 WARN  Failed to create bin at /app/packages/compiler-cli/linker/babel/test/node_modules/.bin/ngc. ENOENT: no such file or directory, open '/app/packages/compiler-cli/linker/babel/test/node_modules/@angular/compiler-cli/bundles/src/bin/ngc.js'
 WARN  Failed to create bin at /app/packages/compiler-cli/linker/babel/test/node_modules/.bin/ng-xi18n. ENOENT: no such file or directory, open '/app/packages/compiler-cli/linker/babel/test/node_modules/@angular/compiler-cli/bundles/src/bin/ng_xi18n.js'
 WARN  Failed to create bin at /app/modules/node_modules/.bin/ngc. ENOENT: no such file or directory, open '/app/modules/node_modules/@angular/compiler-cli/bundles/src/bin/ngc.js'
 WARN  Failed to create bin at /app/modules/node_modules/.bin/ng-xi18n. ENOENT: no such file or directory, open '/app/modules/node_modules/@angular/compiler-cli/bundles/src/bin/ng_xi18n.js'
 WARN  Failed to create bin at /app/modules/node_modules/.bin/localize-translate. ENOENT: no such file or directory, open '/app/modules/node_modules/@angular/localize/tools/bundles/src/translate/cli.js'
 WARN  Failed to create bin at /app/modules/node_modules/.bin/localize-extract. ENOENT: no such file or directory, open '/app/modules/node_modules/@angular/localize/tools/bundles/src/extract/cli.js'
 WARN  Failed to create bin at /app/modules/node_modules/.bin/localize-migrate. ENOENT: no such file or directory, open '/app/modules/node_modules/@angular/localize/tools/bundles/src/migrate/cli.js'
 WARN  Failed to create bin at /app/packages/core/test/bundling/node_modules/.bin/ngc. ENOENT: no such file or directory, open '/app/packages/core/test/bundling/node_modules/@angular/compiler-cli/bundles/src/bin/ngc.js'
 WARN  Failed to create bin at /app/packages/core/test/bundling/node_modules/.bin/ng-xi18n. ENOENT: no such file or directory, open '/app/packages/core/test/bundling/node_modules/@angular/compiler-cli/bundles/src/bin/ng_xi18n.js'
 WARN  Failed to create bin at /app/tools/bazel/rules_angular_store/node_modules/.bin/ngc. ENOENT: no such file or directory, open '/app/tools/bazel/rules_angular_store/node_modules/@angular/compiler-cli/bundles/src/bin/ngc.js'
 WARN  Failed to create bin at /app/tools/bazel/rules_angular_store/node_modules/.bin/ng-xi18n. ENOENT: no such file or directory, open '/app/tools/bazel/rules_angular_store/node_modules/@angular/compiler-cli/bundles/src/bin/ng_xi18n.js'
 WARN  Failed to create bin at /app/node_modules/.bin/ngc. ENOENT: no such file or directory, open '/app/node_modules/@angular/compiler-cli/bundles/src/bin/ngc.js'
 WARN  Failed to create bin at /app/node_modules/.bin/ng-xi18n. ENOENT: no such file or directory, open '/app/node_modules/@angular/compiler-cli/bundles/src/bin/ng_xi18n.js'
 WARN  Failed to create bin at /app/node_modules/.bin/localize-translate. ENOENT: no such file or directory, open '/app/node_modules/@angular/localize/tools/bundles/src/translate/cli.js'
 WARN  Failed to create bin at /app/node_modules/.bin/localize-extract. ENOENT: no such file or directory, open '/app/node_modules/@angular/localize/tools/bundles/src/extract/cli.js'
 WARN  Failed to create bin at /app/node_modules/.bin/localize-migrate. ENOENT: no such file or directory, open '/app/node_modules/@angular/localize/tools/bundles/src/migrate/cli.js'
 WARN  Failed to create bin at /app/node_modules/.bin/ngsw-config. ENOENT: no such file or directory, open '/app/node_modules/@angular/service-worker/ngsw-config.js'
. prepare$ husky
. prepare: git command not found
. prepare: Done
Done in 27s using pnpm v10.15.1

> angular-srcs@21.0.0-next.2 test:ci /app
> bazelisk test -- //... -//integration/... -//adev/... -//devtools/... -//modules/ssr-benchmarks/...

2025/09/04 02:13:20 Downloading https://releases.bazel.build/7.6.1/release/bazel-7.6.1-linux-x86_64...
Extracting Bazel installation...
Starting local Bazel server and connecting to it...
Computing main repo mapping:
INFO: Repository rules_sass~ instantiated at:
  <builtin>: in <toplevel>
Repository rule git_repository defined at:
  /root/.cache/bazel/_bazel_root/8c069df52082beee3c95ca17836fb8e2/external/bazel_tools/tools/build_defs/repo/git.bzl:189:33: in <toplevel>
INFO: Repository rules_angular~ instantiated at:
  <builtin>: in <toplevel>
Repository rule git_repository defined at:
  /root/.cache/bazel/_bazel_root/8c069df52082beee3c95ca17836fb8e2/external/bazel_tools/tools/build_defs/repo/git.bzl:189:33: in <toplevel>
INFO: Repository rules_browsers~ instantiated at:
  <builtin>: in <toplevel>
Repository rule git_repository defined at:
  /root/.cache/bazel/_bazel_root/8c069df52082beee3c95ca17836fb8e2/external/bazel_tools/tools/build_defs/repo/git.bzl:189:33: in <toplevel>
INFO: Repository devinfra~ instantiated at:
  <builtin>: in <toplevel>
Repository rule git_repository defined at:
  /root/.cache/bazel/_bazel_root/8c069df52082beee3c95ca17836fb8e2/external/bazel_tools/tools/build_defs/repo/git.bzl:189:33: in <toplevel>
ERROR: /root/.cache/bazel/_bazel_root/8c069df52082beee3c95ca17836fb8e2/external/bazel_tools/tools/build_defs/repo/git_worker.bzl:210:9: An error occurred during the fetch of repository 'devinfra~':
   Traceback (most recent call last):
	File "/root/.cache/bazel/_bazel_root/8c069df52082beee3c95ca17836fb8e2/external/bazel_tools/tools/build_defs/repo/git.bzl", line 180, column 35, in _git_repository_implementation
		update = _clone_or_update_repo(ctx)
	File "/root/.cache/bazel/_bazel_root/8c069df52082beee3c95ca17836fb8e2/external/bazel_tools/tools/build_defs/repo/git.bzl", line 43, column 20, in _clone_or_update_repo
		git_ = git_repo(ctx, directory)
	File "/root/.cache/bazel/_bazel_root/8c069df52082beee3c95ca17836fb8e2/external/bazel_tools/tools/build_defs/repo/git_worker.bzl", line 98, column 12, in git_repo
		_update(ctx, git_repo)
	File "/root/.cache/bazel/_bazel_root/8c069df52082beee3c95ca17836fb8e2/external/bazel_tools/tools/build_defs/repo/git_worker.bzl", line 114, column 9, in _update
		init(ctx, git_repo)
	File "/root/.cache/bazel/_bazel_root/8c069df52082beee3c95ca17836fb8e2/external/bazel_tools/tools/build_defs/repo/git_worker.bzl", line 131, column 15, in init
		_error(ctx.name, cl, st.stderr)
	File "/root/.cache/bazel/_bazel_root/8c069df52082beee3c95ca17836fb8e2/external/bazel_tools/tools/build_defs/repo/git_worker.bzl", line 210, column 9, in _error
		fail("error running '%s' while working with @%s:\n%s" % (command_text, name, stderr))
Error in fail: error running 'git init /root/.cache/bazel/_bazel_root/8c069df52082beee3c95ca17836fb8e2/external/devinfra~' while working with @devinfra~:
src/main/tools/process-wrapper-legacy.cc:80: "execvp(git, ...)": No such file or directory
ERROR: Error computing the main repository mapping: error during computation of main repo mapping: error running 'git init /root/.cache/bazel/_bazel_root/8c069df52082beee3c95ca17836fb8e2/external/devinfra~' while working with @devinfra~:
src/main/tools/process-wrapper-legacy.cc:80: "execvp(git, ...)": No such file or directory
 ELIFECYCLE  Command failed with exit code 37.
