    Updating crates.io index
 Downloading crates ...
  Downloaded anstyle-parse v0.2.7
  Downloaded env_filter v0.1.3
  Downloaded parking_lot_core v0.9.11
  Downloaded futures-task v0.3.31
  Downloaded autocfg v1.5.0
  Downloaded pin-project-lite v0.2.16
  Downloaded anstyle-query v1.1.4
  Downloaded crossbeam-utils v0.8.21
  Downloaded regex-syntax v0.8.6
  Downloaded subtle v2.6.1
  Downloaded zerofrom v0.1.6
  Downloaded aho-corasick v1.1.3
  Downloaded zerovec-derive v0.11.1
  Downloaded tokio-macros v2.5.0
  Downloaded equivalent v1.0.2
  Downloaded anstyle v1.0.11
  Downloaded tinyvec_macros v0.1.1
  Downloaded socket2 v0.6.0
  Downloaded untrusted v0.9.0
  Downloaded zeroize v1.8.1
  Downloaded synstructure v0.13.2
  Downloaded serde_derive v1.0.228
  Downloaded zerofrom-derive v0.1.6
  Downloaded yoke v0.8.0
  Downloaded yasna v0.5.2
  Downloaded thiserror-impl v2.0.17
  Downloaded uuid v1.18.1
  Downloaded tokio-util v0.7.16
  Downloaded time v0.3.44
  Downloaded scopeguard v1.2.0
  Downloaded zerotrie v0.2.2
  Downloaded tracing v0.1.41
  Downloaded zerovec v0.11.4
  Downloaded zerocopy v0.8.27
  Downloaded serde_core v1.0.228
  Downloaded regex v1.11.3
  Downloaded syn v2.0.106
  Downloaded icu_properties_data v2.0.1
  Downloaded mio v1.0.4
  Downloaded utf8parse v0.2.2
  Downloaded rustls-webpki v0.103.6
  Downloaded base64 v0.22.1
  Downloaded portable-atomic v1.11.1
  Downloaded indexmap v2.11.4
  Downloaded idna v1.1.0
  Downloaded hickory-proto v0.25.2
  Downloaded cc v1.2.39
  Downloaded hickory-resolver v0.25.2
  Downloaded bytes v1.10.1
  Downloaded regex-automata v0.4.11
  Downloaded aws-lc-sys v0.32.1
  Downloaded pem v3.0.5
  Downloaded lock_api v0.4.13
  Downloaded ring v0.17.14
  Downloaded rand v0.9.2
  Downloaded memchr v2.7.6
  Downloaded idna_adapter v1.2.1
  Downloaded tokio v1.47.1
  Downloaded moka v0.12.11
  Downloaded libloading v0.8.8
  Downloaded jobserver v0.1.34
  Downloaded ipnet v2.11.0
  Downloaded webpki-roots v1.0.2
  Downloaded pin-utils v0.1.0
  Downloaded log v0.4.28
  Downloaded icu_locale_core v2.0.0
  Downloaded icu_collections v2.0.0
  Downloaded h2 v0.4.12
  Downloaded rcgen v0.14.5
  Downloaded rand_core v0.9.3
  Downloaded proc-macro2 v1.0.101
  Downloaded icu_provider v2.0.0
  Downloaded futures-util v0.3.31
  Downloaded rand_chacha v0.9.0
  Downloaded powerfmt v0.2.0
  Downloaded percent-encoding v2.3.2
  Downloaded once_cell v1.21.3
  Downloaded num-conv v0.1.0
  Downloaded litemap v0.8.0
  Downloaded icu_normalizer_data v2.0.0
  Downloaded http v1.3.1
  Downloaded hashbrown v0.16.0
  Downloaded fnv v1.0.7
  Downloaded crossbeam-channel v0.5.15
  Downloaded cmake v0.1.54
  Downloaded resolv-conf v0.7.5
  Downloaded quote v1.0.41
  Downloaded potential_utf v0.1.3
  Downloaded itoa v1.0.15
  Downloaded jiff v0.2.15
  Downloaded is_terminal_polyfill v1.70.1
  Downloaded icu_properties v2.0.1
  Downloaded futures-channel v0.3.31
  Downloaded enum-as-inner v0.6.1
  Downloaded deranged v0.5.4
  Downloaded data-encoding v2.9.0
  Downloaded critical-section v1.2.0
  Downloaded clap_derive v4.5.47
  Downloaded clap v4.5.48
  Downloaded cfg-if v1.0.3
  Downloaded rustls-pki-types v1.12.0
  Downloaded ppv-lite86 v0.2.21
  Downloaded parking_lot v0.12.4
  Downloaded libc v0.2.176
  Downloaded icu_normalizer v2.0.0
  Downloaded getrandom v0.3.3
  Downloaded futures-io v0.3.31
  Downloaded fs_extra v1.3.0
  Downloaded env_logger v0.11.8
  Downloaded colorchoice v1.0.4
  Downloaded clap_lex v0.7.5
  Downloaded form_urlencoded v1.2.2
  Downloaded displaydoc v0.2.5
  Downloaded tracing-core v0.1.34
  Downloaded heck v0.5.0
  Downloaded getrandom v0.2.16
  Downloaded dunce v1.0.5
  Downloaded clap_builder v4.5.48
  Downloaded url v2.5.7
  Downloaded tinyvec v1.10.0
  Downloaded thiserror v2.0.17
  Downloaded writeable v0.6.1
  Downloaded tokio-rustls v0.26.4
  Downloaded futures-sink v0.3.31
  Downloaded unicode-ident v1.0.19
  Downloaded time-macros v0.2.24
  Downloaded find-msvc-tools v0.1.2
  Downloaded yoke-derive v0.8.0
  Downloaded webpki-roots v0.26.11
  Downloaded utf8_iter v1.0.4
  Downloaded tinystr v0.8.1
  Downloaded time-core v0.1.6
  Downloaded crossbeam-epoch v0.9.18
  Downloaded serde v1.0.228
  Downloaded aws-lc-rs v1.14.1
  Downloaded async-trait v0.1.89
  Downloaded tagptr v0.2.0
  Downloaded strsim v0.11.1
  Downloaded stable_deref_trait v1.2.0
  Downloaded atomic-waker v1.1.2
  Downloaded smallvec v1.15.1
  Downloaded anstream v0.6.20
  Downloaded slab v0.4.11
  Downloaded shlex v1.3.0
  Downloaded rustls v0.23.32
  Downloaded futures-core v0.3.31
   Compiling proc-macro2 v1.0.101
   Compiling unicode-ident v1.0.19
   Compiling quote v1.0.41
   Compiling libc v0.2.176
   Compiling cfg-if v1.0.3
   Compiling stable_deref_trait v1.2.0
   Compiling find-msvc-tools v0.1.2
   Compiling shlex v1.3.0
   Compiling fs_extra v1.3.0
   Compiling dunce v1.0.5
   Compiling portable-atomic v1.11.1
   Compiling zeroize v1.8.1
   Compiling log v0.4.28
   Compiling aws-lc-rs v1.14.1
   Compiling critical-section v1.2.0
   Compiling writeable v0.6.1
   Compiling getrandom v0.3.3
   Compiling litemap v0.8.0
   Compiling smallvec v1.15.1
   Compiling icu_properties_data v2.0.1
   Compiling icu_normalizer_data v2.0.0
   Compiling pin-project-lite v0.2.16
   Compiling zerocopy v0.8.27
   Compiling bytes v1.10.1
   Compiling serde_core v1.0.228
   Compiling autocfg v1.5.0
   Compiling libloading v0.8.8
   Compiling futures-core v0.3.31
   Compiling untrusted v0.9.0
   Compiling crossbeam-utils v0.8.21
   Compiling utf8parse v0.2.2
   Compiling parking_lot_core v0.9.11
   Compiling heck v0.5.0
   Compiling serde v1.0.228
   Compiling rustls v0.23.32
   Compiling memchr v2.7.6
   Compiling subtle v2.6.1
   Compiling equivalent v1.0.2
   Compiling is_terminal_polyfill v1.70.1
   Compiling fnv v1.0.7
   Compiling hashbrown v0.16.0
   Compiling anstyle-query v1.1.4
   Compiling utf8_iter v1.0.4
   Compiling futures-sink v0.3.31
   Compiling percent-encoding v2.3.2
   Compiling anstyle v1.0.11
   Compiling regex-syntax v0.8.6
   Compiling scopeguard v1.2.0
   Compiling thiserror v2.0.17
   Compiling slab v0.4.11
   Compiling itoa v1.0.15
   Compiling powerfmt v0.2.0
   Compiling colorchoice v1.0.4
   Compiling atomic-waker v1.1.2
   Compiling futures-task v0.3.31
   Compiling pin-utils v0.1.0
   Compiling tinyvec_macros v0.1.1
   Compiling time-core v0.1.6
   Compiling moka v0.12.11
   Compiling num-conv v0.1.0
   Compiling tagptr v0.2.0
   Compiling ipnet v2.11.0
   Compiling futures-io v0.3.31
   Compiling strsim v0.11.1
   Compiling data-encoding v2.9.0
   Compiling clap_lex v0.7.5
   Compiling base64 v0.22.1
   Compiling resolv-conf v0.7.5
   Compiling jiff v0.2.15
   Compiling rustls-pki-types v1.12.0
   Compiling deranged v0.5.4
   Compiling tinyvec v1.10.0
   Compiling futures-channel v0.3.31
   Compiling anstyle-parse v0.2.7
   Compiling futures-util v0.3.31
   Compiling form_urlencoded v1.2.2
   Compiling pem v3.0.5
   Compiling anstream v0.6.20
   Compiling lock_api v0.4.13
   Compiling http v1.3.1
   Compiling webpki-roots v1.0.2
   Compiling clap_builder v4.5.48
   Compiling aho-corasick v1.1.3
   Compiling indexmap v2.11.4
   Compiling webpki-roots v0.26.11
   Compiling once_cell v1.21.3
   Compiling crossbeam-channel v0.5.15
   Compiling crossbeam-epoch v0.9.18
   Compiling syn v2.0.106
   Compiling tracing-core v0.1.34
   Compiling jobserver v0.1.34
   Compiling mio v1.0.4
   Compiling socket2 v0.6.0
   Compiling tracing v0.1.41
   Compiling rand_core v0.9.3
   Compiling uuid v1.18.1
   Compiling cc v1.2.39
   Compiling parking_lot v0.12.4
   Compiling time v0.3.44
   Compiling regex-automata v0.4.11
   Compiling yasna v0.5.2
   Compiling ppv-lite86 v0.2.21
   Compiling cmake v0.1.54
   Compiling rand_chacha v0.9.0
   Compiling rand v0.9.2
   Compiling aws-lc-sys v0.32.1
   Compiling regex v1.11.3
   Compiling env_filter v0.1.3
   Compiling env_logger v0.11.8
   Compiling synstructure v0.13.2
   Compiling zerofrom-derive v0.1.6
   Compiling yoke-derive v0.8.0
   Compiling zerovec-derive v0.11.1
   Compiling displaydoc v0.2.5
   Compiling tokio-macros v2.5.0
   Compiling serde_derive v1.0.228
   Compiling thiserror-impl v2.0.17
   Compiling async-trait v0.1.89
   Compiling enum-as-inner v0.6.1
   Compiling clap_derive v4.5.47
   Compiling tokio v1.47.1
   Compiling zerofrom v0.1.6
   Compiling yoke v0.8.0
   Compiling zerovec v0.11.4
   Compiling zerotrie v0.2.2
   Compiling clap v4.5.48
   Compiling tinystr v0.8.1
   Compiling potential_utf v0.1.3
   Compiling icu_collections v2.0.0
   Compiling icu_locale_core v2.0.0
   Compiling icu_provider v2.0.0
   Compiling icu_properties v2.0.1
   Compiling icu_normalizer v2.0.0
   Compiling idna_adapter v1.2.1
   Compiling idna v1.1.0
   Compiling tokio-util v0.7.16
   Compiling url v2.5.7
   Compiling h2 v0.4.12
   Compiling rustls-webpki v0.103.6
   Compiling rcgen v0.14.5
   Compiling rustls v0.24.0-dev.0 (/app/rustls)
   Compiling tokio-rustls v0.26.4
   Compiling hickory-proto v0.25.2
   Compiling hickory-resolver v0.25.2
   Compiling rustls-examples v0.0.1 (/app/examples)
    Finished `dev` profile [unoptimized + debuginfo] target(s) in 26.17s
 Downloading crates ...
  Downloaded alloc-stdlib v0.2.2
  Downloaded num-traits v0.2.19
  Downloaded num-integer v0.1.46
  Downloaded macro_rules_attribute v0.2.2
  Downloaded asn1-rs-derive v0.6.0
  Downloaded oid-registry v0.8.1
  Downloaded hashbrown v0.15.5
  Downloaded x509-parser v0.18.0
  Downloaded alloc-no-stdlib v2.0.4
  Downloaded minimal-lexical v0.2.1
  Downloaded lazy_static v1.5.0
  Downloaded ryu v1.0.20
  Downloaded der-parser v10.0.0
  Downloaded zlib-rs v0.5.2
  Downloaded hex v0.4.3
  Downloaded brotli-decompressor v5.0.0
  Downloaded brotli v8.0.2
  Downloaded num-bigint v0.4.6
  Downloaded aws-lc-fips-sys v0.13.8
  Downloaded rusticata-macros v4.1.0
  Downloaded asn1-rs-impl v0.2.0
  Downloaded paste v1.0.15
  Downloaded macro_rules_attribute-proc_macro v0.2.2
  Downloaded foldhash v0.1.5
  Downloaded serde_json v1.0.145
  Downloaded asn1-rs v0.7.1
  Downloaded nom v7.1.3
  Downloaded bencher v0.1.5
   Compiling proc-macro2 v1.0.101
   Compiling quote v1.0.41
   Compiling unicode-ident v1.0.19
   Compiling libc v0.2.176
   Compiling shlex v1.3.0
   Compiling find-msvc-tools v0.1.2
   Compiling cfg-if v1.0.3
   Compiling fs_extra v1.3.0
   Compiling memchr v2.7.6
   Compiling dunce v1.0.5
   Compiling regex-syntax v0.8.6
   Compiling autocfg v1.5.0
   Compiling portable-atomic v1.11.1
   Compiling log v0.4.28
   Compiling itoa v1.0.15
   Compiling zeroize v1.8.1
   Compiling aws-lc-rs v1.14.1
   Compiling critical-section v1.2.0
   Compiling stable_deref_trait v1.2.0
   Compiling num-conv v0.1.0
   Compiling thiserror v2.0.17
   Compiling untrusted v0.9.0
   Compiling powerfmt v0.2.0
   Compiling time-core v0.1.6
   Compiling serde_core v1.0.228
   Compiling subtle v2.6.1
   Compiling serde v1.0.228
   Compiling utf8parse v0.2.2
   Compiling alloc-no-stdlib v2.0.4
   Compiling anstyle v1.0.11
   Compiling is_terminal_polyfill v1.70.1
   Compiling colorchoice v1.0.4
   Compiling anstyle-query v1.1.4
   Compiling data-encoding v2.9.0
   Compiling foldhash v0.1.5
   Compiling smallvec v1.15.1
   Compiling litemap v0.8.0
   Compiling writeable v0.6.1
   Compiling getrandom v0.3.3
   Compiling base64 v0.22.1
   Compiling zlib-rs v0.5.2
   Compiling pin-project-lite v0.2.16
   Compiling jiff v0.2.15
   Compiling icu_normalizer_data v2.0.0
   Compiling icu_properties_data v2.0.1
   Compiling bytes v1.10.1
   Compiling zerocopy v0.8.27
   Compiling crossbeam-utils v0.8.21
   Compiling futures-core v0.3.31
   Compiling equivalent v1.0.2
   Compiling rustls v0.23.32
   Compiling parking_lot_core v0.9.11
   Compiling heck v0.5.0
   Compiling fnv v1.0.7
   Compiling percent-encoding v2.3.2
   Compiling utf8_iter v1.0.4
   Compiling scopeguard v1.2.0
   Compiling hashbrown v0.16.0
   Compiling futures-sink v0.3.31
   Compiling libloading v0.8.8
   Compiling slab v0.4.11
   Compiling pin-utils v0.1.0
   Compiling tinyvec_macros v0.1.1
   Compiling rustls-pki-types v1.12.0
   Compiling futures-task v0.3.31
   Compiling moka v0.12.11
   Compiling deranged v0.5.4
   Compiling hashbrown v0.15.5
   Compiling atomic-waker v1.1.2
   Compiling futures-channel v0.3.31
   Compiling futures-io v0.3.31
   Compiling tagptr v0.2.0
   Compiling strsim v0.11.1
   Compiling clap_lex v0.7.5
   Compiling anstyle-parse v0.2.7
   Compiling ipnet v2.11.0
   Compiling resolv-conf v0.7.5
   Compiling minimal-lexical v0.2.1
   Compiling alloc-stdlib v0.2.2
   Compiling tinyvec v1.10.0
   Compiling oid-registry v0.8.1
   Compiling paste v1.0.15
   Compiling serde_json v1.0.145
   Compiling ryu v1.0.20
   Compiling macro_rules_attribute-proc_macro v0.2.2
   Compiling lazy_static v1.5.0
   Compiling hex v0.4.3
   Compiling bencher v0.1.5
   Compiling form_urlencoded v1.2.2
   Compiling futures-util v0.3.31
   Compiling time-macros v0.2.24
   Compiling brotli-decompressor v5.0.0
   Compiling anstream v0.6.20
   Compiling pem v3.0.5
   Compiling lock_api v0.4.13
   Compiling num-traits v0.2.19
   Compiling clap_builder v4.5.48
   Compiling webpki-roots v1.0.2
   Compiling aho-corasick v1.1.3
   Compiling nom v7.1.3
   Compiling macro_rules_attribute v0.2.2
   Compiling webpki-roots v0.26.11
   Compiling http v1.3.1
   Compiling crossbeam-epoch v0.9.18
   Compiling crossbeam-channel v0.5.15
   Compiling indexmap v2.11.4
   Compiling syn v2.0.106
   Compiling once_cell v1.21.3
   Compiling tracing-core v0.1.34
   Compiling brotli v8.0.2
   Compiling getrandom v0.2.16
   Compiling socket2 v0.6.0
   Compiling mio v1.0.4
   Compiling num-integer v0.1.46
   Compiling rand_core v0.9.3
   Compiling uuid v1.18.1
   Compiling jobserver v0.1.34
   Compiling parking_lot v0.12.4
   Compiling tracing v0.1.41
   Compiling num-bigint v0.4.6
   Compiling cc v1.2.39
   Compiling time v0.3.44
   Compiling regex-automata v0.4.11
   Compiling ppv-lite86 v0.2.21
   Compiling cmake v0.1.54
   Compiling rand_chacha v0.9.0
   Compiling rusticata-macros v4.1.0
   Compiling ring v0.17.14
   Compiling aws-lc-sys v0.32.1
   Compiling rand v0.9.2
   Compiling yasna v0.5.2
   Compiling regex v1.11.3
   Compiling aws-lc-fips-sys v0.13.8
   Compiling synstructure v0.13.2
warning: aws-lc-fips-sys@0.13.8: Building with: CMake
warning: aws-lc-fips-sys@0.13.8: Symbol Prefix: Some("aws_lc_fips_0_13_8")
error: failed to run custom build command for `aws-lc-fips-sys v0.13.8`

Caused by:
  process didn't exit successfully: `/app/target/release/build/aws-lc-fips-sys-7cf0a5461a217c58/build-script-main` (exit status: 101)
  --- stdout
  cargo:rerun-if-env-changed=AWS_LC_FIPS_SYS_NO_PREFIX
  cargo:rerun-if-env-changed=AWS_LC_FIPS_SYS_PREGENERATING_BINDINGS
  cargo:rerun-if-env-changed=AWS_LC_FIPS_SYS_EXTERNAL_BINDGEN
  cargo:rerun-if-env-changed=AWS_LC_FIPS_SYS_NO_ASM
  cargo:rerun-if-env-changed=AWS_LC_FIPS_SYS_CPU_JITTER_ENTROPY
  cargo:rustc-cfg=x86_64_unknown_linux_gnu
  cargo:rerun-if-env-changed=AWS_LC_FIPS_SYS_STATIC
  cargo:warning=Building with: CMake
  cargo:warning=Symbol Prefix: Some("aws_lc_fips_0_13_8")
  cargo:rerun-if-env-changed=CMAKE

  --- stderr
  Missing dependency: Go is required for FIPS.
  Missing dependency: cmake

  thread 'main' (8597) panicked at /root/.cargo/registry/src/index.crates.io-1949cf8c6b5b557f/aws-lc-fips-sys-0.13.8/builder/main.rs:518:34:
  called `Result::unwrap()` on an `Err` value: "Required build dependency is missing. Halting build."
  note: run with `RUST_BACKTRACE=1` environment variable to display a backtrace
warning: build failed, waiting for other jobs to finish...
   Compiling ring v0.17.14
   Compiling thiserror-impl v2.0.17
   Compiling aws-lc-sys v0.32.1
   Compiling asn1-rs-impl v0.2.0
   Compiling displaydoc v0.2.5
   Compiling env_filter v0.1.3
   Compiling serde_derive v1.0.228
   Compiling aws-lc-fips-sys v0.13.8
   Compiling asn1-rs-derive v0.6.0
warning: aws-lc-fips-sys@0.13.8: Building with: CMake
warning: aws-lc-fips-sys@0.13.8: Symbol Prefix: Some("aws_lc_fips_0_13_8")
error: failed to run custom build command for `aws-lc-fips-sys v0.13.8`

Caused by:
  process didn't exit successfully: `/app/target/release/build/aws-lc-fips-sys-7cf0a5461a217c58/build-script-main` (exit status: 101)
  --- stdout
  cargo:rerun-if-env-changed=AWS_LC_FIPS_SYS_NO_PREFIX
  cargo:rerun-if-env-changed=AWS_LC_FIPS_SYS_PREGENERATING_BINDINGS
  cargo:rerun-if-env-changed=AWS_LC_FIPS_SYS_EXTERNAL_BINDGEN
  cargo:rerun-if-env-changed=AWS_LC_FIPS_SYS_NO_ASM
  cargo:rerun-if-env-changed=AWS_LC_FIPS_SYS_CPU_JITTER_ENTROPY
  cargo:rustc-cfg=x86_64_unknown_linux_gnu
  cargo:rerun-if-env-changed=AWS_LC_FIPS_SYS_STATIC
  cargo:warning=Building with: CMake
  cargo:warning=Symbol Prefix: Some("aws_lc_fips_0_13_8")
  cargo:rerun-if-env-changed=CMAKE

  --- stderr
  Missing dependency: Go is required for FIPS.
  Missing dependency: cmake

  thread 'main' (9097) panicked at /root/.cargo/registry/src/index.crates.io-1949cf8c6b5b557f/aws-lc-fips-sys-0.13.8/builder/main.rs:518:34:
  called `Result::unwrap()` on an `Err` value: "Required build dependency is missing. Halting build."
  note: run with `RUST_BACKTRACE=1` environment variable to display a backtrace
warning: build failed, waiting for other jobs to finish...
   Compiling thiserror v2.0.17
   Compiling data-encoding v2.9.0
   Compiling time-macros v0.2.24
   Compiling num-traits v0.2.19
   Compiling minimal-lexical v0.2.1
   Compiling paste v1.0.15
   Compiling oid-registry v0.8.1
   Compiling serde_json v1.0.145
   Compiling macro_rules_attribute-proc_macro v0.2.2
   Compiling ryu v1.0.20
   Compiling lazy_static v1.5.0
   Compiling hex v0.4.3
   Compiling bencher v0.1.5
   Compiling displaydoc v0.2.5
   Compiling asn1-rs-impl v0.2.0
   Compiling asn1-rs-derive v0.6.0
   Compiling rustls-test v0.1.0 (/app/rustls-test)
   Compiling nom v7.1.3
   Compiling tinystr v0.8.1
   Compiling zerotrie v0.2.2
   Compiling icu_collections v2.0.0
   Compiling macro_rules_attribute v0.2.2
   Compiling icu_locale_core v2.0.0
   Compiling time v0.3.44
   Compiling num-integer v0.1.46
   Compiling num-bigint v0.4.6
   Compiling icu_provider v2.0.0
   Compiling icu_normalizer v2.0.0
   Compiling icu_properties v2.0.1
   Compiling rusticata-macros v4.1.0
   Compiling yasna v0.5.2
   Compiling asn1-rs v0.7.1
   Compiling idna_adapter v1.2.1
   Compiling idna v1.1.0
   Compiling rcgen v0.14.5
   Compiling url v2.5.7
   Compiling der-parser v10.0.0
   Compiling hickory-proto v0.25.2
   Compiling x509-parser v0.18.0
   Compiling rustls v0.24.0-dev.0 (/app/rustls)
   Compiling hickory-resolver v0.25.2
   Compiling rustls-examples v0.0.1 (/app/examples)
    Finished `test` profile [unoptimized + debuginfo] target(s) in 11.96s
     Running unittests src/lib.rs (target/debug/deps/rustls-5472391c8de7cc28)

running 228 tests
test bs_debug::tests::debug ... ok
test client::handy::test_with_aws_lc_rs::tests::test_noclientsessionstorage_does_nothing ... ok
test client::ech::tests::server_hello_conf_alters_server_hello_random ... ok
test crypto::aws_lc_rs::hpke::tests::test_fips ... ok
test crypto::aws_lc_rs::kx::tests::kxgroup_fmt_yields_name ... ok
test crypto::aws_lc_rs::quic::test_with_aws_lc_rs::tests::short_packet_header_protection ... ok
test crypto::aws_lc_rs::quic::test_with_aws_lc_rs::tests::short_packet_header_protection_v2 ... ok
test crypto::aws_lc_rs::quic::test_with_aws_lc_rs::tests::test_multipath_aead_basic ... ok
test crypto::aws_lc_rs::quic::test_with_aws_lc_rs::tests::test_multipath_aead_roundtrip ... ok
test crypto::aws_lc_rs::quic::test_with_aws_lc_rs::tests::key_update_test_vector ... ok
test crypto::aws_lc_rs::quic::test_with_aws_lc_rs::tests::initial_test_vector_v2 ... ok
test crypto::aws_lc_rs::sign::tests::can_load_ecdsa_nistp256_sec1 ... ok
test crypto::aws_lc_rs::sign::tests::can_load_ecdsa_nistp256_pkcs8 ... ok
test crypto::aws_lc_rs::sign::tests::can_load_eddsa_pkcs8 ... ok
test crypto::aws_lc_rs::sign::tests::can_sign_eddsa ... ok
test crypto::aws_lc_rs::sign::tests::cannot_load_invalid_pkcs8_encoding ... ok
test crypto::aws_lc_rs::tests::default_suites ... ok
test crypto::cipher::tests::multipath_nonce ... ok
test crypto::aws_lc_rs::sign::tests::can_load_ecdsa_nistp384_sec1 ... ok
test enums::tests::tls13_signature_restrictions ... ok
test crypto::tests::test_shared_secret_strip_leading_zeros ... ok
test error::tests::certificate_error_equality ... ok
test error::tests::crl_error_equality ... ok
test enums::tests::test_enums ... ok
test error::tests::other_error_equality ... ok
test error::tests::rand_error_mapping ... ok
test error::tests::alert_display ... ok
test error::tests::time_error_mapping ... ok
test error::tests::smoke ... ok
test hash_hs::test_with_aws_lc_rs::tests::abandon ... ok
test hash_hs::test_with_aws_lc_rs::tests::buffers_correctly ... ok
test hash_hs::test_with_aws_lc_rs::tests::clones_correctly ... ok
test hash_hs::test_with_aws_lc_rs::tests::hashes_correctly ... ok
test hash_hs::test_with_aws_lc_rs::tests::hashes_message_types ... ok
test key_log_file::tests::test_env_var_cannot_be_opened ... ok
test key_log_file::tests::test_env_var_cannot_be_written ... ok
test key_log_file::tests::test_env_var_is_not_set ... ok
test limited_cache::tests::test_evicts_after_second_oldest_item_removed ... ok
test limited_cache::tests::test_evicts_oldest_item ... ok
test limited_cache::tests::test_evicts_second_oldest_item_if_first_removed ... ok
test limited_cache::tests::test_get_or_insert_default_and_edit_edits_existing_item ... ok
test limited_cache::tests::test_get_or_insert_default_and_edit_evicts_old_items_to_meet_capacity ... ok
test limited_cache::tests::test_updates_existing_item ... ok
test msgs::codec::tests::interrupted_length_prefixed_buffer_leaves_maximum_length ... ok
test limited_cache::tests::test_removes_all_items ... ok
test msgs::deframer::handshake::tests::append ... ok
test msgs::deframer::handshake::tests::coalesce ... ok
test msgs::deframer::handshake::tests::coalesce_rejects_excess_size_message ... ok
test msgs::deframer::handshake::tests::iter_only_returns_full_messages ... ok
test msgs::deframer::tests::iterate_one_message ... ok
test msgs::deframer::tests::exercise_fuzz_deframer ... ok
test msgs::deframer::tests::iterate_two_messages ... ok
test msgs::deframer::tests::iterator_empty_before_header_received ... ok
test msgs::deframer::handshake::tests::handshake_flight ... ok
test msgs::deframer::tests::iterator_excess_message_length_rejected ... ok
test msgs::deframer::tests::iterator_invalid_content_type_rejected ... ok
test msgs::deframer::tests::iterator_invalid_protocol_version_rejected ... ok
test msgs::deframer::tests::iterator_over_many_messages ... ok
test msgs::deframer::tests::iterator_zero_message_length_rejected ... ok
test msgs::fragmenter::tests::fragment_multiple_slices ... ok
test msgs::fragmenter::tests::non_fragment ... ok
test msgs::fragmenter::tests::smoke ... ok
test msgs::enums::tests::test_enums ... ok
test msgs::handshake::tests::test_ech_config_dupe_exts ... ok
test msgs::handshake::tests::test_ech_config_mandatory_exts ... ok
test msgs::handshake_test::accepts_empty_session_id ... ok
test msgs::handshake_test::accepts_short_session_id ... ok
test crypto::aws_lc_rs::sign::tests::can_load_ecdsa_nistp521_sec1 ... ok
test msgs::handshake_test::can_clone_all_server_extensions ... ok
test msgs::handshake_test::can_clone_all_client_extensions ... ok
test msgs::handshake_test::can_decode_server_hello_from_api_devicecheck_apple_com ... ok
test msgs::handshake_test::can_print_all_client_extensions ... ok
test msgs::handshake_test::can_round_trip_cert_status_req_for_other ... ok
test msgs::handshake_test::can_round_trip_psk_offer ... ok
test crypto::aws_lc_rs::sign::tests::can_load_ecdsa_nistp384_pkcs8 ... ok
test msgs::handshake_test::cannot_read_message_hash_from_network ... ok
test msgs::handshake_test::can_round_trip_cert_status_req_for_ocsp ... ok
test msgs::handshake_test::can_into_owned_all_tls12_handshake_payloads ... ok
test msgs::handshake_test::client_extensions_basics ... ok
test msgs::handshake_test::can_round_trip_psk_identity ... ok
test msgs::handshake_test::client_extensions_empty ... ok
test crypto::aws_lc_rs::sign::tests::can_load_rsa2048_pkcs1 ... ok
test msgs::handshake_test::debug_random ... ok
test msgs::handshake_test::can_print_all_server_extensions ... ok
test msgs::handshake_test::can_into_owned_all_tls13_handshake_payloads ... ok
test msgs::handshake_test::reads_random ... ok
test msgs::handshake_test::can_round_trip_all_tls13_handshake_payloads ... ok
test msgs::handshake_test::refuses_certificate_ext_with_unparsed_bytes ... ok
test msgs::handshake_test::debug_session_id ... ok
test msgs::handshake_test::can_round_trip_all_tls12_handshake_payloads ... ok
test msgs::handshake_test::client_extensions_decode_checks_duplicates ... ok
test msgs::handshake_test::refuses_certificate_ext_with_unknown_type ... ok
test msgs::handshake_test::refuses_certificate_req_ext_with_unparsed_bytes ... ok
test msgs::handshake_test::refuses_client_exts_with_unparsed_bytes ... ok
test msgs::handshake_test::refuses_certificate_req_ext_with_duplicate ... ok
test msgs::handshake_test::cannot_decode_huge_certificate ... ok
test msgs::handshake_test::refuses_new_session_ticket_ext_with_duplicate_extension ... ok
test msgs::handshake_test::refuses_new_session_ticket_ext_with_unparsed_bytes ... ok
test msgs::handshake_test::rejects_empty_sni_extension ... ok
test msgs::handshake_test::rejects_duplicate_names_in_sni_extension ... ok
test msgs::handshake_test::rejects_short_random ... ok
test msgs::handshake_test::rejects_truncated_session_id ... ok
test msgs::handshake_test::rejects_truncated_sni ... ok
test msgs::handshake_test::session_id_with_different_lengths_are_unequal ... ok
test msgs::handshake_test::test_echconfig_serialization ... ok
test msgs::handshake_test::test_truncated_client_extension_is_detected ... ok
test msgs::handshake_test::test_truncated_hello_retry_extension_is_detected ... ok
test msgs::handshake_test::wrapped_dn_encoding ... ok
test msgs::handshake_test::test_truncated_psk_offer ... ok
test msgs::message_test::alert_is_not_handshake ... ok
test msgs::message::outbound::tests::split_out_of_bounds ... ok
test msgs::message_test::debug_payload ... ok
test msgs::message_test::can_read_safari_client_hello_with_ip_address_in_sni_extension ... ok
test msgs::message_test::construct_all_types ... ok
test msgs::persist::tests::serversessionvalue_no_sni ... ok
test msgs::persist::tests::serversessionvalue_with_cert ... ok
test record_layer::tests::test_has_decrypted ... ok
test msgs::tests::smoketest ... ok
test server::handy::cache::tests::test_serversessionmemorycache_accepts_put ... ok
test msgs::handshake_test::rejects_session_id_with_bad_length ... ok
test server::handy::sni_resolver::tests::test_resolvesservercertusingsni_handles_unknown_name ... ok
test server::handy::sni_resolver::tests::test_resolvesservercertusingsni_requires_sni ... ok
test server::handy::tests::test_neverproducestickets_does_nothing ... ok
test server::handy::tests::test_noserversessionstorage_denies_takes ... ok
test server::handy::cache::tests::test_serversessionmemorycache_overwrites_put ... ok
test server::server_conn::tests::test_read_in_new_state ... ok
test server::handy::tests::test_noserversessionstorage_denies_gets ... ok
test quic::tests::auto_traits ... ok
test server::handy::tests::test_noserversessionstorage_drops_put ... ok
test msgs::persist::tests::serversessionvalue_is_debug ... ok
test msgs::handshake_test::test_decode_config_list ... ok
test server::test::null_compression_required ... ok
test msgs::message::outbound::tests::split_at_with_multiple_slices ... ok
test msgs::message::outbound::tests::split_at_with_single_slice ... ok
test server::handy::cache::tests::test_serversessionmemorycache_persists_put ... ok
test msgs::message::outbound::tests::empty_slices_mixed ... ok
test server::handy::cache::tests::test_serversessionmemorycache_drops_to_maintain_size_invariant ... ok
test msgs::handshake_test::refuses_server_ext_with_unparsed_bytes ... ok
test stream::tests::stream_can_be_created_for_connection_and_tcpstream ... ok
test stream::tests::streamowned_can_be_created_for_server_and_tcpstream ... ok
test stream::tests::streamowned_can_be_created_for_client_and_tcpstream ... ok
test suites::test_with_aws_lc_rs::tests::test_can_resume_to ... ok
test suites::test_with_aws_lc_rs::tests::test_scs_is_debug ... ok
test test_macros::test_with_aws_lc_rs::tests::test_each_provider ... ok
test tls12::test_with_aws_lc_rs::tests::client_ecdhe_invalid ... ok
test vecbuf::tests::short_append_copy_with_limit ... ok
test tls13::key_schedule::test_with_aws_lc_rs::tests::test_vectors ... ok
test webpki::client_verifier::test_with_aws_lc_rs::tests::test_builder_no_roots ... ok
test webpki::client_verifier::test_with_aws_lc_rs::tests::smoke ... ok
test crypto::aws_lc_rs::sign::tests::can_load_ecdsa_nistp521_pkcs8 ... ok
test msgs::message_test::into_wire_format ... ok
test msgs::handshake_test::test_truncated_client_hello_is_detected ... ok
test webpki::client_verifier::test_with_aws_lc_rs::tests::test_client_verifier_no_auth ... ok
test verify::assertions_are_debug ... ok
test webpki::client_verifier::test_with_aws_lc_rs::tests::test_with_invalid_crls ... ok
test webpki::client_verifier::test_with_aws_lc_rs::tests::test_client_verifier_enforce_expiration ... ok
test webpki::client_verifier::test_with_aws_lc_rs::tests::test_client_verifier_optional_auth ... ok
test webpki::server_verifier::test_with_aws_lc_rs::tests::test_server_verifier_allow_unknown ... ok
test webpki::client_verifier::test_with_aws_lc_rs::tests::test_client_verifier_without_crls_optional_auth ... ok
test webpki::client_verifier::test_with_aws_lc_rs::tests::test_client_verifier_with_crls_optional_auth ... ok
test vecbuf::tests::read_byte_by_byte ... ok
test webpki::anchors::root_cert_store_debug ... ok
test webpki::server_verifier::test_with_aws_lc_rs::tests::test_builder_no_roots ... ok
test webpki::server_verifier::test_with_aws_lc_rs::tests::test_server_verifier_enforce_expiration ... ok
test webpki::client_verifier::test_with_aws_lc_rs::tests::test_client_verifier_without_crls_required_auth ... ok
test webpki::server_verifier::test_with_aws_lc_rs::tests::test_server_verifier_ee_only ... ok
test webpki::server_verifier::test_with_aws_lc_rs::tests::test_server_verifier_allow_unknown_ee_only ... ok
test webpki::client_verifier::test_with_aws_lc_rs::tests::test_client_verifier_ee_only ... ok
test webpki::client_verifier::test_with_aws_lc_rs::tests::test_client_verifier_required_auth ... ok
test webpki::tests::pki_crl_errors ... ok
test webpki::client_verifier::test_with_aws_lc_rs::tests::test_client_verifier_with_crls_required_auth_implicit ... ok
test webpki::server_verifier::test_with_aws_lc_rs::tests::test_with_invalid_crls ... ok
test webpki::client_verifier::test_with_aws_lc_rs::tests::test_with_crls_multiple_calls ... ok
test x509::tests::test_small ... ok
test webpki::client_verifier::test_with_aws_lc_rs::tests::test_client_verifier_allow_unknown ... ok
test webpki::tests::crl_error_from_webpki ... ok
test x509::tests::test_huge ... ok
test x509::tests::test_medium ... ok
test webpki::verify::tests::certificate_debug ... ok
test x509::tests::test_wrap_in_bit_string ... ok
test x509::tests::test_empty ... ok
test x509::tests::test_large ... ok
test tls13::key_schedule::test_with_aws_lc_rs::tests::empty_hash ... ok
test webpki::server_verifier::test_with_aws_lc_rs::tests::test_with_crls_multiple_calls ... ok
test msgs::handshake_test::can_detect_truncation_of_all_tls13_handshake_payloads ... ok
test msgs::handshake_test::test_truncated_server_extension_is_detected ... ok
test msgs::handshake_test::can_detect_truncation_of_all_tls12_handshake_payloads ... ok
test crypto::aws_lc_rs::sign::tests::can_load_rsa2048_pkcs8 ... ok
test x509::tests::test_gigantic ... ok
test limited_cache::tests::test_inserts_many_items ... ok
test msgs::message_test::test_read_fuzz_corpus ... ok
test tls12::test_with_aws_lc_rs::tests::server_ecdhe_remaining_bytes ... ok
test crypto::aws_lc_rs::ticketer::tests::rfc5077ticketer_is_debug_and_producestickets ... ok
test server::test::test_with_aws_lc_rs::tests::test_rpk_only_server_rejects_x509_only_client ... ok
test crypto::aws_lc_rs::ticketer::tests::ticketrotator_switching_test ... ok
test server::test::test_with_aws_lc_rs::tests::test_server_requiring_rpk_client_rejects_x509_client ... ok
test crypto::aws_lc_rs::sign::tests::can_sign_ecdsa_nistp256 ... ok
test crypto::aws_lc_rs::ticketer::tests::refuses_decrypt_before_encrypt ... ok
test crypto::aws_lc_rs::ticketer::tests::basic_pairwise_test ... ok
test server::test::test_with_aws_lc_rs::tests::test_server_rejects_no_extended_master_secret_extension_when_require_ems_or_fips ... ok
test crypto::aws_lc_rs::ticketer::tests::refuses_decrypt_larger_than_largest_encryption ... ok
test crypto::aws_lc_rs::sign::tests::can_sign_ecdsa_nistp521 ... ok
test client::test::test_with_aws_lc_rs::tests::test_no_session_ticket_request_on_tls_1_3 ... ok
test client::test::test_with_aws_lc_rs::tests::cas_extension_in_client_hello_if_server_verifier_requests_it ... ok
test client::test::test_with_aws_lc_rs::tests::test_client_requiring_rpk_rejects_server_that_only_demands_x509_by_omission ... ok
test crypto::aws_lc_rs::ticketer::tests::ticketrotator_remains_usable_over_temporary_ticketer_creation_failure ... ok
test client::test::test_with_aws_lc_rs::tests::test_client_rejects_hrr_with_varied_session_id ... ok
test client::test::test_with_aws_lc_rs::tests::test_client_does_not_offer_sha1 ... ok
test client::test::hybrid_kx_component_share_not_offered_unless_supported_separately ... ok
test client::test::test_with_aws_lc_rs::tests::test_client_requiring_rpk_rejects_server_that_only_offers_x509_id ... ok
test client::test::test_with_aws_lc_rs::tests::test_client_rejects_no_extended_master_secret_extension_when_require_ems_or_fips ... ok
test client::test::test_with_aws_lc_rs::tests::test_no_renegotiation_scsv_on_tls_1_3 ... ok
test client::test::test_with_aws_lc_rs::tests::test_client_with_custom_verifier_can_accept_ecdsa_sha1_signatures ... FAILED
test client::test::hybrid_kx_component_share_offered_if_supported_separately ... ok
test client::test::test_with_aws_lc_rs::tests::test_client_requiring_rpk_rejects_server_that_only_offers_x509_id_by_omission ... ok
test client::test::test_with_aws_lc_rs::tests::test_client_requiring_rpk_accepts_rpk_server ... ok
test client::test::test_with_aws_lc_rs::tests::test_client_requiring_rpk_rejects_server_that_only_demands_x509 ... ok
test crypto::aws_lc_rs::sign::tests::can_sign_ecdsa_nistp384 ... ok
test crypto::aws_lc_rs::sign::tests::can_sign_rsa2048 ... ok
test server::test::test_with_aws_lc_rs::tests::server_picks_ffdhe_group_when_clienthello_has_no_ffdhe_group_in_groups_ext ... ok
test server::test::test_with_aws_lc_rs::tests::server_picks_ffdhe_group_when_clienthello_has_no_groups_ext ... ok
test server::test::test_with_aws_lc_rs::tests::server_accepts_client_with_no_ecpoints_extension_and_only_ffdhe_cipher_suites ... ok
test x509::tests::test_ludicrous ... ok
test crypto::aws_lc_rs::hpke::tests::smoke_test ... ok
test msgs::message::outbound::tests::exhaustive_splitting ... ok
test msgs::handshake_test::client_extensions_ordering ... ok
test vecbuf::tests::every_possible_chunk_interleaving ... ok
test crypto::aws_lc_rs::hpke::rfc_tests::check_test_vectors ... ok

failures:

---- client::test::test_with_aws_lc_rs::tests::test_client_with_custom_verifier_can_accept_ecdsa_sha1_signatures stdout ----

thread 'client::test::test_with_aws_lc_rs::tests::test_client_with_custom_verifier_can_accept_ecdsa_sha1_signatures' (12933) panicked at rustls/src/client/test.rs:296:36:
called `Result::unwrap()` on an `Err` value: PeerMisbehaved(SignedKxWithWrongAlgorithm)
note: run with `RUST_BACKTRACE=1` environment variable to display a backtrace


failures:
    client::test::test_with_aws_lc_rs::tests::test_client_with_custom_verifier_can_accept_ecdsa_sha1_signatures

test result: FAILED. 227 passed; 1 failed; 0 ignored; 0 measured; 0 filtered out; finished in 3.47s

error: test failed, to rerun pass `-p rustls --lib`
   Compiling zerovec-derive v0.11.1
   Compiling tokio-macros v2.5.0
   Compiling enum-as-inner v0.6.1
   Compiling async-trait v0.1.89
   Compiling clap_derive v4.5.47
   Compiling zerofrom-derive v0.1.6
   Compiling yoke-derive v0.8.0
   Compiling thiserror v2.0.17
   Compiling serde v1.0.228
   Compiling env_logger v0.11.8
   Compiling aws-lc-fips-sys v0.13.8
warning: aws-lc-fips-sys@0.13.8: Building with: CMake
warning: aws-lc-fips-sys@0.13.8: Symbol Prefix: Some("aws_lc_fips_0_13_8")
error: failed to run custom build command for `aws-lc-fips-sys v0.13.8`

Caused by:
  process didn't exit successfully: `/app/target/release/build/aws-lc-fips-sys-7cf0a5461a217c58/build-script-main` (exit status: 101)
  --- stdout
  cargo:rerun-if-env-changed=AWS_LC_FIPS_SYS_NO_PREFIX
  cargo:rerun-if-env-changed=AWS_LC_FIPS_SYS_PREGENERATING_BINDINGS
  cargo:rerun-if-env-changed=AWS_LC_FIPS_SYS_EXTERNAL_BINDGEN
  cargo:rerun-if-env-changed=AWS_LC_FIPS_SYS_NO_ASM
  cargo:rerun-if-env-changed=AWS_LC_FIPS_SYS_CPU_JITTER_ENTROPY
  cargo:rustc-cfg=x86_64_unknown_linux_gnu
  cargo:rerun-if-env-changed=AWS_LC_FIPS_SYS_STATIC
  cargo:warning=Building with: CMake
  cargo:warning=Symbol Prefix: Some("aws_lc_fips_0_13_8")
  cargo:rerun-if-env-changed=CMAKE

  --- stderr
  Missing dependency: Go is required for FIPS.
  Missing dependency: cmake

  thread 'main' (13252) panicked at /root/.cargo/registry/src/index.crates.io-1949cf8c6b5b557f/aws-lc-fips-sys-0.13.8/builder/main.rs:518:34:
  called `Result::unwrap()` on an `Err` value: "Required build dependency is missing. Halting build."
  note: run with `RUST_BACKTRACE=1` environment variable to display a backtrace
warning: build failed, waiting for other jobs to finish...
/usr/local/bin/run.sh: line 18: admin/all-features-except: Permission denied
   Compiling rustls-webpki v0.103.6
   Compiling once_cell v1.21.3
   Compiling log v0.4.28
   Compiling rustls v0.24.0-dev.0 (/app/rustls)
    Finished `dev` profile [unoptimized + debuginfo] target(s) in 4.99s
 Downloading crates ...
  Downloaded byteorder v1.5.0
  Downloaded cpufeatures v0.2.17
  Downloaded libcrux-hkdf v0.0.3
  Downloaded zeroize_derive v1.4.2
  Downloaded inout v0.1.4
  Downloaded chacha20 v0.9.1
  Downloaded base64ct v1.8.0
  Downloaded poly1305 v0.8.0
  Downloaded aead v0.5.2
  Downloaded num-bigint-dig v0.8.4
  Downloaded universal-hash v0.5.1
  Downloaded libcrux-curve25519 v0.0.3
  Downloaded hax-lib v0.3.4
  Downloaded sha2 v0.10.9
  Downloaded spin v0.9.8
  Downloaded p384 v0.13.1
  Downloaded x25519-dalek v2.0.1
  Downloaded num-iter v0.1.45
  Downloaded hpke-rs-libcrux v0.3.0
  Downloaded signature v2.2.0
  Downloaded version_check v0.9.5
  Downloaded spki v0.7.3
  Downloaded p256 v0.13.2
  Downloaded libcrux-ecdh v0.0.3
  Downloaded hpke-rs v0.3.0
  Downloaded libcrux-sha3 v0.0.3
  Downloaded hkdf v0.12.4
  Downloaded hax-lib-macros v0.3.4
  Downloaded libcrux-p256 v0.0.3
  Downloaded ghash v0.5.1
  Downloaded digest v0.10.7
  Downloaded libcrux-traits v0.0.3
  Downloaded const-oid v0.9.6
  Downloaded sec1 v0.7.3
  Downloaded rand_core v0.6.4
  Downloaded libcrux-secrets v0.0.3
  Downloaded libcrux-platform v0.0.2
  Downloaded libcrux-hmac v0.0.3
  Downloaded k256 v0.13.4
  Downloaded hpke-rs-rust-crypto v0.3.0
  Downloaded ff v0.13.1
  Downloaded der v0.7.10
  Downloaded crypto-common v0.1.6
  Downloaded rustc_version v0.4.1
  Downloaded rsa v0.9.8
  Downloaded polyval v0.6.2
  Downloaded pkcs1 v0.7.5
  Downloaded libm v0.2.15
  Downloaded curve25519-dalek v4.1.3
  Downloaded ctr v0.9.2
  Downloaded rfc6979 v0.4.0
  Downloaded rand v0.8.5
  Downloaded pem-rfc7468 v0.7.0
  Downloaded group v0.13.0
  Downloaded typenum v1.18.0
  Downloaded opaque-debug v0.3.1
  Downloaded libcrux-poly1305 v0.0.3
  Downloaded libcrux-chacha20poly1305 v0.0.3
  Downloaded hmac v0.12.1
  Downloaded elliptic-curve v0.13.8
  Downloaded crypto-bigint v0.5.5
  Downloaded libcrux-hacl-rs v0.0.3
  Downloaded aes v0.8.4
  Downloaded semver v1.0.27
  Downloaded libcrux-sha2 v0.0.3
  Downloaded libcrux-intrinsics v0.0.3
  Downloaded cipher v0.4.4
  Downloaded rand_chacha v0.3.1
  Downloaded primeorder v0.13.6
  Downloaded pkcs8 v0.10.2
  Downloaded libcrux-macros v0.0.3
  Downloaded hpke-rs-crypto v0.3.0
  Downloaded chacha20poly1305 v0.10.1
  Downloaded aes-gcm v0.10.3
  Downloaded libcrux-kem v0.0.3
  Downloaded generic-array v0.14.7
  Downloaded ecdsa v0.16.9
  Downloaded curve25519-dalek-derive v0.1.1
  Downloaded base16ct v0.2.0
  Downloaded block-buffer v0.10.4
  Downloaded libcrux-ml-kem v0.0.3
   Compiling version_check v0.9.5
   Compiling typenum v1.18.0
   Compiling subtle v2.6.1
   Compiling const-oid v0.9.6
   Compiling base64ct v1.8.0
   Compiling cpufeatures v0.2.17
   Compiling base16ct v0.2.0
   Compiling libm v0.2.15
   Compiling semver v1.0.27
   Compiling opaque-debug v0.3.1
   Compiling hax-lib v0.3.4
   Compiling libcrux-intrinsics v0.0.3
   Compiling libcrux-sha3 v0.0.3
   Compiling num-bigint-dig v0.8.4
   Compiling rand_core v0.9.3
   Compiling spin v0.9.8
   Compiling byteorder v1.5.0
   Compiling smallvec v1.15.1
   Compiling num-traits v0.2.19
   Compiling syn v2.0.106
   Compiling getrandom v0.2.16
   Compiling libcrux-platform v0.0.2
   Compiling ppv-lite86 v0.2.21
   Compiling lazy_static v1.5.0
   Compiling hpke-rs-crypto v0.3.0
   Compiling rand_core v0.6.4
   Compiling generic-array v0.14.7
   Compiling rustc_version v0.4.1
   Compiling pem-rfc7468 v0.7.0
   Compiling ff v0.13.1
   Compiling group v0.13.0
   Compiling curve25519-dalek v4.1.3
   Compiling rand_chacha v0.3.1
   Compiling rand v0.8.5
   Compiling num-integer v0.1.46
   Compiling num-iter v0.1.45
   Compiling zeroize_derive v1.4.2
   Compiling hax-lib-macros v0.3.4
   Compiling curve25519-dalek-derive v0.1.1
   Compiling zeroize v1.8.1
   Compiling der v0.7.10
   Compiling rustls-pki-types v1.12.0
   Compiling rustls-webpki v0.103.6
   Compiling hpke-rs v0.3.0
   Compiling crypto-common v0.1.6
   Compiling block-buffer v0.10.4
   Compiling inout v0.1.4
   Compiling crypto-bigint v0.5.5
   Compiling universal-hash v0.5.1
   Compiling aead v0.5.2
   Compiling cipher v0.4.4
   Compiling digest v0.10.7
   Compiling polyval v0.6.2
   Compiling poly1305 v0.8.0
   Compiling rustls v0.24.0-dev.0 (/app/rustls)
   Compiling hmac v0.12.1
   Compiling signature v2.2.0
   Compiling sha2 v0.10.9
   Compiling ghash v0.5.1
   Compiling aes v0.8.4
   Compiling chacha20 v0.9.1
   Compiling ctr v0.9.2
   Compiling spki v0.7.3
   Compiling hkdf v0.12.4
   Compiling rfc6979 v0.4.0
   Compiling chacha20poly1305 v0.10.1
   Compiling pkcs8 v0.10.2
   Compiling sec1 v0.7.3
   Compiling pkcs1 v0.7.5
   Compiling aes-gcm v0.10.3
   Compiling x25519-dalek v2.0.1
   Compiling rsa v0.9.8
   Compiling elliptic-curve v0.13.8
   Compiling primeorder v0.13.6
   Compiling ecdsa v0.16.9
   Compiling k256 v0.13.4
   Compiling p384 v0.13.1
   Compiling p256 v0.13.2
   Compiling hpke-rs-rust-crypto v0.3.0
   Compiling rustls-provider-example v0.0.1 (/app/provider-example)
    Finished `dev` profile [unoptimized + debuginfo] target(s) in 10.19s
warning: the following packages contain code that will be rejected by a future version of Rust: num-bigint-dig v0.8.4
note: to see what the problems were, use the option `--future-incompat-report`, or run `cargo report future-incompatibilities --id 1`
   Compiling rand_core v0.9.3
   Compiling once_cell v1.21.3
   Compiling der v0.7.10
   Compiling rustls-pki-types v1.12.0
   Compiling hpke-rs-crypto v0.3.0
   Compiling hpke-rs v0.3.0
   Compiling rustls-webpki v0.103.6
   Compiling rustls v0.24.0-dev.0 (/app/rustls)
   Compiling spki v0.7.3
   Compiling pkcs8 v0.10.2
   Compiling sec1 v0.7.3
   Compiling pkcs1 v0.7.5
   Compiling elliptic-curve v0.13.8
   Compiling rsa v0.9.8
   Compiling primeorder v0.13.6
   Compiling ecdsa v0.16.9
   Compiling k256 v0.13.4
   Compiling p384 v0.13.1
   Compiling p256 v0.13.2
   Compiling hpke-rs-rust-crypto v0.3.0
   Compiling rustls-provider-example v0.0.1 (/app/provider-example)
    Finished `dev` profile [unoptimized + debuginfo] target(s) in 5.00s
warning: the following packages contain code that will be rejected by a future version of Rust: num-bigint-dig v0.8.4
note: to see what the problems were, use the option `--future-incompat-report`, or run `cargo report future-incompatibilities --id 1`
   Compiling aws-lc-rs v1.14.1
   Compiling anstream v0.6.20
   Compiling webpki-roots v1.0.2
   Compiling aws-lc-sys v0.32.1
   Compiling rustls v0.24.0-dev.0 (/app/rustls)
   Compiling hpke-rs v0.3.0
   Compiling env_logger v0.11.8
   Compiling rustls-provider-example v0.0.1 (/app/provider-example)
   Compiling rcgen v0.14.5
    Finished `test` profile [unoptimized + debuginfo] target(s) in 9.82s
warning: the following packages contain code that will be rejected by a future version of Rust: num-bigint-dig v0.8.4
note: to see what the problems were, use the option `--future-incompat-report`, or run `cargo report future-incompatibilities --id 1`
     Running unittests src/lib.rs (target/debug/deps/rustls_provider_example-83a43a905a34ecc3)

running 2 tests
test hpke::tests::test_fips ... ok
test hpke::tests::smoke_test ... ok

test result: ok. 2 passed; 0 failed; 0 ignored; 0 measured; 0 filtered out; finished in 0.12s

   Doc-tests rustls_provider_example

running 0 tests

test result: ok. 0 passed; 0 failed; 0 ignored; 0 measured; 0 filtered out; finished in 0.00s

    Finished `dev` profile [unoptimized + debuginfo] target(s) in 0.15s
   Compiling serde_derive v1.0.228
   Compiling aws-lc-rs v1.14.1
   Compiling rustls-webpki v0.103.6
   Compiling rustls v0.24.0-dev.0 (/app/rustls)
   Compiling serde v1.0.228
   Compiling rustls-provider-example v0.0.1 (/app/provider-example)
   Compiling rustls-provider-test v0.1.0 (/app/rustls-provider-test)
    Finished `test` profile [unoptimized + debuginfo] target(s) in 7.22s
warning: the following packages contain code that will be rejected by a future version of Rust: num-bigint-dig v0.8.4
note: to see what the problems were, use the option `--future-incompat-report`, or run `cargo report future-incompatibilities --id 1`
     Running tests/hpke.rs (target/debug/deps/hpke-d5219dbedc9fc69e)

running 1 test
test check_test_vectors ... ok

test result: ok. 1 passed; 0 failed; 0 ignored; 0 measured; 0 filtered out; finished in 25.03s

   Packaging rustls v0.24.0-dev.0 (/app/rustls)
warning: ignoring test `api` as `tests/runners/api.rs` is not included in the published package
warning: ignoring test `bogo` as `tests/bogo.rs` is not included in the published package
warning: ignoring test `key_log_file_env` as `tests/runners/key_log_file_env.rs` is not included in the published package
warning: ignoring test `process_provider` as `tests/process_provider.rs` is not included in the published package
    Updating crates.io index
    Packaged 114 files, 1.7MiB (364.0KiB compressed)
   Verifying rustls v0.24.0-dev.0 (/app/rustls)
   Compiling libc v0.2.176
   Compiling memchr v2.7.6
   Compiling regex-syntax v0.8.6
   Compiling alloc-no-stdlib v2.0.4
   Compiling aws-lc-rs v1.14.1
   Compiling foldhash v0.1.5
   Compiling zlib-rs v0.5.2
   Compiling alloc-stdlib v0.2.2
   Compiling hashbrown v0.15.5
   Compiling brotli-decompressor v5.0.0
   Compiling aho-corasick v1.1.3
   Compiling brotli v8.0.2
   Compiling jobserver v0.1.34
   Compiling cc v1.2.39
   Compiling getrandom v0.2.16
   Compiling regex-automata v0.4.11
   Compiling cmake v0.1.54
   Compiling ring v0.17.14
   Compiling aws-lc-sys v0.32.1
   Compiling regex v1.11.3
   Compiling aws-lc-fips-sys v0.13.8
warning: aws-lc-fips-sys@0.13.8: Building with: CMake
warning: aws-lc-fips-sys@0.13.8: Symbol Prefix: Some("aws_lc_fips_0_13_8")
error: failed to run custom build command for `aws-lc-fips-sys v0.13.8`

Caused by:
  process didn't exit successfully: `/app/target/debug/build/aws-lc-fips-sys-3c175e383aeda5dd/build-script-main` (exit status: 101)
  --- stdout
  cargo:rerun-if-env-changed=AWS_LC_FIPS_SYS_NO_PREFIX
  cargo:rerun-if-env-changed=AWS_LC_FIPS_SYS_PREGENERATING_BINDINGS
  cargo:rerun-if-env-changed=AWS_LC_FIPS_SYS_EXTERNAL_BINDGEN
  cargo:rerun-if-env-changed=AWS_LC_FIPS_SYS_NO_ASM
  cargo:rerun-if-env-changed=AWS_LC_FIPS_SYS_CPU_JITTER_ENTROPY
  cargo:rustc-cfg=x86_64_unknown_linux_gnu
  cargo:rerun-if-env-changed=AWS_LC_FIPS_SYS_STATIC
  cargo:warning=Building with: CMake
  cargo:warning=Symbol Prefix: Some("aws_lc_fips_0_13_8")
  cargo:rerun-if-env-changed=CMAKE

  --- stderr
  Missing dependency: Go is required for FIPS.
  Missing dependency: cmake

  thread 'main' (20423) panicked at /root/.cargo/registry/src/index.crates.io-1949cf8c6b5b557f/aws-lc-fips-sys-0.13.8/builder/main.rs:518:34:
  called `Result::unwrap()` on an `Err` value: "Required build dependency is missing. Halting build."
  note: run with `RUST_BACKTRACE=1` environment variable to display a backtrace
warning: build failed, waiting for other jobs to finish...
error: failed to verify package tarball
