go version go1.22.0 linux/amd64
go: downloading github.com/gorilla/websocket v1.5.3
go: downloading github.com/stretchr/testify v1.10.0
go: downloading github.com/go-test/deep v1.1.1
go: downloading github.com/davecgh/go-spew v1.1.1
go: downloading github.com/pmezard/go-difflib v1.0.0
go: downloading gopkg.in/yaml.v3 v3.0.1
?   	github.com/slack-go/slack/examples/blocks	[no test files]
?   	github.com/slack-go/slack/examples/buttons	[no test files]
?   	github.com/slack-go/slack/examples/connparams	[no test files]
?   	github.com/slack-go/slack/examples/conversation_history	[no test files]
?   	github.com/slack-go/slack/examples/conversations	[no test files]
?   	github.com/slack-go/slack/examples/conversations_invite	[no test files]
?   	github.com/slack-go/slack/examples/dialog	[no test files]
?   	github.com/slack-go/slack/examples/eventsapi	[no test files]
?   	github.com/slack-go/slack/examples/files	[no test files]
?   	github.com/slack-go/slack/examples/files/multiple_files	[no test files]
?   	github.com/slack-go/slack/examples/files_remote	[no test files]
?   	github.com/slack-go/slack/examples/function	[no test files]
?   	github.com/slack-go/slack/examples/manifests	[no test files]
?   	github.com/slack-go/slack/examples/messages	[no test files]
?   	github.com/slack-go/slack/examples/modal	[no test files]
?   	github.com/slack-go/slack/examples/modal_users	[no test files]
?   	github.com/slack-go/slack/examples/pagination	[no test files]
?   	github.com/slack-go/slack/examples/pins	[no test files]
?   	github.com/slack-go/slack/examples/reactions	[no test files]
?   	github.com/slack-go/slack/examples/remotefiles	[no test files]
?   	github.com/slack-go/slack/examples/slash	[no test files]
?   	github.com/slack-go/slack/examples/socketmode	[no test files]
?   	github.com/slack-go/slack/examples/socketmode_handler	[no test files]
?   	github.com/slack-go/slack/examples/stars	[no test files]
?   	github.com/slack-go/slack/examples/team	[no test files]
?   	github.com/slack-go/slack/examples/tokens	[no test files]
?   	github.com/slack-go/slack/examples/users	[no test files]
?   	github.com/slack-go/slack/examples/webhooks	[no test files]
?   	github.com/slack-go/slack/examples/websocket	[no test files]
?   	github.com/slack-go/slack/examples/websocket_respond	[no test files]
?   	github.com/slack-go/slack/internal/backoff	[no test files]
?   	github.com/slack-go/slack/internal/timex	[no test files]
=== RUN   TestAdminConversationsSetTeams
2025/08/13 17:13:43 Test WebSocket server listening on 127.0.0.1:33395
--- PASS: TestAdminConversationsSetTeams (0.00s)
=== RUN   TestAdminConversationsConvertToPrivate
--- PASS: TestAdminConversationsConvertToPrivate (0.00s)
=== RUN   TestAdminConversationsConvertToPublic
--- PASS: TestAdminConversationsConvertToPublic (0.00s)
=== RUN   TestListEventAuthorizations
--- PASS: TestListEventAuthorizations (0.00s)
=== RUN   TestUninstallApp
--- PASS: TestUninstallApp (0.00s)
=== RUN   TestAssistantThreadsSuggestedPrompts
--- PASS: TestAssistantThreadsSuggestedPrompts (0.00s)
=== RUN   TestSetAssistantThreadsStatus
--- PASS: TestSetAssistantThreadsStatus (0.00s)
=== RUN   TestSetAssistantThreadsTitle
--- PASS: TestSetAssistantThreadsTitle (0.00s)
=== RUN   TestAttachment_UnmarshalMarshalJSON_WithBlocks
--- PASS: TestAttachment_UnmarshalMarshalJSON_WithBlocks (0.01s)
=== RUN   TestGetAuditLogs
--- PASS: TestGetAuditLogs (0.00s)
=== RUN   TestListTeams
--- PASS: TestListTeams (0.00s)
=== RUN   TestNewActionBlock
--- PASS: TestNewActionBlock (0.00s)
=== RUN   TestNewCallBlock
--- PASS: TestNewCallBlock (0.00s)
=== RUN   TestNewContextBlock
--- PASS: TestNewContextBlock (0.00s)
=== RUN   TestNewDividerBlock
--- PASS: TestNewDividerBlock (0.00s)
=== RUN   TestNewImageBlockElement
--- PASS: TestNewImageBlockElement (0.00s)
=== RUN   TestNewImageBlockElementSlackFile
--- PASS: TestNewImageBlockElementSlackFile (0.00s)
=== RUN   TestNewButtonBlockElement
--- PASS: TestNewButtonBlockElement (0.00s)
=== RUN   TestWithStyleForButtonElement
--- PASS: TestWithStyleForButtonElement (0.00s)
=== RUN   TestWithURLForButtonElement
--- PASS: TestWithURLForButtonElement (0.00s)
=== RUN   TestNewOptionsSelectBlockElement
--- PASS: TestNewOptionsSelectBlockElement (0.00s)
=== RUN   TestNewOptionsGroupSelectBlockElement
--- PASS: TestNewOptionsGroupSelectBlockElement (0.00s)
=== RUN   TestNewOptionsMultiSelectBlockElement
--- PASS: TestNewOptionsMultiSelectBlockElement (0.00s)
=== RUN   TestNewOptionsGroupMultiSelectBlockElement
--- PASS: TestNewOptionsGroupMultiSelectBlockElement (0.00s)
=== RUN   TestNewOverflowBlockElement
--- PASS: TestNewOverflowBlockElement (0.00s)
=== RUN   TestNewDatePickerBlockElement
--- PASS: TestNewDatePickerBlockElement (0.00s)
=== RUN   TestNewTimePickerBlockElement
--- PASS: TestNewTimePickerBlockElement (0.00s)
=== RUN   TestNewDateTimePickerBlockElement
--- PASS: TestNewDateTimePickerBlockElement (0.00s)
=== RUN   TestNewPlainTextInputBlockElement
--- PASS: TestNewPlainTextInputBlockElement (0.00s)
=== RUN   TestNewRichTextInputBlockElement
--- PASS: TestNewRichTextInputBlockElement (0.00s)
=== RUN   TestNewEmailTextInputBlockElement
--- PASS: TestNewEmailTextInputBlockElement (0.00s)
=== RUN   TestNewURLTextInputBlockElement
--- PASS: TestNewURLTextInputBlockElement (0.00s)
=== RUN   TestNewCheckboxGroupsBlockElement
--- PASS: TestNewCheckboxGroupsBlockElement (0.00s)
=== RUN   TestNewRadioButtonsBlockElement
--- PASS: TestNewRadioButtonsBlockElement (0.00s)
=== RUN   TestNewNumberInputBlockElement
--- PASS: TestNewNumberInputBlockElement (0.00s)
=== RUN   TestNewFileInputBlockElement
--- PASS: TestNewFileInputBlockElement (0.00s)
=== RUN   TestNewFileBlock
--- PASS: TestNewFileBlock (0.00s)
=== RUN   TestNewHeaderBlock
--- PASS: TestNewHeaderBlock (0.00s)
=== RUN   TestImageURLForNewImageBlock
--- PASS: TestImageURLForNewImageBlock (0.00s)
=== RUN   TestSlackFileForNewImageBlock
--- PASS: TestSlackFileForNewImageBlock (0.00s)
=== RUN   TestNewInputBlock
--- PASS: TestNewInputBlock (0.00s)
=== RUN   TestNewMarkdownBlock
--- PASS: TestNewMarkdownBlock (0.00s)
=== RUN   TestNewImageBlockObject
--- PASS: TestNewImageBlockObject (0.00s)
=== RUN   TestNewTextBlockObject
--- PASS: TestNewTextBlockObject (0.00s)
=== RUN   TestNewConfirmationBlockObject
--- PASS: TestNewConfirmationBlockObject (0.00s)
=== RUN   TestWithStyleForConfirmation
--- PASS: TestWithStyleForConfirmation (0.00s)
=== RUN   TestNewOptionBlockObject
--- PASS: TestNewOptionBlockObject (0.00s)
=== RUN   TestNewOptionGroupBlockElement
--- PASS: TestNewOptionGroupBlockElement (0.00s)
=== RUN   TestValidateTextBlockObject
--- PASS: TestValidateTextBlockObject (0.00s)
=== RUN   TestTextBlockObject_UnmarshalJSON
--- PASS: TestTextBlockObject_UnmarshalJSON (0.00s)
=== RUN   TestNewRichTextBlock
--- PASS: TestNewRichTextBlock (0.00s)
=== RUN   TestRichTextBlock_UnmarshalJSON
--- PASS: TestRichTextBlock_UnmarshalJSON (0.00s)
=== RUN   TestRichTextSection_UnmarshalJSON
--- PASS: TestRichTextSection_UnmarshalJSON (0.00s)
=== RUN   TestRichTextList_UnmarshalJSON
--- PASS: TestRichTextList_UnmarshalJSON (0.00s)
=== RUN   TestRichTextQuote_Marshal
=== RUN   TestRichTextQuote_Marshal/rich_text_section
=== RUN   TestRichTextQuote_Marshal/rich_text_quote
=== RUN   TestRichTextQuote_Marshal/rich_text_preformatted
--- PASS: TestRichTextQuote_Marshal (0.00s)
    --- PASS: TestRichTextQuote_Marshal/rich_text_section (0.00s)
    --- PASS: TestRichTextQuote_Marshal/rich_text_quote (0.00s)
    --- PASS: TestRichTextQuote_Marshal/rich_text_preformatted (0.00s)
=== RUN   TestNewSectionBlock
--- PASS: TestNewSectionBlock (0.00s)
=== RUN   TestNewBlockSectionContainsAddedTextBlockAndAccessory
--- PASS: TestNewBlockSectionContainsAddedTextBlockAndAccessory (0.00s)
=== RUN   TestSectionBlockOptionExpand
--- PASS: TestSectionBlockOptionExpand (0.00s)
=== RUN   TestNewBlockMessage
--- PASS: TestNewBlockMessage (0.00s)
=== RUN   TestNewVideoBlock
--- PASS: TestNewVideoBlock (0.00s)
=== RUN   TestAddBookmarkLink
--- PASS: TestAddBookmarkLink (0.00s)
=== RUN   TestListBookmarks
--- PASS: TestListBookmarks (0.00s)
=== RUN   TestRemoveBookmark
--- PASS: TestRemoveBookmark (0.00s)
=== RUN   TestEditBookmark
--- PASS: TestEditBookmark (0.01s)
=== RUN   TestGetBotInfo
--- PASS: TestGetBotInfo (0.00s)
=== RUN   TestAddCall
--- PASS: TestAddCall (0.01s)
=== RUN   TestGetCall
--- PASS: TestGetCall (0.00s)
=== RUN   TestUpdateCall
--- PASS: TestUpdateCall (0.01s)
=== RUN   TestCreateCanvas
--- PASS: TestCreateCanvas (0.00s)
=== RUN   TestDeleteCanvas
--- PASS: TestDeleteCanvas (0.00s)
=== RUN   TestEditCanvas
--- PASS: TestEditCanvas (0.00s)
=== RUN   TestSetCanvasAccess
--- PASS: TestSetCanvasAccess (0.00s)
=== RUN   TestDeleteCanvasAccess
--- PASS: TestDeleteCanvasAccess (0.00s)
=== RUN   TestLookupCanvasSections
--- PASS: TestLookupCanvasSections (0.00s)
=== RUN   TestPostMessageInvalidChannel
--- PASS: TestPostMessageInvalidChannel (0.00s)
=== RUN   TestGetPermalink
--- PASS: TestGetPermalink (0.00s)
=== RUN   TestPostMessage
=== RUN   TestPostMessage/Metadata
=== RUN   TestPostMessage/UnfurlAuthURL
=== RUN   TestPostMessage/OnlyBasicProperties
=== RUN   TestPostMessage/Blocks
=== RUN   TestPostMessage/Attachment
=== RUN   TestPostMessage/LinkNames_true
=== RUN   TestPostMessage/LinkNames_false
=== RUN   TestPostMessage/Unfurl
=== RUN   TestPostMessage/UnfurlAuthRequired
=== RUN   TestPostMessage/UnfurlAuthMessage
--- PASS: TestPostMessage (0.01s)
    --- PASS: TestPostMessage/Metadata (0.00s)
    --- PASS: TestPostMessage/UnfurlAuthURL (0.00s)
    --- PASS: TestPostMessage/OnlyBasicProperties (0.00s)
    --- PASS: TestPostMessage/Blocks (0.00s)
    --- PASS: TestPostMessage/Attachment (0.00s)
    --- PASS: TestPostMessage/LinkNames_true (0.00s)
    --- PASS: TestPostMessage/LinkNames_false (0.00s)
    --- PASS: TestPostMessage/Unfurl (0.00s)
    --- PASS: TestPostMessage/UnfurlAuthRequired (0.00s)
    --- PASS: TestPostMessage/UnfurlAuthMessage (0.00s)
=== RUN   TestPostMessageWithBlocksWhenMsgOptionResponseURLApplied
--- PASS: TestPostMessageWithBlocksWhenMsgOptionResponseURLApplied (0.00s)
=== RUN   TestPostMessageWhenMsgOptionReplaceOriginalApplied
--- PASS: TestPostMessageWhenMsgOptionReplaceOriginalApplied (0.00s)
=== RUN   TestPostMessageWhenMsgOptionDeleteOriginalApplied
--- PASS: TestPostMessageWhenMsgOptionDeleteOriginalApplied (0.00s)
=== RUN   TestSendMessageContextRedactsTokenInDebugLog
=== RUN   TestSendMessageContextRedactsTokenInDebugLog/regular_token
=== RUN   TestSendMessageContextRedactsTokenInDebugLog/refresh_token
--- PASS: TestSendMessageContextRedactsTokenInDebugLog (0.00s)
    --- PASS: TestSendMessageContextRedactsTokenInDebugLog/regular_token (0.00s)
    --- PASS: TestSendMessageContextRedactsTokenInDebugLog/refresh_token (0.00s)
=== RUN   TestUpdateMessage
=== RUN   TestUpdateMessage/empty_file_ids
=== RUN   TestUpdateMessage/with_file_ids
--- PASS: TestUpdateMessage (0.00s)
    --- PASS: TestUpdateMessage/empty_file_ids (0.00s)
    --- PASS: TestUpdateMessage/with_file_ids (0.00s)
=== RUN   TestSimpleChannel
--- PASS: TestSimpleChannel (0.00s)
=== RUN   TestCreateSimpleChannel
--- PASS: TestCreateSimpleChannel (0.00s)
=== RUN   TestSharedChannel
--- PASS: TestSharedChannel (0.00s)
=== RUN   TestCreateSharedChannel
--- PASS: TestCreateSharedChannel (0.00s)
=== RUN   TestSimpleGroup
--- PASS: TestSimpleGroup (0.00s)
=== RUN   TestCreateSimpleGroup
--- PASS: TestCreateSimpleGroup (0.00s)
=== RUN   TestChannelWithCanvas
--- PASS: TestChannelWithCanvas (0.00s)
=== RUN   TestCreateChannelWithCanvas
--- PASS: TestCreateChannelWithCanvas (0.00s)
=== RUN   TestSimpleIM
--- PASS: TestSimpleIM (0.00s)
=== RUN   TestCreateSimpleIM
--- PASS: TestCreateSimpleIM (0.00s)
=== RUN   TestGetUsersInConversation
--- PASS: TestGetUsersInConversation (0.00s)
=== RUN   TestArchiveConversation
--- PASS: TestArchiveConversation (0.00s)
=== RUN   TestUnArchiveConversation
--- PASS: TestUnArchiveConversation (0.00s)
=== RUN   TestSetTopicOfConversation
--- PASS: TestSetTopicOfConversation (0.00s)
=== RUN   TestSetPurposeOfConversation
--- PASS: TestSetPurposeOfConversation (0.00s)
=== RUN   TestRenameConversation
--- PASS: TestRenameConversation (0.00s)
=== RUN   TestInviteUsersToConversation
--- PASS: TestInviteUsersToConversation (0.00s)
=== RUN   TestInviteSharedToConversation
=== RUN   TestInviteSharedToConversation/user_ids
=== RUN   TestInviteSharedToConversation/emails
=== RUN   TestInviteSharedToConversation/external_limited
--- PASS: TestInviteSharedToConversation (0.00s)
    --- PASS: TestInviteSharedToConversation/user_ids (0.00s)
    --- PASS: TestInviteSharedToConversation/emails (0.00s)
    --- PASS: TestInviteSharedToConversation/external_limited (0.00s)
=== RUN   TestKickUserFromConversation
--- PASS: TestKickUserFromConversation (0.00s)
=== RUN   TestCloseConversation
--- PASS: TestCloseConversation (0.00s)
=== RUN   TestCreateConversation
--- PASS: TestCreateConversation (0.00s)
=== RUN   TestGetConversationInfo
--- PASS: TestGetConversationInfo (0.00s)
=== RUN   TestLeaveConversation
--- PASS: TestLeaveConversation (0.00s)
=== RUN   TestGetConversationReplies
--- PASS: TestGetConversationReplies (0.00s)
=== RUN   TestGetConversations
--- PASS: TestGetConversations (0.00s)
=== RUN   TestOpenConversation
--- PASS: TestOpenConversation (0.00s)
=== RUN   TestJoinConversation
--- PASS: TestJoinConversation (0.00s)
=== RUN   TestGetConversationHistory
--- PASS: TestGetConversationHistory (0.00s)
=== RUN   TestMarkConversation
--- PASS: TestMarkConversation (0.00s)
=== RUN   TestCreateChannelCanvas
--- PASS: TestCreateChannelCanvas (0.00s)
=== RUN   TestSelectOptionsFromArray
--- PASS: TestSelectOptionsFromArray (0.00s)
=== RUN   TestOptionsFromMap
--- PASS: TestOptionsFromMap (0.00s)
=== RUN   TestStaticSelectFromArray
--- PASS: TestStaticSelectFromArray (0.00s)
=== RUN   TestStaticSelectFromDictionary
--- PASS: TestStaticSelectFromDictionary (0.00s)
=== RUN   TestNewDialogOptionGroup
--- PASS: TestNewDialogOptionGroup (0.00s)
=== RUN   TestStaticGroupedSelect
--- PASS: TestStaticGroupedSelect (0.00s)
=== RUN   TestConversationSelect
--- PASS: TestConversationSelect (0.00s)
=== RUN   TestChannelSelect
--- PASS: TestChannelSelect (0.00s)
=== RUN   TestUserSelect
--- PASS: TestUserSelect (0.00s)
=== RUN   TestSimpleDialog
--- PASS: TestSimpleDialog (0.00s)
=== RUN   TestCreateSimpleDialog
--- PASS: TestCreateSimpleDialog (0.00s)
=== RUN   TestSimpleCallback
--- PASS: TestSimpleCallback (0.00s)
=== RUN   TestSimpleSuggestionCallback
--- PASS: TestSimpleSuggestionCallback (0.00s)
=== RUN   TestOpenDialog
--- PASS: TestOpenDialog (0.00s)
=== RUN   TestDialogCreate
--- PASS: TestDialogCreate (0.00s)
=== RUN   TestNewTextInput
--- PASS: TestNewTextInput (0.00s)
=== RUN   TestNewTextAreaInput
--- PASS: TestNewTextAreaInput (0.00s)
=== RUN   TestSlack_EndDND
--- PASS: TestSlack_EndDND (0.00s)
=== RUN   TestSlack_EndSnooze
--- PASS: TestSlack_EndSnooze (0.00s)
=== RUN   TestSlack_GetDNDInfo
--- PASS: TestSlack_GetDNDInfo (0.00s)
=== RUN   TestSlack_GetDNDTeamInfo
--- PASS: TestSlack_GetDNDTeamInfo (0.00s)
=== RUN   TestSlack_SetSnooze
--- PASS: TestSlack_SetSnooze (0.00s)
=== RUN   TestGetEmoji
--- PASS: TestGetEmoji (0.00s)
=== RUN   TestSlack_GetFile
--- PASS: TestSlack_GetFile (0.00s)
=== RUN   TestSlack_DeleteFileComment
--- PASS: TestSlack_DeleteFileComment (0.00s)
=== RUN   TestUploadFile
--- PASS: TestUploadFile (0.02s)
=== RUN   TestUploadFileWithoutFilename
--- PASS: TestUploadFileWithoutFilename (0.00s)
=== RUN   TestUploadFileV2
--- PASS: TestUploadFileV2 (0.02s)
=== RUN   TestGetUploadURLExternalContext
=== RUN   TestGetUploadURLExternalContext/Testing_with_required_parameters
=== RUN   TestGetUploadURLExternalContext/Testing_with_optional_parameters
=== RUN   TestGetUploadURLExternalContext/Testing_with_request_error
=== RUN   TestGetUploadURLExternalContext/Testing_with_invalid_parameters:_empty_file_name
=== RUN   TestGetUploadURLExternalContext/Testing_with_invalid_parameters:_file_size_0
--- PASS: TestGetUploadURLExternalContext (0.00s)
    --- PASS: TestGetUploadURLExternalContext/Testing_with_required_parameters (0.00s)
    --- PASS: TestGetUploadURLExternalContext/Testing_with_optional_parameters (0.00s)
    --- PASS: TestGetUploadURLExternalContext/Testing_with_request_error (0.00s)
    --- PASS: TestGetUploadURLExternalContext/Testing_with_invalid_parameters:_empty_file_name (0.00s)
    --- PASS: TestGetUploadURLExternalContext/Testing_with_invalid_parameters:_file_size_0 (0.00s)
=== RUN   TestCompleteUploadExternalContext
=== RUN   TestCompleteUploadExternalContext/Testing_with_required_parameters
=== RUN   TestCompleteUploadExternalContext/Testing_with_optional_parameters
=== RUN   TestCompleteUploadExternalContext/Testing_with_blocks
=== RUN   TestCompleteUploadExternalContext/Testing_with_error
--- PASS: TestCompleteUploadExternalContext (0.00s)
    --- PASS: TestCompleteUploadExternalContext/Testing_with_required_parameters (0.00s)
    --- PASS: TestCompleteUploadExternalContext/Testing_with_optional_parameters (0.00s)
    --- PASS: TestCompleteUploadExternalContext/Testing_with_blocks (0.00s)
    --- PASS: TestCompleteUploadExternalContext/Testing_with_error (0.00s)
=== RUN   TestFunctionComplete
2025/08/13 17:13:43 http: superfluous response.WriteHeader call from github.com/slack-go/slack.postFailure (function_execute_test.go:51)
2025/08/13 17:13:43 http: superfluous response.WriteHeader call from github.com/slack-go/slack.postFailure (function_execute_test.go:51)
--- PASS: TestFunctionComplete (0.01s)
=== RUN   TestJSONTime_UnmarshalJSON
=== RUN   TestJSONTime_UnmarshalJSON/acceptable_int64_timestamp
=== RUN   TestJSONTime_UnmarshalJSON/acceptable_string_timestamp
=== RUN   TestJSONTime_UnmarshalJSON/null
--- PASS: TestJSONTime_UnmarshalJSON (0.00s)
    --- PASS: TestJSONTime_UnmarshalJSON/acceptable_int64_timestamp (0.00s)
    --- PASS: TestJSONTime_UnmarshalJSON/acceptable_string_timestamp (0.00s)
    --- PASS: TestJSONTime_UnmarshalJSON/null (0.00s)
=== RUN   TestDialogCallback
--- PASS: TestDialogCallback (0.00s)
=== RUN   TestActionCallback
--- PASS: TestActionCallback (0.00s)
=== RUN   TestViewClosedck
--- PASS: TestViewClosedck (0.00s)
=== RUN   TestViewSubmissionCallback
--- PASS: TestViewSubmissionCallback (0.00s)
=== RUN   TestInteractionCallbackJSONMarshalAndUnmarshal
--- PASS: TestInteractionCallbackJSONMarshalAndUnmarshal (0.01s)
=== RUN   TestInteractionCallback_InteractionTypeBlockActions_Unmarshal
--- PASS: TestInteractionCallback_InteractionTypeBlockActions_Unmarshal (0.00s)
=== RUN   TestInteractionCallback_Container_Marshal_And_Unmarshal
--- PASS: TestInteractionCallback_Container_Marshal_And_Unmarshal (0.00s)
=== RUN   TestInteractionCallback_In_Thread_Container_Marshal_And_Unmarshal
--- PASS: TestInteractionCallback_In_Thread_Container_Marshal_And_Unmarshal (0.00s)
=== RUN   TestInteractionCallback_Parser
--- PASS: TestInteractionCallback_Parser (0.00s)
=== RUN   TestNewMessageItem
--- PASS: TestNewMessageItem (0.00s)
=== RUN   TestNewFileItem
--- PASS: TestNewFileItem (0.00s)
=== RUN   TestNewFileCommentItem
--- PASS: TestNewFileCommentItem (0.00s)
=== RUN   TestNewChannelItem
--- PASS: TestNewChannelItem (0.00s)
=== RUN   TestNewIMItem
--- PASS: TestNewIMItem (0.00s)
=== RUN   TestNewGroupItem
--- PASS: TestNewGroupItem (0.00s)
=== RUN   TestNewRefToMessage
--- PASS: TestNewRefToMessage (0.00s)
=== RUN   TestNewRefToFile
--- PASS: TestNewRefToFile (0.00s)
=== RUN   TestNewRefToComment
--- PASS: TestNewRefToComment (0.00s)
=== RUN   TestLogging
--- PASS: TestLogging (0.00s)
=== RUN   TestCreateManifest
--- PASS: TestCreateManifest (0.00s)
=== RUN   TestDeleteManifest
--- PASS: TestDeleteManifest (0.00s)
=== RUN   TestExportManifest
--- PASS: TestExportManifest (0.00s)
=== RUN   TestUpdateManifest
--- PASS: TestUpdateManifest (0.00s)
=== RUN   TestValidateManifest
--- PASS: TestValidateManifest (0.00s)
=== RUN   TestNewSafeID
--- PASS: TestNewSafeID (0.00s)
=== RUN   TestSimpleMessage
--- PASS: TestSimpleMessage (0.00s)
=== RUN   TestStarredMessage
--- PASS: TestStarredMessage (0.00s)
=== RUN   TestEditedMessage
--- PASS: TestEditedMessage (0.00s)
=== RUN   TestUploadedFile
--- PASS: TestUploadedFile (0.00s)
=== RUN   TestPost
--- PASS: TestPost (0.00s)
=== RUN   TestComment
<nil>
--- PASS: TestComment (0.00s)
=== RUN   TestBotMessage
--- PASS: TestBotMessage (0.00s)
=== RUN   TestMeMessage
--- PASS: TestMeMessage (0.00s)
=== RUN   TestMessageChangedMessage
--- PASS: TestMessageChangedMessage (0.00s)
=== RUN   TestMessageDeletedMessage
--- PASS: TestMessageDeletedMessage (0.00s)
=== RUN   TestChannelJoinMessage
--- PASS: TestChannelJoinMessage (0.00s)
=== RUN   TestChannelJoinInvitedMessage
--- PASS: TestChannelJoinInvitedMessage (0.00s)
=== RUN   TestChannelLeaveMessage
--- PASS: TestChannelLeaveMessage (0.00s)
=== RUN   TestChannelTopicMessage
--- PASS: TestChannelTopicMessage (0.00s)
=== RUN   TestChannelPurposeMessage
--- PASS: TestChannelPurposeMessage (0.00s)
=== RUN   TestChannelNameMessage
--- PASS: TestChannelNameMessage (0.00s)
=== RUN   TestChannelArchiveMessage
--- PASS: TestChannelArchiveMessage (0.00s)
=== RUN   TestChannelUnarchiveMessage
--- PASS: TestChannelUnarchiveMessage (0.00s)
=== RUN   TestChannelRepliesParentMessage
--- PASS: TestChannelRepliesParentMessage (0.00s)
=== RUN   TestChannelRepliesChildMessage
--- PASS: TestChannelRepliesChildMessage (0.00s)
=== RUN   TestGroupJoinMessage
--- PASS: TestGroupJoinMessage (0.00s)
=== RUN   TestGroupJoinInvitedMessage
--- PASS: TestGroupJoinInvitedMessage (0.00s)
=== RUN   TestGroupLeaveMessage
--- PASS: TestGroupLeaveMessage (0.00s)
=== RUN   TestGroupTopicMessage
--- PASS: TestGroupTopicMessage (0.00s)
=== RUN   TestGroupPurposeMessage
--- PASS: TestGroupPurposeMessage (0.00s)
=== RUN   TestGroupNameMessage
--- PASS: TestGroupNameMessage (0.00s)
=== RUN   TestGroupArchiveMessage
--- PASS: TestGroupArchiveMessage (0.00s)
=== RUN   TestGroupUnarchiveMessage
--- PASS: TestGroupUnarchiveMessage (0.00s)
=== RUN   TestFileShareMessage
<nil>
--- PASS: TestFileShareMessage (0.00s)
=== RUN   TestParseResponse
2025/08/13 17:13:43 testing-token
--- PASS: TestParseResponse (0.00s)
=== RUN   TestParseResponseNoToken
2025/08/13 17:13:43
--- PASS: TestParseResponseNoToken (0.00s)
=== RUN   TestParseResponseInvalidToken
2025/08/13 17:13:43 whatever
--- PASS: TestParseResponseInvalidToken (0.00s)
=== RUN   TestRetryable
--- PASS: TestRetryable (0.00s)
=== RUN   TestSlackResponseErrorsMarshaling
=== RUN   TestSlackResponseErrorsMarshaling/AppsManifestCreateResponseError
=== RUN   TestSlackResponseErrorsMarshaling/ConversationsInviteResponseError
=== RUN   TestSlackResponseErrorsMarshaling/StringError
=== RUN   TestSlackResponseErrorsMarshaling/EmptyErrors
--- PASS: TestSlackResponseErrorsMarshaling (0.00s)
    --- PASS: TestSlackResponseErrorsMarshaling/AppsManifestCreateResponseError (0.00s)
    --- PASS: TestSlackResponseErrorsMarshaling/ConversationsInviteResponseError (0.00s)
    --- PASS: TestSlackResponseErrorsMarshaling/StringError (0.00s)
    --- PASS: TestSlackResponseErrorsMarshaling/EmptyErrors (0.00s)
=== RUN   TestSlackResponseErrorsUnmarshaling
=== RUN   TestSlackResponseErrorsUnmarshaling/AppsManifestCreateResponseError
=== RUN   TestSlackResponseErrorsUnmarshaling/ConversationsInviteResponseError
=== RUN   TestSlackResponseErrorsUnmarshaling/NullInput
=== RUN   TestSlackResponseErrorsUnmarshaling/StringError
--- PASS: TestSlackResponseErrorsUnmarshaling (0.00s)
    --- PASS: TestSlackResponseErrorsUnmarshaling/AppsManifestCreateResponseError (0.00s)
    --- PASS: TestSlackResponseErrorsUnmarshaling/ConversationsInviteResponseError (0.00s)
    --- PASS: TestSlackResponseErrorsUnmarshaling/NullInput (0.00s)
    --- PASS: TestSlackResponseErrorsUnmarshaling/StringError (0.00s)
=== RUN   TestSlackResponseErrorsUnmarshalingUnknownStructure
--- PASS: TestSlackResponseErrorsUnmarshalingUnknownStructure (0.00s)
=== RUN   TestSlackResponseWithErrors
=== RUN   TestSlackResponseWithErrors/ResponseWithAppsManifestCreateResponseError
=== RUN   TestSlackResponseWithErrors/ResponseWithoutErrors
=== RUN   TestSlackResponseWithErrors/ResponseWithStringErrors
--- PASS: TestSlackResponseWithErrors (0.00s)
    --- PASS: TestSlackResponseWithErrors/ResponseWithAppsManifestCreateResponseError (0.00s)
    --- PASS: TestSlackResponseWithErrors/ResponseWithoutErrors (0.00s)
    --- PASS: TestSlackResponseWithErrors/ResponseWithStringErrors (0.00s)
=== RUN   TestSlack_AddPin
--- PASS: TestSlack_AddPin (0.00s)
=== RUN   TestSlack_RemovePin
--- PASS: TestSlack_RemovePin (0.00s)
=== RUN   TestSlack_ListPins
--- PASS: TestSlack_ListPins (0.00s)
=== RUN   TestSlack_AddReaction
--- PASS: TestSlack_AddReaction (0.00s)
=== RUN   TestSlack_RemoveReaction
--- PASS: TestSlack_RemoveReaction (0.00s)
=== RUN   TestSlack_GetReactions
--- PASS: TestSlack_GetReactions (0.00s)
=== RUN   TestSlack_ListReactions
--- PASS: TestSlack_ListReactions (0.01s)
=== RUN   TestSlack_AddReminder
--- PASS: TestSlack_AddReminder (0.00s)
=== RUN   TestSlack_DeleteReminder
--- PASS: TestSlack_DeleteReminder (0.00s)
=== RUN   TestSlack_ListReminders
--- PASS: TestSlack_ListReminders (0.00s)
=== RUN   TestAddRemoteFile
--- PASS: TestAddRemoteFile (0.00s)
=== RUN   TestAddRemoteFileWithoutTitle
--- PASS: TestAddRemoteFileWithoutTitle (0.00s)
=== RUN   TestListRemoteFile
--- PASS: TestListRemoteFile (0.00s)
=== RUN   TestGetRemoteFileInfo
--- PASS: TestGetRemoteFileInfo (0.00s)
=== RUN   TestGetRemoteFileInfoWithoutID
--- PASS: TestGetRemoteFileInfoWithoutID (0.00s)
=== RUN   TestGetRemoteFileInfoWithFileIDAndExternalID
--- PASS: TestGetRemoteFileInfoWithFileIDAndExternalID (0.00s)
=== RUN   TestShareRemoteFile
--- PASS: TestShareRemoteFile (0.00s)
=== RUN   TestShareRemoteFileWithoutChannels
--- PASS: TestShareRemoteFileWithoutChannels (0.00s)
=== RUN   TestShareRemoteFileWithoutID
--- PASS: TestShareRemoteFileWithoutID (0.00s)
=== RUN   TestUpdateRemoteFile
--- PASS: TestUpdateRemoteFile (0.00s)
=== RUN   TestRemoveRemoteFile
--- PASS: TestRemoveRemoteFile (0.00s)
=== RUN   TestRemoveRemoteFileWithoutID
--- PASS: TestRemoveRemoteFileWithoutID (0.00s)
=== RUN   TestRemoveRemoteFileWithFileIDAndExternalID
--- PASS: TestRemoveRemoteFileWithFileIDAndExternalID (0.00s)
=== RUN   TestExpiredTimestamp
--- PASS: TestExpiredTimestamp (0.00s)
=== RUN   TestUnsafeSignatureVerifier
--- PASS: TestUnsafeSignatureVerifier (0.00s)
=== RUN   TestEnsure
--- PASS: TestEnsure (0.00s)
=== RUN   TestSlash_ServeHTTP
--- PASS: TestSlash_ServeHTTP (0.00s)
=== RUN   TestSlash_UnmarshalJSON
--- PASS: TestSlash_UnmarshalJSON (0.00s)
=== RUN   TestSlack_AddStar
--- PASS: TestSlack_AddStar (0.00s)
=== RUN   TestSlack_RemoveStar
--- PASS: TestSlack_RemoveStar (0.00s)
=== RUN   TestSlack_ListStars
--- PASS: TestSlack_ListStars (0.00s)
=== RUN   TestGetTeamInfo
--- PASS: TestGetTeamInfo (0.00s)
=== RUN   TestGetTeamProfile
--- PASS: TestGetTeamProfile (0.00s)
=== RUN   TestGetAccessLogs
--- PASS: TestGetAccessLogs (0.00s)
=== RUN   TestRotateTokens
--- PASS: TestRotateTokens (0.00s)
=== RUN   TestCreateUserGroup
--- PASS: TestCreateUserGroup (0.00s)
=== RUN   TestGetUserGroups
--- PASS: TestGetUserGroups (0.00s)
=== RUN   TestUpdateUserGroup
--- PASS: TestUpdateUserGroup (0.00s)
=== RUN   TestGetUserIdentity
--- PASS: TestGetUserIdentity (0.00s)
=== RUN   TestGetUserInfo
--- PASS: TestGetUserInfo (0.00s)
=== RUN   TestGetUsersInfo
--- PASS: TestGetUsersInfo (0.00s)
=== RUN   TestGetUserByEmail
--- PASS: TestGetUserByEmail (0.00s)
=== RUN   TestUserProfileSet
--- PASS: TestUserProfileSet (0.01s)
=== RUN   TestGetUsers
--- PASS: TestGetUsers (0.01s)
=== RUN   TestSetUserPhoto
--- PASS: TestSetUserPhoto (0.01s)
=== RUN   TestGetUserProfile
--- PASS: TestGetUserProfile (0.00s)
=== RUN   TestSetFieldsMap
--- PASS: TestSetFieldsMap (0.00s)
=== RUN   TestUserProfileCustomFieldsUnmarshalJSON
--- PASS: TestUserProfileCustomFieldsUnmarshalJSON (0.00s)
=== RUN   TestUserProfileCustomFieldsMarshalJSON
--- PASS: TestUserProfileCustomFieldsMarshalJSON (0.00s)
=== RUN   TestUserProfileCustomFieldsToMap
--- PASS: TestUserProfileCustomFieldsToMap (0.00s)
=== RUN   TestUserProfileCustomFieldsLen
--- PASS: TestUserProfileCustomFieldsLen (0.00s)
=== RUN   TestUserProfileCustomFieldsSetMap
--- PASS: TestUserProfileCustomFieldsSetMap (0.00s)
=== RUN   TestGetUsersHandlesRateLimit
--- PASS: TestGetUsersHandlesRateLimit (3.02s)
=== RUN   TestGetUsersReturnsServerError
--- PASS: TestGetUsersReturnsServerError (0.00s)
=== RUN   TestSlack_OpenView
=== RUN   TestSlack_OpenView/pass_empty_trigger_id
=== RUN   TestSlack_OpenView/raise_an_error_for_not_having_a_unique_block_id
=== RUN   TestSlack_OpenView/raise_an_error_from_Slack_API
=== RUN   TestSlack_OpenView/success
--- PASS: TestSlack_OpenView (0.01s)
    --- PASS: TestSlack_OpenView/pass_empty_trigger_id (0.00s)
    --- PASS: TestSlack_OpenView/raise_an_error_for_not_having_a_unique_block_id (0.00s)
    --- PASS: TestSlack_OpenView/raise_an_error_from_Slack_API (0.00s)
    --- PASS: TestSlack_OpenView/success (0.00s)
=== RUN   TestSlack_View_PublishView
=== RUN   TestSlack_View_PublishView/pass_empty_user_id
=== RUN   TestSlack_View_PublishView/raise_an_error_from_Slack_API
=== RUN   TestSlack_View_PublishView/success
--- PASS: TestSlack_View_PublishView (0.00s)
    --- PASS: TestSlack_View_PublishView/pass_empty_user_id (0.00s)
    --- PASS: TestSlack_View_PublishView/raise_an_error_from_Slack_API (0.00s)
    --- PASS: TestSlack_View_PublishView/success (0.00s)
=== RUN   TestSlack_PushView
=== RUN   TestSlack_PushView/pass_empty_trigger_id
=== RUN   TestSlack_PushView/raise_an_error_from_Slack_API
=== RUN   TestSlack_PushView/success
--- PASS: TestSlack_PushView (0.01s)
    --- PASS: TestSlack_PushView/pass_empty_trigger_id (0.00s)
    --- PASS: TestSlack_PushView/raise_an_error_from_Slack_API (0.00s)
    --- PASS: TestSlack_PushView/success (0.00s)
=== RUN   TestSlack_UpdateView
=== RUN   TestSlack_UpdateView/pass_empty_external_id_and_empty_view_id
=== RUN   TestSlack_UpdateView/raise_an_error_from_Slack_API
=== RUN   TestSlack_UpdateView/success
--- PASS: TestSlack_UpdateView (0.01s)
    --- PASS: TestSlack_UpdateView/pass_empty_external_id_and_empty_view_id (0.00s)
    --- PASS: TestSlack_UpdateView/raise_an_error_from_Slack_API (0.00s)
    --- PASS: TestSlack_UpdateView/success (0.00s)
=== RUN   TestSlack_ClearViewSubmissionResponse
--- PASS: TestSlack_ClearViewSubmissionResponse (0.00s)
=== RUN   TestSlack_UpdateViewSubmissionResponse
--- PASS: TestSlack_UpdateViewSubmissionResponse (0.00s)
=== RUN   TestSlack_PushViewSubmissionResponse
--- PASS: TestSlack_PushViewSubmissionResponse (0.00s)
=== RUN   TestSlack_ErrorsViewSubmissionResponse
--- PASS: TestSlack_ErrorsViewSubmissionResponse (0.00s)
=== RUN   TestPostWebhook_OK
--- PASS: TestPostWebhook_OK (0.00s)
=== RUN   TestPostWebhook_NotOK
--- PASS: TestPostWebhook_NotOK (0.00s)
=== RUN   TestPostWebhook_MessageLimitExceeded
--- PASS: TestPostWebhook_MessageLimitExceeded (0.00s)
=== RUN   TestWebhookMessage_WithBlocks
--- PASS: TestWebhookMessage_WithBlocks (0.00s)
=== RUN   TestSlack_WorkflowsTriggersPermissionsAdd
=== RUN   TestSlack_WorkflowsTriggersPermissionsAdd/success
--- PASS: TestSlack_WorkflowsTriggersPermissionsAdd (0.00s)
    --- PASS: TestSlack_WorkflowsTriggersPermissionsAdd/success (0.00s)
=== RUN   TestSlack_WorkflowsTriggersPermissionsList
=== RUN   TestSlack_WorkflowsTriggersPermissionsList/success
--- PASS: TestSlack_WorkflowsTriggersPermissionsList (0.00s)
    --- PASS: TestSlack_WorkflowsTriggersPermissionsList/success (0.00s)
=== RUN   TestSlack_WorkflowsTriggersPermissionsRemove
=== RUN   TestSlack_WorkflowsTriggersPermissionsRemove/success
--- PASS: TestSlack_WorkflowsTriggersPermissionsRemove (0.00s)
    --- PASS: TestSlack_WorkflowsTriggersPermissionsRemove/success (0.00s)
=== RUN   TestSlack_WorkflowsTriggersPermissionsSet
=== RUN   TestSlack_WorkflowsTriggersPermissionsSet/success
--- PASS: TestSlack_WorkflowsTriggersPermissionsSet (0.00s)
    --- PASS: TestSlack_WorkflowsTriggersPermissionsSet/success (0.00s)
=== RUN   TestRTMBeforeEvents
--- PASS: TestRTMBeforeEvents (0.01s)
=== RUN   TestRTMGoodbye
--- PASS: TestRTMGoodbye (0.02s)
=== RUN   TestRTMDeadConnection
--- PASS: TestRTMDeadConnection (0.02s)
=== RUN   TestRTMDisconnect
    websocket_managed_conn_test.go:188: invalid auth event received
--- PASS: TestRTMDisconnect (0.34s)
=== RUN   TestRTMConnectRateLimit
--- PASS: TestRTMConnectRateLimit (5.61s)
=== RUN   TestRTMSingleConnect
    websocket_managed_conn_test.go:296: Discarding message with content &{Msg:{ClientMsgID: Type:message Channel:D024BE91L User:W012A3CDE Text:test message Timestamp:1755130432 ThreadTimestamp: IsStarred:false PinnedTo:[] Attachments:[] Edited:<nil> LastRead: Subscribed:false UnreadCount:0 SubType: Hidden:false DeletedTimestamp: EventTimestamp: BotID: Username: Icons:<nil> BotProfile:<nil> Inviter: Topic: Purpose: Name: OldName: Members:[] ReplyCount:0 ReplyUsers:[] Replies:[] ParentUserId: LatestReply: Files:[] Upload:false Comment:<nil> ItemType: ReplyTo:0 Team: Reactions:[] ResponseType: ReplaceOriginal:false DeleteOriginal:false Metadata:{EventType: EventPayload:map[]} Blocks:{BlockSet:[]} Permalink:} SubMessage:<nil> PreviousMessage:<nil> Root:<nil>}
    websocket_managed_conn_test.go:303: Discarded event of type 'incoming_error' with content '&slack.IncomingEventError{ErrorObj:(*net.OpError)(0xc000bfad20)}'
--- PASS: TestRTMSingleConnect (0.01s)
=== RUN   TestRTMUnmappedError
    websocket_managed_conn_test.go:345: Discarded event of type 'connecting' with content '&slack.ConnectingEvent{Attempt:1, ConnectionCount:0}'
    websocket_managed_conn_test.go:345: Discarded event of type 'connected' with content '&slack.ConnectedEvent{ConnectionCount:0, Info:(*slack.Info)(0xc000bb1a70)}'
    websocket_managed_conn_test.go:345: Discarded event of type 'incoming_error' with content '&slack.IncomingEventError{ErrorObj:(*net.OpError)(0xc00121e190)}'
--- PASS: TestRTMUnmappedError (0.01s)
=== RUN   ExampleDialog
--- PASS: ExampleDialog (0.00s)
PASS
ok  	github.com/slack-go/slack	10.543s
=== RUN   TestIs
--- PASS: TestIs (0.00s)
PASS
ok  	github.com/slack-go/slack/internal/errorsx	1.024s
=== RUN   TestAssistantThreadStartedEvent
--- PASS: TestAssistantThreadStartedEvent (0.00s)
=== RUN   TestAssistantThreadContextChangedEvent
--- PASS: TestAssistantThreadContextChangedEvent (0.00s)
=== RUN   TestAppMention
--- PASS: TestAppMention (0.00s)
=== RUN   TestAppUninstalled
--- PASS: TestAppUninstalled (0.00s)
=== RUN   TestFileChangeEvent
--- PASS: TestFileChangeEvent (0.00s)
=== RUN   TestFileDeletedEvent
--- PASS: TestFileDeletedEvent (0.00s)
=== RUN   TestFileSharedEvent
--- PASS: TestFileSharedEvent (0.00s)
=== RUN   TestFileUnsharedEvent
--- PASS: TestFileUnsharedEvent (0.00s)
=== RUN   TestGridMigrationFinishedEvent
--- PASS: TestGridMigrationFinishedEvent (0.00s)
=== RUN   TestGridMigrationStartedEvent
--- PASS: TestGridMigrationStartedEvent (0.00s)
=== RUN   TestLinkSharedEvent
--- PASS: TestLinkSharedEvent (0.00s)
=== RUN   TestLinkSharedEvent_struct
--- PASS: TestLinkSharedEvent_struct (0.00s)
=== RUN   TestLinkSharedComposerEvent
--- PASS: TestLinkSharedComposerEvent (0.00s)
=== RUN   TestMessageEvent
--- PASS: TestMessageEvent (0.00s)
=== RUN   TestMessageChangedEvent
--- PASS: TestMessageChangedEvent (0.00s)
=== RUN   TestBotMessageEvent
--- PASS: TestBotMessageEvent (0.00s)
=== RUN   TestThreadBroadcastEvent
--- PASS: TestThreadBroadcastEvent (0.00s)
=== RUN   TestMemberJoinedChannelEvent
--- PASS: TestMemberJoinedChannelEvent (0.00s)
=== RUN   TestMemberLeftChannelEvent
--- PASS: TestMemberLeftChannelEvent (0.00s)
=== RUN   TestPinAdded
--- PASS: TestPinAdded (0.00s)
=== RUN   TestPinRemoved
--- PASS: TestPinRemoved (0.00s)
=== RUN   TestTokensRevoked
--- PASS: TestTokensRevoked (0.00s)
=== RUN   TestEmojiChanged
--- PASS: TestEmojiChanged (0.00s)
=== RUN   TestMessageMetadataPosted
--- PASS: TestMessageMetadataPosted (0.00s)
=== RUN   TestMessageMetadataUpdated
--- PASS: TestMessageMetadataUpdated (0.00s)
=== RUN   TestMessageMetadataDeleted
--- PASS: TestMessageMetadataDeleted (0.00s)
=== RUN   TestUserProfileChanged
--- PASS: TestUserProfileChanged (0.00s)
=== RUN   TestSharedChannelInvite
--- PASS: TestSharedChannelInvite (0.00s)
=== RUN   TestSharedChannelAccepted
--- PASS: TestSharedChannelAccepted (0.00s)
=== RUN   TestSharedChannelApproved
--- PASS: TestSharedChannelApproved (0.00s)
=== RUN   TestSharedChannelDeclined
--- PASS: TestSharedChannelDeclined (0.00s)
=== RUN   TestChannelHistoryChangedEvent
--- PASS: TestChannelHistoryChangedEvent (0.00s)
=== RUN   TestDndUpdatedEvent
--- PASS: TestDndUpdatedEvent (0.00s)
=== RUN   TestDndUpdatedUserEvent
--- PASS: TestDndUpdatedUserEvent (0.00s)
=== RUN   TestEmailDomainChangedEvent
--- PASS: TestEmailDomainChangedEvent (0.00s)
=== RUN   TestGroupHistoryChangedEvent
--- PASS: TestGroupHistoryChangedEvent (0.00s)
=== RUN   TestGroupOpenEvent
--- PASS: TestGroupOpenEvent (0.00s)
=== RUN   TestGroupCloseEvent
--- PASS: TestGroupCloseEvent (0.00s)
=== RUN   TestImCloseEvent
--- PASS: TestImCloseEvent (0.00s)
=== RUN   TestImCreatedEvent
--- PASS: TestImCreatedEvent (0.00s)
=== RUN   TestImHistoryChangedEvent
--- PASS: TestImHistoryChangedEvent (0.00s)
=== RUN   TestImOpenEvent
--- PASS: TestImOpenEvent (0.00s)
=== RUN   TestSubteamCreatedEvent
--- PASS: TestSubteamCreatedEvent (0.00s)
=== RUN   TestSubteamMembersChangedEvent
--- PASS: TestSubteamMembersChangedEvent (0.00s)
=== RUN   TestSubteamSelfAddedEvent
--- PASS: TestSubteamSelfAddedEvent (0.00s)
=== RUN   TestSubteamSelfRemovedEvent
--- PASS: TestSubteamSelfRemovedEvent (0.00s)
=== RUN   TestSubteamUpdatedEvent
--- PASS: TestSubteamUpdatedEvent (0.00s)
=== RUN   TestTeamDomainChangeEvent
--- PASS: TestTeamDomainChangeEvent (0.00s)
=== RUN   TestTeamRenameEvent
--- PASS: TestTeamRenameEvent (0.00s)
=== RUN   TestUserChangeEvent
--- PASS: TestUserChangeEvent (0.00s)
=== RUN   TestAppDeletedEvent
--- PASS: TestAppDeletedEvent (0.00s)
=== RUN   TestAppInstalledEvent
--- PASS: TestAppInstalledEvent (0.00s)
=== RUN   TestAppRequestedEvent
--- PASS: TestAppRequestedEvent (0.00s)
=== RUN   TestAppUninstalledTeamEvent
--- PASS: TestAppUninstalledTeamEvent (0.00s)
=== RUN   TestCallRejectedEvent
--- PASS: TestCallRejectedEvent (0.00s)
=== RUN   TestChannelSharedEvent
--- PASS: TestChannelSharedEvent (0.00s)
=== RUN   TestChannelUnsharedEvent
--- PASS: TestChannelUnsharedEvent (0.00s)
=== RUN   TestFileCreatedEvent
--- PASS: TestFileCreatedEvent (0.00s)
=== RUN   TestFilePublicEvent
--- PASS: TestFilePublicEvent (0.00s)
=== RUN   TestFunctionExecutedEvent
--- PASS: TestFunctionExecutedEvent (0.00s)
=== RUN   TestInviteRequestedEvent
--- PASS: TestInviteRequestedEvent (0.00s)
=== RUN   TestSharedChannelInviteRequested_UnmarshalJSON
--- PASS: TestSharedChannelInviteRequested_UnmarshalJSON (0.00s)
=== RUN   TestAppHomeOpenedEvent_WithView
--- PASS: TestAppHomeOpenedEvent_WithView (0.00s)
=== RUN   TestAppHomeOpenedEvent_WithoutView
--- PASS: TestAppHomeOpenedEvent_WithoutView (0.00s)
=== RUN   TestAppHomeOpenedEvent_FullEventParsing_WithView
--- PASS: TestAppHomeOpenedEvent_FullEventParsing_WithView (0.00s)
=== RUN   TestAppHomeOpenedEvent_FullEventParsing_WithoutView
--- PASS: TestAppHomeOpenedEvent_FullEventParsing_WithoutView (0.00s)
=== RUN   TestURLVerificationEvent
--- PASS: TestURLVerificationEvent (0.00s)
=== RUN   TestCallBackEvent
--- PASS: TestCallBackEvent (0.00s)
=== RUN   TestAppRateLimitedEvent
--- PASS: TestAppRateLimitedEvent (0.00s)
=== RUN   TestParserOuterCallBackEvent
--- PASS: TestParserOuterCallBackEvent (0.00s)
=== RUN   TestParseURLVerificationEvent
--- PASS: TestParseURLVerificationEvent (0.00s)
=== RUN   TestParseAppRateLimitedEvent
--- PASS: TestParseAppRateLimitedEvent (0.00s)
=== RUN   TestThatOuterCallbackEventHasInnerEvent
--- PASS: TestThatOuterCallbackEventHasInnerEvent (0.00s)
=== RUN   TestBadTokenVerification
--- PASS: TestBadTokenVerification (0.00s)
=== RUN   TestNoTokenVerification
--- PASS: TestNoTokenVerification (0.00s)
PASS
ok  	github.com/slack-go/slack/slackevents	1.074s
=== RUN   TestGenerateDefaultRTMInfo
--- PASS: TestGenerateDefaultRTMInfo (0.00s)
=== RUN   TestCustomDefaultRTMInfo
--- PASS: TestCustomDefaultRTMInfo (0.00s)
=== RUN   TestGetHubMissingServerAddr
--- PASS: TestGetHubMissingServerAddr (0.00s)
=== RUN   TestGetHubNoQueuesForServer
--- PASS: TestGetHubNoQueuesForServer (0.00s)
=== RUN   TestUnableToAddToHub
--- PASS: TestUnableToAddToHub (0.00s)
=== RUN   TestAuthTestHandler
--- PASS: TestAuthTestHandler (0.01s)
=== RUN   TestPostMessageHandler
--- PASS: TestPostMessageHandler (0.01s)
=== RUN   TestServerCreateConversationHandler
--- PASS: TestServerCreateConversationHandler (0.01s)
=== RUN   TestServerSetConversationTopicHandler
--- PASS: TestServerSetConversationTopicHandler (0.00s)
=== RUN   TestServerSetConversationPurposeHandler
--- PASS: TestServerSetConversationPurposeHandler (0.00s)
=== RUN   TestServerRenameConversationHandler
--- PASS: TestServerRenameConversationHandler (0.00s)
=== RUN   TestServerInviteConversationHandler
--- PASS: TestServerInviteConversationHandler (0.00s)
=== RUN   TestUserInfoHandler
--- PASS: TestUserInfoHandler (0.00s)
=== RUN   TestUserLookUpByEmailHandler
--- PASS: TestUserLookUpByEmailHandler (0.00s)
=== RUN   TestBotInfoHandler
--- PASS: TestBotInfoHandler (0.00s)
=== RUN   TestRTMInfo
    rtm_test.go:35:
        	Error Trace:	/app/slacktest/rtm_test.go:35
        	Error:      	did not get connected event in time
        	Test:       	TestRTMInfo
--- FAIL: TestRTMInfo (0.01s)
=== RUN   TestRTMPing
==================
WARNING: DATA RACE
Write at 0x000000d3fa40 by goroutine 186:
  github.com/slack-go/slack/slacktest.generateRTMInfo()
      /app/slacktest/funcs.go:113 +0xd4
  github.com/slack-go/slack/slacktest.RTMConnectHandler()
      /app/slacktest/handlers.go:241 +0x1c4
  net/http.HandlerFunc.ServeHTTP()
      /usr/local/go/src/net/http/server.go:2166 +0x47
  github.com/slack-go/slack/slacktest.(*Server).Handle.contextHandler.func1()
      /app/slacktest/handlers.go:26 +0x22e
  net/http.HandlerFunc.ServeHTTP()
      /usr/local/go/src/net/http/server.go:2166 +0x47
  net/http.(*ServeMux).ServeHTTP()
      /usr/local/go/src/net/http/server.go:2683 +0x1ef
  net/http.serverHandler.ServeHTTP()
      /usr/local/go/src/net/http/server.go:3137 +0x2a1
  net/http.(*conn).serve()
      /usr/local/go/src/net/http/server.go:2039 +0x13c4
  net/http.(*Server).Serve.gowrap3()
      /usr/local/go/src/net/http/server.go:3285 +0x4f

Previous read at 0x000000d3fa40 by goroutine 110:
  reflect.Value.String()
      /usr/local/go/src/reflect/value.go:2654 +0x617
  encoding/json.stringEncoder()
      /usr/local/go/src/encoding/json/encode.go:589 +0x56a
  encoding/json.structEncoder.encode()
      /usr/local/go/src/encoding/json/encode.go:704 +0x2bd
  encoding/json.structEncoder.encode-fm()
      <autogenerated>:1 +0xe4
  encoding/json.ptrEncoder.encode()
      /usr/local/go/src/encoding/json/encode.go:876 +0x3f1
  encoding/json.ptrEncoder.encode-fm()
      <autogenerated>:1 +0x84
  encoding/json.structEncoder.encode()
      /usr/local/go/src/encoding/json/encode.go:704 +0x2bd
  encoding/json.structEncoder.encode-fm()
      <autogenerated>:1 +0xe4
  encoding/json.ptrEncoder.encode()
      /usr/local/go/src/encoding/json/encode.go:876 +0x3f1
  encoding/json.ptrEncoder.encode-fm()
      <autogenerated>:1 +0x84
  encoding/json.(*encodeState).reflectValue()
      /usr/local/go/src/encoding/json/encode.go:321 +0x83
  encoding/json.(*encodeState).marshal()
      /usr/local/go/src/encoding/json/encode.go:297 +0xea
  encoding/json.Marshal()
      /usr/local/go/src/encoding/json/encode.go:163 +0x12b
  github.com/slack-go/slack/slacktest.RTMConnectHandler()
      /app/slacktest/handlers.go:242 +0x1d3
  net/http.HandlerFunc.ServeHTTP()
      /usr/local/go/src/net/http/server.go:2166 +0x47
  github.com/slack-go/slack/slacktest.(*Server).Handle.contextHandler.func1()
      /app/slacktest/handlers.go:26 +0x22e
  net/http.HandlerFunc.ServeHTTP()
      /usr/local/go/src/net/http/server.go:2166 +0x47
  net/http.(*ServeMux).ServeHTTP()
      /usr/local/go/src/net/http/server.go:2683 +0x1ef
  net/http.serverHandler.ServeHTTP()
      /usr/local/go/src/net/http/server.go:3137 +0x2a1
  net/http.(*conn).serve()
      /usr/local/go/src/net/http/server.go:2039 +0x13c4
  net/http.(*Server).Serve.gowrap3()
      /usr/local/go/src/net/http/server.go:3285 +0x4f

Goroutine 186 (running) created at:
  net/http.(*Server).Serve()
      /usr/local/go/src/net/http/server.go:3285 +0x8ec
  net/http/httptest.(*Server).goServe.func1()
      /usr/local/go/src/net/http/httptest/server.go:310 +0xbb

Goroutine 110 (running) created at:
  net/http.(*Server).Serve()
      /usr/local/go/src/net/http/server.go:3285 +0x8ec
  net/http/httptest.(*Server).goServe.func1()
      /usr/local/go/src/net/http/httptest/server.go:310 +0xbb
==================
==================
WARNING: DATA RACE
Write at 0x000000d3fa50 by goroutine 186:
  github.com/slack-go/slack/slacktest.generateRTMInfo()
      /app/slacktest/funcs.go:114 +0x179
  github.com/slack-go/slack/slacktest.RTMConnectHandler()
      /app/slacktest/handlers.go:241 +0x1c4
  net/http.HandlerFunc.ServeHTTP()
      /usr/local/go/src/net/http/server.go:2166 +0x47
  github.com/slack-go/slack/slacktest.(*Server).Handle.contextHandler.func1()
      /app/slacktest/handlers.go:26 +0x22e
  net/http.HandlerFunc.ServeHTTP()
      /usr/local/go/src/net/http/server.go:2166 +0x47
  net/http.(*ServeMux).ServeHTTP()
      /usr/local/go/src/net/http/server.go:2683 +0x1ef
  net/http.serverHandler.ServeHTTP()
      /usr/local/go/src/net/http/server.go:3137 +0x2a1
  net/http.(*conn).serve()
      /usr/local/go/src/net/http/server.go:2039 +0x13c4
  net/http.(*Server).Serve.gowrap3()
      /usr/local/go/src/net/http/server.go:3285 +0x4f

Previous read at 0x000000d3fa50 by goroutine 110:
  reflect.Value.String()
      /usr/local/go/src/reflect/value.go:2654 +0x617
  encoding/json.stringEncoder()
      /usr/local/go/src/encoding/json/encode.go:589 +0x56a
  encoding/json.structEncoder.encode()
      /usr/local/go/src/encoding/json/encode.go:704 +0x2bd
  encoding/json.structEncoder.encode-fm()
      <autogenerated>:1 +0xe4
  encoding/json.ptrEncoder.encode()
      /usr/local/go/src/encoding/json/encode.go:876 +0x3f1
  encoding/json.ptrEncoder.encode-fm()
      <autogenerated>:1 +0x84
  encoding/json.structEncoder.encode()
      /usr/local/go/src/encoding/json/encode.go:704 +0x2bd
  encoding/json.structEncoder.encode-fm()
      <autogenerated>:1 +0xe4
  encoding/json.ptrEncoder.encode()
      /usr/local/go/src/encoding/json/encode.go:876 +0x3f1
  encoding/json.ptrEncoder.encode-fm()
      <autogenerated>:1 +0x84
  encoding/json.(*encodeState).reflectValue()
      /usr/local/go/src/encoding/json/encode.go:321 +0x83
  encoding/json.(*encodeState).marshal()
      /usr/local/go/src/encoding/json/encode.go:297 +0xea
  encoding/json.Marshal()
      /usr/local/go/src/encoding/json/encode.go:163 +0x12b
  github.com/slack-go/slack/slacktest.RTMConnectHandler()
      /app/slacktest/handlers.go:242 +0x1d3
  net/http.HandlerFunc.ServeHTTP()
      /usr/local/go/src/net/http/server.go:2166 +0x47
  github.com/slack-go/slack/slacktest.(*Server).Handle.contextHandler.func1()
      /app/slacktest/handlers.go:26 +0x22e
  net/http.HandlerFunc.ServeHTTP()
      /usr/local/go/src/net/http/server.go:2166 +0x47
  net/http.(*ServeMux).ServeHTTP()
      /usr/local/go/src/net/http/server.go:2683 +0x1ef
  net/http.serverHandler.ServeHTTP()
      /usr/local/go/src/net/http/server.go:3137 +0x2a1
  net/http.(*conn).serve()
      /usr/local/go/src/net/http/server.go:2039 +0x13c4
  net/http.(*Server).Serve.gowrap3()
      /usr/local/go/src/net/http/server.go:3285 +0x4f

Goroutine 186 (running) created at:
  net/http.(*Server).Serve()
      /usr/local/go/src/net/http/server.go:3285 +0x8ec
  net/http/httptest.(*Server).goServe.func1()
      /usr/local/go/src/net/http/httptest/server.go:310 +0xbb

Goroutine 110 (running) created at:
  net/http.(*Server).Serve()
      /usr/local/go/src/net/http/server.go:3285 +0x8ec
  net/http/httptest.(*Server).goServe.func1()
      /usr/local/go/src/net/http/httptest/server.go:310 +0xbb
==================
    testing.go:1398: race detected during execution of test
--- FAIL: TestRTMPing (30.03s)
=== RUN   TestRTMDirectMessage
--- PASS: TestRTMDirectMessage (0.01s)
=== RUN   TestRTMChannelMessage
--- PASS: TestRTMChannelMessage (0.01s)
=== RUN   TestDefaultNewServer
--- PASS: TestDefaultNewServer (0.00s)
=== RUN   TestCustomNewServer
--- PASS: TestCustomNewServer (0.00s)
=== RUN   TestServerSendMessageToChannel
--- PASS: TestServerSendMessageToChannel (2.00s)
=== RUN   TestServerSendMessageToBot
--- PASS: TestServerSendMessageToBot (2.00s)
=== RUN   TestBotDirectMessageBotHandler
--- PASS: TestBotDirectMessageBotHandler (2.00s)
=== RUN   TestGetSeenOutboundMessages
--- PASS: TestGetSeenOutboundMessages (0.00s)
=== RUN   TestGetSeenInboundMessages
--- PASS: TestGetSeenInboundMessages (5.00s)
=== RUN   TestSendChannelInvite
--- PASS: TestSendChannelInvite (5.00s)
=== RUN   TestSendGroupInvite
--- PASS: TestSendGroupInvite (5.00s)
=== RUN   TestServerSawMessage
--- PASS: TestServerSawMessage (0.00s)
=== RUN   TestServerSawOutgoingMessage
--- PASS: TestServerSawOutgoingMessage (0.00s)
FAIL
FAIL	github.com/slack-go/slack/slacktest	51.174s
=== RUN   TestDetectChannelType
--- PASS: TestDetectChannelType (0.00s)
=== RUN   TestEscapeMessage
--- PASS: TestEscapeMessage (0.00s)
PASS
ok  	github.com/slack-go/slack/slackutilsx	1.029s
=== RUN   Test_passContext
=== RUN   Test_passContext/RunWithContext
=== RUN   Test_passContext/openAndDial
=== RUN   Test_passContext/OpenWithContext
--- PASS: Test_passContext (0.00s)
    --- PASS: Test_passContext/RunWithContext (0.00s)
    --- PASS: Test_passContext/openAndDial (0.00s)
    --- PASS: Test_passContext/OpenWithContext (0.00s)
=== RUN   TestSocketmodeHandler_Handle
=== RUN   TestSocketmodeHandler_Handle/Event_Match_registered_function
=== RUN   TestSocketmodeHandler_Handle/Event_do_not_registered_function
--- PASS: TestSocketmodeHandler_Handle (0.00s)
    --- PASS: TestSocketmodeHandler_Handle/Event_Match_registered_function (0.00s)
    --- PASS: TestSocketmodeHandler_Handle/Event_do_not_registered_function (0.00s)
=== RUN   TestSocketmodeHandler_HandleInteraction
=== RUN   TestSocketmodeHandler_HandleInteraction/Event_Match_registered_function
=== RUN   TestSocketmodeHandler_HandleInteraction/Event_do_not_Match_any_registered_function
=== RUN   TestSocketmodeHandler_HandleInteraction/Event_with_invalid_data_is_handled_by_default_middleware
slack-go/slack/socketmode2025/08/13 17:13:43 socketmode_handler.go:179: Ignored &{Type:interactive Data:map[brokendata:test] Request:<nil>}
=== RUN   TestSocketmodeHandler_HandleInteraction/Event_is_handled_as_EventTypeInteractive
--- PASS: TestSocketmodeHandler_HandleInteraction (0.00s)
    --- PASS: TestSocketmodeHandler_HandleInteraction/Event_Match_registered_function (0.00s)
    --- PASS: TestSocketmodeHandler_HandleInteraction/Event_do_not_Match_any_registered_function (0.00s)
    --- PASS: TestSocketmodeHandler_HandleInteraction/Event_with_invalid_data_is_handled_by_default_middleware (0.00s)
    --- PASS: TestSocketmodeHandler_HandleInteraction/Event_is_handled_as_EventTypeInteractive (0.00s)
=== RUN   TestSocketmodeHandler_HandleEvents
=== RUN   TestSocketmodeHandler_HandleEvents/Event_Match_registered_function
=== RUN   TestSocketmodeHandler_HandleEvents/Event_do_not_Match_any_registered_function
=== RUN   TestSocketmodeHandler_HandleEvents/Event_with_invalid_data_is_handled_by_default_middleware
slack-go/slack/socketmode2025/08/13 17:13:43 socketmode_handler.go:217: Ignored &{Type:events_api Data:map[brokendata:test] Request:<nil>}
=== RUN   TestSocketmodeHandler_HandleEvents/Event_is_handled_as_EventTypeInteractive
--- PASS: TestSocketmodeHandler_HandleEvents (0.00s)
    --- PASS: TestSocketmodeHandler_HandleEvents/Event_Match_registered_function (0.00s)
    --- PASS: TestSocketmodeHandler_HandleEvents/Event_do_not_Match_any_registered_function (0.00s)
    --- PASS: TestSocketmodeHandler_HandleEvents/Event_with_invalid_data_is_handled_by_default_middleware (0.00s)
    --- PASS: TestSocketmodeHandler_HandleEvents/Event_is_handled_as_EventTypeInteractive (0.00s)
=== RUN   TestSocketmodeHandler_HandleInteractionBlockAction
=== RUN   TestSocketmodeHandler_HandleInteractionBlockAction/Event_Match_registered_function
=== RUN   TestSocketmodeHandler_HandleInteractionBlockAction/Event_do_not_Match_any_registered_function
--- PASS: TestSocketmodeHandler_HandleInteractionBlockAction (0.00s)
    --- PASS: TestSocketmodeHandler_HandleInteractionBlockAction/Event_Match_registered_function (0.00s)
    --- PASS: TestSocketmodeHandler_HandleInteractionBlockAction/Event_do_not_Match_any_registered_function (0.00s)
=== RUN   TestSocketmodeHandler_HandleSlashCommand
=== RUN   TestSocketmodeHandler_HandleSlashCommand/Event_Match_registered_function
=== RUN   TestSocketmodeHandler_HandleSlashCommand/Event_do_not_Match_any_registered_function
--- PASS: TestSocketmodeHandler_HandleSlashCommand (0.00s)
    --- PASS: TestSocketmodeHandler_HandleSlashCommand/Event_Match_registered_function (0.00s)
    --- PASS: TestSocketmodeHandler_HandleSlashCommand/Event_do_not_Match_any_registered_function (0.00s)
=== RUN   TestSocketmodeHandler_Handle_errors
=== RUN   TestSocketmodeHandler_Handle_errors/Attempt_to_register_empty_command
=== RUN   TestSocketmodeHandler_Handle_errors/Attempt_to_register_nil_handler
=== RUN   TestSocketmodeHandler_Handle_errors/Attempt_to_register_duplicate_command
=== RUN   TestSocketmodeHandler_Handle_errors/Attempt_to_register_empty_Block_ActionID
=== RUN   TestSocketmodeHandler_Handle_errors/Attempt_to_register_nil_handler#01
=== RUN   TestSocketmodeHandler_Handle_errors/Attempt_to_register_duplicate_Block_ActionID
--- PASS: TestSocketmodeHandler_Handle_errors (0.00s)
    --- PASS: TestSocketmodeHandler_Handle_errors/Attempt_to_register_empty_command (0.00s)
    --- PASS: TestSocketmodeHandler_Handle_errors/Attempt_to_register_nil_handler (0.00s)
    --- PASS: TestSocketmodeHandler_Handle_errors/Attempt_to_register_duplicate_command (0.00s)
    --- PASS: TestSocketmodeHandler_Handle_errors/Attempt_to_register_empty_Block_ActionID (0.00s)
    --- PASS: TestSocketmodeHandler_Handle_errors/Attempt_to_register_nil_handler#01 (0.00s)
    --- PASS: TestSocketmodeHandler_Handle_errors/Attempt_to_register_duplicate_Block_ActionID (0.00s)
=== RUN   TestEventParsing
--- PASS: TestEventParsing (0.00s)
PASS
ok  	github.com/slack-go/slack/socketmode	1.047s
FAIL
Some tests failed.
