- Executing: Parser.jj
log4j:WARN No appenders could be found for logger (freemarker.cache).
log4j:WARN Please initialize the log4j system properly.
Java Compiler Compiler Version 4.0 (Parser Generator)
(type "javacc" with no arguments for help)
Reading from file /app/sql/target/generated-sources/javacc/Parser.jj . . .
Note: UNICODE_INPUT option is specified. Please make sure you create the parser/lexer using a Reader with the correct character encoding.
Warning: Lookahead adequacy checking not being performed since option LOOKAHEAD is more than 1.  Set option FORCE_LA_CHECK to true to force checking.
File "TokenMgrError.java" does not exist.  Will create one.
File "ParseException.java" does not exist.  Will create one.
File "Token.java" does not exist.  Will create one.
File "SimpleCharStream.java" does not exist.  Will create one.
Parser generated with 0 errors and 1 warnings.
Compiling SQL function docs for the web console...
Found 15 data types and 202 functions
Webpacking everything...
Webpack running in production mode.
Browserslist: caniuse-lite is outdated. Please run:
  npx update-browserslist-db@latest
  Why you should do it regularly: https://github.com/browserslist/update-db#readme
assets by path fonts/ 429 KiB
  assets by path fonts/*.woff2 233 KiB
    asset fonts/open-sans-latin-400-normal..woff2 18.2 KiB [emitted] [from: node_modules/@fontsource/open-sans/files/open-sans-latin-400-normal.woff2] (auxiliary name: web-console)
    + 19 assets
  assets by path fonts/*.woff 196 KiB
    asset fonts/open-sans-latin-400-normal..woff 16.9 KiB [emitted] [from: node_modules/@fontsource/open-sans/files/open-sans-latin-400-normal.woff] (auxiliary name: web-console)
    + 19 assets
assets by path *.js 4.45 MiB
  assets by status 4.44 MiB [big]
    asset web-console-35.0.0.js 3.9 MiB [emitted] [minimized] [big] (name: web-console) 1 related asset
    + 2 assets
  asset date-fns-locale-en-US-index-js-35.0.0.js 8.66 KiB [emitted] [minimized] (name: date-fns-locale-en-US-index-js)
  asset blueprint-icons-split-paths-by-size-loader-35.0.0.js 528 bytes [emitted] [minimized] (name: blueprint-icons-split-paths-by-size-loader)
  asset blueprint-icons-all-paths-loader-35.0.0.js 408 bytes [emitted] [minimized] (name: blueprint-icons-all-paths-loader)
  asset blueprint-icons-all-paths-35.0.0.js 362 bytes [emitted] [minimized] (name: blueprint-icons-all-paths)
orphan modules 12.7 MiB [orphan] 4753 modules
runtime modules 7.49 KiB 13 modules
built modules 10.9 MiB (javascript) 429 KiB (asset) [built]
  javascript modules 10.9 MiB
    modules by path ./src/ 8.17 MiB 153 modules
    modules by path ./node_modules/ 2.76 MiB 90 modules
    os (ignored) 15 bytes [built] [code generated]
  asset modules 1.64 KiB (javascript) 429 KiB (asset)
    modules by path ./node_modules/@fontsource/open-sans/files/*.woff2 840 bytes (javascript) 233 KiB (asset)
      ./node_modules/@fontsource/open-sans/files/open-sans-cyrillic-ext-40...(truncated) 42 bytes (javascript) 17.6 KiB (asset) [built] [code generated]
      + 19 modules
    modules by path ./node_modules/@fontsource/open-sans/files/*.woff 840 bytes (javascript) 196 KiB (asset)
      ./node_modules/@fontsource/open-sans/files/open-sans-cyrillic-ext-4...(truncated) 42 bytes (javascript) 15.7 KiB (asset) [built] [code generated]
      ./node_modules/@fontsource/open-sans/files/open-sans-cyrillic-400-normal.woff 42 bytes (javascript) 8.88 KiB (asset) [built] [code generated]
      + 18 modules
webpack 5.95.0 compiled successfully in 96119 ms
Web console build finished.
Copying web-console files to /app/web-console/target/resources...
Finished copying web-console files
Traceback (most recent call last):
  File "/app/distribution/bin/generate-binary-license.py", line 18, in <module>
    import yaml
ModuleNotFoundError: No module named 'yaml'
[ERROR] Command execution failed.
org.apache.commons.exec.ExecuteException: Process exited with an error: 1 (Exit value: 1)
    at org.apache.commons.exec.DefaultExecutor.executeInternal (DefaultExecutor.java:394)
    at org.apache.commons.exec.DefaultExecutor.execute (DefaultExecutor.java:292)
    at org.codehaus.mojo.exec.ExecMojo.executeCommandLine (ExecMojo.java:903)
    at org.codehaus.mojo.exec.ExecMojo.executeCommandLine (ExecMojo.java:863)
    at org.codehaus.mojo.exec.ExecMojo.execute (ExecMojo.java:454)
    at org.apache.maven.plugin.DefaultBuildPluginManager.executeMojo (DefaultBuildPluginManager.java:137)
    at org.apache.maven.lifecycle.internal.MojoExecutor.doExecute2 (MojoExecutor.java:370)
    at org.apache.maven.lifecycle.internal.MojoExecutor.doExecute (MojoExecutor.java:351)
    at org.apache.maven.lifecycle.internal.MojoExecutor.execute (MojoExecutor.java:215)
    at org.apache.maven.lifecycle.internal.MojoExecutor.execute (MojoExecutor.java:171)
    at org.apache.maven.lifecycle.internal.MojoExecutor.execute (MojoExecutor.java:163)
    at org.apache.maven.lifecycle.internal.LifecycleModuleBuilder.buildProject (LifecycleModuleBuilder.java:117)
    at org.apache.maven.lifecycle.internal.LifecycleModuleBuilder.buildProject (LifecycleModuleBuilder.java:81)
    at org.apache.maven.lifecycle.internal.builder.singlethreaded.SingleThreadedBuilder.build (SingleThreadedBuilder.java:56)
    at org.apache.maven.lifecycle.internal.LifecycleStarter.execute (LifecycleStarter.java:128)
    at org.apache.maven.DefaultMaven.doExecute (DefaultMaven.java:299)
    at org.apache.maven.DefaultMaven.doExecute (DefaultMaven.java:193)
    at org.apache.maven.DefaultMaven.execute (DefaultMaven.java:106)
    at org.apache.maven.cli.MavenCli.execute (MavenCli.java:963)
    at org.apache.maven.cli.MavenCli.doMain (MavenCli.java:296)
    at org.apache.maven.cli.MavenCli.main (MavenCli.java:199)
    at jdk.internal.reflect.NativeMethodAccessorImpl.invoke0 (Native Method)
    at jdk.internal.reflect.NativeMethodAccessorImpl.invoke (NativeMethodAccessorImpl.java:77)
    at jdk.internal.reflect.DelegatingMethodAccessorImpl.invoke (DelegatingMethodAccessorImpl.java:43)
    at java.lang.reflect.Method.invoke (Method.java:569)
    at org.codehaus.plexus.classworlds.launcher.Launcher.launchEnhanced (Launcher.java:282)
    at org.codehaus.plexus.classworlds.launcher.Launcher.launch (Launcher.java:225)
    at org.codehaus.plexus.classworlds.launcher.Launcher.mainWithExitCode (Launcher.java:406)
    at org.codehaus.plexus.classworlds.launcher.Launcher.main (Launcher.java:347)
[ERROR] Failed to execute goal org.codehaus.mojo:exec-maven-plugin:3.5.1:exec (generate-binary-license) on project distribution: Command execution failed.: Process exited with an error: 1 (Exit value: 1) -> [Help 1]
[ERROR]
[ERROR] To see the full stack trace of the errors, re-run Maven with the -e switch.
[ERROR] Re-run Maven using the -X switch to enable full debug logging.
[ERROR]
[ERROR] For more information about the errors and possible solutions, please read the following articles:
[ERROR] [Help 1] http://cwiki.apache.org/confluence/display/MAVEN/MojoExecutionException
[ERROR]
[ERROR] After correcting the problems, you can resume the build with the command
[ERROR]   mvn <args> -rf :distribution
