Setting up Node.js environment...
v22.19.0
1.22.22
Installing dependencies...
yarn install v1.22.22
[1/4] Resolving packages...
warning Resolution field "react-is@19.1.1" is incompatible with requested version "react-is@^18.0.0"
warning Resolution field "react-is@19.1.1" is incompatible with requested version "react-is@^16.13.1"
warning Resolution field "eslint-plugin-react-hooks@6.1.0-canary-12bc60f5-20250613" is incompatible with requested version "eslint-plugin-react-hooks@^5.2.0"
[2/4] Fetching packages...
[3/4] Linking dependencies...
warning " > eslint-plugin-redundant-undefined@0.4.0" has incorrect peer dependency "@typescript-eslint/parser@^5.38.0".
[4/4] Building fresh packages...
Done in 49.00s.
Running JavaScript tests...
Executing JavaScript tests


>>>>> Test: feature flags codegen



Executing: yarn run featureflags --verify-unchanged
yarn run v1.22.22
$ yarn --cwd packages/react-native featureflags --verify-unchanged
$ node ./scripts/featureflags/index.js --verify-unchanged
Done in 1.78s.


>>>>> Test: eslint



Executing: yarn run lint
yarn run v1.22.22
$ eslint --max-warnings 0 .
Done in 29.56s.


>>>>> Test: No JS build artifacts



Executing: yarn run build --validate
yarn run v1.22.22
$ node ./scripts/build/build.js --validate
Done in 1.72s.


>>>>> Test: Validate JS API snapshot



Executing: yarn run build-types --validate
yarn run v1.22.22
$ node ./scripts/js-api/build-types --validate

 Building generated react-native package types

  ‚úî Types built to /app/packages/react-native/types_generated/
  ‚úî Types built to /app/packages/virtualized-lists/types_generated/

 Building API snapshot

  > Creating temp dir for api-extractor
  > Preparing codebase in temp dir
  > Running api-extractor
Analysis will use the bundled TypeScript version 5.8.2
[36mWriting package typings: /tmp/react-native-js-api-snapshot/react-native/dist/ReactNativeApi.d.ts[39m
  > Applying additional transforms
  > Removing temp dir

 Validating API snapshot (--validate)

  > Diffing API with snapshot on disk
    /app/packages/react-native/ReactNativeApi.d.ts

 PASS  API snapshot is up to date.

Done in 44.40s.


>>>>> Test: Flow check



Executing: yarn run flow-check
yarn run v1.22.22
$ flow check
Found 0 errors
Done in 18.84s.


>>>>> Test: Build @react-native/codegen



Executing: yarn --cwd ./packages/react-native-codegen run build
yarn run v1.22.22
$ yarn clean && node scripts/build.js --verbose
$ rimraf lib
react-native-codegen...........................................................  ‚Ä¢ src/__tests__/__snapshots__/SchemaValidator-test.js.snap (ignore)
  ‚Ä¢ src/__tests__/SchemaValidator-test.js (ignore)
  ‚Ä¢ src/cli/combine/__tests__/combine-utils-test.js (ignore)
  ‚Ä¢ src/cli/parser/parser.sh ‚áí lib/cli/parser/parser.sh (copy)
  ‚Ä¢ src/CodegenSchema.d.ts ‚áí lib/CodegenSchema.d.ts (copy)
  ‚Ä¢ src/generators/__test_fixtures__/fixtures.js (ignore)
  ‚Ä¢ src/generators/__tests__/RNCodegen-test.js (ignore)
  ‚Ä¢ src/generators/components/__test_fixtures__/fixtures.js (ignore)
  ‚Ä¢ src/generators/components/__tests__/__snapshots__/GenerateComponentDescriptorCpp-test.js.snap (ignore)
  ‚Ä¢ src/generators/components/__tests__/__snapshots__/GenerateComponentDescriptorH-test.js.snap (ignore)
  ‚Ä¢ src/generators/components/__tests__/__snapshots__/GenerateComponentHObjCpp-test.js.snap (ignore)
  ‚Ä¢ src/generators/components/__tests__/__snapshots__/GenerateEventEmitterCpp-test.js.snap (ignore)
  ‚Ä¢ src/generators/components/__tests__/__snapshots__/GenerateEventEmitterH-test.js.snap (ignore)
  ‚Ä¢ src/generators/components/__tests__/__snapshots__/GeneratePropsCpp-test.js.snap (ignore)
  ‚Ä¢ src/generators/components/__tests__/__snapshots__/GeneratePropsH-test.js.snap (ignore)
  ‚Ä¢ src/generators/components/__tests__/__snapshots__/GeneratePropsJavaDelegate-test.js.snap (ignore)
  ‚Ä¢ src/generators/components/__tests__/__snapshots__/GeneratePropsJavaInterface-test.js.snap (ignore)
  ‚Ä¢ src/generators/components/__tests__/__snapshots__/GeneratePropsJavaPojo-test.js.snap (ignore)
  ‚Ä¢ src/generators/components/__tests__/__snapshots__/GenerateShadowNodeCpp-test.js.snap (ignore)
  ‚Ä¢ src/generators/components/__tests__/__snapshots__/GenerateShadowNodeH-test.js.snap (ignore)
  ‚Ä¢ src/generators/components/__tests__/__snapshots__/GenerateStateCpp-test.js.snap (ignore)
  ‚Ä¢ src/generators/components/__tests__/__snapshots__/GenerateStateH-test.js.snap (ignore)
  ‚Ä¢ src/generators/components/__tests__/__snapshots__/GenerateTests-test.js.snap (ignore)
  ‚Ä¢ src/generators/components/__tests__/__snapshots__/GenerateThirdPartyFabricComponentsProviderH-test.js.snap (ignore)
  ‚Ä¢ src/generators/components/__tests__/__snapshots__/GenerateThirdPartyFabricComponentsProviderObjCpp-test.js.snap (ignore)
  ‚Ä¢ src/generators/components/__tests__/__snapshots__/GenerateViewConfigJs-test.js.snap (ignore)
  ‚Ä¢ src/generators/components/__tests__/GenerateComponentDescriptorCpp-test.js (ignore)
  ‚Ä¢ src/generators/components/__tests__/GenerateComponentDescriptorH-test.js (ignore)
  ‚Ä¢ src/generators/components/__tests__/GenerateComponentHObjCpp-test.js (ignore)
  ‚Ä¢ src/generators/components/__tests__/GenerateEventEmitterCpp-test.js (ignore)
  ‚Ä¢ src/generators/components/__tests__/GenerateEventEmitterH-test.js (ignore)
  ‚Ä¢ src/generators/components/__tests__/GeneratePropsCpp-test.js (ignore)
  ‚Ä¢ src/generators/components/__tests__/GeneratePropsH-test.js (ignore)
  ‚Ä¢ src/generators/components/__tests__/GeneratePropsJavaDelegate-test.js (ignore)
  ‚Ä¢ src/generators/components/__tests__/GeneratePropsJavaInterface-test.js (ignore)
  ‚Ä¢ src/generators/components/__tests__/GeneratePropsJavaPojo-test.js (ignore)
  ‚Ä¢ src/generators/components/__tests__/GenerateShadowNodeCpp-test.js (ignore)
  ‚Ä¢ src/generators/components/__tests__/GenerateShadowNodeH-test.js (ignore)
  ‚Ä¢ src/generators/components/__tests__/GenerateStateCpp-test.js (ignore)
  ‚Ä¢ src/generators/components/__tests__/GenerateStateH-test.js (ignore)
  ‚Ä¢ src/generators/components/__tests__/GenerateTests-test.js (ignore)
  ‚Ä¢ src/generators/components/__tests__/GenerateThirdPartyFabricComponentsProviderH-test.js (ignore)
  ‚Ä¢ src/generators/components/__tests__/GenerateThirdPartyFabricComponentsProviderObjCpp-test.js (ignore)
  ‚Ä¢ src/generators/components/__tests__/GenerateViewConfigJs-test.js (ignore)
  ‚Ä¢ src/generators/modules/__test_fixtures__/fixtures.js (ignore)
  ‚Ä¢ src/generators/modules/__tests__/__snapshots__/GenerateModuleCpp-test.js.snap (ignore)
  ‚Ä¢ src/generators/modules/__tests__/__snapshots__/GenerateModuleH-test.js.snap (ignore)
  ‚Ä¢ src/generators/modules/__tests__/__snapshots__/GenerateModuleHObjCpp-test.js.snap (ignore)
  ‚Ä¢ src/generators/modules/__tests__/__snapshots__/GenerateModuleJavaSpec-test.js.snap (ignore)
  ‚Ä¢ src/generators/modules/__tests__/__snapshots__/GenerateModuleJniCpp-test.js.snap (ignore)
  ‚Ä¢ src/generators/modules/__tests__/__snapshots__/GenerateModuleJniH-test.js.snap (ignore)
  ‚Ä¢ src/generators/modules/__tests__/__snapshots__/GenerateModuleMm-test.js.snap (ignore)
  ‚Ä¢ src/generators/modules/__tests__/GenerateModuleCpp-test.js (ignore)
  ‚Ä¢ src/generators/modules/__tests__/GenerateModuleH-test.js (ignore)
  ‚Ä¢ src/generators/modules/__tests__/GenerateModuleHObjCpp-test.js (ignore)
  ‚Ä¢ src/generators/modules/__tests__/GenerateModuleJavaSpec-test.js (ignore)
  ‚Ä¢ src/generators/modules/__tests__/GenerateModuleJniCpp-test.js (ignore)
  ‚Ä¢ src/generators/modules/__tests__/GenerateModuleJniH-test.js (ignore)
  ‚Ä¢ src/generators/modules/__tests__/GenerateModuleMm-test.js (ignore)
  ‚Ä¢ src/generators/RNCodegen.d.ts ‚áí lib/generators/RNCodegen.d.ts (copy)
  ‚Ä¢ src/parsers/__tests__/error-utils-test.js (ignore)
  ‚Ä¢ src/parsers/__tests__/parsers-commons-test.js (ignore)
  ‚Ä¢ src/parsers/__tests__/parsers-primitives-test.js (ignore)
  ‚Ä¢ src/parsers/__tests__/parsers-test.js (ignore)
  ‚Ä¢ src/parsers/__tests__/utils-test.js (ignore)
  ‚Ä¢ src/parsers/consistency/__tests__/checkComponentSnaps-test.js (ignore)
  ‚Ä¢ src/parsers/consistency/__tests__/checkModuleSnaps-test.js (ignore)
  ‚Ä¢ src/parsers/errors.d.ts ‚áí lib/parsers/errors.d.ts (copy)
  ‚Ä¢ src/parsers/flow/components/__test_fixtures__/failures.js (ignore)
  ‚Ä¢ src/parsers/flow/components/__test_fixtures__/fixtures.js (ignore)
  ‚Ä¢ src/parsers/flow/components/__tests__/__snapshots__/component-parser-test.js.snap (ignore)
  ‚Ä¢ src/parsers/flow/components/__tests__/component-parser-test.js (ignore)
  ‚Ä¢ src/parsers/flow/modules/__test_fixtures__/failures.js (ignore)
  ‚Ä¢ src/parsers/flow/modules/__test_fixtures__/fixtures.js (ignore)
  ‚Ä¢ src/parsers/flow/modules/__tests__/__snapshots__/module-parser-snapshot-test.js.snap (ignore)
  ‚Ä¢ src/parsers/flow/modules/__tests__/module-parser-e2e-test.js (ignore)
  ‚Ä¢ src/parsers/flow/modules/__tests__/module-parser-snapshot-test.js (ignore)
  ‚Ä¢ src/parsers/flow/parser.d.ts ‚áí lib/parsers/flow/parser.d.ts (copy)
  ‚Ä¢ src/parsers/parser.d.ts ‚áí lib/parsers/parser.d.ts (copy)
  ‚Ä¢ src/parsers/schema/index.d.ts ‚áí lib/parsers/schema/index.d.ts (copy)
  ‚Ä¢ src/parsers/typescript/components/__test_fixtures__/failures.js (ignore)
  ‚Ä¢ src/parsers/typescript/components/__test_fixtures__/fixtures.js (ignore)
  ‚Ä¢ src/parsers/typescript/components/__tests__/__snapshots__/typescript-component-parser-test.js.snap (ignore)
  ‚Ä¢ src/parsers/typescript/components/__tests__/typescript-component-parser-test.js (ignore)
  ‚Ä¢ src/parsers/typescript/modules/__test_fixtures__/failures.js (ignore)
  ‚Ä¢ src/parsers/typescript/modules/__test_fixtures__/fixtures.js (ignore)
  ‚Ä¢ src/parsers/typescript/modules/__tests__/__snapshots__/typescript-module-parser-snapshot-test.js.snap (ignore)
  ‚Ä¢ src/parsers/typescript/modules/__tests__/typescript-module-parser-e2e-test.js (ignore)
  ‚Ä¢ src/parsers/typescript/modules/__tests__/typescript-module-parser-snapshot-test.js (ignore)
  ‚Ä¢ src/parsers/typescript/parser.d.ts ‚áí lib/parsers/typescript/parser.d.ts (copy)
  ‚Ä¢ src/SchemaValidator.d.ts ‚áí lib/SchemaValidator.d.ts (copy)
  ‚Ä¢ src/cli/combine/combine-js-to-schema-cli.js ‚áí lib/cli/combine/combine-js-to-schema-cli.js
  ‚Ä¢ src/cli/combine/combine-js-to-schema.js ‚áí lib/cli/combine/combine-js-to-schema.js
  ‚Ä¢ src/cli/combine/combine-schemas-cli.js ‚áí lib/cli/combine/combine-schemas-cli.js
  ‚Ä¢ src/cli/combine/combine-utils.js ‚áí lib/cli/combine/combine-utils.js
  ‚Ä¢ src/cli/generators/generate-all.js ‚áí lib/cli/generators/generate-all.js
  ‚Ä¢ src/cli/parser/parser-cli.js ‚áí lib/cli/parser/parser-cli.js
  ‚Ä¢ src/cli/parser/parser.js ‚áí lib/cli/parser/parser.js
  ‚Ä¢ src/CodegenSchema.js ‚áí lib/CodegenSchema.js
  ‚Ä¢ src/generators/components/ComponentsGeneratorUtils.js ‚áí lib/generators/components/ComponentsGeneratorUtils.js
  ‚Ä¢ src/generators/components/ComponentsProviderUtils.js ‚áí lib/generators/components/ComponentsProviderUtils.js
  ‚Ä¢ src/generators/components/CppHelpers.js ‚áí lib/generators/components/CppHelpers.js
  ‚Ä¢ src/generators/components/GenerateComponentDescriptorCpp.js ‚áí lib/generators/components/GenerateComponentDescriptorCpp.js
  ‚Ä¢ src/generators/components/GenerateComponentDescriptorH.js ‚áí lib/generators/components/GenerateComponentDescriptorH.js
  ‚Ä¢ src/generators/components/GenerateComponentHObjCpp.js ‚áí lib/generators/components/GenerateComponentHObjCpp.js
  ‚Ä¢ src/generators/components/GenerateEventEmitterCpp.js ‚áí lib/generators/components/GenerateEventEmitterCpp.js
  ‚Ä¢ src/generators/components/GenerateEventEmitterH.js ‚áí lib/generators/components/GenerateEventEmitterH.js
  ‚Ä¢ src/generators/components/GeneratePropsCpp.js ‚áí lib/generators/components/GeneratePropsCpp.js
  ‚Ä¢ src/generators/components/GeneratePropsH.js ‚áí lib/generators/components/GeneratePropsH.js
  ‚Ä¢ src/generators/components/GeneratePropsJavaDelegate.js ‚áí lib/generators/components/GeneratePropsJavaDelegate.js
  ‚Ä¢ src/generators/components/GeneratePropsJavaInterface.js ‚áí lib/generators/components/GeneratePropsJavaInterface.js
  ‚Ä¢ src/generators/components/GeneratePropsJavaPojo/index.js ‚áí lib/generators/components/GeneratePropsJavaPojo/index.js
  ‚Ä¢ src/generators/components/GeneratePropsJavaPojo/PojoCollector.js ‚áí lib/generators/components/GeneratePropsJavaPojo/PojoCollector.js
  ‚Ä¢ src/generators/components/GeneratePropsJavaPojo/serializePojo.js ‚áí lib/generators/components/GeneratePropsJavaPojo/serializePojo.js
  ‚Ä¢ src/generators/components/GenerateShadowNodeCpp.js ‚áí lib/generators/components/GenerateShadowNodeCpp.js
  ‚Ä¢ src/generators/components/GenerateShadowNodeH.js ‚áí lib/generators/components/GenerateShadowNodeH.js
  ‚Ä¢ src/generators/components/GenerateStateCpp.js ‚áí lib/generators/components/GenerateStateCpp.js
  ‚Ä¢ src/generators/components/GenerateStateH.js ‚áí lib/generators/components/GenerateStateH.js
  ‚Ä¢ src/generators/components/GenerateTests.js ‚áí lib/generators/components/GenerateTests.js
  ‚Ä¢ src/generators/components/GenerateThirdPartyFabricComponentsProviderH.js ‚áí lib/generators/components/GenerateThirdPartyFabricComponentsProviderH.js
  ‚Ä¢ src/generators/components/GenerateThirdPartyFabricComponentsProviderObjCpp.js ‚áí lib/generators/components/GenerateThirdPartyFabricComponentsProviderObjCpp.js
  ‚Ä¢ src/generators/components/GenerateViewConfigJs.js ‚áí lib/generators/components/GenerateViewConfigJs.js
  ‚Ä¢ src/generators/components/JavaHelpers.js ‚áí lib/generators/components/JavaHelpers.js
  ‚Ä¢ src/generators/modules/GenerateModuleCpp.js ‚áí lib/generators/modules/GenerateModuleCpp.js
  ‚Ä¢ src/generators/modules/GenerateModuleH.js ‚áí lib/generators/modules/GenerateModuleH.js
  ‚Ä¢ src/generators/modules/GenerateModuleJavaSpec.js ‚áí lib/generators/modules/GenerateModuleJavaSpec.js
  ‚Ä¢ src/generators/modules/GenerateModuleJniCpp.js ‚áí lib/generators/modules/GenerateModuleJniCpp.js
  ‚Ä¢ src/generators/modules/GenerateModuleJniH.js ‚áí lib/generators/modules/GenerateModuleJniH.js
  ‚Ä¢ src/generators/modules/GenerateModuleObjCpp/header/serializeConstantsStruct.js ‚áí lib/generators/modules/GenerateModuleObjCpp/header/serializeConstantsStruct.js
  ‚Ä¢ src/generators/modules/GenerateModuleObjCpp/header/serializeRegularStruct.js ‚áí lib/generators/modules/GenerateModuleObjCpp/header/serializeRegularStruct.js
  ‚Ä¢ src/generators/modules/GenerateModuleObjCpp/header/serializeStruct.js ‚áí lib/generators/modules/GenerateModuleObjCpp/header/serializeStruct.js
  ‚Ä¢ src/generators/modules/GenerateModuleObjCpp/index.js ‚áí lib/generators/modules/GenerateModuleObjCpp/index.js
  ‚Ä¢ src/generators/modules/GenerateModuleObjCpp/serializeEventEmitter.js ‚áí lib/generators/modules/GenerateModuleObjCpp/serializeEventEmitter.js
  ‚Ä¢ src/generators/modules/GenerateModuleObjCpp/serializeMethod.js ‚áí lib/generators/modules/GenerateModuleObjCpp/serializeMethod.js
  ‚Ä¢ src/generators/modules/GenerateModuleObjCpp/source/serializeModule.js ‚áí lib/generators/modules/GenerateModuleObjCpp/source/serializeModule.js
  ‚Ä¢ src/generators/modules/GenerateModuleObjCpp/StructCollector.js ‚áí lib/generators/modules/GenerateModuleObjCpp/StructCollector.js
  ‚Ä¢ src/generators/modules/GenerateModuleObjCpp/Utils.js ‚áí lib/generators/modules/GenerateModuleObjCpp/Utils.js
  ‚Ä¢ src/generators/modules/Utils.js ‚áí lib/generators/modules/Utils.js
  ‚Ä¢ src/generators/RNCodegen.js ‚áí lib/generators/RNCodegen.js
  ‚Ä¢ src/generators/TypeUtils/Cxx/index.js ‚áí lib/generators/TypeUtils/Cxx/index.js
  ‚Ä¢ src/generators/TypeUtils/Java/index.js ‚áí lib/generators/TypeUtils/Java/index.js
  ‚Ä¢ src/generators/TypeUtils/Objective-C/index.js ‚áí lib/generators/TypeUtils/Objective-C/index.js
  ‚Ä¢ src/generators/Utils.js ‚áí lib/generators/Utils.js
  ‚Ä¢ src/parsers/consistency/compareSnaps.js ‚áí lib/parsers/consistency/compareSnaps.js
  ‚Ä¢ src/parsers/error-utils.js ‚áí lib/parsers/error-utils.js
  ‚Ä¢ src/parsers/errors.js ‚áí lib/parsers/errors.js
  ‚Ä¢ src/parsers/flow/components/commands.js ‚áí lib/parsers/flow/components/commands.js
  ‚Ä¢ src/parsers/flow/components/componentsUtils.js ‚áí lib/parsers/flow/components/componentsUtils.js
  ‚Ä¢ src/parsers/flow/components/events.js ‚áí lib/parsers/flow/components/events.js
  ‚Ä¢ src/parsers/flow/components/index.js ‚áí lib/parsers/flow/components/index.js
  ‚Ä¢ src/parsers/flow/modules/index.js ‚áí lib/parsers/flow/modules/index.js
  ‚Ä¢ src/parsers/flow/parseFlowAndThrowErrors.js ‚áí lib/parsers/flow/parseFlowAndThrowErrors.js
  ‚Ä¢ src/parsers/flow/parser.js ‚áí lib/parsers/flow/parser.js
  ‚Ä¢ src/parsers/flow/utils.js ‚áí lib/parsers/flow/utils.js
  ‚Ä¢ src/parsers/parser.js ‚áí lib/parsers/parser.js
  ‚Ä¢ src/parsers/parserMock.js ‚áí lib/parsers/parserMock.js
  ‚Ä¢ src/parsers/parsers-commons.js ‚áí lib/parsers/parsers-commons.js
  ‚Ä¢ src/parsers/parsers-primitives.js ‚áí lib/parsers/parsers-primitives.js
  ‚Ä¢ src/parsers/parsers-utils.js ‚áí lib/parsers/parsers-utils.js
  ‚Ä¢ src/parsers/schema.js ‚áí lib/parsers/schema.js
  ‚Ä¢ src/parsers/schema/index.js ‚áí lib/parsers/schema/index.js
  ‚Ä¢ src/parsers/typescript/components/commands.js ‚áí lib/parsers/typescript/components/commands.js
  ‚Ä¢ src/parsers/typescript/components/componentsUtils.js ‚áí lib/parsers/typescript/components/componentsUtils.js
  ‚Ä¢ src/parsers/typescript/components/events.js ‚áí lib/parsers/typescript/components/events.js
  ‚Ä¢ src/parsers/typescript/components/extends.js ‚áí lib/parsers/typescript/components/extends.js
  ‚Ä¢ src/parsers/typescript/components/index.js ‚áí lib/parsers/typescript/components/index.js
  ‚Ä¢ src/parsers/typescript/modules/index.js ‚áí lib/parsers/typescript/modules/index.js
  ‚Ä¢ src/parsers/typescript/parser.js ‚áí lib/parsers/typescript/parser.js
  ‚Ä¢ src/parsers/typescript/parseTopLevelType.js ‚áí lib/parsers/typescript/parseTopLevelType.js
  ‚Ä¢ src/parsers/utils.js ‚áí lib/parsers/utils.js
  ‚Ä¢ src/SchemaValidator.js ‚áí lib/SchemaValidator.js
[  OK  ]
Done in 3.91s.


>>>>> Test: Build @react-native/codegen-typescript-test



Executing: yarn --cwd ./private/react-native-codegen-typescript-test run build
yarn run v1.22.22
$ yarn clean && node scripts/build.js --verbose && tsc
$ rimraf lib && rimraf __generated__/*.ts
Done in 9.90s.


>>>>> Test: Jest



Executing: ./node_modules/.bin/jest --maxWorkers=2 --ci --reporters="default" --reporters="jest-junit"
PASS packages/react-native/src/private/animated/__tests__/AnimatedNative-test.js (7.772 s)
PASS packages/virtualized-lists/Lists/__tests__/VirtualizedList-test.js (8.081 s)
PASS packages/react-native/Libraries/LogBox/Data/__tests__/parseLogBoxLog-test.js
PASS packages/react-native-compatibility-check/src/__tests__/VersionDiffing-test.js
PASS packages/react-native-codegen/src/parsers/typescript/modules/__tests__/typescript-module-parser-e2e-test.js
PASS packages/react-native-codegen/src/parsers/__tests__/parsers-primitives-test.js
PASS packages/react-native-codegen/src/parsers/__tests__/parsers-commons-test.js
PASS packages/react-native-codegen/src/parsers/flow/modules/__tests__/module-parser-e2e-test.js
PASS packages/react-native/Libraries/Core/__tests__/ExceptionsManager-test.js
PASS packages/react-native/Libraries/StyleSheet/__tests__/processBackgroundImage-test.js
PASS packages/react-native/Libraries/Animated/__tests__/Animated-test.js
PASS packages/react-native-codegen/src/parsers/__tests__/error-utils-test.js
PASS packages/react-native-compatibility-check/src/__tests__/TypeDiffing-test.js
PASS packages/react-native/Libraries/LogBox/Data/__tests__/LogBoxLog-test.js
PASS packages/react-native/Libraries/Pressability/__tests__/Pressability-test.js
PASS packages/virtualized-lists/Lists/__tests__/ListMetricsAggregator-test.js
PASS packages/react-native-codegen/src/parsers/__tests__/parsers-test.js
PASS packages/react-native/Libraries/LogBox/Data/__tests__/LogBoxData-test.js
PASS scripts/js-api/build-types/transforms/typescript/__tests__/versionExportedApis-test.js
[BABEL] Note: The code generator has deoptimised the styling of undefined as it exceeds the max of 500KB.
PASS packages/react-native/Libraries/Components/TextInput/__tests__/TextInput-test.js
PASS packages/virtualized-lists/Lists/__tests__/ViewabilityHelper-test.js
PASS packages/react-native/Libraries/LogBox/__tests__/LogBox-test.js
  ‚óè Console

    console.log
      Test

      at Object.log (packages/react-native/Libraries/LogBox/__tests__/LogBox-test.js:417:13)

PASS packages/react-native/scripts/hermes/__tests__/hermes-utils-test.js
PASS packages/dev-middleware/src/__tests__/InspectorProxyReactNativeReloads-test.js (9.539 s)
PASS scripts/releases-ci/__tests__/publish-npm-test.js
PASS packages/react-native/Libraries/ReactNative/ReactFabricPublicInstance/__tests__/ReactNativeAttributePayload-test.js
PASS packages/react-native/Libraries/Core/Timers/__tests__/JSTimers-test.js
PASS packages/react-native/Libraries/Image/__tests__/resolveAssetSource-test.js
PASS packages/dev-middleware/src/__tests__/InspectorProxyHttpApi-test.js
PASS packages/dev-middleware/src/__tests__/InspectorProxyCustomMessageHandler-test.js (7.545 s)
(node:1907) [DEP0147] DeprecationWarning: In future versions of Node.js, fs.rmdir(path, { recursive: true }) will be removed. Use fs.rm(path, { recursive: true }) instead
(Use `node --trace-deprecation ...` to show where the warning was created)
PASS packages/react-native/scripts/codegen/__tests__/generate-artifacts-executor-test.js
  ‚óè Console

    console.log
      [36m[1m[Codegen][0m Analyzing /app/packages/react-native/scripts/codegen/__fixtures__/test-app/package.json[0m

      at Object.log [as codegenLog] (packages/react-native/scripts/codegen/generate-artifacts-executor/utils.js:35:11)

    console.log
      [36m[1m[Codegen][0m Could not find generated autolinking output at: /app/packages/react-native/scripts/codegen/__fixtures__/test-app/temp/build/generated/autolinking/autolinking.json[0m

      at log (packages/react-native/scripts/codegen/generate-artifacts-executor/utils.js:35:11)

    console.log
      [36m[1m[Codegen][0m Could not find React Native config at: /app/packages/react-native/scripts/codegen/__fixtures__/test-app/react-native.config.js[0m

      at log (packages/react-native/scripts/codegen/generate-artifacts-executor/utils.js:35:11)

    console.log
      [36m[1m[Codegen][0m [33mSearching for codegen-enabled libraries in the app.[0m

      at log (packages/react-native/scripts/codegen/generate-artifacts-executor/utils.js:35:11)

    console.log
      [36m[1m[Codegen][0m Found test-app[0m

      at log (packages/react-native/scripts/codegen/generate-artifacts-executor/utils.js:35:11)

    console.log
      [36m[1m[Codegen][0m Could not find generated autolinking output at: /app/packages/react-native/scripts/codegen/__fixtures__/test-app/temp/build/generated/autolinking/autolinking.json[0m

      at log (packages/react-native/scripts/codegen/generate-artifacts-executor/utils.js:35:11)

    console.log
      [36m[1m[Codegen][0m [33mSearching for codegen-enabled libraries in the project dependencies.[0m

      at log (packages/react-native/scripts/codegen/generate-artifacts-executor/utils.js:35:11)

    console.log
      [36m[1m[Codegen][0m Found test-library[0m

      at log (packages/react-native/scripts/codegen/generate-artifacts-executor/utils.js:35:11)
          at Array.flatMap (<anonymous>)

    console.log
      [36m[1m[Codegen][0m [33mSearching for codegen-enabled libraries in react-native.config.js[0m

      at log (packages/react-native/scripts/codegen/generate-artifacts-executor/utils.js:35:11)

    console.log
      [36m[1m[Codegen][0m Generating RCTThirdPartyComponentsProvider.h[0m

      at Object.log [as codegenLog] (packages/react-native/scripts/codegen/generate-artifacts-executor/utils.js:35:11)

    console.log
      [36m[1m[Codegen][0m Generated artifact: /app/packages/react-native/scripts/codegen/__fixtures__/test-app/temp/build/generated/ios/RCTThirdPartyComponentsProvider.h[0m

      at Object.log [as codegenLog] (packages/react-native/scripts/codegen/generate-artifacts-executor/utils.js:35:11)

    console.log
      [36m[1m[Codegen][0m Generating RCTThirdPartyComponentsProvider.mm[0m

      at Object.log [as codegenLog] (packages/react-native/scripts/codegen/generate-artifacts-executor/utils.js:35:11)

    console.log
      [36m[1m[Codegen][0m Generated artifact: /app/packages/react-native/scripts/codegen/__fixtures__/test-app/temp/build/generated/ios/RCTThirdPartyComponentsProvider.mm[0m

      at Object.log [as codegenLog] (packages/react-native/scripts/codegen/generate-artifacts-executor/utils.js:35:11)

    console.log
      [36m[1m[Codegen][0m Generating RCTModulesProvider.h[0m

      at Object.log [as codegenLog] (packages/react-native/scripts/codegen/generate-artifacts-executor/utils.js:35:11)

    console.log
      [36m[1m[Codegen][0m Generated artifact: /app/packages/react-native/scripts/codegen/__fixtures__/test-app/temp/build/generated/ios/RCTModuleProviders.h[0m

      at Object.log [as codegenLog] (packages/react-native/scripts/codegen/generate-artifacts-executor/utils.js:35:11)

    console.log
      [36m[1m[Codegen][0m Generating RCTModuleProviders.mm[0m

      at Object.log [as codegenLog] (packages/react-native/scripts/codegen/generate-artifacts-executor/utils.js:35:11)

    console.log
      [36m[1m[Codegen][0m Generated artifact: /app/packages/react-native/scripts/codegen/__fixtures__/test-app/temp/build/generated/ios/RCTModuleProviders.mm[0m

      at Object.log [as codegenLog] (packages/react-native/scripts/codegen/generate-artifacts-executor/utils.js:35:11)

    console.log
      [36m[1m[Codegen][0m Generating RCTAppDependencyProvider[0m

      at Object.log [as codegenLog] (packages/react-native/scripts/codegen/generate-artifacts-executor/utils.js:35:11)

    console.log
      [36m[1m[Codegen][0m Generated artifact: /app/packages/react-native/scripts/codegen/__fixtures__/test-app/temp/build/generated/ios/RCTAppDependencyProvider.h[0m

      at Object.log [as codegenLog] (packages/react-native/scripts/codegen/generate-artifacts-executor/utils.js:35:11)

    console.log
      [36m[1m[Codegen][0m Generated artifact: /app/packages/react-native/scripts/codegen/__fixtures__/test-app/temp/build/generated/ios/RCTAppDependencyProvider.mm[0m

      at Object.log [as codegenLog] (packages/react-native/scripts/codegen/generate-artifacts-executor/utils.js:35:11)

    console.log
      [36m[1m[Codegen][0m Generated podspec: /app/packages/react-native/scripts/codegen/__fixtures__/test-app/temp/build/generated/ios/ReactAppDependencyProvider.podspec[0m

      at Object.log [as codegenLog] (packages/react-native/scripts/codegen/generate-artifacts-executor/utils.js:35:11)

    console.log
      [36m[1m[Codegen][0m Generated podspec: /app/packages/react-native/scripts/codegen/__fixtures__/test-app/temp/build/generated/ios/ReactCodegen.podspec[0m

      at Object.log [as codegenLog] (packages/react-native/scripts/codegen/generate-artifacts-executor/utils.js:35:11)

    console.log
      [36m[1m[Codegen][0m [33mDone.[0m

      at Object.log [as codegenLog] (packages/react-native/scripts/codegen/generate-artifacts-executor/utils.js:35:11)

    console.log
      [36m[1m[Codegen][0m Found undefined[0m

      at log (packages/react-native/scripts/codegen/generate-artifacts-executor/utils.js:35:11)

    console.log
      [36m[1m[Codegen][0m Found undefined[0m

      at log (packages/react-native/scripts/codegen/generate-artifacts-executor/utils.js:35:11)

    console.log
      [36m[1m[Codegen][0m CodegenConfig Deprecated Setup for undefined.
          The configuration file still contains the codegen in the libraries array.
          If possible, replace it with a single object.
        [0m

      at log (packages/react-native/scripts/codegen/generate-artifacts-executor/utils.js:35:11)

    console.log
      [36m[1m[Codegen][0m BEFORE:
          {
            // ...
            "codegenConfig": {
              "libraries": [
                {
                  "name": "libName1",
                  "type": "all|components|modules",
                  "jsSrcsRoot": "libName1/js"
                },
                {
                  "name": "libName2",
                  "type": "all|components|modules",
                  "jsSrcsRoot": "libName2/src"
                }
              ]
            }
          }

          AFTER:
          {
            "codegenConfig": {
              "name": "libraries",
              "type": "all",
              "jsSrcsRoot": "."
            }
          }
        [0m

      at log (packages/react-native/scripts/codegen/generate-artifacts-executor/utils.js:35:11)

    console.log
      [36m[1m[Codegen][0m Found undefined[0m

      at log (packages/react-native/scripts/codegen/generate-artifacts-executor/utils.js:35:11)

    console.log
      [36m[1m[Codegen][0m CodegenConfig Deprecated Setup for undefined.
          The configuration file still contains the codegen in the libraries array.
          If possible, replace it with a single object.
        [0m

      at log (packages/react-native/scripts/codegen/generate-artifacts-executor/utils.js:35:11)

    console.log
      [36m[1m[Codegen][0m BEFORE:
          {
            // ...
            "codegenConfig": {
              "libraries": [
                {
                  "name": "libName1",
                  "type": "all|components|modules",
                  "jsSrcsRoot": "libName1/js"
                },
                {
                  "name": "libName2",
                  "type": "all|components|modules",
                  "jsSrcsRoot": "libName2/src"
                }
              ]
            }
          }

          AFTER:
          {
            "codegenConfig": {
              "name": "libraries",
              "type": "all",
              "jsSrcsRoot": "."
            }
          }
        [0m

      at log (packages/react-native/scripts/codegen/generate-artifacts-executor/utils.js:35:11)

    console.log
      [36m[1m[Codegen][0m Found undefined[0m

      at log (packages/react-native/scripts/codegen/generate-artifacts-executor/utils.js:35:11)

    console.log
      [36m[1m[Codegen][0m CodegenConfig Deprecated Setup for undefined.
          The configuration file still contains the codegen in the libraries array.
          If possible, replace it with a single object.
        [0m

      at log (packages/react-native/scripts/codegen/generate-artifacts-executor/utils.js:35:11)

    console.log
      [36m[1m[Codegen][0m BEFORE:
          {
            // ...
            "codegenConfig": {
              "libraries": [
                {
                  "name": "libName1",
                  "type": "all|components|modules",
                  "jsSrcsRoot": "libName1/js"
                },
                {
                  "name": "libName2",
                  "type": "all|components|modules",
                  "jsSrcsRoot": "libName2/src"
                }
              ]
            }
          }

          AFTER:
          {
            "codegenConfig": {
              "name": "libraries",
              "type": "all",
              "jsSrcsRoot": "."
            }
          }
        [0m

      at log (packages/react-native/scripts/codegen/generate-artifacts-executor/utils.js:35:11)

    console.log
      [36m[1m[Codegen][0m Analyzing /app/packages/react-native/scripts/codegen/__fixtures__/test-app-legacy/package.json[0m

      at Object.log [as codegenLog] (packages/react-native/scripts/codegen/generate-artifacts-executor/utils.js:35:11)

    console.log
      [36m[1m[Codegen][0m Could not find generated autolinking output at: /app/packages/react-native/scripts/codegen/__fixtures__/test-app-legacy/temp/build/generated/autolinking/autolinking.json[0m

      at log (packages/react-native/scripts/codegen/generate-artifacts-executor/utils.js:35:11)

    console.log
      [36m[1m[Codegen][0m Could not find React Native config at: /app/packages/react-native/scripts/codegen/__fixtures__/test-app-legacy/react-native.config.js[0m

      at log (packages/react-native/scripts/codegen/generate-artifacts-executor/utils.js:35:11)

    console.log
      [36m[1m[Codegen][0m [33mSearching for codegen-enabled libraries in the app.[0m

      at log (packages/react-native/scripts/codegen/generate-artifacts-executor/utils.js:35:11)

    console.log
      [36m[1m[Codegen][0m Found test-app-legacy[0m

      at log (packages/react-native/scripts/codegen/generate-artifacts-executor/utils.js:35:11)

    console.log
      [36m[1m[Codegen][0m Could not find generated autolinking output at: /app/packages/react-native/scripts/codegen/__fixtures__/test-app-legacy/temp/build/generated/autolinking/autolinking.json[0m

      at log (packages/react-native/scripts/codegen/generate-artifacts-executor/utils.js:35:11)

    console.log
      [36m[1m[Codegen][0m [33mSearching for codegen-enabled libraries in the project dependencies.[0m

      at log (packages/react-native/scripts/codegen/generate-artifacts-executor/utils.js:35:11)

    console.log
      [36m[1m[Codegen][0m [33mSearching for codegen-enabled libraries in react-native.config.js[0m

      at log (packages/react-native/scripts/codegen/generate-artifacts-executor/utils.js:35:11)

    console.log
      [36m[1m[Codegen][0m Generating RCTThirdPartyComponentsProvider.h[0m

      at Object.log [as codegenLog] (packages/react-native/scripts/codegen/generate-artifacts-executor/utils.js:35:11)

    console.log
      [36m[1m[Codegen][0m Generated artifact: /app/packages/react-native/scripts/codegen/__fixtures__/test-app-legacy/temp/build/generated/ios/RCTThirdPartyComponentsProvider.h[0m

      at Object.log [as codegenLog] (packages/react-native/scripts/codegen/generate-artifacts-executor/utils.js:35:11)

    console.log
      [36m[1m[Codegen][0m Generating RCTThirdPartyComponentsProvider.mm[0m

      at Object.log [as codegenLog] (packages/react-native/scripts/codegen/generate-artifacts-executor/utils.js:35:11)

    console.log
      [36m[1m[Codegen][0m Generated artifact: /app/packages/react-native/scripts/codegen/__fixtures__/test-app-legacy/temp/build/generated/ios/RCTThirdPartyComponentsProvider.mm[0m

      at Object.log [as codegenLog] (packages/react-native/scripts/codegen/generate-artifacts-executor/utils.js:35:11)

    console.log
      [36m[1m[Codegen][0m Generating RCTModulesProvider.h[0m

      at Object.log [as codegenLog] (packages/react-native/scripts/codegen/generate-artifacts-executor/utils.js:35:11)

    console.log
      [36m[1m[Codegen][0m Generated artifact: /app/packages/react-native/scripts/codegen/__fixtures__/test-app-legacy/temp/build/generated/ios/RCTModuleProviders.h[0m

      at Object.log [as codegenLog] (packages/react-native/scripts/codegen/generate-artifacts-executor/utils.js:35:11)

    console.log
      [36m[1m[Codegen][0m Generating RCTModuleProviders.mm[0m

      at Object.log [as codegenLog] (packages/react-native/scripts/codegen/generate-artifacts-executor/utils.js:35:11)

    console.log
      [36m[1m[Codegen][0m Generated artifact: /app/packages/react-native/scripts/codegen/__fixtures__/test-app-legacy/temp/build/generated/ios/RCTModuleProviders.mm[0m

      at Object.log [as codegenLog] (packages/react-native/scripts/codegen/generate-artifacts-executor/utils.js:35:11)

    console.log
      [36m[1m[Codegen][0m Generating RCTAppDependencyProvider[0m

      at Object.log [as codegenLog] (packages/react-native/scripts/codegen/generate-artifacts-executor/utils.js:35:11)

    console.log
      [36m[1m[Codegen][0m Generated artifact: /app/packages/react-native/scripts/codegen/__fixtures__/test-app-legacy/temp/build/generated/ios/RCTAppDependencyProvider.h[0m

      at Object.log [as codegenLog] (packages/react-native/scripts/codegen/generate-artifacts-executor/utils.js:35:11)

    console.log
      [36m[1m[Codegen][0m Generated artifact: /app/packages/react-native/scripts/codegen/__fixtures__/test-app-legacy/temp/build/generated/ios/RCTAppDependencyProvider.mm[0m

      at Object.log [as codegenLog] (packages/react-native/scripts/codegen/generate-artifacts-executor/utils.js:35:11)

    console.log
      [36m[1m[Codegen][0m Generated podspec: /app/packages/react-native/scripts/codegen/__fixtures__/test-app-legacy/temp/build/generated/ios/ReactAppDependencyProvider.podspec[0m

      at Object.log [as codegenLog] (packages/react-native/scripts/codegen/generate-artifacts-executor/utils.js:35:11)

    console.log
      [36m[1m[Codegen][0m Generated podspec: /app/packages/react-native/scripts/codegen/__fixtures__/test-app-legacy/temp/build/generated/ios/ReactCodegen.podspec[0m

      at Object.log [as codegenLog] (packages/react-native/scripts/codegen/generate-artifacts-executor/utils.js:35:11)

    console.log
      [36m[1m[Codegen][0m [33mDone.[0m

      at Object.log [as codegenLog] (packages/react-native/scripts/codegen/generate-artifacts-executor/utils.js:35:11)

    console.log
      [36m[1m[Codegen][0m Found undefined[0m

      at log (packages/react-native/scripts/codegen/generate-artifacts-executor/utils.js:35:11)

    console.log
      [36m[1m[Codegen][0m Found undefined[0m

      at log (packages/react-native/scripts/codegen/generate-artifacts-executor/utils.js:35:11)

    console.log
      [36m[1m[Codegen][0m CodegenConfig Deprecated Setup for undefined.
          The configuration file still contains the codegen in the libraries array.
          If possible, replace it with a single object.
        [0m

      at log (packages/react-native/scripts/codegen/generate-artifacts-executor/utils.js:35:11)

    console.log
      [36m[1m[Codegen][0m BEFORE:
          {
            // ...
            "codegenConfig": {
              "libraries": [
                {
                  "name": "libName1",
                  "type": "all|components|modules",
                  "jsSrcsRoot": "libName1/js"
                },
                {
                  "name": "libName2",
                  "type": "all|components|modules",
                  "jsSrcsRoot": "libName2/src"
                }
              ]
            }
          }

          AFTER:
          {
            "codegenConfig": {
              "name": "libraries",
              "type": "all",
              "jsSrcsRoot": "."
            }
          }
        [0m

      at log (packages/react-native/scripts/codegen/generate-artifacts-executor/utils.js:35:11)

    console.log
      [36m[1m[Codegen][0m Found undefined[0m

      at log (packages/react-native/scripts/codegen/generate-artifacts-executor/utils.js:35:11)

    console.log
      [36m[1m[Codegen][0m CodegenConfig Deprecated Setup for undefined.
          The configuration file still contains the codegen in the libraries array.
          If possible, replace it with a single object.
        [0m

      at log (packages/react-native/scripts/codegen/generate-artifacts-executor/utils.js:35:11)

    console.log
      [36m[1m[Codegen][0m BEFORE:
          {
            // ...
            "codegenConfig": {
              "libraries": [
                {
                  "name": "libName1",
                  "type": "all|components|modules",
                  "jsSrcsRoot": "libName1/js"
                },
                {
                  "name": "libName2",
                  "type": "all|components|modules",
                  "jsSrcsRoot": "libName2/src"
                }
              ]
            }
          }

          AFTER:
          {
            "codegenConfig": {
              "name": "libraries",
              "type": "all",
              "jsSrcsRoot": "."
            }
          }
        [0m

      at log (packages/react-native/scripts/codegen/generate-artifacts-executor/utils.js:35:11)

    console.log
      [36m[1m[Codegen][0m Found undefined[0m

      at log (packages/react-native/scripts/codegen/generate-artifacts-executor/utils.js:35:11)

    console.log
      [36m[1m[Codegen][0m CodegenConfig Deprecated Setup for undefined.
          The configuration file still contains the codegen in the libraries array.
          If possible, replace it with a single object.
        [0m

      at log (packages/react-native/scripts/codegen/generate-artifacts-executor/utils.js:35:11)

    console.log
      [36m[1m[Codegen][0m BEFORE:
          {
            // ...
            "codegenConfig": {
              "libraries": [
                {
                  "name": "libName1",
                  "type": "all|components|modules",
                  "jsSrcsRoot": "libName1/js"
                },
                {
                  "name": "libName2",
                  "type": "all|components|modules",
                  "jsSrcsRoot": "libName2/src"
                }
              ]
            }
          }

          AFTER:
          {
            "codegenConfig": {
              "name": "libraries",
              "type": "all",
              "jsSrcsRoot": "."
            }
          }
        [0m

      at log (packages/react-native/scripts/codegen/generate-artifacts-executor/utils.js:35:11)

    console.log
      [36m[1m[Codegen][0m [33mSearching for podspec in the project dependencies.[0m

      at Object.log [as codegenLog] (packages/react-native/scripts/codegen/generate-artifacts-executor/utils.js:35:11)

    console.log
      [36m[1m[Codegen][0m Supported Apple platforms: ios, macos, visionos for test-library[0m

      at Object.log [as codegenLog] (packages/react-native/scripts/codegen/generate-artifacts-executor/utils.js:35:11)

    console.log
      [36m[1m[Codegen][0m [33mSearching for podspec in the project dependencies.[0m

      at Object.log [as codegenLog] (packages/react-native/scripts/codegen/generate-artifacts-executor/utils.js:35:11)

    console.log
      [36m[1m[Codegen][0m Supported Apple platforms: ios, macos, tvos for test-library-2[0m

      at Object.log [as codegenLog] (packages/react-native/scripts/codegen/generate-artifacts-executor/utils.js:35:11)

PASS packages/react-native/src/private/animated/__tests__/createAnimatedPropsMemoHook-test.js
PASS packages/react-native/Libraries/vendor/emitter/__tests__/EventEmitter-test.js
PASS packages/dev-middleware/src/__tests__/InspectorProxyCdpTransport-test.js (13.084 s)
PASS packages/react-native/Libraries/Animated/__tests__/Interpolation-test.js
PASS scripts/releases/utils/__tests__/version-utils-test.js
PASS packages/react-native/Libraries/StyleSheet/__tests__/processFilter-test.js
PASS packages/react-native/Libraries/Utilities/__tests__/PerformanceLogger-test.js
PASS scripts/js-api/build-types/transforms/typescript/__tests__/inlineTypesVisitor-test.js
PASS scripts/releases/__tests__/upload-release-assets-for-dotslash-test.js
PASS packages/react-native/Libraries/Animated/__tests__/Easing-test.js
PASS .github/workflow-scripts/__tests__/createDraftRelease-test.js
PASS packages/react-native/Libraries/Network/__tests__/XMLHttpRequest-test.js
PASS packages/react-native/Libraries/Image/__tests__/Image-test.js
PASS packages/virtualized-lists/Lists/__tests__/VirtualizedSectionList-test.js
PASS packages/react-native-codegen/src/parsers/__tests__/utils-test.js
PASS packages/react-native/Libraries/BatchedBridge/__tests__/NativeModules-test.js
PASS packages/dev-middleware/src/__tests__/InspectorProxyCdpRewritingHacks-test.js (55.724 s)
PASS packages/virtualized-lists/Lists/__tests__/VirtualizeUtils-test.js
PASS scripts/releases/utils/__tests__/dotslash-utils-test.js
PASS scripts/releases-ci/__tests__/publish-updated-packages-test.js
PASS packages/react-native/Libraries/Core/Devtools/__tests__/loadBundleFromServer-test.js
PASS packages/dev-middleware/src/__tests__/getDevToolsFrontendUrl-test.js
PASS packages/normalize-color/__tests__/normalizeColor-test.js
PASS .github/workflow-scripts/__tests__/generateChangelog-test.js
PASS packages/react-native/Libraries/Animated/__tests__/AnimatedValue-test.js
PASS packages/react-native/Libraries/StyleSheet/__tests__/processBoxShadow-test.js
PASS packages/react-native/Libraries/Lists/__tests__/FlatList-test.js
PASS packages/react-native/Libraries/Utilities/differ/__tests__/deepDiffer-test.js
PASS packages/react-native/Libraries/Core/Devtools/__tests__/parseHermesStack-test.js
PASS packages/dev-middleware/src/__tests__/InspectorProxyDeviceHandoff-test.js (12.356 s)
PASS packages/react-native/Libraries/LogBox/UI/__tests__/LogBoxMessage-test.js
PASS packages/react-native/Libraries/Text/__tests__/Text-test.js
PASS packages/react-native/Libraries/Utilities/__tests__/useRefEffect-test.js
PASS packages/react-native/Libraries/LogBox/__tests__/LogBoxInspectorContainer-test.js
PASS packages/react-native/src/private/featureflags/__tests__/ReactNativeFeatureFlags-test.js
PASS scripts/releases/__tests__/write-dotslash-release-asset-urls-test.js
PASS packages/virtualized-lists/Lists/__tests__/CellRenderMask-test.js
PASS packages/react-native/Libraries/NativeComponent/__tests__/StaticViewConfigValidator-test.js
PASS scripts/js-api/build-types/transforms/typescript/__tests__/simplifyTypes-test.js
PASS packages/react-native/Libraries/Utilities/__tests__/deepFreezeAndThrowOnMutationInDev-test.js
PASS packages/react-native/Libraries/Utilities/__tests__/useMergeRefs-test.js
PASS packages/react-native/Libraries/BatchedBridge/__tests__/MessageQueue-test.js
PASS packages/react-native/Libraries/Blob/__tests__/URL-test.js
PASS packages/react-native/Libraries/LogBox/UI/__tests__/LogBoxInspectorReactFrames-test.js
PASS packages/react-native/Libraries/Components/View/__tests__/View-test.js
PASS packages/react-native-codegen/src/cli/combine/__tests__/combine-utils-test.js
PASS packages/react-native/Libraries/Image/__tests__/ImageSourceUtils-test.js
PASS scripts/js-api/build-types/utils/__tests__/resolveCyclicImportsInDefinition-test.js
PASS packages/react-native/Libraries/StyleSheet/__tests__/flattenStyle-test.js
PASS packages/react-native/Libraries/Components/ScrollView/__tests__/ScrollView-test.js
PASS packages/dev-middleware/src/__tests__/StandaloneFuseboxShell-test.js
PASS packages/react-native/src/private/webapis/dom/oldstylecollections/__tests__/NodeList-test.js
PASS packages/virtualized-lists/Lists/__tests__/FillRateHelper-test.js
PASS packages/react-native/Libraries/StyleSheet/__tests__/processColorArray-test.js
PASS packages/react-native/Libraries/StyleSheet/__tests__/processTransform-test.js
PASS packages/react-native/Libraries/Animated/__tests__/Animated-web-test.js
PASS .github/workflow-scripts/__tests__/verifyPublishedPackage-test.js
PASS packages/react-native/Libraries/Core/__tests__/ReactNativeVersionCheck-test.js
PASS packages/debugger-shell/__tests__/dotslash-test.js
PASS packages/react-native/Libraries/StyleSheet/__tests__/processTransformOrigin-test.js
PASS packages/react-native/Libraries/StyleSheet/__tests__/processColor-test.js
PASS private/eslint-plugin-monorepo/rules/__tests__/no-react-native-imports-test.js
PASS scripts/js-api/diff-api-snapshot/__tests__/diffApiSnapshot-test.js
PASS scripts/js-api/build-types/transforms/typescript/__tests__/stripUnstableApis-test.js
PASS packages/react-native/Libraries/Animated/__tests__/bezier-test.js
PASS packages/react-native/Libraries/LogBox/UI/__tests__/LogBoxInspectorCodeFrame-test.js
PASS packages/react-native-babel-preset/src/__tests__/plugin-warn-on-deep-imports-test.js
PASS packages/react-native/Libraries/Lists/__tests__/SectionList-test.js
PASS scripts/js-api/build-types/transforms/flow/__tests__/replaceRequiresWithImports-test.js
PASS packages/eslint-plugin-react-native/__tests__/no-deep-imports-test.js
PASS private/eslint-plugin-monorepo/rules/__tests__/require-extends-error-test.js
PASS packages/react-native/Libraries/StyleSheet/__tests__/normalizeColor-test.js
PASS .github/workflow-scripts/__tests__/publishTemplate-test.js
PASS packages/react-native/Libraries/Utilities/__tests__/ReactNativeTestTools-test.js
PASS scripts/releases/utils/__tests__/npm-utils-test.js
PASS packages/react-native/Libraries/Utilities/__tests__/codegenNativeComponent-test.js
PASS packages/react-native/Libraries/Network/__tests__/FormData-test.js
PASS packages/react-native/Libraries/Components/Touchable/__tests__/TouchableNativeFeedback-test.js
PASS scripts/js-api/build-types/transforms/typescript/__tests__/renameDefaultExportedIdentifiers-test.js
PASS packages/react-native/Libraries/LogBox/UI/__tests__/LogBoxInspectorMessageHeader-test.js
PASS packages/react-native/Libraries/Animated/__tests__/NativeAnimatedAllowlist-test.js
PASS packages/react-native/Libraries/LogBox/UI/__tests__/LogBoxInspectorStackFrames-test.js
PASS .github/workflow-scripts/__tests__/verifyArtifactsAreOnMaven-test.js
PASS packages/react-native/Libraries/Utilities/__tests__/stringifySafe-test.js
PASS packages/react-native/Libraries/LogBox/UI/__tests__/LogBoxInspector-test.js
PASS packages/react-native/Libraries/Blob/__tests__/Blob-test.js
PASS scripts/releases/__tests__/set-version-test.js
PASS packages/react-native/Libraries/Components/__tests__/Button-test.js
PASS .github/workflow-scripts/__tests__/verifyReleaseOnNpm-test.js
PASS packages/react-native/src/private/animated/__tests__/createAnimatedPropsHook-test.js
PASS scripts/releases/utils/__tests__/scm-utils-test.js
PASS packages/react-native/Libraries/Components/Keyboard/__tests__/Keyboard-test.js
PASS packages/react-native/Libraries/Animated/__tests__/AnimatedObject-test.js
PASS private/react-native-codegen-typescript-test/lib/src/__tests__/simple-scenario-frontend-test.js
PASS packages/react-native/src/private/webapis/geometry/__tests__/DOMRectList-test.js
PASS packages/react-native/Libraries/Blob/__tests__/File-test.js
PASS .github/workflow-scripts/__tests__/extractIssueOncalls-test.js
  ‚óè Console

    console.log
      9555 7565

      at log (.github/workflow-scripts/extractIssueOncalls.js:15:11)

    console.log
      9555 7565

      at log (.github/workflow-scripts/extractIssueOncalls.js:15:11)

    console.log
      1785 1332

      at log (.github/workflow-scripts/extractIssueOncalls.js:15:11)

    console.log
      1785 1332

      at log (.github/workflow-scripts/extractIssueOncalls.js:15:11)

    console.log
      1785 1332

      at log (.github/workflow-scripts/extractIssueOncalls.js:15:11)

    console.log
      1785 1332

      at log (.github/workflow-scripts/extractIssueOncalls.js:15:11)

    console.log
      1785 1332

      at log (.github/workflow-scripts/extractIssueOncalls.js:15:11)

    console.log
      1785 1332

      at log (.github/workflow-scripts/extractIssueOncalls.js:15:11)

PASS packages/react-native/Libraries/Components/StatusBar/__tests__/StatusBar-test.js
PASS packages/react-native/scripts/codegen/__tests__/generate-specs-cli-executor-test.js
PASS scripts/releases/__tests__/set-rn-artifacts-version-test.js
PASS packages/assets/__tests__/path-support-test.js
PASS packages/react-native/Libraries/Components/Pressable/__tests__/Pressable-test.js
PASS packages/community-cli-plugin/src/commands/bundle/__tests__/getAssetDestPathAndroid-test.js
PASS packages/react-native-codegen/src/generators/__tests__/RNCodegen-test.js
PASS packages/react-native/Libraries/Components/Touchable/__tests__/TouchableWithoutFeedback-test.js
PASS packages/react-native/Libraries/Components/Touchable/__tests__/TouchableHighlight-test.js
PASS packages/react-native-codegen/src/__tests__/SchemaValidator-test.js
PASS private/eslint-plugin-monorepo/rules/__tests__/no-haste-imports-test.js
PASS packages/react-native/Libraries/StyleSheet/__tests__/processAspectRatio-test.js
PASS packages/react-native/Libraries/ReactNative/__tests__/FabricUIManager-test.js
PASS packages/react-native/src/private/webapis/dom/oldstylecollections/__tests__/HTMLCollection-test.js
PASS scripts/js-api/build-types/transforms/flow/__tests__/reattachDocComments-test.js
PASS scripts/js-api/build-types/transforms/flow/__tests__/replaceNullablePropertiesWithUndefined-test.js
(node:1908) DeprecationWarning: "react-native-manifest" rule is using `context.parserServices`, which is deprecated and will be removed in ESLint v9. Please use `sourceCode.parserServices` instead.
(Use `node --trace-deprecation ...` to show where the warning was created)
PASS private/eslint-plugin-monorepo/rules/__tests__/react-native-manifest-test.js
PASS packages/react-native-codegen/src/parsers/typescript/components/__tests__/typescript-component-parser-test.js
PASS packages/react-native/Libraries/LogBox/UI/__tests__/LogBoxInspectorStackFrame-test.js
PASS packages/react-native/Libraries/LogBox/UI/__tests__/LogBoxInspectorHeader-test.js
PASS packages/react-native/Libraries/Utilities/__tests__/Dimensions-test.js
PASS packages/react-native/Libraries/LogBox/UI/__tests__/LogBoxInspectorFooter-test.js
PASS packages/react-native/Libraries/Blob/__tests__/FileReader-test.js
PASS packages/eslint-plugin-react-native/__tests__/platform-colors-test.js
PASS scripts/js-api/build-types/transforms/flow/__tests__/ensureNoUnprefixedProps-test.js
PASS packages/react-native/Libraries/LogBox/Data/__tests__/LogBoxSymbolication-test.js
PASS packages/react-native-codegen/e2e/deep_imports/__tests__/modules/GenerateModuleObjCpp-test.js
PASS packages/react-native/Libraries/LogBox/__tests__/LogBoxNotificationContainer-test.js
PASS packages/react-native-compatibility-check/src/__tests__/ErrorFormatting-test.js
PASS packages/react-native-codegen/src/parsers/typescript/modules/__tests__/typescript-module-parser-snapshot-test.js
PASS packages/react-native-codegen/src/parsers/flow/modules/__tests__/module-parser-snapshot-test.js
PASS packages/react-native/Libraries/LogBox/UI/__tests__/LogBoxNotification-test.js
PASS packages/react-native/Libraries/Utilities/__tests__/mapWithSeparator-test.js
PASS packages/react-native-codegen/src/parsers/flow/components/__tests__/component-parser-test.js
PASS packages/react-native/Libraries/Utilities/__tests__/Platform-test.js
PASS packages/react-native-codegen/e2e/deep_imports/__tests__/modules/GenerateModuleCpp-test.js
PASS packages/react-native/Libraries/StyleSheet/__tests__/processFontVariant-test.js
PASS packages/react-native-codegen/e2e/deep_imports/__tests__/modules/GenerateModuleH-test.js
PASS packages/babel-plugin-codegen/__tests__/index-test.js
PASS packages/eslint-config-react-native/__tests__/prettier-config-test.js
PASS packages/react-native/Libraries/Modal/__tests__/Modal-test.js
PASS packages/react-native/Libraries/Animated/__tests__/AnimatedMock-test.js
PASS packages/debugger-shell/__tests__/electron-dependency-test.js
PASS packages/react-native/Libraries/LogBox/UI/__tests__/LogBoxButton-test.js
PASS scripts/js-api/build-types/transforms/flow/__tests__/replaceStringishWithString-test.js
PASS packages/react-native-codegen/src/parsers/consistency/__tests__/checkModuleSnaps-test.js
PASS packages/react-native/Libraries/Utilities/__tests__/binaryToBase64-test.js
PASS scripts/js-api/build-types/transforms/flow/__tests__/replaceEmptyWithNever-test.js
PASS packages/react-native-codegen/src/generators/components/__tests__/GenerateViewConfigJs-test.js
PASS packages/react-native/Libraries/Components/Touchable/__tests__/TouchableOpacity-test.js
PASS packages/react-native-babel-transformer/src/__tests__/transform-test.js
PASS packages/dev-middleware/src/__tests__/getBaseUrlFromRequest-test.js
/app/node_modules/electron/dist/electron: error while loading shared libraries: libglib-2.0.so.0: cannot open shared object file: No such file or directory
PASS packages/debugger-shell/src/node/__tests__/debugger-shell-test.js
PASS packages/react-native/Libraries/LogBox/UI/__tests__/LogBoxInspectorSourceMapStatus-test.js
PASS scripts/releases/utils/__tests__/curl-utils-test.js
PASS packages/react-native/Libraries/Image/__tests__/ImageBackground-test.js
PASS packages/community-cli-plugin/src/commands/bundle/__tests__/getAssetDestPathIOS-test.js
PASS packages/react-native/Libraries/StyleSheet/__tests__/StyleSheet-test.js
(node:1908) DeprecationWarning: "../react-native-modules" rule is using the deprecated function-style format and will stop working in ESLint v9. Please use object-style format: https://eslint.org/docs/latest/extend/custom-rules
PASS packages/eslint-plugin-specs/__tests__/react-native-modules-test.js
PASS packages/react-native/Libraries/Utilities/__tests__/PixelRatio-test.js
[BABEL] Note: The code generator has deoptimised the styling of undefined as it exceeds the max of 500KB.
[BABEL] Note: The code generator has deoptimised the styling of undefined as it exceeds the max of 500KB.
PASS packages/react-native-codegen/src/parsers/consistency/__tests__/checkComponentSnaps-test.js
PASS packages/react-native/Libraries/Utilities/differ/__tests__/matricesDiffer-test.js
PASS packages/react-native/Libraries/Image/__tests__/AssetUtils-test.js
PASS packages/react-native/Libraries/Blob/__tests__/BlobRegistry-test.js
PASS scripts/js-api/build-types/transforms/typescript/__tests__/replaceDefaultExportName-test.js
PASS packages/react-native/Libraries/StyleSheet/__tests__/splitLayoutProps-test.js
PASS packages/react-native/Libraries/Core/Devtools/__tests__/parseErrorStack-test.js
PASS packages/community-cli-plugin/src/commands/bundle/__tests__/filterPlatformAssetScales-test.js
PASS packages/react-native/Libraries/Components/DrawerAndroid/__tests__/DrawerAndroid-test.js
PASS packages/react-native/Libraries/StyleSheet/__tests__/setNormalizedColorAlpha-test.js
PASS packages/react-native/Libraries/Utilities/__tests__/useColorScheme-test.js
/app/packages/debugger-shell/bin/react-native-devtools: error while loading shared libraries: libglib-2.0.so.0: cannot open shared object file: No such file or directory
PASS scripts/js-api/build-types/transforms/typescript/__tests__/removeUndefinedFromOptionalMembers-test.js
PASS packages/react-native/Libraries/Utilities/__tests__/logError-test.js
PASS private/eslint-plugin-monorepo/__tests__/eslintrc-test.js
PASS private/eslint-plugin-monorepo/rules/__tests__/valid-flow-typed-signature-test.js
PASS packages/react-native-codegen/e2e/namespaced/__tests__/components/GenerateEventEmitterCpp-test.js
PASS packages/react-native-codegen/e2e/namespaced/__tests__/components/GenerateComponentDescriptorH-test.js
PASS packages/react-native/Libraries/LogBox/UI/__tests__/LogBoxInspectorSection-test.js
PASS packages/react-native/Libraries/Components/TextInput/__tests__/InputAccessoryView-test.js
PASS packages/react-native-codegen/e2e/namespaced/__tests__/components/GenerateShadowNodeCpp-test.js
PASS packages/react-native-codegen/e2e/namespaced/__tests__/components/GenerateShadowNodeH-test.js
PASS packages/react-native-codegen/e2e/namespaced/__tests__/components/GeneratePropsCpp-test.js
PASS packages/react-native/Libraries/Animated/__tests__/TimingAnimation-test.js
PASS packages/react-native-codegen/e2e/deep_imports/__tests__/components/GenerateComponentDescriptorH-test.js
PASS packages/react-native/Libraries/Components/ProgressBarAndroid/__tests__/ProgressBarAndroid-test.js
PASS packages/react-native-codegen/e2e/deep_imports/__tests__/components/GenerateEventEmitterCpp-test.js
PASS scripts/js-api/build-types/transforms/flow/__tests__/stripPrivateProperties-test.js
PASS packages/react-native-codegen/e2e/deep_imports/__tests__/components/GenerateShadowNodeCpp-test.js
PASS packages/react-native-codegen/e2e/deep_imports/__tests__/components/GenerateShadowNodeH-test.js
PASS private/eslint-plugin-monorepo/rules/__tests__/no-commonjs-exports-test.js
PASS packages/react-native-codegen/e2e/deep_imports/__tests__/components/GeneratePropsCpp-test.js
PASS scripts/js-api/build-types/transforms/typescript/__tests__/sortProperties-test.js
PASS scripts/js-api/build-types/transforms/typescript/__tests__/organizeDeclarations-test.js
PASS packages/react-native-codegen/e2e/namespaced/__tests__/components/GeneratePropsJavaDelegate-test.js
PASS packages/react-native-codegen/e2e/namespaced/__tests__/components/GenerateComponentHObjCpp-test.js
PASS packages/react-native-codegen/e2e/namespaced/__tests__/components/GenerateEventEmitterH-test.js
PASS packages/react-native-codegen/src/generators/modules/__tests__/GenerateModuleMm-test.js
PASS packages/react-native-codegen/e2e/namespaced/__tests__/components/GeneratePropsJavaInterface-test.js
PASS packages/react-native-codegen/e2e/namespaced/__tests__/components/GeneratePropsH-test.js
PASS packages/react-native-codegen/e2e/deep_imports/__tests__/components/GeneratePropsJavaInterface-test.js
PASS packages/react-native-codegen/e2e/deep_imports/__tests__/components/GeneratePropsJavaDelegate-test.js
PASS packages/react-native-codegen/e2e/deep_imports/__tests__/components/GenerateComponentHObjCpp-test.js
PASS packages/react-native-codegen/e2e/namespaced/__tests__/components/GenerateViewConfigJs-test.js
PASS packages/react-native-codegen/e2e/deep_imports/__tests__/components/GenerateEventEmitterH-test.js
PASS packages/react-native/Libraries/Components/ActivityIndicator/__tests__/ActivityIndicator-test.js
PASS packages/react-native/Libraries/Components/SafeAreaView/__tests__/SafeAreaView-test.js
PASS packages/react-native-codegen/e2e/deep_imports/__tests__/components/GeneratePropsH-test.js
PASS scripts/js-api/build-types/transforms/typescript/__tests__/sortUnions-test.js
PASS packages/virtualized-lists/Utilities/__tests__/clamp-test.js
PASS packages/react-native/Libraries/Animated/__tests__/AnimatedProps-test.js
PASS packages/react-native-codegen/src/generators/modules/__tests__/GenerateModuleHObjCpp-test.js
PASS packages/react-native-codegen/e2e/deep_imports/__tests__/components/GenerateViewConfigJs-test.js
PASS packages/react-native/Libraries/Utilities/__tests__/SceneTracker-test.js
PASS packages/react-native-codegen/src/generators/components/__tests__/GenerateComponentDescriptorCpp-test.js
PASS packages/react-native-codegen/src/generators/components/__tests__/GenerateComponentDescriptorH-test.js
PASS packages/react-native/Libraries/WebSocket/__tests__/WebSocket-test.js
PASS packages/react-native-codegen/src/generators/components/__tests__/GenerateShadowNodeCpp-test.js
PASS packages/react-native-codegen/src/generators/components/__tests__/GenerateEventEmitterCpp-test.js
PASS packages/react-native-codegen/src/generators/components/__tests__/GenerateShadowNodeH-test.js
PASS packages/react-native-codegen/src/generators/components/__tests__/GeneratePropsCpp-test.js
PASS packages/react-native-codegen/src/generators/components/__tests__/GenerateStateCpp-test.js
PASS packages/react-native/Libraries/Blob/__tests__/BlobManager-test.js
PASS private/eslint-plugin-monorepo/rules/__tests__/no-react-node-imports-test.js
PASS packages/react-native-codegen/src/generators/modules/__tests__/GenerateModuleJavaSpec-test.js
PASS packages/react-native-codegen/src/generators/modules/__tests__/GenerateModuleJniCpp-test.js
PASS packages/react-native-codegen/src/generators/modules/__tests__/GenerateModuleJniH-test.js
PASS packages/react-native-codegen/src/generators/modules/__tests__/GenerateModuleCpp-test.js
PASS packages/react-native-codegen/src/generators/modules/__tests__/GenerateModuleH-test.js
PASS private/monorepo-tests/__tests__/no-dev-dependencies-in-react-native-package-test.js
PASS packages/react-native/Libraries/Image/__tests__/assetRelativePathInSnapshot-test.js
PASS packages/dev-middleware/src/__tests__/embedderScriptStub-test.js
PASS private/monorepo-tests/__tests__/no-dependencies-in-root-package-test.js
PASS packages/react-native/Libraries/Utilities/__tests__/warnOnce-test.js
PASS packages/react-native-codegen/src/generators/components/__tests__/GeneratePropsJavaDelegate-test.js
PASS packages/react-native-codegen/src/generators/components/__tests__/GeneratePropsJavaInterface-test.js
PASS packages/react-native-codegen/src/generators/components/__tests__/GenerateComponentHObjCpp-test.js
PASS packages/react-native-codegen/src/generators/components/__tests__/GenerateEventEmitterH-test.js
PASS packages/react-native-codegen/src/generators/components/__tests__/GenerateStateH-test.js
PASS packages/react-native-codegen/src/generators/components/__tests__/GeneratePropsH-test.js
PASS packages/react-native-codegen/src/generators/components/__tests__/GeneratePropsJavaPojo-test.js
PASS packages/react-native-codegen/src/generators/components/__tests__/GenerateTests-test.js
PASS packages/react-native-codegen/src/generators/components/__tests__/GenerateThirdPartyFabricComponentsProviderObjCpp-test.js
PASS packages/react-native-codegen/src/generators/components/__tests__/GenerateThirdPartyFabricComponentsProviderH-test.js
PASS packages/react-native/Libraries/Utilities/__tests__/DeviceInfo-test.js
PASS packages/react-native/jest/__tests__/setup-test.js
A worker process has failed to exit gracefully and has been force exited. This is likely caused by tests leaking due to improper teardown. Try running with --detectOpenHandles to find leaks. Active timers can also cause this, ensure that .unref() was called on them.

Test Suites: 273 passed, 273 total
Tests:       2 skipped, 5191 passed, 5193 total
Snapshots:   1683 passed, 1683 total
Time:        99.739 s
Ran all test suites.


>>>>> Test: TypeScript tests



Executing: yarn run test-typescript
yarn run v1.22.22
$ tsc -p packages/react-native/types/tsconfig.json
Done in 3.42s.
Finished.
