
> @vueuse/monorepo@14.0.0-alpha.1 build /app
> nr update && nr build:packages


> @vueuse/monorepo@14.0.0-alpha.1 update /app
> nr -C packages/metadata update && tsx scripts/update.ts


> @vueuse/metadata@14.0.0-alpha.1 update /app/packages/metadata
> tsx scripts/update.ts

No types dist found, run `npm run build:types` first.

> @vueuse/monorepo@14.0.0-alpha.1 build:packages /app
> pnpm -r run build

Scope: 11 of 12 workspace projects
packages/metadata build$ tsdown
packages/shared build$ tsdown
packages/metadata build: ℹ tsdown v0.14.2 powered by rolldown v1.0.0-beta.34
packages/shared build: ℹ tsdown v0.14.2 powered by rolldown v1.0.0-beta.34
packages/shared build: ℹ Using tsdown config: /app/packages/shared/tsdown.config.ts
packages/shared build: ℹ entry: index.ts
packages/shared build: ℹ target: es2018
packages/shared build: ℹ tsconfig: ../../tsconfig.json
packages/shared build: ℹ entry: index.ts
packages/shared build: ℹ target: es2018
packages/shared build: ℹ tsconfig: ../../tsconfig.json
packages/shared build: ℹ entry: index.ts
packages/shared build: ℹ target: es2018
packages/shared build: ℹ tsconfig: ../../tsconfig.json
packages/shared build: ℹ Build start
packages/metadata build: ℹ Using tsdown config: /app/packages/metadata/tsdown.config.ts
packages/metadata build: ℹ entry: index.ts
packages/metadata build: ℹ target: node14
packages/metadata build: ℹ tsconfig: ../../tsconfig.json
packages/metadata build: ℹ Build start
packages/shared build: ℹ dist/index.iife.min.js  23.42 kB │ gzip: 7.97 kB
packages/shared build: ℹ 1 files, total: 23.42 kB
packages/shared build: ℹ dist/index.iife.js  63.39 kB │ gzip: 15.23 kB
packages/shared build: ℹ 1 files, total: 63.39 kB
packages/shared build: ✔ Build complete in 4610ms
packages/shared build: ✔ Build complete in 4610ms
packages/metadata build: ℹ dist/index.js    75.17 kB │ gzip: 11.64 kB
packages/metadata build: ℹ dist/index.d.ts   2.12 kB │ gzip:  0.63 kB
packages/metadata build: ℹ 2 files, total: 77.29 kB
packages/metadata build: ✔ Build complete in 4851ms
packages/metadata build: Done
packages/shared build: ℹ dist/index.js    58.56 kB │ gzip: 14.46 kB
packages/shared build: ℹ dist/index.d.ts  62.85 kB │ gzip: 13.34 kB
packages/shared build: ℹ 2 files, total: 121.41 kB
packages/shared build: ✔ Build complete in 5499ms
packages/shared build: Done
packages/core build$ tsdown
packages/electron build$ tsdown
packages/firebase build$ tsdown
packages/math build$ tsdown
packages/electron build: ℹ tsdown v0.14.2 powered by rolldown v1.0.0-beta.34
packages/core build: ℹ tsdown v0.14.2 powered by rolldown v1.0.0-beta.34
packages/firebase build: ℹ tsdown v0.14.2 powered by rolldown v1.0.0-beta.34
packages/math build: ℹ tsdown v0.14.2 powered by rolldown v1.0.0-beta.34
packages/electron build: ℹ Using tsdown config: /app/packages/electron/tsdown.config.ts
packages/math build: ℹ Using tsdown config: /app/packages/math/tsdown.config.ts
packages/electron build: ℹ entry: index.ts
packages/electron build: ℹ target: es2018
packages/electron build: ℹ tsconfig: ../../tsconfig.json
packages/core build: ℹ Using tsdown config: /app/packages/core/tsdown.config.ts
packages/electron build: ℹ Build start
packages/math build: ℹ entry: index.ts
packages/math build: ℹ target: es2018
packages/math build: ℹ tsconfig: ../../tsconfig.json
packages/math build: ℹ entry: index.ts
packages/math build: ℹ target: es2018
packages/math build: ℹ tsconfig: ../../tsconfig.json
packages/core build: ℹ entry: index.ts
packages/core build: ℹ target: es2018
packages/core build: ℹ tsconfig: ../../tsconfig.json
packages/math build: ℹ entry: index.ts
packages/math build: ℹ target: es2018
packages/math build: ℹ tsconfig: ../../tsconfig.json
packages/math build: ℹ Build start
packages/core build: ℹ entry: index.ts
packages/core build: ℹ target: es2018
packages/core build: ℹ tsconfig: ../../tsconfig.json
packages/core build: ℹ entry: index.ts
packages/core build: ℹ target: es2018
packages/core build: ℹ tsconfig: ../../tsconfig.json
packages/core build: ℹ Build start
packages/firebase build: ℹ Using tsdown config: /app/packages/firebase/tsdown.config.ts
packages/firebase build: ℹ entry: index.ts
packages/firebase build: ℹ target: es2018
packages/firebase build: ℹ tsconfig: ../../tsconfig.json
packages/firebase build: ℹ entry: index.ts
packages/firebase build: ℹ target: es2018
packages/firebase build: ℹ tsconfig: ../../tsconfig.json
packages/firebase build: ℹ entry: index.ts
packages/firebase build: ℹ target: es2018
packages/firebase build: ℹ tsconfig: ../../tsconfig.json
packages/firebase build: ℹ entry: useAuth/index.ts
packages/firebase build: ℹ target: es2018
packages/firebase build: ℹ tsconfig: ../../tsconfig.json
packages/firebase build: ℹ entry: useAuth/index.ts
packages/firebase build: ℹ target: es2018
packages/firebase build: ℹ tsconfig: ../../tsconfig.json
packages/firebase build: ℹ entry: useAuth/index.ts
packages/firebase build: ℹ target: es2018
packages/firebase build: ℹ tsconfig: ../../tsconfig.json
packages/firebase build: ℹ entry: useFirestore/index.ts
packages/firebase build: ℹ target: es2018
packages/firebase build: ℹ tsconfig: ../../tsconfig.json
packages/firebase build: ℹ entry: useFirestore/index.ts
packages/firebase build: ℹ target: es2018
packages/firebase build: ℹ tsconfig: ../../tsconfig.json
packages/firebase build: ℹ entry: useFirestore/index.ts
packages/firebase build: ℹ target: es2018
packages/firebase build: ℹ tsconfig: ../../tsconfig.json
packages/firebase build: ℹ entry: useRTDB/index.ts
packages/firebase build: ℹ target: es2018
packages/firebase build: ℹ tsconfig: ../../tsconfig.json
packages/firebase build: ℹ entry: useRTDB/index.ts
packages/firebase build: ℹ target: es2018
packages/firebase build: ℹ tsconfig: ../../tsconfig.json
packages/firebase build: ℹ entry: useRTDB/index.ts
packages/firebase build: ℹ target: es2018
packages/firebase build: ℹ tsconfig: ../../tsconfig.json
packages/firebase build: ℹ Build start
packages/firebase build: ℹ dist/index.iife.js  3.95 kB │ gzip: 1.46 kB
packages/firebase build: ℹ 1 files, total: 3.95 kB
packages/firebase build: ℹ dist/useRTDB.iife.js  1.76 kB │ gzip: 0.83 kB
packages/firebase build: ℹ 1 files, total: 1.76 kB
packages/firebase build: ℹ dist/useRTDB.iife.min.js  0.79 kB │ gzip: 0.49 kB
packages/firebase build: ℹ 1 files, total: 0.79 kB
packages/firebase build: ✔ Build complete in 526ms
packages/firebase build: ✔ Build complete in 526ms
packages/firebase build: ✔ Build complete in 526ms
packages/firebase build: ℹ dist/useAuth.iife.js  1.47 kB │ gzip: 0.74 kB
packages/firebase build: ℹ 1 files, total: 1.47 kB
packages/firebase build: ℹ dist/useFirestore.iife.min.js  1.26 kB │ gzip: 0.70 kB
packages/firebase build: ℹ 1 files, total: 1.26 kB
packages/firebase build: ℹ dist/index.iife.min.js  1.65 kB │ gzip: 0.84 kB
packages/firebase build: ℹ 1 files, total: 1.65 kB
packages/firebase build: ✔ Build complete in 533ms
packages/firebase build: ℹ dist/useFirestore.iife.js  2.92 kB │ gzip: 1.21 kB
packages/firebase build: ℹ 1 files, total: 2.92 kB
packages/math build: ℹ dist/index.iife.js  7.98 kB │ gzip: 2.03 kB
packages/math build: ℹ 1 files, total: 7.98 kB
packages/math build: ℹ dist/index.iife.min.js  2.88 kB │ gzip: 1.02 kB
packages/math build: ℹ 1 files, total: 2.88 kB
packages/math build: ✔ Build complete in 1351ms
packages/math build: ✔ Build complete in 1352ms
packages/firebase build: ✔ Build complete in 1494ms
packages/firebase build: ✔ Build complete in 1494ms
packages/firebase build: ✔ Build complete in 1496ms
packages/firebase build: ℹ dist/useAuth.iife.min.js  0.70 kB │ gzip: 0.44 kB
packages/firebase build: ℹ 1 files, total: 0.70 kB
packages/firebase build: ✔ Build complete in 1497ms
packages/electron build: ℹ dist/index.js    5.23 kB │ gzip: 1.37 kB
packages/electron build: ℹ dist/index.d.ts  7.04 kB │ gzip: 1.36 kB
packages/electron build: ℹ 2 files, total: 12.27 kB
packages/electron build: ✔ Build complete in 4778ms
packages/electron build: Done
packages/router build$ tsdown
packages/math build: ℹ dist/index.js    6.13 kB │ gzip: 1.51 kB
packages/math build: ℹ dist/index.d.ts  5.72 kB │ gzip: 1.17 kB
packages/math build: ℹ 2 files, total: 11.85 kB
packages/math build: ✔ Build complete in 4905ms
packages/math build: Done
packages/rxjs build$ tsdown
packages/router build: ℹ tsdown v0.14.2 powered by rolldown v1.0.0-beta.34
packages/rxjs build: ℹ tsdown v0.14.2 powered by rolldown v1.0.0-beta.34
packages/router build: ℹ Using tsdown config: /app/packages/router/tsdown.config.ts
packages/router build: ℹ entry: index.ts
packages/router build: ℹ target: es2018
packages/router build: ℹ tsconfig: ../../tsconfig.json
packages/router build: ℹ entry: index.ts
packages/router build: ℹ target: es2018
packages/router build: ℹ tsconfig: ../../tsconfig.json
packages/router build: ℹ entry: index.ts
packages/router build: ℹ target: es2018
packages/router build: ℹ tsconfig: ../../tsconfig.json
packages/router build: ℹ Build start
packages/rxjs build: ℹ Using tsdown config: /app/packages/rxjs/tsdown.config.ts
packages/rxjs build: ℹ entry: index.ts
packages/rxjs build: ℹ target: es2018
packages/rxjs build: ℹ tsconfig: ../../tsconfig.json
packages/rxjs build: ℹ entry: index.ts
packages/rxjs build: ℹ target: es2018
packages/rxjs build: ℹ tsconfig: ../../tsconfig.json
packages/rxjs build: ℹ entry: index.ts
packages/rxjs build: ℹ target: es2018
packages/rxjs build: ℹ tsconfig: ../../tsconfig.json
packages/rxjs build: ℹ Build start
packages/core build: ℹ dist/index.iife.js  283.11 kB │ gzip: 64.50 kB
packages/core build: ℹ 1 files, total: 283.11 kB
packages/core build: ✔ Build complete in 6899ms
packages/core build: ℹ dist/index.iife.min.js  118.21 kB │ gzip: 39.46 kB
packages/core build: ℹ 1 files, total: 118.21 kB
packages/core build: ✔ Build complete in 6914ms
packages/router build: ℹ dist/index.iife.min.js  2.60 kB │ gzip: 0.94 kB
packages/router build: ℹ 1 files, total: 2.60 kB
packages/router build: ℹ dist/index.iife.js  5.77 kB │ gzip: 1.48 kB
packages/router build: ℹ 1 files, total: 5.77 kB
packages/router build: ✔ Build complete in 1352ms
packages/router build: ✔ Build complete in 1353ms
packages/rxjs build: ℹ dist/index.iife.js  5.94 kB │ gzip: 1.55 kB
packages/rxjs build: ℹ 1 files, total: 5.94 kB
packages/rxjs build: ℹ dist/index.iife.min.js  2.43 kB │ gzip: 1.00 kB
packages/rxjs build: ℹ 1 files, total: 2.43 kB
packages/rxjs build: ✔ Build complete in 1337ms
packages/rxjs build: ✔ Build complete in 1338ms
packages/core build: ℹ dist/index.js    268.46 kB │ gzip: 63.10 kB
packages/core build: ℹ dist/index.d.ts  226.13 kB │ gzip: 43.27 kB
packages/core build: ℹ 2 files, total: 494.59 kB
packages/core build: ✔ Build complete in 7192ms
packages/core build: Done
packages/router build: ℹ dist/index.js    4.35 kB │ gzip: 1.02 kB
packages/router build: ℹ dist/index.d.ts  2.00 kB │ gzip: 0.68 kB
packages/router build: ℹ 2 files, total: 6.35 kB
packages/router build: ✔ Build complete in 4807ms
packages/router build: Done
packages/rxjs build: ℹ dist/index.js    4.54 kB │ gzip: 1.07 kB
packages/rxjs build: ℹ dist/index.d.ts  5.12 kB │ gzip: 1.00 kB
packages/rxjs build: ℹ 2 files, total: 9.66 kB
packages/rxjs build: ✔ Build complete in 4854ms
packages/rxjs build: Done
packages/firebase build: ℹ dist/useRTDB.js    0.61 kB │ gzip: 0.35 kB
packages/firebase build: ℹ dist/useRTDB.d.ts  0.47 kB │ gzip: 0.30 kB
packages/firebase build: ℹ 2 files, total: 1.08 kB
packages/firebase build: ℹ dist/useFirestore.js    1.71 kB │ gzip: 0.78 kB
packages/firebase build: ℹ dist/useFirestore.d.ts  1.14 kB │ gzip: 0.39 kB
packages/firebase build: ℹ 2 files, total: 2.84 kB
packages/firebase build: ✔ Build complete in 12363ms
packages/firebase build: ℹ dist/useAuth.js    0.42 kB │ gzip: 0.29 kB
packages/firebase build: ℹ dist/useAuth.d.ts  2.56 kB │ gzip: 0.58 kB
packages/firebase build: ℹ 2 files, total: 2.98 kB
packages/firebase build: ✔ Build complete in 12366ms
packages/firebase build: ✔ Build complete in 12366ms
packages/firebase build: ℹ dist/index.js    2.60 kB │ gzip: 1.00 kB
packages/firebase build: ℹ dist/index.d.ts  4.09 kB │ gzip: 0.91 kB
packages/firebase build: ℹ 2 files, total: 6.68 kB
packages/firebase build: ✔ Build complete in 12369ms
packages/firebase build: Done
packages/components build$ tsdown
packages/integrations build$ tsdown
packages/nuxt build$ tsdown
packages/components build: ℹ tsdown v0.14.2 powered by rolldown v1.0.0-beta.34
packages/integrations build: ℹ tsdown v0.14.2 powered by rolldown v1.0.0-beta.34
packages/nuxt build: ℹ tsdown v0.14.2 powered by rolldown v1.0.0-beta.34
packages/components build: ℹ Using tsdown config: /app/packages/components/tsdown.config.ts
packages/components build: ℹ entry: index.ts
packages/components build: ℹ target: es2018
packages/components build: ℹ tsconfig: ../../tsconfig.json
packages/components build: ℹ entry: index.ts
packages/components build: ℹ target: es2018
packages/components build: ℹ tsconfig: ../../tsconfig.json
packages/components build: ℹ entry: index.ts
packages/components build: ℹ target: es2018
packages/components build: ℹ tsconfig: ../../tsconfig.json
packages/components build: ℹ Build start
packages/nuxt build: ℹ Using tsdown config: /app/packages/nuxt/tsdown.config.ts
packages/integrations build: ℹ Using tsdown config: /app/packages/integrations/tsdown.config.ts
packages/nuxt build: ℹ entry: index.ts
packages/nuxt build: ℹ target: node14
packages/nuxt build: ℹ tsconfig: ../../tsconfig.json
packages/nuxt build: ℹ Build start
packages/integrations build: ℹ entry: index.ts
packages/integrations build: ℹ target: es2018
packages/integrations build: ℹ tsconfig: ../../tsconfig.json
packages/integrations build: ℹ entry: index.ts
packages/integrations build: ℹ target: es2018
packages/integrations build: ℹ tsconfig: ../../tsconfig.json
packages/integrations build: ℹ entry: index.ts
packages/integrations build: ℹ target: es2018
packages/integrations build: ℹ tsconfig: ../../tsconfig.json
packages/integrations build: ℹ entry: useAsyncValidator/index.ts
packages/integrations build: ℹ target: es2018
packages/integrations build: ℹ tsconfig: ../../tsconfig.json
packages/integrations build: ℹ entry: useAsyncValidator/index.ts
packages/integrations build: ℹ target: es2018
packages/integrations build: ℹ tsconfig: ../../tsconfig.json
packages/integrations build: ℹ entry: useAsyncValidator/index.ts
packages/integrations build: ℹ target: es2018
packages/integrations build: ℹ tsconfig: ../../tsconfig.json
packages/integrations build: ℹ entry: useAsyncValidator/component.ts
packages/integrations build: ℹ target: es2018
packages/integrations build: ℹ tsconfig: ../../tsconfig.json
packages/integrations build: ℹ entry: useAxios/index.ts
packages/integrations build: ℹ target: es2018
packages/integrations build: ℹ tsconfig: ../../tsconfig.json
packages/integrations build: ℹ entry: useAxios/index.ts
packages/integrations build: ℹ target: es2018
packages/integrations build: ℹ tsconfig: ../../tsconfig.json
packages/integrations build: ℹ entry: useAxios/index.ts
packages/integrations build: ℹ target: es2018
packages/integrations build: ℹ tsconfig: ../../tsconfig.json
packages/integrations build: ℹ entry: useChangeCase/index.ts
packages/integrations build: ℹ target: es2018
packages/integrations build: ℹ tsconfig: ../../tsconfig.json
packages/integrations build: ℹ entry: useChangeCase/index.ts
packages/integrations build: ℹ target: es2018
packages/integrations build: ℹ tsconfig: ../../tsconfig.json
packages/integrations build: ℹ entry: useChangeCase/index.ts
packages/integrations build: ℹ target: es2018
packages/integrations build: ℹ tsconfig: ../../tsconfig.json
packages/integrations build: ℹ entry: useCookies/index.ts
packages/integrations build: ℹ target: es2018
packages/integrations build: ℹ tsconfig: ../../tsconfig.json
packages/integrations build: ℹ entry: useCookies/index.ts
packages/integrations build: ℹ target: es2018
packages/integrations build: ℹ tsconfig: ../../tsconfig.json
packages/integrations build: ℹ entry: useCookies/index.ts
packages/integrations build: ℹ target: es2018
packages/integrations build: ℹ tsconfig: ../../tsconfig.json
packages/integrations build: ℹ entry: useDrauu/index.ts
packages/integrations build: ℹ target: es2018
packages/integrations build: ℹ tsconfig: ../../tsconfig.json
packages/integrations build: ℹ entry: useDrauu/index.ts
packages/integrations build: ℹ target: es2018
packages/integrations build: ℹ tsconfig: ../../tsconfig.json
packages/integrations build: ℹ entry: useDrauu/index.ts
packages/integrations build: ℹ target: es2018
packages/integrations build: ℹ tsconfig: ../../tsconfig.json
packages/integrations build: ℹ entry: useFocusTrap/index.ts
packages/integrations build: ℹ target: es2018
packages/integrations build: ℹ tsconfig: ../../tsconfig.json
packages/integrations build: ℹ entry: useFocusTrap/index.ts
packages/integrations build: ℹ target: es2018
packages/integrations build: ℹ tsconfig: ../../tsconfig.json
packages/integrations build: ℹ entry: useFocusTrap/index.ts
packages/integrations build: ℹ target: es2018
packages/integrations build: ℹ tsconfig: ../../tsconfig.json
packages/integrations build: ℹ entry: useFocusTrap/component.ts
packages/integrations build: ℹ target: es2018
packages/integrations build: ℹ tsconfig: ../../tsconfig.json
packages/integrations build: ℹ entry: useFuse/index.ts
packages/integrations build: ℹ target: es2018
packages/integrations build: ℹ tsconfig: ../../tsconfig.json
packages/integrations build: ℹ entry: useFuse/index.ts
packages/integrations build: ℹ target: es2018
packages/integrations build: ℹ tsconfig: ../../tsconfig.json
packages/integrations build: ℹ entry: useFuse/index.ts
packages/integrations build: ℹ target: es2018
packages/integrations build: ℹ tsconfig: ../../tsconfig.json
packages/integrations build: ℹ entry: useIDBKeyval/index.ts
packages/integrations build: ℹ target: es2018
packages/integrations build: ℹ tsconfig: ../../tsconfig.json
packages/integrations build: ℹ entry: useIDBKeyval/index.ts
packages/integrations build: ℹ target: es2018
packages/integrations build: ℹ tsconfig: ../../tsconfig.json
packages/integrations build: ℹ entry: useIDBKeyval/index.ts
packages/integrations build: ℹ target: es2018
packages/integrations build: ℹ tsconfig: ../../tsconfig.json
packages/integrations build: ℹ entry: useJwt/index.ts
packages/integrations build: ℹ target: es2018
packages/integrations build: ℹ tsconfig: ../../tsconfig.json
packages/integrations build: ℹ entry: useJwt/index.ts
packages/integrations build: ℹ target: es2018
packages/integrations build: ℹ tsconfig: ../../tsconfig.json
packages/integrations build: ℹ entry: useJwt/index.ts
packages/integrations build: ℹ target: es2018
packages/integrations build: ℹ tsconfig: ../../tsconfig.json
packages/integrations build: ℹ entry: useNProgress/index.ts
packages/integrations build: ℹ target: es2018
packages/integrations build: ℹ tsconfig: ../../tsconfig.json
packages/integrations build: ℹ entry: useNProgress/index.ts
packages/integrations build: ℹ target: es2018
packages/integrations build: ℹ tsconfig: ../../tsconfig.json
packages/integrations build: ℹ entry: useNProgress/index.ts
packages/integrations build: ℹ target: es2018
packages/integrations build: ℹ tsconfig: ../../tsconfig.json
packages/integrations build: ℹ entry: useQRCode/index.ts
packages/integrations build: ℹ target: es2018
packages/integrations build: ℹ tsconfig: ../../tsconfig.json
packages/integrations build: ℹ entry: useQRCode/index.ts
packages/integrations build: ℹ target: es2018
packages/integrations build: ℹ tsconfig: ../../tsconfig.json
packages/integrations build: ℹ entry: useQRCode/index.ts
packages/integrations build: ℹ target: es2018
packages/integrations build: ℹ tsconfig: ../../tsconfig.json
packages/integrations build: ℹ entry: useSortable/index.ts
packages/integrations build: ℹ target: es2018
packages/integrations build: ℹ tsconfig: ../../tsconfig.json
packages/integrations build: ℹ entry: useSortable/index.ts
packages/integrations build: ℹ target: es2018
packages/integrations build: ℹ tsconfig: ../../tsconfig.json
packages/integrations build: ℹ entry: useSortable/index.ts
packages/integrations build: ℹ target: es2018
packages/integrations build: ℹ tsconfig: ../../tsconfig.json
packages/integrations build: ℹ entry: useSortable/component.ts
packages/integrations build: ℹ target: es2018
packages/integrations build: ℹ tsconfig: ../../tsconfig.json
packages/integrations build: ℹ Build start
packages/integrations build: ℹ dist/useAsyncValidator.iife.js  3.32 kB │ gzip: 1.26 kB
packages/integrations build: ℹ 1 files, total: 3.32 kB
packages/integrations build: ℹ dist/useAsyncValidator.iife.min.js  1.48 kB │ gzip: 0.76 kB
packages/integrations build: ℹ 1 files, total: 1.48 kB
packages/integrations build: ℹ dist/useChangeCase.iife.js  2.13 kB │ gzip: 0.96 kB
packages/integrations build: ℹ 1 files, total: 2.13 kB
packages/integrations build: ℹ dist/useChangeCase.iife.min.js  1.04 kB │ gzip: 0.57 kB
packages/integrations build: ℹ 1 files, total: 1.04 kB
packages/integrations build: ℹ dist/useCookies.iife.js  4.10 kB │ gzip: 1.52 kB
packages/integrations build: ℹ 1 files, total: 4.10 kB
packages/integrations build: ℹ dist/useCookies.iife.min.js  1.50 kB │ gzip: 0.72 kB
packages/integrations build: ℹ 1 files, total: 1.50 kB
packages/integrations build: ℹ dist/useDrauu.iife.js  5.18 kB │ gzip: 1.57 kB
packages/integrations build: ℹ 1 files, total: 5.18 kB
packages/integrations build: ℹ dist/useFuse.iife.js  2.39 kB │ gzip: 0.95 kB
packages/integrations build: ℹ 1 files, total: 2.39 kB
packages/integrations build: ℹ dist/useFuse.iife.min.js  1.20 kB │ gzip: 0.62 kB
packages/integrations build: ℹ 1 files, total: 1.20 kB
packages/integrations build: ℹ dist/useJwt.iife.js  1.83 kB │ gzip: 0.83 kB
packages/integrations build: ℹ 1 files, total: 1.83 kB
packages/integrations build: ℹ dist/useNProgress.iife.js  2.27 kB │ gzip: 0.94 kB
packages/integrations build: ℹ 1 files, total: 2.27 kB
packages/integrations build: ℹ dist/useAxios.iife.min.js  2.06 kB │ gzip: 1.07 kB
packages/integrations build: ℹ 1 files, total: 2.06 kB
packages/integrations build: ℹ dist/useDrauu.iife.min.js  2.19 kB │ gzip: 0.97 kB
packages/integrations build: ℹ 1 files, total: 2.19 kB
packages/integrations build: ℹ dist/useJwt.iife.min.js  0.83 kB │ gzip: 0.49 kB
packages/integrations build: ℹ 1 files, total: 0.83 kB
packages/integrations build: ✔ Build complete in 736ms
packages/integrations build: ✔ Build complete in 737ms
packages/integrations build: ✔ Build complete in 737ms
packages/integrations build: ✔ Build complete in 737ms
packages/integrations build: ✔ Build complete in 737ms
packages/integrations build: ✔ Build complete in 737ms
packages/integrations build: ✔ Build complete in 737ms
packages/integrations build: ✔ Build complete in 737ms
packages/integrations build: ✔ Build complete in 737ms
packages/integrations build: ✔ Build complete in 737ms
packages/integrations build: ℹ dist/useIDBKeyval.iife.min.js  1.29 kB │ gzip: 0.72 kB
packages/integrations build: ℹ 1 files, total: 1.29 kB
packages/integrations build: ℹ dist/useNProgress.iife.min.js  1.09 kB │ gzip: 0.58 kB
packages/integrations build: ℹ 1 files, total: 1.09 kB
packages/integrations build: ℹ dist/useSortable.iife.js  3.65 kB │ gzip: 1.46 kB
packages/integrations build: ℹ 1 files, total: 3.65 kB
packages/integrations build: ✔ Build complete in 744ms
packages/integrations build: ✔ Build complete in 744ms
packages/integrations build: ✔ Build complete in 745ms
packages/integrations build: ✔ Build complete in 745ms
packages/integrations build: ℹ dist/useFocusTrap.iife.min.js  1.40 kB │ gzip: 0.74 kB
packages/integrations build: ℹ 1 files, total: 1.40 kB
packages/integrations build: ℹ dist/useQRCode.iife.js  1.67 kB │ gzip: 0.80 kB
packages/integrations build: ℹ 1 files, total: 1.67 kB
packages/integrations build: ℹ dist/useQRCode.iife.min.js  0.76 kB │ gzip: 0.47 kB
packages/integrations build: ℹ 1 files, total: 0.76 kB
packages/integrations build: ✔ Build complete in 749ms
packages/integrations build: ✔ Build complete in 749ms
packages/integrations build: ✔ Build complete in 749ms
packages/integrations build: ✔ Build complete in 753ms
packages/integrations build: ✔ Build complete in 753ms
packages/integrations build: ✔ Build complete in 753ms
packages/integrations build: ℹ dist/useFocusTrap.iife.js  3.00 kB │ gzip: 1.18 kB
packages/integrations build: ℹ 1 files, total: 3.00 kB
packages/integrations build: ℹ dist/useAxios.iife.js  5.10 kB │ gzip: 1.82 kB
packages/integrations build: ℹ 1 files, total: 5.10 kB
packages/integrations build: ℹ dist/useIDBKeyval.iife.js  2.76 kB │ gzip: 1.13 kB
packages/integrations build: ℹ 1 files, total: 2.76 kB
packages/integrations build: ℹ dist/useSortable.iife.min.js  1.47 kB │ gzip: 0.81 kB
packages/integrations build: ℹ 1 files, total: 1.47 kB
packages/integrations build: ✔ Build complete in 756ms
packages/integrations build: ✔ Build complete in 762ms
packages/integrations build: ✔ Build complete in 762ms
packages/integrations build: ✔ Build complete in 762ms
packages/integrations build: ℹ dist/index.iife.min.js  10.21 kB │ gzip: 4.01 kB
packages/integrations build: ℹ 1 files, total: 10.21 kB
packages/integrations build: ✔ Build complete in 763ms
packages/integrations build: ℹ dist/index.iife.js  25.07 kB │ gzip: 6.88 kB
packages/integrations build: ℹ 1 files, total: 25.07 kB
packages/integrations build: ✔ Build complete in 764ms
packages/components build: ℹ dist/index.iife.min.js  17.22 kB │ gzip: 4.24 kB
packages/components build: ℹ 1 files, total: 17.22 kB
packages/components build: ℹ dist/index.iife.js  33.02 kB │ gzip: 5.48 kB
packages/components build: ℹ 1 files, total: 33.02 kB
packages/components build: ✔ Build complete in 1485ms
packages/components build: ✔ Build complete in 1485ms
packages/nuxt build: ℹ dist/index.js    2.97 kB │ gzip: 1.20 kB
packages/nuxt build: ℹ dist/index.d.ts  0.71 kB │ gzip: 0.36 kB
packages/nuxt build: ℹ 2 files, total: 3.68 kB
packages/nuxt build: ✔ Build complete in 5859ms
packages/nuxt build: Done
packages/components build: ℹ dist/index.js    28.90 kB │ gzip: 5.04 kB
packages/components build: ℹ dist/index.d.ts  31.66 kB │ gzip: 4.54 kB
packages/components build: ℹ 2 files, total: 60.56 kB
packages/components build: ✔ Build complete in 6816ms
packages/components build: Done
packages/integrations build: ℹ dist/useAsyncValidator.js    2.09 kB │ gzip: 0.80 kB
packages/integrations build: ℹ dist/useAsyncValidator.d.ts  1.78 kB │ gzip: 0.66 kB
packages/integrations build: ℹ 2 files, total: 3.87 kB
packages/integrations build: ℹ dist/useAxios.js    3.92 kB │ gzip: 1.37 kB
packages/integrations build: ℹ dist/useAxios.d.ts  4.83 kB │ gzip: 0.94 kB
packages/integrations build: ℹ 2 files, total: 8.76 kB
packages/integrations build: ℹ dist/useChangeCase.js    1.01 kB │ gzip: 0.52 kB
packages/integrations build: ℹ dist/useChangeCase.d.ts  0.87 kB │ gzip: 0.35 kB
packages/integrations build: ℹ 2 files, total: 1.88 kB
packages/integrations build: ✔ Build complete in 45353ms
packages/integrations build: ✔ Build complete in 45353ms
packages/integrations build: ℹ dist/useAsyncValidator/component.js    0.51 kB │ gzip: 0.29 kB
packages/integrations build: ℹ dist/useAsyncValidator/component.d.ts  0.82 kB │ gzip: 0.38 kB
packages/integrations build: ℹ 2 files, total: 1.33 kB
packages/integrations build: ℹ dist/useCookies.js    2.91 kB │ gzip: 1.06 kB
packages/integrations build: ℹ dist/useCookies.d.ts  2.93 kB │ gzip: 0.80 kB
packages/integrations build: ℹ 2 files, total: 5.84 kB
packages/integrations build: ℹ dist/useDrauu.js    3.91 kB │ gzip: 1.09 kB
packages/integrations build: ℹ dist/useDrauu.d.ts  1.00 kB │ gzip: 0.45 kB
packages/integrations build: ℹ 2 files, total: 4.91 kB
packages/integrations build: ℹ dist/useFocusTrap.js    1.81 kB │ gzip: 0.71 kB
packages/integrations build: ℹ dist/useFocusTrap.d.ts  1.59 kB │ gzip: 0.53 kB
packages/integrations build: ℹ 2 files, total: 3.40 kB
packages/integrations build: ℹ dist/useIDBKeyval.js    1.60 kB │ gzip: 0.67 kB
packages/integrations build: ℹ dist/useIDBKeyval.d.ts  1.20 kB │ gzip: 0.57 kB
packages/integrations build: ℹ 2 files, total: 2.80 kB
packages/integrations build: ℹ dist/useJwt.js    0.73 kB │ gzip: 0.36 kB
packages/integrations build: ℹ dist/useJwt.d.ts  0.88 kB │ gzip: 0.43 kB
packages/integrations build: ℹ 2 files, total: 1.61 kB
packages/integrations build: ℹ dist/useQRCode.js    0.54 kB │ gzip: 0.32 kB
packages/integrations build: ℹ dist/useQRCode.d.ts  0.40 kB │ gzip: 0.26 kB
packages/integrations build: ℹ 2 files, total: 0.94 kB
packages/integrations build: ✔ Build complete in 45397ms
packages/integrations build: ℹ dist/useNProgress.js    1.06 kB │ gzip: 0.47 kB
packages/integrations build: ℹ dist/useNProgress.d.ts  0.80 kB │ gzip: 0.39 kB
packages/integrations build: ℹ 2 files, total: 1.86 kB
packages/integrations build: ✔ Build complete in 45458ms
packages/integrations build: ✔ Build complete in 45458ms
packages/integrations build: ✔ Build complete in 45458ms
packages/integrations build: ✔ Build complete in 45463ms
packages/integrations build: ✔ Build complete in 45463ms
packages/integrations build: ✔ Build complete in 45463ms
packages/integrations build: ✔ Build complete in 45467ms
packages/integrations build: ℹ dist/useSortable/component.js    0.65 kB │ gzip: 0.35 kB
packages/integrations build: ℹ dist/useSortable/component.d.ts  0.75 kB │ gzip: 0.38 kB
packages/integrations build: ℹ 2 files, total: 1.40 kB
packages/integrations build: ✔ Build complete in 45483ms
packages/integrations build: ℹ dist/useFocusTrap/component.js    0.54 kB │ gzip: 0.31 kB
packages/integrations build: ℹ dist/useFocusTrap/component.d.ts  0.86 kB │ gzip: 0.40 kB
packages/integrations build: ℹ 2 files, total: 1.40 kB
packages/integrations build: ℹ dist/useFuse.js    1.24 kB │ gzip: 0.51 kB
packages/integrations build: ℹ dist/useFuse.d.ts  1.62 kB │ gzip: 0.54 kB
packages/integrations build: ℹ 2 files, total: 2.86 kB
packages/integrations build: ℹ dist/useSortable.js    2.44 kB │ gzip: 1.00 kB
packages/integrations build: ℹ dist/useSortable.d.ts  1.80 kB │ gzip: 0.70 kB
packages/integrations build: ℹ 2 files, total: 4.25 kB
packages/integrations build: ✔ Build complete in 45511ms
packages/integrations build: ✔ Build complete in 45513ms
packages/integrations build: ✔ Build complete in 45513ms
packages/integrations build: ✔ Build complete in 45513ms
packages/integrations build: ℹ dist/index.js    22.29 kB │ gzip: 6.22 kB
packages/integrations build: ℹ dist/index.d.ts  19.02 kB │ gzip: 4.35 kB
packages/integrations build: ℹ 2 files, total: 41.31 kB
packages/integrations build: ✔ Build complete in 45728ms
packages/integrations build: Done

> @vueuse/monorepo@14.0.0-alpha.1 typecheck /app
> vue-tsc --noEmit


> @vueuse/monorepo@14.0.0-alpha.1 test:unit /app
> vitest --project unit


 RUN  v3.2.4 /app

stderr | packages/integrations/useAxios/index.test.ts > useAxios > params: url
[MSW] Warning: intercepted a request without a matching request handler:

  • GET https://jsonplaceholder.typicode.com/todos/1

If you still wish to intercept this unhandled request, please create a request handler for it.
Read more: https://mswjs.io/docs/getting-started/mocks

stderr | packages/integrations/useAxios/index.test.ts > useAxios > params: url
[MSW] Warning: intercepted a request without a matching request handler:

  • OPTIONS https://jsonplaceholder.typicode.com/todos/1

If you still wish to intercept this unhandled request, please create a request handler for it.
Read more: https://mswjs.io/docs/getting-started/mocks

stderr | packages/integrations/useAxios/index.test.ts > useAxios > params: url config
[MSW] Warning: intercepted a request without a matching request handler:

  • GET https://jsonplaceholder.typicode.com/todos/1

If you still wish to intercept this unhandled request, please create a request handler for it.
Read more: https://mswjs.io/docs/getting-started/mocks

stderr | packages/integrations/useAxios/index.test.ts > useAxios > params: url config
[MSW] Warning: intercepted a request without a matching request handler:

  • OPTIONS https://jsonplaceholder.typicode.com/todos/1

If you still wish to intercept this unhandled request, please create a request handler for it.
Read more: https://mswjs.io/docs/getting-started/mocks

stderr | packages/integrations/useAxios/index.test.ts > useAxios > params: url config options
[MSW] Warning: intercepted a request without a matching request handler:

  • GET https://jsonplaceholder.typicode.com/todos/2

If you still wish to intercept this unhandled request, please create a request handler for it.
Read more: https://mswjs.io/docs/getting-started/mocks

stderr | packages/integrations/useAxios/index.test.ts > useAxios > params: url config options
[MSW] Warning: intercepted a request without a matching request handler:

  • OPTIONS https://jsonplaceholder.typicode.com/todos/2

If you still wish to intercept this unhandled request, please create a request handler for it.
Read more: https://mswjs.io/docs/getting-started/mocks

stderr | packages/integrations/useAxios/index.test.ts > useAxios > params: url instance
[MSW] Warning: intercepted a request without a matching request handler:

  • GET https://jsonplaceholder.typicode.com/todos/1

If you still wish to intercept this unhandled request, please create a request handler for it.
Read more: https://mswjs.io/docs/getting-started/mocks

stderr | packages/integrations/useAxios/index.test.ts > useAxios > params: url instance
[MSW] Warning: intercepted a request without a matching request handler:

  • OPTIONS https://jsonplaceholder.typicode.com/todos/1

If you still wish to intercept this unhandled request, please create a request handler for it.
Read more: https://mswjs.io/docs/getting-started/mocks

stderr | packages/integrations/useAxios/index.test.ts > useAxios > params: url instance options
[MSW] Warning: intercepted a request without a matching request handler:

  • GET https://jsonplaceholder.typicode.com/todos/1

If you still wish to intercept this unhandled request, please create a request handler for it.
Read more: https://mswjs.io/docs/getting-started/mocks

stderr | packages/integrations/useAxios/index.test.ts > useAxios > params: url instance options
[MSW] Warning: intercepted a request without a matching request handler:

  • OPTIONS https://jsonplaceholder.typicode.com/todos/1

If you still wish to intercept this unhandled request, please create a request handler for it.
Read more: https://mswjs.io/docs/getting-started/mocks

stderr | packages/integrations/useAxios/index.test.ts > useAxios > params: url config instance
[MSW] Warning: intercepted a request without a matching request handler:

  • GET https://jsonplaceholder.typicode.com/todos/1

If you still wish to intercept this unhandled request, please create a request handler for it.
Read more: https://mswjs.io/docs/getting-started/mocks

stderr | packages/integrations/useAxios/index.test.ts > useAxios > params: url config instance
[MSW] Warning: intercepted a request without a matching request handler:

  • OPTIONS https://jsonplaceholder.typicode.com/todos/1

If you still wish to intercept this unhandled request, please create a request handler for it.
Read more: https://mswjs.io/docs/getting-started/mocks

stderr | packages/integrations/useAxios/index.test.ts > useAxios > params: url config instance options
[MSW] Warning: intercepted a request without a matching request handler:

  • GET https://jsonplaceholder.typicode.com/todos/1

If you still wish to intercept this unhandled request, please create a request handler for it.
Read more: https://mswjs.io/docs/getting-started/mocks

stderr | packages/integrations/useAxios/index.test.ts > useAxios > params: url config instance options
[MSW] Warning: intercepted a request without a matching request handler:

  • OPTIONS https://jsonplaceholder.typicode.com/todos/1

If you still wish to intercept this unhandled request, please create a request handler for it.
Read more: https://mswjs.io/docs/getting-started/mocks

stderr | packages/integrations/useAxios/index.test.ts > useAxios > params: url config instance options, execute: config
[MSW] Warning: intercepted a request without a matching request handler:

  • GET https://jsonplaceholder.typicode.com/todos/1

If you still wish to intercept this unhandled request, please create a request handler for it.
Read more: https://mswjs.io/docs/getting-started/mocks

stderr | packages/integrations/useAxios/index.test.ts > useAxios > params: url config instance options, execute: config
[MSW] Warning: intercepted a request without a matching request handler:

  • OPTIONS https://jsonplaceholder.typicode.com/todos/1

If you still wish to intercept this unhandled request, please create a request handler for it.
Read more: https://mswjs.io/docs/getting-started/mocks

stderr | packages/integrations/useAxios/index.test.ts > useAxios > params no url: nil
[MSW] Warning: intercepted a request without a matching request handler:

  • GET https://jsonplaceholder.typicode.com/todos/1

If you still wish to intercept this unhandled request, please create a request handler for it.
Read more: https://mswjs.io/docs/getting-started/mocks

stderr | packages/integrations/useAxios/index.test.ts > useAxios > params no url: nil
[MSW] Warning: intercepted a request without a matching request handler:

  • OPTIONS https://jsonplaceholder.typicode.com/todos/1

If you still wish to intercept this unhandled request, please create a request handler for it.
Read more: https://mswjs.io/docs/getting-started/mocks

stderr | packages/integrations/useAxios/index.test.ts > useAxios > params no url: config
[MSW] Warning: intercepted a request without a matching request handler:

  • GET https://jsonplaceholder.typicode.com/todos/1

If you still wish to intercept this unhandled request, please create a request handler for it.
Read more: https://mswjs.io/docs/getting-started/mocks

stderr | packages/integrations/useAxios/index.test.ts > useAxios > params no url: config
[MSW] Warning: intercepted a request without a matching request handler:

  • OPTIONS https://jsonplaceholder.typicode.com/todos/1

If you still wish to intercept this unhandled request, please create a request handler for it.
Read more: https://mswjs.io/docs/getting-started/mocks

stderr | packages/integrations/useAxios/index.test.ts > useAxios > params no url: instance
[MSW] Warning: intercepted a request without a matching request handler:

  • GET https://jsonplaceholder.typicode.com/todos/1

If you still wish to intercept this unhandled request, please create a request handler for it.
Read more: https://mswjs.io/docs/getting-started/mocks

stderr | packages/integrations/useAxios/index.test.ts > useAxios > params no url: instance
[MSW] Warning: intercepted a request without a matching request handler:

  • OPTIONS https://jsonplaceholder.typicode.com/todos/1

If you still wish to intercept this unhandled request, please create a request handler for it.
Read more: https://mswjs.io/docs/getting-started/mocks

stderr | packages/integrations/useAxios/index.test.ts > useAxios > params no url: config instance
[MSW] Warning: intercepted a request without a matching request handler:

  • GET https://jsonplaceholder.typicode.com/todos/1

If you still wish to intercept this unhandled request, please create a request handler for it.
Read more: https://mswjs.io/docs/getting-started/mocks

stderr | packages/integrations/useAxios/index.test.ts > useAxios > params no url: config instance
[MSW] Warning: intercepted a request without a matching request handler:

  • OPTIONS https://jsonplaceholder.typicode.com/todos/1

If you still wish to intercept this unhandled request, please create a request handler for it.
Read more: https://mswjs.io/docs/getting-started/mocks

stderr | packages/integrations/useAxios/index.test.ts > useAxios > execute is awaitable
[MSW] Warning: intercepted a request without a matching request handler:

  • GET https://jsonplaceholder.typicode.com/todos/1

If you still wish to intercept this unhandled request, please create a request handler for it.
Read more: https://mswjs.io/docs/getting-started/mocks

stderr | packages/integrations/useAxios/index.test.ts > useAxios > execute is awaitable
[MSW] Warning: intercepted a request without a matching request handler:

  • OPTIONS https://jsonplaceholder.typicode.com/todos/1

If you still wish to intercept this unhandled request, please create a request handler for it.
Read more: https://mswjs.io/docs/getting-started/mocks

stderr | packages/integrations/useAxios/index.test.ts > useAxios > execute rejects on error
[MSW] Warning: intercepted a request without a matching request handler:

  • GET https://jsonplaceholder.typicode.com/todos/1/wrong-url

If you still wish to intercept this unhandled request, please create a request handler for it.
Read more: https://mswjs.io/docs/getting-started/mocks

stderr | packages/integrations/useAxios/index.test.ts > useAxios > execute rejects on error
[MSW] Warning: intercepted a request without a matching request handler:

  • OPTIONS https://jsonplaceholder.typicode.com/todos/1/wrong-url

If you still wish to intercept this unhandled request, please create a request handler for it.
Read more: https://mswjs.io/docs/getting-started/mocks

stderr | packages/integrations/useAxios/index.test.ts > useAxios > calling axios with config change(param/data etc.) only
[MSW] Warning: intercepted a request without a matching request handler:

  • GET https://jsonplaceholder.typicode.com/comments?postId=1

If you still wish to intercept this unhandled request, please create a request handler for it.
Read more: https://mswjs.io/docs/getting-started/mocks

stderr | packages/integrations/useAxios/index.test.ts > useAxios > calling axios with config change(param/data etc.) only
[MSW] Warning: intercepted a request without a matching request handler:

  • OPTIONS https://jsonplaceholder.typicode.com/comments?postId=1

If you still wish to intercept this unhandled request, please create a request handler for it.
Read more: https://mswjs.io/docs/getting-started/mocks

stderr | packages/integrations/useAxios/index.test.ts > useAxios > calling axios with config change(param/data etc.) only
[MSW] Warning: intercepted a request without a matching request handler:

  • GET https://jsonplaceholder.typicode.com/comments?postId=2

If you still wish to intercept this unhandled request, please create a request handler for it.
Read more: https://mswjs.io/docs/getting-started/mocks

stderr | packages/integrations/useAxios/index.test.ts > useAxios > calling axios with config change(param/data etc.) only
[MSW] Warning: intercepted a request without a matching request handler:

  • OPTIONS https://jsonplaceholder.typicode.com/comments?postId=2

If you still wish to intercept this unhandled request, please create a request handler for it.
Read more: https://mswjs.io/docs/getting-started/mocks

stderr | packages/integrations/useAxios/index.test.ts > useAxios > use generic type
[MSW] Warning: intercepted a request without a matching request handler:

  • POST https://jsonplaceholder.typicode.com/posts

If you still wish to intercept this unhandled request, please create a request handler for it.
Read more: https://mswjs.io/docs/getting-started/mocks

stderr | packages/integrations/useAxios/index.test.ts > useAxios > use generic type
[MSW] Warning: intercepted a request without a matching request handler:

  • OPTIONS https://jsonplaceholder.typicode.com/posts

If you still wish to intercept this unhandled request, please create a request handler for it.
Read more: https://mswjs.io/docs/getting-started/mocks

stderr | packages/integrations/useAxios/index.test.ts > useAxios > should not abort when finished
[MSW] Warning: intercepted a request without a matching request handler:

  • GET https://jsonplaceholder.typicode.com/todos/2

If you still wish to intercept this unhandled request, please create a request handler for it.
Read more: https://mswjs.io/docs/getting-started/mocks

stderr | packages/integrations/useAxios/index.test.ts > useAxios > should not abort when finished
[MSW] Warning: intercepted a request without a matching request handler:

  • OPTIONS https://jsonplaceholder.typicode.com/todos/2

If you still wish to intercept this unhandled request, please create a request handler for it.
Read more: https://mswjs.io/docs/getting-started/mocks

stderr | packages/integrations/useAxios/index.test.ts > useAxios > should abort when loading
[MSW] Warning: intercepted a request without a matching request handler:

  • GET https://jsonplaceholder.typicode.com/todos/2

If you still wish to intercept this unhandled request, please create a request handler for it.
Read more: https://mswjs.io/docs/getting-started/mocks

stderr | packages/integrations/useAxios/index.test.ts > useAxios > should be loading on re-execute
[MSW] Warning: intercepted a request without a matching request handler:

  • GET https://jsonplaceholder.typicode.com/todos/1

If you still wish to intercept this unhandled request, please create a request handler for it.
Read more: https://mswjs.io/docs/getting-started/mocks

stderr | packages/integrations/useAxios/index.test.ts > useAxios > should be loading on re-execute
[MSW] Warning: intercepted a request without a matching request handler:

  • GET https://jsonplaceholder.typicode.com/todos/1

If you still wish to intercept this unhandled request, please create a request handler for it.
Read more: https://mswjs.io/docs/getting-started/mocks

stderr | packages/integrations/useAxios/index.test.ts > useAxios > should be loading on re-execute
[MSW] Warning: intercepted a request without a matching request handler:

  • GET https://jsonplaceholder.typicode.com/todos/1

If you still wish to intercept this unhandled request, please create a request handler for it.
Read more: https://mswjs.io/docs/getting-started/mocks

stderr | packages/integrations/useAxios/index.test.ts > useAxios > should be loading on re-execute
[MSW] Warning: intercepted a request without a matching request handler:

  • OPTIONS https://jsonplaceholder.typicode.com/todos/2

If you still wish to intercept this unhandled request, please create a request handler for it.
Read more: https://mswjs.io/docs/getting-started/mocks

stderr | packages/integrations/useAxios/index.test.ts > useAxios > should be loading on re-execute
[MSW] Warning: intercepted a request without a matching request handler:

  • OPTIONS https://jsonplaceholder.typicode.com/todos/1

If you still wish to intercept this unhandled request, please create a request handler for it.
Read more: https://mswjs.io/docs/getting-started/mocks

stderr | packages/integrations/useAxios/index.test.ts > useAxios > should be loading on re-execute
[MSW] Warning: intercepted a request without a matching request handler:

  • OPTIONS https://jsonplaceholder.typicode.com/todos/1

If you still wish to intercept this unhandled request, please create a request handler for it.
Read more: https://mswjs.io/docs/getting-started/mocks

stderr | packages/integrations/useAxios/index.test.ts > useAxios > should be loading on re-execute
[MSW] Warning: intercepted a request without a matching request handler:

  • OPTIONS https://jsonplaceholder.typicode.com/todos/1

If you still wish to intercept this unhandled request, please create a request handler for it.
Read more: https://mswjs.io/docs/getting-started/mocks

stderr | packages/integrations/useAxios/index.test.ts > useAxios > should call onSuccess when success
[MSW] Warning: intercepted a request without a matching request handler:

  • GET https://jsonplaceholder.typicode.com/todos/1

If you still wish to intercept this unhandled request, please create a request handler for it.
Read more: https://mswjs.io/docs/getting-started/mocks

stderr | packages/integrations/useAxios/index.test.ts > useAxios > should call onSuccess when success
[MSW] Warning: intercepted a request without a matching request handler:

  • OPTIONS https://jsonplaceholder.typicode.com/todos/1

If you still wish to intercept this unhandled request, please create a request handler for it.
Read more: https://mswjs.io/docs/getting-started/mocks

stderr | packages/integrations/useAxios/index.test.ts > useAxios > should call onError when error
[MSW] Warning: intercepted a request without a matching request handler:

  • GET https://jsonplaceholder.typicode.com/todos/2/3

If you still wish to intercept this unhandled request, please create a request handler for it.
Read more: https://mswjs.io/docs/getting-started/mocks

stderr | packages/integrations/useAxios/index.test.ts > useAxios > should call onError when error
[MSW] Warning: intercepted a request without a matching request handler:

  • OPTIONS https://jsonplaceholder.typicode.com/todos/2/3

If you still wish to intercept this unhandled request, please create a request handler for it.
Read more: https://mswjs.io/docs/getting-started/mocks

stderr | packages/integrations/useAxios/index.test.ts > useAxios > should not crash when options is undefined
[MSW] Warning: intercepted a request without a matching request handler:

  • GET https://jsonplaceholder.typicode.com/todos/1

If you still wish to intercept this unhandled request, please create a request handler for it.
Read more: https://mswjs.io/docs/getting-started/mocks

stderr | packages/integrations/useAxios/index.test.ts > useAxios > should not crash when options is undefined
[MSW] Warning: intercepted a request without a matching request handler:

  • OPTIONS https://jsonplaceholder.typicode.com/todos/1

If you still wish to intercept this unhandled request, please create a request handler for it.
Read more: https://mswjs.io/docs/getting-started/mocks

stderr | packages/integrations/useAxios/index.test.ts > useAxios > should reset data when execute
[MSW] Warning: intercepted a request without a matching request handler:

  • GET https://jsonplaceholder.typicode.com/todos/1

If you still wish to intercept this unhandled request, please create a request handler for it.
Read more: https://mswjs.io/docs/getting-started/mocks

stderr | packages/integrations/useAxios/index.test.ts > useAxios > should reset data when execute
[MSW] Warning: intercepted a request without a matching request handler:

  • OPTIONS https://jsonplaceholder.typicode.com/todos/1

If you still wish to intercept this unhandled request, please create a request handler for it.
Read more: https://mswjs.io/docs/getting-started/mocks

stderr | packages/integrations/useAxios/index.test.ts > useAxios > should reset data when execute
[MSW] Warning: intercepted a request without a matching request handler:

  • GET /todos/312

If you still wish to intercept this unhandled request, please create a request handler for it.
Read more: https://mswjs.io/docs/getting-started/mocks

stderr | packages/integrations/useAxios/index.test.ts > useAxios > should not reset data when execute
[MSW] Warning: intercepted a request without a matching request handler:

  • GET https://jsonplaceholder.typicode.com/todos/1

If you still wish to intercept this unhandled request, please create a request handler for it.
Read more: https://mswjs.io/docs/getting-started/mocks

stderr | packages/integrations/useAxios/index.test.ts > useAxios > should not reset data when execute
[MSW] Warning: intercepted a request without a matching request handler:

  • OPTIONS https://jsonplaceholder.typicode.com/todos/1

If you still wish to intercept this unhandled request, please create a request handler for it.
Read more: https://mswjs.io/docs/getting-started/mocks

stderr | packages/integrations/useAxios/index.test.ts > useAxios > should not reset data when execute
[MSW] Warning: intercepted a request without a matching request handler:

  • GET /todos/312

If you still wish to intercept this unhandled request, please create a request handler for it.
Read more: https://mswjs.io/docs/getting-started/mocks

stderr | packages/integrations/useAxios/index.test.ts > useAxios > should call onFinish
[MSW] Warning: intercepted a request without a matching request handler:

  • GET https://jsonplaceholder.typicode.com/todos/1

If you still wish to intercept this unhandled request, please create a request handler for it.
Read more: https://mswjs.io/docs/getting-started/mocks

stderr | packages/integrations/useAxios/index.test.ts > useAxios > should call onFinish
[MSW] Warning: intercepted a request without a matching request handler:

  • OPTIONS https://jsonplaceholder.typicode.com/todos/1

If you still wish to intercept this unhandled request, please create a request handler for it.
Read more: https://mswjs.io/docs/getting-started/mocks

······················································································································x············································································-················································································································································································································································································································································································-···································································································································································································································································································································································································································································································································································································································································································································································································

⎯⎯⎯⎯⎯⎯⎯ Failed Tests 1 ⎯⎯⎯⎯⎯⎯⎯

 FAIL  |unit| packages/shared/useDateFormat/index.test.ts > useDateFormat > should normalize date
AssertionError: expected 'Sat Sep 06 2025' to be 'Sun Sep 07 2025' // Object.is equality

Expected: [32m"S[7mun[27m Sep 0[7m7[27m 2025"[39m
Received: [31m"S[7mat[27m Sep 0[7m6[27m 2025"[39m

 ❯ packages/shared/useDateFormat/index.test.ts:19:90
     17|     expect(normalizeDate(new Date()).toDateString()).toBe(currentDate)
     18|     expect(normalizeDate(new Date().toString()).toDateString()).toBe(c…
     19|     expect.soft(normalizeDate(new Date().toISOString().replace('Z', ''…
       |                                                                                          ^
     20|
     21|     expect(normalizeDate('2022-01')).toEqual(date)

⎯⎯⎯⎯⎯⎯⎯⎯⎯⎯⎯⎯⎯⎯⎯⎯⎯⎯⎯⎯⎯⎯⎯⎯[1/1]⎯

⎯⎯⎯⎯⎯⎯ Unhandled Errors ⎯⎯⎯⎯⎯⎯

Vitest caught 6 unhandled errors during the test run.
This might cause false positive tests. Resolve unhandled errors to make sure your tests are not affected.

⎯⎯⎯⎯ Unhandled Rejection ⎯⎯⎯⎯⎯
ReferenceError: getComputedStyle is not defined
 ❯ setArrivedState packages/core/useScroll/index.ts:213:51
 ❯ Proxy.measure packages/core/useScroll/index.ts:335:9
 ❯ checkAndLoad packages/core/useInfiniteScroll/index.ts:80:11
 ❯ packages/core/useInfiniteScroll/index.ts:98:28
 ❯ runNextTicks node:internal/process/task_queues:60:5
 ❯ listOnTimeout node:internal/timers:545:9
 ❯ processTimers node:internal/timers:519:7

This error originated in "packages/core/useInfiniteScroll/index.test.ts" test file. It doesn't mean the error was thrown inside the file itself, but while it was running.
This error was caught after test environment was torn down. Make sure to cancel any running tasks before test finishes:
- cancel timeouts using clearTimeout and clearInterval
- wait for promises to resolve using the await keyword

⎯⎯⎯⎯ Unhandled Rejection ⎯⎯⎯⎯⎯
ReferenceError: getComputedStyle is not defined
 ❯ setArrivedState packages/core/useScroll/index.ts:213:51
 ❯ Proxy.measure packages/core/useScroll/index.ts:335:9
 ❯ checkAndLoad packages/core/useInfiniteScroll/index.ts:80:11
 ❯ packages/core/useInfiniteScroll/index.ts:98:28

This error originated in "packages/core/useInfiniteScroll/index.test.ts" test file. It doesn't mean the error was thrown inside the file itself, but while it was running.
This error was caught after test environment was torn down. Make sure to cancel any running tasks before test finishes:
- cancel timeouts using clearTimeout and clearInterval
- wait for promises to resolve using the await keyword

⎯⎯⎯⎯ Unhandled Rejection ⎯⎯⎯⎯⎯
ReferenceError: getComputedStyle is not defined
 ❯ setArrivedState packages/core/useScroll/index.ts:213:51
 ❯ Proxy.measure packages/core/useScroll/index.ts:335:9
 ❯ checkAndLoad packages/core/useInfiniteScroll/index.ts:80:11
 ❯ packages/core/useInfiniteScroll/index.ts:98:28

This error originated in "packages/core/useInfiniteScroll/index.test.ts" test file. It doesn't mean the error was thrown inside the file itself, but while it was running.
This error was caught after test environment was torn down. Make sure to cancel any running tasks before test finishes:
- cancel timeouts using clearTimeout and clearInterval
- wait for promises to resolve using the await keyword

⎯⎯⎯⎯ Unhandled Rejection ⎯⎯⎯⎯⎯
ReferenceError: getComputedStyle is not defined
 ❯ setArrivedState packages/core/useScroll/index.ts:213:51
 ❯ Proxy.measure packages/core/useScroll/index.ts:335:9
 ❯ checkAndLoad packages/core/useInfiniteScroll/index.ts:80:11
 ❯ packages/core/useInfiniteScroll/index.ts:98:28

This error originated in "packages/core/useInfiniteScroll/index.test.ts" test file. It doesn't mean the error was thrown inside the file itself, but while it was running.
This error was caught after test environment was torn down. Make sure to cancel any running tasks before test finishes:
- cancel timeouts using clearTimeout and clearInterval
- wait for promises to resolve using the await keyword

⎯⎯⎯⎯ Unhandled Rejection ⎯⎯⎯⎯⎯
ReferenceError: getComputedStyle is not defined
 ❯ setArrivedState packages/core/useScroll/index.ts:213:51
 ❯ Proxy.measure packages/core/useScroll/index.ts:335:9
 ❯ checkAndLoad packages/core/useInfiniteScroll/index.ts:80:11
 ❯ packages/core/useInfiniteScroll/index.ts:98:28

This error originated in "packages/core/useInfiniteScroll/index.test.ts" test file. It doesn't mean the error was thrown inside the file itself, but while it was running.
This error was caught after test environment was torn down. Make sure to cancel any running tasks before test finishes:
- cancel timeouts using clearTimeout and clearInterval
- wait for promises to resolve using the await keyword

⎯⎯⎯⎯ Unhandled Rejection ⎯⎯⎯⎯⎯
ReferenceError: getComputedStyle is not defined
 ❯ setArrivedState packages/core/useScroll/index.ts:213:51
 ❯ Proxy.measure packages/core/useScroll/index.ts:335:9
 ❯ checkAndLoad packages/core/useInfiniteScroll/index.ts:80:11
 ❯ packages/core/useInfiniteScroll/index.ts:98:28

This error originated in "packages/core/useInfiniteScroll/index.test.ts" test file. It doesn't mean the error was thrown inside the file itself, but while it was running.
This error was caught after test environment was torn down. Make sure to cancel any running tasks before test finishes:
- cancel timeouts using clearTimeout and clearInterval
- wait for promises to resolve using the await keyword
⎯⎯⎯⎯⎯⎯⎯⎯⎯⎯⎯⎯⎯⎯⎯⎯⎯⎯⎯⎯⎯⎯⎯⎯⎯⎯⎯⎯⎯⎯


 Test Files  1 failed | 177 passed (178)
      Tests  1 failed | 1333 passed | 1 skipped | 1 todo (1336)
     Errors  6 errors
   Start at  16:07:30
   Duration  17.75s (transform 39.05s, setup 208.49s, collect 363.70s, tests 25.06s, environment 189.75s, prepare 39.13s)

 ELIFECYCLE  Command failed with exit code 1.

> @vueuse/monorepo@14.0.0-alpha.1 test:browser /app
> vitest --project="browser*"


 RUN  v3.2.4 /app


⎯⎯⎯⎯⎯⎯ Unhandled Errors ⎯⎯⎯⎯⎯⎯

Vitest caught 1 unhandled error during the test run.
This might cause false positive tests. Resolve unhandled errors to make sure your tests are not affected.

⎯⎯⎯⎯⎯⎯ Unhandled Error ⎯⎯⎯⎯⎯⎯⎯
Error: browserType.launch: Target page, context or browser has been closed
Browser logs:

<launching> /root/.cache/ms-playwright/webkit-2104/pw_run.sh --inspector-pipe --headless --no-startup-window
<launched> pid=7770
[pid=7770][err]
[pid=7770][err] (MiniBrowser:7776): GStreamer-WARNING **: 23:07:50.193: External plugin loader failed. This most likely means that the plugin loader helper binary was not found or could not be run. You might need to set the GST_PLUGIN_SCANNER environment variable if your setup is unusual. This should normally not be required though.
[pid=7770][err]
[pid=7770][err] (MiniBrowser:7776): libsoup-ERROR **: 23:07:50.407: libsoup3 symbols detected. Using libsoup2 and libsoup3 in the same process is not supported.
[pid=7770][err] /root/.cache/ms-playwright/webkit-2104/pw_run.sh: line 24:  7776 Trace/breakpoint trap   (core dumped) WEBKIT_FORCE_COMPLEX_TEXT="1" "$MINIBROWSER" "$@"
[pid=7770] <process did exit: exitCode=133, signal=null>
[pid=7770] starting temporary directories cleanup
Call log:
  - <launching> /root/.cache/ms-playwright/webkit-2104/pw_run.sh --inspector-pipe --headless --no-startup-window
  - <launched> pid=7770
  - [pid=7770][err]
  - [pid=7770][err] (MiniBrowser:7776): GStreamer-WARNING **: 23:07:50.193: External plugin loader failed. This most likely means that the plugin loader helper binary was not found or could not be run. You might need to set the GST_PLUGIN_SCANNER environment variable if your setup is unusual. This should normally not be required though.
  - [pid=7770][err]
  - [pid=7770][err] (MiniBrowser:7776): libsoup-ERROR **: 23:07:50.407: libsoup3 symbols detected. Using libsoup2 and libsoup3 in the same process is not supported.
  - [pid=7770][err] /root/.cache/ms-playwright/webkit-2104/pw_run.sh: line 24:  7776 Trace/breakpoint trap   (core dumped) WEBKIT_FORCE_COMPLEX_TEXT="1" "$MINIBROWSER" "$@"
  - [pid=7770] <process did exit: exitCode=133, signal=null>
  - [pid=7770] starting temporary directories cleanup

 ❯ node_modules/.pnpm/@vitest+browser@3.2.4_msw@2.3.0_typescript@5.9.2__playwright@1.49.0_vite@7.1.4_@types+n_e45b7afbdf059a8decd48e1152e98b5a/node_modules/@vitest/browser/dist/webdriver-KA1WiV0q.js:80:54

⎯⎯⎯⎯⎯⎯⎯⎯⎯⎯⎯⎯⎯⎯⎯⎯⎯⎯⎯⎯⎯⎯⎯⎯⎯⎯⎯⎯⎯⎯


 Test Files   (18)
      Tests  no tests
     Errors  1 error
   Start at  16:07:49
   Duration  1.26s (transform 0ms, setup 0ms, collect 0ms, tests 0ms, environment 0ms, prepare 0ms)

(!) Failed to run dependency scan. Skipping dependency pre-bundling. Error:   Failed to scan for dependencies from entries:
  /app/node_modules/.pnpm/vitest-browser-vue@1.1.0_@vitest+browser@3.2.4_vitest@3.2.4_vue@3.5.20_typescript@5.9.2_/node_modules/vitest-browser-vue/dist/index.js
/app/node_modules/.pnpm/vitest@3.2.4_@types+node@24.3.0_@vitest+browser@3.2.4_@vitest+ui@3.2.4_jiti@2.5.1_jsdom_56c524f9fb68fc1a2bb3ea2c120a83fe/node_modules/vitest/dist/browser.js
/app/node_modules/.pnpm/vitest@3.2.4_@types+node@24.3.0_@vitest+browser@3.2.4_@vitest+ui@3.2.4_jiti@2.5.1_jsdom_56c524f9fb68fc1a2bb3ea2c120a83fe/node_modules/vitest/dist/index.js
/app/node_modules/.pnpm/vitest@3.2.4_@types+node@24.3.0_@vitest+browser@3.2.4_@vitest+ui@3.2.4_jiti@2.5.1_jsdom_56c524f9fb68fc1a2bb3ea2c120a83fe/node_modules/vitest/dist/runners.js
/app/packages/integrations/useSortable/index.browser.test.ts
/app/packages/core/onClickOutside/index.browser.test.ts
/app/packages/core/useAnimate/index.browser.test.ts
/app/packages/core/useClipboard/index.browser.test.ts
/app/packages/core/useElementBounding/index.browser.test.ts
/app/packages/core/useMouse/demo.browser.test.ts
/app/packages/core/usePointerLock/demo.browser.test.ts
/app/packages/core/useScroll/index.browser.test.ts
/app/packages/core/useWebSocket/index.browser.test.ts

  [31m✘ [41;31m[[41;97mERROR[41;31m][0m [1mThe server is being restarted or closed. Request is outdated[0m [1m[35m[plugin vite:dep-scan][0m

    node_modules/.pnpm/esbuild@0.25.8/node_modules/esbuild/lib/main.js:1217:27:
[37m      1217 │         let result = await [32m[37mcallback({
           ╵                            [32m^[0m

    at throwClosedServerError (file:///app/node_modules/.pnpm/vite@7.1.4_@types+node@24.3.0_jiti@2.5.1_lightningcss@1.30.1_terser@5.24.0_tsx@4.20.5_yaml@2.8.1/node_modules/vite/dist/node/chunks/dep-C6pp_iVS.js:31082:32)
    at EnvironmentPluginContainer.resolveId (file:///app/node_modules/.pnpm/vite@7.1.4_@types+node@24.3.0_jiti@2.5.1_lightningcss@1.30.1_terser@5.24.0_tsx@4.20.5_yaml@2.8.1/node_modules/vite/dist/node/chunks/dep-C6pp_iVS.js:31214:65)
    at resolveId (file:///app/node_modules/.pnpm/vite@7.1.4_@types+node@24.3.0_jiti@2.5.1_lightningcss@1.30.1_terser@5.24.0_tsx@4.20.5_yaml@2.8.1/node_modules/vite/dist/node/chunks/dep-C6pp_iVS.js:10723:38)
    at resolve$4 (file:///app/node_modules/.pnpm/vite@7.1.4_@types+node@24.3.0_jiti@2.5.1_lightningcss@1.30.1_terser@5.24.0_tsx@4.20.5_yaml@2.8.1/node_modules/vite/dist/node/chunks/dep-C6pp_iVS.js:10728:26)
    at file:///app/node_modules/.pnpm/vite@7.1.4_@types+node@24.3.0_jiti@2.5.1_lightningcss@1.30.1_terser@5.24.0_tsx@4.20.5_yaml@2.8.1/node_modules/vite/dist/node/chunks/dep-C6pp_iVS.js:10883:28
    at requestCallbacks.on-resolve (/app/node_modules/.pnpm/esbuild@0.25.8/node_modules/esbuild/lib/main.js:1217:28)
    at handleRequest (/app/node_modules/.pnpm/esbuild@0.25.8/node_modules/esbuild/lib/main.js:628:17)
    at handleIncomingPacket (/app/node_modules/.pnpm/esbuild@0.25.8/node_modules/esbuild/lib/main.js:653:7)
    at Socket.readFromStdout (/app/node_modules/.pnpm/esbuild@0.25.8/node_modules/esbuild/lib/main.js:581:7)
    at Socket.emit (node:events:524:28)

  This error came from the "onResolve" callback registered here:

    node_modules/.pnpm/esbuild@0.25.8/node_modules/esbuild/lib/main.js:1141:20:
[37m      1141 │       let promise = [32m[37msetup({
           ╵                     [32m^[0m

    at setup (file:///app/node_modules/.pnpm/vite@7.1.4_@types+node@24.3.0_jiti@2.5.1_lightningcss@1.30.1_terser@5.24.0_tsx@4.20.5_yaml@2.8.1/node_modules/vite/dist/node/chunks/dep-C6pp_iVS.js:10882:12)
    at handlePlugins (/app/node_modules/.pnpm/esbuild@0.25.8/node_modules/esbuild/lib/main.js:1141:21)
    at buildOrContextImpl (/app/node_modules/.pnpm/esbuild@0.25.8/node_modules/esbuild/lib/main.js:854:5)
    at Object.buildOrContext (/app/node_modules/.pnpm/esbuild@0.25.8/node_modules/esbuild/lib/main.js:680:5)
    at /app/node_modules/.pnpm/esbuild@0.25.8/node_modules/esbuild/lib/main.js:2035:68
    at new Promise (<anonymous>)
    at Object.context (/app/node_modules/.pnpm/esbuild@0.25.8/node_modules/esbuild/lib/main.js:2035:27)
    at Object.context (/app/node_modules/.pnpm/esbuild@0.25.8/node_modules/esbuild/lib/main.js:1877:58)
    at prepareEsbuildScanner (file:///app/node_modules/.pnpm/vite@7.1.4_@types+node@24.3.0_jiti@2.5.1_lightningcss@1.30.1_terser@5.24.0_tsx@4.20.5_yaml@2.8.1/node_modules/vite/dist/node/chunks/dep-C6pp_iVS.js:10676:23)

  The plugin "vite:dep-scan" was triggered by this import

    packages/core/useAnimate/index.ts:11:29:
[37m      11 │ import { useSupported } from [32m'../useSupported'[37m
         ╵                              [32m~~~~~~~~~~~~~~~~~[0m


[31m✘ [41;31m[[41;97mERROR[41;31m][0m [1mThe server is being restarted or closed. Request is outdated[0m [1m[35m[plugin vite:dep-scan][0m

    node_modules/.pnpm/esbuild@0.25.8/node_modules/esbuild/lib/main.js:1217:27:
[37m      1217 │         let result = await [32m[37mcallback({
           ╵                            [32m^[0m

    at throwClosedServerError (file:///app/node_modules/.pnpm/vite@7.1.4_@types+node@24.3.0_jiti@2.5.1_lightningcss@1.30.1_terser@5.24.0_tsx@4.20.5_yaml@2.8.1/node_modules/vite/dist/node/chunks/dep-C6pp_iVS.js:31082:32)
    at EnvironmentPluginContainer.resolveId (file:///app/node_modules/.pnpm/vite@7.1.4_@types+node@24.3.0_jiti@2.5.1_lightningcss@1.30.1_terser@5.24.0_tsx@4.20.5_yaml@2.8.1/node_modules/vite/dist/node/chunks/dep-C6pp_iVS.js:31214:65)
    at resolveId (file:///app/node_modules/.pnpm/vite@7.1.4_@types+node@24.3.0_jiti@2.5.1_lightningcss@1.30.1_terser@5.24.0_tsx@4.20.5_yaml@2.8.1/node_modules/vite/dist/node/chunks/dep-C6pp_iVS.js:10723:38)
    at resolve$4 (file:///app/node_modules/.pnpm/vite@7.1.4_@types+node@24.3.0_jiti@2.5.1_lightningcss@1.30.1_terser@5.24.0_tsx@4.20.5_yaml@2.8.1/node_modules/vite/dist/node/chunks/dep-C6pp_iVS.js:10728:26)
    at file:///app/node_modules/.pnpm/vite@7.1.4_@types+node@24.3.0_jiti@2.5.1_lightningcss@1.30.1_terser@5.24.0_tsx@4.20.5_yaml@2.8.1/node_modules/vite/dist/node/chunks/dep-C6pp_iVS.js:10883:28
    at requestCallbacks.on-resolve (/app/node_modules/.pnpm/esbuild@0.25.8/node_modules/esbuild/lib/main.js:1217:28)
    at handleRequest (/app/node_modules/.pnpm/esbuild@0.25.8/node_modules/esbuild/lib/main.js:628:17)
    at handleIncomingPacket (/app/node_modules/.pnpm/esbuild@0.25.8/node_modules/esbuild/lib/main.js:653:7)
    at Socket.readFromStdout (/app/node_modules/.pnpm/esbuild@0.25.8/node_modules/esbuild/lib/main.js:581:7)
    at Socket.emit (node:events:524:28)

  This error came from the "onResolve" callback registered here:

    node_modules/.pnpm/esbuild@0.25.8/node_modules/esbuild/lib/main.js:1141:20:
[37m      1141 │       let promise = [32m[37msetup({
           ╵                     [32m^[0m

    at setup (file:///app/node_modules/.pnpm/vite@7.1.4_@types+node@24.3.0_jiti@2.5.1_lightningcss@1.30.1_terser@5.24.0_tsx@4.20.5_yaml@2.8.1/node_modules/vite/dist/node/chunks/dep-C6pp_iVS.js:10882:12)
    at handlePlugins (/app/node_modules/.pnpm/esbuild@0.25.8/node_modules/esbuild/lib/main.js:1141:21)
    at buildOrContextImpl (/app/node_modules/.pnpm/esbuild@0.25.8/node_modules/esbuild/lib/main.js:854:5)
    at Object.buildOrContext (/app/node_modules/.pnpm/esbuild@0.25.8/node_modules/esbuild/lib/main.js:680:5)
    at /app/node_modules/.pnpm/esbuild@0.25.8/node_modules/esbuild/lib/main.js:2035:68
    at new Promise (<anonymous>)
    at Object.context (/app/node_modules/.pnpm/esbuild@0.25.8/node_modules/esbuild/lib/main.js:2035:27)
    at Object.context (/app/node_modules/.pnpm/esbuild@0.25.8/node_modules/esbuild/lib/main.js:1877:58)
    at prepareEsbuildScanner (file:///app/node_modules/.pnpm/vite@7.1.4_@types+node@24.3.0_jiti@2.5.1_lightningcss@1.30.1_terser@5.24.0_tsx@4.20.5_yaml@2.8.1/node_modules/vite/dist/node/chunks/dep-C6pp_iVS.js:10676:23)

  The plugin "vite:dep-scan" was triggered by this import

    packages/core/useColorMode/index.ts:11:27:
[37m      11 │ import { useStorage } from [32m'../useStorage'[37m
         ╵                            [32m~~~~~~~~~~~~~~~[0m


[31m✘ [41;31m[[41;97mERROR[41;31m][0m [1mThe server is being restarted or closed. Request is outdated[0m [1m[35m[plugin vite:dep-scan][0m

    node_modules/.pnpm/esbuild@0.25.8/node_modules/esbuild/lib/main.js:1217:27:
[37m      1217 │         let result = await [32m[37mcallback({
           ╵                            [32m^[0m

    at throwClosedServerError (file:///app/node_modules/.pnpm/vite@7.1.4_@types+node@24.3.0_jiti@2.5.1_lightningcss@1.30.1_terser@5.24.0_tsx@4.20.5_yaml@2.8.1/node_modules/vite/dist/node/chunks/dep-C6pp_iVS.js:31082:32)
    at EnvironmentPluginContainer.resolveId (file:///app/node_modules/.pnpm/vite@7.1.4_@types+node@24.3.0_jiti@2.5.1_lightningcss@1.30.1_terser@5.24.0_tsx@4.20.5_yaml@2.8.1/node_modules/vite/dist/node/chunks/dep-C6pp_iVS.js:31214:65)
    at resolveId (file:///app/node_modules/.pnpm/vite@7.1.4_@types+node@24.3.0_jiti@2.5.1_lightningcss@1.30.1_terser@5.24.0_tsx@4.20.5_yaml@2.8.1/node_modules/vite/dist/node/chunks/dep-C6pp_iVS.js:10723:38)
    at resolve$4 (file:///app/node_modules/.pnpm/vite@7.1.4_@types+node@24.3.0_jiti@2.5.1_lightningcss@1.30.1_terser@5.24.0_tsx@4.20.5_yaml@2.8.1/node_modules/vite/dist/node/chunks/dep-C6pp_iVS.js:10728:26)
    at file:///app/node_modules/.pnpm/vite@7.1.4_@types+node@24.3.0_jiti@2.5.1_lightningcss@1.30.1_terser@5.24.0_tsx@4.20.5_yaml@2.8.1/node_modules/vite/dist/node/chunks/dep-C6pp_iVS.js:10883:28
    at requestCallbacks.on-resolve (/app/node_modules/.pnpm/esbuild@0.25.8/node_modules/esbuild/lib/main.js:1217:28)
    at handleRequest (/app/node_modules/.pnpm/esbuild@0.25.8/node_modules/esbuild/lib/main.js:628:17)
    at handleIncomingPacket (/app/node_modules/.pnpm/esbuild@0.25.8/node_modules/esbuild/lib/main.js:653:7)
    at Socket.readFromStdout (/app/node_modules/.pnpm/esbuild@0.25.8/node_modules/esbuild/lib/main.js:581:7)
    at Socket.emit (node:events:524:28)

  This error came from the "onResolve" callback registered here:

    node_modules/.pnpm/esbuild@0.25.8/node_modules/esbuild/lib/main.js:1141:20:
[37m      1141 │       let promise = [32m[37msetup({
           ╵                     [32m^[0m

    at setup (file:///app/node_modules/.pnpm/vite@7.1.4_@types+node@24.3.0_jiti@2.5.1_lightningcss@1.30.1_terser@5.24.0_tsx@4.20.5_yaml@2.8.1/node_modules/vite/dist/node/chunks/dep-C6pp_iVS.js:10882:12)
    at handlePlugins (/app/node_modules/.pnpm/esbuild@0.25.8/node_modules/esbuild/lib/main.js:1141:21)
    at buildOrContextImpl (/app/node_modules/.pnpm/esbuild@0.25.8/node_modules/esbuild/lib/main.js:854:5)
    at Object.buildOrContext (/app/node_modules/.pnpm/esbuild@0.25.8/node_modules/esbuild/lib/main.js:680:5)
    at /app/node_modules/.pnpm/esbuild@0.25.8/node_modules/esbuild/lib/main.js:2035:68
    at new Promise (<anonymous>)
    at Object.context (/app/node_modules/.pnpm/esbuild@0.25.8/node_modules/esbuild/lib/main.js:2035:27)
    at Object.context (/app/node_modules/.pnpm/esbuild@0.25.8/node_modules/esbuild/lib/main.js:1877:58)
    at prepareEsbuildScanner (file:///app/node_modules/.pnpm/vite@7.1.4_@types+node@24.3.0_jiti@2.5.1_lightningcss@1.30.1_terser@5.24.0_tsx@4.20.5_yaml@2.8.1/node_modules/vite/dist/node/chunks/dep-C6pp_iVS.js:10676:23)

  The plugin "vite:dep-scan" was triggered by this import

    packages/core/useMouseInElement/index.ts:9:36:
[37m      9 │ import { useMutationObserver } from [32m'../useMutationObserver'[37m
        ╵                                     [32m~~~~~~~~~~~~~~~~~~~~~~~~[0m


[31m✘ [41;31m[[41;97mERROR[41;31m][0m [1mThe server is being restarted or closed. Request is outdated[0m [1m[35m[plugin vite:dep-scan][0m

    node_modules/.pnpm/esbuild@0.25.8/node_modules/esbuild/lib/main.js:1217:27:
[37m      1217 │         let result = await [32m[37mcallback({
           ╵                            [32m^[0m

    at throwClosedServerError (file:///app/node_modules/.pnpm/vite@7.1.4_@types+node@24.3.0_jiti@2.5.1_lightningcss@1.30.1_terser@5.24.0_tsx@4.20.5_yaml@2.8.1/node_modules/vite/dist/node/chunks/dep-C6pp_iVS.js:31082:32)
    at EnvironmentPluginContainer.resolveId (file:///app/node_modules/.pnpm/vite@7.1.4_@types+node@24.3.0_jiti@2.5.1_lightningcss@1.30.1_terser@5.24.0_tsx@4.20.5_yaml@2.8.1/node_modules/vite/dist/node/chunks/dep-C6pp_iVS.js:31214:65)
    at resolveId (file:///app/node_modules/.pnpm/vite@7.1.4_@types+node@24.3.0_jiti@2.5.1_lightningcss@1.30.1_terser@5.24.0_tsx@4.20.5_yaml@2.8.1/node_modules/vite/dist/node/chunks/dep-C6pp_iVS.js:10723:38)
    at resolve$4 (file:///app/node_modules/.pnpm/vite@7.1.4_@types+node@24.3.0_jiti@2.5.1_lightningcss@1.30.1_terser@5.24.0_tsx@4.20.5_yaml@2.8.1/node_modules/vite/dist/node/chunks/dep-C6pp_iVS.js:10728:26)
    at file:///app/node_modules/.pnpm/vite@7.1.4_@types+node@24.3.0_jiti@2.5.1_lightningcss@1.30.1_terser@5.24.0_tsx@4.20.5_yaml@2.8.1/node_modules/vite/dist/node/chunks/dep-C6pp_iVS.js:10883:28
    at requestCallbacks.on-resolve (/app/node_modules/.pnpm/esbuild@0.25.8/node_modules/esbuild/lib/main.js:1217:28)
    at handleRequest (/app/node_modules/.pnpm/esbuild@0.25.8/node_modules/esbuild/lib/main.js:628:17)
    at handleIncomingPacket (/app/node_modules/.pnpm/esbuild@0.25.8/node_modules/esbuild/lib/main.js:653:7)
    at Socket.readFromStdout (/app/node_modules/.pnpm/esbuild@0.25.8/node_modules/esbuild/lib/main.js:581:7)
    at Socket.emit (node:events:524:28)

  This error came from the "onResolve" callback registered here:

    node_modules/.pnpm/esbuild@0.25.8/node_modules/esbuild/lib/main.js:1141:20:
[37m      1141 │       let promise = [32m[37msetup({
           ╵                     [32m^[0m

    at setup (file:///app/node_modules/.pnpm/vite@7.1.4_@types+node@24.3.0_jiti@2.5.1_lightningcss@1.30.1_terser@5.24.0_tsx@4.20.5_yaml@2.8.1/node_modules/vite/dist/node/chunks/dep-C6pp_iVS.js:10882:12)
    at handlePlugins (/app/node_modules/.pnpm/esbuild@0.25.8/node_modules/esbuild/lib/main.js:1141:21)
    at buildOrContextImpl (/app/node_modules/.pnpm/esbuild@0.25.8/node_modules/esbuild/lib/main.js:854:5)
    at Object.buildOrContext (/app/node_modules/.pnpm/esbuild@0.25.8/node_modules/esbuild/lib/main.js:680:5)
    at /app/node_modules/.pnpm/esbuild@0.25.8/node_modules/esbuild/lib/main.js:2035:68
    at new Promise (<anonymous>)
    at Object.context (/app/node_modules/.pnpm/esbuild@0.25.8/node_modules/esbuild/lib/main.js:2035:27)
    at Object.context (/app/node_modules/.pnpm/esbuild@0.25.8/node_modules/esbuild/lib/main.js:1877:58)
    at prepareEsbuildScanner (file:///app/node_modules/.pnpm/vite@7.1.4_@types+node@24.3.0_jiti@2.5.1_lightningcss@1.30.1_terser@5.24.0_tsx@4.20.5_yaml@2.8.1/node_modules/vite/dist/node/chunks/dep-C6pp_iVS.js:10676:23)

  The plugin "vite:dep-scan" was triggered by this import

    packages/core/useStorageAsync/index.ts:11:36:
[37m      11 │ import { guessSerializerType } from [32m'../useStorage/guess'[37m
         ╵                                     [32m~~~~~~~~~~~~~~~~~~~~~[0m


[31m✘ [41;31m[[41;97mERROR[41;31m][0m [1mThe server is being restarted or closed. Request is outdated[0m [1m[35m[plugin vite:dep-scan][0m

    node_modules/.pnpm/esbuild@0.25.8/node_modules/esbuild/lib/main.js:1217:27:
[37m      1217 │         let result = await [32m[37mcallback({
           ╵                            [32m^[0m

    at throwClosedServerError (file:///app/node_modules/.pnpm/vite@7.1.4_@types+node@24.3.0_jiti@2.5.1_lightningcss@1.30.1_terser@5.24.0_tsx@4.20.5_yaml@2.8.1/node_modules/vite/dist/node/chunks/dep-C6pp_iVS.js:31082:32)
    at EnvironmentPluginContainer.resolveId (file:///app/node_modules/.pnpm/vite@7.1.4_@types+node@24.3.0_jiti@2.5.1_lightningcss@1.30.1_terser@5.24.0_tsx@4.20.5_yaml@2.8.1/node_modules/vite/dist/node/chunks/dep-C6pp_iVS.js:31214:65)
    at resolveId (file:///app/node_modules/.pnpm/vite@7.1.4_@types+node@24.3.0_jiti@2.5.1_lightningcss@1.30.1_terser@5.24.0_tsx@4.20.5_yaml@2.8.1/node_modules/vite/dist/node/chunks/dep-C6pp_iVS.js:10723:38)
    at resolve$4 (file:///app/node_modules/.pnpm/vite@7.1.4_@types+node@24.3.0_jiti@2.5.1_lightningcss@1.30.1_terser@5.24.0_tsx@4.20.5_yaml@2.8.1/node_modules/vite/dist/node/chunks/dep-C6pp_iVS.js:10728:26)
    at file:///app/node_modules/.pnpm/vite@7.1.4_@types+node@24.3.0_jiti@2.5.1_lightningcss@1.30.1_terser@5.24.0_tsx@4.20.5_yaml@2.8.1/node_modules/vite/dist/node/chunks/dep-C6pp_iVS.js:10883:28
    at requestCallbacks.on-resolve (/app/node_modules/.pnpm/esbuild@0.25.8/node_modules/esbuild/lib/main.js:1217:28)
    at handleRequest (/app/node_modules/.pnpm/esbuild@0.25.8/node_modules/esbuild/lib/main.js:628:17)
    at handleIncomingPacket (/app/node_modules/.pnpm/esbuild@0.25.8/node_modules/esbuild/lib/main.js:653:7)
    at Socket.readFromStdout (/app/node_modules/.pnpm/esbuild@0.25.8/node_modules/esbuild/lib/main.js:581:7)
    at Socket.emit (node:events:524:28)

  This error came from the "onResolve" callback registered here:

    node_modules/.pnpm/esbuild@0.25.8/node_modules/esbuild/lib/main.js:1141:20:
[37m      1141 │       let promise = [32m[37msetup({
           ╵                     [32m^[0m

    at setup (file:///app/node_modules/.pnpm/vite@7.1.4_@types+node@24.3.0_jiti@2.5.1_lightningcss@1.30.1_terser@5.24.0_tsx@4.20.5_yaml@2.8.1/node_modules/vite/dist/node/chunks/dep-C6pp_iVS.js:10882:12)
    at handlePlugins (/app/node_modules/.pnpm/esbuild@0.25.8/node_modules/esbuild/lib/main.js:1141:21)
    at buildOrContextImpl (/app/node_modules/.pnpm/esbuild@0.25.8/node_modules/esbuild/lib/main.js:854:5)
    at Object.buildOrContext (/app/node_modules/.pnpm/esbuild@0.25.8/node_modules/esbuild/lib/main.js:680:5)
    at /app/node_modules/.pnpm/esbuild@0.25.8/node_modules/esbuild/lib/main.js:2035:68
    at new Promise (<anonymous>)
    at Object.context (/app/node_modules/.pnpm/esbuild@0.25.8/node_modules/esbuild/lib/main.js:2035:27)
    at Object.context (/app/node_modules/.pnpm/esbuild@0.25.8/node_modules/esbuild/lib/main.js:1877:58)
    at prepareEsbuildScanner (file:///app/node_modules/.pnpm/vite@7.1.4_@types+node@24.3.0_jiti@2.5.1_lightningcss@1.30.1_terser@5.24.0_tsx@4.20.5_yaml@2.8.1/node_modules/vite/dist/node/chunks/dep-C6pp_iVS.js:10676:23)

  The plugin "vite:dep-scan" was triggered by this import

    packages/core/useMouseInElement/index.ts:10:34:
[37m      10 │ import { useResizeObserver } from [32m'../useResizeObserver'[37m
         ╵                                   [32m~~~~~~~~~~~~~~~~~~~~~~[0m


[31m✘ [41;31m[[41;97mERROR[41;31m][0m [1mThe server is being restarted or closed. Request is outdated[0m [1m[35m[plugin vite:dep-scan][0m

    node_modules/.pnpm/esbuild@0.25.8/node_modules/esbuild/lib/main.js:1217:27:
[37m      1217 │         let result = await [32m[37mcallback({
           ╵                            [32m^[0m

    at throwClosedServerError (file:///app/node_modules/.pnpm/vite@7.1.4_@types+node@24.3.0_jiti@2.5.1_lightningcss@1.30.1_terser@5.24.0_tsx@4.20.5_yaml@2.8.1/node_modules/vite/dist/node/chunks/dep-C6pp_iVS.js:31082:32)
    at EnvironmentPluginContainer.resolveId (file:///app/node_modules/.pnpm/vite@7.1.4_@types+node@24.3.0_jiti@2.5.1_lightningcss@1.30.1_terser@5.24.0_tsx@4.20.5_yaml@2.8.1/node_modules/vite/dist/node/chunks/dep-C6pp_iVS.js:31214:65)
    at resolveId (file:///app/node_modules/.pnpm/vite@7.1.4_@types+node@24.3.0_jiti@2.5.1_lightningcss@1.30.1_terser@5.24.0_tsx@4.20.5_yaml@2.8.1/node_modules/vite/dist/node/chunks/dep-C6pp_iVS.js:10723:38)
    at resolve$4 (file:///app/node_modules/.pnpm/vite@7.1.4_@types+node@24.3.0_jiti@2.5.1_lightningcss@1.30.1_terser@5.24.0_tsx@4.20.5_yaml@2.8.1/node_modules/vite/dist/node/chunks/dep-C6pp_iVS.js:10728:26)
    at file:///app/node_modules/.pnpm/vite@7.1.4_@types+node@24.3.0_jiti@2.5.1_lightningcss@1.30.1_terser@5.24.0_tsx@4.20.5_yaml@2.8.1/node_modules/vite/dist/node/chunks/dep-C6pp_iVS.js:10855:28
    at requestCallbacks.on-resolve (/app/node_modules/.pnpm/esbuild@0.25.8/node_modules/esbuild/lib/main.js:1217:28)
    at handleRequest (/app/node_modules/.pnpm/esbuild@0.25.8/node_modules/esbuild/lib/main.js:628:17)
    at handleIncomingPacket (/app/node_modules/.pnpm/esbuild@0.25.8/node_modules/esbuild/lib/main.js:653:7)
    at Socket.readFromStdout (/app/node_modules/.pnpm/esbuild@0.25.8/node_modules/esbuild/lib/main.js:581:7)
    at Socket.emit (node:events:524:28)

  This error came from the "onResolve" callback registered here:

    node_modules/.pnpm/esbuild@0.25.8/node_modules/esbuild/lib/main.js:1141:20:
[37m      1141 │       let promise = [32m[37msetup({
           ╵                     [32m^[0m

    at setup (file:///app/node_modules/.pnpm/vite@7.1.4_@types+node@24.3.0_jiti@2.5.1_lightningcss@1.30.1_terser@5.24.0_tsx@4.20.5_yaml@2.8.1/node_modules/vite/dist/node/chunks/dep-C6pp_iVS.js:10852:12)
    at handlePlugins (/app/node_modules/.pnpm/esbuild@0.25.8/node_modules/esbuild/lib/main.js:1141:21)
    at buildOrContextImpl (/app/node_modules/.pnpm/esbuild@0.25.8/node_modules/esbuild/lib/main.js:854:5)
    at Object.buildOrContext (/app/node_modules/.pnpm/esbuild@0.25.8/node_modules/esbuild/lib/main.js:680:5)
    at /app/node_modules/.pnpm/esbuild@0.25.8/node_modules/esbuild/lib/main.js:2035:68
    at new Promise (<anonymous>)
    at Object.context (/app/node_modules/.pnpm/esbuild@0.25.8/node_modules/esbuild/lib/main.js:2035:27)
    at Object.context (/app/node_modules/.pnpm/esbuild@0.25.8/node_modules/esbuild/lib/main.js:1877:58)
    at prepareEsbuildScanner (file:///app/node_modules/.pnpm/vite@7.1.4_@types+node@24.3.0_jiti@2.5.1_lightningcss@1.30.1_terser@5.24.0_tsx@4.20.5_yaml@2.8.1/node_modules/vite/dist/node/chunks/dep-C6pp_iVS.js:10676:23)

  The plugin "vite:dep-scan" was triggered by this import

    packages/math/useClamp/index.ts:3:22:
[37m      3 │ import { clamp } from [32m'@vueuse/shared'[37m
        ╵                       [32m~~~~~~~~~~~~~~~~[0m


[31m✘ [41;31m[[41;97mERROR[41;31m][0m [1mThe server is being restarted or closed. Request is outdated[0m [1m[35m[plugin vite:dep-scan][0m

    node_modules/.pnpm/esbuild@0.25.8/node_modules/esbuild/lib/main.js:1217:27:
[37m      1217 │         let result = await [32m[37mcallback({
           ╵                            [32m^[0m

    at throwClosedServerError (file:///app/node_modules/.pnpm/vite@7.1.4_@types+node@24.3.0_jiti@2.5.1_lightningcss@1.30.1_terser@5.24.0_tsx@4.20.5_yaml@2.8.1/node_modules/vite/dist/node/chunks/dep-C6pp_iVS.js:31082:32)
    at EnvironmentPluginContainer.resolveId (file:///app/node_modules/.pnpm/vite@7.1.4_@types+node@24.3.0_jiti@2.5.1_lightningcss@1.30.1_terser@5.24.0_tsx@4.20.5_yaml@2.8.1/node_modules/vite/dist/node/chunks/dep-C6pp_iVS.js:31214:65)
    at resolveId (file:///app/node_modules/.pnpm/vite@7.1.4_@types+node@24.3.0_jiti@2.5.1_lightningcss@1.30.1_terser@5.24.0_tsx@4.20.5_yaml@2.8.1/node_modules/vite/dist/node/chunks/dep-C6pp_iVS.js:10723:38)
    at resolve$4 (file:///app/node_modules/.pnpm/vite@7.1.4_@types+node@24.3.0_jiti@2.5.1_lightningcss@1.30.1_terser@5.24.0_tsx@4.20.5_yaml@2.8.1/node_modules/vite/dist/node/chunks/dep-C6pp_iVS.js:10728:26)
    at file:///app/node_modules/.pnpm/vite@7.1.4_@types+node@24.3.0_jiti@2.5.1_lightningcss@1.30.1_terser@5.24.0_tsx@4.20.5_yaml@2.8.1/node_modules/vite/dist/node/chunks/dep-C6pp_iVS.js:10883:28
    at requestCallbacks.on-resolve (/app/node_modules/.pnpm/esbuild@0.25.8/node_modules/esbuild/lib/main.js:1217:28)
    at handleRequest (/app/node_modules/.pnpm/esbuild@0.25.8/node_modules/esbuild/lib/main.js:628:17)
    at handleIncomingPacket (/app/node_modules/.pnpm/esbuild@0.25.8/node_modules/esbuild/lib/main.js:653:7)
    at Socket.readFromStdout (/app/node_modules/.pnpm/esbuild@0.25.8/node_modules/esbuild/lib/main.js:581:7)
    at Socket.emit (node:events:524:28)

  This error came from the "onResolve" callback registered here:

    node_modules/.pnpm/esbuild@0.25.8/node_modules/esbuild/lib/main.js:1141:20:
[37m      1141 │       let promise = [32m[37msetup({
           ╵                     [32m^[0m

    at setup (file:///app/node_modules/.pnpm/vite@7.1.4_@types+node@24.3.0_jiti@2.5.1_lightningcss@1.30.1_terser@5.24.0_tsx@4.20.5_yaml@2.8.1/node_modules/vite/dist/node/chunks/dep-C6pp_iVS.js:10882:12)
    at handlePlugins (/app/node_modules/.pnpm/esbuild@0.25.8/node_modules/esbuild/lib/main.js:1141:21)
    at buildOrContextImpl (/app/node_modules/.pnpm/esbuild@0.25.8/node_modules/esbuild/lib/main.js:854:5)
    at Object.buildOrContext (/app/node_modules/.pnpm/esbuild@0.25.8/node_modules/esbuild/lib/main.js:680:5)
    at /app/node_modules/.pnpm/esbuild@0.25.8/node_modules/esbuild/lib/main.js:2035:68
    at new Promise (<anonymous>)
    at Object.context (/app/node_modules/.pnpm/esbuild@0.25.8/node_modules/esbuild/lib/main.js:2035:27)
    at Object.context (/app/node_modules/.pnpm/esbuild@0.25.8/node_modules/esbuild/lib/main.js:1877:58)
    at prepareEsbuildScanner (file:///app/node_modules/.pnpm/vite@7.1.4_@types+node@24.3.0_jiti@2.5.1_lightningcss@1.30.1_terser@5.24.0_tsx@4.20.5_yaml@2.8.1/node_modules/vite/dist/node/chunks/dep-C6pp_iVS.js:10676:23)

  The plugin "vite:dep-scan" was triggered by this import

    packages/core/useWebWorkerFn/lib/createWorkerBlobUrl.ts:1:23:
[37m      1 │ import depsParser from [32m'./depsParser'[37m
        ╵                        [32m~~~~~~~~~~~~~~[0m


[31m✘ [41;31m[[41;97mERROR[41;31m][0m [1mThe server is being restarted or closed. Request is outdated[0m [1m[35m[plugin vite:dep-scan][0m

    node_modules/.pnpm/esbuild@0.25.8/node_modules/esbuild/lib/main.js:1217:27:
[37m      1217 │         let result = await [32m[37mcallback({
           ╵                            [32m^[0m

    at throwClosedServerError (file:///app/node_modules/.pnpm/vite@7.1.4_@types+node@24.3.0_jiti@2.5.1_lightningcss@1.30.1_terser@5.24.0_tsx@4.20.5_yaml@2.8.1/node_modules/vite/dist/node/chunks/dep-C6pp_iVS.js:31082:32)
    at EnvironmentPluginContainer.resolveId (file:///app/node_modules/.pnpm/vite@7.1.4_@types+node@24.3.0_jiti@2.5.1_lightningcss@1.30.1_terser@5.24.0_tsx@4.20.5_yaml@2.8.1/node_modules/vite/dist/node/chunks/dep-C6pp_iVS.js:31214:65)
    at resolveId (file:///app/node_modules/.pnpm/vite@7.1.4_@types+node@24.3.0_jiti@2.5.1_lightningcss@1.30.1_terser@5.24.0_tsx@4.20.5_yaml@2.8.1/node_modules/vite/dist/node/chunks/dep-C6pp_iVS.js:10723:38)
    at resolve$4 (file:///app/node_modules/.pnpm/vite@7.1.4_@types+node@24.3.0_jiti@2.5.1_lightningcss@1.30.1_terser@5.24.0_tsx@4.20.5_yaml@2.8.1/node_modules/vite/dist/node/chunks/dep-C6pp_iVS.js:10728:26)
    at file:///app/node_modules/.pnpm/vite@7.1.4_@types+node@24.3.0_jiti@2.5.1_lightningcss@1.30.1_terser@5.24.0_tsx@4.20.5_yaml@2.8.1/node_modules/vite/dist/node/chunks/dep-C6pp_iVS.js:10883:28
    at requestCallbacks.on-resolve (/app/node_modules/.pnpm/esbuild@0.25.8/node_modules/esbuild/lib/main.js:1217:28)
    at handleRequest (/app/node_modules/.pnpm/esbuild@0.25.8/node_modules/esbuild/lib/main.js:628:17)
    at handleIncomingPacket (/app/node_modules/.pnpm/esbuild@0.25.8/node_modules/esbuild/lib/main.js:653:7)
    at Socket.readFromStdout (/app/node_modules/.pnpm/esbuild@0.25.8/node_modules/esbuild/lib/main.js:581:7)
    at Socket.emit (node:events:524:28)

  This error came from the "onResolve" callback registered here:

    node_modules/.pnpm/esbuild@0.25.8/node_modules/esbuild/lib/main.js:1141:20:
[37m      1141 │       let promise = [32m[37msetup({
           ╵                     [32m^[0m

    at setup (file:///app/node_modules/.pnpm/vite@7.1.4_@types+node@24.3.0_jiti@2.5.1_lightningcss@1.30.1_terser@5.24.0_tsx@4.20.5_yaml@2.8.1/node_modules/vite/dist/node/chunks/dep-C6pp_iVS.js:10882:12)
    at handlePlugins (/app/node_modules/.pnpm/esbuild@0.25.8/node_modules/esbuild/lib/main.js:1141:21)
    at buildOrContextImpl (/app/node_modules/.pnpm/esbuild@0.25.8/node_modules/esbuild/lib/main.js:854:5)
    at Object.buildOrContext (/app/node_modules/.pnpm/esbuild@0.25.8/node_modules/esbuild/lib/main.js:680:5)
    at /app/node_modules/.pnpm/esbuild@0.25.8/node_modules/esbuild/lib/main.js:2035:68
    at new Promise (<anonymous>)
    at Object.context (/app/node_modules/.pnpm/esbuild@0.25.8/node_modules/esbuild/lib/main.js:2035:27)
    at Object.context (/app/node_modules/.pnpm/esbuild@0.25.8/node_modules/esbuild/lib/main.js:1877:58)
    at prepareEsbuildScanner (file:///app/node_modules/.pnpm/vite@7.1.4_@types+node@24.3.0_jiti@2.5.1_lightningcss@1.30.1_terser@5.24.0_tsx@4.20.5_yaml@2.8.1/node_modules/vite/dist/node/chunks/dep-C6pp_iVS.js:10676:23)

  The plugin "vite:dep-scan" was triggered by this import

    packages/core/useWebWorkerFn/lib/createWorkerBlobUrl.ts:2:22:
[37m      2 │ import jobRunner from [32m'./jobRunner'[37m
        ╵                       [32m~~~~~~~~~~~~~[0m


[31m✘ [41;31m[[41;97mERROR[41;31m][0m [1mThe server is being restarted or closed. Request is outdated[0m [1m[35m[plugin vite:dep-scan][0m

    node_modules/.pnpm/esbuild@0.25.8/node_modules/esbuild/lib/main.js:1217:27:
[37m      1217 │         let result = await [32m[37mcallback({
           ╵                            [32m^[0m

    at throwClosedServerError (file:///app/node_modules/.pnpm/vite@7.1.4_@types+node@24.3.0_jiti@2.5.1_lightningcss@1.30.1_terser@5.24.0_tsx@4.20.5_yaml@2.8.1/node_modules/vite/dist/node/chunks/dep-C6pp_iVS.js:31082:32)
    at EnvironmentPluginContainer.resolveId (file:///app/node_modules/.pnpm/vite@7.1.4_@types+node@24.3.0_jiti@2.5.1_lightningcss@1.30.1_terser@5.24.0_tsx@4.20.5_yaml@2.8.1/node_modules/vite/dist/node/chunks/dep-C6pp_iVS.js:31214:65)
    at resolveId (file:///app/node_modules/.pnpm/vite@7.1.4_@types+node@24.3.0_jiti@2.5.1_lightningcss@1.30.1_terser@5.24.0_tsx@4.20.5_yaml@2.8.1/node_modules/vite/dist/node/chunks/dep-C6pp_iVS.js:10723:38)
    at resolve$4 (file:///app/node_modules/.pnpm/vite@7.1.4_@types+node@24.3.0_jiti@2.5.1_lightningcss@1.30.1_terser@5.24.0_tsx@4.20.5_yaml@2.8.1/node_modules/vite/dist/node/chunks/dep-C6pp_iVS.js:10728:26)
    at file:///app/node_modules/.pnpm/vite@7.1.4_@types+node@24.3.0_jiti@2.5.1_lightningcss@1.30.1_terser@5.24.0_tsx@4.20.5_yaml@2.8.1/node_modules/vite/dist/node/chunks/dep-C6pp_iVS.js:10883:28
    at requestCallbacks.on-resolve (/app/node_modules/.pnpm/esbuild@0.25.8/node_modules/esbuild/lib/main.js:1217:28)
    at handleRequest (/app/node_modules/.pnpm/esbuild@0.25.8/node_modules/esbuild/lib/main.js:628:17)
    at handleIncomingPacket (/app/node_modules/.pnpm/esbuild@0.25.8/node_modules/esbuild/lib/main.js:653:7)
    at Socket.readFromStdout (/app/node_modules/.pnpm/esbuild@0.25.8/node_modules/esbuild/lib/main.js:581:7)
    at Socket.emit (node:events:524:28)

  This error came from the "onResolve" callback registered here:

    node_modules/.pnpm/esbuild@0.25.8/node_modules/esbuild/lib/main.js:1141:20:
[37m      1141 │       let promise = [32m[37msetup({
           ╵                     [32m^[0m

    at setup (file:///app/node_modules/.pnpm/vite@7.1.4_@types+node@24.3.0_jiti@2.5.1_lightningcss@1.30.1_terser@5.24.0_tsx@4.20.5_yaml@2.8.1/node_modules/vite/dist/node/chunks/dep-C6pp_iVS.js:10882:12)
    at handlePlugins (/app/node_modules/.pnpm/esbuild@0.25.8/node_modules/esbuild/lib/main.js:1141:21)
    at buildOrContextImpl (/app/node_modules/.pnpm/esbuild@0.25.8/node_modules/esbuild/lib/main.js:854:5)
    at Object.buildOrContext (/app/node_modules/.pnpm/esbuild@0.25.8/node_modules/esbuild/lib/main.js:680:5)
    at /app/node_modules/.pnpm/esbuild@0.25.8/node_modules/esbuild/lib/main.js:2035:68
    at new Promise (<anonymous>)
    at Object.context (/app/node_modules/.pnpm/esbuild@0.25.8/node_modules/esbuild/lib/main.js:2035:27)
    at Object.context (/app/node_modules/.pnpm/esbuild@0.25.8/node_modules/esbuild/lib/main.js:1877:58)
    at prepareEsbuildScanner (file:///app/node_modules/.pnpm/vite@7.1.4_@types+node@24.3.0_jiti@2.5.1_lightningcss@1.30.1_terser@5.24.0_tsx@4.20.5_yaml@2.8.1/node_modules/vite/dist/node/chunks/dep-C6pp_iVS.js:10676:23)

  The plugin "vite:dep-scan" was triggered by this import

    packages/shared/utils/filters.ts:4:22:
[37m      4 │ import { toRef } from [32m'../toRef'[37m
        ╵                       [32m~~~~~~~~~~[0m


    at failureErrorWithLog (/app/node_modules/.pnpm/esbuild@0.25.8/node_modules/esbuild/lib/main.js:1467:15)
    at /app/node_modules/.pnpm/esbuild@0.25.8/node_modules/esbuild/lib/main.js:926:25
    at runOnEndCallbacks (/app/node_modules/.pnpm/esbuild@0.25.8/node_modules/esbuild/lib/main.js:1307:45)
    at buildResponseToResult (/app/node_modules/.pnpm/esbuild@0.25.8/node_modules/esbuild/lib/main.js:924:7)
    at /app/node_modules/.pnpm/esbuild@0.25.8/node_modules/esbuild/lib/main.js:936:9
    at new Promise (<anonymous>)
    at requestCallbacks.on-end (/app/node_modules/.pnpm/esbuild@0.25.8/node_modules/esbuild/lib/main.js:935:54)
    at handleRequest (/app/node_modules/.pnpm/esbuild@0.25.8/node_modules/esbuild/lib/main.js:628:17)
    at handleIncomingPacket (/app/node_modules/.pnpm/esbuild@0.25.8/node_modules/esbuild/lib/main.js:653:7)
    at Socket.readFromStdout (/app/node_modules/.pnpm/esbuild@0.25.8/node_modules/esbuild/lib/main.js:581:7)
error during close browserType.launch: Target page, context or browser has been closed
Browser logs:

<launching> /root/.cache/ms-playwright/webkit-2104/pw_run.sh --inspector-pipe --headless --no-startup-window
<launched> pid=7770
[pid=7770][err]
[pid=7770][err] (MiniBrowser:7776): GStreamer-WARNING **: 23:07:50.193: External plugin loader failed. This most likely means that the plugin loader helper binary was not found or could not be run. You might need to set the GST_PLUGIN_SCANNER environment variable if your setup is unusual. This should normally not be required though.
[pid=7770][err]
[pid=7770][err] (MiniBrowser:7776): libsoup-ERROR **: 23:07:50.407: libsoup3 symbols detected. Using libsoup2 and libsoup3 in the same process is not supported.
[pid=7770][err] /root/.cache/ms-playwright/webkit-2104/pw_run.sh: line 24:  7776 Trace/breakpoint trap   (core dumped) WEBKIT_FORCE_COMPLEX_TEXT="1" "$MINIBROWSER" "$@"
[pid=7770] <process did exit: exitCode=133, signal=null>
[pid=7770] starting temporary directories cleanup
Call log:
  - <launching> /root/.cache/ms-playwright/webkit-2104/pw_run.sh --inspector-pipe --headless --no-startup-window
  - <launched> pid=7770
  - [pid=7770][err]
  - [pid=7770][err] (MiniBrowser:7776): GStreamer-WARNING **: 23:07:50.193: External plugin loader failed. This most likely means that the plugin loader helper binary was not found or could not be run. You might need to set the GST_PLUGIN_SCANNER environment variable if your setup is unusual. This should normally not be required though.
  - [pid=7770][err]
  - [pid=7770][err] (MiniBrowser:7776): libsoup-ERROR **: 23:07:50.407: libsoup3 symbols detected. Using libsoup2 and libsoup3 in the same process is not supported.
  - [pid=7770][err] /root/.cache/ms-playwright/webkit-2104/pw_run.sh: line 24:  7776 Trace/breakpoint trap   (core dumped) WEBKIT_FORCE_COMPLEX_TEXT="1" "$MINIBROWSER" "$@"
  - [pid=7770] <process did exit: exitCode=133, signal=null>
  - [pid=7770] starting temporary directories cleanup

    at /app/node_modules/.pnpm/@vitest+browser@3.2.4_msw@2.3.0_typescript@5.9.2__playwright@1.49.0_vite@7.1.4_@types+n_e45b7afbdf059a8decd48e1152e98b5a/node_modules/@vitest/browser/dist/webdriver-KA1WiV0q.js:80:54 {
  type: 'Unhandled Error',
  stacks: [
    {
      method: '',
      file: '/app/node_modules/.pnpm/@vitest+browser@3.2.4_msw@2.3.0_typescript@5.9.2__playwright@1.49.0_vite@7.1.4_@types+n_e45b7afbdf059a8decd48e1152e98b5a/node_modules/@vitest/browser/dist/webdriver-KA1WiV0q.js',
      line: 80,
      column: 54
    }
  ]
}
 ELIFECYCLE  Command failed with exit code 1.

> @vueuse/monorepo@14.0.0-alpha.1 test:attw /app
> pnpm -r test:attw

Scope: 11 of 12 workspace projects
packages/metadata test:attw$ attw --pack --config-path ../../.attw.json .
packages/shared test:attw$ attw --pack --config-path ../../.attw.json .
packages/metadata test:attw: @vueuse/metadata v14.0.0-alpha.1
packages/metadata test:attw:  (ignoring rules: 'cjs-resolves-to-esm')
packages/metadata test:attw:  (ignoring resolutions: 'node10')
packages/metadata test:attw:  No problems found 🌟
packages/metadata test:attw: ┌───────────────────┬────────────────────┬──────────────────────┐
packages/metadata test:attw: │                   │ "@vueuse/metadata" │ "@vueuse/metadata/*" │
packages/metadata test:attw: ├───────────────────┼────────────────────┼──────────────────────┤
packages/metadata test:attw: │ node16 (from CJS) │ 🟢 (ESM)           │ (wildcard)           │
packages/metadata test:attw: ├───────────────────┼────────────────────┼──────────────────────┤
packages/metadata test:attw: │ node16 (from ESM) │ 🟢 (ESM)           │ (wildcard)           │
packages/metadata test:attw: ├───────────────────┼────────────────────┼──────────────────────┤
packages/metadata test:attw: │ bundler           │ 🟢                 │ (wildcard)           │
packages/metadata test:attw: ├───────────────────┼────────────────────┼──────────────────────┤
packages/metadata test:attw: │ node10            │ (ignored) 🟢       │ (ignored) (wildcard) │
packages/metadata test:attw: └───────────────────┴────────────────────┴──────────────────────┘
packages/metadata test:attw: Done
packages/shared test:attw: @vueuse/shared v14.0.0-alpha.1
packages/shared test:attw:  (ignoring rules: 'cjs-resolves-to-esm')
packages/shared test:attw:  (ignoring resolutions: 'node10')
packages/shared test:attw:  No problems found 🌟
packages/shared test:attw: ┌───────────────────┬──────────────────┬──────────────────────┐
packages/shared test:attw: │                   │ "@vueuse/shared" │ "@vueuse/shared/*"   │
packages/shared test:attw: ├───────────────────┼──────────────────┼──────────────────────┤
packages/shared test:attw: │ node16 (from CJS) │ 🟢 (ESM)         │ (wildcard)           │
packages/shared test:attw: ├───────────────────┼──────────────────┼──────────────────────┤
packages/shared test:attw: │ node16 (from ESM) │ 🟢 (ESM)         │ (wildcard)           │
packages/shared test:attw: ├───────────────────┼──────────────────┼──────────────────────┤
packages/shared test:attw: │ bundler           │ 🟢               │ (wildcard)           │
packages/shared test:attw: ├───────────────────┼──────────────────┼──────────────────────┤
packages/shared test:attw: │ node10            │ (ignored) 🟢     │ (ignored) (wildcard) │
packages/shared test:attw: └───────────────────┴──────────────────┴──────────────────────┘
packages/shared test:attw: Done
packages/core test:attw$ attw --pack --config-path ../../.attw.json .
packages/electron test:attw$ attw --pack --config-path ../../.attw.json .
packages/firebase test:attw$ attw --pack --config-path ../../.attw.json .
packages/math test:attw$ attw --pack --config-path ../../.attw.json .
packages/electron test:attw: @vueuse/electron v14.0.0-alpha.1
packages/electron test:attw:  (ignoring rules: 'cjs-resolves-to-esm')
packages/electron test:attw:  (ignoring resolutions: 'node10')
packages/electron test:attw:  No problems found 🌟
packages/electron test:attw: ┌───────────────────┬────────────────────┬──────────────────────┐
packages/electron test:attw: │                   │ "@vueuse/electron" │ "@vueuse/electron/*" │
packages/electron test:attw: ├───────────────────┼────────────────────┼──────────────────────┤
packages/electron test:attw: │ node16 (from CJS) │ 🟢 (ESM)           │ (wildcard)           │
packages/electron test:attw: ├───────────────────┼────────────────────┼──────────────────────┤
packages/electron test:attw: │ node16 (from ESM) │ 🟢 (ESM)           │ (wildcard)           │
packages/electron test:attw: ├───────────────────┼────────────────────┼──────────────────────┤
packages/electron test:attw: │ bundler           │ 🟢                 │ (wildcard)           │
packages/electron test:attw: ├───────────────────┼────────────────────┼──────────────────────┤
packages/electron test:attw: │ node10            │ (ignored) 🟢       │ (ignored) (wildcard) │
packages/electron test:attw: └───────────────────┴────────────────────┴──────────────────────┘
packages/electron test:attw: Done
packages/router test:attw$ attw --pack --config-path ../../.attw.json .
packages/math test:attw: @vueuse/math v14.0.0-alpha.1
packages/math test:attw:  (ignoring rules: 'cjs-resolves-to-esm')
packages/math test:attw:  (ignoring resolutions: 'node10')
packages/math test:attw:  No problems found 🌟
packages/math test:attw: ┌───────────────────┬────────────────┬──────────────────────┐
packages/math test:attw: │                   │ "@vueuse/math" │ "@vueuse/math/*"     │
packages/math test:attw: ├───────────────────┼────────────────┼──────────────────────┤
packages/math test:attw: │ node16 (from CJS) │ 🟢 (ESM)       │ (wildcard)           │
packages/math test:attw: ├───────────────────┼────────────────┼──────────────────────┤
packages/math test:attw: │ node16 (from ESM) │ 🟢 (ESM)       │ (wildcard)           │
packages/math test:attw: ├───────────────────┼────────────────┼──────────────────────┤
packages/math test:attw: │ bundler           │ 🟢             │ (wildcard)           │
packages/math test:attw: ├───────────────────┼────────────────┼──────────────────────┤
packages/math test:attw: │ node10            │ (ignored) 🟢   │ (ignored) (wildcard) │
packages/math test:attw: └───────────────────┴────────────────┴──────────────────────┘
packages/math test:attw: Done
packages/rxjs test:attw$ attw --pack --config-path ../../.attw.json .
packages/core test:attw: @vueuse/core v14.0.0-alpha.1
packages/core test:attw:  (ignoring rules: 'cjs-resolves-to-esm')
packages/core test:attw:  (ignoring resolutions: 'node10')
packages/core test:attw: (ignored per resolution) 💀 Import failed to resolve to type declarations or JavaScript files. https://github.com/arethetypeswrong/arethetypeswrong.github.io/blob/main/docs/problems/NoResolution.md
packages/core test:attw: ┌───────────────────┬────────────────┬──────────────────────┬────────────────────────────────┐
packages/core test:attw: │                   │ "@vueuse/core" │ "@vueuse/core/*"     │ "@vueuse/core/metadata"        │
packages/core test:attw: ├───────────────────┼────────────────┼──────────────────────┼────────────────────────────────┤
packages/core test:attw: │ node16 (from CJS) │ 🟢 (ESM)       │ (wildcard)           │ 🟢 (ESM)                       │
packages/core test:attw: ├───────────────────┼────────────────┼──────────────────────┼────────────────────────────────┤
packages/core test:attw: │ node16 (from ESM) │ 🟢 (ESM)       │ (wildcard)           │ 🟢 (ESM)                       │
packages/core test:attw: ├───────────────────┼────────────────┼──────────────────────┼────────────────────────────────┤
packages/core test:attw: │ bundler           │ 🟢             │ (wildcard)           │ 🟢                             │
packages/core test:attw: ├───────────────────┼────────────────┼──────────────────────┼────────────────────────────────┤
packages/core test:attw: │ node10            │ (ignored) 🟢   │ (ignored) (wildcard) │ (ignored) 💀 Resolution failed │
packages/core test:attw: └───────────────────┴────────────────┴──────────────────────┴────────────────────────────────┘
packages/core test:attw: Done
packages/firebase test:attw: @vueuse/firebase v14.0.0-alpha.1
packages/firebase test:attw:  (ignoring rules: 'cjs-resolves-to-esm')
packages/firebase test:attw:  (ignoring resolutions: 'node10')
packages/firebase test:attw: (ignored per resolution) 💀 Import failed to resolve to type declarations or JavaScript files. https://github.com/arethetypeswrong/arethetypeswrong.github.io/blob/main/docs/problems/NoResolution.md
packages/firebase test:attw: ┌─────────────────────────────────┬───────────────────┬───────────────────┬────────────┬────────────────────────────────┐
packages/firebase test:attw: │                                 │ node16 (from CJS) │ node16 (from ESM) │ bundler    │ node10 (ignored)               │
packages/firebase test:attw: ├─────────────────────────────────┼───────────────────┼───────────────────┼────────────┼────────────────────────────────┤
packages/firebase test:attw: │ "@vueuse/firebase"              │ 🟢 (ESM)          │ 🟢 (ESM)          │ 🟢         │ (ignored) 🟢                   │
packages/firebase test:attw: ├─────────────────────────────────┼───────────────────┼───────────────────┼────────────┼────────────────────────────────┤
packages/firebase test:attw: │ "@vueuse/firebase/*"            │ (wildcard)        │ (wildcard)        │ (wildcard) │ (ignored) (wildcard)           │
packages/firebase test:attw: ├─────────────────────────────────┼───────────────────┼───────────────────┼────────────┼────────────────────────────────┤
packages/firebase test:attw: │ "@vueuse/firebase/useAuth"      │ 🟢 (ESM)          │ 🟢 (ESM)          │ 🟢         │ (ignored) 💀 Resolution failed │
packages/firebase test:attw: ├─────────────────────────────────┼───────────────────┼───────────────────┼────────────┼────────────────────────────────┤
packages/firebase test:attw: │ "@vueuse/firebase/useFirestore" │ 🟢 (ESM)          │ 🟢 (ESM)          │ 🟢         │ (ignored) 💀 Resolution failed │
packages/firebase test:attw: ├─────────────────────────────────┼───────────────────┼───────────────────┼────────────┼────────────────────────────────┤
packages/firebase test:attw: │ "@vueuse/firebase/useRTDB"      │ 🟢 (ESM)          │ 🟢 (ESM)          │ 🟢         │ (ignored) 💀 Resolution failed │
packages/firebase test:attw: └─────────────────────────────────┴───────────────────┴───────────────────┴────────────┴────────────────────────────────┘
packages/firebase test:attw: Done
packages/router test:attw: @vueuse/router v14.0.0-alpha.1
packages/router test:attw:  (ignoring rules: 'cjs-resolves-to-esm')
packages/router test:attw:  (ignoring resolutions: 'node10')
packages/router test:attw:  No problems found 🌟
packages/router test:attw: ┌───────────────────┬──────────────────┬──────────────────────┐
packages/router test:attw: │                   │ "@vueuse/router" │ "@vueuse/router/*"   │
packages/router test:attw: ├───────────────────┼──────────────────┼──────────────────────┤
packages/router test:attw: │ node16 (from CJS) │ 🟢 (ESM)         │ (wildcard)           │
packages/router test:attw: ├───────────────────┼──────────────────┼──────────────────────┤
packages/router test:attw: │ node16 (from ESM) │ 🟢 (ESM)         │ (wildcard)           │
packages/router test:attw: ├───────────────────┼──────────────────┼──────────────────────┤
packages/router test:attw: │ bundler           │ 🟢               │ (wildcard)           │
packages/router test:attw: ├───────────────────┼──────────────────┼──────────────────────┤
packages/router test:attw: │ node10            │ (ignored) 🟢     │ (ignored) (wildcard) │
packages/router test:attw: └───────────────────┴──────────────────┴──────────────────────┘
packages/router test:attw: Done
packages/rxjs test:attw: @vueuse/rxjs v14.0.0-alpha.1
packages/rxjs test:attw:  (ignoring rules: 'cjs-resolves-to-esm')
packages/rxjs test:attw:  (ignoring resolutions: 'node10')
packages/rxjs test:attw:  No problems found 🌟
packages/rxjs test:attw: ┌───────────────────┬────────────────┬──────────────────────┐
packages/rxjs test:attw: │                   │ "@vueuse/rxjs" │ "@vueuse/rxjs/*"     │
packages/rxjs test:attw: ├───────────────────┼────────────────┼──────────────────────┤
packages/rxjs test:attw: │ node16 (from CJS) │ 🟢 (ESM)       │ (wildcard)           │
packages/rxjs test:attw: ├───────────────────┼────────────────┼──────────────────────┤
packages/rxjs test:attw: │ node16 (from ESM) │ 🟢 (ESM)       │ (wildcard)           │
packages/rxjs test:attw: ├───────────────────┼────────────────┼──────────────────────┤
packages/rxjs test:attw: │ bundler           │ 🟢             │ (wildcard)           │
packages/rxjs test:attw: ├───────────────────┼────────────────┼──────────────────────┤
packages/rxjs test:attw: │ node10            │ (ignored) 🟢   │ (ignored) (wildcard) │
packages/rxjs test:attw: └───────────────────┴────────────────┴──────────────────────┘
packages/rxjs test:attw: Done
packages/components test:attw$ attw --pack --config-path ../../.attw.json .
packages/integrations test:attw$ attw --pack --config-path ../../.attw.json .
packages/nuxt test:attw$ attw --pack --config-path ../../.attw.json .
packages/nuxt test:attw: @vueuse/nuxt v14.0.0-alpha.1
packages/nuxt test:attw:  (ignoring rules: 'cjs-resolves-to-esm')
packages/nuxt test:attw:  (ignoring resolutions: 'node10')
packages/nuxt test:attw:  No problems found 🌟
packages/nuxt test:attw: ┌───────────────────┬────────────────┬──────────────────────┐
packages/nuxt test:attw: │                   │ "@vueuse/nuxt" │ "@vueuse/nuxt/*"     │
packages/nuxt test:attw: ├───────────────────┼────────────────┼──────────────────────┤
packages/nuxt test:attw: │ node16 (from CJS) │ 🟢 (ESM)       │ (wildcard)           │
packages/nuxt test:attw: ├───────────────────┼────────────────┼──────────────────────┤
packages/nuxt test:attw: │ node16 (from ESM) │ 🟢 (ESM)       │ (wildcard)           │
packages/nuxt test:attw: ├───────────────────┼────────────────┼──────────────────────┤
packages/nuxt test:attw: │ bundler           │ 🟢             │ (wildcard)           │
packages/nuxt test:attw: ├───────────────────┼────────────────┼──────────────────────┤
packages/nuxt test:attw: │ node10            │ (ignored) 🟢   │ (ignored) (wildcard) │
packages/nuxt test:attw: └───────────────────┴────────────────┴──────────────────────┘
packages/nuxt test:attw: Done
packages/components test:attw: @vueuse/components v14.0.0-alpha.1
packages/components test:attw:  (ignoring rules: 'cjs-resolves-to-esm')
packages/components test:attw:  (ignoring resolutions: 'node10')
packages/components test:attw:  No problems found 🌟
packages/components test:attw: ┌───────────────────┬──────────────────────┬────────────────────────┐
packages/components test:attw: │                   │ "@vueuse/components" │ "@vueuse/components/*" │
packages/components test:attw: ├───────────────────┼──────────────────────┼────────────────────────┤
packages/components test:attw: │ node16 (from CJS) │ 🟢 (ESM)             │ (wildcard)             │
packages/components test:attw: ├───────────────────┼──────────────────────┼────────────────────────┤
packages/components test:attw: │ node16 (from ESM) │ 🟢 (ESM)             │ (wildcard)             │
packages/components test:attw: ├───────────────────┼──────────────────────┼────────────────────────┤
packages/components test:attw: │ bundler           │ 🟢                   │ (wildcard)             │
packages/components test:attw: ├───────────────────┼──────────────────────┼────────────────────────┤
packages/components test:attw: │ node10            │ (ignored) 🟢         │ (ignored) (wildcard)   │
packages/components test:attw: └───────────────────┴──────────────────────┴────────────────────────┘
packages/components test:attw: Done
packages/integrations test:attw: @vueuse/integrations v14.0.0-alpha.1
packages/integrations test:attw:  (ignoring rules: 'cjs-resolves-to-esm')
packages/integrations test:attw:  (ignoring resolutions: 'node10')
packages/integrations test:attw: (ignored per resolution) 💀 Import failed to resolve to type declarations or JavaScript files. https://github.com/arethetypeswrong/arethetypeswrong.github.io/blob/main/docs/problems/NoResolution.md
packages/integrations test:attw: "@vueuse/integrations"
packages/integrations test:attw: node16 (from CJS): 🟢 (ESM)
packages/integrations test:attw: node16 (from ESM): 🟢 (ESM)
packages/integrations test:attw: bundler: 🟢
packages/integrations test:attw: node10: (ignored) 🟢
packages/integrations test:attw: ***********************************
packages/integrations test:attw: "@vueuse/integrations/*"
packages/integrations test:attw: node16 (from CJS): (wildcard)
packages/integrations test:attw: node16 (from ESM): (wildcard)
packages/integrations test:attw: bundler: (wildcard)
packages/integrations test:attw: node10: (ignored) (wildcard)
packages/integrations test:attw: ***********************************
packages/integrations test:attw: "@vueuse/integrations/useAsyncValidator"
packages/integrations test:attw: node16 (from CJS): 🟢 (ESM)
packages/integrations test:attw: node16 (from ESM): 🟢 (ESM)
packages/integrations test:attw: bundler: 🟢
packages/integrations test:attw: node10: (ignored) 💀 Resolution failed
packages/integrations test:attw: ***********************************
packages/integrations test:attw: "@vueuse/integrations/useAsyncValidator/component"
packages/integrations test:attw: node16 (from CJS): 🟢 (ESM)
packages/integrations test:attw: node16 (from ESM): 🟢 (ESM)
packages/integrations test:attw: bundler: 🟢
packages/integrations test:attw: node10: (ignored) 💀 Resolution failed
packages/integrations test:attw: ***********************************
packages/integrations test:attw: "@vueuse/integrations/useAxios"
packages/integrations test:attw: node16 (from CJS): 🟢 (ESM)
packages/integrations test:attw: node16 (from ESM): 🟢 (ESM)
packages/integrations test:attw: bundler: 🟢
packages/integrations test:attw: node10: (ignored) 💀 Resolution failed
packages/integrations test:attw: ***********************************
packages/integrations test:attw: "@vueuse/integrations/useChangeCase"
packages/integrations test:attw: node16 (from CJS): 🟢 (ESM)
packages/integrations test:attw: node16 (from ESM): 🟢 (ESM)
packages/integrations test:attw: bundler: 🟢
packages/integrations test:attw: node10: (ignored) 💀 Resolution failed
packages/integrations test:attw: ***********************************
packages/integrations test:attw: "@vueuse/integrations/useCookies"
packages/integrations test:attw: node16 (from CJS): 🟢 (ESM)
packages/integrations test:attw: node16 (from ESM): 🟢 (ESM)
packages/integrations test:attw: bundler: 🟢
packages/integrations test:attw: node10: (ignored) 💀 Resolution failed
packages/integrations test:attw: ***********************************
packages/integrations test:attw: "@vueuse/integrations/useDrauu"
packages/integrations test:attw: node16 (from CJS): 🟢 (ESM)
packages/integrations test:attw: node16 (from ESM): 🟢 (ESM)
packages/integrations test:attw: bundler: 🟢
packages/integrations test:attw: node10: (ignored) 💀 Resolution failed
packages/integrations test:attw: ***********************************
packages/integrations test:attw: "@vueuse/integrations/useFocusTrap"
packages/integrations test:attw: node16 (from CJS): 🟢 (ESM)
packages/integrations test:attw: node16 (from ESM): 🟢 (ESM)
packages/integrations test:attw: bundler: 🟢
packages/integrations test:attw: node10: (ignored) 💀 Resolution failed
packages/integrations test:attw: ***********************************
packages/integrations test:attw: "@vueuse/integrations/useFocusTrap/component"
packages/integrations test:attw: node16 (from CJS): 🟢 (ESM)
packages/integrations test:attw: node16 (from ESM): 🟢 (ESM)
packages/integrations test:attw: bundler: 🟢
packages/integrations test:attw: node10: (ignored) 💀 Resolution failed
packages/integrations test:attw: ***********************************
packages/integrations test:attw: "@vueuse/integrations/useFuse"
packages/integrations test:attw: node16 (from CJS): 🟢 (ESM)
packages/integrations test:attw: node16 (from ESM): 🟢 (ESM)
packages/integrations test:attw: bundler: 🟢
packages/integrations test:attw: node10: (ignored) 💀 Resolution failed
packages/integrations test:attw: ***********************************
packages/integrations test:attw: "@vueuse/integrations/useIDBKeyval"
packages/integrations test:attw: node16 (from CJS): 🟢 (ESM)
packages/integrations test:attw: node16 (from ESM): 🟢 (ESM)
packages/integrations test:attw: bundler: 🟢
packages/integrations test:attw: node10: (ignored) 💀 Resolution failed
packages/integrations test:attw: ***********************************
packages/integrations test:attw: "@vueuse/integrations/useJwt"
packages/integrations test:attw: node16 (from CJS): 🟢 (ESM)
packages/integrations test:attw: node16 (from ESM): 🟢 (ESM)
packages/integrations test:attw: bundler: 🟢
packages/integrations test:attw: node10: (ignored) 💀 Resolution failed
packages/integrations test:attw: ***********************************
packages/integrations test:attw: "@vueuse/integrations/useNProgress"
packages/integrations test:attw: node16 (from CJS): 🟢 (ESM)
packages/integrations test:attw: node16 (from ESM): 🟢 (ESM)
packages/integrations test:attw: bundler: 🟢
packages/integrations test:attw: node10: (ignored) 💀 Resolution failed
packages/integrations test:attw: ***********************************
packages/integrations test:attw: "@vueuse/integrations/useQRCode"
packages/integrations test:attw: node16 (from CJS): 🟢 (ESM)
packages/integrations test:attw: node16 (from ESM): 🟢 (ESM)
packages/integrations test:attw: bundler: 🟢
packages/integrations test:attw: node10: (ignored) 💀 Resolution failed
packages/integrations test:attw: ***********************************
packages/integrations test:attw: "@vueuse/integrations/useSortable"
packages/integrations test:attw: node16 (from CJS): 🟢 (ESM)
packages/integrations test:attw: node16 (from ESM): 🟢 (ESM)
packages/integrations test:attw: bundler: 🟢
packages/integrations test:attw: node10: (ignored) 💀 Resolution failed
packages/integrations test:attw: ***********************************
packages/integrations test:attw: "@vueuse/integrations/useSortable/component"
packages/integrations test:attw: node16 (from CJS): 🟢 (ESM)
packages/integrations test:attw: node16 (from ESM): 🟢 (ESM)
packages/integrations test:attw: bundler: 🟢
packages/integrations test:attw: node10: (ignored) 💀 Resolution failed
packages/integrations test:attw: ***********************************
packages/integrations test:attw: Done
Progress: resolved 1, reused 0, downloaded 0, added 0
Progress: resolved 79, reused 14, downloaded 19, added 0
Packages: +34
++++++++++++++++++++++++++++++++++
Progress: resolved 79, reused 14, downloaded 20, added 33
Progress: resolved 79, reused 14, downloaded 20, added 34
Progress: resolved 79, reused 14, downloaded 20, added 34, done

dependencies:
+ vue 3.5.21

devDependencies:
+ @vitejs/plugin-vue 5.2.4 (6.0.1 is available)
+ vite 6.3.5 (7.1.4 is available)

╭ Warning ─────────────────────────────────────────────────────────────────────╮
│                                                                              │
│   Ignored build scripts: esbuild.                                            │
│   Run "pnpm approve-builds" to pick which dependencies should be allowed     │
│   to run scripts.                                                            │
│                                                                              │
╰──────────────────────────────────────────────────────────────────────────────╯

Done in 5.1s using pnpm v10.15.1

> @ build /app/playgrounds/vite
> vite build

vite v6.3.5 building for production...
transforming...
✓ 12 modules transformed.
rendering chunks...
computing gzip size...
dist/index.html                  0.36 kB │ gzip:  0.26 kB
dist/assets/index-BKAkexFo.js  180.85 kB │ gzip: 42.75 kB
✓ built in 1.22s
