
Welcome to Gradle 9.1.0!

Here are the highlights of this release:
 - Full Java 25 support
 - Native task graph visualization
 - Enhanced console output

For more details see https://docs.gradle.org/9.1.0/release-notes.html

Starting a Gradle Daemon (subsequent builds will be faster)

> Configure project :
Starting build with version 3.9.0-SNAPSHOT (commit id be012274) using Gradle 8.8, Java 17 and Scala 2.13.14
Build properties: maxParallelForks=64, maxScalacThreads=8, maxTestRetries=0

[Incubating] Problems report is available at: file:///app/build/reports/problems/problems-report.html

FAILURE: Build failed with an exception.

* Where:
Build file '/app/build.gradle' line: 2208

* What went wrong:
A problem occurred evaluating root project 'kafka'.
> Could not set unknown property 'archivesBaseName' for project ':s3stream' of type org.gradle.api.Project.

* Try:
> Run with --stacktrace option to get the stack trace.
> Run with --info or --debug option to get more log output.
> Get more help at https://help.gradle.org.

Deprecated Gradle features were used in this build, making it incompatible with Gradle 10.

You can use '--warning-mode all' to show the individual deprecation warnings and determine if they come from your own scripts or plugins.

For more on this, please refer to https://docs.gradle.org/9.1.0/userguide/command_line_interface.html#sec:command_line_warnings in the Gradle documentation.

BUILD FAILED in 1m 52s
You must install docker to run this script.
ducker-ak test failed
jq: error: Could not open file /app/results//report.json: No such file or directory
jq: error: Could not open file /app/results//report.json: No such file or directory
jq: error: Could not open file /app/results//report.json: No such file or directory
success-num=
failure-num=
run-time-secs=
You must install docker to run this script.
