
> @3.5.21 test-unit /app
> vitest --project unit* -- --testTimeout=30000


 RUN  v3.2.4 /app

 âœ“ |unit| packages/reactivity/__tests__/collections/Set.spec.ts (32 tests) 35ms
 âœ“ |unit| packages/reactivity/__tests__/readonly.spec.ts (37 tests) 66ms
 âœ“ |unit| packages/reactivity/__tests__/collections/Map.spec.ts (31 tests) 48ms
 âœ“ |unit| packages/reactivity/__tests__/reactive.spec.ts (35 tests) 40ms
 âœ“ |unit| packages/reactivity/__tests__/reactiveArray.spec.ts (39 tests) 73ms
 âœ“ |unit| packages/compiler-core/__tests__/parse.spec.ts (151 tests) 207ms
 âœ“ |unit| packages/compiler-core/__tests__/transform.spec.ts (21 tests) 49ms
 âœ“ |unit| packages/compiler-core/__tests__/transforms/vBind.spec.ts (18 tests) 86ms
 âœ“ |unit| packages/compiler-core/__tests__/transforms/transformSlotOutlet.spec.ts (14 tests) 65ms
 âœ“ |unit| packages/compiler-core/__tests__/transforms/transformText.spec.ts (8 tests) 67ms
 âœ“ |unit| packages/compiler-core/__tests__/compile.spec.ts (3 tests) 119ms
 âœ“ |unit| packages/compiler-core/__tests__/codegen.spec.ts (34 tests) 112ms
 âœ“ |unit| packages/compiler-core/__tests__/transforms/vModel.spec.ts (20 tests) 170ms
 âœ“ |unit| packages/compiler-core/__tests__/transforms/vIf.spec.ts (30 tests) 151ms
 âœ“ |unit| packages/compiler-core/__tests__/transforms/vOn.spec.ts (33 tests) 181ms
 âœ“ |unit| packages/compiler-dom/__tests__/transforms/vOn.spec.ts (12 tests) 103ms
 âœ“ |unit| packages/compiler-core/__tests__/transforms/transformExpressions.spec.ts (44 tests) 331ms
 âœ“ |unit| packages/compiler-core/__tests__/transforms/vSlot.spec.ts (28 tests) 350ms
 âœ“ |unit| packages/compiler-core/__tests__/transforms/cacheStatic.spec.ts (34 tests) 340ms
 âœ“ |unit| packages/compiler-dom/__tests__/parse.spec.ts (33 tests) 178ms
 âœ“ |unit| packages/compiler-core/__tests__/transforms/vFor.spec.ts (53 tests) 399ms
 âœ“ |unit| packages/compiler-core/__tests__/transforms/transformElement.spec.ts (124 tests) 903ms
 âœ“ |unit| packages/reactivity/__tests__/shallowReadonly.spec.ts (16 tests) 76ms
 âœ“ |unit| packages/runtime-core/__tests__/scheduler.spec.ts (37 tests) 70ms
 âœ“ |unit| packages/compiler-dom/__tests__/transforms/stringifyStatic.spec.ts (24 tests) 425ms
 âœ“ |unit| packages/reactivity/__tests__/effectScope.spec.ts (18 tests) 42ms
 âœ“ |unit| packages/runtime-core/__tests__/rendererFragment.spec.ts (13 tests) 286ms
 âœ“ |unit| packages/runtime-core/__tests__/directives.spec.ts (7 tests) 315ms
 âœ“ |unit| packages/runtime-core/__tests__/apiInject.spec.ts (15 tests) 366ms
 âœ“ |unit| packages/runtime-core/__tests__/helpers/useTemplateRef.spec.ts (13 tests) 380ms
 âœ“ |unit| packages/runtime-core/__tests__/apiSetupHelpers.spec.ts (17 tests) 419ms
 âœ“ |unit| packages/runtime-core/__tests__/scopeId.spec.ts (12 tests) 400ms
 âœ“ |unit| packages/runtime-core/__tests__/vnode.spec.ts (48 tests) 461ms
 âœ“ |unit| packages/runtime-core/__tests__/componentPublicInstance.spec.ts (14 tests) 450ms
 âœ“ |unit| packages/runtime-core/__tests__/helpers/useModel.spec.ts (14 tests) 585ms
 âœ“ |unit| packages/runtime-core/__tests__/apiCreateApp.spec.ts (21 tests) 522ms
 âœ“ |unit| packages/runtime-core/__tests__/componentSlots.spec.ts (17 tests) 558ms
 âœ“ |unit| packages/reactivity/__tests__/watch.spec.ts (10 tests) 136ms
 âœ“ |unit| packages/reactivity/__tests__/shallowReactive.spec.ts (18 tests) 95ms
 âœ“ |unit| packages/runtime-core/__tests__/errorHandling.spec.ts (21 tests) 583ms
 âœ“ |unit| packages/runtime-core/__tests__/rendererComponent.spec.ts (15 tests) 574ms
 âœ“ |unit| packages/runtime-core/__tests__/apiLifecycle.spec.ts (14 tests) 585ms
 âœ“ |unit| packages/shared/__tests__/normalizeProp.spec.ts (22 tests) 187ms
 âœ“ |unit| packages/reactivity/__tests__/effect.spec.ts (70 tests) 691ms
 âœ“ |unit| packages/runtime-core/__tests__/rendererTemplateRef.spec.ts (24 tests) 667ms
 âœ“ |unit| packages/runtime-core/__tests__/rendererChildren.spec.ts (38 tests) 699ms
   âœ“ renderer: keyed children > random shuffle  312ms
 âœ“ |unit| packages/runtime-core/__tests__/componentEmits.spec.ts (27 tests) 663ms
 âœ“ |unit| packages/reactivity/__tests__/collections/shallowReadonly.spec.ts (10 tests) 36ms
 âœ“ |unit| packages/runtime-core/__tests__/rendererOptimizedMode.spec.ts (33 tests) 1051ms
 âœ“ |unit| packages/runtime-core/__tests__/apiAsyncComponent.spec.ts (22 tests) 1018ms
   âœ“ api: defineAsyncComponent > with KeepAlive  309ms
 â¯ |unit| packages/reactivity/__tests__/computed.spec.ts (49 tests | 1 failed) 1492ms
   âœ“ reactivity/computed > should return updated value 18ms
   âœ“ reactivity/computed > pass oldValue to computed getter 8ms
   âœ“ reactivity/computed > should compute lazily 11ms
   âœ“ reactivity/computed > should trigger effect 13ms
   âœ“ reactivity/computed > should work when chained 2ms
   âœ“ reactivity/computed > should trigger effect when chained 5ms
   âœ“ reactivity/computed > should trigger effect when chained (mixed invocations) 2ms
   âœ“ reactivity/computed > should support setter 9ms
   âœ“ reactivity/computed > should trigger effect w/ setter 5ms
   âœ“ reactivity/computed > should invalidate before non-computed effects 23ms
   âœ“ reactivity/computed > should warn if trying to set a readonly computed 25ms
   âœ“ reactivity/computed > should be readonly 8ms
   âœ“ reactivity/computed > debug: onTrack 10ms
   âœ“ reactivity/computed > debug: onTrigger (reactive) 19ms
   âœ“ reactivity/computed > should query deps dirty sequentially 19ms
   âœ“ reactivity/computed > chained computed dirty reallocation after querying dirty 4ms
   âœ“ reactivity/computed > chained computed dirty reallocation after trigger computed getter 8ms
   âœ“ reactivity/computed > deps order should be consistent with the last time get value 26ms
   âœ“ reactivity/computed > should trigger by the second computed that maybe dirty 11ms
   âœ“ reactivity/computed > should trigger the second effect 12ms
   âœ“ reactivity/computed > should chained recursive effects clear dirty after trigger 21ms
   âœ“ reactivity/computed > should chained computeds dirtyLevel update with first computed effect 23ms
   âœ“ reactivity/computed > should work when chained(ref+computed) 11ms
   âœ“ reactivity/computed > should trigger effect even computed already dirty 4ms
   âœ“ reactivity/computed > should not override queried MaybeDirty result 11ms
   âœ“ reactivity/computed > should be not dirty after deps mutate (mutate deps in computed) 63ms
   âœ“ reactivity/computed > should not trigger effect scheduler by recursive computed effect 16ms
   âœ“ reactivity/computed > should not trigger if value did not change 12ms
   âœ“ reactivity/computed > chained computed trigger 25ms
   âœ“ reactivity/computed > chained computed avoid re-compute 14ms
   âœ“ reactivity/computed > chained computed value invalidation 24ms
   âœ“ reactivity/computed > sync access of invalidated chained computed should not prevent final effect from running 10ms
   âœ“ reactivity/computed > computed should force track in untracked zone 25ms
   âœ“ reactivity/computed > computed side effect should be able trigger 9ms
   âœ“ reactivity/computed > chained computed should work when accessed before having subs 4ms
   âœ“ reactivity/computed > chained computed should still refresh after owner component unmount 24ms
   âœ“ reactivity/computed > computed deps should only be refreshed when the subscribing effect is run, not when scheduled 21ms
   âœ“ reactivity/computed > should chained computeds keep reactivity when computed effect happens 2ms
   âœ“ reactivity/computed > should keep dirty level when side effect computed value changed 4ms
   âœ“ reactivity/computed > should be recomputed without being affected by side effects 5ms
   âœ“ reactivity/computed > debug: onTrigger (ref) 2ms
   âœ“ reactivity/computed > should prevent endless recursion in self-referencing computed getters 5ms
   âœ“ reactivity/computed > manual trigger computed 2ms
   âœ“ reactivity/computed > should not recompute if computed does not track reactive data 1ms
   âœ“ reactivity/computed > computed should remain live after losing all subscribers 2ms
   âœ“ reactivity/computed > computed dep cleanup should not cause property dep to be deleted 2ms
   âœ“ reactivity/computed > computed value updates correctly after dep cleanup 1ms
   Ã— reactivity/computed > should not lead to exponential perf cost with deeply chained computed 835ms
     â†’ expected 132.58252100000027 to be less than 30
   âœ“ reactivity/computed > performance when removing dependencies from deeply nested computeds 44ms
 âœ“ |unit| packages/runtime-core/__tests__/components/BaseTransition.spec.ts (35 tests) 1635ms
 âœ“ |unit| packages/runtime-core/__tests__/components/KeepAlive.spec.ts (31 tests) 2132ms
   âœ“ KeepAlive > props > include (array)  301ms
   âœ“ KeepAlive > should call correct vnode hooks  451ms
 âœ“ |unit| packages/compiler-ssr/__tests__/ssrVModel.spec.ts (7 tests) 2116ms
   âœ“ ssr: v-model > <input> (text types)  311ms
   âœ“ ssr: v-model > <select v-model>  1138ms
   âœ“ ssr: v-model > <input :type="x">  311ms
 âœ“ |unit| packages/compiler-ssr/__tests__/ssrComponent.spec.ts (16 tests) 2252ms
   âœ“ ssr: components > basic  380ms
   âœ“ ssr: components > slots > nested transform scoping in vnode branch  454ms
 âœ“ |unit| packages/compiler-ssr/__tests__/ssrElement.spec.ts (32 tests) 3060ms
   âœ“ ssr: element > basic elements  398ms
   âœ“ ssr: element > attrs > ignore v-bind key/ref  501ms
 âœ“ |unit| packages/server-renderer/__tests__/ssrRenderAttrs.spec.ts (22 tests) 135ms
DEPRECATION WARNING [import]: Sass @import rules are deprecated and will be removed in Dart Sass 3.0.0.

More info and automated migrator: https://sass-lang.com/d/import

  â•·
2 â”‚         @import "./import.scss";
  â”‚                 ^^^^^^^^^^^^^^^
  â•µ
    packages/compiler-sfc/__tests__/fixture/test.scss 2:17  root stylesheet

 âœ“ |unit| packages/runtime-core/__tests__/hmr.spec.ts (24 tests) 1240ms
   âœ“ hot module replacement > rerender  517ms
 âœ“ |unit| packages/reactivity/__tests__/ref.spec.ts (31 tests) 394ms
 âœ“ |unit| packages/compiler-dom/__tests__/transforms/validateHtmlNesting.spec.ts (17 tests) 178ms
 â¯ |unit| packages/compiler-sfc/__tests__/compileStyle.spec.ts (26 tests | 1 failed) 6857ms
   âœ“ SFC scoped CSS > simple selectors 40ms
   âœ“ SFC scoped CSS > descendent selector 32ms
   âœ“ SFC scoped CSS > nesting selector 3ms
   âœ“ SFC scoped CSS > nesting selector with atrule and comment 4ms
   âœ“ SFC scoped CSS > multiple selectors 2ms
   âœ“ SFC scoped CSS > pseudo class 1ms
   âœ“ SFC scoped CSS > pseudo element 1ms
   âœ“ SFC scoped CSS > spaces before pseudo element 4ms
   âœ“ SFC scoped CSS > ::v-deep 37ms
   âœ“ SFC scoped CSS > ::v-slotted 21ms
   âœ“ SFC scoped CSS > ::v-global 6ms
   âœ“ SFC scoped CSS > :is() and :where() with multiple selectors 4ms
   âœ“ SFC scoped CSS > :is() and :where() in compound selectors 6ms
   âœ“ SFC scoped CSS > media query 2ms
   âœ“ SFC scoped CSS > supports query 3ms
   âœ“ SFC scoped CSS > scoped keyframes 7ms
   âœ“ SFC scoped CSS > spaces after selector 1ms
   âœ“ SFC scoped CSS > deprecated syntax > ::v-deep as combinator 4ms
   âœ“ SFC scoped CSS > deprecated syntax > >>> (deprecated syntax) 8ms
   âœ“ SFC scoped CSS > deprecated syntax > /deep/ (deprecated syntax) 2ms
   âœ“ SFC CSS modules > should include resulting classes object in result 14ms
   âœ“ SFC CSS modules > postcss-modules options 12ms
   Ã— SFC style preprocessors > scss @import 6619ms
     â†’ Test timed out in 5000ms.
If this is a long-running test, pass a timeout value as the last argument or configure it globally with "testTimeout".
   âœ“ SFC style preprocessors > scss respect user-defined string options.additionalData 11ms
   âœ“ SFC style preprocessors > scss respect user-defined function options.additionalData 4ms
   âœ“ SFC style preprocessors > should mount scope on correct selector when have universal selector 5ms
 âœ“ |unit| packages/shared/__tests__/codeframe.spec.ts (7 tests) 30ms
 âœ“ |unit| packages/compiler-sfc/__tests__/templateTransformAssetUrl.spec.ts (13 tests) 85ms
 âœ“ |unit| packages/compiler-dom/__tests__/transforms/vModel.spec.ts (17 tests) 144ms
 âœ“ |unit| packages/runtime-core/__tests__/helpers/resolveAssets.spec.ts (7 tests) 161ms
 âœ“ |unit| packages/reactivity/__tests__/collections/WeakSet.spec.ts (9 tests) 190ms
 âœ“ |unit| packages/runtime-core/__tests__/apiSetupContext.spec.ts (7 tests) 290ms
 âœ“ |unit| packages/compiler-ssr/__tests__/ssrSlotOutlet.spec.ts (11 tests) 521ms
 âœ“ |unit| packages/reactivity/__tests__/collections/WeakMap.spec.ts (11 tests) 55ms
 âœ“ |unit| packages/runtime-core/__tests__/apiExpose.spec.ts (11 tests) 124ms
 âœ“ |unit| packages/server-renderer/__tests__/ssrVModelHelpers.spec.ts (2 tests) 59ms
 âœ“ |unit| packages/runtime-core/__tests__/helpers/createSlots.spec.ts (6 tests) 114ms
 âœ“ |unit| packages/compiler-core/__tests__/transforms/vOnce.spec.ts (8 tests) 135ms
 âœ“ |unit| packages/compiler-ssr/__tests__/ssrScopeId.spec.ts (5 tests) 373ms
 âœ“ |unit| packages/compiler-ssr/__tests__/ssrVIf.spec.ts (10 tests) 471ms
 âœ“ |unit| packages/compiler-sfc/__tests__/templateUtils.spec.ts (9 tests) 49ms
 â†“ |unit| packages/reactivity/__tests__/gc.spec.ts (4 tests | 4 skipped)
 âœ“ |unit| packages/compiler-sfc/__tests__/templateTransformSrcset.spec.ts (6 tests) 93ms
 âœ“ |unit| packages/compiler-dom/__tests__/transforms/vText.spec.ts (3 tests) 81ms
 âœ“ |unit| packages/shared/__tests__/cssVars.spec.ts (2 tests) 18ms
 âœ“ |unit| packages/compiler-dom/__tests__/transforms/transformStyle.spec.ts (2 tests) 30ms
 âœ“ |unit| packages/shared/__tests__/escapeHtml.spec.ts (4 tests) 19ms
 âœ“ |unit| packages/compiler-dom/__tests__/transforms/Transition.spec.ts (12 tests) 68ms
 âœ“ |unit| packages/runtime-core/__tests__/helpers/renderSlot.spec.ts (7 tests) 41ms
 âœ“ |unit| packages/compiler-dom/__tests__/transforms/vHtml.spec.ts (3 tests) 113ms
 âœ“ |unit| packages/runtime-core/__tests__/vnodeHooks.spec.ts (2 tests) 94ms
 âœ“ |unit| packages/runtime-core/__tests__/h.spec.ts (6 tests) 99ms
 âœ“ |unit| packages/runtime-core/__tests__/helpers/renderList.spec.ts (10 tests) 73ms
 âœ“ |unit| packages/runtime-test/__tests__/testRuntime.spec.ts (5 tests) 183ms
 âœ“ |unit| packages/compiler-ssr/__tests__/ssrVShow.spec.ts (6 tests) 435ms
 âœ“ |unit| packages/server-renderer/__tests__/ssrInterpolate.spec.ts (1 test) 42ms
 âœ“ |unit| packages/compiler-ssr/__tests__/ssrTransitionGroup.spec.ts (7 tests) 354ms
 âœ“ |unit| packages/compiler-ssr/__tests__/ssrVFor.spec.ts (7 tests) 534ms
   âœ“ ssr: v-for > basic  317ms
 âœ“ |unit| packages/compiler-ssr/__tests__/ssrInjectCssVars.spec.ts (6 tests) 458ms
 âœ“ |unit| packages/compiler-ssr/__tests__/ssrText.spec.ts (8 tests) 449ms
 âœ“ |unit| packages/server-renderer/__tests__/ssrRenderList.spec.ts (7 tests) 157ms
 âœ“ |unit| packages/compiler-sfc/__tests__/parse.spec.ts (28 tests) 1355ms
   âœ“ compiler:sfc > slotted detection  363ms
 âœ“ |unit| packages/compiler-sfc/__tests__/rewriteDefault.spec.ts (16 tests) 1288ms
   âœ“ compiler sfc: rewriteDefault > without export default  390ms
 âœ“ |unit| packages/compiler-sfc/__tests__/compileScript/importUsageCheck.spec.ts (16 tests) 1373ms
   âœ“ components  386ms
 âœ“ |unit| packages/compiler-sfc/__tests__/compileScript/defineEmits.spec.ts (19 tests) 1438ms
   âœ“ defineEmits > basic usage  558ms
 âœ“ |unit| packages/compiler-sfc/__tests__/compileScript/hoistStatic.spec.ts (10 tests) 1003ms
   âœ“ sfc hoist static > should hoist literal value  317ms
 âœ“ |unit| packages/compiler-sfc/__tests__/compileScript/defineModel.spec.ts (10 tests) 1626ms
   âœ“ defineModel() > basic usage  831ms
 âœ“ |unit| packages/compiler-sfc/__tests__/compileScript/definePropsDestructure.spec.ts (28 tests) 3113ms
   âœ“ sfc reactive props destructure > basic usage  842ms
   âœ“ sfc reactive props destructure > errors > should error if assignment to destructured prop binding  570ms
 âœ“ |unit| packages/compiler-sfc/__tests__/cssVars.spec.ts (17 tests) 2655ms
   âœ“ CSS vars injection > generating correct code for nested paths  831ms
   âœ“ CSS vars injection > should rewrite CSS vars in compileStyle  313ms
 âœ“ |unit| packages/compiler-ssr/__tests__/ssrFallthroughAttrs.spec.ts (5 tests) 1039ms
   âœ“ ssr: attrs fallthrough > basic  768ms
 âœ“ |unit| packages/compiler-core/__tests__/scopeId.spec.ts (4 tests) 676ms
   âœ“ scopeId compiler support > should wrap named slots  416ms
 âœ“ |unit| packages/compiler-sfc/__tests__/compileScript/defineProps.spec.ts (29 tests) 3698ms
   âœ“ defineProps > basic usage  831ms
   âœ“ defineProps > withDefaults w/ dynamic object method  363ms
 âœ“ |unit| packages/compiler-core/__tests__/transforms/vMemo.spec.ts (7 tests) 725ms
 âœ“ |unit| packages/compiler-sfc/__tests__/compileTemplate.spec.ts (21 tests) 5965ms
   âœ“ preprocess pug  3918ms
 âœ“ |unit| packages/compiler-core/__tests__/transforms/noopDirectiveTransform.spec.ts (1 test) 33ms
 âœ“ |unit| packages/compiler-sfc/__tests__/compileScript.spec.ts (85 tests) 7213ms
   âœ“ SFC compile <script setup> > should compile JS syntax  749ms
   âœ“ SFC compile <script setup> > imports > should allow defineProps/Emit at the start of imports  444ms
   âœ“ SFC compile <script setup> > inlineTemplate mode > should work  377ms
   âœ“ SFC compile <script setup> > inlineTemplate mode > template assignment expression codegen  387ms
 âœ“ |unit| packages/compiler-dom/__tests__/transforms/vShow.spec.ts (2 tests) 163ms
 âœ“ |unit| packages/compiler-dom/__tests__/transforms/ignoreSideEffectTags.spec.ts (2 tests) 177ms
 âœ“ |unit| packages/server-renderer/__tests__/ssrScopeId.spec.ts (5 tests) 780ms
   âœ“ ssr: scopedId runtime behavior > id on component root  405ms
 âœ“ |unit| packages/server-renderer/__tests__/ssrSlot.spec.ts (12 tests) 2008ms
   âœ“ ssr: slot > text slot  541ms
   âœ“ ssr: slot > transition-group slot  541ms
 âœ“ |unit| packages/runtime-core/__tests__/apiWatch.spec.ts (84 tests) 3433ms
   âœ“ api: watch > effect  307ms
   âœ“ api: watch > flush: pre triggered in component setup should be buffered and called before mounted  332ms
 âœ“ |unit| packages/server-renderer/__tests__/ssrDirectives.spec.ts (22 tests) 2487ms
   âœ“ ssr: directives > template v-show > basic  719ms
   âœ“ ssr: directives > template v-model > radio  566ms
 âœ“ |unit| packages/runtime-core/__tests__/rendererElement.spec.ts (6 tests) 396ms
 âœ“ |unit| packages/server-renderer/__tests__/render.spec.ts (165 tests) 4760ms
   âœ“ ssr: renderToString > should apply app context  579ms
   âœ“ ssr: renderToString > components > template components with dynamic class attribute after static  338ms
 âœ“ |unit| packages/server-renderer/__tests__/ssrWatch.spec.ts (7 tests) 450ms
   âœ“ ssr: watch > should work w/ flush:sync  333ms
 âœ“ |unit| packages/compiler-ssr/__tests__/ssrSuspense.spec.ts (2 tests) 258ms
 âœ“ |unit| packages/compiler-ssr/__tests__/ssrPortal.spec.ts (2 tests) 62ms
 âœ“ |unit| packages/server-renderer/__tests__/ssrTeleport.spec.ts (7 tests) 68ms
 âœ“ |unit| packages/compiler-dom/__tests__/index.spec.ts (1 test) 26ms
 âœ“ |unit| packages/compiler-sfc/__tests__/compileScript/resolveType.spec.ts (85 tests | 1 skipped) 294ms
 âœ“ |unit| packages/compiler-ssr/__tests__/ssrTransition.spec.ts (2 tests) 40ms
 âœ“ |unit| packages/runtime-core/__tests__/helpers/toHandlers.spec.ts (2 tests) 9ms
 âœ“ |unit| packages/runtime-core/__tests__/misc.spec.ts (1 test) 35ms
 âœ“ |unit| packages/compiler-sfc/__tests__/compileScript/defineOptions.spec.ts (7 tests) 154ms
 âœ“ |unit| packages/compiler-core/__tests__/utils.spec.ts (7 tests) 149ms
 âœ“ |unit| packages/compiler-dom/__tests__/decoderHtmlBrowser.spec.ts (1 test) 108ms
 âœ“ |unit| packages/server-renderer/__tests__/ssrComputed.spec.ts (2 tests) 38ms
 âœ“ |unit| packages/server-renderer/__tests__/ssrSuspense.spec.ts (6 tests) 151ms
 âœ“ |unit| packages/server-renderer/__tests__/ssrCompilerOptions.spec.ts (9 tests) 217ms
 âœ“ |unit| packages/server-renderer/__tests__/ssrAttrFallthrough.spec.ts (5 tests) 172ms
 âœ“ |unit| packages/server-renderer/__tests__/ssrDynamicComponent.spec.ts (5 tests) 170ms
 âœ“ |unit| packages/server-renderer/__tests__/webStream.spec.ts (2 tests) 64ms
 âœ“ |unit| packages/compiler-sfc/__tests__/compileScript/defineExpose.spec.ts (2 tests) 164ms
 âœ“ |unit| packages/compiler-sfc/__tests__/compileScript/defineSlots.spec.ts (3 tests) 58ms
 âœ“ |unit| packages/shared/__tests__/looseEqual.spec.ts (12 tests) 65ms
 âœ“ |unit| packages/shared/__tests__/toDisplayString.spec.ts (12 tests) 121ms
 âœ“ |unit-jsdom| packages/runtime-dom/__tests__/helpers/useCssModule.spec.ts (5 tests) 27ms
 âœ“ |unit-jsdom| packages/runtime-dom/__tests__/patchClass.spec.ts (3 tests) 20ms
 âœ“ |unit-jsdom| packages/runtime-dom/__tests__/patchAttrs.spec.ts (8 tests) 30ms
 âœ“ |unit-jsdom| packages/runtime-dom/__tests__/patchEvents.spec.ts (12 tests) 84ms
 âœ“ |unit-jsdom| packages/runtime-dom/__tests__/customizedBuiltIn.spec.ts (1 test) 28ms
 âœ“ |unit-jsdom| packages/runtime-dom/__tests__/patchStyle.spec.ts (17 tests) 142ms
 âœ“ |unit-jsdom| packages/runtime-dom/__tests__/directives/vCloak.spec.ts (1 test) 55ms
 âœ“ |unit-jsdom| packages/runtime-dom/__tests__/createApp.spec.ts (2 tests) 78ms
 âœ“ |unit-jsdom| packages/runtime-dom/__tests__/directives/vOn.spec.ts (8 tests) 79ms
 âœ“ |unit-jsdom| packages/runtime-dom/__tests__/rendererStaticNode.spec.ts (5 tests) 97ms
 âœ“ |unit-jsdom| packages/runtime-dom/__tests__/patchProps.spec.ts (26 tests) 273ms
 âœ“ |unit-jsdom| packages/runtime-dom/__tests__/directives/vModel.spec.ts (26 tests) 601ms
 âœ“ |unit-jsdom| packages/runtime-dom/__tests__/directives/vShow.spec.ts (9 tests) 565ms
   âœ“ runtime-dom: v-show directive > should respect the display value when v-show value is true  412ms
 âœ“ |unit-jsdom| packages/runtime-dom/__tests__/helpers/useCssVars.spec.ts (17 tests) 770ms
 âœ“ |unit-jsdom| packages/runtime-dom/__tests__/customElement.spec.ts (61 tests) 1546ms
 âœ“ |unit-jsdom| packages/vue-compat/__tests__/renderFn.spec.ts (11 tests) 62ms
 âœ“ |unit-jsdom| packages/vue/__tests__/runtimeCompilerOptions.spec.ts (8 tests) 89ms
 âœ“ |unit-jsdom| packages/vue-compat/__tests__/componentAsync.spec.ts (3 tests) 88ms
 âœ“ |unit-jsdom| packages/vue-compat/__tests__/options.spec.ts (5 tests) 90ms
 âœ“ |unit-jsdom| packages/vue/__tests__/customElementCasing.spec.ts (1 test) 115ms
 âœ“ |unit-jsdom| packages/vue/__tests__/svgNamespace.spec.ts (2 tests) 132ms
 âœ“ |unit-jsdom| packages/vue-compat/__tests__/globalConfig.spec.ts (4 tests) 117ms
 âœ“ |unit-jsdom| packages/vue-compat/__tests__/filters.spec.ts (17 tests) 199ms
 âœ“ |unit-jsdom| packages/vue/__tests__/mathmlNamespace.spec.ts (2 tests) 307ms
 âœ“ |unit-jsdom| packages/vue-compat/__tests__/componentFunctional.spec.ts (2 tests) 309ms
 âœ“ |unit-jsdom| packages/vue-compat/__tests__/componentVModel.spec.ts (4 tests) 314ms
 âœ“ |unit-jsdom| packages/vue/__tests__/index.spec.ts (17 tests) 363ms
 âœ“ |unit-jsdom| packages/vue-compat/__tests__/misc.spec.ts (9 tests) 358ms
 âœ“ |unit-jsdom| packages/runtime-dom/__tests__/nodeOps.spec.ts (8 tests) 256ms
 âœ“ |unit-jsdom| packages/vue-compat/__tests__/compiler.spec.ts (9 tests) 420ms
 âœ“ |unit| packages/runtime-core/__tests__/rendererAttrsFallthrough.spec.ts (22 tests) 444ms
 âœ“ |unit| packages/runtime-core/__tests__/helpers/withMemo.spec.ts (7 tests) 388ms
 âœ“ |unit-jsdom| packages/vue-compat/__tests__/instance.spec.ts (21 tests) 618ms
 âœ“ |unit-jsdom| packages/vue-compat/__tests__/global.spec.ts (30 tests) 682ms
 âœ“ |unit| packages/runtime-core/__tests__/apiOptions.spec.ts (48 tests) 772ms
 âœ“ |unit| packages/runtime-core/__tests__/componentProps.spec.ts (28 tests) 836ms
 âœ“ |unit| packages/runtime-core/__tests__/components/Teleport.spec.ts (45 tests) 783ms
 âœ“ |unit| packages/runtime-core/__tests__/helpers/useId.spec.ts (8 tests) 845ms
 â¯ |unit| packages/runtime-core/__tests__/components/Suspense.spec.ts (41 tests | 1 failed) 1979ms
   âœ“ Suspense > fallback content 50ms
   âœ“ Suspense > emits events 19ms
   âœ“ Suspense > nested async deps 56ms
   âœ“ Suspense > onResolve 36ms
   âœ“ Suspense > buffer mounted/updated hooks & post flush watch callbacks 15ms
   âœ“ Suspense > mounted/updated hooks & fallback component 21ms
   âœ“ Suspense > content update before suspense resolve 13ms
   âœ“ Suspense > unmount before suspense resolve 15ms
   âœ“ Suspense > unmount suspense after resolve 28ms
   âœ“ Suspense > unmount suspense before resolve 3ms
   âœ“ Suspense > update prop of async element before suspense resolve 24ms
   âœ“ Suspense > nested suspense (parent resolves first) 43ms
   âœ“ Suspense > nested suspense (child resolves first) 33ms
   âœ“ Suspense > error handling 11ms
   âœ“ Suspense > error handling w/ template optimization 91ms
   Ã— Suspense > combined usage (nested async + nested suspense + multiple deps) 214ms
     â†’ expected '<div><div>nested msg</div><div>root aâ€¦' to be '<div><div>nested fallback</div><div>râ€¦' // Object.is equality
   âœ“ Suspense > switching branches 105ms
   âœ“ Suspense > switching branches w/ nested suspense 48ms
   âœ“ Suspense > nested suspense (w/ suspensible) switch several times before parent suspense resolve 113ms
   âœ“ Suspense > branch switch to 3rd branch before resolve 29ms
   âœ“ Suspense > branch switch back before resolve 15ms
   âœ“ Suspense > branch switch timeout + fallback 26ms
   âœ“ Suspense > mount the fallback content is in the correct position 29ms
   âœ“ Suspense > should not miss nested element updates when used in templates 72ms
   âœ“ Suspense > toggling nested async setup component inside already resolved suspense 2ms
   âœ“ Suspense > warn if using async setup when not in a Suspense boundary 28ms
   âœ“ Suspense > nested suspense with suspensible 106ms
   âœ“ Suspense > nested suspense with suspensible & no async deps 8ms
   âœ“ Suspense > nested suspense (child suspense update before parent suspense resolve) 106ms
   âœ“ Suspense > KeepAlive with Suspense 11ms
   âœ“ Suspense > KeepAlive + Suspense switch before branch resolves 51ms
   âœ“ Suspense > KeepAlive + Suspense + comment slot 115ms
   âœ“ Suspense > Suspense patched during HOC async component re-mount 56ms
   âœ“ Suspense > add new async deps during patching 167ms
   âœ“ Suspense > warnings > does not warn on single child 2ms
   âœ“ Suspense > warnings > does not warn on null 1ms
   âœ“ Suspense > warnings > does not warn on <component :is="null" /> 111ms
   âœ“ Suspense > warnings > does not warn on empty array 2ms
   âœ“ Suspense > warnings > warns on multiple children in default 1ms
   âœ“ Suspense > warnings > warns on multiple children in fallback 1ms
   âœ“ Suspense > warnings > renders multiple async components in Suspense with v-for and updates on items change 93ms
 âœ“ |unit| packages/runtime-core/__tests__/hydration.spec.ts (101 tests) 2355ms
   âœ“ SSR hydration > Teleport (multiple + integration)  718ms

â¯â¯â¯â¯â¯â¯â¯ Failed Tests 3 â¯â¯â¯â¯â¯â¯â¯

 FAIL  |unit| packages/compiler-sfc/__tests__/compileStyle.spec.ts > SFC style preprocessors > scss @import
Error: Test timed out in 5000ms.
If this is a long-running test, pass a timeout value as the last argument or configure it globally with "testTimeout".
 â¯ packages/compiler-sfc/__tests__/compileStyle.spec.ts:435:3
    433|
    434| describe('SFC style preprocessors', () => {
    435|   test('scss @import', () => {
       |   ^
    436|     const res = compileStyle({
    437|       source: `

â¯â¯â¯â¯â¯â¯â¯â¯â¯â¯â¯â¯â¯â¯â¯â¯â¯â¯â¯â¯â¯â¯â¯â¯[1/3]â¯

 FAIL  |unit| packages/reactivity/__tests__/computed.spec.ts > reactivity/computed > should not lead to exponential perf cost with deeply chained computed
AssertionError: expected 132.58252100000027 to be less than 30
 â¯ packages/reactivity/__tests__/computed.spec.ts:1111:35
    1109|     start.prop3.value = 2
    1110|     start.prop4.value = 1
    1111|     expect(performance.now() - t).toBeLessThan(process.env.CI ? 100 : â€¦
       |                                   ^
    1112|
    1113|     const end = layer

â¯â¯â¯â¯â¯â¯â¯â¯â¯â¯â¯â¯â¯â¯â¯â¯â¯â¯â¯â¯â¯â¯â¯â¯[2/3]â¯

 FAIL  |unit| packages/runtime-core/__tests__/components/Suspense.spec.ts > Suspense > combined usage (nested async + nested suspense + multiple deps)
AssertionError: expected '<div><div>nested msg</div><div>root aâ€¦' to be '<div><div>nested fallback</div><div>râ€¦' // Object.is equality

Expected: [32m"<div><div>nested [7mfallback[27m</div><div>root async</div></div>"[39m
Received: [31m"<div><div>nested [7mmsg[27m</div><div>root async</div></div>"[39m

 â¯ packages/runtime-core/__tests__/components/Suspense.spec.ts:918:34
    916|     await deps[3]
    917|     await nextTick()
    918|     expect(serializeInner(root)).toBe(
       |                                  ^
    919|       `<div><div>nested fallback</div><div>root async</div></div>`,
    920|     )

â¯â¯â¯â¯â¯â¯â¯â¯â¯â¯â¯â¯â¯â¯â¯â¯â¯â¯â¯â¯â¯â¯â¯â¯[3/3]â¯


 Test Files  3 failed | 177 passed | 1 skipped (181)
      Tests  3 failed | 3397 passed | 5 skipped (3405)
   Start at  12:15:46
   Duration  54.73s (transform 203.47s, setup 67.24s, collect 1721.67s, tests 111.64s, environment 321.88s, prepare 279.13s)

â€‰ELIFECYCLEâ€‰ Command failed with exit code 1.
