[prettier]
[prettier] > test:format:prettier
[prettier] > prettier --check .
[prettier]
[eslint]
[eslint] > test:format:eslint
[eslint] > eslint . --quiet --report-unused-disable-directives
[eslint]
[prettier] Checking formatting...
[prettier] All matched files use Prettier code style!
[prettier] npm run test:format:prettier exited with code 0
[eslint] npm run test:format:eslint exited with code 0
(node:105) ExperimentalWarning: `--experimental-loader` may be removed in the future; instead use `register()`:
--import 'data:text/javascript,import { register } from "node:module"; import { pathToFileURL } from "node:url"; register("ts-node/esm", pathToFileURL("./"));'
(Use `node --trace-warnings ...` to show where the warning was created)


  module "@sequelize/core"
    âœ” exposes the same named exports as the CJS module (287ms)

  module "@sequelize/core/decorators-legacy"
    âœ” exposes the same named exports as the CJS module

  module "@sequelize/db2"
    1) exposes the same named exports as the CJS module

  module "@sequelize/db2-ibmi"
    2) exposes the same named exports as the CJS module

  module "@sequelize/mariadb"
    âœ” exposes the same named exports as the CJS module (61ms)

  module "@sequelize/mssql"
    âœ” exposes the same named exports as the CJS module (194ms)

  module "@sequelize/mysql"
    âœ” exposes the same named exports as the CJS module (56ms)

  module "@sequelize/postgres"
    âœ” exposes the same named exports as the CJS module (61ms)

  module "@sequelize/snowflake"
    âœ” exposes the same named exports as the CJS module (241ms)

  module "@sequelize/sqlite3"
    âœ” exposes the same named exports as the CJS module

  module "@sequelize/utils"
    âœ” exposes the same named exports as the CJS module

  module "@sequelize/utils/node"
    âœ” exposes the same named exports as the CJS module

  module "@sequelize/validator.js"
    âœ” exposes the same named exports as the CJS module


  11 passing (1s)
  2 failing

  1) module "@sequelize/db2"
       exposes the same named exports as the CJS module:
     Error: libxml2.so.2: cannot open shared object file: No such file or directory
      at Object.Module._extensions..node (node:internal/modules/cjs/loader:1661:18)
      at Module.load (node:internal/modules/cjs/loader:1266:32)
      at Function.Module._load (node:internal/modules/cjs/loader:1091:12)
      at Module.require (node:internal/modules/cjs/loader:1289:19)
      at require (node:internal/modules/helpers:182:18)
      at bindings (/app/node_modules/bindings/bindings.js:112:48)
      at Object.<anonymous> (/app/node_modules/ibm_db/lib/odbc.js:57:31)
      at Module._compile (node:internal/modules/cjs/loader:1521:14)
      at Module._extensions..js (node:internal/modules/cjs/loader:1623:10)
      at Object.require.extensions.<computed> [as .js] (/app/node_modules/ts-node/src/index.ts:1608:43)
      at Module.load (node:internal/modules/cjs/loader:1266:32)
      at Function.Module._load (node:internal/modules/cjs/loader:1091:12)
      at Module.require (node:internal/modules/cjs/loader:1289:19)
      at require (node:internal/modules/helpers:182:18)
      at Object.<anonymous> (/app/packages/db2/src/connection-manager.ts:10:24)
      at Module._compile (node:internal/modules/cjs/loader:1521:14)
      at Module._extensions..js (node:internal/modules/cjs/loader:1623:10)
      at Object.require.extensions.<computed> [as .js] (/app/node_modules/ts-node/src/index.ts:1608:43)
      at Module.load (node:internal/modules/cjs/loader:1266:32)
      at Function.Module._load (node:internal/modules/cjs/loader:1091:12)
      at Module.require (node:internal/modules/cjs/loader:1289:19)
      at require (node:internal/modules/helpers:182:18)
      at Object.<anonymous> (/app/packages/db2/src/index.ts:3:15)
      at Module._compile (node:internal/modules/cjs/loader:1521:14)
      at Module._extensions..js (node:internal/modules/cjs/loader:1623:10)
      at Object.require.extensions.<computed> [as .js] (/app/node_modules/ts-node/src/index.ts:1608:43)
      at Module.load (node:internal/modules/cjs/loader:1266:32)
      at Function.Module._load (node:internal/modules/cjs/loader:1091:12)
      at cjsLoader (node:internal/modules/esm/translators:298:15)
      at ModuleWrap.<anonymous> (node:internal/modules/esm/translators:240:7)
      at ModuleJob.run (node:internal/modules/esm/module_job:325:25)
      at async ModuleLoader.import (node:internal/modules/esm/loader:606:24)
      at async Context.<anonymous> (/app/test/esm-named-exports.test.js:83:28)

  2) module "@sequelize/db2-ibmi"
       exposes the same named exports as the CJS module:
     Error: libodbc.so.2: cannot open shared object file: No such file or directory
      at Object.Module._extensions..node (node:internal/modules/cjs/loader:1661:18)
      at Module.load (node:internal/modules/cjs/loader:1266:32)
      at Function.Module._load (node:internal/modules/cjs/loader:1091:12)
      at Module.require (node:internal/modules/cjs/loader:1289:19)
      at require (node:internal/modules/helpers:182:18)
      at Object.<anonymous> (/app/node_modules/odbc/lib/odbc.js:6:20)
      at Module._compile (node:internal/modules/cjs/loader:1521:14)
      at Module._extensions..js (node:internal/modules/cjs/loader:1623:10)
      at Object.require.extensions.<computed> [as .js] (/app/node_modules/ts-node/src/index.ts:1608:43)
      at Module.load (node:internal/modules/cjs/loader:1266:32)
      at Function.Module._load (node:internal/modules/cjs/loader:1091:12)
      at Module.require (node:internal/modules/cjs/loader:1289:19)
      at require (node:internal/modules/helpers:182:18)
      at Object.<anonymous> (/app/packages/ibmi/src/connection-manager.ts:5:23)
      at Module._compile (node:internal/modules/cjs/loader:1521:14)
      at Module._extensions..js (node:internal/modules/cjs/loader:1623:10)
      at Object.require.extensions.<computed> [as .js] (/app/node_modules/ts-node/src/index.ts:1608:43)
      at Module.load (node:internal/modules/cjs/loader:1266:32)
      at Function.Module._load (node:internal/modules/cjs/loader:1091:12)
      at Module.require (node:internal/modules/cjs/loader:1289:19)
      at require (node:internal/modules/helpers:182:18)
      at Object.<anonymous> (/app/packages/ibmi/src/index.ts:3:15)
      at Module._compile (node:internal/modules/cjs/loader:1521:14)
      at Module._extensions..js (node:internal/modules/cjs/loader:1623:10)
      at Object.require.extensions.<computed> [as .js] (/app/node_modules/ts-node/src/index.ts:1608:43)
      at Module.load (node:internal/modules/cjs/loader:1266:32)
      at Function.Module._load (node:internal/modules/cjs/loader:1091:12)
      at cjsLoader (node:internal/modules/esm/translators:298:15)
      at ModuleWrap.<anonymous> (node:internal/modules/esm/translators:240:7)
      at ModuleJob.run (node:internal/modules/esm/module_job:325:25)
      at async ModuleLoader.import (node:internal/modules/esm/loader:606:24)
      at async Context.<anonymous> (/app/test/esm-named-exports.test.js:83:28)



lerna notice cli v8.2.4
lerna notice filter including "@sequelize/validator.js"
lerna info filter [ '@sequelize/validator.js' ]

 Lerna (powered by Nx)   Running target test-unit for project @sequelize/validator.js and 4 tasks it depends on:



> @sequelize/utils:build  [local cache]


> @sequelize/core:build  [local cache]


> @sequelize/sqlite3:build  [local cache]


> @sequelize/validator.js:build  [local cache]

Compiling package validator-js

> @sequelize/validator.js:test-unit

(node:516) ExperimentalWarning: `--experimental-loader` may be removed in the future; instead use `register()`:
--import 'data:text/javascript,import { register } from "node:module"; import { pathToFileURL } from "node:url"; register("ts-node/esm", pathToFileURL("./"));'
(Use `node --trace-warnings ...` to show where the warning was created)
[0m[0m
[0m  @IsLowercase legacy decorator[0m
  [32m  [32mâœ”[39m[0m[90m validates that the attribute is lowercase[0m
[92m [0m[32m 1 passing[0m[90m (14ms)[0m



 Lerna (powered by Nx)   Successfully ran target test-unit for project @sequelize/validator.js and 4 tasks it depends on

Nx read the output from the cache instead of running the command for 4 out of 5 tasks.

lerna notice cli v8.2.4
lerna notice filter including "@sequelize/cli"
lerna info filter [ '@sequelize/cli' ]

 Lerna (powered by Nx)   Running target test-unit for project @sequelize/cli and 2 tasks it depends on:



> @sequelize/utils:build  [local cache]


> @sequelize/cli:build  [local cache]


> @sequelize/cli:test-unit

(node:940) ExperimentalWarning: `--experimental-loader` may be removed in the future; instead use `register()`:
--import 'data:text/javascript,import { register } from "node:module"; import { pathToFileURL } from "node:url"; register("ts-node/esm", pathToFileURL("./"));'
(Use `node --trace-warnings ...` to show where the warning was created)
[0m[0m
[0m  migration:generate[0m
  [32m  [32mâœ”[39m[0m[90m generates an SQL migration[0m[31m (416ms)[0m
  [32m  [32mâœ”[39m[0m[90m generates an TypeScript migration[0m
  [32m  [32mâœ”[39m[0m[90m generates an CJS migration[0m
  [32m  [32mâœ”[39m[0m[90m generates an ESM migration[0m
  [32m  [32mâœ”[39m[0m[90m supports not specifying a name[0m
[0m  seed:generate[0m
  [32m  [32mâœ”[39m[0m[90m generates an SQL seed[0m
  [32m  [32mâœ”[39m[0m[90m generates a TypeScript seed[0m
  [32m  [32mâœ”[39m[0m[90m generates a CJS seed[0m
  [32m  [32mâœ”[39m[0m[90m generates a ESM seed[0m
  [32m  [32mâœ”[39m[0m[90m supports not specifying a name[0m
[92m [0m[32m 10 passing[0m[90m (499ms)[0m



 Lerna (powered by Nx)   Successfully ran target test-unit for project @sequelize/cli and 2 tasks it depends on

Nx read the output from the cache instead of running the command for 2 out of 3 tasks.

lerna notice cli v8.2.4
lerna notice filter including "@sequelize/utils"
lerna info filter [ '@sequelize/utils' ]

 Lerna (powered by Nx)   Running target test-unit for project @sequelize/utils and 1 task it depends on:



> @sequelize/utils:build  [local cache]

Compiling package utils

> @sequelize/utils:test-unit

(node:1352) ExperimentalWarning: `--experimental-loader` may be removed in the future; instead use `register()`:
--import 'data:text/javascript,import { register } from "node:module"; import { pathToFileURL } from "node:url"; register("ts-node/esm", pathToFileURL("./"));'
(Use `node --trace-warnings ...` to show where the warning was created)
[0m[0m
[0m  arrayFromAsync[0m
  [32m  [32mâœ”[39m[0m[90m returns an array from an async iterable[0m
[0m  cloneDeepPlainValues[0m
  [32m  [32mâœ”[39m[0m[90m should clone plain values[0m
  [32m  [32mâœ”[39m[0m[90m should clone arrays[0m
  [32m  [32mâœ”[39m[0m[90m should clone nested structures[0m
  [32m  [32mâœ”[39m[0m[90m should transfer unclonable values when flag is set[0m
  [32m  [32mâœ”[39m[0m[90m should throw an error when encountering unclonable values and the transfer flag is not set[0m
[0m  freezeDeep[0m
  [32m  [32mâœ”[39m[0m[90m should freeze a plain object[0m
  [32m  [32mâœ”[39m[0m[90m should freeze nested objects[0m
  [32m  [32mâœ”[39m[0m[90m should not freeze non-plain objects[0m
[0m  freezeDescendants[0m
  [32m  [32mâœ”[39m[0m[90m should freeze descendants of an object[0m
  [32m  [32mâœ”[39m[0m[90m should not freeze non-plain object descendants[0m
[0m  inspect function[0m
  [32m  [32mâœ”[39m[0m[90m supports primitives[0m
  [32m  [32mâœ”[39m[0m[90m returns a function representation when the input is a function[0m
  [32m  [32mâœ”[39m[0m[90m supports anonymous functions[0m
  [32m  [32mâœ”[39m[0m[90m returns an object representation when the input is an object[0m
[0m  parallelForEach[0m
  [32m  [32mâœ”[39m[0m[90m executes the callbacks in parallel[0m[31m (302ms)[0m
  [32m  [32mâœ”[39m[0m[90m treats holes as undefined[0m
  [32m  [32mâœ”[39m[0m[90m should pass the correct index to the callback[0m
[0m  shallowClonePojo[0m
  [32m  [32mâœ”[39m[0m[90m returns a shallow copy of the provided object[0m
  [32m  [32mâœ”[39m[0m[90m does not copy nested objects[0m
  [32m  [32mâœ”[39m[0m[90m throws an error when provided a non-plain object[0m
[0m  localizedStringComparator[0m
  [32m  [32mâœ”[39m[0m[90m sorts strings[0m
  [32m  [32mâœ”[39m[0m[90m sorts strings (desc)[0m
[0m  basicComparator[0m
  [32m  [32mâœ”[39m[0m[90m sorts numbers using > & <[0m
  [32m  [32mâœ”[39m[0m[90m sorts bigints using > & <[0m
  [32m  [32mâœ”[39m[0m[90m sorts unlocalized strings using > & <[0m
  [32m  [32mâœ”[39m[0m[90m sorts Date objects using > & <[0m
[0m  combinedIterator[0m
  [32m  [32mâœ”[39m[0m[90m chains iterables[0m
[0m  count[0m
  [32m  [32mâœ”[39m[0m[90m returns the number of elements that match the predicate[0m
[0m  every[0m
  [32m  [32mâœ”[39m[0m[90m returns true if all elements match the predicate[0m
  [32m  [32mâœ”[39m[0m[90m always returns true if the iterable is empty[0m
[0m  find[0m
  [32m  [32mâœ”[39m[0m[90m returns the first element that matches the predicate[0m
[0m  join[0m
  [32m  [32mâœ”[39m[0m[90m joins the strings of an iterable into a string[0m
[0m  map[0m
  [32m  [32mâœ”[39m[0m[90m maps the iterable[0m
[0m  some[0m
  [32m  [32mâœ”[39m[0m[90m returns true if at least one element matches the predicate[0m
  [32m  [32mâœ”[39m[0m[90m always returns false if the iterable is empty[0m
[0m  MapView[0m
  [32m  [32mâœ”[39m[0m[90m reflects mutations done to the original map[0m
  [32m  [32mâœ”[39m[0m[90m is inspectable[0m
[0m    size[0m
    [32m  [32mâœ”[39m[0m[90m returns the number of elements in the Map[0m
[0m    get[0m
    [32m  [32mâœ”[39m[0m[90m returns the element associated with the specified key[0m
    [32m  [32mâœ”[39m[0m[90m returns undefined if no element is associated with the specified key[0m
[0m    getOrThrow[0m
    [32m  [32mâœ”[39m[0m[90m returns the element associated with the specified key[0m
    [32m  [32mâœ”[39m[0m[90m throws an error if no element is associated with the specified key[0m
[0m    has[0m
    [32m  [32mâœ”[39m[0m[90m returns a boolean indicating whether an element with the specified key exists or not[0m
[0m    Symbol.iterator[0m
    [32m  [32mâœ”[39m[0m[90m returns an iterator[0m
[0m    entries[0m
    [32m  [32mâœ”[39m[0m[90m returns an iterator[0m
[0m    keys[0m
    [32m  [32mâœ”[39m[0m[90m returns an iterator[0m
[0m    values[0m
    [32m  [32mâœ”[39m[0m[90m returns an iterator[0m
[0m    toMutableMap[0m
    [32m  [32mâœ”[39m[0m[90m returns a new Map[0m
[0m  MultiMap[0m
[0m    constructor[0m
    [32m  [32mâœ”[39m[0m[90m ignores duplicate values[0m
    [32m  [32mâœ”[39m[0m[90m does not store empty values[0m
[0m    size[0m
    [32m  [32mâœ”[39m[0m[90m returns the number of keys in the Map[0m
[0m    clear[0m
    [32m  [32mâœ”[39m[0m[90m clears all the keys in the Map[0m
[0m    append[0m
    [32m  [32mâœ”[39m[0m[90m appends a value to the key[0m
[0m    deleteValue[0m
    [32m  [32mâœ”[39m[0m[90m deletes a value from the key[0m
[0m    delete[0m
    [32m  [32mâœ”[39m[0m[90m deletes a key from the Map[0m
[0m    keys[0m
    [32m  [32mâœ”[39m[0m[90m returns the keys of the Map[0m
[0m    count[0m
    [32m  [32mâœ”[39m[0m[90m returns the number of values for the key[0m
    [32m  [32mâœ”[39m[0m[90m returns 0 if the key does not exist[0m
[0m    values[0m
    [32m  [32mâœ”[39m[0m[90m returns the values of the Map[0m
[0m    entries[0m
    [32m  [32mâœ”[39m[0m[90m returns the entries of the Map[0m
[0m    has[0m
    [32m  [32mâœ”[39m[0m[90m returns true if the key exists[0m
    [32m  [32mâœ”[39m[0m[90m returns false if the key does not exist[0m
[0m    Symbol.iterator[0m
    [32m  [32mâœ”[39m[0m[90m returns the iterator of the Map[0m
[0m    get[0m
    [32m  [32mâœ”[39m[0m[90m returns the values of the key[0m
    [32m  [32mâœ”[39m[0m[90m returns an empty array if the key does not exist[0m
[0m    set[0m
    [32m  [32mâœ”[39m[0m[90m sets the values of the key[0m
    [32m  [32mâœ”[39m[0m[90m ignores duplicate values[0m
    [32m  [32mâœ”[39m[0m[90m deletes empty values[0m
    [32m  [32mâœ”[39m[0m[90m ignores mutations done after setting the value[0m
[0m  parseBigInt[0m
  [32m  [32mâœ”[39m[0m[90m should return null when input is not a valid number syntax[0m
  [32m  [32mâœ”[39m[0m[90m should return null when input is an unsafe integer[0m
  [32m  [32mâœ”[39m[0m[90m should return bigint when input is a safe integer[0m
  [32m  [32mâœ”[39m[0m[90m should return null when input is a non-integer number[0m
  [32m  [32mâœ”[39m[0m[90m should return null when input is a non-integer string[0m
  [32m  [32mâœ”[39m[0m[90m should return bigint when input is a string representation of an integer[0m
  [32m  [32mâœ”[39m[0m[90m should return bigint when input is a string representation of a negative integer[0m
[0m  parseBigInt.orThrow[0m
  [32m  [32mâœ”[39m[0m[90m should throw an error if the input cannot be a bigint[0m
  [32m  [32mâœ”[39m[0m[90m should return bigint if the input can be a bigint[0m
[0m  parseFiniteNumber[0m
  [32m  [32mâœ”[39m[0m[90m should return null when input is not a valid number syntax[0m
  [32m  [32mâœ”[39m[0m[90m should return null when input is an infinite number[0m
  [32m  [32mâœ”[39m[0m[90m should return a number when input is a valid number string[0m
  [32m  [32mâœ”[39m[0m[90m should return a number when input is a valid number in scientific notation[0m
  [32m  [32mâœ”[39m[0m[90m should return a number when input is a valid decimal number[0m
  [32m  [32mâœ”[39m[0m[90m should return null when input is a BigInt outside of the Safe Integer range[0m
  [32m  [32mâœ”[39m[0m[90m should return a number when input is a valid BigInt within the Safe Integer range[0m
[0m  parseFiniteNumber.orThrow[0m
  [32m  [32mâœ”[39m[0m[90m throws an error when the input is not parseable as a finite number[0m
  [32m  [32mâœ”[39m[0m[90m returns the parsed number when the input is parseable as a finite number[0m
[0m  parseSafeInteger[0m
  [32m  [32mâœ”[39m[0m[90m returns null when input is not a valid integer syntax[0m
  [32m  [32mâœ”[39m[0m[90m returns null when input is an unsafe integer[0m
  [32m  [32mâœ”[39m[0m[90m returns a number when input is a valid integer string[0m
  [32m  [32mâœ”[39m[0m[90m returns a number when input is a safe bigint[0m
  [32m  [32mâœ”[39m[0m[90m returns null when input is a non-integer number[0m
  [32m  [32mâœ”[39m[0m[90m returns a number if the input contains the scientific notation in base 10[0m
  [32m  [32mâœ”[39m[0m[90m returns null if the input contains the scientific notation in base other than 10[0m
  [32m  [32mâœ”[39m[0m[90m returns null if the input contains a numeric separator[0m
  [32m  [32mâœ”[39m[0m[90m returns a number when input is a valid base 2 integer[0m
  [32m  [32mâœ”[39m[0m[90m returns null when input is a valid base 2 integer with invalid characters[0m
  [32m  [32mâœ”[39m[0m[90m returns a number when input is a valid base 8 integer[0m
  [32m  [32mâœ”[39m[0m[90m returns null when input is a valid base 8 integer with invalid characters[0m
  [32m  [32mâœ”[39m[0m[90m returns a number when input is a valid base 16 integer[0m
  [32m  [32mâœ”[39m[0m[90m returns null if the number includes a prefix[0m
  [32m  [32mâœ”[39m[0m[90m returns null when input is a valid base 16 integer with invalid characters[0m
  [32m  [32mâœ”[39m[0m[90m is case insensitive[0m
  [32m  [32mâœ”[39m[0m[90m returns a number when input is a valid base 36 integer[0m
  [32m  [32mâœ”[39m[0m[90m returns null when input is a valid base 36 integer with invalid characters[0m
  [32m  [32mâœ”[39m[0m[90m throws when radix is less than 2 or more than 36[0m
[0m  parseSafeInteger.orThrow[0m
  [32m  [32mâœ”[39m[0m[90m throws an error when the input is not parseable as a safe integer[0m
  [32m  [32mâœ”[39m[0m[90m returns the parsed number when the input is parseable as a safe integer[0m
[0m  isAnyObject[0m
  [32m  [32mâœ”[39m[0m[90m returns true for plain objects[0m
  [32m  [32mâœ”[39m[0m[90m returns true for functions[0m
  [32m  [32mâœ”[39m[0m[90m returns true for non-plain objects[0m
  [32m  [32mâœ”[39m[0m[90m returns false for primitives[0m
  [32m  [32mâœ”[39m[0m[90m narrows the TypeScript type[0m
[0m  isBigInt[0m
  [32m  [32mâœ”[39m[0m[90m returns true for bigint[0m
  [32m  [32mâœ”[39m[0m[90m returns false for non-bigint[0m
  [32m  [32mâœ”[39m[0m[90m narrows the TypeScript type[0m
[0m  isError[0m
  [32m  [32mâœ”[39m[0m[90m returns true for Error[0m
  [32m  [32mâœ”[39m[0m[90m returns true for Error subclasses[0m
  [32m  [32mâœ”[39m[0m[90m returns false for non-Error[0m
  [32m  [32mâœ”[39m[0m[90m narrows the TypeScript type[0m
[0m  isFunction[0m
  [32m  [32mâœ”[39m[0m[90m returns true for function[0m
  [32m  [32mâœ”[39m[0m[90m returns true for class[0m
  [32m  [32mâœ”[39m[0m[90m returns false for non-function[0m
  [32m  [32mâœ”[39m[0m[90m narrows the TypeScript type[0m
[0m  isIterable[0m
  [32m  [32mâœ”[39m[0m[90m returns true for iterables[0m
  [32m  [32mâœ”[39m[0m[90m returns false for non-iterables[0m
  [32m  [32mâœ”[39m[0m[90m narrows the TypeScript type[0m
[0m  isNullish[0m
  [32m  [32mâœ”[39m[0m[90m returns true for null and undefined[0m
  [32m  [32mâœ”[39m[0m[90m returns false for non-nullish[0m
  [32m  [32mâœ”[39m[0m[90m narrows the TypeScript type[0m
[0m  isNumber[0m
  [32m  [32mâœ”[39m[0m[90m returns true for number[0m
  [32m  [32mâœ”[39m[0m[90m returns false for non-number[0m
  [32m  [32mâœ”[39m[0m[90m narrows the TypeScript type[0m
[0m  isPlainObject[0m
  [32m  [32mâœ”[39m[0m[90m returns true for plain object (Object prototype or null prototype)[0m
  [32m  [32mâœ”[39m[0m[90m returns false for non-plain object[0m
  [32m  [32mâœ”[39m[0m[90m narrows the TypeScript type[0m
[0m  isString[0m
  [32m  [32mâœ”[39m[0m[90m returns true for string[0m
  [32m  [32mâœ”[39m[0m[90m returns false for non-string[0m
  [32m  [32mâœ”[39m[0m[90m narrows the TypeScript type[0m
[0m  isValidIntegerSyntax[0m
  [32m  [32mâœ”[39m[0m[90m returns true when input is a valid integer syntax[0m
  [32m  [32mâœ”[39m[0m[90m returns false when input is not a valid integer syntax[0m
  [32m  [32mâœ”[39m[0m[90m returns false when input is a valid integer syntax with scientific notation[0m
  [32m  [32mâœ”[39m[0m[90m returns false when input is a valid integer syntax with numeric separators[0m
  [32m  [32mâœ”[39m[0m[90m supports radixes[0m
  [32m  [32mâœ”[39m[0m[90m is case insensitive[0m
  [32m  [32mâœ”[39m[0m[90m throws if the radix is below 2 or above 36[0m
[0m  isValidNumberSyntax[0m
  [32m  [32mâœ”[39m[0m[90m returns true for valid base 10 numbers[0m
  [32m  [32mâœ”[39m[0m[90m returns false for invalid base 10 numbers[0m
  [32m  [32mâœ”[39m[0m[90m does not support non-finite numbers[0m
[0m  SetView[0m
[0m    size[0m
    [32m  [32mâœ”[39m[0m[90m returns the number of unique elements in the Set[0m
[0m    has[0m
    [32m  [32mâœ”[39m[0m[90m returns a boolean indicating whether an element with the specified value exists in the Set or not[0m
[0m    find[0m
    [32m  [32mâœ”[39m[0m[90m returns the element if the callback function returns true[0m
    [32m  [32mâœ”[39m[0m[90m returns undefined if the callback function does not return true for any element[0m
[0m    Symbol.iterator[0m
    [32m  [32mâœ”[39m[0m[90m returns an iterator[0m
[0m    values[0m
    [32m  [32mâœ”[39m[0m[90m returns an iterator[0m
[0m    toMutableSet[0m
    [32m  [32mâœ”[39m[0m[90m returns a new Set[0m
[92m [0m[32m 157 passing[0m[90m (373ms)[0m



 Lerna (powered by Nx)   Successfully ran target test-unit for project @sequelize/utils and 1 task it depends on

Nx read the output from the cache instead of running the command for 1 out of 2 tasks.

lerna notice cli v8.2.4
lerna notice filter including "@sequelize/core"
lerna info filter [ '@sequelize/core' ]

> @sequelize/core:test-unit-mariadb

(node:1814) ExperimentalWarning: `--experimental-loader` may be removed in the future; instead use `register()`:
--import 'data:text/javascript,import { register } from "node:module"; import { pathToFileURL } from "node:url"; register("ts-node/esm", pathToFileURL("./"));'
(Use `node --trace-warnings ...` to show where the warning was created)
 Exception during run: Error: libxml2.so.2: cannot open shared object file: No such file or directory
[90m    at Object.Module._extensions..node (node:internal/modules/cjs/loader:1661:18)[39m
[90m    at Module.load (node:internal/modules/cjs/loader:1266:32)[39m
[90m    at Function.Module._load (node:internal/modules/cjs/loader:1091:12)[39m
[90m    at Module.require (node:internal/modules/cjs/loader:1289:19)[39m
[90m    at require (node:internal/modules/helpers:182:18)[39m
    at bindings (/app/node_modules/[4mbindings[24m/bindings.js:112:48)
    at Object.<anonymous> (/app/node_modules/[4mibm_db[24m/lib/odbc.js:57:31)
[90m    at Module._compile (node:internal/modules/cjs/loader:1521:14)[39m
[90m    at Module._extensions..js (node:internal/modules/cjs/loader:1623:10)[39m
    at Object.require.extensions.<computed> [as .js] (/app/node_modules/[4mts-node[24m/src/index.ts:1608:43)
[90m    at Module.load (node:internal/modules/cjs/loader:1266:32)[39m
[90m    at Function.Module._load (node:internal/modules/cjs/loader:1091:12)[39m
[90m    at Module.require (node:internal/modules/cjs/loader:1289:19)[39m
[90m    at require (node:internal/modules/helpers:182:18)[39m
    at Object.<anonymous> (/app/packages/db2/src/connection-manager.ts:10:24)
[90m    at Module._compile (node:internal/modules/cjs/loader:1521:14)[39m
[90m    at Module._extensions..js (node:internal/modules/cjs/loader:1623:10)[39m
    at Object.require.extensions.<computed> [as .js] (/app/node_modules/[4mts-node[24m/src/index.ts:1608:43)
[90m    at Module.load (node:internal/modules/cjs/loader:1266:32)[39m
[90m    at Function.Module._load (node:internal/modules/cjs/loader:1091:12)[39m
[90m    at Module.require (node:internal/modules/cjs/loader:1289:19)[39m
[90m    at require (node:internal/modules/helpers:182:18)[39m
    at Object.<anonymous> (/app/packages/db2/src/index.ts:3:15)
[90m    at Module._compile (node:internal/modules/cjs/loader:1521:14)[39m
[90m    at Module._extensions..js (node:internal/modules/cjs/loader:1623:10)[39m
    at Object.require.extensions.<computed> [as .js] (/app/node_modules/[4mts-node[24m/src/index.ts:1608:43)
[90m    at Module.load (node:internal/modules/cjs/loader:1266:32)[39m
[90m    at Function.Module._load (node:internal/modules/cjs/loader:1091:12)[39m
[90m    at Module.require (node:internal/modules/cjs/loader:1289:19)[39m
[90m    at require (node:internal/modules/helpers:182:18)[39m
    at Object.<anonymous> [90m(/app/packages/core/[39mtest/config/config.ts:2:28[90m)[39m
[90m    at Module._compile (node:internal/modules/cjs/loader:1521:14)[39m
    at Module.m._compile (/app/node_modules/[4mts-node[24m/src/index.ts:1618:23)
    at Module._extensions.<computed> (/app/node_modules/[4mnode-hook[24m/index.js:80:14)
    at Object.require.extensions.<computed> [as .ts] (/app/node_modules/[4mts-node[24m/src/index.ts:1621:12)
[90m    at Module.load (node:internal/modules/cjs/loader:1266:32)[39m
[90m    at Function.Module._load (node:internal/modules/cjs/loader:1091:12)[39m
[90m    at Module.require (node:internal/modules/cjs/loader:1289:19)[39m
[90m    at require (node:internal/modules/helpers:182:18)[39m
    at Object.<anonymous> [90m(/app/packages/core/[39mtest/support.ts:18:46[90m)[39m
[90m    at Module._compile (node:internal/modules/cjs/loader:1521:14)[39m
    at Module.m._compile (/app/node_modules/[4mts-node[24m/src/index.ts:1618:23)
    at Module._extensions.<computed> (/app/node_modules/[4mnode-hook[24m/index.js:80:14)
    at Object.require.extensions.<computed> [as .ts] (/app/node_modules/[4mts-node[24m/src/index.ts:1621:12)
[90m    at Module.load (node:internal/modules/cjs/loader:1266:32)[39m
[90m    at Function.Module._load (node:internal/modules/cjs/loader:1091:12)[39m
[90m    at Module.require (node:internal/modules/cjs/loader:1289:19)[39m
[90m    at require (node:internal/modules/helpers:182:18)[39m
    at Object.<anonymous> [90m(/app/packages/core/[39mtest/unit/associations/association.test.ts:6:6[90m)[39m
[90m    at Module._compile (node:internal/modules/cjs/loader:1521:14)[39m
    at Module.m._compile (/app/node_modules/[4mts-node[24m/src/index.ts:1618:23)
    at Module._extensions.<computed> (/app/node_modules/[4mnode-hook[24m/index.js:80:14)
    at Object.require.extensions.<computed> [as .ts] (/app/node_modules/[4mts-node[24m/src/index.ts:1621:12)
[90m    at Module.load (node:internal/modules/cjs/loader:1266:32)[39m
[90m    at Function.Module._load (node:internal/modules/cjs/loader:1091:12)[39m
[90m    at Module.require (node:internal/modules/cjs/loader:1289:19)[39m
[90m    at require (node:internal/modules/helpers:182:18)[39m
    at Object.requireModule [as requireOrImport] (/app/node_modules/[4mmocha[24m/lib/nodejs/esm-utils.js:98:12)
    at Object.exports.loadFilesAsync (/app/node_modules/[4mmocha[24m/lib/nodejs/esm-utils.js:152:34)
    at Mocha.loadFilesAsync (/app/node_modules/[4mmocha[24m/lib/mocha.js:429:19)
    at singleRun (/app/node_modules/[4mmocha[24m/lib/cli/run-helpers.js:168:15)
    at exports.runMocha (/app/node_modules/[4mmocha[24m/lib/cli/run-helpers.js:245:10)
    at Object.exports.handler (/app/node_modules/[4mmocha[24m/lib/cli/run.js:379:11)
    at /app/node_modules/[4myargs[24m/build/index.cjs:1:8993
    at /app/node_modules/[4myargs[24m/build/index.cjs:1:4949 {
  code: [32m'ERR_DLOPEN_FAILED'[39m
}



 Lerna (powered by Nx)   Running target test-unit-mariadb for project @sequelize/core failed

Failed tasks:

- @sequelize/core:test-unit-mariadb

Hint: run the command with --verbose for more details.

lerna notice cli v8.2.4
lerna notice filter including "@sequelize/mariadb"
lerna info filter [ '@sequelize/mariadb' ]

 Lerna (powered by Nx)   Running target test-unit for project @sequelize/mariadb and 3 tasks it depends on:



> @sequelize/utils:build  [local cache]


> @sequelize/core:build  [local cache]


> @sequelize/mariadb:build  [local cache]

Compiling package mariadb

> @sequelize/mariadb:test-unit

(node:2243) ExperimentalWarning: `--experimental-loader` may be removed in the future; instead use `register()`:
--import 'data:text/javascript,import { register } from "node:module"; import { pathToFileURL } from "node:url"; register("ts-node/esm", pathToFileURL("./"));'
(Use `node --trace-warnings ...` to show where the warning was created)
[0m[0m
[0m  MariaDbDialect#parseConnectionUrl[0m
  [32m  [32mâœ”[39m[0m[90m parses connection URL[0m
[92m [0m[32m 1 passing[0m[90m (6ms)[0m



 Lerna (powered by Nx)   Successfully ran target test-unit for project @sequelize/mariadb and 3 tasks it depends on

Nx read the output from the cache instead of running the command for 3 out of 4 tasks.

lerna notice cli v8.2.4
lerna notice filter including "@sequelize/core"
lerna info filter [ '@sequelize/core' ]

> @sequelize/core:test-unit-mysql

(node:2688) ExperimentalWarning: `--experimental-loader` may be removed in the future; instead use `register()`:
--import 'data:text/javascript,import { register } from "node:module"; import { pathToFileURL } from "node:url"; register("ts-node/esm", pathToFileURL("./"));'
(Use `node --trace-warnings ...` to show where the warning was created)
 Exception during run: Error: libxml2.so.2: cannot open shared object file: No such file or directory
[90m    at Object.Module._extensions..node (node:internal/modules/cjs/loader:1661:18)[39m
[90m    at Module.load (node:internal/modules/cjs/loader:1266:32)[39m
[90m    at Function.Module._load (node:internal/modules/cjs/loader:1091:12)[39m
[90m    at Module.require (node:internal/modules/cjs/loader:1289:19)[39m
[90m    at require (node:internal/modules/helpers:182:18)[39m
    at bindings (/app/node_modules/[4mbindings[24m/bindings.js:112:48)
    at Object.<anonymous> (/app/node_modules/[4mibm_db[24m/lib/odbc.js:57:31)
[90m    at Module._compile (node:internal/modules/cjs/loader:1521:14)[39m
[90m    at Module._extensions..js (node:internal/modules/cjs/loader:1623:10)[39m
    at Object.require.extensions.<computed> [as .js] (/app/node_modules/[4mts-node[24m/src/index.ts:1608:43)
[90m    at Module.load (node:internal/modules/cjs/loader:1266:32)[39m
[90m    at Function.Module._load (node:internal/modules/cjs/loader:1091:12)[39m
[90m    at Module.require (node:internal/modules/cjs/loader:1289:19)[39m
[90m    at require (node:internal/modules/helpers:182:18)[39m
    at Object.<anonymous> (/app/packages/db2/src/connection-manager.ts:10:24)
[90m    at Module._compile (node:internal/modules/cjs/loader:1521:14)[39m
[90m    at Module._extensions..js (node:internal/modules/cjs/loader:1623:10)[39m
    at Object.require.extensions.<computed> [as .js] (/app/node_modules/[4mts-node[24m/src/index.ts:1608:43)
[90m    at Module.load (node:internal/modules/cjs/loader:1266:32)[39m
[90m    at Function.Module._load (node:internal/modules/cjs/loader:1091:12)[39m
[90m    at Module.require (node:internal/modules/cjs/loader:1289:19)[39m
[90m    at require (node:internal/modules/helpers:182:18)[39m
    at Object.<anonymous> (/app/packages/db2/src/index.ts:3:15)
[90m    at Module._compile (node:internal/modules/cjs/loader:1521:14)[39m
[90m    at Module._extensions..js (node:internal/modules/cjs/loader:1623:10)[39m
    at Object.require.extensions.<computed> [as .js] (/app/node_modules/[4mts-node[24m/src/index.ts:1608:43)
[90m    at Module.load (node:internal/modules/cjs/loader:1266:32)[39m
[90m    at Function.Module._load (node:internal/modules/cjs/loader:1091:12)[39m
[90m    at Module.require (node:internal/modules/cjs/loader:1289:19)[39m
[90m    at require (node:internal/modules/helpers:182:18)[39m
    at Object.<anonymous> [90m(/app/packages/core/[39mtest/config/config.ts:2:28[90m)[39m
[90m    at Module._compile (node:internal/modules/cjs/loader:1521:14)[39m
    at Module.m._compile (/app/node_modules/[4mts-node[24m/src/index.ts:1618:23)
    at Module._extensions.<computed> (/app/node_modules/[4mnode-hook[24m/index.js:80:14)
    at Object.require.extensions.<computed> [as .ts] (/app/node_modules/[4mts-node[24m/src/index.ts:1621:12)
[90m    at Module.load (node:internal/modules/cjs/loader:1266:32)[39m
[90m    at Function.Module._load (node:internal/modules/cjs/loader:1091:12)[39m
[90m    at Module.require (node:internal/modules/cjs/loader:1289:19)[39m
[90m    at require (node:internal/modules/helpers:182:18)[39m
    at Object.<anonymous> [90m(/app/packages/core/[39mtest/support.ts:18:46[90m)[39m
[90m    at Module._compile (node:internal/modules/cjs/loader:1521:14)[39m
    at Module.m._compile (/app/node_modules/[4mts-node[24m/src/index.ts:1618:23)
    at Module._extensions.<computed> (/app/node_modules/[4mnode-hook[24m/index.js:80:14)
    at Object.require.extensions.<computed> [as .ts] (/app/node_modules/[4mts-node[24m/src/index.ts:1621:12)
[90m    at Module.load (node:internal/modules/cjs/loader:1266:32)[39m
[90m    at Function.Module._load (node:internal/modules/cjs/loader:1091:12)[39m
[90m    at Module.require (node:internal/modules/cjs/loader:1289:19)[39m
[90m    at require (node:internal/modules/helpers:182:18)[39m
    at Object.<anonymous> [90m(/app/packages/core/[39mtest/unit/associations/association.test.ts:6:6[90m)[39m
[90m    at Module._compile (node:internal/modules/cjs/loader:1521:14)[39m
    at Module.m._compile (/app/node_modules/[4mts-node[24m/src/index.ts:1618:23)
    at Module._extensions.<computed> (/app/node_modules/[4mnode-hook[24m/index.js:80:14)
    at Object.require.extensions.<computed> [as .ts] (/app/node_modules/[4mts-node[24m/src/index.ts:1621:12)
[90m    at Module.load (node:internal/modules/cjs/loader:1266:32)[39m
[90m    at Function.Module._load (node:internal/modules/cjs/loader:1091:12)[39m
[90m    at Module.require (node:internal/modules/cjs/loader:1289:19)[39m
[90m    at require (node:internal/modules/helpers:182:18)[39m
    at Object.requireModule [as requireOrImport] (/app/node_modules/[4mmocha[24m/lib/nodejs/esm-utils.js:98:12)
    at Object.exports.loadFilesAsync (/app/node_modules/[4mmocha[24m/lib/nodejs/esm-utils.js:152:34)
    at Mocha.loadFilesAsync (/app/node_modules/[4mmocha[24m/lib/mocha.js:429:19)
    at singleRun (/app/node_modules/[4mmocha[24m/lib/cli/run-helpers.js:168:15)
    at exports.runMocha (/app/node_modules/[4mmocha[24m/lib/cli/run-helpers.js:245:10)
    at Object.exports.handler (/app/node_modules/[4mmocha[24m/lib/cli/run.js:379:11)
    at /app/node_modules/[4myargs[24m/build/index.cjs:1:8993
    at /app/node_modules/[4myargs[24m/build/index.cjs:1:4949 {
  code: [32m'ERR_DLOPEN_FAILED'[39m
}



 Lerna (powered by Nx)   Running target test-unit-mysql for project @sequelize/core failed

Failed tasks:

- @sequelize/core:test-unit-mysql

Hint: run the command with --verbose for more details.

lerna notice cli v8.2.4
lerna notice filter including "@sequelize/mysql"
lerna info filter [ '@sequelize/mysql' ]

 Lerna (powered by Nx)   Running target test-unit for project @sequelize/mysql and 3 tasks it depends on:



> @sequelize/utils:build  [local cache]


> @sequelize/core:build  [local cache]


> @sequelize/mysql:build  [local cache]

Compiling package mysql

> @sequelize/mysql:test-unit

(node:3116) ExperimentalWarning: `--experimental-loader` may be removed in the future; instead use `register()`:
--import 'data:text/javascript,import { register } from "node:module"; import { pathToFileURL } from "node:url"; register("ts-node/esm", pathToFileURL("./"));'
(Use `node --trace-warnings ...` to show where the warning was created)
[0m[0m
[0m  MariaDbDialect#parseConnectionUrl[0m
  [32m  [32mâœ”[39m[0m[90m parses connection URL[0m
[92m [0m[32m 1 passing[0m[90m (9ms)[0m



 Lerna (powered by Nx)   Successfully ran target test-unit for project @sequelize/mysql and 3 tasks it depends on

Nx read the output from the cache instead of running the command for 3 out of 4 tasks.

lerna notice cli v8.2.4
lerna notice filter including "@sequelize/core"
lerna info filter [ '@sequelize/core' ]

> @sequelize/core:test-unit-postgres

(node:3561) ExperimentalWarning: `--experimental-loader` may be removed in the future; instead use `register()`:
--import 'data:text/javascript,import { register } from "node:module"; import { pathToFileURL } from "node:url"; register("ts-node/esm", pathToFileURL("./"));'
(Use `node --trace-warnings ...` to show where the warning was created)
 Exception during run: Error: libxml2.so.2: cannot open shared object file: No such file or directory
[90m    at Object.Module._extensions..node (node:internal/modules/cjs/loader:1661:18)[39m
[90m    at Module.load (node:internal/modules/cjs/loader:1266:32)[39m
[90m    at Function.Module._load (node:internal/modules/cjs/loader:1091:12)[39m
[90m    at Module.require (node:internal/modules/cjs/loader:1289:19)[39m
[90m    at require (node:internal/modules/helpers:182:18)[39m
    at bindings (/app/node_modules/[4mbindings[24m/bindings.js:112:48)
    at Object.<anonymous> (/app/node_modules/[4mibm_db[24m/lib/odbc.js:57:31)
[90m    at Module._compile (node:internal/modules/cjs/loader:1521:14)[39m
[90m    at Module._extensions..js (node:internal/modules/cjs/loader:1623:10)[39m
    at Object.require.extensions.<computed> [as .js] (/app/node_modules/[4mts-node[24m/src/index.ts:1608:43)
[90m    at Module.load (node:internal/modules/cjs/loader:1266:32)[39m
[90m    at Function.Module._load (node:internal/modules/cjs/loader:1091:12)[39m
[90m    at Module.require (node:internal/modules/cjs/loader:1289:19)[39m
[90m    at require (node:internal/modules/helpers:182:18)[39m
    at Object.<anonymous> (/app/packages/db2/src/connection-manager.ts:10:24)
[90m    at Module._compile (node:internal/modules/cjs/loader:1521:14)[39m
[90m    at Module._extensions..js (node:internal/modules/cjs/loader:1623:10)[39m
    at Object.require.extensions.<computed> [as .js] (/app/node_modules/[4mts-node[24m/src/index.ts:1608:43)
[90m    at Module.load (node:internal/modules/cjs/loader:1266:32)[39m
[90m    at Function.Module._load (node:internal/modules/cjs/loader:1091:12)[39m
[90m    at Module.require (node:internal/modules/cjs/loader:1289:19)[39m
[90m    at require (node:internal/modules/helpers:182:18)[39m
    at Object.<anonymous> (/app/packages/db2/src/index.ts:3:15)
[90m    at Module._compile (node:internal/modules/cjs/loader:1521:14)[39m
[90m    at Module._extensions..js (node:internal/modules/cjs/loader:1623:10)[39m
    at Object.require.extensions.<computed> [as .js] (/app/node_modules/[4mts-node[24m/src/index.ts:1608:43)
[90m    at Module.load (node:internal/modules/cjs/loader:1266:32)[39m
[90m    at Function.Module._load (node:internal/modules/cjs/loader:1091:12)[39m
[90m    at Module.require (node:internal/modules/cjs/loader:1289:19)[39m
[90m    at require (node:internal/modules/helpers:182:18)[39m
    at Object.<anonymous> [90m(/app/packages/core/[39mtest/config/config.ts:2:28[90m)[39m
[90m    at Module._compile (node:internal/modules/cjs/loader:1521:14)[39m
    at Module.m._compile (/app/node_modules/[4mts-node[24m/src/index.ts:1618:23)
    at Module._extensions.<computed> (/app/node_modules/[4mnode-hook[24m/index.js:80:14)
    at Object.require.extensions.<computed> [as .ts] (/app/node_modules/[4mts-node[24m/src/index.ts:1621:12)
[90m    at Module.load (node:internal/modules/cjs/loader:1266:32)[39m
[90m    at Function.Module._load (node:internal/modules/cjs/loader:1091:12)[39m
[90m    at Module.require (node:internal/modules/cjs/loader:1289:19)[39m
[90m    at require (node:internal/modules/helpers:182:18)[39m
    at Object.<anonymous> [90m(/app/packages/core/[39mtest/support.ts:18:46[90m)[39m
[90m    at Module._compile (node:internal/modules/cjs/loader:1521:14)[39m
    at Module.m._compile (/app/node_modules/[4mts-node[24m/src/index.ts:1618:23)
    at Module._extensions.<computed> (/app/node_modules/[4mnode-hook[24m/index.js:80:14)
    at Object.require.extensions.<computed> [as .ts] (/app/node_modules/[4mts-node[24m/src/index.ts:1621:12)
[90m    at Module.load (node:internal/modules/cjs/loader:1266:32)[39m
[90m    at Function.Module._load (node:internal/modules/cjs/loader:1091:12)[39m
[90m    at Module.require (node:internal/modules/cjs/loader:1289:19)[39m
[90m    at require (node:internal/modules/helpers:182:18)[39m
    at Object.<anonymous> [90m(/app/packages/core/[39mtest/unit/associations/association.test.ts:6:6[90m)[39m
[90m    at Module._compile (node:internal/modules/cjs/loader:1521:14)[39m
    at Module.m._compile (/app/node_modules/[4mts-node[24m/src/index.ts:1618:23)
    at Module._extensions.<computed> (/app/node_modules/[4mnode-hook[24m/index.js:80:14)
    at Object.require.extensions.<computed> [as .ts] (/app/node_modules/[4mts-node[24m/src/index.ts:1621:12)
[90m    at Module.load (node:internal/modules/cjs/loader:1266:32)[39m
[90m    at Function.Module._load (node:internal/modules/cjs/loader:1091:12)[39m
[90m    at Module.require (node:internal/modules/cjs/loader:1289:19)[39m
[90m    at require (node:internal/modules/helpers:182:18)[39m
    at Object.requireModule [as requireOrImport] (/app/node_modules/[4mmocha[24m/lib/nodejs/esm-utils.js:98:12)
    at Object.exports.loadFilesAsync (/app/node_modules/[4mmocha[24m/lib/nodejs/esm-utils.js:152:34)
    at Mocha.loadFilesAsync (/app/node_modules/[4mmocha[24m/lib/mocha.js:429:19)
    at singleRun (/app/node_modules/[4mmocha[24m/lib/cli/run-helpers.js:168:15)
    at exports.runMocha (/app/node_modules/[4mmocha[24m/lib/cli/run-helpers.js:245:10)
    at Object.exports.handler (/app/node_modules/[4mmocha[24m/lib/cli/run.js:379:11)
    at /app/node_modules/[4myargs[24m/build/index.cjs:1:8993
    at /app/node_modules/[4myargs[24m/build/index.cjs:1:4949 {
  code: [32m'ERR_DLOPEN_FAILED'[39m
}



 Lerna (powered by Nx)   Running target test-unit-postgres for project @sequelize/core failed

Failed tasks:

- @sequelize/core:test-unit-postgres

Hint: run the command with --verbose for more details.

lerna notice cli v8.2.4
lerna notice filter including "@sequelize/postgres"
lerna info filter [ '@sequelize/postgres' ]

 Lerna (powered by Nx)   Running target test-unit for project @sequelize/postgres and 3 tasks it depends on:



> @sequelize/utils:build  [local cache]


> @sequelize/core:build  [local cache]


> @sequelize/postgres:build  [local cache]

Compiling package postgres

> @sequelize/postgres:test-unit

(node:3988) ExperimentalWarning: `--experimental-loader` may be removed in the future; instead use `register()`:
--import 'data:text/javascript,import { register } from "node:module"; import { pathToFileURL } from "node:url"; register("ts-node/esm", pathToFileURL("./"));'
(Use `node --trace-warnings ...` to show where the warning was created)
[0m[0m
[0m  stringifyHstore[0m
  [32m  [32mâœ”[39m[0m[90m should handle empty objects correctly[0m
  [32m  [32mâœ”[39m[0m[90m should handle null values correctly[0m
  [32m  [32mâœ”[39m[0m[90m should handle null values correctly[0m
  [32m  [32mâœ”[39m[0m[90m should handle empty string correctly[0m
  [32m  [32mâœ”[39m[0m[90m should handle a string with backslashes correctly[0m
  [32m  [32mâœ”[39m[0m[90m should handle a string with double quotes correctly[0m
  [32m  [32mâœ”[39m[0m[90m should handle a string with single quotes correctly[0m
  [32m  [32mâœ”[39m[0m[90m should handle simple objects correctly[0m
[0m  parseHstore[0m
  [32m  [32mâœ”[39m[0m[90m should handle empty string correctly[0m
  [32m  [32mâœ”[39m[0m[90m should handle a string with double quotes correctly[0m
  [32m  [32mâœ”[39m[0m[90m should handle a string with single quotes correctly[0m
  [32m  [32mâœ”[39m[0m[90m should handle a string with backslashes correctly[0m
  [32m  [32mâœ”[39m[0m[90m should handle empty objects correctly[0m
  [32m  [32mâœ”[39m[0m[90m should handle simple objects correctly[0m
  [36m  - is not vulnerable to prototype injection[0m
[0m  stringify and parse[0m
  [32m  [32mâœ”[39m[0m[90m should stringify then parse back the same structure[0m
[0m  PostgresDialect#parseConnectionUrl[0m
  [32m  [32mâœ”[39m[0m[90m parses connection URL[0m
  [32m  [32mâœ”[39m[0m[90m accepts the postgresql:// scheme[0m
[92m [0m[32m 17 passing[0m[90m (16ms)[0m
[36m [0m[36m 1 pending[0m



 Lerna (powered by Nx)   Successfully ran target test-unit for project @sequelize/postgres and 3 tasks it depends on

Nx read the output from the cache instead of running the command for 3 out of 4 tasks.

lerna notice cli v8.2.4
lerna notice filter including "@sequelize/core"
lerna info filter [ '@sequelize/core' ]

> @sequelize/core:test-unit-sqlite3

(node:4433) ExperimentalWarning: `--experimental-loader` may be removed in the future; instead use `register()`:
--import 'data:text/javascript,import { register } from "node:module"; import { pathToFileURL } from "node:url"; register("ts-node/esm", pathToFileURL("./"));'
(Use `node --trace-warnings ...` to show where the warning was created)
 Exception during run: Error: libxml2.so.2: cannot open shared object file: No such file or directory
[90m    at Object.Module._extensions..node (node:internal/modules/cjs/loader:1661:18)[39m
[90m    at Module.load (node:internal/modules/cjs/loader:1266:32)[39m
[90m    at Function.Module._load (node:internal/modules/cjs/loader:1091:12)[39m
[90m    at Module.require (node:internal/modules/cjs/loader:1289:19)[39m
[90m    at require (node:internal/modules/helpers:182:18)[39m
    at bindings (/app/node_modules/[4mbindings[24m/bindings.js:112:48)
    at Object.<anonymous> (/app/node_modules/[4mibm_db[24m/lib/odbc.js:57:31)
[90m    at Module._compile (node:internal/modules/cjs/loader:1521:14)[39m
[90m    at Module._extensions..js (node:internal/modules/cjs/loader:1623:10)[39m
    at Object.require.extensions.<computed> [as .js] (/app/node_modules/[4mts-node[24m/src/index.ts:1608:43)
[90m    at Module.load (node:internal/modules/cjs/loader:1266:32)[39m
[90m    at Function.Module._load (node:internal/modules/cjs/loader:1091:12)[39m
[90m    at Module.require (node:internal/modules/cjs/loader:1289:19)[39m
[90m    at require (node:internal/modules/helpers:182:18)[39m
    at Object.<anonymous> (/app/packages/db2/src/connection-manager.ts:10:24)
[90m    at Module._compile (node:internal/modules/cjs/loader:1521:14)[39m
[90m    at Module._extensions..js (node:internal/modules/cjs/loader:1623:10)[39m
    at Object.require.extensions.<computed> [as .js] (/app/node_modules/[4mts-node[24m/src/index.ts:1608:43)
[90m    at Module.load (node:internal/modules/cjs/loader:1266:32)[39m
[90m    at Function.Module._load (node:internal/modules/cjs/loader:1091:12)[39m
[90m    at Module.require (node:internal/modules/cjs/loader:1289:19)[39m
[90m    at require (node:internal/modules/helpers:182:18)[39m
    at Object.<anonymous> (/app/packages/db2/src/index.ts:3:15)
[90m    at Module._compile (node:internal/modules/cjs/loader:1521:14)[39m
[90m    at Module._extensions..js (node:internal/modules/cjs/loader:1623:10)[39m
    at Object.require.extensions.<computed> [as .js] (/app/node_modules/[4mts-node[24m/src/index.ts:1608:43)
[90m    at Module.load (node:internal/modules/cjs/loader:1266:32)[39m
[90m    at Function.Module._load (node:internal/modules/cjs/loader:1091:12)[39m
[90m    at Module.require (node:internal/modules/cjs/loader:1289:19)[39m
[90m    at require (node:internal/modules/helpers:182:18)[39m
    at Object.<anonymous> [90m(/app/packages/core/[39mtest/config/config.ts:2:28[90m)[39m
[90m    at Module._compile (node:internal/modules/cjs/loader:1521:14)[39m
    at Module.m._compile (/app/node_modules/[4mts-node[24m/src/index.ts:1618:23)
    at Module._extensions.<computed> (/app/node_modules/[4mnode-hook[24m/index.js:80:14)
    at Object.require.extensions.<computed> [as .ts] (/app/node_modules/[4mts-node[24m/src/index.ts:1621:12)
[90m    at Module.load (node:internal/modules/cjs/loader:1266:32)[39m
[90m    at Function.Module._load (node:internal/modules/cjs/loader:1091:12)[39m
[90m    at Module.require (node:internal/modules/cjs/loader:1289:19)[39m
[90m    at require (node:internal/modules/helpers:182:18)[39m
    at Object.<anonymous> [90m(/app/packages/core/[39mtest/support.ts:18:46[90m)[39m
[90m    at Module._compile (node:internal/modules/cjs/loader:1521:14)[39m
    at Module.m._compile (/app/node_modules/[4mts-node[24m/src/index.ts:1618:23)
    at Module._extensions.<computed> (/app/node_modules/[4mnode-hook[24m/index.js:80:14)
    at Object.require.extensions.<computed> [as .ts] (/app/node_modules/[4mts-node[24m/src/index.ts:1621:12)
[90m    at Module.load (node:internal/modules/cjs/loader:1266:32)[39m
[90m    at Function.Module._load (node:internal/modules/cjs/loader:1091:12)[39m
[90m    at Module.require (node:internal/modules/cjs/loader:1289:19)[39m
[90m    at require (node:internal/modules/helpers:182:18)[39m
    at Object.<anonymous> [90m(/app/packages/core/[39mtest/unit/associations/association.test.ts:6:6[90m)[39m
[90m    at Module._compile (node:internal/modules/cjs/loader:1521:14)[39m
    at Module.m._compile (/app/node_modules/[4mts-node[24m/src/index.ts:1618:23)
    at Module._extensions.<computed> (/app/node_modules/[4mnode-hook[24m/index.js:80:14)
    at Object.require.extensions.<computed> [as .ts] (/app/node_modules/[4mts-node[24m/src/index.ts:1621:12)
[90m    at Module.load (node:internal/modules/cjs/loader:1266:32)[39m
[90m    at Function.Module._load (node:internal/modules/cjs/loader:1091:12)[39m
[90m    at Module.require (node:internal/modules/cjs/loader:1289:19)[39m
[90m    at require (node:internal/modules/helpers:182:18)[39m
    at Object.requireModule [as requireOrImport] (/app/node_modules/[4mmocha[24m/lib/nodejs/esm-utils.js:98:12)
    at Object.exports.loadFilesAsync (/app/node_modules/[4mmocha[24m/lib/nodejs/esm-utils.js:152:34)
    at Mocha.loadFilesAsync (/app/node_modules/[4mmocha[24m/lib/mocha.js:429:19)
    at singleRun (/app/node_modules/[4mmocha[24m/lib/cli/run-helpers.js:168:15)
    at exports.runMocha (/app/node_modules/[4mmocha[24m/lib/cli/run-helpers.js:245:10)
    at Object.exports.handler (/app/node_modules/[4mmocha[24m/lib/cli/run.js:379:11)
    at /app/node_modules/[4myargs[24m/build/index.cjs:1:8993
    at /app/node_modules/[4myargs[24m/build/index.cjs:1:4949 {
  code: [32m'ERR_DLOPEN_FAILED'[39m
}



 Lerna (powered by Nx)   Running target test-unit-sqlite3 for project @sequelize/core failed

Failed tasks:

- @sequelize/core:test-unit-sqlite3

Hint: run the command with --verbose for more details.

lerna notice cli v8.2.4
lerna notice filter including "@sequelize/core"
lerna info filter [ '@sequelize/core' ]

> @sequelize/core:test-unit-mssql

(node:4893) ExperimentalWarning: `--experimental-loader` may be removed in the future; instead use `register()`:
--import 'data:text/javascript,import { register } from "node:module"; import { pathToFileURL } from "node:url"; register("ts-node/esm", pathToFileURL("./"));'
(Use `node --trace-warnings ...` to show where the warning was created)
 Exception during run: Error: libxml2.so.2: cannot open shared object file: No such file or directory
[90m    at Object.Module._extensions..node (node:internal/modules/cjs/loader:1661:18)[39m
[90m    at Module.load (node:internal/modules/cjs/loader:1266:32)[39m
[90m    at Function.Module._load (node:internal/modules/cjs/loader:1091:12)[39m
[90m    at Module.require (node:internal/modules/cjs/loader:1289:19)[39m
[90m    at require (node:internal/modules/helpers:182:18)[39m
    at bindings (/app/node_modules/[4mbindings[24m/bindings.js:112:48)
    at Object.<anonymous> (/app/node_modules/[4mibm_db[24m/lib/odbc.js:57:31)
[90m    at Module._compile (node:internal/modules/cjs/loader:1521:14)[39m
[90m    at Module._extensions..js (node:internal/modules/cjs/loader:1623:10)[39m
    at Object.require.extensions.<computed> [as .js] (/app/node_modules/[4mts-node[24m/src/index.ts:1608:43)
[90m    at Module.load (node:internal/modules/cjs/loader:1266:32)[39m
[90m    at Function.Module._load (node:internal/modules/cjs/loader:1091:12)[39m
[90m    at Module.require (node:internal/modules/cjs/loader:1289:19)[39m
[90m    at require (node:internal/modules/helpers:182:18)[39m
    at Object.<anonymous> (/app/packages/db2/src/connection-manager.ts:10:24)
[90m    at Module._compile (node:internal/modules/cjs/loader:1521:14)[39m
[90m    at Module._extensions..js (node:internal/modules/cjs/loader:1623:10)[39m
    at Object.require.extensions.<computed> [as .js] (/app/node_modules/[4mts-node[24m/src/index.ts:1608:43)
[90m    at Module.load (node:internal/modules/cjs/loader:1266:32)[39m
[90m    at Function.Module._load (node:internal/modules/cjs/loader:1091:12)[39m
[90m    at Module.require (node:internal/modules/cjs/loader:1289:19)[39m
[90m    at require (node:internal/modules/helpers:182:18)[39m
    at Object.<anonymous> (/app/packages/db2/src/index.ts:3:15)
[90m    at Module._compile (node:internal/modules/cjs/loader:1521:14)[39m
[90m    at Module._extensions..js (node:internal/modules/cjs/loader:1623:10)[39m
    at Object.require.extensions.<computed> [as .js] (/app/node_modules/[4mts-node[24m/src/index.ts:1608:43)
[90m    at Module.load (node:internal/modules/cjs/loader:1266:32)[39m
[90m    at Function.Module._load (node:internal/modules/cjs/loader:1091:12)[39m
[90m    at Module.require (node:internal/modules/cjs/loader:1289:19)[39m
[90m    at require (node:internal/modules/helpers:182:18)[39m
    at Object.<anonymous> [90m(/app/packages/core/[39mtest/config/config.ts:2:28[90m)[39m
[90m    at Module._compile (node:internal/modules/cjs/loader:1521:14)[39m
    at Module.m._compile (/app/node_modules/[4mts-node[24m/src/index.ts:1618:23)
    at Module._extensions.<computed> (/app/node_modules/[4mnode-hook[24m/index.js:80:14)
    at Object.require.extensions.<computed> [as .ts] (/app/node_modules/[4mts-node[24m/src/index.ts:1621:12)
[90m    at Module.load (node:internal/modules/cjs/loader:1266:32)[39m
[90m    at Function.Module._load (node:internal/modules/cjs/loader:1091:12)[39m
[90m    at Module.require (node:internal/modules/cjs/loader:1289:19)[39m
[90m    at require (node:internal/modules/helpers:182:18)[39m
    at Object.<anonymous> [90m(/app/packages/core/[39mtest/support.ts:18:46[90m)[39m
[90m    at Module._compile (node:internal/modules/cjs/loader:1521:14)[39m
    at Module.m._compile (/app/node_modules/[4mts-node[24m/src/index.ts:1618:23)
    at Module._extensions.<computed> (/app/node_modules/[4mnode-hook[24m/index.js:80:14)
    at Object.require.extensions.<computed> [as .ts] (/app/node_modules/[4mts-node[24m/src/index.ts:1621:12)
[90m    at Module.load (node:internal/modules/cjs/loader:1266:32)[39m
[90m    at Function.Module._load (node:internal/modules/cjs/loader:1091:12)[39m
[90m    at Module.require (node:internal/modules/cjs/loader:1289:19)[39m
[90m    at require (node:internal/modules/helpers:182:18)[39m
    at Object.<anonymous> [90m(/app/packages/core/[39mtest/unit/associations/association.test.ts:6:6[90m)[39m
[90m    at Module._compile (node:internal/modules/cjs/loader:1521:14)[39m
    at Module.m._compile (/app/node_modules/[4mts-node[24m/src/index.ts:1618:23)
    at Module._extensions.<computed> (/app/node_modules/[4mnode-hook[24m/index.js:80:14)
    at Object.require.extensions.<computed> [as .ts] (/app/node_modules/[4mts-node[24m/src/index.ts:1621:12)
[90m    at Module.load (node:internal/modules/cjs/loader:1266:32)[39m
[90m    at Function.Module._load (node:internal/modules/cjs/loader:1091:12)[39m
[90m    at Module.require (node:internal/modules/cjs/loader:1289:19)[39m
[90m    at require (node:internal/modules/helpers:182:18)[39m
    at Object.requireModule [as requireOrImport] (/app/node_modules/[4mmocha[24m/lib/nodejs/esm-utils.js:98:12)
    at Object.exports.loadFilesAsync (/app/node_modules/[4mmocha[24m/lib/nodejs/esm-utils.js:152:34)
    at Mocha.loadFilesAsync (/app/node_modules/[4mmocha[24m/lib/mocha.js:429:19)
    at singleRun (/app/node_modules/[4mmocha[24m/lib/cli/run-helpers.js:168:15)
    at exports.runMocha (/app/node_modules/[4mmocha[24m/lib/cli/run-helpers.js:245:10)
    at Object.exports.handler (/app/node_modules/[4mmocha[24m/lib/cli/run.js:379:11)
    at /app/node_modules/[4myargs[24m/build/index.cjs:1:8993
    at /app/node_modules/[4myargs[24m/build/index.cjs:1:4949 {
  code: [32m'ERR_DLOPEN_FAILED'[39m
}



 Lerna (powered by Nx)   Running target test-unit-mssql for project @sequelize/core failed

Failed tasks:

- @sequelize/core:test-unit-mssql

Hint: run the command with --verbose for more details.

lerna notice cli v8.2.4
lerna notice filter including "@sequelize/mssql"
lerna info filter [ '@sequelize/mssql' ]

 Lerna (powered by Nx)   Running target test-unit for project @sequelize/mssql and 3 tasks it depends on:



> @sequelize/utils:build  [local cache]


> @sequelize/core:build  [local cache]


> @sequelize/mssql:build  [local cache]

Compiling package mssql

> @sequelize/mssql:test-unit

(node:5321) ExperimentalWarning: `--experimental-loader` may be removed in the future; instead use `register()`:
--import 'data:text/javascript,import { register } from "node:module"; import { pathToFileURL } from "node:url"; register("ts-node/esm", pathToFileURL("./"));'
(Use `node --trace-warnings ...` to show where the warning was created)
[0m[0m
[0m  AsyncQueue[0m
  [32m  [32mâœ”[39m[0m[90m should initialize correctly[0m
  [32m  [32mâœ”[39m[0m[90m should close correctly[0m
  [32m  [32mâœ”[39m[0m[90m should enqueue and execute function correctly[0m
  [32m  [32mâœ”[39m[0m[90m should reject if closed before execution[0m
  [32m  [32mâœ”[39m[0m[90m should reject if closed during execution[0m
[0m  MsSqlDialect#parseConnectionUrl[0m
  [32m  [32mâœ”[39m[0m[90m parses connection URL[0m
[92m [0m[32m 6 passing[0m[90m (29ms)[0m



 Lerna (powered by Nx)   Successfully ran target test-unit for project @sequelize/mssql and 3 tasks it depends on

Nx read the output from the cache instead of running the command for 3 out of 4 tasks.

lerna notice cli v8.2.4
lerna notice filter including "@sequelize/core"
lerna info filter [ '@sequelize/core' ]

> @sequelize/core:test-unit-db2

(node:5766) ExperimentalWarning: `--experimental-loader` may be removed in the future; instead use `register()`:
--import 'data:text/javascript,import { register } from "node:module"; import { pathToFileURL } from "node:url"; register("ts-node/esm", pathToFileURL("./"));'
(Use `node --trace-warnings ...` to show where the warning was created)
 Exception during run: Error: libxml2.so.2: cannot open shared object file: No such file or directory
[90m    at Object.Module._extensions..node (node:internal/modules/cjs/loader:1661:18)[39m
[90m    at Module.load (node:internal/modules/cjs/loader:1266:32)[39m
[90m    at Function.Module._load (node:internal/modules/cjs/loader:1091:12)[39m
[90m    at Module.require (node:internal/modules/cjs/loader:1289:19)[39m
[90m    at require (node:internal/modules/helpers:182:18)[39m
    at bindings (/app/node_modules/[4mbindings[24m/bindings.js:112:48)
    at Object.<anonymous> (/app/node_modules/[4mibm_db[24m/lib/odbc.js:57:31)
[90m    at Module._compile (node:internal/modules/cjs/loader:1521:14)[39m
[90m    at Module._extensions..js (node:internal/modules/cjs/loader:1623:10)[39m
    at Object.require.extensions.<computed> [as .js] (/app/node_modules/[4mts-node[24m/src/index.ts:1608:43)
[90m    at Module.load (node:internal/modules/cjs/loader:1266:32)[39m
[90m    at Function.Module._load (node:internal/modules/cjs/loader:1091:12)[39m
[90m    at Module.require (node:internal/modules/cjs/loader:1289:19)[39m
[90m    at require (node:internal/modules/helpers:182:18)[39m
    at Object.<anonymous> (/app/packages/db2/src/connection-manager.ts:10:24)
[90m    at Module._compile (node:internal/modules/cjs/loader:1521:14)[39m
[90m    at Module._extensions..js (node:internal/modules/cjs/loader:1623:10)[39m
    at Object.require.extensions.<computed> [as .js] (/app/node_modules/[4mts-node[24m/src/index.ts:1608:43)
[90m    at Module.load (node:internal/modules/cjs/loader:1266:32)[39m
[90m    at Function.Module._load (node:internal/modules/cjs/loader:1091:12)[39m
[90m    at Module.require (node:internal/modules/cjs/loader:1289:19)[39m
[90m    at require (node:internal/modules/helpers:182:18)[39m
    at Object.<anonymous> (/app/packages/db2/src/index.ts:3:15)
[90m    at Module._compile (node:internal/modules/cjs/loader:1521:14)[39m
[90m    at Module._extensions..js (node:internal/modules/cjs/loader:1623:10)[39m
    at Object.require.extensions.<computed> [as .js] (/app/node_modules/[4mts-node[24m/src/index.ts:1608:43)
[90m    at Module.load (node:internal/modules/cjs/loader:1266:32)[39m
[90m    at Function.Module._load (node:internal/modules/cjs/loader:1091:12)[39m
[90m    at Module.require (node:internal/modules/cjs/loader:1289:19)[39m
[90m    at require (node:internal/modules/helpers:182:18)[39m
    at Object.<anonymous> [90m(/app/packages/core/[39mtest/config/config.ts:2:28[90m)[39m
[90m    at Module._compile (node:internal/modules/cjs/loader:1521:14)[39m
    at Module.m._compile (/app/node_modules/[4mts-node[24m/src/index.ts:1618:23)
    at Module._extensions.<computed> (/app/node_modules/[4mnode-hook[24m/index.js:80:14)
    at Object.require.extensions.<computed> [as .ts] (/app/node_modules/[4mts-node[24m/src/index.ts:1621:12)
[90m    at Module.load (node:internal/modules/cjs/loader:1266:32)[39m
[90m    at Function.Module._load (node:internal/modules/cjs/loader:1091:12)[39m
[90m    at Module.require (node:internal/modules/cjs/loader:1289:19)[39m
[90m    at require (node:internal/modules/helpers:182:18)[39m
    at Object.<anonymous> [90m(/app/packages/core/[39mtest/support.ts:18:46[90m)[39m
[90m    at Module._compile (node:internal/modules/cjs/loader:1521:14)[39m
    at Module.m._compile (/app/node_modules/[4mts-node[24m/src/index.ts:1618:23)
    at Module._extensions.<computed> (/app/node_modules/[4mnode-hook[24m/index.js:80:14)
    at Object.require.extensions.<computed> [as .ts] (/app/node_modules/[4mts-node[24m/src/index.ts:1621:12)
[90m    at Module.load (node:internal/modules/cjs/loader:1266:32)[39m
[90m    at Function.Module._load (node:internal/modules/cjs/loader:1091:12)[39m
[90m    at Module.require (node:internal/modules/cjs/loader:1289:19)[39m
[90m    at require (node:internal/modules/helpers:182:18)[39m
    at Object.<anonymous> [90m(/app/packages/core/[39mtest/unit/associations/association.test.ts:6:6[90m)[39m
[90m    at Module._compile (node:internal/modules/cjs/loader:1521:14)[39m
    at Module.m._compile (/app/node_modules/[4mts-node[24m/src/index.ts:1618:23)
    at Module._extensions.<computed> (/app/node_modules/[4mnode-hook[24m/index.js:80:14)
    at Object.require.extensions.<computed> [as .ts] (/app/node_modules/[4mts-node[24m/src/index.ts:1621:12)
[90m    at Module.load (node:internal/modules/cjs/loader:1266:32)[39m
[90m    at Function.Module._load (node:internal/modules/cjs/loader:1091:12)[39m
[90m    at Module.require (node:internal/modules/cjs/loader:1289:19)[39m
[90m    at require (node:internal/modules/helpers:182:18)[39m
    at Object.requireModule [as requireOrImport] (/app/node_modules/[4mmocha[24m/lib/nodejs/esm-utils.js:98:12)
    at Object.exports.loadFilesAsync (/app/node_modules/[4mmocha[24m/lib/nodejs/esm-utils.js:152:34)
    at Mocha.loadFilesAsync (/app/node_modules/[4mmocha[24m/lib/mocha.js:429:19)
    at singleRun (/app/node_modules/[4mmocha[24m/lib/cli/run-helpers.js:168:15)
    at exports.runMocha (/app/node_modules/[4mmocha[24m/lib/cli/run-helpers.js:245:10)
    at Object.exports.handler (/app/node_modules/[4mmocha[24m/lib/cli/run.js:379:11)
    at /app/node_modules/[4myargs[24m/build/index.cjs:1:8993
    at /app/node_modules/[4myargs[24m/build/index.cjs:1:4949 {
  code: [32m'ERR_DLOPEN_FAILED'[39m
}



 Lerna (powered by Nx)   Running target test-unit-db2 for project @sequelize/core failed

Failed tasks:

- @sequelize/core:test-unit-db2

Hint: run the command with --verbose for more details.

lerna notice cli v8.2.4
lerna notice filter including "@sequelize/core"
lerna info filter [ '@sequelize/core' ]

> @sequelize/core:test-unit-ibmi

(node:6227) ExperimentalWarning: `--experimental-loader` may be removed in the future; instead use `register()`:
--import 'data:text/javascript,import { register } from "node:module"; import { pathToFileURL } from "node:url"; register("ts-node/esm", pathToFileURL("./"));'
(Use `node --trace-warnings ...` to show where the warning was created)
 Exception during run: Error: libxml2.so.2: cannot open shared object file: No such file or directory
[90m    at Object.Module._extensions..node (node:internal/modules/cjs/loader:1661:18)[39m
[90m    at Module.load (node:internal/modules/cjs/loader:1266:32)[39m
[90m    at Function.Module._load (node:internal/modules/cjs/loader:1091:12)[39m
[90m    at Module.require (node:internal/modules/cjs/loader:1289:19)[39m
[90m    at require (node:internal/modules/helpers:182:18)[39m
    at bindings (/app/node_modules/[4mbindings[24m/bindings.js:112:48)
    at Object.<anonymous> (/app/node_modules/[4mibm_db[24m/lib/odbc.js:57:31)
[90m    at Module._compile (node:internal/modules/cjs/loader:1521:14)[39m
[90m    at Module._extensions..js (node:internal/modules/cjs/loader:1623:10)[39m
    at Object.require.extensions.<computed> [as .js] (/app/node_modules/[4mts-node[24m/src/index.ts:1608:43)
[90m    at Module.load (node:internal/modules/cjs/loader:1266:32)[39m
[90m    at Function.Module._load (node:internal/modules/cjs/loader:1091:12)[39m
[90m    at Module.require (node:internal/modules/cjs/loader:1289:19)[39m
[90m    at require (node:internal/modules/helpers:182:18)[39m
    at Object.<anonymous> (/app/packages/db2/src/connection-manager.ts:10:24)
[90m    at Module._compile (node:internal/modules/cjs/loader:1521:14)[39m
[90m    at Module._extensions..js (node:internal/modules/cjs/loader:1623:10)[39m
    at Object.require.extensions.<computed> [as .js] (/app/node_modules/[4mts-node[24m/src/index.ts:1608:43)
[90m    at Module.load (node:internal/modules/cjs/loader:1266:32)[39m
[90m    at Function.Module._load (node:internal/modules/cjs/loader:1091:12)[39m
[90m    at Module.require (node:internal/modules/cjs/loader:1289:19)[39m
[90m    at require (node:internal/modules/helpers:182:18)[39m
    at Object.<anonymous> (/app/packages/db2/src/index.ts:3:15)
[90m    at Module._compile (node:internal/modules/cjs/loader:1521:14)[39m
[90m    at Module._extensions..js (node:internal/modules/cjs/loader:1623:10)[39m
    at Object.require.extensions.<computed> [as .js] (/app/node_modules/[4mts-node[24m/src/index.ts:1608:43)
[90m    at Module.load (node:internal/modules/cjs/loader:1266:32)[39m
[90m    at Function.Module._load (node:internal/modules/cjs/loader:1091:12)[39m
[90m    at Module.require (node:internal/modules/cjs/loader:1289:19)[39m
[90m    at require (node:internal/modules/helpers:182:18)[39m
    at Object.<anonymous> [90m(/app/packages/core/[39mtest/config/config.ts:2:28[90m)[39m
[90m    at Module._compile (node:internal/modules/cjs/loader:1521:14)[39m
    at Module.m._compile (/app/node_modules/[4mts-node[24m/src/index.ts:1618:23)
    at Module._extensions.<computed> (/app/node_modules/[4mnode-hook[24m/index.js:80:14)
    at Object.require.extensions.<computed> [as .ts] (/app/node_modules/[4mts-node[24m/src/index.ts:1621:12)
[90m    at Module.load (node:internal/modules/cjs/loader:1266:32)[39m
[90m    at Function.Module._load (node:internal/modules/cjs/loader:1091:12)[39m
[90m    at Module.require (node:internal/modules/cjs/loader:1289:19)[39m
[90m    at require (node:internal/modules/helpers:182:18)[39m
    at Object.<anonymous> [90m(/app/packages/core/[39mtest/support.ts:18:46[90m)[39m
[90m    at Module._compile (node:internal/modules/cjs/loader:1521:14)[39m
    at Module.m._compile (/app/node_modules/[4mts-node[24m/src/index.ts:1618:23)
    at Module._extensions.<computed> (/app/node_modules/[4mnode-hook[24m/index.js:80:14)
    at Object.require.extensions.<computed> [as .ts] (/app/node_modules/[4mts-node[24m/src/index.ts:1621:12)
[90m    at Module.load (node:internal/modules/cjs/loader:1266:32)[39m
[90m    at Function.Module._load (node:internal/modules/cjs/loader:1091:12)[39m
[90m    at Module.require (node:internal/modules/cjs/loader:1289:19)[39m
[90m    at require (node:internal/modules/helpers:182:18)[39m
    at Object.<anonymous> [90m(/app/packages/core/[39mtest/unit/associations/association.test.ts:6:6[90m)[39m
[90m    at Module._compile (node:internal/modules/cjs/loader:1521:14)[39m
    at Module.m._compile (/app/node_modules/[4mts-node[24m/src/index.ts:1618:23)
    at Module._extensions.<computed> (/app/node_modules/[4mnode-hook[24m/index.js:80:14)
    at Object.require.extensions.<computed> [as .ts] (/app/node_modules/[4mts-node[24m/src/index.ts:1621:12)
[90m    at Module.load (node:internal/modules/cjs/loader:1266:32)[39m
[90m    at Function.Module._load (node:internal/modules/cjs/loader:1091:12)[39m
[90m    at Module.require (node:internal/modules/cjs/loader:1289:19)[39m
[90m    at require (node:internal/modules/helpers:182:18)[39m
    at Object.requireModule [as requireOrImport] (/app/node_modules/[4mmocha[24m/lib/nodejs/esm-utils.js:98:12)
    at Object.exports.loadFilesAsync (/app/node_modules/[4mmocha[24m/lib/nodejs/esm-utils.js:152:34)
    at Mocha.loadFilesAsync (/app/node_modules/[4mmocha[24m/lib/mocha.js:429:19)
    at singleRun (/app/node_modules/[4mmocha[24m/lib/cli/run-helpers.js:168:15)
    at exports.runMocha (/app/node_modules/[4mmocha[24m/lib/cli/run-helpers.js:245:10)
    at Object.exports.handler (/app/node_modules/[4mmocha[24m/lib/cli/run.js:379:11)
    at /app/node_modules/[4myargs[24m/build/index.cjs:1:8993
    at /app/node_modules/[4myargs[24m/build/index.cjs:1:4949 {
  code: [32m'ERR_DLOPEN_FAILED'[39m
}



 Lerna (powered by Nx)   Running target test-unit-ibmi for project @sequelize/core failed

Failed tasks:

- @sequelize/core:test-unit-ibmi

Hint: run the command with --verbose for more details.

lerna notice cli v8.2.4
lerna notice filter including "@sequelize/core"
lerna info filter [ '@sequelize/core' ]

> @sequelize/core:test-unit-snowflake

(node:6690) ExperimentalWarning: `--experimental-loader` may be removed in the future; instead use `register()`:
--import 'data:text/javascript,import { register } from "node:module"; import { pathToFileURL } from "node:url"; register("ts-node/esm", pathToFileURL("./"));'
(Use `node --trace-warnings ...` to show where the warning was created)
 Exception during run: Error: libxml2.so.2: cannot open shared object file: No such file or directory
[90m    at Object.Module._extensions..node (node:internal/modules/cjs/loader:1661:18)[39m
[90m    at Module.load (node:internal/modules/cjs/loader:1266:32)[39m
[90m    at Function.Module._load (node:internal/modules/cjs/loader:1091:12)[39m
[90m    at Module.require (node:internal/modules/cjs/loader:1289:19)[39m
[90m    at require (node:internal/modules/helpers:182:18)[39m
    at bindings (/app/node_modules/[4mbindings[24m/bindings.js:112:48)
    at Object.<anonymous> (/app/node_modules/[4mibm_db[24m/lib/odbc.js:57:31)
[90m    at Module._compile (node:internal/modules/cjs/loader:1521:14)[39m
[90m    at Module._extensions..js (node:internal/modules/cjs/loader:1623:10)[39m
    at Object.require.extensions.<computed> [as .js] (/app/node_modules/[4mts-node[24m/src/index.ts:1608:43)
[90m    at Module.load (node:internal/modules/cjs/loader:1266:32)[39m
[90m    at Function.Module._load (node:internal/modules/cjs/loader:1091:12)[39m
[90m    at Module.require (node:internal/modules/cjs/loader:1289:19)[39m
[90m    at require (node:internal/modules/helpers:182:18)[39m
    at Object.<anonymous> (/app/packages/db2/src/connection-manager.ts:10:24)
[90m    at Module._compile (node:internal/modules/cjs/loader:1521:14)[39m
[90m    at Module._extensions..js (node:internal/modules/cjs/loader:1623:10)[39m
    at Object.require.extensions.<computed> [as .js] (/app/node_modules/[4mts-node[24m/src/index.ts:1608:43)
[90m    at Module.load (node:internal/modules/cjs/loader:1266:32)[39m
[90m    at Function.Module._load (node:internal/modules/cjs/loader:1091:12)[39m
[90m    at Module.require (node:internal/modules/cjs/loader:1289:19)[39m
[90m    at require (node:internal/modules/helpers:182:18)[39m
    at Object.<anonymous> (/app/packages/db2/src/index.ts:3:15)
[90m    at Module._compile (node:internal/modules/cjs/loader:1521:14)[39m
[90m    at Module._extensions..js (node:internal/modules/cjs/loader:1623:10)[39m
    at Object.require.extensions.<computed> [as .js] (/app/node_modules/[4mts-node[24m/src/index.ts:1608:43)
[90m    at Module.load (node:internal/modules/cjs/loader:1266:32)[39m
[90m    at Function.Module._load (node:internal/modules/cjs/loader:1091:12)[39m
[90m    at Module.require (node:internal/modules/cjs/loader:1289:19)[39m
[90m    at require (node:internal/modules/helpers:182:18)[39m
    at Object.<anonymous> [90m(/app/packages/core/[39mtest/config/config.ts:2:28[90m)[39m
[90m    at Module._compile (node:internal/modules/cjs/loader:1521:14)[39m
    at Module.m._compile (/app/node_modules/[4mts-node[24m/src/index.ts:1618:23)
    at Module._extensions.<computed> (/app/node_modules/[4mnode-hook[24m/index.js:80:14)
    at Object.require.extensions.<computed> [as .ts] (/app/node_modules/[4mts-node[24m/src/index.ts:1621:12)
[90m    at Module.load (node:internal/modules/cjs/loader:1266:32)[39m
[90m    at Function.Module._load (node:internal/modules/cjs/loader:1091:12)[39m
[90m    at Module.require (node:internal/modules/cjs/loader:1289:19)[39m
[90m    at require (node:internal/modules/helpers:182:18)[39m
    at Object.<anonymous> [90m(/app/packages/core/[39mtest/support.ts:18:46[90m)[39m
[90m    at Module._compile (node:internal/modules/cjs/loader:1521:14)[39m
    at Module.m._compile (/app/node_modules/[4mts-node[24m/src/index.ts:1618:23)
    at Module._extensions.<computed> (/app/node_modules/[4mnode-hook[24m/index.js:80:14)
    at Object.require.extensions.<computed> [as .ts] (/app/node_modules/[4mts-node[24m/src/index.ts:1621:12)
[90m    at Module.load (node:internal/modules/cjs/loader:1266:32)[39m
[90m    at Function.Module._load (node:internal/modules/cjs/loader:1091:12)[39m
[90m    at Module.require (node:internal/modules/cjs/loader:1289:19)[39m
[90m    at require (node:internal/modules/helpers:182:18)[39m
    at Object.<anonymous> [90m(/app/packages/core/[39mtest/unit/associations/association.test.ts:6:6[90m)[39m
[90m    at Module._compile (node:internal/modules/cjs/loader:1521:14)[39m
    at Module.m._compile (/app/node_modules/[4mts-node[24m/src/index.ts:1618:23)
    at Module._extensions.<computed> (/app/node_modules/[4mnode-hook[24m/index.js:80:14)
    at Object.require.extensions.<computed> [as .ts] (/app/node_modules/[4mts-node[24m/src/index.ts:1621:12)
[90m    at Module.load (node:internal/modules/cjs/loader:1266:32)[39m
[90m    at Function.Module._load (node:internal/modules/cjs/loader:1091:12)[39m
[90m    at Module.require (node:internal/modules/cjs/loader:1289:19)[39m
[90m    at require (node:internal/modules/helpers:182:18)[39m
    at Object.requireModule [as requireOrImport] (/app/node_modules/[4mmocha[24m/lib/nodejs/esm-utils.js:98:12)
    at Object.exports.loadFilesAsync (/app/node_modules/[4mmocha[24m/lib/nodejs/esm-utils.js:152:34)
    at Mocha.loadFilesAsync (/app/node_modules/[4mmocha[24m/lib/mocha.js:429:19)
    at singleRun (/app/node_modules/[4mmocha[24m/lib/cli/run-helpers.js:168:15)
    at exports.runMocha (/app/node_modules/[4mmocha[24m/lib/cli/run-helpers.js:245:10)
    at Object.exports.handler (/app/node_modules/[4mmocha[24m/lib/cli/run.js:379:11)
    at /app/node_modules/[4myargs[24m/build/index.cjs:1:8993
    at /app/node_modules/[4myargs[24m/build/index.cjs:1:4949 {
  code: [32m'ERR_DLOPEN_FAILED'[39m
}



 Lerna (powered by Nx)   Running target test-unit-snowflake for project @sequelize/core failed

Failed tasks:

- @sequelize/core:test-unit-snowflake

Hint: run the command with --verbose for more details.

Error: libxml2.so.2: cannot open shared object file: No such file or directory
    at Object.Module._extensions..node (node:internal/modules/cjs/loader:1661:18)
    at Module.load (node:internal/modules/cjs/loader:1266:32)
    at Function.Module._load (node:internal/modules/cjs/loader:1091:12)
    at Module.require (node:internal/modules/cjs/loader:1289:19)
    at require (node:internal/modules/helpers:182:18)
    at bindings (/app/node_modules/bindings/bindings.js:112:48)
    at Object.<anonymous> (/app/node_modules/ibm_db/lib/odbc.js:57:31)
    at Module._compile (node:internal/modules/cjs/loader:1521:14)
    at Module._extensions..js (node:internal/modules/cjs/loader:1623:10)
    at Object.require.extensions.<computed> [as .js] (/app/node_modules/ts-node/src/index.ts:1608:43) {
  code: 'ERR_DLOPEN_FAILED'
}
lerna notice cli v8.2.4
lerna notice filter including "@sequelize/core"
lerna info filter [ '@sequelize/core' ]

> @sequelize/core:test-integration

(node:7177) ExperimentalWarning: `--experimental-loader` may be removed in the future; instead use `register()`:
--import 'data:text/javascript,import { register } from "node:module"; import { pathToFileURL } from "node:url"; register("ts-node/esm", pathToFileURL("./"));'
(Use `node --trace-warnings ...` to show where the warning was created)
 Exception during run: Error: libxml2.so.2: cannot open shared object file: No such file or directory
[90m    at Object.Module._extensions..node (node:internal/modules/cjs/loader:1661:18)[39m
[90m    at Module.load (node:internal/modules/cjs/loader:1266:32)[39m
[90m    at Function.Module._load (node:internal/modules/cjs/loader:1091:12)[39m
[90m    at Module.require (node:internal/modules/cjs/loader:1289:19)[39m
[90m    at require (node:internal/modules/helpers:182:18)[39m
    at bindings (/app/node_modules/[4mbindings[24m/bindings.js:112:48)
    at Object.<anonymous> (/app/node_modules/[4mibm_db[24m/lib/odbc.js:57:31)
[90m    at Module._compile (node:internal/modules/cjs/loader:1521:14)[39m
[90m    at Module._extensions..js (node:internal/modules/cjs/loader:1623:10)[39m
    at Object.require.extensions.<computed> [as .js] (/app/node_modules/[4mts-node[24m/src/index.ts:1608:43)
[90m    at Module.load (node:internal/modules/cjs/loader:1266:32)[39m
[90m    at Function.Module._load (node:internal/modules/cjs/loader:1091:12)[39m
[90m    at Module.require (node:internal/modules/cjs/loader:1289:19)[39m
[90m    at require (node:internal/modules/helpers:182:18)[39m
    at Object.<anonymous> (/app/packages/db2/src/connection-manager.ts:10:24)
[90m    at Module._compile (node:internal/modules/cjs/loader:1521:14)[39m
[90m    at Module._extensions..js (node:internal/modules/cjs/loader:1623:10)[39m
    at Object.require.extensions.<computed> [as .js] (/app/node_modules/[4mts-node[24m/src/index.ts:1608:43)
[90m    at Module.load (node:internal/modules/cjs/loader:1266:32)[39m
[90m    at Function.Module._load (node:internal/modules/cjs/loader:1091:12)[39m
[90m    at Module.require (node:internal/modules/cjs/loader:1289:19)[39m
[90m    at require (node:internal/modules/helpers:182:18)[39m
    at Object.<anonymous> (/app/packages/db2/src/index.ts:3:15)
[90m    at Module._compile (node:internal/modules/cjs/loader:1521:14)[39m
[90m    at Module._extensions..js (node:internal/modules/cjs/loader:1623:10)[39m
    at Object.require.extensions.<computed> [as .js] (/app/node_modules/[4mts-node[24m/src/index.ts:1608:43)
[90m    at Module.load (node:internal/modules/cjs/loader:1266:32)[39m
[90m    at Function.Module._load (node:internal/modules/cjs/loader:1091:12)[39m
[90m    at Module.require (node:internal/modules/cjs/loader:1289:19)[39m
[90m    at require (node:internal/modules/helpers:182:18)[39m
    at Object.<anonymous> [90m(/app/packages/core/[39mtest/config/config.ts:2:28[90m)[39m
[90m    at Module._compile (node:internal/modules/cjs/loader:1521:14)[39m
    at Module.m._compile (/app/node_modules/[4mts-node[24m/src/index.ts:1618:23)
    at Module._extensions.<computed> (/app/node_modules/[4mnode-hook[24m/index.js:80:14)
    at Object.require.extensions.<computed> [as .ts] (/app/node_modules/[4mts-node[24m/src/index.ts:1621:12)
[90m    at Module.load (node:internal/modules/cjs/loader:1266:32)[39m
[90m    at Function.Module._load (node:internal/modules/cjs/loader:1091:12)[39m
[90m    at Module.require (node:internal/modules/cjs/loader:1289:19)[39m
[90m    at require (node:internal/modules/helpers:182:18)[39m
    at Object.<anonymous> [90m(/app/packages/core/[39mtest/support.ts:18:46[90m)[39m
[90m    at Module._compile (node:internal/modules/cjs/loader:1521:14)[39m
    at Module.m._compile (/app/node_modules/[4mts-node[24m/src/index.ts:1618:23)
    at Module._extensions.<computed> (/app/node_modules/[4mnode-hook[24m/index.js:80:14)
    at Object.require.extensions.<computed> [as .ts] (/app/node_modules/[4mts-node[24m/src/index.ts:1621:12)
[90m    at Module.load (node:internal/modules/cjs/loader:1266:32)[39m
[90m    at Function.Module._load (node:internal/modules/cjs/loader:1091:12)[39m
[90m    at Module.require (node:internal/modules/cjs/loader:1289:19)[39m
[90m    at require (node:internal/modules/helpers:182:18)[39m
    at Object.<anonymous> [90m(/app/packages/core/[39mtest/integration/support.ts:16:8[90m)[39m
[90m    at Module._compile (node:internal/modules/cjs/loader:1521:14)[39m
    at Module.m._compile (/app/node_modules/[4mts-node[24m/src/index.ts:1618:23)
    at Module._extensions.<computed> (/app/node_modules/[4mnode-hook[24m/index.js:80:14)
    at Object.require.extensions.<computed> [as .ts] (/app/node_modules/[4mts-node[24m/src/index.ts:1621:12)
[90m    at Module.load (node:internal/modules/cjs/loader:1266:32)[39m
[90m    at Function.Module._load (node:internal/modules/cjs/loader:1091:12)[39m
[90m    at Module.require (node:internal/modules/cjs/loader:1289:19)[39m
[90m    at require (node:internal/modules/helpers:182:18)[39m
    at Object.<anonymous> [90m(/app/packages/core/[39mtest/integration/associations/alias.test.js:6:17[90m)[39m
[90m    at Module._compile (node:internal/modules/cjs/loader:1521:14)[39m
[90m    at Module._extensions..js (node:internal/modules/cjs/loader:1623:10)[39m
    at Object.require.extensions.<computed> [as .js] (/app/node_modules/[4mts-node[24m/src/index.ts:1608:43)
[90m    at Module.load (node:internal/modules/cjs/loader:1266:32)[39m
[90m    at Function.Module._load (node:internal/modules/cjs/loader:1091:12)[39m
[90m    at cjsLoader (node:internal/modules/esm/translators:298:15)[39m
[90m    at ModuleWrap.<anonymous> (node:internal/modules/esm/translators:240:7)[39m
[90m    at ModuleJob.run (node:internal/modules/esm/module_job:325:25)[39m
[90m    at ModuleLoader.import (node:internal/modules/esm/loader:606:24)[39m
    at formattedImport (/app/node_modules/[4mmocha[24m/lib/nodejs/esm-utils.js:10:14)
    at Object.requireModule [as requireOrImport] (/app/node_modules/[4mmocha[24m/lib/nodejs/esm-utils.js:102:30)
    at Object.exports.loadFilesAsync (/app/node_modules/[4mmocha[24m/lib/nodejs/esm-utils.js:152:20)
    at singleRun (/app/node_modules/[4mmocha[24m/lib/cli/run-helpers.js:168:3)
    at Object.exports.handler (/app/node_modules/[4mmocha[24m/lib/cli/run.js:379:5) {
  code: [32m'ERR_DLOPEN_FAILED'[39m
}



 Lerna (powered by Nx)   Running target test-integration for project @sequelize/core failed

Failed tasks:

- @sequelize/core:test-integration

Hint: run the command with --verbose for more details.

