info: syncing channel updates for '1.89.0-x86_64-unknown-linux-gnu'
info: latest update on 2025-08-07, rust version 1.89.0 (29483883e 2025-08-04)
info: downloading component 'cargo'
info: downloading component 'clippy'
info: downloading component 'rust-docs'
info: downloading component 'rust-std'
info: downloading component 'rustc'
info: downloading component 'rustfmt'
info: installing component 'cargo'
info: installing component 'clippy'
info: installing component 'rust-docs'
info: installing component 'rust-std'
info: installing component 'rustc'
info: installing component 'rustfmt'
    Updating crates.io index
 Downloading crates ...
  Downloaded aead v0.5.2
  Downloaded cooked-waker v5.0.0
  Downloaded cache_control v0.2.0
  Downloaded cipher v0.4.4
  Downloaded clap_lex v0.7.4
  Downloaded ed25519 v2.2.3
  Downloaded endian-type v0.1.2
  Downloaded foreign-types v0.3.2
  Downloaded num-conv v0.1.0
  Downloaded flaky_test_impl v0.2.2
  Downloaded pbkdf2 v0.12.2
  Downloaded fs3 v0.5.0
  Downloaded futures-io v0.3.31
  Downloaded prettyplease v0.2.17
  Downloaded gpu-descriptor-types v0.2.0
  Downloaded same-file v1.0.6
  Downloaded hex v0.4.3
  Downloaded futures-task v0.3.31
  Downloaded gpu-descriptor v0.3.0
  Downloaded terminal_size v0.4.1
  Downloaded hostname v0.3.1
  Downloaded env_filter v0.1.3
  Downloaded shell-escape v0.1.5
  Downloaded heck v0.4.1
  Downloaded signal-hook-mio v0.2.4
  Downloaded swc_ecma_transforms_macros v1.0.1
  Downloaded vsimd v0.8.0
  Downloaded zstd v0.13.2
  Downloaded derive_builder_macro v0.20.2
  Downloaded serde_v8 v0.265.0
  Downloaded dotenvy v0.15.7
  Downloaded tower v0.5.2
  Downloaded dprint-core-macros v0.1.0
  Downloaded num v0.4.2
  Downloaded md4 v0.10.2
  Downloaded strum_macros v0.27.1
  Downloaded pest_meta v2.7.15
  Downloaded tokio-macros v2.5.0
  Downloaded tokio-vsock v0.7.1
  Downloaded tokio-socks v0.5.1
  Downloaded swc_atoms v7.0.0
  Downloaded deno_lint v0.80.0
  Downloaded debug-ignore v1.0.5
  Downloaded lcms2 v6.1.0
  Downloaded siphasher v1.0.1
  Downloaded thread_local v1.1.8
  Downloaded sync_wrapper v1.0.1
  Downloaded write16 v1.0.0
  Downloaded time-core v0.1.2
  Downloaded universal-hash v0.5.1
  Downloaded cranelift-module v0.116.1
  Downloaded serde_derive v1.0.219
  Downloaded semver v1.0.25
  Downloaded slug v0.1.5
  Downloaded deno_unsync v0.4.4
  Downloaded crc v2.1.0
  Downloaded is-wsl v0.4.0
  Downloaded deno_ast v0.50.0
  Downloaded resolv-conf v0.7.0
  Downloaded unic-char-property v0.9.0
  Downloaded unic-common v0.9.0
  Downloaded deno_whoami v0.1.0
  Downloaded http-body v1.0.0
  Downloaded httpdate v1.0.3
  Downloaded num_cpus v1.16.0
  Downloaded spin v0.9.8
  Downloaded strip-ansi-escapes v0.2.0
  Downloaded unic-ucd-version v0.9.0
  Downloaded unicase v2.7.0
  Downloaded unicode-id-start v1.2.0
  Downloaded icu_locid_transform v1.5.0
  Downloaded cranelift-frontend v0.116.1
  Downloaded open v5.1.2
  Downloaded swc_macros_common v1.0.1
  Downloaded swc_eq_ignore_macros v1.0.1
  Downloaded tinystr v0.7.6
  Downloaded static_assertions v1.1.0
  Downloaded swc_sourcemap v9.3.4
  Downloaded idna_adapter v1.2.0
  Downloaded cranelift-control v0.116.1
  Downloaded pin-project-internal v1.1.5
  Downloaded lru-slab v0.1.2
  Downloaded lazy-regex v3.1.0
  Downloaded ecb v0.1.2
  Downloaded sec1 v0.7.3
  Downloaded cranelift-entity v0.116.1
  Downloaded swc_config_macro v1.0.1
  Downloaded dsa v0.6.3
  Downloaded dunce v1.0.5
  Downloaded icu_normalizer v1.5.0
  Downloaded strsim v0.11.1
  Downloaded dprint-plugin-jupyter v0.2.0
  Downloaded semver v0.9.0
  Downloaded unicode-ident v1.0.12
  Downloaded yoke v0.7.4
  Downloaded malva v0.12.1
  Downloaded miniz_oxide v0.7.2
  Downloaded smartstring v1.0.1
  Downloaded memmap2 v0.9.5
  Downloaded ring v0.17.14
  Downloaded dprint-plugin-markdown v0.19.0
  Downloaded crossbeam-channel v0.5.15
  Downloaded unicode-normalization v0.1.23
  Downloaded gimli v0.31.1
  Downloaded unicode-segmentation v1.11.0
  Downloaded winnow v0.6.26
  Downloaded rustls-webpki v0.102.8
  Downloaded lsp-types v0.97.0
  Downloaded unicode-width v0.2.0
  Downloaded dprint-plugin-typescript v0.95.11
  Downloaded pest v2.7.15
  Downloaded minimal-lexical v0.2.1
  Downloaded cranelift-codegen-meta v0.116.1
  Downloaded wgpu-hal v24.0.0
  Downloaded dprint-swc-ext v0.25.0
  Downloaded swc_ecma_visit v15.0.0
  Downloaded fiat-crypto v0.1.20
  Downloaded unicode-width v0.1.13
  Downloaded hickory-proto v0.25.0-alpha.4
  Downloaded syn v1.0.109
  Downloaded regex v1.10.6
  Downloaded radix_trie v0.2.1
  Downloaded hdrhistogram v7.5.4
  Downloaded tokio v1.46.1
  Downloaded reqwest v0.12.5
  Downloaded regex-automata v0.4.6
  Downloaded rayon v1.10.0
  Downloaded yansi v1.0.1
  Downloaded x509-parser v0.15.1
  Downloaded ryu-js v1.0.1
  Downloaded rustyline v13.0.0
  Downloaded k256 v0.13.3
  Downloaded zstd-sys v2.0.15+zstd.1.5.7
  Downloaded ryu v1.0.17
  Downloaded naga v24.0.0
  Downloaded rustls-webpki v0.103.3
  Downloaded regalloc2 v0.11.1
  Downloaded itertools v0.14.0
  Downloaded libz-sys v1.1.20
  Downloaded sha3 v0.10.8
  Downloaded itertools v0.13.0
  Downloaded deunicode v1.4.3
  Downloaded openssl v0.10.72
  Downloaded hyper-util v0.1.10
  Downloaded x25519-dalek v2.0.1
  Downloaded eszip v0.99.0
  Downloaded dprint-plugin-json v0.20.0
  Downloaded dlopen2 v0.6.1
  Downloaded idna v1.0.3
  Downloaded mime v0.3.17
  Downloaded memoffset v0.9.1
  Downloaded icu_locid_transform_data v1.5.0
  Downloaded yaml_parser v0.2.1
  Downloaded keyring v3.6.3
  Downloaded simd-json v0.14.0
  Downloaded h2 v0.3.26
  Downloaded icu_collections v1.5.0
  Downloaded winapi v0.3.9
  Downloaded encoding_rs v0.8.35
  Downloaded http v1.1.0
  Downloaded crc32fast v1.4.2
  Downloaded cranelift-codegen-shared v0.116.1
  Downloaded opaque-debug v0.3.1
  Downloaded once_cell v1.21.3
  Downloaded cranelift-codegen v0.116.1
  Downloaded swc_ecma_ast v15.0.0
  Downloaded yoke-derive v0.7.4
  Downloaded xattr v1.3.1
  Downloaded swc_ecma_utils v21.0.0
  Downloaded swc_ecma_transforms_react v28.0.0
  Downloaded linux-raw-sys v0.4.13
  Downloaded swc_ecma_lexer v23.0.1
  Downloaded dyn-clone v1.0.17
  Downloaded swc_config v3.1.1
  Downloaded moka v0.12.10
  Downloaded pin-project v1.1.5
  Downloaded cranelift-isle v0.116.1
  Downloaded swc_ecma_transforms_typescript v28.0.0
  Downloaded wide v0.7.33
  Downloaded h2 v0.4.7
  Downloaded phf_shared v0.11.2
  Downloaded percent-encoding v2.3.1
  Downloaded pem-rfc7468 v0.7.0
  Downloaded crossbeam-epoch v0.9.18
  Downloaded stringcase v0.4.0
  Downloaded sqlformat v0.3.5
  Downloaded socket2 v0.5.5
  Downloaded monch v0.5.0
  Downloaded if_chain v1.0.2
  Downloaded string_enum v1.0.2
  Downloaded stacker v0.1.15
  Downloaded sptr v0.3.2
  Downloaded dissimilar v1.0.9
  Downloaded denokv_sqlite v0.12.0
  Downloaded diff v0.1.13
  Downloaded crossbeam-deque v0.8.5
  Downloaded rustls v0.23.28
  Downloaded log v0.4.27
  Downloaded tokio-eld v0.2.0
  Downloaded tinyvec_macros v0.1.1
  Downloaded tinyvec v1.6.0
  Downloaded swc_visit v2.0.1
  Downloaded mio v0.8.11
  Downloaded rustix v0.38.34
  Downloaded sourcemap v9.2.0
  Downloaded unic-ucd-ident v0.9.0
  Downloaded wgpu-types v24.0.0
  Downloaded hkdf v0.12.4
  Downloaded scrypt v0.11.0
  Downloaded mio v1.0.3
  Downloaded stable_deref_trait v1.2.0
  Downloaded miniz_oxide v0.8.8
  Downloaded futures-util v0.3.31
  Downloaded libsui v0.10.0
  Downloaded pkcs5 v0.7.1
  Downloaded spki v0.7.3
  Downloaded url v2.5.4
  Downloaded portable-atomic v1.10.0
  Downloaded swc_graph_analyzer v14.0.1
  Downloaded pkcs8 v0.10.2
  Downloaded pkcs1 v0.7.5
  Downloaded pin-utils v0.1.0
  Downloaded pin-project-lite v0.2.14
  Downloaded openssl-probe v0.1.5
  Downloaded hyper-timeout v0.5.2
  Downloaded humantime v2.1.0
  Downloaded denokv_proto v0.12.0
  Downloaded png v0.17.13
  Downloaded khronos-egl v6.0.0
  Downloaded image v0.25.4
  Downloaded derive_builder_core v0.20.2
  Downloaded derive_builder v0.20.2
  Downloaded ecow v0.2.3
  Downloaded utf16_iter v1.0.5
  Downloaded deno_tower_lsp v0.4.3
  Downloaded deno_graph v0.100.0
  Downloaded http v0.2.12
  Downloaded hashbrown v0.15.5
  Downloaded glow v0.16.0
  Downloaded jsonc-parser v0.26.3
  Downloaded smallvec v1.14.0
  Downloaded num-bigint v0.4.6
  Downloaded icu_locid v1.5.0
  Downloaded ecdsa v0.16.9
  Downloaded rustversion v1.0.15
  Downloaded indexmap v2.9.0
  Downloaded swc_common v14.0.3
  Downloaded libdbus-sys v0.2.5
  Downloaded litrs v0.4.1
  Downloaded deno_doc v0.183.0
  Downloaded swc_ecma_codegen v17.0.0
  Downloaded denokv_remote v0.12.0
  Downloaded keccak v0.1.5
  Downloaded displaydoc v0.2.4
  Downloaded dirs v5.0.1
  Downloaded digest v0.10.7
  Downloaded deno_core_icudata v0.74.0
  Downloaded swc_ecma_codegen_macros v2.0.2
  Downloaded dirs-sys v0.4.1
  Downloaded derive_arbitrary v1.4.1
  Downloaded der v0.7.9
  Downloaded syn v2.0.87
  Downloaded lcms2-sys v4.0.5
  Downloaded webpki-roots v0.26.1
  Downloaded ed448-goldilocks v0.8.3
  Downloaded spirv v0.3.0+sdk-1.3.268.0
  Downloaded num-traits v0.2.19
  Downloaded utf8-width v0.1.7
  Downloaded sm3 v0.4.2
  Downloaded oid-registry v0.6.1
  Downloaded libsqlite3-sys v0.32.0
  Downloaded num-rational v0.4.2
  Downloaded multimap v0.8.3
  Downloaded httparse v1.10.0
  Downloaded rusqlite v0.34.0
  Downloaded swc_bundler v29.0.0
  Downloaded memchr v2.7.5
  Downloaded http-body-util v0.1.2
  Downloaded http-body v0.4.6
  Downloaded winnow v0.7.1
  Downloaded crossbeam-queue v0.3.11
  Downloaded utf-8 v0.7.6
  Downloaded urlpattern v0.3.0
  Downloaded untrusted v0.9.0
  Downloaded ucd-trie v0.1.6
  Downloaded rustyline-derive v0.7.0
  Downloaded serde_json v1.0.140
  Downloaded icu_provider v1.5.0
  Downloaded unicode-xid v0.2.6
  Downloaded crc-catalog v1.1.1
  Downloaded wtf8 v0.1.0
  Downloaded time v0.3.36
  Downloaded rayon-core v1.12.1
  Downloaded rustls-native-certs v0.7.0
  Downloaded prost-build v0.13.3
  Downloaded prost v0.13.3
  Downloaded proc-macro2 v1.0.101
  Downloaded derive-io-macros v0.4.1
  Downloaded wyz v0.5.1
  Downloaded p224 v0.13.2
  Downloaded lock_api v0.4.11
  Downloaded litemap v0.7.3
  Downloaded unic-char-range v0.9.0
  Downloaded rusticata-macros v4.1.0
  Downloaded profiling v1.0.15
  Downloaded proc-macro-rules-macros v0.4.0
  Downloaded polyval v0.6.2
  Downloaded writeable v0.5.5
  Downloaded serde v1.0.219
  Downloaded opentelemetry-semantic-conventions v0.27.0
  Downloaded libm v0.2.8
  Downloaded rustc_version v0.4.0
  Downloaded pkg-config v0.3.30
  Downloaded jupyter-protocol v0.8.0
  Downloaded is-macro v0.3.5
  Downloaded ipnetwork v0.20.0
  Downloaded ipnet v2.9.0
  Downloaded inotify v0.9.6
  Downloaded indexmap v1.9.3
  Downloaded napi-build v1.2.1
  Downloaded import_map v0.23.0
  Downloaded untrusted v0.7.1
  Downloaded unicode_categories v0.1.1
  Downloaded tiny_pretty v0.2.0
  Downloaded time-macros v0.2.18
  Downloaded openssl-sys v0.9.108
  Downloaded dbus v0.9.7
  Downloaded curve25519-dalek v4.1.3
  Downloaded which v8.0.0
  Downloaded typenum v1.17.0
  Downloaded hashbrown v0.14.5
  Downloaded is-docker v0.2.0
  Downloaded inout v0.1.3
  Downloaded inotify-sys v0.1.5
  Downloaded ignore v0.4.20
  Downloaded rustc_version v0.2.3
  Downloaded deno_ops v0.232.0
  Downloaded deno_npm v0.38.0
  Downloaded rand_chacha v0.9.0
  Downloaded libffi-sys v3.2.0
  Downloaded derive-io v0.4.1
  Downloaded deranged v0.3.11
  Downloaded der_derive v0.7.3
  Downloaded der-parser v8.2.0
  Downloaded deno_core v0.356.0
  Downloaded swc_ecma_transforms_optimization v26.0.0
  Downloaded cranelift-native v0.116.1
  Downloaded opentelemetry_sdk v0.27.1
  Downloaded deno_tunnel v0.8.0
  Downloaded aws-lc-sys v0.26.0
  Downloaded crypto-bigint v0.5.5
  Downloaded wgpu-core v24.0.0
  Downloaded twox-hash v2.1.0
  Downloaded twox-hash v1.6.3
  Downloaded libc v0.2.172
  Downloaded deno_panic v0.1.0
  Downloaded crossterm v0.28.1
  Downloaded which v6.0.1
  Downloaded webpki-root-certs v0.26.6
  Downloaded petgraph v0.7.1
  Downloaded handlebars v6.1.0
  Downloaded rsa v0.9.6
  Downloaded thiserror-impl v2.0.12
  Downloaded synstructure v0.12.6
  Downloaded slab v0.4.9
  Downloaded serde_urlencoded v0.7.1
  Downloaded serde_repr v0.1.19
  Downloaded serde_bytes v0.11.14
  Downloaded semver-parser v0.7.0
  Downloaded rustc-hash v1.1.0
  Downloaded rfc6979 v0.4.0
  Downloaded ordered-float v4.6.0
  Downloaded web-transport-proto v0.2.3
  Downloaded seq-macro v0.3.6
  Downloaded ordered-float v2.10.1
  Downloaded deno_cache_dir v0.25.0
  Downloaded dbus-secret-service v4.0.3
  Downloaded rand_core v0.9.3
  Downloaded quote v1.0.37
  Downloaded zune-jpeg v0.4.13
  Downloaded outref v0.5.1
  Downloaded deno_terminal v0.2.2
  Downloaded deno_terminal v0.1.1
  Downloaded dprint-core v0.67.4
  Downloaded signal-hook v0.3.17
  Downloaded option-ext v0.2.0
  Downloaded libuv-sys-lite v1.48.2
  Downloaded debugid v0.8.0
  Downloaded data-encoding v2.5.0
  Downloaded typed-arena v2.0.2
  Downloaded thiserror-impl v1.0.69
  Downloaded tracing-core v0.1.33
  Downloaded lazy_static v1.5.0
  Downloaded quinn-proto v0.11.12
  Downloaded nix v0.27.1
  Downloaded serde-value v0.7.0
  Downloaded rustc-hash v2.1.1
  Downloaded ripemd v0.1.3
  Downloaded p256 v0.13.2
  Downloaded os_pipe v1.2.1
  Downloaded lazy-regex-proc_macros v3.1.0
  Downloaded deno_error_macro v0.7.0
  Downloaded data-url v0.3.1
  Downloaded dashmap v5.5.3
  Downloaded darling_core v0.20.10
  Downloaded curve25519-dalek-derive v0.1.1
  Downloaded tokio-util v0.7.16
  Downloaded thiserror v2.0.12
  Downloaded petgraph v0.6.4
  Downloaded nix v0.29.0
  Downloaded libloading v0.8.5
  Downloaded libloading v0.7.4
  Downloaded derive_more v0.99.17
  Downloaded hickory-resolver v0.25.0-alpha.4
  Downloaded deno_task_shell v0.26.0
  Downloaded deno_error v0.7.0
  Downloaded deno-tower-lsp-macros v0.11.3
  Downloaded darling_macro v0.20.10
  Downloaded darling v0.20.10
  Downloaded ctr v0.9.2
  Downloaded css_dataset v0.4.1
  Downloaded crypto-common v0.1.6
  Downloaded crossbeam-utils v0.8.21
  Downloaded weak-table v0.3.2
  Downloaded ref-cast-impl v1.0.22
  Downloaded ref-cast v1.0.22
  Downloaded quinn v0.11.8
  Downloaded quick-xml v0.31.0
  Downloaded pulldown-cmark v0.11.2
  Downloaded jobserver v0.1.32
  Downloaded icu_properties_data v1.5.0
  Downloaded vte v0.13.1
  Downloaded wasm_dep_analyzer v0.4.0
  Downloaded want v0.3.1
  Downloaded walkdir v2.5.0
  Downloaded raw-window-handle v0.6.1
  Downloaded rand_core v0.6.4
  Downloaded radix_fmt v1.0.0
  Downloaded radium v0.7.0
  Downloaded quinn-udp v0.5.8
  Downloaded phf_generator v0.11.2
  Downloaded phf v0.11.2
  Downloaded num-iter v0.1.44
  Downloaded hyper-rustls v0.27.2
  Downloaded hyper v1.6.0
  Downloaded cranelift-bforest v0.116.1
  Downloaded rustls-pki-types v1.12.0
  Downloaded hickory-server v0.25.0-alpha.4
  Downloaded swc_allocator v4.0.1
  Downloaded itoa v1.0.15
  Downloaded is_terminal_polyfill v1.70.1
  Downloaded zip v2.4.1
  Downloaded zerocopy v0.7.32
  Downloaded subtle v2.5.0
  Downloaded tower-http v0.6.1
  Downloaded tokio-stream v0.1.16
  Downloaded tokio-rustls v0.26.0
  Downloaded tokio-metrics v0.3.1
  Downloaded sys_traits v0.1.17
  Downloaded strum_macros v0.26.4
  Downloaded prost-types v0.13.3
  Downloaded html-escape v0.2.13
  Downloaded hipstr v0.6.0
  Downloaded thiserror v1.0.69
  Downloaded synstructure v0.13.1
  Downloaded strum v0.27.1
  Downloaded quick-junit v0.3.6
  Downloaded quick-error v1.2.3
  Downloaded psm v0.1.21
  Downloaded phf_macros v0.11.2
  Downloaded pest_generator v2.7.15
  Downloaded tracing v0.1.41
  Downloaded tower v0.4.13
  Downloaded tonic v0.12.3
  Downloaded toml_edit v0.22.23
  Downloaded heapless v0.8.0
  Downloaded fancy-regex v0.14.0
  Downloaded pest_derive v2.7.15
  Downloaded nibble_vec v0.1.0
  Downloaded md-5 v0.10.6
  Downloaded hyper v0.14.28
  Downloaded triomphe v0.1.13
  Downloaded swc_ecma_transforms_base v25.0.0
  Downloaded strum v0.26.3
  Downloaded prost-derive v0.13.3
  Downloaded ntest_timeout v0.9.3
  Downloaded notify v6.1.1
  Downloaded new_debug_unreachable v1.0.6
  Downloaded netif v0.1.6
  Downloaded napi-sys v2.2.2
  Downloaded matchit v0.7.3
  Downloaded safe_arch v0.7.4
  Downloaded match_cfg v0.1.0
  Downloaded libffi v4.0.0
  Downloaded icu_properties v1.5.1
  Downloaded deno_semver v0.9.0
  Downloaded deno_path_util v0.6.1
  Downloaded deno_lockfile v0.31.2
  Downloaded cranelift v0.116.1
  Downloaded countme v3.0.1
  Downloaded vcpkg v0.2.15
  Downloaded shlex v1.3.0
  Downloaded regex-syntax v0.8.3
  Downloaded p384 v0.13.0
  Downloaded markup_fmt v0.22.0
  Downloaded ident_case v1.0.1
  Downloaded icu_provider_macros v1.5.0
  Downloaded icu_normalizer_data v1.5.0
  Downloaded hstr v2.0.1
  Downloaded document-features v0.2.10
  Downloaded dlopen2_derive v0.4.0
  Downloaded deno_media_type v0.2.9
  Downloaded cpufeatures v0.2.12
  Downloaded zune-core v0.4.12
  Downloaded zstd-safe v7.2.4
  Downloaded zerovec-derive v0.10.3
  Downloaded zerovec v0.10.4
  Downloaded zeromq v0.5.0-pre
  Downloaded zeromq v0.4.1
  Downloaded zeroize_derive v1.4.2
  Downloaded zeroize v1.8.1
  Downloaded zerofrom-derive v0.1.4
  Downloaded zerocopy-derive v0.7.32
  Downloaded vte v0.11.1
  Downloaded vsock v0.5.1
  Downloaded version_check v0.9.4
  Downloaded value-trait v0.10.0
  Downloaded v8_valueserializer v0.1.1
  Downloaded uuid v1.8.0
  Downloaded utf8parse v0.2.1
  Downloaded swc_ecma_transforms_proposal v25.0.0
  Downloaded rand v0.9.1
  Downloaded rand v0.8.5
  Downloaded p521 v0.13.3
  Downloaded opentelemetry-proto v0.27.0
  Downloaded brotli v6.0.0
  Downloaded deno_native_certs v0.3.0
  Downloaded tracing-attributes v0.1.28
  Downloaded tower-service v0.3.3
  Downloaded tower-layer v0.3.3
  Downloaded toml_datetime v0.6.8
  Downloaded tar v0.4.43
  Downloaded sys_traits_macros v0.1.0
  Downloaded simdutf8 v0.1.4
  Downloaded rustls-tokio-stream v0.8.0
  Downloaded pretty_assertions v1.4.1
  Downloaded opentelemetry v0.27.0
  Downloaded flate2 v1.0.35
  Downloaded fastwebsockets v0.8.0
  Downloaded termcolor v1.4.1
  Downloaded tempfile v3.10.1
  Downloaded target-lexicon v0.13.2
  Downloaded tap v1.0.1
  Downloaded tagptr v0.2.0
  Downloaded swc_ecma_parser v23.0.0
  Downloaded rowan v0.15.15
  Downloaded hashlink v0.8.4
  Downloaded hashbrown v0.12.3
  Downloaded env_logger v0.11.6
  Downloaded cranelift-bitset v0.116.1
  Downloaded shellexpand v3.1.0
  Downloaded num-bigint-dig v0.8.4
  Downloaded nom v7.1.3
  Downloaded saffron v0.1.0
  Downloaded prefix-trie v0.5.1
  Downloaded nom v5.1.3
  Downloaded hmac v0.12.1
  Downloaded getrandom v0.3.3
  Downloaded futures v0.3.31
  Downloaded filetime v0.2.23
  Downloaded fastbloom v0.9.0
  Downloaded vte_generate_state_changes v0.1.1
  Downloaded try-lock v0.2.5
  Downloaded text-size v1.1.1
  Downloaded siphasher v0.3.11
  Downloaded simd-adler32 v0.3.7
  Downloaded signature v2.2.0
  Downloaded signal-hook-registry v1.4.2
  Downloaded sha2 v0.10.8
  Downloaded sha1_smol v1.0.0
  Downloaded sha1 v0.10.6
  Downloaded serdect v0.2.0
  Downloaded scopeguard v1.2.0
  Downloaded scoped-tls v1.0.1
  Downloaded runtimelib v0.28.0
  Downloaded ron v0.8.1
  Downloaded raffia_macro v0.1.1
  Downloaded parking_lot_core v0.9.9
  Downloaded hashlink v0.10.0
  Downloaded getrandom v0.2.14
  Downloaded file_test_runner v0.7.3
  Downloaded fdeflate v0.3.4
  Downloaded fast-socks5 v0.9.6
  Downloaded fallible-iterator v0.3.0
  Downloaded entities v1.0.1
  Downloaded chrono v0.4.37
  Downloaded zerofrom v0.1.4
  Downloaded salsa20 v0.10.2
  Downloaded rustls-pemfile v2.1.2
  Downloaded relative-path v1.9.2
  Downloaded path-dedot v3.1.1
  Downloaded num-integer v0.1.46
  Downloaded gpu-alloc v0.6.0
  Downloaded utf8_iter v1.0.4
  Downloaded text_lines v0.6.0
  Downloaded proc-macro-crate v3.2.0
  Downloaded primeorder v0.13.6
  Downloaded ppv-lite86 v0.2.17
  Downloaded powerfmt v0.2.0
  Downloaded paste v1.0.15
  Downloaded parking_lot v0.12.3
  Downloaded esbuild_client v0.6.0
  Downloaded bitvec v1.0.1
  Downloaded pretty_yaml v0.5.0
  Downloaded path-clean v0.1.0
  Downloaded opentelemetry-otlp v0.27.0
  Downloaded comrak v0.29.0
  Downloaded aws-lc-rs v1.12.4
  Downloaded pathdiff v0.2.1
  Downloaded openssl-macros v0.1.1
  Downloaded halfbrown v0.2.5
  Downloaded bytes v1.10.1
  Downloaded bumpalo v3.19.0
  Downloaded gzip-header v1.0.0
  Downloaded group v0.13.0
  Downloaded fastrand v2.3.0
  Downloaded enum-as-inner v0.6.0
  Downloaded rand_chacha v0.3.1
  Downloaded num-complex v0.4.6
  Downloaded globset v0.4.14
  Downloaded futures-channel v0.3.31
  Downloaded base64 v0.22.1
  Downloaded axum v0.7.5
  Downloaded cc v1.2.16
  Downloaded bindgen v0.70.1
  Downloaded futures-core v0.3.31
  Downloaded async-once-cell v0.5.4
  Downloaded swc_ecma_transforms_classes v25.0.0
  Downloaded swc_ecma_loader v14.0.0
  Downloaded proc-macro-rules v0.4.0
  Downloaded home v0.5.9
  Downloaded fs_extra v1.3.0
  Downloaded bstr v1.9.1
  Downloaded ff v0.13.0
  Downloaded fd-lock v4.0.2
  Downloaded faster-hex v0.10.0
  Downloaded error_reporter v1.0.0
  Downloaded errno v0.3.10
  Downloaded clap_builder v4.5.30
  Downloaded bindgen v0.71.1
  Downloaded async-compression v0.4.11
  Downloaded heck v0.5.0
  Downloaded hash32 v0.3.1
  Downloaded glob v0.3.1
  Downloaded ghash v0.5.1
  Downloaded futures-sink v0.3.31
  Downloaded futures-macro v0.3.31
  Downloaded fallible-streaming-iterator v0.1.9
  Downloaded color-print-proc-macro v0.3.5
  Downloaded color-print v0.3.5
  Downloaded cfg_aliases v0.2.1
  Downloaded cfg-if v1.0.0
  Downloaded capacity_builder_macros v0.3.0
  Downloaded bytes-str v0.2.7
  Downloaded bit-vec v0.8.0
  Downloaded bit-set v0.8.0
  Downloaded bincode v1.3.3
  Downloaded base64 v0.21.7
  Downloaded async-stream-impl v0.3.5
  Downloaded asn1-rs-derive v0.4.0
  Downloaded asn1-rs v0.5.2
  Downloaded raffia v0.9.2
  Downloaded futures-executor v0.3.31
  Downloaded equivalent v1.0.1
  Downloaded colorchoice v1.0.0
  Downloaded codespan-reporting v0.11.1
  Downloaded clap v4.5.30
  Downloaded cexpr v0.6.0
  Downloaded cbc v0.1.2
  Downloaded byteorder v1.5.0
  Downloaded block-buffer v0.10.4
  Downloaded openssl-src v300.5.0+3.5.0
  Downloaded asynchronous-codec v0.7.0
  Downloaded ash v0.38.0+1.3.281
  Downloaded generic-array v0.14.7
  Downloaded fslock v0.2.1
  Downloaded convert_case v0.4.0
  Downloaded clap_complete v4.5.45
  Downloaded castaway v0.2.3
  Downloaded capacity_builder v0.5.0
  Downloaded bytemuck_derive v1.8.1
  Downloaded boxed_error v0.2.3
  Downloaded blake2 v0.10.6
  Downloaded autocfg v1.3.0
  Downloaded asn1-rs-impl v0.1.0
  Downloaded alloc-stdlib v0.2.2
  Downloaded password-hash v0.5.0
  Downloaded hexf-parse v0.2.1
  Downloaded gpu-alloc-types v0.3.0
  Downloaded cmake v0.1.50
  Downloaded clap_complete_fig v4.5.2
  Downloaded clang-sys v1.8.1
  Downloaded atomic-waker v1.1.2
  Downloaded anstyle v1.0.8
  Downloaded anstream v0.6.15
  Downloaded funty v2.0.0
  Downloaded fluent-uri v0.1.4
  Downloaded better_scoped_tls v1.0.1
  Downloaded base64ct v1.6.0
  Downloaded base16ct v0.2.0
  Downloaded arbitrary v1.4.1
  Downloaded from_variant v2.0.2
  Downloaded fqdn v0.3.4
  Downloaded form_urlencoded v1.2.1
  Downloaded foreign-types-shared v0.3.1
  Downloaded foreign-types-macros v0.2.3
  Downloaded foreign-types v0.5.0
  Downloaded foldhash v0.1.4
  Downloaded fnv v1.0.7
  Downloaded float-cmp v0.9.0
  Downloaded fixedbitset v0.5.7
  Downloaded fixedbitset v0.4.2
  Downloaded console_static_text v0.8.3
  Downloaded bitflags v2.9.3
  Downloaded bencher v0.1.5
  Downloaded az v1.2.1
  Downloaded alloc-no-stdlib v2.0.4
  Downloaded par-core v2.0.0
  Downloaded opentelemetry-http v0.27.0
  Downloaded foreign-types-shared v0.1.1
  Downloaded ed25519-dalek v2.1.1
  Downloaded ast_node v3.0.3
  Downloaded flaky_test v0.2.2
  Downloaded async-stream v0.3.5
  Downloaded elliptic-curve v0.13.8
  Downloaded either v1.10.0
  Downloaded editpe v0.1.0
  Downloaded aho-corasick v1.1.3
  Downloaded brotli-decompressor v4.0.1
  Downloaded async-recursion v1.1.1
  Downloaded aes v0.8.3
  Downloaded aead-gcm-stream v0.4.0
  Downloaded const-oid v0.9.6
  Downloaded compact_str v0.7.1
  Downloaded bytemuck v1.21.0
  Downloaded ascii v1.1.0
  Downloaded arc-swap v1.7.1
  Downloaded anyhow v1.0.98
  Downloaded anstyle-query v1.0.2
  Downloaded allocator-api2 v0.2.21
  Downloaded caseless v0.2.1
  Downloaded byteorder-lite v0.1.0
  Downloaded block-padding v0.3.3
  Downloaded bitflags v1.3.2
  Downloaded base32 v0.5.1
  Downloaded axum-core v0.4.5
  Downloaded auto_impl v1.2.0
  Downloaded async-trait v0.1.88
  Downloaded arrayvec v0.7.4
  Downloaded anstyle-parse v0.2.3
  Downloaded base64-simd v0.8.0
  Downloaded aes-kw v0.2.1
  Downloaded aes-gcm v0.10.3
  Downloaded ahash v0.8.11
  Downloaded adler v1.0.2
  Downloaded Inflector v0.11.4
  Downloaded adler2 v2.0.0
  Downloaded v8 v137.3.0
   Compiling proc-macro2 v1.0.101
   Compiling unicode-ident v1.0.12
   Compiling libc v0.2.172
   Compiling serde v1.0.219
   Compiling autocfg v1.3.0
   Compiling cfg-if v1.0.0
   Compiling version_check v0.9.4
   Compiling shlex v1.3.0
   Compiling parking_lot_core v0.9.9
   Compiling memchr v2.7.5
   Compiling serde_json v1.0.140
   Compiling libm v0.2.8
   Compiling allocator-api2 v0.2.21
   Compiling smallvec v1.14.0
   Compiling equivalent v1.0.1
   Compiling foldhash v0.1.4
   Compiling anyhow v1.0.98
   Compiling pin-project-lite v0.2.14
   Compiling itoa v1.0.15
   Compiling bytes v1.10.1
   Compiling log v0.4.27
   Compiling thiserror v2.0.12
   Compiling once_cell v1.21.3
   Compiling typenum v1.17.0
   Compiling either v1.10.0
   Compiling scopeguard v1.2.0
   Compiling regex-syntax v0.8.3
   Compiling ryu v1.0.17
   Compiling stable_deref_trait v1.2.0
   Compiling radium v0.7.0
   Compiling paste v1.0.15
   Compiling litemap v0.7.3
   Compiling writeable v0.5.5
   Compiling percent-encoding v2.3.1
   Compiling rustversion v1.0.15
   Compiling rustc-hash v2.1.1
   Compiling icu_locid_transform_data v1.5.0
   Compiling futures-core v0.3.31
   Compiling icu_properties_data v1.5.0
   Compiling utf16_iter v1.0.5
   Compiling icu_normalizer_data v1.5.0
   Compiling write16 v1.0.0
   Compiling utf8_iter v1.0.4
   Compiling ppv-lite86 v0.2.17
   Compiling futures-sink v0.3.31
   Compiling minimal-lexical v0.2.1
   Compiling futures-io v0.3.31
   Compiling pin-utils v0.1.0
   Compiling futures-task v0.3.31
   Compiling glob v0.3.1
   Compiling prettyplease v0.2.17
   Compiling bindgen v0.71.1
   Compiling sha1_smol v1.0.0
   Compiling pkg-config v0.3.30
   Compiling heck v0.5.0
   Compiling libloading v0.8.5
   Compiling crc32fast v1.4.2
   Compiling adler2 v2.0.0
   Compiling rustix v0.38.34
   Compiling lock_api v0.4.11
   Compiling num-traits v0.2.19
   Compiling slab v0.4.9
   Compiling generic-array v0.14.7
   Compiling futures-channel v0.3.31
   Compiling ahash v0.8.11
   Compiling miniz_oxide v0.8.8
   Compiling linux-raw-sys v0.4.13
   Compiling home v0.5.9
   Compiling gzip-header v1.0.0
   Compiling subtle v2.5.0
   Compiling az v1.2.1
   Compiling byteorder v1.5.0
   Compiling itertools v0.13.0
   Compiling data-encoding v2.5.0
   Compiling stringcase v0.4.0
   Compiling memoffset v0.9.1
   Compiling dunce v1.0.5
   Compiling aho-corasick v1.1.3
   Compiling hashbrown v0.15.5
   Compiling vcpkg v0.2.15
   Compiling tap v1.0.1
   Compiling thiserror v1.0.69
   Compiling vsimd v0.8.0
   Compiling form_urlencoded v1.2.1
   Compiling clang-sys v1.8.1
   Compiling nom v7.1.3
   Compiling outref v0.5.1
   Compiling funty v2.0.0
   Compiling if_chain v1.0.2
   Compiling unicode-id-start v1.2.0
   Compiling sptr v0.3.2
   Compiling fs_extra v1.3.0
   Compiling static_assertions v1.1.0
   Compiling tracing-core v0.1.33
   Compiling const-oid v0.9.6
   Compiling aws-lc-rs v1.12.4
   Compiling cpufeatures v0.2.12
   Compiling wyz v0.5.1
   Compiling termcolor v1.4.1
   Compiling cfg_aliases v0.2.1
   Compiling httparse v1.10.0
   Compiling crossbeam-utils v0.8.21
   Compiling bit-vec v0.8.0
   Compiling rustls v0.23.28
   Compiling deno_core_icudata v0.74.0
   Compiling cooked-waker v5.0.0
   Compiling siphasher v0.3.11
   Compiling fnv v1.0.7
   Compiling base64 v0.22.1
   Compiling quote v1.0.37
   Compiling unicode-width v0.1.13
   Compiling Inflector v0.11.4
   Compiling bitvec v1.0.1
   Compiling deno_terminal v0.2.2
   Compiling derive-io-macros v0.4.1
   Compiling zerocopy v0.7.32
   Compiling tower-service v0.3.3
   Compiling untrusted v0.7.1
   Compiling getrandom v0.2.14
   Compiling signal-hook-registry v1.4.2
   Compiling socket2 v0.5.5
   Compiling filetime v0.2.23
   Compiling base64-simd v0.8.0
   Compiling bit-set v0.8.0
   Compiling http v1.1.0
   Compiling smartstring v1.0.1
   Compiling semver v1.0.25
   Compiling regex-automata v0.4.6
   Compiling untrusted v0.9.0
   Compiling phf_shared v0.11.2
   Compiling try-lock v0.2.5
   Compiling getrandom v0.3.3
   Compiling jobserver v0.1.32
   Compiling syn v2.0.87
   Compiling fslock v0.2.1
   Compiling mio v1.0.3
   Compiling httpdate v1.0.3
   Compiling atomic-waker v1.1.2
   Compiling which v8.0.0
   Compiling syn v1.0.109
   Compiling seq-macro v0.3.6
   Compiling heck v0.4.1
   Compiling heapless v0.8.0
   Compiling fqdn v0.3.4
   Compiling signal-hook v0.3.17
   Compiling portable-atomic v1.10.0
   Compiling rand_core v0.6.4
   Compiling parking_lot v0.12.3
   Compiling cexpr v0.6.0
   Compiling winapi v0.3.9
   Compiling monch v0.5.0
   Compiling denokv_proto v0.12.0
   Compiling base64 v0.21.7
   Compiling moka v0.12.10
   Compiling sync_wrapper v1.0.1
   Compiling encoding_rs v0.8.35
   Compiling semver-parser v0.7.0
   Compiling quinn-udp v0.5.8
   Compiling num-integer v0.1.46
   Compiling new_debug_unreachable v1.0.6
   Compiling want v0.3.1
   Compiling alloc-no-stdlib v2.0.4
   Compiling quinn v0.11.8
   Compiling cc v1.2.16
   Compiling scoped-tls v1.0.1
   Compiling os_pipe v1.2.1
   Compiling indexmap v1.9.3
   Compiling rayon-core v1.12.1
   Compiling utf8parse v0.2.1
   Compiling tinyvec_macros v0.1.1
   Compiling bumpalo v3.19.0
   Compiling rand_chacha v0.3.1
   Compiling num-conv v0.1.0
   Compiling mime v0.3.17
   Compiling simdutf8 v0.1.4
   Compiling hashbrown v0.14.5
   Compiling base64ct v1.6.0
   Compiling time-core v0.1.2
   Compiling bitflags v1.3.2
   Compiling swc_visit v2.0.1
   Compiling diff v0.1.13
   Compiling yansi v1.0.1
   Compiling fastrand v2.3.0
   Compiling axum v0.7.5
   Compiling alloc-stdlib v0.2.2
   Compiling hash32 v0.3.1
   Compiling unicode-xid v0.2.6
   Compiling better_scoped_tls v1.0.1
   Compiling data-url v0.3.1
   Compiling crossbeam-channel v0.5.15
   Compiling cranelift-isle v0.116.1
   Compiling tinyvec v1.6.0
   Compiling crossbeam-epoch v0.9.18
   Compiling tower-layer v0.3.3
   Compiling cranelift-codegen-shared v0.116.1
   Compiling target-lexicon v0.13.2
   Compiling ryu-js v1.0.1
   Compiling utf-8 v0.7.6
   Compiling num_cpus v1.16.0
   Compiling time-macros v0.2.18
   Compiling par-core v2.0.0
   Compiling num-bigint-dig v0.8.4
   Compiling semver v0.9.0
   Compiling rand v0.8.5
   Compiling pem-rfc7468 v0.7.0
   Compiling password-hash v0.5.0
   Compiling http-body v1.0.0
   Compiling brotli-decompressor v4.0.1
   Compiling ref-cast v1.0.22
   Compiling pretty_assertions v1.4.1
   Compiling base32 v0.5.1
   Compiling cmake v0.1.50
   Compiling nix v0.29.0
   Compiling cranelift-codegen-meta v0.116.1
   Compiling naga v24.0.0
   Compiling ash v0.38.0+1.3.281
   Compiling regex v1.10.6
   Compiling khronos-egl v6.0.0
   Compiling openssl-probe v0.1.5
   Compiling vte_generate_state_changes v0.1.1
   Compiling wgpu-hal v24.0.0
   Compiling nom v5.1.3
   Compiling rustc_version v0.2.3
   Compiling match_cfg v0.1.0
   Compiling oid-registry v0.6.1
   Compiling rustc_version v0.4.0
   Compiling unicode-width v0.2.0
   Compiling fixedbitset v0.5.7
   Compiling castaway v0.2.3
   Compiling pathdiff v0.2.1
   Compiling base16ct v0.2.0
   Compiling quick-error v1.2.3
   Compiling spin v0.9.8
   Compiling rustc-hash v1.1.0
   Compiling tagptr v0.2.0
   Compiling ff v0.13.0
   Compiling hostname v0.3.1
   Compiling wgpu-core v24.0.0
   Compiling swc_bundler v29.0.0
   Compiling aws-lc-sys v0.26.0
   Compiling libz-sys v1.1.20
   Compiling ring v0.17.14
   Compiling psm v0.1.21
   Compiling stacker v0.1.15
   Compiling libffi-sys v3.2.0
   Compiling lcms2-sys v4.0.5
   Compiling crc-catalog v1.1.1
   Compiling ascii v1.1.0
   Compiling fluent-uri v0.1.4
   Compiling dashmap v5.5.3
   Compiling siphasher v1.0.1
   Compiling litrs v0.4.1
   Compiling fs3 v0.5.0
   Compiling lazy_static v1.5.0
   Compiling radix_fmt v1.0.0
   Compiling rand_core v0.9.3
   Compiling relative-path v1.9.2
   Compiling resolv-conf v0.7.0
   Compiling phf_generator v0.11.2
   Compiling brotli v6.0.0
   Compiling curve25519-dalek v4.1.3
   Compiling group v0.13.0
   Compiling crc v2.1.0
   Compiling synstructure v0.13.1
   Compiling swc_macros_common v1.0.1
   Compiling compact_str v0.7.1
   Compiling cache_control v0.2.0
   Compiling ipnet v2.9.0
   Compiling deno_maybe_sync v0.1.0 (/app/libs/maybe_sync)
   Compiling lru-slab v0.1.2
   Compiling rand_chacha v0.9.0
   Compiling hashlink v0.10.0
   Compiling deno_napi v0.145.0 (/app/ext/napi)
   Compiling hex v0.4.3
   Compiling fallible-iterator v0.3.0
   Compiling powerfmt v0.2.0
   Compiling fallible-streaming-iterator v0.1.9
   Compiling same-file v1.0.6
   Compiling document-features v0.2.10
   Compiling hashbrown v0.12.3
   Compiling crossbeam-deque v0.8.5
   Compiling deranged v0.3.11
   Compiling walkdir v2.5.0
   Compiling rand v0.9.1
   Compiling cranelift-bitset v0.116.1
   Compiling twox-hash v1.6.3
   Compiling matchit v0.7.3
   Compiling cranelift-entity v0.116.1
   Compiling arbitrary v1.4.1
   Compiling opaque-debug v0.3.1
   Compiling regalloc2 v0.11.1
   Compiling num-iter v0.1.44
   Compiling rusticata-macros v4.1.0
   Compiling twox-hash v2.1.0
   Compiling simd-adler32 v0.3.7
   Compiling synstructure v0.12.6
   Compiling codespan-reporting v0.11.1
   Compiling float-cmp v0.9.0
   Compiling http v0.2.12
   Compiling bstr v1.9.1
   Compiling serde_derive v1.0.219
   Compiling displaydoc v0.2.4
   Compiling tokio-macros v2.5.0
   Compiling zerofrom-derive v0.1.4
   Compiling yoke-derive v0.7.4
   Compiling zerovec-derive v0.10.3
   Compiling icu_provider_macros v1.5.0
   Compiling zeroize_derive v1.4.2
   Compiling futures-macro v0.3.31
   Compiling thiserror-impl v2.0.12
   Compiling deno_error_macro v0.7.0
   Compiling tracing-attributes v0.1.28
   Compiling capacity_builder_macros v0.3.0
   Compiling sys_traits_macros v0.1.0
   Compiling pin-project-internal v1.1.5
   Compiling boxed_error v0.2.3
   Compiling async-trait v0.1.88
   Compiling proc-macro-rules-macros v0.4.0
   Compiling strum_macros v0.27.1
   Compiling thiserror-impl v1.0.69
   Compiling zerocopy-derive v0.7.32
   Compiling phf_macros v0.11.2
   Compiling swc_eq_ignore_macros v1.0.1
   Compiling from_variant v2.0.2
   Compiling ast_node v3.0.3
   Compiling bytemuck_derive v1.8.1
   Compiling der_derive v0.7.3
   Compiling async-stream-impl v0.3.5
   Compiling string_enum v1.0.2
   Compiling prost-derive v0.13.3
   Compiling is-macro v0.3.5
   Compiling enum-as-inner v0.6.0
   Compiling async-recursion v1.1.1
   Compiling lazy-regex-proc_macros v3.1.0
   Compiling swc_config_macro v1.0.1
   Compiling swc_ecma_codegen_macros v2.0.2
   Compiling swc_ecma_transforms_macros v1.0.1
   Compiling cranelift-codegen v0.116.1
   Compiling curve25519-dalek-derive v0.1.1
   Compiling auto_impl v1.2.0
   Compiling strum_macros v0.26.4
   Compiling ref-cast-impl v1.0.22
   Compiling foreign-types-macros v0.2.3
   Compiling serde_repr v0.1.19
   Compiling dlopen2_derive v0.4.0
   Compiling time v0.3.36
   Compiling cranelift-control v0.116.1
   Compiling rayon v1.10.0
   Compiling cranelift-bforest v0.116.1
   Compiling hexf-parse v0.2.1
   Compiling unic-char-range v0.9.0
   Compiling unic-common v0.9.0
   Compiling adler v1.0.2
   Compiling zeroize v1.8.1
   Compiling miniz_oxide v0.7.2
   Compiling unic-char-property v0.9.0
   Compiling proc-macro-rules v0.4.0
   Compiling tokio v1.46.1
   Compiling rustls-pki-types v1.12.0
   Compiling async-stream v0.3.5
   Compiling asn1-rs-derive v0.4.0
   Compiling asn1-rs-impl v0.1.0
   Compiling color-print-proc-macro v0.3.5
   Compiling phf v0.11.2
   Compiling unic-ucd-version v0.9.0
   Compiling globset v0.4.14
   Compiling fdeflate v0.3.4
   Compiling der v0.7.9
   Compiling futures-util v0.3.31
   Compiling pin-project v1.1.5
   Compiling ordered-float v4.6.0
   Compiling rustls-pemfile v2.1.2
   Compiling webpki-roots v0.26.1
   Compiling netif v0.1.6
   Compiling lazy-regex v3.1.0
   Compiling thread_local v1.1.8
   Compiling zerofrom v0.1.4
   Compiling dyn-clone v1.0.17
   Compiling bytemuck v1.21.0
   Compiling crypto-common v0.1.6
   Compiling block-buffer v0.10.4
   Compiling tracing v0.1.41
   Compiling block-padding v0.3.3
   Compiling yoke v0.7.4
   Compiling crypto-bigint v0.5.5
   Compiling rustls-native-certs v0.7.0
   Compiling universal-hash v0.5.1
   Compiling profiling v1.0.15
   Compiling glow v0.16.0
   Compiling digest v0.10.7
   Compiling inout v0.1.3
   Compiling safe_arch v0.7.4
   Compiling zerovec v0.10.4
   Compiling deno_native_certs v0.3.0
   Compiling aead v0.5.2
   Compiling wtf8 v0.1.0
   Compiling path-clean v0.1.0
   Compiling prost v0.13.3
   Compiling foreign-types-shared v0.3.1
   Compiling error_reporter v1.0.0
   Compiling zune-core v0.4.12
   Compiling raw-window-handle v0.6.1
   Compiling cipher v0.4.4
   Compiling sha2 v0.10.8
   Compiling sha1 v0.10.6
   Compiling hmac v0.12.1
   Compiling spki v0.7.3
   Compiling signature v2.2.0
   Compiling polyval v0.6.2
   Compiling strum v0.26.3
   Compiling strum v0.27.1
   Compiling foreign-types v0.5.0
   Compiling ignore v0.4.20
   Compiling opentelemetry v0.27.0
   Compiling pbkdf2 v0.12.2
   Compiling hkdf v0.12.4
   Compiling rfc6979 v0.4.0
   Compiling asn1-rs v0.5.2
   Compiling aes v0.8.3
   Compiling salsa20 v0.10.2
   Compiling cbc v0.1.2
   Compiling wide v0.7.33
   Compiling ctr v0.9.2
   Compiling zune-jpeg v0.4.13
   Compiling unic-ucd-ident v0.9.0
   Compiling ghash v0.5.1
   Compiling http-body v0.4.6
   Compiling deno_subprocess_windows v0.9.0 (/app/runtime/subprocess_windows)
   Compiling swc_allocator v4.0.1
   Compiling ordered-float v2.10.1
   Compiling inotify-sys v0.1.5
   Compiling nibble_vec v0.1.0
   Compiling scrypt v0.11.0
   Compiling opentelemetry-semantic-conventions v0.27.0
   Compiling keccak v0.1.5
   Compiling byteorder-lite v0.1.0
   Compiling endian-type v0.1.2
   Compiling fiat-crypto v0.1.20
   Compiling tinystr v0.7.6
   Compiling icu_collections v1.5.0
   Compiling deno_node v0.152.0 (/app/ext/node)
   Compiling inotify v0.9.6
   Compiling ecb v0.1.2
   Compiling blake2 v0.10.6
   Compiling md-5 v0.10.6
   Compiling radix_trie v0.2.1
   Compiling x25519-dalek v2.0.1
   Compiling md4 v0.10.2
   Compiling ripemd v0.1.3
   Compiling pkcs5 v0.7.1
   Compiling icu_locid v1.5.0
   Compiling opentelemetry-http v0.27.0
   Compiling aes-gcm v0.10.3
   Compiling aes-kw v0.2.1
   Compiling aead-gcm-stream v0.4.0
   Compiling sha3 v0.10.8
   Compiling sm3 v0.4.2
   Compiling webpki-root-certs v0.26.6
   Compiling dlopen2 v0.6.1
   Compiling memmap2 v0.9.5
   Compiling deno_whoami v0.1.0
   Compiling mio v0.8.11
   Compiling errno v0.3.10
   Compiling itertools v0.14.0
   Compiling libloading v0.7.4
   Compiling async-once-cell v0.5.4
   Compiling pkcs8 v0.10.2
   Compiling unicode-segmentation v1.11.0
   Compiling dotenvy v0.15.7
   Compiling dissimilar v1.0.9
   Compiling color-print v0.3.5
   Compiling icu_provider v1.5.0
   Compiling futures-executor v0.3.31
   Compiling http-body-util v0.1.2
   Compiling rustls-webpki v0.102.8
   Compiling pkcs1 v0.7.5
   Compiling ed25519 v2.2.3
   Compiling fastbloom v0.9.0
   Compiling notify v6.1.1
   Compiling futures v0.3.31
   Compiling zstd-sys v2.0.15+zstd.1.5.7
   Compiling ed25519-dalek v2.1.1
   Compiling anstyle-parse v0.2.3
   Compiling colorchoice v1.0.0
   Compiling anstyle v1.0.8
   Compiling bencher v0.1.5
   Compiling axum-core v0.4.5
   Compiling icu_locid_transform v1.5.0
   Compiling is_terminal_polyfill v1.70.1
   Compiling anstyle-query v1.0.2
   Compiling anstream v0.6.15
   Compiling strsim v0.11.1
   Compiling ident_case v1.0.1
   Compiling zstd-safe v7.2.4
   Compiling asynchronous-codec v0.7.0
   Compiling icu_properties v1.5.1
   Compiling crossbeam-queue v0.3.11
   Compiling debug-ignore v1.0.5
   Compiling ucd-trie v0.1.6
   Compiling deno_lib v0.32.0 (/app/cli/lib)
   Compiling humantime v2.1.0
   Compiling deno-tower-lsp-macros v0.11.3
   Compiling libdbus-sys v0.2.5
   Compiling arc-swap v1.7.1
   Compiling caseless v0.2.1
   Compiling unicase v2.7.0
   Compiling option-ext v0.2.0
   Compiling bindgen v0.70.1
   Compiling clap_lex v0.7.4
   Compiling dprint-core-macros v0.1.0
   Compiling unicode-normalization v0.1.23
   Compiling num-complex v0.4.6
   Compiling darling_core v0.20.10
   Compiling pest v2.7.15
   Compiling tiny_pretty v0.2.0
   Compiling winnow v0.6.26
   Compiling dirs-sys v0.4.1
   Compiling countme v3.0.1
   Compiling css_dataset v0.4.1
   Compiling deunicode v1.4.3
   Compiling text-size v1.1.1
   Compiling pulldown-cmark v0.11.2
   Compiling deno_unsync v0.4.4
   Compiling tokio-util v0.7.16
   Compiling derive-io v0.4.1
   Compiling tokio-stream v0.1.16
   Compiling tokio-socks v0.5.1
   Compiling tower v0.5.2
   Compiling unicode_categories v0.1.1
   Compiling rowan v0.15.15
   Compiling dirs v5.0.1
   Compiling raffia_macro v0.1.1
   Compiling vte v0.11.1
   Compiling is-docker v0.2.0
   Compiling zip v2.4.1
   Compiling typed-arena v2.0.2
   Compiling convert_case v0.4.0
   Compiling slug v0.1.5
   Compiling toml_datetime v0.6.8
   Compiling winnow v0.7.1
   Compiling utf8-width v0.1.7
   Compiling entities v1.0.1
   Compiling shellexpand v3.1.0
   Compiling is-wsl v0.4.0
   Compiling hashlink v0.8.4
   Compiling quick-xml v0.31.0
   Compiling path-dedot v3.1.1
   Compiling rustyline-derive v0.7.0
   Compiling html-escape v0.2.13
   Compiling tokio-metrics v0.3.1
   Compiling flaky_test_impl v0.2.2
   Compiling fancy-regex v0.14.0
   Compiling deno_panic v0.1.0
   Compiling deno_terminal v0.1.1
   Compiling shell-escape v0.1.5
   Compiling indexmap v2.9.0
   Compiling bitflags v2.9.3
   Compiling uuid v1.8.0
   Compiling num-bigint v0.4.6
   Compiling serde_bytes v0.11.14
   Compiling ecow v0.2.3
   Compiling bincode v1.3.3
   Compiling arrayvec v0.7.4
   Compiling ipnetwork v0.20.0
   Compiling chrono v0.4.37
   Compiling triomphe v0.1.13
   Compiling bytes-str v0.2.7
   Compiling faster-hex v0.10.0
   Compiling nix v0.27.1
   Compiling hipstr v0.6.0
   Compiling debugid v0.8.0
   Compiling hstr v2.0.1
   Compiling icu_normalizer v1.5.0
   Compiling petgraph v0.7.1
   Compiling h2 v0.4.7
   Compiling text_lines v0.6.0
   Compiling serdect v0.2.0
   Compiling vte v0.13.1
   Compiling deno_ops v0.232.0
   Compiling swc_atoms v7.0.0
   Compiling serde_urlencoded v0.7.1
   Compiling tower v0.4.13
   Compiling gimli v0.31.1
   Compiling gpu-descriptor-types v0.2.0
   Compiling spirv v0.3.0+sdk-1.3.268.0
   Compiling sec1 v0.7.3
   Compiling gpu-alloc-types v0.3.0
   Compiling halfbrown v0.2.5
   Compiling capacity_builder v0.5.0
   Compiling gpu-descriptor v0.3.0
   Compiling idna_adapter v1.2.0
   Compiling wgpu-types v24.0.0
   Compiling h2 v0.3.26
   Compiling ron v0.8.1
   Compiling gpu-alloc v0.6.0
   Compiling idna v1.0.3
   Compiling vsock v0.5.1
   Compiling console_static_text v0.8.3
   Compiling value-trait v0.10.0
   Compiling der-parser v8.2.0
   Compiling v8_valueserializer v0.1.1
   Compiling tokio-vsock v0.7.1
   Compiling serde-value v0.7.0
   Compiling which v6.0.1
   Compiling sys_traits v0.1.17
   Compiling url v2.5.4
   Compiling jsonc-parser v0.26.3
   Compiling swc_config v3.1.1
   Compiling elliptic-curve v0.13.8
   Compiling lsp-types v0.97.0
   Compiling opentelemetry_sdk v0.27.1
   Compiling simd-json v0.14.0
   Compiling tempfile v3.10.1
   Compiling x509-parser v0.15.1
   Compiling ed448-goldilocks v0.8.3
   Compiling fd-lock v4.0.2
   Compiling deno_features v0.11.0 (/app/runtime/features)
   Compiling sourcemap v9.2.0
   Compiling swc_sourcemap v9.3.4
   Compiling deno_media_type v0.2.9
   Compiling xattr v1.3.1
   Compiling swc_graph_analyzer v14.0.1
   Compiling napi_sym v0.144.0 (/app/ext/napi/sym)
   Compiling web-transport-proto v0.2.3
   Compiling tar v0.4.43
   Compiling ecdsa v0.16.9
   Compiling primeorder v0.13.6
   Compiling rsa v0.9.6
   Compiling dsa v0.6.3
   Compiling urlpattern v0.3.0
   Compiling saffron v0.1.0
   Compiling rustyline v13.0.0
   Compiling deno_error v0.7.0
   Compiling hickory-proto v0.25.0-alpha.4
   Compiling p256 v0.13.2
   Compiling p384 v0.13.0
   Compiling p224 v0.13.2
   Compiling deno_path_util v0.6.1
   Compiling wasm_dep_analyzer v0.4.0
   Compiling deno_semver v0.9.0
   Compiling deno_signals v0.5.0 (/app/ext/signals)
   Compiling swc_common v14.0.3
   Compiling import_map v0.23.0
   Compiling k256 v0.13.3
   Compiling deno_permissions v0.73.0 (/app/runtime/permissions)
   Compiling denort_helper v0.12.0 (/app/ext/rt_helper)
   Compiling p521 v0.13.3
   Compiling lcms2 v6.1.0
   Compiling deno_package_json v0.16.0 (/app/libs/package_json)
   Compiling deno_lockfile v0.31.2
   Compiling hyper v1.6.0
   Compiling denokv_remote v0.12.0
   Compiling darling_macro v0.20.10
   Compiling editpe v0.1.0
   Compiling env_filter v0.1.3
   Compiling terminal_size v0.4.1
   Compiling dprint-core v0.67.4
   Compiling swc_ecma_ast v15.0.0
   Compiling swc_ecma_loader v14.0.0
   Compiling node_resolver v0.52.0 (/app/libs/node_resolver)
   Compiling deno_config v0.64.0 (/app/libs/config)
   Compiling pest_meta v2.7.15
   Compiling clap_builder v4.5.30
   Compiling hyper v0.14.28
   Compiling env_logger v0.11.6
   Compiling num-rational v0.4.2
   Compiling jupyter-protocol v0.8.0
   Compiling toml_edit v0.22.23
   Compiling darling v0.20.10
   Compiling yaml_parser v0.2.1
   Compiling deno_npm v0.38.0
   Compiling derive_builder_core v0.20.2
   Compiling num v0.4.2
   Compiling signal-hook-mio v0.2.4
   Compiling raffia v0.9.2
   Compiling strip-ansi-escapes v0.2.0
   Compiling derive_more v0.99.17
   Compiling pest_generator v2.7.15
   Compiling quick-junit v0.3.6
   Compiling crossterm v0.28.1
   Compiling markup_fmt v0.22.0
   Compiling hyper-util v0.1.10
   Compiling v8 v137.3.0
   Compiling libsqlite3-sys v0.32.0
   Compiling hickory-resolver v0.25.0-alpha.4
   Compiling derive_builder_macro v0.20.2
   Compiling clap v4.5.30
   Compiling pest_derive v2.7.15
   Compiling clap_complete v4.5.45
   Compiling zeromq v0.5.0-pre
   Compiling dprint-plugin-jupyter v0.2.0
   Compiling dprint-plugin-json v0.20.0
   Compiling hyper-timeout v0.5.2
   Compiling fastwebsockets v0.8.0
   Compiling clap_complete_fig v4.5.2
   Compiling derive_builder v0.20.2
   Compiling proc-macro-crate v3.2.0
   Compiling comrak v0.29.0
   Compiling esbuild_client v0.6.0
   Compiling tonic v0.12.3
   Compiling handlebars v6.1.0
   Compiling deno_task_shell v0.26.0
   Compiling pretty_yaml v0.5.0
   Compiling sqlformat v0.3.5
   Compiling prefix-trie v0.5.1
   Compiling open v5.1.2
   Compiling weak-table v0.3.2
   Compiling dprint-plugin-markdown v0.19.0
   Compiling napi-build v1.2.1
   Compiling ntest_timeout v0.9.3
   Compiling zeromq v0.4.1
   Compiling malva v0.12.1
   Compiling flaky_test v0.2.2
   Compiling file_test_runner v0.7.3
   Compiling napi-sys v2.2.2
   Compiling test_napi v0.1.0 (/app/tests/napi)
   Compiling cli_tests v0.0.0 (/app/tests)
   Compiling fast-socks5 v0.9.6
   Compiling hickory-server v0.25.0-alpha.4
   Compiling test_ffi v0.1.0 (/app/tests/ffi)
   Compiling opentelemetry-proto v0.27.0
   Compiling deno_cache_dir v0.25.0
   Compiling libuv-sys-lite v1.48.2
   Compiling flate2 v1.0.35
   Compiling async-compression v0.4.11
   Compiling hdrhistogram v7.5.4
   Compiling png v0.17.13
   Compiling deno_resolver v0.45.0 (/app/libs/resolver)
   Compiling tower-http v0.6.1
   Compiling opentelemetry-otlp v0.27.0
   Compiling swc_ecma_lexer v23.0.1
   Compiling swc_ecma_visit v15.0.0
   Compiling swc_ecma_codegen v17.0.0
   Compiling tokio-eld v0.2.0
   Compiling image v0.25.4
   Compiling deno_tower_lsp v0.4.3
   Compiling cranelift-frontend v0.116.1
   Compiling cranelift-native v0.116.1
   Compiling cranelift v0.116.1
   Compiling serde_v8 v0.265.0
   Compiling libsui v0.10.0
   Compiling deno_core v0.356.0
   Compiling swc_ecma_utils v21.0.0
   Compiling dbus v0.9.7
   Compiling libffi v4.0.0
   Compiling dbus-secret-service v4.0.3
   Compiling keyring v3.6.3
   Compiling deno_crypto_provider v0.8.0 (/app/libs/crypto)
   Compiling rusqlite v0.34.0
   Compiling rustls-webpki v0.103.3
   Compiling swc_ecma_parser v23.0.0
   Compiling denokv_sqlite v0.12.0
   Compiling deno_npm_cache v0.33.0 (/app/libs/npm_cache)
   Compiling deno_io v0.124.0 (/app/ext/io)
   Compiling deno_web v0.245.0 (/app/ext/web)
   Compiling deno_os v0.31.0 (/app/ext/os)
   Compiling deno_webstorage v0.209.0 (/app/ext/webstorage)
   Compiling deno_canvas v0.83.0 (/app/ext/canvas)
   Compiling deno_webidl v0.214.0 (/app/ext/webidl)
   Compiling deno_ffi v0.201.0 (/app/ext/ffi)
   Compiling deno_webgpu v0.181.0 (/app/ext/webgpu)
   Compiling deno_cache v0.146.0 (/app/ext/cache)
   Compiling deno_url v0.214.0 (/app/ext/url)
   Compiling deno_console v0.214.0 (/app/ext/console)
   Compiling deno_broadcast_channel v0.208.0 (/app/ext/broadcast_channel)
   Compiling deno_cron v0.94.0 (/app/ext/cron)
   Compiling swc_ecma_transforms_base v25.0.0
   Compiling dprint-swc-ext v0.25.0
   Compiling deno_fs v0.124.0 (/app/ext/fs)
   Compiling deno_bench_util v0.208.0 (/app/bench_util)
   Compiling deno_bundle_runtime v0.1.0 (/app/ext/bundle)
   Compiling deno_crypto v0.228.0 (/app/ext/crypto)
   Compiling swc_ecma_transforms_optimization v26.0.0
   Compiling swc_ecma_transforms_react v28.0.0
   Compiling swc_ecma_transforms_classes v25.0.0
   Compiling swc_ecma_transforms_proposal v25.0.0
   Compiling swc_ecma_transforms_typescript v28.0.0
   Compiling rustls-tokio-stream v0.8.0
   Compiling quinn-proto v0.11.12
   Compiling tokio-rustls v0.26.0
   Compiling deno_tls v0.201.0 (/app/ext/tls)
   Compiling hyper-rustls v0.27.2
   Compiling deno_fetch v0.238.0 (/app/ext/fetch)
   Compiling deno_process v0.29.0 (/app/ext/process)
   Compiling deno_ast v0.50.0
   Compiling deno_tunnel v0.8.0
   Compiling zstd v0.13.2
   Compiling deno_net v0.206.0 (/app/ext/net)
   Compiling deno_kv v0.122.0 (/app/ext/kv)
   Compiling deno_graph v0.100.0
   Compiling deno_lint v0.80.0
   Compiling eszip v0.99.0
   Compiling runtimelib v0.28.0
   Compiling deno_telemetry v0.36.0 (/app/ext/telemetry)
   Compiling deno_websocket v0.219.0 (/app/ext/websocket)
   Compiling deno_http v0.212.0 (/app/ext/http)
   Compiling reqwest v0.12.5
   Compiling test_server v0.1.0 (/app/tests/util/server)
   Compiling deno_npm_installer v0.9.0 (/app/libs/npm_installer)
   Compiling dprint-plugin-typescript v0.95.11
   Compiling deno_runtime v0.222.0 (/app/runtime)
   Compiling deno_doc v0.183.0
   Compiling test_sqlite_extension v0.1.0 (/app/tests/sqlite_extension_test)
   Compiling deno_snapshots v0.29.0 (/app/cli/snapshot)
   Compiling deno v2.4.5 (/app/cli)
   Compiling denort v2.4.5 (/app/cli/rt)
    Finished `release` profile [optimized + debuginfo] target(s) in 27m 48s
    Finished `release` profile [optimized + debuginfo] target(s) in 1.31s
     Running unittests lib.rs (target/release/deps/cli_tests-293394bc816d8e1c)

running 0 tests

test result: ok. 0 passed; 0 failed; 0 ignored; 0 measured; 0 filtered out; finished in 0.00s

     Running integration/mod.rs (target/release/deps/integration_tests-2c222a88fd4032c0)

running 857 tests
test cache::cache_matching_package_json_dep_should_not_install_all ... ignored
test compile::compile_npm_specifiers ... ignored

============================================================
Test server panicked!


thread 'main' panicked at tests/util/server/src/servers/mod.rs:348:16:
called `Result::unwrap()` on an `Err` value: Os { code: 99, kind: AddrNotAvailable, message: "Cannot assign requested address" }
note: run with `RUST_BACKTRACE=1` environment variable to display a backtrace
test cache::loads_type_graph ... ok
test bench::recursive_permissions_pledge ... ok
test cache::xdg_cache_home_dir ... FAILED
test coverage::no_http_coverage_data ... FAILED
test compile::check_local_by_default ... FAILED
test flags::help_output ... ok
test coverage::test_collect_summary_with_no_matches ... ok
test compile::check_local_by_default2 ... FAILED
[0m[1m-- [0m[0m[1m[31mOUTPUT[0m[0m[1m START --[0m
Download http://localhost:4545/subdir/type_error.ts
error: Import 'http://localhost:4545/subdir/type_error.ts' failed.
    0: error sending request for url (http://localhost:4545/subdir/type_error.ts): client error (Connect): tcp connect error: Cannot assign requested address (os error 99): Cannot assign requested address (os error 99)
    1: client error (Connect)
    2: tcp connect error: Cannot assign requested address (os error 99)
    3: Cannot assign requested address (os error 99)
    at file:///app/tests/testdata/compile/check_local_by_default2.ts:1:20

[0m[1m-- OUTPUT END --[0m
[0m[1m-- [0m[0m[1m[32mEXPECTED[0m[0m[1m START --[0m
[WILDCARD]TS2322 [ERROR]: Type '12' is not assignable to type '"b"'.[WILDCARD]
[0m[1m-- EXPECTED END --[0m
[0m[1m-- [0m[0m[1m[34mDEBUG[0m[0m[1m START --[0m
<WILDCARD />
==== COULD NOT FIND SEARCH TEXT ====
[0m[32mTS2322[ERROR]:Type'12'isnotassignabletotype'"b"'.[0m
==== NEXT ACTUAL TEXT ====
[0m[31mDownloadhttp://localhost:4545/subdir/ty[0m[TRUNCATED]
[0m[1m-- DEBUG END --[0m
test fmt::fmt_auto_ignore_git_and_node_modules ... ok
test check::typecheck_declarations_ns ... FAILED
test fmt::fmt_check_ignore ... ok
test fmt::fmt_stdin ... ok
test fmt::fmt_check_formatted_files ... ok
test fmt::fmt_quiet_check_fmt_dir ... ok
test fmt::fmt_stdin_check_not_formatted ... ok
test fmt::fmt_stdin_ipynb ... ok
test fmt::fmt_stdin_check_formatted ... ok
test fmt::fmt_stdin_json ... ok
test fmt::fmt_stdin_markdown ... ok
test fmt::fmt_stdin_syntax_error ... ok
test fmt::fmt_with_config ... ok
test fmt::fmt_with_config_and_flags ... ok
test fmt::fmt_with_config_default ... ok
test fmt::fmt_with_glob_config ... ok
test fmt::fmt_with_glob_config_and_flags ... ok
test fmt::fmt_with_malformed_config2 ... ok
test fmt::fmt_with_malformed_config ... ok
test fmt::fmt_test ... ok
test compile::compile_npm_no_permissions ... FAILED
test coverage::final_blankline ... ok
test compile::compile_npm_bin_esm ... FAILED
test fmt::opt_out_top_level_exclude_via_fmt_unexclude ... ok
test coverage::no_internal_node_code ... ok
test inspector::inspector_break_on_first_line_npm_cjs ... ignored
test inspector::inspector_break_on_first_line_npm_esm ... ignored
test check::npm_module_check_then_error ... FAILED
test compile::compile_npm_bin_cjs ... FAILED
test compile::compile_npm_cowsay_main ... FAILED
test inspector::inspector_error_with_npm_import ... ignored
test compile::compile_npm_cowthink ... FAILED
test compile::compile_node_modules_symlink_non_existent ... FAILED
test compile::compile_npm_cowsay_explicit ... FAILED
test coverage::no_npm_cache_coverage ... FAILED
test cache::cache_put_overwrite ... ok
test inspector::inspector_json ... ok
test compile::compile_node_modules_symlink_outside ... FAILED
test inspector::inspector_connect_non_ws ... ok
test init::init_subcommand_with_dir_arg ... FAILED
test coverage::multifile_coverage ... ok
test inspector::inspector_break_on_first_line ... ok
test init::init_subcommand_with_existing_file ... ok
test inspector::inspector_port_collision ... ok
test init::init_subcommand_with_quiet_arg ... FAILED
test init::init_subcommand_without_dir ... FAILED
test inspector::inspector_connect ... ok
test inspector::inspector_json_list ... ok
test inspector::inspector_pause ... ok
test inspector::inspector_without_brk_runs_code ... ok
test install::check_local_by_default ... FAILED
test install::install_custom_dir_env_var ... FAILED
test install::install_basic_global ... FAILED
test install::install_basic ... FAILED
test install::check_local_by_default2 ... FAILED
test install::installer_test_remote_module_run ... FAILED
test install::installer_test_custom_dir_with_bin ... FAILED
test js_unit_tests::check_test_glob ... ok
test coverage::no_tests ... FAILED
test bench::conditionally_loads_type_graph ... ok
test coverage::no_internal_code ... ok
test install::installer_test_local_module_run ... ok
test inspector::inspector_does_not_hang ... ok
test inspector::inspector_break_on_first_line_in_test ... ok
test compile::standalone_follow_redirects ... FAILED
test compile::dynamic_imports_tmp_lit ... ok
test compile::skip_rebundle ... ok
test compile::compile_with_conflict_file_exists_error ... ok
test inspector::inspector_profile ... ok
test coverage::test_html_reporter ... ok
test inspector::inspector_wait ... ok
test eval::eval_randomness ... ok
test compile::standalone_ext_flag_js ... ok
test install::show_prefix_hint_on_global_install ... FAILED
test inspector::inspector_runtime_evaluate_does_not_crash ... ok
test coverage::no_transpiled_lines ... FAILED
test check::json_module_check_then_error ... ok
test check::typecheck_declarations_unstable ... ok
test init::init_subcommand_serve ... FAILED
test compile::compile_with_directory_exists_error ... ok
test compile::standalone_config_file_respects_compiler_options ... ok
test coverage::test_summary_reporter ... ok
test compile::compile_with_file_exists_error ... ok
test compile::workers_basic ... ok
test compile::workers_with_include_flag ... ok
test js_unit_tests::build_test ... FAILED
test js_unit_tests::bundle_test ... FAILED
test coverage::no_snaps ... FAILED
test compile::standalone_import_map ... ok
test coverage::ignore_file_directive ... ok
test check::ts_no_recheck_on_redirect ... ok
test coverage::error_if_invalid_cache ... ok
test coverage::branch ... ok
test inspector::inspector_memory ... ok
test coverage::ignore_next_directive ... ok
test js_unit_tests::copy_file_test ... FAILED
test check::cache_switching_config_then_no_config ... ok
test compile::standalone_jsr_dynamic_import ... FAILED
test js_unit_tests::body_test ... FAILED
test js_unit_tests::error_test ... FAILED
test js_unit_tests::chown_test ... FAILED
test compile::granular_unstable_features_config_file ... ok
test js_unit_tests::error_stack_test ... FAILED
test js_unit_tests::abort_controller_test ... FAILED
test compile::standalone_runtime_flags ... ok
test compile::dynamic_import_bad_data_uri ... ok
test js_unit_tests::dir_test ... FAILED
test compile::standalone_args ... ok
test inspector::inspector_with_ts_files ... ok
test compile::compile_and_overwrite_file ... ok
test compile::workers_not_in_module_map ... ok
test check::reload_flag ... ok
test compile::dynamic_import_unanalyzable ... ok
test coverage::ignore_range_directive ... ok
test js_unit_tests::broadcast_channel_test ... FAILED
test js_unit_tests::custom_event_test ... FAILED
test js_unit_tests::cron_test ... FAILED
test js_unit_tests::blob_test ... FAILED
test compile::standalone_load_datauri ... ok
test js_unit_tests::chmod_test ... FAILED
test compile::granular_unstable_features ... ok
test compile::dynamic_import ... ok
test js_unit_tests::headers_test ... FAILED
test coverage::complex ... ok
test js_unit_tests::file_test ... FAILED
test js_unit_tests::jupyter_test ... FAILED
test js_unit_tests::esnext_test ... FAILED
test js_unit_tests::event_test ... FAILED
test compile::standalone_import_map_config_file ... ok
test bench::opt_out_top_level_exclude_via_bench_unexclude ... ok
test js_unit_tests::files_test ... FAILED
test js_unit_tests::globals_test ... FAILED
test js_unit_tests::fetch_test ... FAILED
test js_unit_tests::kv_queue_test_no_db_close ... FAILED
test compile::standalone_ext_flag_ts ... ok
test js_unit_tests::dom_exception_test ... FAILED
test js_unit_tests::http_test ... FAILED
test check::check_error_in_dep_then_fix ... ok
test js_unit_tests::fs_events_test ... FAILED
test js_unit_tests::filereader_test ... FAILED
test compile::compile_basic ... ok
test js_unit_tests::kv_queue_undelivered_test ... FAILED
test js_unit_tests::image_data_test ... FAILED
test js_unit_tests::command_test ... FAILED
test js_unit_tests::get_random_values_test ... FAILED
test js_unit_tests::message_channel_test ... FAILED
test js_unit_tests::console_test ... FAILED
test js_unit_tests::internals_test ... FAILED
test js_unit_tests::lint_plugin_test ... FAILED
test js_unit_tests::image_bitmap_test ... FAILED
test js_unit_tests::navigator_test ... FAILED
test js_unit_tests::ops_test ... ok
test js_unit_tests::event_source_test ... FAILED
test js_unit_tests::permissions_test ... FAILED
test jsr::install_cache_busts_if_version_not_found ... FAILED
test js_unit_tests::mkdir_test ... FAILED
test jsr::fast_check_cache ... FAILED
test js_unit_tests::ffi_test ... FAILED
test jsr::bad_manifest_checksum ... FAILED
[0m[33mWarning[0m "deno jupyter" is unstable and might change in the future.
[0m[33mWarning[0m "deno jupyter" is unstable and might change in the future.
test jsr::reload_info_not_found_cache_but_exists_remote ... FAILED
[0m[33mWarning[0m "deno jupyter" is unstable and might change in the future.
test jsr::lockfile_bad_package_integrity ... FAILED
test jsr::specifiers_in_lockfile ... FAILED
[0m[33mWarning[0m "deno jupyter" is unstable and might change in the future.
test js_unit_tests::cache_api_test ... FAILED
[0m[33mWarning[0m "deno jupyter" is unstable and might change in the future.
test js_unit_tests::signal_test ... FAILED
test js_unit_tests::progressevent_test ... FAILED
test js_unit_tests::read_link_test ... FAILED
test jupyter::jupyter_heartbeat_echoes ... ok
test js_unit_tests::kv_queue_test ... FAILED
Listening on http://0.0.0.0:10234/ (http://localhost:10234/)
test jupyter::jupyter_http_server ... ok
test jupyter::jupyter_kernel_info ... ok
test js_unit_tests::process_test ... FAILED
test js_unit_tests::os_test ... FAILED
test jupyter::jupyter_store_history_false ... ok
test js_unit_tests::streams_test ... FAILED
test js_unit_tests::kv_test ... FAILED
test js_unit_tests::symlink_test ... FAILED
test js_unit_tests::response_test ... FAILED
test js_unit_tests::remove_test ... FAILED
test js_unit_tests::read_dir_test ... FAILED
test jupyter::jupyter_execute_request ... ok
test js_unit_tests::make_temp_test ... FAILED
test js_unit_tests::quic_test ... FAILED
test js_unit_tests::real_path_test ... FAILED
test js_unit_tests::path_from_url_test ... FAILED
test js_unit_tests::net_test ... FAILED
test js_unit_tests::promise_hooks_test ... FAILED
test js_unit_tests::read_text_file_test ... FAILED
test js_unit_tests::intl_test ... FAILED
test js_unit_tests::performance_test ... FAILED
test js_unit_tests::request_test ... FAILED
test js_unit_tests::urlpattern_test ... FAILED
test lsp::compiler_options_types ... FAILED
test js_unit_tests::symbol_test ... FAILED
test js_unit_tests::ref_unref_test ... FAILED
test lsp::do_not_auto_import_from_definitely_typed ... FAILED
test js_unit_tests::stdio_test ... FAILED
test lsp::definitely_typed_fallback ... FAILED
test js_unit_tests::read_file_test ... FAILED
test lsp::lsp_auto_import_npm_export_node_modules_dir_auto ... FAILED
test lsp::lsp_auto_import_npm_export_node_modules_dir_no_package_json ... FAILED
test js_unit_tests::testing_test ... FAILED
test js_unit_tests::event_target_test ... FAILED
test js_unit_tests::test_util ... FAILED
test js_unit_tests::stat_test ... FAILED
test js_unit_tests::structured_clone_test ... FAILED
test js_unit_tests::url_search_params_test ... FAILED
test js_unit_tests::tls_sni_test ... FAILED
test js_unit_tests::worker_permissions_test ... FAILED
test js_unit_tests::rename_test ... FAILED
test js_unit_tests::url_test ... FAILED
test js_unit_tests::wasm_test ... FAILED
test js_unit_tests::timers_test ... FAILED
test js_unit_tests::umask_test ... FAILED
test js_unit_tests::truncate_test ... FAILED
test js_unit_tests::webcrypto_test ... FAILED
test js_unit_tests::network_interfaces_test ... FAILED
test js_unit_tests::websocket_test ... FAILED
test js_unit_tests::worker_test ... FAILED
test js_unit_tests::webstorage_test ... FAILED
test js_unit_tests::version_test ... FAILED
test js_unit_tests::tls_test ... FAILED
test js_unit_tests::webgpu_test ... FAILED
test js_unit_tests::write_file_test ... FAILED
test js_unit_tests::link_test ... FAILED
test js_unit_tests::write_text_file_test ... FAILED
test lsp::lsp_cache_then_definition ... FAILED
test js_unit_tests::lint_selectors_test ... FAILED
test lsp::decorators_ts ... ok
test js_unit_tests::tty_test ... FAILED
test lsp::decorators_tc39 ... ok
test js_unit_tests::utime_test ... FAILED
test js_unit_tests::tty_color_test ... FAILED
test lsp::lsp_code_actions_deno_cache_all ... ok
test lsp::lsp_code_actions_refactor ... ok
test js_unit_tests::text_encoding_test ... FAILED
test lsp::lsp_code_actions_imports_respects_fmt_config ... ok
test js_unit_tests::serve_test ... FAILED
test lsp::lsp_code_actions_import_map_remap ... ok
test lsp::lsp_code_actions_deno_cache_npm ... ok
test lsp::lsp_closed_file_find_references_low_document_pre_load ... ok
test lsp::lsp_code_actions_ignore_lint ... ok
test lsp::lsp_code_actions ... ok
test lsp::lsp_code_actions_deno_cache ... ok
test lsp::lsp_closed_file_find_references ... ok
test lsp::lsp_code_lens_non_doc_nav_tree ... ok
test lsp::lsp_code_actions_deno_cache_jsr ... FAILED
test lsp::lsp_code_actions_imports_dts ... ok
test lsp::lsp_call_hierarchy ... ok
test lsp::lsp_cache_location ... FAILED
test lsp::lsp_code_actions_refactor_no_disabled_support ... ok
test lsp::lsp_code_actions_imports ... ok
test lsp::lsp_deno_task ... ok
test lsp::lsp_completions_auto_import ... ok
test lsp::lsp_code_actions_update_ignore_lint ... ok
test lsp::ambient_module_errors_suppressed ... ok
test lsp::lsp_did_change_deno_configuration_notification ... ok
test lsp::lsp_completions_optional ... ok
test lsp::lsp_document_preload_limit_zero_deno_json_detection ... ok
test lsp::lsp_did_refresh_deno_configuration_tree_notification ... ok
test lsp::lsp_completions_private_class_fields ... ok
test lsp::lsp_closed_file_find_references_excluded_path ... ok
test lsp::lsp_code_lens_test_disabled ... ok
test lsp::lsp_auto_import_import_map_prefer_relative ... ok
test lsp::lsp_cache_on_save ... FAILED
test lsp::lsp_code_lens_references ... ok
test lsp::lsp_format_component ... ok
test lsp::lsp_format_css ... ok
test lsp::lsp_completions_private_fields ... ok
test lsp::lsp_format_editor_options ... ok
test lsp::lsp_completions ... ok
test lsp::lsp_completions_complete_function_calls ... ok
test lsp::lsp_configuration_did_change ... FAILED
test lsp::lsp_format_json ... ok
test lsp::lsp_format_html ... ok
test lsp::lsp_deno_json_imports_comments_cache ... FAILED
test lsp::lsp_completions_using_decl ... ok
test lsp::lsp_auto_imports_remote_dts ... FAILED
test lsp::lsp_format_markdown ... ok
test lsp::lsp_asset_document_dom_code_action ... ok
test lsp::lsp_format_vscode_userdata ... ok
test lsp::lsp_format_sql ... ok
test lsp::lsp_config_setting_compiler_options_types_config_sub_dir ... ok
test lsp::lsp_deno_json_scopes_call_hierarchy ... ok
test lsp::lsp_code_actions_lint_fixes ... ok
test lsp::lsp_data_urls_with_jsx_compiler_option ... ok
test lsp::lsp_completions_no_snippet ... ok
test lsp::lsp_hover_disabled ... ok
test lsp::lsp_completions_auto_import_node_builtin ... FAILED
test lsp::lsp_format_yaml ... ok
test lsp::lsp_code_lens_test ... ok
test lsp::lsp_completions_registry ... FAILED
test lsp::lsp_deno_config_setting_no_workspace ... ok
test lsp::lsp_config_setting ... ok
test lsp::lsp_deno_json_scopes_file_rename_import_edits ... ok
test lsp::lsp_completions_snippet ... ok
test lsp::lsp_completions_node_specifier_node_modules_dir ... FAILED
test lsp::lsp_completions_auto_import_and_quick_fix_with_import_map ... FAILED
test lsp::lsp_deno_json_scopes_import_map ... ok
test lsp::lsp_completions_npm ... FAILED
test lsp::lsp_completions_node_builtin ... FAILED
test lsp::lsp_diagnostics_brackets_in_file_name ... ok
test lsp::lsp_deno_json_workspace_import_map ... ok
test lsp::lsp_deno_json_scopes_rename_symbol ... ok
test lsp::lsp_code_lens_implementations ... ok
test lsp::lsp_find_references ... ok
test lsp::lsp_completions_registry_empty ... FAILED
test lsp::lsp_deno_json_scopes_compiler_options ... ok
test lsp::lsp_deno_json_scopes_find_references ... ok
test lsp::lsp_completions_node_specifier ... ok
test lsp::lsp_deno_json_scopes_declaration_files ... ok
test lsp::lsp_deno_json_workspace_jsr_resolution ... ok
test lsp::lsp_diagnostics_refresh_dependents ... ok
test lsp::lsp_json_no_diagnostics ... ok
test lsp::lsp_diagnostics_deprecated ... ok
test lsp::lsp_diagnostics_deno_types ... ok
test lsp::lsp_format_exclude_default_config ... ok
test lsp::lsp_deno_json_scopes_goto_implementations ... ok
test lsp::lsp_deno_json_scopes_search_symbol ... ok
test lsp::lsp_deno_json_workspace_lint_config ... ok
test lsp::lsp_jsr_lockfile ... FAILED
test lsp::lsp_import_map_node_specifiers ... FAILED
test lsp::lsp_jsx_import_source_config_file_automatic_cache ... ignored, https://github.com/denoland/deno/issues/21770
test lsp::lsp_jsx_import_source_package_json_automatic_cache ... ignored, https://github.com/denoland/deno/issues/21770
test lsp::lsp_deno_json_workspace_fmt_config ... ok
test lsp::lsp_format_error ... ok
test lsp::lsp_document_symbol ... ok
test lsp::lsp_config_setting_compiler_options_types ... ok
test lsp::lsp_folding_range ... ok
test lsp::lsp_exclude_config ... ok
test lsp::lsp_deno_json_workspace_node_modules_dir ... FAILED
test lsp::lsp_format_exclude_with_config ... ok
test lsp::lsp_goto_type_definition_builtin ... ok
test lsp::lsp_format_mbc ... ok
test lsp::lsp_deno_json_workspace_vendor_dir ... FAILED
test lsp::lsp_code_actions_deadlock ... ok
test lsp::lsp_markdown_no_diagnostics ... ok
test lsp::lsp_hover_asset ... ok
test lsp::lsp_hover_jsdoc_symbol_link ... ok
test lsp::lsp_import_map_config_file_auto_discovered_symlink ... ok
test lsp::lsp_format_untitled ... ok
test lsp::lsp_import_map ... ok
test lsp::lsp_jupyter_tsx ... FAILED
test lsp::lsp_hover_jsr ... FAILED
test lsp::lsp_npm_managed_missing_types_no_diagnostic ... FAILED
test lsp::lsp_import_json_module_import_attribute_variations ... ok
test lsp::lsp_goto_type_definition ... ok
test lsp::lsp_hover ... ok
test lsp::lsp_npm_reexport_from_non_export_add_import_quick_fix ... FAILED
test lsp::lsp_hover_unstable_always_enabled ... ok
test lsp::lsp_import_attributes ... ok
test lsp::lsp_deno_json_scopes_vendor_dir ... FAILED
test lsp::lsp_format_no_changes ... ok
test lsp::lsp_hover_change_mbc ... ok
test lsp::lsp_npm_auto_import_and_quick_fix_byonm ... FAILED
test lsp::lsp_import_map_embedded_in_config_file ... ok
test lsp::lsp_reload_import_registries_command ... ok
test lsp::lsp_import_map_config_file_auto_discovered ... ok
test lsp::lsp_format_with_config ... ok
test lsp::lsp_import_map_embedded_in_config_file_after_initialize ... ok
test lsp::lsp_hover_closed_document ... ok
test lsp::lsp_import_map_import_completions ... ok
test lsp::lsp_import_map_config_file ... ok
test lsp::lsp_import_map_remote ... FAILED
test lsp::lsp_inlay_hints_not_enabled ... ok
test lsp::lsp_hover_typescript_types ... FAILED
test lsp::lsp_hover_deps_preserved_when_invalid_parse ... ok
test lsp::lsp_jsr_auto_import_completion_import_map ... FAILED
test lsp::lsp_hover_unstable_enabled ... ok
test lsp::lsp_startup_shutdown ... ok
test lsp::lsp_status_file ... ok
test lsp::lsp_jsr_auto_import_completion_import_map_sub_path ... FAILED
test lsp::lsp_deno_json_scopes_node_modules_dir ... FAILED
test lsp::lsp_inlay_hints ... ok
test lsp::lsp_jupyter_import_map_and_diagnostics ... ok
test lsp::lsp_import_map_data_url ... ok
test lsp::lsp_import_unstable_bare_node_builtins_auto_discovered ... ok
test lsp::lsp_jsdoc_named_example ... ok
test lsp::lsp_jsr_code_action_move_to_new_file ... ok
test lsp::lsp_jsr_auto_import_completion_workspace_member ... ok
test lsp::lsp_infer_return_type ... ok
test lsp::lsp_jsx_import_source_types_pragma ... FAILED
test lsp::lsp_import_raw_imports ... ok
test lsp::lsp_jsr_auto_import_completion_patch ... ok
test lsp::lsp_jsr_code_action_missing_declaration ... FAILED
test lsp::lsp_nav_tree_updates ... ok
test lsp::lsp_lint_exclude_with_config ... ok
test lsp::lsp_jsr_auto_import_completion ... FAILED
test lsp::lsp_lint_with_config ... ok
test lsp::lsp_json_import_with_query_string ... ok
test lsp::lsp_jupyter_completions ... ok
test lsp::lsp_non_normalized_uri_diagnostics_and_completions ... ok
test lsp::lsp_large_doc_changes ... ok
test lsp::lsp_import_map_setting_with_deno_json ... ok
test lsp::lsp_uses_lockfile_for_npm_initialization ... FAILED
test lsp::lsp_hover_dependency ... FAILED
test lsp::lsp_npm_managed_no_export_diagnostic ... FAILED
test lsp::lsp_lockfile_redirect_resolution ... FAILED
test lsp::lsp_node_modules_dir ... FAILED
test lsp::lsp_performance ... ok
test lsp::lsp_npm_workspace ... ok
test lsp::lsp_jsx_import_source_pragma ... ok
test lsp::lsp_npm_reexport_from_non_export ... FAILED
test lsp::lsp_sloppy_imports ... ok
test lsp::type_reference_import_meta ... FAILED
test lsp::lsp_selection_range ... ok
test lsp::lsp_npm_completions_auto_import_and_quick_fix_no_import_map ... FAILED
test lsp::lsp_npm_types_nested_js_dts ... FAILED
test lsp::lsp_semantic_token_caching ... ok
test lsp::lsp_semantic_tokens_for_disabled_module ... ok
test lsp::lsp_npm_always_caches ... FAILED
test lsp::lsp_triple_slash_types ... ok
test lsp::lsp_suggestion_actions_disabled ... ok
test lsp::lsp_npm_workspace_npm_reqs ... FAILED
test lsp::lsp_root_with_global_reference_types ... FAILED
test lsp::lsp_untitled_file_diagnostics ... ok
test lsp::lsp_semantic_tokens ... ok
test node_unit_tests::_fs_access_test ... FAILED
test lsp::lsp_ts_code_fix_any_param ... ok
test lsp::lsp_npm_specifier_unopened_file ... FAILED
test node_unit_tests::_fs_chmod_test ... FAILED
test node_unit_tests::_fs_appendFile_test ... FAILED
test node_unit_tests::_fs_chown_test ... FAILED
test lsp::lsp_ts_diagnostics_refresh_on_lsp_version_reset ... ok
test lsp::lsp_rename ... ok
test node_unit_tests::_fs_close_test ... FAILED
test node_unit_tests::_fs_copy_test ... FAILED
test lsp::lsp_quote_style_from_workspace_settings ... ok
test lsp::lsp_push_diagnostics ... ok
test lsp::lsp_npmrc ... FAILED
test lsp::lsp_npm_managed_import_map_no_duplicate_completions ... FAILED
test lsp::lsp_rename_synbol_file_scheme_edits_only ... ok
test lsp::test_lsp_code_actions_ordering ... ok
test lsp::lsp_sloppy_imports_prefers_dts ... ok
test lsp::lsp_vendor_dir ... FAILED
test lsp::lsp_testing_api ... ok
test node_unit_tests::_fs_dir_test ... FAILED
test node_unit_tests::_fs_exists_test ... FAILED
test node_unit_tests::_fs_fdatasync_test ... FAILED
test node_unit_tests::_fs_futimes_test ... FAILED
test node_unit_tests::_fs_mkdir_test ... FAILED
test node_unit_tests::_fs_ftruncate_test ... FAILED
test lsp::lsp_workspace_enable_paths_no_workspace_configuration ... ok
test node_unit_tests::_fs_handle_test ... FAILED
test node_unit_tests::check_test_glob ... ok
test node_unit_tests::_fs_open_test ... FAILED
test node_unit_tests::_fs_fstat_test ... FAILED
test node_unit_tests::_fs_fsync_test ... FAILED
test node_unit_tests::_fs_opendir_test ... FAILED
test node_unit_tests::_fs_lstat_test ... FAILED
test node_unit_tests::_fs_link_test ... FAILED
test node_unit_tests::_fs_readFile_test ... FAILED
test node_unit_tests::_fs_mkdtemp_test ... FAILED
test node_unit_tests::_fs_readdir_test ... FAILED
test node_unit_tests::_fs_realpath_test ... FAILED
test node_unit_tests::_fs_rename_test ... FAILED
test node_unit_tests::_fs_readlink_test ... FAILED
test node_unit_tests::_fs_rm_test ... FAILED
test lsp::lsp_will_rename_files_js_to_ts ... ok
test lsp::lsp_tsconfig_references_extends_include ... ok
test node_unit_tests::_fs_rmdir_test ... FAILED
test node_unit_tests::_fs_stat_test ... FAILED
test node_unit_tests::_fs_statfs_test ... FAILED
test lsp::lsp_tsconfig_scopes ... ok
test node_unit_tests::_fs_symlink_test ... FAILED
test lsp::sloppy_imports_not_enabled ... ok
test lsp::unadded_dependency_message ... ok
test lsp::lsp_testing_api_failure ... ok
test node_unit_tests::_fs_truncate_test ... FAILED
test lsp::lsp_tsconfig_root_dirs ... ok
test lsp::lsp_tsconfig_node_modules_dts_diagnostics ... ok
test node_unit_tests::_fs_unlink_test ... FAILED
test lsp::lsp_workspace_compiler_options_root_dirs ... ok
test lsp::lsp_will_rename_files_move_to_different_dir ... ok
test lsp::lsp_signature_help ... ok
test node_unit_tests::_fs_utimes_test ... FAILED
test lsp::lsp_workspace_symbol ... ok
test lsp::lsp_wasm_module ... FAILED
test node_unit_tests::_fs_watch_test ... FAILED
test node_unit_tests::_fs_writeFile_test ... FAILED
test lsp::unadded_dependency_message_with_import_map ... ok
test node_unit_tests::_fs_write_test ... FAILED
test lsp::lsp_workspace_lockfile ... FAILED
test lsp::wildcard_augment ... ok
test lsp::lsp_tls_cert ... FAILED
test node_unit_tests::_randomBytes_test ... FAILED
test node_unit_tests::_randomFill_test ... FAILED
test node_unit_tests::assert_test ... FAILED
test node_unit_tests::assertion_error_test ... FAILED
test node_unit_tests::_fs_read_test ... FAILED
test node_unit_tests::async_hooks_test ... FAILED
test node_unit_tests::buffer_test ... FAILED
test node_unit_tests::crypto_cipher_gcm_test ... FAILED
test node_unit_tests::child_process_test ... FAILED
test node_unit_tests::_randomInt_test ... FAILED
test node_unit_tests::cluster_test ... FAILED
test node_unit_tests::crypto_hkdf_test ... FAILED
test node_unit_tests::crypto_cipher_test ... FAILED
test node_unit_tests::console_test ... FAILED
test node_unit_tests::crypto_hash_test ... FAILED
test node_unit_tests::crypto_misc_test ... FAILED
Download http://localhost:4260/mkdirp
test node_unit_tests::crypto_scrypt_test ... FAILED
test node_unit_tests::crypto_sign_test ... FAILED
test npm::ensure_registry_files_local ... ok
test npm::cjs_export_analysis_require_re_export ... ok
test npm::cjs_rexport_analysis_json ... ok
test node_unit_tests::crypto_pbkdf2_test ... FAILED
test node_unit_tests::domain_test ... FAILED
test node_unit_tests::dgram_test ... FAILED
test node_unit_tests::crypto_key_test ... FAILED
test node_unit_tests::events_test ... FAILED
test node_unit_tests::fetch_test ... FAILED
test npm::reload_info_not_found_cache_but_exists_remote ... ignored
test node_unit_tests::fs_test ... FAILED
test node_unit_tests::http2_test ... FAILED
test lsp::lsp_npm_managed_type_only_export_no_diagnostic ... FAILED
test npm::test_private_npm_registry ... FAILED
test node_unit_tests::http_no_cert_flag_test ... FAILED
test node_unit_tests::http_test ... FAILED
test node_unit_tests::inspector_test ... FAILED
test npm::run_cjs_in_node_modules_folder ... ok
test node_unit_tests::net_test ... FAILED
test node_unit_tests::module_test ... FAILED
test node_unit_tests::os_test ... FAILED
test node_unit_tests::path_test ... FAILED
test node_unit_tests::perf_hooks_test ... FAILED
test pm::add_basic ... FAILED
test pm::add_basic_no_deno_json ... FAILED
test node_unit_tests::process_test ... FAILED
test pm::add_basic_with_empty_deno_json ... FAILED
test node_unit_tests::punycode_test ... FAILED
test pm::add_multiple ... FAILED
test pm::add_npm ... FAILED
test pm::add_tilde ... FAILED
test pm::add_version_contraint ... FAILED
test node_unit_tests::querystring_test ... FAILED
test node_unit_tests::repl_test ... FAILED
test node_unit_tests::readline_test ... FAILED
test node_unit_tests::sqlite_test ... FAILED
test node_unit_tests::stream_test ... FAILED
test node_unit_tests::string_decoder_test ... FAILED
test node_unit_tests::timers_test ... FAILED
test node_unit_tests::tls_test ... FAILED
test node_unit_tests::unhandled_rejection_web ... FAILED
test node_unit_tests::unhandled_rejection_web_process ... FAILED
test publish::publish_non_exported_files_using_import_map ... FAILED
test node_unit_tests::tty_test ... FAILED
test node_unit_tests::util_test ... FAILED
test node_unit_tests::v8_test ... FAILED
test node_unit_tests::vm_test ... FAILED
test node_unit_tests::wasi_test ... FAILED
test npm::auto_discover_lock_file ... FAILED
[0m[1m-- [0m[0m[1m[31mOUTPUT[0m[0m[1m START --[0m
Download http://localhost:4260/@denotest/bin/1.0.0.tgz
error: Failed caching npm package '@denotest/bin@1.0.0'

Caused by:
    0: error sending request for url (http://localhost:4260/@denotest/bin/1.0.0.tgz): client error (Connect): tcp connect error: Cannot assign requested address (os error 99): Cannot assign requested address (os error 99)
    1: client error (Connect)
    2: tcp connect error: Cannot assign requested address (os error 99)
    3: Cannot assign requested address (os error 99)

[0m[1m-- OUTPUT END --[0m
[0m[1m-- [0m[0m[1m[32mEXPECTED[0m[0m[1m START --[0m
Download http://localhost:4260/@denotest/bin/1.0.0.tgz
error: Failed caching npm package '@denotest/bin@1.0.0'

Caused by:
    Tarball checksum did not match what was provided by npm registry for @denotest/bin@1.0.0.

    Expected: foobar
    Actual: [WILDCARD]

[0m[1m-- EXPECTED END --[0m
[0m[1m-- [0m[0m[1m[34mDEBUG[0m[0m[1m START --[0m
<FOUND>[0m[38;5;245mDownloadhttp://localhost:4260/@denotest/bin/1.0.0.tgz
error:Failedcachingnpmpackage'@denotest/bin@1.0.0'

Causedby:
[0m</FOUND>
==== COULD NOT FIND SEARCH TEXT ====
[0m[32mTarballchecksumdidnotmatchwhatwasprovidedbynpmregistryfor@denotest/bin@1.0.0.

Expected:foobar
Actual:[0m
==== NEXT ACTUAL TEXT ====
[0m[31mDownloadhttp://localhost:4260/@denotest[0m[TRUNCATED]
[0m[1m-- DEBUG END --[0m
test node_unit_tests::worker_threads_test ... FAILED
test node_unit_tests::zlib_test ... FAILED
test npm::binary_package_with_optional_dependencies ... FAILED
error: Failed loading http://localhost:4260/mkdirp for package "mkdirp"

Caused by:
    error sending request for url (http://localhost:4260/mkdirp): client error (Connect): tcp connect error: Cannot assign requested address (os error 99): Cannot assign requested address (os error 99)
test npm::deno_run_cjs_module ... FAILED
test npm::deno_run_bin_lockfile ... FAILED
test repl::assign_underscore_error ... ok
test repl::call_eval_unterminated ... ok
test repl::assign_underscore ... ok
test npm::cached_only_after_first_run ... FAILED
test repl::close_command ... ok
test npm::check_css_package_json_exports ... FAILED
[0m[1m-- [0m[0m[1m[31mOUTPUT[0m[0m[1m START --[0m
Download http://localhost:4260/@denotest%2fcss-export
error: Failed loading http://localhost:4260/@denotest%2fcss-export for package "@denotest/css-export"
    0: error sending request for url (http://localhost:4260/@denotest%2fcss-export): client error (Connect): tcp connect error: Cannot assign requested address (os error 99): Cannot assign requested address (os error 99)
    at file:///tmp/deno-cli-testp1h4WL/main.ts:1:8

[0m[1m-- OUTPUT END --[0m
[0m[1m-- [0m[0m[1m[32mEXPECTED[0m[0m[1m START --[0m
Download [WILDCARD]css-export
Download [WILDCARD]css-export/1.0.0.tgz
Check [WILDCARD]/main.ts

[0m[1m-- EXPECTED END --[0m
[0m[1m-- [0m[0m[1m[34mDEBUG[0m[0m[1m START --[0m
<FOUND>[0m[38;5;245mDownload[0m</FOUND>
<WILDCARD />
==== COULD NOT FIND SEARCH TEXT ====
[0m[32mcss-export
Download[0m
==== MAX FOUND ====
[0m[31mcss-export
[0m
==== NEXT ACTUAL TEXT ====
[0m[31mcss-export
error:Failedloadinghttp://[0m[TRUNCATED]
[0m[1m-- DEBUG END --[0m
test repl::block_expression ... ok
test repl::await_resolve ... ok
test repl::disable_history_file ... ok
error: Failed loading http://localhost:4260/@denotest%2fdual-cjs-esm for package "@denotest/dual-cjs-esm"
    0: error sending request for url (http://localhost:4260/@denotest%2fdual-cjs-esm): client error (Connect): tcp connect error: Cannot assign requested address (os error 99): Cannot assign requested address (os error 99)
    at file:///app/tests/testdata/npm/dual_cjs_esm/main.ts:1:25
test npm::require_resolve_url_paths ... FAILED
test npm::node_modules_dir_cache ... FAILED
test npm::node_modules_dir_config_file ... FAILED
test npm::reload_flag ... FAILED
test npm::top_level_install_package_json_explicit_opt_in ... FAILED
test npm::lock_file_lock_write ... ok
test npm::parallel_downloading ... FAILED
test repl::closed_file_pre_load_does_not_occur ... ok
test repl::package_json_uncached_no_error ... ignored
test repl::env_file ... ok
test repl::custom_inspect ... ok
test repl::await_timeout ... ok
test repl::custom_history_path ... ok
test npm::no_npm_after_first_run ... FAILED
test npm::run_existing_npm_package ... FAILED
test repl::eval_file_flag_call_defined_function ... ok
test repl::eof ... ok
test repl::eval_file_promise_error ... ok
test repl::eval_flag_runtime_error ... ok
test repl::eval_file_flag_valid_input ... ok
test repl::eval_file_flag_http_input ... FAILED
test repl::eval_file_flag_multiple_files ... FAILED
test repl::jsx_errors_without_pragma ... ok
test repl::import_declarations ... ok
test repl::import ... ok
test repl::function ... ok
test repl::exports_stripped ... ok
test repl::missing_deno_dir ... ok
test repl::pty_aggregate_error ... ok
test repl::eval_flag_parse_error ... ok
test repl::eval_flag_valid_input ... ok
test repl::multiline ... ok
test repl::object_literal ... ok
test repl::pty_complete_imports_no_panic_empty_specifier ... ok
test repl::pty_assign_global_this ... ok
test repl::pty_bad_input ... ok
test repl::pty_emoji ... ok
test repl::let_redeclaration ... ok
test repl::pty_assign_deno_keys_and_deno ... ok
test repl::console_log ... ok
test repl::reference_error ... ok
test repl::pty_null ... ok
test repl::repl_cwd ... ok
[0m[1m-- [0m[0m[1m[31mOUTPUT[0m[0m[1m START --[0m
error: Failed reading lockfile at '/tmp/deno-cli-testNXDjaW/deno.lock'

Caused by:
    0: Failed upgrading lockfile to latest version. Lockfile may be corrupt
    1: Failed getting npm package info: Failed loading http://localhost:4260/ansi-regex for package "ansi-regex"
    2: Failed loading http://localhost:4260/ansi-regex for package "ansi-regex"
    3: error sending request for url (http://localhost:4260/ansi-regex): client error (Connect): tcp connect error: Cannot assign requested address (os error 99): Cannot assign requested address (os error 99)

[0m[1m-- OUTPUT END --[0m
[0m[1m-- [0m[0m[1m[32mEXPECTED[0m[0m[1m START --[0m
error: failed reading lockfile '[WILDLINE]deno.lock'

Caused by:
    0: The lockfile is corrupt. Remove the lockfile to regenerate it.
    1: Could not find 'cowsay@1.5.0' in the list of packages.

[0m[1m-- EXPECTED END --[0m
[0m[1m-- [0m[0m[1m[34mDEBUG[0m[0m[1m START --[0m
<FOUND>[0m[38;5;245merror:[0m</FOUND>
==== COULD NOT FIND SEARCH TEXT ====
[0m[32mfailedreadinglockfile'[0m
==== NEXT ACTUAL TEXT ====
[0m[31merror:Failedreadinglockfileat'/tmp/[0m[TRUNCATED]
[0m[1m-- DEBUG END --[0m
test npm::lock_file_missing_top_level_package ... FAILED
test repl::pty_promise_was_collected_regression_test ... ok
test repl::pty_complete_imports ... ok
test repl::repl_with_quiet_flag ... ok
test lsp::lsp_workspace_disable_enable_paths ... ok
test repl::lexical_scoped_variable ... ok
test repl::repl_no_globalthis ... ok
test publish::includes_directories ... FAILED
test repl::pty_syntax_error_input ... ok
test publish::not_include_gitignored_file_unless_exact_match_in_include ... ok
test publish::includes_unexcluded_sub_dir ... ok
test publish::gitignore_everything_excluded_override ... ok
test repl::save_last_eval ... ok
test repl::repl_error_undefined ... ok
test repl::syntax_error ... ok
test repl::pty_clear_function ... ok
test repl::repl_error ... ok
test repl::type_error ... ok
test repl::repl_json_imports ... ok
test run::_089_run_allow_list ... ok
test repl::repl_report_error ... ok
test repl::npm_packages ... FAILED
test repl::typescript ... ok
test repl::strict ... ok
test publish::allow_dirty ... FAILED
[0m[32mDownload[0m http://localhost:4545/run/remote_type_error/remote.ts
test run::basic_auth_tokens ... FAILED
test run::cache_test ... FAILED
test run::broken_stdout ... ok
test publish::allow_dirty_not_in_repo ... FAILED
test run::_083_legacy_external_source_map ... ok
test repl::pty_unpaired_braces ... ok
test repl::repl_reject ... ok
[0m[1m[31merror[0m: Import 'http://localhost:4545/run/remote_type_error/remote.ts' failed.
    0: error sending request for url (http://localhost:4545/run/remote_type_error/remote.ts): client error (Connect): tcp connect error: Cannot assign requested address (os error 99): Cannot assign requested address (os error 99)
    1: client error (Connect)
    2: tcp connect error: Cannot assign requested address (os error 99)
    3: Cannot assign requested address (os error 99)
    at [0m[36mfile:///app/tests/testdata/run/remote_type_error/main.ts[0m:[0m[33m1[0m:[0m[33m26[0m
test publish::not_includes_gitignored_dotenv ... ok
test repl::typescript_declarations ... ok
test repl::variable ... ok
test run::check_local_then_remote ... FAILED
test publish::ignores_directories ... FAILED
test run::broken_stdout_repl ... ok
test repl::typescript_decorators ... ok
Hello World
test publish::includes_directories_with_gitignore_when_unexcluded ... ok
test run::cache_invalidation_test ... ok
test run::exec_path ... ok
test run::cache_invalidation_test_no_check ... ok
test run::extension_dynamic_import ... ok
test run::error_local_static_import_from_remote_js ... FAILED
[0m[1m-- [0m[0m[1m[31mOUTPUT[0m[0m[1m START --[0m
Download http://localhost:4545/run/error_local_static_import_from_remote.js
error: Import 'http://localhost:4545/run/error_local_static_import_from_remote.js' failed.
    0: error sending request for url (http://localhost:4545/run/error_local_static_import_from_remote.js): client error (Connect): tcp connect error: Cannot assign requested address (os error 99): Cannot assign requested address (os error 99)
    1: client error (Connect)
    2: tcp connect error: Cannot assign requested address (os error 99)
    3: Cannot assign requested address (os error 99)

[0m[1m-- OUTPUT END --[0m
[0m[1m-- [0m[0m[1m[32mEXPECTED[0m[0m[1m START --[0m
[WILDCARD]
error: Remote modules are not allowed to import local modules. Consider using a dynamic import instead.
  Importing: file:///some/dir/file.js
    at http://localhost:4545/run/error_local_static_import_from_remote.js:1:8

[0m[1m-- EXPECTED END --[0m
[0m[1m-- [0m[0m[1m[34mDEBUG[0m[0m[1m START --[0m
<WILDCARD />
==== COULD NOT FIND SEARCH TEXT ====
[0m[32m
error:Remotemodulesarenotallowedtoimportlocalmodules.Considerusingadynamicimportinstead.
Importing:file:///some/dir/file.js
athttp://localhost:4545/run/error_local_static_import_from_remote.js:1:8
[0m
==== MAX FOUND ====
[0m[31m
error:[0m
==== NEXT ACTUAL TEXT ====
[0m[31m
error:Import'http://localhost:4545/ru[0m[TRUNCATED]
[0m[1m-- DEBUG END --[0m
test repl::repl_deno_test ... ok
test repl::save_last_thrown ... ok
test publish::allow_dirty_dry_run ... ok
[0m[1m-- [0m[0m[1m[31mOUTPUT[0m[0m[1m START --[0m
DEBUG RS - deno::args:527 - Finished config loading.
DEBUG RS - deno::cache::cache_db:174 - Opening cache /tmp/deno-cli-test2oWWVi/dep_analysis_cache_v2...
DEBUG RS - deno::cache::cache_db:174 - Opening cache /tmp/deno-cli-test2oWWVi/node_analysis_cache_v2...
DEBUG RS - deno::cache::cache_db:174 - Opening cache /tmp/deno-cli-test2oWWVi/v8_code_cache_v2...
DEBUG RS - deno_resolver::npmrc:201 - No .npmrc file found
DEBUG RS - deno::worker:83 - main_module file:///tmp/deno-cli-testaJtYH1/main.ts
DEBUG RS - deno::module_loader:179 - Preparing module load.
DEBUG RS - deno::module_loader:213 - Building module graph.
DEBUG RS - deno_cache_dir::file_fetcher:579 - FileFetcher::fetch_no_follow - specifier: file:///tmp/deno-cli-testaJtYH1/main.ts
DEBUG RS - deno_cache_dir::file_fetcher:579 - FileFetcher::fetch_no_follow - specifier: file:///tmp/deno-cli-testaJtYH1/other.ts
DEBUG RS - deno::module_loader:258 - Prepared module load.
DEBUG RS - deno_resolver::cache::parsed_source:98 - Removed parsed source: file:///tmp/deno-cli-testaJtYH1/main.ts
DEBUG RS - deno_resolver::cache::parsed_source:98 - Removed parsed source: file:///tmp/deno-cli-testaJtYH1/other.ts
hi
DEBUG RS - deno_runtime::worker:850 - received module evaluate Ok(
    (),
)
DEBUG RS - deno::module_loader:1168 - Updating V8 code cache for ES module: file:///tmp/deno-cli-testaJtYH1/main.ts, [2666862474678805943]
DEBUG RS - deno::module_loader:1168 - Updating V8 code cache for ES module: file:///tmp/deno-cli-testaJtYH1/other.ts, [15278685555868596754]

[0m[1m-- OUTPUT END --[0m
[0m[1m-- [0m[0m[1m[32mEXPECTED[0m[0m[1m START --[0m
[WILDCARD]Error saving emit data ([WILDLINE]main.ts)[WILDCARD]Skipped emit cache save of [WILDLINE]other.ts[WILDCARD]hi[WILDCARD]
[0m[1m-- EXPECTED END --[0m
[0m[1m-- [0m[0m[1m[34mDEBUG[0m[0m[1m START --[0m
<WILDCARD />
==== COULD NOT FIND SEARCH TEXT ====
[0m[32mErrorsavingemitdata([0m
==== MAX FOUND ====
[0m[31mE[0m
==== NEXT ACTUAL TEXT ====
[0m[31mEBUGRS-deno::args:527-Finishedconf[0m[TRUNCATED]
[0m[1m-- DEBUG END --[0m
test run::emit_failed_readonly_file_system ... FAILED
[0m[1m-- [0m[0m[1m[31mOUTPUT[0m[0m[1m START --[0m
Download http://localhost:4545/run/error_001.ts
error: Import 'http://localhost:4545/run/error_001.ts' failed.
    0: error sending request for url (http://localhost:4545/run/error_001.ts): client error (Connect): tcp connect error: Cannot assign requested address (os error 99): Cannot assign requested address (os error 99)
    1: client error (Connect)
    2: tcp connect error: Cannot assign requested address (os error 99)
    3: Cannot assign requested address (os error 99)
    at file:///app/tests/testdata/run/error_026_remote_import_error.ts:1:8

[0m[1m-- OUTPUT END --[0m
[0m[1m-- [0m[0m[1m[32mEXPECTED[0m[0m[1m START --[0m
[WILDCARD]
test run::disallow_http_from_https_js ... FAILED
error: Uncaught (in promise) Error: bad
  throw Error("bad");
test run::error_026_remote_import_error ... FAILED
        ^
    at foo (http://localhost:4545/run/error_001.ts:2:9)
    at bar (http://localhost:4545/run/error_001.ts:6:3)
    at http://localhost:4545/run/error_001.ts:9:1

[0m[1m-- EXPECTED END --[0m
[0m[1m-- [0m[0m[1m[34mDEBUG[0m[0m[1m START --[0m
<WILDCARD />
==== COULD NOT FIND SEARCH TEXT ====
[0m[32m
error:Uncaught(inpromise)Error:bad
throwError("bad");
^
atfoo(http://localhost:4545/run/error_001.ts:2:9)
atbar(http://localhost:4545/run/error_001.ts:6:3)
athttp://localhost:4545/run/error_001.ts:9:1
[0m
==== MAX FOUND ====
[0m[31m
error:[0m
==== NEXT ACTUAL TEXT ====
[0m[31m
error:Import'http://localhost:4545/ru[0m[TRUNCATED]
test run::extension_import ... ok
[0m[1m-- DEBUG END --[0m
[0m[1m-- [0m[0m[1m[31mOUTPUT[0m[0m[1m START --[0m
Download http://localhost:4545/run/error_local_static_import_from_remote.ts
error: Import 'http://localhost:4545/run/error_local_static_import_from_remote.ts' failed.
    0: error sending request for url (http://localhost:4545/run/error_local_static_import_from_remote.ts): client error (Connect): tcp connect error: Cannot assign requested address (os error 99): Cannot assign requested address (os error 99)
    1: client error (Connect)
    2: tcp connect error: Cannot assign requested address (os error 99)
    3: Cannot assign requested address (os error 99)

[0m[1m-- OUTPUT END --[0m
[0m[1m-- [0m[0m[1m[32mEXPECTED[0m[0m[1m START --[0m
[WILDCARD]
error: Remote modules are not allowed to import local modules. Consider using a dynamic import instead.
  Importing: file:///some/dir/file.ts
    at http://localhost:4545/run/error_local_static_import_from_remote.ts:1:8

[0m[1m-- EXPECTED END --[0m
[0m[1m-- [0m[0m[1m[34mDEBUG[0m[0m[1m START --[0m
<WILDCARD />
==== COULD NOT FIND SEARCH TEXT ====
[0m[32m
error:Remotemodulesarenotallowedtoimportlocalmodules.Considerusingadynamicimportinstead.
Importing:file:///some/dir/file.ts
athttp://localhost:4545/run/error_local_static_import_from_remote.ts:1:8
[0m
==== MAX FOUND ====
[0m[31m
error:[0m
==== NEXT ACTUAL TEXT ====
[0m[31m
error:Import'http://localhost:4545/ru[0m[TRUNCATED]
[0m[1m-- DEBUG END --[0m
test run::error_local_static_import_from_remote_ts ... FAILED
test repl::pty_multiline ... ok
test run::error_013_missing_script ... ok
Hello World
test run::fsfile_set_raw_should_not_panic_on_no_tty ... ok
test run::deno_log ... ok
test run::http2_request_url ... ok
test repl::unpaired_braces ... ok
test run::disallow_http_from_https_ts ... FAILED
[0m[1m[31merror[0m: Module not found "file:///app/tests/util/std/assert/mod.ts".
    at [0m[36mfile:///app/tests/testdata/cert/listen_tls_alpn_fail.ts[0m:[0m[33m1[0m:[0m[33m31[0m
[0m[1m-- [0m[0m[1m[31mOUTPUT[0m[0m[1m START --[0m
Download http://localhost:4545/subdir/evil_remote_import.js
error: Uncaught (in promise) TypeError: Import 'http://localhost:4545/subdir/evil_remote_import.js' failed.
    0: error sending request for url (http://localhost:4545/subdir/evil_remote_import.js): client error (Connect): tcp connect error: Cannot assign requested address (os error 99): Cannot assign requested address (os error 99)
    1: client error (Connect)
    2: tcp connect error: Cannot assign requested address (os error 99)
    3: Cannot assign requested address (os error 99)
  await import("http://localhost:4545/subdir/evil_remote_import.js");
  ^
    at async file:///app/tests/testdata/run/error_016_dynamic_import_permissions2.js:4:3

[0m[1m-- OUTPUT END --[0m
[0m[1m-- [0m[0m[1m[32mEXPECTED[0m[0m[1m START --[0m
[WILDCARD]
error: Uncaught (in promise) TypeError: Remote modules are not allowed to import local modules. Consider using a dynamic import instead.
  Importing: file:///c:/etc/passwd
    at http://localhost:4545/subdir/evil_remote_import.js:3:15
  await import("http://localhost:4545/subdir/evil_remote_import.js");
  ^
    at async file://[WILDCARD]/error_016_dynamic_import_permissions2.js:4:3

[0m[1m-- EXPECTED END --[0m
[0m[1m-- [0m[0m[1m[34mDEBUG[0m[0m[1m START --[0m
<WILDCARD />
==== COULD NOT FIND SEARCH TEXT ====
[0m[32m
error:Uncaught(inpromise)TypeError:Remotemodulesarenotallowedtoimportlocalmodules.Considerusingadynamicimportinstead.
Importing:file:///c:/etc/passwd
athttp://localhost:4545/subdir/evil_remote_import.js:3:15
awaitimport("http://localhost:4545/subdir/evil_remote_import.js");
^
atasyncfile://[0m
==== MAX FOUND ====
[0m[31m
error:Uncaught(inpromise)TypeError:[0m
==== NEXT ACTUAL TEXT ====
[0m[31m
error:Uncaught(inpromise)TypeError:[0m[TRUNCATED]
[0m[1m-- DEBUG END --[0m
test run::error_016_dynamic_import_permissions2 ... FAILED
test run::listen_tls_alpn_fail ... FAILED
test run::jsx_import_source_import_map_scoped_dev ... FAILED
test run::jsx_import_source_import_map_scoped ... FAILED
test run::navigator_language ... ok
test run::node_modules_dir_no_npm_specifiers_no_dir_created ... ok
test run::navigator_language_unix ... ok
test run::listen_tls_alpn ... ok
Ok
test run::navigator_languages_unix ... ok
test run::dont_cache_on_check_fail ... ok
test run::no_validate_asm ... ok
test run::node_process_stdin_pause ... ok
test run::navigator_languages ... ok
test run::no_check_remote ... FAILED
test run::lock_redirects ... FAILED
test run::code_cache_test ... ok
test run::package_json_no_node_modules_dir_created ... ok
test run::deno_no_prompt_environment_variable ... ok
test run::issue12740 ... ok
test run::permission_request_with_no_prompt ... ok
test run::lock_write_fetch ... FAILED
test run::permissions::net_connect_allow_localhost_ip ... FAILED
test run::permissions::net_connect_allow_deno_land ... ok
test run::permissions::net_connect_allow_localhost_ip_4555 ... FAILED
test run::permissions::net_fetch_allow_localhost_4545 ... FAILED
test run::permission_request_long ... ok
test run::permissions::net_fetch_allow_deno_land ... ok
test run::permissions::net_connect_allow_localhost_ip_4545_fail ... ok
test run::_090_run_permissions_request ... ok
test run::_090_run_permissions_request_sync ... ok
test run::permissions::net_fetch_localhost_subdomain ... FAILED
test run::permissions::net_fetch_localhost ... FAILED
test run::permissions::net_fetch_localhost_4545_fail ... ok
[0m[1m-- [0m[0m[1m[31mOUTPUT[0m[0m[1m START --[0m

[0m[1m-- OUTPUT END --[0m
[0m[1m-- [0m[0m[1m[32mEXPECTED[0m[0m[1m START --[0m
function[WILDCARD]
[0m[1m-- EXPECTED END --[0m
[0m[1m-- [0m[0m[1m[34mDEBUG[0m[0m[1m START --[0m
==== COULD NOT FIND SEARCH TEXT ====
[0m[32mfunction[0m
==== NEXT ACTUAL TEXT ====
[0m[31m[0m
[0m[1m-- DEBUG END --[0m
test run::code_cache_npm_with_require_test ... FAILED
test run::permissions::net_listen_allow_deno_land ... ok
[0m[1m-- [0m[0m[1m[31mOUTPUT[0m[0m[1m START --[0m
Download http://localhost:4260/@denotest%2fesm-basic
error: Failed loading http://localhost:4260/@denotest%2fesm-basic for package "@denotest/esm-basic"
    0: error sending request for url (http://localhost:4260/@denotest%2fesm-basic): client error (Connect): tcp connect error: Cannot assign requested address (os error 99): Cannot assign requested address (os error 99)
    at file:///tmp/deno-cli-testDpIoqU/main.ts:3:36

[0m[1m-- OUTPUT END --[0m
[0m[1m-- [0m[0m[1m[32mEXPECTED[0m[0m[1m START --[0m
[WILDCARD]5
hello, world!

[0m[1m-- EXPECTED END --[0m
[0m[1m-- [0m[0m[1m[34mDEBUG[0m[0m[1m START --[0m
<WILDCARD />
==== COULD NOT FIND SEARCH TEXT ====
[0m[32m5
hello,world!
[0m
==== NEXT ACTUAL TEXT ====
[0m[31mDownloadhttp://localhost:4260/@denotest[0m[TRUNCATED]
[0m[1m-- DEBUG END --[0m
[0m[1m-- [0m[0m[1m[31mOUTPUT[0m[0m[1m START --[0m

[0m[1m-- OUTPUT END --[0m
[0m[1m-- [0m[0m[1m[32mEXPECTED[0m[0m[1m START --[0m
Hello World[WILDCARD]
[0m[1m-- EXPECTED END --[0m
[0m[1m-- [0m[0m[1m[34mDEBUG[0m[0m[1m START --[0m
==== COULD NOT FIND SEARCH TEXT ====
[0m[32mHelloWorld[0m
==== NEXT ACTUAL TEXT ====
[0m[31m[0m
[0m[1m-- DEBUG END --[0m
test run::deno_json_imports_expand ... FAILED
test run::node_process_stdin_unref_with_pty ... ok
test run::code_cache_npm_cjs_wrapper_module_many_exports ... FAILED
test run::permissions::net_listen_allow_localhost_4555 ... ok
test run::permissions::net_listen_allow_localhost_4555_fail ... ok
test run::permissions::net_listen_allow_localhost ... ok
test run::code_cache_npm_test ... FAILED
test run::permissions::net_fetch_deny_cidr ... FAILED
test publish::not_includes_vendor_dir_only_when_vendor_true ... ok
test run::permissions::_062_permissions_request_global ... ok
[0m[1m-- [0m[0m[1m[31mOUTPUT[0m[0m[1m START --[0m
Download http://localhost:4260/@denotest%2fesm-basic
Download http://localhost:4260/@denotest%2fsub-folders
error: Failed loading http://localhost:4260/@denotest%2fesm-basic for package "@denotest/esm-basic"
    0: error sending request for url (http://localhost:4260/@denotest%2fesm-basic): client error (Connect): tcp connect error: Cannot assign requested address (os error 99): Cannot assign requested address (os error 99)
    at file:///tmp/deno-cli-testrO7BIZ/main.ts:3:36

[0m[1m-- OUTPUT END --[0m
[0m[1m-- [0m[0m[1m[32mEXPECTED[0m[0m[1m START --[0m
[WILDCARD]5
7

[0m[1m-- EXPECTED END --[0m
[0m[1m-- [0m[0m[1m[34mDEBUG[0m[0m[1m START --[0m
<WILDCARD />
==== COULD NOT FIND SEARCH TEXT ====
[0m[32m5
7
[0m
==== NEXT ACTUAL TEXT ====
[0m[31mDownloadhttp://localhost:4260/@denotest[0m[TRUNCATED]
[0m[1m-- DEBUG END --[0m
test run::permissions::_066_prompt ... ok
test run::deno_json_imports_expand_doesnt_overwrite_existing_entries ... FAILED
test run::permissions::_062_permissions_request_global_sync ... ok
[0m[32mCheck[0m file:///app/tests/$deno$stdin.mts
test run::lock_deno_json_package_json_deps ... FAILED
test run::set_raw_should_not_panic_on_no_tty ... ok
test run::issue9750 ... ok
test run::lock_deno_json_package_json_deps_workspace ... FAILED
test run::permissions::rw_no_prefix ... ok
test run::permissions::rw_outside_test_and_js_dir ... ok
test run::should_not_panic_on_undefined_deno_dir_environment_variable ... ok
test run::permissions::rw_inside_test_and_js_dir ... ok
test run::permissions::rw_inside_project_dir ... ok
finish
test run::permissions::rw_outside_test_dir ... ok
test repl::pty_ignore_symbols ... ok
test run::timeout_clear ... ok
test run::spawn_kill_permissions ... ok
test run::permission_prompt_escapes_ansi_codes_and_control_chars ... ok
[0m[1m[31merror[0m: Module not found "file:///app/tests/util/std/assert/mod.ts".
    at [0m[36mfile:///app/tests/testdata/run/websocket_server_idletimeout.ts[0m:[0m[33m1[0m:[0m[33m30[0m
test run::permissions::rw_inside_test_dir ... ok
test run::permissions::rw_relative ... ok
test run::should_not_panic_on_undefined_home_environment_variable ... ok
test run::permissions::_061_permissions_request ... ok
test run::running_declaration_files ... ok
test run::run_from_stdin_ext ... ok
[0m[32mCheck[0m file:///app/tests/testdata/run/websocketstream_ping_test.ts
test shared_library_tests::linux_shared_libraries ... ok
test run::should_not_panic_on_undefined_deno_dir_and_home_environment_variables ... ok
test publish::provenance ... FAILED
test test::sigint_with_hanging_test ... ignored
test serve::deno_run_serve_with_duplicate_env_addr ... ok
test run::permissions::_061_permissions_request_sync ... ok
test serve::deno_run_serve_with_tcp_from_env ... ok
test run::type_directives_redirect ... FAILED
test run::vendor_dir_config_file ... FAILED
test run::websocket_server_multi_field_connection_header ... ok
test serve::deno_serve_no_args ... ok
test serve::deno_run_serve_with_unix_socket_from_env ... ok
test serve::deno_serve_port_0 ... ok
test task::deno_task_ansi_escape_codes ... ok
test run::permissions_cache ... ok
test task::deno_task_control_chars ... ok
test run::webstorage_location_precedes_config ... ok
test run::permissions_trace ... ok
test run::permissions_prompt_allow_all_lowercase_a ... ok
test test::junit_path ... ok
test repl::pty_complete_expression ... ok
test run::webstorage_location_shares_origin ... ok
test publish::ignores_gitignore ... ok
test repl::pty_tab_indexable_props ... ok
test repl::pty_complete_symbol ... ok
test upgrade::upgrade_lsp_repl_sleeps ... ok
test watcher::fmt_watch_without_args_test ... ok
test run::permissions::without_allow ... ok
test watcher::fmt_watch_test ... ok
test watcher::fmt_check_all_files_on_each_change_test ... ok
test run::webstorage_main_module ... ok
test watcher::lint_all_files_on_each_change_test ... ok
test run::webstorage_config_file ... ok
test watcher::run_watch_error_messages ... ok
test run::permissions::with_allow ... ok
test upgrade::upgrade_invalid_lockfile ... ok
test repl::pty_complete_declarations ... ok
test publish::publish_warning_not_in_graph ... FAILED
test repl::pty_tab_handler ... ok
test run::stdio_streams_are_locked_in_permission_prompt ... ok
test watcher::lint_watch_without_args_test ... ok
test watcher::run_watch_dynamic_imports ... ok
test watcher::lint_watch_test ... ok
test watcher::run_watch_env_file_with_multiline_values ... ok
test repl::pty_complete_primitives ... ok
test watcher::run_watch_env_file_basic ... ok
test run::permissions_prompt_allow_all_2 ... ok
test watcher::run_watch_env_file_multiple_files ... ok
test watcher::run_watch_with_import_map_and_relative_paths ... ok
test watcher::run_watch_blob_urls_reset ... ok
test watcher::run_watch_with_excluded_paths ... ok
test watcher::run_watch_inspect ... ok
test watcher::test_watch_module_graph_error_referrer ... ok
test watcher::run_watch_env_file_invalid_syntax ... ok
test watcher::run_watch_load_unload_events ... ok
test watcher::run_watch_env_file_removed ... ok
test watcher::test_watch_unload_handler_error_on_drop ... ok
test repl::pty_internal_repl ... ok
test watcher::run_watch_not_exit ... ok
test watcher::run_watch_with_ext_flag ... ok
test watcher::test_watch_sigint ... ok
test run::run_from_stdin_defaults_to_ts ... ok
test watcher::run_watch_external_watch_files ... ok
test watcher::run_hmr_compile_error ... ok
test watcher::run_watch_env_file_with_script_changes ... ok
test watcher::test_watch_serve ... ok
test watcher::run_hmr_server ... ok
test watcher::run_hmr_unhandled_rejection ... ok
test serve::deno_serve_parallel ... ok
test run::type_directives_js_main ... ok
test watcher::run_hmr_uncaught_error ... ok
test run::websocketstream_ping ... ok
test test::conditionally_loads_type_graph ... ok
test watcher::run_hmr_jsx ... ok
test run::issue12807 ... ok
test run::permissions_prompt_allow_all ... ok
test run::ts_dependency_recompilation ... ok
test test::test_with_glob_config ... ok
test watcher::serve_watch_all ... ok
test watcher::run_watch_no_dynamic ... ok
test watcher::bundle_watch ... FAILED
test test::test_with_glob_config_and_flags ... ok
test watcher::test_watch_basic ... ok
test run::test_resolve_dns ... ok
test watcher::bench_watch_basic ... ok
test repl::jsx_import_source ... FAILED
test run::file_fetcher_preserves_permissions ... FAILED
test lsp::lsp_auto_discover_registry has been running for over 60 seconds
test lsp::lsp_auto_import_npm_export_node_modules_dir_manual has been running for over 60 seconds
test lsp::lsp_byonm has been running for over 60 seconds
test lsp::lsp_byonm_js_import_resolves_to_dts has been running for over 60 seconds
test lsp::lsp_cjs_import_dual has been running for over 60 seconds
test lsp::lsp_cjs_internal_types_default_export has been running for over 60 seconds
test lsp::lsp_diagnostics_none_for_resolving_types has been running for over 60 seconds
test upgrade::upgrade_prompt ... FAILED
test lsp::lsp_jsx_import_source_byonm_preact has been running for over 60 seconds
test lsp::lsp_npm_auto_import_with_deno_types has been running for over 60 seconds
test lsp::lsp_quick_fix_missing_import_exclude_bare_node_builtins has been running for over 60 seconds
test lsp::lsp_auto_import_npm_export_node_modules_dir_manual ... FAILED
test lsp::lsp_byonm_js_import_resolves_to_dts ... FAILED
test lsp::lsp_cjs_import_dual ... FAILED
test lsp::lsp_type_commonjs has been running for over 60 seconds
test lsp::lsp_cjs_internal_types_default_export ... FAILED
test lsp::lsp_byonm ... FAILED
test lsp::lsp_diagnostics_none_for_resolving_types ... FAILED
test npm::byonm_cjs_esm_packages has been running for over 60 seconds
test npm::byonm_npm_workspaces has been running for over 60 seconds
test npm::byonm_package_specifier_not_installed_and_invalid_subpath has been running for over 60 seconds
test npm::cjs_export_analysis_import_cjs_directly_relative_import has been running for over 60 seconds
test npm::different_nested_dep_byonm has been running for over 60 seconds
test npm::different_nested_dep_byonm_future has been running for over 60 seconds
test npm::future_byonm_npm_workspaces has been running for over 60 seconds
test npm::node_modules_dir_manual_import_map has been running for over 60 seconds
test lsp::lsp_jsx_import_source_byonm_preact ... FAILED
test run::websocket_server_idletimeout has been running for over 60 seconds
error: test failed, to rerun pass `-p cli_tests --test integration_tests`

Caused by:
  process didn't exit successfully: `/app/target/release/deps/integration_tests-2c222a88fd4032c0` (exit status: 1)
note: test exited abnormally; to see the full output pass --nocapture to the harness.
All tests executed.
