Requirement already satisfied: pip in ./venv/lib/python3.11/site-packages (24.0)
Collecting pip
  Downloading pip-25.2-py3-none-any.whl.metadata (4.7 kB)
Downloading pip-25.2-py3-none-any.whl (1.8 MB)
   ━━━━━━━━━━━━━━━━━━━━━━━━━━━━━━━━━━━━━━━━ 1.8/1.8 MB 11.0 MB/s eta 0:00:00
Installing collected packages: pip
  Attempting uninstall: pip
    Found existing installation: pip 24.0
    Uninstalling pip-24.0:
      Successfully uninstalled pip-24.0
Successfully installed pip-25.2
Bazel version: bazel 8.0.0
Extracting Bazel installation...
Starting local Bazel server and connecting to it...
Computing main repo mapping:
Computing main repo mapping:
DEBUG: Rule 'libpfm+' indicated that a canonical reproducible form can be obtained by modifying arguments integrity = "sha256-ZhYTfeJYsxEQVkZKmfU/Pwr15WJ92Gq/257IpsXGcvk="
DEBUG: Repository libpfm+ instantiated at:
  <builtin>: in <toplevel>
Repository rule http_archive defined at:
  /root/.cache/bazel/_bazel_root/8c069df52082beee3c95ca17836fb8e2/external/bazel_tools/tools/build_defs/repo/http.bzl:392:31: in <toplevel>
Computing main repo mapping:
Computing main repo mapping:
Computing main repo mapping:
Computing main repo mapping:
WARNING: Couldn't auto load rules or symbols, because no dependency on module/repository 'rules_android' found. This will result in a failure if there's a reference to those rules or symbols.
Loading:
Loading: 1 packages loaded
Loading: 13 packages loaded
    currently loading: fleetbench ... (3 packages)
Analyzing: 364 targets (16 packages loaded, 0 targets configured)
Analyzing: 364 targets (16 packages loaded, 0 targets configured)

Analyzing: 364 targets (77 packages loaded, 200 targets configured)
[1 / 1] no actions running
Analyzing: 364 targets (148 packages loaded, 7366 targets configured)
[1 / 1] no actions running
DEBUG: Rule '+_repo_rules+chromium_zlib' indicated that a canonical reproducible form can be obtained by modifying arguments integrity = "sha256-FB8SxiaN//PDP5pUNZ1k1MHualRZiAZ+bfOVHHBMiW8="
DEBUG: Repository +_repo_rules+chromium_zlib instantiated at:
  <builtin>: in <toplevel>
Repository rule http_archive defined at:
  /root/.cache/bazel/_bazel_root/8c069df52082beee3c95ca17836fb8e2/external/bazel_tools/tools/build_defs/repo/http.bzl:392:31: in <toplevel>
Analyzing: 364 targets (216 packages loaded, 9561 targets configured)
[1 / 4] Compiling fleetbench/dynamic_registrar.cc; 0s processwrapper-sandbox
Analyzing: 364 targets (219 packages loaded, 10504 targets configured)
[99 / 1,377] Compiling googletest/src/gtest-port.cc; 0s processwrapper-sandbox ... (62 actions, 60 running)
Analyzing: 364 targets (219 packages loaded, 10504 targets configured)
[857 / 2,887] Compiling googletest/src/gtest-port.cc; 1s processwrapper-sandbox ... (64 actions, 63 running)
Analyzing: 364 targets (219 packages loaded, 10504 targets configured)
[981 / 2,887] Compiling googlemock/src/gmock-spec-builders.cc; 3s processwrapper-sandbox ... (64 actions, 63 running)
Analyzing: 364 targets (223 packages loaded, 12589 targets configured)
[1,086 / 2,895] Compiling googletest/src/gtest.cc; 4s processwrapper-sandbox ... (61 actions running)
INFO: Repository +_repo_rules+libnuma instantiated at:
  <builtin>: in <toplevel>
Repository rule http_archive defined at:
  /root/.cache/bazel/_bazel_root/8c069df52082beee3c95ca17836fb8e2/external/bazel_tools/tools/build_defs/repo/http.bzl:392:31: in <toplevel>
ERROR: /root/.cache/bazel/_bazel_root/8c069df52082beee3c95ca17836fb8e2/external/bazel_tools/tools/build_defs/repo/utils.bzl:233:21: An error occurred during the fetch of repository '+_repo_rules+libnuma':
   Traceback (most recent call last):
	File "/root/.cache/bazel/_bazel_root/8c069df52082beee3c95ca17836fb8e2/external/bazel_tools/tools/build_defs/repo/http.bzl", line 150, column 10, in _http_archive_impl
		patch(ctx)
	File "/root/.cache/bazel/_bazel_root/8c069df52082beee3c95ca17836fb8e2/external/bazel_tools/tools/build_defs/repo/utils.bzl", line 233, column 21, in patch
		fail("Error applying patch command %s:\n%s%s" %
Error in fail: Error applying patch command ./autogen.sh:
configure.ac:23: warning: The macro `AC_TRY_COMPILE' is obsolete.
configure.ac:23: You should run autoupdate.
./lib/autoconf/general.m4:2847: AC_TRY_COMPILE is expanded from...
lib/m4sugar/m4sh.m4:594: AS_CASE is expanded from...
lib/m4sugar/m4sh.m4:692: _AS_IF_ELSE is expanded from...
lib/m4sugar/m4sh.m4:699: AS_IF is expanded from...
./lib/autoconf/general.m4:2249: AC_CACHE_VAL is expanded from...
m4/ax_tls.m4:49: AX_TLS is expanded from...
configure.ac:23: the top level
configure.ac:15: installing 'build-aux/compile'
configure.ac:9: installing 'build-aux/install-sh'
configure.ac:9: installing 'build-aux/missing'
Makefile.am:9: error: Libtool library used but 'LIBTOOL' is undefined
Makefile.am:9:   The usual way to define 'LIBTOOL' is to add 'LT_INIT'
Makefile.am:9:   to 'configure.ac' and run 'aclocal' and 'autoconf' again.
Makefile.am:9:   If 'LT_INIT' is in 'configure.ac', make sure
Makefile.am:9:   its definition is in aclocal's search path.
Makefile.am: installing 'build-aux/depcomp'
parallel-tests: installing 'build-aux/test-driver'
autoreconf: error: automake failed with exit status: 1
ERROR: no such package '@@+_repo_rules+libnuma//': Error applying patch command ./autogen.sh:
configure.ac:23: warning: The macro `AC_TRY_COMPILE' is obsolete.
configure.ac:23: You should run autoupdate.
./lib/autoconf/general.m4:2847: AC_TRY_COMPILE is expanded from...
lib/m4sugar/m4sh.m4:594: AS_CASE is expanded from...
lib/m4sugar/m4sh.m4:692: _AS_IF_ELSE is expanded from...
lib/m4sugar/m4sh.m4:699: AS_IF is expanded from...
./lib/autoconf/general.m4:2249: AC_CACHE_VAL is expanded from...
m4/ax_tls.m4:49: AX_TLS is expanded from...
configure.ac:23: the top level
configure.ac:15: installing 'build-aux/compile'
configure.ac:9: installing 'build-aux/install-sh'
configure.ac:9: installing 'build-aux/missing'
Makefile.am:9: error: Libtool library used but 'LIBTOOL' is undefined
Makefile.am:9:   The usual way to define 'LIBTOOL' is to add 'LT_INIT'
Makefile.am:9:   to 'configure.ac' and run 'aclocal' and 'autoconf' again.
Makefile.am:9:   If 'LT_INIT' is in 'configure.ac', make sure
Makefile.am:9:   its definition is in aclocal's search path.
Makefile.am: installing 'build-aux/depcomp'
parallel-tests: installing 'build-aux/test-driver'
autoreconf: error: automake failed with exit status: 1
ERROR: /app/fleetbench/BUILD:106:11: //fleetbench:benchmark_main depends on @@+_repo_rules+libnuma//:numa in repository @@+_repo_rules+libnuma which failed to fetch. no such package '@@+_repo_rules+libnuma//': Error applying patch command ./autogen.sh:
configure.ac:23: warning: The macro `AC_TRY_COMPILE' is obsolete.
configure.ac:23: You should run autoupdate.
./lib/autoconf/general.m4:2847: AC_TRY_COMPILE is expanded from...
lib/m4sugar/m4sh.m4:594: AS_CASE is expanded from...
lib/m4sugar/m4sh.m4:692: _AS_IF_ELSE is expanded from...
lib/m4sugar/m4sh.m4:699: AS_IF is expanded from...
./lib/autoconf/general.m4:2249: AC_CACHE_VAL is expanded from...
m4/ax_tls.m4:49: AX_TLS is expanded from...
configure.ac:23: the top level
configure.ac:15: installing 'build-aux/compile'
configure.ac:9: installing 'build-aux/install-sh'
configure.ac:9: installing 'build-aux/missing'
Makefile.am:9: error: Libtool library used but 'LIBTOOL' is undefined
Makefile.am:9:   The usual way to define 'LIBTOOL' is to add 'LT_INIT'
Makefile.am:9:   to 'configure.ac' and run 'aclocal' and 'autoconf' again.
Makefile.am:9:   If 'LT_INIT' is in 'configure.ac', make sure
Makefile.am:9:   its definition is in aclocal's search path.
Makefile.am: installing 'build-aux/depcomp'
parallel-tests: installing 'build-aux/test-driver'
autoreconf: error: automake failed with exit status: 1
Use --verbose_failures to see the command lines of failed build steps.
ERROR: Analysis of target '//fleetbench:benchmark_main' failed; build aborted: Analysis failed
INFO: Elapsed time: 30.415s, Critical Path: 4.40s
INFO: 1186 processes: 775 internal, 411 processwrapper-sandbox.
ERROR: Build did NOT complete successfully
FAILED:
Computing main repo mapping:
Loading:
Loading: 0 packages loaded
Analyzing: 364 targets (0 packages loaded, 0 targets configured)
Analyzing: 364 targets (0 packages loaded, 0 targets configured)

Analyzing: 364 targets (1 packages loaded, 2170 targets configured)
[386 / 1,606] Compiling absl/hash/internal/city.cc; 0s processwrapper-sandbox ... (64 actions running)
Analyzing: 364 targets (1 packages loaded, 2170 targets configured)
[550 / 1,606] Compiling absl/hash/internal/city.cc; 1s processwrapper-sandbox ... (63 actions running)
Analyzing: 364 targets (1 packages loaded, 2170 targets configured)
[975 / 3,417] Compiling absl/strings/numbers.cc [for tool]; 2s processwrapper-sandbox ... (62 actions, 61 running)
INFO: From Compiling absl/crc/internal/crc_memcpy_x86_arm_combined.cc:
external/abseil-cpp+/absl/crc/internal/crc_memcpy_x86_arm_combined.cc: In function 'void absl::lts_20250512::crc_internal::{anonymous}::LargeTailCopy(absl::lts_20250512::crc32c_t*, char**, const char**, size_t, size_t)':
external/abseil-cpp+/absl/crc/internal/crc_memcpy_x86_arm_combined.cc:97:31: warning: ignoring attributes on template argument 'absl::lts_20250512::crc_internal::V128' {aka '__m128i'} [-Wignored-attributes]
   97 |   std::array<V128, vec_regions> data;
      |                               ^
external/abseil-cpp+/absl/crc/internal/crc_memcpy_x86_arm_combined.cc: In member function 'absl::lts_20250512::crc32c_t absl::lts_20250512::crc_internal::AcceleratedCrcMemcpyEngine<vec_regions, int_regions>::Compute(void*, const void*, std::size_t, absl::lts_20250512::crc32c_t) const':
external/abseil-cpp+/absl/crc/internal/crc_memcpy_x86_arm_combined.cc:245:31: warning: ignoring attributes on template argument 'absl::lts_20250512::crc_internal::V128' {aka '__m128i'} [-Wignored-attributes]
  245 |   std::array<V128, vec_regions> vec_data;
      |                               ^
Analyzing: 364 targets (1 packages loaded, 2170 targets configured)
[1,198 / 3,907] Compiling absl/strings/cord.cc; 3s processwrapper-sandbox ... (63 actions, 62 running)
Analyzing: 364 targets (1 packages loaded, 2170 targets configured)
[1,273 / 3,958] Compiling src/google/protobuf/stubs/common.cc [for tool]; 2s processwrapper-sandbox ... (64 actions, 63 running)
Analyzing: 364 targets (1 packages loaded, 2170 targets configured)
[1,360 / 3,969] Compiling absl/status/internal/status_internal.cc; 3s processwrapper-sandbox ... (64 actions, 63 running)
INFO: Repository +_repo_rules+libnuma instantiated at:
  <builtin>: in <toplevel>
Repository rule http_archive defined at:
  /root/.cache/bazel/_bazel_root/8c069df52082beee3c95ca17836fb8e2/external/bazel_tools/tools/build_defs/repo/http.bzl:392:31: in <toplevel>
INFO: repository @@+_repo_rules+libnuma' used the following cache hits instead of downloading the corresponding file.
 * Hash 'c7aebfc925f2c3827e3cb607092065f3a48986a16aea1bb10ca70937edac278b' for https://github.com/numactl/numactl/archive/refs/tags/v2.0.19.zip
If the definition of 'repository @@+_repo_rules+libnuma' was updated, verify that the hashes were also updated.
ERROR: /root/.cache/bazel/_bazel_root/8c069df52082beee3c95ca17836fb8e2/external/bazel_tools/tools/build_defs/repo/utils.bzl:233:21: An error occurred during the fetch of repository '+_repo_rules+libnuma':
   Traceback (most recent call last):
	File "/root/.cache/bazel/_bazel_root/8c069df52082beee3c95ca17836fb8e2/external/bazel_tools/tools/build_defs/repo/http.bzl", line 150, column 10, in _http_archive_impl
		patch(ctx)
	File "/root/.cache/bazel/_bazel_root/8c069df52082beee3c95ca17836fb8e2/external/bazel_tools/tools/build_defs/repo/utils.bzl", line 233, column 21, in patch
		fail("Error applying patch command %s:\n%s%s" %
Error in fail: Error applying patch command ./autogen.sh:
configure.ac:23: warning: The macro `AC_TRY_COMPILE' is obsolete.
configure.ac:23: You should run autoupdate.
./lib/autoconf/general.m4:2847: AC_TRY_COMPILE is expanded from...
lib/m4sugar/m4sh.m4:594: AS_CASE is expanded from...
lib/m4sugar/m4sh.m4:692: _AS_IF_ELSE is expanded from...
lib/m4sugar/m4sh.m4:699: AS_IF is expanded from...
./lib/autoconf/general.m4:2249: AC_CACHE_VAL is expanded from...
m4/ax_tls.m4:49: AX_TLS is expanded from...
configure.ac:23: the top level
configure.ac:15: installing 'build-aux/compile'
configure.ac:9: installing 'build-aux/install-sh'
configure.ac:9: installing 'build-aux/missing'
Makefile.am:9: error: Libtool library used but 'LIBTOOL' is undefined
Makefile.am:9:   The usual way to define 'LIBTOOL' is to add 'LT_INIT'
Makefile.am:9:   to 'configure.ac' and run 'aclocal' and 'autoconf' again.
Makefile.am:9:   If 'LT_INIT' is in 'configure.ac', make sure
Makefile.am:9:   its definition is in aclocal's search path.
Makefile.am: installing 'build-aux/depcomp'
parallel-tests: installing 'build-aux/test-driver'
autoreconf: error: automake failed with exit status: 1
ERROR: no such package '@@+_repo_rules+libnuma//': Error applying patch command ./autogen.sh:
configure.ac:23: warning: The macro `AC_TRY_COMPILE' is obsolete.
configure.ac:23: You should run autoupdate.
./lib/autoconf/general.m4:2847: AC_TRY_COMPILE is expanded from...
lib/m4sugar/m4sh.m4:594: AS_CASE is expanded from...
lib/m4sugar/m4sh.m4:692: _AS_IF_ELSE is expanded from...
lib/m4sugar/m4sh.m4:699: AS_IF is expanded from...
./lib/autoconf/general.m4:2249: AC_CACHE_VAL is expanded from...
m4/ax_tls.m4:49: AX_TLS is expanded from...
configure.ac:23: the top level
configure.ac:15: installing 'build-aux/compile'
configure.ac:9: installing 'build-aux/install-sh'
configure.ac:9: installing 'build-aux/missing'
Makefile.am:9: error: Libtool library used but 'LIBTOOL' is undefined
Makefile.am:9:   The usual way to define 'LIBTOOL' is to add 'LT_INIT'
Makefile.am:9:   to 'configure.ac' and run 'aclocal' and 'autoconf' again.
Makefile.am:9:   If 'LT_INIT' is in 'configure.ac', make sure
Makefile.am:9:   its definition is in aclocal's search path.
Makefile.am: installing 'build-aux/depcomp'
parallel-tests: installing 'build-aux/test-driver'
autoreconf: error: automake failed with exit status: 1
ERROR: /app/fleetbench/BUILD:106:11: //fleetbench:benchmark_main depends on @@+_repo_rules+libnuma//:numa in repository @@+_repo_rules+libnuma which failed to fetch. no such package '@@+_repo_rules+libnuma//': Error applying patch command ./autogen.sh:
configure.ac:23: warning: The macro `AC_TRY_COMPILE' is obsolete.
configure.ac:23: You should run autoupdate.
./lib/autoconf/general.m4:2847: AC_TRY_COMPILE is expanded from...
lib/m4sugar/m4sh.m4:594: AS_CASE is expanded from...
lib/m4sugar/m4sh.m4:692: _AS_IF_ELSE is expanded from...
lib/m4sugar/m4sh.m4:699: AS_IF is expanded from...
./lib/autoconf/general.m4:2249: AC_CACHE_VAL is expanded from...
m4/ax_tls.m4:49: AX_TLS is expanded from...
configure.ac:23: the top level
configure.ac:15: installing 'build-aux/compile'
configure.ac:9: installing 'build-aux/install-sh'
configure.ac:9: installing 'build-aux/missing'
Makefile.am:9: error: Libtool library used but 'LIBTOOL' is undefined
Makefile.am:9:   The usual way to define 'LIBTOOL' is to add 'LT_INIT'
Makefile.am:9:   to 'configure.ac' and run 'aclocal' and 'autoconf' again.
Makefile.am:9:   If 'LT_INIT' is in 'configure.ac', make sure
Makefile.am:9:   its definition is in aclocal's search path.
Makefile.am: installing 'build-aux/depcomp'
parallel-tests: installing 'build-aux/test-driver'
autoreconf: error: automake failed with exit status: 1
Analyzing: 364 targets (1 packages loaded, 2170 targets configured)
[1,496 / 3,980] checking cached actions
Use --verbose_failures to see the command lines of failed build steps.
ERROR: Analysis of target '//fleetbench:benchmark_main' failed; build aborted: Analysis failed
INFO: Elapsed time: 8.410s, Critical Path: 3.87s
INFO: 475 processes: 27 action cache hit, 99 internal, 376 processwrapper-sandbox.
ERROR: Build did NOT complete successfully
FAILED:
//fleetbench:dynamic_registrar_test                                   NO STATUS
//fleetbench:requirements_test                                        NO STATUS
//fleetbench/common:common_test                                       NO STATUS
//fleetbench/libc:utils_test                                          NO STATUS
//fleetbench/parallel:benchmark_test                                  NO STATUS
//fleetbench/parallel:run_test                                        NO STATUS
//fleetbench/parallel:weights_test                                    NO STATUS
//fleetbench/parallel:worker_test                                     NO STATUS
//fleetbench/proto:benchmark_test                                     NO STATUS
//fleetbench/swissmap:swissmap_benchmark_test                         NO STATUS
//fleetbench/tcmalloc:empirical_test                                  NO STATUS

Executed 0 out of 11 tests: 11 were skipped.
