/app/run.sh: line 7: /opt/conda/etc/profile.d/conda.sh: No such file or directory
/app/run.sh: line 8: conda: command not found
Preset CMake variables:

  BUILD_LIBMAMBA="ON"
  BUILD_LIBMAMBA_TESTS="ON"
  BUILD_MAMBA="ON"
  BUILD_MAMBA_PACKAGE="ON"
  BUILD_SHARED="ON"
  CMAKE_AR=""
  CMAKE_BUILD_TYPE="Debug"
  CMAKE_CXX_COMPILER=""
  CMAKE_CXX_FLAGS_DEBUG=""
  CMAKE_CXX_FLAGS_RELEASE=""
  CMAKE_C_COMPILER=""
  CMAKE_C_FLAGS_DEBUG=""
  CMAKE_C_FLAGS_RELEASE=""
  CMAKE_EXE_LINKER_FLAGS=""
  CMAKE_Fortran_COMPILER=""
  CMAKE_Fortran_FLAGS_DEBUG=""
  CMAKE_Fortran_FLAGS_RELEASE=""
  CMAKE_INSTALL_LIBDIR="lib"
  CMAKE_INSTALL_PREFIX=""
  CMAKE_LINKER=""
  CMAKE_PREFIX_PATH=""
  CMAKE_RANLIB=""

-- The C compiler identification is unknown
-- The CXX compiler identification is unknown
CMake Error at CMakeLists.txt:9 (project):
  No CMAKE_C_COMPILER could be found.

  Tell CMake where to find the compiler by setting either the environment
  variable "CC" or the CMake cache entry CMAKE_C_COMPILER to the full path to
  the compiler, or to the compiler name if it is in the PATH.


CMake Error at CMakeLists.txt:9 (project):
  No CMAKE_CXX_COMPILER could be found.

  Tell CMake where to find the compiler by setting either the environment
  variable "CXX" or the CMake cache entry CMAKE_CXX_COMPILER to the full path
  to the compiler, or to the compiler name if it is in the PATH.


-- Configuring incomplete, errors occurred!
ninja: error: loading 'build.ninja': No such file or directory
/app/run.sh: line 22: ./build/libmamba/ext/solv-cpp/tests/test_solv_cpp: No such file or directory
/app/run.sh: line 23: ./build/libmamba/tests/test_libmamba: No such file or directory
CMake Error: Not a file: /app/build/cmake_install.cmake
CMake Error: Error processing file: /app/build/cmake_install.cmake
Processing ./libmambapy
  Preparing metadata (pyproject.toml): started
  Preparing metadata (pyproject.toml): finished with status 'done'
ERROR: Exception:
Traceback (most recent call last):
  File "/app/venv/lib/python3.12/site-packages/pip/_internal/cli/base_command.py", line 107, in _run_wrapper
    status = _inner_run()
             ^^^^^^^^^^^^
  File "/app/venv/lib/python3.12/site-packages/pip/_internal/cli/base_command.py", line 98, in _inner_run
    return self.run(options, args)
           ^^^^^^^^^^^^^^^^^^^^^^^
  File "/app/venv/lib/python3.12/site-packages/pip/_internal/cli/req_command.py", line 71, in wrapper
    return func(self, options, args)
           ^^^^^^^^^^^^^^^^^^^^^^^^^
  File "/app/venv/lib/python3.12/site-packages/pip/_internal/commands/install.py", line 393, in run
    requirement_set = resolver.resolve(
                      ^^^^^^^^^^^^^^^^^
  File "/app/venv/lib/python3.12/site-packages/pip/_internal/resolution/resolvelib/resolver.py", line 79, in resolve
    collected = self.factory.collect_root_requirements(root_reqs)
                ^^^^^^^^^^^^^^^^^^^^^^^^^^^^^^^^^^^^^^^^^^^^^^^^^
  File "/app/venv/lib/python3.12/site-packages/pip/_internal/resolution/resolvelib/factory.py", line 538, in collect_root_requirements
    reqs = list(
           ^^^^^
  File "/app/venv/lib/python3.12/site-packages/pip/_internal/resolution/resolvelib/factory.py", line 494, in _make_requirements_from_install_req
    cand = self._make_base_candidate_from_link(
           ^^^^^^^^^^^^^^^^^^^^^^^^^^^^^^^^^^^^
  File "/app/venv/lib/python3.12/site-packages/pip/_internal/resolution/resolvelib/factory.py", line 226, in _make_base_candidate_from_link
    self._link_candidate_cache[link] = LinkCandidate(
                                       ^^^^^^^^^^^^^^
  File "/app/venv/lib/python3.12/site-packages/pip/_internal/resolution/resolvelib/candidates.py", line 309, in __init__
    super().__init__(
  File "/app/venv/lib/python3.12/site-packages/pip/_internal/resolution/resolvelib/candidates.py", line 162, in __init__
    self.dist = self._prepare()
                ^^^^^^^^^^^^^^^
  File "/app/venv/lib/python3.12/site-packages/pip/_internal/resolution/resolvelib/candidates.py", line 239, in _prepare
    dist = self._prepare_distribution()
           ^^^^^^^^^^^^^^^^^^^^^^^^^^^^
  File "/app/venv/lib/python3.12/site-packages/pip/_internal/resolution/resolvelib/candidates.py", line 320, in _prepare_distribution
    return preparer.prepare_linked_requirement(self._ireq, parallel_builds=True)
           ^^^^^^^^^^^^^^^^^^^^^^^^^^^^^^^^^^^^^^^^^^^^^^^^^^^^^^^^^^^^^^^^^^^^^
  File "/app/venv/lib/python3.12/site-packages/pip/_internal/operations/prepare.py", line 537, in prepare_linked_requirement
    return self._prepare_linked_requirement(req, parallel_builds)
           ^^^^^^^^^^^^^^^^^^^^^^^^^^^^^^^^^^^^^^^^^^^^^^^^^^^^^^
  File "/app/venv/lib/python3.12/site-packages/pip/_internal/operations/prepare.py", line 652, in _prepare_linked_requirement
    dist = _get_prepared_distribution(
           ^^^^^^^^^^^^^^^^^^^^^^^^^^^
  File "/app/venv/lib/python3.12/site-packages/pip/_internal/operations/prepare.py", line 77, in _get_prepared_distribution
    abstract_dist.prepare_distribution_metadata(
  File "/app/venv/lib/python3.12/site-packages/pip/_internal/distributions/sdist.py", line 72, in prepare_distribution_metadata
    self.req.prepare_metadata()
  File "/app/venv/lib/python3.12/site-packages/pip/_internal/req/req_install.py", line 578, in prepare_metadata
    self.metadata_directory = generate_metadata(
                              ^^^^^^^^^^^^^^^^^^
  File "/app/venv/lib/python3.12/site-packages/pip/_internal/operations/build/metadata.py", line 34, in generate_metadata
    distinfo_dir = backend.prepare_metadata_for_build_wheel(metadata_dir)
                   ^^^^^^^^^^^^^^^^^^^^^^^^^^^^^^^^^^^^^^^^^^^^^^^^^^^^^^
  File "/app/venv/lib/python3.12/site-packages/pip/_internal/utils/misc.py", line 715, in prepare_metadata_for_build_wheel
    return super().prepare_metadata_for_build_wheel(
           ^^^^^^^^^^^^^^^^^^^^^^^^^^^^^^^^^^^^^^^^^
  File "/app/venv/lib/python3.12/site-packages/pip/_vendor/pyproject_hooks/_impl.py", line 224, in prepare_metadata_for_build_wheel
    return self._call_hook(
           ^^^^^^^^^^^^^^^^
  File "/app/venv/lib/python3.12/site-packages/pip/_vendor/pyproject_hooks/_impl.py", line 402, in _call_hook
    raise BackendUnavailable(
pip._vendor.pyproject_hooks._impl.BackendUnavailable: Cannot import 'scikit_build_core.build'
[1m============================= test session starts ==============================[0m
platform linux -- Python 3.12.3, pytest-8.4.2, pluggy-1.6.0
rootdir: /app
configfile: pyproject.toml
collected 3 items / 1 error

==================================== ERRORS ====================================
[31m[1m_______________ ERROR collecting libmambapy/tests/test_solver.py _______________[0m
[1m[31mlibmambapy/tests/test_solver.py[0m:26: in <module>
    [0mlibmambapy.solver.Request.Install,[90m[39;49;00m
    ^^^^^^^^^^^^^^^^^[90m[39;49;00m
[1m[31mE   AttributeError: module 'libmambapy' has no attribute 'solver'[0m
[36m[1m=========================== short test summary info ============================[0m
[31mERROR[0m libmambapy/tests/test_solver.py - AttributeError: module 'libmambapy' has no attribute 'solver'
[31m!!!!!!!!!!!!!!!!!!!!!!!!!! stopping after 1 failures !!!!!!!!!!!!!!!!!!!!!!!!!!![0m
[31m=============================== [31m[1m1 error[0m[31m in 0.11s[0m[31m ===============================[0m
/app/run.sh: line 33: stubgen: command not found
/app/venv/bin/python3: No module named build.__main__; 'build' is a package and cannot be directly executed
ImportError while loading conftest '/app/micromamba/tests/conftest.py'.
micromamba/tests/conftest.py:10: in <module>
    from . import helpers
micromamba/tests/helpers.py:14: in <module>
    import yaml
E   ModuleNotFoundError: No module named 'yaml'
/app/run.sh: line 46: ./generate_gpg_keys.sh: Permission denied
/app/run.sh: line 47: ./testserver_auth_pkg_signing.sh: Permission denied
