-- The C compiler identification is Clang 11.1.0
-- Detecting C compiler ABI info
-- Detecting C compiler ABI info - done
-- Check for working C compiler: /usr/bin/clang-11 - skipped
-- Detecting C compile features
-- Detecting C compile features - done
-- Using CMake version 3.22.1
-- Looking for stdint.h
-- Looking for stdint.h - found
-- Looking for inttypes.h
-- Looking for inttypes.h - found
-- Looking for sys/types.h
-- Looking for sys/types.h - found
-- Looking for stddef.h
-- Looking for stddef.h - found
-- Check size of off64_t
-- Check size of off64_t - failed
-- Looking for fseeko
-- Looking for fseeko - found
-- Using ZLIB 1.2.11
-- Using BZIP2 1.0.8
-- Checking for module 'liblzma'
--   Found liblzma, version 5.2.5
-- Using LZMA 5.2.5
-- Checking for module 'libzstd'
--   Found libzstd, version 1.4.8
-- Using ZSTD 1.4.8
-- Found PkgConfig: /usr/bin/pkg-config (found version "0.29.2")
-- Checking for module 'openssl'
--   Found openssl, version 3.0.2
-- Using OpenSSL 3.0.2
-- Performing Test Iconv_IS_BUILT_IN
-- Performing Test Iconv_IS_BUILT_IN - Success
-- Using Iconv
-- The CXX compiler identification is Clang 11.1.0
-- Detecting CXX compiler ABI info
-- Detecting CXX compiler ABI info - done
-- Check for working CXX compiler: /usr/bin/clang++-11 - skipped
-- Detecting CXX compile features
-- Detecting CXX compile features - done
[ 11%] Creating directories for 'googletest-populate'
[ 22%] Performing download step (git clone) for 'googletest-populate'
Cloning into 'googletest-src'...
fatal: unable to access 'https://github.com/google/googletest.git/': server certificate verification failed. CAfile: none CRLfile: none
Cloning into 'googletest-src'...
fatal: unable to access 'https://github.com/google/googletest.git/': server certificate verification failed. CAfile: none CRLfile: none
Cloning into 'googletest-src'...
fatal: unable to access 'https://github.com/google/googletest.git/': server certificate verification failed. CAfile: none CRLfile: none
-- Had to git clone more than once:
          3 times.
CMake Error at googletest-subbuild/googletest-populate-prefix/tmp/googletest-populate-gitclone.cmake:31 (message):
  Failed to clone repository: 'https://github.com/google/googletest.git'


gmake[2]: *** [CMakeFiles/googletest-populate.dir/build.make:102: googletest-populate-prefix/src/googletest-populate-stamp/googletest-populate-download] Error 1
gmake[1]: *** [CMakeFiles/Makefile2:83: CMakeFiles/googletest-populate.dir/all] Error 2
gmake: *** [Makefile:91: all] Error 2

CMake Error at /usr/share/cmake-3.22/Modules/FetchContent.cmake:1087 (message):
  Build step for googletest failed: 2
Call Stack (most recent call first):
  /usr/share/cmake-3.22/Modules/FetchContent.cmake:1216:EVAL:2 (__FetchContent_directPopulate)
  /usr/share/cmake-3.22/Modules/FetchContent.cmake:1216 (cmake_language)
  test/CMakeLists.txt:40 (FetchContent_Populate)


-- Configuring incomplete, errors occurred!
See also "/app/build/CMakeFiles/CMakeOutput.log".
See also "/app/build/CMakeFiles/CMakeError.log".
