Get:1 http://security.ubuntu.com/ubuntu jammy-security InRelease [129 kB]
Get:2 http://archive.ubuntu.com/ubuntu jammy InRelease [270 kB]
Get:3 http://security.ubuntu.com/ubuntu jammy-security/main amd64 Packages [3209 kB]
Get:4 http://archive.ubuntu.com/ubuntu jammy-updates InRelease [128 kB]
Get:5 http://security.ubuntu.com/ubuntu jammy-security/universe amd64 Packages [1270 kB]
Get:6 http://security.ubuntu.com/ubuntu jammy-security/multiverse amd64 Packages [48.5 kB]
Get:7 http://security.ubuntu.com/ubuntu jammy-security/restricted amd64 Packages [5111 kB]
Get:8 http://archive.ubuntu.com/ubuntu jammy-backports InRelease [127 kB]
Get:9 http://archive.ubuntu.com/ubuntu jammy/multiverse amd64 Packages [266 kB]
Get:10 http://archive.ubuntu.com/ubuntu jammy/universe amd64 Packages [17.5 MB]
Get:11 http://archive.ubuntu.com/ubuntu jammy/main amd64 Packages [1792 kB]
Get:12 http://archive.ubuntu.com/ubuntu jammy/restricted amd64 Packages [164 kB]
Get:13 http://archive.ubuntu.com/ubuntu jammy-updates/restricted amd64 Packages [5299 kB]
Get:14 http://archive.ubuntu.com/ubuntu jammy-updates/universe amd64 Packages [1575 kB]
Get:15 http://archive.ubuntu.com/ubuntu jammy-updates/multiverse amd64 Packages [75.9 kB]
Get:16 http://archive.ubuntu.com/ubuntu jammy-updates/main amd64 Packages [3520 kB]
Get:17 http://archive.ubuntu.com/ubuntu jammy-backports/main amd64 Packages [83.2 kB]
Get:18 http://archive.ubuntu.com/ubuntu jammy-backports/universe amd64 Packages [35.2 kB]
Fetched 40.6 MB in 4s (9684 kB/s)
Reading package lists...
Reading package lists...
Building dependency tree...
Reading state information...
python3-setuptools is already the newest version (59.6.0-1.2ubuntu0.22.04.3).
python3-setuptools set to manually installed.
The following additional packages will be installed:
  autotools-dev cmake-data dh-elpa-helper emacsen-common file gfortran
  gfortran-11 ibverbs-providers icu-devtools javascript-common libarchive13
  libboost-atomic-dev libboost-atomic1.74-dev libboost-atomic1.74.0
  libboost-chrono-dev libboost-chrono1.74-dev libboost-chrono1.74.0
  libboost-container-dev libboost-container1.74-dev libboost-container1.74.0
  libboost-context-dev libboost-context1.74-dev libboost-context1.74.0
  libboost-coroutine-dev libboost-coroutine1.74-dev libboost-coroutine1.74.0
  libboost-date-time-dev libboost-date-time1.74-dev libboost-date-time1.74.0
  libboost-dev libboost-exception-dev libboost-exception1.74-dev
  libboost-fiber-dev libboost-fiber1.74-dev libboost-fiber1.74.0
  libboost-filesystem-dev libboost-filesystem1.74-dev
  libboost-filesystem1.74.0 libboost-graph-dev libboost-graph-parallel-dev
  libboost-graph-parallel1.74-dev libboost-graph-parallel1.74.0
  libboost-graph1.74-dev libboost-graph1.74.0 libboost-iostreams-dev
  libboost-iostreams1.74-dev libboost-iostreams1.74.0 libboost-locale-dev
  libboost-locale1.74-dev libboost-locale1.74.0 libboost-log-dev
  libboost-log1.74-dev libboost-log1.74.0 libboost-math-dev
  libboost-math1.74-dev libboost-math1.74.0 libboost-mpi-dev
  libboost-mpi-python-dev libboost-mpi-python1.74-dev
  libboost-mpi-python1.74.0 libboost-mpi1.74-dev libboost-mpi1.74.0
  libboost-nowide-dev libboost-nowide1.74-dev libboost-nowide1.74.0
  libboost-numpy-dev libboost-numpy1.74-dev libboost-numpy1.74.0
  libboost-program-options-dev libboost-program-options1.74-dev
  libboost-program-options1.74.0 libboost-python-dev libboost-python1.74-dev
  libboost-python1.74.0 libboost-random-dev libboost-random1.74-dev
  libboost-random1.74.0 libboost-regex-dev libboost-regex1.74-dev
  libboost-regex1.74.0 libboost-serialization-dev
  libboost-serialization1.74-dev libboost-serialization1.74.0
  libboost-stacktrace-dev libboost-stacktrace1.74-dev
  libboost-stacktrace1.74.0 libboost-system-dev libboost-system1.74-dev
  libboost-system1.74.0 libboost-test-dev libboost-test1.74-dev
  libboost-test1.74.0 libboost-thread-dev libboost-thread1.74-dev
  libboost-thread1.74.0 libboost-timer-dev libboost-timer1.74-dev
  libboost-timer1.74.0 libboost-tools-dev libboost-type-erasure-dev
  libboost-type-erasure1.74-dev libboost-type-erasure1.74.0 libboost-wave-dev
  libboost-wave1.74-dev libboost-wave1.74.0 libboost1.74-dev
  libboost1.74-tools-dev libbsd0 libcaf-openmpi-3 libcbor0.8 libcoarrays-dev
  libcoarrays-openmpi-dev libcurl3-gnutls libdouble-conversion3 libdwarf1
  libedit2 libelf1 libevent-2.1-7 libevent-core-2.1-7 libevent-extra-2.1-7
  libevent-openssl-2.1-7 libevent-pthreads-2.1-7 libexpat1-dev libfabric1
  libfido2-1 libgflags2.2 libgfortran-11-dev libgfortran5 libhwloc-dev
  libhwloc-plugins libhwloc15 libibverbs-dev libibverbs1 libicu-dev libicu70
  libjs-jquery libjs-jquery-ui libjs-sphinxdoc libjs-underscore libjsoncpp25
  libltdl-dev libltdl7 libmagic-mgc libmagic1 libmd0 libnl-3-200 libnl-3-dev
  libnl-route-3-200 libnl-route-3-dev libnuma-dev libnuma1 libopenmpi-dev
  libopenmpi3 libpciaccess0 libpcre2-16-0 libpcre2-32-0 libpcre2-posix3
  libpmix-dev libpmix2 libpsm-infinipath1 libpsm2-2 libpython3-dev
  libpython3.10 libpython3.10-dev librdmacm1 librhash0 libsigsegv2
  libsnappy1v5 libsodium23 libucx0 libuv1 libx11-6 libx11-data libxau6 libxcb1
  libxdmcp6 libxext6 libxml2 libxmuu1 libxnvctrl0 m4 mpi-default-bin
  mpi-default-dev ocl-icd-libopencl1 openmpi-bin openmpi-common openssh-client
  python3-dev python3.10-dev xauth
Suggested packages:
  autoconf-archive gnu-standards autoconf-doc gettext cmake-doc cmake-format
  gfortran-multilib gfortran-doc gfortran-11-multilib gfortran-11-doc apache2
  | lighttpd | httpd lrzip libboost-doc graphviz libboost1.74-doc gccxml
  libboost-contract1.74-dev libmpfrc++-dev libntl-dev xsltproc doxygen
  docbook-xml docbook-xsl default-jdk fop libhwloc-contrib-plugins icu-doc
  libjs-jquery-ui-docs libtool-doc openmpi-doc pciutils libssl-doc gcj-jdk
  m4-doc opencl-icd keychain libpam-ssh monkeysphere ssh-askpass
The following NEW packages will be installed:
  autoconf automake autotools-dev binutils-dev cmake cmake-data dh-elpa-helper
  emacsen-common file gfortran gfortran-11 ibverbs-providers icu-devtools
  javascript-common libarchive13 libboost-all-dev libboost-atomic-dev
  libboost-atomic1.74-dev libboost-atomic1.74.0 libboost-chrono-dev
  libboost-chrono1.74-dev libboost-chrono1.74.0 libboost-container-dev
  libboost-container1.74-dev libboost-container1.74.0 libboost-context-dev
  libboost-context1.74-dev libboost-context1.74.0 libboost-coroutine-dev
  libboost-coroutine1.74-dev libboost-coroutine1.74.0 libboost-date-time-dev
  libboost-date-time1.74-dev libboost-date-time1.74.0 libboost-dev
  libboost-exception-dev libboost-exception1.74-dev libboost-fiber-dev
  libboost-fiber1.74-dev libboost-fiber1.74.0 libboost-filesystem-dev
  libboost-filesystem1.74-dev libboost-filesystem1.74.0 libboost-graph-dev
  libboost-graph-parallel-dev libboost-graph-parallel1.74-dev
  libboost-graph-parallel1.74.0 libboost-graph1.74-dev libboost-graph1.74.0
  libboost-iostreams-dev libboost-iostreams1.74-dev libboost-iostreams1.74.0
  libboost-locale-dev libboost-locale1.74-dev libboost-locale1.74.0
  libboost-log-dev libboost-log1.74-dev libboost-log1.74.0 libboost-math-dev
  libboost-math1.74-dev libboost-math1.74.0 libboost-mpi-dev
  libboost-mpi-python-dev libboost-mpi-python1.74-dev
  libboost-mpi-python1.74.0 libboost-mpi1.74-dev libboost-mpi1.74.0
  libboost-nowide-dev libboost-nowide1.74-dev libboost-nowide1.74.0
  libboost-numpy-dev libboost-numpy1.74-dev libboost-numpy1.74.0
  libboost-program-options-dev libboost-program-options1.74-dev
  libboost-program-options1.74.0 libboost-python-dev libboost-python1.74-dev
  libboost-python1.74.0 libboost-random-dev libboost-random1.74-dev
  libboost-random1.74.0 libboost-regex-dev libboost-regex1.74-dev
  libboost-regex1.74.0 libboost-serialization-dev
  libboost-serialization1.74-dev libboost-serialization1.74.0
  libboost-stacktrace-dev libboost-stacktrace1.74-dev
  libboost-stacktrace1.74.0 libboost-system-dev libboost-system1.74-dev
  libboost-system1.74.0 libboost-test-dev libboost-test1.74-dev
  libboost-test1.74.0 libboost-thread-dev libboost-thread1.74-dev
  libboost-thread1.74.0 libboost-timer-dev libboost-timer1.74-dev
  libboost-timer1.74.0 libboost-tools-dev libboost-type-erasure-dev
  libboost-type-erasure1.74-dev libboost-type-erasure1.74.0 libboost-wave-dev
  libboost-wave1.74-dev libboost-wave1.74.0 libboost1.74-dev
  libboost1.74-tools-dev libbsd0 libcaf-openmpi-3 libcbor0.8 libcoarrays-dev
  libcoarrays-openmpi-dev libcurl3-gnutls libdouble-conversion-dev
  libdouble-conversion3 libdwarf-dev libdwarf1 libedit2 libelf1 libevent-2.1-7
  libevent-core-2.1-7 libevent-dev libevent-extra-2.1-7 libevent-openssl-2.1-7
  libevent-pthreads-2.1-7 libexpat1-dev libfabric1 libfido2-1 libgflags-dev
  libgflags2.2 libgfortran-11-dev libgfortran5 libhwloc-dev libhwloc-plugins
  libhwloc15 libibverbs-dev libibverbs1 libicu-dev libicu70 libjs-jquery
  libjs-jquery-ui libjs-sphinxdoc libjs-underscore libjsoncpp25 libltdl-dev
  libltdl7 liblz4-dev libmagic-mgc libmagic1 libmd0 libnl-3-200 libnl-3-dev
  libnl-route-3-200 libnl-route-3-dev libnuma-dev libnuma1 libopenmpi-dev
  libopenmpi3 libpciaccess0 libpcre2-16-0 libpcre2-32-0 libpcre2-dev
  libpcre2-posix3 libpmix-dev libpmix2 libpsm-infinipath1 libpsm2-2
  libpython3-dev libpython3.10 libpython3.10-dev librdmacm1 librhash0
  libsigsegv2 libsnappy-dev libsnappy1v5 libsodium-dev libsodium23 libssl-dev
  libtool libucx0 libuv1 libx11-6 libx11-data libxau6 libxcb1 libxdmcp6
  libxext6 libxml2 libxmuu1 libxnvctrl0 libxxhash-dev libzstd-dev m4
  mpi-default-bin mpi-default-dev ninja-build ocl-icd-libopencl1 openmpi-bin
  openmpi-common openssh-client python3-dev python3.10-dev xauth xxhash
  zlib1g-dev zstd
0 upgraded, 211 newly installed, 0 to remove and 8 not upgraded.
Need to get 108 MB of archives.
After this operation, 639 MB of additional disk space will be used.
Get:1 http://archive.ubuntu.com/ubuntu jammy/main amd64 libmd0 amd64 1.0.4-1build1 [23.0 kB]
Get:2 http://archive.ubuntu.com/ubuntu jammy/main amd64 libbsd0 amd64 0.11.5-1 [44.8 kB]
Get:3 http://archive.ubuntu.com/ubuntu jammy-updates/main amd64 libelf1 amd64 0.186-1ubuntu0.1 [51.1 kB]
Get:4 http://archive.ubuntu.com/ubuntu jammy/main amd64 libicu70 amd64 70.1-2 [10.6 MB]
Get:5 http://archive.ubuntu.com/ubuntu jammy-updates/main amd64 libxml2 amd64 2.9.13+dfsg-1ubuntu0.7 [763 kB]
Get:6 http://archive.ubuntu.com/ubuntu jammy-updates/main amd64 libmagic-mgc amd64 1:5.41-3ubuntu0.1 [257 kB]
Get:7 http://archive.ubuntu.com/ubuntu jammy-updates/main amd64 libmagic1 amd64 1:5.41-3ubuntu0.1 [87.2 kB]
Get:8 http://archive.ubuntu.com/ubuntu jammy-updates/main amd64 file amd64 1:5.41-3ubuntu0.1 [21.5 kB]
Get:9 http://archive.ubuntu.com/ubuntu jammy/main amd64 libcbor0.8 amd64 0.8.0-2ubuntu1 [24.6 kB]
Get:10 http://archive.ubuntu.com/ubuntu jammy/main amd64 libedit2 amd64 3.1-20210910-1build1 [96.8 kB]
Get:11 http://archive.ubuntu.com/ubuntu jammy/main amd64 libfido2-1 amd64 1.10.0-1 [82.8 kB]
Get:12 http://archive.ubuntu.com/ubuntu jammy/main amd64 libnuma1 amd64 2.0.14-3ubuntu2 [22.5 kB]
Get:13 http://archive.ubuntu.com/ubuntu jammy-updates/main amd64 libuv1 amd64 1.43.0-1ubuntu0.1 [92.7 kB]
Get:14 http://archive.ubuntu.com/ubuntu jammy/main amd64 libxau6 amd64 1:1.0.9-1build5 [7634 B]
Get:15 http://archive.ubuntu.com/ubuntu jammy/main amd64 libxdmcp6 amd64 1:1.1.3-0ubuntu5 [10.9 kB]
Get:16 http://archive.ubuntu.com/ubuntu jammy/main amd64 libxcb1 amd64 1.14-3ubuntu3 [49.0 kB]
Get:17 http://archive.ubuntu.com/ubuntu jammy-updates/main amd64 libx11-data all 2:1.7.5-1ubuntu0.3 [120 kB]
Get:18 http://archive.ubuntu.com/ubuntu jammy-updates/main amd64 libx11-6 amd64 2:1.7.5-1ubuntu0.3 [667 kB]
Get:19 http://archive.ubuntu.com/ubuntu jammy/main amd64 libxext6 amd64 2:1.3.4-1build1 [31.8 kB]
Get:20 http://archive.ubuntu.com/ubuntu jammy/main amd64 libxmuu1 amd64 2:1.1.3-3 [10.2 kB]
Get:21 http://archive.ubuntu.com/ubuntu jammy-updates/main amd64 openssh-client amd64 1:8.9p1-3ubuntu0.13 [903 kB]
Get:22 http://archive.ubuntu.com/ubuntu jammy/main amd64 xauth amd64 1:1.1-1build2 [27.5 kB]
Get:23 http://archive.ubuntu.com/ubuntu jammy/main amd64 libsigsegv2 amd64 2.13-1ubuntu3 [14.6 kB]
Get:24 http://archive.ubuntu.com/ubuntu jammy/main amd64 m4 amd64 1.4.18-5ubuntu2 [199 kB]
Get:25 http://archive.ubuntu.com/ubuntu jammy/main amd64 autoconf all 2.71-2 [338 kB]
Get:26 http://archive.ubuntu.com/ubuntu jammy/main amd64 autotools-dev all 20220109.1 [44.9 kB]
Get:27 http://archive.ubuntu.com/ubuntu jammy/main amd64 automake all 1:1.16.5-1.3 [558 kB]
Get:28 http://archive.ubuntu.com/ubuntu jammy-updates/main amd64 libarchive13 amd64 3.6.0-1ubuntu1.5 [368 kB]
Get:29 http://archive.ubuntu.com/ubuntu jammy/main amd64 libjsoncpp25 amd64 1.9.5-3 [80.0 kB]
Get:30 http://archive.ubuntu.com/ubuntu jammy/main amd64 librhash0 amd64 1.4.2-1ubuntu1 [125 kB]
Get:31 http://archive.ubuntu.com/ubuntu jammy/main amd64 dh-elpa-helper all 2.0.9ubuntu1 [7610 B]
Get:32 http://archive.ubuntu.com/ubuntu jammy/main amd64 emacsen-common all 3.0.4 [14.9 kB]
Get:33 http://archive.ubuntu.com/ubuntu jammy-updates/main amd64 cmake-data all 3.22.1-1ubuntu1.22.04.2 [1913 kB]
Get:34 http://archive.ubuntu.com/ubuntu jammy-updates/main amd64 cmake amd64 3.22.1-1ubuntu1.22.04.2 [5010 kB]
Get:35 http://archive.ubuntu.com/ubuntu jammy-updates/main amd64 libgfortran5 amd64 12.3.0-1ubuntu1~22.04 [879 kB]
Get:36 http://archive.ubuntu.com/ubuntu jammy-updates/main amd64 libgfortran-11-dev amd64 11.4.0-1ubuntu1~22.04 [842 kB]
Get:37 http://archive.ubuntu.com/ubuntu jammy-updates/main amd64 gfortran-11 amd64 11.4.0-1ubuntu1~22.04 [11.2 MB]
Get:38 http://archive.ubuntu.com/ubuntu jammy/main amd64 gfortran amd64 4:11.2.0-1ubuntu1 [1182 B]
Get:39 http://archive.ubuntu.com/ubuntu jammy/main amd64 libnl-3-200 amd64 3.5.0-0.1 [59.1 kB]
Get:40 http://archive.ubuntu.com/ubuntu jammy/main amd64 libnl-route-3-200 amd64 3.5.0-0.1 [180 kB]
Get:41 http://archive.ubuntu.com/ubuntu jammy/main amd64 libibverbs1 amd64 39.0-1 [69.3 kB]
Get:42 http://archive.ubuntu.com/ubuntu jammy/main amd64 ibverbs-providers amd64 39.0-1 [341 kB]
Get:43 http://archive.ubuntu.com/ubuntu jammy/main amd64 icu-devtools amd64 70.1-2 [197 kB]
Get:44 http://archive.ubuntu.com/ubuntu jammy/main amd64 javascript-common all 11+nmu1 [5936 B]
Get:45 http://archive.ubuntu.com/ubuntu jammy/main amd64 libboost1.74-dev amd64 1.74.0-14ubuntu3 [9609 kB]
Get:46 http://archive.ubuntu.com/ubuntu jammy/main amd64 libboost-dev amd64 1.74.0.3ubuntu7 [3490 B]
Get:47 http://archive.ubuntu.com/ubuntu jammy/main amd64 libboost1.74-tools-dev amd64 1.74.0-14ubuntu3 [1351 kB]
Get:48 http://archive.ubuntu.com/ubuntu jammy/universe amd64 libboost-tools-dev amd64 1.74.0.3ubuntu7 [3428 B]
Get:49 http://archive.ubuntu.com/ubuntu jammy/main amd64 libboost-atomic1.74.0 amd64 1.74.0-14ubuntu3 [224 kB]
Get:50 http://archive.ubuntu.com/ubuntu jammy/main amd64 libboost-atomic1.74-dev amd64 1.74.0-14ubuntu3 [221 kB]
Get:51 http://archive.ubuntu.com/ubuntu jammy/universe amd64 libboost-atomic-dev amd64 1.74.0.3ubuntu7 [3544 B]
Get:52 http://archive.ubuntu.com/ubuntu jammy/main amd64 libboost-chrono1.74.0 amd64 1.74.0-14ubuntu3 [232 kB]
Get:53 http://archive.ubuntu.com/ubuntu jammy/main amd64 libboost-chrono1.74-dev amd64 1.74.0-14ubuntu3 [239 kB]
Get:54 http://archive.ubuntu.com/ubuntu jammy/universe amd64 libboost-chrono-dev amd64 1.74.0.3ubuntu7 [3854 B]
Get:55 http://archive.ubuntu.com/ubuntu jammy/universe amd64 libboost-container1.74.0 amd64 1.74.0-14ubuntu3 [246 kB]
Get:56 http://archive.ubuntu.com/ubuntu jammy/universe amd64 libboost-container1.74-dev amd64 1.74.0-14ubuntu3 [254 kB]
Get:57 http://archive.ubuntu.com/ubuntu jammy/universe amd64 libboost-container-dev amd64 1.74.0.3ubuntu7 [3712 B]
Get:58 http://archive.ubuntu.com/ubuntu jammy/main amd64 libboost-date-time1.74.0 amd64 1.74.0-14ubuntu3 [221 kB]
Get:59 http://archive.ubuntu.com/ubuntu jammy/main amd64 libboost-serialization1.74.0 amd64 1.74.0-14ubuntu3 [327 kB]
Get:60 http://archive.ubuntu.com/ubuntu jammy/main amd64 libboost-serialization1.74-dev amd64 1.74.0-14ubuntu3 [375 kB]
Get:61 http://archive.ubuntu.com/ubuntu jammy/main amd64 libboost-date-time1.74-dev amd64 1.74.0-14ubuntu3 [226 kB]
Get:62 http://archive.ubuntu.com/ubuntu jammy/main amd64 libboost-system1.74.0 amd64 1.74.0-14ubuntu3 [221 kB]
Get:63 http://archive.ubuntu.com/ubuntu jammy/main amd64 libboost-system1.74-dev amd64 1.74.0-14ubuntu3 [218 kB]
Get:64 http://archive.ubuntu.com/ubuntu jammy/main amd64 libboost-thread1.74.0 amd64 1.74.0-14ubuntu3 [262 kB]
Get:65 http://archive.ubuntu.com/ubuntu jammy/main amd64 libboost-thread1.74-dev amd64 1.74.0-14ubuntu3 [272 kB]
Get:66 http://archive.ubuntu.com/ubuntu jammy/main amd64 libboost-context1.74.0 amd64 1.74.0-14ubuntu3 [223 kB]
Get:67 http://archive.ubuntu.com/ubuntu jammy/universe amd64 libboost-context1.74-dev amd64 1.74.0-14ubuntu3 [220 kB]
Get:68 http://archive.ubuntu.com/ubuntu jammy/universe amd64 libboost-context-dev amd64 1.74.0.3ubuntu7 [3456 B]
Get:69 http://archive.ubuntu.com/ubuntu jammy/universe amd64 libboost-coroutine1.74.0 amd64 1.74.0-14ubuntu3 [235 kB]
Get:70 http://archive.ubuntu.com/ubuntu jammy/universe amd64 libboost-coroutine1.74-dev amd64 1.74.0-14ubuntu3 [244 kB]
Get:71 http://archive.ubuntu.com/ubuntu jammy/universe amd64 libboost-coroutine-dev amd64 1.74.0.3ubuntu7 [3520 B]
Get:72 http://archive.ubuntu.com/ubuntu jammy/universe amd64 libboost-date-time-dev amd64 1.74.0.3ubuntu7 [3248 B]
Get:73 http://archive.ubuntu.com/ubuntu jammy/universe amd64 libboost-exception1.74-dev amd64 1.74.0-14ubuntu3 [217 kB]
Get:74 http://archive.ubuntu.com/ubuntu jammy/universe amd64 libboost-exception-dev amd64 1.74.0.3ubuntu7 [3250 B]
Get:75 http://archive.ubuntu.com/ubuntu jammy/main amd64 libboost-filesystem1.74.0 amd64 1.74.0-14ubuntu3 [264 kB]
Get:76 http://archive.ubuntu.com/ubuntu jammy/main amd64 libboost-filesystem1.74-dev amd64 1.74.0-14ubuntu3 [287 kB]
Get:77 http://archive.ubuntu.com/ubuntu jammy/universe amd64 libboost-fiber1.74.0 amd64 1.74.0-14ubuntu3 [242 kB]
Get:78 http://archive.ubuntu.com/ubuntu jammy/universe amd64 libboost-fiber1.74-dev amd64 1.74.0-14ubuntu3 [254 kB]
Get:79 http://archive.ubuntu.com/ubuntu jammy/universe amd64 libboost-fiber-dev amd64 1.74.0.3ubuntu7 [3674 B]
Get:80 http://archive.ubuntu.com/ubuntu jammy/main amd64 libboost-filesystem-dev amd64 1.74.0.3ubuntu7 [3280 B]
Get:81 http://archive.ubuntu.com/ubuntu jammy/main amd64 libboost-regex1.74.0 amd64 1.74.0-14ubuntu3 [511 kB]
Get:82 http://archive.ubuntu.com/ubuntu jammy/universe amd64 libboost-graph1.74.0 amd64 1.74.0-14ubuntu3 [304 kB]
Get:83 http://archive.ubuntu.com/ubuntu jammy/main amd64 libicu-dev amd64 70.1-2 [11.6 MB]
Get:84 http://archive.ubuntu.com/ubuntu jammy/main amd64 libboost-regex1.74-dev amd64 1.74.0-14ubuntu3 [596 kB]
Get:85 http://archive.ubuntu.com/ubuntu jammy/universe amd64 libboost-test1.74.0 amd64 1.74.0-14ubuntu3 [446 kB]
Get:86 http://archive.ubuntu.com/ubuntu jammy/universe amd64 libboost-test1.74-dev amd64 1.74.0-14ubuntu3 [564 kB]
Get:87 http://archive.ubuntu.com/ubuntu jammy/universe amd64 libboost-graph1.74-dev amd64 1.74.0-14ubuntu3 [335 kB]
Get:88 http://archive.ubuntu.com/ubuntu jammy/universe amd64 libboost-graph-dev amd64 1.74.0.3ubuntu7 [3348 B]
Get:89 http://archive.ubuntu.com/ubuntu jammy/main amd64 libevent-core-2.1-7 amd64 2.1.12-stable-1build3 [93.9 kB]
Get:90 http://archive.ubuntu.com/ubuntu jammy/main amd64 libevent-pthreads-2.1-7 amd64 2.1.12-stable-1build3 [7642 B]
Get:91 http://archive.ubuntu.com/ubuntu jammy/universe amd64 libpsm-infinipath1 amd64 3.3+20.604758e7-6.1 [170 kB]
Get:92 http://archive.ubuntu.com/ubuntu jammy/universe amd64 libpsm2-2 amd64 11.2.185-1 [182 kB]
Get:93 http://archive.ubuntu.com/ubuntu jammy/main amd64 librdmacm1 amd64 39.0-1 [71.2 kB]
Get:94 http://archive.ubuntu.com/ubuntu jammy/universe amd64 libfabric1 amd64 1.11.0-3 [558 kB]
Get:95 http://archive.ubuntu.com/ubuntu jammy-updates/universe amd64 libhwloc15 amd64 2.7.0-2ubuntu1 [159 kB]
Get:96 http://archive.ubuntu.com/ubuntu jammy-updates/main amd64 libcurl3-gnutls amd64 7.81.0-1ubuntu1.20 [284 kB]
Get:97 http://archive.ubuntu.com/ubuntu jammy/main amd64 libpciaccess0 amd64 0.16-3 [19.1 kB]
Get:98 http://archive.ubuntu.com/ubuntu jammy/main amd64 libxnvctrl0 amd64 510.47.03-0ubuntu1 [11.5 kB]
Get:99 http://archive.ubuntu.com/ubuntu jammy/universe amd64 ocl-icd-libopencl1 amd64 2.2.14-3 [39.1 kB]
Get:100 http://archive.ubuntu.com/ubuntu jammy-updates/universe amd64 libhwloc-plugins amd64 2.7.0-2ubuntu1 [15.6 kB]
Get:101 http://archive.ubuntu.com/ubuntu jammy/universe amd64 libpmix2 amd64 4.1.2-2ubuntu1 [604 kB]
Get:102 http://archive.ubuntu.com/ubuntu jammy/universe amd64 libucx0 amd64 1.12.1~rc2-1 [891 kB]
Get:103 http://archive.ubuntu.com/ubuntu jammy/universe amd64 libopenmpi3 amd64 4.1.2-2ubuntu1 [2594 kB]
Get:104 http://archive.ubuntu.com/ubuntu jammy/universe amd64 libboost-mpi1.74.0 amd64 1.74.0-14ubuntu3 [259 kB]
Get:105 http://archive.ubuntu.com/ubuntu jammy/universe amd64 libboost-graph-parallel1.74.0 amd64 1.74.0-14ubuntu3 [266 kB]
Get:106 http://archive.ubuntu.com/ubuntu jammy/universe amd64 libboost-graph-parallel1.74-dev amd64 1.74.0-14ubuntu3 [277 kB]
Get:107 http://archive.ubuntu.com/ubuntu jammy/universe amd64 libboost-graph-parallel-dev amd64 1.74.0.3ubuntu7 [3384 B]
Get:108 http://archive.ubuntu.com/ubuntu jammy/main amd64 libboost-iostreams1.74.0 amd64 1.74.0-14ubuntu3 [245 kB]
Get:109 http://archive.ubuntu.com/ubuntu jammy/universe amd64 libboost-iostreams1.74-dev amd64 1.74.0-14ubuntu3 [252 kB]
Get:110 http://archive.ubuntu.com/ubuntu jammy/universe amd64 libboost-iostreams-dev amd64 1.74.0.3ubuntu7 [3238 B]
Get:111 http://archive.ubuntu.com/ubuntu jammy/main amd64 libboost-locale1.74.0 amd64 1.74.0-14ubuntu3 [413 kB]
Get:112 http://archive.ubuntu.com/ubuntu jammy/universe amd64 libboost-locale1.74-dev amd64 1.74.0-14ubuntu3 [594 kB]
Get:113 http://archive.ubuntu.com/ubuntu jammy/universe amd64 libboost-locale-dev amd64 1.74.0.3ubuntu7 [3572 B]
Get:114 http://archive.ubuntu.com/ubuntu jammy/universe amd64 libboost-log1.74.0 amd64 1.74.0-14ubuntu3 [592 kB]
Get:115 http://archive.ubuntu.com/ubuntu jammy/universe amd64 libboost-log1.74-dev amd64 1.74.0-14ubuntu3 [853 kB]
Get:116 http://archive.ubuntu.com/ubuntu jammy/universe amd64 libboost-log-dev amd64 1.74.0.3ubuntu7 [3446 B]
Get:117 http://archive.ubuntu.com/ubuntu jammy/universe amd64 libboost-math1.74.0 amd64 1.74.0-14ubuntu3 [423 kB]
Get:118 http://archive.ubuntu.com/ubuntu jammy/universe amd64 libboost-math1.74-dev amd64 1.74.0-14ubuntu3 [620 kB]
Get:119 http://archive.ubuntu.com/ubuntu jammy/universe amd64 libboost-math-dev amd64 1.74.0.3ubuntu7 [3454 B]
Get:120 http://archive.ubuntu.com/ubuntu jammy/universe amd64 openmpi-common all 4.1.2-2ubuntu1 [162 kB]
Get:121 http://archive.ubuntu.com/ubuntu jammy/main amd64 libnl-3-dev amd64 3.5.0-0.1 [101 kB]
Get:122 http://archive.ubuntu.com/ubuntu jammy/main amd64 libnl-route-3-dev amd64 3.5.0-0.1 [202 kB]
Get:123 http://archive.ubuntu.com/ubuntu jammy/main amd64 libibverbs-dev amd64 39.0-1 [628 kB]
Get:124 http://archive.ubuntu.com/ubuntu jammy/main amd64 libnuma-dev amd64 2.0.14-3ubuntu2 [35.9 kB]
Get:125 http://archive.ubuntu.com/ubuntu jammy/main amd64 libltdl7 amd64 2.4.6-15build2 [39.6 kB]
Get:126 http://archive.ubuntu.com/ubuntu jammy/main amd64 libltdl-dev amd64 2.4.6-15build2 [169 kB]
Get:127 http://archive.ubuntu.com/ubuntu jammy-updates/universe amd64 libhwloc-dev amd64 2.7.0-2ubuntu1 [256 kB]
Get:128 http://archive.ubuntu.com/ubuntu jammy/main amd64 libevent-2.1-7 amd64 2.1.12-stable-1build3 [148 kB]
Get:129 http://archive.ubuntu.com/ubuntu jammy/main amd64 libevent-extra-2.1-7 amd64 2.1.12-stable-1build3 [65.4 kB]
Get:130 http://archive.ubuntu.com/ubuntu jammy/main amd64 libevent-openssl-2.1-7 amd64 2.1.12-stable-1build3 [15.8 kB]
Get:131 http://archive.ubuntu.com/ubuntu jammy/main amd64 libevent-dev amd64 2.1.12-stable-1build3 [278 kB]
Get:132 http://archive.ubuntu.com/ubuntu jammy-updates/main amd64 zlib1g-dev amd64 1:1.2.11.dfsg-2ubuntu9.2 [164 kB]
Get:133 http://archive.ubuntu.com/ubuntu jammy/universe amd64 libpmix-dev amd64 4.1.2-2ubuntu1 [805 kB]
Get:134 http://archive.ubuntu.com/ubuntu jammy/main amd64 libjs-jquery all 3.6.0+dfsg+~3.5.13-1 [321 kB]
Get:135 http://archive.ubuntu.com/ubuntu jammy/universe amd64 libjs-jquery-ui all 1.13.1+dfsg-1 [253 kB]
Get:136 http://archive.ubuntu.com/ubuntu jammy/universe amd64 openmpi-bin amd64 4.1.2-2ubuntu1 [116 kB]
Get:137 http://archive.ubuntu.com/ubuntu jammy/universe amd64 libopenmpi-dev amd64 4.1.2-2ubuntu1 [867 kB]
Get:138 http://archive.ubuntu.com/ubuntu jammy/universe amd64 mpi-default-dev amd64 1.14 [3698 B]
Get:139 http://archive.ubuntu.com/ubuntu jammy/universe amd64 libboost-mpi1.74-dev amd64 1.74.0-14ubuntu3 [285 kB]
Get:140 http://archive.ubuntu.com/ubuntu jammy/universe amd64 libboost-mpi-dev amd64 1.74.0.3ubuntu7 [3328 B]
Get:141 http://archive.ubuntu.com/ubuntu jammy/main amd64 libboost-python1.74.0 amd64 1.74.0-14ubuntu3 [299 kB]
Get:142 http://archive.ubuntu.com/ubuntu jammy/universe amd64 mpi-default-bin amd64 1.14 [2898 B]
Get:143 http://archive.ubuntu.com/ubuntu jammy/universe amd64 libboost-mpi-python1.74.0 amd64 1.74.0-14ubuntu3 [351 kB]
Get:144 http://archive.ubuntu.com/ubuntu jammy/universe amd64 libboost-mpi-python1.74-dev amd64 1.74.0-14ubuntu3 [225 kB]
Get:145 http://archive.ubuntu.com/ubuntu jammy/universe amd64 libboost-mpi-python-dev amd64 1.74.0.3ubuntu7 [3382 B]
Get:146 http://archive.ubuntu.com/ubuntu jammy/universe amd64 libboost-numpy1.74.0 amd64 1.74.0-14ubuntu3 [229 kB]
Get:147 http://archive.ubuntu.com/ubuntu jammy/universe amd64 libboost-numpy1.74-dev amd64 1.74.0-14ubuntu3 [233 kB]
Get:148 http://archive.ubuntu.com/ubuntu jammy/universe amd64 libboost-numpy-dev amd64 1.74.0.3ubuntu7 [3286 B]
Get:149 http://archive.ubuntu.com/ubuntu jammy/main amd64 libboost-program-options1.74.0 amd64 1.74.0-14ubuntu3 [311 kB]
Get:150 http://archive.ubuntu.com/ubuntu jammy/main amd64 libboost-program-options1.74-dev amd64 1.74.0-14ubuntu3 [380 kB]
Get:151 http://archive.ubuntu.com/ubuntu jammy/main amd64 libboost-program-options-dev amd64 1.74.0.3ubuntu7 [3266 B]
Get:152 http://archive.ubuntu.com/ubuntu jammy-updates/main amd64 libpython3.10 amd64 3.10.12-1~22.04.10 [1950 kB]
Get:153 http://archive.ubuntu.com/ubuntu jammy-updates/main amd64 libexpat1-dev amd64 2.4.7-1ubuntu0.6 [148 kB]
Get:154 http://archive.ubuntu.com/ubuntu jammy-updates/main amd64 libpython3.10-dev amd64 3.10.12-1~22.04.10 [4763 kB]
Get:155 http://archive.ubuntu.com/ubuntu jammy-updates/main amd64 libpython3-dev amd64 3.10.6-1~22.04.1 [7064 B]
Get:156 http://archive.ubuntu.com/ubuntu jammy-updates/main amd64 python3.10-dev amd64 3.10.12-1~22.04.10 [508 kB]
Get:157 http://archive.ubuntu.com/ubuntu jammy/main amd64 libjs-underscore all 1.13.2~dfsg-2 [118 kB]
Get:158 http://archive.ubuntu.com/ubuntu jammy/main amd64 libjs-sphinxdoc all 4.3.2-1 [139 kB]
Get:159 http://archive.ubuntu.com/ubuntu jammy-updates/main amd64 python3-dev amd64 3.10.6-1~22.04.1 [26.0 kB]
Get:160 http://archive.ubuntu.com/ubuntu jammy/universe amd64 libboost-python1.74-dev amd64 1.74.0-14ubuntu3 [323 kB]
Get:161 http://archive.ubuntu.com/ubuntu jammy/universe amd64 libboost-python-dev amd64 1.74.0.3ubuntu7 [3538 B]
Get:162 http://archive.ubuntu.com/ubuntu jammy/universe amd64 libboost-random1.74.0 amd64 1.74.0-14ubuntu3 [231 kB]
Get:163 http://archive.ubuntu.com/ubuntu jammy/universe amd64 libboost-random1.74-dev amd64 1.74.0-14ubuntu3 [231 kB]
Get:164 http://archive.ubuntu.com/ubuntu jammy/universe amd64 libboost-random-dev amd64 1.74.0.3ubuntu7 [3258 B]
Get:165 http://archive.ubuntu.com/ubuntu jammy/main amd64 libboost-regex-dev amd64 1.74.0.3ubuntu7 [3510 B]
Get:166 http://archive.ubuntu.com/ubuntu jammy/universe amd64 libboost-serialization-dev amd64 1.74.0.3ubuntu7 [3468 B]
Get:167 http://archive.ubuntu.com/ubuntu jammy/universe amd64 libboost-stacktrace1.74.0 amd64 1.74.0-14ubuntu3 [267 kB]
Get:168 http://archive.ubuntu.com/ubuntu jammy/universe amd64 libboost-stacktrace1.74-dev amd64 1.74.0-14ubuntu3 [232 kB]
Get:169 http://archive.ubuntu.com/ubuntu jammy/universe amd64 libboost-stacktrace-dev amd64 1.74.0.3ubuntu7 [3260 B]
Get:170 http://archive.ubuntu.com/ubuntu jammy/main amd64 libboost-system-dev amd64 1.74.0.3ubuntu7 [3390 B]
Get:171 http://archive.ubuntu.com/ubuntu jammy/universe amd64 libboost-test-dev amd64 1.74.0.3ubuntu7 [3274 B]
Get:172 http://archive.ubuntu.com/ubuntu jammy/main amd64 libboost-thread-dev amd64 1.74.0.3ubuntu7 [3266 B]
Get:173 http://archive.ubuntu.com/ubuntu jammy/universe amd64 libboost-timer1.74.0 amd64 1.74.0-14ubuntu3 [228 kB]
Get:174 http://archive.ubuntu.com/ubuntu jammy/universe amd64 libboost-timer1.74-dev amd64 1.74.0-14ubuntu3 [231 kB]
Get:175 http://archive.ubuntu.com/ubuntu jammy/universe amd64 libboost-timer-dev amd64 1.74.0.3ubuntu7 [3380 B]
Get:176 http://archive.ubuntu.com/ubuntu jammy/universe amd64 libboost-type-erasure1.74.0 amd64 1.74.0-14ubuntu3 [234 kB]
Get:177 http://archive.ubuntu.com/ubuntu jammy/universe amd64 libboost-type-erasure1.74-dev amd64 1.74.0-14ubuntu3 [239 kB]
Get:178 http://archive.ubuntu.com/ubuntu jammy/universe amd64 libboost-type-erasure-dev amd64 1.74.0.3ubuntu7 [3344 B]
Get:179 http://archive.ubuntu.com/ubuntu jammy/universe amd64 libboost-wave1.74.0 amd64 1.74.0-14ubuntu3 [449 kB]
Get:180 http://archive.ubuntu.com/ubuntu jammy/universe amd64 libboost-wave1.74-dev amd64 1.74.0-14ubuntu3 [496 kB]
Get:181 http://archive.ubuntu.com/ubuntu jammy/universe amd64 libboost-wave-dev amd64 1.74.0.3ubuntu7 [3292 B]
Get:182 http://archive.ubuntu.com/ubuntu jammy/universe amd64 libboost-nowide1.74.0 amd64 1.74.0-14ubuntu3 [223 kB]
Get:183 http://archive.ubuntu.com/ubuntu jammy/universe amd64 libboost-nowide1.74-dev amd64 1.74.0-14ubuntu3 [220 kB]
Get:184 http://archive.ubuntu.com/ubuntu jammy/universe amd64 libboost-nowide-dev amd64 1.74.0.3ubuntu7 [3322 B]
Get:185 http://archive.ubuntu.com/ubuntu jammy/universe amd64 libboost-all-dev amd64 1.74.0.3ubuntu7 [2268 B]
Get:186 http://archive.ubuntu.com/ubuntu jammy/universe amd64 libcaf-openmpi-3 amd64 2.9.2-3 [36.5 kB]
Get:187 http://archive.ubuntu.com/ubuntu jammy/universe amd64 libcoarrays-dev amd64 2.9.2-3 [40.5 kB]
Get:188 http://archive.ubuntu.com/ubuntu jammy/universe amd64 libcoarrays-openmpi-dev amd64 2.9.2-3 [452 kB]
Get:189 http://archive.ubuntu.com/ubuntu jammy/universe amd64 libdouble-conversion3 amd64 3.1.7-4 [39.0 kB]
Get:190 http://archive.ubuntu.com/ubuntu jammy/universe amd64 libdwarf1 amd64 20210528-1 [307 kB]
Get:191 http://archive.ubuntu.com/ubuntu jammy/universe amd64 libdwarf-dev amd64 20210528-1 [1036 kB]
Get:192 http://archive.ubuntu.com/ubuntu jammy/universe amd64 libgflags2.2 amd64 2.2.2-2 [78.1 kB]
Get:193 http://archive.ubuntu.com/ubuntu jammy/universe amd64 libgflags-dev amd64 2.2.2-2 [93.7 kB]
Get:194 http://archive.ubuntu.com/ubuntu jammy-updates/main amd64 libpcre2-16-0 amd64 10.39-3ubuntu0.1 [203 kB]
Get:195 http://archive.ubuntu.com/ubuntu jammy-updates/main amd64 libpcre2-32-0 amd64 10.39-3ubuntu0.1 [194 kB]
Get:196 http://archive.ubuntu.com/ubuntu jammy-updates/main amd64 libpcre2-posix3 amd64 10.39-3ubuntu0.1 [6130 B]
Get:197 http://archive.ubuntu.com/ubuntu jammy-updates/main amd64 libpcre2-dev amd64 10.39-3ubuntu0.1 [730 kB]
Get:198 http://archive.ubuntu.com/ubuntu jammy/main amd64 libsodium23 amd64 1.0.18-1build2 [164 kB]
Get:199 http://archive.ubuntu.com/ubuntu jammy/main amd64 libsodium-dev amd64 1.0.18-1build2 [185 kB]
Get:200 http://archive.ubuntu.com/ubuntu jammy-updates/main amd64 libssl-dev amd64 3.0.2-0ubuntu1.19 [2376 kB]
Get:201 http://archive.ubuntu.com/ubuntu jammy/main amd64 libtool all 2.4.6-15build2 [164 kB]
Get:202 http://archive.ubuntu.com/ubuntu jammy/main amd64 libxxhash-dev amd64 0.8.1-1 [65.3 kB]
Get:203 http://archive.ubuntu.com/ubuntu jammy/main amd64 libzstd-dev amd64 1.4.8+dfsg-3build1 [401 kB]
Get:204 http://archive.ubuntu.com/ubuntu jammy/universe amd64 ninja-build amd64 1.10.1-1 [111 kB]
Get:205 http://archive.ubuntu.com/ubuntu jammy/universe amd64 xxhash amd64 0.8.1-1 [42.1 kB]
Get:206 http://archive.ubuntu.com/ubuntu jammy/main amd64 zstd amd64 1.4.8+dfsg-3build1 [603 kB]
Get:207 http://archive.ubuntu.com/ubuntu jammy-updates/main amd64 binutils-dev amd64 2.38-4ubuntu2.8 [4374 kB]
Get:208 http://archive.ubuntu.com/ubuntu jammy/universe amd64 libdouble-conversion-dev amd64 3.1.7-4 [59.8 kB]
Get:209 http://archive.ubuntu.com/ubuntu jammy/main amd64 liblz4-dev amd64 1.9.3-2build2 [80.7 kB]
Get:210 http://archive.ubuntu.com/ubuntu jammy/main amd64 libsnappy1v5 amd64 1.1.8-1build3 [17.5 kB]
Get:211 http://archive.ubuntu.com/ubuntu jammy/main amd64 libsnappy-dev amd64 1.1.8-1build3 [30.2 kB]
debconf: delaying package configuration, since apt-utils is not installed
Fetched 108 MB in 9s (11.7 MB/s)
Selecting previously unselected package libmd0:amd64.
(Reading database ... (Reading database ... 5%(Reading database ... 10%(Reading database ... 15%(Reading database ... 20%(Reading database ... 25%(Reading database ... 30%(Reading database ... 35%(Reading database ... 40%(Reading database ... 45%(Reading database ... 50%(Reading database ... 55%(Reading database ... 60%(Reading database ... 65%(Reading database ... 70%(Reading database ... 75%(Reading database ... 80%(Reading database ... 85%(Reading database ... 90%(Reading database ... 95%(Reading database ... 100%(Reading database ... 12505 files and directories currently installed.)
Preparing to unpack .../000-libmd0_1.0.4-1build1_amd64.deb ...
Unpacking libmd0:amd64 (1.0.4-1build1) ...
Selecting previously unselected package libbsd0:amd64.
Preparing to unpack .../001-libbsd0_0.11.5-1_amd64.deb ...
Unpacking libbsd0:amd64 (0.11.5-1) ...
Selecting previously unselected package libelf1:amd64.
Preparing to unpack .../002-libelf1_0.186-1ubuntu0.1_amd64.deb ...
Unpacking libelf1:amd64 (0.186-1ubuntu0.1) ...
Selecting previously unselected package libicu70:amd64.
Preparing to unpack .../003-libicu70_70.1-2_amd64.deb ...
Unpacking libicu70:amd64 (70.1-2) ...
Selecting previously unselected package libxml2:amd64.
Preparing to unpack .../004-libxml2_2.9.13+dfsg-1ubuntu0.7_amd64.deb ...
Unpacking libxml2:amd64 (2.9.13+dfsg-1ubuntu0.7) ...
Selecting previously unselected package libmagic-mgc.
Preparing to unpack .../005-libmagic-mgc_1%3a5.41-3ubuntu0.1_amd64.deb ...
Unpacking libmagic-mgc (1:5.41-3ubuntu0.1) ...
Selecting previously unselected package libmagic1:amd64.
Preparing to unpack .../006-libmagic1_1%3a5.41-3ubuntu0.1_amd64.deb ...
Unpacking libmagic1:amd64 (1:5.41-3ubuntu0.1) ...
Selecting previously unselected package file.
Preparing to unpack .../007-file_1%3a5.41-3ubuntu0.1_amd64.deb ...
Unpacking file (1:5.41-3ubuntu0.1) ...
Selecting previously unselected package libcbor0.8:amd64.
Preparing to unpack .../008-libcbor0.8_0.8.0-2ubuntu1_amd64.deb ...
Unpacking libcbor0.8:amd64 (0.8.0-2ubuntu1) ...
Selecting previously unselected package libedit2:amd64.
Preparing to unpack .../009-libedit2_3.1-20210910-1build1_amd64.deb ...
Unpacking libedit2:amd64 (3.1-20210910-1build1) ...
Selecting previously unselected package libfido2-1:amd64.
Preparing to unpack .../010-libfido2-1_1.10.0-1_amd64.deb ...
Unpacking libfido2-1:amd64 (1.10.0-1) ...
Selecting previously unselected package libnuma1:amd64.
Preparing to unpack .../011-libnuma1_2.0.14-3ubuntu2_amd64.deb ...
Unpacking libnuma1:amd64 (2.0.14-3ubuntu2) ...
Selecting previously unselected package libuv1:amd64.
Preparing to unpack .../012-libuv1_1.43.0-1ubuntu0.1_amd64.deb ...
Unpacking libuv1:amd64 (1.43.0-1ubuntu0.1) ...
Selecting previously unselected package libxau6:amd64.
Preparing to unpack .../013-libxau6_1%3a1.0.9-1build5_amd64.deb ...
Unpacking libxau6:amd64 (1:1.0.9-1build5) ...
Selecting previously unselected package libxdmcp6:amd64.
Preparing to unpack .../014-libxdmcp6_1%3a1.1.3-0ubuntu5_amd64.deb ...
Unpacking libxdmcp6:amd64 (1:1.1.3-0ubuntu5) ...
Selecting previously unselected package libxcb1:amd64.
Preparing to unpack .../015-libxcb1_1.14-3ubuntu3_amd64.deb ...
Unpacking libxcb1:amd64 (1.14-3ubuntu3) ...
Selecting previously unselected package libx11-data.
Preparing to unpack .../016-libx11-data_2%3a1.7.5-1ubuntu0.3_all.deb ...
Unpacking libx11-data (2:1.7.5-1ubuntu0.3) ...
Selecting previously unselected package libx11-6:amd64.
Preparing to unpack .../017-libx11-6_2%3a1.7.5-1ubuntu0.3_amd64.deb ...
Unpacking libx11-6:amd64 (2:1.7.5-1ubuntu0.3) ...
Selecting previously unselected package libxext6:amd64.
Preparing to unpack .../018-libxext6_2%3a1.3.4-1build1_amd64.deb ...
Unpacking libxext6:amd64 (2:1.3.4-1build1) ...
Selecting previously unselected package libxmuu1:amd64.
Preparing to unpack .../019-libxmuu1_2%3a1.1.3-3_amd64.deb ...
Unpacking libxmuu1:amd64 (2:1.1.3-3) ...
Selecting previously unselected package openssh-client.
Preparing to unpack .../020-openssh-client_1%3a8.9p1-3ubuntu0.13_amd64.deb ...
Unpacking openssh-client (1:8.9p1-3ubuntu0.13) ...
Selecting previously unselected package xauth.
Preparing to unpack .../021-xauth_1%3a1.1-1build2_amd64.deb ...
Unpacking xauth (1:1.1-1build2) ...
Selecting previously unselected package libsigsegv2:amd64.
Preparing to unpack .../022-libsigsegv2_2.13-1ubuntu3_amd64.deb ...
Unpacking libsigsegv2:amd64 (2.13-1ubuntu3) ...
Selecting previously unselected package m4.
Preparing to unpack .../023-m4_1.4.18-5ubuntu2_amd64.deb ...
Unpacking m4 (1.4.18-5ubuntu2) ...
Selecting previously unselected package autoconf.
Preparing to unpack .../024-autoconf_2.71-2_all.deb ...
Unpacking autoconf (2.71-2) ...
Selecting previously unselected package autotools-dev.
Preparing to unpack .../025-autotools-dev_20220109.1_all.deb ...
Unpacking autotools-dev (20220109.1) ...
Selecting previously unselected package automake.
Preparing to unpack .../026-automake_1%3a1.16.5-1.3_all.deb ...
Unpacking automake (1:1.16.5-1.3) ...
Selecting previously unselected package libarchive13:amd64.
Preparing to unpack .../027-libarchive13_3.6.0-1ubuntu1.5_amd64.deb ...
Unpacking libarchive13:amd64 (3.6.0-1ubuntu1.5) ...
Selecting previously unselected package libjsoncpp25:amd64.
Preparing to unpack .../028-libjsoncpp25_1.9.5-3_amd64.deb ...
Unpacking libjsoncpp25:amd64 (1.9.5-3) ...
Selecting previously unselected package librhash0:amd64.
Preparing to unpack .../029-librhash0_1.4.2-1ubuntu1_amd64.deb ...
Unpacking librhash0:amd64 (1.4.2-1ubuntu1) ...
Selecting previously unselected package dh-elpa-helper.
Preparing to unpack .../030-dh-elpa-helper_2.0.9ubuntu1_all.deb ...
Unpacking dh-elpa-helper (2.0.9ubuntu1) ...
Selecting previously unselected package emacsen-common.
Preparing to unpack .../031-emacsen-common_3.0.4_all.deb ...
Unpacking emacsen-common (3.0.4) ...
Selecting previously unselected package cmake-data.
Preparing to unpack .../032-cmake-data_3.22.1-1ubuntu1.22.04.2_all.deb ...
Unpacking cmake-data (3.22.1-1ubuntu1.22.04.2) ...
Selecting previously unselected package cmake.
Preparing to unpack .../033-cmake_3.22.1-1ubuntu1.22.04.2_amd64.deb ...
Unpacking cmake (3.22.1-1ubuntu1.22.04.2) ...
Selecting previously unselected package libgfortran5:amd64.
Preparing to unpack .../034-libgfortran5_12.3.0-1ubuntu1~22.04_amd64.deb ...
Unpacking libgfortran5:amd64 (12.3.0-1ubuntu1~22.04) ...
Selecting previously unselected package libgfortran-11-dev:amd64.
Preparing to unpack .../035-libgfortran-11-dev_11.4.0-1ubuntu1~22.04_amd64.deb ...
Unpacking libgfortran-11-dev:amd64 (11.4.0-1ubuntu1~22.04) ...
Selecting previously unselected package gfortran-11.
Preparing to unpack .../036-gfortran-11_11.4.0-1ubuntu1~22.04_amd64.deb ...
Unpacking gfortran-11 (11.4.0-1ubuntu1~22.04) ...
Selecting previously unselected package gfortran.
Preparing to unpack .../037-gfortran_4%3a11.2.0-1ubuntu1_amd64.deb ...
Unpacking gfortran (4:11.2.0-1ubuntu1) ...
Selecting previously unselected package libnl-3-200:amd64.
Preparing to unpack .../038-libnl-3-200_3.5.0-0.1_amd64.deb ...
Unpacking libnl-3-200:amd64 (3.5.0-0.1) ...
Selecting previously unselected package libnl-route-3-200:amd64.
Preparing to unpack .../039-libnl-route-3-200_3.5.0-0.1_amd64.deb ...
Unpacking libnl-route-3-200:amd64 (3.5.0-0.1) ...
Selecting previously unselected package libibverbs1:amd64.
Preparing to unpack .../040-libibverbs1_39.0-1_amd64.deb ...
Unpacking libibverbs1:amd64 (39.0-1) ...
Selecting previously unselected package ibverbs-providers:amd64.
Preparing to unpack .../041-ibverbs-providers_39.0-1_amd64.deb ...
Unpacking ibverbs-providers:amd64 (39.0-1) ...
Selecting previously unselected package icu-devtools.
Preparing to unpack .../042-icu-devtools_70.1-2_amd64.deb ...
Unpacking icu-devtools (70.1-2) ...
Selecting previously unselected package javascript-common.
Preparing to unpack .../043-javascript-common_11+nmu1_all.deb ...
Unpacking javascript-common (11+nmu1) ...
Selecting previously unselected package libboost1.74-dev:amd64.
Preparing to unpack .../044-libboost1.74-dev_1.74.0-14ubuntu3_amd64.deb ...
Unpacking libboost1.74-dev:amd64 (1.74.0-14ubuntu3) ...
Selecting previously unselected package libboost-dev:amd64.
Preparing to unpack .../045-libboost-dev_1.74.0.3ubuntu7_amd64.deb ...
Unpacking libboost-dev:amd64 (1.74.0.3ubuntu7) ...
Selecting previously unselected package libboost1.74-tools-dev.
Preparing to unpack .../046-libboost1.74-tools-dev_1.74.0-14ubuntu3_amd64.deb ...
Unpacking libboost1.74-tools-dev (1.74.0-14ubuntu3) ...
Selecting previously unselected package libboost-tools-dev.
Preparing to unpack .../047-libboost-tools-dev_1.74.0.3ubuntu7_amd64.deb ...
Unpacking libboost-tools-dev (1.74.0.3ubuntu7) ...
Selecting previously unselected package libboost-atomic1.74.0:amd64.
Preparing to unpack .../048-libboost-atomic1.74.0_1.74.0-14ubuntu3_amd64.deb ...
Unpacking libboost-atomic1.74.0:amd64 (1.74.0-14ubuntu3) ...
Selecting previously unselected package libboost-atomic1.74-dev:amd64.
Preparing to unpack .../049-libboost-atomic1.74-dev_1.74.0-14ubuntu3_amd64.deb ...
Unpacking libboost-atomic1.74-dev:amd64 (1.74.0-14ubuntu3) ...
Selecting previously unselected package libboost-atomic-dev:amd64.
Preparing to unpack .../050-libboost-atomic-dev_1.74.0.3ubuntu7_amd64.deb ...
Unpacking libboost-atomic-dev:amd64 (1.74.0.3ubuntu7) ...
Selecting previously unselected package libboost-chrono1.74.0:amd64.
Preparing to unpack .../051-libboost-chrono1.74.0_1.74.0-14ubuntu3_amd64.deb ...
Unpacking libboost-chrono1.74.0:amd64 (1.74.0-14ubuntu3) ...
Selecting previously unselected package libboost-chrono1.74-dev:amd64.
Preparing to unpack .../052-libboost-chrono1.74-dev_1.74.0-14ubuntu3_amd64.deb ...
Unpacking libboost-chrono1.74-dev:amd64 (1.74.0-14ubuntu3) ...
Selecting previously unselected package libboost-chrono-dev:amd64.
Preparing to unpack .../053-libboost-chrono-dev_1.74.0.3ubuntu7_amd64.deb ...
Unpacking libboost-chrono-dev:amd64 (1.74.0.3ubuntu7) ...
Selecting previously unselected package libboost-container1.74.0:amd64.
Preparing to unpack .../054-libboost-container1.74.0_1.74.0-14ubuntu3_amd64.deb ...
Unpacking libboost-container1.74.0:amd64 (1.74.0-14ubuntu3) ...
Selecting previously unselected package libboost-container1.74-dev:amd64.
Preparing to unpack .../055-libboost-container1.74-dev_1.74.0-14ubuntu3_amd64.deb ...
Unpacking libboost-container1.74-dev:amd64 (1.74.0-14ubuntu3) ...
Selecting previously unselected package libboost-container-dev:amd64.
Preparing to unpack .../056-libboost-container-dev_1.74.0.3ubuntu7_amd64.deb ...
Unpacking libboost-container-dev:amd64 (1.74.0.3ubuntu7) ...
Selecting previously unselected package libboost-date-time1.74.0:amd64.
Preparing to unpack .../057-libboost-date-time1.74.0_1.74.0-14ubuntu3_amd64.deb ...
Unpacking libboost-date-time1.74.0:amd64 (1.74.0-14ubuntu3) ...
Selecting previously unselected package libboost-serialization1.74.0:amd64.
Preparing to unpack .../058-libboost-serialization1.74.0_1.74.0-14ubuntu3_amd64.deb ...
Unpacking libboost-serialization1.74.0:amd64 (1.74.0-14ubuntu3) ...
Selecting previously unselected package libboost-serialization1.74-dev:amd64.
Preparing to unpack .../059-libboost-serialization1.74-dev_1.74.0-14ubuntu3_amd64.deb ...
Unpacking libboost-serialization1.74-dev:amd64 (1.74.0-14ubuntu3) ...
Selecting previously unselected package libboost-date-time1.74-dev:amd64.
Preparing to unpack .../060-libboost-date-time1.74-dev_1.74.0-14ubuntu3_amd64.deb ...
Unpacking libboost-date-time1.74-dev:amd64 (1.74.0-14ubuntu3) ...
Selecting previously unselected package libboost-system1.74.0:amd64.
Preparing to unpack .../061-libboost-system1.74.0_1.74.0-14ubuntu3_amd64.deb ...
Unpacking libboost-system1.74.0:amd64 (1.74.0-14ubuntu3) ...
Selecting previously unselected package libboost-system1.74-dev:amd64.
Preparing to unpack .../062-libboost-system1.74-dev_1.74.0-14ubuntu3_amd64.deb ...
Unpacking libboost-system1.74-dev:amd64 (1.74.0-14ubuntu3) ...
Selecting previously unselected package libboost-thread1.74.0:amd64.
Preparing to unpack .../063-libboost-thread1.74.0_1.74.0-14ubuntu3_amd64.deb ...
Unpacking libboost-thread1.74.0:amd64 (1.74.0-14ubuntu3) ...
Selecting previously unselected package libboost-thread1.74-dev:amd64.
Preparing to unpack .../064-libboost-thread1.74-dev_1.74.0-14ubuntu3_amd64.deb ...
Unpacking libboost-thread1.74-dev:amd64 (1.74.0-14ubuntu3) ...
Selecting previously unselected package libboost-context1.74.0:amd64.
Preparing to unpack .../065-libboost-context1.74.0_1.74.0-14ubuntu3_amd64.deb ...
Unpacking libboost-context1.74.0:amd64 (1.74.0-14ubuntu3) ...
Selecting previously unselected package libboost-context1.74-dev:amd64.
Preparing to unpack .../066-libboost-context1.74-dev_1.74.0-14ubuntu3_amd64.deb ...
Unpacking libboost-context1.74-dev:amd64 (1.74.0-14ubuntu3) ...
Selecting previously unselected package libboost-context-dev:amd64.
Preparing to unpack .../067-libboost-context-dev_1.74.0.3ubuntu7_amd64.deb ...
Unpacking libboost-context-dev:amd64 (1.74.0.3ubuntu7) ...
Selecting previously unselected package libboost-coroutine1.74.0:amd64.
Preparing to unpack .../068-libboost-coroutine1.74.0_1.74.0-14ubuntu3_amd64.deb ...
Unpacking libboost-coroutine1.74.0:amd64 (1.74.0-14ubuntu3) ...
Selecting previously unselected package libboost-coroutine1.74-dev:amd64.
Preparing to unpack .../069-libboost-coroutine1.74-dev_1.74.0-14ubuntu3_amd64.deb ...
Unpacking libboost-coroutine1.74-dev:amd64 (1.74.0-14ubuntu3) ...
Selecting previously unselected package libboost-coroutine-dev:amd64.
Preparing to unpack .../070-libboost-coroutine-dev_1.74.0.3ubuntu7_amd64.deb ...
Unpacking libboost-coroutine-dev:amd64 (1.74.0.3ubuntu7) ...
Selecting previously unselected package libboost-date-time-dev:amd64.
Preparing to unpack .../071-libboost-date-time-dev_1.74.0.3ubuntu7_amd64.deb ...
Unpacking libboost-date-time-dev:amd64 (1.74.0.3ubuntu7) ...
Selecting previously unselected package libboost-exception1.74-dev:amd64.
Preparing to unpack .../072-libboost-exception1.74-dev_1.74.0-14ubuntu3_amd64.deb ...
Unpacking libboost-exception1.74-dev:amd64 (1.74.0-14ubuntu3) ...
Selecting previously unselected package libboost-exception-dev:amd64.
Preparing to unpack .../073-libboost-exception-dev_1.74.0.3ubuntu7_amd64.deb ...
Unpacking libboost-exception-dev:amd64 (1.74.0.3ubuntu7) ...
Selecting previously unselected package libboost-filesystem1.74.0:amd64.
Preparing to unpack .../074-libboost-filesystem1.74.0_1.74.0-14ubuntu3_amd64.deb ...
Unpacking libboost-filesystem1.74.0:amd64 (1.74.0-14ubuntu3) ...
Selecting previously unselected package libboost-filesystem1.74-dev:amd64.
Preparing to unpack .../075-libboost-filesystem1.74-dev_1.74.0-14ubuntu3_amd64.deb ...
Unpacking libboost-filesystem1.74-dev:amd64 (1.74.0-14ubuntu3) ...
Selecting previously unselected package libboost-fiber1.74.0:amd64.
Preparing to unpack .../076-libboost-fiber1.74.0_1.74.0-14ubuntu3_amd64.deb ...
Unpacking libboost-fiber1.74.0:amd64 (1.74.0-14ubuntu3) ...
Selecting previously unselected package libboost-fiber1.74-dev:amd64.
Preparing to unpack .../077-libboost-fiber1.74-dev_1.74.0-14ubuntu3_amd64.deb ...
Unpacking libboost-fiber1.74-dev:amd64 (1.74.0-14ubuntu3) ...
Selecting previously unselected package libboost-fiber-dev:amd64.
Preparing to unpack .../078-libboost-fiber-dev_1.74.0.3ubuntu7_amd64.deb ...
Unpacking libboost-fiber-dev:amd64 (1.74.0.3ubuntu7) ...
Selecting previously unselected package libboost-filesystem-dev:amd64.
Preparing to unpack .../079-libboost-filesystem-dev_1.74.0.3ubuntu7_amd64.deb ...
Unpacking libboost-filesystem-dev:amd64 (1.74.0.3ubuntu7) ...
Selecting previously unselected package libboost-regex1.74.0:amd64.
Preparing to unpack .../080-libboost-regex1.74.0_1.74.0-14ubuntu3_amd64.deb ...
Unpacking libboost-regex1.74.0:amd64 (1.74.0-14ubuntu3) ...
Selecting previously unselected package libboost-graph1.74.0:amd64.
Preparing to unpack .../081-libboost-graph1.74.0_1.74.0-14ubuntu3_amd64.deb ...
Unpacking libboost-graph1.74.0:amd64 (1.74.0-14ubuntu3) ...
Selecting previously unselected package libicu-dev:amd64.
Preparing to unpack .../082-libicu-dev_70.1-2_amd64.deb ...
Unpacking libicu-dev:amd64 (70.1-2) ...
Selecting previously unselected package libboost-regex1.74-dev:amd64.
Preparing to unpack .../083-libboost-regex1.74-dev_1.74.0-14ubuntu3_amd64.deb ...
Unpacking libboost-regex1.74-dev:amd64 (1.74.0-14ubuntu3) ...
Selecting previously unselected package libboost-test1.74.0:amd64.
Preparing to unpack .../084-libboost-test1.74.0_1.74.0-14ubuntu3_amd64.deb ...
Unpacking libboost-test1.74.0:amd64 (1.74.0-14ubuntu3) ...
Selecting previously unselected package libboost-test1.74-dev:amd64.
Preparing to unpack .../085-libboost-test1.74-dev_1.74.0-14ubuntu3_amd64.deb ...
Unpacking libboost-test1.74-dev:amd64 (1.74.0-14ubuntu3) ...
Selecting previously unselected package libboost-graph1.74-dev:amd64.
Preparing to unpack .../086-libboost-graph1.74-dev_1.74.0-14ubuntu3_amd64.deb ...
Unpacking libboost-graph1.74-dev:amd64 (1.74.0-14ubuntu3) ...
Selecting previously unselected package libboost-graph-dev:amd64.
Preparing to unpack .../087-libboost-graph-dev_1.74.0.3ubuntu7_amd64.deb ...
Unpacking libboost-graph-dev:amd64 (1.74.0.3ubuntu7) ...
Selecting previously unselected package libevent-core-2.1-7:amd64.
Preparing to unpack .../088-libevent-core-2.1-7_2.1.12-stable-1build3_amd64.deb ...
Unpacking libevent-core-2.1-7:amd64 (2.1.12-stable-1build3) ...
Selecting previously unselected package libevent-pthreads-2.1-7:amd64.
Preparing to unpack .../089-libevent-pthreads-2.1-7_2.1.12-stable-1build3_amd64.deb ...
Unpacking libevent-pthreads-2.1-7:amd64 (2.1.12-stable-1build3) ...
Selecting previously unselected package libpsm-infinipath1.
Preparing to unpack .../090-libpsm-infinipath1_3.3+20.604758e7-6.1_amd64.deb ...
Unpacking libpsm-infinipath1 (3.3+20.604758e7-6.1) ...
Selecting previously unselected package libpsm2-2.
Preparing to unpack .../091-libpsm2-2_11.2.185-1_amd64.deb ...
Unpacking libpsm2-2 (11.2.185-1) ...
Selecting previously unselected package librdmacm1:amd64.
Preparing to unpack .../092-librdmacm1_39.0-1_amd64.deb ...
Unpacking librdmacm1:amd64 (39.0-1) ...
Selecting previously unselected package libfabric1:amd64.
Preparing to unpack .../093-libfabric1_1.11.0-3_amd64.deb ...
Unpacking libfabric1:amd64 (1.11.0-3) ...
Selecting previously unselected package libhwloc15:amd64.
Preparing to unpack .../094-libhwloc15_2.7.0-2ubuntu1_amd64.deb ...
Unpacking libhwloc15:amd64 (2.7.0-2ubuntu1) ...
Selecting previously unselected package libcurl3-gnutls:amd64.
Preparing to unpack .../095-libcurl3-gnutls_7.81.0-1ubuntu1.20_amd64.deb ...
Unpacking libcurl3-gnutls:amd64 (7.81.0-1ubuntu1.20) ...
Selecting previously unselected package libpciaccess0:amd64.
Preparing to unpack .../096-libpciaccess0_0.16-3_amd64.deb ...
Unpacking libpciaccess0:amd64 (0.16-3) ...
Selecting previously unselected package libxnvctrl0:amd64.
Preparing to unpack .../097-libxnvctrl0_510.47.03-0ubuntu1_amd64.deb ...
Unpacking libxnvctrl0:amd64 (510.47.03-0ubuntu1) ...
Selecting previously unselected package ocl-icd-libopencl1:amd64.
Preparing to unpack .../098-ocl-icd-libopencl1_2.2.14-3_amd64.deb ...
Unpacking ocl-icd-libopencl1:amd64 (2.2.14-3) ...
Selecting previously unselected package libhwloc-plugins:amd64.
Preparing to unpack .../099-libhwloc-plugins_2.7.0-2ubuntu1_amd64.deb ...
Unpacking libhwloc-plugins:amd64 (2.7.0-2ubuntu1) ...
Selecting previously unselected package libpmix2:amd64.
Preparing to unpack .../100-libpmix2_4.1.2-2ubuntu1_amd64.deb ...
Unpacking libpmix2:amd64 (4.1.2-2ubuntu1) ...
Selecting previously unselected package libucx0:amd64.
Preparing to unpack .../101-libucx0_1.12.1~rc2-1_amd64.deb ...
Unpacking libucx0:amd64 (1.12.1~rc2-1) ...
Selecting previously unselected package libopenmpi3:amd64.
Preparing to unpack .../102-libopenmpi3_4.1.2-2ubuntu1_amd64.deb ...
Unpacking libopenmpi3:amd64 (4.1.2-2ubuntu1) ...
Selecting previously unselected package libboost-mpi1.74.0.
Preparing to unpack .../103-libboost-mpi1.74.0_1.74.0-14ubuntu3_amd64.deb ...
Unpacking libboost-mpi1.74.0 (1.74.0-14ubuntu3) ...
Selecting previously unselected package libboost-graph-parallel1.74.0.
Preparing to unpack .../104-libboost-graph-parallel1.74.0_1.74.0-14ubuntu3_amd64.deb ...
Unpacking libboost-graph-parallel1.74.0 (1.74.0-14ubuntu3) ...
Selecting previously unselected package libboost-graph-parallel1.74-dev.
Preparing to unpack .../105-libboost-graph-parallel1.74-dev_1.74.0-14ubuntu3_amd64.deb ...
Unpacking libboost-graph-parallel1.74-dev (1.74.0-14ubuntu3) ...
Selecting previously unselected package libboost-graph-parallel-dev.
Preparing to unpack .../106-libboost-graph-parallel-dev_1.74.0.3ubuntu7_amd64.deb ...
Unpacking libboost-graph-parallel-dev (1.74.0.3ubuntu7) ...
Selecting previously unselected package libboost-iostreams1.74.0:amd64.
Preparing to unpack .../107-libboost-iostreams1.74.0_1.74.0-14ubuntu3_amd64.deb ...
Unpacking libboost-iostreams1.74.0:amd64 (1.74.0-14ubuntu3) ...
Selecting previously unselected package libboost-iostreams1.74-dev:amd64.
Preparing to unpack .../108-libboost-iostreams1.74-dev_1.74.0-14ubuntu3_amd64.deb ...
Unpacking libboost-iostreams1.74-dev:amd64 (1.74.0-14ubuntu3) ...
Selecting previously unselected package libboost-iostreams-dev:amd64.
Preparing to unpack .../109-libboost-iostreams-dev_1.74.0.3ubuntu7_amd64.deb ...
Unpacking libboost-iostreams-dev:amd64 (1.74.0.3ubuntu7) ...
Selecting previously unselected package libboost-locale1.74.0:amd64.
Preparing to unpack .../110-libboost-locale1.74.0_1.74.0-14ubuntu3_amd64.deb ...
Unpacking libboost-locale1.74.0:amd64 (1.74.0-14ubuntu3) ...
Selecting previously unselected package libboost-locale1.74-dev:amd64.
Preparing to unpack .../111-libboost-locale1.74-dev_1.74.0-14ubuntu3_amd64.deb ...
Unpacking libboost-locale1.74-dev:amd64 (1.74.0-14ubuntu3) ...
Selecting previously unselected package libboost-locale-dev:amd64.
Preparing to unpack .../112-libboost-locale-dev_1.74.0.3ubuntu7_amd64.deb ...
Unpacking libboost-locale-dev:amd64 (1.74.0.3ubuntu7) ...
Selecting previously unselected package libboost-log1.74.0.
Preparing to unpack .../113-libboost-log1.74.0_1.74.0-14ubuntu3_amd64.deb ...
Unpacking libboost-log1.74.0 (1.74.0-14ubuntu3) ...
Selecting previously unselected package libboost-log1.74-dev.
Preparing to unpack .../114-libboost-log1.74-dev_1.74.0-14ubuntu3_amd64.deb ...
Unpacking libboost-log1.74-dev (1.74.0-14ubuntu3) ...
Selecting previously unselected package libboost-log-dev.
Preparing to unpack .../115-libboost-log-dev_1.74.0.3ubuntu7_amd64.deb ...
Unpacking libboost-log-dev (1.74.0.3ubuntu7) ...
Selecting previously unselected package libboost-math1.74.0:amd64.
Preparing to unpack .../116-libboost-math1.74.0_1.74.0-14ubuntu3_amd64.deb ...
Unpacking libboost-math1.74.0:amd64 (1.74.0-14ubuntu3) ...
Selecting previously unselected package libboost-math1.74-dev:amd64.
Preparing to unpack .../117-libboost-math1.74-dev_1.74.0-14ubuntu3_amd64.deb ...
Unpacking libboost-math1.74-dev:amd64 (1.74.0-14ubuntu3) ...
Selecting previously unselected package libboost-math-dev:amd64.
Preparing to unpack .../118-libboost-math-dev_1.74.0.3ubuntu7_amd64.deb ...
Unpacking libboost-math-dev:amd64 (1.74.0.3ubuntu7) ...
Selecting previously unselected package openmpi-common.
Preparing to unpack .../119-openmpi-common_4.1.2-2ubuntu1_all.deb ...
Unpacking openmpi-common (4.1.2-2ubuntu1) ...
Selecting previously unselected package libnl-3-dev:amd64.
Preparing to unpack .../120-libnl-3-dev_3.5.0-0.1_amd64.deb ...
Unpacking libnl-3-dev:amd64 (3.5.0-0.1) ...
Selecting previously unselected package libnl-route-3-dev:amd64.
Preparing to unpack .../121-libnl-route-3-dev_3.5.0-0.1_amd64.deb ...
Unpacking libnl-route-3-dev:amd64 (3.5.0-0.1) ...
Selecting previously unselected package libibverbs-dev:amd64.
Preparing to unpack .../122-libibverbs-dev_39.0-1_amd64.deb ...
Unpacking libibverbs-dev:amd64 (39.0-1) ...
Selecting previously unselected package libnuma-dev:amd64.
Preparing to unpack .../123-libnuma-dev_2.0.14-3ubuntu2_amd64.deb ...
Unpacking libnuma-dev:amd64 (2.0.14-3ubuntu2) ...
Selecting previously unselected package libltdl7:amd64.
Preparing to unpack .../124-libltdl7_2.4.6-15build2_amd64.deb ...
Unpacking libltdl7:amd64 (2.4.6-15build2) ...
Selecting previously unselected package libltdl-dev:amd64.
Preparing to unpack .../125-libltdl-dev_2.4.6-15build2_amd64.deb ...
Unpacking libltdl-dev:amd64 (2.4.6-15build2) ...
Selecting previously unselected package libhwloc-dev:amd64.
Preparing to unpack .../126-libhwloc-dev_2.7.0-2ubuntu1_amd64.deb ...
Unpacking libhwloc-dev:amd64 (2.7.0-2ubuntu1) ...
Selecting previously unselected package libevent-2.1-7:amd64.
Preparing to unpack .../127-libevent-2.1-7_2.1.12-stable-1build3_amd64.deb ...
Unpacking libevent-2.1-7:amd64 (2.1.12-stable-1build3) ...
Selecting previously unselected package libevent-extra-2.1-7:amd64.
Preparing to unpack .../128-libevent-extra-2.1-7_2.1.12-stable-1build3_amd64.deb ...
Unpacking libevent-extra-2.1-7:amd64 (2.1.12-stable-1build3) ...
Selecting previously unselected package libevent-openssl-2.1-7:amd64.
Preparing to unpack .../129-libevent-openssl-2.1-7_2.1.12-stable-1build3_amd64.deb ...
Unpacking libevent-openssl-2.1-7:amd64 (2.1.12-stable-1build3) ...
Selecting previously unselected package libevent-dev.
Preparing to unpack .../130-libevent-dev_2.1.12-stable-1build3_amd64.deb ...
Unpacking libevent-dev (2.1.12-stable-1build3) ...
Selecting previously unselected package zlib1g-dev:amd64.
Preparing to unpack .../131-zlib1g-dev_1%3a1.2.11.dfsg-2ubuntu9.2_amd64.deb ...
Unpacking zlib1g-dev:amd64 (1:1.2.11.dfsg-2ubuntu9.2) ...
Selecting previously unselected package libpmix-dev:amd64.
Preparing to unpack .../132-libpmix-dev_4.1.2-2ubuntu1_amd64.deb ...
Unpacking libpmix-dev:amd64 (4.1.2-2ubuntu1) ...
Selecting previously unselected package libjs-jquery.
Preparing to unpack .../133-libjs-jquery_3.6.0+dfsg+~3.5.13-1_all.deb ...
Unpacking libjs-jquery (3.6.0+dfsg+~3.5.13-1) ...
Selecting previously unselected package libjs-jquery-ui.
Preparing to unpack .../134-libjs-jquery-ui_1.13.1+dfsg-1_all.deb ...
Unpacking libjs-jquery-ui (1.13.1+dfsg-1) ...
Selecting previously unselected package openmpi-bin.
Preparing to unpack .../135-openmpi-bin_4.1.2-2ubuntu1_amd64.deb ...
Unpacking openmpi-bin (4.1.2-2ubuntu1) ...
Selecting previously unselected package libopenmpi-dev:amd64.
Preparing to unpack .../136-libopenmpi-dev_4.1.2-2ubuntu1_amd64.deb ...
Unpacking libopenmpi-dev:amd64 (4.1.2-2ubuntu1) ...
Selecting previously unselected package mpi-default-dev.
Preparing to unpack .../137-mpi-default-dev_1.14_amd64.deb ...
Unpacking mpi-default-dev (1.14) ...
Selecting previously unselected package libboost-mpi1.74-dev.
Preparing to unpack .../138-libboost-mpi1.74-dev_1.74.0-14ubuntu3_amd64.deb ...
Unpacking libboost-mpi1.74-dev (1.74.0-14ubuntu3) ...
Selecting previously unselected package libboost-mpi-dev.
Preparing to unpack .../139-libboost-mpi-dev_1.74.0.3ubuntu7_amd64.deb ...
Unpacking libboost-mpi-dev (1.74.0.3ubuntu7) ...
Selecting previously unselected package libboost-python1.74.0.
Preparing to unpack .../140-libboost-python1.74.0_1.74.0-14ubuntu3_amd64.deb ...
Unpacking libboost-python1.74.0 (1.74.0-14ubuntu3) ...
Selecting previously unselected package mpi-default-bin.
Preparing to unpack .../141-mpi-default-bin_1.14_amd64.deb ...
Unpacking mpi-default-bin (1.14) ...
Selecting previously unselected package libboost-mpi-python1.74.0.
Preparing to unpack .../142-libboost-mpi-python1.74.0_1.74.0-14ubuntu3_amd64.deb ...
Unpacking libboost-mpi-python1.74.0 (1.74.0-14ubuntu3) ...
Selecting previously unselected package libboost-mpi-python1.74-dev.
Preparing to unpack .../143-libboost-mpi-python1.74-dev_1.74.0-14ubuntu3_amd64.deb ...
Unpacking libboost-mpi-python1.74-dev (1.74.0-14ubuntu3) ...
Selecting previously unselected package libboost-mpi-python-dev.
Preparing to unpack .../144-libboost-mpi-python-dev_1.74.0.3ubuntu7_amd64.deb ...
Unpacking libboost-mpi-python-dev (1.74.0.3ubuntu7) ...
Selecting previously unselected package libboost-numpy1.74.0.
Preparing to unpack .../145-libboost-numpy1.74.0_1.74.0-14ubuntu3_amd64.deb ...
Unpacking libboost-numpy1.74.0 (1.74.0-14ubuntu3) ...
Selecting previously unselected package libboost-numpy1.74-dev.
Preparing to unpack .../146-libboost-numpy1.74-dev_1.74.0-14ubuntu3_amd64.deb ...
Unpacking libboost-numpy1.74-dev (1.74.0-14ubuntu3) ...
Selecting previously unselected package libboost-numpy-dev.
Preparing to unpack .../147-libboost-numpy-dev_1.74.0.3ubuntu7_amd64.deb ...
Unpacking libboost-numpy-dev (1.74.0.3ubuntu7) ...
Selecting previously unselected package libboost-program-options1.74.0:amd64.
Preparing to unpack .../148-libboost-program-options1.74.0_1.74.0-14ubuntu3_amd64.deb ...
Unpacking libboost-program-options1.74.0:amd64 (1.74.0-14ubuntu3) ...
Selecting previously unselected package libboost-program-options1.74-dev:amd64.
Preparing to unpack .../149-libboost-program-options1.74-dev_1.74.0-14ubuntu3_amd64.deb ...
Unpacking libboost-program-options1.74-dev:amd64 (1.74.0-14ubuntu3) ...
Selecting previously unselected package libboost-program-options-dev:amd64.
Preparing to unpack .../150-libboost-program-options-dev_1.74.0.3ubuntu7_amd64.deb ...
Unpacking libboost-program-options-dev:amd64 (1.74.0.3ubuntu7) ...
Selecting previously unselected package libpython3.10:amd64.
Preparing to unpack .../151-libpython3.10_3.10.12-1~22.04.10_amd64.deb ...
Unpacking libpython3.10:amd64 (3.10.12-1~22.04.10) ...
Selecting previously unselected package libexpat1-dev:amd64.
Preparing to unpack .../152-libexpat1-dev_2.4.7-1ubuntu0.6_amd64.deb ...
Unpacking libexpat1-dev:amd64 (2.4.7-1ubuntu0.6) ...
Selecting previously unselected package libpython3.10-dev:amd64.
Preparing to unpack .../153-libpython3.10-dev_3.10.12-1~22.04.10_amd64.deb ...
Unpacking libpython3.10-dev:amd64 (3.10.12-1~22.04.10) ...
Selecting previously unselected package libpython3-dev:amd64.
Preparing to unpack .../154-libpython3-dev_3.10.6-1~22.04.1_amd64.deb ...
Unpacking libpython3-dev:amd64 (3.10.6-1~22.04.1) ...
Selecting previously unselected package python3.10-dev.
Preparing to unpack .../155-python3.10-dev_3.10.12-1~22.04.10_amd64.deb ...
Unpacking python3.10-dev (3.10.12-1~22.04.10) ...
Selecting previously unselected package libjs-underscore.
Preparing to unpack .../156-libjs-underscore_1.13.2~dfsg-2_all.deb ...
Unpacking libjs-underscore (1.13.2~dfsg-2) ...
Selecting previously unselected package libjs-sphinxdoc.
Preparing to unpack .../157-libjs-sphinxdoc_4.3.2-1_all.deb ...
Unpacking libjs-sphinxdoc (4.3.2-1) ...
Selecting previously unselected package python3-dev.
Preparing to unpack .../158-python3-dev_3.10.6-1~22.04.1_amd64.deb ...
Unpacking python3-dev (3.10.6-1~22.04.1) ...
Selecting previously unselected package libboost-python1.74-dev.
Preparing to unpack .../159-libboost-python1.74-dev_1.74.0-14ubuntu3_amd64.deb ...
Unpacking libboost-python1.74-dev (1.74.0-14ubuntu3) ...
Selecting previously unselected package libboost-python-dev.
Preparing to unpack .../160-libboost-python-dev_1.74.0.3ubuntu7_amd64.deb ...
Unpacking libboost-python-dev (1.74.0.3ubuntu7) ...
Selecting previously unselected package libboost-random1.74.0:amd64.
Preparing to unpack .../161-libboost-random1.74.0_1.74.0-14ubuntu3_amd64.deb ...
Unpacking libboost-random1.74.0:amd64 (1.74.0-14ubuntu3) ...
Selecting previously unselected package libboost-random1.74-dev:amd64.
Preparing to unpack .../162-libboost-random1.74-dev_1.74.0-14ubuntu3_amd64.deb ...
Unpacking libboost-random1.74-dev:amd64 (1.74.0-14ubuntu3) ...
Selecting previously unselected package libboost-random-dev:amd64.
Preparing to unpack .../163-libboost-random-dev_1.74.0.3ubuntu7_amd64.deb ...
Unpacking libboost-random-dev:amd64 (1.74.0.3ubuntu7) ...
Selecting previously unselected package libboost-regex-dev:amd64.
Preparing to unpack .../164-libboost-regex-dev_1.74.0.3ubuntu7_amd64.deb ...
Unpacking libboost-regex-dev:amd64 (1.74.0.3ubuntu7) ...
Selecting previously unselected package libboost-serialization-dev:amd64.
Preparing to unpack .../165-libboost-serialization-dev_1.74.0.3ubuntu7_amd64.deb ...
Unpacking libboost-serialization-dev:amd64 (1.74.0.3ubuntu7) ...
Selecting previously unselected package libboost-stacktrace1.74.0:amd64.
Preparing to unpack .../166-libboost-stacktrace1.74.0_1.74.0-14ubuntu3_amd64.deb ...
Unpacking libboost-stacktrace1.74.0:amd64 (1.74.0-14ubuntu3) ...
Selecting previously unselected package libboost-stacktrace1.74-dev:amd64.
Preparing to unpack .../167-libboost-stacktrace1.74-dev_1.74.0-14ubuntu3_amd64.deb ...
Unpacking libboost-stacktrace1.74-dev:amd64 (1.74.0-14ubuntu3) ...
Selecting previously unselected package libboost-stacktrace-dev:amd64.
Preparing to unpack .../168-libboost-stacktrace-dev_1.74.0.3ubuntu7_amd64.deb ...
Unpacking libboost-stacktrace-dev:amd64 (1.74.0.3ubuntu7) ...
Selecting previously unselected package libboost-system-dev:amd64.
Preparing to unpack .../169-libboost-system-dev_1.74.0.3ubuntu7_amd64.deb ...
Unpacking libboost-system-dev:amd64 (1.74.0.3ubuntu7) ...
Selecting previously unselected package libboost-test-dev:amd64.
Preparing to unpack .../170-libboost-test-dev_1.74.0.3ubuntu7_amd64.deb ...
Unpacking libboost-test-dev:amd64 (1.74.0.3ubuntu7) ...
Selecting previously unselected package libboost-thread-dev:amd64.
Preparing to unpack .../171-libboost-thread-dev_1.74.0.3ubuntu7_amd64.deb ...
Unpacking libboost-thread-dev:amd64 (1.74.0.3ubuntu7) ...
Selecting previously unselected package libboost-timer1.74.0:amd64.
Preparing to unpack .../172-libboost-timer1.74.0_1.74.0-14ubuntu3_amd64.deb ...
Unpacking libboost-timer1.74.0:amd64 (1.74.0-14ubuntu3) ...
Selecting previously unselected package libboost-timer1.74-dev:amd64.
Preparing to unpack .../173-libboost-timer1.74-dev_1.74.0-14ubuntu3_amd64.deb ...
Unpacking libboost-timer1.74-dev:amd64 (1.74.0-14ubuntu3) ...
Selecting previously unselected package libboost-timer-dev:amd64.
Preparing to unpack .../174-libboost-timer-dev_1.74.0.3ubuntu7_amd64.deb ...
Unpacking libboost-timer-dev:amd64 (1.74.0.3ubuntu7) ...
Selecting previously unselected package libboost-type-erasure1.74.0:amd64.
Preparing to unpack .../175-libboost-type-erasure1.74.0_1.74.0-14ubuntu3_amd64.deb ...
Unpacking libboost-type-erasure1.74.0:amd64 (1.74.0-14ubuntu3) ...
Selecting previously unselected package libboost-type-erasure1.74-dev:amd64.
Preparing to unpack .../176-libboost-type-erasure1.74-dev_1.74.0-14ubuntu3_amd64.deb ...
Unpacking libboost-type-erasure1.74-dev:amd64 (1.74.0-14ubuntu3) ...
Selecting previously unselected package libboost-type-erasure-dev:amd64.
Preparing to unpack .../177-libboost-type-erasure-dev_1.74.0.3ubuntu7_amd64.deb ...
Unpacking libboost-type-erasure-dev:amd64 (1.74.0.3ubuntu7) ...
Selecting previously unselected package libboost-wave1.74.0:amd64.
Preparing to unpack .../178-libboost-wave1.74.0_1.74.0-14ubuntu3_amd64.deb ...
Unpacking libboost-wave1.74.0:amd64 (1.74.0-14ubuntu3) ...
Selecting previously unselected package libboost-wave1.74-dev:amd64.
Preparing to unpack .../179-libboost-wave1.74-dev_1.74.0-14ubuntu3_amd64.deb ...
Unpacking libboost-wave1.74-dev:amd64 (1.74.0-14ubuntu3) ...
Selecting previously unselected package libboost-wave-dev:amd64.
Preparing to unpack .../180-libboost-wave-dev_1.74.0.3ubuntu7_amd64.deb ...
Unpacking libboost-wave-dev:amd64 (1.74.0.3ubuntu7) ...
Selecting previously unselected package libboost-nowide1.74.0.
Preparing to unpack .../181-libboost-nowide1.74.0_1.74.0-14ubuntu3_amd64.deb ...
Unpacking libboost-nowide1.74.0 (1.74.0-14ubuntu3) ...
Selecting previously unselected package libboost-nowide1.74-dev.
Preparing to unpack .../182-libboost-nowide1.74-dev_1.74.0-14ubuntu3_amd64.deb ...
Unpacking libboost-nowide1.74-dev (1.74.0-14ubuntu3) ...
Selecting previously unselected package libboost-nowide-dev.
Preparing to unpack .../183-libboost-nowide-dev_1.74.0.3ubuntu7_amd64.deb ...
Unpacking libboost-nowide-dev (1.74.0.3ubuntu7) ...
Selecting previously unselected package libboost-all-dev.
Preparing to unpack .../184-libboost-all-dev_1.74.0.3ubuntu7_amd64.deb ...
Unpacking libboost-all-dev (1.74.0.3ubuntu7) ...
Selecting previously unselected package libcaf-openmpi-3:amd64.
Preparing to unpack .../185-libcaf-openmpi-3_2.9.2-3_amd64.deb ...
Unpacking libcaf-openmpi-3:amd64 (2.9.2-3) ...
Selecting previously unselected package libcoarrays-dev:amd64.
Preparing to unpack .../186-libcoarrays-dev_2.9.2-3_amd64.deb ...
Unpacking libcoarrays-dev:amd64 (2.9.2-3) ...
Selecting previously unselected package libcoarrays-openmpi-dev:amd64.
Preparing to unpack .../187-libcoarrays-openmpi-dev_2.9.2-3_amd64.deb ...
Unpacking libcoarrays-openmpi-dev:amd64 (2.9.2-3) ...
Selecting previously unselected package libdouble-conversion3:amd64.
Preparing to unpack .../188-libdouble-conversion3_3.1.7-4_amd64.deb ...
Unpacking libdouble-conversion3:amd64 (3.1.7-4) ...
Selecting previously unselected package libdwarf1:amd64.
Preparing to unpack .../189-libdwarf1_20210528-1_amd64.deb ...
Unpacking libdwarf1:amd64 (20210528-1) ...
Selecting previously unselected package libdwarf-dev:amd64.
Preparing to unpack .../190-libdwarf-dev_20210528-1_amd64.deb ...
Unpacking libdwarf-dev:amd64 (20210528-1) ...
Selecting previously unselected package libgflags2.2.
Preparing to unpack .../191-libgflags2.2_2.2.2-2_amd64.deb ...
Unpacking libgflags2.2 (2.2.2-2) ...
Selecting previously unselected package libgflags-dev.
Preparing to unpack .../192-libgflags-dev_2.2.2-2_amd64.deb ...
Unpacking libgflags-dev (2.2.2-2) ...
Selecting previously unselected package libpcre2-16-0:amd64.
Preparing to unpack .../193-libpcre2-16-0_10.39-3ubuntu0.1_amd64.deb ...
Unpacking libpcre2-16-0:amd64 (10.39-3ubuntu0.1) ...
Selecting previously unselected package libpcre2-32-0:amd64.
Preparing to unpack .../194-libpcre2-32-0_10.39-3ubuntu0.1_amd64.deb ...
Unpacking libpcre2-32-0:amd64 (10.39-3ubuntu0.1) ...
Selecting previously unselected package libpcre2-posix3:amd64.
Preparing to unpack .../195-libpcre2-posix3_10.39-3ubuntu0.1_amd64.deb ...
Unpacking libpcre2-posix3:amd64 (10.39-3ubuntu0.1) ...
Selecting previously unselected package libpcre2-dev:amd64.
Preparing to unpack .../196-libpcre2-dev_10.39-3ubuntu0.1_amd64.deb ...
Unpacking libpcre2-dev:amd64 (10.39-3ubuntu0.1) ...
Selecting previously unselected package libsodium23:amd64.
Preparing to unpack .../197-libsodium23_1.0.18-1build2_amd64.deb ...
Unpacking libsodium23:amd64 (1.0.18-1build2) ...
Selecting previously unselected package libsodium-dev:amd64.
Preparing to unpack .../198-libsodium-dev_1.0.18-1build2_amd64.deb ...
Unpacking libsodium-dev:amd64 (1.0.18-1build2) ...
Selecting previously unselected package libssl-dev:amd64.
Preparing to unpack .../199-libssl-dev_3.0.2-0ubuntu1.19_amd64.deb ...
Unpacking libssl-dev:amd64 (3.0.2-0ubuntu1.19) ...
Selecting previously unselected package libtool.
Preparing to unpack .../200-libtool_2.4.6-15build2_all.deb ...
Unpacking libtool (2.4.6-15build2) ...
Selecting previously unselected package libxxhash-dev:amd64.
Preparing to unpack .../201-libxxhash-dev_0.8.1-1_amd64.deb ...
Unpacking libxxhash-dev:amd64 (0.8.1-1) ...
Selecting previously unselected package libzstd-dev:amd64.
Preparing to unpack .../202-libzstd-dev_1.4.8+dfsg-3build1_amd64.deb ...
Unpacking libzstd-dev:amd64 (1.4.8+dfsg-3build1) ...
Selecting previously unselected package ninja-build.
Preparing to unpack .../203-ninja-build_1.10.1-1_amd64.deb ...
Unpacking ninja-build (1.10.1-1) ...
Selecting previously unselected package xxhash.
Preparing to unpack .../204-xxhash_0.8.1-1_amd64.deb ...
Unpacking xxhash (0.8.1-1) ...
Selecting previously unselected package zstd.
Preparing to unpack .../205-zstd_1.4.8+dfsg-3build1_amd64.deb ...
Unpacking zstd (1.4.8+dfsg-3build1) ...
Selecting previously unselected package binutils-dev.
Preparing to unpack .../206-binutils-dev_2.38-4ubuntu2.8_amd64.deb ...
Unpacking binutils-dev (2.38-4ubuntu2.8) ...
Selecting previously unselected package libdouble-conversion-dev:amd64.
Preparing to unpack .../207-libdouble-conversion-dev_3.1.7-4_amd64.deb ...
Unpacking libdouble-conversion-dev:amd64 (3.1.7-4) ...
Selecting previously unselected package liblz4-dev:amd64.
Preparing to unpack .../208-liblz4-dev_1.9.3-2build2_amd64.deb ...
Unpacking liblz4-dev:amd64 (1.9.3-2build2) ...
Selecting previously unselected package libsnappy1v5:amd64.
Preparing to unpack .../209-libsnappy1v5_1.1.8-1build3_amd64.deb ...
Unpacking libsnappy1v5:amd64 (1.1.8-1build3) ...
Selecting previously unselected package libsnappy-dev:amd64.
Preparing to unpack .../210-libsnappy-dev_1.1.8-1build3_amd64.deb ...
Unpacking libsnappy-dev:amd64 (1.1.8-1build3) ...
Setting up libboost-chrono1.74.0:amd64 (1.74.0-14ubuntu3) ...
Setting up libboost-system1.74.0:amd64 (1.74.0-14ubuntu3) ...
Setting up javascript-common (11+nmu1) ...
Setting up libpciaccess0:amd64 (0.16-3) ...
Setting up libpython3.10:amd64 (3.10.12-1~22.04.10) ...
Setting up libxau6:amd64 (1:1.0.9-1build5) ...
Setting up libdouble-conversion3:amd64 (3.1.7-4) ...
Setting up libboost1.74-dev:amd64 (1.74.0-14ubuntu3) ...
Setting up libsodium23:amd64 (1.0.18-1build2) ...
Setting up libboost-atomic1.74.0:amd64 (1.74.0-14ubuntu3) ...
Setting up libzstd-dev:amd64 (1.4.8+dfsg-3build1) ...
Setting up libmagic-mgc (1:5.41-3ubuntu0.1) ...
Setting up libboost-iostreams1.74.0:amd64 (1.74.0-14ubuntu3) ...
Setting up libboost-program-options1.74.0:amd64 (1.74.0-14ubuntu3) ...
Setting up libcbor0.8:amd64 (0.8.0-2ubuntu1) ...
Setting up libboost-chrono1.74-dev:amd64 (1.74.0-14ubuntu3) ...
Setting up libboost-stacktrace1.74.0:amd64 (1.74.0-14ubuntu3) ...
Setting up libmagic1:amd64 (1:5.41-3ubuntu0.1) ...
Setting up libboost-nowide1.74.0 (1.74.0-14ubuntu3) ...
Setting up libboost-filesystem1.74.0:amd64 (1.74.0-14ubuntu3) ...
Setting up binutils-dev (2.38-4ubuntu2.8) ...
Setting up libcurl3-gnutls:amd64 (7.81.0-1ubuntu1.20) ...
Setting up libboost-exception1.74-dev:amd64 (1.74.0-14ubuntu3) ...
Setting up file (1:5.41-3ubuntu0.1) ...
Setting up libboost-exception-dev:amd64 (1.74.0.3ubuntu7) ...
Setting up libpcre2-16-0:amd64 (10.39-3ubuntu0.1) ...
Setting up ninja-build (1.10.1-1) ...
Setting up libsnappy1v5:amd64 (1.1.8-1build3) ...
Setting up libboost-program-options1.74-dev:amd64 (1.74.0-14ubuntu3) ...
Setting up autotools-dev (20220109.1) ...
Setting up libpcre2-32-0:amd64 (10.39-3ubuntu0.1) ...
Setting up libuv1:amd64 (1.43.0-1ubuntu0.1) ...
Setting up libexpat1-dev:amd64 (2.4.7-1ubuntu0.6) ...
Setting up libboost-test1.74.0:amd64 (1.74.0-14ubuntu3) ...
Setting up emacsen-common (3.0.4) ...
Setting up libboost-program-options-dev:amd64 (1.74.0.3ubuntu7) ...
Setting up libx11-data (2:1.7.5-1ubuntu0.3) ...
Setting up dh-elpa-helper (2.0.9ubuntu1) ...
Setting up libboost-system1.74-dev:amd64 (1.74.0-14ubuntu3) ...
Setting up libsigsegv2:amd64 (2.13-1ubuntu3) ...
Setting up libboost-nowide1.74-dev (1.74.0-14ubuntu3) ...
Setting up xxhash (0.8.1-1) ...
Setting up libssl-dev:amd64 (3.0.2-0ubuntu1.19) ...
Setting up libhwloc15:amd64 (2.7.0-2ubuntu1) ...
Setting up libevent-core-2.1-7:amd64 (2.1.12-stable-1build3) ...
Setting up libboost-context1.74.0:amd64 (1.74.0-14ubuntu3) ...
Setting up libevent-2.1-7:amd64 (2.1.12-stable-1build3) ...
Setting up libboost-random1.74.0:amd64 (1.74.0-14ubuntu3) ...
Setting up libjsoncpp25:amd64 (1.9.5-3) ...
Setting up liblz4-dev:amd64 (1.9.3-2build2) ...
Setting up libboost1.74-tools-dev (1.74.0-14ubuntu3) ...
Setting up libsodium-dev:amd64 (1.0.18-1build2) ...
Setting up libltdl7:amd64 (2.4.6-15build2) ...
Setting up libgfortran5:amd64 (12.3.0-1ubuntu1~22.04) ...
Setting up libdouble-conversion-dev:amd64 (3.1.7-4) ...
Setting up libxxhash-dev:amd64 (0.8.1-1) ...
Setting up libboost-atomic1.74-dev:amd64 (1.74.0-14ubuntu3) ...
Setting up libboost-math1.74.0:amd64 (1.74.0-14ubuntu3) ...
Setting up libboost-serialization1.74.0:amd64 (1.74.0-14ubuntu3) ...
Setting up zlib1g-dev:amd64 (1:1.2.11.dfsg-2ubuntu9.2) ...
Setting up libboost-atomic-dev:amd64 (1.74.0.3ubuntu7) ...
Setting up libnuma1:amd64 (2.0.14-3ubuntu2) ...
Setting up libpcre2-posix3:amd64 (10.39-3ubuntu0.1) ...
Setting up libmd0:amd64 (1.0.4-1build1) ...
Setting up libboost-container1.74.0:amd64 (1.74.0-14ubuntu3) ...
Setting up ocl-icd-libopencl1:amd64 (2.2.14-3) ...
Setting up librhash0:amd64 (1.4.2-1ubuntu1) ...
Setting up libnl-3-200:amd64 (3.5.0-0.1) ...
Setting up libpsm2-2 (11.2.185-1) ...
Setting up openmpi-common (4.1.2-2ubuntu1) ...
Setting up cmake-data (3.22.1-1ubuntu1.22.04.2) ...
Setting up libboost-dev:amd64 (1.74.0.3ubuntu7) ...
Setting up libboost-math1.74-dev:amd64 (1.74.0-14ubuntu3) ...
Setting up libpsm-infinipath1 (3.3+20.604758e7-6.1) ...
update-alternatives: using /usr/lib/libpsm1/libpsm_infinipath.so.1.16 to provide /usr/lib/x86_64-linux-gnu/libpsm_infinipath.so.1 (libpsm_infinipath.so.1) in auto mode
Setting up libboost-filesystem1.74-dev:amd64 (1.74.0-14ubuntu3) ...
Setting up libjs-jquery (3.6.0+dfsg+~3.5.13-1) ...
Setting up libboost-date-time1.74.0:amd64 (1.74.0-14ubuntu3) ...
Setting up libfido2-1:amd64 (1.10.0-1) ...
Setting up libboost-python1.74.0 (1.74.0-14ubuntu3) ...
Setting up libboost-fiber1.74.0:amd64 (1.74.0-14ubuntu3) ...
Setting up libboost-stacktrace1.74-dev:amd64 (1.74.0-14ubuntu3) ...
Setting up libboost-test1.74-dev:amd64 (1.74.0-14ubuntu3) ...
Setting up libbsd0:amd64 (0.11.5-1) ...
Setting up libelf1:amd64 (0.186-1ubuntu0.1) ...
Setting up libboost-timer1.74.0:amd64 (1.74.0-14ubuntu3) ...
Setting up zstd (1.4.8+dfsg-3build1) ...
Setting up libboost-filesystem-dev:amd64 (1.74.0.3ubuntu7) ...
Setting up libjs-underscore (1.13.2~dfsg-2) ...
Setting up libboost-thread1.74.0:amd64 (1.74.0-14ubuntu3) ...
Setting up libicu70:amd64 (70.1-2) ...
Setting up libboost-numpy1.74.0 (1.74.0-14ubuntu3) ...
Setting up libevent-pthreads-2.1-7:amd64 (2.1.12-stable-1build3) ...
Setting up libgflags2.2 (2.2.2-2) ...
Setting up libxdmcp6:amd64 (1:1.1.3-0ubuntu5) ...
Setting up libevent-extra-2.1-7:amd64 (2.1.12-stable-1build3) ...
Setting up libxcb1:amd64 (1.14-3ubuntu3) ...
Setting up libpcre2-dev:amd64 (10.39-3ubuntu0.1) ...
Setting up libtool (2.4.6-15build2) ...
Setting up libboost-container1.74-dev:amd64 (1.74.0-14ubuntu3) ...
Setting up libboost-chrono-dev:amd64 (1.74.0.3ubuntu7) ...
Setting up libgfortran-11-dev:amd64 (11.4.0-1ubuntu1~22.04) ...
Setting up libboost-math-dev:amd64 (1.74.0.3ubuntu7) ...
Setting up libboost-coroutine1.74.0:amd64 (1.74.0-14ubuntu3) ...
Setting up libedit2:amd64 (3.1-20210910-1build1) ...
Setting up libboost-system-dev:amd64 (1.74.0.3ubuntu7) ...
Setting up libsnappy-dev:amd64 (1.1.8-1build3) ...
Setting up libevent-openssl-2.1-7:amd64 (2.1.12-stable-1build3) ...
Setting up m4 (1.4.18-5ubuntu2) ...
Setting up libboost-tools-dev (1.74.0.3ubuntu7) ...
Setting up libboost-nowide-dev (1.74.0.3ubuntu7) ...
Setting up libboost-container-dev:amd64 (1.74.0.3ubuntu7) ...
Setting up libnuma-dev:amd64 (2.0.14-3ubuntu2) ...
Setting up libnl-route-3-200:amd64 (3.5.0-0.1) ...
Setting up libboost-test-dev:amd64 (1.74.0.3ubuntu7) ...
Setting up libdwarf1:amd64 (20210528-1) ...
Setting up libjs-jquery-ui (1.13.1+dfsg-1) ...
Setting up libboost-regex1.74.0:amd64 (1.74.0-14ubuntu3) ...
Setting up libevent-dev (2.1.12-stable-1build3) ...
Setting up libboost-random1.74-dev:amd64 (1.74.0-14ubuntu3) ...
Setting up libgflags-dev (2.2.2-2) ...
Setting up libboost-timer1.74-dev:amd64 (1.74.0-14ubuntu3) ...
Setting up libboost-numpy1.74-dev (1.74.0-14ubuntu3) ...
Setting up libboost-graph1.74.0:amd64 (1.74.0-14ubuntu3) ...
Setting up icu-devtools (70.1-2) ...
Setting up libpython3.10-dev:amd64 (3.10.12-1~22.04.10) ...
Setting up libjs-sphinxdoc (4.3.2-1) ...
Setting up gfortran-11 (11.4.0-1ubuntu1~22.04) ...
Setting up autoconf (2.71-2) ...
Setting up libboost-serialization1.74-dev:amd64 (1.74.0-14ubuntu3) ...
Setting up libboost-wave1.74.0:amd64 (1.74.0-14ubuntu3) ...
Setting up python3.10-dev (3.10.12-1~22.04.10) ...
Setting up libnl-3-dev:amd64 (3.5.0-0.1) ...
Setting up libboost-stacktrace-dev:amd64 (1.74.0.3ubuntu7) ...
Setting up libx11-6:amd64 (2:1.7.5-1ubuntu0.3) ...
Setting up libboost-locale1.74.0:amd64 (1.74.0-14ubuntu3) ...
Setting up libicu-dev:amd64 (70.1-2) ...
Setting up libxml2:amd64 (2.9.13+dfsg-1ubuntu0.7) ...
Setting up libboost-timer-dev:amd64 (1.74.0.3ubuntu7) ...
Setting up libxmuu1:amd64 (2:1.1.3-3) ...
Setting up libboost-type-erasure1.74.0:amd64 (1.74.0-14ubuntu3) ...
Setting up automake (1:1.16.5-1.3) ...
update-alternatives: using /usr/bin/automake-1.16 to provide /usr/bin/automake (automake) in auto mode
update-alternatives: warning: skip creation of /usr/share/man/man1/automake.1.gz because associated file /usr/share/man/man1/automake-1.16.1.gz (of link group automake) doesn't exist
update-alternatives: warning: skip creation of /usr/share/man/man1/aclocal.1.gz because associated file /usr/share/man/man1/aclocal-1.16.1.gz (of link group automake) doesn't exist
Setting up libdwarf-dev:amd64 (20210528-1) ...
Setting up libboost-log1.74.0 (1.74.0-14ubuntu3) ...
Setting up libibverbs1:amd64 (39.0-1) ...
Setting up libpython3-dev:amd64 (3.10.6-1~22.04.1) ...
Setting up libboost-wave1.74-dev:amd64 (1.74.0-14ubuntu3) ...
Setting up ibverbs-providers:amd64 (39.0-1) ...
Setting up libarchive13:amd64 (3.6.0-1ubuntu1.5) ...
Setting up openssh-client (1:8.9p1-3ubuntu0.13) ...
update-alternatives: using /usr/bin/ssh to provide /usr/bin/rsh (rsh) in auto mode
update-alternatives: warning: skip creation of /usr/share/man/man1/rsh.1.gz because associated file /usr/share/man/man1/ssh.1.gz (of link group rsh) doesn't exist
update-alternatives: using /usr/bin/slogin to provide /usr/bin/rlogin (rlogin) in auto mode
update-alternatives: warning: skip creation of /usr/share/man/man1/rlogin.1.gz because associated file /usr/share/man/man1/slogin.1.gz (of link group rlogin) doesn't exist
update-alternatives: using /usr/bin/scp to provide /usr/bin/rcp (rcp) in auto mode
update-alternatives: warning: skip creation of /usr/share/man/man1/rcp.1.gz because associated file /usr/share/man/man1/scp.1.gz (of link group rcp) doesn't exist
Setting up libxext6:amd64 (2:1.3.4-1build1) ...
Setting up libboost-random-dev:amd64 (1.74.0.3ubuntu7) ...
Setting up libboost-wave-dev:amd64 (1.74.0.3ubuntu7) ...
Setting up gfortran (4:11.2.0-1ubuntu1) ...
update-alternatives: using /usr/bin/gfortran to provide /usr/bin/f95 (f95) in auto mode
update-alternatives: warning: skip creation of /usr/share/man/man1/f95.1.gz because associated file /usr/share/man/man1/gfortran.1.gz (of link group f95) doesn't exist
update-alternatives: using /usr/bin/gfortran to provide /usr/bin/f77 (f77) in auto mode
update-alternatives: warning: skip creation of /usr/share/man/man1/f77.1.gz because associated file /usr/share/man/man1/gfortran.1.gz (of link group f77) doesn't exist
Setting up libxnvctrl0:amd64 (510.47.03-0ubuntu1) ...
Setting up libnl-route-3-dev:amd64 (3.5.0-0.1) ...
Setting up libboost-date-time1.74-dev:amd64 (1.74.0-14ubuntu3) ...
Setting up libltdl-dev:amd64 (2.4.6-15build2) ...
Setting up python3-dev (3.10.6-1~22.04.1) ...
Setting up libboost-numpy-dev (1.74.0.3ubuntu7) ...
Setting up libboost-serialization-dev:amd64 (1.74.0.3ubuntu7) ...
Setting up libboost-date-time-dev:amd64 (1.74.0.3ubuntu7) ...
Setting up libboost-regex1.74-dev:amd64 (1.74.0-14ubuntu3) ...
Setting up xauth (1:1.1-1build2) ...
Setting up cmake (3.22.1-1ubuntu1.22.04.2) ...
Setting up libboost-thread1.74-dev:amd64 (1.74.0-14ubuntu3) ...
Setting up libhwloc-dev:amd64 (2.7.0-2ubuntu1) ...
Setting up libboost-regex-dev:amd64 (1.74.0.3ubuntu7) ...
Setting up libboost-thread-dev:amd64 (1.74.0.3ubuntu7) ...
Setting up librdmacm1:amd64 (39.0-1) ...
Setting up libucx0:amd64 (1.12.1~rc2-1) ...
Setting up libboost-log1.74-dev (1.74.0-14ubuntu3) ...
Setting up libcoarrays-dev:amd64 (2.9.2-3) ...
Setting up libibverbs-dev:amd64 (39.0-1) ...
Setting up libhwloc-plugins:amd64 (2.7.0-2ubuntu1) ...
Setting up libboost-context1.74-dev:amd64 (1.74.0-14ubuntu3) ...
Setting up libboost-python1.74-dev (1.74.0-14ubuntu3) ...
Setting up libboost-python-dev (1.74.0.3ubuntu7) ...
Setting up libboost-iostreams1.74-dev:amd64 (1.74.0-14ubuntu3) ...
Setting up libboost-fiber1.74-dev:amd64 (1.74.0-14ubuntu3) ...
Setting up libboost-type-erasure1.74-dev:amd64 (1.74.0-14ubuntu3) ...
Setting up libboost-graph1.74-dev:amd64 (1.74.0-14ubuntu3) ...
Setting up libboost-locale1.74-dev:amd64 (1.74.0-14ubuntu3) ...
Setting up libboost-coroutine1.74-dev:amd64 (1.74.0-14ubuntu3) ...
Setting up libboost-coroutine-dev:amd64 (1.74.0.3ubuntu7) ...
Setting up libboost-log-dev (1.74.0.3ubuntu7) ...
Setting up libboost-fiber-dev:amd64 (1.74.0.3ubuntu7) ...
Setting up libfabric1:amd64 (1.11.0-3) ...
Setting up libboost-graph-dev:amd64 (1.74.0.3ubuntu7) ...
Setting up libpmix2:amd64 (4.1.2-2ubuntu1) ...
Setting up libopenmpi3:amd64 (4.1.2-2ubuntu1) ...
Setting up libboost-mpi1.74.0 (1.74.0-14ubuntu3) ...
Setting up libboost-locale-dev:amd64 (1.74.0.3ubuntu7) ...
Setting up libboost-context-dev:amd64 (1.74.0.3ubuntu7) ...
Setting up libboost-iostreams-dev:amd64 (1.74.0.3ubuntu7) ...
Setting up libboost-type-erasure-dev:amd64 (1.74.0.3ubuntu7) ...
Setting up libcaf-openmpi-3:amd64 (2.9.2-3) ...
Setting up libboost-graph-parallel1.74.0 (1.74.0-14ubuntu3) ...
Setting up libpmix-dev:amd64 (4.1.2-2ubuntu1) ...
Setting up openmpi-bin (4.1.2-2ubuntu1) ...
update-alternatives: using /usr/bin/mpirun.openmpi to provide /usr/bin/mpirun (mpirun) in auto mode
update-alternatives: warning: skip creation of /usr/share/man/man1/mpirun.1.gz because associated file /usr/share/man/man1/mpirun.openmpi.1.gz (of link group mpirun) doesn't exist
update-alternatives: warning: skip creation of /usr/share/man/man1/mpiexec.1.gz because associated file /usr/share/man/man1/mpiexec.openmpi.1.gz (of link group mpirun) doesn't exist
update-alternatives: using /usr/bin/mpicc.openmpi to provide /usr/bin/mpicc (mpi) in auto mode
update-alternatives: warning: skip creation of /usr/share/man/man1/mpicc.1.gz because associated file /usr/share/man/man1/mpicc.openmpi.1.gz (of link group mpi) doesn't exist
update-alternatives: warning: skip creation of /usr/share/man/man1/mpic++.1.gz because associated file /usr/share/man/man1/mpic++.openmpi.1.gz (of link group mpi) doesn't exist
update-alternatives: warning: skip creation of /usr/share/man/man1/mpicxx.1.gz because associated file /usr/share/man/man1/mpicxx.openmpi.1.gz (of link group mpi) doesn't exist
update-alternatives: warning: skip creation of /usr/share/man/man1/mpiCC.1.gz because associated file /usr/share/man/man1/mpiCC.openmpi.1.gz (of link group mpi) doesn't exist
update-alternatives: warning: skip creation of /usr/share/man/man1/mpif77.1.gz because associated file /usr/share/man/man1/mpif77.openmpi.1.gz (of link group mpi) doesn't exist
update-alternatives: warning: skip creation of /usr/share/man/man1/mpif90.1.gz because associated file /usr/share/man/man1/mpif90.openmpi.1.gz (of link group mpi) doesn't exist
update-alternatives: warning: skip creation of /usr/share/man/man1/mpifort.1.gz because associated file /usr/share/man/man1/mpifort.openmpi.1.gz (of link group mpi) doesn't exist
Setting up mpi-default-bin (1.14) ...
Setting up libcoarrays-openmpi-dev:amd64 (2.9.2-3) ...
update-alternatives: using /usr/lib/x86_64-linux-gnu/open-coarrays/openmpi/bin/caf to provide /usr/bin/caf.openmpi (caf-openmpi) in auto mode
update-alternatives: using /usr/bin/caf.openmpi to provide /usr/bin/caf (caf) in auto mode
Setting up libboost-graph-parallel1.74-dev (1.74.0-14ubuntu3) ...
Setting up libopenmpi-dev:amd64 (4.1.2-2ubuntu1) ...
update-alternatives: using /usr/lib/x86_64-linux-gnu/openmpi/include to provide /usr/include/x86_64-linux-gnu/mpi (mpi-x86_64-linux-gnu) in auto mode
Setting up libboost-mpi-python1.74.0 (1.74.0-14ubuntu3) ...
Setting up libboost-graph-parallel-dev (1.74.0.3ubuntu7) ...
Setting up mpi-default-dev (1.14) ...
Setting up libboost-mpi1.74-dev (1.74.0-14ubuntu3) ...
Setting up libboost-mpi-python1.74-dev (1.74.0-14ubuntu3) ...
Setting up libboost-mpi-python-dev (1.74.0.3ubuntu7) ...
Setting up libboost-mpi-dev (1.74.0.3ubuntu7) ...
Setting up libboost-all-dev (1.74.0.3ubuntu7) ...
Processing triggers for libc-bin (2.35-0ubuntu3.10) ...
---
+ sudo \
+      --preserve-env=http_proxy \
+      apt-get \
Traceback (most recent call last):
  File "/app/build/fbcode_builder/getdeps/runcmd.py", line 109, in _run_cmd
    p = subprocess.Popen(
  File "/usr/lib/python3.10/subprocess.py", line 971, in __init__
    self._execute_child(args, executable, preexec_fn, close_fds,
  File "/usr/lib/python3.10/subprocess.py", line 1863, in _execute_child
+      install \
+      -y \
+      autoconf \
+      automake \
+      binutils-dev \
+      cmake \
+      libboost-all-dev \
+      libdouble-conversion-dev \
+      libdwarf-dev \
+      libevent-dev \
+      libgflags-dev \
+      liblz4-dev \
+      libpcre2-dev \
+      libsnappy-dev \
+      libsodium-dev \
+      libssl-dev \
+      libtool \
+      libxxhash-dev \
+      libzstd-dev \
+      ninja-build \
+      python3-setuptools \
+      xxhash \
+      zlib1g-dev \
+      zstd
error running `sudo \
    raise child_exception_type(errno_num, err_msg, err_filename)
FileNotFoundError: [Errno 2] No such file or directory: 'sudo'

During handling of the above exception, another exception occurred:

Traceback (most recent call last):
  File "/app/build/fbcode_builder/getdeps.py", line 1603, in <module>
+      --preserve-env=http_proxy \
+      apt-get \
+      install \
+      -y \
+      autoconf \
+      automake \
+      binutils-dev \
+      cmake \
+      libboost-all-dev \
+      libdouble-conversion-dev \
+      libdwarf-dev \
+      libevent-dev \
+      libgflags-dev \
+      liblz4-dev \
+      libpcre2-dev \
+      libsnappy-dev \
+      libsodium-dev \
+      libssl-dev \
    sys.exit(main())
  File "/app/build/fbcode_builder/getdeps.py", line 1586, in main
+      libtool \
+      libxxhash-dev \
+      libzstd-dev \
+      ninja-build \
+      python3-setuptools \
+      xxhash \
+      zlib1g-dev \
    return args.func(args)
  File "/app/build/fbcode_builder/getdeps.py", line 108, in run
    self.run_project_cmd(args, loader, manifest)
  File "/app/build/fbcode_builder/getdeps.py", line 475, in run_project_cmd
    check_cmd(cmd_args)
  File "/app/build/fbcode_builder/getdeps/runcmd.py", line 47, in check_cmd
    rc = run_cmd(cmd, **kwargs)
  File "/app/build/fbcode_builder/getdeps/runcmd.py", line 67, in run_cmd
    return _run_cmd(
  File "/app/build/fbcode_builder/getdeps/runcmd.py", line 114, in _run_cmd
    raise RunCommandError(
getdeps.runcmd.RunCommandError: [Errno 2] No such file or directory: 'sudo' while running `sudo \
+      --preserve-env=http_proxy \
+      apt-get \
+      install \
+      -y \
+      autoconf \
+      automake \
+      binutils-dev \
+      cmake \
+      libboost-all-dev \
+      libdouble-conversion-dev \
+      libdwarf-dev \
+      libevent-dev \
+      libgflags-dev \
+      liblz4-dev \
+      libpcre2-dev \
+      libsnappy-dev \
+      libsodium-dev \
+      libssl-dev \
+      libtool \
+      libxxhash-dev \
+      libzstd-dev \
+      ninja-build \
+      python3-setuptools \
+      xxhash \
+      zlib1g-dev \
+      zstd` with env=None
os.environ=environ({'HOSTNAME': 'a07c485b5fab', 'PWD': '/app', 'TZ': 'America/Los_Angeles', 'HOME': '/root', 'SHLVL': '1', 'PATH': '/root/.cargo/bin:/usr/local/sbin:/usr/local/bin:/usr/sbin:/usr/bin:/sbin:/bin', '_': '/usr/bin/python3', 'LC_CTYPE': 'C.UTF-8', 'GETDEPS_CMAKE_DEFINES': ''})
+      zstd`: [Errno 2] No such file or directory: 'sudo'
