Requirement already satisfied: mkdocs-material>=8.1.7 in ./venv/lib/python3.8/site-packages (from -r preview/requirements.txt (line 1)) (9.6.22)
Requirement already satisfied: mkdocs-macros-plugin>=0.7.0 in ./venv/lib/python3.8/site-packages (from -r preview/requirements.txt (line 2)) (1.4.0)
Requirement already satisfied: watchdog==2.1.0 in ./venv/lib/python3.8/site-packages (from -r preview/requirements.txt (line 3)) (2.1.0)
Requirement already satisfied: beautifulsoup4>=4.10.0 in ./venv/lib/python3.8/site-packages (from -r preview/requirements.txt (line 4)) (4.14.2)
Requirement already satisfied: babel~=2.10 in ./venv/lib/python3.8/site-packages (from mkdocs-material>=8.1.7->-r preview/requirements.txt (line 1)) (2.17.0)
Requirement already satisfied: backrefs~=5.7.post1 in ./venv/lib/python3.8/site-packages (from mkdocs-material>=8.1.7->-r preview/requirements.txt (line 1)) (5.7.post1)
Requirement already satisfied: colorama~=0.4 in ./venv/lib/python3.8/site-packages (from mkdocs-material>=8.1.7->-r preview/requirements.txt (line 1)) (0.4.6)
Requirement already satisfied: jinja2~=3.1 in ./venv/lib/python3.8/site-packages (from mkdocs-material>=8.1.7->-r preview/requirements.txt (line 1)) (3.1.6)
Requirement already satisfied: markdown~=3.2 in ./venv/lib/python3.8/site-packages (from mkdocs-material>=8.1.7->-r preview/requirements.txt (line 1)) (3.7)
Requirement already satisfied: mkdocs-material-extensions~=1.3 in ./venv/lib/python3.8/site-packages (from mkdocs-material>=8.1.7->-r preview/requirements.txt (line 1)) (1.3.1)
Requirement already satisfied: mkdocs~=1.6 in ./venv/lib/python3.8/site-packages (from mkdocs-material>=8.1.7->-r preview/requirements.txt (line 1)) (1.6.1)
Requirement already satisfied: paginate~=0.5 in ./venv/lib/python3.8/site-packages (from mkdocs-material>=8.1.7->-r preview/requirements.txt (line 1)) (0.5.7)
Requirement already satisfied: pygments~=2.16 in ./venv/lib/python3.8/site-packages (from mkdocs-material>=8.1.7->-r preview/requirements.txt (line 1)) (2.19.2)
Requirement already satisfied: pymdown-extensions~=10.2 in ./venv/lib/python3.8/site-packages (from mkdocs-material>=8.1.7->-r preview/requirements.txt (line 1)) (10.15)
Requirement already satisfied: requests~=2.26 in ./venv/lib/python3.8/site-packages (from mkdocs-material>=8.1.7->-r preview/requirements.txt (line 1)) (2.32.4)
Requirement already satisfied: hjson in ./venv/lib/python3.8/site-packages (from mkdocs-macros-plugin>=0.7.0->-r preview/requirements.txt (line 2)) (3.1.0)
Requirement already satisfied: packaging in ./venv/lib/python3.8/site-packages (from mkdocs-macros-plugin>=0.7.0->-r preview/requirements.txt (line 2)) (25.0)
Requirement already satisfied: pathspec in ./venv/lib/python3.8/site-packages (from mkdocs-macros-plugin>=0.7.0->-r preview/requirements.txt (line 2)) (0.12.1)
Requirement already satisfied: python-dateutil in ./venv/lib/python3.8/site-packages (from mkdocs-macros-plugin>=0.7.0->-r preview/requirements.txt (line 2)) (2.9.0.post0)
Requirement already satisfied: pyyaml in ./venv/lib/python3.8/site-packages (from mkdocs-macros-plugin>=0.7.0->-r preview/requirements.txt (line 2)) (6.0.3)
Requirement already satisfied: super-collections>=0.5.7 in ./venv/lib/python3.8/site-packages (from mkdocs-macros-plugin>=0.7.0->-r preview/requirements.txt (line 2)) (0.6.2)
Requirement already satisfied: termcolor in ./venv/lib/python3.8/site-packages (from mkdocs-macros-plugin>=0.7.0->-r preview/requirements.txt (line 2)) (2.4.0)
Requirement already satisfied: soupsieve>1.2 in ./venv/lib/python3.8/site-packages (from beautifulsoup4>=4.10.0->-r preview/requirements.txt (line 4)) (2.7)
Requirement already satisfied: typing-extensions>=4.0.0 in ./venv/lib/python3.8/site-packages (from beautifulsoup4>=4.10.0->-r preview/requirements.txt (line 4)) (4.13.2)
Requirement already satisfied: pytz>=2015.7 in ./venv/lib/python3.8/site-packages (from babel~=2.10->mkdocs-material>=8.1.7->-r preview/requirements.txt (line 1)) (2025.2)
Requirement already satisfied: MarkupSafe>=2.0 in ./venv/lib/python3.8/site-packages (from jinja2~=3.1->mkdocs-material>=8.1.7->-r preview/requirements.txt (line 1)) (2.1.5)
Requirement already satisfied: importlib-metadata>=4.4 in ./venv/lib/python3.8/site-packages (from markdown~=3.2->mkdocs-material>=8.1.7->-r preview/requirements.txt (line 1)) (8.5.0)
Requirement already satisfied: click>=7.0 in ./venv/lib/python3.8/site-packages (from mkdocs~=1.6->mkdocs-material>=8.1.7->-r preview/requirements.txt (line 1)) (8.1.8)
Requirement already satisfied: ghp-import>=1.0 in ./venv/lib/python3.8/site-packages (from mkdocs~=1.6->mkdocs-material>=8.1.7->-r preview/requirements.txt (line 1)) (2.1.0)
Requirement already satisfied: mergedeep>=1.3.4 in ./venv/lib/python3.8/site-packages (from mkdocs~=1.6->mkdocs-material>=8.1.7->-r preview/requirements.txt (line 1)) (1.3.4)
Requirement already satisfied: mkdocs-get-deps>=0.2.0 in ./venv/lib/python3.8/site-packages (from mkdocs~=1.6->mkdocs-material>=8.1.7->-r preview/requirements.txt (line 1)) (0.2.0)
Requirement already satisfied: pyyaml-env-tag>=0.1 in ./venv/lib/python3.8/site-packages (from mkdocs~=1.6->mkdocs-material>=8.1.7->-r preview/requirements.txt (line 1)) (0.1)
Requirement already satisfied: charset_normalizer<4,>=2 in ./venv/lib/python3.8/site-packages (from requests~=2.26->mkdocs-material>=8.1.7->-r preview/requirements.txt (line 1)) (3.4.4)
Requirement already satisfied: idna<4,>=2.5 in ./venv/lib/python3.8/site-packages (from requests~=2.26->mkdocs-material>=8.1.7->-r preview/requirements.txt (line 1)) (3.11)
Requirement already satisfied: urllib3<3,>=1.21.1 in ./venv/lib/python3.8/site-packages (from requests~=2.26->mkdocs-material>=8.1.7->-r preview/requirements.txt (line 1)) (2.2.3)
Requirement already satisfied: certifi>=2017.4.17 in ./venv/lib/python3.8/site-packages (from requests~=2.26->mkdocs-material>=8.1.7->-r preview/requirements.txt (line 1)) (2025.10.5)
Requirement already satisfied: six>=1.5 in ./venv/lib/python3.8/site-packages (from python-dateutil->mkdocs-macros-plugin>=0.7.0->-r preview/requirements.txt (line 2)) (1.17.0)
Requirement already satisfied: zipp>=3.20 in ./venv/lib/python3.8/site-packages (from importlib-metadata>=4.4->markdown~=3.2->mkdocs-material>=8.1.7->-r preview/requirements.txt (line 1)) (3.20.2)
Requirement already satisfied: platformdirs>=2.2.0 in ./venv/lib/python3.8/site-packages (from mkdocs-get-deps>=0.2.0->mkdocs~=1.6->mkdocs-material>=8.1.7->-r preview/requirements.txt (line 1)) (4.3.6)
python: can't open file 'extract_snippets.py': [Errno 2] No such file or directory
tput: No value for $TERM and no -T specified
tput: No value for $TERM and no -T specified
tput: No value for $TERM and no -T specified
cc1plus: fatal error: *.cpp: No such file or directory
compilation terminated.
Running *.cpp - Compilation error on *.cpp!

1 FAILED, 0 PASSED in 0.05 seconds

*.cpp failed!
