
> @3.5.21 test-unit /app
> vitest --project unit*


 RUN  v3.2.4 /app

 âœ“ |unit| packages/reactivity/__tests__/collections/Set.spec.ts (32 tests) 34ms
 âœ“ |unit| packages/reactivity/__tests__/collections/Map.spec.ts (31 tests) 37ms
 âœ“ |unit| packages/reactivity/__tests__/reactive.spec.ts (35 tests) 36ms
 âœ“ |unit| packages/reactivity/__tests__/readonly.spec.ts (37 tests) 48ms
 âœ“ |unit| packages/reactivity/__tests__/reactiveArray.spec.ts (39 tests) 67ms
 âœ“ |unit| packages/compiler-core/__tests__/parse.spec.ts (151 tests) 896ms
 âœ“ |unit| packages/compiler-core/__tests__/transform.spec.ts (21 tests) 53ms
 âœ“ |unit| packages/compiler-core/__tests__/transforms/vBind.spec.ts (18 tests) 49ms
 âœ“ |unit| packages/compiler-core/__tests__/transforms/transformSlotOutlet.spec.ts (14 tests) 69ms
 âœ“ |unit| packages/compiler-core/__tests__/compile.spec.ts (3 tests) 67ms
 âœ“ |unit| packages/compiler-core/__tests__/transforms/vOn.spec.ts (33 tests) 178ms
 âœ“ |unit| packages/compiler-core/__tests__/transforms/vModel.spec.ts (20 tests) 165ms
 âœ“ |unit| packages/compiler-core/__tests__/codegen.spec.ts (34 tests) 188ms
 âœ“ |unit| packages/compiler-core/__tests__/transforms/transformExpressions.spec.ts (44 tests) 229ms
 âœ“ |unit| packages/compiler-dom/__tests__/transforms/vOn.spec.ts (12 tests) 104ms
 âœ“ |unit| packages/compiler-core/__tests__/transforms/vIf.spec.ts (30 tests) 225ms
 âœ“ |unit| packages/compiler-dom/__tests__/parse.spec.ts (33 tests) 185ms
 âœ“ |unit| packages/compiler-core/__tests__/transforms/vFor.spec.ts (53 tests) 440ms
 âœ“ |unit| packages/compiler-core/__tests__/transforms/cacheStatic.spec.ts (34 tests) 534ms
 âœ“ |unit| packages/compiler-core/__tests__/transforms/vSlot.spec.ts (28 tests) 553ms
 âœ“ |unit| packages/compiler-core/__tests__/transforms/transformElement.spec.ts (124 tests) 1125ms
 âœ“ |unit| packages/compiler-core/__tests__/transforms/transformText.spec.ts (8 tests) 208ms
 âœ“ |unit| packages/reactivity/__tests__/shallowReadonly.spec.ts (16 tests) 26ms
 âœ“ |unit| packages/runtime-core/__tests__/scheduler.spec.ts (37 tests) 83ms
 âœ“ |unit| packages/reactivity/__tests__/effectScope.spec.ts (18 tests) 65ms
 âœ“ |unit| packages/compiler-dom/__tests__/transforms/stringifyStatic.spec.ts (24 tests) 365ms
 âœ“ |unit| packages/runtime-core/__tests__/rendererFragment.spec.ts (13 tests) 173ms
 âœ“ |unit| packages/runtime-core/__tests__/componentPublicInstance.spec.ts (14 tests) 243ms
 âœ“ |unit| packages/runtime-core/__tests__/scopeId.spec.ts (12 tests) 252ms
 âœ“ |unit| packages/reactivity/__tests__/watch.spec.ts (10 tests) 128ms
 âœ“ |unit| packages/runtime-core/__tests__/apiSetupHelpers.spec.ts (17 tests) 364ms
 âœ“ |unit| packages/runtime-core/__tests__/apiLifecycle.spec.ts (14 tests) 359ms
 âœ“ |unit| packages/runtime-core/__tests__/apiInject.spec.ts (15 tests) 356ms
 âœ“ |unit| packages/runtime-core/__tests__/helpers/useTemplateRef.spec.ts (13 tests) 362ms
 âœ“ |unit| packages/runtime-core/__tests__/vnode.spec.ts (48 tests) 478ms
 âœ“ |unit| packages/runtime-core/__tests__/apiCreateApp.spec.ts (21 tests) 479ms
 âœ“ |unit| packages/runtime-core/__tests__/rendererChildren.spec.ts (38 tests) 507ms
 âœ“ |unit| packages/runtime-core/__tests__/helpers/useModel.spec.ts (14 tests) 382ms
 âœ“ |unit| packages/runtime-core/__tests__/directives.spec.ts (7 tests) 446ms
 âœ“ |unit| packages/shared/__tests__/normalizeProp.spec.ts (22 tests) 214ms
 âœ“ |unit| packages/reactivity/__tests__/effect.spec.ts (70 tests) 653ms
 âœ“ |unit| packages/runtime-core/__tests__/componentEmits.spec.ts (27 tests) 485ms
 âœ“ |unit| packages/runtime-core/__tests__/componentSlots.spec.ts (17 tests) 431ms
 âœ“ |unit| packages/runtime-core/__tests__/rendererComponent.spec.ts (15 tests) 456ms
 âœ“ |unit| packages/reactivity/__tests__/shallowReactive.spec.ts (18 tests) 88ms
 âœ“ |unit| packages/reactivity/__tests__/collections/shallowReadonly.spec.ts (10 tests) 61ms
 âœ“ |unit| packages/runtime-core/__tests__/rendererTemplateRef.spec.ts (24 tests) 834ms
 âœ“ |unit| packages/runtime-core/__tests__/errorHandling.spec.ts (21 tests) 579ms
 âœ“ |unit| packages/runtime-core/__tests__/apiAsyncComponent.spec.ts (22 tests) 1025ms
 âœ“ |unit| packages/runtime-core/__tests__/rendererOptimizedMode.spec.ts (33 tests) 967ms
   âœ“ renderer: optimized mode > nested teleport unmount need exit the optimization mode  329ms
 âœ“ |unit| packages/runtime-core/__tests__/components/KeepAlive.spec.ts (31 tests) 2589ms
   âœ“ KeepAlive > props > include (regex)  318ms
   âœ“ KeepAlive > cache invalidation > should not cache anonymous component when include is specified  414ms
 â¯ |unit| packages/reactivity/__tests__/computed.spec.ts (49 tests | 2 failed) 2275ms
   âœ“ reactivity/computed > should return updated value 7ms
   âœ“ reactivity/computed > pass oldValue to computed getter 1ms
   âœ“ reactivity/computed > should compute lazily 17ms
   âœ“ reactivity/computed > should trigger effect 2ms
   âœ“ reactivity/computed > should work when chained 10ms
   âœ“ reactivity/computed > should trigger effect when chained 16ms
   âœ“ reactivity/computed > should trigger effect when chained (mixed invocations) 9ms
   âœ“ reactivity/computed > should support setter 1ms
   âœ“ reactivity/computed > should trigger effect w/ setter 25ms
   âœ“ reactivity/computed > should invalidate before non-computed effects 25ms
   âœ“ reactivity/computed > should warn if trying to set a readonly computed 9ms
   âœ“ reactivity/computed > should be readonly 4ms
   âœ“ reactivity/computed > debug: onTrack 2ms
   âœ“ reactivity/computed > debug: onTrigger (reactive) 4ms
   âœ“ reactivity/computed > should query deps dirty sequentially 17ms
   âœ“ reactivity/computed > chained computed dirty reallocation after querying dirty 2ms
   âœ“ reactivity/computed > chained computed dirty reallocation after trigger computed getter 1ms
   âœ“ reactivity/computed > deps order should be consistent with the last time get value 1ms
   âœ“ reactivity/computed > should trigger by the second computed that maybe dirty 1ms
   âœ“ reactivity/computed > should trigger the second effect 1ms
   âœ“ reactivity/computed > should chained recursive effects clear dirty after trigger 6ms
   âœ“ reactivity/computed > should chained computeds dirtyLevel update with first computed effect 11ms
   âœ“ reactivity/computed > should work when chained(ref+computed) 8ms
   âœ“ reactivity/computed > should trigger effect even computed already dirty 22ms
   âœ“ reactivity/computed > should not override queried MaybeDirty result 1ms
   âœ“ reactivity/computed > should be not dirty after deps mutate (mutate deps in computed) 66ms
   âœ“ reactivity/computed > should not trigger effect scheduler by recursive computed effect 6ms
   âœ“ reactivity/computed > should not trigger if value did not change 8ms
   âœ“ reactivity/computed > chained computed trigger 10ms
   âœ“ reactivity/computed > chained computed avoid re-compute 7ms
   âœ“ reactivity/computed > chained computed value invalidation 16ms
   âœ“ reactivity/computed > sync access of invalidated chained computed should not prevent final effect from running 13ms
   âœ“ reactivity/computed > computed should force track in untracked zone 11ms
   âœ“ reactivity/computed > computed side effect should be able trigger 6ms
   âœ“ reactivity/computed > chained computed should work when accessed before having subs 5ms
   âœ“ reactivity/computed > chained computed should still refresh after owner component unmount 38ms
   âœ“ reactivity/computed > computed deps should only be refreshed when the subscribing effect is run, not when scheduled 29ms
   âœ“ reactivity/computed > should chained computeds keep reactivity when computed effect happens 13ms
   âœ“ reactivity/computed > should keep dirty level when side effect computed value changed 1ms
   âœ“ reactivity/computed > should be recomputed without being affected by side effects 0ms
   âœ“ reactivity/computed > debug: onTrigger (ref) 1ms
   âœ“ reactivity/computed > should prevent endless recursion in self-referencing computed getters 15ms
   âœ“ reactivity/computed > manual trigger computed 1ms
   âœ“ reactivity/computed > should not recompute if computed does not track reactive data 0ms
   âœ“ reactivity/computed > computed should remain live after losing all subscribers 267ms
   âœ“ reactivity/computed > computed dep cleanup should not cause property dep to be deleted 11ms
   âœ“ reactivity/computed > computed value updates correctly after dep cleanup 15ms
   Ã— reactivity/computed > should not lead to exponential perf cost with deeply chained computed 1381ms
     â†’ expected 278.3119990000014 to be less than 30
   Ã— reactivity/computed > performance when removing dependencies from deeply nested computeds 120ms
     â†’ expected 36.05618999999933 to be less than 30
 âœ“ |unit| packages/runtime-core/__tests__/components/BaseTransition.spec.ts (35 tests) 2993ms
   âœ“ BaseTransition > mode: "out-in" > w/ KeepAlive  595ms
   âœ“ BaseTransition > mode: "in-out" toggle before finish > w/ KeepAlive  480ms
 âœ“ |unit| packages/server-renderer/__tests__/ssrRenderAttrs.spec.ts (22 tests) 269ms
 âœ“ |unit| packages/compiler-dom/__tests__/transforms/validateHtmlNesting.spec.ts (17 tests) 275ms
 âœ“ |unit| packages/reactivity/__tests__/ref.spec.ts (31 tests) 754ms
 âœ“ |unit| packages/runtime-core/__tests__/helpers/resolveAssets.spec.ts (7 tests) 437ms
 âœ“ |unit| packages/compiler-ssr/__tests__/ssrVModel.spec.ts (7 tests) 2637ms
   âœ“ ssr: v-model > <input> (text types)  1098ms
   âœ“ ssr: v-model > <select v-model>  908ms
 âœ“ |unit| packages/compiler-ssr/__tests__/ssrComponent.spec.ts (16 tests) 2922ms
   âœ“ ssr: components > basic  942ms
   âœ“ ssr: components > event listeners  503ms
   âœ“ ssr: components > slots > nested transform scoping in vnode branch  301ms
 âœ“ |unit| packages/compiler-ssr/__tests__/ssrElement.spec.ts (32 tests) 3610ms
   âœ“ ssr: element > basic elements  1131ms
   âœ“ ssr: element > attrs > ignore v-bind key/ref  426ms
   âœ“ ssr: element > custom directives > custom dir with v-bind  420ms
 âœ“ |unit| packages/compiler-sfc/__tests__/templateTransformAssetUrl.spec.ts (13 tests) 596ms
   âœ“ compiler sfc: transform asset url > transform assetUrls  346ms
 âœ“ |unit| packages/runtime-core/__tests__/hmr.spec.ts (24 tests) 2760ms
   âœ“ hot module replacement > rerender  1088ms
   âœ“ hot module replacement > reload KeepAlive slot  484ms
 âœ“ |unit| packages/runtime-core/__tests__/apiExpose.spec.ts (11 tests) 318ms
 âœ“ |unit| packages/compiler-dom/__tests__/transforms/vModel.spec.ts (17 tests) 549ms
 âœ“ |unit| packages/runtime-core/__tests__/apiSetupContext.spec.ts (7 tests) 241ms
 âœ“ |unit| packages/shared/__tests__/codeframe.spec.ts (7 tests) 206ms
DEPRECATION WARNING [import]: Sass @import rules are deprecated and will be removed in Dart Sass 3.0.0.

More info and automated migrator: https://sass-lang.com/d/import

  â•·
2 â”‚         @import "./import.scss";
  â”‚                 ^^^^^^^^^^^^^^^
  â•µ
    packages/compiler-sfc/__tests__/fixture/test.scss 2:17  root stylesheet

 âœ“ |unit| packages/compiler-ssr/__tests__/ssrScopeId.spec.ts (5 tests) 388ms
 â¯ |unit| packages/compiler-sfc/__tests__/compileStyle.spec.ts (26 tests | 1 failed) 7870ms
   âœ“ SFC scoped CSS > simple selectors 35ms
   âœ“ SFC scoped CSS > descendent selector 42ms
   âœ“ SFC scoped CSS > nesting selector 3ms
   âœ“ SFC scoped CSS > nesting selector with atrule and comment 4ms
   âœ“ SFC scoped CSS > multiple selectors 2ms
   âœ“ SFC scoped CSS > pseudo class 1ms
   âœ“ SFC scoped CSS > pseudo element 1ms
   âœ“ SFC scoped CSS > spaces before pseudo element 1ms
   âœ“ SFC scoped CSS > ::v-deep 17ms
   âœ“ SFC scoped CSS > ::v-slotted 13ms
   âœ“ SFC scoped CSS > ::v-global 9ms
   âœ“ SFC scoped CSS > :is() and :where() with multiple selectors 6ms
   âœ“ SFC scoped CSS > :is() and :where() in compound selectors 5ms
   âœ“ SFC scoped CSS > media query 2ms
   âœ“ SFC scoped CSS > supports query 1ms
   âœ“ SFC scoped CSS > scoped keyframes 4ms
   âœ“ SFC scoped CSS > spaces after selector 2ms
   âœ“ SFC scoped CSS > deprecated syntax > ::v-deep as combinator 4ms
   âœ“ SFC scoped CSS > deprecated syntax > >>> (deprecated syntax) 31ms
   âœ“ SFC scoped CSS > deprecated syntax > /deep/ (deprecated syntax) 2ms
   âœ“ SFC CSS modules > should include resulting classes object in result 19ms
   âœ“ SFC CSS modules > postcss-modules options 8ms
   Ã— SFC style preprocessors > scss @import 7596ms
     â†’ Test timed out in 5000ms.
If this is a long-running test, pass a timeout value as the last argument or configure it globally with "testTimeout".
   âœ“ SFC style preprocessors > scss respect user-defined string options.additionalData 47ms
   âœ“ SFC style preprocessors > scss respect user-defined function options.additionalData 7ms
   âœ“ SFC style preprocessors > should mount scope on correct selector when have universal selector 4ms
 âœ“ |unit| packages/compiler-ssr/__tests__/ssrSlotOutlet.spec.ts (11 tests) 686ms
 âœ“ |unit| packages/reactivity/__tests__/collections/WeakSet.spec.ts (9 tests) 87ms
 âœ“ |unit| packages/reactivity/__tests__/collections/WeakMap.spec.ts (11 tests) 117ms
 âœ“ |unit| packages/compiler-ssr/__tests__/ssrVIf.spec.ts (10 tests) 259ms
 âœ“ |unit| packages/server-renderer/__tests__/ssrVModelHelpers.spec.ts (2 tests) 179ms
 âœ“ |unit| packages/compiler-core/__tests__/transforms/vOnce.spec.ts (8 tests) 491ms
 âœ“ |unit| packages/runtime-core/__tests__/apiWatch.spec.ts (84 tests) 1965ms
   âœ“ api: watch > stopping the watcher (SSR)  302ms
 âœ“ |unit| packages/compiler-sfc/__tests__/rewriteDefault.spec.ts (16 tests) 703ms
   âœ“ compiler sfc: rewriteDefault > without export default  305ms
 âœ“ |unit| packages/server-renderer/__tests__/ssrSlot.spec.ts (12 tests) 1147ms
   âœ“ ssr: slot > async component slot with v-if true  379ms
 âœ“ |unit| packages/compiler-sfc/__tests__/parse.spec.ts (28 tests) 815ms
   âœ“ compiler:sfc > treat custom blocks as raw text  330ms
 âœ“ |unit| packages/compiler-sfc/__tests__/compileScript/defineModel.spec.ts (10 tests) 844ms
   âœ“ defineModel() > basic usage  469ms
 âœ“ |unit| packages/compiler-sfc/__tests__/compileScript/importUsageCheck.spec.ts (16 tests) 808ms
   âœ“ components  349ms
 âœ“ |unit| packages/compiler-sfc/__tests__/compileScript/definePropsDestructure.spec.ts (28 tests) 999ms
 âœ“ |unit| packages/compiler-sfc/__tests__/compileScript/defineProps.spec.ts (29 tests) 1109ms
   âœ“ defineProps > basic usage  326ms
 âœ“ |unit| packages/compiler-sfc/__tests__/cssVars.spec.ts (17 tests) 893ms
   âœ“ CSS vars injection > generating correct code for nested paths  478ms
 âœ“ |unit| packages/server-renderer/__tests__/ssrScopeId.spec.ts (5 tests) 152ms
 âœ“ |unit| packages/server-renderer/__tests__/ssrDirectives.spec.ts (22 tests) 615ms
 âœ“ |unit| packages/server-renderer/__tests__/render.spec.ts (165 tests) 1545ms
 âœ“ |unit| packages/compiler-sfc/__tests__/compileTemplate.spec.ts (21 tests) 1813ms
   âœ“ preprocess pug  974ms
 âœ“ |unit| packages/compiler-sfc/__tests__/compileScript/defineEmits.spec.ts (19 tests) 926ms
   âœ“ defineEmits > basic usage  306ms
 âœ“ |unit| packages/compiler-sfc/__tests__/compileScript.spec.ts (85 tests) 2158ms
   âœ“ SFC compile <script setup> > should compile JS syntax  410ms
 âœ“ |unit| packages/compiler-sfc/__tests__/compileScript/hoistStatic.spec.ts (10 tests) 782ms
   âœ“ sfc hoist static > should hoist literal value  446ms
 âœ“ |unit| packages/compiler-sfc/__tests__/templateTransformSrcset.spec.ts (6 tests) 182ms
 âœ“ |unit| packages/runtime-core/__tests__/helpers/createSlots.spec.ts (6 tests) 63ms
 â†“ |unit| packages/reactivity/__tests__/gc.spec.ts (4 tests | 4 skipped)
 âœ“ |unit| packages/runtime-core/__tests__/helpers/renderSlot.spec.ts (7 tests) 179ms
 âœ“ |unit| packages/compiler-dom/__tests__/transforms/vText.spec.ts (3 tests) 176ms
 âœ“ |unit| packages/shared/__tests__/escapeHtml.spec.ts (4 tests) 93ms
 âœ“ |unit| packages/compiler-dom/__tests__/transforms/Transition.spec.ts (12 tests) 301ms
 âœ“ |unit| packages/compiler-sfc/__tests__/templateUtils.spec.ts (9 tests) 83ms
 âœ“ |unit| packages/shared/__tests__/cssVars.spec.ts (2 tests) 88ms
 âœ“ |unit| packages/server-renderer/__tests__/ssrInterpolate.spec.ts (1 test) 45ms
 âœ“ |unit| packages/runtime-core/__tests__/helpers/renderList.spec.ts (10 tests) 146ms
 âœ“ |unit| packages/compiler-ssr/__tests__/ssrTransitionGroup.spec.ts (7 tests) 1213ms
   âœ“ transition-group > basic  309ms
   âœ“ transition-group > with multi fragments children  600ms
 âœ“ |unit| packages/compiler-ssr/__tests__/ssrVFor.spec.ts (7 tests) 966ms
   âœ“ ssr: v-for > basic  416ms
 âœ“ |unit| packages/runtime-core/__tests__/h.spec.ts (6 tests) 360ms
 âœ“ |unit| packages/runtime-core/__tests__/vnodeHooks.spec.ts (2 tests) 517ms
 âœ“ |unit| packages/runtime-test/__tests__/testRuntime.spec.ts (5 tests) 511ms
 âœ“ |unit| packages/compiler-ssr/__tests__/ssrVShow.spec.ts (6 tests) 1202ms
   âœ“ ssr: v-show > basic as root  526ms
   âœ“ ssr: v-show > with dynamic style  454ms
 âœ“ |unit| packages/compiler-ssr/__tests__/ssrInjectCssVars.spec.ts (6 tests) 1352ms
   âœ“ ssr: inject <style vars> > basic  974ms
 âœ“ |unit| packages/server-renderer/__tests__/ssrWatch.spec.ts (7 tests) 946ms
   âœ“ ssr: watch > should work w/ flush:sync  618ms
 âœ“ |unit| packages/compiler-ssr/__tests__/ssrText.spec.ts (8 tests) 1430ms
   âœ“ ssr: text > static text  638ms
 âœ“ |unit| packages/compiler-dom/__tests__/transforms/transformStyle.spec.ts (2 tests) 472ms
 âœ“ |unit| packages/server-renderer/__tests__/ssrTeleport.spec.ts (7 tests) 1040ms
   âœ“ ssrRenderTeleport > teleport rendering (compiled)  588ms
 âœ“ |unit| packages/compiler-dom/__tests__/transforms/vHtml.spec.ts (3 tests) 376ms
 âœ“ |unit| packages/compiler-core/__tests__/scopeId.spec.ts (4 tests) 1136ms
   âœ“ scopeId compiler support > should only work in module mode  399ms
   âœ“ scopeId compiler support > should wrap default slot  330ms
   âœ“ scopeId compiler support > should wrap named slots  304ms
 âœ“ |unit| packages/compiler-core/__tests__/transforms/noopDirectiveTransform.spec.ts (1 test) 152ms
 âœ“ |unit| packages/compiler-dom/__tests__/transforms/vShow.spec.ts (2 tests) 343ms
 âœ“ |unit| packages/compiler-core/__tests__/transforms/vMemo.spec.ts (7 tests) 1146ms
   âœ“ compiler: v-memo transform > on root element  620ms
 âœ“ |unit| packages/runtime-core/__tests__/helpers/toHandlers.spec.ts (2 tests) 126ms
 âœ“ |unit| packages/server-renderer/__tests__/ssrRenderList.spec.ts (7 tests) 389ms
 âœ“ |unit| packages/runtime-core/__tests__/rendererElement.spec.ts (6 tests) 312ms
 âœ“ |unit| packages/compiler-dom/__tests__/transforms/ignoreSideEffectTags.spec.ts (2 tests) 358ms
   âœ“ compiler: ignore side effect tags > should ignore script  309ms
 âœ“ |unit| packages/runtime-core/__tests__/misc.spec.ts (1 test) 316ms
 âœ“ |unit| packages/compiler-ssr/__tests__/ssrSuspense.spec.ts (2 tests) 542ms
   âœ“ ssr compile: suspense > implicit default  469ms
 âœ“ |unit| packages/compiler-ssr/__tests__/ssrPortal.spec.ts (2 tests) 622ms
   âœ“ ssr compile: teleport > should work  591ms
 âœ“ |unit| packages/compiler-dom/__tests__/index.spec.ts (1 test) 146ms
 âœ“ |unit| packages/compiler-core/__tests__/utils.spec.ts (7 tests) 774ms
   âœ“ isMemberExpression > node  499ms
 âœ“ |unit| packages/compiler-ssr/__tests__/ssrTransition.spec.ts (2 tests) 386ms
   âœ“ transition > basic  315ms
 âœ“ |unit| packages/compiler-ssr/__tests__/ssrFallthroughAttrs.spec.ts (5 tests) 493ms
   âœ“ ssr: attrs fallthrough > basic  320ms
 âœ“ |unit| packages/compiler-sfc/__tests__/compileScript/defineOptions.spec.ts (7 tests) 794ms
   âœ“ defineOptions() > basic usage  568ms
 âœ“ |unit| packages/server-renderer/__tests__/ssrComputed.spec.ts (2 tests) 112ms
 âœ“ |unit| packages/compiler-sfc/__tests__/compileScript/resolveType.spec.ts (85 tests | 1 skipped) 1330ms
   âœ“ resolveType > type literal  429ms
 âœ“ |unit| packages/server-renderer/__tests__/ssrCompilerOptions.spec.ts (9 tests) 228ms
 âœ“ |unit| packages/server-renderer/__tests__/ssrSuspense.spec.ts (6 tests) 72ms
 âœ“ |unit| packages/compiler-dom/__tests__/decoderHtmlBrowser.spec.ts (1 test) 60ms
 âœ“ |unit| packages/server-renderer/__tests__/ssrAttrFallthrough.spec.ts (5 tests) 140ms
 âœ“ |unit| packages/server-renderer/__tests__/ssrDynamicComponent.spec.ts (5 tests) 362ms
 âœ“ |unit| packages/compiler-sfc/__tests__/compileScript/defineSlots.spec.ts (3 tests) 141ms
 âœ“ |unit| packages/compiler-sfc/__tests__/compileScript/defineExpose.spec.ts (2 tests) 90ms
 âœ“ |unit| packages/server-renderer/__tests__/webStream.spec.ts (2 tests) 34ms
 âœ“ |unit| packages/shared/__tests__/looseEqual.spec.ts (12 tests) 20ms
 âœ“ |unit| packages/shared/__tests__/toDisplayString.spec.ts (12 tests) 88ms
 âœ“ |unit-jsdom| packages/runtime-dom/__tests__/helpers/useCssModule.spec.ts (5 tests) 21ms
 âœ“ |unit-jsdom| packages/runtime-dom/__tests__/patchClass.spec.ts (3 tests) 16ms
 âœ“ |unit-jsdom| packages/runtime-dom/__tests__/patchAttrs.spec.ts (8 tests) 24ms
 âœ“ |unit-jsdom| packages/runtime-dom/__tests__/patchEvents.spec.ts (12 tests) 85ms
 âœ“ |unit-jsdom| packages/runtime-dom/__tests__/directives/vCloak.spec.ts (1 test) 44ms
 âœ“ |unit-jsdom| packages/runtime-dom/__tests__/customizedBuiltIn.spec.ts (1 test) 48ms
 âœ“ |unit-jsdom| packages/runtime-dom/__tests__/patchStyle.spec.ts (17 tests) 178ms
 âœ“ |unit-jsdom| packages/runtime-dom/__tests__/directives/vOn.spec.ts (8 tests) 80ms
 âœ“ |unit-jsdom| packages/runtime-dom/__tests__/createApp.spec.ts (2 tests) 70ms
 âœ“ |unit-jsdom| packages/runtime-dom/__tests__/rendererStaticNode.spec.ts (5 tests) 87ms
 âœ“ |unit-jsdom| packages/runtime-dom/__tests__/patchProps.spec.ts (26 tests) 356ms
 âœ“ |unit-jsdom| packages/runtime-dom/__tests__/directives/vShow.spec.ts (9 tests) 801ms
   âœ“ runtime-dom: v-show directive > should respect the display value when v-show value is true  541ms
 âœ“ |unit-jsdom| packages/runtime-dom/__tests__/directives/vModel.spec.ts (26 tests) 816ms
 âœ“ |unit-jsdom| packages/runtime-dom/__tests__/helpers/useCssVars.spec.ts (17 tests) 880ms
 âœ“ |unit-jsdom| packages/runtime-dom/__tests__/customElement.spec.ts (61 tests) 1763ms
 âœ“ |unit-jsdom| packages/vue/__tests__/customElementCasing.spec.ts (1 test) 110ms
 âœ“ |unit-jsdom| packages/vue-compat/__tests__/renderFn.spec.ts (11 tests) 97ms
 âœ“ |unit-jsdom| packages/vue/__tests__/runtimeCompilerOptions.spec.ts (8 tests) 115ms
 âœ“ |unit-jsdom| packages/vue-compat/__tests__/componentAsync.spec.ts (3 tests) 184ms
 âœ“ |unit-jsdom| packages/vue-compat/__tests__/options.spec.ts (5 tests) 224ms
 âœ“ |unit-jsdom| packages/vue-compat/__tests__/componentFunctional.spec.ts (2 tests) 329ms
 âœ“ |unit-jsdom| packages/vue/__tests__/svgNamespace.spec.ts (2 tests) 319ms
 âœ“ |unit-jsdom| packages/vue-compat/__tests__/globalConfig.spec.ts (4 tests) 334ms
 âœ“ |unit-jsdom| packages/vue/__tests__/mathmlNamespace.spec.ts (2 tests) 374ms
 âœ“ |unit-jsdom| packages/runtime-dom/__tests__/nodeOps.spec.ts (8 tests) 405ms
   âœ“ runtime-dom: node-ops > insertStaticContent > The math elements should keep their MathML namespace  302ms
 âœ“ |unit-jsdom| packages/vue-compat/__tests__/global.spec.ts (30 tests) 464ms
 âœ“ |unit-jsdom| packages/vue-compat/__tests__/misc.spec.ts (9 tests) 448ms
 âœ“ |unit-jsdom| packages/vue-compat/__tests__/compiler.spec.ts (9 tests) 463ms
 âœ“ |unit-jsdom| packages/vue-compat/__tests__/filters.spec.ts (17 tests) 446ms
 âœ“ |unit-jsdom| packages/vue/__tests__/index.spec.ts (17 tests) 497ms
 âœ“ |unit| packages/runtime-core/__tests__/helpers/withMemo.spec.ts (7 tests) 382ms
 âœ“ |unit-jsdom| packages/vue-compat/__tests__/instance.spec.ts (21 tests) 615ms
 âœ“ |unit-jsdom| packages/vue-compat/__tests__/componentVModel.spec.ts (4 tests) 569ms
   âœ“ COMPONENT_V_MODEL > basic usage  440ms
 âœ“ |unit| packages/runtime-core/__tests__/componentProps.spec.ts (28 tests) 485ms
 âœ“ |unit| packages/runtime-core/__tests__/rendererAttrsFallthrough.spec.ts (22 tests) 533ms
 âœ“ |unit| packages/runtime-core/__tests__/apiOptions.spec.ts (48 tests) 658ms
 âœ“ |unit| packages/runtime-core/__tests__/components/Teleport.spec.ts (45 tests) 1526ms
   âœ“ renderer: teleport > defer mode > should be able to target content appearing later than the teleport with defer  495ms
 â¯ |unit| packages/runtime-core/__tests__/components/Suspense.spec.ts (41 tests | 1 failed) 1957ms
   âœ“ Suspense > fallback content 139ms
   âœ“ Suspense > emits events 13ms
   âœ“ Suspense > nested async deps 32ms
   âœ“ Suspense > onResolve 13ms
   âœ“ Suspense > buffer mounted/updated hooks & post flush watch callbacks 26ms
   âœ“ Suspense > mounted/updated hooks & fallback component 5ms
   âœ“ Suspense > content update before suspense resolve 6ms
   âœ“ Suspense > unmount before suspense resolve 12ms
   âœ“ Suspense > unmount suspense after resolve 23ms
   âœ“ Suspense > unmount suspense before resolve 22ms
   âœ“ Suspense > update prop of async element before suspense resolve 24ms
   âœ“ Suspense > nested suspense (parent resolves first) 17ms
   âœ“ Suspense > nested suspense (child resolves first) 29ms
   âœ“ Suspense > error handling 17ms
   âœ“ Suspense > error handling w/ template optimization 52ms
   Ã— Suspense > combined usage (nested async + nested suspense + multiple deps) 197ms
     â†’ expected '<div><div>nested msg</div><div>root aâ€¦' to be '<div><div>nested fallback</div><div>râ€¦' // Object.is equality
   âœ“ Suspense > switching branches 128ms
   âœ“ Suspense > switching branches w/ nested suspense 30ms
   âœ“ Suspense > nested suspense (w/ suspensible) switch several times before parent suspense resolve 295ms
   âœ“ Suspense > branch switch to 3rd branch before resolve 105ms
   âœ“ Suspense > branch switch back before resolve 60ms
   âœ“ Suspense > branch switch timeout + fallback 65ms
   âœ“ Suspense > mount the fallback content is in the correct position 27ms
   âœ“ Suspense > should not miss nested element updates when used in templates 59ms
   âœ“ Suspense > toggling nested async setup component inside already resolved suspense 2ms
   âœ“ Suspense > warn if using async setup when not in a Suspense boundary 6ms
   âœ“ Suspense > nested suspense with suspensible 94ms
   âœ“ Suspense > nested suspense with suspensible & no async deps 15ms
   âœ“ Suspense > nested suspense (child suspense update before parent suspense resolve) 57ms
   âœ“ Suspense > KeepAlive with Suspense 17ms
   âœ“ Suspense > KeepAlive + Suspense switch before branch resolves 15ms
   âœ“ Suspense > KeepAlive + Suspense + comment slot 80ms
   âœ“ Suspense > Suspense patched during HOC async component re-mount 10ms
   âœ“ Suspense > add new async deps during patching 87ms
   âœ“ Suspense > warnings > does not warn on single child 1ms
   âœ“ Suspense > warnings > does not warn on null 1ms
   âœ“ Suspense > warnings > does not warn on <component :is="null" /> 60ms
   âœ“ Suspense > warnings > does not warn on empty array 2ms
   âœ“ Suspense > warnings > warns on multiple children in default 3ms
   âœ“ Suspense > warnings > warns on multiple children in fallback 26ms
   âœ“ Suspense > warnings > renders multiple async components in Suspense with v-for and updates on items change 55ms
 âœ“ |unit| packages/runtime-core/__tests__/helpers/useId.spec.ts (8 tests) 1154ms
   âœ“ useId > basic  738ms
 âœ“ |unit| packages/runtime-core/__tests__/hydration.spec.ts (101 tests) 1426ms
   âœ“ SSR hydration > text  413ms

â¯â¯â¯â¯â¯â¯â¯ Failed Tests 4 â¯â¯â¯â¯â¯â¯â¯

 FAIL  |unit| packages/compiler-sfc/__tests__/compileStyle.spec.ts > SFC style preprocessors > scss @import
Error: Test timed out in 5000ms.
If this is a long-running test, pass a timeout value as the last argument or configure it globally with "testTimeout".
 â¯ packages/compiler-sfc/__tests__/compileStyle.spec.ts:435:3
    433|
    434| describe('SFC style preprocessors', () => {
    435|   test('scss @import', () => {
       |   ^
    436|     const res = compileStyle({
    437|       source: `

â¯â¯â¯â¯â¯â¯â¯â¯â¯â¯â¯â¯â¯â¯â¯â¯â¯â¯â¯â¯â¯â¯â¯â¯[1/4]â¯

 FAIL  |unit| packages/reactivity/__tests__/computed.spec.ts > reactivity/computed > should not lead to exponential perf cost with deeply chained computed
AssertionError: expected 278.3119990000014 to be less than 30
 â¯ packages/reactivity/__tests__/computed.spec.ts:1111:35
    1109|     start.prop3.value = 2
    1110|     start.prop4.value = 1
    1111|     expect(performance.now() - t).toBeLessThan(process.env.CI ? 100 : â€¦
       |                                   ^
    1112|
    1113|     const end = layer

â¯â¯â¯â¯â¯â¯â¯â¯â¯â¯â¯â¯â¯â¯â¯â¯â¯â¯â¯â¯â¯â¯â¯â¯[2/4]â¯

 FAIL  |unit| packages/reactivity/__tests__/computed.spec.ts > reactivity/computed > performance when removing dependencies from deeply nested computeds
AssertionError: expected 36.05618999999933 to be less than 30
 â¯ packages/reactivity/__tests__/computed.spec.ts:1146:21
    1144|     expect(tail.value).toBe(2 ** (LAYERS - 1))
    1145|     const t1 = performance.now()
    1146|     expect(t1 - t0).toBeLessThan(process.env.CI ? 100 : 30)
       |                     ^
    1147|
    1148|     trigger.value = false

â¯â¯â¯â¯â¯â¯â¯â¯â¯â¯â¯â¯â¯â¯â¯â¯â¯â¯â¯â¯â¯â¯â¯â¯[3/4]â¯

 FAIL  |unit| packages/runtime-core/__tests__/components/Suspense.spec.ts > Suspense > combined usage (nested async + nested suspense + multiple deps)
AssertionError: expected '<div><div>nested msg</div><div>root aâ€¦' to be '<div><div>nested fallback</div><div>râ€¦' // Object.is equality

Expected: [32m"<div><div>nested [7mfallback[27m</div><div>root async</div></div>"[39m
Received: [31m"<div><div>nested [7mmsg[27m</div><div>root async</div></div>"[39m

 â¯ packages/runtime-core/__tests__/components/Suspense.spec.ts:918:34
    916|     await deps[3]
    917|     await nextTick()
    918|     expect(serializeInner(root)).toBe(
       |                                  ^
    919|       `<div><div>nested fallback</div><div>root async</div></div>`,
    920|     )

â¯â¯â¯â¯â¯â¯â¯â¯â¯â¯â¯â¯â¯â¯â¯â¯â¯â¯â¯â¯â¯â¯â¯â¯[4/4]â¯


 Test Files  3 failed | 177 passed | 1 skipped (181)
      Tests  4 failed | 3396 passed | 5 skipped (3405)
   Start at  12:07:46
   Duration  61.09s (transform 210.01s, setup 52.34s, collect 1800.45s, tests 108.97s, environment 457.85s, prepare 300.02s)

â€‰ELIFECYCLEâ€‰ Command failed with exit code 1.
