Requirement already satisfied: pip in ./venv/lib/python3.12/site-packages (25.0.1)
Collecting pip
  Using cached pip-25.2-py3-none-any.whl.metadata (4.7 kB)
Collecting setuptools
  Using cached setuptools-80.9.0-py3-none-any.whl.metadata (6.6 kB)
Collecting wheel
  Using cached wheel-0.45.1-py3-none-any.whl.metadata (2.3 kB)
Using cached pip-25.2-py3-none-any.whl (1.8 MB)
Using cached setuptools-80.9.0-py3-none-any.whl (1.2 MB)
Using cached wheel-0.45.1-py3-none-any.whl (72 kB)
Installing collected packages: wheel, setuptools, pip
  Attempting uninstall: pip
    Found existing installation: pip 25.0.1
    Uninstalling pip-25.0.1:
      Successfully uninstalled pip-25.0.1
Successfully installed pip-25.2 setuptools-80.9.0 wheel-0.45.1
ERROR: Could not find a version that satisfies the requirement distutils (from versions: none)
ERROR: No matching distribution found for distutils
$ meson setup build --prefix=/usr --werror
The Meson build system
Version: 1.9.1
Source dir: /app
Build dir: /app/build
Build type: native build
Project name: scipy
Project version: 1.17.0.dev0
C compiler for the host machine: cc (gcc 11.4.0 "cc (Ubuntu 11.4.0-1ubuntu1~22.04.2) 11.4.0")
C linker for the host machine: cc ld.bfd 2.38

meson.build:1:0: ERROR: Unknown compiler(s): [['c++'], ['g++'], ['clang++'], ['nvc++'], ['pgc++'], ['icpc'], ['icpx']]
The following exception(s) were encountered:
Running `c++ --version` gave "[Errno 2] No such file or directory: 'c++'"
Running `g++ --version` gave "[Errno 2] No such file or directory: 'g++'"
Running `clang++ --version` gave "[Errno 2] No such file or directory: 'clang++'"
Running `nvc++ --version` gave "[Errno 2] No such file or directory: 'nvc++'"
Running `pgc++ --version` gave "[Errno 2] No such file or directory: 'pgc++'"
Running `icpc --version` gave "[Errno 2] No such file or directory: 'icpc'"
Running `icpx --version` gave "[Errno 2] No such file or directory: 'icpx'"

A full log can be found at /app/build/meson-logs/meson-log.txt

Traceback (most recent call last):
  File "/usr/local/lib/python3.12/dist-packages/spin/cmds/meson.py", line 389, in build
    raise RuntimeError(
RuntimeError: Meson configuration failed; please try `spin build` again with the `--clean` flag.

If you suspect this is a bug in `spin`, please file a report at:

  https://github.com/scientific-python/spin

including the above traceback and the following information:

  spin: 0.15, package: scipy

Aborting.
Invoking `build` prior to running tests:
$ meson setup build --prefix=/usr
The Meson build system
Version: 1.9.1
Source dir: /app
Build dir: /app/build
Build type: native build
Project name: scipy
Project version: 1.17.0.dev0
C compiler for the host machine: cc (gcc 11.4.0 "cc (Ubuntu 11.4.0-1ubuntu1~22.04.2) 11.4.0")
C linker for the host machine: cc ld.bfd 2.38

meson.build:1:0: ERROR: Unknown compiler(s): [['c++'], ['g++'], ['clang++'], ['nvc++'], ['pgc++'], ['icpc'], ['icpx']]
The following exception(s) were encountered:
Running `c++ --version` gave "[Errno 2] No such file or directory: 'c++'"
Running `g++ --version` gave "[Errno 2] No such file or directory: 'g++'"
Running `clang++ --version` gave "[Errno 2] No such file or directory: 'clang++'"
Running `nvc++ --version` gave "[Errno 2] No such file or directory: 'nvc++'"
Running `pgc++ --version` gave "[Errno 2] No such file or directory: 'pgc++'"
Running `icpc --version` gave "[Errno 2] No such file or directory: 'icpc'"
Running `icpx --version` gave "[Errno 2] No such file or directory: 'icpx'"

A full log can be found at /app/build/meson-logs/meson-log.txt

Traceback (most recent call last):
  File "/usr/local/lib/python3.12/dist-packages/spin/cmds/meson.py", line 389, in build
    raise RuntimeError(
RuntimeError: Meson configuration failed; please try `spin build` again with the `--clean` flag.

If you suspect this is a bug in `spin`, please file a report at:

  https://github.com/scientific-python/spin

including the above traceback and the following information:

  spin: 0.15, package: scipy

Aborting.
