go: downloading go1.24.6 (linux/amd64)
go test -timeout 20m -race   ./format ./format/postgres/common ./format/tls/keylog ./internal/aheadreadseeker ./internal/ansi ./internal/asciiwriter ./internal/ctxreadseeker ./internal/ctxstack ./internal/hexdump ./internal/hexpairwriter ./internal/lazyre ./internal/mathx ./internal/recoverfn ./internal/shquote ./pkg/bitio ./pkg/interp ./pkg/ranges
# runtime/cgo
_cgo_export.c:3:10: fatal error: stdlib.h: No such file or directory
    3 | #include <stdlib.h>
      |          ^~~~~~~~~~
compilation terminated.
FAIL	github.com/wader/fq/format [build failed]
FAIL	github.com/wader/fq/format/postgres/common [build failed]
FAIL	github.com/wader/fq/format/tls/keylog [build failed]
FAIL	github.com/wader/fq/internal/aheadreadseeker [build failed]
FAIL	github.com/wader/fq/internal/ansi [build failed]
FAIL	github.com/wader/fq/internal/asciiwriter [build failed]
FAIL	github.com/wader/fq/internal/ctxreadseeker [build failed]
FAIL	github.com/wader/fq/internal/ctxstack [build failed]
?   	github.com/wader/fq/internal/hexdump	[no test files]
FAIL	github.com/wader/fq/internal/hexpairwriter [build failed]
FAIL	github.com/wader/fq/internal/lazyre [build failed]
FAIL	github.com/wader/fq/internal/mathx [build failed]
FAIL	github.com/wader/fq/internal/recoverfn [build failed]
FAIL	github.com/wader/fq/internal/shquote [build failed]
FAIL	github.com/wader/fq/pkg/bitio [build failed]
FAIL	github.com/wader/fq/pkg/interp [build failed]
FAIL	github.com/wader/fq/pkg/ranges [build failed]
FAIL
make: *** [Makefile:18: testgo] Error 1
