./test/test.sh: line 5: python: command not found
tput: No value for $TERM and no -T specified
tput: No value for $TERM and no -T specified
tput: No value for $TERM and no -T specified
cc1plus: fatal error: *.cpp: No such file or directory
compilation terminated.
Running *.cpp - Compilation error on *.cpp!

1 FAILED, 0 PASSED in 0.03 seconds

*.cpp failed!
Error: MkDocs encountered an error parsing the configuration file: while constructing a Python object
cannot find module 'material.extensions.emoji' (No module named 'material')
  in "/app/mkdocs.yml", line 53, column 20
