Traceback (most recent call last):
  File "/app/venv/lib/python3.10/site-packages/_pytest/config/__init__.py", line 860, in import_plugin
    __import__(importspec)
ModuleNotFoundError: No module named 'IPython'

The above exception was the direct cause of the following exception:

Traceback (most recent call last):
  File "/app/venv/bin/pytest", line 7, in <module>
    sys.exit(console_main())
  File "/app/venv/lib/python3.10/site-packages/_pytest/config/__init__.py", line 201, in console_main
    code = main()
  File "/app/venv/lib/python3.10/site-packages/_pytest/config/__init__.py", line 156, in main
    config = _prepareconfig(args, plugins)
  File "/app/venv/lib/python3.10/site-packages/_pytest/config/__init__.py", line 342, in _prepareconfig
    config = pluginmanager.hook.pytest_cmdline_parse(
  File "/app/venv/lib/python3.10/site-packages/pluggy/_hooks.py", line 512, in __call__
    return self._hookexec(self.name, self._hookimpls.copy(), kwargs, firstresult)
  File "/app/venv/lib/python3.10/site-packages/pluggy/_manager.py", line 120, in _hookexec
    return self._inner_hookexec(hook_name, methods, kwargs, firstresult)
  File "/app/venv/lib/python3.10/site-packages/pluggy/_callers.py", line 167, in _multicall
    raise exception
  File "/app/venv/lib/python3.10/site-packages/pluggy/_callers.py", line 139, in _multicall
    teardown.throw(exception)
  File "/app/venv/lib/python3.10/site-packages/_pytest/helpconfig.py", line 112, in pytest_cmdline_parse
    config = yield
  File "/app/venv/lib/python3.10/site-packages/pluggy/_callers.py", line 121, in _multicall
    res = hook_impl.function(*args)
  File "/app/venv/lib/python3.10/site-packages/_pytest/config/__init__.py", line 1146, in pytest_cmdline_parse
    self.parse(args)
  File "/app/venv/lib/python3.10/site-packages/_pytest/config/__init__.py", line 1527, in parse
    self._preparse(args, addopts=addopts)
  File "/app/venv/lib/python3.10/site-packages/_pytest/config/__init__.py", line 1405, in _preparse
    self.pluginmanager.consider_preparse(args, exclude_only=False)
  File "/app/venv/lib/python3.10/site-packages/_pytest/config/__init__.py", line 789, in consider_preparse
    self.consider_pluginarg(parg)
  File "/app/venv/lib/python3.10/site-packages/_pytest/config/__init__.py", line 812, in consider_pluginarg
    self.import_plugin(arg, consider_entry_points=True)
  File "/app/venv/lib/python3.10/site-packages/_pytest/config/__init__.py", line 862, in import_plugin
    raise ImportError(
  File "/app/venv/lib/python3.10/site-packages/_pytest/config/__init__.py", line 860, in import_plugin
    __import__(importspec)
ImportError: Error importing plugin "IPython.testing.plugin.pytest_ipdoctest": No module named 'IPython'
