Scope: all 12 workspace projects
Lockfile is up to date, resolution step is skipped
Already up to date

╭ Warning ─────────────────────────────────────────────────────────────────────╮
│                                                                              │
│   Ignored build scripts: electron.                                           │
│   Run "pnpm approve-builds" to pick which dependencies should be allowed     │
│   to run scripts.                                                            │
│                                                                              │
╰──────────────────────────────────────────────────────────────────────────────╯

. prepare$ simple-git-hooks
. prepare: /bin/sh: 1: git: not found
. prepare: /bin/sh: 1: git: not found
. prepare: /bin/sh: 1: git: not found
. prepare: [INFO] No `.git` root folder found, skipping
. prepare: /bin/sh: 1: git: not found
. prepare: /bin/sh: 1: git: not found
. prepare: /bin/sh: 1: git: not found
. prepare: /bin/sh: 1: git: not found
. prepare: /bin/sh: 1: git: not found
. prepare: /bin/sh: 1: git: not found
. prepare: /bin/sh: 1: git: not found
. prepare: /bin/sh: 1: git: not found
. prepare: /bin/sh: 1: git: not found
. prepare: /bin/sh: 1: git: not found
. prepare: /bin/sh: 1: git: not found
. prepare: /bin/sh: 1: git: not found
. prepare: /bin/sh: 1: git: not found
. prepare: /bin/sh: 1: git: not found
. prepare: /bin/sh: 1: git: not found
. prepare: /bin/sh: 1: git: not found
. prepare: /bin/sh: 1: git: not found
. prepare: /bin/sh: 1: git: not found
. prepare: /bin/sh: 1: git: not found
. prepare: /bin/sh: 1: git: not found
. prepare: /bin/sh: 1: git: not found
. prepare: /bin/sh: 1: git: not found
. prepare: /bin/sh: 1: git: not found
. prepare: /bin/sh: 1: git: not found
. prepare: [INFO] Successfully set all git hooks
. prepare: Done
Done in 3.5s using pnpm v10.17.1

> @vueuse/monorepo@14.0.0-beta.1 build /app
> nr update && nr build:packages


> @vueuse/monorepo@14.0.0-beta.1 update /app
> turbo run update -F @vueuse/metadata && tsx scripts/update.ts


Attention:
Turborepo now collects completely anonymous telemetry regarding usage.
This information is used to shape the Turborepo roadmap and prioritize features.
You can learn more, including how to opt-out if you'd not like to participate in this anonymous program, by visiting the following URL:
https://turborepo.com/docs/telemetry

turbo 2.5.8

• Packages in scope: @vueuse/metadata
• Running update in 1 packages
• Remote caching disabled
@vueuse/metadata:update: cache miss, executing ac394f62432f30a4
@vueuse/metadata:update:
@vueuse/metadata:update: > @vueuse/metadata@14.0.0-beta.1 update /app/packages/metadata
@vueuse/metadata:update: > tsx scripts/update.ts
@vueuse/metadata:update:
@vueuse/metadata:update: /app/node_modules/.pnpm/simple-git@3.28.0/node_modules/simple-git/src/lib/plugins/error-detection.plugin.ts:42
@vueuse/metadata:update:             return { error: new GitError(undefined, error.toString('utf-8')) };
@vueuse/metadata:update:                             ^
@vueuse/metadata:update:
@vueuse/metadata:update:
@vueuse/metadata:update: GitError: Error: spawn git ENOENT
@vueuse/metadata:update:     at ChildProcess._handle.onexit (node:internal/child_process:285:19)
@vueuse/metadata:update:     at onErrorNT (node:internal/child_process:483:16)
@vueuse/metadata:update:     at process.processTicksAndRejections (node:internal/process/task_queues:90:21)
@vueuse/metadata:update:     at Object.action (/app/node_modules/.pnpm/simple-git@3.28.0/node_modules/simple-git/src/lib/plugins/error-detection.plugin.ts:42:29)
@vueuse/metadata:update:     at PluginStore.exec (/app/node_modules/.pnpm/simple-git@3.28.0/node_modules/simple-git/src/lib/plugins/plugin-store.ts:54:29)
@vueuse/metadata:update:     at <anonymous> (/app/node_modules/.pnpm/simple-git@3.28.0/node_modules/simple-git/src/lib/runners/git-executor-chain.ts:124:42)
@vueuse/metadata:update:     at new Promise (<anonymous>)
@vueuse/metadata:update:     at GitExecutorChain.handleTaskData (/app/node_modules/.pnpm/simple-git@3.28.0/node_modules/simple-git/src/lib/runners/git-executor-chain.ts:121:14)
@vueuse/metadata:update:     at GitExecutorChain.attemptRemoteTask (/app/node_modules/.pnpm/simple-git@3.28.0/node_modules/simple-git/src/lib/runners/git-executor-chain.ts:97:40)
@vueuse/metadata:update:     at async GitExecutorChain.attemptTask (/app/node_modules/.pnpm/simple-git@3.28.0/node_modules/simple-git/src/lib/runners/git-executor-chain.ts:61:18) {
@vueuse/metadata:update:   task: {
@vueuse/metadata:update:     commands: [
@vueuse/metadata:update:       'log',
@vueuse/metadata:update:       '-1',
@vueuse/metadata:update:       '--format=%at',
@vueuse/metadata:update:       '/app/packages/shared/createInjectionState/index.ts'
@vueuse/metadata:update:     ],
@vueuse/metadata:update:     format: 'utf-8',
@vueuse/metadata:update:     parser: [Function: parser]
@vueuse/metadata:update:   }
@vueuse/metadata:update: }
@vueuse/metadata:update:
@vueuse/metadata:update: Node.js v22.20.0
@vueuse/metadata:update:  ELIFECYCLE  Command failed with exit code 1.
@vueuse/metadata:update:  WARN   Local package.json exists, but node_modules missing, did you mean to install?
@vueuse/metadata:update: ERROR: command finished with error: command (/app/packages/metadata) /app/node_modules/.bin/pnpm run update exited (1)
@vueuse/metadata#update: command (/app/packages/metadata) /app/node_modules/.bin/pnpm run update exited (1)

 Tasks:    0 successful, 1 total
Cached:    0 cached, 1 total
  Time:    1.827s
Failed:    @vueuse/metadata#update

 ERROR  run failed: command  exited (1)
 ELIFECYCLE  Command failed with exit code 1.
 ELIFECYCLE  Command failed with exit code 1.

> @vueuse/monorepo@14.0.0-beta.1 typecheck /app
> vue-tsc --noEmit

packages/metadata/metadata.ts(2,102): error TS2307: Cannot find module './index.json' or its corresponding type declarations.
tsdown.config.ts(4,22): error TS2307: Cannot find module './packages/metadata/index.json' or its corresponding type declarations.
 ELIFECYCLE  Command failed with exit code 2.

> @vueuse/monorepo@14.0.0-beta.1 test:cov /app
> vitest run --coverage --project="browser (chromium)" --project=unit


 RUN  v3.2.4 /app
      Coverage enabled with v8

stderr | packages/core/onClickOutside/index.browser.test.ts > onClickOutside > should work with ignored element
[@vue/compiler-core] decodeEntities option is passed but will be ignored in non-browser builds.
stderr | packages/core/useScroll/index.browser.test.ts > useScroll > should correctly detect leftArrived and rightArrived states when reaching the X-axis boundaries
[@vue/compiler-core] decodeEntities option is passed but will be ignored in non-browser builds.
stderr | packages/core/useElementBounding/index.browser.test.ts > useElementBounding > should return width and height of element
[@vue/compiler-core] decodeEntities option is passed but will be ignored in non-browser builds.
stderr | packages/core/useAnimate/index.browser.test.ts > useAnimate > browser should support useAnimate
[@vue/compiler-core] decodeEntities option is passed but will be ignored in non-browser builds.
stderr | packages/integrations/useSortable/index.browser.test.ts > useSortable > should initialise Sortable
[@vue/compiler-core] decodeEntities option is passed but will be ignored in non-browser builds.
stderr | packages/integrations/useSortable/index.browser.test.ts > useSortable > should accept selectors as el
[@vue/compiler-core] decodeEntities option is passed but will be ignored in non-browser builds.
stderr | packages/integrations/useSortable/index.browser.test.ts > useSortable > accepts component refs
[@vue/compiler-core] decodeEntities option is passed but will be ignored in non-browser builds.
stderr | packages/integrations/useSortable/index.browser.test.ts > useSortable > accepts component refs
[@vue/compiler-core] decodeEntities option is passed but will be ignored in non-browser builds.
stderr | packages/core/useAnimate/index.browser.test.ts > useAnimate > should not automatically start the animation when shown if `immediate` is false
[@vue/compiler-core] decodeEntities option is passed but will be ignored in non-browser builds.
stderr | packages/integrations/useAxios/index.test.ts > useAxios > calling axios with config change(param/data etc.) only
[MSW] Warning: intercepted a request without a matching request handler:

  • GET https://jsonplaceholder.typicode.com/comments?postId=1

If you still wish to intercept this unhandled request, please create a request handler for it.
Read more: https://mswjs.io/docs/getting-started/mocks

stderr | packages/integrations/useAxios/index.test.ts > useAxios > calling axios with config change(param/data etc.) only
[MSW] Warning: intercepted a request without a matching request handler:

  • OPTIONS https://jsonplaceholder.typicode.com/comments?postId=1

If you still wish to intercept this unhandled request, please create a request handler for it.
Read more: https://mswjs.io/docs/getting-started/mocks

stderr | packages/integrations/useAxios/index.test.ts > useAxios > calling axios with config change(param/data etc.) only
[MSW] Warning: intercepted a request without a matching request handler:

  • GET https://jsonplaceholder.typicode.com/comments?postId=2

If you still wish to intercept this unhandled request, please create a request handler for it.
Read more: https://mswjs.io/docs/getting-started/mocks

stderr | packages/integrations/useAxios/index.test.ts > useAxios > calling axios with config change(param/data etc.) only
[MSW] Warning: intercepted a request without a matching request handler:

  • OPTIONS https://jsonplaceholder.typicode.com/comments?postId=2

If you still wish to intercept this unhandled request, please create a request handler for it.
Read more: https://mswjs.io/docs/getting-started/mocks

stderr | packages/integrations/useAxios/index.test.ts > useAxios > use generic type
[MSW] Warning: intercepted a request without a matching request handler:

  • POST https://jsonplaceholder.typicode.com/posts

If you still wish to intercept this unhandled request, please create a request handler for it.
Read more: https://mswjs.io/docs/getting-started/mocks

stderr | packages/integrations/useAxios/index.test.ts > useAxios > use generic type
[MSW] Warning: intercepted a request without a matching request handler:

  • OPTIONS https://jsonplaceholder.typicode.com/posts

If you still wish to intercept this unhandled request, please create a request handler for it.
Read more: https://mswjs.io/docs/getting-started/mocks

·········-----·························································································································································································································-················--····································································································-·············································································································································································································································································································································································································································································································································································································································································································································································································································································································································································································································································································xxxxxxxxxxx·

⎯⎯⎯⎯⎯⎯ Failed Tests 11 ⎯⎯⎯⎯⎯⎯⎯

 FAIL  |unit| test/exports.test.ts > exports-snapshot > @vueuse/components
Error: Cannot find module '/app/packages/components/dist/index.js' imported from '/app/node_modules/.pnpm/vitest-package-exports@0.1.1/node_modules/vitest-package-exports/dist/index.mjs'
 ❯ node_modules/.pnpm/vitest-package-exports@0.1.1/node_modules/vitest-package-exports/dist/index.mjs:35:17
     33|           obj = await import(join(pkg.name, key));
     34|         } else if (importMode === "dist") {
     35|           obj = await import(join(pkgRoot, value));
       |                 ^
     36|         } else if (importMode === "src") {
     37|           obj = await import(join(pkgRoot, resolveSourcePath(value)));
 ❯ getPackageExportsManifest node_modules/.pnpm/vitest-package-exports@0.1.1/node_modules/vitest-package-exports/dist/index.mjs:29:5
 ❯ test/exports.test.ts:16:24

Caused by: Error: Failed to load url /app/packages/components/dist/index.js (resolved id: /app/packages/components/dist/index.js). Does the file exist?
 ❯ loadAndTransform node_modules/.pnpm/vite@7.1.7_@types+node@24.5.2_jiti@2.5.1_lightningcss@1.30.1_terser@5.24.0_tsx@4.20.5_yaml@2.8.1/node_modules/vite/dist/node/chunks/dep-Bm2ujbhY.js:26109:33

⎯⎯⎯⎯⎯⎯⎯⎯⎯⎯⎯⎯⎯⎯⎯⎯⎯⎯⎯⎯⎯⎯⎯[1/11]⎯

 FAIL  |unit| test/exports.test.ts > exports-snapshot > @vueuse/core
Error: Cannot find module '/app/packages/core/dist/index.js' imported from '/app/node_modules/.pnpm/vitest-package-exports@0.1.1/node_modules/vitest-package-exports/dist/index.mjs'
 ❯ node_modules/.pnpm/vitest-package-exports@0.1.1/node_modules/vitest-package-exports/dist/index.mjs:35:17
     33|           obj = await import(join(pkg.name, key));
     34|         } else if (importMode === "dist") {
     35|           obj = await import(join(pkgRoot, value));
       |                 ^
     36|         } else if (importMode === "src") {
     37|           obj = await import(join(pkgRoot, resolveSourcePath(value)));
 ❯ getPackageExportsManifest node_modules/.pnpm/vitest-package-exports@0.1.1/node_modules/vitest-package-exports/dist/index.mjs:29:5
 ❯ test/exports.test.ts:16:24

Caused by: Error: Failed to load url /app/packages/core/dist/index.js (resolved id: /app/packages/core/dist/index.js). Does the file exist?
 ❯ loadAndTransform node_modules/.pnpm/vite@7.1.7_@types+node@24.5.2_jiti@2.5.1_lightningcss@1.30.1_terser@5.24.0_tsx@4.20.5_yaml@2.8.1/node_modules/vite/dist/node/chunks/dep-Bm2ujbhY.js:26109:33

⎯⎯⎯⎯⎯⎯⎯⎯⎯⎯⎯⎯⎯⎯⎯⎯⎯⎯⎯⎯⎯⎯⎯[2/11]⎯

 FAIL  |unit| test/exports.test.ts > exports-snapshot > @vueuse/electron
Error: Cannot find module '/app/packages/electron/dist/index.js' imported from '/app/node_modules/.pnpm/vitest-package-exports@0.1.1/node_modules/vitest-package-exports/dist/index.mjs'
 ❯ node_modules/.pnpm/vitest-package-exports@0.1.1/node_modules/vitest-package-exports/dist/index.mjs:35:17
     33|           obj = await import(join(pkg.name, key));
     34|         } else if (importMode === "dist") {
     35|           obj = await import(join(pkgRoot, value));
       |                 ^
     36|         } else if (importMode === "src") {
     37|           obj = await import(join(pkgRoot, resolveSourcePath(value)));
 ❯ getPackageExportsManifest node_modules/.pnpm/vitest-package-exports@0.1.1/node_modules/vitest-package-exports/dist/index.mjs:29:5
 ❯ test/exports.test.ts:16:24

Caused by: Error: Failed to load url /app/packages/electron/dist/index.js (resolved id: /app/packages/electron/dist/index.js). Does the file exist?
 ❯ loadAndTransform node_modules/.pnpm/vite@7.1.7_@types+node@24.5.2_jiti@2.5.1_lightningcss@1.30.1_terser@5.24.0_tsx@4.20.5_yaml@2.8.1/node_modules/vite/dist/node/chunks/dep-Bm2ujbhY.js:26109:33

⎯⎯⎯⎯⎯⎯⎯⎯⎯⎯⎯⎯⎯⎯⎯⎯⎯⎯⎯⎯⎯⎯⎯[3/11]⎯

 FAIL  |unit| test/exports.test.ts > exports-snapshot > @vueuse/firebase
Error: Cannot find module '/app/packages/firebase/dist/useAuth.js' imported from '/app/node_modules/.pnpm/vitest-package-exports@0.1.1/node_modules/vitest-package-exports/dist/index.mjs'
 ❯ node_modules/.pnpm/vitest-package-exports@0.1.1/node_modules/vitest-package-exports/dist/index.mjs:35:17
     33|           obj = await import(join(pkg.name, key));
     34|         } else if (importMode === "dist") {
     35|           obj = await import(join(pkgRoot, value));
       |                 ^
     36|         } else if (importMode === "src") {
     37|           obj = await import(join(pkgRoot, resolveSourcePath(value)));
 ❯ getPackageExportsManifest node_modules/.pnpm/vitest-package-exports@0.1.1/node_modules/vitest-package-exports/dist/index.mjs:29:5
 ❯ test/exports.test.ts:16:24

Caused by: Error: Failed to load url /app/packages/firebase/dist/useAuth.js (resolved id: /app/packages/firebase/dist/useAuth.js). Does the file exist?
 ❯ loadAndTransform node_modules/.pnpm/vite@7.1.7_@types+node@24.5.2_jiti@2.5.1_lightningcss@1.30.1_terser@5.24.0_tsx@4.20.5_yaml@2.8.1/node_modules/vite/dist/node/chunks/dep-Bm2ujbhY.js:26109:33

⎯⎯⎯⎯⎯⎯⎯⎯⎯⎯⎯⎯⎯⎯⎯⎯⎯⎯⎯⎯⎯⎯⎯[4/11]⎯

 FAIL  |unit| test/exports.test.ts > exports-snapshot > @vueuse/integrations
Error: Cannot find module '/app/packages/integrations/dist/index.js' imported from '/app/node_modules/.pnpm/vitest-package-exports@0.1.1/node_modules/vitest-package-exports/dist/index.mjs'
 ❯ node_modules/.pnpm/vitest-package-exports@0.1.1/node_modules/vitest-package-exports/dist/index.mjs:35:17
     33|           obj = await import(join(pkg.name, key));
     34|         } else if (importMode === "dist") {
     35|           obj = await import(join(pkgRoot, value));
       |                 ^
     36|         } else if (importMode === "src") {
     37|           obj = await import(join(pkgRoot, resolveSourcePath(value)));
 ❯ getPackageExportsManifest node_modules/.pnpm/vitest-package-exports@0.1.1/node_modules/vitest-package-exports/dist/index.mjs:29:5
 ❯ test/exports.test.ts:16:24

Caused by: Error: Failed to load url /app/packages/integrations/dist/index.js (resolved id: /app/packages/integrations/dist/index.js). Does the file exist?
 ❯ loadAndTransform node_modules/.pnpm/vite@7.1.7_@types+node@24.5.2_jiti@2.5.1_lightningcss@1.30.1_terser@5.24.0_tsx@4.20.5_yaml@2.8.1/node_modules/vite/dist/node/chunks/dep-Bm2ujbhY.js:26109:33

⎯⎯⎯⎯⎯⎯⎯⎯⎯⎯⎯⎯⎯⎯⎯⎯⎯⎯⎯⎯⎯⎯⎯[5/11]⎯

 FAIL  |unit| test/exports.test.ts > exports-snapshot > @vueuse/math
Error: Cannot find module '/app/packages/math/dist/index.js' imported from '/app/node_modules/.pnpm/vitest-package-exports@0.1.1/node_modules/vitest-package-exports/dist/index.mjs'
 ❯ node_modules/.pnpm/vitest-package-exports@0.1.1/node_modules/vitest-package-exports/dist/index.mjs:35:17
     33|           obj = await import(join(pkg.name, key));
     34|         } else if (importMode === "dist") {
     35|           obj = await import(join(pkgRoot, value));
       |                 ^
     36|         } else if (importMode === "src") {
     37|           obj = await import(join(pkgRoot, resolveSourcePath(value)));
 ❯ getPackageExportsManifest node_modules/.pnpm/vitest-package-exports@0.1.1/node_modules/vitest-package-exports/dist/index.mjs:29:5
 ❯ test/exports.test.ts:16:24

Caused by: Error: Failed to load url /app/packages/math/dist/index.js (resolved id: /app/packages/math/dist/index.js). Does the file exist?
 ❯ loadAndTransform node_modules/.pnpm/vite@7.1.7_@types+node@24.5.2_jiti@2.5.1_lightningcss@1.30.1_terser@5.24.0_tsx@4.20.5_yaml@2.8.1/node_modules/vite/dist/node/chunks/dep-Bm2ujbhY.js:26109:33

⎯⎯⎯⎯⎯⎯⎯⎯⎯⎯⎯⎯⎯⎯⎯⎯⎯⎯⎯⎯⎯⎯⎯[6/11]⎯

 FAIL  |unit| test/exports.test.ts > exports-snapshot > @vueuse/metadata
Error: Cannot find module '/app/packages/metadata/dist/index.js' imported from '/app/node_modules/.pnpm/vitest-package-exports@0.1.1/node_modules/vitest-package-exports/dist/index.mjs'
 ❯ node_modules/.pnpm/vitest-package-exports@0.1.1/node_modules/vitest-package-exports/dist/index.mjs:35:17
     33|           obj = await import(join(pkg.name, key));
     34|         } else if (importMode === "dist") {
     35|           obj = await import(join(pkgRoot, value));
       |                 ^
     36|         } else if (importMode === "src") {
     37|           obj = await import(join(pkgRoot, resolveSourcePath(value)));
 ❯ getPackageExportsManifest node_modules/.pnpm/vitest-package-exports@0.1.1/node_modules/vitest-package-exports/dist/index.mjs:29:5
 ❯ test/exports.test.ts:16:24

Caused by: Error: Failed to load url /app/packages/metadata/dist/index.js (resolved id: /app/packages/metadata/dist/index.js). Does the file exist?
 ❯ loadAndTransform node_modules/.pnpm/vite@7.1.7_@types+node@24.5.2_jiti@2.5.1_lightningcss@1.30.1_terser@5.24.0_tsx@4.20.5_yaml@2.8.1/node_modules/vite/dist/node/chunks/dep-Bm2ujbhY.js:26109:33

⎯⎯⎯⎯⎯⎯⎯⎯⎯⎯⎯⎯⎯⎯⎯⎯⎯⎯⎯⎯⎯⎯⎯[7/11]⎯

 FAIL  |unit| test/exports.test.ts > exports-snapshot > @vueuse/nuxt
Error: Cannot find module '/app/packages/nuxt/dist/index.js' imported from '/app/node_modules/.pnpm/vitest-package-exports@0.1.1/node_modules/vitest-package-exports/dist/index.mjs'
 ❯ node_modules/.pnpm/vitest-package-exports@0.1.1/node_modules/vitest-package-exports/dist/index.mjs:35:17
     33|           obj = await import(join(pkg.name, key));
     34|         } else if (importMode === "dist") {
     35|           obj = await import(join(pkgRoot, value));
       |                 ^
     36|         } else if (importMode === "src") {
     37|           obj = await import(join(pkgRoot, resolveSourcePath(value)));
 ❯ getPackageExportsManifest node_modules/.pnpm/vitest-package-exports@0.1.1/node_modules/vitest-package-exports/dist/index.mjs:29:5
 ❯ test/exports.test.ts:16:24

Caused by: Error: Failed to load url /app/packages/nuxt/dist/index.js (resolved id: /app/packages/nuxt/dist/index.js). Does the file exist?
 ❯ loadAndTransform node_modules/.pnpm/vite@7.1.7_@types+node@24.5.2_jiti@2.5.1_lightningcss@1.30.1_terser@5.24.0_tsx@4.20.5_yaml@2.8.1/node_modules/vite/dist/node/chunks/dep-Bm2ujbhY.js:26109:33

⎯⎯⎯⎯⎯⎯⎯⎯⎯⎯⎯⎯⎯⎯⎯⎯⎯⎯⎯⎯⎯⎯⎯[8/11]⎯

 FAIL  |unit| test/exports.test.ts > exports-snapshot > @vueuse/router
Error: Cannot find module '/app/packages/router/dist/index.js' imported from '/app/node_modules/.pnpm/vitest-package-exports@0.1.1/node_modules/vitest-package-exports/dist/index.mjs'
 ❯ node_modules/.pnpm/vitest-package-exports@0.1.1/node_modules/vitest-package-exports/dist/index.mjs:35:17
     33|           obj = await import(join(pkg.name, key));
     34|         } else if (importMode === "dist") {
     35|           obj = await import(join(pkgRoot, value));
       |                 ^
     36|         } else if (importMode === "src") {
     37|           obj = await import(join(pkgRoot, resolveSourcePath(value)));
 ❯ getPackageExportsManifest node_modules/.pnpm/vitest-package-exports@0.1.1/node_modules/vitest-package-exports/dist/index.mjs:29:5
 ❯ test/exports.test.ts:16:24

Caused by: Error: Failed to load url /app/packages/router/dist/index.js (resolved id: /app/packages/router/dist/index.js). Does the file exist?
 ❯ loadAndTransform node_modules/.pnpm/vite@7.1.7_@types+node@24.5.2_jiti@2.5.1_lightningcss@1.30.1_terser@5.24.0_tsx@4.20.5_yaml@2.8.1/node_modules/vite/dist/node/chunks/dep-Bm2ujbhY.js:26109:33

⎯⎯⎯⎯⎯⎯⎯⎯⎯⎯⎯⎯⎯⎯⎯⎯⎯⎯⎯⎯⎯⎯⎯[9/11]⎯

 FAIL  |unit| test/exports.test.ts > exports-snapshot > @vueuse/rxjs
Error: Cannot find module '/app/packages/rxjs/dist/index.js' imported from '/app/node_modules/.pnpm/vitest-package-exports@0.1.1/node_modules/vitest-package-exports/dist/index.mjs'
 ❯ node_modules/.pnpm/vitest-package-exports@0.1.1/node_modules/vitest-package-exports/dist/index.mjs:35:17
     33|           obj = await import(join(pkg.name, key));
     34|         } else if (importMode === "dist") {
     35|           obj = await import(join(pkgRoot, value));
       |                 ^
     36|         } else if (importMode === "src") {
     37|           obj = await import(join(pkgRoot, resolveSourcePath(value)));
 ❯ getPackageExportsManifest node_modules/.pnpm/vitest-package-exports@0.1.1/node_modules/vitest-package-exports/dist/index.mjs:29:5
 ❯ test/exports.test.ts:16:24

Caused by: Error: Failed to load url /app/packages/rxjs/dist/index.js (resolved id: /app/packages/rxjs/dist/index.js). Does the file exist?
 ❯ loadAndTransform node_modules/.pnpm/vite@7.1.7_@types+node@24.5.2_jiti@2.5.1_lightningcss@1.30.1_terser@5.24.0_tsx@4.20.5_yaml@2.8.1/node_modules/vite/dist/node/chunks/dep-Bm2ujbhY.js:26109:33

⎯⎯⎯⎯⎯⎯⎯⎯⎯⎯⎯⎯⎯⎯⎯⎯⎯⎯⎯⎯⎯⎯[10/11]⎯

 FAIL  |unit| test/exports.test.ts > exports-snapshot > @vueuse/shared
Error: Cannot find module '/app/packages/shared/dist/index.js' imported from '/app/node_modules/.pnpm/vitest-package-exports@0.1.1/node_modules/vitest-package-exports/dist/index.mjs'
 ❯ node_modules/.pnpm/vitest-package-exports@0.1.1/node_modules/vitest-package-exports/dist/index.mjs:35:17
     33|           obj = await import(join(pkg.name, key));
     34|         } else if (importMode === "dist") {
     35|           obj = await import(join(pkgRoot, value));
       |                 ^
     36|         } else if (importMode === "src") {
     37|           obj = await import(join(pkgRoot, resolveSourcePath(value)));
 ❯ getPackageExportsManifest node_modules/.pnpm/vitest-package-exports@0.1.1/node_modules/vitest-package-exports/dist/index.mjs:29:5
 ❯ test/exports.test.ts:16:24

Caused by: Error: Failed to load url /app/packages/shared/dist/index.js (resolved id: /app/packages/shared/dist/index.js). Does the file exist?
 ❯ loadAndTransform node_modules/.pnpm/vite@7.1.7_@types+node@24.5.2_jiti@2.5.1_lightningcss@1.30.1_terser@5.24.0_tsx@4.20.5_yaml@2.8.1/node_modules/vite/dist/node/chunks/dep-Bm2ujbhY.js:26109:33

⎯⎯⎯⎯⎯⎯⎯⎯⎯⎯⎯⎯⎯⎯⎯⎯⎯⎯⎯⎯⎯⎯[11/11]⎯

⎯⎯⎯⎯⎯⎯ Unhandled Errors ⎯⎯⎯⎯⎯⎯

Vitest caught 6 unhandled errors during the test run.
This might cause false positive tests. Resolve unhandled errors to make sure your tests are not affected.

⎯⎯⎯⎯ Unhandled Rejection ⎯⎯⎯⎯⎯
ReferenceError: getComputedStyle is not defined
 ❯ setArrivedState packages/core/useScroll/index.ts:213:51
 ❯ Proxy.measure packages/core/useScroll/index.ts:335:9
 ❯ checkAndLoad packages/core/useInfiniteScroll/index.ts:80:11
 ❯ packages/core/useInfiniteScroll/index.ts:98:28

This error originated in "packages/core/useInfiniteScroll/index.test.ts" test file. It doesn't mean the error was thrown inside the file itself, but while it was running.
This error was caught after test environment was torn down. Make sure to cancel any running tasks before test finishes:
- cancel timeouts using clearTimeout and clearInterval
- wait for promises to resolve using the await keyword

⎯⎯⎯⎯ Unhandled Rejection ⎯⎯⎯⎯⎯
ReferenceError: getComputedStyle is not defined
 ❯ setArrivedState packages/core/useScroll/index.ts:213:51
 ❯ Proxy.measure packages/core/useScroll/index.ts:335:9
 ❯ checkAndLoad packages/core/useInfiniteScroll/index.ts:80:11
 ❯ packages/core/useInfiniteScroll/index.ts:98:28

This error originated in "packages/core/useInfiniteScroll/index.test.ts" test file. It doesn't mean the error was thrown inside the file itself, but while it was running.
This error was caught after test environment was torn down. Make sure to cancel any running tasks before test finishes:
- cancel timeouts using clearTimeout and clearInterval
- wait for promises to resolve using the await keyword

⎯⎯⎯⎯ Unhandled Rejection ⎯⎯⎯⎯⎯
ReferenceError: getComputedStyle is not defined
 ❯ setArrivedState packages/core/useScroll/index.ts:213:51
 ❯ Proxy.measure packages/core/useScroll/index.ts:335:9
 ❯ checkAndLoad packages/core/useInfiniteScroll/index.ts:80:11
 ❯ packages/core/useInfiniteScroll/index.ts:98:28

This error originated in "packages/core/useInfiniteScroll/index.test.ts" test file. It doesn't mean the error was thrown inside the file itself, but while it was running.
This error was caught after test environment was torn down. Make sure to cancel any running tasks before test finishes:
- cancel timeouts using clearTimeout and clearInterval
- wait for promises to resolve using the await keyword

⎯⎯⎯⎯ Unhandled Rejection ⎯⎯⎯⎯⎯
ReferenceError: getComputedStyle is not defined
 ❯ setArrivedState packages/core/useScroll/index.ts:213:51
 ❯ Proxy.measure packages/core/useScroll/index.ts:335:9
 ❯ checkAndLoad packages/core/useInfiniteScroll/index.ts:80:11
 ❯ packages/core/useInfiniteScroll/index.ts:98:28

This error originated in "packages/core/useInfiniteScroll/index.test.ts" test file. It doesn't mean the error was thrown inside the file itself, but while it was running.
This error was caught after test environment was torn down. Make sure to cancel any running tasks before test finishes:
- cancel timeouts using clearTimeout and clearInterval
- wait for promises to resolve using the await keyword

⎯⎯⎯⎯ Unhandled Rejection ⎯⎯⎯⎯⎯
ReferenceError: getComputedStyle is not defined
 ❯ setArrivedState packages/core/useScroll/index.ts:213:51
 ❯ Proxy.measure packages/core/useScroll/index.ts:335:9
 ❯ checkAndLoad packages/core/useInfiniteScroll/index.ts:80:11
 ❯ packages/core/useInfiniteScroll/index.ts:98:28

This error originated in "packages/core/useInfiniteScroll/index.test.ts" test file. It doesn't mean the error was thrown inside the file itself, but while it was running.
This error was caught after test environment was torn down. Make sure to cancel any running tasks before test finishes:
- cancel timeouts using clearTimeout and clearInterval
- wait for promises to resolve using the await keyword

⎯⎯⎯⎯ Unhandled Rejection ⎯⎯⎯⎯⎯
ReferenceError: getComputedStyle is not defined
 ❯ setArrivedState packages/core/useScroll/index.ts:213:51
 ❯ Proxy.measure packages/core/useScroll/index.ts:335:9
 ❯ checkAndLoad packages/core/useInfiniteScroll/index.ts:80:11
 ❯ packages/core/useInfiniteScroll/index.ts:98:28

This error originated in "packages/core/useInfiniteScroll/index.test.ts" test file. It doesn't mean the error was thrown inside the file itself, but while it was running.
This error was caught after test environment was torn down. Make sure to cancel any running tasks before test finishes:
- cancel timeouts using clearTimeout and clearInterval
- wait for promises to resolve using the await keyword
⎯⎯⎯⎯⎯⎯⎯⎯⎯⎯⎯⎯⎯⎯⎯⎯⎯⎯⎯⎯⎯⎯⎯⎯⎯⎯⎯⎯⎯⎯


 Test Files  1 failed | 194 passed (195)
      Tests  11 failed | 1412 passed | 1 skipped | 8 todo (1432)
     Errors  6 errors
   Start at  23:21:45
   Duration  42.10s (transform 31.11s, setup 447.92s, collect 222.28s, tests 28.28s, environment 201.51s, prepare 103.12s)

 ELIFECYCLE  Command failed with exit code 1.

> @vueuse/monorepo@14.0.0-beta.1 test:browser /app
> vitest --project="browser*"


 RUN  v3.2.4 /app

11:22:29 PM [vite] (client) Re-optimizing dependencies because vite config has changed

⎯⎯⎯⎯⎯⎯ Unhandled Errors ⎯⎯⎯⎯⎯⎯

Vitest caught 1 unhandled error during the test run.
This might cause false positive tests. Resolve unhandled errors to make sure your tests are not affected.

⎯⎯⎯⎯⎯⎯ Unhandled Error ⎯⎯⎯⎯⎯⎯⎯
Error: browserType.launch: Target page, context or browser has been closed
Browser logs:

<launching> /root/.cache/ms-playwright/webkit-2104/pw_run.sh --inspector-pipe --headless --no-startup-window
<launched> pid=5572
[pid=5572][err]
[pid=5572][err] (MiniBrowser:5585): GStreamer-WARNING **: 06:22:30.163: External plugin loader failed. This most likely means that the plugin loader helper binary was not found or could not be run. You might need to set the GST_PLUGIN_SCANNER environment variable if your setup is unusual. This should normally not be required though.
[pid=5572][err]
[pid=5572][err] (MiniBrowser:5585): libsoup-ERROR **: 06:22:30.364: libsoup3 symbols detected. Using libsoup2 and libsoup3 in the same process is not supported.
[pid=5572][err] /root/.cache/ms-playwright/webkit-2104/pw_run.sh: line 24:  5585 Trace/breakpoint trap   (core dumped) WEBKIT_FORCE_COMPLEX_TEXT="1" "$MINIBROWSER" "$@"
[pid=5572] <process did exit: exitCode=133, signal=null>
[pid=5572] starting temporary directories cleanup
Call log:
  - <launching> /root/.cache/ms-playwright/webkit-2104/pw_run.sh --inspector-pipe --headless --no-startup-window
  - <launched> pid=5572
  - [pid=5572][err]
  - [pid=5572][err] (MiniBrowser:5585): GStreamer-WARNING **: 06:22:30.163: External plugin loader failed. This most likely means that the plugin loader helper binary was not found or could not be run. You might need to set the GST_PLUGIN_SCANNER environment variable if your setup is unusual. This should normally not be required though.
  - [pid=5572][err]
  - [pid=5572][err] (MiniBrowser:5585): libsoup-ERROR **: 06:22:30.364: libsoup3 symbols detected. Using libsoup2 and libsoup3 in the same process is not supported.
  - [pid=5572][err] /root/.cache/ms-playwright/webkit-2104/pw_run.sh: line 24:  5585 Trace/breakpoint trap   (core dumped) WEBKIT_FORCE_COMPLEX_TEXT="1" "$MINIBROWSER" "$@"
  - [pid=5572] <process did exit: exitCode=133, signal=null>
  - [pid=5572] starting temporary directories cleanup

 ❯ node_modules/.pnpm/@vitest+browser@3.2.4_msw@2.3.0_typescript@5.9.2__playwright@1.49.0_vite@7.1.7_@types+n_e17c7a5ebcd53c3120c220d664212413/node_modules/@vitest/browser/dist/webdriver-KA1WiV0q.js:80:54

⎯⎯⎯⎯⎯⎯⎯⎯⎯⎯⎯⎯⎯⎯⎯⎯⎯⎯⎯⎯⎯⎯⎯⎯⎯⎯⎯⎯⎯⎯


 Test Files   (22)
      Tests  no tests
     Errors  1 error
   Start at  23:22:29
   Duration  1.38s (transform 0ms, setup 0ms, collect 0ms, tests 0ms, environment 0ms, prepare 0ms)

error during close browserType.launch: Target page, context or browser has been closed
Browser logs:

<launching> /root/.cache/ms-playwright/webkit-2104/pw_run.sh --inspector-pipe --headless --no-startup-window
<launched> pid=5572
[pid=5572][err]
[pid=5572][err] (MiniBrowser:5585): GStreamer-WARNING **: 06:22:30.163: External plugin loader failed. This most likely means that the plugin loader helper binary was not found or could not be run. You might need to set the GST_PLUGIN_SCANNER environment variable if your setup is unusual. This should normally not be required though.
[pid=5572][err]
[pid=5572][err] (MiniBrowser:5585): libsoup-ERROR **: 06:22:30.364: libsoup3 symbols detected. Using libsoup2 and libsoup3 in the same process is not supported.
[pid=5572][err] /root/.cache/ms-playwright/webkit-2104/pw_run.sh: line 24:  5585 Trace/breakpoint trap   (core dumped) WEBKIT_FORCE_COMPLEX_TEXT="1" "$MINIBROWSER" "$@"
[pid=5572] <process did exit: exitCode=133, signal=null>
[pid=5572] starting temporary directories cleanup
Call log:
  - <launching> /root/.cache/ms-playwright/webkit-2104/pw_run.sh --inspector-pipe --headless --no-startup-window
  - <launched> pid=5572
  - [pid=5572][err]
  - [pid=5572][err] (MiniBrowser:5585): GStreamer-WARNING **: 06:22:30.163: External plugin loader failed. This most likely means that the plugin loader helper binary was not found or could not be run. You might need to set the GST_PLUGIN_SCANNER environment variable if your setup is unusual. This should normally not be required though.
  - [pid=5572][err]
  - [pid=5572][err] (MiniBrowser:5585): libsoup-ERROR **: 06:22:30.364: libsoup3 symbols detected. Using libsoup2 and libsoup3 in the same process is not supported.
  - [pid=5572][err] /root/.cache/ms-playwright/webkit-2104/pw_run.sh: line 24:  5585 Trace/breakpoint trap   (core dumped) WEBKIT_FORCE_COMPLEX_TEXT="1" "$MINIBROWSER" "$@"
  - [pid=5572] <process did exit: exitCode=133, signal=null>
  - [pid=5572] starting temporary directories cleanup

    at /app/node_modules/.pnpm/@vitest+browser@3.2.4_msw@2.3.0_typescript@5.9.2__playwright@1.49.0_vite@7.1.7_@types+n_e17c7a5ebcd53c3120c220d664212413/node_modules/@vitest/browser/dist/webdriver-KA1WiV0q.js:80:54 {
  type: 'Unhandled Error',
  stacks: [
    {
      method: '',
      file: '/app/node_modules/.pnpm/@vitest+browser@3.2.4_msw@2.3.0_typescript@5.9.2__playwright@1.49.0_vite@7.1.7_@types+n_e17c7a5ebcd53c3120c220d664212413/node_modules/@vitest/browser/dist/webdriver-KA1WiV0q.js',
      line: 80,
      column: 54
    }
  ]
}
 ELIFECYCLE  Command failed with exit code 1.

> @vueuse/monorepo@14.0.0-beta.1 test:server /app
> vitest --project="server*"


 RUN  v3.2.4 /app

··

 Test Files  2 passed (2)
      Tests  2 passed (2)
   Start at  23:22:32
   Duration  780ms (transform 160ms, setup 0ms, collect 276ms, tests 9ms, environment 1ms, prepare 190ms)

