Using pip 22.0.2 from /app/venv/lib/python3.11/site-packages/pip (python 3.11)
Obtaining file:///app
  Checking if build backend supports build_editable: started
  Running command Checking if build backend supports build_editable
  Checking if build backend supports build_editable: finished with status 'done'
ERROR: Exception:
Traceback (most recent call last):
  File "/app/venv/lib/python3.11/site-packages/pip/_internal/cli/base_command.py", line 165, in exc_logging_wrapper
    status = run_func(*args)
             ^^^^^^^^^^^^^^^
  File "/app/venv/lib/python3.11/site-packages/pip/_internal/cli/req_command.py", line 205, in wrapper
    return func(self, options, args)
           ^^^^^^^^^^^^^^^^^^^^^^^^^
  File "/app/venv/lib/python3.11/site-packages/pip/_internal/commands/install.py", line 339, in run
    requirement_set = resolver.resolve(
                      ^^^^^^^^^^^^^^^^^
  File "/app/venv/lib/python3.11/site-packages/pip/_internal/resolution/resolvelib/resolver.py", line 75, in resolve
    collected = self.factory.collect_root_requirements(root_reqs)
                ^^^^^^^^^^^^^^^^^^^^^^^^^^^^^^^^^^^^^^^^^^^^^^^^^
  File "/app/venv/lib/python3.11/site-packages/pip/_internal/resolution/resolvelib/factory.py", line 506, in collect_root_requirements
    req = self._make_requirement_from_install_req(
          ^^^^^^^^^^^^^^^^^^^^^^^^^^^^^^^^^^^^^^^^
  File "/app/venv/lib/python3.11/site-packages/pip/_internal/resolution/resolvelib/factory.py", line 468, in _make_requirement_from_install_req
    cand = self._make_candidate_from_link(
           ^^^^^^^^^^^^^^^^^^^^^^^^^^^^^^^
  File "/app/venv/lib/python3.11/site-packages/pip/_internal/resolution/resolvelib/factory.py", line 188, in _make_candidate_from_link
    self._editable_candidate_cache[link] = EditableCandidate(
                                           ^^^^^^^^^^^^^^^^^^
  File "/app/venv/lib/python3.11/site-packages/pip/_internal/resolution/resolvelib/candidates.py", line 313, in __init__
    super().__init__(
  File "/app/venv/lib/python3.11/site-packages/pip/_internal/resolution/resolvelib/candidates.py", line 158, in __init__
    self.dist = self._prepare()
                ^^^^^^^^^^^^^^^
  File "/app/venv/lib/python3.11/site-packages/pip/_internal/resolution/resolvelib/candidates.py", line 227, in _prepare
    dist = self._prepare_distribution()
           ^^^^^^^^^^^^^^^^^^^^^^^^^^^^
  File "/app/venv/lib/python3.11/site-packages/pip/_internal/resolution/resolvelib/candidates.py", line 323, in _prepare_distribution
    return self._factory.preparer.prepare_editable_requirement(self._ireq)
           ^^^^^^^^^^^^^^^^^^^^^^^^^^^^^^^^^^^^^^^^^^^^^^^^^^^^^^^^^^^^^^^
  File "/app/venv/lib/python3.11/site-packages/pip/_internal/operations/prepare.py", line 609, in prepare_editable_requirement
    dist = _get_prepared_distribution(
           ^^^^^^^^^^^^^^^^^^^^^^^^^^^
  File "/app/venv/lib/python3.11/site-packages/pip/_internal/operations/prepare.py", line 58, in _get_prepared_distribution
    abstract_dist.prepare_distribution_metadata(finder, build_isolation)
  File "/app/venv/lib/python3.11/site-packages/pip/_internal/distributions/sdist.py", line 47, in prepare_distribution_metadata
    self.req.prepare_metadata()
  File "/app/venv/lib/python3.11/site-packages/pip/_internal/req/req_install.py", line 514, in prepare_metadata
    and self.supports_pyproject_editable()
        ^^^^^^^^^^^^^^^^^^^^^^^^^^^^^^^^^^
  File "/app/venv/lib/python3.11/site-packages/pip/_internal/req/req_install.py", line 229, in supports_pyproject_editable
    return "build_editable" in self.pep517_backend._supported_features()
                               ^^^^^^^^^^^^^^^^^^^^^^^^^^^^^^^^^^^^^^^^^
  File "/app/venv/lib/python3.11/site-packages/pip/_vendor/pep517/wrappers.py", line 159, in _supported_features
    return self._call_hook('_supported_features', {})
           ^^^^^^^^^^^^^^^^^^^^^^^^^^^^^^^^^^^^^^^^^^
  File "/app/venv/lib/python3.11/site-packages/pip/_vendor/pep517/wrappers.py", line 332, in _call_hook
    raise BackendUnavailable(data.get('traceback', ''))
pip._vendor.pep517.wrappers.BackendUnavailable: Traceback (most recent call last):
  File "/app/venv/lib/python3.11/site-packages/pip/_vendor/pep517/in_process/_in_process.py", line 89, in _build_backend
    obj = import_module(mod_path)
          ^^^^^^^^^^^^^^^^^^^^^^^
  File "/usr/lib/python3.11/importlib/__init__.py", line 126, in import_module
    return _bootstrap._gcd_import(name[level:], package, level)
           ^^^^^^^^^^^^^^^^^^^^^^^^^^^^^^^^^^^^^^^^^^^^^^^^^^^^
  File "<frozen importlib._bootstrap>", line 1206, in _gcd_import
  File "<frozen importlib._bootstrap>", line 1178, in _find_and_load
  File "<frozen importlib._bootstrap>", line 1142, in _find_and_load_unlocked
ModuleNotFoundError: No module named 'mesonpy'

