yarn run v1.22.22
$ jest
PASS packages/normalize-color/__tests__/normalizeColor-test.js (6.276 s)
PASS .github/workflow-scripts/__tests__/generateChangelog-test.js (6.323 s)
PASS packages/react-native/scripts/swiftpm/__tests__/prepare-app-dependencies-headers-test.js (6.284 s)
PASS scripts/releases-ci/__tests__/publish-updated-packages-test.js (6.356 s)
PASS scripts/releases/utils/__tests__/version-utils-test.js (6.301 s)
PASS packages/dev-middleware/src/__tests__/getDevToolsFrontendUrl-test.js (6.736 s)
PASS packages/react-native/Libraries/Utilities/__tests__/PerformanceLogger-test.js (6.618 s)
PASS packages/react-native/Libraries/Utilities/differ/__tests__/deepDiffer-test.js (6.548 s)
PASS packages/react-native/Libraries/Animated/__tests__/Easing-test.js (6.563 s)
PASS packages/react-native/Libraries/vendor/emitter/__tests__/EventEmitter-test.js (6.61 s)
PASS .github/workflow-scripts/__tests__/createDraftRelease-test.js (6.553 s)
PASS packages/react-native/Libraries/Core/Devtools/__tests__/parseHermesStack-test.js
PASS packages/react-native/scripts/swiftpm/__tests__/utils-test.js (6.625 s)
  ‚óè Console

    console.error
      Failed to process headers from /tmp/headers-test-4VGp5c/nonexistent: Command failed: find "/tmp/headers-test-4VGp5c/nonexistent" \( -name "*.h" -o -name "*.hpp" \) -type f -print
      find: '/tmp/headers-test-4VGp5c/nonexistent': No such file or directory

      19 | // $FlowFixMe[cannot-write]
      20 | console.error = (...args) => {
    > 21 |   consoleError(...args);
         |               ^
      22 |   throw new Error('console.error() was called (see error above)');
      23 | };
      24 |

      at console.apply (packages/react-native/jest/local-setup.js:21:15)
      at Object.error [as listHeadersInFolder] (packages/react-native/scripts/swiftpm/utils.js:45:13)
      at listHeadersInFolder (packages/react-native/scripts/swiftpm/__tests__/utils-test.js:238:7)
      at Object.<anonymous> (node_modules/expect/build/toThrowMatchers.js:74:11)
      at Object.throwingMatcher [as toThrow] (node_modules/expect/build/index.js:320:21)
      at Object.toThrow (packages/react-native/scripts/swiftpm/__tests__/utils-test.js:239:8)

PASS packages/virtualized-lists/Lists/__tests__/ViewabilityHelper-test.js (6.694 s)
PASS packages/react-native/Libraries/Utilities/__tests__/deepFreezeAndThrowOnMutationInDev-test.js
PASS scripts/releases-ci/__tests__/publish-npm-test.js (6.952 s)
PASS packages/react-native-codegen/src/parsers/__tests__/utils-test.js (7.036 s)
PASS packages/react-native/Libraries/StyleSheet/__tests__/processFilter-test.js (7.077 s)
PASS scripts/releases/utils/__tests__/dotslash-utils-test.js (7.009 s)
PASS packages/react-native/Libraries/StyleSheet/__tests__/processBoxShadow-test.js (7.002 s)
PASS packages/react-native/Libraries/Core/Timers/__tests__/JSTimers-test.js (7.058 s)
PASS packages/react-native/Libraries/LogBox/Data/__tests__/parseLogBoxLog-test.js (7.193 s)
PASS packages/react-native/Libraries/BatchedBridge/__tests__/NativeModules-test.js (7.211 s)
PASS packages/react-native/Libraries/BatchedBridge/__tests__/MessageQueue-test.js
PASS packages/react-native/scripts/hermes/__tests__/hermes-utils-test.js (7.173 s)
PASS packages/virtualized-lists/Lists/__tests__/ListMetricsAggregator-test.js (7.219 s)
PASS packages/react-native/Libraries/ReactNative/ReactFabricPublicInstance/__tests__/ReactNativeAttributePayload-test.js (7.244 s)
PASS packages/react-native/Libraries/LogBox/Data/__tests__/LogBoxLog-test.js (7.256 s)
PASS packages/virtualized-lists/Lists/__tests__/VirtualizeUtils-test.js (7.376 s)
PASS packages/react-native/scripts/swiftpm/__tests__/headers-utils-test.js (7.363 s)
PASS packages/react-native-codegen/src/cli/combine/__tests__/combine-utils-test.js
PASS packages/react-native/src/private/featureflags/__tests__/ReactNativeFeatureFlags-test.js
PASS packages/virtualized-lists/Lists/__tests__/CellRenderMask-test.js
PASS packages/react-native/Libraries/NativeComponent/__tests__/StaticViewConfigValidator-test.js
PASS packages/react-native/Libraries/Image/__tests__/ImageSourceUtils-test.js
PASS packages/react-native/Libraries/Core/__tests__/ReactNativeVersionCheck-test.js
PASS packages/react-native/Libraries/StyleSheet/__tests__/flattenStyle-test.js
PASS packages/react-native/Libraries/StyleSheet/__tests__/processColorArray-test.js
PASS packages/virtualized-lists/Lists/__tests__/FillRateHelper-test.js
PASS packages/react-native/Libraries/Blob/__tests__/URL-test.js
PASS packages/react-native/src/private/webapis/dom/oldstylecollections/__tests__/NodeList-test.js
PASS packages/react-native/Libraries/StyleSheet/__tests__/processTransformOrigin-test.js
PASS .github/workflow-scripts/__tests__/verifyPublishedPackage-test.js
PASS packages/react-native/Libraries/Image/__tests__/resolveAssetSource-test.js (7.801 s)
PASS packages/react-native/Libraries/StyleSheet/__tests__/processColor-test.js
PASS packages/react-native/Libraries/StyleSheet/__tests__/processTransform-test.js
PASS packages/react-native/Libraries/Utilities/__tests__/useMergeRefs-test.js
PASS packages/react-native/Libraries/Utilities/__tests__/useRefEffect-test.js
PASS scripts/releases/__tests__/upload-release-assets-for-dotslash-test.js (7.92 s)
PASS packages/react-native/Libraries/LogBox/UI/__tests__/LogBoxMessage-test.js
PASS packages/react-native/Libraries/Animated/__tests__/Interpolation-test.js (8.031 s)
PASS packages/react-native/Libraries/StyleSheet/__tests__/normalizeColor-test.js
PASS packages/react-native/Libraries/Core/Devtools/__tests__/loadBundleFromServer-test.js (7.99 s)
PASS packages/react-native/Libraries/Core/__tests__/ExceptionsManager-test.js (8.056 s)
PASS packages/react-native/Libraries/LogBox/UI/__tests__/LogBoxInspectorReactFrames-test.js
PASS packages/react-native/Libraries/LogBox/__tests__/LogBoxInspectorContainer-test.js
PASS packages/react-native/Libraries/Components/View/__tests__/View-test.js
PASS packages/react-native/Libraries/Animated/__tests__/AnimatedValue-test.js (8.042 s)
PASS scripts/releases/__tests__/write-dotslash-release-asset-urls-test.js
PASS scripts/releases/utils/__tests__/npm-utils-test.js
PASS packages/react-native/Libraries/Text/__tests__/Text-test.js
PASS scripts/js-api/build-types/transforms/typescript/__tests__/inlineTypesVisitor-test.js (8.314 s)
PASS scripts/js-api/build-types/utils/__tests__/resolveCyclicImportsInDefinition-test.js
PASS packages/react-native/Libraries/Utilities/__tests__/stringifySafe-test.js
PASS packages/react-native-codegen/src/parsers/__tests__/error-utils-test.js (8.316 s)
PASS .github/workflow-scripts/__tests__/publishTemplate-test.js
PASS packages/react-native/Libraries/Utilities/__tests__/codegenNativeComponent-test.js
PASS packages/react-native/Libraries/Animated/__tests__/NativeAnimatedAllowlist-test.js
PASS packages/debugger-shell/__tests__/dotslash-test.js
PASS packages/react-native/Libraries/LogBox/UI/__tests__/LogBoxInspectorCodeFrame-test.js
PASS .github/workflow-scripts/__tests__/verifyReleaseOnNpm-test.js
PASS packages/react-native/Libraries/LogBox/Data/__tests__/LogBoxData-test.js (8.332 s)
PASS packages/react-native-codegen/src/parsers/__tests__/parsers-test.js (8.422 s)
PASS packages/react-native/Libraries/Network/__tests__/FormData-test.js
PASS .github/workflow-scripts/__tests__/verifyArtifactsAreOnMaven-test.js
(node:679) [DEP0147] DeprecationWarning: In future versions of Node.js, fs.rmdir(path, { recursive: true }) will be removed. Use fs.rm(path, { recursive: true }) instead
(Use `node --trace-deprecation ...` to show where the warning was created)
PASS packages/react-native/scripts/codegen/__tests__/generate-artifacts-executor-test.js (8.482 s)
  ‚óè Console

    console.log
      [36m[1m[Codegen][0m Analyzing /app/packages/react-native/scripts/codegen/__fixtures__/test-app/package.json[0m

      at Object.log [as codegenLog] (packages/react-native/scripts/codegen/generate-artifacts-executor/utils.js:35:11)

    console.log
      [36m[1m[Codegen][0m Could not find generated autolinking output at: /app/packages/react-native/scripts/codegen/__fixtures__/test-app/temp/build/generated/autolinking/autolinking.json[0m

      at log (packages/react-native/scripts/codegen/generate-artifacts-executor/utils.js:35:11)

    console.log
      [36m[1m[Codegen][0m Could not find React Native config at: /app/packages/react-native/scripts/codegen/__fixtures__/test-app/react-native.config.js[0m

      at log (packages/react-native/scripts/codegen/generate-artifacts-executor/utils.js:35:11)

    console.log
      [36m[1m[Codegen][0m [33mSearching for codegen-enabled libraries in the app.[0m

      at log (packages/react-native/scripts/codegen/generate-artifacts-executor/utils.js:35:11)

    console.log
      [36m[1m[Codegen][0m Found test-app[0m

      at log (packages/react-native/scripts/codegen/generate-artifacts-executor/utils.js:35:11)

    console.log
      [36m[1m[Codegen][0m Could not find generated autolinking output at: /app/packages/react-native/scripts/codegen/__fixtures__/test-app/temp/build/generated/autolinking/autolinking.json[0m

      at log (packages/react-native/scripts/codegen/generate-artifacts-executor/utils.js:35:11)

    console.log
      [36m[1m[Codegen][0m [33mSearching for codegen-enabled libraries in the project dependencies.[0m

      at log (packages/react-native/scripts/codegen/generate-artifacts-executor/utils.js:35:11)

    console.log
      [36m[1m[Codegen][0m Found test-library[0m

      at log (packages/react-native/scripts/codegen/generate-artifacts-executor/utils.js:35:11)
          at Array.flatMap (<anonymous>)

    console.log
      [36m[1m[Codegen][0m [33mSearching for codegen-enabled libraries in react-native.config.js[0m

      at log (packages/react-native/scripts/codegen/generate-artifacts-executor/utils.js:35:11)

    console.log
      [36m[1m[Codegen][0m Generating RCTThirdPartyComponentsProvider.h[0m

      at Object.log [as codegenLog] (packages/react-native/scripts/codegen/generate-artifacts-executor/utils.js:35:11)

    console.log
      [36m[1m[Codegen][0m Generated artifact: /app/packages/react-native/scripts/codegen/__fixtures__/test-app/temp/build/generated/ios/ReactCodegen/RCTThirdPartyComponentsProvider.h[0m

      at Object.log [as codegenLog] (packages/react-native/scripts/codegen/generate-artifacts-executor/utils.js:35:11)

    console.log
      [36m[1m[Codegen][0m Generating RCTThirdPartyComponentsProvider.mm[0m

      at Object.log [as codegenLog] (packages/react-native/scripts/codegen/generate-artifacts-executor/utils.js:35:11)

    console.log
      [36m[1m[Codegen][0m Generated artifact: /app/packages/react-native/scripts/codegen/__fixtures__/test-app/temp/build/generated/ios/ReactCodegen/RCTThirdPartyComponentsProvider.mm[0m

      at Object.log [as codegenLog] (packages/react-native/scripts/codegen/generate-artifacts-executor/utils.js:35:11)

    console.log
      [36m[1m[Codegen][0m Generating RCTModulesProvider.h[0m

      at Object.log [as codegenLog] (packages/react-native/scripts/codegen/generate-artifacts-executor/utils.js:35:11)

    console.log
      [36m[1m[Codegen][0m Generated artifact: /app/packages/react-native/scripts/codegen/__fixtures__/test-app/temp/build/generated/ios/ReactCodegen/RCTModuleProviders.h[0m

      at Object.log [as codegenLog] (packages/react-native/scripts/codegen/generate-artifacts-executor/utils.js:35:11)

    console.log
      [36m[1m[Codegen][0m Generating RCTModuleProviders.mm[0m

      at Object.log [as codegenLog] (packages/react-native/scripts/codegen/generate-artifacts-executor/utils.js:35:11)

    console.log
      [36m[1m[Codegen][0m Generated artifact: /app/packages/react-native/scripts/codegen/__fixtures__/test-app/temp/build/generated/ios/ReactCodegen/RCTModuleProviders.mm[0m

      at Object.log [as codegenLog] (packages/react-native/scripts/codegen/generate-artifacts-executor/utils.js:35:11)

    console.log
      [36m[1m[Codegen][0m Generating RCTAppDependencyProvider[0m

      at Object.log [as codegenLog] (packages/react-native/scripts/codegen/generate-artifacts-executor/utils.js:35:11)

    console.log
      [36m[1m[Codegen][0m Generated artifact: /app/packages/react-native/scripts/codegen/__fixtures__/test-app/temp/build/generated/ios/ReactAppDependencyProvider/RCTAppDependencyProvider.h[0m

      at Object.log [as codegenLog] (packages/react-native/scripts/codegen/generate-artifacts-executor/utils.js:35:11)

    console.log
      [36m[1m[Codegen][0m Generated artifact: /app/packages/react-native/scripts/codegen/__fixtures__/test-app/temp/build/generated/ios/ReactAppDependencyProvider/RCTAppDependencyProvider.mm[0m

      at Object.log [as codegenLog] (packages/react-native/scripts/codegen/generate-artifacts-executor/utils.js:35:11)

    console.log
      [36m[1m[Codegen][0m Generated podspec: /app/packages/react-native/scripts/codegen/__fixtures__/test-app/temp/build/generated/ios/ReactAppDependencyProvider/ReactAppDependencyProvider.podspec[0m

      at Object.log [as codegenLog] (packages/react-native/scripts/codegen/generate-artifacts-executor/utils.js:35:11)

    console.log
      [36m[1m[Codegen][0m Generated podspec: /app/packages/react-native/scripts/codegen/__fixtures__/test-app/temp/build/generated/ios/ReactCodegen/ReactCodegen.podspec[0m

      at Object.log [as codegenLog] (packages/react-native/scripts/codegen/generate-artifacts-executor/utils.js:35:11)

    console.log
      [36m[1m[Codegen][0m Generating Package.swift[0m

      at Object.log [as codegenLog] (packages/react-native/scripts/codegen/generate-artifacts-executor/utils.js:35:11)

    console.log
      [36m[1m[Codegen][0m Generated artifact: /app/packages/react-native/scripts/codegen/__fixtures__/test-app/temp/build/generated/ios/Package.swift[0m

      at Object.log [as codegenLog] (packages/react-native/scripts/codegen/generate-artifacts-executor/utils.js:35:11)

    console.log
      [36m[1m[Codegen][0m [33mDone.[0m

      at Object.log [as codegenLog] (packages/react-native/scripts/codegen/generate-artifacts-executor/utils.js:35:11)

    console.log
      [36m[1m[Codegen][0m Found undefined[0m

      at log (packages/react-native/scripts/codegen/generate-artifacts-executor/utils.js:35:11)

    console.log
      [36m[1m[Codegen][0m Found undefined[0m

      at log (packages/react-native/scripts/codegen/generate-artifacts-executor/utils.js:35:11)

    console.log
      [36m[1m[Codegen][0m CodegenConfig Deprecated Setup for undefined.
          The configuration file still contains the codegen in the libraries array.
          If possible, replace it with a single object.
        [0m

      at log (packages/react-native/scripts/codegen/generate-artifacts-executor/utils.js:35:11)

    console.log
      [36m[1m[Codegen][0m BEFORE:
          {
            // ...
            "codegenConfig": {
              "libraries": [
                {
                  "name": "libName1",
                  "type": "all|components|modules",
                  "jsSrcsRoot": "libName1/js"
                },
                {
                  "name": "libName2",
                  "type": "all|components|modules",
                  "jsSrcsRoot": "libName2/src"
                }
              ]
            }
          }

          AFTER:
          {
            "codegenConfig": {
              "name": "libraries",
              "type": "all",
              "jsSrcsRoot": "."
            }
          }
        [0m

      at log (packages/react-native/scripts/codegen/generate-artifacts-executor/utils.js:35:11)

    console.log
      [36m[1m[Codegen][0m Found undefined[0m

      at log (packages/react-native/scripts/codegen/generate-artifacts-executor/utils.js:35:11)

    console.log
      [36m[1m[Codegen][0m CodegenConfig Deprecated Setup for undefined.
          The configuration file still contains the codegen in the libraries array.
          If possible, replace it with a single object.
        [0m

      at log (packages/react-native/scripts/codegen/generate-artifacts-executor/utils.js:35:11)

    console.log
      [36m[1m[Codegen][0m BEFORE:
          {
            // ...
            "codegenConfig": {
              "libraries": [
                {
                  "name": "libName1",
                  "type": "all|components|modules",
                  "jsSrcsRoot": "libName1/js"
                },
                {
                  "name": "libName2",
                  "type": "all|components|modules",
                  "jsSrcsRoot": "libName2/src"
                }
              ]
            }
          }

          AFTER:
          {
            "codegenConfig": {
              "name": "libraries",
              "type": "all",
              "jsSrcsRoot": "."
            }
          }
        [0m

      at log (packages/react-native/scripts/codegen/generate-artifacts-executor/utils.js:35:11)

    console.log
      [36m[1m[Codegen][0m Found undefined[0m

      at log (packages/react-native/scripts/codegen/generate-artifacts-executor/utils.js:35:11)

    console.log
      [36m[1m[Codegen][0m CodegenConfig Deprecated Setup for undefined.
          The configuration file still contains the codegen in the libraries array.
          If possible, replace it with a single object.
        [0m

      at log (packages/react-native/scripts/codegen/generate-artifacts-executor/utils.js:35:11)

    console.log
      [36m[1m[Codegen][0m BEFORE:
          {
            // ...
            "codegenConfig": {
              "libraries": [
                {
                  "name": "libName1",
                  "type": "all|components|modules",
                  "jsSrcsRoot": "libName1/js"
                },
                {
                  "name": "libName2",
                  "type": "all|components|modules",
                  "jsSrcsRoot": "libName2/src"
                }
              ]
            }
          }

          AFTER:
          {
            "codegenConfig": {
              "name": "libraries",
              "type": "all",
              "jsSrcsRoot": "."
            }
          }
        [0m

      at log (packages/react-native/scripts/codegen/generate-artifacts-executor/utils.js:35:11)

    console.log
      [36m[1m[Codegen][0m Analyzing /app/packages/react-native/scripts/codegen/__fixtures__/test-app-legacy/package.json[0m

      at Object.log [as codegenLog] (packages/react-native/scripts/codegen/generate-artifacts-executor/utils.js:35:11)

    console.log
      [36m[1m[Codegen][0m Could not find generated autolinking output at: /app/packages/react-native/scripts/codegen/__fixtures__/test-app-legacy/temp/build/generated/autolinking/autolinking.json[0m

      at log (packages/react-native/scripts/codegen/generate-artifacts-executor/utils.js:35:11)

    console.log
      [36m[1m[Codegen][0m Could not find React Native config at: /app/packages/react-native/scripts/codegen/__fixtures__/test-app-legacy/react-native.config.js[0m

      at log (packages/react-native/scripts/codegen/generate-artifacts-executor/utils.js:35:11)

    console.log
      [36m[1m[Codegen][0m [33mSearching for codegen-enabled libraries in the app.[0m

      at log (packages/react-native/scripts/codegen/generate-artifacts-executor/utils.js:35:11)

    console.log
      [36m[1m[Codegen][0m Found test-app-legacy[0m

      at log (packages/react-native/scripts/codegen/generate-artifacts-executor/utils.js:35:11)

    console.log
      [36m[1m[Codegen][0m Could not find generated autolinking output at: /app/packages/react-native/scripts/codegen/__fixtures__/test-app-legacy/temp/build/generated/autolinking/autolinking.json[0m

      at log (packages/react-native/scripts/codegen/generate-artifacts-executor/utils.js:35:11)

    console.log
      [36m[1m[Codegen][0m [33mSearching for codegen-enabled libraries in the project dependencies.[0m

      at log (packages/react-native/scripts/codegen/generate-artifacts-executor/utils.js:35:11)

    console.log
      [36m[1m[Codegen][0m [33mSearching for codegen-enabled libraries in react-native.config.js[0m

      at log (packages/react-native/scripts/codegen/generate-artifacts-executor/utils.js:35:11)

    console.log
      [36m[1m[Codegen][0m Generating RCTThirdPartyComponentsProvider.h[0m

      at Object.log [as codegenLog] (packages/react-native/scripts/codegen/generate-artifacts-executor/utils.js:35:11)

    console.log
      [36m[1m[Codegen][0m Generated artifact: /app/packages/react-native/scripts/codegen/__fixtures__/test-app-legacy/temp/build/generated/ios/ReactCodegen/RCTThirdPartyComponentsProvider.h[0m

      at Object.log [as codegenLog] (packages/react-native/scripts/codegen/generate-artifacts-executor/utils.js:35:11)

    console.log
      [36m[1m[Codegen][0m Generating RCTThirdPartyComponentsProvider.mm[0m

      at Object.log [as codegenLog] (packages/react-native/scripts/codegen/generate-artifacts-executor/utils.js:35:11)

    console.log
      [36m[1m[Codegen][0m Generated artifact: /app/packages/react-native/scripts/codegen/__fixtures__/test-app-legacy/temp/build/generated/ios/ReactCodegen/RCTThirdPartyComponentsProvider.mm[0m

      at Object.log [as codegenLog] (packages/react-native/scripts/codegen/generate-artifacts-executor/utils.js:35:11)

    console.log
      [36m[1m[Codegen][0m Generating RCTModulesProvider.h[0m

      at Object.log [as codegenLog] (packages/react-native/scripts/codegen/generate-artifacts-executor/utils.js:35:11)

    console.log
      [36m[1m[Codegen][0m Generated artifact: /app/packages/react-native/scripts/codegen/__fixtures__/test-app-legacy/temp/build/generated/ios/ReactCodegen/RCTModuleProviders.h[0m

      at Object.log [as codegenLog] (packages/react-native/scripts/codegen/generate-artifacts-executor/utils.js:35:11)

    console.log
      [36m[1m[Codegen][0m Generating RCTModuleProviders.mm[0m

      at Object.log [as codegenLog] (packages/react-native/scripts/codegen/generate-artifacts-executor/utils.js:35:11)

    console.log
      [36m[1m[Codegen][0m Generated artifact: /app/packages/react-native/scripts/codegen/__fixtures__/test-app-legacy/temp/build/generated/ios/ReactCodegen/RCTModuleProviders.mm[0m

      at Object.log [as codegenLog] (packages/react-native/scripts/codegen/generate-artifacts-executor/utils.js:35:11)

    console.log
      [36m[1m[Codegen][0m Generating RCTAppDependencyProvider[0m

      at Object.log [as codegenLog] (packages/react-native/scripts/codegen/generate-artifacts-executor/utils.js:35:11)

    console.log
      [36m[1m[Codegen][0m Generated artifact: /app/packages/react-native/scripts/codegen/__fixtures__/test-app-legacy/temp/build/generated/ios/ReactAppDependencyProvider/RCTAppDependencyProvider.h[0m

      at Object.log [as codegenLog] (packages/react-native/scripts/codegen/generate-artifacts-executor/utils.js:35:11)

    console.log
      [36m[1m[Codegen][0m Generated artifact: /app/packages/react-native/scripts/codegen/__fixtures__/test-app-legacy/temp/build/generated/ios/ReactAppDependencyProvider/RCTAppDependencyProvider.mm[0m

      at Object.log [as codegenLog] (packages/react-native/scripts/codegen/generate-artifacts-executor/utils.js:35:11)

    console.log
      [36m[1m[Codegen][0m Generated podspec: /app/packages/react-native/scripts/codegen/__fixtures__/test-app-legacy/temp/build/generated/ios/ReactAppDependencyProvider/ReactAppDependencyProvider.podspec[0m

      at Object.log [as codegenLog] (packages/react-native/scripts/codegen/generate-artifacts-executor/utils.js:35:11)

    console.log
      [36m[1m[Codegen][0m Generated podspec: /app/packages/react-native/scripts/codegen/__fixtures__/test-app-legacy/temp/build/generated/ios/ReactCodegen/ReactCodegen.podspec[0m

      at Object.log [as codegenLog] (packages/react-native/scripts/codegen/generate-artifacts-executor/utils.js:35:11)

    console.log
      [36m[1m[Codegen][0m Generating Package.swift[0m

      at Object.log [as codegenLog] (packages/react-native/scripts/codegen/generate-artifacts-executor/utils.js:35:11)

    console.log
      [36m[1m[Codegen][0m Generated artifact: /app/packages/react-native/scripts/codegen/__fixtures__/test-app-legacy/temp/build/generated/ios/Package.swift[0m

      at Object.log [as codegenLog] (packages/react-native/scripts/codegen/generate-artifacts-executor/utils.js:35:11)

    console.log
      [36m[1m[Codegen][0m [33mDone.[0m

      at Object.log [as codegenLog] (packages/react-native/scripts/codegen/generate-artifacts-executor/utils.js:35:11)

    console.log
      [36m[1m[Codegen][0m Found undefined[0m

      at log (packages/react-native/scripts/codegen/generate-artifacts-executor/utils.js:35:11)

    console.log
      [36m[1m[Codegen][0m Found undefined[0m

      at log (packages/react-native/scripts/codegen/generate-artifacts-executor/utils.js:35:11)

    console.log
      [36m[1m[Codegen][0m CodegenConfig Deprecated Setup for undefined.
          The configuration file still contains the codegen in the libraries array.
          If possible, replace it with a single object.
        [0m

      at log (packages/react-native/scripts/codegen/generate-artifacts-executor/utils.js:35:11)

    console.log
      [36m[1m[Codegen][0m BEFORE:
          {
            // ...
            "codegenConfig": {
              "libraries": [
                {
                  "name": "libName1",
                  "type": "all|components|modules",
                  "jsSrcsRoot": "libName1/js"
                },
                {
                  "name": "libName2",
                  "type": "all|components|modules",
                  "jsSrcsRoot": "libName2/src"
                }
              ]
            }
          }

          AFTER:
          {
            "codegenConfig": {
              "name": "libraries",
              "type": "all",
              "jsSrcsRoot": "."
            }
          }
        [0m

      at log (packages/react-native/scripts/codegen/generate-artifacts-executor/utils.js:35:11)

    console.log
      [36m[1m[Codegen][0m Found undefined[0m

      at log (packages/react-native/scripts/codegen/generate-artifacts-executor/utils.js:35:11)

    console.log
      [36m[1m[Codegen][0m CodegenConfig Deprecated Setup for undefined.
          The configuration file still contains the codegen in the libraries array.
          If possible, replace it with a single object.
        [0m

      at log (packages/react-native/scripts/codegen/generate-artifacts-executor/utils.js:35:11)

    console.log
      [36m[1m[Codegen][0m BEFORE:
          {
            // ...
            "codegenConfig": {
              "libraries": [
                {
                  "name": "libName1",
                  "type": "all|components|modules",
                  "jsSrcsRoot": "libName1/js"
                },
                {
                  "name": "libName2",
                  "type": "all|components|modules",
                  "jsSrcsRoot": "libName2/src"
                }
              ]
            }
          }

          AFTER:
          {
            "codegenConfig": {
              "name": "libraries",
              "type": "all",
              "jsSrcsRoot": "."
            }
          }
        [0m

      at log (packages/react-native/scripts/codegen/generate-artifacts-executor/utils.js:35:11)

    console.log
      [36m[1m[Codegen][0m Found undefined[0m

      at log (packages/react-native/scripts/codegen/generate-artifacts-executor/utils.js:35:11)

    console.log
      [36m[1m[Codegen][0m CodegenConfig Deprecated Setup for undefined.
          The configuration file still contains the codegen in the libraries array.
          If possible, replace it with a single object.
        [0m

      at log (packages/react-native/scripts/codegen/generate-artifacts-executor/utils.js:35:11)

    console.log
      [36m[1m[Codegen][0m BEFORE:
          {
            // ...
            "codegenConfig": {
              "libraries": [
                {
                  "name": "libName1",
                  "type": "all|components|modules",
                  "jsSrcsRoot": "libName1/js"
                },
                {
                  "name": "libName2",
                  "type": "all|components|modules",
                  "jsSrcsRoot": "libName2/src"
                }
              ]
            }
          }

          AFTER:
          {
            "codegenConfig": {
              "name": "libraries",
              "type": "all",
              "jsSrcsRoot": "."
            }
          }
        [0m

      at log (packages/react-native/scripts/codegen/generate-artifacts-executor/utils.js:35:11)

    console.log
      [36m[1m[Codegen][0m [33mSearching for podspec in the project dependencies.[0m

      at Object.log [as codegenLog] (packages/react-native/scripts/codegen/generate-artifacts-executor/utils.js:35:11)

    console.log
      [36m[1m[Codegen][0m Supported Apple platforms: ios, macos, visionos for test-library[0m

      at Object.log [as codegenLog] (packages/react-native/scripts/codegen/generate-artifacts-executor/utils.js:35:11)

    console.log
      [36m[1m[Codegen][0m [33mSearching for podspec in the project dependencies.[0m

      at Object.log [as codegenLog] (packages/react-native/scripts/codegen/generate-artifacts-executor/utils.js:35:11)

    console.log
      [36m[1m[Codegen][0m Supported Apple platforms: ios, macos, tvos for test-library-2[0m

      at Object.log [as codegenLog] (packages/react-native/scripts/codegen/generate-artifacts-executor/utils.js:35:11)

PASS packages/react-native/Libraries/StyleSheet/__tests__/processBackgroundImage-test.js (8.436 s)
PASS scripts/js-api/diff-api-snapshot/__tests__/diffApiSnapshot-test.js
PASS packages/react-native/Libraries/Pressability/__tests__/Pressability-test.js (8.62 s)
PASS .github/workflow-scripts/__tests__/extractIssueOncalls-test.js
  ‚óè Console

    console.log
      9555 7565

      at log (.github/workflow-scripts/extractIssueOncalls.js:15:11)

    console.log
      9555 7565

      at log (.github/workflow-scripts/extractIssueOncalls.js:15:11)

    console.log
      1785 1332

      at log (.github/workflow-scripts/extractIssueOncalls.js:15:11)

    console.log
      1785 1332

      at log (.github/workflow-scripts/extractIssueOncalls.js:15:11)

    console.log
      1785 1332

      at log (.github/workflow-scripts/extractIssueOncalls.js:15:11)

    console.log
      1785 1332

      at log (.github/workflow-scripts/extractIssueOncalls.js:15:11)

    console.log
      1785 1332

      at log (.github/workflow-scripts/extractIssueOncalls.js:15:11)

    console.log
      1785 1332

      at log (.github/workflow-scripts/extractIssueOncalls.js:15:11)

PASS packages/react-native/Libraries/Image/__tests__/Image-test.js (8.552 s)
PASS packages/react-native/Libraries/Blob/__tests__/Blob-test.js
PASS scripts/releases/utils/__tests__/scm-utils-test.js
PASS packages/react-native/Libraries/Components/Touchable/__tests__/TouchableNativeFeedback-test.js
PASS scripts/js-api/build-types/transforms/typescript/__tests__/stripUnstableApis-test.js
PASS packages/react-native/Libraries/LogBox/UI/__tests__/LogBoxInspectorMessageHeader-test.js
PASS scripts/js-api/build-types/transforms/typescript/__tests__/simplifyTypes-test.js
PASS packages/react-native/src/private/animated/__tests__/createAnimatedPropsMemoHook-test.js (8.645 s)
PASS packages/assets/__tests__/path-support-test.js
PASS packages/react-native/Libraries/LogBox/__tests__/LogBox-test.js (8.726 s)
  ‚óè Console

    console.log
      Test

      at Object.log (packages/react-native/Libraries/LogBox/__tests__/LogBox-test.js:417:13)

PASS packages/react-native/Libraries/Animated/__tests__/bezier-test.js
PASS packages/react-native/scripts/codegen/__tests__/generate-specs-cli-executor-test.js
PASS packages/react-native-codegen/src/parsers/__tests__/parsers-primitives-test.js (8.831 s)
PASS packages/react-native/Libraries/ReactNative/__tests__/FabricUIManager-test.js
PASS packages/react-native/Libraries/LogBox/UI/__tests__/LogBoxInspector-test.js
PASS packages/react-native/Libraries/Components/Keyboard/__tests__/Keyboard-test.js
PASS packages/community-cli-plugin/src/commands/bundle/__tests__/getAssetDestPathAndroid-test.js
PASS packages/react-native/Libraries/Utilities/__tests__/Dimensions-test.js
PASS packages/react-native/Libraries/Blob/__tests__/File-test.js
PASS scripts/releases/__tests__/set-rn-artifacts-version-test.js
PASS packages/react-native-babel-preset/src/__tests__/plugin-warn-on-deep-imports-test.js
PASS packages/react-native/Libraries/StyleSheet/__tests__/processAspectRatio-test.js
PASS packages/react-native/Libraries/Network/__tests__/XMLHttpRequest-test.js (8.891 s)
PASS packages/react-native/Libraries/LogBox/Data/__tests__/LogBoxSymbolication-test.js
PASS scripts/js-api/build-types/transforms/typescript/__tests__/renameDefaultExportedIdentifiers-test.js
PASS scripts/releases/__tests__/set-version-test.js
PASS packages/react-native/src/private/webapis/dom/oldstylecollections/__tests__/HTMLCollection-test.js
PASS packages/react-native/Libraries/Components/Touchable/__tests__/TouchableWithoutFeedback-test.js
PASS packages/react-native/src/private/webapis/geometry/__tests__/DOMRectList-test.js
PASS packages/react-native-codegen/src/parsers/__tests__/parsers-commons-test.js (8.888 s)
PASS private/eslint-plugin-monorepo/rules/__tests__/no-react-native-imports-test.js
PASS packages/react-native/Libraries/Utilities/__tests__/mapWithSeparator-test.js
PASS packages/react-native/Libraries/LogBox/UI/__tests__/LogBoxInspectorHeader-test.js
PASS packages/react-native-codegen/src/__tests__/SchemaValidator-test.js
PASS packages/react-native/Libraries/LogBox/__tests__/LogBoxNotificationContainer-test.js
PASS private/eslint-plugin-monorepo/rules/__tests__/require-extends-error-test.js
PASS packages/react-native/Libraries/LogBox/UI/__tests__/LogBoxNotification-test.js
PASS packages/react-native/Libraries/StyleSheet/__tests__/processFontVariant-test.js
PASS packages/react-native/Libraries/Utilities/__tests__/Platform-test.js
PASS packages/react-native/Libraries/LogBox/UI/__tests__/LogBoxInspectorStackFrame-test.js
PASS packages/eslint-config-react-native/__tests__/prettier-config-test.js
PASS packages/react-native/Libraries/LogBox/UI/__tests__/LogBoxInspectorFooter-test.js
PASS packages/react-native/Libraries/Components/Touchable/__tests__/TouchableHighlight-test.js
PASS scripts/js-api/build-types/transforms/typescript/__tests__/versionExportedApis-test.js (9.22 s)
PASS packages/react-native/Libraries/Blob/__tests__/FileReader-test.js
PASS packages/react-native/Libraries/Utilities/__tests__/binaryToBase64-test.js
PASS packages/debugger-shell/__tests__/electron-dependency-test.js
PASS packages/dev-middleware/src/__tests__/getBaseUrlFromRequest-test.js
PASS packages/eslint-plugin-react-native/__tests__/no-deep-imports-test.js
PASS packages/react-native/Libraries/Components/StatusBar/__tests__/StatusBar-test.js
PASS packages/react-native/Libraries/LogBox/UI/__tests__/LogBoxButton-test.js
(node:823) DeprecationWarning: "react-native-manifest" rule is using `context.parserServices`, which is deprecated and will be removed in ESLint v9. Please use `sourceCode.parserServices` instead.
(Use `node --trace-deprecation ...` to show where the warning was created)
PASS private/eslint-plugin-monorepo/rules/__tests__/react-native-manifest-test.js
PASS scripts/js-api/build-types/transforms/flow/__tests__/replaceRequiresWithImports-test.js
PASS packages/react-native/Libraries/Utilities/__tests__/PixelRatio-test.js
PASS packages/community-cli-plugin/src/commands/bundle/__tests__/getAssetDestPathIOS-test.js
PASS packages/react-native-codegen/src/parsers/consistency/__tests__/checkModuleSnaps-test.js
PASS private/eslint-plugin-monorepo/rules/__tests__/no-haste-imports-test.js
PASS packages/react-native/Libraries/Utilities/differ/__tests__/matricesDiffer-test.js
PASS packages/react-native/Libraries/Image/__tests__/AssetUtils-test.js
PASS packages/debugger-shell/src/node/__tests__/debugger-shell-test.js
PASS packages/react-native/Libraries/StyleSheet/__tests__/StyleSheet-test.js
PASS packages/react-native/Libraries/Components/Pressable/__tests__/Pressable-test.js
PASS packages/react-native/Libraries/Core/Devtools/__tests__/parseErrorStack-test.js
/app/node_modules/electron/dist/electron: error while loading shared libraries: libglib-2.0.so.0: cannot open shared object file: No such file or directory
PASS packages/react-native/src/private/animated/__tests__/createAnimatedPropsHook-test.js
PASS packages/react-native/Libraries/Blob/__tests__/BlobRegistry-test.js
PASS packages/react-native/Libraries/StyleSheet/__tests__/splitLayoutProps-test.js
PASS scripts/releases/utils/__tests__/curl-utils-test.js
PASS packages/react-native-compatibility-check/src/__tests__/TypeDiffing-test.js (9.89 s)
PASS packages/react-native/Libraries/Image/__tests__/ImageBackground-test.js
PASS packages/react-native/Libraries/StyleSheet/__tests__/setNormalizedColorAlpha-test.js
PASS scripts/js-api/build-types/transforms/flow/__tests__/reattachDocComments-test.js
PASS packages/react-native/Libraries/Utilities/__tests__/logError-test.js
PASS packages/react-native-compatibility-check/src/__tests__/VersionDiffing-test.js (9.898 s)
PASS packages/react-native/Libraries/Utilities/__tests__/useColorScheme-test.js
PASS packages/react-native-codegen/e2e/deep_imports/__tests__/modules/GenerateModuleCpp-test.js
PASS packages/community-cli-plugin/src/commands/bundle/__tests__/filterPlatformAssetScales-test.js
PASS packages/eslint-plugin-react-native/__tests__/platform-colors-test.js
PASS packages/react-native/Libraries/LogBox/UI/__tests__/LogBoxInspectorSection-test.js
PASS scripts/js-api/build-types/transforms/flow/__tests__/replaceNullablePropertiesWithUndefined-test.js
PASS packages/react-native-codegen/src/parsers/flow/modules/__tests__/module-parser-snapshot-test.js
PASS scripts/js-api/build-types/transforms/flow/__tests__/ensureNoUnprefixedProps-test.js
PASS packages/react-native-codegen/e2e/namespaced/__tests__/components/GenerateComponentDescriptorH-test.js
PASS packages/react-native-codegen/e2e/deep_imports/__tests__/modules/GenerateModuleH-test.js
PASS packages/react-native-codegen/src/parsers/typescript/components/__tests__/typescript-component-parser-test.js
PASS packages/react-native/Libraries/Animated/__tests__/TimingAnimation-test.js
PASS scripts/js-api/build-types/transforms/flow/__tests__/replaceEmptyWithNever-test.js
PASS packages/react-native-codegen/e2e/namespaced/__tests__/components/GenerateShadowNodeH-test.js
[BABEL] Note: The code generator has deoptimised the styling of undefined as it exceeds the max of 500KB.
PASS packages/react-native-codegen/e2e/namespaced/__tests__/components/GenerateEventEmitterCpp-test.js
PASS packages/react-native-codegen/e2e/deep_imports/__tests__/components/GenerateEventEmitterCpp-test.js
PASS packages/react-native-codegen/e2e/deep_imports/__tests__/components/GenerateShadowNodeH-test.js
PASS packages/react-native-codegen/e2e/namespaced/__tests__/components/GenerateShadowNodeCpp-test.js
PASS scripts/js-api/build-types/transforms/flow/__tests__/replaceStringishWithString-test.js
PASS packages/react-native-codegen/src/parsers/flow/components/__tests__/component-parser-test.js
PASS packages/react-native/Libraries/Components/TextInput/__tests__/InputAccessoryView-test.js
PASS packages/react-native-codegen/e2e/deep_imports/__tests__/components/GenerateShadowNodeCpp-test.js
PASS packages/react-native-codegen/e2e/deep_imports/__tests__/components/GenerateComponentDescriptorH-test.js
PASS packages/react-native-codegen/e2e/namespaced/__tests__/components/GeneratePropsCpp-test.js
PASS packages/react-native/Libraries/Components/ProgressBarAndroid/__tests__/ProgressBarAndroid-test.js
PASS scripts/js-api/build-types/transforms/typescript/__tests__/removeUndefinedFromOptionalMembers-test.js
PASS private/eslint-plugin-monorepo/rules/__tests__/no-commonjs-exports-test.js
PASS packages/react-native-codegen/e2e/namespaced/__tests__/components/GenerateComponentHObjCpp-test.js
PASS packages/react-native/Libraries/Components/DrawerAndroid/__tests__/DrawerAndroid-test.js
PASS packages/react-native-codegen/src/parsers/typescript/modules/__tests__/typescript-module-parser-snapshot-test.js
PASS packages/virtualized-lists/Utilities/__tests__/clamp-test.js
PASS packages/react-native-codegen/e2e/deep_imports/__tests__/components/GeneratePropsCpp-test.js
(node:593) DeprecationWarning: "../react-native-modules" rule is using the deprecated function-style format and will stop working in ESLint v9. Please use object-style format: https://eslint.org/docs/latest/extend/custom-rules
(Use `node --trace-deprecation ...` to show where the warning was created)
PASS packages/eslint-plugin-specs/__tests__/react-native-modules-test.js
PASS packages/react-native-codegen/e2e/namespaced/__tests__/components/GenerateEventEmitterH-test.js
PASS packages/react-native/Libraries/Components/SafeAreaView/__tests__/SafeAreaView-test.js
PASS packages/react-native-codegen/e2e/deep_imports/__tests__/components/GenerateComponentHObjCpp-test.js
PASS packages/react-native/Libraries/Utilities/__tests__/SceneTracker-test.js
PASS packages/react-native-codegen/src/generators/components/__tests__/GenerateComponentDescriptorCpp-test.js
PASS packages/react-native-codegen/e2e/deep_imports/__tests__/components/GeneratePropsJavaInterface-test.js
PASS packages/react-native-compatibility-check/src/__tests__/ErrorFormatting-test.js
PASS packages/react-native-codegen/src/generators/components/__tests__/GenerateViewConfigJs-test.js
PASS packages/react-native/Libraries/Animated/__tests__/AnimatedProps-test.js
PASS scripts/js-api/build-types/transforms/flow/__tests__/stripPrivateProperties-test.js
PASS packages/react-native/Libraries/Blob/__tests__/BlobManager-test.js
PASS packages/react-native-codegen/src/generators/components/__tests__/GenerateEventEmitterCpp-test.js
PASS packages/react-native-codegen/src/generators/components/__tests__/GenerateShadowNodeCpp-test.js
PASS packages/react-native-codegen/src/generators/components/__tests__/GenerateShadowNodeH-test.js
PASS packages/react-native-codegen/src/generators/components/__tests__/GeneratePropsCpp-test.js
PASS packages/react-native-codegen/e2e/namespaced/__tests__/components/GeneratePropsH-test.js
PASS packages/react-native-codegen/src/generators/components/__tests__/GenerateStateCpp-test.js
PASS packages/react-native-codegen/e2e/deep_imports/__tests__/components/GeneratePropsJavaDelegate-test.js
PASS packages/react-native-codegen/e2e/namespaced/__tests__/components/GeneratePropsJavaInterface-test.js
PASS packages/react-native-codegen/src/generators/modules/__tests__/GenerateModuleCpp-test.js
PASS private/monorepo-tests/__tests__/no-dev-dependencies-in-react-native-package-test.js
PASS packages/react-native/Libraries/Utilities/__tests__/ReactNativeTestTools-test.js
PASS packages/react-native-codegen/src/generators/modules/__tests__/GenerateModuleJavaSpec-test.js
PASS scripts/js-api/build-types/transforms/typescript/__tests__/sortProperties-test.js
PASS packages/react-native-codegen/src/generators/components/__tests__/GenerateComponentDescriptorH-test.js
PASS packages/react-native-codegen/src/generators/modules/__tests__/GenerateModuleJniCpp-test.js
PASS private/monorepo-tests/__tests__/no-dependencies-in-root-package-test.js
PASS packages/react-native-codegen/e2e/deep_imports/__tests__/components/GeneratePropsH-test.js
PASS packages/react-native-codegen/src/generators/modules/__tests__/GenerateModuleJniH-test.js
PASS packages/react-native-codegen/src/generators/__tests__/RNCodegen-test.js
PASS private/eslint-plugin-monorepo/rules/__tests__/valid-flow-typed-signature-test.js
PASS packages/react-native-codegen/src/generators/components/__tests__/GenerateComponentHObjCpp-test.js
PASS packages/react-native-codegen/src/generators/components/__tests__/GeneratePropsJavaInterface-test.js
PASS packages/react-native-codegen/e2e/deep_imports/__tests__/components/GenerateEventEmitterH-test.js
PASS packages/react-native-codegen/src/generators/components/__tests__/GeneratePropsJavaDelegate-test.js
PASS packages/react-native-codegen/src/generators/components/__tests__/GenerateEventEmitterH-test.js
PASS packages/react-native-codegen/src/generators/modules/__tests__/GenerateModuleH-test.js
PASS packages/react-native/Libraries/Image/__tests__/assetRelativePathInSnapshot-test.js
PASS packages/react-native-codegen/e2e/namespaced/__tests__/components/GeneratePropsJavaDelegate-test.js
PASS packages/react-native/Libraries/Utilities/__tests__/DeviceInfo-test.js
PASS packages/react-native-codegen/src/generators/components/__tests__/GenerateStateH-test.js
PASS packages/react-native/jest/__tests__/setup-test.js
PASS packages/react-native-codegen/src/generators/components/__tests__/GenerateThirdPartyFabricComponentsProviderObjCpp-test.js
PASS packages/react-native-codegen/src/generators/components/__tests__/GenerateThirdPartyFabricComponentsProviderH-test.js
PASS packages/react-native/Libraries/Utilities/__tests__/warnOnce-test.js
PASS packages/react-native-codegen/src/generators/components/__tests__/GeneratePropsH-test.js
PASS packages/react-native-codegen/src/generators/modules/__tests__/GenerateModuleMm-test.js
PASS scripts/js-api/build-types/transforms/typescript/__tests__/organizeDeclarations-test.js
PASS packages/react-native-codegen/src/generators/modules/__tests__/GenerateModuleHObjCpp-test.js
PASS packages/react-native-codegen/src/generators/components/__tests__/GenerateTests-test.js
PASS packages/react-native/Libraries/Components/ActivityIndicator/__tests__/ActivityIndicator-test.js
PASS packages/react-native/Libraries/Animated/__tests__/AnimatedMock-test.js
[BABEL] Note: The code generator has deoptimised the styling of undefined as it exceeds the max of 500KB.
PASS packages/react-native/Libraries/Animated/__tests__/Animated-web-test.js
PASS packages/react-native/Libraries/WebSocket/__tests__/WebSocket-test.js
PASS packages/react-native-codegen/src/generators/components/__tests__/GeneratePropsJavaPojo-test.js
PASS packages/react-native/Libraries/Components/Touchable/__tests__/TouchableOpacity-test.js
PASS packages/react-native/Libraries/Animated/__tests__/AnimatedObject-test.js
PASS packages/react-native/Libraries/LogBox/UI/__tests__/LogBoxInspectorStackFrames-test.js
PASS packages/react-native-codegen/e2e/namespaced/__tests__/components/GenerateViewConfigJs-test.js
PASS scripts/js-api/build-types/transforms/typescript/__tests__/sortUnions-test.js
PASS packages/dev-middleware/src/__tests__/embedderScriptStub-test.js
PASS packages/react-native/Libraries/Components/__tests__/Button-test.js
PASS private/eslint-plugin-monorepo/rules/__tests__/no-react-node-imports-test.js
PASS packages/react-native-codegen/e2e/deep_imports/__tests__/modules/GenerateModuleObjCpp-test.js
PASS packages/react-native-codegen/src/parsers/consistency/__tests__/checkComponentSnaps-test.js
PASS packages/react-native-codegen/e2e/deep_imports/__tests__/components/GenerateViewConfigJs-test.js
PASS packages/react-native-babel-transformer/src/__tests__/transform-test.js
PASS packages/babel-plugin-codegen/__tests__/index-test.js
PASS packages/react-native/Libraries/Lists/__tests__/SectionList-test.js
PASS packages/dev-middleware/src/__tests__/StandaloneFuseboxShell-test.js
PASS packages/virtualized-lists/Lists/__tests__/VirtualizedSectionList-test.js (11.666 s)
PASS scripts/js-api/build-types/transforms/typescript/__tests__/replaceDefaultExportName-test.js
PASS packages/react-native/Libraries/Modal/__tests__/Modal-test.js
PASS packages/react-native/Libraries/Lists/__tests__/FlatList-test.js (11.666 s)
PASS packages/react-native/Libraries/Components/ScrollView/__tests__/ScrollView-test.js
PASS packages/dev-middleware/src/__tests__/InspectorProxyHttpApi-test.js (11.727 s)
PASS packages/virtualized-lists/Lists/__tests__/VirtualizedList-test.js (12.326 s)
PASS packages/react-native/src/private/animated/__tests__/AnimatedNative-test.js (12.314 s)
PASS packages/react-native/Libraries/Animated/__tests__/Animated-test.js (12.281 s)
PASS packages/react-native-codegen/src/parsers/typescript/modules/__tests__/typescript-module-parser-e2e-test.js (12.265 s)
PASS packages/react-native-codegen/src/parsers/flow/modules/__tests__/module-parser-e2e-test.js (12.332 s)
[BABEL] Note: The code generator has deoptimised the styling of undefined as it exceeds the max of 500KB.
[BABEL] Note: The code generator has deoptimised the styling of undefined as it exceeds the max of 500KB.
PASS packages/react-native/Libraries/LogBox/UI/__tests__/LogBoxInspectorSourceMapStatus-test.js
PASS private/eslint-plugin-monorepo/__tests__/eslintrc-test.js
PASS packages/react-native/Libraries/Components/TextInput/__tests__/TextInput-test.js (13.935 s)
/app/packages/debugger-shell/bin/react-native-devtools: error while loading shared libraries: libglib-2.0.so.0: cannot open shared object file: No such file or directory
PASS packages/dev-middleware/src/__tests__/InspectorProxyCustomMessageHandler-test.js (18.869 s)
PASS packages/dev-middleware/src/__tests__/InspectorProxyReactNativeReloads-test.js (20.478 s)
PASS packages/dev-middleware/src/__tests__/InspectorProxyCdpTransport-test.js (22.992 s)
PASS packages/dev-middleware/src/__tests__/InspectorProxyDeviceHandoff-test.js (23.812 s)
PASS packages/dev-middleware/src/__tests__/InspectorProxyCdpRewritingHacks-test.js (58.568 s)
A worker process has failed to exit gracefully and has been force exited. This is likely caused by tests leaking due to improper teardown. Try running with --detectOpenHandles to find leaks. Active timers can also cause this, ensure that .unref() was called on them.

Test Suites: 275 passed, 275 total
Tests:       2 skipped, 5245 passed, 5247 total
Snapshots:   1683 passed, 1683 total
Time:        61.666 s
Ran all test suites.
Done in 63.04s.
