[INFO] Scanning for projects...
[INFO] ------------------------------------------------------------------------
[INFO] Detecting the operating system and CPU architecture
[INFO] ------------------------------------------------------------------------
[INFO] os.detected.name: linux
[INFO] os.detected.arch: x86_64
[INFO] os.detected.bitness: 64
[INFO] os.detected.version: 5.4
[INFO] os.detected.version.major: 5
[INFO] os.detected.version.minor: 4
[INFO] os.detected.release: ubuntu
[INFO] os.detected.release.version: 24.04
[INFO] os.detected.release.like.ubuntu: true
[INFO] os.detected.release.like.debian: true
[INFO] os.detected.classifier: linux-x86_64
[INFO] ------------------------------------------------------------------------
[INFO] Reactor Build Order:
[INFO]
[INFO] Gson Parent                                                        [pom]
[INFO] Gson                                                               [jar]
[INFO] Test: Java Platform Module System (JPMS)                           [jar]
[INFO] Test: GraalVM Native Image                                         [jar]
[INFO] Test: Code shrinking (ProGuard / R8)                               [jar]
[INFO] Gson Extras                                                        [jar]
[INFO] Gson Metrics                                                       [jar]
[INFO] Gson Protobuf Support                                              [jar]
[INFO]
[INFO] ------------------< com.google.code.gson:gson-parent >------------------
[INFO] Building Gson Parent 2.13.3-SNAPSHOT                               [1/8]
[INFO] --------------------------------[ pom ]---------------------------------
[INFO]
[INFO] --- maven-enforcer-plugin:3.6.1:enforce (enforce-versions) @ gson-parent ---
[INFO] Rule 0: org.apache.maven.enforcer.rules.version.RequireMavenVersion passed
[INFO] Rule 1: org.apache.maven.enforcer.rules.version.RequireJavaVersion passed
[INFO]
[INFO] --- spotless-maven-plugin:2.46.1:check (default) @ gson-parent ---
[INFO] Index file does not exist. Fallback to an empty index
[INFO] Spotless.Format is keeping 16 files clean - 0 needs changes to be clean, 16 were already clean, 0 were skipped because caching determined they were already clean
[INFO]
[INFO] --- maven-artifact-plugin:3.6.0:buildinfo (default) @ gson-parent ---
[INFO] Skipping goal because module skips install and/or deploy
[INFO]
[INFO] --- maven-javadoc-plugin:3.11.2:jar (default-cli) @ gson-parent ---
[INFO] Not executing Javadoc as the project is not a Java classpath-capable package
[INFO]
[INFO] ---------------------< com.google.code.gson:gson >----------------------
[INFO] Building Gson 2.13.3-SNAPSHOT                                      [2/8]
[INFO] --------------------------------[ jar ]---------------------------------
[INFO]
[INFO] --- maven-enforcer-plugin:3.6.1:enforce (enforce-versions) @ gson ---
[INFO]
[INFO] --- templating-maven-plugin:3.0.0:filter-sources (filtering-java-templates) @ gson ---
[INFO] Copying files with filtering to temporary directory.
[INFO] Copying 1 resource from src/main/java-templates to target/templates-tmp841251774
[INFO] Copied 1 files to output directory: /app/gson/target/generated-sources/java-templates
[INFO] Source directory: /app/gson/target/generated-sources/java-templates added.
[INFO]
[INFO] --- maven-resources-plugin:3.3.1:resources (default-resources) @ gson ---
[INFO] Copying 1 resource from src/main/resources to target/classes
[INFO]
[INFO] --- maven-compiler-plugin:3.14.0:compile (default-compile) @ gson ---
[INFO] Recompiling the module because of changed dependency.
[INFO] Compiling 84 source files with javac [debug deprecation release 8] to target/classes
[INFO]
[INFO] --- bnd-maven-plugin:6.4.0:bnd-process (default) @ gson ---
[WARNING] /app/gson/pom.xml [0:0]: Export com.google.gson,  has 1,  private references [com.google.gson.internal]
[INFO]
[INFO] --- maven-resources-plugin:3.3.1:testResources (default-testResources) @ gson ---
[INFO] Copying 1 resource from src/test/resources to target/test-classes
[INFO]
[INFO] --- maven-compiler-plugin:3.14.0:testCompile (default-testCompile) @ gson ---
[INFO] Recompiling the module because of changed dependency.
[INFO] Compiling 122 source files with javac [debug deprecation release 17] to target/test-classes
[INFO]
[INFO] --- copy-rename-maven-plugin:1.0.1:rename (pre-obfuscate-class) @ gson ---
[INFO] Renamed /app/gson/target/test-classes/com/google/gson/functional/EnumWithObfuscatedTest.class to /app/gson/target/test-classes-obfuscated-injar/com/google/gson/functional/EnumWithObfuscatedTest.class
[INFO] Renamed /app/gson/target/test-classes/com/google/gson/functional/EnumWithObfuscatedTest$Gender.class to /app/gson/target/test-classes-obfuscated-injar/com/google/gson/functional/EnumWithObfuscatedTest$Gender.class
[INFO]
[INFO] --- proguard-maven-plugin:2.7.0:proguard (obfuscate-test-class) @ gson ---
[INFO] execute ProGuard [-injars, '/app/gson/target/test-classes-obfuscated-injar'(!META-INF/maven/**,**/*.class), -libraryjars, '/root/.m2/repository/com/google/errorprone/error_prone_annotations/2.41.0/error_prone_annotations-2.41.0.jar', -outjars, '/app/gson/target/test-classes-obfuscated-outjar', -include, '/app/gson/src/test/resources/testcases-proguard.conf', -libraryjars, '/app/gson/target/classes', -libraryjars, '/usr/lib/jvm/java-17-openjdk-amd64/jmods/java.base.jmod', -printmapping, '/app/gson/target/proguard_map.txt', -printseeds, '/app/gson/target/proguard_seed.txt']
[INFO] proguard jar: [/root/.m2/repository/com/guardsquare/proguard-base/7.7.0/proguard-base-7.7.0.jar, /root/.m2/repository/com/guardsquare/proguard-core/9.1.10/proguard-core-9.1.10.jar]
 [proguard] ProGuard, version 7.7.0
[INFO]
[INFO] --- maven-resources-plugin:3.3.1:copy-resources (post-obfuscate-class) @ gson ---
[INFO] Copying 2 resources from target/test-classes-obfuscated-outjar/com/google/gson/functional to target/test-classes/com/google/gson/functional
[INFO]
[INFO] --- maven-surefire-plugin:3.5.3:test (default-test) @ gson ---
[INFO] Using auto detected provider org.apache.maven.surefire.junit4.JUnit4Provider
[INFO]
[INFO] -------------------------------------------------------
[INFO]  T E S T S
[INFO] -------------------------------------------------------
OpenJDK 64-Bit Server VM warning: Ignoring option --illegal-access=deny; support was removed in 17.0
[INFO] Running com.google.gson.FieldAttributesTest
[INFO] Tests run: 5, Failures: 0, Errors: 0, Skipped: 0, Time elapsed: 0.049 s -- in com.google.gson.FieldAttributesTest
[INFO] Running com.google.gson.ObjectTypeAdapterTest
[INFO] Tests run: 7, Failures: 0, Errors: 0, Skipped: 0, Time elapsed: 0.078 s -- in com.google.gson.ObjectTypeAdapterTest
[INFO] Running com.google.gson.JsonObjectTest
[INFO] Tests run: 18, Failures: 0, Errors: 0, Skipped: 0, Time elapsed: 0.014 s -- in com.google.gson.JsonObjectTest
[INFO] Running com.google.gson.GenericArrayTypeTest
[INFO] Tests run: 2, Failures: 0, Errors: 0, Skipped: 0, Time elapsed: 0.001 s -- in com.google.gson.GenericArrayTypeTest
[INFO] Running com.google.gson.ToNumberPolicyTest
[INFO] Tests run: 5, Failures: 0, Errors: 0, Skipped: 0, Time elapsed: 0.003 s -- in com.google.gson.ToNumberPolicyTest
[INFO] Running com.google.gson.JsonObjectAsMapTest
[INFO] Tests run: 13, Failures: 0, Errors: 0, Skipped: 0, Time elapsed: 0.005 s -- in com.google.gson.JsonObjectAsMapTest
[INFO] Running com.google.gson.stream.JsonReaderPathTest
[WARNING] Tests run: 28, Failures: 0, Errors: 0, Skipped: 1, Time elapsed: 0.018 s -- in com.google.gson.stream.JsonReaderPathTest
[INFO] Running com.google.gson.stream.JsonReaderTest
[WARNING] Tests run: 150, Failures: 0, Errors: 0, Skipped: 3, Time elapsed: 0.085 s -- in com.google.gson.stream.JsonReaderTest
[INFO] Running com.google.gson.stream.JsonWriterTest
[INFO] Tests run: 55, Failures: 0, Errors: 0, Skipped: 0, Time elapsed: 0.007 s -- in com.google.gson.stream.JsonWriterTest
[INFO] Running com.google.gson.DefaultMapJsonSerializerTest
[INFO] Tests run: 3, Failures: 0, Errors: 0, Skipped: 0, Time elapsed: 0 s -- in com.google.gson.DefaultMapJsonSerializerTest
[INFO] Running com.google.gson.JsonParserParameterizedTest
[INFO] Tests run: 8, Failures: 0, Errors: 0, Skipped: 0, Time elapsed: 0 s -- in com.google.gson.JsonParserParameterizedTest
[INFO] Running com.google.gson.VersionExclusionStrategyTest
[INFO] Tests run: 3, Failures: 0, Errors: 0, Skipped: 0, Time elapsed: 0.002 s -- in com.google.gson.VersionExclusionStrategyTest
[INFO] Running com.google.gson.GsonTest
[INFO] Tests run: 14, Failures: 0, Errors: 0, Skipped: 0, Time elapsed: 0.009 s -- in com.google.gson.GsonTest
[INFO] Running com.google.gson.JsonStreamParserTest
[INFO] Tests run: 7, Failures: 0, Errors: 0, Skipped: 0, Time elapsed: 0.001 s -- in com.google.gson.JsonStreamParserTest
[INFO] Running com.google.gson.internal.ConstructorConstructorTest
[INFO] Tests run: 7, Failures: 0, Errors: 0, Skipped: 0, Time elapsed: 0.008 s -- in com.google.gson.internal.ConstructorConstructorTest
[INFO] Running com.google.gson.internal.StreamsTest
[INFO] Tests run: 1, Failures: 0, Errors: 0, Skipped: 0, Time elapsed: 0.001 s -- in com.google.gson.internal.StreamsTest
[INFO] Running com.google.gson.internal.LazilyParsedNumberTest
[INFO] Tests run: 3, Failures: 0, Errors: 0, Skipped: 0, Time elapsed: 0.023 s -- in com.google.gson.internal.LazilyParsedNumberTest
[INFO] Running com.google.gson.internal.UnsafeAllocatorInstantiationTest
[INFO] Tests run: 3, Failures: 0, Errors: 0, Skipped: 0, Time elapsed: 0 s -- in com.google.gson.internal.UnsafeAllocatorInstantiationTest
[INFO] Running com.google.gson.internal.GsonTypesTest
[INFO] Tests run: 6, Failures: 0, Errors: 0, Skipped: 0, Time elapsed: 0.001 s -- in com.google.gson.internal.GsonTypesTest
[INFO] Running com.google.gson.internal.LinkedTreeMapSuiteTest
[INFO] Tests run: 1852, Failures: 0, Errors: 0, Skipped: 0, Time elapsed: 0.542 s -- in com.google.gson.internal.LinkedTreeMapSuiteTest
[INFO] Running com.google.gson.internal.LinkedTreeMapTest
[INFO] Tests run: 16, Failures: 0, Errors: 0, Skipped: 0, Time elapsed: 0 s -- in com.google.gson.internal.LinkedTreeMapTest
[INFO] Running com.google.gson.internal.JavaVersionTest
[INFO] Tests run: 7, Failures: 0, Errors: 0, Skipped: 0, Time elapsed: 0 s -- in com.google.gson.internal.JavaVersionTest
[INFO] Running com.google.gson.internal.reflect.Java17ReflectionHelperTest
[INFO] Tests run: 2, Failures: 0, Errors: 0, Skipped: 0, Time elapsed: 0 s -- in com.google.gson.internal.reflect.Java17ReflectionHelperTest
[INFO] Running com.google.gson.internal.sql.SqlTypesSupportTest
[INFO] Tests run: 1, Failures: 0, Errors: 0, Skipped: 0, Time elapsed: 0 s -- in com.google.gson.internal.sql.SqlTypesSupportTest
[INFO] Running com.google.gson.internal.sql.SqlTypesGsonTest
[INFO] Tests run: 9, Failures: 0, Errors: 0, Skipped: 0, Time elapsed: 0 s -- in com.google.gson.internal.sql.SqlTypesGsonTest
[INFO] Running com.google.gson.internal.bind.util.ISO8601UtilsTest
[INFO] Tests run: 9, Failures: 0, Errors: 0, Skipped: 0, Time elapsed: 0 s -- in com.google.gson.internal.bind.util.ISO8601UtilsTest
[INFO] Running com.google.gson.internal.bind.Java17ReflectiveTypeAdapterFactoryTest
[INFO] Tests run: 2, Failures: 0, Errors: 0, Skipped: 0, Time elapsed: 0.007 s -- in com.google.gson.internal.bind.Java17ReflectiveTypeAdapterFactoryTest
[INFO] Running com.google.gson.internal.bind.JsonElementReaderTest
[INFO] Tests run: 18, Failures: 0, Errors: 0, Skipped: 0, Time elapsed: 0.006 s -- in com.google.gson.internal.bind.JsonElementReaderTest
[INFO] Running com.google.gson.internal.bind.JsonTreeWriterTest
[INFO] Tests run: 22, Failures: 0, Errors: 0, Skipped: 0, Time elapsed: 0.005 s -- in com.google.gson.internal.bind.JsonTreeWriterTest
[INFO] Running com.google.gson.internal.bind.DefaultDateTypeAdapterTest
[INFO] Tests run: 11, Failures: 0, Errors: 0, Skipped: 0, Time elapsed: 0.130 s -- in com.google.gson.internal.bind.DefaultDateTypeAdapterTest
[INFO] Running com.google.gson.internal.bind.RecursiveTypesResolveTest
[INFO] Tests run: 7, Failures: 0, Errors: 0, Skipped: 0, Time elapsed: 0.001 s -- in com.google.gson.internal.bind.RecursiveTypesResolveTest
[INFO] Running com.google.gson.internal.bind.JsonTreeReaderTest
[INFO] Tests run: 10, Failures: 0, Errors: 0, Skipped: 0, Time elapsed: 0 s -- in com.google.gson.internal.bind.JsonTreeReaderTest
[INFO] Running com.google.gson.internal.GsonBuildConfigTest
[INFO] Tests run: 1, Failures: 0, Errors: 0, Skipped: 0, Time elapsed: 0.001 s -- in com.google.gson.internal.GsonBuildConfigTest
[INFO] Running com.google.gson.MixedStreamTest
[INFO] Tests run: 13, Failures: 0, Errors: 0, Skipped: 0, Time elapsed: 0.002 s -- in com.google.gson.MixedStreamTest
[INFO] Running com.google.gson.JsonObjectAsMapSuiteTest
[INFO] Tests run: 903, Failures: 0, Errors: 0, Skipped: 0, Time elapsed: 0.171 s -- in com.google.gson.JsonObjectAsMapSuiteTest
[INFO] Running com.google.gson.OverrideCoreTypeAdaptersTest
[INFO] Tests run: 3, Failures: 0, Errors: 0, Skipped: 0, Time elapsed: 0.001 s -- in com.google.gson.OverrideCoreTypeAdaptersTest
[INFO] Running com.google.gson.JsonArrayAsListTest
[INFO] Tests run: 16, Failures: 0, Errors: 0, Skipped: 0, Time elapsed: 0 s -- in com.google.gson.JsonArrayAsListTest
[INFO] Running com.google.gson.ObjectTypeAdapterParameterizedTest
[INFO] Tests run: 8, Failures: 0, Errors: 0, Skipped: 0, Time elapsed: 0 s -- in com.google.gson.ObjectTypeAdapterParameterizedTest
[INFO] Running com.google.gson.InnerClassExclusionStrategyTest
[INFO] Tests run: 4, Failures: 0, Errors: 0, Skipped: 0, Time elapsed: 0 s -- in com.google.gson.InnerClassExclusionStrategyTest
[INFO] Running com.google.gson.JsonNullTest
[INFO] Tests run: 3, Failures: 0, Errors: 0, Skipped: 0, Time elapsed: 0 s -- in com.google.gson.JsonNullTest
[INFO] Running com.google.gson.JsonParserTest
[INFO] Tests run: 14, Failures: 0, Errors: 0, Skipped: 0, Time elapsed: 0.006 s -- in com.google.gson.JsonParserTest
[INFO] Running com.google.gson.GsonTypeAdapterTest
[INFO] Tests run: 5, Failures: 0, Errors: 0, Skipped: 0, Time elapsed: 0.003 s -- in com.google.gson.GsonTypeAdapterTest
[INFO] Running com.google.gson.JavaSerializationTest
[INFO] Tests run: 3, Failures: 0, Errors: 0, Skipped: 0, Time elapsed: 0.002 s -- in com.google.gson.JavaSerializationTest
[INFO] Running com.google.gson.JsonPrimitiveTest
[INFO] Tests run: 30, Failures: 0, Errors: 0, Skipped: 0, Time elapsed: 0.004 s -- in com.google.gson.JsonPrimitiveTest
[INFO] Running com.google.gson.CommentsTest
[INFO] Tests run: 1, Failures: 0, Errors: 0, Skipped: 0, Time elapsed: 0 s -- in com.google.gson.CommentsTest
[INFO] Running com.google.gson.ParameterizedTypeTest
[INFO] Tests run: 2, Failures: 0, Errors: 0, Skipped: 0, Time elapsed: 0 s -- in com.google.gson.ParameterizedTypeTest
[INFO] Running com.google.gson.functional.CustomTypeAdaptersTest
[WARNING] Tests run: 21, Failures: 0, Errors: 0, Skipped: 2, Time elapsed: 0.011 s -- in com.google.gson.functional.CustomTypeAdaptersTest
[INFO] Running com.google.gson.functional.MapTest
[INFO] Tests run: 52, Failures: 0, Errors: 0, Skipped: 0, Time elapsed: 0.030 s -- in com.google.gson.functional.MapTest
[INFO] Running com.google.gson.functional.TypeAdapterPrecedenceTest
[INFO] Tests run: 8, Failures: 0, Errors: 0, Skipped: 0, Time elapsed: 0.001 s -- in com.google.gson.functional.TypeAdapterPrecedenceTest
[INFO] Running com.google.gson.functional.GsonVersionDiagnosticsTest
[INFO] Tests run: 3, Failures: 0, Errors: 0, Skipped: 0, Time elapsed: 0 s -- in com.google.gson.functional.GsonVersionDiagnosticsTest
[INFO] Running com.google.gson.functional.FormattingStyleTest
[INFO] Tests run: 9, Failures: 0, Errors: 0, Skipped: 0, Time elapsed: 0.015 s -- in com.google.gson.functional.FormattingStyleTest
[INFO] Running com.google.gson.functional.PrimitiveTest
[INFO] Tests run: 106, Failures: 0, Errors: 0, Skipped: 0, Time elapsed: 0.021 s -- in com.google.gson.functional.PrimitiveTest
[INFO] Running com.google.gson.functional.TreeTypeAdaptersTest
[INFO] Tests run: 2, Failures: 0, Errors: 0, Skipped: 0, Time elapsed: 0 s -- in com.google.gson.functional.TreeTypeAdaptersTest
[INFO] Running com.google.gson.functional.VersioningTest
[INFO] Tests run: 10, Failures: 0, Errors: 0, Skipped: 0, Time elapsed: 0 s -- in com.google.gson.functional.VersioningTest
[INFO] Running com.google.gson.functional.CustomDeserializerTest
[INFO] Tests run: 7, Failures: 0, Errors: 0, Skipped: 0, Time elapsed: 0.001 s -- in com.google.gson.functional.CustomDeserializerTest
[INFO] Running com.google.gson.functional.SecurityTest
[INFO] Tests run: 5, Failures: 0, Errors: 0, Skipped: 0, Time elapsed: 0 s -- in com.google.gson.functional.SecurityTest
[INFO] Running com.google.gson.functional.PrintFormattingTest
[INFO] Tests run: 3, Failures: 0, Errors: 0, Skipped: 0, Time elapsed: 0.001 s -- in com.google.gson.functional.PrintFormattingTest
[INFO] Running com.google.gson.functional.EnumTest
[INFO] Tests run: 16, Failures: 0, Errors: 0, Skipped: 0, Time elapsed: 0.008 s -- in com.google.gson.functional.EnumTest
[INFO] Running com.google.gson.functional.ExclusionStrategyFunctionalTest
[INFO] Tests run: 9, Failures: 0, Errors: 0, Skipped: 0, Time elapsed: 0.003 s -- in com.google.gson.functional.ExclusionStrategyFunctionalTest
[INFO] Running com.google.gson.functional.MoreSpecificTypeSerializationTest
[INFO] Tests run: 6, Failures: 0, Errors: 0, Skipped: 0, Time elapsed: 0.001 s -- in com.google.gson.functional.MoreSpecificTypeSerializationTest
[INFO] Running com.google.gson.functional.JsonAdapterAnnotationOnFieldsTest
[INFO] Tests run: 19, Failures: 0, Errors: 0, Skipped: 0, Time elapsed: 0.013 s -- in com.google.gson.functional.JsonAdapterAnnotationOnFieldsTest
[INFO] Running com.google.gson.functional.CustomSerializerTest
[INFO] Tests run: 5, Failures: 0, Errors: 0, Skipped: 0, Time elapsed: 0 s -- in com.google.gson.functional.CustomSerializerTest
[INFO] Running com.google.gson.functional.PrettyPrintingTest
[INFO] Tests run: 8, Failures: 0, Errors: 0, Skipped: 0, Time elapsed: 0 s -- in com.google.gson.functional.PrettyPrintingTest
[INFO] Running com.google.gson.functional.InterfaceTest
[INFO] Tests run: 2, Failures: 0, Errors: 0, Skipped: 0, Time elapsed: 0 s -- in com.google.gson.functional.InterfaceTest
[INFO] Running com.google.gson.functional.SerializedNameTest
[INFO] Tests run: 3, Failures: 0, Errors: 0, Skipped: 0, Time elapsed: 0 s -- in com.google.gson.functional.SerializedNameTest
[INFO] Running com.google.gson.functional.JavaUtilTest
[INFO] Tests run: 2, Failures: 0, Errors: 0, Skipped: 0, Time elapsed: 0 s -- in com.google.gson.functional.JavaUtilTest
[INFO] Running com.google.gson.functional.ReadersWritersTest
[INFO] Tests run: 11, Failures: 0, Errors: 0, Skipped: 0, Time elapsed: 0.001 s -- in com.google.gson.functional.ReadersWritersTest
[INFO] Running com.google.gson.functional.ConcurrencyTest
[INFO] Tests run: 4, Failures: 0, Errors: 0, Skipped: 0, Time elapsed: 0.007 s -- in com.google.gson.functional.ConcurrencyTest
[INFO] Running com.google.gson.functional.StreamingTypeAdaptersTest
[INFO] Tests run: 17, Failures: 0, Errors: 0, Skipped: 0, Time elapsed: 0.011 s -- in com.google.gson.functional.StreamingTypeAdaptersTest
[INFO] Running com.google.gson.functional.NamingPolicyTest
[INFO] Tests run: 22, Failures: 0, Errors: 0, Skipped: 0, Time elapsed: 0.007 s -- in com.google.gson.functional.NamingPolicyTest
[INFO] Running com.google.gson.functional.RuntimeTypeAdapterFactoryFunctionalTest
[INFO] Tests run: 1, Failures: 0, Errors: 0, Skipped: 0, Time elapsed: 0 s -- in com.google.gson.functional.RuntimeTypeAdapterFactoryFunctionalTest
[INFO] Running com.google.gson.functional.EnumWithObfuscatedTest
[INFO] Tests run: 1, Failures: 0, Errors: 0, Skipped: 0, Time elapsed: 0 s -- in com.google.gson.functional.EnumWithObfuscatedTest
[INFO] Running com.google.gson.functional.InheritanceTest
[INFO] Tests run: 13, Failures: 0, Errors: 0, Skipped: 0, Time elapsed: 0.002 s -- in com.google.gson.functional.InheritanceTest
[INFO] Running com.google.gson.functional.ReusedTypeVariablesFullyResolveTest
[INFO] Tests run: 1, Failures: 0, Errors: 0, Skipped: 0, Time elapsed: 0 s -- in com.google.gson.functional.ReusedTypeVariablesFullyResolveTest
[INFO] Running com.google.gson.functional.ReflectionAccessFilterTest
[INFO] Tests run: 15, Failures: 0, Errors: 0, Skipped: 0, Time elapsed: 0.011 s -- in com.google.gson.functional.ReflectionAccessFilterTest
[INFO] Running com.google.gson.functional.CircularReferenceTest
[INFO] Tests run: 6, Failures: 0, Errors: 0, Skipped: 0, Time elapsed: 0.013 s -- in com.google.gson.functional.CircularReferenceTest
[INFO] Running com.google.gson.functional.ExposeFieldsTest
[INFO] Tests run: 8, Failures: 0, Errors: 0, Skipped: 0, Time elapsed: 0.005 s -- in com.google.gson.functional.ExposeFieldsTest
[INFO] Running com.google.gson.functional.JsonTreeTest
[INFO] Tests run: 4, Failures: 0, Errors: 0, Skipped: 0, Time elapsed: 0.001 s -- in com.google.gson.functional.JsonTreeTest
[INFO] Running com.google.gson.functional.NullObjectAndFieldTest
[INFO] Tests run: 16, Failures: 0, Errors: 0, Skipped: 0, Time elapsed: 0 s -- in com.google.gson.functional.NullObjectAndFieldTest
[INFO] Running com.google.gson.functional.JsonAdapterAnnotationOnClassesTest
[INFO] Tests run: 20, Failures: 0, Errors: 0, Skipped: 0, Time elapsed: 0.011 s -- in com.google.gson.functional.JsonAdapterAnnotationOnClassesTest
[INFO] Running com.google.gson.functional.JavaUtilConcurrentAtomicTest
[INFO] Tests run: 7, Failures: 0, Errors: 0, Skipped: 0, Time elapsed: 0 s -- in com.google.gson.functional.JavaUtilConcurrentAtomicTest
[INFO] Running com.google.gson.functional.PrimitiveCharacterTest
[INFO] Tests run: 2, Failures: 0, Errors: 0, Skipped: 0, Time elapsed: 0 s -- in com.google.gson.functional.PrimitiveCharacterTest
[INFO] Running com.google.gson.functional.FieldExclusionTest
[INFO] Tests run: 3, Failures: 0, Errors: 0, Skipped: 0, Time elapsed: 0 s -- in com.google.gson.functional.FieldExclusionTest
[INFO] Running com.google.gson.functional.Java17RecordTest
[INFO] Tests run: 25, Failures: 0, Errors: 0, Skipped: 0, Time elapsed: 0.027 s -- in com.google.gson.functional.Java17RecordTest
[INFO] Running com.google.gson.functional.ReflectionAccessTest
WARNING: A terminally deprecated method in java.lang.System has been called
WARNING: System::setSecurityManager has been called by com.google.gson.functional.ReflectionAccessTest (file:/app/gson/target/test-classes/)
WARNING: Please consider reporting this to the maintainers of com.google.gson.functional.ReflectionAccessTest
WARNING: System::setSecurityManager will be removed in a future release
[INFO] Tests run: 3, Failures: 0, Errors: 0, Skipped: 0, Time elapsed: 0.018 s -- in com.google.gson.functional.ReflectionAccessTest
[INFO] Running com.google.gson.functional.NumberLimitsTest
[INFO] Tests run: 6, Failures: 0, Errors: 0, Skipped: 0, Time elapsed: 0.045 s -- in com.google.gson.functional.NumberLimitsTest
[INFO] Running com.google.gson.functional.RawSerializationTest
[INFO] Tests run: 5, Failures: 0, Errors: 0, Skipped: 0, Time elapsed: 0 s -- in com.google.gson.functional.RawSerializationTest
[INFO] Running com.google.gson.functional.ToNumberPolicyFunctionalTest
[INFO] Tests run: 7, Failures: 0, Errors: 0, Skipped: 0, Time elapsed: 0 s -- in com.google.gson.functional.ToNumberPolicyFunctionalTest
[INFO] Running com.google.gson.functional.InstanceCreatorTest
[INFO] Tests run: 5, Failures: 0, Errors: 0, Skipped: 0, Time elapsed: 0 s -- in com.google.gson.functional.InstanceCreatorTest
[INFO] Running com.google.gson.functional.JsonParserTest
[INFO] Tests run: 8, Failures: 0, Errors: 0, Skipped: 0, Time elapsed: 0.001 s -- in com.google.gson.functional.JsonParserTest
[INFO] Running com.google.gson.functional.TypeVariableTest
[INFO] Tests run: 3, Failures: 0, Errors: 0, Skipped: 0, Time elapsed: 0 s -- in com.google.gson.functional.TypeVariableTest
[INFO] Running com.google.gson.functional.InternationalizationTest
[INFO] Tests run: 6, Failures: 0, Errors: 0, Skipped: 0, Time elapsed: 0.001 s -- in com.google.gson.functional.InternationalizationTest
[INFO] Running com.google.gson.functional.DefaultTypeAdaptersTest
[INFO] Tests run: 60, Failures: 0, Errors: 0, Skipped: 0, Time elapsed: 0.031 s -- in com.google.gson.functional.DefaultTypeAdaptersTest
[INFO] Running com.google.gson.functional.EscapingTest
[INFO] Tests run: 5, Failures: 0, Errors: 0, Skipped: 0, Time elapsed: 0 s -- in com.google.gson.functional.EscapingTest
[INFO] Running com.google.gson.functional.DelegateTypeAdapterTest
[INFO] Tests run: 2, Failures: 0, Errors: 0, Skipped: 0, Time elapsed: 0.001 s -- in com.google.gson.functional.DelegateTypeAdapterTest
[INFO] Running com.google.gson.functional.UncategorizedTest
[INFO] Tests run: 6, Failures: 0, Errors: 0, Skipped: 0, Time elapsed: 0 s -- in com.google.gson.functional.UncategorizedTest
[INFO] Running com.google.gson.functional.ParameterizedTypesTest
[INFO] Tests run: 18, Failures: 0, Errors: 0, Skipped: 0, Time elapsed: 0.004 s -- in com.google.gson.functional.ParameterizedTypesTest
[INFO] Running com.google.gson.functional.MapAsArrayTypeAdapterTest
[WARNING] Tests run: 6, Failures: 0, Errors: 0, Skipped: 1, Time elapsed: 0.001 s -- in com.google.gson.functional.MapAsArrayTypeAdapterTest
[INFO] Running com.google.gson.functional.LeniencyTest
[INFO] Tests run: 1, Failures: 0, Errors: 0, Skipped: 0, Time elapsed: 0 s -- in com.google.gson.functional.LeniencyTest
[INFO] Running com.google.gson.functional.TypeAdapterRuntimeTypeWrapperTest
[INFO] Tests run: 7, Failures: 0, Errors: 0, Skipped: 0, Time elapsed: 0 s -- in com.google.gson.functional.TypeAdapterRuntimeTypeWrapperTest
[INFO] Running com.google.gson.functional.ArrayTest
[INFO] Tests run: 28, Failures: 0, Errors: 0, Skipped: 0, Time elapsed: 0.003 s -- in com.google.gson.functional.ArrayTest
[INFO] Running com.google.gson.functional.TypeHierarchyAdapterTest
[INFO] Tests run: 3, Failures: 0, Errors: 0, Skipped: 0, Time elapsed: 0 s -- in com.google.gson.functional.TypeHierarchyAdapterTest
[INFO] Running com.google.gson.functional.JsonAdapterSerializerDeserializerTest
[INFO] Tests run: 4, Failures: 0, Errors: 0, Skipped: 0, Time elapsed: 0.001 s -- in com.google.gson.functional.JsonAdapterSerializerDeserializerTest
[INFO] Running com.google.gson.functional.StringTest
[INFO] Tests run: 18, Failures: 0, Errors: 0, Skipped: 0, Time elapsed: 0 s -- in com.google.gson.functional.StringTest
[INFO] Running com.google.gson.functional.CollectionTest
[INFO] Tests run: 30, Failures: 0, Errors: 0, Skipped: 0, Time elapsed: 0.008 s -- in com.google.gson.functional.CollectionTest
[INFO] Running com.google.gson.functional.ObjectTest
[INFO] Tests run: 50, Failures: 0, Errors: 0, Skipped: 0, Time elapsed: 0.011 s -- in com.google.gson.functional.ObjectTest
[INFO] Running com.google.gson.functional.FieldNamingTest
[INFO] Tests run: 6, Failures: 0, Errors: 0, Skipped: 0, Time elapsed: 0 s -- in com.google.gson.functional.FieldNamingTest
[INFO] Running com.google.gson.LongSerializationPolicyTest
[INFO] Tests run: 6, Failures: 0, Errors: 0, Skipped: 0, Time elapsed: 0 s -- in com.google.gson.LongSerializationPolicyTest
[INFO] Running com.google.gson.TypeAdapterTest
[INFO] Tests run: 6, Failures: 0, Errors: 0, Skipped: 0, Time elapsed: 0 s -- in com.google.gson.TypeAdapterTest
[INFO] Running com.google.gson.JsonArrayTest
[INFO] Tests run: 18, Failures: 0, Errors: 0, Skipped: 0, Time elapsed: 0.001 s -- in com.google.gson.JsonArrayTest
[INFO] Running com.google.gson.reflect.TypeTokenTest
[INFO] Tests run: 11, Failures: 0, Errors: 0, Skipped: 0, Time elapsed: 0.006 s -- in com.google.gson.reflect.TypeTokenTest
[INFO] Running com.google.gson.metrics.PerformanceTest
[WARNING] Tests run: 12, Failures: 0, Errors: 0, Skipped: 11, Time elapsed: 0 s -- in com.google.gson.metrics.PerformanceTest
[INFO] Running com.google.gson.JsonArrayAsListSuiteTest
[INFO] Tests run: 404, Failures: 0, Errors: 0, Skipped: 0, Time elapsed: 0.317 s -- in com.google.gson.JsonArrayAsListSuiteTest
[INFO] Running com.google.gson.FieldNamingPolicyTest
[INFO] Tests run: 4, Failures: 0, Errors: 0, Skipped: 0, Time elapsed: 0 s -- in com.google.gson.FieldNamingPolicyTest
[INFO] Running com.google.gson.ExposeAnnotationExclusionStrategyTest
[INFO] Tests run: 6, Failures: 0, Errors: 0, Skipped: 0, Time elapsed: 0 s -- in com.google.gson.ExposeAnnotationExclusionStrategyTest
[INFO] Running com.google.gson.DefaultInetAddressTypeAdapterTest
[INFO] Tests run: 1, Failures: 0, Errors: 0, Skipped: 0, Time elapsed: 0 s -- in com.google.gson.DefaultInetAddressTypeAdapterTest
[INFO] Running com.google.gson.GsonBuilderTest
[WARNING] Tests run: 22, Failures: 0, Errors: 0, Skipped: 1, Time elapsed: 0 s -- in com.google.gson.GsonBuilderTest
[INFO]
[INFO] Results:
[INFO]
[WARNING] Tests run: 4559, Failures: 0, Errors: 0, Skipped: 19
[INFO]
[INFO]
[INFO] --- maven-jar-plugin:3.4.2:jar (default-jar) @ gson ---
[INFO] Building jar: /app/gson/target/gson-2.13.3-SNAPSHOT.jar
[INFO]
[INFO] --- moditect-maven-plugin:1.3.0.Final:add-module-info (add-module-info) @ gson ---
[INFO]
[INFO] --- maven-failsafe-plugin:3.5.3:integration-test (default) @ gson ---
[INFO] Using auto detected provider org.apache.maven.surefire.junit4.JUnit4Provider
[INFO]
[INFO] -------------------------------------------------------
[INFO]  T E S T S
[INFO] -------------------------------------------------------
[INFO] Running com.google.gson.integration.OSGiManifestIT
[INFO] Tests run: 4, Failures: 0, Errors: 0, Skipped: 0, Time elapsed: 0.088 s -- in com.google.gson.integration.OSGiManifestIT
[INFO]
[INFO] Results:
[INFO]
[INFO] Tests run: 4, Failures: 0, Errors: 0, Skipped: 0
[INFO]
[INFO]
[INFO] --- spotless-maven-plugin:2.46.1:check (default) @ gson ---
[INFO] Index file does not exist. Fallback to an empty index
[INFO] Spotless.Format is keeping 2 files clean - 0 needs changes to be clean, 2 were already clean, 0 were skipped because caching determined they were already clean
[INFO] Spotless.Java is keeping 205 files clean - 0 needs changes to be clean, 205 were already clean, 0 were skipped because caching determined they were already clean
[INFO]
[INFO] --- maven-artifact-plugin:3.6.0:buildinfo (default) @ gson ---
[INFO] Skipping goal because module skips install and/or deploy
[INFO]
[INFO] --- maven-failsafe-plugin:3.5.3:verify (default) @ gson ---
[INFO]
[INFO] --- maven-javadoc-plugin:3.11.2:jar (default-cli) @ gson ---
[INFO] No previous run data found, generating javadoc.
[INFO] Building jar: /app/gson/target/gson-2.13.3-SNAPSHOT-javadoc.jar
[INFO]
[INFO] -------------------< com.google.code.gson:test-jpms >-------------------
[INFO] Building Test: Java Platform Module System (JPMS) 2.13.3-SNAPSHOT  [3/8]
[INFO] --------------------------------[ jar ]---------------------------------
[INFO]
[INFO] --- maven-enforcer-plugin:3.6.1:enforce (enforce-versions) @ test-jpms ---
[INFO]
[INFO] --- maven-resources-plugin:2.6:resources (default-resources) @ test-jpms ---
[INFO] Using 'UTF-8' encoding to copy filtered resources.
[INFO] skip non existing resourceDirectory /app/test-jpms/src/main/resources
[INFO]
[INFO] --- maven-compiler-plugin:3.14.0:compile (default-compile) @ test-jpms ---
[INFO] Recompiling the module because of changed dependency.
[INFO] Compiling 1 source file with javac [debug deprecation release 11] to target/classes
[INFO]
[INFO] --- maven-resources-plugin:2.6:testResources (default-testResources) @ test-jpms ---
[INFO] Using 'UTF-8' encoding to copy filtered resources.
[INFO] skip non existing resourceDirectory /app/test-jpms/src/test/resources
[INFO]
[INFO] --- maven-compiler-plugin:3.14.0:testCompile (default-testCompile) @ test-jpms ---
[INFO] Recompiling the module because of changed dependency.
[INFO] Compiling 5 source files with javac [debug deprecation release 11 module-path] to target/test-classes
[INFO]
[INFO] --- maven-surefire-plugin:3.5.3:test (default-test) @ test-jpms ---
[INFO] Using auto detected provider org.apache.maven.surefire.junit4.JUnit4Provider
[INFO]
[INFO] -------------------------------------------------------
[INFO]  T E S T S
[INFO] -------------------------------------------------------
[INFO] Running com.google.gson.jpms_test.opened.ReflectionTest
[INFO] Tests run: 2, Failures: 0, Errors: 0, Skipped: 0, Time elapsed: 0.071 s -- in com.google.gson.jpms_test.opened.ReflectionTest
[INFO] Running com.google.gson.jpms_test.ModuleTest
[INFO] Tests run: 2, Failures: 0, Errors: 0, Skipped: 0, Time elapsed: 0.014 s -- in com.google.gson.jpms_test.ModuleTest
[INFO] Running com.google.gson.jpms_test.ExportedPackagesTest
[INFO] Tests run: 6, Failures: 0, Errors: 0, Skipped: 0, Time elapsed: 0.005 s -- in com.google.gson.jpms_test.ExportedPackagesTest
[INFO] Running com.google.gson.jpms_test.ReflectionInaccessibleTest
[INFO] Tests run: 2, Failures: 0, Errors: 0, Skipped: 0, Time elapsed: 0.009 s -- in com.google.gson.jpms_test.ReflectionInaccessibleTest
[INFO]
[INFO] Results:
[INFO]
[INFO] Tests run: 12, Failures: 0, Errors: 0, Skipped: 0
[INFO]
[INFO]
[INFO] --- maven-jar-plugin:3.4.2:jar (default-jar) @ test-jpms ---
[INFO] Building jar: /app/test-jpms/target/test-jpms-2.13.3-SNAPSHOT.jar
[INFO]
[INFO] --- spotless-maven-plugin:2.46.1:check (default) @ test-jpms ---
[INFO] Index file does not exist. Fallback to an empty index
[INFO] Spotless.Format is keeping 2 files clean - 0 needs changes to be clean, 2 were already clean, 0 were skipped because caching determined they were already clean
[INFO] Spotless.Java is keeping 6 files clean - 0 needs changes to be clean, 6 were already clean, 0 were skipped because caching determined they were already clean
[INFO]
[INFO] --- maven-artifact-plugin:3.6.0:buildinfo (default) @ test-jpms ---
[INFO] Skipping goal because module skips install and/or deploy
[INFO]
[INFO] --- maven-javadoc-plugin:3.11.2:jar (default-cli) @ test-jpms ---
[INFO] Skipping javadoc generation
[INFO]
[INFO] ------------< com.google.code.gson:test-graal-native-image >------------
[INFO] Building Test: GraalVM Native Image 2.13.3-SNAPSHOT                [4/8]
[INFO] --------------------------------[ jar ]---------------------------------
[INFO]
[INFO] --- maven-enforcer-plugin:3.6.1:enforce (enforce-versions) @ test-graal-native-image ---
[INFO]
[INFO] --- maven-resources-plugin:2.6:resources (default-resources) @ test-graal-native-image ---
[INFO] Using 'UTF-8' encoding to copy filtered resources.
[INFO] skip non existing resourceDirectory /app/test-graal-native-image/src/main/resources
[INFO]
[INFO] --- maven-compiler-plugin:3.14.0:compile (default-compile) @ test-graal-native-image ---
[INFO] No sources to compile
[INFO]
[INFO] --- maven-resources-plugin:2.6:testResources (default-testResources) @ test-graal-native-image ---
[INFO] Using 'UTF-8' encoding to copy filtered resources.
[INFO] Copying 1 resource
[INFO]
[INFO] --- maven-compiler-plugin:3.14.0:testCompile (default-testCompile) @ test-graal-native-image ---
[INFO] Recompiling the module because of changed dependency.
[INFO] Compiling 2 source files with javac [debug deprecation release 17] to target/test-classes
[INFO]
[INFO] --- maven-surefire-plugin:3.5.3:test (default-test) @ test-graal-native-image ---
[INFO] Using auto detected provider org.apache.maven.surefire.junitplatform.JUnitPlatformProvider
[INFO]
[INFO] -------------------------------------------------------
[INFO]  T E S T S
[INFO] -------------------------------------------------------
[INFO] Running com.google.gson.native_test.Java17RecordReflectionTest
[INFO] Tests run: 10, Failures: 0, Errors: 0, Skipped: 0, Time elapsed: 0.092 s -- in com.google.gson.native_test.Java17RecordReflectionTest
[INFO] Running com.google.gson.native_test.ReflectionTest
[INFO] Tests run: 10, Failures: 0, Errors: 0, Skipped: 0, Time elapsed: 0.024 s -- in com.google.gson.native_test.ReflectionTest
[INFO]
[INFO] Results:
[INFO]
[INFO] Tests run: 20, Failures: 0, Errors: 0, Skipped: 0
[INFO]
[INFO]
[INFO] --- maven-jar-plugin:3.4.2:jar (default-jar) @ test-graal-native-image ---
[INFO] Skipping packaging of the jar
[INFO]
[INFO] --- spotless-maven-plugin:2.46.1:check (default) @ test-graal-native-image ---
[INFO] Index file does not exist. Fallback to an empty index
[INFO] Spotless.Format is keeping 2 files clean - 0 needs changes to be clean, 2 were already clean, 0 were skipped because caching determined they were already clean
[INFO] Spotless.Java is keeping 1 files clean - 0 needs changes to be clean, 1 were already clean, 0 were skipped because caching determined they were already clean
[INFO]
[INFO] --- maven-artifact-plugin:3.6.0:buildinfo (default) @ test-graal-native-image ---
[INFO] Skipping goal because module skips install and/or deploy
[INFO]
[INFO] --- maven-javadoc-plugin:3.11.2:jar (default-cli) @ test-graal-native-image ---
[INFO] Skipping javadoc generation
[INFO]
[INFO] -----------------< com.google.code.gson:test-shrinker >-----------------
[INFO] Building Test: Code shrinking (ProGuard / R8) 2.13.3-SNAPSHOT      [5/8]
[INFO] --------------------------------[ jar ]---------------------------------
[INFO]
[INFO] --- maven-enforcer-plugin:3.6.1:enforce (enforce-versions) @ test-shrinker ---
[INFO] Rule 0: org.apache.maven.enforcer.rules.version.RequireMavenVersion passed
[INFO] Rule 1: org.apache.maven.enforcer.rules.version.RequireJavaVersion passed
[INFO]
[INFO] --- maven-resources-plugin:2.6:resources (default-resources) @ test-shrinker ---
[INFO] Using 'UTF-8' encoding to copy filtered resources.
[INFO] skip non existing resourceDirectory /app/test-shrinker/src/main/resources
[INFO]
[INFO] --- maven-compiler-plugin:3.14.0:compile (default-compile) @ test-shrinker ---
[INFO] Recompiling the module because of changed dependency.
[INFO] Compiling 18 source files with javac [debug deprecation release 8] to target/classes
[INFO]
[INFO] --- maven-resources-plugin:2.6:testResources (default-testResources) @ test-shrinker ---
[INFO] Using 'UTF-8' encoding to copy filtered resources.
[INFO] skip non existing resourceDirectory /app/test-shrinker/src/test/resources
[INFO]
[INFO] --- maven-compiler-plugin:3.14.0:testCompile (default-testCompile) @ test-shrinker ---
[INFO] Recompiling the module because of changed dependency.
[INFO] Compiling 1 source file with javac [debug deprecation release 11] to target/test-classes
[INFO]
[INFO] --- maven-surefire-plugin:3.5.3:test (default-test) @ test-shrinker ---
[INFO]
[INFO] --- maven-jar-plugin:3.4.2:jar (default-jar) @ test-shrinker ---
[INFO] Building jar: /app/test-shrinker/target/test-shrinker-2.13.3-SNAPSHOT.jar
[INFO]
[INFO] --- proguard-maven-plugin:2.7.0:proguard (default) @ test-shrinker ---
[INFO] execute ProGuard [-injars, '/app/test-shrinker/target/test-shrinker-2.13.3-SNAPSHOT.jar'(!META-INF/maven/**), -injars, '/app/gson/target/classes'(!META-INF/MANIFEST.MF,!META-INF/maven/**), -injars, '/root/.m2/repository/com/google/errorprone/error_prone_annotations/2.41.0/error_prone_annotations-2.41.0.jar'(!META-INF/MANIFEST.MF,!META-INF/maven/**), -outjars, '/app/test-shrinker/target/proguard-output.jar', -include, '/app/test-shrinker/proguard.pro', -libraryjars, '/usr/lib/jvm/java-17-openjdk-amd64/jmods/java.base.jmod', -libraryjars, '/usr/lib/jvm/java-17-openjdk-amd64/jmods/java.sql.jmod', -libraryjars, '/usr/lib/jvm/java-17-openjdk-amd64/jmods/java.compiler.jmod', -printmapping, '/app/test-shrinker/target/proguard_map.txt', -printseeds, '/app/test-shrinker/target/proguard_seed.txt', -include, /app/test-shrinker/../gson/src/main/resources/META-INF/proguard/gson.pro]
[INFO] proguard jar: [/root/.m2/repository/com/guardsquare/proguard-base/7.7.0/proguard-base-7.7.0.jar, /root/.m2/repository/com/guardsquare/proguard-core/9.1.10/proguard-core-9.1.10.jar]
 [proguard] ProGuard, version 7.7.0
 [proguard] Note: com.google.gson.internal.GsonTypes calls 'Class.getDeclaringClass'
 [proguard] Note: com.google.gson.internal.UnsafeAllocator: can't find dynamically referenced class sun.misc.Unsafe
 [proguard] Note: com.google.gson.internal.UnsafeAllocator accesses a declared field 'theUnsafe' dynamically
 [proguard] Note: com.google.gson.internal.UnsafeAllocator accesses a method 'allocateInstance(java.lang.Class)' dynamically
 [proguard] Note: com.google.gson.internal.reflect.ReflectionHelper$RecordSupportedHelper accesses a method 'getType()' dynamically
 [proguard] Warning: can't derive deserialized type from fromJson() invocation in com/example/Main.fromJson(Lcom/google/gson/Gson;Ljava/lang/String;Ljava/lang/Class;)Ljava/lang/Object;
 [proguard] Warning: can't derive serialized type from toJson() invocation in com/example/Main.lambda$testTypeTokenWriteRead$2(Lcom/google/gson/Gson;Ljava/util/function/Supplier;)Ljava/lang/String;
 [proguard] Warning: can't derive deserialized type from fromJson() invocation in com/example/NoSerializedNameMain.runTestNoArgsConstructor()Ljava/lang/String;
 [proguard] Warning: can't derive deserialized type from fromJson() invocation in com/example/NoSerializedNameMain.runTestNoJdkUnsafe()Ljava/lang/String;
 [proguard] Warning: can't derive deserialized type from fromJson() invocation in com/example/NoSerializedNameMain.runTestHasArgsConstructor()Ljava/lang/String;
[INFO]
[INFO] --- maven-shade-plugin:3.6.0:shade (default) @ test-shrinker ---
[INFO] Including com.google.code.gson:gson:jar:2.13.3-SNAPSHOT in the shaded jar.
[INFO] Including com.google.errorprone:error_prone_annotations:jar:2.41.0 in the shaded jar.
[INFO] Replacing original artifact with shaded artifact.
[INFO] Replacing /app/test-shrinker/target/test-shrinker-2.13.3-SNAPSHOT.jar with /app/test-shrinker/target/test-shrinker-2.13.3-SNAPSHOT-shaded.jar
[INFO]
[INFO] --- exec-maven-plugin:3.5.1:java (r8) @ test-shrinker ---
[INFO]
[INFO] --- maven-failsafe-plugin:3.5.3:integration-test (default) @ test-shrinker ---
[INFO] Using auto detected provider org.apache.maven.surefire.junit4.JUnit4Provider
[INFO]
[INFO] -------------------------------------------------------
[INFO]  T E S T S
[INFO] -------------------------------------------------------
[INFO] Running com.google.gson.it.ShrinkingIT
[WARNING] Tests run: 10, Failures: 0, Errors: 0, Skipped: 1, Time elapsed: 0.286 s -- in com.google.gson.it.ShrinkingIT
[INFO]
[INFO] Results:
[INFO]
[WARNING] Tests run: 10, Failures: 0, Errors: 0, Skipped: 1
[INFO]
[INFO]
[INFO] --- spotless-maven-plugin:2.46.1:check (default) @ test-shrinker ---
[INFO] Index file does not exist. Fallback to an empty index
[INFO] Spotless.Format is keeping 2 files clean - 0 needs changes to be clean, 2 were already clean, 0 were skipped because caching determined they were already clean
[INFO] Spotless.Java is keeping 19 files clean - 0 needs changes to be clean, 19 were already clean, 0 were skipped because caching determined they were already clean
[INFO]
[INFO] --- maven-artifact-plugin:3.6.0:buildinfo (default) @ test-shrinker ---
[INFO] Skipping goal because module skips install and/or deploy
[INFO]
[INFO] --- maven-failsafe-plugin:3.5.3:verify (default) @ test-shrinker ---
[INFO]
[INFO] --- maven-javadoc-plugin:3.11.2:jar (default-cli) @ test-shrinker ---
[INFO] Skipping javadoc generation
[INFO]
[INFO] ------------------< com.google.code.gson:gson-extras >------------------
[INFO] Building Gson Extras 2.13.3-SNAPSHOT                               [6/8]
[INFO] --------------------------------[ jar ]---------------------------------
[INFO]
[INFO] --- maven-enforcer-plugin:3.6.1:enforce (enforce-versions) @ gson-extras ---
[INFO]
[INFO] --- maven-resources-plugin:2.6:resources (default-resources) @ gson-extras ---
[INFO] Using 'UTF-8' encoding to copy filtered resources.
[INFO] skip non existing resourceDirectory /app/extras/src/main/resources
[INFO]
[INFO] --- maven-compiler-plugin:3.14.0:compile (default-compile) @ gson-extras ---
[INFO] Recompiling the module because of changed dependency.
[INFO] Compiling 8 source files with javac [debug deprecation release 8] to target/classes
[INFO]
[INFO] --- maven-resources-plugin:2.6:testResources (default-testResources) @ gson-extras ---
[INFO] Using 'UTF-8' encoding to copy filtered resources.
[INFO] skip non existing resourceDirectory /app/extras/src/test/resources
[INFO]
[INFO] --- maven-compiler-plugin:3.14.0:testCompile (default-testCompile) @ gson-extras ---
[INFO] Recompiling the module because of changed dependency.
[INFO] Compiling 5 source files with javac [debug deprecation release 11] to target/test-classes
[INFO]
[INFO] --- maven-surefire-plugin:3.5.3:test (default-test) @ gson-extras ---
[INFO] Using auto detected provider org.apache.maven.surefire.junit4.JUnit4Provider
[INFO]
[INFO] -------------------------------------------------------
[INFO]  T E S T S
[INFO] -------------------------------------------------------
[INFO] Running com.google.gson.graph.GraphAdapterBuilderTest
[INFO] Tests run: 10, Failures: 0, Errors: 0, Skipped: 0, Time elapsed: 0.108 s -- in com.google.gson.graph.GraphAdapterBuilderTest
[INFO] Running com.google.gson.typeadapters.UtcDateTypeAdapterTest
[INFO] Tests run: 6, Failures: 0, Errors: 0, Skipped: 0, Time elapsed: 0.083 s -- in com.google.gson.typeadapters.UtcDateTypeAdapterTest
[INFO] Running com.google.gson.typeadapters.PostConstructAdapterFactoryTest
[INFO] Tests run: 2, Failures: 0, Errors: 0, Skipped: 0, Time elapsed: 0.003 s -- in com.google.gson.typeadapters.PostConstructAdapterFactoryTest
[INFO] Running com.google.gson.typeadapters.RuntimeTypeAdapterFactoryTest
[INFO] Tests run: 14, Failures: 0, Errors: 0, Skipped: 0, Time elapsed: 0.021 s -- in com.google.gson.typeadapters.RuntimeTypeAdapterFactoryTest
[INFO] Running com.google.gson.interceptors.InterceptorTest
[INFO] Tests run: 8, Failures: 0, Errors: 0, Skipped: 0, Time elapsed: 0.010 s -- in com.google.gson.interceptors.InterceptorTest
[INFO]
[INFO] Results:
[INFO]
[INFO] Tests run: 40, Failures: 0, Errors: 0, Skipped: 0
[INFO]
[INFO]
[INFO] --- maven-jar-plugin:3.4.2:jar (default-jar) @ gson-extras ---
[INFO] Building jar: /app/extras/target/gson-extras-2.13.3-SNAPSHOT.jar
[INFO]
[INFO] --- spotless-maven-plugin:2.46.1:check (default) @ gson-extras ---
[INFO] Index file does not exist. Fallback to an empty index
[INFO] Spotless.Format is keeping 2 files clean - 0 needs changes to be clean, 2 were already clean, 0 were skipped because caching determined they were already clean
[INFO] Spotless.Java is keeping 13 files clean - 0 needs changes to be clean, 13 were already clean, 0 were skipped because caching determined they were already clean
[INFO]
[INFO] --- maven-artifact-plugin:3.6.0:buildinfo (default) @ gson-extras ---
[INFO] Skipping goal because module skips install and/or deploy
[INFO]
[INFO] --- maven-javadoc-plugin:3.11.2:jar (default-cli) @ gson-extras ---
[INFO] No previous run data found, generating javadoc.
[INFO] Building jar: /app/extras/target/gson-extras-2.13.3-SNAPSHOT-javadoc.jar
[INFO]
[INFO] -----------------< com.google.code.gson:gson-metrics >------------------
[INFO] Building Gson Metrics 2.13.3-SNAPSHOT                              [7/8]
[INFO] --------------------------------[ jar ]---------------------------------
[INFO]
[INFO] --- maven-enforcer-plugin:3.6.1:enforce (enforce-versions) @ gson-metrics ---
[INFO]
[INFO] --- maven-resources-plugin:2.6:resources (default-resources) @ gson-metrics ---
[INFO] Using 'UTF-8' encoding to copy filtered resources.
[INFO] Copying 1 resource
[INFO]
[INFO] --- maven-compiler-plugin:3.14.0:compile (default-compile) @ gson-metrics ---
[INFO] Recompiling the module because of changed dependency.
[INFO] Compiling 6 source files with javac [debug deprecation release 8] to target/classes
[INFO]
[INFO] --- maven-resources-plugin:2.6:testResources (default-testResources) @ gson-metrics ---
[INFO] Using 'UTF-8' encoding to copy filtered resources.
[INFO] skip non existing resourceDirectory /app/metrics/src/test/resources
[INFO]
[INFO] --- maven-compiler-plugin:3.14.0:testCompile (default-testCompile) @ gson-metrics ---
[INFO] No sources to compile
[INFO]
[INFO] --- maven-surefire-plugin:3.5.3:test (default-test) @ gson-metrics ---
[INFO] No tests to run.
[INFO]
[INFO] --- maven-jar-plugin:3.4.2:jar (default-jar) @ gson-metrics ---
[INFO] Building jar: /app/metrics/target/gson-metrics-2.13.3-SNAPSHOT.jar
[INFO]
[INFO] --- spotless-maven-plugin:2.46.1:check (default) @ gson-metrics ---
[INFO] Index file does not exist. Fallback to an empty index
[INFO] Spotless.Format is keeping 2 files clean - 0 needs changes to be clean, 2 were already clean, 0 were skipped because caching determined they were already clean
[INFO] Spotless.Java is keeping 6 files clean - 0 needs changes to be clean, 6 were already clean, 0 were skipped because caching determined they were already clean
[INFO]
[INFO] --- maven-artifact-plugin:3.6.0:buildinfo (default) @ gson-metrics ---
[INFO] Skipping goal because module skips install and/or deploy
[INFO]
[INFO] --- maven-javadoc-plugin:3.11.2:jar (default-cli) @ gson-metrics ---
[INFO] Skipping javadoc generation
[INFO]
[INFO] ---------------------< com.google.code.gson:proto >---------------------
[INFO] Building Gson Protobuf Support 2.13.3-SNAPSHOT                     [8/8]
[INFO] --------------------------------[ jar ]---------------------------------
[INFO]
[INFO] --- maven-enforcer-plugin:3.6.1:enforce (enforce-versions) @ proto ---
[INFO] Rule 0: org.apache.maven.enforcer.rules.version.RequireMavenVersion passed
[INFO] Rule 1: org.apache.maven.enforcer.rules.version.RequireJavaVersion passed
[INFO]
[INFO] --- maven-resources-plugin:2.6:resources (default-resources) @ proto ---
[INFO] Using 'UTF-8' encoding to copy filtered resources.
[INFO] skip non existing resourceDirectory /app/proto/src/main/resources
[INFO]
[INFO] --- maven-compiler-plugin:3.14.0:compile (default-compile) @ proto ---
[INFO] Recompiling the module because of changed dependency.
[INFO] Compiling 1 source file with javac [debug deprecation release 8] to target/classes
[INFO]
[INFO] --- protobuf-maven-plugin:0.6.1:test-compile (default) @ proto ---
[INFO] Compiling 2 proto file(s) to /app/proto/target/generated-test-sources/protobuf/java
[INFO]
[INFO] --- maven-resources-plugin:2.6:testResources (default-testResources) @ proto ---
[INFO] Using 'UTF-8' encoding to copy filtered resources.
[INFO] skip non existing resourceDirectory /app/proto/src/test/resources
[INFO] Copying 2 resources
[INFO]
[INFO] --- maven-compiler-plugin:3.14.0:testCompile (default-testCompile) @ proto ---
[INFO] Recompiling the module because of changed dependency.
[INFO] Compiling 6 source files with javac [debug deprecation release 11] to target/test-classes
[INFO]
[INFO] --- maven-surefire-plugin:3.5.3:test (default-test) @ proto ---
[INFO] Using auto detected provider org.apache.maven.surefire.junit4.JUnit4Provider
[INFO]
[INFO] -------------------------------------------------------
[INFO]  T E S T S
[INFO] -------------------------------------------------------
[INFO] Running com.google.gson.protobuf.functional.ProtosWithPrimitiveTypesTest
[INFO] Tests run: 5, Failures: 0, Errors: 0, Skipped: 0, Time elapsed: 0.255 s -- in com.google.gson.protobuf.functional.ProtosWithPrimitiveTypesTest
[INFO] Running com.google.gson.protobuf.functional.ProtosWithComplexAndRepeatedFieldsTest
[INFO] Tests run: 4, Failures: 0, Errors: 0, Skipped: 0, Time elapsed: 0.026 s -- in com.google.gson.protobuf.functional.ProtosWithComplexAndRepeatedFieldsTest
[INFO] Running com.google.gson.protobuf.functional.ProtosWithAnnotationsTest
[INFO] Tests run: 6, Failures: 0, Errors: 0, Skipped: 0, Time elapsed: 0.017 s -- in com.google.gson.protobuf.functional.ProtosWithAnnotationsTest
[INFO] Running com.google.gson.protobuf.functional.ProtosWithAnnotationsAndJsonNamesTest
[INFO] Tests run: 6, Failures: 0, Errors: 0, Skipped: 0, Time elapsed: 0.019 s -- in com.google.gson.protobuf.functional.ProtosWithAnnotationsAndJsonNamesTest
[INFO]
[INFO] Results:
[INFO]
[INFO] Tests run: 21, Failures: 0, Errors: 0, Skipped: 0
[INFO]
[INFO]
[INFO] --- maven-jar-plugin:3.4.2:jar (default-jar) @ proto ---
[INFO] Building jar: /app/proto/target/gson-proto.jar
[INFO]
[INFO] --- spotless-maven-plugin:2.46.1:check (default) @ proto ---
[INFO] Index file does not exist. Fallback to an empty index
[INFO] Spotless.Format is keeping 3 files clean - 0 needs changes to be clean, 3 were already clean, 0 were skipped because caching determined they were already clean
[INFO] Spotless.Java is keeping 5 files clean - 0 needs changes to be clean, 5 were already clean, 0 were skipped because caching determined they were already clean
[INFO]
[INFO] --- maven-artifact-plugin:3.6.0:buildinfo (default) @ proto ---
[INFO] Skipping goal because module skips install and/or deploy
[INFO]
[INFO] --- maven-javadoc-plugin:3.11.2:jar (default-cli) @ proto ---
[INFO] No previous run data found, generating javadoc.
[INFO] Building jar: /app/proto/target/gson-proto-javadoc.jar
[INFO] ------------------------------------------------------------------------
[INFO] Reactor Summary for Gson Parent 2.13.3-SNAPSHOT:
[INFO]
[INFO] Gson Parent ........................................ SUCCESS [ 29.739 s]
[INFO] Gson ............................................... SUCCESS [ 59.549 s]
[INFO] Test: Java Platform Module System (JPMS) ........... SUCCESS [  5.576 s]
[INFO] Test: GraalVM Native Image ......................... SUCCESS [  4.087 s]
[INFO] Test: Code shrinking (ProGuard / R8) ............... SUCCESS [ 22.313 s]
[INFO] Gson Extras ........................................ SUCCESS [  5.241 s]
[INFO] Gson Metrics ....................................... SUCCESS [  8.163 s]
[INFO] Gson Protobuf Support .............................. SUCCESS [  9.152 s]
[INFO] ------------------------------------------------------------------------
[INFO] BUILD SUCCESS
[INFO] ------------------------------------------------------------------------
[INFO] Total time:  02:32 min
[INFO] Finished at: 2025-11-12T05:57:38-08:00
[INFO] ------------------------------------------------------------------------
[[1;34mINFO[m] Scanning for projects...
[[1;34mINFO[m] ------------------------------------------------------------------------
[[1;34mINFO[m] Detecting the operating system and CPU architecture
[[1;34mINFO[m] ------------------------------------------------------------------------
[[1;34mINFO[m] os.detected.name: linux
[[1;34mINFO[m] os.detected.arch: x86_64
[[1;34mINFO[m] os.detected.bitness: 64
[[1;34mINFO[m] os.detected.version: 5.4
[[1;34mINFO[m] os.detected.version.major: 5
[[1;34mINFO[m] os.detected.version.minor: 4
[[1;34mINFO[m] os.detected.release: ubuntu
[[1;34mINFO[m] os.detected.release.version: 24.04
[[1;34mINFO[m] os.detected.release.like.ubuntu: true
[[1;34mINFO[m] os.detected.release.like.debian: true
[[1;34mINFO[m] os.detected.classifier: linux-x86_64
[[1;34mINFO[m] [1m------------------------------------------------------------------------[m
[[1;34mINFO[m] [1mReactor Build Order:[m
[[1;34mINFO[m]
[[1;34mINFO[m] Gson Parent                                                        [pom]
[[1;34mINFO[m] Gson                                                               [jar]
[[1;34mINFO[m] Test: Java Platform Module System (JPMS)                           [jar]
[[1;34mINFO[m] Test: GraalVM Native Image                                         [jar]
[[1;34mINFO[m] Test: Code shrinking (ProGuard / R8)                               [jar]
[[1;34mINFO[m] Gson Extras                                                        [jar]
[[1;34mINFO[m] Gson Metrics                                                       [jar]
[[1;34mINFO[m] Gson Protobuf Support                                              [jar]
[[1;34mINFO[m]
[[1;34mINFO[m] [1m------------------< [0;36mcom.google.code.gson:gson-parent[0;1m >------------------[m
[[1;34mINFO[m] [1mBuilding Gson Parent 2.13.3-SNAPSHOT                               [1/8][m
[[1;34mINFO[m] [1m--------------------------------[ pom ]---------------------------------[m
[[1;34mINFO[m]
[[1;34mINFO[m] [1m--- [0;32mmaven-enforcer-plugin:3.6.1:enforce[m [1m(enforce-versions)[m @ [36mgson-parent[0;1m ---[m
[[1;34mINFO[m] Rule 0: org.apache.maven.enforcer.rules.version.RequireMavenVersion passed
[[1;34mINFO[m] Rule 1: org.apache.maven.enforcer.rules.version.RequireJavaVersion passed
[[1;34mINFO[m]
[[1;34mINFO[m] [1m---------------------< [0;36mcom.google.code.gson:gson[0;1m >----------------------[m
[[1;34mINFO[m] [1mBuilding Gson 2.13.3-SNAPSHOT                                      [2/8][m
[[1;34mINFO[m] [1m--------------------------------[ jar ]---------------------------------[m
[[1;34mINFO[m]
[[1;34mINFO[m] [1m--- [0;32mmaven-enforcer-plugin:3.6.1:enforce[m [1m(enforce-versions)[m @ [36mgson[0;1m ---[m
[[1;34mINFO[m]
[[1;34mINFO[m] [1m--- [0;32mtemplating-maven-plugin:3.0.0:filter-sources[m [1m(filtering-java-templates)[m @ [36mgson[0;1m ---[m
[[1;34mINFO[m] Copying files with filtering to temporary directory.
[[1;34mINFO[m] Copying 1 resource from src/main/java-templates to target/templates-tmp841251774
[[1;34mINFO[m] No files need to be copied to output directory. Up to date: /app/gson/target/generated-sources/java-templates
[[1;34mINFO[m] Source directory: /app/gson/target/generated-sources/java-templates added.
[[1;34mINFO[m]
[[1;34mINFO[m] [1m--- [0;32mmaven-resources-plugin:3.3.1:resources[m [1m(default-resources)[m @ [36mgson[0;1m ---[m
[[1;34mINFO[m] Copying 1 resource from src/main/resources to target/classes
[[1;34mINFO[m]
[[1;34mINFO[m] [1m--- [0;32mmaven-compiler-plugin:3.14.0:compile[m [1m(default-compile)[m @ [36mgson[0;1m ---[m
[[1;34mINFO[m] Nothing to compile - all classes are up to date.
[[1;34mINFO[m]
[[1;34mINFO[m] [1m--- [0;32mbnd-maven-plugin:6.4.0:bnd-process[m [1m(default)[m @ [36mgson[0;1m ---[m
[[1;33mWARNING[m] /app/gson/pom.xml [0:0]: Export com.google.gson,  has 1,  private references [com.google.gson.internal]
[[1;34mINFO[m]
[[1;34mINFO[m] [1m--- [0;32mmaven-resources-plugin:3.3.1:testResources[m [1m(default-testResources)[m @ [36mgson[0;1m ---[m
[[1;34mINFO[m] Copying 1 resource from src/test/resources to target/test-classes
[[1;34mINFO[m]
[[1;34mINFO[m] [1m--- [0;32mmaven-compiler-plugin:3.14.0:testCompile[m [1m(default-testCompile)[m @ [36mgson[0;1m ---[m
[[1;34mINFO[m] Nothing to compile - all classes are up to date.
[[1;34mINFO[m]
[[1;34mINFO[m] [1m--- [0;32mcopy-rename-maven-plugin:1.0.1:rename[m [1m(pre-obfuscate-class)[m @ [36mgson[0;1m ---[m
[[1;34mINFO[m] Renamed /app/gson/target/test-classes/com/google/gson/functional/EnumWithObfuscatedTest.class to /app/gson/target/test-classes-obfuscated-injar/com/google/gson/functional/EnumWithObfuscatedTest.class
[[1;34mINFO[m] Renamed /app/gson/target/test-classes/com/google/gson/functional/EnumWithObfuscatedTest$Gender.class to /app/gson/target/test-classes-obfuscated-injar/com/google/gson/functional/EnumWithObfuscatedTest$Gender.class
[[1;34mINFO[m]
[[1;34mINFO[m] [1m--- [0;32mproguard-maven-plugin:2.7.0:proguard[m [1m(obfuscate-test-class)[m @ [36mgson[0;1m ---[m
[[1;34mINFO[m] execute ProGuard [-injars, '/app/gson/target/test-classes-obfuscated-injar'(!META-INF/maven/**,**/*.class), -libraryjars, '/root/.m2/repository/com/google/errorprone/error_prone_annotations/2.41.0/error_prone_annotations-2.41.0.jar', -outjars, '/app/gson/target/test-classes-obfuscated-outjar', -include, '/app/gson/src/test/resources/testcases-proguard.conf', -libraryjars, '/app/gson/target/classes', -libraryjars, '/usr/lib/jvm/java-17-openjdk-amd64/jmods/java.base.jmod', -printmapping, '/app/gson/target/proguard_map.txt', -printseeds, '/app/gson/target/proguard_seed.txt']
[[1;34mINFO[m] proguard jar: [/root/.m2/repository/com/guardsquare/proguard-base/7.7.0/proguard-base-7.7.0.jar, /root/.m2/repository/com/guardsquare/proguard-core/9.1.10/proguard-core-9.1.10.jar]
 [proguard] ProGuard, version 7.7.0
[[1;34mINFO[m]
[[1;34mINFO[m] [1m--- [0;32mmaven-resources-plugin:3.3.1:copy-resources[m [1m(post-obfuscate-class)[m @ [36mgson[0;1m ---[m
[[1;34mINFO[m] Copying 2 resources from target/test-classes-obfuscated-outjar/com/google/gson/functional to target/test-classes/com/google/gson/functional
[[1;34mINFO[m]
[[1;34mINFO[m] [1m--- [0;32mmaven-surefire-plugin:3.5.3:test[m [1m(default-test)[m @ [36mgson[0;1m ---[m
[[1;34mINFO[m] Using auto detected provider org.apache.maven.surefire.junit4.JUnit4Provider
[[1;34mINFO[m]
[[1;34mINFO[m] -------------------------------------------------------
[[1;34mINFO[m]  T E S T S
[[1;34mINFO[m] -------------------------------------------------------
OpenJDK 64-Bit Server VM warning: Ignoring option --illegal-access=deny; support was removed in 17.0
[[1;34mINFO[m] Running com.google.gson.[1mFieldAttributesTest[m
[[1;34mINFO[m] [1;32mTests run: [0;1;32m5[m, Failures: 0, Errors: 0, Skipped: 0, Time elapsed: 0.049 s -- in com.google.gson.[1mFieldAttributesTest[m
[[1;34mINFO[m] Running com.google.gson.[1mObjectTypeAdapterTest[m
[[1;34mINFO[m] [1;32mTests run: [0;1;32m7[m, Failures: 0, Errors: 0, Skipped: 0, Time elapsed: 0.073 s -- in com.google.gson.[1mObjectTypeAdapterTest[m
[[1;34mINFO[m] Running com.google.gson.[1mJsonObjectTest[m
[[1;34mINFO[m] [1;32mTests run: [0;1;32m18[m, Failures: 0, Errors: 0, Skipped: 0, Time elapsed: 0.009 s -- in com.google.gson.[1mJsonObjectTest[m
[[1;34mINFO[m] Running com.google.gson.[1mGenericArrayTypeTest[m
[[1;34mINFO[m] [1;32mTests run: [0;1;32m2[m, Failures: 0, Errors: 0, Skipped: 0, Time elapsed: 0.001 s -- in com.google.gson.[1mGenericArrayTypeTest[m
[[1;34mINFO[m] Running com.google.gson.[1mToNumberPolicyTest[m
[[1;34mINFO[m] [1;32mTests run: [0;1;32m5[m, Failures: 0, Errors: 0, Skipped: 0, Time elapsed: 0.001 s -- in com.google.gson.[1mToNumberPolicyTest[m
[[1;34mINFO[m] Running com.google.gson.[1mJsonObjectAsMapTest[m
[[1;34mINFO[m] [1;32mTests run: [0;1;32m13[m, Failures: 0, Errors: 0, Skipped: 0, Time elapsed: 0.003 s -- in com.google.gson.[1mJsonObjectAsMapTest[m
[[1;34mINFO[m] Running com.google.gson.stream.[1mJsonReaderPathTest[m
[[1;33mWARNING[m] [1;33mTests [0;1mrun: [0;1m28[m, Failures: 0, Errors: 0, [1;33mSkipped: [0;1;33m1[m, Time elapsed: 0.004 s -- in com.google.gson.stream.[1mJsonReaderPathTest[m
[[1;34mINFO[m] Running com.google.gson.stream.[1mJsonReaderTest[m
[[1;33mWARNING[m] [1;33mTests [0;1mrun: [0;1m150[m, Failures: 0, Errors: 0, [1;33mSkipped: [0;1;33m3[m, Time elapsed: 0.082 s -- in com.google.gson.stream.[1mJsonReaderTest[m
[[1;34mINFO[m] Running com.google.gson.stream.[1mJsonWriterTest[m
[[1;34mINFO[m] [1;32mTests run: [0;1;32m55[m, Failures: 0, Errors: 0, Skipped: 0, Time elapsed: 0.002 s -- in com.google.gson.stream.[1mJsonWriterTest[m
[[1;34mINFO[m] Running com.google.gson.[1mDefaultMapJsonSerializerTest[m
[[1;34mINFO[m] [1;32mTests run: [0;1;32m3[m, Failures: 0, Errors: 0, Skipped: 0, Time elapsed: 0 s -- in com.google.gson.[1mDefaultMapJsonSerializerTest[m
[[1;34mINFO[m] Running com.google.gson.[1mJsonParserParameterizedTest[m
[[1;34mINFO[m] [1;32mTests run: [0;1;32m8[m, Failures: 0, Errors: 0, Skipped: 0, Time elapsed: 0 s -- in com.google.gson.[1mJsonParserParameterizedTest[m
[[1;34mINFO[m] Running com.google.gson.[1mVersionExclusionStrategyTest[m
[[1;34mINFO[m] [1;32mTests run: [0;1;32m3[m, Failures: 0, Errors: 0, Skipped: 0, Time elapsed: 0.002 s -- in com.google.gson.[1mVersionExclusionStrategyTest[m
[[1;34mINFO[m] Running com.google.gson.[1mGsonTest[m
[[1;34mINFO[m] [1;32mTests run: [0;1;32m14[m, Failures: 0, Errors: 0, Skipped: 0, Time elapsed: 0.010 s -- in com.google.gson.[1mGsonTest[m
[[1;34mINFO[m] Running com.google.gson.[1mJsonStreamParserTest[m
[[1;34mINFO[m] [1;32mTests run: [0;1;32m7[m, Failures: 0, Errors: 0, Skipped: 0, Time elapsed: 0.001 s -- in com.google.gson.[1mJsonStreamParserTest[m
[[1;34mINFO[m] Running com.google.gson.internal.[1mConstructorConstructorTest[m
[[1;34mINFO[m] [1;32mTests run: [0;1;32m7[m, Failures: 0, Errors: 0, Skipped: 0, Time elapsed: 0.008 s -- in com.google.gson.internal.[1mConstructorConstructorTest[m
[[1;34mINFO[m] Running com.google.gson.internal.[1mStreamsTest[m
[[1;34mINFO[m] [1;32mTests run: [0;1;32m1[m, Failures: 0, Errors: 0, Skipped: 0, Time elapsed: 0 s -- in com.google.gson.internal.[1mStreamsTest[m
[[1;34mINFO[m] Running com.google.gson.internal.[1mLazilyParsedNumberTest[m
[[1;34mINFO[m] [1;32mTests run: [0;1;32m3[m, Failures: 0, Errors: 0, Skipped: 0, Time elapsed: 0.021 s -- in com.google.gson.internal.[1mLazilyParsedNumberTest[m
[[1;34mINFO[m] Running com.google.gson.internal.[1mUnsafeAllocatorInstantiationTest[m
[[1;34mINFO[m] [1;32mTests run: [0;1;32m3[m, Failures: 0, Errors: 0, Skipped: 0, Time elapsed: 0 s -- in com.google.gson.internal.[1mUnsafeAllocatorInstantiationTest[m
[[1;34mINFO[m] Running com.google.gson.internal.[1mGsonTypesTest[m
[[1;34mINFO[m] [1;32mTests run: [0;1;32m6[m, Failures: 0, Errors: 0, Skipped: 0, Time elapsed: 0.001 s -- in com.google.gson.internal.[1mGsonTypesTest[m
[[1;34mINFO[m] Running com.google.gson.internal.[1mLinkedTreeMapSuiteTest[m
[[1;34mINFO[m] [1;32mTests run: [0;1;32m1852[m, Failures: 0, Errors: 0, Skipped: 0, Time elapsed: 0.556 s -- in com.google.gson.internal.[1mLinkedTreeMapSuiteTest[m
[[1;34mINFO[m] Running com.google.gson.internal.[1mLinkedTreeMapTest[m
[[1;34mINFO[m] [1;32mTests run: [0;1;32m16[m, Failures: 0, Errors: 0, Skipped: 0, Time elapsed: 0 s -- in com.google.gson.internal.[1mLinkedTreeMapTest[m
[[1;34mINFO[m] Running com.google.gson.internal.[1mJavaVersionTest[m
[[1;34mINFO[m] [1;32mTests run: [0;1;32m7[m, Failures: 0, Errors: 0, Skipped: 0, Time elapsed: 0 s -- in com.google.gson.internal.[1mJavaVersionTest[m
[[1;34mINFO[m] Running com.google.gson.internal.reflect.[1mJava17ReflectionHelperTest[m
[[1;34mINFO[m] [1;32mTests run: [0;1;32m2[m, Failures: 0, Errors: 0, Skipped: 0, Time elapsed: 0 s -- in com.google.gson.internal.reflect.[1mJava17ReflectionHelperTest[m
[[1;34mINFO[m] Running com.google.gson.internal.sql.[1mSqlTypesSupportTest[m
[[1;34mINFO[m] [1;32mTests run: [0;1;32m1[m, Failures: 0, Errors: 0, Skipped: 0, Time elapsed: 0 s -- in com.google.gson.internal.sql.[1mSqlTypesSupportTest[m
[[1;34mINFO[m] Running com.google.gson.internal.sql.[1mSqlTypesGsonTest[m
[[1;34mINFO[m] [1;32mTests run: [0;1;32m9[m, Failures: 0, Errors: 0, Skipped: 0, Time elapsed: 0 s -- in com.google.gson.internal.sql.[1mSqlTypesGsonTest[m
[[1;34mINFO[m] Running com.google.gson.internal.bind.util.[1mISO8601UtilsTest[m
[[1;34mINFO[m] [1;32mTests run: [0;1;32m9[m, Failures: 0, Errors: 0, Skipped: 0, Time elapsed: 0 s -- in com.google.gson.internal.bind.util.[1mISO8601UtilsTest[m
[[1;34mINFO[m] Running com.google.gson.internal.bind.[1mJava17ReflectiveTypeAdapterFactoryTest[m
[[1;34mINFO[m] [1;32mTests run: [0;1;32m2[m, Failures: 0, Errors: 0, Skipped: 0, Time elapsed: 0 s -- in com.google.gson.internal.bind.[1mJava17ReflectiveTypeAdapterFactoryTest[m
[[1;34mINFO[m] Running com.google.gson.internal.bind.[1mJsonElementReaderTest[m
[[1;34mINFO[m] [1;32mTests run: [0;1;32m18[m, Failures: 0, Errors: 0, Skipped: 0, Time elapsed: 0 s -- in com.google.gson.internal.bind.[1mJsonElementReaderTest[m
[[1;34mINFO[m] Running com.google.gson.internal.bind.[1mJsonTreeWriterTest[m
[[1;34mINFO[m] [1;32mTests run: [0;1;32m22[m, Failures: 0, Errors: 0, Skipped: 0, Time elapsed: 0.001 s -- in com.google.gson.internal.bind.[1mJsonTreeWriterTest[m
[[1;34mINFO[m] Running com.google.gson.internal.bind.[1mDefaultDateTypeAdapterTest[m
[[1;34mINFO[m] [1;32mTests run: [0;1;32m11[m, Failures: 0, Errors: 0, Skipped: 0, Time elapsed: 0.098 s -- in com.google.gson.internal.bind.[1mDefaultDateTypeAdapterTest[m
[[1;34mINFO[m] Running com.google.gson.internal.bind.[1mRecursiveTypesResolveTest[m
[[1;34mINFO[m] [1;32mTests run: [0;1;32m7[m, Failures: 0, Errors: 0, Skipped: 0, Time elapsed: 0 s -- in com.google.gson.internal.bind.[1mRecursiveTypesResolveTest[m
[[1;34mINFO[m] Running com.google.gson.internal.bind.[1mJsonTreeReaderTest[m
[[1;34mINFO[m] [1;32mTests run: [0;1;32m10[m, Failures: 0, Errors: 0, Skipped: 0, Time elapsed: 0 s -- in com.google.gson.internal.bind.[1mJsonTreeReaderTest[m
[[1;34mINFO[m] Running com.google.gson.internal.[1mGsonBuildConfigTest[m
[[1;34mINFO[m] [1;32mTests run: [0;1;32m1[m, Failures: 0, Errors: 0, Skipped: 0, Time elapsed: 0 s -- in com.google.gson.internal.[1mGsonBuildConfigTest[m
[[1;34mINFO[m] Running com.google.gson.[1mMixedStreamTest[m
[[1;34mINFO[m] [1;32mTests run: [0;1;32m13[m, Failures: 0, Errors: 0, Skipped: 0, Time elapsed: 0.001 s -- in com.google.gson.[1mMixedStreamTest[m
[[1;34mINFO[m] Running com.google.gson.[1mJsonObjectAsMapSuiteTest[m
[[1;34mINFO[m] [1;32mTests run: [0;1;32m903[m, Failures: 0, Errors: 0, Skipped: 0, Time elapsed: 0.170 s -- in com.google.gson.[1mJsonObjectAsMapSuiteTest[m
[[1;34mINFO[m] Running com.google.gson.[1mOverrideCoreTypeAdaptersTest[m
[[1;34mINFO[m] [1;32mTests run: [0;1;32m3[m, Failures: 0, Errors: 0, Skipped: 0, Time elapsed: 0.001 s -- in com.google.gson.[1mOverrideCoreTypeAdaptersTest[m
[[1;34mINFO[m] Running com.google.gson.[1mJsonArrayAsListTest[m
[[1;34mINFO[m] [1;32mTests run: [0;1;32m16[m, Failures: 0, Errors: 0, Skipped: 0, Time elapsed: 0 s -- in com.google.gson.[1mJsonArrayAsListTest[m
[[1;34mINFO[m] Running com.google.gson.[1mObjectTypeAdapterParameterizedTest[m
[[1;34mINFO[m] [1;32mTests run: [0;1;32m8[m, Failures: 0, Errors: 0, Skipped: 0, Time elapsed: 0.001 s -- in com.google.gson.[1mObjectTypeAdapterParameterizedTest[m
[[1;34mINFO[m] Running com.google.gson.[1mInnerClassExclusionStrategyTest[m
[[1;34mINFO[m] [1;32mTests run: [0;1;32m4[m, Failures: 0, Errors: 0, Skipped: 0, Time elapsed: 0 s -- in com.google.gson.[1mInnerClassExclusionStrategyTest[m
[[1;34mINFO[m] Running com.google.gson.[1mJsonNullTest[m
[[1;34mINFO[m] [1;32mTests run: [0;1;32m3[m, Failures: 0, Errors: 0, Skipped: 0, Time elapsed: 0 s -- in com.google.gson.[1mJsonNullTest[m
[[1;34mINFO[m] Running com.google.gson.[1mJsonParserTest[m
[[1;34mINFO[m] [1;32mTests run: [0;1;32m14[m, Failures: 0, Errors: 0, Skipped: 0, Time elapsed: 0 s -- in com.google.gson.[1mJsonParserTest[m
[[1;34mINFO[m] Running com.google.gson.[1mGsonTypeAdapterTest[m
[[1;34mINFO[m] [1;32mTests run: [0;1;32m5[m, Failures: 0, Errors: 0, Skipped: 0, Time elapsed: 0 s -- in com.google.gson.[1mGsonTypeAdapterTest[m
[[1;34mINFO[m] Running com.google.gson.[1mJavaSerializationTest[m
[[1;34mINFO[m] [1;32mTests run: [0;1;32m3[m, Failures: 0, Errors: 0, Skipped: 0, Time elapsed: 0.001 s -- in com.google.gson.[1mJavaSerializationTest[m
[[1;34mINFO[m] Running com.google.gson.[1mJsonPrimitiveTest[m
[[1;34mINFO[m] [1;32mTests run: [0;1;32m30[m, Failures: 0, Errors: 0, Skipped: 0, Time elapsed: 0.004 s -- in com.google.gson.[1mJsonPrimitiveTest[m
[[1;34mINFO[m] Running com.google.gson.[1mCommentsTest[m
[[1;34mINFO[m] [1;32mTests run: [0;1;32m1[m, Failures: 0, Errors: 0, Skipped: 0, Time elapsed: 0 s -- in com.google.gson.[1mCommentsTest[m
[[1;34mINFO[m] Running com.google.gson.[1mParameterizedTypeTest[m
[[1;34mINFO[m] [1;32mTests run: [0;1;32m2[m, Failures: 0, Errors: 0, Skipped: 0, Time elapsed: 0 s -- in com.google.gson.[1mParameterizedTypeTest[m
[[1;34mINFO[m] Running com.google.gson.functional.[1mCustomTypeAdaptersTest[m
[[1;33mWARNING[m] [1;33mTests [0;1mrun: [0;1m21[m, Failures: 0, Errors: 0, [1;33mSkipped: [0;1;33m2[m, Time elapsed: 0.007 s -- in com.google.gson.functional.[1mCustomTypeAdaptersTest[m
[[1;34mINFO[m] Running com.google.gson.functional.[1mMapTest[m
[[1;34mINFO[m] [1;32mTests run: [0;1;32m52[m, Failures: 0, Errors: 0, Skipped: 0, Time elapsed: 0.030 s -- in com.google.gson.functional.[1mMapTest[m
[[1;34mINFO[m] Running com.google.gson.functional.[1mTypeAdapterPrecedenceTest[m
[[1;34mINFO[m] [1;32mTests run: [0;1;32m8[m, Failures: 0, Errors: 0, Skipped: 0, Time elapsed: 0 s -- in com.google.gson.functional.[1mTypeAdapterPrecedenceTest[m
[[1;34mINFO[m] Running com.google.gson.functional.[1mGsonVersionDiagnosticsTest[m
[[1;34mINFO[m] [1;32mTests run: [0;1;32m3[m, Failures: 0, Errors: 0, Skipped: 0, Time elapsed: 0 s -- in com.google.gson.functional.[1mGsonVersionDiagnosticsTest[m
[[1;34mINFO[m] Running com.google.gson.functional.[1mFormattingStyleTest[m
[[1;34mINFO[m] [1;32mTests run: [0;1;32m9[m, Failures: 0, Errors: 0, Skipped: 0, Time elapsed: 0.014 s -- in com.google.gson.functional.[1mFormattingStyleTest[m
[[1;34mINFO[m] Running com.google.gson.functional.[1mPrimitiveTest[m
[[1;34mINFO[m] [1;32mTests run: [0;1;32m106[m, Failures: 0, Errors: 0, Skipped: 0, Time elapsed: 0.020 s -- in com.google.gson.functional.[1mPrimitiveTest[m
[[1;34mINFO[m] Running com.google.gson.functional.[1mTreeTypeAdaptersTest[m
[[1;34mINFO[m] [1;32mTests run: [0;1;32m2[m, Failures: 0, Errors: 0, Skipped: 0, Time elapsed: 0 s -- in com.google.gson.functional.[1mTreeTypeAdaptersTest[m
[[1;34mINFO[m] Running com.google.gson.functional.[1mVersioningTest[m
[[1;34mINFO[m] [1;32mTests run: [0;1;32m10[m, Failures: 0, Errors: 0, Skipped: 0, Time elapsed: 0 s -- in com.google.gson.functional.[1mVersioningTest[m
[[1;34mINFO[m] Running com.google.gson.functional.[1mCustomDeserializerTest[m
[[1;34mINFO[m] [1;32mTests run: [0;1;32m7[m, Failures: 0, Errors: 0, Skipped: 0, Time elapsed: 0.001 s -- in com.google.gson.functional.[1mCustomDeserializerTest[m
[[1;34mINFO[m] Running com.google.gson.functional.[1mSecurityTest[m
[[1;34mINFO[m] [1;32mTests run: [0;1;32m5[m, Failures: 0, Errors: 0, Skipped: 0, Time elapsed: 0 s -- in com.google.gson.functional.[1mSecurityTest[m
[[1;34mINFO[m] Running com.google.gson.functional.[1mPrintFormattingTest[m
[[1;34mINFO[m] [1;32mTests run: [0;1;32m3[m, Failures: 0, Errors: 0, Skipped: 0, Time elapsed: 0 s -- in com.google.gson.functional.[1mPrintFormattingTest[m
[[1;34mINFO[m] Running com.google.gson.functional.[1mEnumTest[m
[[1;34mINFO[m] [1;32mTests run: [0;1;32m16[m, Failures: 0, Errors: 0, Skipped: 0, Time elapsed: 0.007 s -- in com.google.gson.functional.[1mEnumTest[m
[[1;34mINFO[m] Running com.google.gson.functional.[1mExclusionStrategyFunctionalTest[m
[[1;34mINFO[m] [1;32mTests run: [0;1;32m9[m, Failures: 0, Errors: 0, Skipped: 0, Time elapsed: 0.001 s -- in com.google.gson.functional.[1mExclusionStrategyFunctionalTest[m
[[1;34mINFO[m] Running com.google.gson.functional.[1mMoreSpecificTypeSerializationTest[m
[[1;34mINFO[m] [1;32mTests run: [0;1;32m6[m, Failures: 0, Errors: 0, Skipped: 0, Time elapsed: 0 s -- in com.google.gson.functional.[1mMoreSpecificTypeSerializationTest[m
[[1;34mINFO[m] Running com.google.gson.functional.[1mJsonAdapterAnnotationOnFieldsTest[m
[[1;34mINFO[m] [1;32mTests run: [0;1;32m19[m, Failures: 0, Errors: 0, Skipped: 0, Time elapsed: 0.011 s -- in com.google.gson.functional.[1mJsonAdapterAnnotationOnFieldsTest[m
[[1;34mINFO[m] Running com.google.gson.functional.[1mCustomSerializerTest[m
[[1;34mINFO[m] [1;32mTests run: [0;1;32m5[m, Failures: 0, Errors: 0, Skipped: 0, Time elapsed: 0 s -- in com.google.gson.functional.[1mCustomSerializerTest[m
[[1;34mINFO[m] Running com.google.gson.functional.[1mPrettyPrintingTest[m
[[1;34mINFO[m] [1;32mTests run: [0;1;32m8[m, Failures: 0, Errors: 0, Skipped: 0, Time elapsed: 0 s -- in com.google.gson.functional.[1mPrettyPrintingTest[m
[[1;34mINFO[m] Running com.google.gson.functional.[1mInterfaceTest[m
[[1;34mINFO[m] [1;32mTests run: [0;1;32m2[m, Failures: 0, Errors: 0, Skipped: 0, Time elapsed: 0 s -- in com.google.gson.functional.[1mInterfaceTest[m
[[1;34mINFO[m] Running com.google.gson.functional.[1mSerializedNameTest[m
[[1;34mINFO[m] [1;32mTests run: [0;1;32m3[m, Failures: 0, Errors: 0, Skipped: 0, Time elapsed: 0 s -- in com.google.gson.functional.[1mSerializedNameTest[m
[[1;34mINFO[m] Running com.google.gson.functional.[1mJavaUtilTest[m
[[1;34mINFO[m] [1;32mTests run: [0;1;32m2[m, Failures: 0, Errors: 0, Skipped: 0, Time elapsed: 0 s -- in com.google.gson.functional.[1mJavaUtilTest[m
[[1;34mINFO[m] Running com.google.gson.functional.[1mReadersWritersTest[m
[[1;34mINFO[m] [1;32mTests run: [0;1;32m11[m, Failures: 0, Errors: 0, Skipped: 0, Time elapsed: 0 s -- in com.google.gson.functional.[1mReadersWritersTest[m
[[1;34mINFO[m] Running com.google.gson.functional.[1mConcurrencyTest[m
[[1;34mINFO[m] [1;32mTests run: [0;1;32m4[m, Failures: 0, Errors: 0, Skipped: 0, Time elapsed: 0.004 s -- in com.google.gson.functional.[1mConcurrencyTest[m
[[1;34mINFO[m] Running com.google.gson.functional.[1mStreamingTypeAdaptersTest[m
[[1;34mINFO[m] [1;32mTests run: [0;1;32m17[m, Failures: 0, Errors: 0, Skipped: 0, Time elapsed: 0.005 s -- in com.google.gson.functional.[1mStreamingTypeAdaptersTest[m
[[1;34mINFO[m] Running com.google.gson.functional.[1mNamingPolicyTest[m
[[1;34mINFO[m] [1;32mTests run: [0;1;32m22[m, Failures: 0, Errors: 0, Skipped: 0, Time elapsed: 0.005 s -- in com.google.gson.functional.[1mNamingPolicyTest[m
[[1;34mINFO[m] Running com.google.gson.functional.[1mRuntimeTypeAdapterFactoryFunctionalTest[m
[[1;34mINFO[m] [1;32mTests run: [0;1;32m1[m, Failures: 0, Errors: 0, Skipped: 0, Time elapsed: 0 s -- in com.google.gson.functional.[1mRuntimeTypeAdapterFactoryFunctionalTest[m
[[1;34mINFO[m] Running com.google.gson.functional.[1mEnumWithObfuscatedTest[m
[[1;34mINFO[m] [1;32mTests run: [0;1;32m1[m, Failures: 0, Errors: 0, Skipped: 0, Time elapsed: 0 s -- in com.google.gson.functional.[1mEnumWithObfuscatedTest[m
[[1;34mINFO[m] Running com.google.gson.functional.[1mInheritanceTest[m
[[1;34mINFO[m] [1;32mTests run: [0;1;32m13[m, Failures: 0, Errors: 0, Skipped: 0, Time elapsed: 0.001 s -- in com.google.gson.functional.[1mInheritanceTest[m
[[1;34mINFO[m] Running com.google.gson.functional.[1mReusedTypeVariablesFullyResolveTest[m
[[1;34mINFO[m] [1;32mTests run: [0;1;32m1[m, Failures: 0, Errors: 0, Skipped: 0, Time elapsed: 0 s -- in com.google.gson.functional.[1mReusedTypeVariablesFullyResolveTest[m
[[1;34mINFO[m] Running com.google.gson.functional.[1mReflectionAccessFilterTest[m
[[1;34mINFO[m] [1;32mTests run: [0;1;32m15[m, Failures: 0, Errors: 0, Skipped: 0, Time elapsed: 0.007 s -- in com.google.gson.functional.[1mReflectionAccessFilterTest[m
[[1;34mINFO[m] Running com.google.gson.functional.[1mCircularReferenceTest[m
[[1;34mINFO[m] [1;32mTests run: [0;1;32m6[m, Failures: 0, Errors: 0, Skipped: 0, Time elapsed: 0.010 s -- in com.google.gson.functional.[1mCircularReferenceTest[m
[[1;34mINFO[m] Running com.google.gson.functional.[1mExposeFieldsTest[m
[[1;34mINFO[m] [1;32mTests run: [0;1;32m8[m, Failures: 0, Errors: 0, Skipped: 0, Time elapsed: 0.004 s -- in com.google.gson.functional.[1mExposeFieldsTest[m
[[1;34mINFO[m] Running com.google.gson.functional.[1mJsonTreeTest[m
[[1;34mINFO[m] [1;32mTests run: [0;1;32m4[m, Failures: 0, Errors: 0, Skipped: 0, Time elapsed: 0 s -- in com.google.gson.functional.[1mJsonTreeTest[m
[[1;34mINFO[m] Running com.google.gson.functional.[1mNullObjectAndFieldTest[m
[[1;34mINFO[m] [1;32mTests run: [0;1;32m16[m, Failures: 0, Errors: 0, Skipped: 0, Time elapsed: 0 s -- in com.google.gson.functional.[1mNullObjectAndFieldTest[m
[[1;34mINFO[m] Running com.google.gson.functional.[1mJsonAdapterAnnotationOnClassesTest[m
[[1;34mINFO[m] [1;32mTests run: [0;1;32m20[m, Failures: 0, Errors: 0, Skipped: 0, Time elapsed: 0.007 s -- in com.google.gson.functional.[1mJsonAdapterAnnotationOnClassesTest[m
[[1;34mINFO[m] Running com.google.gson.functional.[1mJavaUtilConcurrentAtomicTest[m
[[1;34mINFO[m] [1;32mTests run: [0;1;32m7[m, Failures: 0, Errors: 0, Skipped: 0, Time elapsed: 0 s -- in com.google.gson.functional.[1mJavaUtilConcurrentAtomicTest[m
[[1;34mINFO[m] Running com.google.gson.functional.[1mPrimitiveCharacterTest[m
[[1;34mINFO[m] [1;32mTests run: [0;1;32m2[m, Failures: 0, Errors: 0, Skipped: 0, Time elapsed: 0 s -- in com.google.gson.functional.[1mPrimitiveCharacterTest[m
[[1;34mINFO[m] Running com.google.gson.functional.[1mFieldExclusionTest[m
[[1;34mINFO[m] [1;32mTests run: [0;1;32m3[m, Failures: 0, Errors: 0, Skipped: 0, Time elapsed: 0 s -- in com.google.gson.functional.[1mFieldExclusionTest[m
[[1;34mINFO[m] Running com.google.gson.functional.[1mJava17RecordTest[m
[[1;34mINFO[m] [1;32mTests run: [0;1;32m25[m, Failures: 0, Errors: 0, Skipped: 0, Time elapsed: 0.021 s -- in com.google.gson.functional.[1mJava17RecordTest[m
[[1;34mINFO[m] Running com.google.gson.functional.[1mReflectionAccessTest[m
WARNING: A terminally deprecated method in java.lang.System has been called
WARNING: System::setSecurityManager has been called by com.google.gson.functional.ReflectionAccessTest (file:/app/gson/target/test-classes/)
WARNING: Please consider reporting this to the maintainers of com.google.gson.functional.ReflectionAccessTest
WARNING: System::setSecurityManager will be removed in a future release
[[1;34mINFO[m] [1;32mTests run: [0;1;32m3[m, Failures: 0, Errors: 0, Skipped: 0, Time elapsed: 0.016 s -- in com.google.gson.functional.[1mReflectionAccessTest[m
[[1;34mINFO[m] Running com.google.gson.functional.[1mNumberLimitsTest[m
[[1;34mINFO[m] [1;32mTests run: [0;1;32m6[m, Failures: 0, Errors: 0, Skipped: 0, Time elapsed: 0.061 s -- in com.google.gson.functional.[1mNumberLimitsTest[m
[[1;34mINFO[m] Running com.google.gson.functional.[1mRawSerializationTest[m
[[1;34mINFO[m] [1;32mTests run: [0;1;32m5[m, Failures: 0, Errors: 0, Skipped: 0, Time elapsed: 0 s -- in com.google.gson.functional.[1mRawSerializationTest[m
[[1;34mINFO[m] Running com.google.gson.functional.[1mToNumberPolicyFunctionalTest[m
[[1;34mINFO[m] [1;32mTests run: [0;1;32m7[m, Failures: 0, Errors: 0, Skipped: 0, Time elapsed: 0 s -- in com.google.gson.functional.[1mToNumberPolicyFunctionalTest[m
[[1;34mINFO[m] Running com.google.gson.functional.[1mInstanceCreatorTest[m
[[1;34mINFO[m] [1;32mTests run: [0;1;32m5[m, Failures: 0, Errors: 0, Skipped: 0, Time elapsed: 0 s -- in com.google.gson.functional.[1mInstanceCreatorTest[m
[[1;34mINFO[m] Running com.google.gson.functional.[1mJsonParserTest[m
[[1;34mINFO[m] [1;32mTests run: [0;1;32m8[m, Failures: 0, Errors: 0, Skipped: 0, Time elapsed: 0 s -- in com.google.gson.functional.[1mJsonParserTest[m
[[1;34mINFO[m] Running com.google.gson.functional.[1mTypeVariableTest[m
[[1;34mINFO[m] [1;32mTests run: [0;1;32m3[m, Failures: 0, Errors: 0, Skipped: 0, Time elapsed: 0.001 s -- in com.google.gson.functional.[1mTypeVariableTest[m
[[1;34mINFO[m] Running com.google.gson.functional.[1mInternationalizationTest[m
[[1;34mINFO[m] [1;32mTests run: [0;1;32m6[m, Failures: 0, Errors: 0, Skipped: 0, Time elapsed: 0 s -- in com.google.gson.functional.[1mInternationalizationTest[m
[[1;34mINFO[m] Running com.google.gson.functional.[1mDefaultTypeAdaptersTest[m
[[1;34mINFO[m] [1;32mTests run: [0;1;32m60[m, Failures: 0, Errors: 0, Skipped: 0, Time elapsed: 0.038 s -- in com.google.gson.functional.[1mDefaultTypeAdaptersTest[m
[[1;34mINFO[m] Running com.google.gson.functional.[1mEscapingTest[m
[[1;34mINFO[m] [1;32mTests run: [0;1;32m5[m, Failures: 0, Errors: 0, Skipped: 0, Time elapsed: 0 s -- in com.google.gson.functional.[1mEscapingTest[m
[[1;34mINFO[m] Running com.google.gson.functional.[1mDelegateTypeAdapterTest[m
[[1;34mINFO[m] [1;32mTests run: [0;1;32m2[m, Failures: 0, Errors: 0, Skipped: 0, Time elapsed: 0 s -- in com.google.gson.functional.[1mDelegateTypeAdapterTest[m
[[1;34mINFO[m] Running com.google.gson.functional.[1mUncategorizedTest[m
[[1;34mINFO[m] [1;32mTests run: [0;1;32m6[m, Failures: 0, Errors: 0, Skipped: 0, Time elapsed: 0 s -- in com.google.gson.functional.[1mUncategorizedTest[m
[[1;34mINFO[m] Running com.google.gson.functional.[1mParameterizedTypesTest[m
[[1;34mINFO[m] [1;32mTests run: [0;1;32m18[m, Failures: 0, Errors: 0, Skipped: 0, Time elapsed: 0.004 s -- in com.google.gson.functional.[1mParameterizedTypesTest[m
[[1;34mINFO[m] Running com.google.gson.functional.[1mMapAsArrayTypeAdapterTest[m
[[1;33mWARNING[m] [1;33mTests [0;1mrun: [0;1m6[m, Failures: 0, Errors: 0, [1;33mSkipped: [0;1;33m1[m, Time elapsed: 0.001 s -- in com.google.gson.functional.[1mMapAsArrayTypeAdapterTest[m
[[1;34mINFO[m] Running com.google.gson.functional.[1mLeniencyTest[m
[[1;34mINFO[m] [1;32mTests run: [0;1;32m1[m, Failures: 0, Errors: 0, Skipped: 0, Time elapsed: 0 s -- in com.google.gson.functional.[1mLeniencyTest[m
[[1;34mINFO[m] Running com.google.gson.functional.[1mTypeAdapterRuntimeTypeWrapperTest[m
[[1;34mINFO[m] [1;32mTests run: [0;1;32m7[m, Failures: 0, Errors: 0, Skipped: 0, Time elapsed: 0 s -- in com.google.gson.functional.[1mTypeAdapterRuntimeTypeWrapperTest[m
[[1;34mINFO[m] Running com.google.gson.functional.[1mArrayTest[m
[[1;34mINFO[m] [1;32mTests run: [0;1;32m28[m, Failures: 0, Errors: 0, Skipped: 0, Time elapsed: 0.003 s -- in com.google.gson.functional.[1mArrayTest[m
[[1;34mINFO[m] Running com.google.gson.functional.[1mTypeHierarchyAdapterTest[m
[[1;34mINFO[m] [1;32mTests run: [0;1;32m3[m, Failures: 0, Errors: 0, Skipped: 0, Time elapsed: 0.001 s -- in com.google.gson.functional.[1mTypeHierarchyAdapterTest[m
[[1;34mINFO[m] Running com.google.gson.functional.[1mJsonAdapterSerializerDeserializerTest[m
[[1;34mINFO[m] [1;32mTests run: [0;1;32m4[m, Failures: 0, Errors: 0, Skipped: 0, Time elapsed: 0.005 s -- in com.google.gson.functional.[1mJsonAdapterSerializerDeserializerTest[m
[[1;34mINFO[m] Running com.google.gson.functional.[1mStringTest[m
[[1;34mINFO[m] [1;32mTests run: [0;1;32m18[m, Failures: 0, Errors: 0, Skipped: 0, Time elapsed: 0 s -- in com.google.gson.functional.[1mStringTest[m
[[1;34mINFO[m] Running com.google.gson.functional.[1mCollectionTest[m
[[1;34mINFO[m] [1;32mTests run: [0;1;32m30[m, Failures: 0, Errors: 0, Skipped: 0, Time elapsed: 0.009 s -- in com.google.gson.functional.[1mCollectionTest[m
[[1;34mINFO[m] Running com.google.gson.functional.[1mObjectTest[m
[[1;34mINFO[m] [1;32mTests run: [0;1;32m50[m, Failures: 0, Errors: 0, Skipped: 0, Time elapsed: 0.010 s -- in com.google.gson.functional.[1mObjectTest[m
[[1;34mINFO[m] Running com.google.gson.functional.[1mFieldNamingTest[m
[[1;34mINFO[m] [1;32mTests run: [0;1;32m6[m, Failures: 0, Errors: 0, Skipped: 0, Time elapsed: 0 s -- in com.google.gson.functional.[1mFieldNamingTest[m
[[1;34mINFO[m] Running com.google.gson.[1mLongSerializationPolicyTest[m
[[1;34mINFO[m] [1;32mTests run: [0;1;32m6[m, Failures: 0, Errors: 0, Skipped: 0, Time elapsed: 0 s -- in com.google.gson.[1mLongSerializationPolicyTest[m
[[1;34mINFO[m] Running com.google.gson.[1mTypeAdapterTest[m
[[1;34mINFO[m] [1;32mTests run: [0;1;32m6[m, Failures: 0, Errors: 0, Skipped: 0, Time elapsed: 0 s -- in com.google.gson.[1mTypeAdapterTest[m
[[1;34mINFO[m] Running com.google.gson.[1mJsonArrayTest[m
[[1;34mINFO[m] [1;32mTests run: [0;1;32m18[m, Failures: 0, Errors: 0, Skipped: 0, Time elapsed: 0 s -- in com.google.gson.[1mJsonArrayTest[m
[[1;34mINFO[m] Running com.google.gson.reflect.[1mTypeTokenTest[m
[[1;34mINFO[m] [1;32mTests run: [0;1;32m11[m, Failures: 0, Errors: 0, Skipped: 0, Time elapsed: 0.003 s -- in com.google.gson.reflect.[1mTypeTokenTest[m
[[1;34mINFO[m] Running com.google.gson.metrics.[1mPerformanceTest[m
[[1;33mWARNING[m] [1;33mTests [0;1mrun: [0;1m12[m, Failures: 0, Errors: 0, [1;33mSkipped: [0;1;33m11[m, Time elapsed: 0 s -- in com.google.gson.metrics.[1mPerformanceTest[m
[[1;34mINFO[m] Running com.google.gson.[1mJsonArrayAsListSuiteTest[m
[[1;34mINFO[m] [1;32mTests run: [0;1;32m404[m, Failures: 0, Errors: 0, Skipped: 0, Time elapsed: 0.348 s -- in com.google.gson.[1mJsonArrayAsListSuiteTest[m
[[1;34mINFO[m] Running com.google.gson.[1mFieldNamingPolicyTest[m
[[1;34mINFO[m] [1;32mTests run: [0;1;32m4[m, Failures: 0, Errors: 0, Skipped: 0, Time elapsed: 0 s -- in com.google.gson.[1mFieldNamingPolicyTest[m
[[1;34mINFO[m] Running com.google.gson.[1mExposeAnnotationExclusionStrategyTest[m
[[1;34mINFO[m] [1;32mTests run: [0;1;32m6[m, Failures: 0, Errors: 0, Skipped: 0, Time elapsed: 0 s -- in com.google.gson.[1mExposeAnnotationExclusionStrategyTest[m
[[1;34mINFO[m] Running com.google.gson.[1mDefaultInetAddressTypeAdapterTest[m
[[1;34mINFO[m] [1;32mTests run: [0;1;32m1[m, Failures: 0, Errors: 0, Skipped: 0, Time elapsed: 0.001 s -- in com.google.gson.[1mDefaultInetAddressTypeAdapterTest[m
[[1;34mINFO[m] Running com.google.gson.[1mGsonBuilderTest[m
[[1;33mWARNING[m] [1;33mTests [0;1mrun: [0;1m22[m, Failures: 0, Errors: 0, [1;33mSkipped: [0;1;33m1[m, Time elapsed: 0 s -- in com.google.gson.[1mGsonBuilderTest[m
[[1;34mINFO[m]
[[1;34mINFO[m] Results:
[[1;34mINFO[m]
[[1;33mWARNING[m] [1;33mTests run: 4559, Failures: 0, Errors: 0, Skipped: 19[m
[[1;34mINFO[m]
[[1;34mINFO[m]
[[1;34mINFO[m] [1m-------------------< [0;36mcom.google.code.gson:test-jpms[0;1m >-------------------[m
[[1;34mINFO[m] [1mBuilding Test: Java Platform Module System (JPMS) 2.13.3-SNAPSHOT  [3/8][m
[[1;34mINFO[m] [1m--------------------------------[ jar ]---------------------------------[m
[[1;34mINFO[m]
[[1;34mINFO[m] [1m--- [0;32mmaven-enforcer-plugin:3.6.1:enforce[m [1m(enforce-versions)[m @ [36mtest-jpms[0;1m ---[m
[[1;34mINFO[m]
[[1;34mINFO[m] [1m--- [0;32mmaven-resources-plugin:2.6:resources[m [1m(default-resources)[m @ [36mtest-jpms[0;1m ---[m
[[1;34mINFO[m] Using 'UTF-8' encoding to copy filtered resources.
[[1;34mINFO[m] skip non existing resourceDirectory /app/test-jpms/src/main/resources
[[1;34mINFO[m]
[[1;34mINFO[m] [1m--- [0;32mmaven-compiler-plugin:3.14.0:compile[m [1m(default-compile)[m @ [36mtest-jpms[0;1m ---[m
[[1;34mINFO[m] Nothing to compile - all classes are up to date.
[[1;34mINFO[m]
[[1;34mINFO[m] [1m--- [0;32mmaven-resources-plugin:2.6:testResources[m [1m(default-testResources)[m @ [36mtest-jpms[0;1m ---[m
[[1;34mINFO[m] Using 'UTF-8' encoding to copy filtered resources.
[[1;34mINFO[m] skip non existing resourceDirectory /app/test-jpms/src/test/resources
[[1;34mINFO[m]
[[1;34mINFO[m] [1m--- [0;32mmaven-compiler-plugin:3.14.0:testCompile[m [1m(default-testCompile)[m @ [36mtest-jpms[0;1m ---[m
[[1;34mINFO[m] Nothing to compile - all classes are up to date.
[[1;34mINFO[m]
[[1;34mINFO[m] [1m--- [0;32mmaven-surefire-plugin:3.5.3:test[m [1m(default-test)[m @ [36mtest-jpms[0;1m ---[m
[[1;34mINFO[m] Using auto detected provider org.apache.maven.surefire.junit4.JUnit4Provider
[[1;34mINFO[m]
[[1;34mINFO[m] -------------------------------------------------------
[[1;34mINFO[m]  T E S T S
[[1;34mINFO[m] -------------------------------------------------------
[[1;31mERROR[m] Error occurred during initialization of boot layer
[[1;31mERROR[m] java.lang.module.FindException: Module com.google.gson not found, required by com.google.gson.jpms_test
[[1;34mINFO[m]
[[1;34mINFO[m] Results:
[[1;34mINFO[m]
[[1;34mINFO[m] Tests run: 0, Failures: 0, Errors: 0, Skipped: 0
[[1;34mINFO[m]
[[1;33mWARNING[m] Corrupted channel by directly writing to native stream in forked JVM 1. See FAQ web page and the dump file /app/test-jpms/target/surefire-reports/2025-11-12T05-57-42_665-jvmRun1.dumpstream
[[1;34mINFO[m] [1m------------------------------------------------------------------------[m
[[1;34mINFO[m] [1mReactor Summary for Gson Parent 2.13.3-SNAPSHOT:[m
[[1;34mINFO[m]
[[1;34mINFO[m] Gson Parent ........................................ [1;32mSUCCESS[m [  0.223 s]
[[1;34mINFO[m] Gson ............................................... [1;32mSUCCESS[m [  5.903 s]
[[1;34mINFO[m] Test: Java Platform Module System (JPMS) ........... [1;31mFAILURE[m [  0.352 s]
[[1;34mINFO[m] Test: GraalVM Native Image ......................... [1;33mSKIPPED[m
[[1;34mINFO[m] Test: Code shrinking (ProGuard / R8) ............... [1;33mSKIPPED[m
[[1;34mINFO[m] Gson Extras ........................................ [1;33mSKIPPED[m
[[1;34mINFO[m] Gson Metrics ....................................... [1;33mSKIPPED[m
[[1;34mINFO[m] Gson Protobuf Support .............................. [1;33mSKIPPED[m
[[1;34mINFO[m] [1m------------------------------------------------------------------------[m
[[1;34mINFO[m] [1;31mBUILD FAILURE[m
[[1;34mINFO[m] [1m------------------------------------------------------------------------[m
[[1;34mINFO[m] Total time:  6.749 s
[[1;34mINFO[m] Finished at: 2025-11-12T05:57:45-08:00
[[1;34mINFO[m] [1m------------------------------------------------------------------------[m
[[1;31mERROR[m] Failed to execute goal [32morg.apache.maven.plugins:maven-surefire-plugin:3.5.3:test[m [1m(default-test)[m on project [36mtest-jpms[m: [1;31m[m
[[1;31mERROR[m] [1;31m[m
[[1;31mERROR[m] [1;31mSee /app/test-jpms/target/surefire-reports for the individual test results.[m
[[1;31mERROR[m] [1;31mSee dump files (if any exist) [date].dump, [date]-jvmRun[N].dump and [date].dumpstream.[m
[[1;31mERROR[m] [1;31mThe forked VM terminated without properly saying goodbye. VM crash or System.exit called?[m
[[1;31mERROR[m] [1;31mCommand was /bin/sh -c cd '/app/test-jpms' && '/usr/lib/jvm/java-17-openjdk-amd64/bin/java' '@/app/test-jpms/target/surefire/surefireargs-20251112055745723_6' '/app/test-jpms/target/surefire' '2025-11-12T05-57-42_665-jvmRun1' 'surefire-20251112055745723_4tmp' 'surefire_1-20251112055745723_5tmp'[m
[[1;31mERROR[m] [1;31mError occurred in starting fork, check output in log[m
[[1;31mERROR[m] [1;31mProcess Exit Code: 1[m
[[1;31mERROR[m] [1;31morg.apache.maven.surefire.booter.SurefireBooterForkException: The forked VM terminated without properly saying goodbye. VM crash or System.exit called?[m
[[1;31mERROR[m] [1;31mCommand was /bin/sh -c cd '/app/test-jpms' && '/usr/lib/jvm/java-17-openjdk-amd64/bin/java' '@/app/test-jpms/target/surefire/surefireargs-20251112055745723_6' '/app/test-jpms/target/surefire' '2025-11-12T05-57-42_665-jvmRun1' 'surefire-20251112055745723_4tmp' 'surefire_1-20251112055745723_5tmp'[m
[[1;31mERROR[m] [1;31mError occurred in starting fork, check output in log[m
[[1;31mERROR[m] [1;31mProcess Exit Code: 1[m
[[1;31mERROR[m] [1;31m	at org.apache.maven.plugin.surefire.booterclient.ForkStarter.fork(ForkStarter.java:643)[m
[[1;31mERROR[m] [1;31m	at org.apache.maven.plugin.surefire.booterclient.ForkStarter.run(ForkStarter.java:285)[m
[[1;31mERROR[m] [1;31m	at org.apache.maven.plugin.surefire.booterclient.ForkStarter.run(ForkStarter.java:250)[m
[[1;31mERROR[m] [1;31m	at org.apache.maven.plugin.surefire.AbstractSurefireMojo.executeProvider(AbstractSurefireMojo.java:1337)[m
[[1;31mERROR[m] [1;31m	at org.apache.maven.plugin.surefire.AbstractSurefireMojo.executeAfterPreconditionsChecked(AbstractSurefireMojo.java:1135)[m
[[1;31mERROR[m] [1;31m	at org.apache.maven.plugin.surefire.AbstractSurefireMojo.execute(AbstractSurefireMojo.java:969)[m
[[1;31mERROR[m] [1;31m	at org.apache.maven.plugin.DefaultBuildPluginManager.executeMojo(DefaultBuildPluginManager.java:137)[m
[[1;31mERROR[m] [1;31m	at org.apache.maven.lifecycle.internal.MojoExecutor.doExecute2(MojoExecutor.java:370)[m
[[1;31mERROR[m] [1;31m	at org.apache.maven.lifecycle.internal.MojoExecutor.doExecute(MojoExecutor.java:351)[m
[[1;31mERROR[m] [1;31m	at org.apache.maven.lifecycle.internal.MojoExecutor.execute(MojoExecutor.java:215)[m
[[1;31mERROR[m] [1;31m	at org.apache.maven.lifecycle.internal.MojoExecutor.execute(MojoExecutor.java:171)[m
[[1;31mERROR[m] [1;31m	at org.apache.maven.lifecycle.internal.MojoExecutor.execute(MojoExecutor.java:163)[m
[[1;31mERROR[m] [1;31m	at org.apache.maven.lifecycle.internal.LifecycleModuleBuilder.buildProject(LifecycleModuleBuilder.java:117)[m
[[1;31mERROR[m] [1;31m	at org.apache.maven.lifecycle.internal.LifecycleModuleBuilder.buildProject(LifecycleModuleBuilder.java:81)[m
[[1;31mERROR[m] [1;31m	at org.apache.maven.lifecycle.internal.builder.singlethreaded.SingleThreadedBuilder.build(SingleThreadedBuilder.java:56)[m
[[1;31mERROR[m] [1;31m	at org.apache.maven.lifecycle.internal.LifecycleStarter.execute(LifecycleStarter.java:128)[m
[[1;31mERROR[m] [1;31m	at org.apache.maven.DefaultMaven.doExecute(DefaultMaven.java:298)[m
[[1;31mERROR[m] [1;31m	at org.apache.maven.DefaultMaven.doExecute(DefaultMaven.java:192)[m
[[1;31mERROR[m] [1;31m	at org.apache.maven.DefaultMaven.execute(DefaultMaven.java:105)[m
[[1;31mERROR[m] [1;31m	at org.apache.maven.cli.MavenCli.execute(MavenCli.java:960)[m
[[1;31mERROR[m] [1;31m	at org.apache.maven.cli.MavenCli.doMain(MavenCli.java:293)[m
[[1;31mERROR[m] [1;31m	at org.apache.maven.cli.MavenCli.main(MavenCli.java:196)[m
[[1;31mERROR[m] [1;31m	at java.base/jdk.internal.reflect.NativeMethodAccessorImpl.invoke0(Native Method)[m
[[1;31mERROR[m] [1;31m	at java.base/jdk.internal.reflect.NativeMethodAccessorImpl.invoke(NativeMethodAccessorImpl.java:77)[m
[[1;31mERROR[m] [1;31m	at java.base/jdk.internal.reflect.DelegatingMethodAccessorImpl.invoke(DelegatingMethodAccessorImpl.java:43)[m
[[1;31mERROR[m] [1;31m	at java.base/java.lang.reflect.Method.invoke(Method.java:569)[m
[[1;31mERROR[m] [1;31m	at org.codehaus.plexus.classworlds.launcher.Launcher.launchEnhanced(Launcher.java:283)[m
[[1;31mERROR[m] [1;31m	at org.codehaus.plexus.classworlds.launcher.Launcher.launch(Launcher.java:226)[m
[[1;31mERROR[m] [1;31m	at org.codehaus.plexus.classworlds.launcher.Launcher.mainWithExitCode(Launcher.java:407)[m
[[1;31mERROR[m] [1;31m	at org.codehaus.plexus.classworlds.launcher.Launcher.main(Launcher.java:348)[m
[[1;31mERROR[m] [1;31m[m
[[1;31mERROR[m] -> [1m[Help 1][m
[[1;31mERROR[m]
[[1;31mERROR[m] To see the full stack trace of the errors, re-run Maven with the [1m-e[m switch.
[[1;31mERROR[m] Re-run Maven using the [1m-X[m switch to enable full debug logging.
[[1;31mERROR[m]
[[1;31mERROR[m] For more information about the errors and possible solutions, please read the following articles:
[[1;31mERROR[m] [1m[Help 1][m http://cwiki.apache.org/confluence/display/MAVEN/MojoExecutionException
[[1;31mERROR[m]
[[1;31mERROR[m] After correcting the problems, you can resume the build with the command
[[1;31mERROR[m]   [1mmvn <args> -rf :test-jpms[m
