requirements.txt not found, skipping pip install
Collecting tox
  Downloading tox-4.30.2-py3-none-any.whl (175 kB)
     ━━━━━━━━━━━━━━━━━━━━━━━━━━━━━━━━━━━━━━━ 175.5/175.5 KB 3.6 MB/s eta 0:00:00
Collecting uv
  Downloading uv-0.8.15-py3-none-manylinux_2_17_x86_64.manylinux2014_x86_64.whl (21.0 MB)
     ━━━━━━━━━━━━━━━━━━━━━━━━━━━━━━━━━━━━━━━━ 21.0/21.0 MB 17.3 MB/s eta 0:00:00
Collecting colorama>=0.4.6
  Downloading colorama-0.4.6-py2.py3-none-any.whl (25 kB)
Collecting virtualenv>=20.31.2
  Downloading virtualenv-20.34.0-py3-none-any.whl (6.0 MB)
     ━━━━━━━━━━━━━━━━━━━━━━━━━━━━━━━━━━━━━━━━ 6.0/6.0 MB 30.9 MB/s eta 0:00:00
Collecting packaging>=25
  Downloading packaging-25.0-py3-none-any.whl (66 kB)
     ━━━━━━━━━━━━━━━━━━━━━━━━━━━━━━━━━━━━━━━━ 66.5/66.5 KB 6.4 MB/s eta 0:00:00
Collecting chardet>=5.2
  Downloading chardet-5.2.0-py3-none-any.whl (199 kB)
     ━━━━━━━━━━━━━━━━━━━━━━━━━━━━━━━━━━━━━━ 199.4/199.4 KB 11.7 MB/s eta 0:00:00
Collecting pluggy>=1.6
  Downloading pluggy-1.6.0-py3-none-any.whl (20 kB)
Collecting cachetools>=6.1
  Downloading cachetools-6.2.0-py3-none-any.whl (11 kB)
Collecting filelock>=3.18
  Downloading filelock-3.19.1-py3-none-any.whl (15 kB)
Collecting pyproject-api>=1.9.1
  Downloading pyproject_api-1.9.1-py3-none-any.whl (13 kB)
Collecting platformdirs>=4.3.8
  Downloading platformdirs-4.4.0-py3-none-any.whl (18 kB)
Collecting distlib<1,>=0.3.7
  Downloading distlib-0.4.0-py2.py3-none-any.whl (469 kB)
     ━━━━━━━━━━━━━━━━━━━━━━━━━━━━━━━━━━━━━━ 469.0/469.0 KB 22.8 MB/s eta 0:00:00
Installing collected packages: distlib, uv, pluggy, platformdirs, packaging, filelock, colorama, chardet, cachetools, virtualenv, pyproject-api, tox
Successfully installed cachetools-6.2.0 chardet-5.2.0 colorama-0.4.6 distlib-0.4.0 filelock-3.19.1 packaging-25.0 platformdirs-4.4.0 pluggy-1.6.0 pyproject-api-1.9.1 tox-4.30.2 uv-0.8.15 virtualenv-20.34.0
warning: `VIRTUAL_ENV=venv` does not match the project environment path `.venv` and will be ignored; use `--active` to target the active environment instead
Using CPython 3.10.12 interpreter at: /usr/bin/python3
Creating virtual environment at: .venv
   Building click @ file:///app
Downloading pygments (1.2MiB)
Downloading pyright (5.4MiB)
Downloading virtualenv (5.8MiB)
Downloading ruff (11.0MiB)
Downloading uv (17.0MiB)
Downloading mypy (12.0MiB)
      Built click @ file:///app
 Downloading virtualenv
 Downloading ruff
 Downloading uv
 Downloading pygments
 Downloading mypy
 Downloading pyright
Installed 31 packages in 181ms
py3.11: venv> .venv/bin/uv venv -p cpython3.11 --allow-existing --python-preference system /app/.tox/py3.11
py3.11: uv-sync> uv sync --locked --python-preference system --no-default-groups --no-editable --reinstall-package click --group tests -p cpython3.11
py3.11: commands[0]> pytest -v --tb=short --basetemp=/app/.tox/py3.11/tmp
============================= test session starts ==============================
platform linux -- Python 3.11.0rc1, pytest-8.4.0, pluggy-1.6.0 -- /app/.tox/py3.11/bin/python3
cachedir: .tox/py3.11/.pytest_cache
rootdir: /app
configfile: pyproject.toml
testpaths: tests
collecting ... collected 920 items

tests/test_arguments.py::test_nargs_star PASSED                          [  0%]
tests/test_arguments.py::test_argument_unbounded_nargs_cant_have_default PASSED [  0%]
tests/test_arguments.py::test_nargs_tup PASSED                           [  0%]
tests/test_arguments.py::test_nargs_tup_composite[opts0] PASSED          [  0%]
tests/test_arguments.py::test_nargs_tup_composite[opts1] PASSED          [  0%]
tests/test_arguments.py::test_nargs_tup_composite[opts2] PASSED          [  0%]
tests/test_arguments.py::test_nargs_tup_composite[opts3] PASSED          [  0%]
tests/test_arguments.py::test_nargs_err PASSED                           [  0%]
tests/test_arguments.py::test_bytes_args PASSED                          [  0%]
tests/test_arguments.py::test_file_args PASSED                           [  1%]
tests/test_arguments.py::test_path_allow_dash PASSED                     [  1%]
tests/test_arguments.py::test_file_atomics PASSED                        [  1%]
tests/test_arguments.py::test_stdout_default PASSED                      [  1%]
tests/test_arguments.py::test_nargs_envvar[2--None] PASSED               [  1%]
tests/test_arguments.py::test_nargs_envvar[2-a-Takes 2 values but 1 was given.] PASSED [  1%]
tests/test_arguments.py::test_nargs_envvar[2-a b-expect2] PASSED         [  1%]
tests/test_arguments.py::test_nargs_envvar[2-a b c-Takes 2 values but 3 were given.] PASSED [  1%]
tests/test_arguments.py::test_nargs_envvar[-1-a b c-expect4] PASSED      [  1%]
tests/test_arguments.py::test_nargs_envvar[-1--expect5] PASSED           [  2%]
tests/test_arguments.py::test_nargs_envvar_only_if_values_empty PASSED   [  2%]
tests/test_arguments.py::test_empty_nargs PASSED                         [  2%]
tests/test_arguments.py::test_missing_arg PASSED                         [  2%]
tests/test_arguments.py::test_missing_argument_string_cast PASSED        [  2%]
tests/test_arguments.py::test_implicit_non_required PASSED               [  2%]
tests/test_arguments.py::test_deprecated_usage PASSED                    [  2%]
tests/test_arguments.py::test_deprecated_warning[True] PASSED            [  2%]
tests/test_arguments.py::test_deprecated_warning[USE B INSTEAD] PASSED   [  2%]
tests/test_arguments.py::test_deprecated_required PASSED                 [  3%]
tests/test_arguments.py::test_eat_options PASSED                         [  3%]
tests/test_arguments.py::test_nargs_star_ordering PASSED                 [  3%]
tests/test_arguments.py::test_nargs_specified_plus_star_ordering PASSED  [  3%]
tests/test_arguments.py::test_defaults_for_nargs PASSED                  [  3%]
tests/test_arguments.py::test_multiple_param_decls_not_allowed PASSED    [  3%]
tests/test_arguments.py::test_multiple_not_allowed PASSED                [  3%]
tests/test_arguments.py::test_nargs_bad_default[value0] PASSED           [  3%]
tests/test_arguments.py::test_nargs_bad_default[value1] PASSED           [  3%]
tests/test_arguments.py::test_nargs_bad_default[value2] PASSED           [  4%]
tests/test_arguments.py::test_subcommand_help PASSED                     [  4%]
tests/test_arguments.py::test_nested_subcommand_help PASSED              [  4%]
tests/test_arguments.py::test_when_argument_decorator_is_used_multiple_times_cls_is_preserved PASSED [  4%]
tests/test_arguments.py::test_duplicate_names_warning[args_one0-args_two0] PASSED [  4%]
tests/test_basic.py::test_basic_functionality PASSED                     [  4%]
tests/test_basic.py::test_repr PASSED                                    [  4%]
tests/test_basic.py::test_return_values PASSED                           [  4%]
tests/test_basic.py::test_basic_group PASSED                             [  4%]
tests/test_basic.py::test_group_commands_dict PASSED                     [  5%]
tests/test_basic.py::test_group_from_list PASSED                         [  5%]
tests/test_basic.py::test_string_option[args0-S:[no value]] PASSED       [  5%]
tests/test_basic.py::test_string_option[args1-S:[42]] PASSED             [  5%]
tests/test_basic.py::test_string_option[args2-Error: Option '--s' requires an argument.] PASSED [  5%]
tests/test_basic.py::test_string_option[args3-S:[]] PASSED               [  5%]
tests/test_basic.py::test_string_option[args4-S:[\u2603]] PASSED         [  5%]
tests/test_basic.py::test_int_option[args0-I:[84]] PASSED                [  5%]
tests/test_basic.py::test_int_option[args1-I:[46]] PASSED                [  5%]
tests/test_basic.py::test_int_option[args2-Error: Invalid value for '--i': 'x' is not a valid integer.] PASSED [  5%]
tests/test_basic.py::test_uuid_option[args0-U:[ba122011-349f-423b-873b-9d6a79c688ab]] PASSED [  6%]
tests/test_basic.py::test_uuid_option[args1-U:[821592c1-c50e-4971-9cd6-e89dc6832f86]] PASSED [  6%]
tests/test_basic.py::test_uuid_option[args2-Error: Invalid value for '--u': 'x' is not a valid UUID.] PASSED [  6%]
tests/test_basic.py::test_float_option[args0-F:[42.0]] PASSED            [  6%]
tests/test_basic.py::test_float_option[--f=23.5-F:[23.5]] PASSED         [  6%]
tests/test_basic.py::test_float_option[--f=x-Error: Invalid value for '--f': 'x' is not a valid float.] PASSED [  6%]
tests/test_basic.py::test_boolean_switch[args0-True-True] PASSED         [  6%]
tests/test_basic.py::test_boolean_switch[args0-True-False] PASSED        [  6%]
tests/test_basic.py::test_boolean_switch[args1-False-True] PASSED        [  6%]
tests/test_basic.py::test_boolean_switch[args1-False-False] PASSED       [  7%]
tests/test_basic.py::test_boolean_switch[args2-None-True] PASSED         [  7%]
tests/test_basic.py::test_boolean_switch[args2-None-False] PASSED        [  7%]
tests/test_basic.py::test_boolean_flag[True-args0-True] PASSED           [  7%]
tests/test_basic.py::test_boolean_flag[True-args1-True] PASSED           [  7%]
tests/test_basic.py::test_boolean_flag[False-args2-True] PASSED          [  7%]
tests/test_basic.py::test_boolean_flag[False-args3-False] PASSED         [  7%]
tests/test_basic.py::test_boolean_conversion[1-True] PASSED              [  7%]
tests/test_basic.py::test_boolean_conversion[true-True] PASSED           [  7%]
tests/test_basic.py::test_boolean_conversion[t-True] PASSED              [  8%]
tests/test_basic.py::test_boolean_conversion[yes-True] PASSED            [  8%]
tests/test_basic.py::test_boolean_conversion[y-True] PASSED              [  8%]
tests/test_basic.py::test_boolean_conversion[on-True] PASSED             [  8%]
tests/test_basic.py::test_boolean_conversion[0-False] PASSED             [  8%]
tests/test_basic.py::test_boolean_conversion[false-False] PASSED         [  8%]
tests/test_basic.py::test_boolean_conversion[f-False] PASSED             [  8%]
tests/test_basic.py::test_boolean_conversion[no-False] PASSED            [  8%]
tests/test_basic.py::test_boolean_conversion[n-False] PASSED             [  8%]
tests/test_basic.py::test_boolean_conversion[off-False] PASSED           [  9%]
tests/test_basic.py::test_file_option PASSED                             [  9%]
tests/test_basic.py::test_file_lazy_mode PASSED                          [  9%]
tests/test_basic.py::test_path_option PASSED                             [  9%]
tests/test_basic.py::test_choice_option PASSED                           [  9%]
tests/test_basic.py::test_choice_argument PASSED                         [  9%]
tests/test_basic.py::test_choice_argument_enum PASSED                    [  9%]
tests/test_basic.py::test_choice_argument_custom_type PASSED             [  9%]
tests/test_basic.py::test_choice_argument_none PASSED                    [  9%]
tests/test_basic.py::test_datetime_option_default PASSED                 [ 10%]
tests/test_basic.py::test_datetime_option_custom PASSED                  [ 10%]
tests/test_basic.py::test_required_option PASSED                         [ 10%]
tests/test_basic.py::test_evaluation_order PASSED                        [ 10%]
tests/test_basic.py::test_hidden_option PASSED                           [ 10%]
tests/test_basic.py::test_hidden_command PASSED                          [ 10%]
tests/test_basic.py::test_hidden_group PASSED                            [ 10%]
tests/test_basic.py::test_summary_line PASSED                            [ 10%]
tests/test_basic.py::test_help_invalid_default PASSED                    [ 10%]
tests/test_chain.py::test_basic_chaining PASSED                          [ 10%]
tests/test_chain.py::test_chaining_help[args0-COMMAND1 [ARGS]... [COMMAND2 [ARGS]...]...] PASSED [ 11%]
tests/test_chain.py::test_chaining_help[args1-ROOT HELP] PASSED          [ 11%]
tests/test_chain.py::test_chaining_help[args2-SDIST HELP] PASSED         [ 11%]
tests/test_chain.py::test_chaining_help[args3-BDIST HELP] PASSED         [ 11%]
tests/test_chain.py::test_chaining_help[args4-SDIST HELP] PASSED         [ 11%]
tests/test_chain.py::test_chaining_with_options PASSED                   [ 11%]
tests/test_chain.py::test_no_command_result_callback[False-1] PASSED     [ 11%]
tests/test_chain.py::test_no_command_result_callback[True-[]] PASSED     [ 11%]
tests/test_chain.py::test_chaining_with_arguments PASSED                 [ 11%]
tests/test_chain.py::test_pipeline[args0-foo\nbar-expect0] PASSED        [ 12%]
tests/test_chain.py::test_pipeline[args1-foo \n bar-expect1] PASSED      [ 12%]
tests/test_chain.py::test_pipeline[args2-foo \n bar-expect2] PASSED      [ 12%]
tests/test_chain.py::test_args_and_chain PASSED                          [ 12%]
tests/test_chain.py::test_group_arg_behavior PASSED                      [ 12%]
tests/test_chain.py::test_group_chaining XFAIL                           [ 12%]
tests/test_command_decorators.py::test_command_no_parens PASSED          [ 12%]
tests/test_command_decorators.py::test_custom_command_no_parens PASSED   [ 12%]
tests/test_command_decorators.py::test_group_no_parens PASSED            [ 12%]
tests/test_command_decorators.py::test_params_argument PASSED            [ 13%]
tests/test_command_decorators.py::test_generate_name[init_data] PASSED   [ 13%]
tests/test_command_decorators.py::test_generate_name[init_data_command] PASSED [ 13%]
tests/test_command_decorators.py::test_generate_name[init_data_cmd] PASSED [ 13%]
tests/test_command_decorators.py::test_generate_name[init_data_group] PASSED [ 13%]
tests/test_command_decorators.py::test_generate_name[init_data_grp] PASSED [ 13%]
tests/test_commands.py::test_other_command_invoke PASSED                 [ 13%]
tests/test_commands.py::test_other_command_forward PASSED                [ 13%]
tests/test_commands.py::test_forwarded_params_consistency PASSED         [ 13%]
tests/test_commands.py::test_auto_shorthelp PASSED                       [ 14%]
tests/test_commands.py::test_command_no_args_is_help PASSED              [ 14%]
tests/test_commands.py::test_default_maps PASSED                         [ 14%]
tests/test_commands.py::test_group_with_args[args0-2-Error: Missing command.] PASSED [ 14%]
tests/test_commands.py::test_group_with_args[args1-0-Show this message and exit.] PASSED [ 14%]
tests/test_commands.py::test_group_with_args[args2-0-obj=obj1\nmove\n] PASSED [ 14%]
tests/test_commands.py::test_group_with_args[args3-2-Show this message and exit.] PASSED [ 14%]
tests/test_commands.py::test_custom_parser PASSED                        [ 14%]
tests/test_commands.py::test_object_propagation PASSED                   [ 14%]
tests/test_commands.py::test_other_command_invoke_with_defaults PASSED   [ 15%]
tests/test_commands.py::test_invoked_subcommand PASSED                   [ 15%]
tests/test_commands.py::test_aliased_command_canonical_name PASSED       [ 15%]
tests/test_commands.py::test_group_add_command_name PASSED               [ 15%]
tests/test_commands.py::test_iter_params_for_processing[invocation_order0-declaration_order0-expected_order0] PASSED [ 15%]
tests/test_commands.py::test_iter_params_for_processing[invocation_order1-declaration_order1-expected_order1] PASSED [ 15%]
tests/test_commands.py::test_iter_params_for_processing[invocation_order2-declaration_order2-expected_order2] PASSED [ 15%]
tests/test_commands.py::test_iter_params_for_processing[invocation_order3-declaration_order3-expected_order3] PASSED [ 15%]
tests/test_commands.py::test_iter_params_for_processing[invocation_order4-declaration_order4-expected_order4] PASSED [ 15%]
tests/test_commands.py::test_iter_params_for_processing[invocation_order5-declaration_order5-expected_order5] PASSED [ 15%]
tests/test_commands.py::test_iter_params_for_processing[invocation_order6-declaration_order6-expected_order6] PASSED [ 16%]
tests/test_commands.py::test_iter_params_for_processing[invocation_order7-declaration_order7-expected_order7] PASSED [ 16%]
tests/test_commands.py::test_iter_params_for_processing[invocation_order8-declaration_order8-expected_order8] PASSED [ 16%]
tests/test_commands.py::test_iter_params_for_processing[invocation_order9-declaration_order9-expected_order9] PASSED [ 16%]
tests/test_commands.py::test_iter_params_for_processing[invocation_order10-declaration_order10-expected_order10] PASSED [ 16%]
tests/test_commands.py::test_iter_params_for_processing[invocation_order11-declaration_order11-expected_order11] PASSED [ 16%]
tests/test_commands.py::test_iter_params_for_processing[invocation_order12-declaration_order12-expected_order12] PASSED [ 16%]
tests/test_commands.py::test_iter_params_for_processing[invocation_order13-declaration_order13-expected_order13] PASSED [ 16%]
tests/test_commands.py::test_iter_params_for_processing[invocation_order14-declaration_order14-expected_order14] PASSED [ 16%]
tests/test_commands.py::test_iter_params_for_processing[invocation_order15-declaration_order15-expected_order15] PASSED [ 17%]
tests/test_commands.py::test_iter_params_for_processing[invocation_order16-declaration_order16-expected_order16] PASSED [ 17%]
tests/test_commands.py::test_iter_params_for_processing[invocation_order17-declaration_order17-expected_order17] PASSED [ 17%]
tests/test_commands.py::test_iter_params_for_processing[invocation_order18-declaration_order18-expected_order18] PASSED [ 17%]
tests/test_commands.py::test_iter_params_for_processing[invocation_order19-declaration_order19-expected_order19] PASSED [ 17%]
tests/test_commands.py::test_iter_params_for_processing[invocation_order20-declaration_order20-expected_order20] PASSED [ 17%]
tests/test_commands.py::test_iter_params_for_processing[invocation_order21-declaration_order21-expected_order21] PASSED [ 17%]
tests/test_commands.py::test_iter_params_for_processing[invocation_order22-declaration_order22-expected_order22] PASSED [ 17%]
tests/test_commands.py::test_iter_params_for_processing[invocation_order23-declaration_order23-expected_order23] PASSED [ 17%]
tests/test_commands.py::test_iter_params_for_processing[invocation_order24-declaration_order24-expected_order24] PASSED [ 18%]
tests/test_commands.py::test_iter_params_for_processing[invocation_order25-declaration_order25-expected_order25] PASSED [ 18%]
tests/test_commands.py::test_iter_params_for_processing[invocation_order26-declaration_order26-expected_order26] PASSED [ 18%]
tests/test_commands.py::test_iter_params_for_processing[invocation_order27-declaration_order27-expected_order27] PASSED [ 18%]
tests/test_commands.py::test_iter_params_for_processing[invocation_order28-declaration_order28-expected_order28] PASSED [ 18%]
tests/test_commands.py::test_iter_params_for_processing[invocation_order29-declaration_order29-expected_order29] PASSED [ 18%]
tests/test_commands.py::test_iter_params_for_processing[invocation_order30-declaration_order30-expected_order30] PASSED [ 18%]
tests/test_commands.py::test_iter_params_for_processing[invocation_order31-declaration_order31-expected_order31] PASSED [ 18%]
tests/test_commands.py::test_iter_params_for_processing[invocation_order32-declaration_order32-expected_order32] PASSED [ 18%]
tests/test_commands.py::test_iter_params_for_processing[invocation_order33-declaration_order33-expected_order33] PASSED [ 19%]
tests/test_commands.py::test_help_param_priority PASSED                  [ 19%]
tests/test_commands.py::test_unprocessed_options PASSED                  [ 19%]
tests/test_commands.py::test_deprecated_in_help_messages[True-CLI HELP] PASSED [ 19%]
tests/test_commands.py::test_deprecated_in_help_messages[True-None] PASSED [ 19%]
tests/test_commands.py::test_deprecated_in_help_messages[USE OTHER COMMAND INSTEAD-CLI HELP] PASSED [ 19%]
tests/test_commands.py::test_deprecated_in_help_messages[USE OTHER COMMAND INSTEAD-None] PASSED [ 19%]
tests/test_commands.py::test_deprecated_in_invocation[True] PASSED       [ 19%]
tests/test_commands.py::test_deprecated_in_invocation[USE OTHER COMMAND INSTEAD] PASSED [ 19%]
tests/test_commands.py::test_command_parse_args_collects_option_prefixes PASSED [ 20%]
tests/test_commands.py::test_group_parse_args_collects_base_option_prefixes PASSED [ 20%]
tests/test_commands.py::test_group_invoke_collects_used_option_prefixes PASSED [ 20%]
tests/test_commands.py::test_abort_exceptions_with_disabled_standalone_mode[EOFError] PASSED [ 20%]
tests/test_commands.py::test_abort_exceptions_with_disabled_standalone_mode[KeyboardInterrupt] PASSED [ 20%]
tests/test_compat.py::test_is_jupyter_kernel_output PASSED               [ 20%]
tests/test_context.py::test_ensure_context_objects PASSED                [ 20%]
tests/test_context.py::test_get_context_objects PASSED                   [ 20%]
tests/test_context.py::test_get_context_objects_no_ensuring PASSED       [ 20%]
tests/test_context.py::test_get_context_objects_missing PASSED           [ 20%]
tests/test_context.py::test_multi_enter PASSED                           [ 21%]
tests/test_context.py::test_global_context_object PASSED                 [ 21%]
tests/test_context.py::test_context_meta PASSED                          [ 21%]
tests/test_context.py::test_make_pass_meta_decorator PASSED              [ 21%]
tests/test_context.py::test_make_pass_meta_decorator_doc PASSED          [ 21%]
tests/test_context.py::test_context_pushing PASSED                       [ 21%]
tests/test_context.py::test_pass_obj PASSED                              [ 21%]
tests/test_context.py::test_close_before_pop PASSED                      [ 21%]
tests/test_context.py::test_close_before_exit PASSED                     [ 21%]
tests/test_context.py::test_multiple_eager_callbacks[natural_order] PASSED [ 22%]
tests/test_context.py::test_multiple_eager_callbacks[eagerness_precedence] PASSED [ 22%]
tests/test_context.py::test_no_state_leaks PASSED                        [ 22%]
tests/test_context.py::test_with_resource PASSED                         [ 22%]
tests/test_context.py::test_make_pass_decorator_args PASSED              [ 22%]
tests/test_context.py::test_propagate_show_default_setting PASSED        [ 22%]
tests/test_context.py::test_exit_not_standalone PASSED                   [ 22%]
tests/test_context.py::test_parameter_source[default] PASSED             [ 22%]
tests/test_context.py::test_parameter_source[default_map] PASSED         [ 22%]
tests/test_context.py::test_parameter_source[commandline short] PASSED   [ 23%]
tests/test_context.py::test_parameter_source[commandline long] PASSED    [ 23%]
tests/test_context.py::test_parameter_source[environment auto] PASSED    [ 23%]
tests/test_context.py::test_parameter_source[environment manual] PASSED  [ 23%]
tests/test_context.py::test_propagate_opt_prefixes PASSED                [ 23%]
tests/test_custom_classes.py::test_command_context_class PASSED          [ 23%]
tests/test_custom_classes.py::test_context_invoke_type PASSED            [ 23%]
tests/test_custom_classes.py::test_context_formatter_class PASSED        [ 23%]
tests/test_custom_classes.py::test_group_command_class PASSED            [ 23%]
tests/test_custom_classes.py::test_group_group_class PASSED              [ 24%]
tests/test_custom_classes.py::test_group_group_class_self PASSED         [ 24%]
tests/test_defaults.py::test_basic_defaults PASSED                       [ 24%]
tests/test_defaults.py::test_multiple_defaults PASSED                    [ 24%]
tests/test_defaults.py::test_nargs_plus_multiple PASSED                  [ 24%]
tests/test_defaults.py::test_multiple_flag_default PASSED                [ 24%]
tests/test_defaults.py::test_flag_default_map PASSED                     [ 24%]
tests/test_formatting.py::test_basic_functionality PASSED                [ 24%]
tests/test_formatting.py::test_wrapping_long_options_strings PASSED      [ 24%]
tests/test_formatting.py::test_wrapping_long_command_name PASSED         [ 25%]
tests/test_formatting.py::test_formatting_empty_help_lines PASSED        [ 25%]
tests/test_formatting.py::test_formatting_usage_error PASSED             [ 25%]
tests/test_formatting.py::test_formatting_usage_error_metavar_missing_arg PASSED [ 25%]
tests/test_formatting.py::test_formatting_usage_error_metavar_bad_arg PASSED [ 25%]
tests/test_formatting.py::test_formatting_usage_error_nested PASSED      [ 25%]
tests/test_formatting.py::test_formatting_usage_error_no_help PASSED     [ 25%]
tests/test_formatting.py::test_formatting_usage_custom_help PASSED       [ 25%]
tests/test_formatting.py::test_formatting_custom_type_metavar PASSED     [ 25%]
tests/test_formatting.py::test_truncating_docstring PASSED               [ 25%]
tests/test_formatting.py::test_truncating_docstring_no_help PASSED       [ 26%]
tests/test_formatting.py::test_removing_multiline_marker PASSED          [ 26%]
tests/test_formatting.py::test_global_show_default PASSED                [ 26%]
tests/test_formatting.py::test_formatting_with_options_metavar_empty PASSED [ 26%]
tests/test_formatting.py::test_help_formatter_write_text PASSED          [ 26%]
tests/test_imports.py::test_light_imports PASSED                         [ 26%]
tests/test_info_dict.py::test_parameter[Func ParamType] PASSED           [ 26%]
tests/test_info_dict.py::test_parameter[UNPROCESSED ParamType] PASSED    [ 26%]
tests/test_info_dict.py::test_parameter[STRING ParamType] PASSED         [ 26%]
tests/test_info_dict.py::test_parameter[Choice ParamType] PASSED         [ 27%]
tests/test_info_dict.py::test_parameter[DateTime ParamType] PASSED       [ 27%]
tests/test_info_dict.py::test_parameter[INT ParamType] PASSED            [ 27%]
tests/test_info_dict.py::test_parameter[IntRange ParamType] PASSED       [ 27%]
tests/test_info_dict.py::test_parameter[FLOAT ParamType] PASSED          [ 27%]
tests/test_info_dict.py::test_parameter[FloatRange ParamType] PASSED     [ 27%]
tests/test_info_dict.py::test_parameter[Bool ParamType] PASSED           [ 27%]
tests/test_info_dict.py::test_parameter[UUID ParamType] PASSED           [ 27%]
tests/test_info_dict.py::test_parameter[File ParamType] PASSED           [ 27%]
tests/test_info_dict.py::test_parameter[Path ParamType] PASSED           [ 28%]
tests/test_info_dict.py::test_parameter[Tuple ParamType] PASSED          [ 28%]
tests/test_info_dict.py::test_parameter[Option] PASSED                   [ 28%]
tests/test_info_dict.py::test_parameter[Flag Option] PASSED              [ 28%]
tests/test_info_dict.py::test_parameter[Argument] PASSED                 [ 28%]
tests/test_info_dict.py::test_command[Command] PASSED                    [ 28%]
tests/test_info_dict.py::test_command[Group] PASSED                      [ 28%]
tests/test_info_dict.py::test_command[Nested Group] PASSED               [ 28%]
tests/test_info_dict.py::test_context PASSED                             [ 28%]
tests/test_info_dict.py::test_paramtype_no_name PASSED                   [ 29%]
tests/test_normalization.py::test_option_normalization PASSED            [ 29%]
tests/test_normalization.py::test_choice_normalization PASSED            [ 29%]
tests/test_normalization.py::test_command_normalization PASSED           [ 29%]
tests/test_options.py::test_prefixes PASSED                              [ 29%]
tests/test_options.py::test_invalid_option PASSED                        [ 29%]
tests/test_options.py::test_deprecated_usage[True] PASSED                [ 29%]
tests/test_options.py::test_deprecated_usage[USE B INSTEAD] PASSED       [ 29%]
tests/test_options.py::test_deprecated_warning[True] PASSED              [ 29%]
tests/test_options.py::test_deprecated_warning[USE B INSTEAD] PASSED     [ 30%]
tests/test_options.py::test_deprecated_required PASSED                   [ 30%]
tests/test_options.py::test_deprecated_prompt PASSED                     [ 30%]
tests/test_options.py::test_invalid_nargs PASSED                         [ 30%]
tests/test_options.py::test_nargs_tup_composite_mult PASSED              [ 30%]
tests/test_options.py::test_counting PASSED                              [ 30%]
tests/test_options.py::test_unknown_options[--foo] PASSED                [ 30%]
tests/test_options.py::test_unknown_options[-f] PASSED                   [ 30%]
tests/test_options.py::test_suggest_possible_options[--cat-Did you mean --count?] PASSED [ 30%]
tests/test_options.py::test_suggest_possible_options[--bounds-(Possible options: --bound, --count)] PASSED [ 30%]
tests/test_options.py::test_suggest_possible_options[--bount-(Possible options: --bound, --count)] PASSED [ 31%]
tests/test_options.py::test_multiple_required PASSED                     [ 31%]
tests/test_options.py::test_init_good_default_list[True-1-default0] PASSED [ 31%]
tests/test_options.py::test_init_good_default_list[True-1-default1] PASSED [ 31%]
tests/test_options.py::test_init_good_default_list[False-2-default2] PASSED [ 31%]
tests/test_options.py::test_init_good_default_list[True-2-default3] PASSED [ 31%]
tests/test_options.py::test_init_good_default_list[True-2-default4] PASSED [ 31%]
tests/test_options.py::test_init_bad_default_list[True-1-1] PASSED       [ 31%]
tests/test_options.py::test_init_bad_default_list[False-2-default1] PASSED [ 31%]
tests/test_options.py::test_init_bad_default_list[True-2-default2] PASSED [ 32%]
tests/test_options.py::test_empty_envvar[MYPATH] PASSED                  [ 32%]
tests/test_options.py::test_empty_envvar[AUTO_MYPATH] PASSED             [ 32%]
tests/test_options.py::test_multiple_envvar PASSED                       [ 32%]
tests/test_options.py::test_boolean_envvar_normalization[SHOUT-true-True] PASSED [ 32%]
tests/test_options.py::test_boolean_envvar_normalization[SHOUT-false-False] PASSED [ 32%]
tests/test_options.py::test_boolean_envvar_normalization[SHOUT-True-True] PASSED [ 32%]
tests/test_options.py::test_boolean_envvar_normalization[SHOUT-False-False] PASSED [ 32%]
tests/test_options.py::test_boolean_envvar_normalization[SHOUT-TRUE-True] PASSED [ 32%]
tests/test_options.py::test_boolean_envvar_normalization[SHOUT-FALSE-False] PASSED [ 33%]
tests/test_options.py::test_boolean_envvar_normalization[SHOUT-TruE-True] PASSED [ 33%]
tests/test_options.py::test_boolean_envvar_normalization[SHOUT-truE-True] PASSED [ 33%]
tests/test_options.py::test_boolean_envvar_normalization[SHOUT-FaLsE-False] PASSED [ 33%]
tests/test_options.py::test_boolean_envvar_normalization[SHOUT-falsE-False] PASSED [ 33%]
tests/test_options.py::test_boolean_envvar_normalization[SHOUT-true -True] PASSED [ 33%]
tests/test_options.py::test_boolean_envvar_normalization[SHOUT- true-True] PASSED [ 33%]
tests/test_options.py::test_boolean_envvar_normalization[SHOUT- true -True] PASSED [ 33%]
tests/test_options.py::test_boolean_envvar_normalization[SHOUT-false -False] PASSED [ 33%]
tests/test_options.py::test_boolean_envvar_normalization[SHOUT- false-False] PASSED [ 34%]
tests/test_options.py::test_boolean_envvar_normalization[SHOUT- false -False] PASSED [ 34%]
tests/test_options.py::test_boolean_envvar_normalization[SHOUT-1-True] PASSED [ 34%]
tests/test_options.py::test_boolean_envvar_normalization[SHOUT-0-False] PASSED [ 34%]
tests/test_options.py::test_boolean_envvar_normalization[SHOUT-t-True] PASSED [ 34%]
tests/test_options.py::test_boolean_envvar_normalization[SHOUT-f-False] PASSED [ 34%]
tests/test_options.py::test_boolean_envvar_normalization[SHOUT-y-True] PASSED [ 34%]
tests/test_options.py::test_boolean_envvar_normalization[SHOUT-n-False] PASSED [ 34%]
tests/test_options.py::test_boolean_envvar_normalization[SHOUT-yes-True] PASSED [ 34%]
tests/test_options.py::test_boolean_envvar_normalization[SHOUT-no-False] PASSED [ 35%]
tests/test_options.py::test_boolean_envvar_normalization[SHOUT-on-True] PASSED [ 35%]
tests/test_options.py::test_boolean_envvar_normalization[SHOUT-off-False] PASSED [ 35%]
tests/test_options.py::test_boolean_envvar_normalization[SHOUT-None-False] PASSED [ 35%]
tests/test_options.py::test_boolean_envvar_normalization[SHOUT--False] PASSED [ 35%]
tests/test_options.py::test_boolean_envvar_normalization[SHOUT- -False] PASSED [ 35%]
tests/test_options.py::test_boolean_envvar_normalization[SHOUT-       -False] PASSED [ 35%]
tests/test_options.py::test_boolean_envvar_normalization[SHOUT  -True-False] PASSED [ 35%]
tests/test_options.py::test_boolean_envvar_normalization[SHOUT  -False-False] PASSED [ 35%]
tests/test_options.py::test_boolean_envvar_normalization[  SHOUT  -True-False] PASSED [ 35%]
tests/test_options.py::test_boolean_envvar_normalization[  SHOUT  -False-False] PASSED [ 36%]
tests/test_options.py::test_boolean_envvar_normalization[RANDOM-True-False] PASSED [ 36%]
tests/test_options.py::test_boolean_envvar_normalization[NO_SHOUT-True-False] PASSED [ 36%]
tests/test_options.py::test_boolean_envvar_normalization[NO_SHOUT-False-False] PASSED [ 36%]
tests/test_options.py::test_boolean_envvar_bad_values[SHOUT-tr ue] PASSED [ 36%]
tests/test_options.py::test_boolean_envvar_bad_values[SHOUT-10] PASSED   [ 36%]
tests/test_options.py::test_boolean_envvar_bad_values[SHOUT-01] PASSED   [ 36%]
tests/test_options.py::test_boolean_envvar_bad_values[SHOUT-00] PASSED   [ 36%]
tests/test_options.py::test_boolean_envvar_bad_values[SHOUT-11] PASSED   [ 36%]
tests/test_options.py::test_boolean_envvar_bad_values[SHOUT-randomstring] PASSED [ 37%]
tests/test_options.py::test_boolean_envvar_bad_values[SHOUT-None] PASSED [ 37%]
tests/test_options.py::test_multiple_default_help PASSED                 [ 37%]
tests/test_options.py::test_show_default_default_map PASSED              [ 37%]
tests/test_options.py::test_multiple_default_type PASSED                 [ 37%]
tests/test_options.py::test_multiple_default_composite_type PASSED       [ 37%]
tests/test_options.py::test_parse_multiple_default_composite_type PASSED [ 37%]
tests/test_options.py::test_dynamic_default_help_unset PASSED            [ 37%]
tests/test_options.py::test_dynamic_default_help_text PASSED             [ 37%]
tests/test_options.py::test_dynamic_default_help_special_method PASSED   [ 38%]
tests/test_options.py::test_intrange_default_help_text[type0-1<=x<=32] PASSED [ 38%]
tests/test_options.py::test_intrange_default_help_text[type1-1<x<32] PASSED [ 38%]
tests/test_options.py::test_intrange_default_help_text[type2-x>=1] PASSED [ 38%]
tests/test_options.py::test_intrange_default_help_text[type3-x<=32] PASSED [ 38%]
tests/test_options.py::test_count_default_type_help PASSED               [ 38%]
tests/test_options.py::test_file_type_help_default PASSED                [ 38%]
tests/test_options.py::test_toupper_envvar_prefix PASSED                 [ 38%]
tests/test_options.py::test_nargs_envvar PASSED                          [ 38%]
tests/test_options.py::test_show_envvar PASSED                           [ 39%]
tests/test_options.py::test_show_envvar_auto_prefix PASSED               [ 39%]
tests/test_options.py::test_show_envvar_auto_prefix_dash_in_command PASSED [ 39%]
tests/test_options.py::test_custom_validation PASSED                     [ 39%]
tests/test_options.py::test_callback_validates_prompt PASSED             [ 39%]
tests/test_options.py::test_winstyle_options PASSED                      [ 39%]
tests/test_options.py::test_legacy_options PASSED                        [ 39%]
tests/test_options.py::test_missing_option_string_cast PASSED            [ 39%]
tests/test_options.py::test_missing_required_flag PASSED                 [ 39%]
tests/test_options.py::test_missing_choice PASSED                        [ 40%]
tests/test_options.py::test_missing_envvar PASSED                        [ 40%]
tests/test_options.py::test_case_insensitive_choice PASSED               [ 40%]
tests/test_options.py::test_case_insensitive_choice_returned_exactly PASSED [ 40%]
tests/test_options.py::test_option_help_preserve_paragraphs PASSED       [ 40%]
tests/test_options.py::test_argument_custom_class PASSED                 [ 40%]
tests/test_options.py::test_option_custom_class PASSED                   [ 40%]
tests/test_options.py::test_option_custom_class_reusable PASSED          [ 40%]
tests/test_options.py::test_help_option_custom_names_and_class[name_specs0-  -h, --help  Show this message and exit.\n-True] PASSED [ 40%]
tests/test_options.py::test_help_option_custom_names_and_class[name_specs0-  -h, --help  Show this message and exit.\n-False] PASSED [ 40%]
tests/test_options.py::test_help_option_custom_names_and_class[name_specs1-  -h      Show this message and exit.\n  --help  Show this message and exit.\n-True] PASSED [ 41%]
tests/test_options.py::test_help_option_custom_names_and_class[name_specs1-  -h      Show this message and exit.\n  --help  Show this message and exit.\n-False] PASSED [ 41%]
tests/test_options.py::test_help_option_custom_names_and_class[name_specs2-  --help  Show this message and exit.\n-True] PASSED [ 41%]
tests/test_options.py::test_help_option_custom_names_and_class[name_specs2-  --help  Show this message and exit.\n-False] PASSED [ 41%]
tests/test_options.py::test_bool_flag_with_type PASSED                   [ 41%]
tests/test_options.py::test_aliases_for_flags PASSED                     [ 41%]
tests/test_options.py::test_option_names[option_args0-aggressive] PASSED [ 41%]
tests/test_options.py::test_option_names[option_args1-first] PASSED      [ 41%]
tests/test_options.py::test_option_names[option_args2-apple] PASSED      [ 41%]
tests/test_options.py::test_option_names[option_args3-cantaloupe] PASSED [ 42%]
tests/test_options.py::test_option_names[option_args4-a] PASSED          [ 42%]
tests/test_options.py::test_option_names[option_args5-c] PASSED          [ 42%]
tests/test_options.py::test_option_names[option_args6-apple] PASSED      [ 42%]
tests/test_options.py::test_option_names[option_args7-cantaloupe] PASSED [ 42%]
tests/test_options.py::test_option_names[option_args8-_from] PASSED      [ 42%]
tests/test_options.py::test_option_names[option_args9-_ret] PASSED       [ 42%]
tests/test_options.py::test_flag_duplicate_names PASSED                  [ 42%]
tests/test_options.py::test_show_default_boolean_flag_name[False-no-cache] PASSED [ 42%]
tests/test_options.py::test_show_default_boolean_flag_name[True-cache] PASSED [ 43%]
tests/test_options.py::test_show_true_default_boolean_flag_value PASSED  [ 43%]
tests/test_options.py::test_hide_false_default_boolean_flag_value[False] PASSED [ 43%]
tests/test_options.py::test_hide_false_default_boolean_flag_value[None] PASSED [ 43%]
tests/test_options.py::test_show_default_string PASSED                   [ 43%]
tests/test_options.py::test_show_default_with_empty_string PASSED        [ 43%]
tests/test_options.py::test_do_not_show_no_default PASSED                [ 43%]
tests/test_options.py::test_do_not_show_default_empty_multiple PASSED    [ 43%]
tests/test_options.py::test_show_default_precedence[None-None-extra_value0-False] PASSED [ 43%]
tests/test_options.py::test_show_default_precedence[None-False-extra_value1-False] PASSED [ 44%]
tests/test_options.py::test_show_default_precedence[None-True-extra_value2-True] PASSED [ 44%]
tests/test_options.py::test_show_default_precedence[False-None-extra_value3-False] PASSED [ 44%]
tests/test_options.py::test_show_default_precedence[False-False-extra_value4-False] PASSED [ 44%]
tests/test_options.py::test_show_default_precedence[False-True-extra_value5-True] PASSED [ 44%]
tests/test_options.py::test_show_default_precedence[True-None-extra_value6-True] PASSED [ 44%]
tests/test_options.py::test_show_default_precedence[True-False-extra_value7-False] PASSED [ 44%]
tests/test_options.py::test_show_default_precedence[True-True-extra_value8-True] PASSED [ 44%]
tests/test_options.py::test_show_default_precedence[False-one-extra_value9-True] PASSED [ 44%]
tests/test_options.py::test_option_with_optional_value[None-expect0] PASSED [ 45%]
tests/test_options.py::test_option_with_optional_value[args1-expect1] PASSED [ 45%]
tests/test_options.py::test_option_with_optional_value[args2-expect2] PASSED [ 45%]
tests/test_options.py::test_option_with_optional_value[args3-expect3] PASSED [ 45%]
tests/test_options.py::test_option_with_optional_value[args4-expect4] PASSED [ 45%]
tests/test_options.py::test_option_with_optional_value[args5-expect5] PASSED [ 45%]
tests/test_options.py::test_option_with_optional_value[args6-expect6] PASSED [ 45%]
tests/test_options.py::test_option_with_optional_value[args7-expect7] PASSED [ 45%]
tests/test_options.py::test_option_with_optional_value[args8-expect8] PASSED [ 45%]
tests/test_options.py::test_option_with_optional_value[args9-expect9] PASSED [ 45%]
tests/test_options.py::test_option_with_optional_value[args10-expect10] PASSED [ 46%]
tests/test_options.py::test_option_with_optional_value[args11-expect11] PASSED [ 46%]
tests/test_options.py::test_option_with_optional_value[args12-expect12] PASSED [ 46%]
tests/test_options.py::test_option_with_optional_value[args13-expect13] PASSED [ 46%]
tests/test_options.py::test_multiple_option_with_optional_value PASSED   [ 46%]
tests/test_options.py::test_type_from_flag_value PASSED                  [ 46%]
tests/test_options.py::test_flag_value_and_default[opt_params0-False-False] PASSED [ 46%]
tests/test_options.py::test_flag_value_and_default[opt_params1-True-True] PASSED [ 46%]
tests/test_options.py::test_flag_value_and_default[opt_params2-False-False] PASSED [ 46%]
tests/test_options.py::test_flag_value_and_default[opt_params3-True-True] PASSED [ 47%]
tests/test_options.py::test_flag_value_and_default[opt_params4-False-False] PASSED [ 47%]
tests/test_options.py::test_flag_value_and_default[opt_params5-True-True] PASSED [ 47%]
tests/test_options.py::test_flag_value_and_default[opt_params6-False-True] PASSED [ 47%]
tests/test_options.py::test_flag_value_and_default[opt_params7-True-True] PASSED [ 47%]
tests/test_options.py::test_flag_value_and_default[opt_params8-False-False] PASSED [ 47%]
tests/test_options.py::test_flag_value_and_default[opt_params9-True-True] PASSED [ 47%]
tests/test_options.py::test_flag_value_and_default[opt_params10-False-False] PASSED [ 47%]
tests/test_options.py::test_flag_value_and_default[opt_params11-True-True] PASSED [ 47%]
tests/test_options.py::test_flag_value_and_default[opt_params12-False-True] PASSED [ 48%]
tests/test_options.py::test_flag_value_and_default[opt_params13-True-True] PASSED [ 48%]
tests/test_options.py::test_flag_value_and_default[opt_params14-False-False] PASSED [ 48%]
tests/test_options.py::test_flag_value_and_default[opt_params15-True-True] PASSED [ 48%]
tests/test_options.py::test_flag_value_and_default[opt_params16-False-False] PASSED [ 48%]
tests/test_options.py::test_flag_value_and_default[opt_params17-True-True] PASSED [ 48%]
tests/test_options.py::test_flag_value_and_default[opt_params18-False-True] PASSED [ 48%]
tests/test_options.py::test_flag_value_and_default[opt_params19-True-True] PASSED [ 48%]
tests/test_options.py::test_flag_value_and_default[opt_params20-False-False] PASSED [ 48%]
tests/test_options.py::test_flag_value_and_default[opt_params21-True-True] PASSED [ 49%]
tests/test_options.py::test_flag_value_and_default[opt_params22-False-foo] PASSED [ 49%]
tests/test_options.py::test_flag_value_and_default[opt_params23-True-foo] PASSED [ 49%]
tests/test_options.py::test_flag_value_and_default[opt_params24-False-False] PASSED [ 49%]
tests/test_options.py::test_flag_value_and_default[opt_params25-True-True] PASSED [ 49%]
tests/test_options.py::test_flag_value_and_default[opt_params26-False-False] PASSED [ 49%]
tests/test_options.py::test_flag_value_and_default[opt_params27-True-True] PASSED [ 49%]
tests/test_options.py::test_flag_value_and_default[opt_params28-False-False] PASSED [ 49%]
tests/test_options.py::test_flag_value_and_default[opt_params29-True-False] PASSED [ 49%]
tests/test_options.py::test_flag_value_and_default[opt_params30-False-False] PASSED [ 50%]
tests/test_options.py::test_flag_value_and_default[opt_params31-True-True] PASSED [ 50%]
tests/test_options.py::test_flag_value_and_default[opt_params32-False-False] PASSED [ 50%]
tests/test_options.py::test_flag_value_and_default[opt_params33-True-True] PASSED [ 50%]
tests/test_options.py::test_flag_value_and_default[opt_params34-False-False] PASSED [ 50%]
tests/test_options.py::test_flag_value_and_default[opt_params35-True-False] PASSED [ 50%]
tests/test_options.py::test_flag_value_and_default[opt_params36-False-False] PASSED [ 50%]
tests/test_options.py::test_flag_value_and_default[opt_params37-True-True] PASSED [ 50%]
tests/test_options.py::test_flag_value_and_default[opt_params38-False-False] PASSED [ 50%]
tests/test_options.py::test_flag_value_and_default[opt_params39-True-True] PASSED [ 50%]
tests/test_options.py::test_flag_value_and_default[opt_params40-False-False] PASSED [ 51%]
tests/test_options.py::test_flag_value_and_default[opt_params41-True-False] PASSED [ 51%]
tests/test_options.py::test_flag_value_and_default[opt_params42-False-False] PASSED [ 51%]
tests/test_options.py::test_flag_value_and_default[opt_params43-True-foo] PASSED [ 51%]
tests/test_options.py::test_flag_value_and_default[opt_params44-False-False] PASSED [ 51%]
tests/test_options.py::test_flag_value_and_default[opt_params45-True-True] PASSED [ 51%]
tests/test_options.py::test_flag_value_and_default[opt_params46-False-True] PASSED [ 51%]
tests/test_options.py::test_flag_value_and_default[opt_params47-False-True] PASSED [ 51%]
tests/test_options.py::test_flag_value_and_default[opt_params48-False-False] PASSED [ 51%]
tests/test_options.py::test_flag_value_and_default[opt_params49-False-False] PASSED [ 52%]
tests/test_options.py::test_flag_value_and_default[opt_params50-False-False] PASSED [ 52%]
tests/test_options.py::test_flag_value_and_default[opt_params51-False-False] PASSED [ 52%]
tests/test_options.py::test_flag_value_and_default[opt_params52-False-True] PASSED [ 52%]
tests/test_options.py::test_flag_value_and_default[opt_params53-False-True] PASSED [ 52%]
tests/test_options.py::test_flag_value_and_default[opt_params54-False-False] PASSED [ 52%]
tests/test_options.py::test_flag_value_and_default[opt_params55-False-False] PASSED [ 52%]
tests/test_options.py::test_flag_value_and_default[opt_params56-False-foo] PASSED [ 52%]
tests/test_options.py::test_flag_value_and_default[opt_params57-False-foo] PASSED [ 52%]
tests/test_options.py::test_flag_value_and_default[opt_params58-False-foo] PASSED [ 53%]
tests/test_options.py::test_flag_value_and_default[opt_params59-False-foo] PASSED [ 53%]
tests/test_options.py::test_flag_value_and_default[opt_params60-False-False] PASSED [ 53%]
tests/test_options.py::test_flag_value_and_default[opt_params61-False-False] PASSED [ 53%]
tests/test_options.py::test_flag_value_and_default[opt_params62-True-True] PASSED [ 53%]
tests/test_options.py::test_flag_value_and_default[opt_params63-True-False] PASSED [ 53%]
tests/test_options.py::test_flag_value_and_default[opt_params64-True-True] PASSED [ 53%]
tests/test_options.py::test_flag_value_and_default[opt_params65-True-False] PASSED [ 53%]
tests/test_options.py::test_flag_value_and_default[opt_params66-True-True] PASSED [ 53%]
tests/test_options.py::test_flag_value_and_default[opt_params67-True-False] PASSED [ 54%]
tests/test_options.py::test_flag_value_and_default[opt_params68-True-True] PASSED [ 54%]
tests/test_options.py::test_flag_value_and_default[opt_params69-True-False] PASSED [ 54%]
tests/test_options.py::test_flag_value_and_default[opt_params70-True-True] PASSED [ 54%]
tests/test_options.py::test_flag_value_and_default[opt_params71-True-False] PASSED [ 54%]
tests/test_options.py::test_flag_value_and_default[opt_params72-True-True] PASSED [ 54%]
tests/test_options.py::test_flag_value_and_default[opt_params73-True-False] PASSED [ 54%]
tests/test_options.py::test_flag_value_and_default[opt_params74-True-bar] PASSED [ 54%]
tests/test_options.py::test_flag_value_and_default[opt_params75-True-foo] PASSED [ 54%]
tests/test_options.py::test_flag_value_and_default[opt_params76-True-True] PASSED [ 55%]
tests/test_options.py::test_flag_value_and_default[opt_params77-True-False] PASSED [ 55%]
tests/test_options.py::test_invalid_flag_definition[opts0] PASSED        [ 55%]
tests/test_options.py::test_invalid_flag_definition[opts1] PASSED        [ 55%]
tests/test_options.py::test_invalid_flag_definition[opts2] PASSED        [ 55%]
tests/test_options.py::test_invalid_flag_definition[opts3] PASSED        [ 55%]
tests/test_options.py::test_envvar_flag_value[bar-False-False] PASSED    [ 55%]
tests/test_options.py::test_envvar_flag_value[bar-0-False] PASSED        [ 55%]
tests/test_options.py::test_envvar_flag_value[bar-f-False] PASSED        [ 55%]
tests/test_options.py::test_envvar_flag_value[bar--False] PASSED         [ 55%]
tests/test_options.py::test_envvar_flag_value[bar-True-bar] PASSED       [ 56%]
tests/test_options.py::test_envvar_flag_value[bar-1-bar] PASSED          [ 56%]
tests/test_options.py::test_envvar_flag_value[bar-t-bar] PASSED          [ 56%]
tests/test_options.py::test_envvar_flag_value[bar-bar-bar] PASSED        [ 56%]
tests/test_options.py::test_envvar_flag_value[bar- bar -False] PASSED    [ 56%]
tests/test_options.py::test_envvar_flag_value[bar-BAR-False] PASSED      [ 56%]
tests/test_options.py::test_envvar_flag_value[bar-random-False] PASSED   [ 56%]
tests/test_options.py::test_envvar_flag_value[bar-bar random-False] PASSED [ 56%]
tests/test_options.py::test_envvar_flag_value[bar-random bar-False] PASSED [ 56%]
tests/test_options.py::test_envvar_flag_value[BAR-BAR-BAR] PASSED        [ 57%]
tests/test_options.py::test_envvar_flag_value[BAR-bar-False] PASSED      [ 57%]
tests/test_options.py::test_envvar_flag_value[ bar - bar - bar ] PASSED  [ 57%]
tests/test_options.py::test_envvar_flag_value[ bar -bar-False] PASSED    [ 57%]
tests/test_options.py::test_envvar_flag_value[ bar -BAR-False] PASSED    [ 57%]
tests/test_options.py::test_bool_flag_auto_detection[int option] PASSED  [ 57%]
tests/test_options.py::test_bool_flag_auto_detection[bool non-flag [None]] PASSED [ 57%]
tests/test_options.py::test_bool_flag_auto_detection[bool non-flag [True]] PASSED [ 57%]
tests/test_options.py::test_bool_flag_auto_detection[bool non-flag [False]] PASSED [ 57%]
tests/test_options.py::test_bool_flag_auto_detection[non-bool flag_value] PASSED [ 58%]
tests/test_options.py::test_bool_flag_auto_detection[is_flag=True] PASSED [ 58%]
tests/test_options.py::test_bool_flag_auto_detection[secondary option [implicit flag]] PASSED [ 58%]
tests/test_options.py::test_bool_flag_auto_detection[bool flag_value] PASSED [ 58%]
tests/test_options.py::test_invalid_flag_combinations[kwargs0-'count' is not valid with 'multiple'.] PASSED [ 58%]
tests/test_options.py::test_invalid_flag_combinations[kwargs1-'count' is not valid with 'is_flag'.] PASSED [ 58%]
tests/test_options.py::test_non_flag_with_non_negatable_default PASSED   [ 58%]
tests/test_options.py::test_usage_show_choices[text choices] PASSED      [ 58%]
tests/test_options.py::test_usage_show_choices[int choices] PASSED       [ 58%]
tests/test_options.py::test_usage_show_choices[float choices] PASSED     [ 59%]
tests/test_options.py::test_usage_show_choices[bool choices] PASSED      [ 59%]
tests/test_options.py::test_usage_show_choices[text/int choices] PASSED  [ 59%]
tests/test_options.py::test_usage_show_choices[enum choices] PASSED      [ 59%]
tests/test_options.py::test_usage_show_choices[int enum choices] PASSED  [ 59%]
tests/test_options.py::test_usage_show_choices[str enum choices] PASSED  [ 59%]
tests/test_options.py::test_usage_show_choices[flag enum choices] PASSED [ 59%]
tests/test_options.py::test_usage_show_choices[int flag enum choices] PASSED [ 59%]
tests/test_options.py::test_choice_default_rendering[choices0-bar-bar] PASSED [ 59%]
tests/test_options.py::test_choice_default_rendering[choices1-random-random] PASSED [ 60%]
tests/test_options.py::test_choice_default_rendering[choices2-None-None] PASSED [ 60%]
tests/test_options.py::test_choice_default_rendering[choices3-0-0] PASSED [ 60%]
tests/test_options.py::test_choice_default_rendering[choices4-0.0-0.0] PASSED [ 60%]
tests/test_options.py::test_choice_default_rendering[choices5-2-2] PASSED [ 60%]
tests/test_options.py::test_choice_default_rendering[choices6-2-2] PASSED [ 60%]
tests/test_options.py::test_choice_default_rendering[choices7-2.0-2.0] PASSED [ 60%]
tests/test_options.py::test_choice_default_rendering[choices8-True-True] PASSED [ 60%]
tests/test_options.py::test_choice_default_rendering[choices9-False-False] PASSED [ 60%]
tests/test_options.py::test_choice_default_rendering[choices10-foo-foo] PASSED [ 60%]
tests/test_options.py::test_choice_default_rendering[choices11-1-1] PASSED [ 61%]
tests/test_options.py::test_choice_default_rendering[HashType-HashType.SHA1-SHA1] PASSED [ 61%]
tests/test_options.py::test_choice_default_rendering[HashType-SHA1-SHA1] PASSED [ 61%]
tests/test_options.py::test_choice_default_rendering[Number-2-TWO] PASSED [ 61%]
tests/test_options.py::test_choice_default_rendering[Letter-b-B] PASSED  [ 61%]
tests/test_options.py::test_choice_default_rendering[Color-Color.GREEN-GREEN] PASSED [ 61%]
tests/test_options.py::test_choice_default_rendering[ColorInt-2-GREEN] PASSED [ 61%]
tests/test_options.py::test_duplicate_names_warning[opts_one0-opts_two0] PASSED [ 61%]
tests/test_options.py::test_duplicate_names_warning[opts_one1-opts_two1] PASSED [ 61%]
tests/test_parser.py::test_split_arg_string[cli a b c-expect0] PASSED    [ 62%]
tests/test_parser.py::test_split_arg_string[cli 'my file-expect1] PASSED [ 62%]
tests/test_parser.py::test_split_arg_string[cli 'my file'-expect2] PASSED [ 62%]
tests/test_parser.py::test_split_arg_string[cli my\\-expect3] PASSED     [ 62%]
tests/test_parser.py::test_split_arg_string[cli my\\ file-expect4] PASSED [ 62%]
tests/test_parser.py::test_parser_default_prefixes PASSED                [ 62%]
tests/test_parser.py::test_parser_collects_prefixes PASSED               [ 62%]
tests/test_shell_completion.py::test_command PASSED                      [ 62%]
tests/test_shell_completion.py::test_group PASSED                        [ 62%]
tests/test_shell_completion.py::test_nested_group[args0--expect0] PASSED [ 63%]
tests/test_shell_completion.py::test_nested_group[args1--expect1] PASSED [ 63%]
tests/test_shell_completion.py::test_nested_group[args2--expect2] PASSED [ 63%]
tests/test_shell_completion.py::test_nested_group[args3---expect3] PASSED [ 63%]
tests/test_shell_completion.py::test_nested_group[args4--expect4] PASSED [ 63%]
tests/test_shell_completion.py::test_nested_group[args5---expect5] PASSED [ 63%]
tests/test_shell_completion.py::test_group_command_same_option PASSED    [ 63%]
tests/test_shell_completion.py::test_chained PASSED                      [ 63%]
tests/test_shell_completion.py::test_help_option PASSED                  [ 63%]
tests/test_shell_completion.py::test_argument_order PASSED               [ 64%]
tests/test_shell_completion.py::test_argument_default PASSED             [ 64%]
tests/test_shell_completion.py::test_type_choice PASSED                  [ 64%]
tests/test_shell_completion.py::test_type_enum_choice PASSED             [ 64%]
tests/test_shell_completion.py::test_choice_special_characters PASSED    [ 64%]
tests/test_shell_completion.py::test_choice_conflicting_prefix PASSED    [ 64%]
tests/test_shell_completion.py::test_option_count PASSED                 [ 64%]
tests/test_shell_completion.py::test_option_optional PASSED              [ 64%]
tests/test_shell_completion.py::test_path_types[type0-file] PASSED       [ 64%]
tests/test_shell_completion.py::test_path_types[type1-file] PASSED       [ 65%]
tests/test_shell_completion.py::test_path_types[type2-dir] PASSED        [ 65%]
tests/test_shell_completion.py::test_absolute_path PASSED                [ 65%]
tests/test_shell_completion.py::test_option_flag PASSED                  [ 65%]
tests/test_shell_completion.py::test_option_custom PASSED                [ 65%]
tests/test_shell_completion.py::test_option_multiple PASSED              [ 65%]
tests/test_shell_completion.py::test_option_nargs PASSED                 [ 65%]
tests/test_shell_completion.py::test_argument_nargs PASSED               [ 65%]
tests/test_shell_completion.py::test_double_dash PASSED                  [ 65%]
tests/test_shell_completion.py::test_hidden PASSED                       [ 65%]
tests/test_shell_completion.py::test_add_different_name PASSED           [ 66%]
tests/test_shell_completion.py::test_completion_item_data PASSED         [ 66%]
tests/test_shell_completion.py::test_full_source[bash] PASSED            [ 66%]
tests/test_shell_completion.py::test_full_source[zsh] PASSED             [ 66%]
tests/test_shell_completion.py::test_full_source[fish] PASSED            [ 66%]
tests/test_shell_completion.py::test_full_complete[bash-env0-plain,a\nplain,b\n] PASSED [ 66%]
tests/test_shell_completion.py::test_full_complete[bash-env1-plain,b\n] PASSED [ 66%]
tests/test_shell_completion.py::test_full_complete[zsh-env2-plain\na\n_\nplain\nb\nbee\n] PASSED [ 66%]
tests/test_shell_completion.py::test_full_complete[zsh-env3-plain\nb\nbee\n] PASSED [ 66%]
tests/test_shell_completion.py::test_full_complete[fish-env4-plain,a\nplain,b\tbee\n] PASSED [ 67%]
tests/test_shell_completion.py::test_full_complete[fish-env5-plain,b\tbee\n] PASSED [ 67%]
tests/test_shell_completion.py::test_zsh_full_complete_with_colons[env0-plain\na\n_\nplain\nb\nbee\nplain\nc\\:d\ncee:dee\nplain\nc:e\n_\n] PASSED [ 67%]
tests/test_shell_completion.py::test_zsh_full_complete_with_colons[env1-plain\nc\\:d\ncee:dee\nplain\nc:e\n_\n] PASSED [ 67%]
tests/test_shell_completion.py::test_zsh_full_complete_with_colons[env2-plain\nc\\:d\ncee:dee\nplain\nc:e\n_\n] PASSED [ 67%]
tests/test_shell_completion.py::test_context_settings PASSED             [ 67%]
tests/test_shell_completion.py::test_choice_case_sensitive[False-expect0] FAILED [ 67%]
tests/test_shell_completion.py::test_choice_case_sensitive[True-expect1] PASSED [ 67%]
tests/test_shell_completion.py::test_add_completion_class PASSED         [ 67%]
tests/test_shell_completion.py::test_add_completion_class_with_name PASSED [ 68%]
tests/test_shell_completion.py::test_add_completion_class_decorator PASSED [ 68%]
tests/test_shell_completion.py::test_files_closed PASSED                 [ 68%]
tests/test_termui.py::test_progressbar_strip_regression PASSED           [ 68%]
tests/test_termui.py::test_progressbar_length_hint PASSED                [ 68%]
tests/test_termui.py::test_progressbar_no_tty PASSED                     [ 68%]
tests/test_termui.py::test_progressbar_hidden_manual PASSED              [ 68%]
tests/test_termui.py::test_progressbar_time_per_iteration[avg0-0.0] PASSED [ 68%]
tests/test_termui.py::test_progressbar_time_per_iteration[avg1-2.5] PASSED [ 68%]
tests/test_termui.py::test_progressbar_eta[False-5] PASSED               [ 69%]
tests/test_termui.py::test_progressbar_eta[True-0] PASSED                [ 69%]
tests/test_termui.py::test_progressbar_format_eta[0-00:00:00] PASSED     [ 69%]
tests/test_termui.py::test_progressbar_format_eta[30-00:00:30] PASSED    [ 69%]
tests/test_termui.py::test_progressbar_format_eta[90-00:01:30] PASSED    [ 69%]
tests/test_termui.py::test_progressbar_format_eta[900-00:15:00] PASSED   [ 69%]
tests/test_termui.py::test_progressbar_format_eta[9000-02:30:00] PASSED  [ 69%]
tests/test_termui.py::test_progressbar_format_eta[99999999999-1157407d 09:46:39] PASSED [ 69%]
tests/test_termui.py::test_progressbar_format_eta[None-] PASSED          [ 69%]
tests/test_termui.py::test_progressbar_format_pos[0-5] PASSED            [ 70%]
tests/test_termui.py::test_progressbar_format_pos[-1-1] PASSED           [ 70%]
tests/test_termui.py::test_progressbar_format_pos[5-5] PASSED            [ 70%]
tests/test_termui.py::test_progressbar_format_pos[6-5] PASSED            [ 70%]
tests/test_termui.py::test_progressbar_format_pos[4-0] PASSED            [ 70%]
tests/test_termui.py::test_progressbar_format_bar[8-False-7-0-#######-] PASSED [ 70%]
tests/test_termui.py::test_progressbar_format_bar[0-True-8-0-########] PASSED [ 70%]
tests/test_termui.py::test_progressbar_format_progress_line[0-True-True-0-  [--------]  0/0    0%] PASSED [ 70%]
tests/test_termui.py::test_progressbar_format_progress_line[0-False-True-0-  [--------]  0/0] PASSED [ 70%]
tests/test_termui.py::test_progressbar_format_progress_line[0-False-False-0-  [--------]0] PASSED [ 70%]
tests/test_termui.py::test_progressbar_format_progress_line[0-False-False-0-  [--------]1] PASSED [ 71%]
tests/test_termui.py::test_progressbar_format_progress_line[8-True-True-8-  [########]  8/8  100%] PASSED [ 71%]
tests/test_termui.py::test_progressbar_format_progress_line_with_show_func[test] PASSED [ 71%]
tests/test_termui.py::test_progressbar_format_progress_line_with_show_func[None] PASSED [ 71%]
tests/test_termui.py::test_progressbar_init_exceptions PASSED            [ 71%]
tests/test_termui.py::test_progressbar_iter_outside_with_exceptions PASSED [ 71%]
tests/test_termui.py::test_progressbar_is_iterator PASSED                [ 71%]
tests/test_termui.py::test_choices_list_in_prompt PASSED                 [ 71%]
tests/test_termui.py::test_file_prompt_default_format[file_kwargs0] PASSED [ 71%]
tests/test_termui.py::test_file_prompt_default_format[file_kwargs1] PASSED [ 72%]
tests/test_termui.py::test_file_prompt_default_format[file_kwargs2] PASSED [ 72%]
tests/test_termui.py::test_secho PASSED                                  [ 72%]
tests/test_termui.py::test_secho_non_text[123-\x1b[45m123\x1b[0m] PASSED [ 72%]
tests/test_termui.py::test_secho_non_text[test-test] PASSED              [ 72%]
tests/test_termui.py::test_progressbar_yields_all_items PASSED           [ 72%]
tests/test_termui.py::test_progressbar_update PASSED                     [ 72%]
tests/test_termui.py::test_progressbar_item_show_func PASSED             [ 72%]
tests/test_termui.py::test_progressbar_update_with_item_show_func PASSED [ 72%]
tests/test_termui.py::test_progress_bar_update_min_steps PASSED          [ 73%]
tests/test_termui.py::test_getchar_windows[True-h] SKIPPED (Tests us...) [ 73%]
tests/test_termui.py::test_getchar_windows[True-H] SKIPPED (Tests us...) [ 73%]
tests/test_termui.py::test_getchar_windows[True-\xe9] SKIPPED (Tests...) [ 73%]
tests/test_termui.py::test_getchar_windows[True-\xc0] SKIPPED (Tests...) [ 73%]
tests/test_termui.py::test_getchar_windows[True- ] SKIPPED (Tests us...) [ 73%]
tests/test_termui.py::test_getchar_windows[True-\u5b57] SKIPPED (Tes...) [ 73%]
tests/test_termui.py::test_getchar_windows[True-\xe0H] SKIPPED (Test...) [ 73%]
tests/test_termui.py::test_getchar_windows[True-\xe0R] SKIPPED (Test...) [ 73%]
tests/test_termui.py::test_getchar_windows[False-h] SKIPPED (Tests u...) [ 74%]
tests/test_termui.py::test_getchar_windows[False-H] SKIPPED (Tests u...) [ 74%]
tests/test_termui.py::test_getchar_windows[False-\xe9] SKIPPED (Test...) [ 74%]
tests/test_termui.py::test_getchar_windows[False-\xc0] SKIPPED (Test...) [ 74%]
tests/test_termui.py::test_getchar_windows[False- ] SKIPPED (Tests u...) [ 74%]
tests/test_termui.py::test_getchar_windows[False-\u5b57] SKIPPED (Te...) [ 74%]
tests/test_termui.py::test_getchar_windows[False-\xe0H] SKIPPED (Tes...) [ 74%]
tests/test_termui.py::test_getchar_windows[False-\xe0R] SKIPPED (Tes...) [ 74%]
tests/test_termui.py::test_getchar_special_key_windows[\x00-a] SKIPPED   [ 74%]
tests/test_termui.py::test_getchar_special_key_windows[\x00-b] SKIPPED   [ 75%]
tests/test_termui.py::test_getchar_special_key_windows[\xe0-c] SKIPPED   [ 75%]
tests/test_termui.py::test_getchar_windows_exceptions[\x03-KeyboardInterrupt] SKIPPED [ 75%]
tests/test_termui.py::test_getchar_windows_exceptions[\x1a-EOFError] SKIPPED [ 75%]
tests/test_termui.py::test_fast_edit PASSED                              [ 75%]
tests/test_termui.py::test_edit PASSED                                   [ 75%]
tests/test_termui.py::test_prompt_required_with_required[True-False-None-prompt] PASSED [ 75%]
tests/test_termui.py::test_prompt_required_with_required[True-False-args1-Option '-v' requires an argument.] PASSED [ 75%]
tests/test_termui.py::test_prompt_required_with_required[False-True-None-prompt] PASSED [ 75%]
tests/test_termui.py::test_prompt_required_with_required[False-True-args3-prompt] PASSED [ 75%]
tests/test_termui.py::test_prompt_required_false[no flag] PASSED         [ 76%]
tests/test_termui.py::test_prompt_required_false[short sep value] PASSED [ 76%]
tests/test_termui.py::test_prompt_required_false[long sep value] PASSED  [ 76%]
tests/test_termui.py::test_prompt_required_false[short join value] PASSED [ 76%]
tests/test_termui.py::test_prompt_required_false[long join value] PASSED [ 76%]
tests/test_termui.py::test_prompt_required_false[short no value] PASSED  [ 76%]
tests/test_termui.py::test_prompt_required_false[long no value] PASSED   [ 76%]
tests/test_termui.py::test_prompt_required_false[no value opt] PASSED    [ 76%]
tests/test_termui.py::test_confirmation_prompt[True-password\npassword-None-password] PASSED [ 76%]
tests/test_termui.py::test_confirmation_prompt[Confirm Password-password\npassword\n-None-password] PASSED [ 77%]
tests/test_termui.py::test_confirmation_prompt[True-\n\n--] PASSED       [ 77%]
tests/test_termui.py::test_confirmation_prompt[False-None-None-None] PASSED [ 77%]
tests/test_termui.py::test_false_show_default_cause_no_default_display_in_prompt PASSED [ 77%]
tests/test_testing.py::test_runner PASSED                                [ 77%]
tests/test_testing.py::test_echo_stdin_stream PASSED                     [ 77%]
tests/test_testing.py::test_echo_stdin_prompts PASSED                    [ 77%]
tests/test_testing.py::test_runner_with_stream PASSED                    [ 77%]
tests/test_testing.py::test_prompts PASSED                               [ 77%]
tests/test_testing.py::test_getchar PASSED                               [ 78%]
tests/test_testing.py::test_catch_exceptions PASSED                      [ 78%]
tests/test_testing.py::test_catch_exceptions_cli_runner PASSED           [ 78%]
tests/test_testing.py::test_with_color PASSED                            [ 78%]
tests/test_testing.py::test_with_color_errors PASSED                     [ 78%]
tests/test_testing.py::test_with_color_but_pause_not_blocking PASSED     [ 78%]
tests/test_testing.py::test_exit_code_and_output_from_sys_exit PASSED    [ 78%]
tests/test_testing.py::test_env PASSED                                   [ 78%]
tests/test_testing.py::test_stderr PASSED                                [ 78%]
tests/test_testing.py::test_args[None-bar\n] PASSED                      [ 79%]
tests/test_testing.py::test_args[args1-bar\n] PASSED                     [ 79%]
tests/test_testing.py::test_args[-bar\n] PASSED                          [ 79%]
tests/test_testing.py::test_args[args3-one two\n] PASSED                 [ 79%]
tests/test_testing.py::test_args[--foo "one two"-one two\n] PASSED       [ 79%]
tests/test_testing.py::test_setting_prog_name_in_extra PASSED            [ 79%]
tests/test_testing.py::test_command_standalone_mode_returns_value PASSED [ 79%]
tests/test_testing.py::test_file_stdin_attrs PASSED                      [ 79%]
tests/test_testing.py::test_isolated_runner PASSED                       [ 79%]
tests/test_testing.py::test_isolated_runner_custom_tempdir PASSED        [ 80%]
tests/test_testing.py::test_isolation_stderr_errors PASSED               [ 80%]
tests/test_testing.py::test_isolation_flushes_unflushed_stderr PASSED    [ 80%]
tests/test_types.py::test_range[type0-3-3] PASSED                        [ 80%]
tests/test_types.py::test_range[type1-5-5] PASSED                        [ 80%]
tests/test_types.py::test_range[type2-100-100] PASSED                    [ 80%]
tests/test_types.py::test_range[type3-5-5] PASSED                        [ 80%]
tests/test_types.py::test_range[type4--100--100] PASSED                  [ 80%]
tests/test_types.py::test_range[type5--1-0] PASSED                       [ 80%]
tests/test_types.py::test_range[type6-6-5] PASSED                        [ 80%]
tests/test_types.py::test_range[type7-0-1] PASSED                        [ 81%]
tests/test_types.py::test_range[type8-5-4] PASSED                        [ 81%]
tests/test_types.py::test_range[type9-1.2-1.2] PASSED                    [ 81%]
tests/test_types.py::test_range[type10-0.51-0.51] PASSED                 [ 81%]
tests/test_types.py::test_range[type11-1.49-1.49] PASSED                 [ 81%]
tests/test_types.py::test_range[type12--0.0-0.5] PASSED                  [ 81%]
tests/test_types.py::test_range[type13-inf-1.5] PASSED                   [ 81%]
tests/test_types.py::test_range_fail[type0-6-6 is not in the range 0<=x<=5.] PASSED [ 81%]
tests/test_types.py::test_range_fail[type1-4-4 is not in the range x>=5.] PASSED [ 81%]
tests/test_types.py::test_range_fail[type2-6-6 is not in the range x<=5.] PASSED [ 82%]
tests/test_types.py::test_range_fail[type3-0-0<x<=5] PASSED              [ 82%]
tests/test_types.py::test_range_fail[type4-5-0<=x<5] PASSED              [ 82%]
tests/test_types.py::test_range_fail[type5-0.5-x>0.5] PASSED             [ 82%]
tests/test_types.py::test_range_fail[type6-1.5-x<1.5] PASSED             [ 82%]
tests/test_types.py::test_float_range_no_clamp_open PASSED               [ 82%]
tests/test_types.py::test_cast_multi_default[2-False-None-None] PASSED   [ 82%]
tests/test_types.py::test_cast_multi_default[2-False-default1-expect1] PASSED [ 82%]
tests/test_types.py::test_cast_multi_default[None-True-None-expect2] PASSED [ 82%]
tests/test_types.py::test_cast_multi_default[None-True-default3-expect3] PASSED [ 83%]
tests/test_types.py::test_cast_multi_default[2-True-None-expect4] PASSED [ 83%]
tests/test_types.py::test_cast_multi_default[2-True-default5-expect5] PASSED [ 83%]
tests/test_types.py::test_cast_multi_default[-1-None-None-expect6] PASSED [ 83%]
tests/test_types.py::test_path_type[None-a/b/c.txt] PASSED               [ 83%]
tests/test_types.py::test_path_type[str-a/b/c.txt] PASSED                [ 83%]
tests/test_types.py::test_path_type[bytes-a/b/c.txt] PASSED              [ 83%]
tests/test_types.py::test_path_type[Path-expect3] PASSED                 [ 83%]
tests/test_types.py::test_path_resolve_symlink PASSED                    [ 83%]
tests/test_types.py::test_path_surrogates PASSED                         [ 84%]
tests/test_types.py::test_file_surrogates[type0] PASSED                  [ 84%]
tests/test_types.py::test_file_surrogates[type1] PASSED                  [ 84%]
tests/test_types.py::test_file_error_surrogates PASSED                   [ 84%]
tests/test_types.py::test_invalid_path_with_esc_sequence PASSED          [ 84%]
tests/test_types.py::test_choice_get_invalid_choice_message PASSED       [ 84%]
tests/test_utils.py::test_echo PASSED                                    [ 84%]
tests/test_utils.py::test_echo_custom_file PASSED                        [ 84%]
tests/test_utils.py::test_echo_no_streams PASSED                         [ 84%]
tests/test_utils.py::test_styling[styles0-\x1b[30mx y\x1b[0m] PASSED     [ 85%]
tests/test_utils.py::test_styling[styles1-\x1b[31mx y\x1b[0m] PASSED     [ 85%]
tests/test_utils.py::test_styling[styles2-\x1b[32mx y\x1b[0m] PASSED     [ 85%]
tests/test_utils.py::test_styling[styles3-\x1b[33mx y\x1b[0m] PASSED     [ 85%]
tests/test_utils.py::test_styling[styles4-\x1b[34mx y\x1b[0m] PASSED     [ 85%]
tests/test_utils.py::test_styling[styles5-\x1b[35mx y\x1b[0m] PASSED     [ 85%]
tests/test_utils.py::test_styling[styles6-\x1b[36mx y\x1b[0m] PASSED     [ 85%]
tests/test_utils.py::test_styling[styles7-\x1b[37mx y\x1b[0m] PASSED     [ 85%]
tests/test_utils.py::test_styling[styles8-\x1b[40mx y\x1b[0m] PASSED     [ 85%]
tests/test_utils.py::test_styling[styles9-\x1b[41mx y\x1b[0m] PASSED     [ 85%]
tests/test_utils.py::test_styling[styles10-\x1b[42mx y\x1b[0m] PASSED    [ 86%]
tests/test_utils.py::test_styling[styles11-\x1b[43mx y\x1b[0m] PASSED    [ 86%]
tests/test_utils.py::test_styling[styles12-\x1b[44mx y\x1b[0m] PASSED    [ 86%]
tests/test_utils.py::test_styling[styles13-\x1b[45mx y\x1b[0m] PASSED    [ 86%]
tests/test_utils.py::test_styling[styles14-\x1b[46mx y\x1b[0m] PASSED    [ 86%]
tests/test_utils.py::test_styling[styles15-\x1b[47mx y\x1b[0m] PASSED    [ 86%]
tests/test_utils.py::test_styling[styles16-\x1b[48;5;91mx y\x1b[0m] PASSED [ 86%]
tests/test_utils.py::test_styling[styles17-\x1b[48;2;135;0;175mx y\x1b[0m] PASSED [ 86%]
tests/test_utils.py::test_styling[styles18-\x1b[1mx y\x1b[0m] PASSED     [ 86%]
tests/test_utils.py::test_styling[styles19-\x1b[2mx y\x1b[0m] PASSED     [ 87%]
tests/test_utils.py::test_styling[styles20-\x1b[4mx y\x1b[0m] PASSED     [ 87%]
tests/test_utils.py::test_styling[styles21-\x1b[53mx y\x1b[0m] PASSED    [ 87%]
tests/test_utils.py::test_styling[styles22-\x1b[3mx y\x1b[0m] PASSED     [ 87%]
tests/test_utils.py::test_styling[styles23-\x1b[5mx y\x1b[0m] PASSED     [ 87%]
tests/test_utils.py::test_styling[styles24-\x1b[7mx y\x1b[0m] PASSED     [ 87%]
tests/test_utils.py::test_styling[styles25-\x1b[9mx y\x1b[0m] PASSED     [ 87%]
tests/test_utils.py::test_styling[styles26-\x1b[22mx y\x1b[0m] PASSED    [ 87%]
tests/test_utils.py::test_styling[styles27-\x1b[22mx y\x1b[0m] PASSED    [ 87%]
tests/test_utils.py::test_styling[styles28-\x1b[24mx y\x1b[0m] PASSED    [ 88%]
tests/test_utils.py::test_styling[styles29-\x1b[55mx y\x1b[0m] PASSED    [ 88%]
tests/test_utils.py::test_styling[styles30-\x1b[23mx y\x1b[0m] PASSED    [ 88%]
tests/test_utils.py::test_styling[styles31-\x1b[25mx y\x1b[0m] PASSED    [ 88%]
tests/test_utils.py::test_styling[styles32-\x1b[27mx y\x1b[0m] PASSED    [ 88%]
tests/test_utils.py::test_styling[styles33-\x1b[29mx y\x1b[0m] PASSED    [ 88%]
tests/test_utils.py::test_styling[styles34-\x1b[30mx y] PASSED           [ 88%]
tests/test_utils.py::test_unstyle_other_ansi[\x1b[?25lx y\x1b[?25h-x y] PASSED [ 88%]
tests/test_utils.py::test_filename_formatting PASSED                     [ 88%]
tests/test_utils.py::test_prompts PASSED                                 [ 89%]
tests/test_utils.py::test_confirm_repeat PASSED                          [ 89%]
tests/test_utils.py::test_prompts_abort PASSED                           [ 89%]
tests/test_utils.py::test_prompts_eof PASSED                             [ 89%]
tests/test_utils.py::test_echo_via_pager[test0-cat] PASSED               [ 89%]
tests/test_utils.py::test_echo_via_pager[test0-cat ] PASSED              [ 89%]
tests/test_utils.py::test_echo_via_pager[test0- cat ] PASSED             [ 89%]
tests/test_utils.py::test_echo_via_pager[test0-less] PASSED              [ 89%]
tests/test_utils.py::test_echo_via_pager[test0- less] PASSED             [ 89%]
tests/test_utils.py::test_echo_via_pager[test0- less ] PASSED            [ 90%]
tests/test_utils.py::test_echo_via_pager[test1-cat] PASSED               [ 90%]
tests/test_utils.py::test_echo_via_pager[test1-cat ] PASSED              [ 90%]
tests/test_utils.py::test_echo_via_pager[test1- cat ] PASSED             [ 90%]
tests/test_utils.py::test_echo_via_pager[test1-less] PASSED              [ 90%]
tests/test_utils.py::test_echo_via_pager[test1- less] PASSED             [ 90%]
tests/test_utils.py::test_echo_via_pager[test1- less ] PASSED            [ 90%]
tests/test_utils.py::test_echo_via_pager[test2-cat] PASSED               [ 90%]
tests/test_utils.py::test_echo_via_pager[test2-cat ] PASSED              [ 90%]
tests/test_utils.py::test_echo_via_pager[test2- cat ] PASSED             [ 90%]
tests/test_utils.py::test_echo_via_pager[test2-less] PASSED              [ 91%]
tests/test_utils.py::test_echo_via_pager[test2- less] PASSED             [ 91%]
tests/test_utils.py::test_echo_via_pager[test2- less ] PASSED            [ 91%]
tests/test_utils.py::test_echo_via_pager[test3-cat] PASSED               [ 91%]
tests/test_utils.py::test_echo_via_pager[test3-cat ] PASSED              [ 91%]
tests/test_utils.py::test_echo_via_pager[test3- cat ] PASSED             [ 91%]
tests/test_utils.py::test_echo_via_pager[test3-less] PASSED              [ 91%]
tests/test_utils.py::test_echo_via_pager[test3- less] PASSED             [ 91%]
tests/test_utils.py::test_echo_via_pager[test3- less ] PASSED            [ 91%]
tests/test_utils.py::test_echo_via_pager[test4-cat] PASSED               [ 92%]
tests/test_utils.py::test_echo_via_pager[test4-cat ] PASSED              [ 92%]
tests/test_utils.py::test_echo_via_pager[test4- cat ] PASSED             [ 92%]
tests/test_utils.py::test_echo_via_pager[test4-less] PASSED              [ 92%]
tests/test_utils.py::test_echo_via_pager[test4- less] PASSED             [ 92%]
tests/test_utils.py::test_echo_via_pager[test4- less ] PASSED            [ 92%]
tests/test_utils.py::test_echo_via_pager[test5-cat] PASSED               [ 92%]
tests/test_utils.py::test_echo_via_pager[test5-cat ] PASSED              [ 92%]
tests/test_utils.py::test_echo_via_pager[test5- cat ] PASSED             [ 92%]
tests/test_utils.py::test_echo_via_pager[test5-less] PASSED              [ 93%]
tests/test_utils.py::test_echo_via_pager[test5- less] PASSED             [ 93%]
tests/test_utils.py::test_echo_via_pager[test5- less ] PASSED            [ 93%]
tests/test_utils.py::test_echo_via_pager[test6-cat] PASSED               [ 93%]
tests/test_utils.py::test_echo_via_pager[test6-cat ] PASSED              [ 93%]
tests/test_utils.py::test_echo_via_pager[test6- cat ] PASSED             [ 93%]
tests/test_utils.py::test_echo_via_pager[test6-less] PASSED              [ 93%]
tests/test_utils.py::test_echo_via_pager[test6- less] PASSED             [ 93%]
tests/test_utils.py::test_echo_via_pager[test6- less ] PASSED            [ 93%]
tests/test_utils.py::test_echo_via_pager[test7-cat] PASSED               [ 94%]
tests/test_utils.py::test_echo_via_pager[test7-cat ] PASSED              [ 94%]
tests/test_utils.py::test_echo_via_pager[test7- cat ] PASSED             [ 94%]
tests/test_utils.py::test_echo_via_pager[test7-less] PASSED              [ 94%]
tests/test_utils.py::test_echo_via_pager[test7- less] PASSED             [ 94%]
tests/test_utils.py::test_echo_via_pager[test7- less ] PASSED            [ 94%]
tests/test_utils.py::test_echo_via_pager[test8-cat] PASSED               [ 94%]
tests/test_utils.py::test_echo_via_pager[test8-cat ] PASSED              [ 94%]
tests/test_utils.py::test_echo_via_pager[test8- cat ] PASSED             [ 94%]
tests/test_utils.py::test_echo_via_pager[test8-less] PASSED              [ 95%]
tests/test_utils.py::test_echo_via_pager[test8- less] PASSED             [ 95%]
tests/test_utils.py::test_echo_via_pager[test8- less ] PASSED            [ 95%]
tests/test_utils.py::test_echo_via_pager[test9-cat] PASSED               [ 95%]
tests/test_utils.py::test_echo_via_pager[test9-cat ] PASSED              [ 95%]
tests/test_utils.py::test_echo_via_pager[test9- cat ] PASSED             [ 95%]
tests/test_utils.py::test_echo_via_pager[test9-less] PASSED              [ 95%]
tests/test_utils.py::test_echo_via_pager[test9- less] PASSED             [ 95%]
tests/test_utils.py::test_echo_via_pager[test9- less ] PASSED            [ 95%]
tests/test_utils.py::test_echo_color_flag PASSED                         [ 95%]
tests/test_utils.py::test_prompt_cast_default PASSED                     [ 96%]
tests/test_utils.py::test_echo_writing_to_standard_error PASSED          [ 96%]
tests/test_utils.py::test_echo_with_capsys PASSED                        [ 96%]
tests/test_utils.py::test_open_file PASSED                               [ 96%]
tests/test_utils.py::test_open_file_pathlib_dash PASSED                  [ 96%]
tests/test_utils.py::test_open_file_ignore_errors_stdin PASSED           [ 96%]
tests/test_utils.py::test_open_file_respects_ignore PASSED               [ 96%]
tests/test_utils.py::test_open_file_ignore_invalid_utf8 PASSED           [ 96%]
tests/test_utils.py::test_open_file_ignore_no_encoding PASSED            [ 96%]
tests/test_utils.py::test_open_file_atomic_permissions_existing_file[256] PASSED [ 97%]
tests/test_utils.py::test_open_file_atomic_permissions_existing_file[292] PASSED [ 97%]
tests/test_utils.py::test_open_file_atomic_permissions_existing_file[384] PASSED [ 97%]
tests/test_utils.py::test_open_file_atomic_permissions_existing_file[420] PASSED [ 97%]
tests/test_utils.py::test_open_file_atomic_permissions_new_file PASSED   [ 97%]
tests/test_utils.py::test_iter_keepopenfile PASSED                       [ 97%]
tests/test_utils.py::test_iter_lazyfile PASSED                           [ 97%]
tests/test_utils.py::test_detect_program_name[example.py-None-example.py] PASSED [ 97%]
tests/test_utils.py::test_detect_program_name[/foo/bar/example.py-None-example.py] PASSED [ 97%]
tests/test_utils.py::test_detect_program_name[example-None-example] PASSED [ 98%]
tests/test_utils.py::test_detect_program_name[example/__main__.py-example-python -m example] PASSED [ 98%]
tests/test_utils.py::test_detect_program_name[example/cli.py-example-python -m example.cli] PASSED [ 98%]
tests/test_utils.py::test_detect_program_name[example--example] PASSED   [ 98%]
tests/test_utils.py::test_expand_args PASSED                             [ 98%]
tests/test_utils.py::test_make_default_short_help[-empty] PASSED         [ 98%]
tests/test_utils.py::test_make_default_short_help[-equal length, no dot] PASSED [ 98%]
tests/test_utils.py::test_make_default_short_help[-sentence < max] PASSED [ 98%]
tests/test_utils.py::test_make_default_short_help[-paragraph < max] PASSED [ 98%]
tests/test_utils.py::test_make_default_short_help[-truncate] PASSED      [ 99%]
tests/test_utils.py::test_make_default_short_help[-length includes suffix] PASSED [ 99%]
tests/test_utils.py::test_make_default_short_help[-ignore dot in word] PASSED [ 99%]
tests/test_utils.py::test_make_default_short_help[no-wrap mark-empty] PASSED [ 99%]
tests/test_utils.py::test_make_default_short_help[no-wrap mark-equal length, no dot] PASSED [ 99%]
tests/test_utils.py::test_make_default_short_help[no-wrap mark-sentence < max] PASSED [ 99%]
tests/test_utils.py::test_make_default_short_help[no-wrap mark-paragraph < max] PASSED [ 99%]
tests/test_utils.py::test_make_default_short_help[no-wrap mark-truncate] PASSED [ 99%]
tests/test_utils.py::test_make_default_short_help[no-wrap mark-length includes suffix] PASSED [ 99%]
tests/test_utils.py::test_make_default_short_help[no-wrap mark-ignore dot in word] PASSED [100%]

=================================== FAILURES ===================================
__________________ test_choice_case_sensitive[False-expect0] ___________________
tests/test_shell_completion.py:466: in test_choice_case_sensitive
    assert completions == expect
E   AssertionError: assert ['au', 'al'] == ['Au', 'al']
E
E     At index 0 diff: 'au' != 'Au'
E
E     Full diff:
E       [
E     -     'Au',
E     ?      ^...
E
E     ...Full output truncated (4 lines hidden), use '-vv' to show
=========================== short test summary info ============================
FAILED tests/test_shell_completion.py::test_choice_case_sensitive[False-expect0]
============= 1 failed, 897 passed, 21 skipped, 1 xfailed in 3.38s =============
py3.11: exit 1 (4.11 seconds) /app> pytest -v --tb=short --basetemp=/app/.tox/py3.11/tmp pid=171
  py3.11: FAIL code 1 (5.39=setup[1.29]+cmd[4.11] seconds)
  evaluation failed :( (5.60 seconds)
warning: `VIRTUAL_ENV=venv` does not match the project environment path `.venv` and will be ignored; use `--active` to target the active environment instead
py3.11: uv-sync> uv sync --locked --python-preference system --no-default-groups --no-editable --reinstall-package click --group tests -p cpython3.11
py3.11: commands[0]> pytest -v --tb=short --basetemp=/app/.tox/py3.11/tmp
============================= test session starts ==============================
platform linux -- Python 3.11.0rc1, pytest-8.4.0, pluggy-1.6.0 -- /app/.tox/py3.11/bin/python3
cachedir: .tox/py3.11/.pytest_cache
rootdir: /app
configfile: pyproject.toml
testpaths: tests
collecting ... collected 920 items

tests/test_arguments.py::test_nargs_star PASSED                          [  0%]
tests/test_arguments.py::test_argument_unbounded_nargs_cant_have_default PASSED [  0%]
tests/test_arguments.py::test_nargs_tup PASSED                           [  0%]
tests/test_arguments.py::test_nargs_tup_composite[opts0] PASSED          [  0%]
tests/test_arguments.py::test_nargs_tup_composite[opts1] PASSED          [  0%]
tests/test_arguments.py::test_nargs_tup_composite[opts2] PASSED          [  0%]
tests/test_arguments.py::test_nargs_tup_composite[opts3] PASSED          [  0%]
tests/test_arguments.py::test_nargs_err PASSED                           [  0%]
tests/test_arguments.py::test_bytes_args PASSED                          [  0%]
tests/test_arguments.py::test_file_args PASSED                           [  1%]
tests/test_arguments.py::test_path_allow_dash PASSED                     [  1%]
tests/test_arguments.py::test_file_atomics PASSED                        [  1%]
tests/test_arguments.py::test_stdout_default PASSED                      [  1%]
tests/test_arguments.py::test_nargs_envvar[2--None] PASSED               [  1%]
tests/test_arguments.py::test_nargs_envvar[2-a-Takes 2 values but 1 was given.] PASSED [  1%]
tests/test_arguments.py::test_nargs_envvar[2-a b-expect2] PASSED         [  1%]
tests/test_arguments.py::test_nargs_envvar[2-a b c-Takes 2 values but 3 were given.] PASSED [  1%]
tests/test_arguments.py::test_nargs_envvar[-1-a b c-expect4] PASSED      [  1%]
tests/test_arguments.py::test_nargs_envvar[-1--expect5] PASSED           [  2%]
tests/test_arguments.py::test_nargs_envvar_only_if_values_empty PASSED   [  2%]
tests/test_arguments.py::test_empty_nargs PASSED                         [  2%]
tests/test_arguments.py::test_missing_arg PASSED                         [  2%]
tests/test_arguments.py::test_missing_argument_string_cast PASSED        [  2%]
tests/test_arguments.py::test_implicit_non_required PASSED               [  2%]
tests/test_arguments.py::test_deprecated_usage PASSED                    [  2%]
tests/test_arguments.py::test_deprecated_warning[True] PASSED            [  2%]
tests/test_arguments.py::test_deprecated_warning[USE B INSTEAD] PASSED   [  2%]
tests/test_arguments.py::test_deprecated_required PASSED                 [  3%]
tests/test_arguments.py::test_eat_options PASSED                         [  3%]
tests/test_arguments.py::test_nargs_star_ordering PASSED                 [  3%]
tests/test_arguments.py::test_nargs_specified_plus_star_ordering PASSED  [  3%]
tests/test_arguments.py::test_defaults_for_nargs PASSED                  [  3%]
tests/test_arguments.py::test_multiple_param_decls_not_allowed PASSED    [  3%]
tests/test_arguments.py::test_multiple_not_allowed PASSED                [  3%]
tests/test_arguments.py::test_nargs_bad_default[value0] PASSED           [  3%]
tests/test_arguments.py::test_nargs_bad_default[value1] PASSED           [  3%]
tests/test_arguments.py::test_nargs_bad_default[value2] PASSED           [  4%]
tests/test_arguments.py::test_subcommand_help PASSED                     [  4%]
tests/test_arguments.py::test_nested_subcommand_help PASSED              [  4%]
tests/test_arguments.py::test_when_argument_decorator_is_used_multiple_times_cls_is_preserved PASSED [  4%]
tests/test_arguments.py::test_duplicate_names_warning[args_one0-args_two0] PASSED [  4%]
tests/test_basic.py::test_basic_functionality PASSED                     [  4%]
tests/test_basic.py::test_repr PASSED                                    [  4%]
tests/test_basic.py::test_return_values PASSED                           [  4%]
tests/test_basic.py::test_basic_group PASSED                             [  4%]
tests/test_basic.py::test_group_commands_dict PASSED                     [  5%]
tests/test_basic.py::test_group_from_list PASSED                         [  5%]
tests/test_basic.py::test_string_option[args0-S:[no value]] PASSED       [  5%]
tests/test_basic.py::test_string_option[args1-S:[42]] PASSED             [  5%]
tests/test_basic.py::test_string_option[args2-Error: Option '--s' requires an argument.] PASSED [  5%]
tests/test_basic.py::test_string_option[args3-S:[]] PASSED               [  5%]
tests/test_basic.py::test_string_option[args4-S:[\u2603]] PASSED         [  5%]
tests/test_basic.py::test_int_option[args0-I:[84]] PASSED                [  5%]
tests/test_basic.py::test_int_option[args1-I:[46]] PASSED                [  5%]
tests/test_basic.py::test_int_option[args2-Error: Invalid value for '--i': 'x' is not a valid integer.] PASSED [  5%]
tests/test_basic.py::test_uuid_option[args0-U:[ba122011-349f-423b-873b-9d6a79c688ab]] PASSED [  6%]
tests/test_basic.py::test_uuid_option[args1-U:[821592c1-c50e-4971-9cd6-e89dc6832f86]] PASSED [  6%]
tests/test_basic.py::test_uuid_option[args2-Error: Invalid value for '--u': 'x' is not a valid UUID.] PASSED [  6%]
tests/test_basic.py::test_float_option[args0-F:[42.0]] PASSED            [  6%]
tests/test_basic.py::test_float_option[--f=23.5-F:[23.5]] PASSED         [  6%]
tests/test_basic.py::test_float_option[--f=x-Error: Invalid value for '--f': 'x' is not a valid float.] PASSED [  6%]
tests/test_basic.py::test_boolean_switch[args0-True-True] PASSED         [  6%]
tests/test_basic.py::test_boolean_switch[args0-True-False] PASSED        [  6%]
tests/test_basic.py::test_boolean_switch[args1-False-True] PASSED        [  6%]
tests/test_basic.py::test_boolean_switch[args1-False-False] PASSED       [  7%]
tests/test_basic.py::test_boolean_switch[args2-None-True] PASSED         [  7%]
tests/test_basic.py::test_boolean_switch[args2-None-False] PASSED        [  7%]
tests/test_basic.py::test_boolean_flag[True-args0-True] PASSED           [  7%]
tests/test_basic.py::test_boolean_flag[True-args1-True] PASSED           [  7%]
tests/test_basic.py::test_boolean_flag[False-args2-True] PASSED          [  7%]
tests/test_basic.py::test_boolean_flag[False-args3-False] PASSED         [  7%]
tests/test_basic.py::test_boolean_conversion[1-True] PASSED              [  7%]
tests/test_basic.py::test_boolean_conversion[true-True] PASSED           [  7%]
tests/test_basic.py::test_boolean_conversion[t-True] PASSED              [  8%]
tests/test_basic.py::test_boolean_conversion[yes-True] PASSED            [  8%]
tests/test_basic.py::test_boolean_conversion[y-True] PASSED              [  8%]
tests/test_basic.py::test_boolean_conversion[on-True] PASSED             [  8%]
tests/test_basic.py::test_boolean_conversion[0-False] PASSED             [  8%]
tests/test_basic.py::test_boolean_conversion[false-False] PASSED         [  8%]
tests/test_basic.py::test_boolean_conversion[f-False] PASSED             [  8%]
tests/test_basic.py::test_boolean_conversion[no-False] PASSED            [  8%]
tests/test_basic.py::test_boolean_conversion[n-False] PASSED             [  8%]
tests/test_basic.py::test_boolean_conversion[off-False] PASSED           [  9%]
tests/test_basic.py::test_file_option PASSED                             [  9%]
tests/test_basic.py::test_file_lazy_mode PASSED                          [  9%]
tests/test_basic.py::test_path_option PASSED                             [  9%]
tests/test_basic.py::test_choice_option PASSED                           [  9%]
tests/test_basic.py::test_choice_argument PASSED                         [  9%]
tests/test_basic.py::test_choice_argument_enum PASSED                    [  9%]
tests/test_basic.py::test_choice_argument_custom_type PASSED             [  9%]
tests/test_basic.py::test_choice_argument_none PASSED                    [  9%]
tests/test_basic.py::test_datetime_option_default PASSED                 [ 10%]
tests/test_basic.py::test_datetime_option_custom PASSED                  [ 10%]
tests/test_basic.py::test_required_option PASSED                         [ 10%]
tests/test_basic.py::test_evaluation_order PASSED                        [ 10%]
tests/test_basic.py::test_hidden_option PASSED                           [ 10%]
tests/test_basic.py::test_hidden_command PASSED                          [ 10%]
tests/test_basic.py::test_hidden_group PASSED                            [ 10%]
tests/test_basic.py::test_summary_line PASSED                            [ 10%]
tests/test_basic.py::test_help_invalid_default PASSED                    [ 10%]
tests/test_chain.py::test_basic_chaining PASSED                          [ 10%]
tests/test_chain.py::test_chaining_help[args0-COMMAND1 [ARGS]... [COMMAND2 [ARGS]...]...] PASSED [ 11%]
tests/test_chain.py::test_chaining_help[args1-ROOT HELP] PASSED          [ 11%]
tests/test_chain.py::test_chaining_help[args2-SDIST HELP] PASSED         [ 11%]
tests/test_chain.py::test_chaining_help[args3-BDIST HELP] PASSED         [ 11%]
tests/test_chain.py::test_chaining_help[args4-SDIST HELP] PASSED         [ 11%]
tests/test_chain.py::test_chaining_with_options PASSED                   [ 11%]
tests/test_chain.py::test_no_command_result_callback[False-1] PASSED     [ 11%]
tests/test_chain.py::test_no_command_result_callback[True-[]] PASSED     [ 11%]
tests/test_chain.py::test_chaining_with_arguments PASSED                 [ 11%]
tests/test_chain.py::test_pipeline[args0-foo\nbar-expect0] PASSED        [ 12%]
tests/test_chain.py::test_pipeline[args1-foo \n bar-expect1] PASSED      [ 12%]
tests/test_chain.py::test_pipeline[args2-foo \n bar-expect2] PASSED      [ 12%]
tests/test_chain.py::test_args_and_chain PASSED                          [ 12%]
tests/test_chain.py::test_group_arg_behavior PASSED                      [ 12%]
tests/test_chain.py::test_group_chaining XFAIL                           [ 12%]
tests/test_command_decorators.py::test_command_no_parens PASSED          [ 12%]
tests/test_command_decorators.py::test_custom_command_no_parens PASSED   [ 12%]
tests/test_command_decorators.py::test_group_no_parens PASSED            [ 12%]
tests/test_command_decorators.py::test_params_argument PASSED            [ 13%]
tests/test_command_decorators.py::test_generate_name[init_data] PASSED   [ 13%]
tests/test_command_decorators.py::test_generate_name[init_data_command] PASSED [ 13%]
tests/test_command_decorators.py::test_generate_name[init_data_cmd] PASSED [ 13%]
tests/test_command_decorators.py::test_generate_name[init_data_group] PASSED [ 13%]
tests/test_command_decorators.py::test_generate_name[init_data_grp] PASSED [ 13%]
tests/test_commands.py::test_other_command_invoke PASSED                 [ 13%]
tests/test_commands.py::test_other_command_forward PASSED                [ 13%]
tests/test_commands.py::test_forwarded_params_consistency PASSED         [ 13%]
tests/test_commands.py::test_auto_shorthelp PASSED                       [ 14%]
tests/test_commands.py::test_command_no_args_is_help PASSED              [ 14%]
tests/test_commands.py::test_default_maps PASSED                         [ 14%]
tests/test_commands.py::test_group_with_args[args0-2-Error: Missing command.] PASSED [ 14%]
tests/test_commands.py::test_group_with_args[args1-0-Show this message and exit.] PASSED [ 14%]
tests/test_commands.py::test_group_with_args[args2-0-obj=obj1\nmove\n] PASSED [ 14%]
tests/test_commands.py::test_group_with_args[args3-2-Show this message and exit.] PASSED [ 14%]
tests/test_commands.py::test_custom_parser PASSED                        [ 14%]
tests/test_commands.py::test_object_propagation PASSED                   [ 14%]
tests/test_commands.py::test_other_command_invoke_with_defaults PASSED   [ 15%]
tests/test_commands.py::test_invoked_subcommand PASSED                   [ 15%]
tests/test_commands.py::test_aliased_command_canonical_name PASSED       [ 15%]
tests/test_commands.py::test_group_add_command_name PASSED               [ 15%]
tests/test_commands.py::test_iter_params_for_processing[invocation_order0-declaration_order0-expected_order0] PASSED [ 15%]
tests/test_commands.py::test_iter_params_for_processing[invocation_order1-declaration_order1-expected_order1] PASSED [ 15%]
tests/test_commands.py::test_iter_params_for_processing[invocation_order2-declaration_order2-expected_order2] PASSED [ 15%]
tests/test_commands.py::test_iter_params_for_processing[invocation_order3-declaration_order3-expected_order3] PASSED [ 15%]
tests/test_commands.py::test_iter_params_for_processing[invocation_order4-declaration_order4-expected_order4] PASSED [ 15%]
tests/test_commands.py::test_iter_params_for_processing[invocation_order5-declaration_order5-expected_order5] PASSED [ 15%]
tests/test_commands.py::test_iter_params_for_processing[invocation_order6-declaration_order6-expected_order6] PASSED [ 16%]
tests/test_commands.py::test_iter_params_for_processing[invocation_order7-declaration_order7-expected_order7] PASSED [ 16%]
tests/test_commands.py::test_iter_params_for_processing[invocation_order8-declaration_order8-expected_order8] PASSED [ 16%]
tests/test_commands.py::test_iter_params_for_processing[invocation_order9-declaration_order9-expected_order9] PASSED [ 16%]
tests/test_commands.py::test_iter_params_for_processing[invocation_order10-declaration_order10-expected_order10] PASSED [ 16%]
tests/test_commands.py::test_iter_params_for_processing[invocation_order11-declaration_order11-expected_order11] PASSED [ 16%]
tests/test_commands.py::test_iter_params_for_processing[invocation_order12-declaration_order12-expected_order12] PASSED [ 16%]
tests/test_commands.py::test_iter_params_for_processing[invocation_order13-declaration_order13-expected_order13] PASSED [ 16%]
tests/test_commands.py::test_iter_params_for_processing[invocation_order14-declaration_order14-expected_order14] PASSED [ 16%]
tests/test_commands.py::test_iter_params_for_processing[invocation_order15-declaration_order15-expected_order15] PASSED [ 17%]
tests/test_commands.py::test_iter_params_for_processing[invocation_order16-declaration_order16-expected_order16] PASSED [ 17%]
tests/test_commands.py::test_iter_params_for_processing[invocation_order17-declaration_order17-expected_order17] PASSED [ 17%]
tests/test_commands.py::test_iter_params_for_processing[invocation_order18-declaration_order18-expected_order18] PASSED [ 17%]
tests/test_commands.py::test_iter_params_for_processing[invocation_order19-declaration_order19-expected_order19] PASSED [ 17%]
tests/test_commands.py::test_iter_params_for_processing[invocation_order20-declaration_order20-expected_order20] PASSED [ 17%]
tests/test_commands.py::test_iter_params_for_processing[invocation_order21-declaration_order21-expected_order21] PASSED [ 17%]
tests/test_commands.py::test_iter_params_for_processing[invocation_order22-declaration_order22-expected_order22] PASSED [ 17%]
tests/test_commands.py::test_iter_params_for_processing[invocation_order23-declaration_order23-expected_order23] PASSED [ 17%]
tests/test_commands.py::test_iter_params_for_processing[invocation_order24-declaration_order24-expected_order24] PASSED [ 18%]
tests/test_commands.py::test_iter_params_for_processing[invocation_order25-declaration_order25-expected_order25] PASSED [ 18%]
tests/test_commands.py::test_iter_params_for_processing[invocation_order26-declaration_order26-expected_order26] PASSED [ 18%]
tests/test_commands.py::test_iter_params_for_processing[invocation_order27-declaration_order27-expected_order27] PASSED [ 18%]
tests/test_commands.py::test_iter_params_for_processing[invocation_order28-declaration_order28-expected_order28] PASSED [ 18%]
tests/test_commands.py::test_iter_params_for_processing[invocation_order29-declaration_order29-expected_order29] PASSED [ 18%]
tests/test_commands.py::test_iter_params_for_processing[invocation_order30-declaration_order30-expected_order30] PASSED [ 18%]
tests/test_commands.py::test_iter_params_for_processing[invocation_order31-declaration_order31-expected_order31] PASSED [ 18%]
tests/test_commands.py::test_iter_params_for_processing[invocation_order32-declaration_order32-expected_order32] PASSED [ 18%]
tests/test_commands.py::test_iter_params_for_processing[invocation_order33-declaration_order33-expected_order33] PASSED [ 19%]
tests/test_commands.py::test_help_param_priority PASSED                  [ 19%]
tests/test_commands.py::test_unprocessed_options PASSED                  [ 19%]
tests/test_commands.py::test_deprecated_in_help_messages[True-CLI HELP] PASSED [ 19%]
tests/test_commands.py::test_deprecated_in_help_messages[True-None] PASSED [ 19%]
tests/test_commands.py::test_deprecated_in_help_messages[USE OTHER COMMAND INSTEAD-CLI HELP] PASSED [ 19%]
tests/test_commands.py::test_deprecated_in_help_messages[USE OTHER COMMAND INSTEAD-None] PASSED [ 19%]
tests/test_commands.py::test_deprecated_in_invocation[True] PASSED       [ 19%]
tests/test_commands.py::test_deprecated_in_invocation[USE OTHER COMMAND INSTEAD] PASSED [ 19%]
tests/test_commands.py::test_command_parse_args_collects_option_prefixes PASSED [ 20%]
tests/test_commands.py::test_group_parse_args_collects_base_option_prefixes PASSED [ 20%]
tests/test_commands.py::test_group_invoke_collects_used_option_prefixes PASSED [ 20%]
tests/test_commands.py::test_abort_exceptions_with_disabled_standalone_mode[EOFError] PASSED [ 20%]
tests/test_commands.py::test_abort_exceptions_with_disabled_standalone_mode[KeyboardInterrupt] PASSED [ 20%]
tests/test_compat.py::test_is_jupyter_kernel_output PASSED               [ 20%]
tests/test_context.py::test_ensure_context_objects PASSED                [ 20%]
tests/test_context.py::test_get_context_objects PASSED                   [ 20%]
tests/test_context.py::test_get_context_objects_no_ensuring PASSED       [ 20%]
tests/test_context.py::test_get_context_objects_missing PASSED           [ 20%]
tests/test_context.py::test_multi_enter PASSED                           [ 21%]
tests/test_context.py::test_global_context_object PASSED                 [ 21%]
tests/test_context.py::test_context_meta PASSED                          [ 21%]
tests/test_context.py::test_make_pass_meta_decorator PASSED              [ 21%]
tests/test_context.py::test_make_pass_meta_decorator_doc PASSED          [ 21%]
tests/test_context.py::test_context_pushing PASSED                       [ 21%]
tests/test_context.py::test_pass_obj PASSED                              [ 21%]
tests/test_context.py::test_close_before_pop PASSED                      [ 21%]
tests/test_context.py::test_close_before_exit PASSED                     [ 21%]
tests/test_context.py::test_multiple_eager_callbacks[natural_order] PASSED [ 22%]
tests/test_context.py::test_multiple_eager_callbacks[eagerness_precedence] PASSED [ 22%]
tests/test_context.py::test_no_state_leaks PASSED                        [ 22%]
tests/test_context.py::test_with_resource PASSED                         [ 22%]
tests/test_context.py::test_make_pass_decorator_args PASSED              [ 22%]
tests/test_context.py::test_propagate_show_default_setting PASSED        [ 22%]
tests/test_context.py::test_exit_not_standalone PASSED                   [ 22%]
tests/test_context.py::test_parameter_source[default] PASSED             [ 22%]
tests/test_context.py::test_parameter_source[default_map] PASSED         [ 22%]
tests/test_context.py::test_parameter_source[commandline short] PASSED   [ 23%]
tests/test_context.py::test_parameter_source[commandline long] PASSED    [ 23%]
tests/test_context.py::test_parameter_source[environment auto] PASSED    [ 23%]
tests/test_context.py::test_parameter_source[environment manual] PASSED  [ 23%]
tests/test_context.py::test_propagate_opt_prefixes PASSED                [ 23%]
tests/test_custom_classes.py::test_command_context_class PASSED          [ 23%]
tests/test_custom_classes.py::test_context_invoke_type PASSED            [ 23%]
tests/test_custom_classes.py::test_context_formatter_class PASSED        [ 23%]
tests/test_custom_classes.py::test_group_command_class PASSED            [ 23%]
tests/test_custom_classes.py::test_group_group_class PASSED              [ 24%]
tests/test_custom_classes.py::test_group_group_class_self PASSED         [ 24%]
tests/test_defaults.py::test_basic_defaults PASSED                       [ 24%]
tests/test_defaults.py::test_multiple_defaults PASSED                    [ 24%]
tests/test_defaults.py::test_nargs_plus_multiple PASSED                  [ 24%]
tests/test_defaults.py::test_multiple_flag_default PASSED                [ 24%]
tests/test_defaults.py::test_flag_default_map PASSED                     [ 24%]
tests/test_formatting.py::test_basic_functionality PASSED                [ 24%]
tests/test_formatting.py::test_wrapping_long_options_strings PASSED      [ 24%]
tests/test_formatting.py::test_wrapping_long_command_name PASSED         [ 25%]
tests/test_formatting.py::test_formatting_empty_help_lines PASSED        [ 25%]
tests/test_formatting.py::test_formatting_usage_error PASSED             [ 25%]
tests/test_formatting.py::test_formatting_usage_error_metavar_missing_arg PASSED [ 25%]
tests/test_formatting.py::test_formatting_usage_error_metavar_bad_arg PASSED [ 25%]
tests/test_formatting.py::test_formatting_usage_error_nested PASSED      [ 25%]
tests/test_formatting.py::test_formatting_usage_error_no_help PASSED     [ 25%]
tests/test_formatting.py::test_formatting_usage_custom_help PASSED       [ 25%]
tests/test_formatting.py::test_formatting_custom_type_metavar PASSED     [ 25%]
tests/test_formatting.py::test_truncating_docstring PASSED               [ 25%]
tests/test_formatting.py::test_truncating_docstring_no_help PASSED       [ 26%]
tests/test_formatting.py::test_removing_multiline_marker PASSED          [ 26%]
tests/test_formatting.py::test_global_show_default PASSED                [ 26%]
tests/test_formatting.py::test_formatting_with_options_metavar_empty PASSED [ 26%]
tests/test_formatting.py::test_help_formatter_write_text PASSED          [ 26%]
tests/test_imports.py::test_light_imports PASSED                         [ 26%]
tests/test_info_dict.py::test_parameter[Func ParamType] PASSED           [ 26%]
tests/test_info_dict.py::test_parameter[UNPROCESSED ParamType] PASSED    [ 26%]
tests/test_info_dict.py::test_parameter[STRING ParamType] PASSED         [ 26%]
tests/test_info_dict.py::test_parameter[Choice ParamType] PASSED         [ 27%]
tests/test_info_dict.py::test_parameter[DateTime ParamType] PASSED       [ 27%]
tests/test_info_dict.py::test_parameter[INT ParamType] PASSED            [ 27%]
tests/test_info_dict.py::test_parameter[IntRange ParamType] PASSED       [ 27%]
tests/test_info_dict.py::test_parameter[FLOAT ParamType] PASSED          [ 27%]
tests/test_info_dict.py::test_parameter[FloatRange ParamType] PASSED     [ 27%]
tests/test_info_dict.py::test_parameter[Bool ParamType] PASSED           [ 27%]
tests/test_info_dict.py::test_parameter[UUID ParamType] PASSED           [ 27%]
tests/test_info_dict.py::test_parameter[File ParamType] PASSED           [ 27%]
tests/test_info_dict.py::test_parameter[Path ParamType] PASSED           [ 28%]
tests/test_info_dict.py::test_parameter[Tuple ParamType] PASSED          [ 28%]
tests/test_info_dict.py::test_parameter[Option] PASSED                   [ 28%]
tests/test_info_dict.py::test_parameter[Flag Option] PASSED              [ 28%]
tests/test_info_dict.py::test_parameter[Argument] PASSED                 [ 28%]
tests/test_info_dict.py::test_command[Command] PASSED                    [ 28%]
tests/test_info_dict.py::test_command[Group] PASSED                      [ 28%]
tests/test_info_dict.py::test_command[Nested Group] PASSED               [ 28%]
tests/test_info_dict.py::test_context PASSED                             [ 28%]
tests/test_info_dict.py::test_paramtype_no_name PASSED                   [ 29%]
tests/test_normalization.py::test_option_normalization PASSED            [ 29%]
tests/test_normalization.py::test_choice_normalization PASSED            [ 29%]
tests/test_normalization.py::test_command_normalization PASSED           [ 29%]
tests/test_options.py::test_prefixes PASSED                              [ 29%]
tests/test_options.py::test_invalid_option PASSED                        [ 29%]
tests/test_options.py::test_deprecated_usage[True] PASSED                [ 29%]
tests/test_options.py::test_deprecated_usage[USE B INSTEAD] PASSED       [ 29%]
tests/test_options.py::test_deprecated_warning[True] PASSED              [ 29%]
tests/test_options.py::test_deprecated_warning[USE B INSTEAD] PASSED     [ 30%]
tests/test_options.py::test_deprecated_required PASSED                   [ 30%]
tests/test_options.py::test_deprecated_prompt PASSED                     [ 30%]
tests/test_options.py::test_invalid_nargs PASSED                         [ 30%]
tests/test_options.py::test_nargs_tup_composite_mult PASSED              [ 30%]
tests/test_options.py::test_counting PASSED                              [ 30%]
tests/test_options.py::test_unknown_options[--foo] PASSED                [ 30%]
tests/test_options.py::test_unknown_options[-f] PASSED                   [ 30%]
tests/test_options.py::test_suggest_possible_options[--cat-Did you mean --count?] PASSED [ 30%]
tests/test_options.py::test_suggest_possible_options[--bounds-(Possible options: --bound, --count)] PASSED [ 30%]
tests/test_options.py::test_suggest_possible_options[--bount-(Possible options: --bound, --count)] PASSED [ 31%]
tests/test_options.py::test_multiple_required PASSED                     [ 31%]
tests/test_options.py::test_init_good_default_list[True-1-default0] PASSED [ 31%]
tests/test_options.py::test_init_good_default_list[True-1-default1] PASSED [ 31%]
tests/test_options.py::test_init_good_default_list[False-2-default2] PASSED [ 31%]
tests/test_options.py::test_init_good_default_list[True-2-default3] PASSED [ 31%]
tests/test_options.py::test_init_good_default_list[True-2-default4] PASSED [ 31%]
tests/test_options.py::test_init_bad_default_list[True-1-1] PASSED       [ 31%]
tests/test_options.py::test_init_bad_default_list[False-2-default1] PASSED [ 31%]
tests/test_options.py::test_init_bad_default_list[True-2-default2] PASSED [ 32%]
tests/test_options.py::test_empty_envvar[MYPATH] PASSED                  [ 32%]
tests/test_options.py::test_empty_envvar[AUTO_MYPATH] PASSED             [ 32%]
tests/test_options.py::test_multiple_envvar PASSED                       [ 32%]
tests/test_options.py::test_boolean_envvar_normalization[SHOUT-true-True] PASSED [ 32%]
tests/test_options.py::test_boolean_envvar_normalization[SHOUT-false-False] PASSED [ 32%]
tests/test_options.py::test_boolean_envvar_normalization[SHOUT-True-True] PASSED [ 32%]
tests/test_options.py::test_boolean_envvar_normalization[SHOUT-False-False] PASSED [ 32%]
tests/test_options.py::test_boolean_envvar_normalization[SHOUT-TRUE-True] PASSED [ 32%]
tests/test_options.py::test_boolean_envvar_normalization[SHOUT-FALSE-False] PASSED [ 33%]
tests/test_options.py::test_boolean_envvar_normalization[SHOUT-TruE-True] PASSED [ 33%]
tests/test_options.py::test_boolean_envvar_normalization[SHOUT-truE-True] PASSED [ 33%]
tests/test_options.py::test_boolean_envvar_normalization[SHOUT-FaLsE-False] PASSED [ 33%]
tests/test_options.py::test_boolean_envvar_normalization[SHOUT-falsE-False] PASSED [ 33%]
tests/test_options.py::test_boolean_envvar_normalization[SHOUT-true -True] PASSED [ 33%]
tests/test_options.py::test_boolean_envvar_normalization[SHOUT- true-True] PASSED [ 33%]
tests/test_options.py::test_boolean_envvar_normalization[SHOUT- true -True] PASSED [ 33%]
tests/test_options.py::test_boolean_envvar_normalization[SHOUT-false -False] PASSED [ 33%]
tests/test_options.py::test_boolean_envvar_normalization[SHOUT- false-False] PASSED [ 34%]
tests/test_options.py::test_boolean_envvar_normalization[SHOUT- false -False] PASSED [ 34%]
tests/test_options.py::test_boolean_envvar_normalization[SHOUT-1-True] PASSED [ 34%]
tests/test_options.py::test_boolean_envvar_normalization[SHOUT-0-False] PASSED [ 34%]
tests/test_options.py::test_boolean_envvar_normalization[SHOUT-t-True] PASSED [ 34%]
tests/test_options.py::test_boolean_envvar_normalization[SHOUT-f-False] PASSED [ 34%]
tests/test_options.py::test_boolean_envvar_normalization[SHOUT-y-True] PASSED [ 34%]
tests/test_options.py::test_boolean_envvar_normalization[SHOUT-n-False] PASSED [ 34%]
tests/test_options.py::test_boolean_envvar_normalization[SHOUT-yes-True] PASSED [ 34%]
tests/test_options.py::test_boolean_envvar_normalization[SHOUT-no-False] PASSED [ 35%]
tests/test_options.py::test_boolean_envvar_normalization[SHOUT-on-True] PASSED [ 35%]
tests/test_options.py::test_boolean_envvar_normalization[SHOUT-off-False] PASSED [ 35%]
tests/test_options.py::test_boolean_envvar_normalization[SHOUT-None-False] PASSED [ 35%]
tests/test_options.py::test_boolean_envvar_normalization[SHOUT--False] PASSED [ 35%]
tests/test_options.py::test_boolean_envvar_normalization[SHOUT- -False] PASSED [ 35%]
tests/test_options.py::test_boolean_envvar_normalization[SHOUT-       -False] PASSED [ 35%]
tests/test_options.py::test_boolean_envvar_normalization[SHOUT  -True-False] PASSED [ 35%]
tests/test_options.py::test_boolean_envvar_normalization[SHOUT  -False-False] PASSED [ 35%]
tests/test_options.py::test_boolean_envvar_normalization[  SHOUT  -True-False] PASSED [ 35%]
tests/test_options.py::test_boolean_envvar_normalization[  SHOUT  -False-False] PASSED [ 36%]
tests/test_options.py::test_boolean_envvar_normalization[RANDOM-True-False] PASSED [ 36%]
tests/test_options.py::test_boolean_envvar_normalization[NO_SHOUT-True-False] PASSED [ 36%]
tests/test_options.py::test_boolean_envvar_normalization[NO_SHOUT-False-False] PASSED [ 36%]
tests/test_options.py::test_boolean_envvar_bad_values[SHOUT-tr ue] PASSED [ 36%]
tests/test_options.py::test_boolean_envvar_bad_values[SHOUT-10] PASSED   [ 36%]
tests/test_options.py::test_boolean_envvar_bad_values[SHOUT-01] PASSED   [ 36%]
tests/test_options.py::test_boolean_envvar_bad_values[SHOUT-00] PASSED   [ 36%]
tests/test_options.py::test_boolean_envvar_bad_values[SHOUT-11] PASSED   [ 36%]
tests/test_options.py::test_boolean_envvar_bad_values[SHOUT-randomstring] PASSED [ 37%]
tests/test_options.py::test_boolean_envvar_bad_values[SHOUT-None] PASSED [ 37%]
tests/test_options.py::test_multiple_default_help PASSED                 [ 37%]
tests/test_options.py::test_show_default_default_map PASSED              [ 37%]
tests/test_options.py::test_multiple_default_type PASSED                 [ 37%]
tests/test_options.py::test_multiple_default_composite_type PASSED       [ 37%]
tests/test_options.py::test_parse_multiple_default_composite_type PASSED [ 37%]
tests/test_options.py::test_dynamic_default_help_unset PASSED            [ 37%]
tests/test_options.py::test_dynamic_default_help_text PASSED             [ 37%]
tests/test_options.py::test_dynamic_default_help_special_method PASSED   [ 38%]
tests/test_options.py::test_intrange_default_help_text[type0-1<=x<=32] PASSED [ 38%]
tests/test_options.py::test_intrange_default_help_text[type1-1<x<32] PASSED [ 38%]
tests/test_options.py::test_intrange_default_help_text[type2-x>=1] PASSED [ 38%]
tests/test_options.py::test_intrange_default_help_text[type3-x<=32] PASSED [ 38%]
tests/test_options.py::test_count_default_type_help PASSED               [ 38%]
tests/test_options.py::test_file_type_help_default PASSED                [ 38%]
tests/test_options.py::test_toupper_envvar_prefix PASSED                 [ 38%]
tests/test_options.py::test_nargs_envvar PASSED                          [ 38%]
tests/test_options.py::test_show_envvar PASSED                           [ 39%]
tests/test_options.py::test_show_envvar_auto_prefix PASSED               [ 39%]
tests/test_options.py::test_show_envvar_auto_prefix_dash_in_command PASSED [ 39%]
tests/test_options.py::test_custom_validation PASSED                     [ 39%]
tests/test_options.py::test_callback_validates_prompt PASSED             [ 39%]
tests/test_options.py::test_winstyle_options PASSED                      [ 39%]
tests/test_options.py::test_legacy_options PASSED                        [ 39%]
tests/test_options.py::test_missing_option_string_cast PASSED            [ 39%]
tests/test_options.py::test_missing_required_flag PASSED                 [ 39%]
tests/test_options.py::test_missing_choice PASSED                        [ 40%]
tests/test_options.py::test_missing_envvar PASSED                        [ 40%]
tests/test_options.py::test_case_insensitive_choice PASSED               [ 40%]
tests/test_options.py::test_case_insensitive_choice_returned_exactly PASSED [ 40%]
tests/test_options.py::test_option_help_preserve_paragraphs PASSED       [ 40%]
tests/test_options.py::test_argument_custom_class PASSED                 [ 40%]
tests/test_options.py::test_option_custom_class PASSED                   [ 40%]
tests/test_options.py::test_option_custom_class_reusable PASSED          [ 40%]
tests/test_options.py::test_help_option_custom_names_and_class[name_specs0-  -h, --help  Show this message and exit.\n-True] PASSED [ 40%]
tests/test_options.py::test_help_option_custom_names_and_class[name_specs0-  -h, --help  Show this message and exit.\n-False] PASSED [ 40%]
tests/test_options.py::test_help_option_custom_names_and_class[name_specs1-  -h      Show this message and exit.\n  --help  Show this message and exit.\n-True] PASSED [ 41%]
tests/test_options.py::test_help_option_custom_names_and_class[name_specs1-  -h      Show this message and exit.\n  --help  Show this message and exit.\n-False] PASSED [ 41%]
tests/test_options.py::test_help_option_custom_names_and_class[name_specs2-  --help  Show this message and exit.\n-True] PASSED [ 41%]
tests/test_options.py::test_help_option_custom_names_and_class[name_specs2-  --help  Show this message and exit.\n-False] PASSED [ 41%]
tests/test_options.py::test_bool_flag_with_type PASSED                   [ 41%]
tests/test_options.py::test_aliases_for_flags PASSED                     [ 41%]
tests/test_options.py::test_option_names[option_args0-aggressive] PASSED [ 41%]
tests/test_options.py::test_option_names[option_args1-first] PASSED      [ 41%]
tests/test_options.py::test_option_names[option_args2-apple] PASSED      [ 41%]
tests/test_options.py::test_option_names[option_args3-cantaloupe] PASSED [ 42%]
tests/test_options.py::test_option_names[option_args4-a] PASSED          [ 42%]
tests/test_options.py::test_option_names[option_args5-c] PASSED          [ 42%]
tests/test_options.py::test_option_names[option_args6-apple] PASSED      [ 42%]
tests/test_options.py::test_option_names[option_args7-cantaloupe] PASSED [ 42%]
tests/test_options.py::test_option_names[option_args8-_from] PASSED      [ 42%]
tests/test_options.py::test_option_names[option_args9-_ret] PASSED       [ 42%]
tests/test_options.py::test_flag_duplicate_names PASSED                  [ 42%]
tests/test_options.py::test_show_default_boolean_flag_name[False-no-cache] PASSED [ 42%]
tests/test_options.py::test_show_default_boolean_flag_name[True-cache] PASSED [ 43%]
tests/test_options.py::test_show_true_default_boolean_flag_value PASSED  [ 43%]
tests/test_options.py::test_hide_false_default_boolean_flag_value[False] PASSED [ 43%]
tests/test_options.py::test_hide_false_default_boolean_flag_value[None] PASSED [ 43%]
tests/test_options.py::test_show_default_string PASSED                   [ 43%]
tests/test_options.py::test_show_default_with_empty_string PASSED        [ 43%]
tests/test_options.py::test_do_not_show_no_default PASSED                [ 43%]
tests/test_options.py::test_do_not_show_default_empty_multiple PASSED    [ 43%]
tests/test_options.py::test_show_default_precedence[None-None-extra_value0-False] PASSED [ 43%]
tests/test_options.py::test_show_default_precedence[None-False-extra_value1-False] PASSED [ 44%]
tests/test_options.py::test_show_default_precedence[None-True-extra_value2-True] PASSED [ 44%]
tests/test_options.py::test_show_default_precedence[False-None-extra_value3-False] PASSED [ 44%]
tests/test_options.py::test_show_default_precedence[False-False-extra_value4-False] PASSED [ 44%]
tests/test_options.py::test_show_default_precedence[False-True-extra_value5-True] PASSED [ 44%]
tests/test_options.py::test_show_default_precedence[True-None-extra_value6-True] PASSED [ 44%]
tests/test_options.py::test_show_default_precedence[True-False-extra_value7-False] PASSED [ 44%]
tests/test_options.py::test_show_default_precedence[True-True-extra_value8-True] PASSED [ 44%]
tests/test_options.py::test_show_default_precedence[False-one-extra_value9-True] PASSED [ 44%]
tests/test_options.py::test_option_with_optional_value[None-expect0] PASSED [ 45%]
tests/test_options.py::test_option_with_optional_value[args1-expect1] PASSED [ 45%]
tests/test_options.py::test_option_with_optional_value[args2-expect2] PASSED [ 45%]
tests/test_options.py::test_option_with_optional_value[args3-expect3] PASSED [ 45%]
tests/test_options.py::test_option_with_optional_value[args4-expect4] PASSED [ 45%]
tests/test_options.py::test_option_with_optional_value[args5-expect5] PASSED [ 45%]
tests/test_options.py::test_option_with_optional_value[args6-expect6] PASSED [ 45%]
tests/test_options.py::test_option_with_optional_value[args7-expect7] PASSED [ 45%]
tests/test_options.py::test_option_with_optional_value[args8-expect8] PASSED [ 45%]
tests/test_options.py::test_option_with_optional_value[args9-expect9] PASSED [ 45%]
tests/test_options.py::test_option_with_optional_value[args10-expect10] PASSED [ 46%]
tests/test_options.py::test_option_with_optional_value[args11-expect11] PASSED [ 46%]
tests/test_options.py::test_option_with_optional_value[args12-expect12] PASSED [ 46%]
tests/test_options.py::test_option_with_optional_value[args13-expect13] PASSED [ 46%]
tests/test_options.py::test_multiple_option_with_optional_value PASSED   [ 46%]
tests/test_options.py::test_type_from_flag_value PASSED                  [ 46%]
tests/test_options.py::test_flag_value_and_default[opt_params0-False-False] PASSED [ 46%]
tests/test_options.py::test_flag_value_and_default[opt_params1-True-True] PASSED [ 46%]
tests/test_options.py::test_flag_value_and_default[opt_params2-False-False] PASSED [ 46%]
tests/test_options.py::test_flag_value_and_default[opt_params3-True-True] PASSED [ 47%]
tests/test_options.py::test_flag_value_and_default[opt_params4-False-False] PASSED [ 47%]
tests/test_options.py::test_flag_value_and_default[opt_params5-True-True] PASSED [ 47%]
tests/test_options.py::test_flag_value_and_default[opt_params6-False-True] PASSED [ 47%]
tests/test_options.py::test_flag_value_and_default[opt_params7-True-True] PASSED [ 47%]
tests/test_options.py::test_flag_value_and_default[opt_params8-False-False] PASSED [ 47%]
tests/test_options.py::test_flag_value_and_default[opt_params9-True-True] PASSED [ 47%]
tests/test_options.py::test_flag_value_and_default[opt_params10-False-False] PASSED [ 47%]
tests/test_options.py::test_flag_value_and_default[opt_params11-True-True] PASSED [ 47%]
tests/test_options.py::test_flag_value_and_default[opt_params12-False-True] PASSED [ 48%]
tests/test_options.py::test_flag_value_and_default[opt_params13-True-True] PASSED [ 48%]
tests/test_options.py::test_flag_value_and_default[opt_params14-False-False] PASSED [ 48%]
tests/test_options.py::test_flag_value_and_default[opt_params15-True-True] PASSED [ 48%]
tests/test_options.py::test_flag_value_and_default[opt_params16-False-False] PASSED [ 48%]
tests/test_options.py::test_flag_value_and_default[opt_params17-True-True] PASSED [ 48%]
tests/test_options.py::test_flag_value_and_default[opt_params18-False-True] PASSED [ 48%]
tests/test_options.py::test_flag_value_and_default[opt_params19-True-True] PASSED [ 48%]
tests/test_options.py::test_flag_value_and_default[opt_params20-False-False] PASSED [ 48%]
tests/test_options.py::test_flag_value_and_default[opt_params21-True-True] PASSED [ 49%]
tests/test_options.py::test_flag_value_and_default[opt_params22-False-foo] PASSED [ 49%]
tests/test_options.py::test_flag_value_and_default[opt_params23-True-foo] PASSED [ 49%]
tests/test_options.py::test_flag_value_and_default[opt_params24-False-False] PASSED [ 49%]
tests/test_options.py::test_flag_value_and_default[opt_params25-True-True] PASSED [ 49%]
tests/test_options.py::test_flag_value_and_default[opt_params26-False-False] PASSED [ 49%]
tests/test_options.py::test_flag_value_and_default[opt_params27-True-True] PASSED [ 49%]
tests/test_options.py::test_flag_value_and_default[opt_params28-False-False] PASSED [ 49%]
tests/test_options.py::test_flag_value_and_default[opt_params29-True-False] PASSED [ 49%]
tests/test_options.py::test_flag_value_and_default[opt_params30-False-False] PASSED [ 50%]
tests/test_options.py::test_flag_value_and_default[opt_params31-True-True] PASSED [ 50%]
tests/test_options.py::test_flag_value_and_default[opt_params32-False-False] PASSED [ 50%]
tests/test_options.py::test_flag_value_and_default[opt_params33-True-True] PASSED [ 50%]
tests/test_options.py::test_flag_value_and_default[opt_params34-False-False] PASSED [ 50%]
tests/test_options.py::test_flag_value_and_default[opt_params35-True-False] PASSED [ 50%]
tests/test_options.py::test_flag_value_and_default[opt_params36-False-False] PASSED [ 50%]
tests/test_options.py::test_flag_value_and_default[opt_params37-True-True] PASSED [ 50%]
tests/test_options.py::test_flag_value_and_default[opt_params38-False-False] PASSED [ 50%]
tests/test_options.py::test_flag_value_and_default[opt_params39-True-True] PASSED [ 50%]
tests/test_options.py::test_flag_value_and_default[opt_params40-False-False] PASSED [ 51%]
tests/test_options.py::test_flag_value_and_default[opt_params41-True-False] PASSED [ 51%]
tests/test_options.py::test_flag_value_and_default[opt_params42-False-False] PASSED [ 51%]
tests/test_options.py::test_flag_value_and_default[opt_params43-True-foo] PASSED [ 51%]
tests/test_options.py::test_flag_value_and_default[opt_params44-False-False] PASSED [ 51%]
tests/test_options.py::test_flag_value_and_default[opt_params45-True-True] PASSED [ 51%]
tests/test_options.py::test_flag_value_and_default[opt_params46-False-True] PASSED [ 51%]
tests/test_options.py::test_flag_value_and_default[opt_params47-False-True] PASSED [ 51%]
tests/test_options.py::test_flag_value_and_default[opt_params48-False-False] PASSED [ 51%]
tests/test_options.py::test_flag_value_and_default[opt_params49-False-False] PASSED [ 52%]
tests/test_options.py::test_flag_value_and_default[opt_params50-False-False] PASSED [ 52%]
tests/test_options.py::test_flag_value_and_default[opt_params51-False-False] PASSED [ 52%]
tests/test_options.py::test_flag_value_and_default[opt_params52-False-True] PASSED [ 52%]
tests/test_options.py::test_flag_value_and_default[opt_params53-False-True] PASSED [ 52%]
tests/test_options.py::test_flag_value_and_default[opt_params54-False-False] PASSED [ 52%]
tests/test_options.py::test_flag_value_and_default[opt_params55-False-False] PASSED [ 52%]
tests/test_options.py::test_flag_value_and_default[opt_params56-False-foo] PASSED [ 52%]
tests/test_options.py::test_flag_value_and_default[opt_params57-False-foo] PASSED [ 52%]
tests/test_options.py::test_flag_value_and_default[opt_params58-False-foo] PASSED [ 53%]
tests/test_options.py::test_flag_value_and_default[opt_params59-False-foo] PASSED [ 53%]
tests/test_options.py::test_flag_value_and_default[opt_params60-False-False] PASSED [ 53%]
tests/test_options.py::test_flag_value_and_default[opt_params61-False-False] PASSED [ 53%]
tests/test_options.py::test_flag_value_and_default[opt_params62-True-True] PASSED [ 53%]
tests/test_options.py::test_flag_value_and_default[opt_params63-True-False] PASSED [ 53%]
tests/test_options.py::test_flag_value_and_default[opt_params64-True-True] PASSED [ 53%]
tests/test_options.py::test_flag_value_and_default[opt_params65-True-False] PASSED [ 53%]
tests/test_options.py::test_flag_value_and_default[opt_params66-True-True] PASSED [ 53%]
tests/test_options.py::test_flag_value_and_default[opt_params67-True-False] PASSED [ 54%]
tests/test_options.py::test_flag_value_and_default[opt_params68-True-True] PASSED [ 54%]
tests/test_options.py::test_flag_value_and_default[opt_params69-True-False] PASSED [ 54%]
tests/test_options.py::test_flag_value_and_default[opt_params70-True-True] PASSED [ 54%]
tests/test_options.py::test_flag_value_and_default[opt_params71-True-False] PASSED [ 54%]
tests/test_options.py::test_flag_value_and_default[opt_params72-True-True] PASSED [ 54%]
tests/test_options.py::test_flag_value_and_default[opt_params73-True-False] PASSED [ 54%]
tests/test_options.py::test_flag_value_and_default[opt_params74-True-bar] PASSED [ 54%]
tests/test_options.py::test_flag_value_and_default[opt_params75-True-foo] PASSED [ 54%]
tests/test_options.py::test_flag_value_and_default[opt_params76-True-True] PASSED [ 55%]
tests/test_options.py::test_flag_value_and_default[opt_params77-True-False] PASSED [ 55%]
tests/test_options.py::test_invalid_flag_definition[opts0] PASSED        [ 55%]
tests/test_options.py::test_invalid_flag_definition[opts1] PASSED        [ 55%]
tests/test_options.py::test_invalid_flag_definition[opts2] PASSED        [ 55%]
tests/test_options.py::test_invalid_flag_definition[opts3] PASSED        [ 55%]
tests/test_options.py::test_envvar_flag_value[bar-False-False] PASSED    [ 55%]
tests/test_options.py::test_envvar_flag_value[bar-0-False] PASSED        [ 55%]
tests/test_options.py::test_envvar_flag_value[bar-f-False] PASSED        [ 55%]
tests/test_options.py::test_envvar_flag_value[bar--False] PASSED         [ 55%]
tests/test_options.py::test_envvar_flag_value[bar-True-bar] PASSED       [ 56%]
tests/test_options.py::test_envvar_flag_value[bar-1-bar] PASSED          [ 56%]
tests/test_options.py::test_envvar_flag_value[bar-t-bar] PASSED          [ 56%]
tests/test_options.py::test_envvar_flag_value[bar-bar-bar] PASSED        [ 56%]
tests/test_options.py::test_envvar_flag_value[bar- bar -False] PASSED    [ 56%]
tests/test_options.py::test_envvar_flag_value[bar-BAR-False] PASSED      [ 56%]
tests/test_options.py::test_envvar_flag_value[bar-random-False] PASSED   [ 56%]
tests/test_options.py::test_envvar_flag_value[bar-bar random-False] PASSED [ 56%]
tests/test_options.py::test_envvar_flag_value[bar-random bar-False] PASSED [ 56%]
tests/test_options.py::test_envvar_flag_value[BAR-BAR-BAR] PASSED        [ 57%]
tests/test_options.py::test_envvar_flag_value[BAR-bar-False] PASSED      [ 57%]
tests/test_options.py::test_envvar_flag_value[ bar - bar - bar ] PASSED  [ 57%]
tests/test_options.py::test_envvar_flag_value[ bar -bar-False] PASSED    [ 57%]
tests/test_options.py::test_envvar_flag_value[ bar -BAR-False] PASSED    [ 57%]
tests/test_options.py::test_bool_flag_auto_detection[int option] PASSED  [ 57%]
tests/test_options.py::test_bool_flag_auto_detection[bool non-flag [None]] PASSED [ 57%]
tests/test_options.py::test_bool_flag_auto_detection[bool non-flag [True]] PASSED [ 57%]
tests/test_options.py::test_bool_flag_auto_detection[bool non-flag [False]] PASSED [ 57%]
tests/test_options.py::test_bool_flag_auto_detection[non-bool flag_value] PASSED [ 58%]
tests/test_options.py::test_bool_flag_auto_detection[is_flag=True] PASSED [ 58%]
tests/test_options.py::test_bool_flag_auto_detection[secondary option [implicit flag]] PASSED [ 58%]
tests/test_options.py::test_bool_flag_auto_detection[bool flag_value] PASSED [ 58%]
tests/test_options.py::test_invalid_flag_combinations[kwargs0-'count' is not valid with 'multiple'.] PASSED [ 58%]
tests/test_options.py::test_invalid_flag_combinations[kwargs1-'count' is not valid with 'is_flag'.] PASSED [ 58%]
tests/test_options.py::test_non_flag_with_non_negatable_default PASSED   [ 58%]
tests/test_options.py::test_usage_show_choices[text choices] PASSED      [ 58%]
tests/test_options.py::test_usage_show_choices[int choices] PASSED       [ 58%]
tests/test_options.py::test_usage_show_choices[float choices] PASSED     [ 59%]
tests/test_options.py::test_usage_show_choices[bool choices] PASSED      [ 59%]
tests/test_options.py::test_usage_show_choices[text/int choices] PASSED  [ 59%]
tests/test_options.py::test_usage_show_choices[enum choices] PASSED      [ 59%]
tests/test_options.py::test_usage_show_choices[int enum choices] PASSED  [ 59%]
tests/test_options.py::test_usage_show_choices[str enum choices] PASSED  [ 59%]
tests/test_options.py::test_usage_show_choices[flag enum choices] PASSED [ 59%]
tests/test_options.py::test_usage_show_choices[int flag enum choices] PASSED [ 59%]
tests/test_options.py::test_choice_default_rendering[choices0-bar-bar] PASSED [ 59%]
tests/test_options.py::test_choice_default_rendering[choices1-random-random] PASSED [ 60%]
tests/test_options.py::test_choice_default_rendering[choices2-None-None] PASSED [ 60%]
tests/test_options.py::test_choice_default_rendering[choices3-0-0] PASSED [ 60%]
tests/test_options.py::test_choice_default_rendering[choices4-0.0-0.0] PASSED [ 60%]
tests/test_options.py::test_choice_default_rendering[choices5-2-2] PASSED [ 60%]
tests/test_options.py::test_choice_default_rendering[choices6-2-2] PASSED [ 60%]
tests/test_options.py::test_choice_default_rendering[choices7-2.0-2.0] PASSED [ 60%]
tests/test_options.py::test_choice_default_rendering[choices8-True-True] PASSED [ 60%]
tests/test_options.py::test_choice_default_rendering[choices9-False-False] PASSED [ 60%]
tests/test_options.py::test_choice_default_rendering[choices10-foo-foo] PASSED [ 60%]
tests/test_options.py::test_choice_default_rendering[choices11-1-1] PASSED [ 61%]
tests/test_options.py::test_choice_default_rendering[HashType-HashType.SHA1-SHA1] PASSED [ 61%]
tests/test_options.py::test_choice_default_rendering[HashType-SHA1-SHA1] PASSED [ 61%]
tests/test_options.py::test_choice_default_rendering[Number-2-TWO] PASSED [ 61%]
tests/test_options.py::test_choice_default_rendering[Letter-b-B] PASSED  [ 61%]
tests/test_options.py::test_choice_default_rendering[Color-Color.GREEN-GREEN] PASSED [ 61%]
tests/test_options.py::test_choice_default_rendering[ColorInt-2-GREEN] PASSED [ 61%]
tests/test_options.py::test_duplicate_names_warning[opts_one0-opts_two0] PASSED [ 61%]
tests/test_options.py::test_duplicate_names_warning[opts_one1-opts_two1] PASSED [ 61%]
tests/test_parser.py::test_split_arg_string[cli a b c-expect0] PASSED    [ 62%]
tests/test_parser.py::test_split_arg_string[cli 'my file-expect1] PASSED [ 62%]
tests/test_parser.py::test_split_arg_string[cli 'my file'-expect2] PASSED [ 62%]
tests/test_parser.py::test_split_arg_string[cli my\\-expect3] PASSED     [ 62%]
tests/test_parser.py::test_split_arg_string[cli my\\ file-expect4] PASSED [ 62%]
tests/test_parser.py::test_parser_default_prefixes PASSED                [ 62%]
tests/test_parser.py::test_parser_collects_prefixes PASSED               [ 62%]
tests/test_shell_completion.py::test_command PASSED                      [ 62%]
tests/test_shell_completion.py::test_group PASSED                        [ 62%]
tests/test_shell_completion.py::test_nested_group[args0--expect0] PASSED [ 63%]
tests/test_shell_completion.py::test_nested_group[args1--expect1] PASSED [ 63%]
tests/test_shell_completion.py::test_nested_group[args2--expect2] PASSED [ 63%]
tests/test_shell_completion.py::test_nested_group[args3---expect3] PASSED [ 63%]
tests/test_shell_completion.py::test_nested_group[args4--expect4] PASSED [ 63%]
tests/test_shell_completion.py::test_nested_group[args5---expect5] PASSED [ 63%]
tests/test_shell_completion.py::test_group_command_same_option PASSED    [ 63%]
tests/test_shell_completion.py::test_chained PASSED                      [ 63%]
tests/test_shell_completion.py::test_help_option PASSED                  [ 63%]
tests/test_shell_completion.py::test_argument_order PASSED               [ 64%]
tests/test_shell_completion.py::test_argument_default PASSED             [ 64%]
tests/test_shell_completion.py::test_type_choice PASSED                  [ 64%]
tests/test_shell_completion.py::test_type_enum_choice PASSED             [ 64%]
tests/test_shell_completion.py::test_choice_special_characters PASSED    [ 64%]
tests/test_shell_completion.py::test_choice_conflicting_prefix PASSED    [ 64%]
tests/test_shell_completion.py::test_option_count PASSED                 [ 64%]
tests/test_shell_completion.py::test_option_optional PASSED              [ 64%]
tests/test_shell_completion.py::test_path_types[type0-file] PASSED       [ 64%]
tests/test_shell_completion.py::test_path_types[type1-file] PASSED       [ 65%]
tests/test_shell_completion.py::test_path_types[type2-dir] PASSED        [ 65%]
tests/test_shell_completion.py::test_absolute_path PASSED                [ 65%]
tests/test_shell_completion.py::test_option_flag PASSED                  [ 65%]
tests/test_shell_completion.py::test_option_custom PASSED                [ 65%]
tests/test_shell_completion.py::test_option_multiple PASSED              [ 65%]
tests/test_shell_completion.py::test_option_nargs PASSED                 [ 65%]
tests/test_shell_completion.py::test_argument_nargs PASSED               [ 65%]
tests/test_shell_completion.py::test_double_dash PASSED                  [ 65%]
tests/test_shell_completion.py::test_hidden PASSED                       [ 65%]
tests/test_shell_completion.py::test_add_different_name PASSED           [ 66%]
tests/test_shell_completion.py::test_completion_item_data PASSED         [ 66%]
tests/test_shell_completion.py::test_full_source[bash] PASSED            [ 66%]
tests/test_shell_completion.py::test_full_source[zsh] PASSED             [ 66%]
tests/test_shell_completion.py::test_full_source[fish] PASSED            [ 66%]
tests/test_shell_completion.py::test_full_complete[bash-env0-plain,a\nplain,b\n] PASSED [ 66%]
tests/test_shell_completion.py::test_full_complete[bash-env1-plain,b\n] PASSED [ 66%]
tests/test_shell_completion.py::test_full_complete[zsh-env2-plain\na\n_\nplain\nb\nbee\n] PASSED [ 66%]
tests/test_shell_completion.py::test_full_complete[zsh-env3-plain\nb\nbee\n] PASSED [ 66%]
tests/test_shell_completion.py::test_full_complete[fish-env4-plain,a\nplain,b\tbee\n] PASSED [ 67%]
tests/test_shell_completion.py::test_full_complete[fish-env5-plain,b\tbee\n] PASSED [ 67%]
tests/test_shell_completion.py::test_zsh_full_complete_with_colons[env0-plain\na\n_\nplain\nb\nbee\nplain\nc\\:d\ncee:dee\nplain\nc:e\n_\n] PASSED [ 67%]
tests/test_shell_completion.py::test_zsh_full_complete_with_colons[env1-plain\nc\\:d\ncee:dee\nplain\nc:e\n_\n] PASSED [ 67%]
tests/test_shell_completion.py::test_zsh_full_complete_with_colons[env2-plain\nc\\:d\ncee:dee\nplain\nc:e\n_\n] PASSED [ 67%]
tests/test_shell_completion.py::test_context_settings PASSED             [ 67%]
tests/test_shell_completion.py::test_choice_case_sensitive[False-expect0] FAILED [ 67%]
tests/test_shell_completion.py::test_choice_case_sensitive[True-expect1] PASSED [ 67%]
tests/test_shell_completion.py::test_add_completion_class PASSED         [ 67%]
tests/test_shell_completion.py::test_add_completion_class_with_name PASSED [ 68%]
tests/test_shell_completion.py::test_add_completion_class_decorator PASSED [ 68%]
tests/test_shell_completion.py::test_files_closed PASSED                 [ 68%]
tests/test_termui.py::test_progressbar_strip_regression PASSED           [ 68%]
tests/test_termui.py::test_progressbar_length_hint PASSED                [ 68%]
tests/test_termui.py::test_progressbar_no_tty PASSED                     [ 68%]
tests/test_termui.py::test_progressbar_hidden_manual PASSED              [ 68%]
tests/test_termui.py::test_progressbar_time_per_iteration[avg0-0.0] PASSED [ 68%]
tests/test_termui.py::test_progressbar_time_per_iteration[avg1-2.5] PASSED [ 68%]
tests/test_termui.py::test_progressbar_eta[False-5] PASSED               [ 69%]
tests/test_termui.py::test_progressbar_eta[True-0] PASSED                [ 69%]
tests/test_termui.py::test_progressbar_format_eta[0-00:00:00] PASSED     [ 69%]
tests/test_termui.py::test_progressbar_format_eta[30-00:00:30] PASSED    [ 69%]
tests/test_termui.py::test_progressbar_format_eta[90-00:01:30] PASSED    [ 69%]
tests/test_termui.py::test_progressbar_format_eta[900-00:15:00] PASSED   [ 69%]
tests/test_termui.py::test_progressbar_format_eta[9000-02:30:00] PASSED  [ 69%]
tests/test_termui.py::test_progressbar_format_eta[99999999999-1157407d 09:46:39] PASSED [ 69%]
tests/test_termui.py::test_progressbar_format_eta[None-] PASSED          [ 69%]
tests/test_termui.py::test_progressbar_format_pos[0-5] PASSED            [ 70%]
tests/test_termui.py::test_progressbar_format_pos[-1-1] PASSED           [ 70%]
tests/test_termui.py::test_progressbar_format_pos[5-5] PASSED            [ 70%]
tests/test_termui.py::test_progressbar_format_pos[6-5] PASSED            [ 70%]
tests/test_termui.py::test_progressbar_format_pos[4-0] PASSED            [ 70%]
tests/test_termui.py::test_progressbar_format_bar[8-False-7-0-#######-] PASSED [ 70%]
tests/test_termui.py::test_progressbar_format_bar[0-True-8-0-########] PASSED [ 70%]
tests/test_termui.py::test_progressbar_format_progress_line[0-True-True-0-  [--------]  0/0    0%] PASSED [ 70%]
tests/test_termui.py::test_progressbar_format_progress_line[0-False-True-0-  [--------]  0/0] PASSED [ 70%]
tests/test_termui.py::test_progressbar_format_progress_line[0-False-False-0-  [--------]0] PASSED [ 70%]
tests/test_termui.py::test_progressbar_format_progress_line[0-False-False-0-  [--------]1] PASSED [ 71%]
tests/test_termui.py::test_progressbar_format_progress_line[8-True-True-8-  [########]  8/8  100%] PASSED [ 71%]
tests/test_termui.py::test_progressbar_format_progress_line_with_show_func[test] PASSED [ 71%]
tests/test_termui.py::test_progressbar_format_progress_line_with_show_func[None] PASSED [ 71%]
tests/test_termui.py::test_progressbar_init_exceptions PASSED            [ 71%]
tests/test_termui.py::test_progressbar_iter_outside_with_exceptions PASSED [ 71%]
tests/test_termui.py::test_progressbar_is_iterator PASSED                [ 71%]
tests/test_termui.py::test_choices_list_in_prompt PASSED                 [ 71%]
tests/test_termui.py::test_file_prompt_default_format[file_kwargs0] PASSED [ 71%]
tests/test_termui.py::test_file_prompt_default_format[file_kwargs1] PASSED [ 72%]
tests/test_termui.py::test_file_prompt_default_format[file_kwargs2] PASSED [ 72%]
tests/test_termui.py::test_secho PASSED                                  [ 72%]
tests/test_termui.py::test_secho_non_text[123-\x1b[45m123\x1b[0m] PASSED [ 72%]
tests/test_termui.py::test_secho_non_text[test-test] PASSED              [ 72%]
tests/test_termui.py::test_progressbar_yields_all_items PASSED           [ 72%]
tests/test_termui.py::test_progressbar_update PASSED                     [ 72%]
tests/test_termui.py::test_progressbar_item_show_func PASSED             [ 72%]
tests/test_termui.py::test_progressbar_update_with_item_show_func PASSED [ 72%]
tests/test_termui.py::test_progress_bar_update_min_steps PASSED          [ 73%]
tests/test_termui.py::test_getchar_windows[True-h] SKIPPED (Tests us...) [ 73%]
tests/test_termui.py::test_getchar_windows[True-H] SKIPPED (Tests us...) [ 73%]
tests/test_termui.py::test_getchar_windows[True-\xe9] SKIPPED (Tests...) [ 73%]
tests/test_termui.py::test_getchar_windows[True-\xc0] SKIPPED (Tests...) [ 73%]
tests/test_termui.py::test_getchar_windows[True- ] SKIPPED (Tests us...) [ 73%]
tests/test_termui.py::test_getchar_windows[True-\u5b57] SKIPPED (Tes...) [ 73%]
tests/test_termui.py::test_getchar_windows[True-\xe0H] SKIPPED (Test...) [ 73%]
tests/test_termui.py::test_getchar_windows[True-\xe0R] SKIPPED (Test...) [ 73%]
tests/test_termui.py::test_getchar_windows[False-h] SKIPPED (Tests u...) [ 74%]
tests/test_termui.py::test_getchar_windows[False-H] SKIPPED (Tests u...) [ 74%]
tests/test_termui.py::test_getchar_windows[False-\xe9] SKIPPED (Test...) [ 74%]
tests/test_termui.py::test_getchar_windows[False-\xc0] SKIPPED (Test...) [ 74%]
tests/test_termui.py::test_getchar_windows[False- ] SKIPPED (Tests u...) [ 74%]
tests/test_termui.py::test_getchar_windows[False-\u5b57] SKIPPED (Te...) [ 74%]
tests/test_termui.py::test_getchar_windows[False-\xe0H] SKIPPED (Tes...) [ 74%]
tests/test_termui.py::test_getchar_windows[False-\xe0R] SKIPPED (Tes...) [ 74%]
tests/test_termui.py::test_getchar_special_key_windows[\x00-a] SKIPPED   [ 74%]
tests/test_termui.py::test_getchar_special_key_windows[\x00-b] SKIPPED   [ 75%]
tests/test_termui.py::test_getchar_special_key_windows[\xe0-c] SKIPPED   [ 75%]
tests/test_termui.py::test_getchar_windows_exceptions[\x03-KeyboardInterrupt] SKIPPED [ 75%]
tests/test_termui.py::test_getchar_windows_exceptions[\x1a-EOFError] SKIPPED [ 75%]
tests/test_termui.py::test_fast_edit PASSED                              [ 75%]
tests/test_termui.py::test_edit PASSED                                   [ 75%]
tests/test_termui.py::test_prompt_required_with_required[True-False-None-prompt] PASSED [ 75%]
tests/test_termui.py::test_prompt_required_with_required[True-False-args1-Option '-v' requires an argument.] PASSED [ 75%]
tests/test_termui.py::test_prompt_required_with_required[False-True-None-prompt] PASSED [ 75%]
tests/test_termui.py::test_prompt_required_with_required[False-True-args3-prompt] PASSED [ 75%]
tests/test_termui.py::test_prompt_required_false[no flag] PASSED         [ 76%]
tests/test_termui.py::test_prompt_required_false[short sep value] PASSED [ 76%]
tests/test_termui.py::test_prompt_required_false[long sep value] PASSED  [ 76%]
tests/test_termui.py::test_prompt_required_false[short join value] PASSED [ 76%]
tests/test_termui.py::test_prompt_required_false[long join value] PASSED [ 76%]
tests/test_termui.py::test_prompt_required_false[short no value] PASSED  [ 76%]
tests/test_termui.py::test_prompt_required_false[long no value] PASSED   [ 76%]
tests/test_termui.py::test_prompt_required_false[no value opt] PASSED    [ 76%]
tests/test_termui.py::test_confirmation_prompt[True-password\npassword-None-password] PASSED [ 76%]
tests/test_termui.py::test_confirmation_prompt[Confirm Password-password\npassword\n-None-password] PASSED [ 77%]
tests/test_termui.py::test_confirmation_prompt[True-\n\n--] PASSED       [ 77%]
tests/test_termui.py::test_confirmation_prompt[False-None-None-None] PASSED [ 77%]
tests/test_termui.py::test_false_show_default_cause_no_default_display_in_prompt PASSED [ 77%]
tests/test_testing.py::test_runner PASSED                                [ 77%]
tests/test_testing.py::test_echo_stdin_stream PASSED                     [ 77%]
tests/test_testing.py::test_echo_stdin_prompts PASSED                    [ 77%]
tests/test_testing.py::test_runner_with_stream PASSED                    [ 77%]
tests/test_testing.py::test_prompts PASSED                               [ 77%]
tests/test_testing.py::test_getchar PASSED                               [ 78%]
tests/test_testing.py::test_catch_exceptions PASSED                      [ 78%]
tests/test_testing.py::test_catch_exceptions_cli_runner PASSED           [ 78%]
tests/test_testing.py::test_with_color PASSED                            [ 78%]
tests/test_testing.py::test_with_color_errors PASSED                     [ 78%]
tests/test_testing.py::test_with_color_but_pause_not_blocking PASSED     [ 78%]
tests/test_testing.py::test_exit_code_and_output_from_sys_exit PASSED    [ 78%]
tests/test_testing.py::test_env PASSED                                   [ 78%]
tests/test_testing.py::test_stderr PASSED                                [ 78%]
tests/test_testing.py::test_args[None-bar\n] PASSED                      [ 79%]
tests/test_testing.py::test_args[args1-bar\n] PASSED                     [ 79%]
tests/test_testing.py::test_args[-bar\n] PASSED                          [ 79%]
tests/test_testing.py::test_args[args3-one two\n] PASSED                 [ 79%]
tests/test_testing.py::test_args[--foo "one two"-one two\n] PASSED       [ 79%]
tests/test_testing.py::test_setting_prog_name_in_extra PASSED            [ 79%]
tests/test_testing.py::test_command_standalone_mode_returns_value PASSED [ 79%]
tests/test_testing.py::test_file_stdin_attrs PASSED                      [ 79%]
tests/test_testing.py::test_isolated_runner PASSED                       [ 79%]
tests/test_testing.py::test_isolated_runner_custom_tempdir PASSED        [ 80%]
tests/test_testing.py::test_isolation_stderr_errors PASSED               [ 80%]
tests/test_testing.py::test_isolation_flushes_unflushed_stderr PASSED    [ 80%]
tests/test_types.py::test_range[type0-3-3] PASSED                        [ 80%]
tests/test_types.py::test_range[type1-5-5] PASSED                        [ 80%]
tests/test_types.py::test_range[type2-100-100] PASSED                    [ 80%]
tests/test_types.py::test_range[type3-5-5] PASSED                        [ 80%]
tests/test_types.py::test_range[type4--100--100] PASSED                  [ 80%]
tests/test_types.py::test_range[type5--1-0] PASSED                       [ 80%]
tests/test_types.py::test_range[type6-6-5] PASSED                        [ 80%]
tests/test_types.py::test_range[type7-0-1] PASSED                        [ 81%]
tests/test_types.py::test_range[type8-5-4] PASSED                        [ 81%]
tests/test_types.py::test_range[type9-1.2-1.2] PASSED                    [ 81%]
tests/test_types.py::test_range[type10-0.51-0.51] PASSED                 [ 81%]
tests/test_types.py::test_range[type11-1.49-1.49] PASSED                 [ 81%]
tests/test_types.py::test_range[type12--0.0-0.5] PASSED                  [ 81%]
tests/test_types.py::test_range[type13-inf-1.5] PASSED                   [ 81%]
tests/test_types.py::test_range_fail[type0-6-6 is not in the range 0<=x<=5.] PASSED [ 81%]
tests/test_types.py::test_range_fail[type1-4-4 is not in the range x>=5.] PASSED [ 81%]
tests/test_types.py::test_range_fail[type2-6-6 is not in the range x<=5.] PASSED [ 82%]
tests/test_types.py::test_range_fail[type3-0-0<x<=5] PASSED              [ 82%]
tests/test_types.py::test_range_fail[type4-5-0<=x<5] PASSED              [ 82%]
tests/test_types.py::test_range_fail[type5-0.5-x>0.5] PASSED             [ 82%]
tests/test_types.py::test_range_fail[type6-1.5-x<1.5] PASSED             [ 82%]
tests/test_types.py::test_float_range_no_clamp_open PASSED               [ 82%]
tests/test_types.py::test_cast_multi_default[2-False-None-None] PASSED   [ 82%]
tests/test_types.py::test_cast_multi_default[2-False-default1-expect1] PASSED [ 82%]
tests/test_types.py::test_cast_multi_default[None-True-None-expect2] PASSED [ 82%]
tests/test_types.py::test_cast_multi_default[None-True-default3-expect3] PASSED [ 83%]
tests/test_types.py::test_cast_multi_default[2-True-None-expect4] PASSED [ 83%]
tests/test_types.py::test_cast_multi_default[2-True-default5-expect5] PASSED [ 83%]
tests/test_types.py::test_cast_multi_default[-1-None-None-expect6] PASSED [ 83%]
tests/test_types.py::test_path_type[None-a/b/c.txt] PASSED               [ 83%]
tests/test_types.py::test_path_type[str-a/b/c.txt] PASSED                [ 83%]
tests/test_types.py::test_path_type[bytes-a/b/c.txt] PASSED              [ 83%]
tests/test_types.py::test_path_type[Path-expect3] PASSED                 [ 83%]
tests/test_types.py::test_path_resolve_symlink PASSED                    [ 83%]
tests/test_types.py::test_path_surrogates PASSED                         [ 84%]
tests/test_types.py::test_file_surrogates[type0] PASSED                  [ 84%]
tests/test_types.py::test_file_surrogates[type1] PASSED                  [ 84%]
tests/test_types.py::test_file_error_surrogates PASSED                   [ 84%]
tests/test_types.py::test_invalid_path_with_esc_sequence PASSED          [ 84%]
tests/test_types.py::test_choice_get_invalid_choice_message PASSED       [ 84%]
tests/test_utils.py::test_echo PASSED                                    [ 84%]
tests/test_utils.py::test_echo_custom_file PASSED                        [ 84%]
tests/test_utils.py::test_echo_no_streams PASSED                         [ 84%]
tests/test_utils.py::test_styling[styles0-\x1b[30mx y\x1b[0m] PASSED     [ 85%]
tests/test_utils.py::test_styling[styles1-\x1b[31mx y\x1b[0m] PASSED     [ 85%]
tests/test_utils.py::test_styling[styles2-\x1b[32mx y\x1b[0m] PASSED     [ 85%]
tests/test_utils.py::test_styling[styles3-\x1b[33mx y\x1b[0m] PASSED     [ 85%]
tests/test_utils.py::test_styling[styles4-\x1b[34mx y\x1b[0m] PASSED     [ 85%]
tests/test_utils.py::test_styling[styles5-\x1b[35mx y\x1b[0m] PASSED     [ 85%]
tests/test_utils.py::test_styling[styles6-\x1b[36mx y\x1b[0m] PASSED     [ 85%]
tests/test_utils.py::test_styling[styles7-\x1b[37mx y\x1b[0m] PASSED     [ 85%]
tests/test_utils.py::test_styling[styles8-\x1b[40mx y\x1b[0m] PASSED     [ 85%]
tests/test_utils.py::test_styling[styles9-\x1b[41mx y\x1b[0m] PASSED     [ 85%]
tests/test_utils.py::test_styling[styles10-\x1b[42mx y\x1b[0m] PASSED    [ 86%]
tests/test_utils.py::test_styling[styles11-\x1b[43mx y\x1b[0m] PASSED    [ 86%]
tests/test_utils.py::test_styling[styles12-\x1b[44mx y\x1b[0m] PASSED    [ 86%]
tests/test_utils.py::test_styling[styles13-\x1b[45mx y\x1b[0m] PASSED    [ 86%]
tests/test_utils.py::test_styling[styles14-\x1b[46mx y\x1b[0m] PASSED    [ 86%]
tests/test_utils.py::test_styling[styles15-\x1b[47mx y\x1b[0m] PASSED    [ 86%]
tests/test_utils.py::test_styling[styles16-\x1b[48;5;91mx y\x1b[0m] PASSED [ 86%]
tests/test_utils.py::test_styling[styles17-\x1b[48;2;135;0;175mx y\x1b[0m] PASSED [ 86%]
tests/test_utils.py::test_styling[styles18-\x1b[1mx y\x1b[0m] PASSED     [ 86%]
tests/test_utils.py::test_styling[styles19-\x1b[2mx y\x1b[0m] PASSED     [ 87%]
tests/test_utils.py::test_styling[styles20-\x1b[4mx y\x1b[0m] PASSED     [ 87%]
tests/test_utils.py::test_styling[styles21-\x1b[53mx y\x1b[0m] PASSED    [ 87%]
tests/test_utils.py::test_styling[styles22-\x1b[3mx y\x1b[0m] PASSED     [ 87%]
tests/test_utils.py::test_styling[styles23-\x1b[5mx y\x1b[0m] PASSED     [ 87%]
tests/test_utils.py::test_styling[styles24-\x1b[7mx y\x1b[0m] PASSED     [ 87%]
tests/test_utils.py::test_styling[styles25-\x1b[9mx y\x1b[0m] PASSED     [ 87%]
tests/test_utils.py::test_styling[styles26-\x1b[22mx y\x1b[0m] PASSED    [ 87%]
tests/test_utils.py::test_styling[styles27-\x1b[22mx y\x1b[0m] PASSED    [ 87%]
tests/test_utils.py::test_styling[styles28-\x1b[24mx y\x1b[0m] PASSED    [ 88%]
tests/test_utils.py::test_styling[styles29-\x1b[55mx y\x1b[0m] PASSED    [ 88%]
tests/test_utils.py::test_styling[styles30-\x1b[23mx y\x1b[0m] PASSED    [ 88%]
tests/test_utils.py::test_styling[styles31-\x1b[25mx y\x1b[0m] PASSED    [ 88%]
tests/test_utils.py::test_styling[styles32-\x1b[27mx y\x1b[0m] PASSED    [ 88%]
tests/test_utils.py::test_styling[styles33-\x1b[29mx y\x1b[0m] PASSED    [ 88%]
tests/test_utils.py::test_styling[styles34-\x1b[30mx y] PASSED           [ 88%]
tests/test_utils.py::test_unstyle_other_ansi[\x1b[?25lx y\x1b[?25h-x y] PASSED [ 88%]
tests/test_utils.py::test_filename_formatting PASSED                     [ 88%]
tests/test_utils.py::test_prompts PASSED                                 [ 89%]
tests/test_utils.py::test_confirm_repeat PASSED                          [ 89%]
tests/test_utils.py::test_prompts_abort PASSED                           [ 89%]
tests/test_utils.py::test_prompts_eof PASSED                             [ 89%]
tests/test_utils.py::test_echo_via_pager[test0-cat] PASSED               [ 89%]
tests/test_utils.py::test_echo_via_pager[test0-cat ] PASSED              [ 89%]
tests/test_utils.py::test_echo_via_pager[test0- cat ] PASSED             [ 89%]
tests/test_utils.py::test_echo_via_pager[test0-less] PASSED              [ 89%]
tests/test_utils.py::test_echo_via_pager[test0- less] PASSED             [ 89%]
tests/test_utils.py::test_echo_via_pager[test0- less ] PASSED            [ 90%]
tests/test_utils.py::test_echo_via_pager[test1-cat] PASSED               [ 90%]
tests/test_utils.py::test_echo_via_pager[test1-cat ] PASSED              [ 90%]
tests/test_utils.py::test_echo_via_pager[test1- cat ] PASSED             [ 90%]
tests/test_utils.py::test_echo_via_pager[test1-less] PASSED              [ 90%]
tests/test_utils.py::test_echo_via_pager[test1- less] PASSED             [ 90%]
tests/test_utils.py::test_echo_via_pager[test1- less ] PASSED            [ 90%]
tests/test_utils.py::test_echo_via_pager[test2-cat] PASSED               [ 90%]
tests/test_utils.py::test_echo_via_pager[test2-cat ] PASSED              [ 90%]
tests/test_utils.py::test_echo_via_pager[test2- cat ] PASSED             [ 90%]
tests/test_utils.py::test_echo_via_pager[test2-less] PASSED              [ 91%]
tests/test_utils.py::test_echo_via_pager[test2- less] PASSED             [ 91%]
tests/test_utils.py::test_echo_via_pager[test2- less ] PASSED            [ 91%]
tests/test_utils.py::test_echo_via_pager[test3-cat] PASSED               [ 91%]
tests/test_utils.py::test_echo_via_pager[test3-cat ] PASSED              [ 91%]
tests/test_utils.py::test_echo_via_pager[test3- cat ] PASSED             [ 91%]
tests/test_utils.py::test_echo_via_pager[test3-less] PASSED              [ 91%]
tests/test_utils.py::test_echo_via_pager[test3- less] PASSED             [ 91%]
tests/test_utils.py::test_echo_via_pager[test3- less ] PASSED            [ 91%]
tests/test_utils.py::test_echo_via_pager[test4-cat] PASSED               [ 92%]
tests/test_utils.py::test_echo_via_pager[test4-cat ] PASSED              [ 92%]
tests/test_utils.py::test_echo_via_pager[test4- cat ] PASSED             [ 92%]
tests/test_utils.py::test_echo_via_pager[test4-less] PASSED              [ 92%]
tests/test_utils.py::test_echo_via_pager[test4- less] PASSED             [ 92%]
tests/test_utils.py::test_echo_via_pager[test4- less ] PASSED            [ 92%]
tests/test_utils.py::test_echo_via_pager[test5-cat] PASSED               [ 92%]
tests/test_utils.py::test_echo_via_pager[test5-cat ] PASSED              [ 92%]
tests/test_utils.py::test_echo_via_pager[test5- cat ] PASSED             [ 92%]
tests/test_utils.py::test_echo_via_pager[test5-less] PASSED              [ 93%]
tests/test_utils.py::test_echo_via_pager[test5- less] PASSED             [ 93%]
tests/test_utils.py::test_echo_via_pager[test5- less ] PASSED            [ 93%]
tests/test_utils.py::test_echo_via_pager[test6-cat] PASSED               [ 93%]
tests/test_utils.py::test_echo_via_pager[test6-cat ] PASSED              [ 93%]
tests/test_utils.py::test_echo_via_pager[test6- cat ] PASSED             [ 93%]
tests/test_utils.py::test_echo_via_pager[test6-less] PASSED              [ 93%]
tests/test_utils.py::test_echo_via_pager[test6- less] PASSED             [ 93%]
tests/test_utils.py::test_echo_via_pager[test6- less ] PASSED            [ 93%]
tests/test_utils.py::test_echo_via_pager[test7-cat] PASSED               [ 94%]
tests/test_utils.py::test_echo_via_pager[test7-cat ] PASSED              [ 94%]
tests/test_utils.py::test_echo_via_pager[test7- cat ] PASSED             [ 94%]
tests/test_utils.py::test_echo_via_pager[test7-less] PASSED              [ 94%]
tests/test_utils.py::test_echo_via_pager[test7- less] PASSED             [ 94%]
tests/test_utils.py::test_echo_via_pager[test7- less ] PASSED            [ 94%]
tests/test_utils.py::test_echo_via_pager[test8-cat] PASSED               [ 94%]
tests/test_utils.py::test_echo_via_pager[test8-cat ] PASSED              [ 94%]
tests/test_utils.py::test_echo_via_pager[test8- cat ] PASSED             [ 94%]
tests/test_utils.py::test_echo_via_pager[test8-less] PASSED              [ 95%]
tests/test_utils.py::test_echo_via_pager[test8- less] PASSED             [ 95%]
tests/test_utils.py::test_echo_via_pager[test8- less ] PASSED            [ 95%]
tests/test_utils.py::test_echo_via_pager[test9-cat] PASSED               [ 95%]
tests/test_utils.py::test_echo_via_pager[test9-cat ] PASSED              [ 95%]
tests/test_utils.py::test_echo_via_pager[test9- cat ] PASSED             [ 95%]
tests/test_utils.py::test_echo_via_pager[test9-less] PASSED              [ 95%]
tests/test_utils.py::test_echo_via_pager[test9- less] PASSED             [ 95%]
tests/test_utils.py::test_echo_via_pager[test9- less ] PASSED            [ 95%]
tests/test_utils.py::test_echo_color_flag PASSED                         [ 95%]
tests/test_utils.py::test_prompt_cast_default PASSED                     [ 96%]
tests/test_utils.py::test_echo_writing_to_standard_error PASSED          [ 96%]
tests/test_utils.py::test_echo_with_capsys PASSED                        [ 96%]
tests/test_utils.py::test_open_file PASSED                               [ 96%]
tests/test_utils.py::test_open_file_pathlib_dash PASSED                  [ 96%]
tests/test_utils.py::test_open_file_ignore_errors_stdin PASSED           [ 96%]
tests/test_utils.py::test_open_file_respects_ignore PASSED               [ 96%]
tests/test_utils.py::test_open_file_ignore_invalid_utf8 PASSED           [ 96%]
tests/test_utils.py::test_open_file_ignore_no_encoding PASSED            [ 96%]
tests/test_utils.py::test_open_file_atomic_permissions_existing_file[256] PASSED [ 97%]
tests/test_utils.py::test_open_file_atomic_permissions_existing_file[292] PASSED [ 97%]
tests/test_utils.py::test_open_file_atomic_permissions_existing_file[384] PASSED [ 97%]
tests/test_utils.py::test_open_file_atomic_permissions_existing_file[420] PASSED [ 97%]
tests/test_utils.py::test_open_file_atomic_permissions_new_file PASSED   [ 97%]
tests/test_utils.py::test_iter_keepopenfile PASSED                       [ 97%]
tests/test_utils.py::test_iter_lazyfile PASSED                           [ 97%]
tests/test_utils.py::test_detect_program_name[example.py-None-example.py] PASSED [ 97%]
tests/test_utils.py::test_detect_program_name[/foo/bar/example.py-None-example.py] PASSED [ 97%]
tests/test_utils.py::test_detect_program_name[example-None-example] PASSED [ 98%]
tests/test_utils.py::test_detect_program_name[example/__main__.py-example-python -m example] PASSED [ 98%]
tests/test_utils.py::test_detect_program_name[example/cli.py-example-python -m example.cli] PASSED [ 98%]
tests/test_utils.py::test_detect_program_name[example--example] PASSED   [ 98%]
tests/test_utils.py::test_expand_args PASSED                             [ 98%]
tests/test_utils.py::test_make_default_short_help[-empty] PASSED         [ 98%]
tests/test_utils.py::test_make_default_short_help[-equal length, no dot] PASSED [ 98%]
tests/test_utils.py::test_make_default_short_help[-sentence < max] PASSED [ 98%]
tests/test_utils.py::test_make_default_short_help[-paragraph < max] PASSED [ 98%]
tests/test_utils.py::test_make_default_short_help[-truncate] PASSED      [ 99%]
tests/test_utils.py::test_make_default_short_help[-length includes suffix] PASSED [ 99%]
tests/test_utils.py::test_make_default_short_help[-ignore dot in word] PASSED [ 99%]
tests/test_utils.py::test_make_default_short_help[no-wrap mark-empty] PASSED [ 99%]
tests/test_utils.py::test_make_default_short_help[no-wrap mark-equal length, no dot] PASSED [ 99%]
tests/test_utils.py::test_make_default_short_help[no-wrap mark-sentence < max] PASSED [ 99%]
tests/test_utils.py::test_make_default_short_help[no-wrap mark-paragraph < max] PASSED [ 99%]
tests/test_utils.py::test_make_default_short_help[no-wrap mark-truncate] PASSED [ 99%]
tests/test_utils.py::test_make_default_short_help[no-wrap mark-length includes suffix] PASSED [ 99%]
tests/test_utils.py::test_make_default_short_help[no-wrap mark-ignore dot in word] PASSED [100%]

=================================== FAILURES ===================================
__________________ test_choice_case_sensitive[False-expect0] ___________________
tests/test_shell_completion.py:466: in test_choice_case_sensitive
    assert completions == expect
E   AssertionError: assert ['au', 'al'] == ['Au', 'al']
E
E     At index 0 diff: 'au' != 'Au'
E
E     Full diff:
E       [
E     -     'Au',
E     ?      ^...
E
E     ...Full output truncated (4 lines hidden), use '-vv' to show
=========================== short test summary info ============================
FAILED tests/test_shell_completion.py::test_choice_case_sensitive[False-expect0]
============= 1 failed, 897 passed, 21 skipped, 1 xfailed in 2.57s =============
py3.11: exit 1 (2.99 seconds) /app> pytest -v --tb=short --basetemp=/app/.tox/py3.11/tmp pid=2189
  py3.11: FAIL code 1 (3.49=setup[0.50]+cmd[2.99] seconds)
  evaluation failed :( (3.60 seconds)
