** IDLE can't import Tkinter.
Your Python may not be configured for Tk. **
mainloop: caught unexpected SystemExit!
============================= test session starts ==============================
platform linux -- Python 3.10.12, pytest-8.4.1, pluggy-1.6.0
rootdir: /app
collected 17 items / 32 errors
INTERNALERROR> Traceback (most recent call last):
INTERNALERROR>   File "/app/Lib/idlelib/pyshell.py", line 8, in <module>
INTERNALERROR>     from tkinter import *
INTERNALERROR>   File "/app/Lib/tkinter/__init__.py", line 38, in <module>
INTERNALERROR>     import _tkinter # If this fails your Python may not be configured for Tk
INTERNALERROR> ModuleNotFoundError: No module named '_tkinter'
INTERNALERROR>
INTERNALERROR> During handling of the above exception, another exception occurred:
INTERNALERROR>
INTERNALERROR> Traceback (most recent call last):
INTERNALERROR>   File "/app/venv/lib/python3.10/site-packages/_pytest/main.py", line 289, in wrap_session
INTERNALERROR>     session.exitstatus = doit(config, session) or 0
INTERNALERROR>   File "/app/venv/lib/python3.10/site-packages/_pytest/main.py", line 342, in _main
INTERNALERROR>     config.hook.pytest_collection(session=session)
INTERNALERROR>   File "/app/venv/lib/python3.10/site-packages/pluggy/_hooks.py", line 512, in __call__
INTERNALERROR>     return self._hookexec(self.name, self._hookimpls.copy(), kwargs, firstresult)
INTERNALERROR>   File "/app/venv/lib/python3.10/site-packages/pluggy/_manager.py", line 120, in _hookexec
INTERNALERROR>     return self._inner_hookexec(hook_name, methods, kwargs, firstresult)
INTERNALERROR>   File "/app/venv/lib/python3.10/site-packages/pluggy/_callers.py", line 167, in _multicall
INTERNALERROR>     raise exception
INTERNALERROR>   File "/app/venv/lib/python3.10/site-packages/pluggy/_callers.py", line 139, in _multicall
INTERNALERROR>     teardown.throw(exception)
INTERNALERROR>   File "/app/venv/lib/python3.10/site-packages/_pytest/logging.py", line 788, in pytest_collection
INTERNALERROR>     return (yield)
INTERNALERROR>   File "/app/venv/lib/python3.10/site-packages/pluggy/_callers.py", line 139, in _multicall
INTERNALERROR>     teardown.throw(exception)
INTERNALERROR>   File "/app/venv/lib/python3.10/site-packages/_pytest/warnings.py", line 99, in pytest_collection
INTERNALERROR>     return (yield)
INTERNALERROR>   File "/app/venv/lib/python3.10/site-packages/pluggy/_callers.py", line 139, in _multicall
INTERNALERROR>     teardown.throw(exception)
INTERNALERROR>   File "/app/venv/lib/python3.10/site-packages/_pytest/config/__init__.py", line 1450, in pytest_collection
INTERNALERROR>     return (yield)
INTERNALERROR>   File "/app/venv/lib/python3.10/site-packages/pluggy/_callers.py", line 121, in _multicall
INTERNALERROR>     res = hook_impl.function(*args)
INTERNALERROR>   File "/app/venv/lib/python3.10/site-packages/_pytest/main.py", line 353, in pytest_collection
INTERNALERROR>     session.perform_collect()
INTERNALERROR>   File "/app/venv/lib/python3.10/site-packages/_pytest/main.py", line 813, in perform_collect
INTERNALERROR>     self.items.extend(self.genitems(node))
INTERNALERROR>   File "/app/venv/lib/python3.10/site-packages/_pytest/main.py", line 979, in genitems
INTERNALERROR>     yield from self.genitems(subnode)
INTERNALERROR>   File "/app/venv/lib/python3.10/site-packages/_pytest/main.py", line 979, in genitems
INTERNALERROR>     yield from self.genitems(subnode)
INTERNALERROR>   File "/app/venv/lib/python3.10/site-packages/_pytest/main.py", line 979, in genitems
INTERNALERROR>     yield from self.genitems(subnode)
INTERNALERROR>   [Previous line repeated 1 more time]
INTERNALERROR>   File "/app/venv/lib/python3.10/site-packages/_pytest/main.py", line 974, in genitems
INTERNALERROR>     rep, duplicate = self._collect_one_node(node, handle_dupes)
INTERNALERROR>   File "/app/venv/lib/python3.10/site-packages/_pytest/main.py", line 839, in _collect_one_node
INTERNALERROR>     rep = collect_one_node(node)
INTERNALERROR>   File "/app/venv/lib/python3.10/site-packages/_pytest/runner.py", line 567, in collect_one_node
INTERNALERROR>     rep: CollectReport = ihook.pytest_make_collect_report(collector=collector)
INTERNALERROR>   File "/app/venv/lib/python3.10/site-packages/pluggy/_hooks.py", line 512, in __call__
INTERNALERROR>     return self._hookexec(self.name, self._hookimpls.copy(), kwargs, firstresult)
INTERNALERROR>   File "/app/venv/lib/python3.10/site-packages/pluggy/_manager.py", line 120, in _hookexec
INTERNALERROR>     return self._inner_hookexec(hook_name, methods, kwargs, firstresult)
INTERNALERROR>   File "/app/venv/lib/python3.10/site-packages/pluggy/_callers.py", line 167, in _multicall
INTERNALERROR>     raise exception
INTERNALERROR>   File "/app/venv/lib/python3.10/site-packages/pluggy/_callers.py", line 139, in _multicall
INTERNALERROR>     teardown.throw(exception)
INTERNALERROR>   File "/app/venv/lib/python3.10/site-packages/_pytest/capture.py", line 880, in pytest_make_collect_report
INTERNALERROR>     rep = yield
INTERNALERROR>   File "/app/venv/lib/python3.10/site-packages/pluggy/_callers.py", line 121, in _multicall
INTERNALERROR>     res = hook_impl.function(*args)
INTERNALERROR>   File "/app/venv/lib/python3.10/site-packages/_pytest/runner.py", line 391, in pytest_make_collect_report
INTERNALERROR>     call = CallInfo.from_call(
INTERNALERROR>   File "/app/venv/lib/python3.10/site-packages/_pytest/runner.py", line 344, in from_call
INTERNALERROR>     result: TResult | None = func()
INTERNALERROR>   File "/app/venv/lib/python3.10/site-packages/_pytest/runner.py", line 389, in collect
INTERNALERROR>     return list(collector.collect())
INTERNALERROR>   File "/app/venv/lib/python3.10/site-packages/_pytest/python.py", line 554, in collect
INTERNALERROR>     self._register_setup_module_fixture()
INTERNALERROR>   File "/app/venv/lib/python3.10/site-packages/_pytest/python.py", line 567, in _register_setup_module_fixture
INTERNALERROR>     self.obj, ("setUpModule", "setup_module")
INTERNALERROR>   File "/app/venv/lib/python3.10/site-packages/_pytest/python.py", line 280, in obj
INTERNALERROR>     self._obj = obj = self._getobj()
INTERNALERROR>   File "/app/venv/lib/python3.10/site-packages/_pytest/python.py", line 551, in _getobj
INTERNALERROR>     return importtestmodule(self.path, self.config)
INTERNALERROR>   File "/app/venv/lib/python3.10/site-packages/_pytest/python.py", line 498, in importtestmodule
INTERNALERROR>     mod = import_path(
INTERNALERROR>   File "/app/venv/lib/python3.10/site-packages/_pytest/pathlib.py", line 587, in import_path
INTERNALERROR>     importlib.import_module(module_name)
INTERNALERROR>   File "/usr/lib/python3.10/importlib/__init__.py", line 126, in import_module
INTERNALERROR>     return _bootstrap._gcd_import(name[level:], package, level)
INTERNALERROR>   File "<frozen importlib._bootstrap>", line 1050, in _gcd_import
INTERNALERROR>   File "<frozen importlib._bootstrap>", line 1027, in _find_and_load
INTERNALERROR>   File "<frozen importlib._bootstrap>", line 1006, in _find_and_load_unlocked
INTERNALERROR>   File "<frozen importlib._bootstrap>", line 688, in _load_unlocked
INTERNALERROR>   File "/app/venv/lib/python3.10/site-packages/_pytest/assertion/rewrite.py", line 186, in exec_module
INTERNALERROR>     exec(co, module.__dict__)
INTERNALERROR>   File "/app/Lib/idlelib/idle_test/test_pyshell.py", line 4, in <module>
INTERNALERROR>     from idlelib import pyshell
INTERNALERROR>   File "/app/Lib/idlelib/pyshell.py", line 12, in <module>
INTERNALERROR>     raise SystemExit(1)
INTERNALERROR> SystemExit: 1

============================== 32 errors in 3.31s ==============================
