info: syncing channel updates for 'nightly-2025-08-01-x86_64-unknown-linux-gnu'
info: latest update on 2025-08-01, rust version 1.90.0-nightly (adcb3d3b4 2025-07-31)
info: downloading component 'cargo'
info: downloading component 'clippy'
info: downloading component 'llvm-tools'
info: downloading component 'rust-docs'
info: downloading component 'rust-src'
info: downloading component 'rust-std'
info: downloading component 'rustc'
info: downloading component 'rustfmt'
info: installing component 'cargo'
info: installing component 'clippy'
info: installing component 'llvm-tools'
info: installing component 'rust-docs'
info: installing component 'rust-src'
info: installing component 'rust-std'
info: installing component 'rustc'
info: installing component 'rustfmt'
    Updating git repository `https://github.com/Nero5023/perf-event.git`
    Updating crates.io index
    Updating git repository `https://github.com/facebookexperimental/rust-shed`
    Updating git repository `https://github.com/krallin/probminhash`
     Locking 663 packages to latest compatible versions
      Adding annotate-snippets v0.9.2 (available: v0.12.4)
      Adding atomic v0.5.3 (available: v0.6.1)
      Adding base64 v0.21.7 (available: v0.22.1)
      Adding bincode v1.3.3 (available: v2.0.1)
      Adding compact_str v0.8.1 (available: v0.9.0)
      Adding console v0.15.11 (available: v0.16.1)
      Adding constant_time_eq v0.2.6 (available: v0.4.2)
      Adding convert_case v0.4.0 (available: v0.8.0)
      Adding crossterm v0.27.0 (available: v0.29.0)
      Adding ctor v0.1.26 (available: v0.5.0)
      Adding dashmap v5.5.3 (available: v6.1.0)
      Adding derive_more v1.0.0 (available: v2.0.1)
      Adding dirs v3.0.2 (available: v6.0.0)
      Adding enum-iterator v1.5.0 (available: v2.3.0)
      Adding erased-serde v0.3.31 (available: v0.4.8)
      Adding fancy-regex v0.14.0 (available: v0.16.2)
      Adding fs4 v0.9.1 (available: v0.13.1)
      Adding futures-intrusive v0.4.2 (available: v0.5.0)
      Adding hashbrown v0.14.5 (available: v0.16.0)
      Adding hostname v0.3.1 (available: v0.4.1)
      Adding hyper-rustls v0.26.0 (available: v0.27.7)
      Adding inferno v0.11.21 (available: v0.12.3)
      Adding ipnetwork v0.20.0 (available: v0.21.1)
      Adding itertools v0.13.0 (available: v0.14.0)
      Adding lalrpop v0.19.12 (available: v0.22.2)
      Adding lalrpop-util v0.19.12 (available: v0.22.2)
      Adding lru v0.12.5 (available: v0.16.1)
      Adding lsp-types v0.94.1 (available: v0.97.0)
      Adding memmap2 v0.5.10 (available: v0.9.8)
      Adding memoffset v0.6.5 (available: v0.9.1)
      Adding multimap v0.8.3 (available: v0.10.1)
      Adding notify v5.0.0 (available: v5.2.0)
      Adding object v0.36.7 (available: v0.37.3)
      Adding os_str_bytes v6.6.1 (available: v7.1.1)
      Adding parking_lot v0.11.2 (available: v0.12.5)
      Adding pin-project v0.4.30 (available: v1.1.10)
      Adding prost v0.13.5 (available: v0.14.1)
      Adding prost-types v0.13.5 (available: v0.14.1)
      Adding psutil v3.3.0 (available: v5.4.0)
      Adding rand v0.8.5 (available: v0.9.2)
      Adding rand_chacha v0.3.1 (available: v0.9.0)
      Adding rand_distr v0.4.3 (available: v0.5.1)
      Adding relative-path v1.9.3 (available: v2.0.1)
      Adding rusqlite v0.36.0 (available: v0.37.0)
      Adding rustls v0.22.4 (available: v0.23.32)
      Adding rustls-pemfile v1.0.4 (available: v2.2.0)
      Adding rustyline v14.0.0 (available: v17.0.2)
      Adding siphasher v0.3.11 (available: v1.0.1)
      Adding strsim v0.10.0 (available: v0.11.1)
      Adding strum v0.26.3 (available: v0.27.2)
      Adding sync_wrapper v0.1.2 (available: v1.0.2)
      Adding sysinfo v0.35.2 (available: v0.37.2)
      Adding termimad v0.30.1 (available: v0.34.0)
      Adding textwrap v0.11.0 (available: v0.16.2)
      Adding thiserror v1.0.69 (available: v2.0.17)
      Adding tokio-rustls v0.25.0 (available: v0.26.4)
      Adding tokio-util v0.6.10 (available: v0.7.16)
      Adding tonic v0.12.3 (available: v0.14.2)
      Adding tonic-build v0.12.3 (available: v0.14.2)
      Adding tower v0.4.13 (available: v0.5.2)
      Adding twox-hash v1.6.3 (available: v2.1.2)
      Adding uuid v1.17.0 (available: v1.18.1)
      Adding x509-parser v0.14.0 (available: v0.18.0)
      Adding xattr v0.2.3 (available: v1.6.1)
 Downloading crates ...
  Downloaded anstyle v1.0.13
  Downloaded anstream v0.6.21
  Downloaded crossbeam-epoch v0.9.18
  Downloaded allocator-api2 v0.2.21
  Downloaded deranged v0.5.4
  Downloaded data-encoding v2.9.0
  Downloaded dirs v3.0.2
  Downloaded hyper-rustls v0.26.0
  Downloaded httparse v1.10.1
  Downloaded inotify v0.9.6
  Downloaded idna v1.1.0
  Downloaded fixedbitset v0.4.2
  Downloaded fbinit v0.2.0
  Downloaded env_filter v0.1.3
  Downloaded lab v0.11.0
  Downloaded filedescriptor v0.8.3
  Downloaded foldhash v0.1.5
  Downloaded lazy-regex v3.4.1
  Downloaded fnv v1.0.7
  Downloaded indoc v2.0.6
  Downloaded logos-derive v0.15.1
  Downloaded memmem v0.1.1
  Downloaded log v0.4.28
  Downloaded instant v0.1.13
  Downloaded nibble_vec v0.1.0
  Downloaded nu-ansi-term v0.50.1
  Downloaded phf_shared v0.11.3
  Downloaded pest_meta v2.8.3
  Downloaded pin-project-internal v1.1.10
  Downloaded parking_lot v0.11.2
  Downloaded rand_core v0.6.4
  Downloaded pin-project-internal v0.4.30
  Downloaded percent-encoding v2.3.2
  Downloaded rand_chacha v0.3.1
  Downloaded schemafy_core v0.5.2
  Downloaded rand_chacha v0.9.0
  Downloaded rustls-pemfile v1.0.4
  Downloaded serde_bser v0.4.0
  Downloaded siphasher v0.3.11
  Downloaded signal-hook-registry v1.4.6
  Downloaded strict v0.2.0
  Downloaded threadpool v1.8.1
  Downloaded thread_local v1.1.9
  Downloaded time-macros v0.2.24
  Downloaded tokio-stream v0.1.17
  Downloaded try-lock v0.2.5
  Downloaded tracing-serde v0.2.0
  Downloaded textwrap v0.11.0
  Downloaded typed-arena v2.0.2
  Downloaded want v0.3.1
  Downloaded synstructure v0.13.2
  Downloaded untrusted v0.9.0
  Downloaded vtparse v0.6.2
  Downloaded walkdir v2.5.0
  Downloaded wezterm-dynamic-derive v0.1.1
  Downloaded zerofrom-derive v0.1.6
  Downloaded zerofrom v0.1.6
  Downloaded wyhash v0.5.0
  Downloaded tar v0.4.44
  Downloaded wezterm-color-types v0.3.0
  Downloaded zerovec-derive v0.11.1
  Downloaded xattr v1.6.1
  Downloaded unicode-ident v1.0.19
  Downloaded zeroize v1.8.2
  Downloaded uuid v1.17.0
  Downloaded zstd-safe v7.2.4
  Downloaded zstd v0.13.3
  Downloaded webpki v0.22.4
  Downloaded url v2.5.7
  Downloaded wezterm-bidi v0.2.3
  Downloaded regex-syntax v0.6.29
  Downloaded unicode-segmentation v1.12.0
  Downloaded serde_json v1.0.145
  Downloaded tokio-util v0.7.16
  Downloaded zerotrie v0.2.2
  Downloaded rustls-webpki v0.102.8
  Downloaded radix_trie v0.2.1
  Downloaded zerovec v0.11.4
  Downloaded syn v1.0.109
  Downloaded tracing-subscriber v0.3.20
  Downloaded vcpkg v0.2.15
  Downloaded zerocopy v0.8.27
  Downloaded unicode-width v0.1.14
  Downloaded unicode-width v0.2.2
  Downloaded webpki-roots v1.0.3
  Downloaded rustix v0.38.44
  Downloaded termimad v0.30.1
  Downloaded termwiz v0.23.3
  Downloaded rustix v1.1.2
  Downloaded rustls v0.23.32
  Downloaded rustls v0.22.4
  Downloaded regex-automata v0.4.11
  Downloaded syn v2.0.106
  Downloaded sysinfo v0.35.2
  Downloaded object v0.37.3
  Downloaded x509-parser v0.14.0
  Downloaded winnow v0.7.13
  Downloaded time v0.3.44
  Downloaded object v0.36.7
  Downloaded tokio v1.47.1
  Downloaded petgraph v0.6.5
  Downloaded petgraph v0.7.1
  Downloaded regex-syntax v0.8.6
  Downloaded rayon v1.11.0
  Downloaded nix v0.30.1
  Downloaded nix v0.24.3
  Downloaded tower v0.5.2
  Downloaded tower v0.4.13
  Downloaded tonic v0.12.3
  Downloaded regex v1.11.3
  Downloaded tracing v0.1.41
  Downloaded toml_edit v0.23.6
  Downloaded tokio-util v0.6.10
  Downloaded typenum v1.19.0
  Downloaded rustyline v14.0.0
  Downloaded tikv-jemalloc-sys v0.6.0+5.3.0-1-ge13ca993e8ccb9ba9847cc330696e02839f328f7
  Downloaded twox-hash v2.1.2
  Downloaded writeable v0.6.1
  Downloaded watchman_client v0.9.0
  Downloaded ucd-trie v0.1.7
  Downloaded yoke v0.8.0
  Downloaded xattr v0.2.3
  Downloaded zstd-sys v2.0.16+zstd.1.5.7
  Downloaded utf8parse v0.2.2
  Downloaded unicase v2.8.1
  Downloaded rustls-webpki v0.103.7
  Downloaded quick-xml v0.38.3
  Downloaded linux-raw-sys v0.11.0
  Downloaded whoami v1.6.1
  Downloaded ring v0.17.14
  Downloaded wezterm-input-types v0.1.0
  Downloaded logos v0.15.1
  Downloaded webpki-roots v0.26.11
  Downloaded pest v2.8.3
  Downloaded yoke-derive v0.8.0
  Downloaded wezterm-dynamic v0.2.1
  Downloaded utf8_iter v1.0.4
  Downloaded wezterm-blob-leases v0.1.1
  Downloaded tempfile v3.23.0
  Downloaded serde_derive v1.0.228
  Downloaded rusqlite v0.36.0
  Downloaded pulldown-cmark v0.12.2
  Downloaded tokio-rustls v0.25.0
  Downloaded version_check v0.9.5
  Downloaded unescape v0.1.0
  Downloaded triomphe v0.1.15
  Downloaded tracing-core v0.1.34
  Downloaded toml_parser v1.0.3
  Downloaded tokio-macros v2.5.0
  Downloaded unicode-xid v0.2.6
  Downloaded term v0.7.0
  Downloaded linux-raw-sys v0.4.15
  Downloaded quick-xml v0.26.0
  Downloaded strum_macros v0.26.4
  Downloaded serde_core v1.0.228
  Downloaded time-core v0.1.6
  Downloaded tikv-jemallocator v0.6.0
  Downloaded thiserror v1.0.69
  Downloaded termios v0.3.3
  Downloaded rustls-pki-types v1.12.0
  Downloaded rand v0.9.2
  Downloaded twox-hash v1.6.3
  Downloaded tracing-attributes v0.1.30
  Downloaded toml_datetime v0.7.2
  Downloaded serde v1.0.228
  Downloaded ruzstd v0.7.3
  Downloaded rayon-core v1.13.0
  Downloaded lalrpop v0.19.12
  Downloaded sys-info v0.9.1
  Downloaded tracing-log v0.2.0
  Downloaded tonic-build v0.12.3
  Downloaded synstructure v0.12.6
  Downloaded subtle v2.6.1
  Downloaded strsim v0.11.1
  Downloaded string_cache v0.8.9
  Downloaded rand_distr v0.5.1
  Downloaded rand v0.8.5
  Downloaded tower-service v0.3.3
  Downloaded protoc-bin-vendored-macos-aarch_64 v3.2.0
  Downloaded tower-layer v0.3.3
  Downloaded take_mut v0.2.2
  Downloaded sync_wrapper v0.1.2
  Downloaded protoc-bin-vendored-macos-x86_64 v3.2.0
  Downloaded strsim v0.10.0
  Downloaded rustversion v1.0.22
  Downloaded rustls-native-certs v0.7.3
  Downloaded nom v8.0.0
  Downloaded nix v0.29.0
  Downloaded gimli v0.32.3
  Downloaded tokio-rustls v0.26.4
  Downloaded tinystr v0.8.1
  Downloaded tiny-keccak v2.0.2
  Downloaded terminfo v0.9.0
  Downloaded sync_wrapper v1.0.2
  Downloaded strum v0.26.3
  Downloaded serde_repr v0.1.20
  Downloaded serde_bytes v0.11.19
  Downloaded rustls-native-certs v0.8.1
  Downloaded itertools v0.13.0
  Downloaded socket2 v0.6.0
  Downloaded socket2 v0.5.10
  Downloaded thiserror-impl v1.0.69
  Downloaded terminal_size v0.4.3
  Downloaded term_size v0.3.2
  Downloaded str_stack v0.1.0
  Downloaded stable_deref_trait v1.2.0
  Downloaded slab v0.4.11
  Downloaded siphasher v1.0.1
  Downloaded signal-hook v0.3.18
  Downloaded psutil v3.3.0
  Downloaded smallvec v1.15.1
  Downloaded static_assertions v1.1.0
  Downloaded sharded-slab v0.1.7
  Downloaded sha2 v0.10.9
  Downloaded schemafy v0.5.2
  Downloaded ryu v1.0.20
  Downloaded rusticata-macros v4.1.0
  Downloaded rustc_version v0.4.1
  Downloaded ref-cast-impl v1.0.25
  Downloaded rand_xoshiro v0.7.0
  Downloaded rand_xorshift v0.4.0
  Downloaded prost-build v0.13.5
  Downloaded prost v0.13.5
  Downloaded plist v1.8.0
  Downloaded signal-hook-mio v0.2.4
  Downloaded shlex v1.3.0
  Downloaded ref-cast v1.0.25
  Downloaded rand_xoshiro v0.6.0
  Downloaded quote v1.0.41
  Downloaded prost-types v0.13.5
  Downloaded proc-macro2 v1.0.101
  Downloaded prettyplease v0.2.37
  Downloaded protoc-bin-vendored-linux-aarch_64 v3.2.0
  Downloaded num-bigint v0.4.6
  Downloaded protoc-bin-vendored-linux-x86_64 v3.2.0
  Downloaded nix v0.28.0
  Downloaded protoc-bin-vendored-win32 v3.2.0
  Downloaded libm v0.2.15
  Downloaded simd-adler32 v0.3.7
  Downloaded sha1 v0.10.6
  Downloaded quickcheck v1.0.3
  Downloaded sequence_trie v0.3.6
  Downloaded semver v1.0.27
  Downloaded scopeguard v1.2.0
  Downloaded schemafy_lib v0.5.2
  Downloaded same-file v1.0.6
  Downloaded rustls-pemfile v2.2.0
  Downloaded rustc-hash v2.1.1
  Downloaded rustc-demangle v0.1.26
  Downloaded protoc-bin-vendored-linux-ppcle_64 v3.2.0
  Downloaded platforms v2.0.0
  Downloaded rgb v0.8.52
  Downloaded relative-path v1.9.3
  Downloaded rand_core v0.9.3
  Downloaded prost-derive v0.13.5
  Downloaded jiff v0.2.15
  Downloaded proc-macro-crate v3.4.0
  Downloaded potential_utf v0.1.3
  Downloaded pkg-config v0.3.32
  Downloaded pin-utils v0.1.0
  Downloaded libc v0.2.176
  Downloaded pulldown-cmark-to-cmark v20.0.1
  Downloaded pin-project v0.4.30
  Downloaded phf v0.11.3
  Downloaded pest_derive v2.8.3
  Downloaded nom v7.1.3
  Downloaded minimal-lexical v0.2.1
  Downloaded itertools v0.10.5
  Downloaded mio v1.0.4
  Downloaded miniz_oxide v0.8.9
  Downloaded hashbrown v0.16.0
  Downloaded hashbrown v0.14.5
  Downloaded paste v1.0.15
  Downloaded mio v0.8.11
  Downloaded memchr v2.7.6
  Downloaded futures-intrusive v0.4.2
  Downloaded parking_lot_core v0.8.6
  Downloaded num_cpus v1.17.0
  Downloaded protoc-bin-vendored-linux-x86_32 v3.2.0
  Downloaded num-traits v0.2.19
  Downloaded lsp-types v0.94.1
  Downloaded http v1.3.1
  Downloaded futures v0.1.31
  Downloaded protoc-bin-vendored v3.2.0
  Downloaded precomputed-hash v0.1.1
  Downloaded protoc-bin-vendored-linux-s390_64 v3.2.0
  Downloaded ppv-lite86 v0.2.21
  Downloaded powerfmt v0.2.0
  Downloaded pin-project-lite v0.2.16
  Downloaded pin-project v1.1.10
  Downloaded phf_generator v0.11.3
  Downloaded phf_codegen v0.11.3
  Downloaded pest_generator v2.8.3
  Downloaded pathdiff v0.2.3
  Downloaded parking_lot_core v0.9.12
  Downloaded parking_lot v0.12.5
  Downloaded minimad v0.13.1
  Downloaded hyper-util v0.1.17
  Downloaded hashbrown v0.12.3
  Downloaded ordered-float v4.6.0
  Downloaded once_cell v1.21.3
  Downloaded memoffset v0.6.5
  Downloaded phf_macros v0.11.3
  Downloaded os_str_bytes v7.1.1
  Downloaded openssl-probe v0.1.6
  Downloaded oid-registry v0.6.1
  Downloaded num_enum v0.7.4
  Downloaded num-rational v0.4.2
  Downloaded mime v0.3.17
  Downloaded num_enum_derive v0.7.4
  Downloaded num-iter v0.1.45
  Downloaded num-integer v0.1.46
  Downloaded num-format v0.4.4
  Downloaded lazy-regex-proc_macros v3.4.1
  Downloaded itertools v0.14.0
  Downloaded os_str_bytes v6.6.1
  Downloaded num-derive v0.4.2
  Downloaded num-conv v0.1.0
  Downloaded num-complex v0.4.6
  Downloaded num v0.4.3
  Downloaded nom-language v0.1.0
  Downloaded new_debug_unreachable v1.0.6
  Downloaded murmur3 v0.5.2
  Downloaded multimap v0.10.1
  Downloaded multimap v0.8.3
  Downloaded matchit v0.7.3
  Downloaded match_cfg v0.1.0
  Downloaded maplit v1.0.2
  Downloaded mac_address v1.1.8
  Downloaded lru v0.12.5
  Downloaded lock_api v0.4.14
  Downloaded libsqlite3-sys v0.34.0
  Downloaded linkme-impl v0.3.35
  Downloaded inferno v0.11.21
  Downloaded indexmap v2.11.4
  Downloaded icu_properties_data v2.0.1
  Downloaded finl_unicode v1.4.0
  Downloaded notify v5.0.0
  Downloaded memoffset v0.9.1
  Downloaded memmap2 v0.5.10
  Downloaded matchers v0.2.0
  Downloaded lsp-server v0.7.9
  Downloaded logos-codegen v0.15.1
  Downloaded litrs v0.4.2
  Downloaded linkme v0.3.35
  Downloaded linked-hash-map v0.5.6
  Downloaded lazy_static v1.5.0
  Downloaded lalrpop-util v0.19.12
  Downloaded katexit v0.1.5
  Downloaded jobserver v0.1.34
  Downloaded itoa v1.0.15
  Downloaded is_terminal_polyfill v1.70.1
  Downloaded inventory v0.3.21
  Downloaded internment v0.8.6
  Downloaded getrandom v0.2.16
  Downloaded flate2 v1.1.4
  Downloaded fancy-regex v0.14.0
  Downloaded elf v0.8.0
  Downloaded derive_more v2.0.1
  Downloaded litemap v0.8.0
  Downloaded is_proc_translated v0.1.1
  Downloaded ipnetwork v0.20.0
  Downloaded icu_locale_core v2.0.0
  Downloaded hyper-proxy2 v0.1.0
  Downloaded hashlink v0.10.0
  Downloaded globset v0.4.16
  Downloaded getrandom v0.3.3
  Downloaded fxhash v0.2.1
  Downloaded futures-sink v0.3.31
  Downloaded futures-io v0.3.31
  Downloaded fs4 v0.9.1
  Downloaded fancy-regex v0.11.0
  Downloaded derive_more-impl v1.0.0
  Downloaded csv v1.3.1
  Downloaded inotify-sys v0.1.5
  Downloaded generic-array v0.14.7
  Downloaded futures-task v0.3.31
  Downloaded is-terminal v0.4.16
  Downloaded indexmap v1.9.3
  Downloaded indent_write v2.2.0
  Downloaded icu_normalizer_data v2.0.0
  Downloaded chrono v0.4.42
  Downloaded idna_adapter v1.2.1
  Downloaded icu_properties v2.0.1
  Downloaded icu_normalizer v2.0.0
  Downloaded icu_collections v2.0.0
  Downloaded hyperlocal v0.9.1
  Downloaded humantime v2.3.0
  Downloaded httpdate v1.0.3
  Downloaded hostname v0.3.1
  Downloaded home v0.5.11
  Downloaded heck v0.5.0
  Downloaded futures-core v0.3.31
  Downloaded form_urlencoded v1.2.2
  Downloaded crossterm v0.29.0
  Downloaded coolor v1.1.0
  Downloaded clap_builder v4.5.48
  Downloaded blake3 v1.8.2
  Downloaded icu_provider v2.0.0
  Downloaded hyper-timeout v0.5.2
  Downloaded http-body v1.0.1
  Downloaded futures-channel v0.3.31
  Downloaded futures v0.3.31
  Downloaded euclid v0.22.11
  Downloaded deltae v0.3.2
  Downloaded crossbeam-channel v0.5.15
  Downloaded http-body-util v0.1.3
  Downloaded headers-core v0.3.0
  Downloaded filetime v0.2.26
  Downloaded fd-lock v4.0.4
  Downloaded enum-map-derive v0.17.0
  Downloaded fallible-streaming-iterator v0.1.9
  Downloaded errno v0.3.14
  Downloaded env_logger v0.11.8
  Downloaded crossterm v0.27.0
  Downloaded axum v0.7.9
  Downloaded indenter v0.3.4
  Downloaded iana-time-zone v0.1.64
  Downloaded dirs-next v2.0.0
  Downloaded digest v0.10.7
  Downloaded const_format v0.2.35
  Downloaded clap_complete v4.5.58
  Downloaded cc v1.2.40
  Downloaded base64 v0.21.7
  Downloaded fbinit_macros v0.2.0
  Downloaded ena v0.14.3
  Downloaded displaydoc v0.2.5
  Downloaded crossbeam-utils v0.8.21
  Downloaded crokey v1.3.0
  Downloaded compact_str v0.8.1
  Downloaded clap v4.5.48
  Downloaded base64 v0.22.1
  Downloaded faccess v0.2.4
  Downloaded enum-map v2.7.3
  Downloaded enum-iterator v1.5.0
  Downloaded csv-core v0.1.12
  Downloaded dirs-sys-next v0.1.2
  Downloaded diff v0.1.13
  Downloaded ctor v0.1.26
  Downloaded csscolorparser v0.6.2
  Downloaded crypto-common v0.1.6
  Downloaded crossbeam-queue v0.3.12
  Downloaded crossbeam-deque v0.8.6
  Downloaded crossbeam v0.8.4
  Downloaded cpufeatures v0.2.17
  Downloaded convert_case v0.7.1
  Downloaded convert_case v0.6.0
  Downloaded convert_case v0.4.0
  Downloaded constant_time_eq v0.2.6
  Downloaded const-random-macro v0.1.16
  Downloaded compression-codecs v0.4.31
  Downloaded clap_lex v0.7.5
  Downloaded clap_derive v4.5.47
  Downloaded bytesize v2.1.0
  Downloaded endian-type v0.1.2
  Downloaded crokey-proc_macros v1.3.0
  Downloaded constant_time_eq v0.3.1
  Downloaded const_format_proc_macros v0.2.34
  Downloaded console v0.15.11
  Downloaded compression-core v0.4.29
  Downloaded colorchoice v1.0.4
  Downloaded cfg-if v1.0.3
  Downloaded bytes v1.10.1
  Downloaded env_logger v0.8.4
  Downloaded dunce v1.0.5
  Downloaded document-features v0.2.11
  Downloaded crunchy v0.2.4
  Downloaded const-random v0.1.18
  Downloaded cfg_aliases v0.2.1
  Downloaded castaway v0.2.4
  Downloaded bstr v1.12.0
  Downloaded atomic-waker v1.1.2
  Downloaded fallible-iterator v0.3.0
  Downloaded equivalent v1.0.2
  Downloaded enum-iterator-derive v1.5.0
  Downloaded cfg_aliases v0.1.1
  Downloaded bytemuck v1.24.0
  Downloaded bit-set v0.5.3
  Downloaded async-recursion v1.1.1
  Downloaded ascii-canvas v3.0.0
  Downloaded either v1.15.0
  Downloaded byteorder v1.5.0
  Downloaded block-buffer v0.10.4
  Downloaded bitflags v1.3.2
  Downloaded async-trait v0.1.89
  Downloaded async-compression v0.4.32
  Downloaded arrayref v0.3.9
  Downloaded hyper v1.7.0
  Downloaded hashbrown v0.15.5
  Downloaded h2 v0.4.12
  Downloaded futures-util v0.3.31
  Downloaded derive_more-impl v2.0.1
  Downloaded bitflags v2.9.4
  Downloaded bit-vec v0.8.0
  Downloaded bincode v1.3.3
  Downloaded backtrace v0.3.76
  Downloaded axum-core v0.4.5
  Downloaded async-stream-impl v0.3.6
  Downloaded async-condvar-fair v1.0.1
  Downloaded arrayvec v0.7.6
  Downloaded argmin-math v0.4.0
  Downloaded anyhow v1.0.100
  Downloaded headers v0.4.1
  Downloaded der-parser v8.2.0
  Downloaded bumpalo v3.19.0
  Downloaded bit-vec v0.6.3
  Downloaded bit-set v0.8.0
  Downloaded base64 v0.13.1
  Downloaded argmin v0.10.0
  Downloaded arc-swap v1.7.1
  Downloaded anymap3 v1.0.1
  Downloaded hex v0.4.3
  Downloaded glob v0.3.3
  Downloaded futures-macro v0.3.31
  Downloaded futures-executor v0.3.31
  Downloaded fs-err v2.11.0
  Downloaded fixedbitset v0.5.7
  Downloaded find-msvc-tools v0.1.3
  Downloaded fastrand v2.3.0
  Downloaded erased-serde v0.3.31
  Downloaded dlv-list v0.5.2
  Downloaded dirs-sys v0.3.7
  Downloaded derive_more v1.0.0
  Downloaded derive_more v0.99.20
  Downloaded atomic v0.5.3
  Downloaded asn1-rs v0.5.2
  Downloaded derivative v2.2.0
  Downloaded debugserver-types v0.5.0
  Downloaded beef v0.5.2
  Downloaded async-scoped v0.9.0
  Downloaded asn1-rs-impl v0.1.0
  Downloaded dashmap v5.5.3
  Downloaded async-stream v0.3.6
  Downloaded anstyle-parse v0.2.7
  Downloaded atomic v0.6.1
  Downloaded asn1-rs-derive v0.4.0
  Downloaded argfile v0.2.1
  Downloaded anstyle-query v1.1.4
  Downloaded aho-corasick v1.1.3
  Downloaded ahash v0.8.12
  Downloaded Inflector v0.11.4
  Downloaded crc32fast v1.5.0
  Downloaded autocfg v1.5.0
  Downloaded annotate-snippets v0.9.2
  Downloaded adler2 v2.0.1
  Downloaded addr2line v0.25.1
   Compiling quote v1.0.41
   Compiling proc-macro2 v1.0.101
   Compiling unicode-ident v1.0.19
   Compiling libc v0.2.176
   Compiling cfg-if v1.0.3
   Compiling serde_core v1.0.228
   Compiling serde v1.0.228
   Compiling memchr v2.7.6
   Compiling log v0.4.28
   Compiling anyhow v1.0.100
   Compiling autocfg v1.5.0
   Compiling either v1.15.0
   Compiling once_cell v1.21.3
   Compiling rustix v1.1.2
   Compiling parking_lot_core v0.9.12
   Compiling regex-syntax v0.8.6
   Compiling itoa v1.0.15
   Compiling scopeguard v1.2.0
   Compiling pin-project-lite v0.2.16
   Compiling hashbrown v0.16.0
   Compiling equivalent v1.0.2
   Compiling futures-core v0.3.31
   Compiling find-msvc-tools v0.1.3
   Compiling zerocopy v0.8.27
   Compiling shlex v1.3.0
   Compiling syn v1.0.109
   Compiling libm v0.2.15
   Compiling pulldown-cmark v0.12.2
   Compiling futures-sink v0.3.31
   Compiling bitflags v2.9.4
   Compiling heck v0.5.0
   Compiling prettyplease v0.2.37
   Compiling slab v0.4.11
   Compiling getrandom v0.3.3
   Compiling linux-raw-sys v0.11.0
   Compiling version_check v0.9.5
   Compiling pin-utils v0.1.0
   Compiling futures-io v0.3.31
   Compiling futures v0.1.31
   Compiling futures-task v0.3.31
   Compiling unicase v2.8.1
   Compiling bytes v1.10.1
   Compiling fixedbitset v0.5.7
   Compiling fastrand v2.3.0
   Compiling stable_deref_trait v1.2.0
   Compiling multimap v0.10.1
   Compiling protoc-bin-vendored-linux-s390_64 v3.2.0
   Compiling protoc-bin-vendored-linux-ppcle_64 v3.2.0
   Compiling protoc-bin-vendored-linux-x86_32 v3.2.0
   Compiling protoc-bin-vendored-linux-aarch_64 v3.2.0
   Compiling protoc-bin-vendored-macos-aarch_64 v3.2.0
   Compiling protoc-bin-vendored-linux-x86_64 v3.2.0
   Compiling protoc-bin-vendored-macos-x86_64 v3.2.0
   Compiling protoc-bin-vendored-win32 v3.2.0
   Compiling dunce v1.0.5
   Compiling rustversion v1.0.22
   Compiling tracing-core v0.1.34
   Compiling thiserror v1.0.69
   Compiling fnv v1.0.7
   Compiling ryu v1.0.20
   Compiling itertools v0.14.0
   Compiling serde_json v1.0.145
   Compiling instant v0.1.13
   Compiling lock_api v0.4.14
   Compiling allocator-api2 v0.2.21
   Compiling subtle v2.6.1
   Compiling parking_lot_core v0.8.6
   Compiling zeroize v1.8.2
   Compiling unicode-xid v0.2.6
   Compiling unicode-segmentation v1.12.0
   Compiling static_assertions v1.1.0
   Compiling aho-corasick v1.1.3
   Compiling num-traits v0.2.19
   Compiling futures-channel v0.3.31
   Compiling protoc-bin-vendored v3.2.0
   Compiling ahash v0.8.12
   Compiling untrusted v0.9.0
   Compiling tower-service v0.3.3
   Compiling allocative v0.3.4 (/app/allocative/allocative)
   Compiling percent-encoding v2.3.2
   Compiling httparse v1.10.1
   Compiling bumpalo v3.19.0
   Compiling atomic-waker v1.1.2
   Compiling httpdate v1.0.3
   Compiling try-lock v0.2.5
   Compiling siphasher v1.0.1
   Compiling base64 v0.22.1
   Compiling mime v0.3.17
   Compiling tower-layer v0.3.3
   Compiling crossbeam-utils v0.8.21
   Compiling indexmap v2.11.4
   Compiling rustls-pki-types v1.12.0
   Compiling indexmap v1.9.3
   Compiling rustls v0.23.32
   Compiling sync_wrapper v1.0.2
   Compiling hashbrown v0.12.3
   Compiling utf8parse v0.2.2
   Compiling matchit v0.7.3
   Compiling signal-hook v0.3.18
   Compiling typenum v1.19.0
   Compiling generic-array v0.14.7
   Compiling bitflags v1.3.2
   Compiling smallvec v1.15.1
   Compiling crunchy v0.2.4
   Compiling litemap v0.8.0
   Compiling tiny-keccak v2.0.2
   Compiling byteorder v1.5.0
   Compiling writeable v0.6.1
   Compiling ref-cast v1.0.25
   Compiling want v0.3.1
   Compiling phf_shared v0.11.3
   Compiling convert_case v0.6.0
   Compiling pkg-config v0.3.32
   Compiling strsim v0.11.1
   Compiling icu_normalizer_data v2.0.0
   Compiling icu_properties_data v2.0.1
   Compiling rand_core v0.6.4
   Compiling lazy_static v1.5.0
   Compiling cfg_aliases v0.2.1
   Compiling semver v1.0.27
   Compiling anstyle-parse v0.2.7
   Compiling minimal-lexical v0.2.1
   Compiling colorchoice v1.0.4
   Compiling anstyle v1.0.13
   Compiling hex v0.4.3
   Compiling is_terminal_polyfill v1.70.1
   Compiling anstyle-query v1.1.4
   Compiling memoffset v0.9.1
   Compiling bit-vec v0.6.3
   Compiling rustls-pemfile v2.2.0
   Compiling webpki-roots v1.0.3
   Compiling rand v0.8.5
   Compiling fxhash v0.2.1
   Compiling unicode-width v0.1.14
   Compiling cpufeatures v0.2.17
   Compiling fixedbitset v0.4.2
   Compiling utf8_iter v1.0.4
   Compiling precomputed-hash v0.1.1
   Compiling new_debug_unreachable v1.0.6
   Compiling itertools v0.13.0
   Compiling syn v2.0.106
   Compiling webpki-roots v0.26.11
   Compiling rustc_version v0.4.1
   Compiling anstream v0.6.21
   Compiling nom v7.1.3
   Compiling bit-set v0.5.3
   Compiling form_urlencoded v1.2.2
   Compiling ena v0.14.3
   Compiling itertools v0.10.5
   Compiling starlark_map v0.13.0 (/app/starlark-rust/starlark_map)
   Compiling petgraph v0.7.1
   Compiling petgraph v0.6.5
   Compiling diff v0.1.13
   Compiling bytemuck v1.24.0
   Compiling cmp_any v0.8.1 (/app/gazebo/cmp_any)
   Compiling beef v0.5.2
   Compiling regex-syntax v0.6.29
   Compiling nix v0.29.0
   Compiling ucd-trie v0.1.7
   Compiling clap_lex v0.7.5
   Compiling foldhash v0.1.5
   Compiling castaway v0.2.4
   Compiling annotate-snippets v0.9.2
   Compiling lab v0.11.0
   Compiling lalrpop-util v0.19.12
   Compiling maplit v1.0.2
   Compiling vcpkg v0.2.15
   Compiling openssl-probe v0.1.6
   Compiling deltae v0.3.2
   Compiling nix v0.30.1
   Compiling jobserver v0.1.34
   Compiling dirs-sys-next v0.1.2
   Compiling is-terminal v0.4.16
   Compiling compact_str v0.8.1
   Compiling crossbeam-channel v0.5.15
   Compiling logos-codegen v0.15.1
   Compiling pest v2.8.3
   Compiling atomic v0.6.1
   Compiling hashbrown v0.15.5
   Compiling crossbeam-epoch v0.9.18
   Compiling vtparse v0.6.2
   Compiling bit-vec v0.8.0
   Compiling memmem v0.1.1
   Compiling finl_unicode v1.4.0
   Compiling pulldown-cmark-to-cmark v20.0.1
   Compiling fallible-streaming-iterator v0.1.9
   Compiling fallible-iterator v0.3.0
   Compiling rustls-native-certs v0.8.1
   Compiling regex-automata v0.4.11
   Compiling dirs-next v2.0.0
   Compiling rayon-core v1.13.0
   Compiling phf_generator v0.11.3
   Compiling cc v1.2.40
   Compiling parking_lot v0.12.5
   Compiling pin-project-internal v0.4.30
   Compiling arrayvec v0.7.6
   Compiling term v0.7.0
   Compiling constant_time_eq v0.3.1
   Compiling arrayref v0.3.9
   Compiling atomic v0.5.3
   Compiling linkme-impl v0.3.35
   Compiling sharded-slab v0.1.7
   Compiling tracing-log v0.2.0
   Compiling thread_local v1.1.9
   Compiling linkme v0.3.35
   Compiling bit-set v0.8.0
   Compiling phf_codegen v0.11.3
   Compiling nu-ansi-term v0.50.1
   Compiling buck2_core v0.1.0 (/app/app/buck2_core)
   Compiling match_cfg v0.1.0
   Compiling os_str_bytes v6.6.1
   Compiling num-conv v0.1.0
   Compiling arc-swap v1.7.1
   Compiling string_cache v0.8.9
   Compiling crossbeam-deque v0.8.6
   Compiling indent_write v2.2.0
   Compiling sequence_trie v0.3.6
   Compiling time-core v0.1.6
   Compiling terminfo v0.9.0
   Compiling powerfmt v0.2.0
   Compiling rustls v0.22.4
   Compiling indoc v2.0.6
   Compiling oid-registry v0.6.1
   Compiling winnow v0.7.13
   Compiling ascii-canvas v3.0.0
   Compiling unicode-width v0.2.2
   Compiling take_mut v0.2.2
   Compiling typed-arena v2.0.2
   Compiling toml_datetime v0.7.2
   Compiling is_proc_translated v0.1.1
   Compiling anymap3 v1.0.1
   Compiling time-macros v0.2.24
   Compiling rustls-native-certs v0.7.3
   Compiling strsim v0.10.0
   Compiling deranged v0.5.4
   Compiling rustix v0.38.44
   Compiling data-encoding v2.9.0
   Compiling base64 v0.21.7
   Compiling base64 v0.13.1
   Compiling bstr v1.12.0
   Compiling linux-raw-sys v0.4.15
   Compiling iana-time-zone v0.1.64
   Compiling hashlink v0.10.0
   Compiling indenter v0.3.4
   Compiling cfg_aliases v0.1.1
   Compiling paste v1.0.15
   Compiling signal-hook-registry v1.4.6
   Compiling mio v1.0.4
   Compiling getrandom v0.2.16
   Compiling socket2 v0.6.0
   Compiling socket2 v0.5.10
   Compiling mio v0.8.11
   Compiling termios v0.3.3
   Compiling perf-event-open-sys v5.0.0 (https://github.com/Nero5023/perf-event.git?rev=6dae86b6d4807acec081e6dc0a53167f57f8c0f4#6dae86b6)
   Compiling sysinfo v0.35.2
   Compiling hostname v0.3.1
   Compiling console v0.15.11
   Compiling dirs-sys v0.3.7
   Compiling xattr v0.2.3
   Compiling rustls-pemfile v1.0.4
   Compiling uuid v1.17.0
   Compiling display_container v0.9.0 (/app/gazebo/display_container)
   Compiling dirs v3.0.2
   Compiling nix v0.28.0
   Compiling nom v8.0.0
   Compiling ppv-lite86 v0.2.21
   Compiling memoffset v0.6.5
   Compiling endian-type v0.1.2
   Compiling term_size v0.3.2
   Compiling home v0.5.11
   Compiling block-buffer v0.10.4
   Compiling crypto-common v0.1.6
   Compiling starlark v0.13.0 (/app/starlark-rust/starlark)
   Compiling perf-event v0.4.8 (https://github.com/Nero5023/perf-event.git?rev=6dae86b6d4807acec081e6dc0a53167f57f8c0f4#6dae86b6)
   Compiling num-integer v0.1.46
   Compiling ordered-float v4.6.0
   Compiling euclid v0.22.11
   Compiling chrono v0.4.42
   Compiling digest v0.10.7
   Compiling signal-hook-mio v0.2.4
   Compiling textwrap v0.11.0
   Compiling inventory v0.3.21
   Compiling lru v0.12.5
   Compiling rand_core v0.9.3
   Compiling faccess v0.2.4
   Compiling hashbrown v0.14.5
   Compiling quick-xml v0.38.3
   Compiling pathdiff v0.2.3
   Compiling same-file v1.0.6
   Compiling num-complex v0.4.6
   Compiling zstd-safe v7.2.4
   Compiling tempfile v3.23.0
   Compiling inotify-sys v0.1.5
   Compiling filetime v0.2.26
   Compiling sha2 v0.10.9
   Compiling num-bigint v0.4.6
   Compiling rand_chacha v0.3.1
   Compiling sha1 v0.10.6
   Compiling walkdir v2.5.0
   Compiling rand_chacha v0.9.0
   Compiling adler2 v2.0.1
   Compiling simd-adler32 v0.3.7
   Compiling crc32fast v1.5.0
   Compiling inotify v0.9.6
   Compiling num-iter v0.1.45
   Compiling rand_xoshiro v0.6.0
   Compiling convert_case v0.4.0
   Compiling jiff v0.2.15
   Compiling rusticata-macros v4.1.0
   Compiling pest_meta v2.8.3
   Compiling rand_xorshift v0.4.0
   Compiling rand_xoshiro v0.7.0
   Compiling wyhash v0.5.0
   Compiling terminal_size v0.4.3
   Compiling fd-lock v4.0.4
   Compiling rand v0.9.2
   Compiling clap_builder v4.5.48
   Compiling miniz_oxide v0.8.9
   Compiling notify v5.0.0
   Compiling rayon v1.11.0
   Compiling murmur3 v0.5.2
   Compiling compression-core v0.4.29
   Compiling object v0.36.7
   Compiling const_format_proc_macros v0.2.34
   Compiling serde_bytes v0.11.19
   Compiling csv-core v0.1.12
   Compiling memmap2 v0.5.10
   Compiling humantime v2.3.0
   Compiling glob v0.3.3
   Compiling convert_case v0.7.1
   Compiling litrs v0.4.2
   Compiling const-random-macro v0.1.16
   Compiling num-format v0.4.4
   Compiling rgb v0.8.52
   Compiling crossbeam-queue v0.3.12
   Compiling time v0.3.44
   Compiling ring v0.17.14
   Compiling libsqlite3-sys v0.34.0
   Compiling blake3 v1.8.2
   Compiling sys-info v0.9.1
   Compiling zstd-sys v2.0.16+zstd.1.5.7
   Compiling quick-xml v0.26.0
   Compiling str_stack v0.1.0
   Compiling crossbeam v0.8.4
   Compiling num_cpus v1.17.0
   Compiling const-random v0.1.18
   Compiling platforms v2.0.0
   Compiling flate2 v1.1.4
   Compiling dlv-list v0.5.2
   Compiling rand_distr v0.5.1
   Compiling twox-hash v2.1.2
   Compiling strict v0.2.0
   Compiling twox-hash v1.6.3
   Compiling tikv-jemalloc-sys v0.6.0+5.3.0-1-ge13ca993e8ccb9ba9847cc330696e02839f328f7
   Compiling xattr v1.6.1
   Compiling nix v0.24.3
   Compiling document-features v0.2.11
   Compiling toml_parser v1.0.3
   Compiling object v0.37.3
   Compiling unescape v0.1.0
   Compiling fs-err v2.11.0
   Compiling tar v0.4.44
   Compiling minimad v0.13.1
   Compiling const_format v0.2.35
   Compiling constant_time_eq v0.2.6
   Compiling buck2_external_cells_bundled v0.1.0 (/app/app/buck2_external_cells_bundled)
   Compiling num-rational v0.4.2
   Compiling ruzstd v0.7.3
   Compiling inferno v0.11.21
   Compiling gimli v0.32.3
   Compiling sync_wrapper v0.1.2
   Compiling regex v1.11.3
   Compiling mac_address v1.1.8
   Compiling fs4 v0.9.1
   Compiling threadpool v1.8.1
   Compiling bytesize v2.1.0
   Compiling rustc-demangle v0.1.26
   Compiling siphasher v0.3.11
   Compiling toml_edit v0.23.6
   Compiling num v0.4.3
   Compiling os_str_bytes v7.1.1
   Compiling Inflector v0.11.4
   Compiling fancy-regex v0.14.0
   Compiling lalrpop v0.19.12
   Compiling matchers v0.2.0
   Compiling globset v0.4.16
   Compiling argfile v0.2.1
   Compiling elf v0.8.0
   Compiling rustc-hash v2.1.1
   Compiling whoami v1.6.1
   Compiling dice_tests v0.0.0 (/app/dice/dice_tests)
   Compiling buck2_interpreter_for_build_tests v0.1.0 (/app/app/buck2_interpreter_for_build_tests)
   Compiling buck2_build_api_tests v0.1.0 (/app/app/buck2_build_api_tests)
   Compiling buck2_error_tests v0.1.0 (/app/app/buck2_error_tests)
   Compiling buck2_node_tests v0.1.0 (/app/app/buck2_node_tests)
   Compiling synstructure v0.13.2
   Compiling pest_generator v2.8.3
   Compiling provider v0.1.0 (/app/shed/provider)
   Compiling strong_hash_tests v0.1.0 (/app/gazebo/strong_hash_tests)
   Compiling buck2_eden v0.1.0 (/app/app/buck2_eden)
   Compiling buck2_action_impl_tests v0.1.0 (/app/app/buck2_action_impl_tests)
   Compiling env_logger v0.8.4
   Compiling fancy-regex v0.11.0
   Compiling synstructure v0.12.6
   Compiling proc-macro-crate v3.4.0
   Compiling quickcheck v1.0.3
   Compiling env_filter v0.1.3
   Compiling nom-language v0.1.0
   Compiling sorted_vector_map v0.2.0 (https://github.com/facebookexperimental/rust-shed#5b4d398b)
   Compiling serde_derive v1.0.228
   Compiling prost-derive v0.13.5
   Compiling tracing-attributes v0.1.30
   Compiling tokio-macros v2.5.0
   Compiling futures-macro v0.3.31
   Compiling thiserror-impl v1.0.69
   Compiling dupe_derive v0.9.1 (/app/gazebo/dupe_derive)
   Compiling ctor v0.1.26
   Compiling allocative_derive v0.3.3 (/app/allocative/allocative_derive)
   Compiling zerofrom-derive v0.1.6
   Compiling displaydoc v0.2.5
   Compiling async-trait v0.1.89
   Compiling yoke-derive v0.8.0
   Compiling zerovec-derive v0.11.1
   Compiling pin-project-internal v1.1.10
   Compiling derive_more-impl v1.0.0
   Compiling async-stream-impl v0.3.6
   Compiling gazebo_derive v0.8.0 (/app/gazebo/gazebo_derive)
   Compiling ref-cast-impl v1.0.25
   Compiling strong_hash_derive v0.1.0 (/app/gazebo/strong_hash_derive)
   Compiling serde_repr v0.1.20
   Compiling derivative v2.2.0
   Compiling wezterm-dynamic-derive v0.1.1
   Compiling phf_macros v0.11.3
   Compiling logos-derive v0.15.1
   Compiling dupe v0.9.1 (/app/gazebo/dupe)
   Compiling clap_derive v4.5.47
   Compiling pest_derive v2.8.3
   Compiling futures-util v0.3.31
   Compiling num-derive v0.4.2
   Compiling buck2_error_derive v0.1.0 (/app/app/buck2_error_derive)
   Compiling asn1-rs-impl v0.1.0
   Compiling asn1-rs-derive v0.4.0
   Compiling fbinit_macros v0.2.0
   Compiling logos v0.15.1
   Compiling num_enum_derive v0.7.4
   Compiling async-stream v0.3.6
   Compiling enum-map-derive v0.17.0
   Compiling enum-iterator-derive v1.5.0
   Compiling async-recursion v1.1.1
   Compiling buck2_query_derive v0.4.1 (/app/app/buck2_query_derive)
   Compiling env_logger v0.11.8
   Compiling starlark_derive v0.13.0 (/app/starlark-rust/starlark_derive)
   Compiling gazebo v0.8.1 (/app/gazebo/gazebo)
   Compiling zerofrom v0.1.6
   Compiling katexit v0.1.5
   Compiling strum_macros v0.26.4
   Compiling tracing v0.1.41
   Compiling derive_more-impl v2.0.1
   Compiling phf v0.11.3
   Compiling lazy-regex-proc_macros v3.4.1
   Compiling derive_more v0.99.20
   Compiling addr2line v0.25.1
   Compiling fbinit v0.2.0
   Compiling yoke v0.8.0
   Compiling buck2_build_api_derive v0.4.1 (/app/app/buck2_build_api_derive)
   Compiling csscolorparser v0.6.2
   Compiling enum-map v2.7.3
   Compiling pin-project v1.1.10
   Compiling wezterm-blob-leases v0.1.1
   Compiling filedescriptor v0.8.3
   Compiling wezterm-dynamic v0.2.1
   Compiling asn1-rs v0.5.2
   Compiling prost v0.13.5
   Compiling argmin-math v0.4.0
   Compiling three_billion_instructions v0.1.0 (/app/shed/three_billion_instructions)
   Compiling zerovec v0.11.4
   Compiling zerotrie v0.2.2
   Compiling argmin v0.10.0
   Compiling wezterm-color-types v0.3.0
   Compiling wezterm-bidi v0.2.3
   Compiling enum-iterator v1.5.0
   Compiling prost-types v0.13.5
   Compiling backtrace v0.3.76
   Compiling lazy-regex v3.4.1
   Compiling derive_more v2.0.1
   Compiling num_enum v0.7.4
   Compiling crossterm v0.29.0
   Compiling psutil v3.3.0
   Compiling pin-project v0.4.30
   Compiling tinystr v0.8.1
   Compiling potential_utf v0.1.3
   Compiling clap v4.5.48
   Compiling der-parser v8.2.0
   Compiling clap_complete v4.5.58
   Compiling icu_collections v2.0.0
   Compiling icu_locale_core v2.0.0
   Compiling crokey-proc_macros v1.3.0
   Compiling prost-build v0.13.5
   Compiling strum v0.26.3
   Compiling x509-parser v0.14.0
   Compiling icu_provider v2.0.0
   Compiling tonic-build v0.12.3
   Compiling triomphe v0.1.15
   Compiling relative-path v1.9.3
   Compiling wezterm-input-types v0.1.0
   Compiling tracing-serde v0.2.0
   Compiling icu_properties v2.0.1
   Compiling ipnetwork v0.20.0
   Compiling linked-hash-map v0.5.6
   Compiling schemafy_core v0.5.2
   Compiling icu_normalizer v2.0.0
   Compiling tracing-subscriber v0.3.20
   Compiling rustls-webpki v0.103.7
   Compiling rustls-webpki v0.102.8
   Compiling futures-executor v0.3.31
   Compiling tower v0.5.2
   Compiling strong_hash v0.1.0 (/app/gazebo/strong_hash)
   Compiling webpki v0.22.4
   Compiling schemafy_lib v0.5.2
   Compiling nibble_vec v0.1.0
   Compiling erased-serde v0.3.31
   Compiling plist v1.8.0
   Compiling multimap v0.8.3
   Compiling parking_lot v0.11.2
   Compiling futures v0.3.31
   Compiling dashmap v5.5.3
   Compiling derive_more v1.0.0
   Compiling radix_trie v0.2.1
   Compiling probminhash v0.1.12 (https://github.com/krallin/probminhash?rev=3d6b7a5315305c2893a7a04e0de9e23b305992c5#3d6b7a53)
   Compiling csv v1.3.1
   Compiling bincode v1.3.3
   Compiling lsp-server v0.7.9
   Compiling buck-resources v1.0.0 (/app/integrations/resources/rust)
   Compiling tokio v1.47.1
   Compiling http v1.3.1
   Compiling buck2_protoc_dev v0.1.0 (/app/app/buck2_protoc_dev)
   Compiling crossterm v0.27.0
   Compiling serde_bser v0.4.0
   Compiling futures-intrusive v0.4.2
   Compiling termwiz v0.23.3
   Compiling rustyline v14.0.0
   Compiling internment v0.8.6
   Compiling buck2_host_sharing_proto v0.1.0 (/app/app/buck2_host_sharing_proto)
   Compiling buck2_data v0.1.0 (/app/app/buck2_data)
   Compiling buck2_subscription_proto v0.1.0 (/app/app/buck2_subscription_proto)
   Compiling buck2_cli_proto v0.1.0 (/app/app/buck2_cli_proto)
   Compiling buck2_test_proto v0.1.0 (/app/app/buck2_test_proto)
   Compiling buck2_downward_api_proto v0.1.0 (/app/app/buck2_downward_api_proto)
   Compiling schemafy v0.5.2
   Compiling re_grpc_proto v0.1.0 (/app/remote_execution/oss/re_grpc_proto)
   Compiling buck2_action_metadata_proto v0.1.0 (/app/app/buck2_action_metadata_proto)
   Compiling idna_adapter v1.2.1
   Compiling idna v1.1.0
   Compiling buck2_health_check_proto v0.1.0 (/app/app/buck2_health_check_proto)
   Compiling buck2_forkserver_proto v0.1.0 (/app/app/buck2_forkserver_proto)
   Compiling buck2_worker_proto v0.1.0 (/app/app/buck2_worker_proto)
   Compiling http-body v1.0.1
   Compiling headers-core v0.3.0
   Compiling debugserver-types v0.5.0
   Compiling http-body-util v0.1.3
   Compiling url v2.5.7
   Compiling headers v0.4.1
   Compiling buck2_install_proto v0.1.0 (/app/app/buck2_install_proto)
   Compiling crokey v1.3.0
   Compiling coolor v1.1.0
   Compiling termimad v0.30.1
   Compiling axum-core v0.4.5
   Compiling starlark_syntax v0.13.0 (/app/starlark-rust/starlark_syntax)
   Compiling lsp-types v0.94.1
   Compiling axum v0.7.9
   Compiling superconsole v0.2.0 (/app/superconsole)
   Compiling tokio-util v0.7.16
   Compiling tokio-rustls v0.26.4
   Compiling tokio-util v0.6.10
   Compiling buck2_futures v0.1.0 (/app/app/buck2_futures)
   Compiling tokio-rustls v0.25.0
   Compiling async-scoped v0.9.0
   Compiling async-condvar-fair v1.0.1
   Compiling h2 v0.4.12
   Compiling tower v0.4.13
   Compiling tokio-stream v0.1.17
   Compiling dice_error v0.1.0 (/app/dice/dice_error)
   Compiling lock_free_hashtable v0.1.0 (/app/shed/lock_free_hashtable)
   Compiling lock_free_vec v0.1.0 (/app/shed/lock_free_vec)
   Compiling watchman_client v0.9.0
   Compiling static_interner v0.1.0 (/app/shed/static_interner)
   Compiling dice v0.1.0 (/app/dice/dice)
   Compiling zstd v0.13.3
   Compiling compression-codecs v0.4.31
   Compiling async-compression v0.4.32
   Compiling dice_examples v0.0.0 (/app/dice/dice_examples)
   Compiling hyper v1.7.0
   Compiling rust-project v0.0.0 (/app/integrations/rust-project)
   Compiling hyper-util v0.1.17
   Compiling read_dump v0.1.0 (/app/dice/read_dump)
   Compiling tikv-jemallocator v0.6.0
   Compiling hyper-timeout v0.5.2
   Compiling hyper-rustls v0.26.0
   Compiling hyperlocal v0.9.1
   Compiling tonic v0.12.3
   Compiling hyper-proxy2 v0.1.0
   Compiling buck2_grpc v0.1.0 (/app/app/buck2_grpc)
   Compiling host_sharing v0.1.0 (/app/host_sharing)
   Compiling rusqlite v0.36.0
   Compiling starlark_lsp v0.13.0 (/app/starlark-rust/starlark_lsp)
   Compiling buck2_error v0.1.0 (/app/app/buck2_error)
   Compiling buck2_miniperf_proto v0.1.0 (/app/app/buck2_miniperf_proto)
   Compiling buck2_wrapper_common v0.1.0 (/app/app/buck2_wrapper_common)
   Compiling buck2_downward_api v0.1.0 (/app/app/buck2_downward_api)
   Compiling buck2_errorformat v0.1.0 (/app/app/buck2_errorformat)
   Compiling buck2_critical_path v0.1.0 (/app/app/buck2_critical_path)
   Compiling buck2_util v0.1.0 (/app/app/buck2_util)
   Compiling buck2_build_info v0.1.0 (/app/app/buck2_build_info)
   Compiling buck2_certs v0.1.0 (/app/app/buck2_certs)
   Compiling buck2_query_parser v0.1.0 (/app/app/buck2_query_parser)
   Compiling buck2_http v0.1.0 (/app/app/buck2_http)
   Compiling buck2_miniperf v0.1.0 (/app/app/buck2_miniperf)
   Compiling buck2_query v0.1.0 (/app/app/buck2_query)
   Compiling buck2_directory v0.1.0 (/app/app/buck2_directory)
   Compiling buck2_offline_archive v0.1.0 (/app/app/buck2_offline_archive)
   Compiling starlark_bin v0.13.0 (/app/starlark-rust/starlark_bin)
   Compiling buck2_events v0.1.0 (/app/app/buck2_events)
   Compiling buck2_common v0.1.0 (/app/app/buck2_common)
   Compiling buck2_test_api v0.1.0 (/app/app/buck2_test_api)
   Compiling buck2_build_signals v0.1.0 (/app/app/buck2_build_signals)
   Compiling buck2_test_runner v0.1.0 (/app/app/buck2_test_runner)
   Compiling buck2_event_observer v0.1.0 (/app/app/buck2_event_observer)
   Compiling buck2_re_configuration v0.1.0 (/app/app/buck2_re_configuration)
   Compiling buck2_node v0.1.0 (/app/app/buck2_node)
   Compiling buck2_interpreter v0.1.0 (/app/app/buck2_interpreter)
   Compiling buck2_file_watcher v0.1.0 (/app/app/buck2_file_watcher)
   Compiling buck2_health_check v0.1.0 (/app/app/buck2_health_check)
   Compiling buck2_resource_control v0.1.0 (/app/app/buck2_resource_control)
   Compiling remote_execution v0.1.0 (/app/remote_execution/oss/re_grpc)
   Compiling buck2_execute_local v0.1.0 (/app/app/buck2_execute_local)
   Compiling buck2_event_log v0.1.0 (/app/app/buck2_event_log)
   Compiling buck2_execute v0.1.0 (/app/app/buck2_execute)
   Compiling buck2_forkserver v0.1.0 (/app/app/buck2_forkserver)
   Compiling buck2_client_ctx v0.1.0 (/app/app/buck2_client_ctx)
   Compiling buck2_profile v0.1.0 (/app/app/buck2_profile)
   Compiling buck2_interpreter_for_build v0.1.0 (/app/app/buck2_interpreter_for_build)
   Compiling buck2_artifact v0.1.0 (/app/app/buck2_artifact)
   Compiling buck2_server_ctx v0.1.0 (/app/app/buck2_server_ctx)
   Compiling buck2_execute_impl v0.1.0 (/app/app/buck2_execute_impl)
   Compiling buck2_build_api v0.1.0 (/app/app/buck2_build_api)
   Compiling buck2_server_starlark_debug v0.1.0 (/app/app/buck2_server_starlark_debug)
   Compiling buck2_cmd_audit_client v0.1.0 (/app/app/buck2_cmd_audit_client)
   Compiling buck2_cmd_starlark_client v0.1.0 (/app/app/buck2_cmd_starlark_client)
   Compiling buck2_cmd_log_client v0.1.0 (/app/app/buck2_cmd_log_client)
   Compiling buck2_cmd_completion_client v0.1.0 (/app/app/buck2_cmd_completion_client)
   Compiling buck2_client v0.1.0 (/app/app/buck2_client)
   Compiling buck2_cmd_debug_client v0.1.0 (/app/app/buck2_cmd_debug_client)
   Compiling buck2_cmd_docs_client v0.1.0 (/app/app/buck2_cmd_docs_client)
   Compiling buck2_cmd_rage_client v0.1.0 (/app/app/buck2_cmd_rage_client)
   Compiling buck2_cmd_docs_server v0.1.0 (/app/app/buck2_cmd_docs_server)
   Compiling buck2_cmd_starlark_server v0.1.0 (/app/app/buck2_cmd_starlark_server)
   Compiling buck2_analysis v0.1.0 (/app/app/buck2_analysis)
   Compiling buck2_configured v0.1.0 (/app/app/buck2_configured)
   Compiling buck2_validation v0.1.0 (/app/app/buck2_validation)
   Compiling buck2_test v0.1.0 (/app/app/buck2_test)
   Compiling buck2_action_impl v0.1.0 (/app/app/buck2_action_impl)
   Compiling buck2_cmd_targets_server v0.1.0 (/app/app/buck2_cmd_targets_server)
   Compiling buck2_external_cells v0.1.0 (/app/app/buck2_external_cells)
   Compiling buck2_query_impls v0.0.0 (/app/app/buck2_query_impls)
   Compiling buck2_cmd_query_server v0.1.0 (/app/app/buck2_cmd_query_server)
   Compiling buck2_cfg_constructor v0.1.0 (/app/app/buck2_cfg_constructor)
   Compiling buck2_server_commands v0.1.0 (/app/app/buck2_server_commands)
   Compiling buck2_transition v0.1.0 (/app/app/buck2_transition)
   Compiling buck2_build_signals_impl v0.1.0 (/app/app/buck2_build_signals_impl)
   Compiling buck2_cmd_audit_server v0.1.0 (/app/app/buck2_cmd_audit_server)
   Compiling buck2_bxl v0.1.0 (/app/app/buck2_bxl)
   Compiling buck2_anon_target v0.1.0 (/app/app/buck2_anon_target)
   Compiling buck2_server v0.1.0 (/app/app/buck2_server)
   Compiling buck2_daemon v0.1.0 (/app/app/buck2_daemon)
   Compiling buck2 v0.1.0 (/app/app/buck2)
    Finished `dev` profile [optimized + debuginfo] target(s) in 2m 51s
 Downloading crates ...
  Downloaded test-case v3.3.1
  Downloaded test-case-macros v3.3.1
  Downloaded rand_distr v0.4.3
  Downloaded test-case-core v3.3.1
  Downloaded assert_matches v1.5.0
  Downloaded serde_urlencoded v0.7.1
  Downloaded pretty_assertions v1.4.1
  Downloaded httptest v0.16.3
  Downloaded cast v0.3.0
  Downloaded yansi v1.0.1
   Compiling cfg-if v1.0.3
   Compiling memchr v2.7.6
   Compiling log v0.4.28
   Compiling once_cell v1.21.3
   Compiling scopeguard v1.2.0
   Compiling pin-project-lite v0.2.16
   Compiling itoa v1.0.15
   Compiling futures-core v0.3.31
   Compiling futures-sink v0.3.31
   Compiling equivalent v1.0.2
   Compiling slab v0.4.11
   Compiling regex-syntax v0.8.6
   Compiling futures-io v0.3.31
   Compiling pin-utils v0.1.0
   Compiling futures v0.1.31
   Compiling futures-task v0.3.31
   Compiling hashbrown v0.16.0
   Compiling either v1.15.0
   Compiling stable_deref_trait v1.2.0
   Compiling ryu v1.0.20
   Compiling allocator-api2 v0.2.21
   Compiling static_assertions v1.1.0
   Compiling fnv v1.0.7
   Compiling bumpalo v3.19.0
   Compiling lock_api v0.4.14
   Compiling futures-channel v0.3.31
   Compiling instant v0.1.13
   Compiling subtle v2.6.1
   Compiling percent-encoding v2.3.2
   Compiling zeroize v1.8.2
   Compiling bitflags v2.9.4
   Compiling libc v0.2.176
   Compiling serde_core v1.0.228
   Compiling tracing-core v0.1.34
   Compiling libm v0.2.15
   Compiling zerocopy v0.8.27
   Compiling anyhow v1.0.100
   Compiling base64 v0.22.1
   Compiling untrusted v0.9.0
   Compiling tower-service v0.3.3
   Compiling try-lock v0.2.5
   Compiling httpdate v1.0.3
   Compiling atomic-waker v1.1.2
   Compiling mime v0.3.17
   Compiling tower-layer v0.3.3
   Compiling sync_wrapper v1.0.2
   Compiling hashbrown v0.12.3
   Compiling matchit v0.7.3
   Compiling linux-raw-sys v0.11.0
   Compiling byteorder v1.5.0
   Compiling hex v0.4.3
   Compiling bitflags v1.3.2
   Compiling utf8parse v0.2.2
   Compiling itertools v0.14.0
   Compiling castaway v0.2.4
   Compiling rustls-pki-types v1.12.0
   Compiling want v0.3.1
   Compiling itertools v0.13.0
   Compiling cmp_any v0.8.1 (/app/gazebo/cmp_any)
   Compiling writeable v0.6.1
   Compiling strsim v0.11.1
   Compiling litemap v0.8.0
   Compiling httparse v1.10.1
   Compiling crossbeam-utils v0.8.21
   Compiling typenum v1.19.0
   Compiling unicode-segmentation v1.12.0
   Compiling bytemuck v1.24.0
   Compiling lazy_static v1.5.0
   Compiling minimal-lexical v0.2.1
   Compiling form_urlencoded v1.2.2
   Compiling cpufeatures v0.2.17
   Compiling siphasher v1.0.1
   Compiling compact_str v0.8.1
   Compiling thiserror v1.0.69
   Compiling dupe v0.9.1 (/app/gazebo/dupe)
   Compiling derive_more v1.0.0
   Compiling pin-project v1.1.10
   Compiling async-stream v0.3.6
   Compiling ref-cast v1.0.25
   Compiling icu_properties_data v2.0.1
   Compiling icu_normalizer_data v2.0.0
   Compiling unicode-width v0.1.14
   Compiling utf8_iter v1.0.4
   Compiling aho-corasick v1.1.3
   Compiling gazebo v0.8.1 (/app/gazebo/gazebo)
   Compiling fxhash v0.2.1
   Compiling zerofrom v0.1.6
   Compiling memoffset v0.9.1
   Compiling bit-vec v0.6.3
   Compiling lab v0.11.0
   Compiling ucd-trie v0.1.7
   Compiling deltae v0.3.2
   Compiling lalrpop-util v0.19.12
   Compiling vtparse v0.6.2
   Compiling anstyle-parse v0.2.7
   Compiling anstyle-query v1.1.4
   Compiling is_terminal_polyfill v1.70.1
   Compiling finl_unicode v1.4.0
   Compiling atomic v0.6.1
   Compiling fixedbitset v0.4.2
   Compiling memmem v0.1.1
   Compiling anstyle v1.0.13
   Compiling colorchoice v1.0.4
   Compiling maplit v1.0.2
   Compiling clap_lex v0.7.5
   Compiling tracing v0.1.41
   Compiling yoke v0.8.0
   Compiling phf_shared v0.11.3
   Compiling foldhash v0.1.5
   Compiling openssl-probe v0.1.6
   Compiling rustls-pemfile v2.2.0
   Compiling webpki-roots v1.0.3
   Compiling nom v7.1.3
   Compiling logos v0.15.1
   Compiling bit-vec v0.8.0
   Compiling rustix v1.1.2
   Compiling annotate-snippets v0.9.2
   Compiling fallible-streaming-iterator v0.1.9
   Compiling fallible-iterator v0.3.0
   Compiling arrayvec v0.7.6
   Compiling arrayref v0.3.9
   Compiling constant_time_eq v0.3.1
   Compiling shlex v1.3.0
   Compiling atomic v0.5.3
   Compiling fastrand v2.3.0
   Compiling bit-set v0.5.3
   Compiling pest v2.8.3
   Compiling libsqlite3-sys v0.34.0
   Compiling rustls-native-certs v0.8.1
   Compiling dunce v1.0.5
   Compiling tracing-log v0.2.0
   Compiling sharded-slab v0.1.7
   Compiling thread_local v1.1.9
   Compiling nu-ansi-term v0.50.1
   Compiling indexmap v1.9.3
   Compiling webpki-roots v0.26.11
   Compiling anstream v0.6.21
   Compiling hashbrown v0.15.5
   Compiling pin-project v0.4.30
   Compiling zerovec v0.11.4
   Compiling crossbeam-channel v0.5.15
   Compiling zerotrie v0.2.2
   Compiling phf v0.11.3
   Compiling crossbeam-epoch v0.9.18
   Compiling match_cfg v0.1.0
   Compiling linkme v0.3.35
   Compiling os_str_bytes v6.6.1
   Compiling indent_write v2.2.0
   Compiling arc-swap v1.7.1
   Compiling sequence_trie v0.3.6
   Compiling bit-set v0.8.0
   Compiling unicode-width v0.2.2
   Compiling powerfmt v0.2.0
   Compiling anymap3 v1.0.1
   Compiling take_mut v0.2.2
   Compiling typed-arena v2.0.2
   Compiling is_proc_translated v0.1.1
   Compiling num-conv v0.1.0
   Compiling time-core v0.1.6
   Compiling strsim v0.10.0
   Compiling data-encoding v2.9.0
   Compiling base64 v0.21.7
   Compiling base64 v0.13.1
   Compiling rustls-native-certs v0.7.3
   Compiling csscolorparser v0.6.2
   Compiling linux-raw-sys v0.4.15
   Compiling iana-time-zone v0.1.64
   Compiling num_enum v0.7.4
   Compiling indenter v0.3.4
   Compiling nom v8.0.0
   Compiling enum-map v2.7.3
   Compiling endian-type v0.1.2
   Compiling home v0.5.11
   Compiling memoffset v0.6.5
   Compiling deranged v0.5.4
   Compiling inventory v0.3.21
   Compiling futures-util v0.3.31
   Compiling enum-iterator v1.5.0
   Compiling display_container v0.9.0 (/app/gazebo/display_container)
   Compiling pathdiff v0.2.3
   Compiling quick-xml v0.38.3
   Compiling same-file v1.0.6
   Compiling generic-array v0.14.7
   Compiling crossbeam-deque v0.8.6
   Compiling jiff v0.2.15
   Compiling murmur3 v0.5.2
   Compiling zstd-sys v2.0.16+zstd.1.5.7
   Compiling adler2 v2.0.1
   Compiling simd-adler32 v0.3.7
   Compiling compression-core v0.4.29
   Compiling crc32fast v1.5.0
   Compiling csv-core v0.1.12
   Compiling const-random v0.1.18
   Compiling glob v0.3.3
   Compiling assert_matches v1.5.0
   Compiling const_format v0.2.35
   Compiling strum v0.26.3
   Compiling humantime v2.3.0
   Compiling num-format v0.4.4
   Compiling rgb v0.8.52
   Compiling quick-xml v0.26.0
   Compiling str_stack v0.1.0
   Compiling walkdir v2.5.0
   Compiling rustls-pemfile v1.0.4
   Compiling num-traits v0.2.19
   Compiling zstd-safe v7.2.4
   Compiling dlv-list v0.5.2
   Compiling crossbeam-queue v0.3.12
   Compiling rayon-core v1.13.0
   Compiling platforms v2.0.0
   Compiling derive_more v2.0.1
   Compiling unescape v0.1.0
   Compiling miniz_oxide v0.8.9
   Compiling sync_wrapper v0.1.2
   Compiling constant_time_eq v0.2.6
   Compiling strict v0.2.0
   Compiling unicode-ident v1.0.19
   Compiling minimad v0.13.1
   Compiling test-case-core v3.3.1
   Compiling bytesize v2.1.0
   Compiling unicase v2.8.1
   Compiling crossbeam v0.8.4
   Compiling siphasher v0.3.11
   Compiling zstd v0.13.3
   Compiling proc-macro2 v1.0.101
   Compiling rustix v0.38.44
   Compiling hashlink v0.10.0
   Compiling lru v0.12.5
   Compiling gimli v0.32.3
   Compiling fixedbitset v0.5.7
   Compiling object v0.37.3
   Compiling heck v0.5.0
   Compiling multimap v0.10.1
   Compiling rustc-demangle v0.1.26
   Compiling protoc-bin-vendored-linux-aarch_64 v3.2.0
   Compiling pulldown-cmark v0.12.2
   Compiling protoc-bin-vendored-macos-aarch_64 v3.2.0
   Compiling protoc-bin-vendored-win32 v3.2.0
   Compiling protoc-bin-vendored-linux-ppcle_64 v3.2.0
   Compiling protoc-bin-vendored-macos-x86_64 v3.2.0
   Compiling protoc-bin-vendored-linux-x86_64 v3.2.0
   Compiling protoc-bin-vendored-linux-s390_64 v3.2.0
   Compiling protoc-bin-vendored-linux-x86_32 v3.2.0
   Compiling three_billion_instructions v0.1.0 (/app/shed/three_billion_instructions)
   Compiling yansi v1.0.1
   Compiling diff v0.1.13
   Compiling cast v0.3.0
   Compiling fs-err v2.11.0
   Compiling os_str_bytes v7.1.1
   Compiling protoc-bin-vendored v3.2.0
   Compiling buck2_error_tests v0.1.0 (/app/app/buck2_error_tests)
   Compiling provider v0.1.0 (/app/shed/provider)
   Compiling buck2_build_api_tests v0.1.0 (/app/app/buck2_build_api_tests)
   Compiling strong_hash_tests v0.1.0 (/app/gazebo/strong_hash_tests)
   Compiling crypto-common v0.1.6
   Compiling block-buffer v0.10.4
   Compiling rayon v1.11.0
   Compiling dice_tests v0.0.0 (/app/dice/dice_tests)
   Compiling buck2_interpreter_for_build_tests v0.1.0 (/app/app/buck2_interpreter_for_build_tests)
   Compiling buck2_action_impl_tests v0.1.0 (/app/app/buck2_action_impl_tests)
   Compiling rustc-hash v2.1.1
   Compiling whoami v1.6.1
   Compiling elf v0.8.0
   Compiling buck2_node_tests v0.1.0 (/app/app/buck2_node_tests)
   Compiling buck2_eden v0.1.0 (/app/app/buck2_eden)
   Compiling buck2_build_api_derive v0.4.1 (/app/app/buck2_build_api_derive)
   Compiling flate2 v1.1.4
   Compiling buck2_query_derive v0.4.1 (/app/app/buck2_query_derive)
   Compiling starlark_derive v0.13.0 (/app/starlark-rust/starlark_derive)
   Compiling signal-hook-registry v1.4.6
   Compiling mio v1.0.4
   Compiling socket2 v0.6.0
   Compiling getrandom v0.2.16
   Compiling getrandom v0.3.3
   Compiling socket2 v0.5.10
   Compiling tinystr v0.8.1
   Compiling digest v0.10.7
   Compiling potential_utf v0.1.3
   Compiling mio v0.8.11
   Compiling nix v0.29.0
   Compiling termios v0.3.3
   Compiling ppv-lite86 v0.2.21
   Compiling filedescriptor v0.8.3
   Compiling regex-automata v0.4.11
   Compiling rand_core v0.6.4
   Compiling ahash v0.8.12
   Compiling ring v0.17.14
   Compiling num-integer v0.1.46
   Compiling icu_locale_core v2.0.0
   Compiling icu_collections v2.0.0
   Compiling signal-hook v0.3.18
   Compiling ordered-float v4.6.0
   Compiling sha2 v0.10.9
   Compiling euclid v0.22.11
   Compiling uuid v1.17.0
   Compiling nix v0.30.1
   Compiling blake3 v1.8.2
   Compiling perf-event-open-sys v5.0.0 (https://github.com/Nero5023/perf-event.git?rev=6dae86b6d4807acec081e6dc0a53167f57f8c0f4#6dae86b6)
   Compiling sysinfo v0.35.2
   Compiling hostname v0.3.1
   Compiling sys-info v0.9.1
   Compiling hashbrown v0.14.5
   Compiling console v0.15.11
   Compiling sha1 v0.10.6
   Compiling dirs-sys v0.3.7
   Compiling chrono v0.4.42
   Compiling signal-hook-mio v0.2.4
   Compiling xattr v0.2.3
   Compiling nix v0.28.0
   Compiling rand_chacha v0.3.1
   Compiling num-bigint v0.4.6
   Compiling term_size v0.3.2
   Compiling faccess v0.2.4
   Compiling wezterm-dynamic v0.2.1
   Compiling perf-event v0.4.8 (https://github.com/Nero5023/perf-event.git?rev=6dae86b6d4807acec081e6dc0a53167f57f8c0f4#6dae86b6)
   Compiling time v0.3.44
   Compiling dirs v3.0.2
   Compiling textwrap v0.11.0
   Compiling rand_core v0.9.3
   Compiling filetime v0.2.26
   Compiling inotify-sys v0.1.5
   Compiling rand v0.8.5
   Compiling num-complex v0.4.6
   Compiling terminfo v0.9.0
   Compiling rusticata-macros v4.1.0
   Compiling serde v1.0.228
   Compiling indexmap v2.11.4
   Compiling serde_json v1.0.145
   Compiling icu_provider v2.0.0
   Compiling terminal_size v0.4.3
   Compiling serde_bytes v0.11.19
   Compiling tempfile v3.23.0
   Compiling wezterm-bidi v0.2.3
   Compiling wezterm-color-types v0.3.0
   Compiling clap_builder v4.5.48
   Compiling fd-lock v4.0.4
   Compiling rand_chacha v0.9.0
   Compiling inotify v0.9.6
   Compiling num-iter v0.1.45
   Compiling rand_xoshiro v0.6.0
   Compiling rand_xorshift v0.4.0
   Compiling rand_xoshiro v0.7.0
   Compiling icu_properties v2.0.1
   Compiling wyhash v0.5.0
   Compiling rand v0.9.2
   Compiling compression-codecs v0.4.31
   Compiling memmap2 v0.5.10
   Compiling is-terminal v0.4.16
   Compiling num_cpus v1.17.0
   Compiling notify v5.0.0
   Compiling xattr v1.6.1
   Compiling nix v0.24.3
   Compiling inferno v0.11.21
   Compiling quote v1.0.41
   Compiling test-case-macros v3.3.1
   Compiling pulldown-cmark-to-cmark v20.0.1
   Compiling tikv-jemalloc-sys v0.6.0+5.3.0-1-ge13ca993e8ccb9ba9847cc330696e02839f328f7
   Compiling pretty_assertions v1.4.1
   Compiling argfile v0.2.1
   Compiling smallvec v1.15.1
   Compiling bytes v1.10.1
   Compiling triomphe v0.1.15
   Compiling relative-path v1.9.3
   Compiling wezterm-input-types v0.1.0
   Compiling tracing-serde v0.2.0
   Compiling ipnetwork v0.20.0
   Compiling fs4 v0.9.1
   Compiling parking_lot_core v0.9.12
   Compiling parking_lot_core v0.8.6
   Compiling icu_normalizer v2.0.0
   Compiling rusqlite v0.36.0
   Compiling linked-hash-map v0.5.6
   Compiling nibble_vec v0.1.0
   Compiling erased-serde v0.3.31
   Compiling twox-hash v1.6.3
   Compiling multimap v0.8.3
   Compiling argmin-math v0.4.0
   Compiling radix_trie v0.2.1
   Compiling rustls-webpki v0.103.7
   Compiling rustls-webpki v0.102.8
   Compiling webpki v0.22.4
   Compiling parking_lot v0.12.5
   Compiling parking_lot v0.11.2
   Compiling dashmap v5.5.3
   Compiling strong_hash v0.1.0 (/app/gazebo/strong_hash)
   Compiling num-rational v0.4.2
   Compiling argmin v0.10.0
   Compiling twox-hash v2.1.2
   Compiling rand_distr v0.5.1
   Compiling csv v1.3.1
   Compiling bincode v1.3.3
   Compiling ruzstd v0.7.3
   Compiling tar v0.4.44
   Compiling prost v0.13.5
   Compiling http v1.3.1
   Compiling tokio v1.47.1
   Compiling crossterm v0.27.0
   Compiling serde_bser v0.4.0
   Compiling futures-intrusive v0.4.2
   Compiling debugserver-types v0.5.0
   Compiling mac_address v1.1.8
   Compiling futures-executor v0.3.31
   Compiling tower v0.5.2
   Compiling futures v0.3.31
   Compiling prost-types v0.13.5
   Compiling idna_adapter v1.2.1
   Compiling rustls v0.23.32
   Compiling wezterm-blob-leases v0.1.1
   Compiling asn1-rs v0.5.2
   Compiling idna v1.1.0
   Compiling rustls v0.22.4
   Compiling rustyline v14.0.0
   Compiling plist v1.8.0
   Compiling num v0.4.3
   Compiling nom-language v0.1.0
   Compiling internment v0.8.6
   Compiling object v0.36.7
   Compiling lsp-server v0.7.9
   Compiling psutil v3.3.0
   Compiling crossterm v0.29.0
   Compiling threadpool v1.8.1
   Compiling syn v2.0.106
   Compiling addr2line v0.25.1
   Compiling test-case v3.3.1
   Compiling http-body v1.0.1
   Compiling url v2.5.7
   Compiling headers-core v0.3.0
   Compiling petgraph v0.7.1
   Compiling tikv-jemallocator v0.6.0
   Compiling serde_urlencoded v0.7.1
   Compiling rand_distr v0.4.3
   Compiling headers v0.4.1
   Compiling http-body-util v0.1.3
   Compiling buck-resources v1.0.0 (/app/integrations/resources/rust)
   Compiling buck2_error_derive v0.1.0 (/app/app/buck2_error_derive)
   Compiling allocative_derive v0.3.3 (/app/allocative/allocative_derive)
   Compiling axum-core v0.4.5
   Compiling dupe_derive v0.9.1 (/app/gazebo/dupe_derive)
   Compiling strong_hash_derive v0.1.0 (/app/gazebo/strong_hash_derive)
   Compiling gazebo_derive v0.8.0 (/app/gazebo/gazebo_derive)
   Compiling regex v1.11.3
   Compiling fancy-regex v0.14.0
   Compiling matchers v0.2.0
   Compiling bstr v1.12.0
   Compiling backtrace v0.3.76
   Compiling clap v4.5.48
   Compiling tracing-subscriber v0.3.20
   Compiling clap_complete v4.5.58
   Compiling crokey v1.3.0
   Compiling coolor v1.1.0
   Compiling lsp-types v0.94.1
   Compiling env_logger v0.8.4
   Compiling fancy-regex v0.11.0
   Compiling oid-registry v0.6.1
   Compiling der-parser v8.2.0
   Compiling env_filter v0.1.3
   Compiling quickcheck v1.0.3
   Compiling globset v0.4.16
   Compiling env_logger v0.11.8
   Compiling lazy-regex v3.4.1
   Compiling termwiz v0.23.3
   Compiling termimad v0.30.1
   Compiling x509-parser v0.14.0
   Compiling probminhash v0.1.12 (https://github.com/krallin/probminhash?rev=3d6b7a5315305c2893a7a04e0de9e23b305992c5#3d6b7a53)
   Compiling sorted_vector_map v0.2.0 (https://github.com/facebookexperimental/rust-shed#5b4d398b)
   Compiling fbinit v0.2.0
   Compiling axum v0.7.9
   Compiling prettyplease v0.2.37
   Compiling prost-build v0.13.5
   Compiling tonic-build v0.12.3
   Compiling buck2_protoc_dev v0.1.0 (/app/app/buck2_protoc_dev)
   Compiling allocative v0.3.4 (/app/allocative/allocative)
   Compiling tokio-util v0.7.16
   Compiling tokio-rustls v0.26.4
   Compiling tokio-util v0.6.10
   Compiling buck2_futures v0.1.0 (/app/app/buck2_futures)
   Compiling tokio-rustls v0.25.0
   Compiling async-scoped v0.9.0
   Compiling async-compression v0.4.32
   Compiling async-condvar-fair v1.0.1
   Compiling starlark_map v0.13.0 (/app/starlark-rust/starlark_map)
   Compiling dice_error v0.1.0 (/app/dice/dice_error)
   Compiling lock_free_hashtable v0.1.0 (/app/shed/lock_free_hashtable)
   Compiling lock_free_vec v0.1.0 (/app/shed/lock_free_vec)
   Compiling watchman_client v0.9.0
   Compiling h2 v0.4.12
   Compiling tower v0.4.13
   Compiling tokio-stream v0.1.17
   Compiling static_interner v0.1.0 (/app/shed/static_interner)
   Compiling dice v0.1.0 (/app/dice/dice)
   Compiling superconsole v0.2.0 (/app/superconsole)
   Compiling dice_examples v0.0.0 (/app/dice/dice_examples)
   Compiling starlark_syntax v0.13.0 (/app/starlark-rust/starlark_syntax)
   Compiling hyper v1.7.0
   Compiling rust-project v0.0.0 (/app/integrations/rust-project)
   Compiling hyper-util v0.1.17
   Compiling read_dump v0.1.0 (/app/dice/read_dump)
   Compiling starlark v0.13.0 (/app/starlark-rust/starlark)
   Compiling hyper-timeout v0.5.2
   Compiling hyper-rustls v0.26.0
   Compiling hyperlocal v0.9.1
   Compiling httptest v0.16.3
   Compiling tonic v0.12.3
   Compiling hyper-proxy2 v0.1.0
   Compiling buck2_host_sharing_proto v0.1.0 (/app/app/buck2_host_sharing_proto)
   Compiling buck2_subscription_proto v0.1.0 (/app/app/buck2_subscription_proto)
   Compiling buck2_grpc v0.1.0 (/app/app/buck2_grpc)
   Compiling buck2_action_metadata_proto v0.1.0 (/app/app/buck2_action_metadata_proto)
   Compiling buck2_worker_proto v0.1.0 (/app/app/buck2_worker_proto)
   Compiling buck2_install_proto v0.1.0 (/app/app/buck2_install_proto)
   Compiling buck2_data v0.1.0 (/app/app/buck2_data)
   Compiling host_sharing v0.1.0 (/app/host_sharing)
   Compiling starlark_lsp v0.13.0 (/app/starlark-rust/starlark_lsp)
   Compiling buck2_error v0.1.0 (/app/app/buck2_error)
   Compiling buck2_test_proto v0.1.0 (/app/app/buck2_test_proto)
   Compiling buck2_miniperf_proto v0.1.0 (/app/app/buck2_miniperf_proto)
   Compiling re_grpc_proto v0.1.0 (/app/remote_execution/oss/re_grpc_proto)
   Compiling buck2_health_check_proto v0.1.0 (/app/app/buck2_health_check_proto)
   Compiling buck2_forkserver_proto v0.1.0 (/app/app/buck2_forkserver_proto)
   Compiling buck2_wrapper_common v0.1.0 (/app/app/buck2_wrapper_common)
   Compiling buck2_downward_api_proto v0.1.0 (/app/app/buck2_downward_api_proto)
   Compiling buck2_downward_api v0.1.0 (/app/app/buck2_downward_api)
   Compiling buck2_errorformat v0.1.0 (/app/app/buck2_errorformat)
   Compiling buck2_critical_path v0.1.0 (/app/app/buck2_critical_path)
   Compiling buck2_util v0.1.0 (/app/app/buck2_util)
   Compiling buck2_core v0.1.0 (/app/app/buck2_core)
   Compiling buck2_build_info v0.1.0 (/app/app/buck2_build_info)
   Compiling buck2_certs v0.1.0 (/app/app/buck2_certs)
   Compiling buck2_query_parser v0.1.0 (/app/app/buck2_query_parser)
   Compiling buck2_http v0.1.0 (/app/app/buck2_http)
   Compiling buck2_miniperf v0.1.0 (/app/app/buck2_miniperf)
   Compiling buck2_cli_proto v0.1.0 (/app/app/buck2_cli_proto)
   Compiling buck2_query v0.1.0 (/app/app/buck2_query)
   Compiling buck2_directory v0.1.0 (/app/app/buck2_directory)
   Compiling buck2_offline_archive v0.1.0 (/app/app/buck2_offline_archive)
   Compiling starlark_bin v0.13.0 (/app/starlark-rust/starlark_bin)
   Compiling buck2_events v0.1.0 (/app/app/buck2_events)
   Compiling buck2_common v0.1.0 (/app/app/buck2_common)
   Compiling buck2_test_api v0.1.0 (/app/app/buck2_test_api)
   Compiling buck2_build_signals v0.1.0 (/app/app/buck2_build_signals)
   Compiling buck2_test_runner v0.1.0 (/app/app/buck2_test_runner)
   Compiling buck2_event_observer v0.1.0 (/app/app/buck2_event_observer)
   Compiling buck2_re_configuration v0.1.0 (/app/app/buck2_re_configuration)
   Compiling buck2_node v0.1.0 (/app/app/buck2_node)
   Compiling buck2_interpreter v0.1.0 (/app/app/buck2_interpreter)
   Compiling buck2_file_watcher v0.1.0 (/app/app/buck2_file_watcher)
   Compiling buck2_health_check v0.1.0 (/app/app/buck2_health_check)
   Compiling buck2_resource_control v0.1.0 (/app/app/buck2_resource_control)
   Compiling buck2_external_cells_bundled v0.1.0 (/app/app/buck2_external_cells_bundled)
   Compiling remote_execution v0.1.0 (/app/remote_execution/oss/re_grpc)
   Compiling buck2_execute_local v0.1.0 (/app/app/buck2_execute_local)
   Compiling buck2_event_log v0.1.0 (/app/app/buck2_event_log)
   Compiling buck2_forkserver v0.1.0 (/app/app/buck2_forkserver)
   Compiling buck2_execute v0.1.0 (/app/app/buck2_execute)
   Compiling buck2_client_ctx v0.1.0 (/app/app/buck2_client_ctx)
   Compiling buck2_profile v0.1.0 (/app/app/buck2_profile)
   Compiling buck2_interpreter_for_build v0.1.0 (/app/app/buck2_interpreter_for_build)
   Compiling buck2_artifact v0.1.0 (/app/app/buck2_artifact)
   Compiling buck2_server_ctx v0.1.0 (/app/app/buck2_server_ctx)
   Compiling buck2_execute_impl v0.1.0 (/app/app/buck2_execute_impl)
   Compiling buck2_build_api v0.1.0 (/app/app/buck2_build_api)
   Compiling buck2_server_starlark_debug v0.1.0 (/app/app/buck2_server_starlark_debug)
   Compiling buck2_cmd_audit_client v0.1.0 (/app/app/buck2_cmd_audit_client)
   Compiling buck2_cmd_starlark_client v0.1.0 (/app/app/buck2_cmd_starlark_client)
   Compiling buck2_cmd_debug_client v0.1.0 (/app/app/buck2_cmd_debug_client)
   Compiling buck2_client v0.1.0 (/app/app/buck2_client)
   Compiling buck2_cmd_completion_client v0.1.0 (/app/app/buck2_cmd_completion_client)
   Compiling buck2_cmd_docs_client v0.1.0 (/app/app/buck2_cmd_docs_client)
   Compiling buck2_cmd_log_client v0.1.0 (/app/app/buck2_cmd_log_client)
   Compiling buck2_cmd_rage_client v0.1.0 (/app/app/buck2_cmd_rage_client)
   Compiling buck2_cmd_starlark_server v0.1.0 (/app/app/buck2_cmd_starlark_server)
   Compiling buck2_cmd_docs_server v0.1.0 (/app/app/buck2_cmd_docs_server)
   Compiling buck2_analysis v0.1.0 (/app/app/buck2_analysis)
   Compiling buck2_configured v0.1.0 (/app/app/buck2_configured)
   Compiling buck2_action_impl v0.1.0 (/app/app/buck2_action_impl)
   Compiling buck2_test v0.1.0 (/app/app/buck2_test)
   Compiling buck2_validation v0.1.0 (/app/app/buck2_validation)
   Compiling buck2_external_cells v0.1.0 (/app/app/buck2_external_cells)
   Compiling buck2_cmd_query_server v0.1.0 (/app/app/buck2_cmd_query_server)
   Compiling buck2_server_commands v0.1.0 (/app/app/buck2_server_commands)
   Compiling buck2_cfg_constructor v0.1.0 (/app/app/buck2_cfg_constructor)
   Compiling buck2_query_impls v0.0.0 (/app/app/buck2_query_impls)
   Compiling buck2_cmd_targets_server v0.1.0 (/app/app/buck2_cmd_targets_server)
   Compiling buck2_transition v0.1.0 (/app/app/buck2_transition)
   Compiling buck2_build_signals_impl v0.1.0 (/app/app/buck2_build_signals_impl)
   Compiling buck2_cmd_audit_server v0.1.0 (/app/app/buck2_cmd_audit_server)
   Compiling buck2_anon_target v0.1.0 (/app/app/buck2_anon_target)
   Compiling buck2_server v0.1.0 (/app/app/buck2_server)
   Compiling buck2_bxl v0.1.0 (/app/app/buck2_bxl)
   Compiling buck2_daemon v0.1.0 (/app/app/buck2_daemon)
   Compiling buck2 v0.1.0 (/app/app/buck2)
    Finished `test` profile [optimized + debuginfo] target(s) in 3m 07s
     Running unittests src/lib.rs (target/debug/deps/allocative-952cfd5d44c25484)

running 26 tests
test flamegraph::tests::test_empty ... ok
test flamegraph::tests::test_flamegraph_add ... ok
test flamegraph::tests::test_inline_children_too_large ... ok
test flamegraph::tests::test_simple ... ok
test flamegraph::tests::test_shared ... ok
test flamegraph::tests::test_unique ... ok
test ident_key ... ok
test global_root::tests::test_derive ... ok
test impls::bumpalo::tests::test_bumpalo ... ok
test impls::bumpalo::tests::test_bumpalo_large ... ok
test impls::smallvec::tests::test ... ok
test impls::compact_str::tests::test_heap ... ok
test impls::compact_str::tests::test_inline ... ok
test impls::either::tests::test_golden ... ok
test impls::std::cell::tests::test_default ... ok
test impls::std::sync::tests::test_arc_align ... ok
test impls::hashbrown::tests::test_hash_table ... ok
test impls::std::cell::tests::test_borrowed ... ok
test impls::std::cell::tests::test_once_cell ... ok
test impls::triomphe::tests::test_align ... ok
test size_of::tests::test_box ... ok
test size_of::tests::test_box_slice ... ok
test impls::triomphe::tests::test_simple ... ok
test size_of::tests::test_struct_in_box ... ok
test impls::triomphe::tests::test_shared ... ok
test test_derive::with_flamegraph::test_flamegraph ... ok

test result: ok. 26 passed; 0 failed; 0 ignored; 0 measured; 0 filtered out; finished in 0.00s

     Running unittests src/lib.rs (target/debug/deps/allocative_derive-8310b1244b5d6158)

running 0 tests

test result: ok. 0 passed; 0 failed; 0 ignored; 0 measured; 0 filtered out; finished in 0.00s

     Running unittests src/lib.rs (target/debug/deps/buck_resources-aa031a249d04376f)

running 1 test
test manifest::tests::test_resources_map_deserialize ... ok

test result: ok. 1 passed; 0 failed; 0 ignored; 0 measured; 0 filtered out; finished in 0.00s

     Running unittests src/lib.rs (target/debug/deps/buck2-14ee8aa9cc0bd06f)

running 0 tests

test result: ok. 0 passed; 0 failed; 0 ignored; 0 measured; 0 filtered out; finished in 0.00s

     Running unittests bin/buck2.rs (target/debug/deps/buck2-ca0bb376de235835)

running 0 tests

test result: ok. 0 passed; 0 failed; 0 ignored; 0 measured; 0 filtered out; finished in 0.00s

     Running unittests src/lib.rs (target/debug/deps/buck2_action_impl-b2d86e18e96b1817)

running 7 tests
test actions::impls::copy::tests::copies_file ... ok
test actions::impls::download_file::tests::downloads_file ... ok
test actions::impls::symlinked_dir::tests::symlinked_dir_test ... ok
test actions::impls::write::tests::writes_file ... ok
test actions::impls::run::dep_files::tests::test_declares_same_dep_files ... ok
test actions::impls::run::dep_files::tests::test_dep_files_visitor_output_collection ... ok
test actions::impls::symlinked_dir::tests::test_symlinked_dir_validation ... ok

test result: ok. 7 passed; 0 failed; 0 ignored; 0 measured; 0 filtered out; finished in 0.00s

     Running unittests src/lib.rs (target/debug/deps/buck2_action_impl_tests-540194695705faf5)

running 8 tests
test init_late_bindings_for_test ... ok
test context::ctx_instantiates ... ok
test context::declare_output_dotdot ... ok
test context::declare_output_dot ... ok
test context::declare_output_dot_bad ... ok
test context::declare_output_with_prefix ... ok
test context::declare_output_declares_outputs ... ok
test context::declare_output_require_bound ... ok

test result: ok. 8 passed; 0 failed; 0 ignored; 0 measured; 0 filtered out; finished in 0.03s

     Running unittests src/lib.rs (target/debug/deps/buck2_action_metadata_proto-1ba903f28018fb46)

running 0 tests

test result: ok. 0 passed; 0 failed; 0 ignored; 0 measured; 0 filtered out; finished in 0.00s

     Running unittests src/lib.rs (target/debug/deps/buck2_analysis-46640b1d05a89a05)

running 0 tests

test result: ok. 0 passed; 0 failed; 0 ignored; 0 measured; 0 filtered out; finished in 0.00s

     Running unittests src/lib.rs (target/debug/deps/buck2_anon_target-5ac304ecea52b89a)

running 1 test
test anon_targets::tests::anon_target_name ... ok

test result: ok. 1 passed; 0 failed; 0 ignored; 0 measured; 0 filtered out; finished in 0.00s

     Running unittests src/lib.rs (target/debug/deps/buck2_artifact-0d8e82e60750bb7e)

running 8 tests
test artifact::artifact_dump::tests::test_external_symlink_json ... ok
test artifact::artifact_dump::tests::test_dir_json ... ok
test artifact::artifact_dump::tests::test_file_json ... ok
test artifact::artifact_dump::tests::test_symlink_json ... ok
test artifact::artifact_type::tests::resolve_artifact ... ok
test artifact::artifact_type::tests::artifact_binding ... ok
test artifact::artifact_type::tests::test_short_path ... ok
test artifact::artifact_type::tests::writes_files ... ok

test result: ok. 8 passed; 0 failed; 0 ignored; 0 measured; 0 filtered out; finished in 0.00s

     Running unittests src/lib.rs (target/debug/deps/buck2_build_api-40362a3de6ce1eae)

running 21 tests
test actions::error::tests::test_error_conversion ... ok
test actions::impls::expanded_command_line::tests::test_cli ... ok
test actions::impls::expanded_command_line::tests::test_env ... ok
test actions::impls::expanded_command_line::tests::test_hash_stability ... ok
test actions::execute::action_executor::tests::test_cleanup_path_missing ... ok
test interpreter::rule_defs::cmd_args::builder::tests::test_abs_command_line_location_windows ... ok
test interpreter::rule_defs::cmd_args::builder::tests::adds_args_and_builds ... ok
test interpreter::rule_defs::cmd_args::builder::tests::test_abs_command_line_location_unix ... ok
test interpreter::rule_defs::cmd_args::builder::tests::test_command_line_location ... ok
test artifact_groups::artifact_group_values::tests::test_iter ... ok
test artifact_groups::artifact_group_values::tests::test_shallow_eq ... ok
test actions::execute::action_executor::tests::test_cleanup_path_overlap_deep ... ok
test interpreter::rule_defs::cmd_args::space_separated::tests::cmdline_builder ... ok
test interpreter::rule_defs::cmd_args::shlex_quote::tests::test_quote ... ok
test interpreter::rule_defs::cmd_args::command_line_arg_like_type::tests::test_command_arg_like_ty ... ok
test actions::execute::action_executor::tests::test_cleanup_path_present ... ok
test interpreter::rule_defs::artifact::starlark_artifact_value::tests::test_json_convert ... ok
test actions::execute::action_executor::tests::test_cleanup_path_overlap ... ok
test spawner::tests::test_spawn ... ok
test spawner::tests::test_spawn_task ... ok
test actions::execute::action_executor::tests::can_execute_some_action ... ok

test result: ok. 21 passed; 0 failed; 0 ignored; 0 measured; 0 filtered out; finished in 0.02s

     Running unittests src/lib.rs (target/debug/deps/buck2_build_api_derive-3dd803f9df673a0d)

running 0 tests

test result: ok. 0 passed; 0 failed; 0 ignored; 0 measured; 0 filtered out; finished in 0.00s

     Running unittests src/lib.rs (target/debug/deps/buck2_build_api_tests-b74e32229b82b04a)

running 154 tests
test actions::registry::declaring_artifacts ... ok
test actions::registry::claiming_conflicting_path ... ok
test actions::calculation::test_command_details_omission ... ok
test attrs::tests::test_arg ... ok
test attrs::tests::test_any ... ok
test actions::registry::register_actions ... ok
test actions::registry::finalizing_actions ... ok
test actions::registry::duplicate_category_identifier ... ok
test actions::registry::duplicate_category_singleton_actions ... ok
test actions::calculation::test_ensure_artifact_source_artifact ... ok
test actions::calculation::test_ensure_artifact_external_symlink ... ok
test attrs::tests::test_option ... ok
test attrs::tests::test_label ... ok
test attrs::tests::test_one_of ... ok
test attrs::tests::test_source_label ... ok
test attrs::tests::test_source_missing ... ok
test build::detailed_aggregated_metrics::traverse::tests::test_empty_graph ... ok
test build::detailed_aggregated_metrics::traverse::tests::test_diamond ... ok
test build::detailed_aggregated_metrics::traverse::tests::test_cycle ... ok
test build::detailed_aggregated_metrics::traverse::tests::test_dynamic_node_analysis_missing ... ok
test build::detailed_aggregated_metrics::traverse::tests::test_single_action ... ok
test init_late_bindings_for_test ... ok
test build::detailed_aggregated_metrics::traverse::tests::test_dynamic_input - should panic ... ok
test actions::calculation::test_get_action_for_artifact ... ok
test interpreter::rule_defs::artifact_tagging::artifact_tag::test_artifact_tag_eq ... ok
test actions::calculation::test_build_action ... ok
test actions::calculation::test_build_artifact ... ok
test actions::calculation::test_ensure_artifact_build_artifact ... ok
test attrs::tests::test_dict ... ok
test attrs::tests::test_source_label_deps ... ok
test attrs::tests::test_invalid_concat_coercion_into_one_of ... ok
test attrs::tests::test_concat_option_one_of ... ok
test attrs::tests::test_coerced_deps ... ok
test attrs::tests::test_string ... ok
test attrs::tests::test_configured_deps ... ok
test attrs::tests::test_bool ... ok
test artifact_groups::calculation::test_ensure_artifact_group ... ok
test attrs::tests::test_dep_requires_providers ... ok
test attrs::tests::test_resolved_deps ... ok
test interpreter::rule_defs::provider::builtin::local_resource_info::test_validation_at_freeze ... ok
test interpreter::rule_defs::provider::builtin::local_resource_info::test_construction ... ok
test interpreter::rule_defs::provider::builtin::local_resource_info::test_validation_5 ... ok
test attrs::tests::test_single_source_label_fails_if_multiple_returned ... ok
test interpreter::rule_defs::provider::builtin::install_info::install_info_works_as_provider_key ... ok
test interpreter::rule_defs::provider::builtin::default_info::default_info_validates_types_2 ... ok
test attrs::tests::test ... ok
test interpreter::rule_defs::provider::builtin::local_resource_info::test_validation_7 ... ok
test interpreter::rule_defs::provider::builtin::run_info::run_info_validates_types_2 ... ok
test interpreter::rule_defs::provider::builtin::external_runner_test_info::test_validation_at_freeze ... ok
test interpreter::rule_defs::cmd_args::tests::test_parent_n_parent_type ... ok
test interpreter::rule_defs::provider::builtin::install_info::info_validator_succeeds_for_artifacts_without_additional_artifacts ... ok
test interpreter::rule_defs::provider::builtin::default_info::default_info_validates_types_1 ... ok
test interpreter::rule_defs::provider::builtin::local_resource_info::test_validation_6 ... ok
test interpreter::rule_defs::provider::builtin::local_resource_info::test_missing_fields_validation ... ok
test interpreter::rule_defs::provider::builtin::run_info::run_info_works_as_provider_key ... ok
test interpreter::rule_defs::cmd_args::tests::test_concat ... ok
test interpreter::rule_defs::cmd_args::tests::test_relative_to_does_not_affect_new_artifacts ... ok
test interpreter::rule_defs::cmd_args::tests::test_relative_absolute_old ... ok
test interpreter::rule_defs::provider::builtin::local_resource_info::test_validation_1 ... ok
test interpreter::rule_defs::provider::builtin::validation_spec::test_attributes ... ok
test attrs::tests::test_source_label_resolution ... ok
test interpreter::rule_defs::provider::builtin::run_info::run_info_validates_types_1 ... ok
test interpreter::rule_defs::provider::builtin::local_resource_info::test_validation_3 ... ok
test interpreter::rule_defs::provider::builtin::configuration_info::configuration_info_validates_buckconfigs ... ok
test interpreter::rule_defs::cmd_args::tests::test_frozen_inputs_outputs ... ok
test interpreter::rule_defs::cmd_args::tests::test_list_list ... ok
test attrs::tests::test_user_placeholders ... ok
test interpreter::rule_defs::provider::builtin::dependency::dependency_works ... ok
test interpreter::rule_defs::cmd_args::tests::test_prepend ... ok
test interpreter::rule_defs::cmd_args::tests::test_parent_n_too_many_parents ... ok
test interpreter::rule_defs::artifact::stringifies_for_command_line ... ok
test interpreter::rule_defs::provider::builtin::validation_info::test_missing_fields_validation ... ok
test interpreter::rule_defs::provider::builtin::tests::test_equals ... ok
test interpreter::rule_defs::provider::field_types::test_compile_time_validate_constructor_param_types ... ok
test interpreter::rule_defs::cmd_args::tests::test_replace_regex_regex ... ok
test interpreter::rule_defs::provider::builtin::local_resource_info::test_validation_2 ... ok
test interpreter::rule_defs::provider::build_defs::test_provider ... ok
test interpreter::rule_defs::provider::builtin::validation_spec::test_missing_fields_validation ... ok
test interpreter::rule_defs::cmd_args::tests::test_parent_n ... ok
test actions::impls::json::test_tagging ... ok
test interpreter::rule_defs::provider::builtin::external_runner_test_info::test_construction ... ok
test interpreter::rule_defs::cmd_args::tests::test_inputs_outputs ... ok
test interpreter::rule_defs::artifact::output_artifact ... ok
test interpreter::rule_defs::cmd_args::tests::displays_correctly ... ok
test interpreter::rule_defs::provider::builtin::default_info::test_to_json ... ok
test interpreter::rule_defs::artifact::project_declared_artifact ... ok
test interpreter::rule_defs::artifact::source_artifact ... ok
test interpreter::rule_defs::cmd_args::tests::test_format ... ok
test interpreter::rule_defs::provider::builtin::validation_info::test_construction ... ok
test interpreter::rule_defs::artifact::bound_artifact_with_associated_artifacts ... ok
test interpreter::transitive_set::testing::test_new_transitive_set ... ok
test interpreter::rule_defs::cmd_args::tests::test_ignore_artifacts ... ok
test interpreter::rule_defs::cmd_args::tests::displays_correctly_replace_regex ... ok
test interpreter::rule_defs::provider::field_types::test_runtime_constructor_error_on_missing_required ... ok
test interpreter::rule_defs::provider::builtin::worker_info::run_display ... ok
test interpreter::rule_defs::artifact::declared_artifact ... ok
test interpreter::rule_defs::cmd_args::tests::test_relative_to_propagated_up_and_down ... ok
test interpreter::rule_defs::artifact_tagging::artifact_tag::test_artifact_tag_starlark_eq ... ok
test interpreter::rule_defs::cmd_args::tests::test_relative_absolute ... ok
test interpreter::rule_defs::provider::builtin::local_resource_info::test_validation_4 ... ok
test interpreter::rule_defs::provider::field_types::test_compile_time_field_types ... ok
test interpreter::rule_defs::cmd_args::tests::test_joined_with_empty_args ... ok
test interpreter::rule_defs::provider::provider_symbol::test_provider_symbol_pass ... ok
test interpreter::rule_defs::provider::field_types::test_pass ... ok
test interpreter::rule_defs::provider::collection::returns_default_info ... ok
test interpreter::transitive_set::tests::test_define_transitive_set_projections ... ok
test interpreter::rule_defs::cmd_args::tests::test_replace_regex ... ok
test nodes::calculation::test_get_node ... ok
test interpreter::rule_defs::cmd_args::tests::test_replace_regex_old ... ok
test interpreter::rule_defs::provider::provider_symbol::test_provider_symbol_fail_runtime ... ok
test interpreter::rule_defs::provider::field_types::test_compile_time_validate_required_param ... ok
test interpreter::rule_defs::provider::tests::test_provider_non_unique_fields ... ok
test interpreter::rule_defs::artifact::bound_artifact ... ok
test interpreter::rule_defs::provider::provider_symbol::test_provider_symbol_fail_compile_time ... ok
test interpreter::rule_defs::provider::tests::test_user_defined_provider_as_type ... ok
test interpreter::rule_defs::provider::tests::test_builtin_provider_as_type ... ok
test interpreter::rule_defs::provider::builtin::default_info::default_info_is_available ... ok
test interpreter::rule_defs::provider::field_types::test_runtime_constructor_validates_types ... ok
test interpreter::rule_defs::provider::tests::test_user_defined_provider_creator_typecheck ... ok
test interpreter::transitive_set::tests::test_projection_inputs ... ok
test interpreter::rule_defs::provider::builtin::validation_spec::test_construction ... ok
test interpreter::transitive_set::tests::test_define_transitive_set ... ok
test interpreter::rule_defs::provider::collection::provider_collection_contains_methods_and_in_operator ... ok
test interpreter::rule_defs::provider::builtin::validation_info::test_validation_failure ... ok
test interpreter::rule_defs::artifact::declared_bound ... ok
test interpreter::transitive_set::tests::test_type_1 ... ok
test interpreter::rule_defs::cmd_args::tests::test_quote_style_shell ... ok
test interpreter::transitive_set::tests::test_type_2 ... ok
test interpreter::transitive_set::tests::test_projection_iteration ... ok
test interpreter::transitive_set::tests::test_hash_transitive_set ... ok
test interpreter::rule_defs::provider::builtin::run_info::run_info_stringifies ... ok
test interpreter::transitive_set::tests::test_definition_type ... ok
test interpreter::rule_defs::cmd_args::tests::stringifies_correctly ... ok
test interpreter::rule_defs::provider::collection::provider_collection_constructs_properly ... ok
test interpreter::transitive_set::tests::test_accessors ... ok
test interpreter::rule_defs::provider::collection::provider_collection_get ... ok
test interpreter::rule_defs::artifact::test_short_path ... ok
test interpreter::transitive_set::tests::test_json_projection ... ok
test interpreter::transitive_set::tests::test_projection_args ... ok
test interpreter::rule_defs::cmd_args::tests::command_line_builder ... ok
test interpreter::transitive_set::tests::test_transitive_set_ordering_docs ... ok
test interpreter::transitive_set::tests::test_transitive_set_display ... ok
test analysis::calculation::test_analysis_calculation ... ok
test interpreter::transitive_set::tests::test_frozen_transitive_sets_iteration ... ok
test interpreter::rule_defs::cmd_args::tests::test_parent ... ok
test interpreter::rule_defs::provider::tests::creates_providers ... ok
test interpreter::transitive_set::tests::test_reduction ... ok
test interpreter::transitive_set::tests::test_create_transitive_set ... ok
test interpreter::transitive_set::tests::test_frozen_transitive_sets ... ok
test interpreter::transitive_set::tests::test_transitive_sets_projection ... ok
test interpreter::transitive_set::tests::test_transitive_sets_iteration ... ok
test interpreter::rule_defs::provider::builtin::validation_spec::test_validation_failure ... ok
test interpreter::rule_defs::provider::collection::provider_collection_fails_to_construct_on_bad_data ... ok
test interpreter::rule_defs::provider::builtin::external_runner_test_info::test_validation ... ok

test result: ok. 154 passed; 0 failed; 0 ignored; 0 measured; 0 filtered out; finished in 0.09s

     Running unittests src/lib.rs (target/debug/deps/buck2_build_info-243bf3fd0a22c2c0)

running 0 tests

test result: ok. 0 passed; 0 failed; 0 ignored; 0 measured; 0 filtered out; finished in 0.00s

     Running unittests src/lib.rs (target/debug/deps/buck2_build_signals-51f930b58e8d0261)

running 0 tests

test result: ok. 0 passed; 0 failed; 0 ignored; 0 measured; 0 filtered out; finished in 0.00s

     Running unittests src/lib.rs (target/debug/deps/buck2_build_signals_impl-158ed5ee8e64b739)

running 0 tests

test result: ok. 0 passed; 0 failed; 0 ignored; 0 measured; 0 filtered out; finished in 0.00s

     Running unittests src/lib.rs (target/debug/deps/buck2_bxl-820803c32c7055bb)

running 6 tests
test init_late_bindings_for_test ... ok
test bxl::starlark_defs::file_expr::tests::test_parse_cell_path_as_file_expr_literal ... ok
test bxl::starlark_defs::cli_args::tests::print_cli_arg_json ... ok
test bxl::starlark_defs::cli_args::tests::print_cli_arg_list ... ok
test command::tests::test_pending_streaming_next_outputs ... ok
test bxl::starlark_defs::cli_args::tests::coerce_starlark ... ok

test result: ok. 6 passed; 0 failed; 0 ignored; 0 measured; 0 filtered out; finished in 0.00s

     Running unittests src/lib.rs (target/debug/deps/buck2_certs-007ca6f420b0d2a6)

running 0 tests

test result: ok. 0 passed; 0 failed; 0 ignored; 0 measured; 0 filtered out; finished in 0.00s

     Running unittests src/lib.rs (target/debug/deps/buck2_cfg_constructor-fe8705a188586519)

running 0 tests

test result: ok. 0 passed; 0 failed; 0 ignored; 0 measured; 0 filtered out; finished in 0.00s

     Running unittests src/lib.rs (target/debug/deps/buck2_cli_proto-8256a025a3e98265)

running 1 test
test protobuf_util::tests::test_split ... ok

test result: ok. 1 passed; 0 failed; 0 ignored; 0 measured; 0 filtered out; finished in 0.00s

     Running unittests src/lib.rs (target/debug/deps/buck2_client-d774dea1dc4c5889)

running 17 tests
test commands::init::tests::test_buckconfig_generation_with_prelude ... ok
test commands::status::tests::test_duration_to_string ... ok
test commands::status::tests::test_timestamp_to_string ... ok
test commands::init::tests::test_buckconfig_generation_without_prelude ... ok
test print::tests::test ... ok
test print::tests::test_json_empty ... ok
test commands::build::tests::infos_default ... ok
test commands::init::tests::test_buckfile_generation_with_prelude ... ok
test commands::build::tests::infos_noop ... ok
test commands::init::tests::test_default_gitignore ... ok
test commands::init::tests::test_set_up_project_with_prelude_no_git ... ok
test commands::build::out::tests::test_copy_directory_with_symlink_pointing_externally ... ok
test commands::build::tests::infos_configure ... ok
test commands::build::out::tests::test_copy_symlink ... ok
test commands::build::tests::infos_validation ... ok
test commands::build::out::tests::test_copy_directory ... ok
test commands::build::out::tests::unix::test_copy_file ... ok

test result: ok. 17 passed; 0 failed; 0 ignored; 0 measured; 0 filtered out; finished in 0.01s

     Running unittests src/lib.rs (target/debug/deps/buck2_client_ctx-fc2566c12edf46e1)

running 53 tests
test client_cpu_tracker::tests::test_compute ... ok
test common::target_cfg::tests::space_separated_fails ... ok
test common::target_cfg::tests::opt_multiple ... ok
test common::target_cfg::tests::test_target_cfg_unused ... ok
test argfiles::tests::test_expand_argfile_content ... ok
test argfiles::tests::test_comment ... ok
test client_metadata::tests::test_parse ... ok
test common::tests::test_get_representative_config_flags_stops_at_double_dash ... ok
test common::tests::test_get_representative_config_flags ... ok
test daemon::client::connect::tests::test_constraints_equal_for_same_constraints ... ok
test common::tests::test_get_representative_config_flags_for_flagfiles ... ok
test daemon::client::connect::tests::test_constraints_equal_for_trace_io_existing ... ok
test daemon::client::connect::tests::test_constraints_unequal_for_trace_io ... ok
test daemon::client::connect::tests::test_constraints_nested_invocation_diff_user_version ... ok
test daemon::client::connect::tests::test_daemon_buster ... ok
test daemon::client::connect::tests::test_reject_daemon ... ok
test daemon::client::connect::tests::test_reject_materializer_state ... ok
test daemon::client::connect::tests::test_trace_io_is_enabled ... ok
test daemon::daemon_windows::tests::test_smoke ... ok
test ide_support::tests::test_decoder ... ok
test subscribers::build_graph_stats::tests::build_graph_stats_empty_target ... ok
test subscribers::build_graph_stats::tests::build_graph_stats_normal ... ok
test subscribers::health_check_subscriber::tests::test_dropped_client ... ok
test subscribers::health_check_subscriber::tests::test_excess_cache_miss_reporting ... ok
test subscribers::recorder::tests::test_outcome ... ok
test subscribers::recorder::tests::test_truncate_stderr ... ok
test subscribers::health_check_subscriber::tests::test_slow_client ... ok
test argfiles::tests::test_arg_source ... ok
test argfiles::tests::test_resolve_argfile_kind_with_project ... ok
test subscribers::superconsole::header::tests::test_remaining_with_pending ... ok
test subscribers::superconsole::header::tests::test_remaining ... ok
test subscribers::superconsole::header::tests::test_children ... ok
test argfiles::tests::test_relative_inclusion ... ok
test subscribers::superconsole::header::tests::test_simple_header_final ... ok
test subscribers::superconsole::io::tests::test_words_to_lines ... ok
test subscribers::superconsole::tests::test_session_info ... ok
test subscribers::health_check_subscriber::tests::test_health_check_subscriber ... ok
test subscribers::superconsole::tests::test_tailer_stderr ... ok
test subscribers::superconsole::timed_list::tests::test_children ... ok
test subscribers::superconsole::tests::test_default_layout ... ok
test subscribers::superconsole::timed_list::tests::test_normal ... ok
test subscribers::superconsole::timed_list::tests::test_remaining ... ok
test subscribers::superconsole::header::tests::test_rendering_golden ... ok
test subscribers::superconsole::timed_list::tests::test_remaining_with_pending ... ok
test subscribers::health_check_subscriber::tests::test_event_limit_exceeded ... ok
test subscribers::classify_server_stderr::tests::test_rust_stack_trace_hash ... ok
test subscribers::build_graph_stats::tests::build_graph_stats_too_long_targets ... ok
test subscribers::classify_server_stderr::tests::test_folly_stack_trace ... ok
[1GBuild ID: 22b88cb7-504d-4bf4-9418-3a606ce9b9f3[K
[1GLoading targets.   Remaining     0/1      [K
[1GCommand: test.                                                                                      [K
[1GTime elapsed: 0.0s[K
test subscribers::superconsole::tests::test_transfer_state_to_simpleconsole ... ok
test subscribers::superconsole::header::tests::test_different_sizes_dont_fail ... ok
test file_tailers::tailer::tests::test_tailer_stdout ... ok
test file_tailers::tailer::tests::test_tailer_stderr ... ok
test subscribers::classify_server_stderr::tests::test_generated_stack_trace ... ok

test result: ok. 53 passed; 0 failed; 0 ignored; 0 measured; 0 filtered out; finished in 0.29s

[1G[J     Running unittests src/lib.rs (target/debug/deps/buck2_cmd_audit_client-7f2f572fc20f3bf3)

running 0 tests

test result: ok. 0 passed; 0 failed; 0 ignored; 0 measured; 0 filtered out; finished in 0.00s

     Running unittests src/lib.rs (target/debug/deps/buck2_cmd_audit_server-c115b5f00064979f)

running 13 tests
test output::buck_out_path_parser::tests::test_anon_content_based_output ... ok
test output::buck_out_path_parser::tests::test_target_output ... ok
test output::buck_out_path_parser::tests::test_empty_package_path ... ok
test output::buck_out_path_parser::tests::test_anon_output ... ok
test output::buck_out_path_parser::tests::test_target_content_based_output ... ok
test output::buck_out_path_parser::tests::test_target_output_with_slashes ... ok
test output::buck_out_path_parser::tests::test_target_output_with_eq_sign ... ok
test output::buck_out_path_parser::tests::test_bxl_output ... ok
test output::buck_out_path_parser::tests::test_test_output ... ok
test output::buck_out_path_parser::tests::test_bxl_content_based_output ... ok
test output::buck_out_path_parser::tests::test_tmp_content_based_output ... ok
test output::buck_out_path_parser::tests::test_tmp_output ... ok
test output::buck_out_path_parser::tests::test_validation ... ok

test result: ok. 13 passed; 0 failed; 0 ignored; 0 measured; 0 filtered out; finished in 0.00s

     Running unittests src/lib.rs (target/debug/deps/buck2_cmd_completion_client-2e1394ec313e299d)

running 69 tests
test complete::package::tests::test_completes_cell_correctly_from_a_different_cell ... ok
test complete::path_sanitizer::tests::test_relative_path_from_root_verify_abs_path ... ok
test complete::path_sanitizer::tests::test_relative_path_from_root_verify_cell_name ... ok
test complete::path_sanitizer::tests::test_relative_path_from_root_verify_given ... ok
test complete::path_sanitizer::tests::test_root_dir_as_empty_string_is_ready_for_subdirs ... ok
test complete::path_sanitizer::tests::test_slash_terminated_dir_is_ready_for_subdirs ... ok
test complete::package::tests::test_completes_directory_in_different_cell_to_canonical_name ... ok
test complete::package::tests::test_backwards_path_to_different_cell_root_directory_completes_to_canonical_cell_name ... ok
test complete::path_sanitizer::tests::test_absolute_path_in_subcell_verify_cell_name ... ok
test complete::path_sanitizer::tests::test_absolute_path_in_subcell_verify_abs_path ... ok
test complete::package::tests::test_completes_cell_children_of_double_slash ... ok
test complete::package::tests::test_bails_on_nonexistent_path ... ok
test complete::package::tests::test_bails_on_nonexistent_path_in_subcell ... ok
test complete::package::tests::test_completes_cell_name_when_given_cell_root_as_directory ... ok
test complete::path_sanitizer::tests::test_canonical_cell_path_from_root_verify_cell_name ... ok
test complete::path_sanitizer::tests::test_canonical_path_in_root_from_root_verify_cell_name ... ok
test complete::package::tests::test_completes_cell_aliases_alongside_cells ... ok
test complete::path_sanitizer::tests::test_absolute_path_from_root_verify_abs_path ... ok
test complete::path_sanitizer::tests::test_corrects_malformed_cross_cell_forward_path_from_root_verify_given ... ok
test complete::path_sanitizer::tests::test_canonical_path_in_root_from_root_verify_given ... ok
test complete::path_sanitizer::tests::test_can_create_from_a_str_relative_path ... ok
test complete::package::tests::test_completes_as_both_directory_and_target_root ... ok
test complete::package::tests::test_completes_canonical_path_to_other_cell_from_subdirectory_in_this_cell ... ok
test complete::package::tests::test_completes_canonical_path_in_other_cell_to_with_slash_or_colon ... ok
test complete::path_sanitizer::tests::test_aliased_cell_verify_cell_name ... ok
test complete::package::tests::test_completes_single_slash_to_double_slash_in_root ... ok
test complete::path_sanitizer::tests::test_canonical_cell_path_from_root_verify_abs_path ... ok
test complete::package::tests::test_normalizes_absolute_paths ... ok
test complete::package::tests::test_completes_subdirs_as_well_as_target_colon_for_fully_qualified_cell ... ok
test complete::package::tests::test_package_completion_only_uses_aliases_in_cells_definining_them ... ok
test complete::package::tests::test_completes_cell_name_when_given_cell_root ... ok
test complete::package::tests::test_expands_subdirectory_with_buck_targets ... ok
test complete::path_sanitizer::tests::test_aliased_cell_verify_given ... ok
test complete::package::tests::test_completes_multiple_partial_dirs ... ok
test complete::path_sanitizer::tests::test_anonymous_cell_from_root_verify_abs_path ... ok
test complete::package::tests::test_completes_non_local_cell_name ... ok
test complete::path_sanitizer::tests::test_corrects_malformed_cross_cell_forward_path_from_root_verify_cell_name ... ok
test complete::path_sanitizer::tests::test_corrects_malformed_cross_cell_forward_path_from_root_verify_abs_path ... ok
test complete::path_sanitizer::tests::test_creation_returns_error_on_non_local_alias ... ok
test complete::package::tests::test_partial_subdirectory_name_expands_to_all_matches ... ok
test complete::package::tests::test_expands_subdirectory ... ok
test complete::path_sanitizer::tests::test_fully_qualified_cell_is_ready_for_subdirs ... ok
test complete::package::tests::test_package_completion_completes_packages_with_cell_aliases_as_aliases ... ok
test complete::package::tests::test_completes_partial_paths_and_matched_target_dirs ... ok
test complete::path_sanitizer::tests::test_cross_cell_forward_path_from_root_verify_cell_name ... ok
test complete::path_sanitizer::tests::test_cross_cell_forward_path_from_root_verify_abs_path ... ok
test complete::package::tests::test_completes_mix_of_non_local_cell_name_and_local_dirs ... ok
test complete::package::tests::test_identifies_non_local_cell_name ... ok
test complete::package::tests::test_expands_top_level_directory ... ok
test complete::package::tests::test_empty_string_also_completes_colon_if_in_target_dir ... ok
test complete::path_sanitizer::tests::test_bails_on_nonexistent_cell ... ok
test complete::path_sanitizer::tests::test_absolute_path_in_subcell_verify_given ... ok
test complete::path_sanitizer::tests::test_anonymous_cell_from_root_verify_cell_name ... ok
test complete::path_sanitizer::tests::test_absolute_path_from_root_verify_given ... ok
test complete::path_sanitizer::tests::test_absolute_path_from_root_verify_cell_name ... ok
test complete::package::tests::test_provides_subdirectory_and_target_alternatives ... ok
test complete::path_sanitizer::tests::test_canonical_cell_path_from_root_verify_given ... ok
test complete::package::tests::test_completes_partial_dir_in_different_cell_to_canonical_name ... ok
test complete::path_sanitizer::tests::test_can_create_from_a_canonical_path ... ok
test complete::package::tests::test_completes_root_children_of_double_slash ... ok
test complete::package::tests::test_completes_single_slash_to_double_slash_in_sub_cell ... ok
test complete::path_sanitizer::tests::test_canonical_path_in_root_from_root_verify_abs_path ... ok
test complete::path_sanitizer::tests::test_aliased_cell_verify_abs_path ... ok
test complete::path_sanitizer::tests::test_anonymous_cell_from_root_verify_given ... ok
test complete::path_sanitizer::tests::test_partial_with_no_slash_is_not_ready_for_subdirs ... ok
test complete::package::tests::test_completes_non_local_cell_name_when_provided_with_a_single_slash ... ok
test complete::path_sanitizer::tests::test_cross_cell_forward_path_from_root_verify_given ... ok
test complete::package::tests::test_in_subdirectory_can_complete_subdirs_of_project_root_with_canonical_cell ... ok
test complete::package::tests::test_empty_string_completes_both_cells_and_dirs ... ok

test result: ok. 69 passed; 0 failed; 0 ignored; 0 measured; 0 filtered out; finished in 0.11s

     Running unittests src/lib.rs (target/debug/deps/buck2_cmd_debug_client-0cc275f62d95848b)

running 1 test
test persist_event_logs::tests::test_categorize_error ... ok

test result: ok. 1 passed; 0 failed; 0 ignored; 0 measured; 0 filtered out; finished in 0.00s

     Running unittests src/lib.rs (target/debug/deps/buck2_cmd_docs_client-b4bb3b73f667cc98)

running 6 tests
test help_doc::tests::test_no_escape_in_single_backticks ... ok
test help_doc::tests::test_no_escape_in_triple_backticks ... ok
test help_doc::tests::test_adjacent_to_code_blocks ... ok
test help_doc::tests::test_multiline_triple_backticks ... ok
test help_doc::tests::test_simple_escape ... ok
test help_doc::tests::test_mixed_content ... ok

test result: ok. 6 passed; 0 failed; 0 ignored; 0 measured; 0 filtered out; finished in 0.00s

     Running unittests src/lib.rs (target/debug/deps/buck2_cmd_docs_server-c85288f1bf32b862)

running 0 tests

test result: ok. 0 passed; 0 failed; 0 ignored; 0 measured; 0 filtered out; finished in 0.00s

     Running unittests src/lib.rs (target/debug/deps/buck2_cmd_log_client-82ffaf6ffa1c7432)

running 3 tests
test what_ran::tests::serialize_what_ran_command_in_re ... ok
test what_ran::tests::serialize_what_ran_command_no_extr ... ok
test what_ran::tests::serialize_what_ran_command_with_extra ... ok

test result: ok. 3 passed; 0 failed; 0 ignored; 0 measured; 0 filtered out; finished in 0.00s

     Running unittests src/lib.rs (target/debug/deps/buck2_cmd_query_server-b55eec8da2a7f8a5)

running 0 tests

test result: ok. 0 passed; 0 failed; 0 ignored; 0 measured; 0 filtered out; finished in 0.00s

     Running unittests src/lib.rs (target/debug/deps/buck2_cmd_rage_client-44fc007f4ce79eb1)

running 0 tests

test result: ok. 0 passed; 0 failed; 0 ignored; 0 measured; 0 filtered out; finished in 0.00s

     Running unittests src/lib.rs (target/debug/deps/buck2_cmd_starlark_client-798bafaade053753)

running 0 tests

test result: ok. 0 passed; 0 failed; 0 ignored; 0 measured; 0 filtered out; finished in 0.00s

     Running unittests src/lib.rs (target/debug/deps/buck2_cmd_starlark_server-69fd571ee963253b)

running 0 tests

test result: ok. 0 passed; 0 failed; 0 ignored; 0 measured; 0 filtered out; finished in 0.00s

     Running unittests src/lib.rs (target/debug/deps/buck2_cmd_targets_server-24a243277a1243e4)

running 3 tests
test target_hash::tests::test_hash_display ... ok
test json::tests::test_quote_string ... ok
test json::tests::test_list ... ok

test result: ok. 3 passed; 0 failed; 0 ignored; 0 measured; 0 filtered out; finished in 0.00s

     Running unittests src/lib.rs (target/debug/deps/buck2_common-3df826a7ea1138aa)

running 104 tests
test buckd_connection::tests::test_fmt_parse ... ok
test build_count::tests::test_min_count_empty_data ... ok
test build_count::tests::test_min_count_ignores_others ... ok
test build_count::tests::test_min_count_some_value ... ok
test build_count::tests::test_update_empty_input ... ok
test build_count::tests::test_update_normal_input ... ok
test cas_digest::tests::test_digest_algorithm_kind_roundtrip ... ok
test build_count::tests::test_read_no_such_file ... ok
test build_count::tests::test_increment_empty_input ... ok
test build_count::tests::test_read_illegal_file_contents ... ok
test build_count::tests::test_read_normal_file ... ok
test cas_digest::tests::test_digest_from_reader ... ok
test cas_digest::tests::test_digest_from_content ... ok
test cas_digest::tests::test_digest_from_str ... ok
test cas_digest::tests::test_preferred_algorithm ... ok
test cas_digest::tests::test_parse_digest ... ok
test dice::cycles::tests::pair_cycle_detector ... ok
test file_ops::metadata::tests::test_tracked_file_digest_equivalence ... ok
test build_count::tests::test_write_empty_input ... ok
test invocation_paths::tests::test_paths ... ok
test build_count::tests::test_write_normal_input ... ok
test legacy_configs::aggregator::tests::test_duplicate_paths ... ok
test io::fs::tests::test_read_not_symlink ... ok
test io::fs::tests::test_read_symlink ... ok
test io::fs::tests::test_read_symlink_out_of_project ... ok
test legacy_configs::args::tests::test_argument_pair ... ok
test io::fs::tests::test_read_symlink_remaining_path ... ok
test io::fs::tests::test_read_symlink_in_dir ... ok
test io::fs::tests::test_read_unchecked_symlink ... ok
test legacy_configs::aggregator::tests::test_alias_only_error ... ok
test client_utils::tests::test_retrying_error_forever ... ok
test ignores::file_ignores::tests::file_ignores ... ok
test legacy_configs::configs::tests::test_config_args_empty ... ok
test ignores::ignore_set::tests::test_ignore_set_defaults ... ok
test build_count::tests::test_min_count_no_increment ... ok
test build_count::tests::test_increment_on_failure ... ok
test build_count::tests::test_increment_normal_input ... ok
test legacy_configs::configs::tests::test_section_and_key ... ok
test build_count::tests::test_rebase ... ok
test legacy_configs::file_ops::tests::dir_in_dir ... ok
test liveliness_observer::tests::test_and ... ok
test liveliness_observer::tests::test_cancel_restore_forget ... ok
test legacy_configs::file_ops::tests::dir_with_file ... ok
test liveliness_observer::tests::test_guard_is_alive ... ok
test legacy_configs::file_ops::tests::file ... ok
test legacy_configs::file_ops::tests::empty_dir ... ok
test legacy_configs::file_ops::tests::dir_with_file_in_dir ... ok
test liveliness_observer::tests::test_guard_is_alive_sync ... ok
test legacy_configs::file_ops::tests::non_existent_dir ... ok
test legacy_configs::configs::tests::test_config_args_overwrite_config_file ... ok
test legacy_configs::configs::tests::test_config_args_ordering ... ok
test legacy_configs::configs::tests::test_comments ... ok
test legacy_configs::configs::tests::test_config_args_cell_in_value ... ok
test legacy_configs::configs::tests::test_simple ... ok
test legacy_configs::configs::tests::test_config_file_args_overwrite_config_file ... ok
test legacy_configs::cells::tests::test_cell_config_section_name ... ok
test local_resource_state::tests::test_canary ... ok
test legacy_configs::cells::tests::test_local_config_file_overwrite_config_file ... ok
test legacy_configs::cells::tests::test_config_arg_with_no_buckconfig ... ok
test legacy_configs::cells::tests::test_git_external_cell ... ok
test manifold::tests::test_days_to_secs ... ok
test package_listing::file_listing::tests::test_listing_with_prefix ... ok
test legacy_configs::dice::tests::config_equals ... ok
test package_boundary::tests::test_package_boundary_dot ... ok
test package_boundary::tests::test_package_boundary_exceptions ... ok
test legacy_configs::configs::tests::test_references ... ok
test legacy_configs::configs::tests::test_reference_cycle ... ok
test buildfiles::tests::test_buildfiles ... ok
test package_listing::file_listing::tests::test_listing_within ... ok
test legacy_configs::configs::tests::test_includes ... ok
test pattern::resolve::tests::test_simple_specs_providers ... ok
test resource_control::tests::test_validate_systemd_version_empty ... ok
test pattern::resolve::tests::test_simple_specs_providers_with_modifiers ... ok
test resource_control::tests::test_validate_systemd_version_normal ... ok
test resource_control::tests::test_validate_systemd_version_unexpected_format ... ok
test resource_control::tests::test_validate_systemd_version_old_version ... ok
test resource_control::tests::test_validate_systemd_version_unexpected_version ... ok
test pattern::resolve::tests::test_simple_specs_targets ... ok
test pattern::resolve::tests::test_simple_specs_targets_with_modifiers ... ok
test sqlite::sqlite_db::tests::test_path_does_not_exist_error ... ok
test target_aliases::tests::test_aliases ... ok
test temp_path::tests::test_temp_path ... ok
test pattern::resolve::tests::test_recursive_patterns_with_modifiers::parsing_providerspattern ... ok
test pattern::resolve::tests::test_recursive_specs::parsing_providerspattern ... ok
test pattern::resolve::tests::test_recursive_specs::parsing_targetpattern ... ok
test pattern::resolve::tests::test_recursive_patterns_with_modifiers::parsing_targetpattern ... ok
test legacy_configs::cells::tests::test_missing_bundled_cell ... ok
test legacy_configs::cells::tests::test_multi_cell_local_config_file_overwrite_config_file ... ok
test legacy_configs::cells::tests::test_git_external_cell_invalid_sha1 ... ok
test legacy_configs::cells::tests::test_nested_external_cell_configs ... ok
test legacy_configs::cells::tests::test_cells ... ok
test legacy_configs::cells::tests::test_external_cell_configs ... ok
test legacy_configs::cells::tests::test_multi_cell_with_cell_relative ... ok
test legacy_configs::cells::tests::test_multi_cell_no_repositories_in_non_root_cell ... ok
test legacy_configs::cells::tests::test_multi_cell_with_config_file ... ok
test sqlite::sqlite_db::tests::test_rejected_identity ... ok
test sqlite::sqlite_db::tests::test_version_mismatch_error ... ok
test sqlite::sqlite_db::tests::test_create_new_sqlite_db ... ok
test sqlite::sqlite_db::tests::test_load_existing_sqlite_db ... ok
test sqlite::sqlite_db::tests::test_sqlite_tables_functionality ... ok
test sqlite::key_value_table::tests::test_key_value_sqlite_table ... ok
test liveliness_observer::tests::test_timeout ... ok
test kill_util::tests::test_graceful_termination ... ok
test kill_util::tests::test_sigkill_when_graceful_termination_fails ... ok

test result: ok. 104 passed; 0 failed; 0 ignored; 0 measured; 0 filtered out; finished in 2.18s

     Running unittests src/lib.rs (target/debug/deps/buck2_configured-f8e464fb229a16ce)

running 0 tests

test result: ok. 0 passed; 0 failed; 0 ignored; 0 measured; 0 filtered out; finished in 0.00s

     Running unittests src/lib.rs (target/debug/deps/buck2_core-70f3062a72032f4e)

running 149 tests
test ascii_char_set::tests::test_ascii_char_set ... ok
test build_file_path::tests::test_testing_new ... ok
test async_once_cell::tests::test_get_or_try_init ... ok
test async_once_cell::tests::test ... ok
test cells::cell_path_with_allowed_relative_dir::tests::multiple_parent_directory_traversal ... ok
test cells::cell_path_with_allowed_relative_dir::tests::nonleading_parent_dir_component ... ok
test cells::cell_path_with_allowed_relative_dir::tests::parent_directory_traversal ... ok
test cells::cell_path_with_allowed_relative_dir::tests::parent_directory_with_subpath ... ok
test cells::cell_path_with_allowed_relative_dir::tests::traversal_out_of_allowed_dir ... ok
test cells::nested::tests::test_nested_cells ... ok
test cells::tests::test_cells ... ok
test cells::tests::test_of_names_and_paths ... ok
test cells::tests::test_resolve_path_crossing_cell_boundaries ... ok
test category::tests::valid_categories ... ok
test category::tests::invalid_categories ... ok
test configuration::bound_id::tests::test_parse ... ok
test configuration::builtin::tests::test_from_label ... ok
test configuration::cfg_diff::tests::test_diff ... ok
test configuration::config_setting::tests::buckconfig_refines ... ok
test configuration::config_setting::tests::is_subset ... ok
test configuration::compatibility::tests::test_skipping_message_for_multiple ... ok
test configuration::config_setting::tests::refines ... ok
test configuration::data::tests::test_lookup_from_string ... ok
test configuration::data::tests::test_stable_output_hash ... ok
test configuration::hash::tests::test_hash ... ok
test content_hash::tests::test_hash ... ok
test content_hash::tests::test_hash_for_aquery_placeholder ... ok
test content_hash::tests::test_hash_for_dep_files_placeholder ... ok
test content_hash::tests::test_hash_for_output_artifact ... ok
test content_hash::tests::test_hash_for_relative_path_resolution ... ok
test content_hash::tests::test_hash_for_scratch_path ... ok
test content_hash::tests::test_hash_too_short ... ok
test env::registry::tests::test_env_info ... ok
test env::registry::tests::test_ty_short ... ok
test error::tests::test_hard_error ... ok
test error::tests::test_validate_logview_category ... ok
test error::tests::test_reset_soft_error_handler ... ok
test fs::buck_out_path::tests::buck_path_resolves ... ok
test fs::buck_out_path::tests::test_scratch_path_is_unique ... ok
test fs::cwd::tests::test_maybe_relativize_str ... ok
test fs::cwd::tests::test_maybe_relativize ... ok
test fs::buck_out_path::tests::test_resolve_test_discovery ... ok
test fs::buck_out_path::tests::test_scratch_path_is_sensible ... ok
test fs::fs_util::tests::absolute_symlink_to_nonexistent_file_in_nonexistent_dir ... ok
test fs::fs_util::tests::relative_symlink_from_symlinked_dir_windows ... ok
test fs::fs_util::tests::if_exists_read_dir ... ok
test fs::fs_util::tests::create_and_remove_symlink_file ... ok
test fs::fs_util::tests::create_and_remove_symlink_dir ... ok
test fs::fs_util::tests::create_dir_if_not_exists ... ok
test fs::fs_util::tests::remove_all_broken_symlink ... ok
test fs::fs_util::tests::remove_all_nonexistent ... ok
test fs::fs_util::tests::relative_symlink_to_nonexistent_file ... ok
test fs::buck_out_path::tests::buck_target_output_path_resolves ... ok
test fs::fs_util::tests::remove_all_dir ... ok
test fs::fs_util::tests::remove_all_path_contains_regular_file ... ok
test fs::fs_util::tests::remove_all_regular ... ok
test fs::fs_util::tests::test_io_error_tag ... ok
test fs::fs_util::tests::remove_file_broken_symlink ... ok
test fs::fs_util::tests::remove_dir_all_does_not_remove_file ... ok
test fs::fs_util::tests::test_relative_path ... ok
test fs::fs_util::tests::remove_file_non_existing_file ... ok
test fs::paths::abs_norm_path::tests::abs_path_is_comparable ... ok
test fs::fs_util::tests::remove_file_does_not_remove_directory ... ok
test fs::paths::abs_norm_path::tests::test_pop ... ok
test fs::paths::abs_norm_path::tests::abs_paths_work_in_maps ... ok
test fs::paths::abs_norm_path::tests::test_join ... ok
test fs::fs_util::tests::remove_file_removes_symlink_to_directory ... ok
test fs::paths::abs_norm_path::tests::test_verify ... ok
test fs::paths::abs_norm_path::tests::test_verify_windows ... ok
test fs::paths::forward_rel_path::tests::forward_path_is_comparable ... ok
test fs::paths::forward_rel_path::tests::test_concat ... ok
test fs::paths::forward_rel_path::tests::test_from_iter ... ok
test fs::paths::forward_rel_path::tests::test_iter ... ok
test fs::paths::forward_rel_path::tests::test_iter_as_path ... ok
test fs::paths::forward_rel_path::tests::test_pop ... ok
test fs::fs_util::tests::symlink_to_file_which_doesnt_exist ... ok
test fs::paths::forward_rel_path::tests::test_serde ... ok
test fs::fs_util::tests::test_create_file_if_not_exists ... ok
test fs::paths::forward_rel_path::tests::test_split_last ... ok
test fs::fs_util::tests::test_disk_space_stats ... ok
test fs::fs_util::tests::test_read_to_string_if_exists ... ok
test fs::paths::forward_rel_path::tests::test_strip_suffix ... ok
test fs::fs_util::tests::symlink_to_symlinked_dir ... ok
test fs::paths::tests::path_buf_is_clonable ... ok
test fs::fs_util::tests::test_read_if_exists ... ok
test fs::paths::path_util::tests::test_path_remove_prefix ... ok
test fs::fs_util::tests::test_remove_all_removes_readonly_path ... ok
test fs::paths::tests::relative_path_display_is_readable ... ok
test fs::paths::tests::wrapped_paths_work_in_maps ... ok
test fs::fs_util::tests::test_set_executable ... ok
test fs::fs_util::tests::test_retry_io ... ok
test fs::paths::tests::absolute_path_display_is_readable ... ok
test fs::project_rel_path::tests::path_display_is_readable ... ok
test fs::fs_util::tests::relative_symlink_to_nonexistent_dir ... ok
test fs::project_rel_path::tests::path_is_comparable ... ok
test io_counters::tests::test_keys ... ok
test fs::project::tests::test_relativizes_paths_correct ... ok
test fs::project_rel_path::tests::test_serde ... ok
test package::package_relative_path::tests::paths_work_in_maps ... ok
test package::package_relative_path::tests::path_is_comparable ... ok
test package::tests::test_fails_on_invalid_path ... ok
test pattern::ascii_pattern::tests::test_first_index_in ... ok
test package::tests::test_serialize ... ok
test fs::project::tests::test_relativize_any_bug ... ok
test fs::project::tests::test_strip_project_root_complex ... ok
test pattern::ascii_pattern::tests::test_last_index_in ... ok
test pattern::ascii_pattern::tests::test_is_suffix_of ... ok
test pattern::parse_package::tests::test_parse_package ... ok
test fs::project::tests::test_copy_symlink ... ok
test pattern::ascii_pattern::tests::test_is_prefix_of ... ok
test fs::project::tests::test_set_executable ... ok
test fs::buck_out_path::tests::buck_output_path_resolves ... ok
test fs::project::tests::test_strip_project_root_simple ... ok
test pattern::pattern::tests::bad_providers_label ... ok
test fs::project::tests::test_symlink_to_directory ... ok
test pattern::pattern::tests::parse_absolute_pattern::parsing_providerspattern ... ok
test pattern::pattern::tests::parse_absolute_pattern::parsing_targetpattern ... ok
test pattern::pattern::tests::parse_absolute_pattern::parsing_configuredtargetpatternextra ... ok
test pattern::pattern::tests::parse_absolute_pattern::parsing_configuredproviderspatternextra ... ok
test pattern::pattern::tests::parse_pattern_failure::parsing_configuredtargetpatternextra ... ok
test pattern::pattern::tests::parsed_pattern_contains ... ok
test pattern::pattern::tests::parse_pattern_failure::parsing_configuredproviderspatternextra ... ok
test pattern::pattern::tests::parse_pattern_failure::parsing_providerspattern ... ok
test pattern::pattern::tests::parse_pattern_failure::parsing_targetpattern ... ok
test pattern::pattern::tests::parse_relative_pattern ... ok
test pattern::pattern::tests::test_cross_cell_boundary ... ok
test pattern::pattern::tests::test_configured_parsed_pattern_with_modifiers ... ok
test pattern::pattern::tests::test_parse_configured_providers_pattern ... ok
test pattern::pattern::tests::test_parsed_pattern_display ... ok
test pattern::pattern::tests::parse_providers_pattern_with_alias ... ok
test pattern::pattern::tests::test_aliases ... ok
test pattern::pattern::tests::test_parsed_pattern_fails_with_modifiers ... ok
test pattern::pattern::tests::test_parsed_pattern_with_modifiers_relaxed ... ok
test pattern::pattern::tests::test_relative_pattern_with_parent ... ok
test provider::label::tests::providers_name_validation ... ok
test pattern::pattern_type::tests::test_configured_providers_matches_cfg ... ok
test pattern::pattern::tests::test_parsed_opt_absolute ... ok
test rollout_percentage::tests::test_parse_err ... ok
test rollout_percentage::tests::test_parse_ok ... ok
test pattern::pattern::tests::test_relaxed ... ok
test rollout_percentage::tests::test_roll_no_hostname ... ok
test target::label::interner::tests::test_interner ... ok
test target::name::tests::target_name_validation ... ok
test pattern::pattern::tests::parse_providers_pattern ... ok
test target::name::tests::test_value_and_ref_hashes_equal ... ok
test fs::project::tests::copy_works ... ok
test fs::project::tests::test_symlink_relativized ... ok
test rollout_percentage::tests::test_roll ... ok
test fs::fs_util::tests::test_symlink_with_target_length_over_max_path ... ok

test result: ok. 149 passed; 0 failed; 0 ignored; 0 measured; 0 filtered out; finished in 0.02s

     Running tests/soft_error.rs (target/debug/deps/soft_error-44c68feddfb45715)

running 2 tests
test test_reset_counters ... ok
test test_soft_error ... ok

test result: ok. 2 passed; 0 failed; 0 ignored; 0 measured; 0 filtered out; finished in 0.00s

     Running unittests src/lib.rs (target/debug/deps/buck2_critical_path-f15897f87e229584)

running 21 tests
test builder::tests::test_duplicate_err ... ok
test builder::tests::test_finish ... ok
test builder::tests::test_missing_ok ... ok
test graph::tests::test_add_edges ... ok
test graph::tests::test_iter ... ok
test graph::tests::test_longest_paths ... ok
test graph::tests::test_reverse ... ok
test graph::tests::test_topo_sort ... ok
test graph::tests::test_topo_sort_cycle ... ok
test graph::tests::test_topo_sort_empty ... ok
test potential::tests::test_mini ... ok
test test_utils::tests::test_shuffle ... ok
test potential::tests::test_trivial ... ok
test potential::tests::test_medium ... ok
test potential::tests::test_accessor ... ok
test potential::tests::test_large ... ok
test graph::tests::test_topo_sort_large ... ok
test potential::tests::test_random_large ... ok
test potential::tests::test_xlarge ... ok
test potential::tests::test_xxlarge ... ok
test potential::tests::test_xxxlarge ... ok

test result: ok. 21 passed; 0 failed; 0 ignored; 0 measured; 0 filtered out; finished in 7.14s

     Running unittests src/lib.rs (target/debug/deps/buck2_daemon-d8d372eda9da6243)

running 2 tests
test schedule_termination::tests::test_elapsed_cpu_time_as_percents ... ok
test daemon::tests::test_daemon_smoke ... ok

test result: ok. 2 passed; 0 failed; 0 ignored; 0 measured; 0 filtered out; finished in 1.83s

     Running unittests src/lib.rs (target/debug/deps/buck2_data-225377517f1a9368)

running 2 tests
test serialize_duration_as_micros::tests::test_roundtrip ... ok
test serialize_duration_as_micros::tests::test_value ... ok

test result: ok. 2 passed; 0 failed; 0 ignored; 0 measured; 0 filtered out; finished in 0.00s

     Running unittests src/lib.rs (target/debug/deps/buck2_directory-9ddc0de32abffbf3)

running 28 tests
test directory::builder::tests::test_bounds ... ok
test directory::builder::tests::test_copy_on_write ... ok
test directory::builder::tests::test_merge ... ok
test directory::builder::tests::test_insert ... ok
test directory::builder::tests::test_merge_conflict ... ok
test directory::builder::tests::test_merge_overwrite ... ok
test directory::builder::tests::test_mkdir ... ok
test directory::builder::tests::test_mkdir_overwrite ... ok
test directory::builder::tests::test_remove_prefix_empty ... ok
test directory::builder::tests::test_remove_prefix_error ... ok
test directory::builder::tests::test_remove_prefix_leaf ... ok
test directory::builder::tests::test_remove_prefix_tree ... ok
test directory::directory_selector::tests::test_filter ... ok
test directory::builder::tests::test_reuse_when_merging_into_empty_dir ... ok
test directory::builder_lazy::tests::test_smoke ... ok
test directory::dashmap_directory_interner::tests::test_directory_interner_deep ... ok
test directory::dashmap_directory_interner::tests::test_directory_interner ... ok
test directory::builder::tests::test_reuse_in_case_of_subset_merge ... ok
test directory::builder::tests::test_reuse_in_case_of_superset_on_leaves ... ok
test directory::builder::tests::test_reuse_in_case_of_superset_merge ... ok
test directory::directory_selector::tests::test_filter_continues_on_error ... ok
test directory::directory_selector::tests::test_search ... ok
test directory::entry::tests::test_bounds ... ok
test directory::find::tests::test_find ... ok
test directory::path_accumulator::tests::test_path_accumulator ... ok
test directory::find::tests::test_find_prefix ... ok
test directory::walk::tests::test_entry_walk ... ok
test directory::walk::tests::test_walk ... ok

test result: ok. 28 passed; 0 failed; 0 ignored; 0 measured; 0 filtered out; finished in 0.00s

     Running unittests src/lib.rs (target/debug/deps/buck2_downward_api-ae64e254a5e2fcf2)

running 0 tests

test result: ok. 0 passed; 0 failed; 0 ignored; 0 measured; 0 filtered out; finished in 0.00s

     Running unittests src/lib.rs (target/debug/deps/buck2_downward_api_proto-c47125c638dbd49b)

running 1 test
test convert::tests::test_log_level_roundtrip ... ok

test result: ok. 1 passed; 0 failed; 0 ignored; 0 measured; 0 filtered out; finished in 0.00s

     Running unittests src/lib.rs (target/debug/deps/buck2_eden-9b25b2e9231d2eb3)

running 0 tests

test result: ok. 0 passed; 0 failed; 0 ignored; 0 measured; 0 filtered out; finished in 0.00s

     Running unittests src/lib.rs (target/debug/deps/buck2_error-76509eea6b64e21d)

running 51 tests
test any::tests::test_context_in_wrapper ... ok
test any::tests::test_metadata ... ok
test any::tests::test_no_root_metadata_context ... ok
test any::tests::test_roundtrip_no_context ... ok
test any::tests::test_metadata_through_anyhow ... ok
test any::tests::test_metadata_through_wrapper ... ok
test any::tests::test_roundtrip_with_context ... ok
test classify::tests::test_best_tag ... ok
test any::tests::test_roundtrip_with_typed_context ... ok
test classify::tests::test_default_is_infra ... ok
test classify::tests::test_first_error_best_error ... ok
test classify::tests::test_rank ... ok
test classify::tests::test_ranked_infra ... ok
test classify::tests::test_ranked_tags ... ok
test classify::tests::test_source_area ... ok
test context::tests::test_compute_context ... ok
test context_value::tests::test_category_infra_preferred ... ok
test context_value::tests::test_category_not_in_formatting ... ok
test derive_tests::test_correct_transparent ... ok
test derive_tests::test_derive_error1 ... ok
test derive_tests::test_derive_error2 ... ok
test derive_tests::test_derive_error3 ... ok
test derive_tests::test_enum_with_type_option ... ok
test derive_tests::test_error_tags ... ok
test derive_tests::test_error_message_with_provided_field ... ok
test derive_tests::test_error_tags_vec_fn ... ok
test derive_tests::test_error_with_spelled_out_category ... ok
test derive_tests::test_generic_error ... ok
test derive_tests::test_recovery_through_transparent_buck2_error ... ok
test derive_tests::test_source_location_no_attrs ... ok
test derive_tests::test_source_metadata_are_included ... ok
test derive_tests::test_with_field ... ok
test error::tests::test_category_key ... ok
test error::tests::test_duplicate_string_tags ... ok
test error::tests::test_emitted_works ... ok
test error::tests::test_get_tier ... ok
test error::tests::test_root_id ... ok
test source_location::tests::test_this_file ... ok
test source_location::tests::test_via_anyhow_from ... ok
test source_location::tests::test_via_context ... ok
test source_location::tests::test_via_derive ... ok
test source_location::tests::test_via_error_macro ... ok
test source_location::tests::test_via_error_new ... ok
test source_location::tests::test_via_implicit ... ok
test source_location::tests::test_via_try ... ok
test source_location::tests::test_windows_path ... ok
test starlark_error::tests::test_conversion_with_typed_context ... ok
test starlark_error::tests::test_pop_base_error_from_context ... ok
test starlark_error::tests::test_metadata_roundtrip_with_anyhow ... ok
test starlark_error::tests::test_roundtrip_starlark ... ok
test starlark_error::tests::test_pop_dyn_error_from_context ... ok

test result: ok. 51 passed; 0 failed; 0 ignored; 0 measured; 0 filtered out; finished in 0.01s

     Running unittests src/lib.rs (target/debug/deps/buck2_error_derive-b60b5d236068a48c)

running 0 tests

test result: ok. 0 passed; 0 failed; 0 ignored; 0 measured; 0 filtered out; finished in 0.00s

     Running unittests src/lib.rs (target/debug/deps/buck2_error_tests-2c96a2ed29914852)

running 7 tests
test format::test_shows_context ... ok
test format::test_shows_anyhow_context ... ok
test format::test_after_anyhow_conversion ... ok
test format::test_with_context_from_source ... ok
test conversion::test_format_starlark_stacktrace_with_later_context ... ok
test conversion::test_starlark_multiple_stacktrace ... ok
test conversion::test_starlark_multiple_stacktrace_with_context_inbetween ... ok

test result: ok. 7 passed; 0 failed; 0 ignored; 0 measured; 0 filtered out; finished in 0.02s

     Running unittests src/lib.rs (target/debug/deps/buck2_errorformat-c0bd612dfdc62f3a)

running 40 tests
test efm_tests::test_empty_input ... ok
test efm_tests::test_empty_errorformat ... ok
test efm_tests::test_invalid_efm_pattern ... ok
test efm_tests::test_invalid_missing_percent ... ok
test efm_tests::test_invalid_missing_specifier ... ok
test efm_tests::test_invalid_modifier_only ... ok
test efm_tests::test_invalid_specifier_char ... ok
test efm_tests::test_none_modifier ... ok
test efm_tests::test_minus_modifier ... ok
test efm_tests::test_plus_modifier ... ok
test efm_tests::test_remaining_input ... ok
test e2e_tests::test_parse_error_format_simple ... ok
test efm_tests::test_pointer_pattern_with_tab ... ok
test efm_tests::test_basic_format_f_l_c_m ... ok
test split_tests::test_split_errorformat ... ok
test split_tests::test_split_errorformat_with_blanks ... ok
test split_tests::test_split_lines ... ok
test e2e_tests::test_parse_error_format_with_type ... ok
test e2e_tests::test_parse_error_format_multiple_patterns ... ok
test efm_tests::test_normal_chars_escaped_in_regex ... ok
test efm_tests::test_ERR_NUMBER_PATTERN_n_not_in_entry ... ok
test efm_tests::test_filename_with_unescaped_spaces ... ok
test e2e_tests::test_parse_error_format_multiline_ignore ... ok
test efm_tests::test_literal_percent_char ... ok
test efm_tests::test_special_percent_chars_as_regex ... ok
test efm_tests::parse_to_get_file_name ... ok
test efm_tests::test_star_bracket_pattern ... ok
test e2e_tests::test_parse_error_format_multiline ... ok
test e2e_tests::test_parse_error_format_with_dir_push_pop_wihtout_filename ... ok
test efm_tests::test_windows_paths_f_m ... ok
test efm_tests::test_star_escape_pattern ... ok
test e2e_tests::test_parse_error_format_with_relative_paths ... ok
test e2e_tests::test_parse_error_format_with_ignore_pattern ... ok
test efm_tests::test_format_specifier_parsing ... ok
test e2e_tests::test_parse_error_format_with_file_push_pop ... ok
test e2e_tests::test_parse_python_unittest_error ... ok
test e2e_tests::test_parse_error_format_multiline_ignore_mixed_with_normal ... ok
test e2e_tests::test_parse_error_format_with_ignore_pattern_and_file_stack ... ok
test e2e_tests::test_parse_error_format_with_plus_pattern ... ok
test e2e_tests::test_parse_rust_errorformat_patterns ... ok

test result: ok. 40 passed; 0 failed; 0 ignored; 0 measured; 0 filtered out; finished in 0.02s

     Running unittests src/lib.rs (target/debug/deps/buck2_event_log-0d1b25bb463cb666)

running 13 tests
test ttl::tests::test_is_a_user ... ok
test ttl::tests::test_not_a_user ... ok
test ttl::tests::test_not_a_user_and_continuous ... ok
test ttl::tests::test_not_a_user_and_not_continuous ... ok
test user_event_types::tests::test_serialize_starlark_user_event ... ok
test user_event_types::tests::test_serialize_starlark_user_event_dict ... ok
test user_event_types::tests::test_serialize_starlark_user_event_list ... ok
test utils::tests::test_parse_json_line ... ok
test write::tests::test_stream_value_serialize_to_protobuf_length_delimited ... ok
test read::tests::test_get_uuid_from_logfile_name ... ok
test write::tests::test_protobuf_decoding_gzip ... ok
test write::tests::test_tick_makes_valid_log_zstd ... ok
test write::tests::test_protobuf_decoding_zstd ... ok

test result: ok. 13 passed; 0 failed; 0 ignored; 0 measured; 0 filtered out; finished in 0.00s

     Running unittests src/lib.rs (target/debug/deps/buck2_event_observer-a177560ce5bc1586)

running 32 tests
test action_stats::tests::test_excess_cache_miss_with_no_invalidation_source ... ok
test action_stats::tests::test_file_change_invalidation_source ... ok
test display::tests::correctly_handles_carriage_return ... ok
test display::tests::preserves_duplicate_newlines ... ok
test display::tests::preserves_leading_whitespace ... ok
test display::tests::preserves_other_trailing_whitespace ... ok
test display::tests::strips_trailing_newline_character ... ok
test display::tests::removes_color_characters ... ok
test fmt_duration::tests::test_fmt_duration ... ok
test humanized::tests::test_humanized ... ok
test humanized::tests::test_humanized_bytes_per_second ... ok
test humanized::tests::test_humanized_count ... ok
test pending_estimate::tests::test_completion_percentage_build_complete ... ok
test pending_estimate::tests::test_completion_no_progress ... ok
test pending_estimate::tests::test_completion_percentage_empty_span ... ok
test pending_estimate::tests::test_completion_percentage_intermediate_state ... ok
test pending_estimate::tests::test_completion_percentage_invalid_dice_state ... ok
test progress::tests::test_span_map ... ok
test span_tracker::tests::test_boring_via_child ... ok
test span_tracker::tests::test_boring_via_self ... ok
test span_tracker::tests::test_dice_counts ... ok
test span_tracker::tests::test_iter_roots_len ... ok
test two_snapshots::tests::test_bytes_per_second ... ok
test two_snapshots::tests::test_cpu_percents ... ok
test verbosity::tests::test_default ... ok
test verbosity::tests::test_default_with_stderr ... ok
test verbosity::tests::test_more_than_one_level_throws_error ... ok
test verbosity::tests::test_unknown_item_throws_error ... ok
test verbosity::tests::test_quiet_with_items ... ok
test verbosity::tests::test_verbose ... ok
test what_ran::tests::test_executor_with_platform ... ok
test what_ran::tests::test_executor_with_platform_no_platform ... ok

test result: ok. 32 passed; 0 failed; 0 ignored; 0 measured; 0 filtered out; finished in 0.00s

     Running unittests src/lib.rs (target/debug/deps/buck2_events-11d5c41870b9a6f1)

running 30 tests
test daemon_id::tests::test_display ... ok
test dispatch::tests::send_event_with_nested_span ... ok
test dispatch::tests::send_event_with_nested_span_explicit ... ok
test dispatch::tests::send_event_with_nested_span_async ... ok
test dispatch::tests::send_event_smoke ... ok
test dispatch::tests::send_event_with_span_async ... ok
test sink::smart_truncate_event::tests::smart_truncate_action_execution_end_one_last_command_truncated ... ok
test sink::smart_truncate_event::tests::smart_truncate_build_command_end_short_target_patterns_not_truncated ... ok
test dispatch::tests::test_async_record_root_spans ... ok
test dispatch::tests::test_concurrent_single_thread ... ok
test dispatch::tests::send_event_with_span ... ok
test sink::channel::tests::sending_event_smoke ... ok
test dispatch::tests::test_record_root_spans ... ok
test sink::smart_truncate_event::tests::smart_truncate_resolved_target_patterns_clears_unresolved_one ... ok
test sink::smart_truncate_event::tests::smart_truncate_action_execution_end_long_stderr_command_truncated ... ok
test sink::smart_truncate_event::tests::smart_truncate_invocation_record_short_cli_args_truncated ... ok
test dispatch::tests::test_concurrent_multi_thread ... ok
test sink::smart_truncate_event::tests::smart_truncate_test_end_command_report_stdout_truncated ... ok
test sink::smart_truncate_event::tests::smart_truncate_short_file_watcher_stats_not_truncated ... ok
test sink::smart_truncate_event::tests::smart_truncate_test_discovery_end_command_report_stdout_truncated ... ok
test sink::smart_truncate_event::tests::smart_truncate_unresolved_target_used_when_resolved_one_unavailable ... ok
test source::tests::receive_smoke ... ok
test tests::round_trip_success ... ok
test tests::trace_id_hash_produces_a_reasonable_number ... ok
test sink::smart_truncate_event::tests::smart_truncate_long_file_watcher_stats_truncated ... ok
test sink::smart_truncate_event::tests::smart_truncate_invocation_record_long_cli_args_truncated ... ok
test sink::smart_truncate_event::tests::smart_truncate_build_command_end_long_target_patterns_truncated ... ok
test sink::smart_truncate_event::tests::smart_truncate_test_end_long_test_names_truncated ... ok
test sink::smart_truncate_event::tests::smart_truncate_invocation_record_error_reports_truncated ... ok
test dispatch::tests::test_span_stats ... ok

test result: ok. 30 passed; 0 failed; 0 ignored; 0 measured; 0 filtered out; finished in 0.02s

     Running unittests src/lib.rs (target/debug/deps/buck2_execute-6b617f84f88f5d89)

running 23 tests
test directory::tests::test_unnormalized_symlinks ... ok
test directory::tests::test_extract_has_deps_leaf ... ok
test directory::tests::test_re_tree_roundtrip ... ok
test directory::tests::test_extract_symlink_chain ... ok
test directory::tests::test_extract_cycle ... ok
test directory::tests::directory_relativized ... ok
test directory::tests::test_extract_has_deps_dir ... ok
test directory::tests::test_extract_no_deps ... ok
test artifact_utils::tests::copy_relativized_symlink ... ok
test directory::tests::test_re_tree_compatibility ... ok
test execute::claim::tests::test_mutex_claim_release ... ok
test execute::result::tests::test_to_command_execution_proto ... ok
test execute::result::tests::test_to_command_execution_proto_omit_command_details ... ok
test execute::result::tests::test_to_command_execution_proto_omit_stderr ... ok
test execute::result::tests::test_to_command_execution_proto_omit_stdout ... ok
test re::client::tests::test_chunks_reuses ... ok
test materialize::http::tests::test_debug_buffer ... ok
test materialize::http::tests::test_copy_and_hash_ok ... ok
test materialize::http::tests::test_copy_and_hash_invalid_secondary_hash ... ok
test materialize::http::tests::test_copy_and_hash_invalid_primary_hash ... ok
test re::client::tests::test_chunks_splits ... ok
test re::client::tests::test_chunks_skips ... ok
test re::error::tests::test_extract_re_error ... ok

test result: ok. 23 passed; 0 failed; 0 ignored; 0 measured; 0 filtered out; finished in 0.00s

     Running unittests src/lib.rs (target/debug/deps/buck2_execute_impl-86407d92961a4403)

running 44 tests
test low_pass_filter::tests::test_access_many ... ok
test low_pass_filter::tests::test_access_does_not_require_poll ... ok
test low_pass_filter::tests::test_access ... ok
test low_pass_filter::tests::test_access_weight ... ok
test materializers::deferred::data_tree::tests::test_get ... ok
test materializers::deferred::data_tree::tests::test_into_iter ... ok
test materializers::deferred::data_tree::tests::test_iter ... ok
test low_pass_filter::tests::test_release_cancel ... ok
test low_pass_filter::tests::test_release ... ok
test materializers::deferred::data_tree::tests::test_prefix_remove ... ok
test materializers::deferred::data_tree::tests::test_remove_empty_dirs ... ok
test materializers::deferred::data_tree::tests::test_suffix_remove ... ok
test materializers::deferred::materialize_stack::test_materialize_stack_display ... ok
test materializers::deferred::tests::test_remove_path ... ok
test materializers::deferred::tests::test_find_artifacts ... ok
test sqlite::tables::incremental_state_table::tests::test_conversion ... ok
test sqlite::tables::materializer_state_table::tests::test_artifact_metadata_compact_dir_sqlite_entry_conversion_succeeds ... ok
test sqlite::tables::materializer_state_table::tests::test_artifact_metadata_file_sqlite_entry_conversion_succeeds ... ok
test sqlite::tables::materializer_state_table::tests::test_artifact_metadata_full_dir_sqlite_entry_conversion_succeeds ... ok
test sqlite::tables::materializer_state_table::tests::test_artifact_metadata_symlink_sqlite_entry_conversion_succeeds ... ok
test sqlite::tables::materializer_state_table::tests::test_artifact_metadata_external_symlink_sqlite_entry_conversion_succeeds ... ok
test executors::local::tests::test_exec_cmd_environment ... ok
test executors::local::tests::test_exec_cmd_environment_filtering ... ok
test sqlite::tables::incremental_state_table::tests::test_insert_and_read_single_action ... ok
test sqlite::tables::incremental_state_table::tests::test_insert_and_read_multiple_actions ... ok
test sqlite::tables::incremental_state_table::tests::test_delete_action ... ok
test sqlite::tables::materializer_state_table::tests::test_delete_many ... ok
test materializers::deferred::tests::state_machine::test_retry ... ok
test materializers::deferred::tests::state_machine::test_declare_reuse ... ok
test materializers::deferred::tests::state_machine::test_subscription_subscribe_also_materializes ... ok
test materializers::deferred::tests::state_machine::test_subscription_unsubscribe ... ok
test materializers::deferred::tests::state_machine::test_has_artifact_at ... ok
test materializers::deferred::tests::state_machine::test_materialize_dep_error ... ok
test materializers::deferred::tests::state_machine::test_subscription_notifications ... ok
test materializers::deferred::tests::state_machine::test_subscription_create_destroy ... ok
test materializers::deferred::tests::state_machine::test_invalidate_error ... ok
test materializers::deferred::tests::state_machine::test_clean_stale ... ok
test materializers::deferred::tests::state_machine::test_clean_stale_interrupt ... ok
test materializers::deferred::tests::state_machine::test_materialize_symlink_and_target ... ok
test materializers::deferred::tests::state_machine::test_materialize_symlink_first_then_target ... ok
test sqlite::incremental_state_db::tests::test_initialize_incremental_sqlite_db ... ok
test sqlite::materializer_db::tests::test_initialize_sqlite_db ... ok
test sqlite::materializer_db::tests::test_materializer_state_sqlite_table ... ok
test materializers::deferred::tests::state_machine::test_clean_stale_schedule ... ok

test result: ok. 44 passed; 0 failed; 0 ignored; 0 measured; 0 filtered out; finished in 5.44s

     Running unittests src/lib.rs (target/debug/deps/buck2_execute_local-420bd1969800731a)

running 16 tests
test interruptible_async_read::tests::interruptible_async_read::test_drain_interrupt ... ok
test interruptible_async_read::tests::interruptible_async_read::test_drain_finish ... ok
test interruptible_async_read::tests::interruptible_async_read::test_drain_eof ... ok
test process_group::tests::test_process_impl ... ok
test tests::test_gather_output ... ok
test interruptible_async_read::tests::unix_non_blocking_drainer::test_unix_non_blocking_drainer ... ok
test tests::test_gather_does_not_wait_for_children ... ok
test tests::test_spawn_retry_other_error ... ok
test tests::test_signal_exit_code ... ok
test tests::test_no_stdio_stream_command_events ... ok
test tests::test_stream_command_events_ends ... ok
test tests::test_spawn_retry_txt_busy ... ok
test interruptible_async_read::tests::timeout_drainer::test_timeout_drainer ... ok
test tests::timeout_kills_before_dropping_decoder ... ok
test tests::test_kill_terminates_process_group ... ok
test tests::test_gather_output_timeout ... ok

test result: ok. 16 passed; 0 failed; 0 ignored; 0 measured; 0 filtered out; finished in 3.01s

     Running unittests src/lib.rs (target/debug/deps/buck2_external_cells-ba7bc63f1d997d77)

running 4 tests
test bundled::tests::test_executable_bit ... ok
test bundled::tests::test_dir_listing ... ok
test bundled::tests::test_smoke_read ... ok
test bundled::tests::test_load_all_bundled_cells ... ok

test result: ok. 4 passed; 0 failed; 0 ignored; 0 measured; 0 filtered out; finished in 0.09s

     Running unittests src/lib.rs (target/debug/deps/buck2_external_cells_bundled-e25f8f9603d8a0e5)

running 2 tests
test tests::test_sanity_check ... ok
test tests::test_bundled_prelude_data ... ok

test result: ok. 2 passed; 0 failed; 0 ignored; 0 measured; 0 filtered out; finished in 0.00s

     Running unittests src/lib.rs (target/debug/deps/buck2_file_watcher-a2cbd443e89306b8)

running 2 tests
test watchman::test::test_syncable_query ... ok
test fs_hash_crawler::tests::test_fs_snapshot ... ok

test result: ok. 2 passed; 0 failed; 0 ignored; 0 measured; 0 filtered out; finished in 0.01s

     Running unittests src/lib.rs (target/debug/deps/buck2_forkserver-e15b3d526d9ca8ce)

running 0 tests

test result: ok. 0 passed; 0 failed; 0 ignored; 0 measured; 0 filtered out; finished in 0.00s

     Running unittests src/lib.rs (target/debug/deps/buck2_forkserver_proto-c26f46eac6ae1ac8)

running 0 tests

test result: ok. 0 passed; 0 failed; 0 ignored; 0 measured; 0 filtered out; finished in 0.00s

     Running unittests src/lib.rs (target/debug/deps/buck2_futures-a9fb29a07012911e)

running 38 tests
test details::cancellable_future::tests::test_cancel_never_polled ... ok
test details::cancellable_future::tests::test_cancel ... ok
test details::cancellable_future::tests::test_critical_section ... ok
test details::cancellable_future::tests::test_cancel_already_finished ... ok
test details::cancellable_future::tests::test_cancellation_observer_wakes_up_other_tasks ... ok
test details::cancellable_future::tests::test_critical_section_cancelled_during_poll ... ok
test details::cancellable_future::tests::test_critical_section_via_prevent_cancellation ... ok
test details::cancellable_future::tests::test_disable_cancellation ... ok
test details::cancellable_future::tests::test_disable_cancellation_already_canceled ... ok
test details::cancellable_future::tests::test_critical_section_noop_drop_is_allowed ... ok
test details::cancellable_future::tests::test_disable_cancellation_synced_with_structured_cancellation_already_cancelled ... ok
test details::cancellable_future::tests::test_finished_future_dropped_when_cancelled ... ok
test details::cancellable_future::tests::test_disable_cancellation_synced_with_structured_cancellation_not_cancelled ... ok
test details::cancellable_future::tests::test_finished_future_dropped_when_ready ... ok
test details::cancellable_future::tests::test_lambda_is_ran_without_poll ... ok
test details::cancellable_future::tests::test_is_dropped ... ok
test details::cancellable_future::tests::test_nested_critical_section ... ok
test details::cancellable_future::tests::test_prevent_cancellation_drop_is_allowed ... ok
test details::cancellable_future::tests::test_prevent_cancellation_cancellation_observer_notifies ... ok
test details::cancellable_future::tests::test_prevent_cancellation_is_reentrant ... ok
test details::cancellable_future::tests::test_ready ... ok
test details::cancellable_future::tests::test_structured_cancellation_can_be_reentered ... ok
test details::cancellable_future::tests::test_structured_cancellation_cancels_on_exit ... ok
test details::cancellable_future::tests::test_structured_cancellation_is_blocking ... ok
test details::cancellable_future::tests::test_structured_cancellation_notifies ... ok
test details::cancellable_future::tests::test_structured_cancellation_is_reentrant ... ok
test details::cancellable_future::tests::test_structured_cancellation_with_critical_section ... ok
test drop::tests::drops_together ... ok
test details::cancellable_future::tests::test_structured_cancellation_returns_to_executor ... ok
test drop::tests::pollable ... ok
test drop::tests::streamable ... ok
test details::cancellable_future::tests::test_structured_cancellation_works_after_cancel ... ok
test owning_future::tests::test_future ... ok
test spawn::tests::test_cancellation_of_cancellable ... ok
test spawn::tests::test_cancellation_of_dropcancel ... ok
test spawn::tests::test_spawn_and_detach ... ok
test owning_future::tests::test_future_mapping ... ok
test details::cancellable_future::tests::test_wakeup ... ok

test result: ok. 38 passed; 0 failed; 0 ignored; 0 measured; 0 filtered out; finished in 0.11s

     Running unittests src/lib.rs (target/debug/deps/buck2_grpc-5f5a8d91d73c85a3)

running 0 tests

test result: ok. 0 passed; 0 failed; 0 ignored; 0 measured; 0 filtered out; finished in 0.00s

     Running unittests src/lib.rs (target/debug/deps/buck2_health_check-0a4be7e3adb2daea)

running 6 tests
test health_checks::vpn_check::tests::test_can_run_with_no_matching_target ... ok
test health_checks::vpn_check::tests::test_can_run_with_matching_target ... ok
test health_checks::vpn_check::tests::test_can_run_with_no_target_patterns ... ok
test health_check_client::tests::test_health_check_client ... ok
test health_checks::vpn_check::tests::test_can_run_with_no_optin_target_regex ... ok
test health_checks::vpn_check::tests::test_regex_matching_multiple_targets ... ok

test result: ok. 6 passed; 0 failed; 0 ignored; 0 measured; 0 filtered out; finished in 0.00s

     Running unittests src/lib.rs (target/debug/deps/buck2_health_check_proto-d64926f2a7cfcc73)

running 0 tests

test result: ok. 0 passed; 0 failed; 0 ignored; 0 measured; 0 filtered out; finished in 0.00s

     Running unittests src/lib.rs (target/debug/deps/buck2_host_sharing_proto-4d2dba47d4c71e2b)

running 0 tests

test result: ok. 0 passed; 0 failed; 0 ignored; 0 measured; 0 filtered out; finished in 0.00s

     Running unittests src/lib.rs (target/debug/deps/buck2_http-a456dec69af0cfa5)

running 37 tests
test client::tests::test_change_scheme_to_http_no_effect ... ok
test client::tests::test_change_scheme_to_http_succeeds ... ok
test proxy::tests::test_noproxy_empty_string_does_not_match ... ok
test proxy::tests::test_noproxy_intercept_does_not_proxy_for_scheme_mismatch ... ok
test proxy::tests::test_domain_match ... ok
test proxy::tests::test_noproxy_intercept_does_not_proxy_for_domain_match ... ok
test proxy::tests::test_noproxy_intercept_does_not_proxy_for_ip_net_match ... ok
test proxy::tests::test_noproxy_intercept_does_not_proxy_for_ip_addr_match ... ok
test proxy::tests::test_noproxy_matches_ip_address ... ok
test proxy::tests::test_noproxy_matches_ip_network ... ok
test proxy::tests::test_noproxy_matches_multiple ... ok
test proxy::tests::test_noproxy_matches_subdomain ... ok
test retries::tests::test_http_retry_non_retryable ... ok
test retries::tests::test_http_retry_exhaust_retries ... ok
test retries::tests::test_http_retry_success ... ok
test client::builder::tests::test_set_connect_timeout ... ok
test client::builder::tests::test_supports_vpnless_set_true ... ok
test retries::tests::test_http_retry_retryable ... ok
test client::tests::test_404_not_found_is_error ... ok
test client::tests::test_too_many_redirects_fails ... ok
test client::builder::tests::test_http2_option ... ok
test client::builder::tests::test_set_connect_and_read_timeouts ... ok
test client::builder::tests::test_default_builder ... ok
test client::builder::tests::test_builder_with_proxy_adds_proxy ... ok
test client::tests::test_count_response_size ... ok
test client::builder::tests::test_with_max_redirects_overrides_default ... ok
test client::tests::test_x2p_error_response_is_generic_error ... ok
test client::tests::test_simple_get_success ... ok
test client::tests::test_head_changes_to_get_on_redirect ... ok
test client::tests::test_post_gets_redirected ... ok
test client::tests::test_x2p_error_response_is_access_denied ... ok
test client::tests::test_x2p_error_response_is_forbidden_host ... ok
test client::tests::test_follows_redirects ... ok
test client::tests::test_proxies_through_unix_socket_when_set ... ok
test client::tests::test_simple_put_success ... ok
test client::tests::test_simple_post_success ... ok
test client::tests::test_concurrency_limit ... ok

test result: ok. 37 passed; 0 failed; 0 ignored; 0 measured; 0 filtered out; finished in 0.22s

     Running unittests src/lib.rs (target/debug/deps/buck2_install_proto-e981967dfcb34f1a)

running 0 tests

test result: ok. 0 passed; 0 failed; 0 ignored; 0 measured; 0 filtered out; finished in 0.00s

     Running unittests src/lib.rs (target/debug/deps/buck2_interpreter-2d5f01561f1422c9)

running 31 tests
test extra::xcode::tests::test_no_plist ... ok
test extra::xcode::tests::test_resolves_version_from_plist_no_minor_no_patch_version ... ok
test extra::xcode::tests::test_resolves_version_from_plist_no_patch_version ... ok
test file_loader::tests::valid_load ... ok
test file_loader::tests::no_resolution ... ok
test file_loader::tests::valid_find ... ok
test file_loader::tests::missing_in_loaded_modules ... ok
test from_freeze::tests::test_from_freeze_error ... ok
test extra::xcode::tests::test_resolves_version_from_plist ... ok
test parse_import::tests::allows_non_at_symbols ... ok
test package_imports::tests::test ... ok
test parse_import::tests::bad_alias ... ok
test parse_import::tests::cell_package ... ok
test parse_import::tests::cell_relative_import_given_relative_paths_allowed ... ok
test parse_import::tests::empty_filename ... ok
test parse_import::tests::fails_relative_import_if_disallowed ... ok
test parse_import::tests::file_relative_import_given_relative_paths_allowed ... ok
test parse_import::tests::missing_colon ... ok
test parse_import::tests::package_relative ... ok
test parse_import::tests::regular_import_given_relative_paths_allowed ... ok
test parse_import::tests::root_package ... ok
test extra::xcode::tests::test_resolves_version_from_version_and_build_string ... ok
test starlark_promise::tests::test_promise_validate ... ok
test starlark_promise::tests::test_promise ... ok
test starlark_promise::tests::test_promise_join ... ok
test types::configured_providers_label::tests::test_providers_label_to_json ... ok
test types::regex::tests::test_str ... ok
test types::configured_providers_label::tests::test_configured_providers_label_to_json ... ok
test types::regex::tests::test_as_type ... ok
test types::regex::tests::test_match ... ok
test types::regex::tests::test_fancy ... ok

test result: ok. 31 passed; 0 failed; 0 ignored; 0 measured; 0 filtered out; finished in 0.03s

     Running unittests src/lib.rs (target/debug/deps/buck2_interpreter_for_build-bf524f0306707ae0)

running 23 tests
test attrs::coerce::arc_str_interner::tests::test_arc_str_interner ... ok
test attrs::coerce::attr_type::arg::tests::test_exe ... ok
test attrs::coerce::attr_type::arg::tests::test_location_exec ... ok
test attrs::coerce::attr_type::arg::tests::test_location ... ok
test interpreter::globspec::tests::test_dot_dot_in_pattern ... ok
test interpreter::globspec::tests::test_double_slash_in_pattern ... ok
test interpreter::globspec::tests::test_dot_in_pattern ... ok
test interpreter::globspec::tests::test_glob_match ... ok
test attrs::coerce::attr_type::arg::tests::test_exe_target ... ok
test interpreter::globspec::tests::test_glob_prefix ... ok
test interpreter::globspec::tests::test_glob_match_case_insensitive ... ok
test interpreter::globspec::tests::test_invalid_patterns ... ok
test interpreter::globspec::tests::test_leading_slash_in_pattern ... ok
test interpreter::globspec::tests::test_resolve_glob ... ok
test interpreter::globspec::tests::test_resolve_glob_square_brackets_bug ... ok
test interpreter::globspec::tests::test_resolve_glob_dot ... ok
test interpreter::globspec::tests::test_trailing_slash_in_pattern ... ok
test attrs::coerce::attr_type::arg::tests::test_concat ... ok
test interpreter::functions::sha1::tests::test_sha1 ... ok
test interpreter::functions::sha256::tests::test_sha256 ... ok
test interpreter::functions::dedupe::tests::test_dedupe ... ok
test interpreter::functions::regex::tests::test_regex ... ok
test attrs::coerce::interner::tests::test_intern ... ok

test result: ok. 23 passed; 0 failed; 0 ignored; 0 measured; 0 filtered out; finished in 0.08s

     Running unittests src/lib.rs (target/debug/deps/buck2_interpreter_for_build_tests-9f29bfdc102e926c)

running 58 tests
test init_late_bindings_for_test ... ok
test attr::coercing_src_to_path_works ... ok
test attr::attr_coercer_coerces ... ok
test interpreter::test_eval_import ... ok
test select::test_failing_select_funcs ... ok
test interpreter::test_find_imports ... ok
test functions::host_info::test_host_info ... ok
test interpreter::test_root_import ... ok
test functions::load_symbols::test_load_symbols ... ok
test rule::udr_is_recorded ... ok
test attr::boolean_works ... ok
test rule::rule_creates_callable ... ok
test interpreter::test_package_import ... ok
test tests::test_eval_import ... ok
test functions::read_config::test_read_config ... ok
test select::test_failing_nested_select ... ok
test interpreter::test_load ... ok
test tests::test_eval_import_with_load ... ok
test rule::freeze_fails_if_not_assigned ... ok
test rule::rule_unbound ... ok
test interpreter::prelude_is_included ... ok
test functions::with_sub_target::test_with_sub_target ... ok
test super_package::package_function::test_package ... ok
test super_package::package_value::test_config_unification_rollout_function_override ... ok
test rule::rule_disallows_reserved_names ... ok
test uncategorized::cannot_register_target_twice ... ok
test attr::test_attr_module_registered ... ok
test super_package::package_value::test_read_parent_package_value_from_bzl ... ok
test attr::list_works ... ok
test functions::host_info::test_buck_v2 ... ok
test select::test_select_funcs ... ok
test interpreter::test_eval_build_file ... ok
test super_package::modifiers::test_get_parent_package_cfg_modifiers ... ok
test attr::string_works ... ok
test super_package::modifiers::test_set_package_cfg_modifiers ... ok
test attr::enum_works ... ok
test super_package::package_value::test_package_value_same_dir_package_file ... ok
test super_package::package_value::test_overwrite_package_value_with_flag ... ok
test super_package::package_function::test_package_not_inherit ... ok
test rule::udr_rejects_invalid_parameters ... ok
test interpreter::eval ... ok
test label::labels_are_usable ... ok
test attr::source_works ... ok
test super_package::package_value::test_overwrite_package_value_not_allowed_without_overwrite_flag ... ok
test tests::test_eval_build_file ... ok
test super_package::package_value::test_read_parent_package_value ... ok
test interpreter::test_builtins ... ok
test super_package::package_value::test_read_parent_package_value_is_suggested_in_bzl_file ... ok
test super_package::package_function::test_package_inherit ... ok
test attrs::attrs_global::test_attr_display ... ok
test super_package::package_value::test_read_parent_package_value_is_suggested_in_package_file ... ok
test super_package::package_value::test_package_value_parent_dir_package_file ... ok
test attr::dep_works ... ok
test uncategorized::tester_can_load_extra_modules ... ok
test rule::option_allows_none ... ok
test rule::returns_documentation ... ok
test interpreter::test_oncall ... ok
test uncategorized::tester_can_load_symbols_transitively ... ok

test result: ok. 58 passed; 0 failed; 0 ignored; 0 measured; 0 filtered out; finished in 0.07s

     Running unittests src/main.rs (target/debug/deps/buck2_miniperf-b384d746cb522e45)

running 0 tests

test result: ok. 0 passed; 0 failed; 0 ignored; 0 measured; 0 filtered out; finished in 0.00s

     Running unittests src/lib.rs (target/debug/deps/buck2_miniperf_proto-774734926c8e3ee9)

running 3 tests
test tests::test_adjusted_count ... ok
test tests::test_expected_size ... ok
test tests::test_to_proto ... ok

test result: ok. 3 passed; 0 failed; 0 ignored; 0 measured; 0 filtered out; finished in 0.00s

     Running unittests src/lib.rs (target/debug/deps/buck2_node-8a8ff77603f52e54)

running 17 tests
test attrs::attr_type::arg::parser::tests::test_quoted ... ok
test attrs::attr_type::arg::parser::tests::test_macro_type ... ok
test attrs::attr_type::any_matches::tests::test_serde_json_any_matches ... ok
test attrs::attr_type::arg::parser::tests::test_parse_macros ... ok
test attrs::attr_type::arg::parser::tests::test_unquoted ... ok
test attrs::coerced_attr::tests::test_check_all_keys_unique_small ... ok
test attrs::spec::internal::tests::verify_attr_ids ... ok
test attrs::coerced_attr::tests::test_check_all_keys_unique_large ... ok
test metadata::key::tests::test_metadata_key_validation ... ok
test configuration::target_platform_detector::tests::test_detect ... ok
test metadata::map::tests::test_any_matches ... ok
test configuration::target_platform_detector::tests::test_parse_errors ... ok
test metadata::map::tests::test_to_value ... ok
test metadata::map::tests::test_display ... ok
test rule_type::tests::function_id_has_useful_string ... ok
test nodes::eval_result::tests::test_missing_targets_message ... ok
test configured_universe::tests::test_get_from_package_by_configured_provider_pattern ... ok

test result: ok. 17 passed; 0 failed; 0 ignored; 0 measured; 0 filtered out; finished in 0.00s

     Running unittests src/lib.rs (target/debug/deps/buck2_node_tests-bcbc6ad171cfe1f9)

running 6 tests
test attrs::coerced_attr::selector_equals_accounts_for_ordering ... ok
test attrs::coerced_attr::select_the_most_specific ... ok
test attrs::coerced_attr::test_select_refines_bug ... ok
test attrs::coerced_attr::test_to_json_concat ... ok
test attrs::coerced_attr::test_to_json_selector ... ok
test attrs::hacks::stringifies_correctly ... ok

test result: ok. 6 passed; 0 failed; 0 ignored; 0 measured; 0 filtered out; finished in 0.00s

     Running unittests src/lib.rs (target/debug/deps/buck2_offline_archive-cef2c15c7833e48a)

running 5 tests
test tests::test_full_target_no_remaining ... ok
test tests::test_full_target_with_remaining ... ok
test tests::test_interior_links_no_remaining ... ok
test tests::test_interior_links_absolute ... ok
test tests::test_interior_links_relative ... ok

test result: ok. 5 passed; 0 failed; 0 ignored; 0 measured; 0 filtered out; finished in 0.00s

     Running unittests src/lib.rs (target/debug/deps/buck2_profile-bd023a87458d6bd5)

running 0 tests

test result: ok. 0 passed; 0 failed; 0 ignored; 0 measured; 0 filtered out; finished in 0.00s

     Running unittests src/lib.rs (target/debug/deps/buck2_protoc_dev-641f82bcb240d1d6)

running 0 tests

test result: ok. 0 passed; 0 failed; 0 ignored; 0 measured; 0 filtered out; finished in 0.00s

     Running unittests src/lib.rs (target/debug/deps/buck2_query-3742870d3b7d5d1d)

running 20 tests
test query::environment::tests::test_distinct_paths ... ok
test query::environment::tests::test_no_path ... ok
test query::environment::tests::test_nested_paths ... ok
test query::environment::tests::test_many_paths ... ok
test query::graph::async_bfs::tests::test_async_bfs_find_path ... ok
test query::environment::tests::test_one_path ... ok
test query::environment::tests::test_paths_with_cycles_present ... ok
test query::graph::bfs::tests::test_bfs_preorder ... ok
test query::environment::tests::test_rdeps ... ok
test query::graph::async_bfs::tests::test_async_bfs_find_path_multiple_starts ... ok
test query::graph::async_bfs::tests::test_async_bfs_find_path_branch ... ok
test query::graph::async_bfs::tests::test_async_bfs_find_path_error ... ok
test query::graph::dfs::tests::test ... ok
test query::graph::async_bfs::tests::test_async_bfs_find_path_no_path ... ok
test query::graph::graph::tests::test_build_then_dfs_postorder ... ok
test query::graph::graph::tests::test_take_max_depth ... ok
test query::traversal::tests::test_async_depth_limited_traversal ... ok
test query::traversal::tests::test_async_depth_first_postorder_traversal ... ok
test query::syntax::simple::eval::tests::test_missing_arg ... ok
test query::traversal::tests::test_async_fast_depth_first_postorder_traversal ... ok

test result: ok. 20 passed; 0 failed; 0 ignored; 0 measured; 0 filtered out; finished in 0.00s

     Running unittests src/lib.rs (target/debug/deps/buck2_query_derive-d6bb879fa2e0850b)

running 1 test
test parse::tests::test ... ok

test result: ok. 1 passed; 0 failed; 0 ignored; 0 measured; 0 filtered out; finished in 0.00s

     Running unittests src/lib.rs (target/debug/deps/buck2_query_impls-ac4e23f4d16b68d6)

running 1 test
test dice::aquery::tests::test_node_cache ... ok

test result: ok. 1 passed; 0 failed; 0 ignored; 0 measured; 0 filtered out; finished in 0.00s

     Running unittests src/lib.rs (target/debug/deps/buck2_query_parser-ab76004f2b0ea559)

running 7 tests
test spanned::tests::test_truncate_span_in_middle ... ok
test tests::test_expr ... ok
test tests::test_integer ... ok
test tests::test_function ... ok
test tests::test_set ... ok
test tests::test_trailing_infix ... ok
test tests::test_word ... ok

test result: ok. 7 passed; 0 failed; 0 ignored; 0 measured; 0 filtered out; finished in 0.00s

     Running unittests src/lib.rs (target/debug/deps/buck2_re_configuration-1662586e19d37da7)

running 0 tests

test result: ok. 0 passed; 0 failed; 0 ignored; 0 measured; 0 filtered out; finished in 0.00s

     Running unittests src/lib.rs (target/debug/deps/buck2_resource_control-9bb587a4ab525a62)

running 5 tests
test action_cgroups::tests::test_peak_memory ... ok
test action_cgroups::tests::test_freeze ... ok
test memory_tracker::tests::test_current_pressure_changes_tracked ... ok
test memory_tracker::tests::test_current_memory_changes_tracked ... ok
test memory_tracker::tests::test_backoff_stops_after_max_retries ... ok

test result: ok. 5 passed; 0 failed; 0 ignored; 0 measured; 0 filtered out; finished in 5.00s

     Running unittests src/lib.rs (target/debug/deps/buck2_server-a7028f6d850943b6)

running 17 tests
test active_commands::tests::test_active_command_state ... ok
test active_commands::tests::test_multiple_active_commands ... ok
test daemon::daemon_tcp::tests::test_create_listener ... ok
test daemon::multi_event_stream::tests::test_batch_and_done ... ok
test daemon::multi_event_stream::tests::test_batch_on_pending ... ok
test daemon::multi_event_stream::tests::test_err ... ok
test daemon::multi_event_stream::tests::test_err_buffered ... ok
test jemalloc_stats::tests::test_get_allocator_stats ... ok
test daemon::disk_state::tests::test_delete_from_cache_dir_with_known_dirs ... ok
test daemon::disk_state::tests::test_delete_all_from_cache_dir ... ok
test lsp::tests::cache_builds ... ok
test net_io::tests::test_network_collector ... ok
test host_info::tests::test_host_info_create_xcode_override ... ok
test daemon::state::tests::test_from_startup_config_defaults_internal ... ok
test daemon::state::tests::test_from_startup_config_zero_for_unset ... ok
test daemon::state::tests::test_from_startup_config_overrides ... ok
test daemon::multi_event_stream::tests::test_batch_limit ... ok

test result: ok. 17 passed; 0 failed; 0 ignored; 0 measured; 0 filtered out; finished in 0.03s

     Running unittests src/lib.rs (target/debug/deps/buck2_server_commands-aa9099d0a1360d25)

running 1 test
test build::unhashed_outputs::tests::test_iter_reverse_ancestors ... ok

test result: ok. 1 passed; 0 failed; 0 ignored; 0 measured; 0 filtered out; finished in 0.00s

     Running unittests src/lib.rs (target/debug/deps/buck2_server_ctx-1e307c4b0d1af9af)

running 19 tests
test concurrency::tests::nested_invocation_same_transaction ... ok
test stderr_output_guard::tests::test_truncate_str ... ok
test concurrency::tests::test_exit_when_not_idle_allows_command_when_daemon_idle_with_different_state ... ok
test concurrency::tests::nested_invocation_should_error ... ok
test concurrency::tests::parallel_invocation_same_transaction ... ok
test concurrency::tests::test_exit_when_not_idle_allows_command_when_daemon_idle_with_same_state ... ok
test concurrency::tests::test_exit_when_not_idle_with_different_state ... ok
test concurrency::tests::test_exit_when_not_idle_with_same_state ... ok
test concurrency::tests::test_exit_when_not_idle_gets_preempted ... ok
test concurrency::tests::test_exit_when_not_idle_with_preemptible_command ... ok
test concurrency::tests::test_multiple_exit_when_not_idle_commands_with_same_state ... ok
test concurrency::tests::parallel_invocation_different_traceid_blocks ... ok
test concurrency::tests::test_updates_are_synchronized ... ok
test concurrency::tests::parallel_invocation_exit_when_different_state ... ok
test concurrency::tests::parallel_invocation_exit_when_preemptible ... ok
test concurrency::tests::test_multiple_exit_when_not_idle_commands_with_different_state ... ok
test concurrency::tests::exclusive_command_lock ... ok
test concurrency::tests::test_thundering_herd ... ok
test concurrency::tests::test_cleanup_stage ... ok

test result: ok. 19 passed; 0 failed; 0 ignored; 0 measured; 0 filtered out; finished in 1.01s

     Running unittests src/lib.rs (target/debug/deps/buck2_server_starlark_debug-b41d9e14c06d62f4)

running 2 tests
test server::tests::test_variable_id ... ok
test server::tests::test_variable_id_failures ... ok

test result: ok. 2 passed; 0 failed; 0 ignored; 0 measured; 0 filtered out; finished in 0.00s

     Running unittests src/lib.rs (target/debug/deps/buck2_subscription_proto-65e89cdd0178749b)

running 0 tests

test result: ok. 0 passed; 0 failed; 0 ignored; 0 measured; 0 filtered out; finished in 0.00s

     Running unittests src/lib.rs (target/debug/deps/buck2_test-84901d3bce9e8677)

running 21 tests
test command::tests::only_include_labels_in_includes ... ok
test command::tests::test_generate_config_entry_args_empty ... ok
test command::tests::test_generate_config_entry_args_all_types ... ok
test command::tests::test_generate_config_entry_args_multiple_config_flags ... ok
test command::tests::test_generate_config_entry_args_multiple_same_type ... ok
test command::tests::test_generate_config_entry_args_single_config_flag ... ok
test command::tests::always_excludes_overrides_precedence ... ok
test command::tests::test_generate_config_entry_args_with_none_source ... ok
test command::tests::order_of_precedence ... ok
test orchestrator::tests::test_create_action_key_suffix_listing ... ok
test orchestrator::tests::test_create_action_key_suffix_truncation ... ok
test orchestrator::tests::test_create_action_key_suffix_testing_no_variant ... ok
test orchestrator::tests::test_create_action_key_suffix_testing_with_variant ... ok
test local_resource_api::tests::test_missing_value ... ok
test local_resource_api::tests::test_into_state ... ok
test remote_storage::tests::test_collect_digests_leaf ... ok
test remote_storage::tests::test_collect_digests_dir ... ok
test orchestrator::tests::test_orchestrator_closes_channel ... ok
test orchestrator::tests::orchestrator_results ... ok
test orchestrator::tests::orchestrator_attach_info_messages ... ok
test orchestrator::tests::test_orchestrator_channel_drop ... ok

test result: ok. 21 passed; 0 failed; 0 ignored; 0 measured; 0 filtered out; finished in 0.00s

     Running unittests src/lib.rs (target/debug/deps/buck2_test_api-fd43e2c07781e319)

running 7 tests
test data::convert::tests::execution_result2_roundtrips ... ok
test data::convert::tests::execute_request2_roundtrip ... ok
test data::convert::tests::prepare_for_local_execution_result_roundtrip ... ok
test data::convert::tests::external_runner_spec_roundtrip ... ok
test data::convert::tests::test_executable_roundtrip ... ok
test grpc::test::test_basic ... ok
test grpc::test::test_client_disconnect ... ok

test result: ok. 7 passed; 0 failed; 0 ignored; 0 measured; 0 filtered out; finished in 0.01s

     Running unittests src/lib.rs (target/debug/deps/buck2_test_proto-bafa15f9fda5989a)

running 0 tests

test result: ok. 0 passed; 0 failed; 0 ignored; 0 measured; 0 filtered out; finished in 0.00s

     Running unittests src/lib.rs (target/debug/deps/buck2_test_runner-a23a15f9f0462469)

running 0 tests

test result: ok. 0 passed; 0 failed; 0 ignored; 0 measured; 0 filtered out; finished in 0.00s

     Running unittests src/lib.rs (target/debug/deps/buck2_transition-b05d1f50f4a80bec)

running 0 tests

test result: ok. 0 passed; 0 failed; 0 ignored; 0 measured; 0 filtered out; finished in 0.00s

     Running unittests src/lib.rs (target/debug/deps/buck2_util-7b681fd882e15ade)

running 47 tests
test arc_str::fat::tests::test_clone_drop_ref_count ... ok
test arc_str::fat::tests::test_hash ... ok
test arc_str::slice::tests::test_from_iter_exact_size ... ok
test arc_str::fat::tests::test_serialize ... ok
test arc_str::string_like::tests::test_display ... ok
test arc_str::slice::tests::test_from_iter_unknown_size ... ok
test arc_str::string_like::tests::test_hash_is_transparent ... ok
test arc_str::string_like::tests::test_simple ... ok
test arc_str::thin::tests::test_clone_drop_ref_count ... ok
test arc_str::thin::tests::test_hash ... ok
test arc_str::thin::tests::test_serialize ... ok
test arc_str::thin_slice::tests::test_empty ... ok
test arc_str::thin_slice::tests::test_from_iter ... ok
test arc_str::thin_slice::tests::test_new ... ok
test cgroup_info::tests::test_cgroup_info_parse ... ok
test cgroup_info::tests::test_cgroup_get_slice ... ok
test cgroup_info::tests::test_cgroup_join ... ok
test cgroup_info::tests::test_parse_memory_stat ... ok
test cgroup_info::tests::test_cgroup_info_read ... FAILED
test cgroup_info::tests::test_cgroup_memory_read ... ok
test indent::tests::test_indent ... ok
test network_speed_average::tests::test_network_speed_average ... ok
test os::unix_like::sc_clk_tck::tests::test_ticks_per_second ... ok
test per_thread_instruction_counter::tests::test_perf_thread_instruction_counter ... FAILED
test process_stats::tests::test_proc_self_stat_parse ... ok
test process_stats::tests::test_proc_self_stat_read ... ok
test rtabort::tests::test_rtabort ... ok
test cgroup_info::tests::test_cgroup_info_read_async ... FAILED
test process_stats::tests::test_process_stats ... ok
test sliding_window::tests::test_over_window_size ... ok
test sliding_window::tests::test_sliding_window ... ok
test thin_box::tests::test_empty ... ok
test thin_box::tests::test_from_iter_sized ... ok
test thin_box::tests::test_from_iter_unknown_size ... ok
test system_stats::tests::get_system_memory_stats ... ok
test future::tests::test_returns_eagerly ... ok
test truncate::tests::test_truncate ... ok
test truncate::tests::test_truncate_container ... ok
test truncate::tests::test_truncate_unicode ... ok
test cycle_detector::tests::should_detect_simple_cycle ... ok
test threads::tests::test_no_stack_overflow ... ok
test arc_str::thin::tests::test_little_stress_test ... ok
test arc_str::fat::tests::test_little_stress_test ... ok
test tokio_runtime::tests::test_no_stack_overflow ... ok
test threads::tests::test_catch_stack_overflow ... ok
test tokio_runtime::tests::test_stack_overflow ... ok
test thin_box::tests::test_stress ... ok

failures:

---- cgroup_info::tests::test_cgroup_info_read stdout ----

thread 'cgroup_info::tests::test_cgroup_info_read' panicked at app/buck2_util/src/cgroup_info.rs:223:13:
assertion failed: Path::new(&info.path).exists()
note: run with `RUST_BACKTRACE=1` environment variable to display a backtrace

---- per_thread_instruction_counter::tests::test_perf_thread_instruction_counter stdout ----

thread 'per_thread_instruction_counter::tests::test_perf_thread_instruction_counter' panicked at app/buck2_util/src/per_thread_instruction_counter.rs:100:63:
called `Result::unwrap()` on an `Err` value: Operation not permitted (os error 1)

---- cgroup_info::tests::test_cgroup_info_read_async stdout ----

thread 'cgroup_info::tests::test_cgroup_info_read_async' panicked at app/buck2_util/src/cgroup_info.rs:214:13:
assertion failed: Path::new(&info.path).exists()


failures:
    cgroup_info::tests::test_cgroup_info_read
    cgroup_info::tests::test_cgroup_info_read_async
    per_thread_instruction_counter::tests::test_perf_thread_instruction_counter

test result: FAILED. 44 passed; 3 failed; 0 ignored; 0 measured; 0 filtered out; finished in 0.12s

error: test failed, to rerun pass `-p buck2_util --lib`
