Requirement already satisfied: setuptools in ./venv/lib/python3.10/site-packages (59.6.0)
Collecting setuptools
  Using cached setuptools-80.9.0-py3-none-any.whl (1.2 MB)
Requirement already satisfied: pip in ./venv/lib/python3.10/site-packages (22.0.2)
Collecting pip
  Using cached pip-25.2-py3-none-any.whl (1.8 MB)
Installing collected packages: setuptools, pip
  Attempting uninstall: setuptools
    Found existing installation: setuptools 59.6.0
    Uninstalling setuptools-59.6.0:
      Successfully uninstalled setuptools-59.6.0
  Attempting uninstall: pip
    Found existing installation: pip 22.0.2
    Uninstalling pip-22.0.2:
      Successfully uninstalled pip-22.0.2
Successfully installed pip-25.2 setuptools-80.9.0
Collecting tox
  Downloading tox-4.30.3-py3-none-any.whl.metadata (3.6 kB)
Collecting cachetools>=6.1 (from tox)
  Downloading cachetools-6.2.0-py3-none-any.whl.metadata (5.4 kB)
Collecting chardet>=5.2 (from tox)
  Downloading chardet-5.2.0-py3-none-any.whl.metadata (3.4 kB)
Collecting colorama>=0.4.6 (from tox)
  Downloading colorama-0.4.6-py2.py3-none-any.whl.metadata (17 kB)
Collecting filelock>=3.18 (from tox)
  Downloading filelock-3.19.1-py3-none-any.whl.metadata (2.1 kB)
Collecting packaging>=25 (from tox)
  Downloading packaging-25.0-py3-none-any.whl.metadata (3.3 kB)
Collecting platformdirs>=4.3.8 (from tox)
  Downloading platformdirs-4.4.0-py3-none-any.whl.metadata (12 kB)
Collecting pluggy>=1.6 (from tox)
  Downloading pluggy-1.6.0-py3-none-any.whl.metadata (4.8 kB)
Collecting pyproject-api>=1.9.1 (from tox)
  Downloading pyproject_api-1.9.1-py3-none-any.whl.metadata (2.7 kB)
Collecting tomli>=2.2.1 (from tox)
  Downloading tomli-2.2.1-py3-none-any.whl.metadata (10 kB)
Collecting typing-extensions>=4.14.1 (from tox)
  Downloading typing_extensions-4.15.0-py3-none-any.whl.metadata (3.3 kB)
Collecting virtualenv>=20.31.2 (from tox)
  Downloading virtualenv-20.34.0-py3-none-any.whl.metadata (4.6 kB)
Collecting distlib<1,>=0.3.7 (from virtualenv>=20.31.2->tox)
  Downloading distlib-0.4.0-py2.py3-none-any.whl.metadata (5.2 kB)
Downloading tox-4.30.3-py3-none-any.whl (175 kB)
Downloading cachetools-6.2.0-py3-none-any.whl (11 kB)
Downloading chardet-5.2.0-py3-none-any.whl (199 kB)
Downloading colorama-0.4.6-py2.py3-none-any.whl (25 kB)
Downloading filelock-3.19.1-py3-none-any.whl (15 kB)
Downloading packaging-25.0-py3-none-any.whl (66 kB)
Downloading platformdirs-4.4.0-py3-none-any.whl (18 kB)
Downloading pluggy-1.6.0-py3-none-any.whl (20 kB)
Downloading pyproject_api-1.9.1-py3-none-any.whl (13 kB)
Downloading tomli-2.2.1-py3-none-any.whl (14 kB)
Downloading typing_extensions-4.15.0-py3-none-any.whl (44 kB)
Downloading virtualenv-20.34.0-py3-none-any.whl (6.0 MB)
   ━━━━━━━━━━━━━━━━━━━━━━━━━━━━━━━━━━━━━━━━ 6.0/6.0 MB 73.6 MB/s  0:00:00
Downloading distlib-0.4.0-py2.py3-none-any.whl (469 kB)
Installing collected packages: distlib, typing-extensions, tomli, pluggy, platformdirs, packaging, filelock, colorama, chardet, cachetools, virtualenv, pyproject-api, tox

Successfully installed cachetools-6.2.0 chardet-5.2.0 colorama-0.4.6 distlib-0.4.0 filelock-3.19.1 packaging-25.0 platformdirs-4.4.0 pluggy-1.6.0 pyproject-api-1.9.1 tomli-2.2.1 tox-4.30.3 typing-extensions-4.15.0 virtualenv-20.34.0
py: install_deps> python -I -m pip install covdefaults 'coverage>=6' 'pytest!=3.0.5,!=5.2.3'
.pkg: install_requires> python -I -m pip install 'setuptools>=40.8.0'
.pkg: _optional_hooks> python /app/venv/lib/python3.10/site-packages/pyproject_api/_backend.py True setuptools.build_meta __legacy__
.pkg: get_requires_for_build_sdist> python /app/venv/lib/python3.10/site-packages/pyproject_api/_backend.py True setuptools.build_meta __legacy__
.pkg: get_requires_for_build_wheel> python /app/venv/lib/python3.10/site-packages/pyproject_api/_backend.py True setuptools.build_meta __legacy__
.pkg: prepare_metadata_for_build_wheel> python /app/venv/lib/python3.10/site-packages/pyproject_api/_backend.py True setuptools.build_meta __legacy__
.pkg: build_sdist> python /app/venv/lib/python3.10/site-packages/pyproject_api/_backend.py True setuptools.build_meta __legacy__
py: install_package_deps> python -I -m pip install 'mccabe<0.8.0,>=0.7.0' 'pycodestyle<2.15.0,>=2.14.0' 'pyflakes<3.5.0,>=3.4.0'
py: install_package> python -I -m pip install --force-reinstall --no-deps /app/.tox/.tmp/package/1/flake8-7.3.0.tar.gz
py: commands[0]> coverage run -m pytest
============================= test session starts ==============================
platform linux -- Python 3.10.12, pytest-8.4.2, pluggy-1.6.0
cachedir: .tox/py/.pytest_cache
rootdir: /app
configfile: pytest.ini
collected 466 items

tests/integration/test_aggregator.py ..                                  [  0%]
tests/integration/test_api_legacy.py .                                   [  0%]
tests/integration/test_checker.py ......................                 [  5%]
tests/integration/test_main.py .......................                   [ 10%]
tests/integration/test_plugins.py ........x                              [ 12%]
tests/unit/plugins/finder_test.py .............................          [ 18%]
tests/unit/plugins/pycodestyle_test.py F                                 [ 18%]
tests/unit/plugins/reporter_test.py ......                               [ 19%]
tests/unit/test_application.py .......                                   [ 21%]
tests/unit/test_base_formatter.py ...................                    [ 25%]
tests/unit/test_checker_manager.py .....                                 [ 26%]
tests/unit/test_debug.py .                                               [ 26%]
tests/unit/test_decision_engine.py ..................................... [ 34%]
..................                                                       [ 38%]
tests/unit/test_defaults.py .............                                [ 41%]
tests/unit/test_discover_files.py .............                          [ 44%]
tests/unit/test_exceptions.py ...                                        [ 44%]
tests/unit/test_file_checker.py ...                                      [ 45%]
tests/unit/test_file_processor.py ...................................... [ 53%]
..............................                                           [ 60%]
tests/unit/test_filenameonly_formatter.py ...                            [ 60%]
tests/unit/test_legacy_api.py ..........                                 [ 62%]
tests/unit/test_main_options.py ..                                       [ 63%]
tests/unit/test_nothing_formatter.py ..                                  [ 63%]
tests/unit/test_option.py .....                                          [ 64%]
tests/unit/test_option_manager.py ..................                     [ 68%]
tests/unit/test_options_config.py ...........................            [ 74%]
tests/unit/test_pyflakes_codes.py ..                                     [ 74%]
tests/unit/test_statistics.py ...................                        [ 78%]
tests/unit/test_style_guide.py ....................                      [ 83%]
tests/unit/test_utils.py ............................................... [ 93%]
..........                                                               [ 95%]
tests/unit/test_violation.py .....................                       [100%]

=================================== FAILURES ===================================
_______________________________ test_up_to_date ________________________________

    def test_up_to_date():
        """Validate that the generated pycodestyle plugin is up to date.

        We generate two "meta" plugins for pycodestyle to avoid calling overhead.

        To regenerate run:

            ./bin/gen-pycodestyle-plugin > src/flake8/plugins/pycodestyle.py
        """

        path = os.path.join(HERE, "../../../bin/gen-pycodestyle-plugin")
        name = os.path.basename(path)
        loader = importlib.machinery.SourceFileLoader(name, path)
        spec = importlib.util.spec_from_loader(loader.name, loader)
        assert spec is not None
        mod = importlib.util.module_from_spec(spec)
        loader.exec_module(mod)

        expected = "".join(f"{line}\n" for line in mod.lines())

        with open(flake8.plugins.pycodestyle.__file__) as f:
            contents = f.read()

>       assert contents == expected
E       assert '"""Generated...  yield ret\n' == '"""Generated...  yield ret\n'
E
E         Skipping 42 identical leading characters in diff, use -v to show
E           lugin."""
E         +
E           # fmt: off
E           from __future__ import annotations
E           ...
E
E         ...Full output truncated (108 lines hidden), use '-vv' to show

tests/unit/plugins/pycodestyle_test.py:35: AssertionError
=================== 1 failed, 464 passed, 1 xfailed in 2.57s ===================
py: exit 1 (3.01 seconds) /app> coverage run -m pytest pid=80
  py: FAIL code 1 (12.88=setup[9.88]+cmd[3.01] seconds)
  evaluation failed :( (12.92 seconds)
