Collecting git+https://github.com/ipython/matplotlib-inline.git@main
  Cloning https://github.com/ipython/matplotlib-inline.git (to revision main) to /tmp/pip-req-build-z2ho3qm8
  ERROR: Error [Errno 2] No such file or directory: 'git' while executing command git version
ERROR: Cannot find command 'git' - do you have 'git' installed and in your PATH?
[1m============================= test session starts ==============================[0m
platform linux -- Python 3.12.12, pytest-8.4.2, pluggy-1.6.0
rootdir: /app
configfile: pyproject.toml
plugins: cov-7.0.0, anyio-4.11.0, asyncio-1.2.0, langsmith-0.4.37
asyncio: mode=Mode.STRICT, debug=False, asyncio_default_fixture_loop_scope=None, asyncio_default_test_loop_scope=function
collected 1650 items

IPython/core/completer.py [33ms[0m[33ms[0m[32m                                             [  0%][0m
IPython/core/debugger.py [33ms[0m[32m                                               [  0%][0m
IPython/core/display.py [32m.[0m[32m.[0m[32m                                               [  0%][0m
IPython/core/display_functions.py [32m.[0m[32m                                      [  0%][0m
IPython/core/formatters.py [32m.[0m[32m                                             [  0%][0m
IPython/core/history.py [32m.[0m[32m                                                [  0%][0m
IPython/core/interactiveshell.py [32m.[0m[33ms[0m[32m.[0m[33ms[0m[32m                                    [  0%][0m
IPython/core/magics/ast_mod.py [33ms[0m[32m                                         [  0%][0m
IPython/core/magics/auto.py [33ms[0m[32m                                            [  0%][0m
IPython/core/magics/basic.py [33ms[0m[33ms[0m[32m                                          [  0%][0m
IPython/core/magics/code.py [33ms[0m[32m.[0m[32m                                           [  1%][0m
IPython/core/magics/config.py [32m.[0m[32m                                          [  1%][0m
IPython/core/magics/execution.py [33ms[0m[33ms[0m[33ms[0m[33ms[0m[33ms[0m[33ms[0m[32m                                  [  1%][0m
IPython/core/magics/history.py [33ms[0m[32m                                         [  1%][0m
IPython/core/magics/namespace.py [33ms[0m[32m.[0m[32m.[0m[33ms[0m[33ms[0m[33ms[0m[32m                                  [  1%][0m
IPython/core/magics/osm.py [33ms[0m[33ms[0m[33ms[0m[33ms[0m[32m                                          [  2%][0m
IPython/core/magics/pylab.py [33ms[0m[32m                                           [  2%][0m
IPython/core/magics/script.py [32m.[0m[32m                                          [  2%][0m
IPython/core/oinspect.py [33ms[0m[32m                                               [  2%][0m
IPython/extensions/autoreload.py [33ms[0m[32m                                       [  2%][0m
IPython/extensions/storemagic.py [33ms[0m[32m                                       [  2%][0m
IPython/extensions/tests/test_deduperreload.py [32m.[0m[32m.[0m[32m.[0m[32m.[0m[32m.[0m[32m.[0m[32m.[0m[32m.[0m[32m.[0m[32m.[0m[32m.[0m[32m.[0m[32m.[0m[32m.[0m[32m.[0m[32m.[0m[32m.[0m[32m.[0m[32m.[0m[32m.[0m[32m.[0m[32m.[0m[32m.[0m[32m.[0m[32m.[0m[32m [  4%]
[0m[32m.[0m[32m.[0m[32m.[0m[32m.[0m[32m.[0m[32m.[0m[32m.[0m[32m.[0m[32m.[0m[32m.[0m[32m.[0m[32m.[0m[32m.[0m[32m.[0m[32m.[0m[32m.[0m[32m.[0m[32m.[0m[32m.[0m[32m.[0m[32m.[0m[32m.[0m[32m.[0m[32m.[0m[32m.[0m[32m.[0m[32m.[0m[32m.[0m[32m.[0m[32m.[0m[32m.[0m[32m.[0m[32m.[0m[32m.[0m[32m.[0m[32m.[0m[32m.[0m[32m.[0m[32m.[0m[32m.[0m[32m.[0m[32m.[0m[32m.[0m[32m.[0m[32m.[0m[32m.[0m[32m.[0m[32m.[0m[32m.[0m[32m                        [  6%][0m
IPython/lib/display.py [32m.[0m[32m                                                 [  7%][0m
IPython/terminal/magics.py [33ms[0m[32m                                             [  7%][0m
IPython/terminal/shortcuts/auto_suggest.py [32m.[0m[32m                             [  7%][0m
IPython/testing/plugin/dtexample.py [32m.[0m[32m.[0m[32m.[0m[32m.[0m[32m.[0m[32m.[0m[32m.[0m[32m                              [  7%][0m
IPython/testing/plugin/simple.py [32m.[0m[32m.[0m[32m                                      [  7%][0m
IPython/testing/plugin/test_combo.txt [32m.[0m[32m                                  [  7%][0m
IPython/testing/plugin/test_example.txt [32m.[0m[32m.[0m[32m                               [  7%][0m
IPython/testing/plugin/test_exampleip.txt [32m.[0m[32m                              [  7%][0m
IPython/testing/plugin/test_ipdoctest.py [32m.[0m[32m.[0m[32m.[0m[32m.[0m[32m.[0m[32m                           [  8%][0m
IPython/testing/plugin/test_refs.py [32m.[0m[32m.[0m[32m.[0m[32m.[0m[32m                                 [  8%][0m
IPython/testing/tools.py [32m.[0m[32m.[0m[32m                                              [  8%][0m
IPython/utils/contexts.py [32m.[0m[32m                                              [  8%][0m
IPython/utils/frame.py [32m.[0m[32m                                                 [  8%][0m
IPython/utils/ipstruct.py [32m.[0m[32m.[0m[32m.[0m[32m.[0m[32m.[0m[32m.[0m[32m.[0m[32m.[0m[32m.[0m[32m.[0m[32m.[0m[32m                                    [  9%][0m
IPython/utils/path.py [32m.[0m[32m                                                  [  9%][0m
IPython/utils/strdispatch.py [32m.[0m[32m                                           [  9%][0m
IPython/utils/sysinfo.py [31mF[0m[31m                                               [  9%][0m
IPython/utils/text.py [32m.[0m[32m.[0m[32m.[0m[32m.[0m[32m.[0m[32m.[0m[32m.[0m[31m                                            [  9%][0m
tests/test_alias.py [32m.[0m[32m.[0m[32m.[0m[32m.[0m[31m                                                 [ 10%][0m
tests/test_application.py [32m.[0m[32m.[0m[32m.[0m[31m                                            [ 10%][0m
tests/test_async_helpers.py [32m.[0m[32m.[0m[33ms[0m[32m.[0m[32m.[0m[32m.[0m[32m.[0m[32m.[0m[32m.[0m[32m.[0m[32m.[0m[31m                                  [ 11%][0m
tests/test_autocall.py [32m.[0m[32m.[0m[31m                                                [ 11%][0m
tests/test_backgroundjobs.py [32m.[0m[32m.[0m[32m.[0m[32m.[0m[31m                                        [ 11%][0m
tests/test_capture.py [32m.[0m[32m.[0m[32m.[0m[32m.[0m[32m.[0m[32m.[0m[32m.[0m[32m.[0m[32m.[0m[32m.[0m[32m.[0m[32m.[0m[32m.[0m[32m.[0m[32m.[0m[32m.[0m[32m.[0m[32m.[0m[32m.[0m[32m.[0m[32m.[0m[32m.[0m[32m.[0m[32m.[0m[31m                           [ 12%][0m
tests/test_clipboard.py [33ms[0m[31m                                                [ 12%][0m
tests/test_compilerop.py [32m.[0m[32m.[0m[32m.[0m[32m.[0m[32m.[0m[32m.[0m[31m                                          [ 13%][0m
tests/test_completer.py [32m.[0m[32m.[0m[32m.[0m[32m.[0m[32m.[0m[32m.[0m[32m.[0m[32m.[0m[32m.[0m[32m.[0m[32m.[0m[32m.[0m[32m.[0m[32m.[0m[32m.[0m[32m.[0m[32m.[0m[32m.[0m[32m.[0m[32m.[0m[32m.[0m[32m.[0m[32m.[0m[32m.[0m[32m.[0m[32m.[0m[32m.[0m[32m.[0m[32m.[0m[32m.[0m[32m.[0m[32m.[0m[32m.[0m[32m.[0m[32m.[0m[32m.[0m[32m.[0m[32m.[0m[32m.[0m[32m.[0m[32m.[0m[32m.[0m[32m.[0m[32m.[0m[32m.[0m[32m.[0m[32m.[0m[32m.[0m[31m [ 16%]
[0m[32m.[0m[32m.[0m[32m.[0m[32m.[0m[32m.[0m[32m.[0m[32m.[0m[32m.[0m[32m.[0m[32m.[0m[32m.[0m[32m.[0m[32m.[0m[32m.[0m[32m.[0m[32m.[0m[32m.[0m[32m.[0m[32m.[0m[32m.[0m[32m.[0m[32m.[0m[32m.[0m[32m.[0m[32m.[0m[32m.[0m[32m.[0m[32m.[0m[32m.[0m[32m.[0m[32m.[0m[32m.[0m[32m.[0m[32m.[0m[32m.[0m[32m.[0m[32m.[0m[32m.[0m[32m.[0m[32m.[0m[32m.[0m[32m.[0m[32m.[0m[32m.[0m[32m.[0m[32m.[0m[32m.[0m[32m.[0m[32m.[0m[32m.[0m[32m.[0m[32m.[0m[32m.[0m[32m.[0m[32m.[0m[32m.[0m[32m.[0m[32m.[0m[32m.[0m[32m.[0m[32m.[0m[32m.[0m[32m.[0m[32m.[0m[32m.[0m[32m.[0m[32m.[0m[32m.[0m[32m.[0m[32m.[0m[32m.[0m[32m.[0m[31m [ 20%]
[0m[32m.[0m[32m.[0m[32m.[0m[32m.[0m[32m.[0m[32m.[0m[32m.[0m[32m.[0m[32m.[0m[32m.[0m[32m.[0m[32m.[0m[32m.[0m[32m.[0m[32m.[0m[32m.[0m[32m.[0m[32m.[0m[32m.[0m[32m.[0m[32m.[0m[32m.[0m[32m.[0m[32m.[0m[32m.[0m[32m.[0m[32m.[0m[32m.[0m[33mx[0m[33mx[0m[33mx[0m[32m.[0m[32m.[0m[32m.[0m[32m.[0m[32m.[0m[32m.[0m[32m.[0m[32m.[0m[32m.[0m[32m.[0m[32m.[0m[32m.[0m[32m.[0m[32m.[0m[32m.[0m[32m.[0m[32m.[0m[32m.[0m[32m.[0m[32m.[0m[32m.[0m[32m.[0m[32m.[0m[32m.[0m[32m.[0m[32m.[0m[32m.[0m[32m.[0m[32m.[0m[32m.[0m[32m.[0m[32m.[0m[32m.[0m[32m.[0m[31m        [ 24%][0m
tests/test_completerlib.py [32m.[0m[32m.[0m[32m.[0m[32m.[0m[32m.[0m[32m.[0m[32m.[0m[32m.[0m[32m.[0m[32m.[0m[32m.[0m[32m.[0m[31m                                  [ 25%][0m
tests/test_debug_magic.py [32m.[0m[31m                                              [ 25%][0m
tests/test_debugger.py [32m.[0m[32m.[0m[32m.[0m[32m.[0m[32m.[0m[32m.[0m[32m.[0m[32m.[0m[32m.[0m[32m.[0m[33ms[0m[33ms[0m[33ms[0m[32m.[0m[32m.[0m[32m.[0m[31m                                  [ 26%][0m
tests/test_decorators.py [32m.[0m[33ms[0m[33ms[0m[32m.[0m[32m.[0m[33ms[0m[32m.[0m[33ms[0m[33ms[0m[32m.[0m[32m.[0m[31m                                     [ 26%][0m
tests/test_decorators_2.py [32m.[0m[31m                                             [ 26%][0m
tests/test_deepreload.py [32m.[0m[32m.[0m[32m.[0m[31m                                             [ 27%][0m
tests/test_dir2.py [32m.[0m[32m.[0m[32m.[0m[32m.[0m[31m                                                  [ 27%][0m
tests/test_display.py [32m.[0m[32m.[0m[32m.[0m[32m.[0m[32m.[0m[32m.[0m[32m.[0m[32m.[0m[32m.[0m[32m.[0m[32m.[0m[32m.[0m[32m.[0m[32m.[0m[32m.[0m[32m.[0m[32m.[0m[32m.[0m[32m.[0m[32m.[0m[32m.[0m[32m.[0m[32m.[0m[32m.[0m[32m.[0m[32m.[0m[32m.[0m[32m.[0m[31m                       [ 29%][0m
tests/test_display_2.py [32m.[0m[32m.[0m[32m.[0m[32m.[0m[32m.[0m[32m.[0m[32m.[0m[32m.[0m[32m.[0m[32m.[0m[32m.[0m[32m.[0m[32m.[0m[32m.[0m[32m.[0m[32m.[0m[32m.[0m[32m.[0m[32m.[0m[32m.[0m[32m.[0m[32m.[0m[32m.[0m[32m.[0m[32m.[0m[32m.[0m[31m                       [ 30%][0m
tests/test_displayhook.py [32m.[0m[32m.[0m[32m.[0m[32m.[0m[32m.[0m[32m.[0m[32m.[0m[31m                                        [ 31%][0m
tests/test_editorhooks.py [32m.[0m[31m                                              [ 31%][0m
tests/test_embed.py [32m.[0m[32m.[0m[31m                                                   [ 31%][0m
tests/test_events.py [32m.[0m[32m.[0m[32m.[0m[32m.[0m[32m.[0m[31m                                               [ 31%][0m
tests/test_exceptiongroup_tb.py [33ms[0m[33ms[0m[33ms[0m[33ms[0m[33ms[0m[33ms[0m[33ms[0m[33ms[0m[33ms[0m[31m                                [ 32%][0m
tests/test_extension.py [32m.[0m[32m.[0m[32m.[0m[31m                                              [ 32%][0m
tests/test_formatters.py [32m.[0m[32m.[0m[32m.[0m[32m.[0m[32m.[0m[32m.[0m[32m.[0m[32m.[0m[32m.[0m[32m.[0m[32m.[0m[32m.[0m[32m.[0m[32m.[0m[32m.[0m[32m.[0m[32m.[0m[32m.[0m[32m.[0m[32m.[0m[32m.[0m[32m.[0m[32m.[0m[32m.[0m[32m.[0m[32m.[0m[32m.[0m[32m.[0m[32m.[0m[32m.[0m[32m.[0m[32m.[0m[31m                [ 34%][0m
tests/test_guarded_eval.py [32m.[0m[32m.[0m[32m.[0m[32m.[0m[32m.[0m[32m.[0m[32m.[0m[32m.[0m[32m.[0m[32m.[0m[32m.[0m[32m.[0m[32m.[0m[32m.[0m[32m.[0m[32m.[0m[32m.[0m[32m.[0m[32m.[0m[32m.[0m[32m.[0m[32m.[0m[32m.[0m[32m.[0m[32m.[0m[32m.[0m[32m.[0m[32m.[0m[32m.[0m[32m.[0m[32m.[0m[32m.[0m[32m.[0m[32m.[0m[32m.[0m[32m.[0m[32m.[0m[32m.[0m[32m.[0m[32m.[0m[32m.[0m[32m.[0m[32m.[0m[32m.[0m[32m.[0m[31m [ 36%]
[0m[32m.[0m[32m.[0m[32m.[0m[32m.[0m[32m.[0m[32m.[0m[32m.[0m[32m.[0m[32m.[0m[32m.[0m[32m.[0m[32m.[0m[32m.[0m[32m.[0m[32m.[0m[32m.[0m[32m.[0m[32m.[0m[32m.[0m[32m.[0m[32m.[0m[32m.[0m[32m.[0m[32m.[0m[32m.[0m[32m.[0m[32m.[0m[32m.[0m[32m.[0m[32m.[0m[32m.[0m[32m.[0m[32m.[0m[32m.[0m[32m.[0m[32m.[0m[32m.[0m[32m.[0m[32m.[0m[32m.[0m[32m.[0m[32m.[0m[32m.[0m[32m.[0m[32m.[0m[32m.[0m[32m.[0m[32m.[0m[32m.[0m[32m.[0m[32m.[0m[32m.[0m[32m.[0m[32m.[0m[32m.[0m[32m.[0m[32m.[0m[32m.[0m[32m.[0m[32m.[0m[32m.[0m[32m.[0m[32m.[0m[32m.[0m[32m.[0m[32m.[0m[32m.[0m[32m.[0m[32m.[0m[32m.[0m[32m.[0m[32m.[0m[31m [ 41%]
[0m[32m.[0m[32m.[0m[32m.[0m[32m.[0m[32m.[0m[32m.[0m[32m.[0m[32m.[0m[32m.[0m[32m.[0m[32m.[0m[32m.[0m[32m.[0m[32m.[0m[32m.[0m[32m.[0m[32m.[0m[32m.[0m[32m.[0m[32m.[0m[32m.[0m[32m.[0m[32m.[0m[32m.[0m[32m.[0m[32m.[0m[32m.[0m[32m.[0m[32m.[0m[32m.[0m[32m.[0m[32m.[0m[32m.[0m[32m.[0m[32m.[0m[32m.[0m[32m.[0m[32m.[0m[32m.[0m[32m.[0m[32m.[0m[32m.[0m[32m.[0m[32m.[0m[32m.[0m[32m.[0m[32m.[0m[32m.[0m[32m.[0m[32m.[0m[32m.[0m[32m.[0m[32m.[0m[32m.[0m[32m.[0m[32m.[0m[32m.[0m[32m.[0m[32m.[0m[32m.[0m[32m.[0m[32m.[0m[32m.[0m[32m.[0m[32m.[0m[32m.[0m[32m.[0m[32m.[0m[32m.[0m[32m.[0m[32m.[0m[32m.[0m[31m [ 45%]
[0m[32m.[0m[32m.[0m[32m.[0m[32m.[0m[32m.[0m[32m.[0m[32m.[0m[32m.[0m[32m.[0m[32m.[0m[32m.[0m[32m.[0m[32m.[0m[32m.[0m[32m.[0m[32m.[0m[32m.[0m[32m.[0m[32m.[0m[32m.[0m[32m.[0m[32m.[0m[32m.[0m[32m.[0m[32m.[0m[32m.[0m[32m.[0m[32m.[0m[32m.[0m[32m.[0m[32m.[0m[32m.[0m[32m.[0m[32m.[0m[32m.[0m[32m.[0m[32m.[0m[32m.[0m[32m.[0m[32m.[0m[32m.[0m[32m.[0m[32m.[0m[32m.[0m[32m.[0m[32m.[0m[32m.[0m[32m.[0m[32m.[0m[32m.[0m[32m.[0m[32m.[0m[32m.[0m[32m.[0m[32m.[0m[32m.[0m[32m.[0m[32m.[0m[32m.[0m[32m.[0m[32m.[0m[32m.[0m[32m.[0m[32m.[0m[32m.[0m[32m.[0m[32m.[0m[32m.[0m[32m.[0m[32m.[0m[32m.[0m[32m.[0m[31m [ 50%]
[0m[32m.[0m[32m.[0m[32m.[0m[32m.[0m[32m.[0m[32m.[0m[32m.[0m[32m.[0m[32m.[0m[32m.[0m[32m.[0m[32m.[0m[31m                                                             [ 50%][0m
tests/test_handlers.py [32m.[0m[32m.[0m[32m.[0m[32m.[0m[32m.[0m[32m.[0m[32m.[0m[32m.[0m[32m.[0m[32m.[0m[32m.[0m[32m.[0m[32m.[0m[32m.[0m[32m.[0m[32m.[0m[32m.[0m[32m.[0m[32m.[0m[32m.[0m[31m                              [ 52%][0m
tests/test_help.py [32m.[0m[32m.[0m[32m.[0m[32m.[0m[32m.[0m[32m.[0m[32m.[0m[31m                                               [ 52%][0m
tests/test_history.py [32m.[0m[32m.[0m[32m.[0m[32m.[0m[32m.[0m[32m.[0m[32m.[0m[32m.[0m[32m.[0m[31m                                          [ 52%][0m
tests/test_hooks.py [32m.[0m[32m.[0m[32m.[0m[31m                                                  [ 53%][0m
tests/test_imports.py [32m.[0m[32m.[0m[32m.[0m[31m                                                [ 53%][0m
tests/test_importstring.py [32m.[0m[32m.[0m[32m.[0m[31m                                           [ 53%][0m
tests/test_inputtransformer2.py [32m.[0m[32m.[0m[32m.[0m[32m.[0m[32m.[0m[32m.[0m[32m.[0m[32m.[0m[32m.[0m[32m.[0m[32m.[0m[32m.[0m[32m.[0m[32m.[0m[32m.[0m[32m.[0m[32m.[0m[32m.[0m[32m.[0m[32m.[0m[32m.[0m[32m.[0m[32m.[0m[32m.[0m[32m.[0m[32m.[0m[32m.[0m[32m.[0m[32m.[0m[32m.[0m[32m.[0m[32m.[0m[32m.[0m[32m.[0m[32m.[0m[32m.[0m[32m.[0m[32m.[0m[32m.[0m[32m.[0m[31m [ 55%]
[0m[32m.[0m[31m                                                                        [ 56%][0m
tests/test_inputtransformer2_line.py [32m.[0m[32m.[0m[32m.[0m[32m.[0m[32m.[0m[32m.[0m[32m.[0m[32m.[0m[32m.[0m[31m                           [ 56%][0m
tests/test_interactiveshell.py [32m.[0m[32m.[0m[32m.[0m[32m.[0m[32m.[0m[32m.[0m[32m.[0m[32m.[0m[32m.[0m[32m.[0m[32m.[0m[32m.[0m[32m.[0m[32m.[0m[32m.[0m[32m.[0m[32m.[0m[32m.[0m[32m.[0m[32m.[0m[32m.[0m[32m.[0m[32m.[0m[32m.[0m[32m.[0m[32m.[0m[32m.[0m[32m.[0m[32m.[0m[32m.[0m[32m.[0m[32m.[0m[32m.[0m[32m.[0m[32m.[0m[32m.[0m[32m.[0m[32m.[0m[32m.[0m[32m.[0m[32m.[0m[31m [ 59%]
[0m[32m.[0m[32m.[0m[32m.[0m[32m.[0m[32m.[0m[33ms[0m[32m.[0m[32m.[0m[32m.[0m[32m.[0m[32m.[0m[33ms[0m[32m.[0m[32m.[0m[32m.[0m[32m.[0m[32m.[0m[32m.[0m[33ms[0m[32m.[0m[32m.[0m[32m.[0m[32m.[0m[32m.[0m[32m.[0m[32m.[0m[32m.[0m[32m.[0m[32m.[0m[32m.[0m[32m.[0m[32m.[0m[32m.[0m[32m.[0m[32m.[0m[32m.[0m[32m.[0m[32m.[0m[32m.[0m[32m.[0m[32m.[0m[32m.[0m[32m.[0m[32m.[0m[32m.[0m[32m.[0m[33ms[0m[31m                          [ 61%][0m
tests/test_interactivshell.py [32m.[0m[32m.[0m[32m.[0m[32m.[0m[32m.[0m[32m.[0m[32m.[0m[32m.[0m[32m.[0m[31m                                  [ 62%][0m
tests/test_io.py [32m.[0m[32m.[0m[32m.[0m[31m                                                     [ 62%][0m
tests/test_iplib.py [32m.[0m[32m.[0m[32m.[0m[32m.[0m[32m.[0m[32m.[0m[32m.[0m[31m                                              [ 63%][0m
tests/test_ipunittest.py [32m.[0m[32m.[0m[32m.[0m[32m.[0m[32m.[0m[31m                                           [ 63%][0m
tests/test_latextools.py [32m.[0m[32m.[0m[33ms[0m[33ms[0m[32m.[0m[32m.[0m[32m.[0m[32m.[0m[32m.[0m[32m.[0m[32m.[0m[32m.[0m[33ms[0m[32m.[0m[31m                                  [ 64%][0m
tests/test_logger.py [32m.[0m[32m.[0m[31m                                                  [ 64%][0m
tests/test_magic.py [32m.[0m[32m.[0m[32m.[0m[32m.[0m[32m.[0m[32m.[0m[32m.[0m[32m.[0m[32m.[0m[32m.[0m[32m.[0m[32m.[0m[32m.[0m[32m.[0m[32m.[0m[32m.[0m[32m.[0m[32m.[0m[32m.[0m[32m.[0m[32m.[0m[32m.[0m[32m.[0m[32m.[0m[32m.[0m[32m.[0m[32m.[0m[32m.[0m[32m.[0m[32m.[0m[32m.[0m[32m.[0m[32m.[0m[32m.[0m[32m.[0m[32m.[0m[32m.[0m[32m.[0m[32m.[0m[32m.[0m[32m.[0m[32m.[0m[32m.[0m[32m.[0m[32m.[0m[32m.[0m[32m.[0m[32m.[0m[32m.[0m[32m.[0m[32m.[0m[32m.[0m[31m [ 67%]
[0m[32m.[0m[32m.[0m[32m.[0m[32m.[0m[32m.[0m[32m.[0m[32m.[0m[32m.[0m[32m.[0m[32m.[0m[32m.[0m[32m.[0m[32m.[0m[32m.[0m[32m.[0m[32m.[0m[32m.[0m[32m.[0m[32m.[0m[32m.[0m[32m.[0m[32m.[0m[32m.[0m[32m.[0m[32m.[0m[32m.[0m[32m.[0m[32m.[0m[32m.[0m[32m.[0m[32m.[0m[32m.[0m[32m.[0m[32m.[0m[32m.[0m[32m.[0m[32m.[0m[32m.[0m[32m.[0m[32m.[0m[32m.[0m[32m.[0m[32m.[0m[32m.[0m[32m.[0m[32m.[0m[32m.[0m[32m.[0m[32m.[0m[32m.[0m[32m.[0m[32m.[0m[32m.[0m[32m.[0m[32m.[0m[32m.[0m[32m.[0m[32m.[0m[32m.[0m[32m.[0m[32m.[0m[32m.[0m[32m.[0m[32m.[0m[32m.[0m[32m.[0m[32m.[0m[32m.[0m[32m.[0m[32m.[0m[31m   [ 71%][0m
tests/test_magic_arguments.py [32m.[0m[31m                                          [ 71%][0m
tests/test_magic_terminal.py [32m.[0m[32m.[0m[32m.[0m[32m.[0m[32m.[0m[32m.[0m[32m.[0m[32m.[0m[32m.[0m[32m.[0m[32m.[0m[31m                                 [ 72%][0m
tests/test_module_paths.py [32m.[0m[32m.[0m[32m.[0m[32m.[0m[32m.[0m[32m.[0m[31m                                        [ 72%][0m
tests/test_oinspect.py [32m.[0m[32m.[0m[32m.[0m[32m.[0m[32m.[0m[32m.[0m[32m.[0m[32m.[0m[32m.[0m[32m.[0m[32m.[0m[32m.[0m[32m.[0m[32m.[0m[32m.[0m[32m.[0m[32m.[0m[32m.[0m[32m.[0m[32m.[0m[32m.[0m[32m.[0m[32m.[0m[32m.[0m[32m.[0m[32m.[0m[32m.[0m[32m.[0m[32m.[0m[32m.[0m[32m.[0m[32m.[0m[32m.[0m[32m.[0m[31m                [ 74%][0m
tests/test_openpy.py [32m.[0m[32m.[0m[32m.[0m[31m                                                 [ 75%][0m
tests/test_page.py [32m.[0m[31m                                                     [ 75%][0m
tests/test_path.py [33ms[0m[33ms[0m[32m.[0m[32m.[0m[32m.[0m[33ms[0m[32m.[0m[32m.[0m[32m.[0m[32m.[0m[32m.[0m[33ms[0m[32m.[0m[33ms[0m[32m.[0m[32m.[0m[32m.[0m[33ms[0m[32m.[0m[32m.[0m[32m.[0m[32m.[0m[32m.[0m[32m.[0m[32m.[0m[32m.[0m[32m.[0m[32m.[0m[32m.[0m[33ms[0m[31m                        [ 76%][0m
tests/test_paths.py [32m.[0m[32m.[0m[32m.[0m[32m.[0m[32m.[0m[32m.[0m[32m.[0m[32m.[0m[32m.[0m[32m.[0m[32m.[0m[31m                                          [ 77%][0m
tests/test_prefilter.py [32m.[0m[32m.[0m[32m.[0m[32m.[0m[32m.[0m[32m.[0m[32m.[0m[32m.[0m[31m                                         [ 78%][0m
tests/test_pretty.py [32m.[0m[32m.[0m[32m.[0m[32m.[0m[32m.[0m[32m.[0m[32m.[0m[32m.[0m[32m.[0m[32m.[0m[32m.[0m[32m.[0m[32m.[0m[32m.[0m[32m.[0m[32m.[0m[32m.[0m[32m.[0m[32m.[0m[32m.[0m[32m.[0m[32m.[0m[32m.[0m[32m.[0m[32m.[0m[32m.[0m[32m.[0m[32m.[0m[32m.[0m[32m.[0m[32m.[0m[32m.[0m[32m.[0m[32m.[0m[32m.[0m[31m                 [ 80%][0m
tests/test_process.py [32m.[0m[33ms[0m[32m.[0m[32m.[0m[32m.[0m[32m.[0m[32m.[0m[33ms[0m[33ms[0m[33ms[0m[33ms[0m[32m.[0m[32m.[0m[32m.[0m[32m.[0m[32m.[0m[32m.[0m[32m.[0m[32m.[0m[31m                                [ 81%][0m
tests/test_profile.py [32m.[0m[32m.[0m[32m.[0m[32m.[0m[32m.[0m[31m                                              [ 81%][0m
tests/test_pt_inputhooks.py [33ms[0m[31m                                            [ 81%][0m
tests/test_pycolorize.py [32m.[0m[32m.[0m[32m.[0m[32m.[0m[32m.[0m[32m.[0m[32m.[0m[32m.[0m[31m                                        [ 82%][0m
tests/test_pylabtools.py [32m.[0m[32m.[0m[32m.[0m[32m.[0m[32m.[0m[32m.[0m[32m.[0m[32m.[0m[32m.[0m[32m.[0m[32m.[0m[32m.[0m[32m.[0m[32m.[0m[32m.[0m[32m.[0m[32m.[0m[32m.[0m[32m.[0m[32m.[0m[32m.[0m[32m.[0m[32m.[0m[32m.[0m[32m.[0m[32m.[0m[32m.[0m[32m.[0m[32m.[0m[32m.[0m[32m.[0m[32m.[0m[32m.[0m[32m.[0m[32m.[0m[32m.[0m[32m.[0m[32m.[0m[32m.[0m[32m.[0m[32m.[0m[32m.[0m[32m.[0m[32m.[0m[32m.[0m[32m.[0m[32m.[0m[31m [ 85%]
[0m[32m.[0m[32m.[0m[31m                                                                       [ 85%][0m
tests/test_qt_loaders.py [32m.[0m[31m                                               [ 85%][0m
tests/test_run.py [32m.[0m[32m.[0m[32m.[0m[32m.[0m[32m.[0m[33ms[0m[32m.[0m[32m.[0m[32m.[0m[32m.[0m[32m.[0m[32m.[0m[32m.[0m[32m.[0m[32m.[0m[32m.[0m[32m.[0m[32m.[0m[32m.[0m[32m.[0m[32m.[0m[32m.[0m[32m.[0m[32m.[0m[32m.[0m[32m.[0m[32m.[0m[32m.[0m[32m.[0m[32m.[0m[32m.[0m[32m.[0m[32m.[0m[32m.[0m[32m.[0m[32m.[0m[32m.[0m[31m                  [ 87%][0m
tests/test_shellapp.py [32m.[0m[32m.[0m[32m.[0m[31m                                               [ 87%][0m
tests/test_shortcuts.py [32m.[0m[32m.[0m[32m.[0m[32m.[0m[32m.[0m[32m.[0m[32m.[0m[32m.[0m[32m.[0m[32m.[0m[32m.[0m[32m.[0m[32m.[0m[32m.[0m[32m.[0m[32m.[0m[32m.[0m[32m.[0m[32m.[0m[32m.[0m[32m.[0m[32m.[0m[32m.[0m[32m.[0m[32m.[0m[32m.[0m[32m.[0m[32m.[0m[32m.[0m[32m.[0m[32m.[0m[32m.[0m[32m.[0m[32m.[0m[32m.[0m[32m.[0m[32m.[0m[32m.[0m[32m.[0m[32m.[0m[32m.[0m[32m.[0m[32m.[0m[32m.[0m[32m.[0m[32m.[0m[32m.[0m[32m.[0m[31m [ 90%]
[0m[32m.[0m[32m.[0m[32m.[0m[32m.[0m[32m.[0m[32m.[0m[32m.[0m[32m.[0m[32m.[0m[31m                                                                [ 91%][0m
tests/test_splitinput.py [32m.[0m[32m.[0m[32m.[0m[32m.[0m[32m.[0m[32m.[0m[32m.[0m[32m.[0m[32m.[0m[32m.[0m[32m.[0m[32m.[0m[32m.[0m[32m.[0m[32m.[0m[32m.[0m[32m.[0m[32m.[0m[32m.[0m[32m.[0m[32m.[0m[32m.[0m[32m.[0m[31m                         [ 92%][0m
tests/test_storemagic.py [32m.[0m[32m.[0m[31m                                              [ 92%][0m
tests/test_sysinfo.py [31mF[0m[31m                                                  [ 92%][0m
tests/test_tempdir.py [32m.[0m[32m.[0m[31m                                                 [ 92%][0m
tests/test_text.py [32m.[0m[32m.[0m[32m.[0m[32m.[0m[32m.[0m[32m.[0m[32m.[0m[31m                                               [ 93%][0m
tests/test_tips.py [33ms[0m[33ms[0m[33ms[0m[33ms[0m[33ms[0m[33ms[0m[33ms[0m[33ms[0m[33ms[0m[33ms[0m[33ms[0m[33ms[0m[33ms[0m[33ms[0m[33ms[0m[33ms[0m[33ms[0m[33ms[0m[33ms[0m[33ms[0m[33ms[0m[33ms[0m[33ms[0m[33ms[0m[31m                              [ 94%][0m
tests/test_tokenutil.py [32m.[0m[32m.[0m[32m.[0m[32m.[0m[32m.[0m[32m.[0m[32m.[0m[32m.[0m[32m.[0m[32m.[0m[32m.[0m[32m.[0m[32m.[0m[32m.[0m[32m.[0m[32m.[0m[32m.[0m[32m.[0m[32m.[0m[32m.[0m[32m.[0m[31m                            [ 95%][0m
tests/test_tools.py [32m.[0m[33ms[0m[32m.[0m[32m.[0m[32m.[0m[32m.[0m[32m.[0m[32m.[0m[32m.[0m[32m.[0m[31m                                           [ 96%][0m
tests/test_ultratb.py [32m.[0m[32m.[0m[32m.[0m[32m.[0m[32m.[0m[32m.[0m[32m.[0m[32m.[0m[32m.[0m[32m.[0m[32m.[0m[32m.[0m[32m.[0m[32m.[0m[32m.[0m[32m.[0m[32m.[0m[32m.[0m[32m.[0m[32m.[0m[32m.[0m[32m.[0m[32m.[0m[32m.[0m[32m.[0m[32m.[0m[32m.[0m[31m                        [ 98%][0m
tests/test_wildcard.py [32m.[0m[32m.[0m[32m.[0m[32m.[0m[32m.[0m[32m.[0m[31m                                            [ 98%][0m
tests/test_zzz_autoreload.py [32m.[0m[32m.[0m[32m.[0m[32m.[0m[32m.[0m[32m.[0m[32m.[0m[32m.[0m[32m.[0m[32m.[0m[32m.[0m[32m.[0m[32m.[0m[32m.[0m[32m.[0m[32m.[0m[32m.[0m[32m.[0m[32m.[0m[32m.[0m[32m.[0m[32m.[0m[32m.[0m[31m                     [ 99%][0m

=================================== FAILURES ===================================
[31m[1m__________________ [ipdoctest] IPython.utils.sysinfo.sys_info __________________[0m
103 Return useful information about IPython and the system, as a string.
104
105     Examples
106     --------
107     ::
108
109         In [2]: print(sys_info())
UNEXPECTED EXCEPTION: FileNotFoundError(2, 'No such file or directory')
Traceback (most recent call last):
  File "/usr/lib/python3.12/doctest.py", line 1368, in __run
    exec(compile(example.source, filename, "single",
  File "<doctest IPython.utils.sysinfo.sys_info[0]>", line 1, in <module>
  File "/app/IPython/utils/sysinfo.py", line 120, in sys_info
    return pprint.pformat(get_sys_info())
                          ^^^^^^^^^^^^^^
  File "/app/IPython/utils/sysinfo.py", line 100, in get_sys_info
    return pkg_info(str(path))
           ^^^^^^^^^^^^^^^^^^^
  File "/app/IPython/utils/sysinfo.py", line 83, in pkg_info
    src, hsh = pkg_commit_hash(pkg_path)
               ^^^^^^^^^^^^^^^^^^^^^^^^^
  File "/app/IPython/utils/sysinfo.py", line 60, in pkg_commit_hash
    proc = subprocess.Popen('git rev-parse --short HEAD'.split(' '),
           ^^^^^^^^^^^^^^^^^^^^^^^^^^^^^^^^^^^^^^^^^^^^^^^^^^^^^^^^^
  File "/usr/lib/python3.12/subprocess.py", line 1026, in __init__
    self._execute_child(args, executable, preexec_fn, close_fds,
  File "/usr/lib/python3.12/subprocess.py", line 1955, in _execute_child
    raise child_exception_type(errno_num, err_msg, err_filename)
FileNotFoundError: [Errno 2] No such file or directory: 'git'
[1m[31m/app/IPython/utils/sysinfo.py[0m:109: UnexpectedException
[31m[1m_____________________________ test_json_getsysinfo _____________________________[0m

    [0m[94mdef[39;49;00m[90m [39;49;00m[92mtest_json_getsysinfo[39;49;00m():[90m[39;49;00m
    [90m    [39;49;00m[33m"""[39;49;00m
    [33m    test that it is easily jsonable and don't return bytes somewhere.[39;49;00m
    [33m    """[39;49;00m[90m[39;49;00m
>       json.dumps(sysinfo.get_sys_info())[90m[39;49;00m
                   ^^^^^^^^^^^^^^^^^^^^^^[90m[39;49;00m

[1m[31mtests/test_sysinfo.py[0m:17:
_ _ _ _ _ _ _ _ _ _ _ _ _ _ _ _ _ _ _ _ _ _ _ _ _ _ _ _ _ _ _ _ _ _ _ _ _ _ _ _
[1m[31mIPython/utils/sysinfo.py[0m:100: in get_sys_info
    [0m[94mreturn[39;49;00m pkg_info([96mstr[39;49;00m(path))[90m[39;49;00m
           ^^^^^^^^^^^^^^^^^^^[90m[39;49;00m
[1m[31mIPython/utils/sysinfo.py[0m:83: in pkg_info
    [0msrc, hsh = pkg_commit_hash(pkg_path)[90m[39;49;00m
               ^^^^^^^^^^^^^^^^^^^^^^^^^[90m[39;49;00m
[1m[31mIPython/utils/sysinfo.py[0m:60: in pkg_commit_hash
    [0mproc = subprocess.Popen([33m'[39;49;00m[33mgit rev-parse --short HEAD[39;49;00m[33m'[39;49;00m.split([33m'[39;49;00m[33m [39;49;00m[33m'[39;49;00m),[90m[39;49;00m
[1m[31m/usr/lib/python3.12/subprocess.py[0m:1026: in __init__
    [0m[96mself[39;49;00m._execute_child(args, executable, preexec_fn, close_fds,[90m[39;49;00m
_ _ _ _ _ _ _ _ _ _ _ _ _ _ _ _ _ _ _ _ _ _ _ _ _ _ _ _ _ _ _ _ _ _ _ _ _ _ _ _

self = <Popen: returncode: 255 args: ['git', 'rev-parse', '--short', 'HEAD']>
args = ['git', 'rev-parse', '--short', 'HEAD'], executable = b'git'
preexec_fn = None, close_fds = True, pass_fds = (), cwd = '/app/IPython'
env = None, startupinfo = None, creationflags = 0, shell = False, p2cread = -1
p2cwrite = -1, c2pread = 62, c2pwrite = 63, errread = 64, errwrite = 65
restore_signals = True, gid = None, gids = None, uid = None, umask = -1
start_new_session = False, process_group = -1

    [0m[94mdef[39;49;00m[90m [39;49;00m[92m_execute_child[39;49;00m([96mself[39;49;00m, args, executable, preexec_fn, close_fds,[90m[39;49;00m
                       pass_fds, cwd, env,[90m[39;49;00m
                       startupinfo, creationflags, shell,[90m[39;49;00m
                       p2cread, p2cwrite,[90m[39;49;00m
                       c2pread, c2pwrite,[90m[39;49;00m
                       errread, errwrite,[90m[39;49;00m
                       restore_signals,[90m[39;49;00m
                       gid, gids, uid, umask,[90m[39;49;00m
                       start_new_session, process_group):[90m[39;49;00m
    [90m    [39;49;00m[33m"""Execute program (POSIX version)"""[39;49;00m[90m[39;49;00m
    [90m[39;49;00m
        [94mif[39;49;00m [96misinstance[39;49;00m(args, ([96mstr[39;49;00m, [96mbytes[39;49;00m)):[90m[39;49;00m
            args = [args][90m[39;49;00m
        [94melif[39;49;00m [96misinstance[39;49;00m(args, os.PathLike):[90m[39;49;00m
            [94mif[39;49;00m shell:[90m[39;49;00m
                [94mraise[39;49;00m [96mTypeError[39;49;00m([33m'[39;49;00m[33mpath-like args is not allowed when [39;49;00m[33m'[39;49;00m[90m[39;49;00m
                                [33m'[39;49;00m[33mshell is true[39;49;00m[33m'[39;49;00m)[90m[39;49;00m
            args = [args][90m[39;49;00m
        [94melse[39;49;00m:[90m[39;49;00m
            args = [96mlist[39;49;00m(args)[90m[39;49;00m
    [90m[39;49;00m
        [94mif[39;49;00m shell:[90m[39;49;00m
            [90m# On Android the default shell is at '/system/bin/sh'.[39;49;00m[90m[39;49;00m
            unix_shell = ([33m'[39;49;00m[33m/system/bin/sh[39;49;00m[33m'[39;49;00m [94mif[39;49;00m[90m[39;49;00m
                      [96mhasattr[39;49;00m(sys, [33m'[39;49;00m[33mgetandroidapilevel[39;49;00m[33m'[39;49;00m) [94melse[39;49;00m [33m'[39;49;00m[33m/bin/sh[39;49;00m[33m'[39;49;00m)[90m[39;49;00m
            args = [unix_shell, [33m"[39;49;00m[33m-c[39;49;00m[33m"[39;49;00m] + args[90m[39;49;00m
            [94mif[39;49;00m executable:[90m[39;49;00m
                args[[94m0[39;49;00m] = executable[90m[39;49;00m
    [90m[39;49;00m
        [94mif[39;49;00m executable [95mis[39;49;00m [94mNone[39;49;00m:[90m[39;49;00m
            executable = args[[94m0[39;49;00m][90m[39;49;00m
    [90m[39;49;00m
        sys.audit([33m"[39;49;00m[33msubprocess.Popen[39;49;00m[33m"[39;49;00m, executable, args, cwd, env)[90m[39;49;00m
    [90m[39;49;00m
        [94mif[39;49;00m (_USE_POSIX_SPAWN[90m[39;49;00m
                [95mand[39;49;00m os.path.dirname(executable)[90m[39;49;00m
                [95mand[39;49;00m preexec_fn [95mis[39;49;00m [94mNone[39;49;00m[90m[39;49;00m
                [95mand[39;49;00m [95mnot[39;49;00m close_fds[90m[39;49;00m
                [95mand[39;49;00m [95mnot[39;49;00m pass_fds[90m[39;49;00m
                [95mand[39;49;00m cwd [95mis[39;49;00m [94mNone[39;49;00m[90m[39;49;00m
                [95mand[39;49;00m (p2cread == -[94m1[39;49;00m [95mor[39;49;00m p2cread > [94m2[39;49;00m)[90m[39;49;00m
                [95mand[39;49;00m (c2pwrite == -[94m1[39;49;00m [95mor[39;49;00m c2pwrite > [94m2[39;49;00m)[90m[39;49;00m
                [95mand[39;49;00m (errwrite == -[94m1[39;49;00m [95mor[39;49;00m errwrite > [94m2[39;49;00m)[90m[39;49;00m
                [95mand[39;49;00m [95mnot[39;49;00m start_new_session[90m[39;49;00m
                [95mand[39;49;00m process_group == -[94m1[39;49;00m[90m[39;49;00m
                [95mand[39;49;00m gid [95mis[39;49;00m [94mNone[39;49;00m[90m[39;49;00m
                [95mand[39;49;00m gids [95mis[39;49;00m [94mNone[39;49;00m[90m[39;49;00m
                [95mand[39;49;00m uid [95mis[39;49;00m [94mNone[39;49;00m[90m[39;49;00m
                [95mand[39;49;00m umask < [94m0[39;49;00m):[90m[39;49;00m
            [96mself[39;49;00m._posix_spawn(args, executable, env, restore_signals,[90m[39;49;00m
                              p2cread, p2cwrite,[90m[39;49;00m
                              c2pread, c2pwrite,[90m[39;49;00m
                              errread, errwrite)[90m[39;49;00m
            [94mreturn[39;49;00m[90m[39;49;00m
    [90m[39;49;00m
        orig_executable = executable[90m[39;49;00m
    [90m[39;49;00m
        [90m# For transferring possible exec failure from child to parent.[39;49;00m[90m[39;49;00m
        [90m# Data format: "exception name:hex errno:description"[39;49;00m[90m[39;49;00m
        [90m# Pickle is not used; it is complex and involves memory allocation.[39;49;00m[90m[39;49;00m
        errpipe_read, errpipe_write = os.pipe()[90m[39;49;00m
        [90m# errpipe_write must not be in the standard io 0, 1, or 2 fd range.[39;49;00m[90m[39;49;00m
        low_fds_to_close = [][90m[39;49;00m
        [94mwhile[39;49;00m errpipe_write < [94m3[39;49;00m:[90m[39;49;00m
            low_fds_to_close.append(errpipe_write)[90m[39;49;00m
            errpipe_write = os.dup(errpipe_write)[90m[39;49;00m
        [94mfor[39;49;00m low_fd [95min[39;49;00m low_fds_to_close:[90m[39;49;00m
            os.close(low_fd)[90m[39;49;00m
        [94mtry[39;49;00m:[90m[39;49;00m
            [94mtry[39;49;00m:[90m[39;49;00m
                [90m# We must avoid complex work that could involve[39;49;00m[90m[39;49;00m
                [90m# malloc or free in the child process to avoid[39;49;00m[90m[39;49;00m
                [90m# potential deadlocks, thus we do all this here.[39;49;00m[90m[39;49;00m
                [90m# and pass it to fork_exec()[39;49;00m[90m[39;49;00m
    [90m[39;49;00m
                [94mif[39;49;00m env [95mis[39;49;00m [95mnot[39;49;00m [94mNone[39;49;00m:[90m[39;49;00m
                    env_list = [][90m[39;49;00m
                    [94mfor[39;49;00m k, v [95min[39;49;00m env.items():[90m[39;49;00m
                        k = os.fsencode(k)[90m[39;49;00m
                        [94mif[39;49;00m [33mb[39;49;00m[33m'[39;49;00m[33m=[39;49;00m[33m'[39;49;00m [95min[39;49;00m k:[90m[39;49;00m
                            [94mraise[39;49;00m [96mValueError[39;49;00m([33m"[39;49;00m[33millegal environment variable name[39;49;00m[33m"[39;49;00m)[90m[39;49;00m
                        env_list.append(k + [33mb[39;49;00m[33m'[39;49;00m[33m=[39;49;00m[33m'[39;49;00m + os.fsencode(v))[90m[39;49;00m
                [94melse[39;49;00m:[90m[39;49;00m
                    env_list = [94mNone[39;49;00m  [90m# Use execv instead of execve.[39;49;00m[90m[39;49;00m
                executable = os.fsencode(executable)[90m[39;49;00m
                [94mif[39;49;00m os.path.dirname(executable):[90m[39;49;00m
                    executable_list = (executable,)[90m[39;49;00m
                [94melse[39;49;00m:[90m[39;49;00m
                    [90m# This matches the behavior of os._execvpe().[39;49;00m[90m[39;49;00m
                    executable_list = [96mtuple[39;49;00m([90m[39;49;00m
                        os.path.join(os.fsencode([96mdir[39;49;00m), executable)[90m[39;49;00m
                        [94mfor[39;49;00m [96mdir[39;49;00m [95min[39;49;00m os.get_exec_path(env))[90m[39;49;00m
                fds_to_keep = [96mset[39;49;00m(pass_fds)[90m[39;49;00m
                fds_to_keep.add(errpipe_write)[90m[39;49;00m
                [96mself[39;49;00m.pid = _fork_exec([90m[39;49;00m
                        args, executable_list,[90m[39;49;00m
                        close_fds, [96mtuple[39;49;00m([96msorted[39;49;00m([96mmap[39;49;00m([96mint[39;49;00m, fds_to_keep))),[90m[39;49;00m
                        cwd, env_list,[90m[39;49;00m
                        p2cread, p2cwrite, c2pread, c2pwrite,[90m[39;49;00m
                        errread, errwrite,[90m[39;49;00m
                        errpipe_read, errpipe_write,[90m[39;49;00m
                        restore_signals, start_new_session,[90m[39;49;00m
                        process_group, gid, gids, uid, umask,[90m[39;49;00m
                        preexec_fn, _USE_VFORK)[90m[39;49;00m
                [96mself[39;49;00m._child_created = [94mTrue[39;49;00m[90m[39;49;00m
            [94mfinally[39;49;00m:[90m[39;49;00m
                [90m# be sure the FD is closed no matter what[39;49;00m[90m[39;49;00m
                os.close(errpipe_write)[90m[39;49;00m
    [90m[39;49;00m
            [96mself[39;49;00m._close_pipe_fds(p2cread, p2cwrite,[90m[39;49;00m
                                 c2pread, c2pwrite,[90m[39;49;00m
                                 errread, errwrite)[90m[39;49;00m
    [90m[39;49;00m
            [90m# Wait for exec to fail or succeed; possibly raising an[39;49;00m[90m[39;49;00m
            [90m# exception (limited in size)[39;49;00m[90m[39;49;00m
            errpipe_data = [96mbytearray[39;49;00m()[90m[39;49;00m
            [94mwhile[39;49;00m [94mTrue[39;49;00m:[90m[39;49;00m
                part = os.read(errpipe_read, [94m50000[39;49;00m)[90m[39;49;00m
                errpipe_data += part[90m[39;49;00m
                [94mif[39;49;00m [95mnot[39;49;00m part [95mor[39;49;00m [96mlen[39;49;00m(errpipe_data) > [94m50000[39;49;00m:[90m[39;49;00m
                    [94mbreak[39;49;00m[90m[39;49;00m
        [94mfinally[39;49;00m:[90m[39;49;00m
            [90m# be sure the FD is closed no matter what[39;49;00m[90m[39;49;00m
            os.close(errpipe_read)[90m[39;49;00m
    [90m[39;49;00m
        [94mif[39;49;00m errpipe_data:[90m[39;49;00m
            [94mtry[39;49;00m:[90m[39;49;00m
                pid, sts = os.waitpid([96mself[39;49;00m.pid, [94m0[39;49;00m)[90m[39;49;00m
                [94mif[39;49;00m pid == [96mself[39;49;00m.pid:[90m[39;49;00m
                    [96mself[39;49;00m._handle_exitstatus(sts)[90m[39;49;00m
                [94melse[39;49;00m:[90m[39;49;00m
                    [96mself[39;49;00m.returncode = sys.maxsize[90m[39;49;00m
            [94mexcept[39;49;00m [96mChildProcessError[39;49;00m:[90m[39;49;00m
                [94mpass[39;49;00m[90m[39;49;00m
    [90m[39;49;00m
            [94mtry[39;49;00m:[90m[39;49;00m
                exception_name, hex_errno, err_msg = ([90m[39;49;00m
                        errpipe_data.split([33mb[39;49;00m[33m'[39;49;00m[33m:[39;49;00m[33m'[39;49;00m, [94m2[39;49;00m))[90m[39;49;00m
                [90m# The encoding here should match the encoding[39;49;00m[90m[39;49;00m
                [90m# written in by the subprocess implementations[39;49;00m[90m[39;49;00m
                [90m# like _posixsubprocess[39;49;00m[90m[39;49;00m
                err_msg = err_msg.decode()[90m[39;49;00m
            [94mexcept[39;49;00m [96mValueError[39;49;00m:[90m[39;49;00m
                exception_name = [33mb[39;49;00m[33m'[39;49;00m[33mSubprocessError[39;49;00m[33m'[39;49;00m[90m[39;49;00m
                hex_errno = [33mb[39;49;00m[33m'[39;49;00m[33m0[39;49;00m[33m'[39;49;00m[90m[39;49;00m
                err_msg = [33m'[39;49;00m[33mBad exception data from child: [39;49;00m[33m{!r}[39;49;00m[33m'[39;49;00m.format([90m[39;49;00m
                              [96mbytes[39;49;00m(errpipe_data))[90m[39;49;00m
            child_exception_type = [96mgetattr[39;49;00m([90m[39;49;00m
                    builtins, exception_name.decode([33m'[39;49;00m[33mascii[39;49;00m[33m'[39;49;00m),[90m[39;49;00m
                    SubprocessError)[90m[39;49;00m
            [94mif[39;49;00m [96missubclass[39;49;00m(child_exception_type, [96mOSError[39;49;00m) [95mand[39;49;00m hex_errno:[90m[39;49;00m
                errno_num = [96mint[39;49;00m(hex_errno, [94m16[39;49;00m)[90m[39;49;00m
                [94mif[39;49;00m err_msg == [33m"[39;49;00m[33mnoexec:chdir[39;49;00m[33m"[39;49;00m:[90m[39;49;00m
                    err_msg = [33m"[39;49;00m[33m"[39;49;00m[90m[39;49;00m
                    [90m# The error must be from chdir(cwd).[39;49;00m[90m[39;49;00m
                    err_filename = cwd[90m[39;49;00m
                [94melif[39;49;00m err_msg == [33m"[39;49;00m[33mnoexec[39;49;00m[33m"[39;49;00m:[90m[39;49;00m
                    err_msg = [33m"[39;49;00m[33m"[39;49;00m[90m[39;49;00m
                    err_filename = [94mNone[39;49;00m[90m[39;49;00m
                [94melse[39;49;00m:[90m[39;49;00m
                    err_filename = orig_executable[90m[39;49;00m
                [94mif[39;49;00m errno_num != [94m0[39;49;00m:[90m[39;49;00m
                    err_msg = os.strerror(errno_num)[90m[39;49;00m
                [94mif[39;49;00m err_filename [95mis[39;49;00m [95mnot[39;49;00m [94mNone[39;49;00m:[90m[39;49;00m
>                   [94mraise[39;49;00m child_exception_type(errno_num, err_msg, err_filename)[90m[39;49;00m
[1m[31mE                   FileNotFoundError: [Errno 2] No such file or directory: 'git'[0m

[1m[31m/usr/lib/python3.12/subprocess.py[0m:1955: FileNotFoundError
[33m=============================== warnings summary ===============================[0m
tests/test_debug_magic.py: 1 warning
tests/test_debugger.py: 8 warnings
tests/test_embed.py: 1 warning
tests/test_interactiveshell.py: 3 warnings
tests/test_process.py: 3 warnings
  /usr/lib/python3.12/pty.py:95: DeprecationWarning: This process (pid=12) is multi-threaded, use of forkpty() may lead to deadlocks in the child.
    pid, fd = os.forkpty()

tests/test_inputtransformer2.py::test_check_make_token_by_line_never_ends_empty
  /app/tests/test_inputtransformer2.py:188: UserWarning: `make_tokens_by_line` received a list of lines which do not have lineending markers ('\n', '\r', '\r\n', '\x0b', '\x0c'), behavior will be unspecified
    assert make_tokens_by_line(c + k)[-1] != []

tests/test_interactiveshell.py::test_run_cell_async
  /usr/lib/python3.12/asyncio/events.py:88: DeprecationWarning: `run_cell_async` will not call `transform_cell` automatically in the future. Please pass the result to `transformed_cell` argument and any exception that happen during thetransform in `preprocessing_exc_tuple` in IPython 7.17 and above.
    self._context.run(self._callback, *self._args)

tests/test_pylabtools.py::test_no_gui_backends
tests/test_pylabtools.py::test_no_gui_backends
tests/test_pylabtools.py::test_no_gui_backends
tests/test_pylabtools.py::test_no_gui_backends
  /app/IPython/core/pylabtools.py:77: DeprecationWarning: backend2gui is deprecated since IPython 8.24, backends are managed in matplotlib and can be externally registered.
    warnings.warn(

tests/test_ultratb.py::Python3ChainedExceptionsTest::test_sysexit_while_handling_error
  /app/IPython/core/interactiveshell.py:3707: UserWarning: To exit: use 'exit', 'quit', or Ctrl-D.
    warn("To exit: use 'exit', 'quit', or Ctrl-D.", stacklevel=1)

-- Docs: https://docs.pytest.org/en/stable/how-to/capture-warnings.html
================================ tests coverage ================================
_______________ coverage: platform linux, python 3.12.12-final-0 _______________

Coverage XML written to file coverage.xml
============================= slowest 10 durations =============================
5.53s call     tests/test_zzz_autoreload.py::TestAutoreload::test_autoreload_output
4.98s call     tests/test_debugger.py::test_ignore_module_all_commands
4.32s call     tests/test_interactiveshell.py::test_stream_performance
4.26s call     tests/test_zzz_autoreload.py::TestAutoreload::test_autoload_newly_added_objects
3.91s call     tests/test_zzz_autoreload.py::TestAutoreload::test_smoketest_autoreload
3.77s call     tests/test_magic.py::test_notebook_export_json_with_output
3.76s call     tests/test_zzz_autoreload.py::TestAutoreload::test_smoketest_aimport
3.56s call     tests/test_magic.py::test_script_streams_continuously
2.32s call     IPython/extensions/tests/test_deduperreload.py::DecoratorPatchingSuite::test_function_decorators
2.15s call     tests/test_completer.py::test_unicode_range
[36m[1m=========================== short test summary info ============================[0m
[33mSKIPPED[0m [34] IPython/testing/plugin/pytest_ipdoctest.py:560: all docstests skipped by +SKIP option
[33mSKIPPED[0m [1] tests/test_async_helpers.py:411: skip_without(curio) fails on 3.12 for now even with other skip so must uncond skip
[33mSKIPPED[0m [1] tests/test_clipboard.py:6: Skipped under *nix when X11/XOrg not available
[33mSKIPPED[0m [1] tests/test_debugger.py:435: recently fail for unknown reason on CI
[33mSKIPPED[0m [1] tests/test_debugger.py:460: recently fail for unknown reason on CI
[33mSKIPPED[0m [1] tests/test_debugger.py:489: recently fail for unknown reason on CI
[33mSKIPPED[0m [1] tests/test_decorators.py:49: Test skipped due to test condition.
[33mSKIPPED[0m [1] tests/test_decorators.py:55: Testing the skip decorator
[33mSKIPPED[0m [9] tests/test_exceptiongroup_tb.py:107: could not import 'exceptiongroup': No module named 'exceptiongroup'
[33mSKIPPED[0m [3] tests/test_interactiveshell.py:664: This test runs only if command 'csh' is installed
[33mSKIPPED[0m [1] tests/test_interactiveshell.py:1256: This test only runs under macOS
[33mSKIPPED[0m [2] tests/test_latextools.py:34: This test runs only if command 'latex' is installed
[33mSKIPPED[0m [1] tests/test_latextools.py:160: This test runs only if command 'latex' is installed
[33mSKIPPED[0m [1] tests/test_path.py:119: This test only runs under Windows
[33mSKIPPED[0m [1] tests/test_path.py:133: This test only runs under Windows
[33mSKIPPED[0m [1] tests/test_path.py:179: This test only runs under Windows
[33mSKIPPED[0m [1] tests/test_path.py:275: This test only runs under Windows
[33mSKIPPED[0m [1] tests/test_path.py:316: I can't create directories that I can't write to
[33mSKIPPED[0m [1] tests/test_path.py:414: This test only runs under Windows
[33mSKIPPED[0m [1] tests/test_path.py:514: This test only runs under Windows
[33mSKIPPED[0m [1] tests/test_process.py:52: This test only runs under Windows
[33mSKIPPED[0m [4] tests/test_process.py:82: This test only runs under Windows
[33mSKIPPED[0m [1] tests/test_pt_inputhooks.py:32: No viable version of PyQt or PySide installed.
[33mSKIPPED[0m [24] tests/test_tips.py:9: Windows console may crash with Unicode
[33mSKIPPED[0m [1] tests/test_tools.py:40: This test only runs under Windows
[33mXFAIL[0m tests/test_completer.py::[1mtest_unsupported_completion_context[f'{f'a.-global][0m - Completion context not yet supported
[33mXFAIL[0m tests/test_completer.py::[1mtest_unsupported_completion_context[3a.-global][0m - Completion context not yet supported
[33mXFAIL[0m tests/test_completer.py::[1mtest_unsupported_completion_context[$).-global][0m - Completion context not yet supported
[31mFAILED[0m IPython/utils/sysinfo.py::[1mIPython.utils.sysinfo.sys_info[0m
[31mFAILED[0m tests/test_sysinfo.py::[1mtest_json_getsysinfo[0m - FileNotFoundError: [Errno 2] No such file or directory: 'git'
[31m= [31m[1m2 failed[0m, [32m1550 passed[0m, [33m95 skipped[0m, [33m3 xfailed[0m, [33m23 warnings[0m[31m in 188.58s (0:03:08)[0m[31m =[0m
