Extracting Bazel installation...
Starting local Bazel server and connecting to it...
INFO: Starting clean (this may take a while). Use --async if the clean takes more than several minutes.
Starting local Bazel server and connecting to it...
Computing main repo mapping:
Computing main repo mapping:
DEBUG: Rule 'libpfm+' indicated that a canonical reproducible form can be obtained by modifying arguments integrity = "sha256-ZhYTfeJYsxEQVkZKmfU/Pwr15WJ92Gq/257IpsXGcvk="
DEBUG: Repository libpfm+ instantiated at:
  <builtin>: in <toplevel>
Repository rule http_archive defined at:
  /root/.cache/bazel/_bazel_root/8c069df52082beee3c95ca17836fb8e2/external/bazel_tools/tools/build_defs/repo/http.bzl:392:31: in <toplevel>
Computing main repo mapping:
Computing main repo mapping:
Computing main repo mapping:
Computing main repo mapping:
WARNING: Couldn't auto load rules or symbols, because no dependency on module/repository 'rules_android' found. This will result in a failure if there's a reference to those rules or symbols.
Loading:
Loading: 1 packages loaded
ERROR: Skipping '@com_github_grpc_grpc//...': error loading package under directory '': error loading package '@@grpc+//tools/bazelify_tests/test': at /root/.cache/bazel/_bazel_root/8c069df52082beee3c95ca17836fb8e2/external/grpc+/tools/bazelify_tests/build_defs.bzl:19:6: Unable to find package for @@[unknown repo 'bazel_toolchains' requested from @@grpc+]//rules/exec_properties:exec_properties.bzl: The repository '@@[unknown repo 'bazel_toolchains' requested from @@grpc+]' could not be resolved: No repository visible as '@bazel_toolchains' from repository '@@grpc+'.
ERROR: error loading package under directory '': error loading package '@@grpc+//tools/bazelify_tests/test': at /root/.cache/bazel/_bazel_root/8c069df52082beee3c95ca17836fb8e2/external/grpc+/tools/bazelify_tests/build_defs.bzl:19:6: Unable to find package for @@[unknown repo 'bazel_toolchains' requested from @@grpc+]//rules/exec_properties:exec_properties.bzl: The repository '@@[unknown repo 'bazel_toolchains' requested from @@grpc+]' could not be resolved: No repository visible as '@bazel_toolchains' from repository '@@grpc+'.
INFO: Elapsed time: 13.541s
INFO: 0 processes.
ERROR: Build did NOT complete successfully
Loading: 29 packages loaded
    currently loading: fleetbench ... (6 packages)
ERROR: Fetching some target dependencies failed with errors: at /root/.cache/bazel/_bazel_root/8c069df52082beee3c95ca17836fb8e2/external/grpc+/tools/bazelify_tests/build_defs.bzl:19:6: Unable to find package for @@[unknown repo 'bazel_toolchains' requested from @@grpc+]//rules/exec_properties:exec_properties.bzl: The repository '@@[unknown repo 'bazel_toolchains' requested from @@grpc+]' could not be resolved: No repository visible as '@bazel_toolchains' from repository '@@grpc+'.
Loading: 29 packages loaded
    currently loading: fleetbench ... (6 packages)
Computing main repo mapping:
Loading:
Loading: 0 packages loaded
Loading: 6 packages loaded
    currently loading: fleetbench ... (3 packages)
Analyzing: 364 targets (9 packages loaded, 0 targets configured)
Analyzing: 364 targets (9 packages loaded, 0 targets configured)

Analyzing: 364 targets (70 packages loaded, 200 targets configured)
[1 / 1] no actions running
DEBUG: Rule '+_repo_rules+chromium_zlib' indicated that a canonical reproducible form can be obtained by modifying arguments integrity = "sha256-virUsmVzmRwazsqSWbeV3lMOQBSr7qlg3GM3ORRlckY="
DEBUG: Repository +_repo_rules+chromium_zlib instantiated at:
  <builtin>: in <toplevel>
Repository rule http_archive defined at:
  /root/.cache/bazel/_bazel_root/8c069df52082beee3c95ca17836fb8e2/external/bazel_tools/tools/build_defs/repo/http.bzl:392:31: in <toplevel>
Analyzing: 364 targets (164 packages loaded, 7155 targets configured)
[1 / 1] no actions running
INFO: Repository +_repo_rules+libnuma instantiated at:
  <builtin>: in <toplevel>
Repository rule http_archive defined at:
  /root/.cache/bazel/_bazel_root/8c069df52082beee3c95ca17836fb8e2/external/bazel_tools/tools/build_defs/repo/http.bzl:392:31: in <toplevel>
ERROR: /root/.cache/bazel/_bazel_root/8c069df52082beee3c95ca17836fb8e2/external/bazel_tools/tools/build_defs/repo/utils.bzl:233:21: An error occurred during the fetch of repository '+_repo_rules+libnuma':
   Traceback (most recent call last):
	File "/root/.cache/bazel/_bazel_root/8c069df52082beee3c95ca17836fb8e2/external/bazel_tools/tools/build_defs/repo/http.bzl", line 150, column 10, in _http_archive_impl
		patch(ctx)
	File "/root/.cache/bazel/_bazel_root/8c069df52082beee3c95ca17836fb8e2/external/bazel_tools/tools/build_defs/repo/utils.bzl", line 233, column 21, in patch
		fail("Error applying patch command %s:\n%s%s" %
Error in fail: Error applying patch command ./autogen.sh:
./autogen.sh: 5: autoreconf: not found
ERROR: no such package '@@+_repo_rules+libnuma//': Error applying patch command ./autogen.sh:
./autogen.sh: 5: autoreconf: not found
ERROR: /app/fleetbench/BUILD:106:11: //fleetbench:benchmark_main depends on @@+_repo_rules+libnuma//:numa in repository @@+_repo_rules+libnuma which failed to fetch. no such package '@@+_repo_rules+libnuma//': Error applying patch command ./autogen.sh:
./autogen.sh: 5: autoreconf: not found
Target //fleetbench:requirements up-to-date (nothing to build)
ERROR: Analysis of target '//fleetbench:benchmark_main' failed; build aborted: Analysis failed
INFO: Elapsed time: 5.070s, Critical Path: 0.03s
INFO: 1 process: 1 internal.
ERROR: Build did NOT complete successfully
FAILED:
Computing main repo mapping:
Loading:
Loading: 0 packages loaded
Analyzing: 364 targets (0 packages loaded, 0 targets configured)
Analyzing: 364 targets (0 packages loaded, 0 targets configured)

INFO: Repository +_repo_rules+libnuma instantiated at:
  <builtin>: in <toplevel>
Repository rule http_archive defined at:
  /root/.cache/bazel/_bazel_root/8c069df52082beee3c95ca17836fb8e2/external/bazel_tools/tools/build_defs/repo/http.bzl:392:31: in <toplevel>
INFO: repository @@+_repo_rules+libnuma' used the following cache hits instead of downloading the corresponding file.
 * Hash 'c7aebfc925f2c3827e3cb607092065f3a48986a16aea1bb10ca70937edac278b' for https://github.com/numactl/numactl/archive/refs/tags/v2.0.19.zip
If the definition of 'repository @@+_repo_rules+libnuma' was updated, verify that the hashes were also updated.
ERROR: /root/.cache/bazel/_bazel_root/8c069df52082beee3c95ca17836fb8e2/external/bazel_tools/tools/build_defs/repo/utils.bzl:233:21: An error occurred during the fetch of repository '+_repo_rules+libnuma':
   Traceback (most recent call last):
	File "/root/.cache/bazel/_bazel_root/8c069df52082beee3c95ca17836fb8e2/external/bazel_tools/tools/build_defs/repo/http.bzl", line 150, column 10, in _http_archive_impl
		patch(ctx)
	File "/root/.cache/bazel/_bazel_root/8c069df52082beee3c95ca17836fb8e2/external/bazel_tools/tools/build_defs/repo/utils.bzl", line 233, column 21, in patch
		fail("Error applying patch command %s:\n%s%s" %
Error in fail: Error applying patch command ./autogen.sh:
./autogen.sh: 5: autoreconf: not found
ERROR: no such package '@@+_repo_rules+libnuma//': Error applying patch command ./autogen.sh:
./autogen.sh: 5: autoreconf: not found
ERROR: /app/fleetbench/BUILD:106:11: //fleetbench:benchmark_main depends on @@+_repo_rules+libnuma//:numa in repository @@+_repo_rules+libnuma which failed to fetch. no such package '@@+_repo_rules+libnuma//': Error applying patch command ./autogen.sh:
./autogen.sh: 5: autoreconf: not found
Target //fleetbench:requirements up-to-date (nothing to build)
ERROR: Analysis of target '//fleetbench:benchmark_main' failed; build aborted: Analysis failed
INFO: Elapsed time: 1.002s, Critical Path: 0.01s
INFO: 1 process: 1 internal.
ERROR: Build did NOT complete successfully
FAILED:
ERROR: No test targets were found, yet testing was requested
