
> @3.5.22 test-unit /app
> vitest --project unit*


 RUN  v3.2.4 /app

 âœ“ |unit| packages/reactivity/__tests__/collections/Map.spec.ts (31 tests) 36ms
 âœ“ |unit| packages/reactivity/__tests__/reactive.spec.ts (35 tests) 34ms
 âœ“ |unit| packages/reactivity/__tests__/collections/Set.spec.ts (32 tests) 33ms
 âœ“ |unit| packages/reactivity/__tests__/reactiveArray.spec.ts (39 tests) 57ms
 âœ“ |unit| packages/reactivity/__tests__/readonly.spec.ts (38 tests) 58ms
 âœ“ |unit| packages/compiler-core/__tests__/parse.spec.ts (151 tests) 248ms
 âœ“ |unit| packages/compiler-core/__tests__/transform.spec.ts (21 tests) 62ms
 âœ“ |unit| packages/compiler-core/__tests__/transforms/transformSlotOutlet.spec.ts (14 tests) 76ms
 âœ“ |unit| packages/compiler-core/__tests__/transforms/vBind.spec.ts (18 tests) 85ms
 âœ“ |unit| packages/compiler-core/__tests__/compile.spec.ts (3 tests) 104ms
 âœ“ |unit| packages/compiler-core/__tests__/transforms/vOn.spec.ts (33 tests) 138ms
 âœ“ |unit| packages/compiler-core/__tests__/transforms/vModel.spec.ts (20 tests) 162ms
 âœ“ |unit| packages/compiler-dom/__tests__/transforms/vOn.spec.ts (12 tests) 84ms
 âœ“ |unit| packages/compiler-core/__tests__/transforms/transformExpressions.spec.ts (47 tests) 232ms
 âœ“ |unit| packages/compiler-core/__tests__/transforms/vIf.spec.ts (31 tests) 142ms
 âœ“ |unit| packages/compiler-core/__tests__/codegen.spec.ts (34 tests) 208ms
 âœ“ |unit| packages/compiler-dom/__tests__/parse.spec.ts (33 tests) 99ms
 âœ“ |unit| packages/compiler-core/__tests__/transforms/cacheStatic.spec.ts (34 tests) 341ms
 âœ“ |unit| packages/compiler-core/__tests__/transforms/vSlot.spec.ts (28 tests) 363ms
 âœ“ |unit| packages/compiler-core/__tests__/transforms/vFor.spec.ts (53 tests) 381ms
 âœ“ |unit| packages/compiler-core/__tests__/transforms/transformElement.spec.ts (124 tests) 671ms
 âœ“ |unit| packages/runtime-core/__tests__/scheduler.spec.ts (37 tests) 138ms
 âœ“ |unit| packages/reactivity/__tests__/effectScope.spec.ts (18 tests) 75ms
 âœ“ |unit| packages/compiler-core/__tests__/transforms/transformText.spec.ts (8 tests) 104ms
 âœ“ |unit| packages/compiler-dom/__tests__/transforms/stringifyStatic.spec.ts (25 tests) 393ms
 âœ“ |unit| packages/runtime-core/__tests__/rendererFragment.spec.ts (13 tests) 165ms
 âœ“ |unit| packages/runtime-core/__tests__/componentPublicInstance.spec.ts (14 tests) 178ms
 âœ“ |unit| packages/runtime-core/__tests__/helpers/useTemplateRef.spec.ts (13 tests) 187ms
 âœ“ |unit| packages/runtime-core/__tests__/componentEmits.spec.ts (27 tests) 235ms
 âœ“ |unit| packages/runtime-core/__tests__/errorHandling.spec.ts (21 tests) 230ms
 âœ“ |unit| packages/runtime-core/__tests__/apiSetupHelpers.spec.ts (17 tests) 198ms
 âœ“ |unit| packages/runtime-core/__tests__/componentSlots.spec.ts (17 tests) 216ms
 âœ“ |unit| packages/runtime-core/__tests__/directives.spec.ts (7 tests) 197ms
 âœ“ |unit| packages/runtime-core/__tests__/rendererComponent.spec.ts (15 tests) 220ms
 âœ“ |unit| packages/runtime-core/__tests__/apiLifecycle.spec.ts (14 tests) 229ms
 âœ“ |unit| packages/runtime-core/__tests__/scopeId.spec.ts (12 tests) 192ms
 âœ“ |unit| packages/runtime-core/__tests__/apiInject.spec.ts (15 tests) 194ms
 âœ“ |unit| packages/reactivity/__tests__/shallowReadonly.spec.ts (16 tests) 47ms
 âœ“ |unit| packages/reactivity/__tests__/effect.spec.ts (70 tests) 240ms
 âœ“ |unit| packages/runtime-core/__tests__/vnode.spec.ts (48 tests) 218ms
 âœ“ |unit| packages/runtime-core/__tests__/helpers/useModel.spec.ts (14 tests) 231ms
 âœ“ |unit| packages/runtime-core/__tests__/rendererChildren.spec.ts (38 tests) 236ms
 âœ“ |unit| packages/runtime-core/__tests__/apiCreateApp.spec.ts (21 tests) 245ms
 âœ“ |unit| packages/runtime-core/__tests__/rendererOptimizedMode.spec.ts (33 tests) 439ms
 âœ“ |unit| packages/runtime-core/__tests__/rendererTemplateRef.spec.ts (24 tests) 272ms
 âœ“ |unit| packages/runtime-core/__tests__/apiAsyncComponent.spec.ts (22 tests) 524ms
 â¯ |unit| packages/reactivity/__tests__/computed.spec.ts (49 tests | 1 failed) 664ms
   âœ“ reactivity/computed > should return updated value 9ms
   âœ“ reactivity/computed > pass oldValue to computed getter 4ms
   âœ“ reactivity/computed > should compute lazily 4ms
   âœ“ reactivity/computed > should trigger effect 16ms
   âœ“ reactivity/computed > should work when chained 4ms
   âœ“ reactivity/computed > should trigger effect when chained 25ms
   âœ“ reactivity/computed > should trigger effect when chained (mixed invocations) 33ms
   âœ“ reactivity/computed > should support setter 33ms
   âœ“ reactivity/computed > should trigger effect w/ setter 4ms
   âœ“ reactivity/computed > should invalidate before non-computed effects 8ms
   âœ“ reactivity/computed > should warn if trying to set a readonly computed 2ms
   âœ“ reactivity/computed > should be readonly 1ms
   âœ“ reactivity/computed > debug: onTrack 2ms
   âœ“ reactivity/computed > debug: onTrigger (reactive) 3ms
   âœ“ reactivity/computed > should query deps dirty sequentially 1ms
   âœ“ reactivity/computed > chained computed dirty reallocation after querying dirty 2ms
   âœ“ reactivity/computed > chained computed dirty reallocation after trigger computed getter 1ms
   âœ“ reactivity/computed > deps order should be consistent with the last time get value 2ms
   âœ“ reactivity/computed > should trigger by the second computed that maybe dirty 1ms
   âœ“ reactivity/computed > should trigger the second effect 2ms
   âœ“ reactivity/computed > should chained recursive effects clear dirty after trigger 1ms
   âœ“ reactivity/computed > should chained computeds dirtyLevel update with first computed effect 0ms
   âœ“ reactivity/computed > should work when chained(ref+computed) 1ms
   âœ“ reactivity/computed > should trigger effect even computed already dirty 1ms
   âœ“ reactivity/computed > should not override queried MaybeDirty result 1ms
   âœ“ reactivity/computed > should be not dirty after deps mutate (mutate deps in computed) 17ms
   âœ“ reactivity/computed > should not trigger effect scheduler by recursive computed effect 3ms
   âœ“ reactivity/computed > should not trigger if value did not change 1ms
   âœ“ reactivity/computed > chained computed trigger 24ms
   âœ“ reactivity/computed > chained computed avoid re-compute 3ms
   âœ“ reactivity/computed > chained computed value invalidation 6ms
   âœ“ reactivity/computed > sync access of invalidated chained computed should not prevent final effect from running 3ms
   âœ“ reactivity/computed > computed should force track in untracked zone 2ms
   âœ“ reactivity/computed > computed side effect should be able trigger 1ms
   âœ“ reactivity/computed > chained computed should work when accessed before having subs 1ms
   âœ“ reactivity/computed > chained computed should still refresh after owner component unmount 6ms
   âœ“ reactivity/computed > computed deps should only be refreshed when the subscribing effect is run, not when scheduled 5ms
   âœ“ reactivity/computed > should chained computeds keep reactivity when computed effect happens 2ms
   âœ“ reactivity/computed > should keep dirty level when side effect computed value changed 2ms
   âœ“ reactivity/computed > should be recomputed without being affected by side effects 1ms
   âœ“ reactivity/computed > debug: onTrigger (ref) 1ms
   âœ“ reactivity/computed > should prevent endless recursion in self-referencing computed getters 4ms
   âœ“ reactivity/computed > manual trigger computed 1ms
   âœ“ reactivity/computed > should not recompute if computed does not track reactive data 1ms
   âœ“ reactivity/computed > computed should remain live after losing all subscribers 1ms
   âœ“ reactivity/computed > computed dep cleanup should not cause property dep to be deleted 1ms
   âœ“ reactivity/computed > computed value updates correctly after dep cleanup 1ms
   Ã— reactivity/computed > should not lead to exponential perf cost with deeply chained computed 409ms
     â†’ expected 110.40895700000056 to be less than 30
   âœ“ reactivity/computed > performance when removing dependencies from deeply nested computeds 4ms
 âœ“ |unit| packages/runtime-core/__tests__/components/BaseTransition.spec.ts (35 tests) 815ms
 âœ“ |unit| packages/reactivity/__tests__/watch.spec.ts (10 tests) 96ms
 âœ“ |unit| packages/runtime-core/__tests__/components/KeepAlive.spec.ts (31 tests) 976ms
 âœ“ |unit| packages/shared/__tests__/normalizeProp.spec.ts (22 tests) 75ms
 âœ“ |unit| packages/reactivity/__tests__/shallowReactive.spec.ts (18 tests) 263ms
 âœ“ |unit| packages/reactivity/__tests__/collections/shallowReadonly.spec.ts (10 tests) 333ms
 âœ“ |unit| packages/shared/__tests__/codeframe.spec.ts (7 tests) 21ms
DEPRECATION WARNING [import]: Sass @import rules are deprecated and will be removed in Dart Sass 3.0.0.

More info and automated migrator: https://sass-lang.com/d/import

  â•·
2 â”‚         @import "./import.scss";
  â”‚                 ^^^^^^^^^^^^^^^
  â•µ
    packages/compiler-sfc/__tests__/fixture/test.scss 2:17  root stylesheet

 âœ“ |unit| packages/runtime-core/__tests__/hmr.spec.ts (24 tests) 487ms
 âœ“ |unit| packages/reactivity/__tests__/ref.spec.ts (31 tests) 107ms
 âœ“ |unit| packages/compiler-sfc/__tests__/compileStyle.spec.ts (26 tests) 2978ms
   âœ“ SFC style preprocessors > scss @import  2625ms
 âœ“ |unit| packages/compiler-ssr/__tests__/ssrVModel.spec.ts (7 tests) 265ms
 âœ“ |unit| packages/server-renderer/__tests__/ssrRenderAttrs.spec.ts (22 tests) 61ms
 âœ“ |unit| packages/compiler-sfc/__tests__/templateTransformAssetUrl.spec.ts (13 tests) 141ms
 âœ“ |unit| packages/reactivity/__tests__/collections/WeakMap.spec.ts (11 tests) 99ms
 âœ“ |unit| packages/compiler-ssr/__tests__/ssrComponent.spec.ts (16 tests) 351ms
 âœ“ |unit| packages/compiler-dom/__tests__/transforms/validateHtmlNesting.spec.ts (17 tests) 148ms
 âœ“ |unit| packages/compiler-ssr/__tests__/ssrElement.spec.ts (32 tests) 398ms
 âœ“ |unit| packages/compiler-dom/__tests__/transforms/vModel.spec.ts (18 tests) 192ms
 âœ“ |unit| packages/reactivity/__tests__/collections/WeakSet.spec.ts (9 tests) 63ms
 âœ“ |unit| packages/server-renderer/__tests__/ssrVModelHelpers.spec.ts (2 tests) 40ms
 âœ“ |unit| packages/runtime-core/__tests__/helpers/resolveAssets.spec.ts (7 tests) 87ms
 âœ“ |unit| packages/runtime-core/__tests__/helpers/createSlots.spec.ts (6 tests) 22ms
 âœ“ |unit| packages/runtime-core/__tests__/apiExpose.spec.ts (11 tests) 121ms
 âœ“ |unit| packages/runtime-core/__tests__/apiSetupContext.spec.ts (7 tests) 78ms
 âœ“ |unit| packages/compiler-ssr/__tests__/ssrScopeId.spec.ts (5 tests) 263ms
 âœ“ |unit| packages/compiler-ssr/__tests__/ssrSlotOutlet.spec.ts (11 tests) 404ms
 âœ“ |unit| packages/compiler-ssr/__tests__/ssrVIf.spec.ts (10 tests) 321ms
 âœ“ |unit| packages/compiler-ssr/__tests__/ssrTransitionGroup.spec.ts (8 tests) 318ms
 âœ“ |unit| packages/compiler-core/__tests__/transforms/vOnce.spec.ts (8 tests) 224ms
 âœ“ |unit| packages/runtime-core/__tests__/helpers/renderSlot.spec.ts (7 tests) 22ms
 âœ“ |unit| packages/runtime-core/__tests__/vnodeHooks.spec.ts (2 tests) 42ms
 âœ“ |unit| packages/runtime-core/__tests__/helpers/renderList.spec.ts (10 tests) 28ms
 âœ“ |unit| packages/runtime-test/__tests__/testRuntime.spec.ts (5 tests) 43ms
 âœ“ |unit| packages/compiler-dom/__tests__/transforms/vText.spec.ts (3 tests) 33ms
 âœ“ |unit| packages/compiler-dom/__tests__/transforms/transformStyle.spec.ts (2 tests) 26ms
 âœ“ |unit| packages/compiler-sfc/__tests__/templateTransformSrcset.spec.ts (6 tests) 55ms
 âœ“ |unit| packages/compiler-dom/__tests__/transforms/vHtml.spec.ts (3 tests) 22ms
 âœ“ |unit| packages/runtime-core/__tests__/h.spec.ts (6 tests) 20ms
 â†“ |unit| packages/reactivity/__tests__/gc.spec.ts (4 tests | 4 skipped)
 âœ“ |unit| packages/compiler-sfc/__tests__/templateUtils.spec.ts (9 tests) 19ms
 âœ“ |unit| packages/compiler-dom/__tests__/transforms/Transition.spec.ts (12 tests) 89ms
 âœ“ |unit| packages/compiler-ssr/__tests__/ssrText.spec.ts (8 tests) 97ms
 âœ“ |unit| packages/compiler-ssr/__tests__/ssrVShow.spec.ts (7 tests) 114ms
 âœ“ |unit| packages/compiler-ssr/__tests__/ssrVFor.spec.ts (7 tests) 119ms
 âœ“ |unit| packages/shared/__tests__/escapeHtml.spec.ts (4 tests) 14ms
 âœ“ |unit| packages/shared/__tests__/cssVars.spec.ts (2 tests) 14ms
 âœ“ |unit| packages/compiler-ssr/__tests__/ssrInjectCssVars.spec.ts (6 tests) 172ms
 âœ“ |unit| packages/server-renderer/__tests__/ssrInterpolate.spec.ts (1 test) 11ms
 âœ“ |unit| packages/server-renderer/__tests__/ssrScopeId.spec.ts (5 tests) 490ms
   âœ“ ssr: scopedId runtime behavior > id on component root  377ms
 âœ“ |unit| packages/server-renderer/__tests__/ssrSlot.spec.ts (12 tests) 1568ms
   âœ“ ssr: slot > text slot  793ms
   âœ“ ssr: slot > dynamic component slot  320ms
 âœ“ |unit| packages/runtime-core/__tests__/apiWatch.spec.ts (84 tests) 1453ms
   âœ“ api: watch > effect  333ms
 âœ“ |unit| packages/server-renderer/__tests__/ssrDirectives.spec.ts (22 tests) 909ms
   âœ“ ssr: directives > template v-model > radio  469ms
 âœ“ |unit| packages/compiler-sfc/__tests__/compileScript/hoistStatic.spec.ts (10 tests) 820ms
   âœ“ sfc hoist static > should hoist literal value  555ms
 âœ“ |unit| packages/server-renderer/__tests__/ssrWatch.spec.ts (7 tests) 323ms
 âœ“ |unit| packages/compiler-sfc/__tests__/parse.spec.ts (28 tests) 693ms
 âœ“ |unit| packages/compiler-sfc/__tests__/compileScript/defineModel.spec.ts (10 tests) 847ms
   âœ“ defineModel() > basic usage  576ms
 âœ“ |unit| packages/compiler-sfc/__tests__/rewriteDefault.spec.ts (16 tests) 1010ms
   âœ“ compiler sfc: rewriteDefault > without export default  503ms
 âœ“ |unit| packages/compiler-sfc/__tests__/compileScript/defineEmits.spec.ts (19 tests) 1146ms
   âœ“ defineEmits > basic usage  666ms
 âœ“ |unit| packages/compiler-sfc/__tests__/cssVars.spec.ts (17 tests) 1220ms
   âœ“ CSS vars injection > generating correct code for nested paths  622ms
 âœ“ |unit| packages/compiler-sfc/__tests__/compileScript/importUsageCheck.spec.ts (16 tests) 1236ms
   âœ“ components  707ms
 âœ“ |unit| packages/server-renderer/__tests__/ssrTeleport.spec.ts (7 tests) 141ms
 âœ“ |unit| packages/server-renderer/__tests__/render.spec.ts (165 tests) 2089ms
   âœ“ ssr: renderToString > slots > nested components with template slots  359ms
 âœ“ |unit| packages/compiler-sfc/__tests__/compileScript/defineProps.spec.ts (29 tests) 1415ms
   âœ“ defineProps > basic usage  681ms
 âœ“ |unit| packages/compiler-sfc/__tests__/compileTemplate.spec.ts (22 tests) 2110ms
   âœ“ preprocess pug  1429ms
 âœ“ |unit| packages/compiler-sfc/__tests__/compileScript.spec.ts (85 tests) 2051ms
   âœ“ SFC compile <script setup> > should compile JS syntax  613ms
 âœ“ |unit| packages/compiler-sfc/__tests__/compileScript/definePropsDestructure.spec.ts (28 tests) 1426ms
   âœ“ sfc reactive props destructure > basic usage  792ms
 âœ“ |unit| packages/compiler-ssr/__tests__/ssrFallthroughAttrs.spec.ts (5 tests) 107ms
 âœ“ |unit| packages/compiler-core/__tests__/transforms/noopDirectiveTransform.spec.ts (1 test) 14ms
 âœ“ |unit| packages/server-renderer/__tests__/ssrRenderList.spec.ts (7 tests) 18ms
 âœ“ |unit| packages/compiler-core/__tests__/scopeId.spec.ts (4 tests) 81ms
 âœ“ |unit| packages/compiler-dom/__tests__/transforms/vShow.spec.ts (2 tests) 40ms
 âœ“ |unit| packages/compiler-core/__tests__/transforms/vMemo.spec.ts (7 tests) 106ms
 âœ“ |unit| packages/compiler-dom/__tests__/transforms/ignoreSideEffectTags.spec.ts (2 tests) 27ms
 âœ“ |unit| packages/runtime-core/__tests__/helpers/toHandlers.spec.ts (2 tests) 12ms
 âœ“ |unit| packages/runtime-core/__tests__/rendererElement.spec.ts (6 tests) 23ms
 âœ“ |unit| packages/compiler-dom/__tests__/index.spec.ts (1 test) 30ms
 âœ“ |unit| packages/compiler-ssr/__tests__/ssrSuspense.spec.ts (2 tests) 56ms
 âœ“ |unit| packages/compiler-ssr/__tests__/ssrPortal.spec.ts (2 tests) 53ms
 âœ“ |unit| packages/runtime-core/__tests__/misc.spec.ts (1 test) 24ms
 âœ“ |unit| packages/compiler-ssr/__tests__/ssrTransition.spec.ts (2 tests) 55ms
 âœ“ |unit| packages/compiler-core/__tests__/utils.spec.ts (7 tests) 71ms
 âœ“ |unit| packages/server-renderer/__tests__/ssrSuspense.spec.ts (6 tests) 49ms
 âœ“ |unit| packages/compiler-sfc/__tests__/compileScript/defineOptions.spec.ts (7 tests) 134ms
 âœ“ |unit| packages/server-renderer/__tests__/ssrComputed.spec.ts (2 tests) 67ms
 âœ“ |unit| packages/server-renderer/__tests__/ssrAttrFallthrough.spec.ts (5 tests) 258ms
 âœ“ |unit| packages/server-renderer/__tests__/ssrDynamicComponent.spec.ts (5 tests) 317ms
 âœ“ |unit| packages/server-renderer/__tests__/ssrCompilerOptions.spec.ts (9 tests) 161ms
 âœ“ |unit| packages/compiler-sfc/__tests__/compileScript/defineSlots.spec.ts (3 tests) 102ms
 âœ“ |unit| packages/compiler-sfc/__tests__/compileScript/defineExpose.spec.ts (2 tests) 86ms
 âœ“ |unit| packages/server-renderer/__tests__/webStream.spec.ts (2 tests) 54ms
 âœ“ |unit| packages/compiler-sfc/__tests__/compileScript/resolveType.spec.ts (87 tests | 1 skipped) 214ms
 âœ“ |unit| packages/compiler-dom/__tests__/decoderHtmlBrowser.spec.ts (1 test) 24ms
 âœ“ |unit| packages/shared/__tests__/looseEqual.spec.ts (12 tests) 13ms
 âœ“ |unit| packages/shared/__tests__/toDisplayString.spec.ts (12 tests) 29ms
 âœ“ |unit-jsdom| packages/runtime-dom/__tests__/helpers/useCssModule.spec.ts (5 tests) 23ms
 âœ“ |unit-jsdom| packages/runtime-dom/__tests__/patchClass.spec.ts (3 tests) 11ms
 âœ“ |unit-jsdom| packages/runtime-dom/__tests__/patchAttrs.spec.ts (8 tests) 25ms
 âœ“ |unit-jsdom| packages/runtime-dom/__tests__/patchEvents.spec.ts (12 tests) 73ms
 âœ“ |unit-jsdom| packages/runtime-dom/__tests__/customizedBuiltIn.spec.ts (1 test) 19ms
 âœ“ |unit-jsdom| packages/runtime-dom/__tests__/patchStyle.spec.ts (17 tests) 112ms
 âœ“ |unit-jsdom| packages/runtime-dom/__tests__/directives/vCloak.spec.ts (1 test) 29ms
 âœ“ |unit-jsdom| packages/runtime-dom/__tests__/createApp.spec.ts (2 tests) 41ms
 âœ“ |unit-jsdom| packages/runtime-dom/__tests__/directives/vOn.spec.ts (8 tests) 68ms
 âœ“ |unit-jsdom| packages/runtime-dom/__tests__/rendererStaticNode.spec.ts (5 tests) 78ms
 âœ“ |unit-jsdom| packages/runtime-dom/__tests__/patchProps.spec.ts (26 tests) 202ms
 âœ“ |unit-jsdom| packages/runtime-dom/__tests__/directives/vModel.spec.ts (26 tests) 791ms
 âœ“ |unit-jsdom| packages/runtime-dom/__tests__/directives/vShow.spec.ts (9 tests) 799ms
   âœ“ runtime-dom: v-show directive > should respect the display value when v-show value is true  586ms
 âœ“ |unit-jsdom| packages/runtime-dom/__tests__/helpers/useCssVars.spec.ts (17 tests) 964ms
   âœ“ useCssVars > with delay mount child  574ms
 âœ“ |unit-jsdom| packages/runtime-dom/__tests__/customElement.spec.ts (66 tests | 1 skipped) 1447ms
 âœ“ |unit-jsdom| packages/vue/__tests__/runtimeCompilerOptions.spec.ts (8 tests) 80ms
 âœ“ |unit-jsdom| packages/vue/__tests__/customElementCasing.spec.ts (1 test) 87ms
 âœ“ |unit-jsdom| packages/vue/__tests__/svgNamespace.spec.ts (2 tests) 122ms
 âœ“ |unit-jsdom| packages/vue-compat/__tests__/renderFn.spec.ts (11 tests) 74ms
 âœ“ |unit-jsdom| packages/vue-compat/__tests__/componentAsync.spec.ts (3 tests) 111ms
 âœ“ |unit-jsdom| packages/vue-compat/__tests__/componentFunctional.spec.ts (2 tests) 123ms
 âœ“ |unit-jsdom| packages/vue-compat/__tests__/globalConfig.spec.ts (4 tests) 98ms
 âœ“ |unit-jsdom| packages/vue/__tests__/mathmlNamespace.spec.ts (2 tests) 131ms
 âœ“ |unit-jsdom| packages/vue-compat/__tests__/filters.spec.ts (17 tests) 159ms
 âœ“ |unit-jsdom| packages/vue-compat/__tests__/options.spec.ts (5 tests) 134ms
 âœ“ |unit-jsdom| packages/runtime-dom/__tests__/nodeOps.spec.ts (8 tests) 192ms
 âœ“ |unit-jsdom| packages/vue-compat/__tests__/misc.spec.ts (9 tests) 261ms
 âœ“ |unit-jsdom| packages/vue/__tests__/index.spec.ts (17 tests) 293ms
 âœ“ |unit-jsdom| packages/vue-compat/__tests__/compiler.spec.ts (9 tests) 337ms
 âœ“ |unit-jsdom| packages/vue-compat/__tests__/global.spec.ts (30 tests) 376ms
 âœ“ |unit| packages/runtime-core/__tests__/helpers/withMemo.spec.ts (7 tests) 329ms
 âœ“ |unit-jsdom| packages/vue-compat/__tests__/componentVModel.spec.ts (4 tests) 357ms
 âœ“ |unit| packages/runtime-core/__tests__/apiOptions.spec.ts (48 tests) 458ms
 âœ“ |unit| packages/runtime-core/__tests__/componentProps.spec.ts (28 tests) 518ms
 âœ“ |unit-jsdom| packages/vue-compat/__tests__/instance.spec.ts (21 tests) 649ms
 âœ“ |unit| packages/runtime-core/__tests__/components/Teleport.spec.ts (45 tests) 876ms
 âœ“ |unit| packages/runtime-core/__tests__/rendererAttrsFallthrough.spec.ts (22 tests) 887ms
   âœ“ attribute fallthrough > should allow attrs to fallthrough  471ms
 â¯ |unit| packages/runtime-core/__tests__/components/Suspense.spec.ts (41 tests | 1 failed) 1752ms
   âœ“ Suspense > fallback content 48ms
   âœ“ Suspense > emits events 45ms
   âœ“ Suspense > nested async deps 33ms
   âœ“ Suspense > onResolve 13ms
   âœ“ Suspense > buffer mounted/updated hooks & post flush watch callbacks 21ms
   âœ“ Suspense > mounted/updated hooks & fallback component 13ms
   âœ“ Suspense > content update before suspense resolve 24ms
   âœ“ Suspense > unmount before suspense resolve 10ms
   âœ“ Suspense > unmount suspense after resolve 8ms
   âœ“ Suspense > unmount suspense before resolve 18ms
   âœ“ Suspense > update prop of async element before suspense resolve 9ms
   âœ“ Suspense > nested suspense (parent resolves first) 19ms
   âœ“ Suspense > nested suspense (child resolves first) 13ms
   âœ“ Suspense > error handling 7ms
   âœ“ Suspense > error handling w/ template optimization 61ms
   âœ“ Suspense > combined usage (nested async + nested suspense + multiple deps) 31ms
   âœ“ Suspense > switching branches 67ms
   âœ“ Suspense > switching branches w/ nested suspense 42ms
   âœ“ Suspense > nested suspense (w/ suspensible) switch several times before parent suspense resolve 30ms
   âœ“ Suspense > branch switch to 3rd branch before resolve 30ms
   âœ“ Suspense > branch switch back before resolve 18ms
   âœ“ Suspense > branch switch timeout + fallback 28ms
   Ã— Suspense > mount the fallback content is in the correct position 175ms
     â†’ expected '<div><div>two</div><div>three</div></â€¦' to be '<div><div>fallback</div><div>three</dâ€¦' // Object.is equality
   âœ“ Suspense > should not miss nested element updates when used in templates 92ms
   âœ“ Suspense > toggling nested async setup component inside already resolved suspense 3ms
   âœ“ Suspense > warn if using async setup when not in a Suspense boundary 2ms
   âœ“ Suspense > nested suspense with suspensible 134ms
   âœ“ Suspense > nested suspense with suspensible & no async deps 38ms
   âœ“ Suspense > nested suspense (child suspense update before parent suspense resolve)  374ms
   âœ“ Suspense > KeepAlive with Suspense 150ms
   âœ“ Suspense > KeepAlive + Suspense switch before branch resolves 31ms
   âœ“ Suspense > KeepAlive + Suspense + comment slot 23ms
   âœ“ Suspense > Suspense patched during HOC async component re-mount 25ms
   âœ“ Suspense > add new async deps during patching 86ms
   âœ“ Suspense > warnings > does not warn on single child 2ms
   âœ“ Suspense > warnings > does not warn on null 1ms
   âœ“ Suspense > warnings > does not warn on <component :is="null" /> 2ms
   âœ“ Suspense > warnings > does not warn on empty array 1ms
   âœ“ Suspense > warnings > warns on multiple children in default 1ms
   âœ“ Suspense > warnings > warns on multiple children in fallback 1ms
   âœ“ Suspense > warnings > renders multiple async components in Suspense with v-for and updates on items change 8ms
 âœ“ |unit| packages/runtime-core/__tests__/helpers/useId.spec.ts (8 tests) 1316ms
   âœ“ useId > async component  500ms
 âœ“ |unit| packages/runtime-core/__tests__/hydration.spec.ts (101 tests) 1857ms
   âœ“ SSR hydration > text  306ms

â¯â¯â¯â¯â¯â¯â¯ Failed Tests 2 â¯â¯â¯â¯â¯â¯â¯

 FAIL  |unit| packages/reactivity/__tests__/computed.spec.ts > reactivity/computed > should not lead to exponential perf cost with deeply chained computed
AssertionError: expected 110.40895700000056 to be less than 30
 â¯ packages/reactivity/__tests__/computed.spec.ts:1111:35
    1109|     start.prop3.value = 2
    1110|     start.prop4.value = 1
    1111|     expect(performance.now() - t).toBeLessThan(process.env.CI ? 100 : â€¦
       |                                   ^
    1112|
    1113|     const end = layer

â¯â¯â¯â¯â¯â¯â¯â¯â¯â¯â¯â¯â¯â¯â¯â¯â¯â¯â¯â¯â¯â¯â¯â¯[1/2]â¯

 FAIL  |unit| packages/runtime-core/__tests__/components/Suspense.spec.ts > Suspense > mount the fallback content is in the correct position
AssertionError: expected '<div><div>two</div><div>three</div></â€¦' to be '<div><div>fallback</div><div>three</dâ€¦' // Object.is equality

Expected: [32m"<div><div>[7mfallback[27m</div><div>three</div></div>"[39m
Received: [31m"<div><div>[7mtwo[27m</div><div>three</div></div>"[39m

 â¯ packages/runtime-core/__tests__/components/Suspense.spec.ts:1502:34
    1500|     await new Promise(r => setTimeout(r, 10))
    1501|     await nextTick()
    1502|     expect(serializeInner(root)).toBe(
       |                                  ^
    1503|       `<div><div>fallback</div><div>three</div></div>`,
    1504|     )

â¯â¯â¯â¯â¯â¯â¯â¯â¯â¯â¯â¯â¯â¯â¯â¯â¯â¯â¯â¯â¯â¯â¯â¯[2/2]â¯


 Test Files  2 failed | 178 passed | 1 skipped (181)
      Tests  2 failed | 3414 passed | 6 skipped (3422)
   Start at  05:51:17
   Duration  27.27s (transform 78.09s, setup 17.52s, collect 740.54s, tests 60.00s, environment 166.25s, prepare 113.42s)

â€‰ELIFECYCLEâ€‰ Command failed with exit code 1.
