Requirement already satisfied: pip in ./venv/lib/python3.12/site-packages (25.2)
Requirement already satisfied: setuptools in ./venv/lib/python3.12/site-packages (80.9.0)
Requirement already satisfied: wheel in ./venv/lib/python3.12/site-packages (0.45.1)
Requirement already satisfied: build in ./venv/lib/python3.12/site-packages (1.3.0)
Requirement already satisfied: packaging>=19.1 in ./venv/lib/python3.12/site-packages (from build) (25.0)
Requirement already satisfied: pyproject_hooks in ./venv/lib/python3.12/site-packages (from build) (1.2.0)
Obtaining file:///app
  Installing build dependencies: started
  Installing build dependencies: finished with status 'done'
  Checking if build backend supports build_editable: started
  Checking if build backend supports build_editable: finished with status 'done'
  Getting requirements to build editable: started
  Getting requirements to build editable: finished with status 'done'
  Preparing editable metadata (pyproject.toml): started
  Preparing editable metadata (pyproject.toml): finished with status 'done'
Requirement already satisfied: decorator in ./venv/lib/python3.12/site-packages (from ipython==9.7.0.dev0) (5.2.1)
Requirement already satisfied: ipython-pygments-lexers in ./venv/lib/python3.12/site-packages (from ipython==9.7.0.dev0) (1.1.1)
Requirement already satisfied: jedi>=0.16 in ./venv/lib/python3.12/site-packages (from ipython==9.7.0.dev0) (0.19.2)
Requirement already satisfied: matplotlib-inline in ./venv/lib/python3.12/site-packages (from ipython==9.7.0.dev0) (0.1.7)
Requirement already satisfied: pexpect>4.3 in ./venv/lib/python3.12/site-packages (from ipython==9.7.0.dev0) (4.9.0)
Requirement already satisfied: prompt_toolkit<3.1.0,>=3.0.41 in ./venv/lib/python3.12/site-packages (from ipython==9.7.0.dev0) (3.0.52)
Requirement already satisfied: pygments>=2.4.0 in ./venv/lib/python3.12/site-packages (from ipython==9.7.0.dev0) (2.19.2)
Requirement already satisfied: stack_data in ./venv/lib/python3.12/site-packages (from ipython==9.7.0.dev0) (0.6.3)
Requirement already satisfied: traitlets>=5.13.0 in ./venv/lib/python3.12/site-packages (from ipython==9.7.0.dev0) (5.14.3)
Requirement already satisfied: curio in ./venv/lib/python3.12/site-packages (from ipython==9.7.0.dev0) (1.6)
Requirement already satisfied: jupyter_ai in ./venv/lib/python3.12/site-packages (from ipython==9.7.0.dev0) (2.31.6)
Requirement already satisfied: nbformat in ./venv/lib/python3.12/site-packages (from ipython==9.7.0.dev0) (5.10.4)
Requirement already satisfied: nbclient in ./venv/lib/python3.12/site-packages (from ipython==9.7.0.dev0) (0.10.2)
Requirement already satisfied: ipykernel>6.30 in ./venv/lib/python3.12/site-packages (from ipython==9.7.0.dev0) (7.0.1)
Requirement already satisfied: numpy>=1.25 in ./venv/lib/python3.12/site-packages (from ipython==9.7.0.dev0) (2.3.4)
Requirement already satisfied: pandas>2.0 in ./venv/lib/python3.12/site-packages (from ipython==9.7.0.dev0) (2.3.3)
Requirement already satisfied: trio in ./venv/lib/python3.12/site-packages (from ipython==9.7.0.dev0) (0.31.0)
Requirement already satisfied: wcwidth in ./venv/lib/python3.12/site-packages (from prompt_toolkit<3.1.0,>=3.0.41->ipython==9.7.0.dev0) (0.2.14)
Requirement already satisfied: comm>=0.1.1 in ./venv/lib/python3.12/site-packages (from ipykernel>6.30->ipython==9.7.0.dev0) (0.2.3)
Requirement already satisfied: debugpy>=1.6.5 in ./venv/lib/python3.12/site-packages (from ipykernel>6.30->ipython==9.7.0.dev0) (1.8.17)
Requirement already satisfied: jupyter-client>=8.0.0 in ./venv/lib/python3.12/site-packages (from ipykernel>6.30->ipython==9.7.0.dev0) (8.6.3)
Requirement already satisfied: jupyter-core!=5.0.*,>=4.12 in ./venv/lib/python3.12/site-packages (from ipykernel>6.30->ipython==9.7.0.dev0) (5.9.1)
Requirement already satisfied: nest-asyncio>=1.4 in ./venv/lib/python3.12/site-packages (from ipykernel>6.30->ipython==9.7.0.dev0) (1.6.0)
Requirement already satisfied: packaging>=22 in ./venv/lib/python3.12/site-packages (from ipykernel>6.30->ipython==9.7.0.dev0) (25.0)
Requirement already satisfied: psutil>=5.7 in ./venv/lib/python3.12/site-packages (from ipykernel>6.30->ipython==9.7.0.dev0) (7.1.1)
Requirement already satisfied: pyzmq>=25 in ./venv/lib/python3.12/site-packages (from ipykernel>6.30->ipython==9.7.0.dev0) (27.1.0)
Requirement already satisfied: tornado>=6.2 in ./venv/lib/python3.12/site-packages (from ipykernel>6.30->ipython==9.7.0.dev0) (6.5.2)
Requirement already satisfied: parso<0.9.0,>=0.8.4 in ./venv/lib/python3.12/site-packages (from jedi>=0.16->ipython==9.7.0.dev0) (0.8.5)
Requirement already satisfied: python-dateutil>=2.8.2 in ./venv/lib/python3.12/site-packages (from jupyter-client>=8.0.0->ipykernel>6.30->ipython==9.7.0.dev0) (2.9.0.post0)
Requirement already satisfied: platformdirs>=2.5 in ./venv/lib/python3.12/site-packages (from jupyter-core!=5.0.*,>=4.12->ipykernel>6.30->ipython==9.7.0.dev0) (4.5.0)
Requirement already satisfied: pytz>=2020.1 in ./venv/lib/python3.12/site-packages (from pandas>2.0->ipython==9.7.0.dev0) (2025.2)
Requirement already satisfied: tzdata>=2022.7 in ./venv/lib/python3.12/site-packages (from pandas>2.0->ipython==9.7.0.dev0) (2025.2)
Requirement already satisfied: ptyprocess>=0.5 in ./venv/lib/python3.12/site-packages (from pexpect>4.3->ipython==9.7.0.dev0) (0.7.0)
Requirement already satisfied: six>=1.5 in ./venv/lib/python3.12/site-packages (from python-dateutil>=2.8.2->jupyter-client>=8.0.0->ipykernel>6.30->ipython==9.7.0.dev0) (1.17.0)
Requirement already satisfied: matplotlib>3.7 in ./venv/lib/python3.12/site-packages (from ipython==9.7.0.dev0) (3.10.7)
Requirement already satisfied: contourpy>=1.0.1 in ./venv/lib/python3.12/site-packages (from matplotlib>3.7->ipython==9.7.0.dev0) (1.3.3)
Requirement already satisfied: cycler>=0.10 in ./venv/lib/python3.12/site-packages (from matplotlib>3.7->ipython==9.7.0.dev0) (0.12.1)
Requirement already satisfied: fonttools>=4.22.0 in ./venv/lib/python3.12/site-packages (from matplotlib>3.7->ipython==9.7.0.dev0) (4.60.1)
Requirement already satisfied: kiwisolver>=1.3.1 in ./venv/lib/python3.12/site-packages (from matplotlib>3.7->ipython==9.7.0.dev0) (1.4.9)
Requirement already satisfied: pillow>=8 in ./venv/lib/python3.12/site-packages (from matplotlib>3.7->ipython==9.7.0.dev0) (12.0.0)
Requirement already satisfied: pyparsing>=3 in ./venv/lib/python3.12/site-packages (from matplotlib>3.7->ipython==9.7.0.dev0) (3.2.5)
Requirement already satisfied: pytest in ./venv/lib/python3.12/site-packages (from ipython==9.7.0.dev0) (8.4.2)
Requirement already satisfied: pytest-asyncio in ./venv/lib/python3.12/site-packages (from ipython==9.7.0.dev0) (1.2.0)
Requirement already satisfied: testpath in ./venv/lib/python3.12/site-packages (from ipython==9.7.0.dev0) (0.6.0)
Requirement already satisfied: dask[distributed] in ./venv/lib/python3.12/site-packages (from jupyter_ai->ipython==9.7.0.dev0) (2025.10.0)
Requirement already satisfied: deepmerge<3,>=2.0 in ./venv/lib/python3.12/site-packages (from jupyter_ai->ipython==9.7.0.dev0) (2.0)
Requirement already satisfied: faiss-cpu!=1.8.0.post0,<2.0.0,>=1.8.0 in ./venv/lib/python3.12/site-packages (from jupyter_ai->ipython==9.7.0.dev0) (1.12.0)
Requirement already satisfied: importlib-metadata>=5.2.0 in ./venv/lib/python3.12/site-packages (from jupyter_ai->ipython==9.7.0.dev0) (8.7.0)
Requirement already satisfied: jupyter-ai-magics<3.0.0,>=2.31.6 in ./venv/lib/python3.12/site-packages (from jupyter_ai->ipython==9.7.0.dev0) (2.31.6)
Requirement already satisfied: jupyter-server<3,>=2.4.0 in ./venv/lib/python3.12/site-packages (from jupyter_ai->ipython==9.7.0.dev0) (2.17.0)
Requirement already satisfied: pydantic<3,>=2.10.0 in ./venv/lib/python3.12/site-packages (from jupyter_ai->ipython==9.7.0.dev0) (2.12.3)
Requirement already satisfied: click<9,>=8.1.0 in ./venv/lib/python3.12/site-packages (from jupyter-ai-magics<3.0.0,>=2.31.6->jupyter_ai->ipython==9.7.0.dev0) (8.3.0)
Requirement already satisfied: jsonpath-ng<2,>=1.5.3 in ./venv/lib/python3.12/site-packages (from jupyter-ai-magics<3.0.0,>=2.31.6->jupyter_ai->ipython==9.7.0.dev0) (1.7.0)
Requirement already satisfied: langchain-community<0.4.0,>=0.3.0 in ./venv/lib/python3.12/site-packages (from jupyter-ai-magics<3.0.0,>=2.31.6->jupyter_ai->ipython==9.7.0.dev0) (0.3.31)
Requirement already satisfied: langchain<0.4.0,>=0.3.0 in ./venv/lib/python3.12/site-packages (from jupyter-ai-magics<3.0.0,>=2.31.6->jupyter_ai->ipython==9.7.0.dev0) (0.3.27)
Requirement already satisfied: ply in ./venv/lib/python3.12/site-packages (from jsonpath-ng<2,>=1.5.3->jupyter-ai-magics<3.0.0,>=2.31.6->jupyter_ai->ipython==9.7.0.dev0) (3.11)
Requirement already satisfied: anyio>=3.1.0 in ./venv/lib/python3.12/site-packages (from jupyter-server<3,>=2.4.0->jupyter_ai->ipython==9.7.0.dev0) (4.11.0)
Requirement already satisfied: argon2-cffi>=21.1 in ./venv/lib/python3.12/site-packages (from jupyter-server<3,>=2.4.0->jupyter_ai->ipython==9.7.0.dev0) (25.1.0)
Requirement already satisfied: jinja2>=3.0.3 in ./venv/lib/python3.12/site-packages (from jupyter-server<3,>=2.4.0->jupyter_ai->ipython==9.7.0.dev0) (3.1.6)
Requirement already satisfied: jupyter-events>=0.11.0 in ./venv/lib/python3.12/site-packages (from jupyter-server<3,>=2.4.0->jupyter_ai->ipython==9.7.0.dev0) (0.12.0)
Requirement already satisfied: jupyter-server-terminals>=0.4.4 in ./venv/lib/python3.12/site-packages (from jupyter-server<3,>=2.4.0->jupyter_ai->ipython==9.7.0.dev0) (0.5.3)
Requirement already satisfied: nbconvert>=6.4.4 in ./venv/lib/python3.12/site-packages (from jupyter-server<3,>=2.4.0->jupyter_ai->ipython==9.7.0.dev0) (7.16.6)
Requirement already satisfied: prometheus-client>=0.9 in ./venv/lib/python3.12/site-packages (from jupyter-server<3,>=2.4.0->jupyter_ai->ipython==9.7.0.dev0) (0.23.1)
Requirement already satisfied: send2trash>=1.8.2 in ./venv/lib/python3.12/site-packages (from jupyter-server<3,>=2.4.0->jupyter_ai->ipython==9.7.0.dev0) (1.8.3)
Requirement already satisfied: terminado>=0.8.3 in ./venv/lib/python3.12/site-packages (from jupyter-server<3,>=2.4.0->jupyter_ai->ipython==9.7.0.dev0) (0.18.1)
Requirement already satisfied: websocket-client>=1.7 in ./venv/lib/python3.12/site-packages (from jupyter-server<3,>=2.4.0->jupyter_ai->ipython==9.7.0.dev0) (1.9.0)
Requirement already satisfied: langchain-core<1.0.0,>=0.3.72 in ./venv/lib/python3.12/site-packages (from langchain<0.4.0,>=0.3.0->jupyter-ai-magics<3.0.0,>=2.31.6->jupyter_ai->ipython==9.7.0.dev0) (0.3.79)
Requirement already satisfied: langchain-text-splitters<1.0.0,>=0.3.9 in ./venv/lib/python3.12/site-packages (from langchain<0.4.0,>=0.3.0->jupyter-ai-magics<3.0.0,>=2.31.6->jupyter_ai->ipython==9.7.0.dev0) (0.3.11)
Requirement already satisfied: langsmith>=0.1.17 in ./venv/lib/python3.12/site-packages (from langchain<0.4.0,>=0.3.0->jupyter-ai-magics<3.0.0,>=2.31.6->jupyter_ai->ipython==9.7.0.dev0) (0.4.37)
Requirement already satisfied: SQLAlchemy<3,>=1.4 in ./venv/lib/python3.12/site-packages (from langchain<0.4.0,>=0.3.0->jupyter-ai-magics<3.0.0,>=2.31.6->jupyter_ai->ipython==9.7.0.dev0) (2.0.44)
Requirement already satisfied: requests<3,>=2 in ./venv/lib/python3.12/site-packages (from langchain<0.4.0,>=0.3.0->jupyter-ai-magics<3.0.0,>=2.31.6->jupyter_ai->ipython==9.7.0.dev0) (2.32.5)
Requirement already satisfied: PyYAML>=5.3 in ./venv/lib/python3.12/site-packages (from langchain<0.4.0,>=0.3.0->jupyter-ai-magics<3.0.0,>=2.31.6->jupyter_ai->ipython==9.7.0.dev0) (6.0.3)
Requirement already satisfied: aiohttp<4.0.0,>=3.8.3 in ./venv/lib/python3.12/site-packages (from langchain-community<0.4.0,>=0.3.0->jupyter-ai-magics<3.0.0,>=2.31.6->jupyter_ai->ipython==9.7.0.dev0) (3.13.1)
Requirement already satisfied: tenacity!=8.4.0,<10.0.0,>=8.1.0 in ./venv/lib/python3.12/site-packages (from langchain-community<0.4.0,>=0.3.0->jupyter-ai-magics<3.0.0,>=2.31.6->jupyter_ai->ipython==9.7.0.dev0) (9.1.2)
Requirement already satisfied: dataclasses-json<0.7.0,>=0.6.7 in ./venv/lib/python3.12/site-packages (from langchain-community<0.4.0,>=0.3.0->jupyter-ai-magics<3.0.0,>=2.31.6->jupyter_ai->ipython==9.7.0.dev0) (0.6.7)
Requirement already satisfied: pydantic-settings<3.0.0,>=2.10.1 in ./venv/lib/python3.12/site-packages (from langchain-community<0.4.0,>=0.3.0->jupyter-ai-magics<3.0.0,>=2.31.6->jupyter_ai->ipython==9.7.0.dev0) (2.11.0)
Requirement already satisfied: httpx-sse<1.0.0,>=0.4.0 in ./venv/lib/python3.12/site-packages (from langchain-community<0.4.0,>=0.3.0->jupyter-ai-magics<3.0.0,>=2.31.6->jupyter_ai->ipython==9.7.0.dev0) (0.4.3)
Requirement already satisfied: aiohappyeyeballs>=2.5.0 in ./venv/lib/python3.12/site-packages (from aiohttp<4.0.0,>=3.8.3->langchain-community<0.4.0,>=0.3.0->jupyter-ai-magics<3.0.0,>=2.31.6->jupyter_ai->ipython==9.7.0.dev0) (2.6.1)
Requirement already satisfied: aiosignal>=1.4.0 in ./venv/lib/python3.12/site-packages (from aiohttp<4.0.0,>=3.8.3->langchain-community<0.4.0,>=0.3.0->jupyter-ai-magics<3.0.0,>=2.31.6->jupyter_ai->ipython==9.7.0.dev0) (1.4.0)
Requirement already satisfied: attrs>=17.3.0 in ./venv/lib/python3.12/site-packages (from aiohttp<4.0.0,>=3.8.3->langchain-community<0.4.0,>=0.3.0->jupyter-ai-magics<3.0.0,>=2.31.6->jupyter_ai->ipython==9.7.0.dev0) (25.4.0)
Requirement already satisfied: frozenlist>=1.1.1 in ./venv/lib/python3.12/site-packages (from aiohttp<4.0.0,>=3.8.3->langchain-community<0.4.0,>=0.3.0->jupyter-ai-magics<3.0.0,>=2.31.6->jupyter_ai->ipython==9.7.0.dev0) (1.8.0)
Requirement already satisfied: multidict<7.0,>=4.5 in ./venv/lib/python3.12/site-packages (from aiohttp<4.0.0,>=3.8.3->langchain-community<0.4.0,>=0.3.0->jupyter-ai-magics<3.0.0,>=2.31.6->jupyter_ai->ipython==9.7.0.dev0) (6.7.0)
Requirement already satisfied: propcache>=0.2.0 in ./venv/lib/python3.12/site-packages (from aiohttp<4.0.0,>=3.8.3->langchain-community<0.4.0,>=0.3.0->jupyter-ai-magics<3.0.0,>=2.31.6->jupyter_ai->ipython==9.7.0.dev0) (0.4.1)
Requirement already satisfied: yarl<2.0,>=1.17.0 in ./venv/lib/python3.12/site-packages (from aiohttp<4.0.0,>=3.8.3->langchain-community<0.4.0,>=0.3.0->jupyter-ai-magics<3.0.0,>=2.31.6->jupyter_ai->ipython==9.7.0.dev0) (1.22.0)
Requirement already satisfied: marshmallow<4.0.0,>=3.18.0 in ./venv/lib/python3.12/site-packages (from dataclasses-json<0.7.0,>=0.6.7->langchain-community<0.4.0,>=0.3.0->jupyter-ai-magics<3.0.0,>=2.31.6->jupyter_ai->ipython==9.7.0.dev0) (3.26.1)
Requirement already satisfied: typing-inspect<1,>=0.4.0 in ./venv/lib/python3.12/site-packages (from dataclasses-json<0.7.0,>=0.6.7->langchain-community<0.4.0,>=0.3.0->jupyter-ai-magics<3.0.0,>=2.31.6->jupyter_ai->ipython==9.7.0.dev0) (0.9.0)
Requirement already satisfied: jsonpatch<2.0.0,>=1.33.0 in ./venv/lib/python3.12/site-packages (from langchain-core<1.0.0,>=0.3.72->langchain<0.4.0,>=0.3.0->jupyter-ai-magics<3.0.0,>=2.31.6->jupyter_ai->ipython==9.7.0.dev0) (1.33)
Requirement already satisfied: typing-extensions<5.0.0,>=4.7.0 in ./venv/lib/python3.12/site-packages (from langchain-core<1.0.0,>=0.3.72->langchain<0.4.0,>=0.3.0->jupyter-ai-magics<3.0.0,>=2.31.6->jupyter_ai->ipython==9.7.0.dev0) (4.15.0)
Requirement already satisfied: jsonpointer>=1.9 in ./venv/lib/python3.12/site-packages (from jsonpatch<2.0.0,>=1.33.0->langchain-core<1.0.0,>=0.3.72->langchain<0.4.0,>=0.3.0->jupyter-ai-magics<3.0.0,>=2.31.6->jupyter_ai->ipython==9.7.0.dev0) (3.0.0)
Requirement already satisfied: httpx<1,>=0.23.0 in ./venv/lib/python3.12/site-packages (from langsmith>=0.1.17->langchain<0.4.0,>=0.3.0->jupyter-ai-magics<3.0.0,>=2.31.6->jupyter_ai->ipython==9.7.0.dev0) (0.28.1)
Requirement already satisfied: orjson>=3.9.14 in ./venv/lib/python3.12/site-packages (from langsmith>=0.1.17->langchain<0.4.0,>=0.3.0->jupyter-ai-magics<3.0.0,>=2.31.6->jupyter_ai->ipython==9.7.0.dev0) (3.11.3)
Requirement already satisfied: requests-toolbelt>=1.0.0 in ./venv/lib/python3.12/site-packages (from langsmith>=0.1.17->langchain<0.4.0,>=0.3.0->jupyter-ai-magics<3.0.0,>=2.31.6->jupyter_ai->ipython==9.7.0.dev0) (1.0.0)
Requirement already satisfied: zstandard>=0.23.0 in ./venv/lib/python3.12/site-packages (from langsmith>=0.1.17->langchain<0.4.0,>=0.3.0->jupyter-ai-magics<3.0.0,>=2.31.6->jupyter_ai->ipython==9.7.0.dev0) (0.25.0)
Requirement already satisfied: certifi in ./venv/lib/python3.12/site-packages (from httpx<1,>=0.23.0->langsmith>=0.1.17->langchain<0.4.0,>=0.3.0->jupyter-ai-magics<3.0.0,>=2.31.6->jupyter_ai->ipython==9.7.0.dev0) (2025.10.5)
Requirement already satisfied: httpcore==1.* in ./venv/lib/python3.12/site-packages (from httpx<1,>=0.23.0->langsmith>=0.1.17->langchain<0.4.0,>=0.3.0->jupyter-ai-magics<3.0.0,>=2.31.6->jupyter_ai->ipython==9.7.0.dev0) (1.0.9)
Requirement already satisfied: idna in ./venv/lib/python3.12/site-packages (from httpx<1,>=0.23.0->langsmith>=0.1.17->langchain<0.4.0,>=0.3.0->jupyter-ai-magics<3.0.0,>=2.31.6->jupyter_ai->ipython==9.7.0.dev0) (3.11)
Requirement already satisfied: h11>=0.16 in ./venv/lib/python3.12/site-packages (from httpcore==1.*->httpx<1,>=0.23.0->langsmith>=0.1.17->langchain<0.4.0,>=0.3.0->jupyter-ai-magics<3.0.0,>=2.31.6->jupyter_ai->ipython==9.7.0.dev0) (0.16.0)
Requirement already satisfied: annotated-types>=0.6.0 in ./venv/lib/python3.12/site-packages (from pydantic<3,>=2.10.0->jupyter_ai->ipython==9.7.0.dev0) (0.7.0)
Requirement already satisfied: pydantic-core==2.41.4 in ./venv/lib/python3.12/site-packages (from pydantic<3,>=2.10.0->jupyter_ai->ipython==9.7.0.dev0) (2.41.4)
Requirement already satisfied: typing-inspection>=0.4.2 in ./venv/lib/python3.12/site-packages (from pydantic<3,>=2.10.0->jupyter_ai->ipython==9.7.0.dev0) (0.4.2)
Requirement already satisfied: python-dotenv>=0.21.0 in ./venv/lib/python3.12/site-packages (from pydantic-settings<3.0.0,>=2.10.1->langchain-community<0.4.0,>=0.3.0->jupyter-ai-magics<3.0.0,>=2.31.6->jupyter_ai->ipython==9.7.0.dev0) (1.1.1)
Requirement already satisfied: charset_normalizer<4,>=2 in ./venv/lib/python3.12/site-packages (from requests<3,>=2->langchain<0.4.0,>=0.3.0->jupyter-ai-magics<3.0.0,>=2.31.6->jupyter_ai->ipython==9.7.0.dev0) (3.4.4)
Requirement already satisfied: urllib3<3,>=1.21.1 in ./venv/lib/python3.12/site-packages (from requests<3,>=2->langchain<0.4.0,>=0.3.0->jupyter-ai-magics<3.0.0,>=2.31.6->jupyter_ai->ipython==9.7.0.dev0) (2.5.0)
Requirement already satisfied: greenlet>=1 in ./venv/lib/python3.12/site-packages (from SQLAlchemy<3,>=1.4->langchain<0.4.0,>=0.3.0->jupyter-ai-magics<3.0.0,>=2.31.6->jupyter_ai->ipython==9.7.0.dev0) (3.2.4)
Requirement already satisfied: mypy-extensions>=0.3.0 in ./venv/lib/python3.12/site-packages (from typing-inspect<1,>=0.4.0->dataclasses-json<0.7.0,>=0.6.7->langchain-community<0.4.0,>=0.3.0->jupyter-ai-magics<3.0.0,>=2.31.6->jupyter_ai->ipython==9.7.0.dev0) (1.1.0)
Requirement already satisfied: sniffio>=1.1 in ./venv/lib/python3.12/site-packages (from anyio>=3.1.0->jupyter-server<3,>=2.4.0->jupyter_ai->ipython==9.7.0.dev0) (1.3.1)
Requirement already satisfied: argon2-cffi-bindings in ./venv/lib/python3.12/site-packages (from argon2-cffi>=21.1->jupyter-server<3,>=2.4.0->jupyter_ai->ipython==9.7.0.dev0) (25.1.0)
Requirement already satisfied: zipp>=3.20 in ./venv/lib/python3.12/site-packages (from importlib-metadata>=5.2.0->jupyter_ai->ipython==9.7.0.dev0) (3.23.0)
Requirement already satisfied: MarkupSafe>=2.0 in ./venv/lib/python3.12/site-packages (from jinja2>=3.0.3->jupyter-server<3,>=2.4.0->jupyter_ai->ipython==9.7.0.dev0) (3.0.3)
Requirement already satisfied: jsonschema>=4.18.0 in ./venv/lib/python3.12/site-packages (from jsonschema[format-nongpl]>=4.18.0->jupyter-events>=0.11.0->jupyter-server<3,>=2.4.0->jupyter_ai->ipython==9.7.0.dev0) (4.25.1)
Requirement already satisfied: python-json-logger>=2.0.4 in ./venv/lib/python3.12/site-packages (from jupyter-events>=0.11.0->jupyter-server<3,>=2.4.0->jupyter_ai->ipython==9.7.0.dev0) (4.0.0)
Requirement already satisfied: referencing in ./venv/lib/python3.12/site-packages (from jupyter-events>=0.11.0->jupyter-server<3,>=2.4.0->jupyter_ai->ipython==9.7.0.dev0) (0.37.0)
Requirement already satisfied: rfc3339-validator in ./venv/lib/python3.12/site-packages (from jupyter-events>=0.11.0->jupyter-server<3,>=2.4.0->jupyter_ai->ipython==9.7.0.dev0) (0.1.4)
Requirement already satisfied: rfc3986-validator>=0.1.1 in ./venv/lib/python3.12/site-packages (from jupyter-events>=0.11.0->jupyter-server<3,>=2.4.0->jupyter_ai->ipython==9.7.0.dev0) (0.1.1)
Requirement already satisfied: jsonschema-specifications>=2023.03.6 in ./venv/lib/python3.12/site-packages (from jsonschema>=4.18.0->jsonschema[format-nongpl]>=4.18.0->jupyter-events>=0.11.0->jupyter-server<3,>=2.4.0->jupyter_ai->ipython==9.7.0.dev0) (2025.9.1)
Requirement already satisfied: rpds-py>=0.7.1 in ./venv/lib/python3.12/site-packages (from jsonschema>=4.18.0->jsonschema[format-nongpl]>=4.18.0->jupyter-events>=0.11.0->jupyter-server<3,>=2.4.0->jupyter_ai->ipython==9.7.0.dev0) (0.27.1)
Requirement already satisfied: fqdn in ./venv/lib/python3.12/site-packages (from jsonschema[format-nongpl]>=4.18.0->jupyter-events>=0.11.0->jupyter-server<3,>=2.4.0->jupyter_ai->ipython==9.7.0.dev0) (1.5.1)
Requirement already satisfied: isoduration in ./venv/lib/python3.12/site-packages (from jsonschema[format-nongpl]>=4.18.0->jupyter-events>=0.11.0->jupyter-server<3,>=2.4.0->jupyter_ai->ipython==9.7.0.dev0) (20.11.0)
Requirement already satisfied: rfc3987-syntax>=1.1.0 in ./venv/lib/python3.12/site-packages (from jsonschema[format-nongpl]>=4.18.0->jupyter-events>=0.11.0->jupyter-server<3,>=2.4.0->jupyter_ai->ipython==9.7.0.dev0) (1.1.0)
Requirement already satisfied: uri-template in ./venv/lib/python3.12/site-packages (from jsonschema[format-nongpl]>=4.18.0->jupyter-events>=0.11.0->jupyter-server<3,>=2.4.0->jupyter_ai->ipython==9.7.0.dev0) (1.3.0)
Requirement already satisfied: webcolors>=24.6.0 in ./venv/lib/python3.12/site-packages (from jsonschema[format-nongpl]>=4.18.0->jupyter-events>=0.11.0->jupyter-server<3,>=2.4.0->jupyter_ai->ipython==9.7.0.dev0) (24.11.1)
Requirement already satisfied: beautifulsoup4 in ./venv/lib/python3.12/site-packages (from nbconvert>=6.4.4->jupyter-server<3,>=2.4.0->jupyter_ai->ipython==9.7.0.dev0) (4.14.2)
Requirement already satisfied: bleach!=5.0.0 in ./venv/lib/python3.12/site-packages (from bleach[css]!=5.0.0->nbconvert>=6.4.4->jupyter-server<3,>=2.4.0->jupyter_ai->ipython==9.7.0.dev0) (6.2.0)
Requirement already satisfied: defusedxml in ./venv/lib/python3.12/site-packages (from nbconvert>=6.4.4->jupyter-server<3,>=2.4.0->jupyter_ai->ipython==9.7.0.dev0) (0.7.1)
Requirement already satisfied: jupyterlab-pygments in ./venv/lib/python3.12/site-packages (from nbconvert>=6.4.4->jupyter-server<3,>=2.4.0->jupyter_ai->ipython==9.7.0.dev0) (0.3.0)
Requirement already satisfied: mistune<4,>=2.0.3 in ./venv/lib/python3.12/site-packages (from nbconvert>=6.4.4->jupyter-server<3,>=2.4.0->jupyter_ai->ipython==9.7.0.dev0) (3.1.4)
Requirement already satisfied: pandocfilters>=1.4.1 in ./venv/lib/python3.12/site-packages (from nbconvert>=6.4.4->jupyter-server<3,>=2.4.0->jupyter_ai->ipython==9.7.0.dev0) (1.5.1)
Requirement already satisfied: webencodings in ./venv/lib/python3.12/site-packages (from bleach!=5.0.0->bleach[css]!=5.0.0->nbconvert>=6.4.4->jupyter-server<3,>=2.4.0->jupyter_ai->ipython==9.7.0.dev0) (0.5.1)
Requirement already satisfied: tinycss2<1.5,>=1.1.0 in ./venv/lib/python3.12/site-packages (from bleach[css]!=5.0.0->nbconvert>=6.4.4->jupyter-server<3,>=2.4.0->jupyter_ai->ipython==9.7.0.dev0) (1.4.0)
Requirement already satisfied: fastjsonschema>=2.15 in ./venv/lib/python3.12/site-packages (from nbformat->ipython==9.7.0.dev0) (2.21.2)
Requirement already satisfied: lark>=1.2.2 in ./venv/lib/python3.12/site-packages (from rfc3987-syntax>=1.1.0->jsonschema[format-nongpl]>=4.18.0->jupyter-events>=0.11.0->jupyter-server<3,>=2.4.0->jupyter_ai->ipython==9.7.0.dev0) (1.3.0)
Requirement already satisfied: cffi>=1.0.1 in ./venv/lib/python3.12/site-packages (from argon2-cffi-bindings->argon2-cffi>=21.1->jupyter-server<3,>=2.4.0->jupyter_ai->ipython==9.7.0.dev0) (2.0.0)
Requirement already satisfied: pycparser in ./venv/lib/python3.12/site-packages (from cffi>=1.0.1->argon2-cffi-bindings->argon2-cffi>=21.1->jupyter-server<3,>=2.4.0->jupyter_ai->ipython==9.7.0.dev0) (2.23)
Requirement already satisfied: soupsieve>1.2 in ./venv/lib/python3.12/site-packages (from beautifulsoup4->nbconvert>=6.4.4->jupyter-server<3,>=2.4.0->jupyter_ai->ipython==9.7.0.dev0) (2.8)
Requirement already satisfied: cloudpickle>=3.0.0 in ./venv/lib/python3.12/site-packages (from dask[distributed]->jupyter_ai->ipython==9.7.0.dev0) (3.1.1)
Requirement already satisfied: fsspec>=2021.09.0 in ./venv/lib/python3.12/site-packages (from dask[distributed]->jupyter_ai->ipython==9.7.0.dev0) (2025.9.0)
Requirement already satisfied: partd>=1.4.0 in ./venv/lib/python3.12/site-packages (from dask[distributed]->jupyter_ai->ipython==9.7.0.dev0) (1.4.2)
Requirement already satisfied: toolz>=0.10.0 in ./venv/lib/python3.12/site-packages (from dask[distributed]->jupyter_ai->ipython==9.7.0.dev0) (1.1.0)
Requirement already satisfied: distributed==2025.10.0 in ./venv/lib/python3.12/site-packages (from dask[distributed]->jupyter_ai->ipython==9.7.0.dev0) (2025.10.0)
Requirement already satisfied: locket>=1.0.0 in ./venv/lib/python3.12/site-packages (from distributed==2025.10.0->dask[distributed]->jupyter_ai->ipython==9.7.0.dev0) (1.0.0)
Requirement already satisfied: msgpack>=1.0.2 in ./venv/lib/python3.12/site-packages (from distributed==2025.10.0->dask[distributed]->jupyter_ai->ipython==9.7.0.dev0) (1.1.2)
Requirement already satisfied: sortedcontainers>=2.0.5 in ./venv/lib/python3.12/site-packages (from distributed==2025.10.0->dask[distributed]->jupyter_ai->ipython==9.7.0.dev0) (2.4.0)
Requirement already satisfied: tblib>=1.6.0 in ./venv/lib/python3.12/site-packages (from distributed==2025.10.0->dask[distributed]->jupyter_ai->ipython==9.7.0.dev0) (3.1.0)
Requirement already satisfied: zict>=3.0.0 in ./venv/lib/python3.12/site-packages (from distributed==2025.10.0->dask[distributed]->jupyter_ai->ipython==9.7.0.dev0) (3.0.0)
Requirement already satisfied: arrow>=0.15.0 in ./venv/lib/python3.12/site-packages (from isoduration->jsonschema[format-nongpl]>=4.18.0->jupyter-events>=0.11.0->jupyter-server<3,>=2.4.0->jupyter_ai->ipython==9.7.0.dev0) (1.4.0)
Requirement already satisfied: iniconfig>=1 in ./venv/lib/python3.12/site-packages (from pytest->ipython==9.7.0.dev0) (2.3.0)
Requirement already satisfied: pluggy<2,>=1.5 in ./venv/lib/python3.12/site-packages (from pytest->ipython==9.7.0.dev0) (1.6.0)
Requirement already satisfied: executing>=1.2.0 in ./venv/lib/python3.12/site-packages (from stack_data->ipython==9.7.0.dev0) (2.2.1)
Requirement already satisfied: asttokens>=2.1.0 in ./venv/lib/python3.12/site-packages (from stack_data->ipython==9.7.0.dev0) (3.0.0)
Requirement already satisfied: pure-eval in ./venv/lib/python3.12/site-packages (from stack_data->ipython==9.7.0.dev0) (0.2.3)
Requirement already satisfied: outcome in ./venv/lib/python3.12/site-packages (from trio->ipython==9.7.0.dev0) (1.3.0.post0)
Building wheels for collected packages: ipython
  Building editable for ipython (pyproject.toml): started
  Building editable for ipython (pyproject.toml): finished with status 'done'
  Created wheel for ipython: filename=ipython-9.7.0.dev0-0.editable-py3-none-any.whl size=6648 sha256=159405d0d1bf3a3d25e669af5f31ec2f18e4f6abb596ff3f0812635e7521943b
  Stored in directory: /tmp/pip-ephem-wheel-cache-esk2i1xl/wheels/54/1b/b7/aa63e25c8f14f4f2ae7b04e6097bdecb770e455c5c1ee0a600
Successfully built ipython
Installing collected packages: ipython
  Attempting uninstall: ipython
    Found existing installation: ipython 9.7.0.dev0
    Uninstalling ipython-9.7.0.dev0:
      Successfully uninstalled ipython-9.7.0.dev0
Successfully installed ipython-9.7.0.dev0
Requirement already satisfied: check-manifest in ./venv/lib/python3.12/site-packages (0.51)
Requirement already satisfied: pytest-cov in ./venv/lib/python3.12/site-packages (7.0.0)
Requirement already satisfied: pytest in ./venv/lib/python3.12/site-packages (8.4.2)
Requirement already satisfied: build>=0.1 in ./venv/lib/python3.12/site-packages (from check-manifest) (1.3.0)
Requirement already satisfied: setuptools in ./venv/lib/python3.12/site-packages (from check-manifest) (80.9.0)
Requirement already satisfied: coverage>=7.10.6 in ./venv/lib/python3.12/site-packages (from coverage[toml]>=7.10.6->pytest-cov) (7.11.0)
Requirement already satisfied: pluggy>=1.2 in ./venv/lib/python3.12/site-packages (from pytest-cov) (1.6.0)
Requirement already satisfied: iniconfig>=1 in ./venv/lib/python3.12/site-packages (from pytest) (2.3.0)
Requirement already satisfied: packaging>=20 in ./venv/lib/python3.12/site-packages (from pytest) (25.0)
Requirement already satisfied: pygments>=2.7.2 in ./venv/lib/python3.12/site-packages (from pytest) (2.19.2)
Requirement already satisfied: pyproject_hooks in ./venv/lib/python3.12/site-packages (from build>=0.1->check-manifest) (1.2.0)
* Creating isolated environment: venv+pip...
* Installing packages in isolated environment:
  - setuptools>=61.2
* Getting build dependencies for sdist...
/tmp/build-env-_qk139d5/lib/python3.12/site-packages/setuptools/config/_apply_pyprojecttoml.py:55: SetuptoolsDeprecationWarning: 'tool.setuptools.license-files' is deprecated in favor of 'project.license-files' (available on setuptools>=77.0.0).
!!

        ********************************************************************************

        By 2026-Feb-18, you need to update your project and remove deprecated calls
        or your builds will no longer be supported.

        See https://packaging.python.org/en/latest/guides/writing-pyproject-toml/#license-files for details.
        ********************************************************************************

!!
  _apply_tool_table(dist, config, filename)
/tmp/build-env-_qk139d5/lib/python3.12/site-packages/setuptools/config/_apply_pyprojecttoml.py:61: SetuptoolsDeprecationWarning: License classifiers are deprecated.
!!

        ********************************************************************************
        Please consider removing the following classifiers in favor of a SPDX license expression:

        License :: OSI Approved :: BSD License

        See https://packaging.python.org/en/latest/guides/writing-pyproject-toml/#license for details.
        ********************************************************************************

!!
  dist._finalize_license_expression()
/tmp/build-env-_qk139d5/lib/python3.12/site-packages/setuptools/dist.py:759: SetuptoolsDeprecationWarning: License classifiers are deprecated.
!!

        ********************************************************************************
        Please consider removing the following classifiers in favor of a SPDX license expression:

        License :: OSI Approved :: BSD License

        See https://packaging.python.org/en/latest/guides/writing-pyproject-toml/#license for details.
        ********************************************************************************

!!
  self._finalize_license_expression()
running egg_info
writing ipython.egg-info/PKG-INFO
writing dependency_links to ipython.egg-info/dependency_links.txt
writing entry points to ipython.egg-info/entry_points.txt
writing requirements to ipython.egg-info/requires.txt
writing top-level names to ipython.egg-info/top_level.txt
reading manifest file 'ipython.egg-info/SOURCES.txt'
reading manifest template 'MANIFEST.in'
warning: no previously-included files matching '*' found under directory 'tools'
warning: no previously-included files found matching 'tools'
warning: no previously-included files found matching 'CONTRIBUTING.md'
warning: no previously-included files found matching '.editorconfig'
warning: no previously-included files found matching 'SECURITY.md'
warning: no previously-included files found matching '.readthedocs.yaml'
warning: no previously-included files found matching 'docs/#*'
warning: no previously-included files found matching 'docs/man/*.1.gz'
warning: no previously-included files found matching '.git-blame-ignore-revs'
no previously-included directories found matching 'docs/build'
no previously-included directories found matching 'docs/gh-pages'
no previously-included directories found matching 'docs/dist'
warning: no previously-included files matching '*~' found anywhere in distribution
warning: no previously-included files matching '*.flc' found anywhere in distribution
warning: no previously-included files matching '*.yml' found anywhere in distribution
warning: no previously-included files matching '*.pyo' found anywhere in distribution
warning: no previously-included files matching '.dircopy.log' found anywhere in distribution
warning: no previously-included files matching '.git' found anywhere in distribution
warning: no previously-included files matching '.ipynb_checkpoints' found anywhere in distribution
adding license file 'LICENSE'
writing manifest file 'ipython.egg-info/SOURCES.txt'
* Building sdist...
/tmp/build-env-_qk139d5/lib/python3.12/site-packages/setuptools/config/_apply_pyprojecttoml.py:55: SetuptoolsDeprecationWarning: 'tool.setuptools.license-files' is deprecated in favor of 'project.license-files' (available on setuptools>=77.0.0).
!!

        ********************************************************************************

        By 2026-Feb-18, you need to update your project and remove deprecated calls
        or your builds will no longer be supported.

        See https://packaging.python.org/en/latest/guides/writing-pyproject-toml/#license-files for details.
        ********************************************************************************

!!
  _apply_tool_table(dist, config, filename)
/tmp/build-env-_qk139d5/lib/python3.12/site-packages/setuptools/config/_apply_pyprojecttoml.py:61: SetuptoolsDeprecationWarning: License classifiers are deprecated.
!!

        ********************************************************************************
        Please consider removing the following classifiers in favor of a SPDX license expression:

        License :: OSI Approved :: BSD License

        See https://packaging.python.org/en/latest/guides/writing-pyproject-toml/#license for details.
        ********************************************************************************

!!
  dist._finalize_license_expression()
/tmp/build-env-_qk139d5/lib/python3.12/site-packages/setuptools/dist.py:759: SetuptoolsDeprecationWarning: License classifiers are deprecated.
!!

        ********************************************************************************
        Please consider removing the following classifiers in favor of a SPDX license expression:

        License :: OSI Approved :: BSD License

        See https://packaging.python.org/en/latest/guides/writing-pyproject-toml/#license for details.
        ********************************************************************************

!!
  self._finalize_license_expression()
running sdist
check version number
running egg_info
writing ipython.egg-info/PKG-INFO
writing dependency_links to ipython.egg-info/dependency_links.txt
writing entry points to ipython.egg-info/entry_points.txt
writing requirements to ipython.egg-info/requires.txt
writing top-level names to ipython.egg-info/top_level.txt
reading manifest file 'ipython.egg-info/SOURCES.txt'
reading manifest template 'MANIFEST.in'
warning: no previously-included files matching '*' found under directory 'tools'
warning: no previously-included files found matching 'tools'
warning: no previously-included files found matching 'CONTRIBUTING.md'
warning: no previously-included files found matching '.editorconfig'
warning: no previously-included files found matching 'SECURITY.md'
warning: no previously-included files found matching '.readthedocs.yaml'
warning: no previously-included files found matching 'docs/#*'
warning: no previously-included files found matching '.git-blame-ignore-revs'
no previously-included directories found matching 'docs/build'
no previously-included directories found matching 'docs/gh-pages'
no previously-included directories found matching 'docs/dist'
warning: no previously-included files matching '*~' found anywhere in distribution
warning: no previously-included files matching '*.flc' found anywhere in distribution
warning: no previously-included files matching '*.yml' found anywhere in distribution
warning: no previously-included files matching '*.pyo' found anywhere in distribution
warning: no previously-included files matching '.dircopy.log' found anywhere in distribution
warning: no previously-included files matching '.git' found anywhere in distribution
warning: no previously-included files matching '.ipynb_checkpoints' found anywhere in distribution
adding license file 'LICENSE'
writing manifest file 'ipython.egg-info/SOURCES.txt'
running check
creating ipython-9.7.0.dev0
creating ipython-9.7.0.dev0/IPython
creating ipython-9.7.0.dev0/IPython/core
creating ipython-9.7.0.dev0/IPython/core/magics
creating ipython-9.7.0.dev0/IPython/core/profile
creating ipython-9.7.0.dev0/IPython/extensions
creating ipython-9.7.0.dev0/IPython/extensions/deduperreload
creating ipython-9.7.0.dev0/IPython/extensions/tests
creating ipython-9.7.0.dev0/IPython/external
creating ipython-9.7.0.dev0/IPython/lib
creating ipython-9.7.0.dev0/IPython/sphinxext
creating ipython-9.7.0.dev0/IPython/terminal
creating ipython-9.7.0.dev0/IPython/terminal/pt_inputhooks
creating ipython-9.7.0.dev0/IPython/terminal/shortcuts
creating ipython-9.7.0.dev0/IPython/testing
creating ipython-9.7.0.dev0/IPython/testing/plugin
creating ipython-9.7.0.dev0/IPython/utils
creating ipython-9.7.0.dev0/docs
creating ipython-9.7.0.dev0/docs/man
creating ipython-9.7.0.dev0/docs/source
creating ipython-9.7.0.dev0/docs/source/_images
creating ipython-9.7.0.dev0/docs/source/_images/2.0
creating ipython-9.7.0.dev0/docs/source/_images/8.0
creating ipython-9.7.0.dev0/docs/source/_static
creating ipython-9.7.0.dev0/docs/source/_templates
creating ipython-9.7.0.dev0/docs/source/about
creating ipython-9.7.0.dev0/docs/source/api
creating ipython-9.7.0.dev0/docs/source/config
creating ipython-9.7.0.dev0/docs/source/config/extensions
creating ipython-9.7.0.dev0/docs/source/config/options
creating ipython-9.7.0.dev0/docs/source/config/shortcuts
creating ipython-9.7.0.dev0/docs/source/coredev
creating ipython-9.7.0.dev0/docs/source/development
creating ipython-9.7.0.dev0/docs/source/development/figs
creating ipython-9.7.0.dev0/docs/source/install
creating ipython-9.7.0.dev0/docs/source/interactive
creating ipython-9.7.0.dev0/docs/source/parallel
creating ipython-9.7.0.dev0/docs/source/whatsnew
creating ipython-9.7.0.dev0/docs/source/whatsnew/pr
creating ipython-9.7.0.dev0/docs/sphinxext
creating ipython-9.7.0.dev0/examples
creating ipython-9.7.0.dev0/examples/Embedding
creating ipython-9.7.0.dev0/examples/IPython Kernel
creating ipython-9.7.0.dev0/examples/IPython Kernel/gui
creating ipython-9.7.0.dev0/examples/utils
creating ipython-9.7.0.dev0/ipython.egg-info
creating ipython-9.7.0.dev0/scripts
creating ipython-9.7.0.dev0/tests
creating ipython-9.7.0.dev0/tests/fake_ext_dir
copying files to ipython-9.7.0.dev0...
copying .flake8 -> ipython-9.7.0.dev0
copying .mailmap -> ipython-9.7.0.dev0
copying .pre-commit-config.yaml -> ipython-9.7.0.dev0
copying COPYING.rst -> ipython-9.7.0.dev0
copying LICENSE -> ipython-9.7.0.dev0
copying MANIFEST.in -> ipython-9.7.0.dev0
copying README.rst -> ipython-9.7.0.dev0
copying _build_meta.py -> ipython-9.7.0.dev0
copying long_description.rst -> ipython-9.7.0.dev0
copying pyproject.toml -> ipython-9.7.0.dev0
copying setup.cfg -> ipython-9.7.0.dev0
copying setup.py -> ipython-9.7.0.dev0
copying setupbase.py -> ipython-9.7.0.dev0
copying IPython/__init__.py -> ipython-9.7.0.dev0/IPython
copying IPython/__main__.py -> ipython-9.7.0.dev0/IPython
copying IPython/display.py -> ipython-9.7.0.dev0/IPython
copying IPython/paths.py -> ipython-9.7.0.dev0/IPython
copying IPython/py.typed -> ipython-9.7.0.dev0/IPython
copying IPython/core/__init__.py -> ipython-9.7.0.dev0/IPython/core
copying IPython/core/alias.py -> ipython-9.7.0.dev0/IPython/core
copying IPython/core/application.py -> ipython-9.7.0.dev0/IPython/core
copying IPython/core/async_helpers.py -> ipython-9.7.0.dev0/IPython/core
copying IPython/core/autocall.py -> ipython-9.7.0.dev0/IPython/core
copying IPython/core/builtin_trap.py -> ipython-9.7.0.dev0/IPython/core
copying IPython/core/compilerop.py -> ipython-9.7.0.dev0/IPython/core
copying IPython/core/completer.py -> ipython-9.7.0.dev0/IPython/core
copying IPython/core/completerlib.py -> ipython-9.7.0.dev0/IPython/core
copying IPython/core/crashhandler.py -> ipython-9.7.0.dev0/IPython/core
copying IPython/core/debugger.py -> ipython-9.7.0.dev0/IPython/core
copying IPython/core/debugger_backport.py -> ipython-9.7.0.dev0/IPython/core
copying IPython/core/display.py -> ipython-9.7.0.dev0/IPython/core
copying IPython/core/display_functions.py -> ipython-9.7.0.dev0/IPython/core
copying IPython/core/display_trap.py -> ipython-9.7.0.dev0/IPython/core
copying IPython/core/displayhook.py -> ipython-9.7.0.dev0/IPython/core
copying IPython/core/displaypub.py -> ipython-9.7.0.dev0/IPython/core
copying IPython/core/doctb.py -> ipython-9.7.0.dev0/IPython/core
copying IPython/core/error.py -> ipython-9.7.0.dev0/IPython/core
copying IPython/core/events.py -> ipython-9.7.0.dev0/IPython/core
copying IPython/core/extensions.py -> ipython-9.7.0.dev0/IPython/core
copying IPython/core/formatters.py -> ipython-9.7.0.dev0/IPython/core
copying IPython/core/getipython.py -> ipython-9.7.0.dev0/IPython/core
copying IPython/core/guarded_eval.py -> ipython-9.7.0.dev0/IPython/core
copying IPython/core/history.py -> ipython-9.7.0.dev0/IPython/core
copying IPython/core/historyapp.py -> ipython-9.7.0.dev0/IPython/core
copying IPython/core/hooks.py -> ipython-9.7.0.dev0/IPython/core
copying IPython/core/inputtransformer2.py -> ipython-9.7.0.dev0/IPython/core
copying IPython/core/interactiveshell.py -> ipython-9.7.0.dev0/IPython/core
copying IPython/core/latex_symbols.py -> ipython-9.7.0.dev0/IPython/core
copying IPython/core/logger.py -> ipython-9.7.0.dev0/IPython/core
copying IPython/core/macro.py -> ipython-9.7.0.dev0/IPython/core
copying IPython/core/magic.py -> ipython-9.7.0.dev0/IPython/core
copying IPython/core/magic_arguments.py -> ipython-9.7.0.dev0/IPython/core
copying IPython/core/oinspect.py -> ipython-9.7.0.dev0/IPython/core
copying IPython/core/page.py -> ipython-9.7.0.dev0/IPython/core
copying IPython/core/payload.py -> ipython-9.7.0.dev0/IPython/core
copying IPython/core/payloadpage.py -> ipython-9.7.0.dev0/IPython/core
copying IPython/core/prefilter.py -> ipython-9.7.0.dev0/IPython/core
copying IPython/core/profileapp.py -> ipython-9.7.0.dev0/IPython/core
copying IPython/core/profiledir.py -> ipython-9.7.0.dev0/IPython/core
copying IPython/core/pylabtools.py -> ipython-9.7.0.dev0/IPython/core
copying IPython/core/release.py -> ipython-9.7.0.dev0/IPython/core
copying IPython/core/shellapp.py -> ipython-9.7.0.dev0/IPython/core
copying IPython/core/splitinput.py -> ipython-9.7.0.dev0/IPython/core
copying IPython/core/tbtools.py -> ipython-9.7.0.dev0/IPython/core
copying IPython/core/tips.py -> ipython-9.7.0.dev0/IPython/core
copying IPython/core/ultratb.py -> ipython-9.7.0.dev0/IPython/core
copying IPython/core/usage.py -> ipython-9.7.0.dev0/IPython/core
copying IPython/core/magics/__init__.py -> ipython-9.7.0.dev0/IPython/core/magics
copying IPython/core/magics/ast_mod.py -> ipython-9.7.0.dev0/IPython/core/magics
copying IPython/core/magics/auto.py -> ipython-9.7.0.dev0/IPython/core/magics
copying IPython/core/magics/basic.py -> ipython-9.7.0.dev0/IPython/core/magics
copying IPython/core/magics/code.py -> ipython-9.7.0.dev0/IPython/core/magics
copying IPython/core/magics/config.py -> ipython-9.7.0.dev0/IPython/core/magics
copying IPython/core/magics/display.py -> ipython-9.7.0.dev0/IPython/core/magics
copying IPython/core/magics/execution.py -> ipython-9.7.0.dev0/IPython/core/magics
copying IPython/core/magics/extension.py -> ipython-9.7.0.dev0/IPython/core/magics
copying IPython/core/magics/history.py -> ipython-9.7.0.dev0/IPython/core/magics
copying IPython/core/magics/logging.py -> ipython-9.7.0.dev0/IPython/core/magics
copying IPython/core/magics/namespace.py -> ipython-9.7.0.dev0/IPython/core/magics
copying IPython/core/magics/osm.py -> ipython-9.7.0.dev0/IPython/core/magics
copying IPython/core/magics/packaging.py -> ipython-9.7.0.dev0/IPython/core/magics
copying IPython/core/magics/pylab.py -> ipython-9.7.0.dev0/IPython/core/magics
copying IPython/core/magics/script.py -> ipython-9.7.0.dev0/IPython/core/magics
copying IPython/core/profile/README_STARTUP -> ipython-9.7.0.dev0/IPython/core/profile
copying IPython/extensions/__init__.py -> ipython-9.7.0.dev0/IPython/extensions
copying IPython/extensions/autoreload.py -> ipython-9.7.0.dev0/IPython/extensions
copying IPython/extensions/storemagic.py -> ipython-9.7.0.dev0/IPython/extensions
copying IPython/extensions/deduperreload/__init__.py -> ipython-9.7.0.dev0/IPython/extensions/deduperreload
copying IPython/extensions/deduperreload/deduperreload.py -> ipython-9.7.0.dev0/IPython/extensions/deduperreload
copying IPython/extensions/deduperreload/deduperreload_patching.py -> ipython-9.7.0.dev0/IPython/extensions/deduperreload
copying IPython/extensions/tests/test_deduperreload.py -> ipython-9.7.0.dev0/IPython/extensions/tests
copying IPython/external/__init__.py -> ipython-9.7.0.dev0/IPython/external
copying IPython/external/pickleshare.py -> ipython-9.7.0.dev0/IPython/external
copying IPython/external/qt_for_kernel.py -> ipython-9.7.0.dev0/IPython/external
copying IPython/external/qt_loaders.py -> ipython-9.7.0.dev0/IPython/external
copying IPython/lib/__init__.py -> ipython-9.7.0.dev0/IPython/lib
copying IPython/lib/backgroundjobs.py -> ipython-9.7.0.dev0/IPython/lib
copying IPython/lib/clipboard.py -> ipython-9.7.0.dev0/IPython/lib
copying IPython/lib/deepreload.py -> ipython-9.7.0.dev0/IPython/lib
copying IPython/lib/demo.py -> ipython-9.7.0.dev0/IPython/lib
copying IPython/lib/display.py -> ipython-9.7.0.dev0/IPython/lib
copying IPython/lib/editorhooks.py -> ipython-9.7.0.dev0/IPython/lib
copying IPython/lib/guisupport.py -> ipython-9.7.0.dev0/IPython/lib
copying IPython/lib/latextools.py -> ipython-9.7.0.dev0/IPython/lib
copying IPython/lib/lexers.py -> ipython-9.7.0.dev0/IPython/lib
copying IPython/lib/pretty.py -> ipython-9.7.0.dev0/IPython/lib
copying IPython/sphinxext/__init__.py -> ipython-9.7.0.dev0/IPython/sphinxext
copying IPython/sphinxext/custom_doctests.py -> ipython-9.7.0.dev0/IPython/sphinxext
copying IPython/sphinxext/ipython_console_highlighting.py -> ipython-9.7.0.dev0/IPython/sphinxext
copying IPython/sphinxext/ipython_directive.py -> ipython-9.7.0.dev0/IPython/sphinxext
copying IPython/terminal/__init__.py -> ipython-9.7.0.dev0/IPython/terminal
copying IPython/terminal/debugger.py -> ipython-9.7.0.dev0/IPython/terminal
copying IPython/terminal/embed.py -> ipython-9.7.0.dev0/IPython/terminal
copying IPython/terminal/interactiveshell.py -> ipython-9.7.0.dev0/IPython/terminal
copying IPython/terminal/ipapp.py -> ipython-9.7.0.dev0/IPython/terminal
copying IPython/terminal/magics.py -> ipython-9.7.0.dev0/IPython/terminal
copying IPython/terminal/prompts.py -> ipython-9.7.0.dev0/IPython/terminal
copying IPython/terminal/ptutils.py -> ipython-9.7.0.dev0/IPython/terminal
copying IPython/terminal/pt_inputhooks/__init__.py -> ipython-9.7.0.dev0/IPython/terminal/pt_inputhooks
copying IPython/terminal/pt_inputhooks/asyncio.py -> ipython-9.7.0.dev0/IPython/terminal/pt_inputhooks
copying IPython/terminal/pt_inputhooks/glut.py -> ipython-9.7.0.dev0/IPython/terminal/pt_inputhooks
copying IPython/terminal/pt_inputhooks/gtk.py -> ipython-9.7.0.dev0/IPython/terminal/pt_inputhooks
copying IPython/terminal/pt_inputhooks/gtk3.py -> ipython-9.7.0.dev0/IPython/terminal/pt_inputhooks
copying IPython/terminal/pt_inputhooks/gtk4.py -> ipython-9.7.0.dev0/IPython/terminal/pt_inputhooks
copying IPython/terminal/pt_inputhooks/osx.py -> ipython-9.7.0.dev0/IPython/terminal/pt_inputhooks
copying IPython/terminal/pt_inputhooks/pyglet.py -> ipython-9.7.0.dev0/IPython/terminal/pt_inputhooks
copying IPython/terminal/pt_inputhooks/qt.py -> ipython-9.7.0.dev0/IPython/terminal/pt_inputhooks
copying IPython/terminal/pt_inputhooks/tk.py -> ipython-9.7.0.dev0/IPython/terminal/pt_inputhooks
copying IPython/terminal/pt_inputhooks/wx.py -> ipython-9.7.0.dev0/IPython/terminal/pt_inputhooks
copying IPython/terminal/shortcuts/__init__.py -> ipython-9.7.0.dev0/IPython/terminal/shortcuts
copying IPython/terminal/shortcuts/auto_match.py -> ipython-9.7.0.dev0/IPython/terminal/shortcuts
copying IPython/terminal/shortcuts/auto_suggest.py -> ipython-9.7.0.dev0/IPython/terminal/shortcuts
copying IPython/terminal/shortcuts/filters.py -> ipython-9.7.0.dev0/IPython/terminal/shortcuts
copying IPython/testing/__init__.py -> ipython-9.7.0.dev0/IPython/testing
copying IPython/testing/decorators.py -> ipython-9.7.0.dev0/IPython/testing
copying IPython/testing/globalipapp.py -> ipython-9.7.0.dev0/IPython/testing
copying IPython/testing/ipunittest.py -> ipython-9.7.0.dev0/IPython/testing
copying IPython/testing/skipdoctest.py -> ipython-9.7.0.dev0/IPython/testing
copying IPython/testing/tools.py -> ipython-9.7.0.dev0/IPython/testing
copying IPython/testing/plugin/Makefile -> ipython-9.7.0.dev0/IPython/testing/plugin
copying IPython/testing/plugin/__init__.py -> ipython-9.7.0.dev0/IPython/testing/plugin
copying IPython/testing/plugin/dtexample.py -> ipython-9.7.0.dev0/IPython/testing/plugin
copying IPython/testing/plugin/ipdoctest.py -> ipython-9.7.0.dev0/IPython/testing/plugin
copying IPython/testing/plugin/pytest_ipdoctest.py -> ipython-9.7.0.dev0/IPython/testing/plugin
copying IPython/testing/plugin/setup.py -> ipython-9.7.0.dev0/IPython/testing/plugin
copying IPython/testing/plugin/simple.py -> ipython-9.7.0.dev0/IPython/testing/plugin
copying IPython/testing/plugin/simplevars.py -> ipython-9.7.0.dev0/IPython/testing/plugin
copying IPython/testing/plugin/test_combo.txt -> ipython-9.7.0.dev0/IPython/testing/plugin
copying IPython/testing/plugin/test_example.txt -> ipython-9.7.0.dev0/IPython/testing/plugin
copying IPython/testing/plugin/test_exampleip.txt -> ipython-9.7.0.dev0/IPython/testing/plugin
copying IPython/testing/plugin/test_ipdoctest.py -> ipython-9.7.0.dev0/IPython/testing/plugin
copying IPython/testing/plugin/test_refs.py -> ipython-9.7.0.dev0/IPython/testing/plugin
copying IPython/utils/PyColorize.py -> ipython-9.7.0.dev0/IPython/utils
copying IPython/utils/__init__.py -> ipython-9.7.0.dev0/IPython/utils
copying IPython/utils/_process_cli.py -> ipython-9.7.0.dev0/IPython/utils
copying IPython/utils/_process_common.py -> ipython-9.7.0.dev0/IPython/utils
copying IPython/utils/_process_emscripten.py -> ipython-9.7.0.dev0/IPython/utils
copying IPython/utils/_process_posix.py -> ipython-9.7.0.dev0/IPython/utils
copying IPython/utils/_process_win32.py -> ipython-9.7.0.dev0/IPython/utils
copying IPython/utils/_process_win32_controller.py -> ipython-9.7.0.dev0/IPython/utils
copying IPython/utils/_sysinfo.py -> ipython-9.7.0.dev0/IPython/utils
copying IPython/utils/capture.py -> ipython-9.7.0.dev0/IPython/utils
copying IPython/utils/coloransi.py -> ipython-9.7.0.dev0/IPython/utils
copying IPython/utils/contexts.py -> ipython-9.7.0.dev0/IPython/utils
copying IPython/utils/data.py -> ipython-9.7.0.dev0/IPython/utils
copying IPython/utils/decorators.py -> ipython-9.7.0.dev0/IPython/utils
copying IPython/utils/dir2.py -> ipython-9.7.0.dev0/IPython/utils
copying IPython/utils/docs.py -> ipython-9.7.0.dev0/IPython/utils
copying IPython/utils/encoding.py -> ipython-9.7.0.dev0/IPython/utils
copying IPython/utils/eventful.py -> ipython-9.7.0.dev0/IPython/utils
copying IPython/utils/frame.py -> ipython-9.7.0.dev0/IPython/utils
copying IPython/utils/generics.py -> ipython-9.7.0.dev0/IPython/utils
copying IPython/utils/importstring.py -> ipython-9.7.0.dev0/IPython/utils
copying IPython/utils/io.py -> ipython-9.7.0.dev0/IPython/utils
copying IPython/utils/ipstruct.py -> ipython-9.7.0.dev0/IPython/utils
copying IPython/utils/jsonutil.py -> ipython-9.7.0.dev0/IPython/utils
copying IPython/utils/log.py -> ipython-9.7.0.dev0/IPython/utils
copying IPython/utils/module_paths.py -> ipython-9.7.0.dev0/IPython/utils
copying IPython/utils/openpy.py -> ipython-9.7.0.dev0/IPython/utils
copying IPython/utils/path.py -> ipython-9.7.0.dev0/IPython/utils
copying IPython/utils/process.py -> ipython-9.7.0.dev0/IPython/utils
copying IPython/utils/py3compat.py -> ipython-9.7.0.dev0/IPython/utils
copying IPython/utils/sentinel.py -> ipython-9.7.0.dev0/IPython/utils
copying IPython/utils/strdispatch.py -> ipython-9.7.0.dev0/IPython/utils
copying IPython/utils/sysinfo.py -> ipython-9.7.0.dev0/IPython/utils
copying IPython/utils/syspathcontext.py -> ipython-9.7.0.dev0/IPython/utils
copying IPython/utils/tempdir.py -> ipython-9.7.0.dev0/IPython/utils
copying IPython/utils/terminal.py -> ipython-9.7.0.dev0/IPython/utils
copying IPython/utils/text.py -> ipython-9.7.0.dev0/IPython/utils
copying IPython/utils/timing.py -> ipython-9.7.0.dev0/IPython/utils
copying IPython/utils/tokenutil.py -> ipython-9.7.0.dev0/IPython/utils
copying IPython/utils/wildcard.py -> ipython-9.7.0.dev0/IPython/utils
copying docs/Makefile -> ipython-9.7.0.dev0/docs
copying docs/README.rst -> ipython-9.7.0.dev0/docs
copying docs/autogen_api.py -> ipython-9.7.0.dev0/docs
copying docs/autogen_config.py -> ipython-9.7.0.dev0/docs
copying docs/autogen_magics.py -> ipython-9.7.0.dev0/docs
copying docs/autogen_shortcuts.py -> ipython-9.7.0.dev0/docs
copying docs/make.cmd -> ipython-9.7.0.dev0/docs
copying docs/requirements.txt -> ipython-9.7.0.dev0/docs
copying docs/man/ipython.1 -> ipython-9.7.0.dev0/docs/man
copying docs/source/conf.py -> ipython-9.7.0.dev0/docs/source
copying docs/source/index.rst -> ipython-9.7.0.dev0/docs/source
copying docs/source/links.txt -> ipython-9.7.0.dev0/docs/source
copying docs/source/overview.rst -> ipython-9.7.0.dev0/docs/source
copying docs/source/sphinx.toml -> ipython-9.7.0.dev0/docs/source
copying docs/source/sphinxext.rst -> ipython-9.7.0.dev0/docs/source
copying docs/source/_images/autosuggest.gif -> ipython-9.7.0.dev0/docs/source/_images
copying docs/source/_images/ipy_013_dashboard.png -> ipython-9.7.0.dev0/docs/source/_images
copying docs/source/_images/ipy_013_dashboard_cluster.png -> ipython-9.7.0.dev0/docs/source/_images
copying docs/source/_images/ipy_013_notebook_cythonmagic.png -> ipython-9.7.0.dev0/docs/source/_images
copying docs/source/_images/ipy_013_notebook_long_out.png -> ipython-9.7.0.dev0/docs/source/_images
copying docs/source/_images/ipy_013_notebook_octavemagic.png -> ipython-9.7.0.dev0/docs/source/_images
copying docs/source/_images/ipy_013_notebook_rmagic.png -> ipython-9.7.0.dev0/docs/source/_images
copying docs/source/_images/ipy_013_notebook_script_cells.png -> ipython-9.7.0.dev0/docs/source/_images
copying docs/source/_images/ipy_013_notebook_spectrogram.png -> ipython-9.7.0.dev0/docs/source/_images
copying docs/source/_images/ipy_013_notebook_tooltip.png -> ipython-9.7.0.dev0/docs/source/_images
copying docs/source/_images/ipy_013_par_tb.png -> ipython-9.7.0.dev0/docs/source/_images
copying docs/source/_images/ipy_013_qtconsole_baboon.png -> ipython-9.7.0.dev0/docs/source/_images
copying docs/source/_images/ipy_013_qtconsole_completer.png -> ipython-9.7.0.dev0/docs/source/_images
copying docs/source/_images/ipython-6-screenshot.png -> ipython-9.7.0.dev0/docs/source/_images
copying docs/source/_images/jedi_type_inference_60.png -> ipython-9.7.0.dev0/docs/source/_images
copying docs/source/_images/kernel_selector_screenshot.png -> ipython-9.7.0.dev0/docs/source/_images
copying docs/source/_images/ms_visual_studio.png -> ipython-9.7.0.dev0/docs/source/_images
copying docs/source/_images/notebook_specgram.png -> ipython-9.7.0.dev0/docs/source/_images
copying docs/source/_images/ptshell_features.png -> ipython-9.7.0.dev0/docs/source/_images
copying docs/source/_images/qtconsole.png -> ipython-9.7.0.dev0/docs/source/_images
copying docs/source/_images/qtconsole_tabbed.png -> ipython-9.7.0.dev0/docs/source/_images
copying docs/source/_images/unicode_completion.png -> ipython-9.7.0.dev0/docs/source/_images
copying docs/source/_images/2.0/running-crop.png -> ipython-9.7.0.dev0/docs/source/_images/2.0
copying docs/source/_images/2.0/running.png -> ipython-9.7.0.dev0/docs/source/_images/2.0
copying docs/source/_images/2.0/treeview.png -> ipython-9.7.0.dev0/docs/source/_images/2.0
copying docs/source/_images/2.0/user-interface.png -> ipython-9.7.0.dev0/docs/source/_images/2.0
copying docs/source/_images/2.0/widgets.png -> ipython-9.7.0.dev0/docs/source/_images/2.0
copying docs/source/_images/8.0/auto_suggest_1_prompt_no_text.png -> ipython-9.7.0.dev0/docs/source/_images/8.0
copying docs/source/_images/8.0/auto_suggest_2_print_hello_suggest.png -> ipython-9.7.0.dev0/docs/source/_images/8.0
copying docs/source/_images/8.0/auto_suggest_3_print_hello_suggest.png -> ipython-9.7.0.dev0/docs/source/_images/8.0
copying docs/source/_images/8.0/auto_suggest_4_print_hello.png -> ipython-9.7.0.dev0/docs/source/_images/8.0
copying docs/source/_images/8.0/auto_suggest_d_completions.png -> ipython-9.7.0.dev0/docs/source/_images/8.0
copying docs/source/_images/8.0/auto_suggest_d_phantom.png -> ipython-9.7.0.dev0/docs/source/_images/8.0
copying docs/source/_images/8.0/auto_suggest_def_completions.png -> ipython-9.7.0.dev0/docs/source/_images/8.0
copying docs/source/_images/8.0/auto_suggest_def_phantom.png -> ipython-9.7.0.dev0/docs/source/_images/8.0
copying docs/source/_images/8.0/auto_suggest_match_parens.png -> ipython-9.7.0.dev0/docs/source/_images/8.0
copying docs/source/_images/8.0/auto_suggest_second_prompt.png -> ipython-9.7.0.dev0/docs/source/_images/8.0
copying docs/source/_images/8.0/pathlib_pathlib_everywhere.jpg -> ipython-9.7.0.dev0/docs/source/_images/8.0
copying docs/source/_static/favicon.ico -> ipython-9.7.0.dev0/docs/source/_static
copying docs/source/_static/logo.png -> ipython-9.7.0.dev0/docs/source/_static
copying docs/source/_static/theme_overrides.css -> ipython-9.7.0.dev0/docs/source/_static
copying docs/source/_templates/breadcrumbs.html -> ipython-9.7.0.dev0/docs/source/_templates
copying docs/source/_templates/notebook_redirect.html -> ipython-9.7.0.dev0/docs/source/_templates
copying docs/source/about/history.rst -> ipython-9.7.0.dev0/docs/source/about
copying docs/source/about/index.rst -> ipython-9.7.0.dev0/docs/source/about
copying docs/source/about/license_and_copyright.rst -> ipython-9.7.0.dev0/docs/source/about
copying docs/source/api/index.rst -> ipython-9.7.0.dev0/docs/source/api
copying docs/source/config/callbacks.rst -> ipython-9.7.0.dev0/docs/source/config
copying docs/source/config/custommagics.rst -> ipython-9.7.0.dev0/docs/source/config
copying docs/source/config/details.rst -> ipython-9.7.0.dev0/docs/source/config
copying docs/source/config/eventloops.rst -> ipython-9.7.0.dev0/docs/source/config
copying docs/source/config/index.rst -> ipython-9.7.0.dev0/docs/source/config
copying docs/source/config/inputtransforms.rst -> ipython-9.7.0.dev0/docs/source/config
copying docs/source/config/integrating.rst -> ipython-9.7.0.dev0/docs/source/config
copying docs/source/config/intro.rst -> ipython-9.7.0.dev0/docs/source/config
copying docs/source/config/shell_mimerenderer.rst -> ipython-9.7.0.dev0/docs/source/config
copying docs/source/config/extensions/autoreload.rst -> ipython-9.7.0.dev0/docs/source/config/extensions
copying docs/source/config/extensions/index.rst -> ipython-9.7.0.dev0/docs/source/config/extensions
copying docs/source/config/extensions/storemagic.rst -> ipython-9.7.0.dev0/docs/source/config/extensions
copying docs/source/config/options/index.rst -> ipython-9.7.0.dev0/docs/source/config/options
copying docs/source/config/shortcuts/index.rst -> ipython-9.7.0.dev0/docs/source/config/shortcuts
copying docs/source/coredev/index.rst -> ipython-9.7.0.dev0/docs/source/coredev
copying docs/source/development/config.rst -> ipython-9.7.0.dev0/docs/source/development
copying docs/source/development/execution.rst -> ipython-9.7.0.dev0/docs/source/development
copying docs/source/development/how_ipython_works.rst -> ipython-9.7.0.dev0/docs/source/development
copying docs/source/development/index.rst -> ipython-9.7.0.dev0/docs/source/development
copying docs/source/development/inputhook_app.rst -> ipython-9.7.0.dev0/docs/source/development
copying docs/source/development/kernels.rst -> ipython-9.7.0.dev0/docs/source/development
copying docs/source/development/messaging.rst -> ipython-9.7.0.dev0/docs/source/development
copying docs/source/development/pycompat.rst -> ipython-9.7.0.dev0/docs/source/development
copying docs/source/development/wrapperkernels.rst -> ipython-9.7.0.dev0/docs/source/development
copying docs/source/development/figs/ipy_kernel_and_terminal.png -> ipython-9.7.0.dev0/docs/source/development/figs
copying docs/source/development/figs/ipy_kernel_and_terminal.svg -> ipython-9.7.0.dev0/docs/source/development/figs
copying docs/source/development/figs/other_kernels.png -> ipython-9.7.0.dev0/docs/source/development/figs
copying docs/source/development/figs/other_kernels.svg -> ipython-9.7.0.dev0/docs/source/development/figs
copying docs/source/install/index.rst -> ipython-9.7.0.dev0/docs/source/install
copying docs/source/install/install.rst -> ipython-9.7.0.dev0/docs/source/install
copying docs/source/install/kernel_install.rst -> ipython-9.7.0.dev0/docs/source/install
copying docs/source/interactive/autoawait.rst -> ipython-9.7.0.dev0/docs/source/interactive
copying docs/source/interactive/index.rst -> ipython-9.7.0.dev0/docs/source/interactive
copying docs/source/interactive/magics.rst -> ipython-9.7.0.dev0/docs/source/interactive
copying docs/source/interactive/plotting.rst -> ipython-9.7.0.dev0/docs/source/interactive
copying docs/source/interactive/python-ipython-diff.rst -> ipython-9.7.0.dev0/docs/source/interactive
copying docs/source/interactive/reference.rst -> ipython-9.7.0.dev0/docs/source/interactive
copying docs/source/interactive/shell.rst -> ipython-9.7.0.dev0/docs/source/interactive
copying docs/source/interactive/tips.rst -> ipython-9.7.0.dev0/docs/source/interactive
copying docs/source/interactive/tutorial.rst -> ipython-9.7.0.dev0/docs/source/interactive
copying docs/source/parallel/index.rst -> ipython-9.7.0.dev0/docs/source/parallel
copying docs/source/whatsnew/development.rst -> ipython-9.7.0.dev0/docs/source/whatsnew
copying docs/source/whatsnew/github-stats-0.11.rst -> ipython-9.7.0.dev0/docs/source/whatsnew
copying docs/source/whatsnew/github-stats-0.12.rst -> ipython-9.7.0.dev0/docs/source/whatsnew
copying docs/source/whatsnew/github-stats-0.13.rst -> ipython-9.7.0.dev0/docs/source/whatsnew
copying docs/source/whatsnew/github-stats-1.0.rst -> ipython-9.7.0.dev0/docs/source/whatsnew
copying docs/source/whatsnew/github-stats-2.0.rst -> ipython-9.7.0.dev0/docs/source/whatsnew
copying docs/source/whatsnew/github-stats-3.rst -> ipython-9.7.0.dev0/docs/source/whatsnew
copying docs/source/whatsnew/github-stats-4.rst -> ipython-9.7.0.dev0/docs/source/whatsnew
copying docs/source/whatsnew/github-stats-5.rst -> ipython-9.7.0.dev0/docs/source/whatsnew
copying docs/source/whatsnew/github-stats-6.rst -> ipython-9.7.0.dev0/docs/source/whatsnew
copying docs/source/whatsnew/github-stats-7.rst -> ipython-9.7.0.dev0/docs/source/whatsnew
copying docs/source/whatsnew/github-stats-8.rst -> ipython-9.7.0.dev0/docs/source/whatsnew
copying docs/source/whatsnew/index.rst -> ipython-9.7.0.dev0/docs/source/whatsnew
copying docs/source/whatsnew/version0.10.rst -> ipython-9.7.0.dev0/docs/source/whatsnew
copying docs/source/whatsnew/version0.11.rst -> ipython-9.7.0.dev0/docs/source/whatsnew
copying docs/source/whatsnew/version0.12.rst -> ipython-9.7.0.dev0/docs/source/whatsnew
copying docs/source/whatsnew/version0.13.rst -> ipython-9.7.0.dev0/docs/source/whatsnew
copying docs/source/whatsnew/version0.8.rst -> ipython-9.7.0.dev0/docs/source/whatsnew
copying docs/source/whatsnew/version0.9.rst -> ipython-9.7.0.dev0/docs/source/whatsnew
copying docs/source/whatsnew/version1.0.rst -> ipython-9.7.0.dev0/docs/source/whatsnew
copying docs/source/whatsnew/version2.0.rst -> ipython-9.7.0.dev0/docs/source/whatsnew
copying docs/source/whatsnew/version3.rst -> ipython-9.7.0.dev0/docs/source/whatsnew
copying docs/source/whatsnew/version3_widget_migration.rst -> ipython-9.7.0.dev0/docs/source/whatsnew
copying docs/source/whatsnew/version4.rst -> ipython-9.7.0.dev0/docs/source/whatsnew
copying docs/source/whatsnew/version5.rst -> ipython-9.7.0.dev0/docs/source/whatsnew
copying docs/source/whatsnew/version6.rst -> ipython-9.7.0.dev0/docs/source/whatsnew
copying docs/source/whatsnew/version7.rst -> ipython-9.7.0.dev0/docs/source/whatsnew
copying docs/source/whatsnew/version8.rst -> ipython-9.7.0.dev0/docs/source/whatsnew
copying docs/source/whatsnew/version9.rst -> ipython-9.7.0.dev0/docs/source/whatsnew
copying docs/source/whatsnew/pr/README.md -> ipython-9.7.0.dev0/docs/source/whatsnew/pr
copying docs/source/whatsnew/pr/antigravity-feature.rst -> ipython-9.7.0.dev0/docs/source/whatsnew/pr
copying docs/source/whatsnew/pr/gruvbox-dark-theme.rst -> ipython-9.7.0.dev0/docs/source/whatsnew/pr
copying docs/source/whatsnew/pr/incompat-switching-to-perl.rst -> ipython-9.7.0.dev0/docs/source/whatsnew/pr
copying docs/source/whatsnew/pr/respect-pythonsafepath.rst -> ipython-9.7.0.dev0/docs/source/whatsnew/pr
copying docs/sphinxext/apigen.py -> ipython-9.7.0.dev0/docs/sphinxext
copying docs/sphinxext/configtraits.py -> ipython-9.7.0.dev0/docs/sphinxext
copying docs/sphinxext/github.py -> ipython-9.7.0.dev0/docs/sphinxext
copying docs/sphinxext/magics.py -> ipython-9.7.0.dev0/docs/sphinxext
copying examples/auto_suggest_llm.py -> ipython-9.7.0.dev0/examples
copying examples/Embedding/embed_class_long.py -> ipython-9.7.0.dev0/examples/Embedding
copying examples/Embedding/embed_class_short.py -> ipython-9.7.0.dev0/examples/Embedding
copying examples/Embedding/embed_function.py -> ipython-9.7.0.dev0/examples/Embedding
copying examples/Embedding/start_ipython_config.py -> ipython-9.7.0.dev0/examples/Embedding
copying examples/IPython Kernel/example-demo.py -> ipython-9.7.0.dev0/examples/IPython Kernel
copying examples/IPython Kernel/ipython-completion.bash -> ipython-9.7.0.dev0/examples/IPython Kernel
copying examples/IPython Kernel/ipython-get-history.py -> ipython-9.7.0.dev0/examples/IPython Kernel
copying examples/IPython Kernel/ipython.desktop -> ipython-9.7.0.dev0/examples/IPython Kernel
copying examples/IPython Kernel/gui/gui-glut.py -> ipython-9.7.0.dev0/examples/IPython Kernel/gui
copying examples/IPython Kernel/gui/gui-gtk4.py -> ipython-9.7.0.dev0/examples/IPython Kernel/gui
copying examples/IPython Kernel/gui/gui-qt.py -> ipython-9.7.0.dev0/examples/IPython Kernel/gui
copying examples/utils/cwd_prompt.py -> ipython-9.7.0.dev0/examples/utils
copying examples/utils/list_pyfiles.ipy -> ipython-9.7.0.dev0/examples/utils
copying examples/utils/list_subdirs.ipy -> ipython-9.7.0.dev0/examples/utils
copying ipython.egg-info/PKG-INFO -> ipython-9.7.0.dev0/ipython.egg-info
copying ipython.egg-info/SOURCES.txt -> ipython-9.7.0.dev0/ipython.egg-info
copying ipython.egg-info/dependency_links.txt -> ipython-9.7.0.dev0/ipython.egg-info
copying ipython.egg-info/entry_points.txt -> ipython-9.7.0.dev0/ipython.egg-info
copying ipython.egg-info/not-zip-safe -> ipython-9.7.0.dev0/ipython.egg-info
copying ipython.egg-info/requires.txt -> ipython-9.7.0.dev0/ipython.egg-info
copying ipython.egg-info/top_level.txt -> ipython-9.7.0.dev0/ipython.egg-info
copying scripts/ipython.ico -> ipython-9.7.0.dev0/scripts
copying scripts/ipython_nb.ico -> ipython-9.7.0.dev0/scripts
copying tests/2x2.jpg -> ipython-9.7.0.dev0/tests
copying tests/2x2.png -> ipython-9.7.0.dev0/tests
copying tests/__init__.py -> ipython-9.7.0.dev0/tests
copying tests/bad_all.py -> ipython-9.7.0.dev0/tests
copying tests/conftest.py -> ipython-9.7.0.dev0/tests
copying tests/cve.py -> ipython-9.7.0.dev0/tests
copying tests/fake_llm.py -> ipython-9.7.0.dev0/tests
copying tests/nonascii.py -> ipython-9.7.0.dev0/tests
copying tests/nonascii2.py -> ipython-9.7.0.dev0/tests
copying tests/print_argv.py -> ipython-9.7.0.dev0/tests
copying tests/refbug.py -> ipython-9.7.0.dev0/tests
copying tests/simpleerr.py -> ipython-9.7.0.dev0/tests
copying tests/tclass.py -> ipython-9.7.0.dev0/tests
copying tests/test.wav -> ipython-9.7.0.dev0/tests
copying tests/test_alias.py -> ipython-9.7.0.dev0/tests
copying tests/test_application.py -> ipython-9.7.0.dev0/tests
copying tests/test_async_helpers.py -> ipython-9.7.0.dev0/tests
copying tests/test_autocall.py -> ipython-9.7.0.dev0/tests
copying tests/test_backgroundjobs.py -> ipython-9.7.0.dev0/tests
copying tests/test_capture.py -> ipython-9.7.0.dev0/tests
copying tests/test_clipboard.py -> ipython-9.7.0.dev0/tests
copying tests/test_compilerop.py -> ipython-9.7.0.dev0/tests
copying tests/test_completer.py -> ipython-9.7.0.dev0/tests
copying tests/test_completerlib.py -> ipython-9.7.0.dev0/tests
copying tests/test_debug_magic.py -> ipython-9.7.0.dev0/tests
copying tests/test_debugger.py -> ipython-9.7.0.dev0/tests
copying tests/test_decorators.py -> ipython-9.7.0.dev0/tests
copying tests/test_decorators_2.py -> ipython-9.7.0.dev0/tests
copying tests/test_deepreload.py -> ipython-9.7.0.dev0/tests
copying tests/test_dir2.py -> ipython-9.7.0.dev0/tests
copying tests/test_display.py -> ipython-9.7.0.dev0/tests
copying tests/test_display_2.py -> ipython-9.7.0.dev0/tests
copying tests/test_displayhook.py -> ipython-9.7.0.dev0/tests
copying tests/test_editorhooks.py -> ipython-9.7.0.dev0/tests
copying tests/test_embed.py -> ipython-9.7.0.dev0/tests
copying tests/test_events.py -> ipython-9.7.0.dev0/tests
copying tests/test_exceptiongroup_tb.py -> ipython-9.7.0.dev0/tests
copying tests/test_extension.py -> ipython-9.7.0.dev0/tests
copying tests/test_formatters.py -> ipython-9.7.0.dev0/tests
copying tests/test_guarded_eval.py -> ipython-9.7.0.dev0/tests
copying tests/test_handlers.py -> ipython-9.7.0.dev0/tests
copying tests/test_help.py -> ipython-9.7.0.dev0/tests
copying tests/test_history.py -> ipython-9.7.0.dev0/tests
copying tests/test_hooks.py -> ipython-9.7.0.dev0/tests
copying tests/test_imports.py -> ipython-9.7.0.dev0/tests
copying tests/test_importstring.py -> ipython-9.7.0.dev0/tests
copying tests/test_inputtransformer2.py -> ipython-9.7.0.dev0/tests
copying tests/test_inputtransformer2_line.py -> ipython-9.7.0.dev0/tests
copying tests/test_interactiveshell.py -> ipython-9.7.0.dev0/tests
copying tests/test_interactivshell.py -> ipython-9.7.0.dev0/tests
copying tests/test_io.py -> ipython-9.7.0.dev0/tests
copying tests/test_iplib.py -> ipython-9.7.0.dev0/tests
copying tests/test_ipunittest.py -> ipython-9.7.0.dev0/tests
copying tests/test_latextools.py -> ipython-9.7.0.dev0/tests
copying tests/test_logger.py -> ipython-9.7.0.dev0/tests
copying tests/test_magic.py -> ipython-9.7.0.dev0/tests
copying tests/test_magic_arguments.py -> ipython-9.7.0.dev0/tests
copying tests/test_magic_terminal.py -> ipython-9.7.0.dev0/tests
copying tests/test_module_paths.py -> ipython-9.7.0.dev0/tests
copying tests/test_oinspect.py -> ipython-9.7.0.dev0/tests
copying tests/test_openpy.py -> ipython-9.7.0.dev0/tests
copying tests/test_page.py -> ipython-9.7.0.dev0/tests
copying tests/test_path.py -> ipython-9.7.0.dev0/tests
copying tests/test_paths.py -> ipython-9.7.0.dev0/tests
copying tests/test_prefilter.py -> ipython-9.7.0.dev0/tests
copying tests/test_pretty.py -> ipython-9.7.0.dev0/tests
copying tests/test_process.py -> ipython-9.7.0.dev0/tests
copying tests/test_profile.py -> ipython-9.7.0.dev0/tests
copying tests/test_pt_inputhooks.py -> ipython-9.7.0.dev0/tests
copying tests/test_pycolorize.py -> ipython-9.7.0.dev0/tests
copying tests/test_pylabtools.py -> ipython-9.7.0.dev0/tests
copying tests/test_qt_loaders.py -> ipython-9.7.0.dev0/tests
copying tests/test_run.py -> ipython-9.7.0.dev0/tests
copying tests/test_shellapp.py -> ipython-9.7.0.dev0/tests
copying tests/test_shortcuts.py -> ipython-9.7.0.dev0/tests
copying tests/test_splitinput.py -> ipython-9.7.0.dev0/tests
copying tests/test_storemagic.py -> ipython-9.7.0.dev0/tests
copying tests/test_sysinfo.py -> ipython-9.7.0.dev0/tests
copying tests/test_tempdir.py -> ipython-9.7.0.dev0/tests
copying tests/test_text.py -> ipython-9.7.0.dev0/tests
copying tests/test_tips.py -> ipython-9.7.0.dev0/tests
copying tests/test_tokenutil.py -> ipython-9.7.0.dev0/tests
copying tests/test_tools.py -> ipython-9.7.0.dev0/tests
copying tests/test_ultratb.py -> ipython-9.7.0.dev0/tests
copying tests/test_wildcard.py -> ipython-9.7.0.dev0/tests
copying tests/test_zzz_autoreload.py -> ipython-9.7.0.dev0/tests
copying tests/fake_ext_dir/daft_extension.py -> ipython-9.7.0.dev0/tests/fake_ext_dir
copying ipython.egg-info/SOURCES.txt -> ipython-9.7.0.dev0/ipython.egg-info
Writing ipython-9.7.0.dev0/setup.cfg
Creating tar archive
removing 'ipython-9.7.0.dev0' (and everything under it)
* Building wheel from sdist
* Creating isolated environment: venv+pip...
* Installing packages in isolated environment:
  - setuptools>=61.2
* Getting build dependencies for wheel...
/tmp/build-env-q6v4gvci/lib/python3.12/site-packages/setuptools/config/_apply_pyprojecttoml.py:55: SetuptoolsDeprecationWarning: 'tool.setuptools.license-files' is deprecated in favor of 'project.license-files' (available on setuptools>=77.0.0).
!!

        ********************************************************************************

        By 2026-Feb-18, you need to update your project and remove deprecated calls
        or your builds will no longer be supported.

        See https://packaging.python.org/en/latest/guides/writing-pyproject-toml/#license-files for details.
        ********************************************************************************

!!
  _apply_tool_table(dist, config, filename)
/tmp/build-env-q6v4gvci/lib/python3.12/site-packages/setuptools/config/_apply_pyprojecttoml.py:61: SetuptoolsDeprecationWarning: License classifiers are deprecated.
!!

        ********************************************************************************
        Please consider removing the following classifiers in favor of a SPDX license expression:

        License :: OSI Approved :: BSD License

        See https://packaging.python.org/en/latest/guides/writing-pyproject-toml/#license for details.
        ********************************************************************************

!!
  dist._finalize_license_expression()
/tmp/build-env-q6v4gvci/lib/python3.12/site-packages/setuptools/dist.py:759: SetuptoolsDeprecationWarning: License classifiers are deprecated.
!!

        ********************************************************************************
        Please consider removing the following classifiers in favor of a SPDX license expression:

        License :: OSI Approved :: BSD License

        See https://packaging.python.org/en/latest/guides/writing-pyproject-toml/#license for details.
        ********************************************************************************

!!
  self._finalize_license_expression()
running egg_info
writing ipython.egg-info/PKG-INFO
writing dependency_links to ipython.egg-info/dependency_links.txt
writing entry points to ipython.egg-info/entry_points.txt
writing requirements to ipython.egg-info/requires.txt
writing top-level names to ipython.egg-info/top_level.txt
reading manifest file 'ipython.egg-info/SOURCES.txt'
reading manifest template 'MANIFEST.in'
warning: no previously-included files matching '*' found under directory 'tools'
warning: no previously-included files found matching 'tools'
warning: no previously-included files found matching 'CONTRIBUTING.md'
warning: no previously-included files found matching '.editorconfig'
warning: no previously-included files found matching 'SECURITY.md'
warning: no previously-included files found matching '.readthedocs.yaml'
warning: no previously-included files found matching 'docs/#*'
warning: no previously-included files found matching 'docs/man/*.1.gz'
warning: no previously-included files found matching '.git-blame-ignore-revs'
no previously-included directories found matching 'docs/build'
no previously-included directories found matching 'docs/gh-pages'
no previously-included directories found matching 'docs/dist'
warning: no previously-included files matching '*~' found anywhere in distribution
warning: no previously-included files matching '*.flc' found anywhere in distribution
warning: no previously-included files matching '*.yml' found anywhere in distribution
warning: no previously-included files matching '*.pyo' found anywhere in distribution
warning: no previously-included files matching '.dircopy.log' found anywhere in distribution
warning: no previously-included files matching '.git' found anywhere in distribution
warning: no previously-included files matching '.ipynb_checkpoints' found anywhere in distribution
adding license file 'LICENSE'
writing manifest file 'ipython.egg-info/SOURCES.txt'
* Building wheel...
/tmp/build-env-q6v4gvci/lib/python3.12/site-packages/setuptools/config/_apply_pyprojecttoml.py:55: SetuptoolsDeprecationWarning: 'tool.setuptools.license-files' is deprecated in favor of 'project.license-files' (available on setuptools>=77.0.0).
!!

        ********************************************************************************

        By 2026-Feb-18, you need to update your project and remove deprecated calls
        or your builds will no longer be supported.

        See https://packaging.python.org/en/latest/guides/writing-pyproject-toml/#license-files for details.
        ********************************************************************************

!!
  _apply_tool_table(dist, config, filename)
/tmp/build-env-q6v4gvci/lib/python3.12/site-packages/setuptools/config/_apply_pyprojecttoml.py:61: SetuptoolsDeprecationWarning: License classifiers are deprecated.
!!

        ********************************************************************************
        Please consider removing the following classifiers in favor of a SPDX license expression:

        License :: OSI Approved :: BSD License

        See https://packaging.python.org/en/latest/guides/writing-pyproject-toml/#license for details.
        ********************************************************************************

!!
  dist._finalize_license_expression()
/tmp/build-env-q6v4gvci/lib/python3.12/site-packages/setuptools/dist.py:759: SetuptoolsDeprecationWarning: License classifiers are deprecated.
!!

        ********************************************************************************
        Please consider removing the following classifiers in favor of a SPDX license expression:

        License :: OSI Approved :: BSD License

        See https://packaging.python.org/en/latest/guides/writing-pyproject-toml/#license for details.
        ********************************************************************************

!!
  self._finalize_license_expression()
running bdist_wheel
running build
running build_py
checking package data
check version number
creating build/lib/IPython
copying IPython/__init__.py -> build/lib/IPython
copying IPython/display.py -> build/lib/IPython
copying IPython/paths.py -> build/lib/IPython
copying IPython/__main__.py -> build/lib/IPython
creating build/lib/IPython/utils
copying IPython/utils/_sysinfo.py -> build/lib/IPython/utils
copying IPython/utils/py3compat.py -> build/lib/IPython/utils
copying IPython/utils/_process_common.py -> build/lib/IPython/utils
copying IPython/utils/path.py -> build/lib/IPython/utils
copying IPython/utils/__init__.py -> build/lib/IPython/utils
copying IPython/utils/docs.py -> build/lib/IPython/utils
copying IPython/utils/_process_posix.py -> build/lib/IPython/utils
copying IPython/utils/capture.py -> build/lib/IPython/utils
copying IPython/utils/_process_emscripten.py -> build/lib/IPython/utils
copying IPython/utils/eventful.py -> build/lib/IPython/utils
copying IPython/utils/data.py -> build/lib/IPython/utils
copying IPython/utils/sentinel.py -> build/lib/IPython/utils
copying IPython/utils/tempdir.py -> build/lib/IPython/utils
copying IPython/utils/text.py -> build/lib/IPython/utils
copying IPython/utils/frame.py -> build/lib/IPython/utils
copying IPython/utils/dir2.py -> build/lib/IPython/utils
copying IPython/utils/ipstruct.py -> build/lib/IPython/utils
copying IPython/utils/module_paths.py -> build/lib/IPython/utils
copying IPython/utils/jsonutil.py -> build/lib/IPython/utils
copying IPython/utils/_process_cli.py -> build/lib/IPython/utils
copying IPython/utils/io.py -> build/lib/IPython/utils
copying IPython/utils/coloransi.py -> build/lib/IPython/utils
copying IPython/utils/process.py -> build/lib/IPython/utils
copying IPython/utils/syspathcontext.py -> build/lib/IPython/utils
copying IPython/utils/_process_win32.py -> build/lib/IPython/utils
copying IPython/utils/tokenutil.py -> build/lib/IPython/utils
copying IPython/utils/terminal.py -> build/lib/IPython/utils
copying IPython/utils/strdispatch.py -> build/lib/IPython/utils
copying IPython/utils/importstring.py -> build/lib/IPython/utils
copying IPython/utils/encoding.py -> build/lib/IPython/utils
copying IPython/utils/sysinfo.py -> build/lib/IPython/utils
copying IPython/utils/contexts.py -> build/lib/IPython/utils
copying IPython/utils/_process_win32_controller.py -> build/lib/IPython/utils
copying IPython/utils/timing.py -> build/lib/IPython/utils
copying IPython/utils/log.py -> build/lib/IPython/utils
copying IPython/utils/wildcard.py -> build/lib/IPython/utils
copying IPython/utils/generics.py -> build/lib/IPython/utils
copying IPython/utils/decorators.py -> build/lib/IPython/utils
copying IPython/utils/PyColorize.py -> build/lib/IPython/utils
copying IPython/utils/openpy.py -> build/lib/IPython/utils
creating build/lib/IPython/sphinxext
copying IPython/sphinxext/custom_doctests.py -> build/lib/IPython/sphinxext
copying IPython/sphinxext/__init__.py -> build/lib/IPython/sphinxext
copying IPython/sphinxext/ipython_directive.py -> build/lib/IPython/sphinxext
copying IPython/sphinxext/ipython_console_highlighting.py -> build/lib/IPython/sphinxext
creating build/lib/IPython/lib
copying IPython/lib/__init__.py -> build/lib/IPython/lib
copying IPython/lib/demo.py -> build/lib/IPython/lib
copying IPython/lib/editorhooks.py -> build/lib/IPython/lib
copying IPython/lib/display.py -> build/lib/IPython/lib
copying IPython/lib/deepreload.py -> build/lib/IPython/lib
copying IPython/lib/lexers.py -> build/lib/IPython/lib
copying IPython/lib/backgroundjobs.py -> build/lib/IPython/lib
copying IPython/lib/pretty.py -> build/lib/IPython/lib
copying IPython/lib/guisupport.py -> build/lib/IPython/lib
copying IPython/lib/clipboard.py -> build/lib/IPython/lib
copying IPython/lib/latextools.py -> build/lib/IPython/lib
creating build/lib/IPython/testing
copying IPython/testing/__init__.py -> build/lib/IPython/testing
copying IPython/testing/skipdoctest.py -> build/lib/IPython/testing
copying IPython/testing/ipunittest.py -> build/lib/IPython/testing
copying IPython/testing/globalipapp.py -> build/lib/IPython/testing
copying IPython/testing/tools.py -> build/lib/IPython/testing
copying IPython/testing/decorators.py -> build/lib/IPython/testing
creating build/lib/IPython/external
copying IPython/external/__init__.py -> build/lib/IPython/external
copying IPython/external/pickleshare.py -> build/lib/IPython/external
copying IPython/external/qt_loaders.py -> build/lib/IPython/external
copying IPython/external/qt_for_kernel.py -> build/lib/IPython/external
creating build/lib/IPython/extensions
copying IPython/extensions/__init__.py -> build/lib/IPython/extensions
copying IPython/extensions/autoreload.py -> build/lib/IPython/extensions
copying IPython/extensions/storemagic.py -> build/lib/IPython/extensions
creating build/lib/IPython/terminal
copying IPython/terminal/ipapp.py -> build/lib/IPython/terminal
copying IPython/terminal/__init__.py -> build/lib/IPython/terminal
copying IPython/terminal/magics.py -> build/lib/IPython/terminal
copying IPython/terminal/debugger.py -> build/lib/IPython/terminal
copying IPython/terminal/prompts.py -> build/lib/IPython/terminal
copying IPython/terminal/interactiveshell.py -> build/lib/IPython/terminal
copying IPython/terminal/embed.py -> build/lib/IPython/terminal
copying IPython/terminal/ptutils.py -> build/lib/IPython/terminal
creating build/lib/IPython/core
copying IPython/core/display_functions.py -> build/lib/IPython/core
copying IPython/core/builtin_trap.py -> build/lib/IPython/core
copying IPython/core/compilerop.py -> build/lib/IPython/core
copying IPython/core/error.py -> build/lib/IPython/core
copying IPython/core/application.py -> build/lib/IPython/core
copying IPython/core/release.py -> build/lib/IPython/core
copying IPython/core/shellapp.py -> build/lib/IPython/core
copying IPython/core/__init__.py -> build/lib/IPython/core
copying IPython/core/macro.py -> build/lib/IPython/core
copying IPython/core/splitinput.py -> build/lib/IPython/core
copying IPython/core/hooks.py -> build/lib/IPython/core
copying IPython/core/display.py -> build/lib/IPython/core
copying IPython/core/tbtools.py -> build/lib/IPython/core
copying IPython/core/pylabtools.py -> build/lib/IPython/core
copying IPython/core/getipython.py -> build/lib/IPython/core
copying IPython/core/logger.py -> build/lib/IPython/core
copying IPython/core/ultratb.py -> build/lib/IPython/core
copying IPython/core/crashhandler.py -> build/lib/IPython/core
copying IPython/core/debugger.py -> build/lib/IPython/core
copying IPython/core/tips.py -> build/lib/IPython/core
copying IPython/core/oinspect.py -> build/lib/IPython/core
copying IPython/core/latex_symbols.py -> build/lib/IPython/core
copying IPython/core/inputtransformer2.py -> build/lib/IPython/core
copying IPython/core/profileapp.py -> build/lib/IPython/core
copying IPython/core/displayhook.py -> build/lib/IPython/core
copying IPython/core/completerlib.py -> build/lib/IPython/core
copying IPython/core/autocall.py -> build/lib/IPython/core
copying IPython/core/history.py -> build/lib/IPython/core
copying IPython/core/extensions.py -> build/lib/IPython/core
copying IPython/core/alias.py -> build/lib/IPython/core
copying IPython/core/magic_arguments.py -> build/lib/IPython/core
copying IPython/core/async_helpers.py -> build/lib/IPython/core
copying IPython/core/historyapp.py -> build/lib/IPython/core
copying IPython/core/guarded_eval.py -> build/lib/IPython/core
copying IPython/core/payloadpage.py -> build/lib/IPython/core
copying IPython/core/interactiveshell.py -> build/lib/IPython/core
copying IPython/core/doctb.py -> build/lib/IPython/core
copying IPython/core/magic.py -> build/lib/IPython/core
copying IPython/core/payload.py -> build/lib/IPython/core
copying IPython/core/prefilter.py -> build/lib/IPython/core
copying IPython/core/page.py -> build/lib/IPython/core
copying IPython/core/debugger_backport.py -> build/lib/IPython/core
copying IPython/core/displaypub.py -> build/lib/IPython/core
copying IPython/core/profiledir.py -> build/lib/IPython/core
copying IPython/core/events.py -> build/lib/IPython/core
copying IPython/core/formatters.py -> build/lib/IPython/core
copying IPython/core/usage.py -> build/lib/IPython/core
copying IPython/core/completer.py -> build/lib/IPython/core
copying IPython/core/display_trap.py -> build/lib/IPython/core
creating build/lib/IPython/testing/plugin
copying IPython/testing/plugin/test_ipdoctest.py -> build/lib/IPython/testing/plugin
copying IPython/testing/plugin/__init__.py -> build/lib/IPython/testing/plugin
copying IPython/testing/plugin/simplevars.py -> build/lib/IPython/testing/plugin
copying IPython/testing/plugin/test_refs.py -> build/lib/IPython/testing/plugin
copying IPython/testing/plugin/dtexample.py -> build/lib/IPython/testing/plugin
copying IPython/testing/plugin/pytest_ipdoctest.py -> build/lib/IPython/testing/plugin
copying IPython/testing/plugin/simple.py -> build/lib/IPython/testing/plugin
copying IPython/testing/plugin/ipdoctest.py -> build/lib/IPython/testing/plugin
copying IPython/testing/plugin/setup.py -> build/lib/IPython/testing/plugin
creating build/lib/IPython/extensions/deduperreload
copying IPython/extensions/deduperreload/__init__.py -> build/lib/IPython/extensions/deduperreload
copying IPython/extensions/deduperreload/deduperreload_patching.py -> build/lib/IPython/extensions/deduperreload
copying IPython/extensions/deduperreload/deduperreload.py -> build/lib/IPython/extensions/deduperreload
creating build/lib/IPython/terminal/pt_inputhooks
copying IPython/terminal/pt_inputhooks/gtk.py -> build/lib/IPython/terminal/pt_inputhooks
copying IPython/terminal/pt_inputhooks/__init__.py -> build/lib/IPython/terminal/pt_inputhooks
copying IPython/terminal/pt_inputhooks/qt.py -> build/lib/IPython/terminal/pt_inputhooks
copying IPython/terminal/pt_inputhooks/tk.py -> build/lib/IPython/terminal/pt_inputhooks
copying IPython/terminal/pt_inputhooks/wx.py -> build/lib/IPython/terminal/pt_inputhooks
copying IPython/terminal/pt_inputhooks/osx.py -> build/lib/IPython/terminal/pt_inputhooks
copying IPython/terminal/pt_inputhooks/glut.py -> build/lib/IPython/terminal/pt_inputhooks
copying IPython/terminal/pt_inputhooks/gtk3.py -> build/lib/IPython/terminal/pt_inputhooks
copying IPython/terminal/pt_inputhooks/gtk4.py -> build/lib/IPython/terminal/pt_inputhooks
copying IPython/terminal/pt_inputhooks/pyglet.py -> build/lib/IPython/terminal/pt_inputhooks
copying IPython/terminal/pt_inputhooks/asyncio.py -> build/lib/IPython/terminal/pt_inputhooks
creating build/lib/IPython/terminal/shortcuts
copying IPython/terminal/shortcuts/__init__.py -> build/lib/IPython/terminal/shortcuts
copying IPython/terminal/shortcuts/auto_suggest.py -> build/lib/IPython/terminal/shortcuts
copying IPython/terminal/shortcuts/auto_match.py -> build/lib/IPython/terminal/shortcuts
copying IPython/terminal/shortcuts/filters.py -> build/lib/IPython/terminal/shortcuts
creating build/lib/IPython/core/magics
copying IPython/core/magics/__init__.py -> build/lib/IPython/core/magics
copying IPython/core/magics/code.py -> build/lib/IPython/core/magics
copying IPython/core/magics/auto.py -> build/lib/IPython/core/magics
copying IPython/core/magics/display.py -> build/lib/IPython/core/magics
copying IPython/core/magics/ast_mod.py -> build/lib/IPython/core/magics
copying IPython/core/magics/logging.py -> build/lib/IPython/core/magics
copying IPython/core/magics/packaging.py -> build/lib/IPython/core/magics
copying IPython/core/magics/script.py -> build/lib/IPython/core/magics
copying IPython/core/magics/history.py -> build/lib/IPython/core/magics
copying IPython/core/magics/basic.py -> build/lib/IPython/core/magics
copying IPython/core/magics/extension.py -> build/lib/IPython/core/magics
copying IPython/core/magics/config.py -> build/lib/IPython/core/magics
copying IPython/core/magics/namespace.py -> build/lib/IPython/core/magics
copying IPython/core/magics/osm.py -> build/lib/IPython/core/magics
copying IPython/core/magics/pylab.py -> build/lib/IPython/core/magics
copying IPython/core/magics/execution.py -> build/lib/IPython/core/magics
copying IPython/py.typed -> build/lib/IPython
creating build/lib/IPython/core/profile
copying IPython/core/profile/README_STARTUP -> build/lib/IPython/core/profile
copying IPython/testing/plugin/test_exampleip.txt -> build/lib/IPython/testing/plugin
copying IPython/testing/plugin/test_combo.txt -> build/lib/IPython/testing/plugin
copying IPython/testing/plugin/test_example.txt -> build/lib/IPython/testing/plugin
installing to build/bdist.linux-x86_64/wheel
running install
running install_lib
creating build/bdist.linux-x86_64/wheel
creating build/bdist.linux-x86_64/wheel/IPython
copying build/lib/IPython/__init__.py -> build/bdist.linux-x86_64/wheel/./IPython
copying build/lib/IPython/display.py -> build/bdist.linux-x86_64/wheel/./IPython
copying build/lib/IPython/paths.py -> build/bdist.linux-x86_64/wheel/./IPython
creating build/bdist.linux-x86_64/wheel/IPython/utils
copying build/lib/IPython/utils/_sysinfo.py -> build/bdist.linux-x86_64/wheel/./IPython/utils
copying build/lib/IPython/utils/py3compat.py -> build/bdist.linux-x86_64/wheel/./IPython/utils
copying build/lib/IPython/utils/_process_common.py -> build/bdist.linux-x86_64/wheel/./IPython/utils
copying build/lib/IPython/utils/path.py -> build/bdist.linux-x86_64/wheel/./IPython/utils
copying build/lib/IPython/utils/__init__.py -> build/bdist.linux-x86_64/wheel/./IPython/utils
copying build/lib/IPython/utils/docs.py -> build/bdist.linux-x86_64/wheel/./IPython/utils
copying build/lib/IPython/utils/_process_posix.py -> build/bdist.linux-x86_64/wheel/./IPython/utils
copying build/lib/IPython/utils/capture.py -> build/bdist.linux-x86_64/wheel/./IPython/utils
copying build/lib/IPython/utils/_process_emscripten.py -> build/bdist.linux-x86_64/wheel/./IPython/utils
copying build/lib/IPython/utils/eventful.py -> build/bdist.linux-x86_64/wheel/./IPython/utils
copying build/lib/IPython/utils/data.py -> build/bdist.linux-x86_64/wheel/./IPython/utils
copying build/lib/IPython/utils/sentinel.py -> build/bdist.linux-x86_64/wheel/./IPython/utils
copying build/lib/IPython/utils/tempdir.py -> build/bdist.linux-x86_64/wheel/./IPython/utils
copying build/lib/IPython/utils/text.py -> build/bdist.linux-x86_64/wheel/./IPython/utils
copying build/lib/IPython/utils/frame.py -> build/bdist.linux-x86_64/wheel/./IPython/utils
copying build/lib/IPython/utils/dir2.py -> build/bdist.linux-x86_64/wheel/./IPython/utils
copying build/lib/IPython/utils/ipstruct.py -> build/bdist.linux-x86_64/wheel/./IPython/utils
copying build/lib/IPython/utils/module_paths.py -> build/bdist.linux-x86_64/wheel/./IPython/utils
copying build/lib/IPython/utils/jsonutil.py -> build/bdist.linux-x86_64/wheel/./IPython/utils
copying build/lib/IPython/utils/_process_cli.py -> build/bdist.linux-x86_64/wheel/./IPython/utils
copying build/lib/IPython/utils/io.py -> build/bdist.linux-x86_64/wheel/./IPython/utils
copying build/lib/IPython/utils/coloransi.py -> build/bdist.linux-x86_64/wheel/./IPython/utils
copying build/lib/IPython/utils/process.py -> build/bdist.linux-x86_64/wheel/./IPython/utils
copying build/lib/IPython/utils/syspathcontext.py -> build/bdist.linux-x86_64/wheel/./IPython/utils
copying build/lib/IPython/utils/_process_win32.py -> build/bdist.linux-x86_64/wheel/./IPython/utils
copying build/lib/IPython/utils/tokenutil.py -> build/bdist.linux-x86_64/wheel/./IPython/utils
copying build/lib/IPython/utils/terminal.py -> build/bdist.linux-x86_64/wheel/./IPython/utils
copying build/lib/IPython/utils/strdispatch.py -> build/bdist.linux-x86_64/wheel/./IPython/utils
copying build/lib/IPython/utils/importstring.py -> build/bdist.linux-x86_64/wheel/./IPython/utils
copying build/lib/IPython/utils/encoding.py -> build/bdist.linux-x86_64/wheel/./IPython/utils
copying build/lib/IPython/utils/sysinfo.py -> build/bdist.linux-x86_64/wheel/./IPython/utils
copying build/lib/IPython/utils/contexts.py -> build/bdist.linux-x86_64/wheel/./IPython/utils
copying build/lib/IPython/utils/_process_win32_controller.py -> build/bdist.linux-x86_64/wheel/./IPython/utils
copying build/lib/IPython/utils/timing.py -> build/bdist.linux-x86_64/wheel/./IPython/utils
copying build/lib/IPython/utils/log.py -> build/bdist.linux-x86_64/wheel/./IPython/utils
copying build/lib/IPython/utils/wildcard.py -> build/bdist.linux-x86_64/wheel/./IPython/utils
copying build/lib/IPython/utils/generics.py -> build/bdist.linux-x86_64/wheel/./IPython/utils
copying build/lib/IPython/utils/decorators.py -> build/bdist.linux-x86_64/wheel/./IPython/utils
copying build/lib/IPython/utils/PyColorize.py -> build/bdist.linux-x86_64/wheel/./IPython/utils
copying build/lib/IPython/utils/openpy.py -> build/bdist.linux-x86_64/wheel/./IPython/utils
creating build/bdist.linux-x86_64/wheel/IPython/sphinxext
copying build/lib/IPython/sphinxext/custom_doctests.py -> build/bdist.linux-x86_64/wheel/./IPython/sphinxext
copying build/lib/IPython/sphinxext/__init__.py -> build/bdist.linux-x86_64/wheel/./IPython/sphinxext
copying build/lib/IPython/sphinxext/ipython_directive.py -> build/bdist.linux-x86_64/wheel/./IPython/sphinxext
copying build/lib/IPython/sphinxext/ipython_console_highlighting.py -> build/bdist.linux-x86_64/wheel/./IPython/sphinxext
creating build/bdist.linux-x86_64/wheel/IPython/lib
copying build/lib/IPython/lib/__init__.py -> build/bdist.linux-x86_64/wheel/./IPython/lib
copying build/lib/IPython/lib/demo.py -> build/bdist.linux-x86_64/wheel/./IPython/lib
copying build/lib/IPython/lib/editorhooks.py -> build/bdist.linux-x86_64/wheel/./IPython/lib
copying build/lib/IPython/lib/display.py -> build/bdist.linux-x86_64/wheel/./IPython/lib
copying build/lib/IPython/lib/deepreload.py -> build/bdist.linux-x86_64/wheel/./IPython/lib
copying build/lib/IPython/lib/lexers.py -> build/bdist.linux-x86_64/wheel/./IPython/lib
copying build/lib/IPython/lib/backgroundjobs.py -> build/bdist.linux-x86_64/wheel/./IPython/lib
copying build/lib/IPython/lib/pretty.py -> build/bdist.linux-x86_64/wheel/./IPython/lib
copying build/lib/IPython/lib/guisupport.py -> build/bdist.linux-x86_64/wheel/./IPython/lib
copying build/lib/IPython/lib/clipboard.py -> build/bdist.linux-x86_64/wheel/./IPython/lib
copying build/lib/IPython/lib/latextools.py -> build/bdist.linux-x86_64/wheel/./IPython/lib
copying build/lib/IPython/py.typed -> build/bdist.linux-x86_64/wheel/./IPython
creating build/bdist.linux-x86_64/wheel/IPython/testing
copying build/lib/IPython/testing/__init__.py -> build/bdist.linux-x86_64/wheel/./IPython/testing
copying build/lib/IPython/testing/skipdoctest.py -> build/bdist.linux-x86_64/wheel/./IPython/testing
copying build/lib/IPython/testing/ipunittest.py -> build/bdist.linux-x86_64/wheel/./IPython/testing
copying build/lib/IPython/testing/globalipapp.py -> build/bdist.linux-x86_64/wheel/./IPython/testing
copying build/lib/IPython/testing/tools.py -> build/bdist.linux-x86_64/wheel/./IPython/testing
creating build/bdist.linux-x86_64/wheel/IPython/testing/plugin
copying build/lib/IPython/testing/plugin/test_exampleip.txt -> build/bdist.linux-x86_64/wheel/./IPython/testing/plugin
copying build/lib/IPython/testing/plugin/test_combo.txt -> build/bdist.linux-x86_64/wheel/./IPython/testing/plugin
copying build/lib/IPython/testing/plugin/test_ipdoctest.py -> build/bdist.linux-x86_64/wheel/./IPython/testing/plugin
copying build/lib/IPython/testing/plugin/__init__.py -> build/bdist.linux-x86_64/wheel/./IPython/testing/plugin
copying build/lib/IPython/testing/plugin/simplevars.py -> build/bdist.linux-x86_64/wheel/./IPython/testing/plugin
copying build/lib/IPython/testing/plugin/test_refs.py -> build/bdist.linux-x86_64/wheel/./IPython/testing/plugin
copying build/lib/IPython/testing/plugin/dtexample.py -> build/bdist.linux-x86_64/wheel/./IPython/testing/plugin
copying build/lib/IPython/testing/plugin/pytest_ipdoctest.py -> build/bdist.linux-x86_64/wheel/./IPython/testing/plugin
copying build/lib/IPython/testing/plugin/test_example.txt -> build/bdist.linux-x86_64/wheel/./IPython/testing/plugin
copying build/lib/IPython/testing/plugin/simple.py -> build/bdist.linux-x86_64/wheel/./IPython/testing/plugin
copying build/lib/IPython/testing/plugin/ipdoctest.py -> build/bdist.linux-x86_64/wheel/./IPython/testing/plugin
copying build/lib/IPython/testing/plugin/setup.py -> build/bdist.linux-x86_64/wheel/./IPython/testing/plugin
copying build/lib/IPython/testing/decorators.py -> build/bdist.linux-x86_64/wheel/./IPython/testing
creating build/bdist.linux-x86_64/wheel/IPython/external
copying build/lib/IPython/external/__init__.py -> build/bdist.linux-x86_64/wheel/./IPython/external
copying build/lib/IPython/external/pickleshare.py -> build/bdist.linux-x86_64/wheel/./IPython/external
copying build/lib/IPython/external/qt_loaders.py -> build/bdist.linux-x86_64/wheel/./IPython/external
copying build/lib/IPython/external/qt_for_kernel.py -> build/bdist.linux-x86_64/wheel/./IPython/external
copying build/lib/IPython/__main__.py -> build/bdist.linux-x86_64/wheel/./IPython
creating build/bdist.linux-x86_64/wheel/IPython/extensions
creating build/bdist.linux-x86_64/wheel/IPython/extensions/deduperreload
copying build/lib/IPython/extensions/deduperreload/__init__.py -> build/bdist.linux-x86_64/wheel/./IPython/extensions/deduperreload
copying build/lib/IPython/extensions/deduperreload/deduperreload_patching.py -> build/bdist.linux-x86_64/wheel/./IPython/extensions/deduperreload
copying build/lib/IPython/extensions/deduperreload/deduperreload.py -> build/bdist.linux-x86_64/wheel/./IPython/extensions/deduperreload
copying build/lib/IPython/extensions/__init__.py -> build/bdist.linux-x86_64/wheel/./IPython/extensions
copying build/lib/IPython/extensions/autoreload.py -> build/bdist.linux-x86_64/wheel/./IPython/extensions
copying build/lib/IPython/extensions/storemagic.py -> build/bdist.linux-x86_64/wheel/./IPython/extensions
creating build/bdist.linux-x86_64/wheel/IPython/terminal
creating build/bdist.linux-x86_64/wheel/IPython/terminal/pt_inputhooks
copying build/lib/IPython/terminal/pt_inputhooks/gtk.py -> build/bdist.linux-x86_64/wheel/./IPython/terminal/pt_inputhooks
copying build/lib/IPython/terminal/pt_inputhooks/__init__.py -> build/bdist.linux-x86_64/wheel/./IPython/terminal/pt_inputhooks
copying build/lib/IPython/terminal/pt_inputhooks/qt.py -> build/bdist.linux-x86_64/wheel/./IPython/terminal/pt_inputhooks
copying build/lib/IPython/terminal/pt_inputhooks/tk.py -> build/bdist.linux-x86_64/wheel/./IPython/terminal/pt_inputhooks
copying build/lib/IPython/terminal/pt_inputhooks/wx.py -> build/bdist.linux-x86_64/wheel/./IPython/terminal/pt_inputhooks
copying build/lib/IPython/terminal/pt_inputhooks/osx.py -> build/bdist.linux-x86_64/wheel/./IPython/terminal/pt_inputhooks
copying build/lib/IPython/terminal/pt_inputhooks/glut.py -> build/bdist.linux-x86_64/wheel/./IPython/terminal/pt_inputhooks
copying build/lib/IPython/terminal/pt_inputhooks/gtk3.py -> build/bdist.linux-x86_64/wheel/./IPython/terminal/pt_inputhooks
copying build/lib/IPython/terminal/pt_inputhooks/gtk4.py -> build/bdist.linux-x86_64/wheel/./IPython/terminal/pt_inputhooks
copying build/lib/IPython/terminal/pt_inputhooks/pyglet.py -> build/bdist.linux-x86_64/wheel/./IPython/terminal/pt_inputhooks
copying build/lib/IPython/terminal/pt_inputhooks/asyncio.py -> build/bdist.linux-x86_64/wheel/./IPython/terminal/pt_inputhooks
copying build/lib/IPython/terminal/ipapp.py -> build/bdist.linux-x86_64/wheel/./IPython/terminal
copying build/lib/IPython/terminal/__init__.py -> build/bdist.linux-x86_64/wheel/./IPython/terminal
creating build/bdist.linux-x86_64/wheel/IPython/terminal/shortcuts
copying build/lib/IPython/terminal/shortcuts/__init__.py -> build/bdist.linux-x86_64/wheel/./IPython/terminal/shortcuts
copying build/lib/IPython/terminal/shortcuts/auto_suggest.py -> build/bdist.linux-x86_64/wheel/./IPython/terminal/shortcuts
copying build/lib/IPython/terminal/shortcuts/auto_match.py -> build/bdist.linux-x86_64/wheel/./IPython/terminal/shortcuts
copying build/lib/IPython/terminal/shortcuts/filters.py -> build/bdist.linux-x86_64/wheel/./IPython/terminal/shortcuts
copying build/lib/IPython/terminal/magics.py -> build/bdist.linux-x86_64/wheel/./IPython/terminal
copying build/lib/IPython/terminal/debugger.py -> build/bdist.linux-x86_64/wheel/./IPython/terminal
copying build/lib/IPython/terminal/prompts.py -> build/bdist.linux-x86_64/wheel/./IPython/terminal
copying build/lib/IPython/terminal/interactiveshell.py -> build/bdist.linux-x86_64/wheel/./IPython/terminal
copying build/lib/IPython/terminal/embed.py -> build/bdist.linux-x86_64/wheel/./IPython/terminal
copying build/lib/IPython/terminal/ptutils.py -> build/bdist.linux-x86_64/wheel/./IPython/terminal
creating build/bdist.linux-x86_64/wheel/IPython/core
copying build/lib/IPython/core/display_functions.py -> build/bdist.linux-x86_64/wheel/./IPython/core
copying build/lib/IPython/core/builtin_trap.py -> build/bdist.linux-x86_64/wheel/./IPython/core
copying build/lib/IPython/core/compilerop.py -> build/bdist.linux-x86_64/wheel/./IPython/core
copying build/lib/IPython/core/error.py -> build/bdist.linux-x86_64/wheel/./IPython/core
copying build/lib/IPython/core/application.py -> build/bdist.linux-x86_64/wheel/./IPython/core
copying build/lib/IPython/core/release.py -> build/bdist.linux-x86_64/wheel/./IPython/core
copying build/lib/IPython/core/shellapp.py -> build/bdist.linux-x86_64/wheel/./IPython/core
copying build/lib/IPython/core/__init__.py -> build/bdist.linux-x86_64/wheel/./IPython/core
copying build/lib/IPython/core/macro.py -> build/bdist.linux-x86_64/wheel/./IPython/core
copying build/lib/IPython/core/splitinput.py -> build/bdist.linux-x86_64/wheel/./IPython/core
copying build/lib/IPython/core/hooks.py -> build/bdist.linux-x86_64/wheel/./IPython/core
copying build/lib/IPython/core/display.py -> build/bdist.linux-x86_64/wheel/./IPython/core
copying build/lib/IPython/core/tbtools.py -> build/bdist.linux-x86_64/wheel/./IPython/core
copying build/lib/IPython/core/pylabtools.py -> build/bdist.linux-x86_64/wheel/./IPython/core
copying build/lib/IPython/core/getipython.py -> build/bdist.linux-x86_64/wheel/./IPython/core
copying build/lib/IPython/core/logger.py -> build/bdist.linux-x86_64/wheel/./IPython/core
copying build/lib/IPython/core/ultratb.py -> build/bdist.linux-x86_64/wheel/./IPython/core
copying build/lib/IPython/core/crashhandler.py -> build/bdist.linux-x86_64/wheel/./IPython/core
copying build/lib/IPython/core/debugger.py -> build/bdist.linux-x86_64/wheel/./IPython/core
copying build/lib/IPython/core/tips.py -> build/bdist.linux-x86_64/wheel/./IPython/core
copying build/lib/IPython/core/oinspect.py -> build/bdist.linux-x86_64/wheel/./IPython/core
copying build/lib/IPython/core/latex_symbols.py -> build/bdist.linux-x86_64/wheel/./IPython/core
copying build/lib/IPython/core/inputtransformer2.py -> build/bdist.linux-x86_64/wheel/./IPython/core
copying build/lib/IPython/core/profileapp.py -> build/bdist.linux-x86_64/wheel/./IPython/core
copying build/lib/IPython/core/displayhook.py -> build/bdist.linux-x86_64/wheel/./IPython/core
copying build/lib/IPython/core/completerlib.py -> build/bdist.linux-x86_64/wheel/./IPython/core
copying build/lib/IPython/core/autocall.py -> build/bdist.linux-x86_64/wheel/./IPython/core
creating build/bdist.linux-x86_64/wheel/IPython/core/profile
copying build/lib/IPython/core/profile/README_STARTUP -> build/bdist.linux-x86_64/wheel/./IPython/core/profile
copying build/lib/IPython/core/history.py -> build/bdist.linux-x86_64/wheel/./IPython/core
copying build/lib/IPython/core/extensions.py -> build/bdist.linux-x86_64/wheel/./IPython/core
copying build/lib/IPython/core/alias.py -> build/bdist.linux-x86_64/wheel/./IPython/core
copying build/lib/IPython/core/magic_arguments.py -> build/bdist.linux-x86_64/wheel/./IPython/core
copying build/lib/IPython/core/async_helpers.py -> build/bdist.linux-x86_64/wheel/./IPython/core
copying build/lib/IPython/core/historyapp.py -> build/bdist.linux-x86_64/wheel/./IPython/core
copying build/lib/IPython/core/guarded_eval.py -> build/bdist.linux-x86_64/wheel/./IPython/core
copying build/lib/IPython/core/payloadpage.py -> build/bdist.linux-x86_64/wheel/./IPython/core
creating build/bdist.linux-x86_64/wheel/IPython/core/magics
copying build/lib/IPython/core/magics/__init__.py -> build/bdist.linux-x86_64/wheel/./IPython/core/magics
copying build/lib/IPython/core/magics/code.py -> build/bdist.linux-x86_64/wheel/./IPython/core/magics
copying build/lib/IPython/core/magics/auto.py -> build/bdist.linux-x86_64/wheel/./IPython/core/magics
copying build/lib/IPython/core/magics/display.py -> build/bdist.linux-x86_64/wheel/./IPython/core/magics
copying build/lib/IPython/core/magics/ast_mod.py -> build/bdist.linux-x86_64/wheel/./IPython/core/magics
copying build/lib/IPython/core/magics/logging.py -> build/bdist.linux-x86_64/wheel/./IPython/core/magics
copying build/lib/IPython/core/magics/packaging.py -> build/bdist.linux-x86_64/wheel/./IPython/core/magics
copying build/lib/IPython/core/magics/script.py -> build/bdist.linux-x86_64/wheel/./IPython/core/magics
copying build/lib/IPython/core/magics/history.py -> build/bdist.linux-x86_64/wheel/./IPython/core/magics
copying build/lib/IPython/core/magics/basic.py -> build/bdist.linux-x86_64/wheel/./IPython/core/magics
copying build/lib/IPython/core/magics/extension.py -> build/bdist.linux-x86_64/wheel/./IPython/core/magics
copying build/lib/IPython/core/magics/config.py -> build/bdist.linux-x86_64/wheel/./IPython/core/magics
copying build/lib/IPython/core/magics/namespace.py -> build/bdist.linux-x86_64/wheel/./IPython/core/magics
copying build/lib/IPython/core/magics/osm.py -> build/bdist.linux-x86_64/wheel/./IPython/core/magics
copying build/lib/IPython/core/magics/pylab.py -> build/bdist.linux-x86_64/wheel/./IPython/core/magics
copying build/lib/IPython/core/magics/execution.py -> build/bdist.linux-x86_64/wheel/./IPython/core/magics
copying build/lib/IPython/core/interactiveshell.py -> build/bdist.linux-x86_64/wheel/./IPython/core
copying build/lib/IPython/core/doctb.py -> build/bdist.linux-x86_64/wheel/./IPython/core
copying build/lib/IPython/core/magic.py -> build/bdist.linux-x86_64/wheel/./IPython/core
copying build/lib/IPython/core/payload.py -> build/bdist.linux-x86_64/wheel/./IPython/core
copying build/lib/IPython/core/prefilter.py -> build/bdist.linux-x86_64/wheel/./IPython/core
copying build/lib/IPython/core/page.py -> build/bdist.linux-x86_64/wheel/./IPython/core
copying build/lib/IPython/core/debugger_backport.py -> build/bdist.linux-x86_64/wheel/./IPython/core
copying build/lib/IPython/core/displaypub.py -> build/bdist.linux-x86_64/wheel/./IPython/core
copying build/lib/IPython/core/profiledir.py -> build/bdist.linux-x86_64/wheel/./IPython/core
copying build/lib/IPython/core/events.py -> build/bdist.linux-x86_64/wheel/./IPython/core
copying build/lib/IPython/core/formatters.py -> build/bdist.linux-x86_64/wheel/./IPython/core
copying build/lib/IPython/core/usage.py -> build/bdist.linux-x86_64/wheel/./IPython/core
copying build/lib/IPython/core/completer.py -> build/bdist.linux-x86_64/wheel/./IPython/core
copying build/lib/IPython/core/display_trap.py -> build/bdist.linux-x86_64/wheel/./IPython/core
running install_data
creating build/bdist.linux-x86_64/wheel/ipython-9.7.0.dev0.data/data
creating build/bdist.linux-x86_64/wheel/ipython-9.7.0.dev0.data/data/share/man/man1
copying docs/man/ipython.1 -> build/bdist.linux-x86_64/wheel/ipython-9.7.0.dev0.data/data/share/man/man1
running install_egg_info
running egg_info
writing ipython.egg-info/PKG-INFO
writing dependency_links to ipython.egg-info/dependency_links.txt
writing entry points to ipython.egg-info/entry_points.txt
writing requirements to ipython.egg-info/requires.txt
writing top-level names to ipython.egg-info/top_level.txt
reading manifest file 'ipython.egg-info/SOURCES.txt'
reading manifest template 'MANIFEST.in'
warning: no previously-included files matching '*' found under directory 'tools'
warning: no previously-included files found matching 'tools'
warning: no previously-included files found matching 'CONTRIBUTING.md'
warning: no previously-included files found matching '.editorconfig'
warning: no previously-included files found matching 'SECURITY.md'
warning: no previously-included files found matching '.readthedocs.yaml'
warning: no previously-included files found matching 'docs/#*'
warning: no previously-included files found matching 'docs/man/*.1.gz'
warning: no previously-included files found matching '.git-blame-ignore-revs'
no previously-included directories found matching 'docs/build'
no previously-included directories found matching 'docs/gh-pages'
no previously-included directories found matching 'docs/dist'
warning: no previously-included files matching '*~' found anywhere in distribution
warning: no previously-included files matching '*.flc' found anywhere in distribution
warning: no previously-included files matching '*.yml' found anywhere in distribution
warning: no previously-included files matching '*.pyo' found anywhere in distribution
warning: no previously-included files matching '.dircopy.log' found anywhere in distribution
warning: no previously-included files matching '.git' found anywhere in distribution
warning: no previously-included files matching '.ipynb_checkpoints' found anywhere in distribution
adding license file 'LICENSE'
writing manifest file 'ipython.egg-info/SOURCES.txt'
Copying ipython.egg-info to build/bdist.linux-x86_64/wheel/./ipython-9.7.0.dev0-py3.12.egg-info
running install_scripts
adding license file "LICENSE" (matched pattern "LICEN[CS]E*")
adding license file "COPYING.rst" (matched pattern "COPYING*")
creating build/bdist.linux-x86_64/wheel/ipython-9.7.0.dev0.dist-info/WHEEL
creating '/app/dist/.tmp-h1aw72bu/ipython-9.7.0.dev0-py3-none-any.whl' and adding 'build/bdist.linux-x86_64/wheel' to it
adding 'IPython/__init__.py'
adding 'IPython/__main__.py'
adding 'IPython/display.py'
adding 'IPython/paths.py'
adding 'IPython/py.typed'
adding 'IPython/core/__init__.py'
adding 'IPython/core/alias.py'
adding 'IPython/core/application.py'
adding 'IPython/core/async_helpers.py'
adding 'IPython/core/autocall.py'
adding 'IPython/core/builtin_trap.py'
adding 'IPython/core/compilerop.py'
adding 'IPython/core/completer.py'
adding 'IPython/core/completerlib.py'
adding 'IPython/core/crashhandler.py'
adding 'IPython/core/debugger.py'
adding 'IPython/core/debugger_backport.py'
adding 'IPython/core/display.py'
adding 'IPython/core/display_functions.py'
adding 'IPython/core/display_trap.py'
adding 'IPython/core/displayhook.py'
adding 'IPython/core/displaypub.py'
adding 'IPython/core/doctb.py'
adding 'IPython/core/error.py'
adding 'IPython/core/events.py'
adding 'IPython/core/extensions.py'
adding 'IPython/core/formatters.py'
adding 'IPython/core/getipython.py'
adding 'IPython/core/guarded_eval.py'
adding 'IPython/core/history.py'
adding 'IPython/core/historyapp.py'
adding 'IPython/core/hooks.py'
adding 'IPython/core/inputtransformer2.py'
adding 'IPython/core/interactiveshell.py'
adding 'IPython/core/latex_symbols.py'
adding 'IPython/core/logger.py'
adding 'IPython/core/macro.py'
adding 'IPython/core/magic.py'
adding 'IPython/core/magic_arguments.py'
adding 'IPython/core/oinspect.py'
adding 'IPython/core/page.py'
adding 'IPython/core/payload.py'
adding 'IPython/core/payloadpage.py'
adding 'IPython/core/prefilter.py'
adding 'IPython/core/profileapp.py'
adding 'IPython/core/profiledir.py'
adding 'IPython/core/pylabtools.py'
adding 'IPython/core/release.py'
adding 'IPython/core/shellapp.py'
adding 'IPython/core/splitinput.py'
adding 'IPython/core/tbtools.py'
adding 'IPython/core/tips.py'
adding 'IPython/core/ultratb.py'
adding 'IPython/core/usage.py'
adding 'IPython/core/magics/__init__.py'
adding 'IPython/core/magics/ast_mod.py'
adding 'IPython/core/magics/auto.py'
adding 'IPython/core/magics/basic.py'
adding 'IPython/core/magics/code.py'
adding 'IPython/core/magics/config.py'
adding 'IPython/core/magics/display.py'
adding 'IPython/core/magics/execution.py'
adding 'IPython/core/magics/extension.py'
adding 'IPython/core/magics/history.py'
adding 'IPython/core/magics/logging.py'
adding 'IPython/core/magics/namespace.py'
adding 'IPython/core/magics/osm.py'
adding 'IPython/core/magics/packaging.py'
adding 'IPython/core/magics/pylab.py'
adding 'IPython/core/magics/script.py'
adding 'IPython/core/profile/README_STARTUP'
adding 'IPython/extensions/__init__.py'
adding 'IPython/extensions/autoreload.py'
adding 'IPython/extensions/storemagic.py'
adding 'IPython/extensions/deduperreload/__init__.py'
adding 'IPython/extensions/deduperreload/deduperreload.py'
adding 'IPython/extensions/deduperreload/deduperreload_patching.py'
adding 'IPython/external/__init__.py'
adding 'IPython/external/pickleshare.py'
adding 'IPython/external/qt_for_kernel.py'
adding 'IPython/external/qt_loaders.py'
adding 'IPython/lib/__init__.py'
adding 'IPython/lib/backgroundjobs.py'
adding 'IPython/lib/clipboard.py'
adding 'IPython/lib/deepreload.py'
adding 'IPython/lib/demo.py'
adding 'IPython/lib/display.py'
adding 'IPython/lib/editorhooks.py'
adding 'IPython/lib/guisupport.py'
adding 'IPython/lib/latextools.py'
adding 'IPython/lib/lexers.py'
adding 'IPython/lib/pretty.py'
adding 'IPython/sphinxext/__init__.py'
adding 'IPython/sphinxext/custom_doctests.py'
adding 'IPython/sphinxext/ipython_console_highlighting.py'
adding 'IPython/sphinxext/ipython_directive.py'
adding 'IPython/terminal/__init__.py'
adding 'IPython/terminal/debugger.py'
adding 'IPython/terminal/embed.py'
adding 'IPython/terminal/interactiveshell.py'
adding 'IPython/terminal/ipapp.py'
adding 'IPython/terminal/magics.py'
adding 'IPython/terminal/prompts.py'
adding 'IPython/terminal/ptutils.py'
adding 'IPython/terminal/pt_inputhooks/__init__.py'
adding 'IPython/terminal/pt_inputhooks/asyncio.py'
adding 'IPython/terminal/pt_inputhooks/glut.py'
adding 'IPython/terminal/pt_inputhooks/gtk.py'
adding 'IPython/terminal/pt_inputhooks/gtk3.py'
adding 'IPython/terminal/pt_inputhooks/gtk4.py'
adding 'IPython/terminal/pt_inputhooks/osx.py'
adding 'IPython/terminal/pt_inputhooks/pyglet.py'
adding 'IPython/terminal/pt_inputhooks/qt.py'
adding 'IPython/terminal/pt_inputhooks/tk.py'
adding 'IPython/terminal/pt_inputhooks/wx.py'
adding 'IPython/terminal/shortcuts/__init__.py'
adding 'IPython/terminal/shortcuts/auto_match.py'
adding 'IPython/terminal/shortcuts/auto_suggest.py'
adding 'IPython/terminal/shortcuts/filters.py'
adding 'IPython/testing/__init__.py'
adding 'IPython/testing/decorators.py'
adding 'IPython/testing/globalipapp.py'
adding 'IPython/testing/ipunittest.py'
adding 'IPython/testing/skipdoctest.py'
adding 'IPython/testing/tools.py'
adding 'IPython/testing/plugin/__init__.py'
adding 'IPython/testing/plugin/dtexample.py'
adding 'IPython/testing/plugin/ipdoctest.py'
adding 'IPython/testing/plugin/pytest_ipdoctest.py'
adding 'IPython/testing/plugin/setup.py'
adding 'IPython/testing/plugin/simple.py'
adding 'IPython/testing/plugin/simplevars.py'
adding 'IPython/testing/plugin/test_combo.txt'
adding 'IPython/testing/plugin/test_example.txt'
adding 'IPython/testing/plugin/test_exampleip.txt'
adding 'IPython/testing/plugin/test_ipdoctest.py'
adding 'IPython/testing/plugin/test_refs.py'
adding 'IPython/utils/PyColorize.py'
adding 'IPython/utils/__init__.py'
adding 'IPython/utils/_process_cli.py'
adding 'IPython/utils/_process_common.py'
adding 'IPython/utils/_process_emscripten.py'
adding 'IPython/utils/_process_posix.py'
adding 'IPython/utils/_process_win32.py'
adding 'IPython/utils/_process_win32_controller.py'
adding 'IPython/utils/_sysinfo.py'
adding 'IPython/utils/capture.py'
adding 'IPython/utils/coloransi.py'
adding 'IPython/utils/contexts.py'
adding 'IPython/utils/data.py'
adding 'IPython/utils/decorators.py'
adding 'IPython/utils/dir2.py'
adding 'IPython/utils/docs.py'
adding 'IPython/utils/encoding.py'
adding 'IPython/utils/eventful.py'
adding 'IPython/utils/frame.py'
adding 'IPython/utils/generics.py'
adding 'IPython/utils/importstring.py'
adding 'IPython/utils/io.py'
adding 'IPython/utils/ipstruct.py'
adding 'IPython/utils/jsonutil.py'
adding 'IPython/utils/log.py'
adding 'IPython/utils/module_paths.py'
adding 'IPython/utils/openpy.py'
adding 'IPython/utils/path.py'
adding 'IPython/utils/process.py'
adding 'IPython/utils/py3compat.py'
adding 'IPython/utils/sentinel.py'
adding 'IPython/utils/strdispatch.py'
adding 'IPython/utils/sysinfo.py'
adding 'IPython/utils/syspathcontext.py'
adding 'IPython/utils/tempdir.py'
adding 'IPython/utils/terminal.py'
adding 'IPython/utils/text.py'
adding 'IPython/utils/timing.py'
adding 'IPython/utils/tokenutil.py'
adding 'IPython/utils/wildcard.py'
adding 'ipython-9.7.0.dev0.data/data/share/man/man1/ipython.1'
adding 'ipython-9.7.0.dev0.dist-info/licenses/COPYING.rst'
adding 'ipython-9.7.0.dev0.dist-info/licenses/LICENSE'
adding 'ipython-9.7.0.dev0.dist-info/METADATA'
adding 'ipython-9.7.0.dev0.dist-info/WHEEL'
adding 'ipython-9.7.0.dev0.dist-info/entry_points.txt'
adding 'ipython-9.7.0.dev0.dist-info/top_level.txt'
adding 'ipython-9.7.0.dev0.dist-info/RECORD'
removing build/bdist.linux-x86_64/wheel
Successfully built ipython-9.7.0.dev0.tar.gz and ipython-9.7.0.dev0-py3-none-any.whl
39a514d9ced0d6acb0daf1b569d407b0eae5c296ffcd9309bed3683c7fd8d89a  dist/ipython-9.7.0.dev0-py3-none-any.whl
76af5ade0d4c6899d3644db3332fced4e45fd6019a7f3f4ef4f0a355847655bb  dist/ipython-9.7.0.dev0.tar.gz
Couldn't find version control data (git/hg/bzr/svn supported)
[1m============================= test session starts ==============================[0m
platform linux -- Python 3.12.12, pytest-8.4.2, pluggy-1.6.0
rootdir: /app
configfile: pyproject.toml
plugins: anyio-4.11.0, asyncio-1.2.0, langsmith-0.4.37, cov-7.0.0
asyncio: mode=Mode.STRICT, debug=False, asyncio_default_fixture_loop_scope=None, asyncio_default_test_loop_scope=function
collected 1659 items

IPython/core/completer.py [33ms[0m[33ms[0m[32m                                             [  0%][0m
IPython/core/debugger.py [33ms[0m[32m                                               [  0%][0m
IPython/core/display.py [32m.[0m[32m.[0m[32m                                               [  0%][0m
IPython/core/display_functions.py [32m.[0m[32m                                      [  0%][0m
IPython/core/formatters.py [32m.[0m[32m                                             [  0%][0m
IPython/core/history.py [32m.[0m[32m                                                [  0%][0m
IPython/core/interactiveshell.py [32m.[0m[33ms[0m[32m.[0m[33ms[0m[32m                                    [  0%][0m
IPython/core/magics/ast_mod.py [33ms[0m[32m                                         [  0%][0m
IPython/core/magics/auto.py [33ms[0m[32m                                            [  0%][0m
IPython/core/magics/basic.py [33ms[0m[33ms[0m[32m                                          [  0%][0m
IPython/core/magics/code.py [33ms[0m[32m.[0m[32m                                           [  1%][0m
IPython/core/magics/config.py [32m.[0m[32m                                          [  1%][0m
IPython/core/magics/execution.py [33ms[0m[33ms[0m[33ms[0m[33ms[0m[33ms[0m[33ms[0m[32m                                  [  1%][0m
IPython/core/magics/history.py [33ms[0m[32m                                         [  1%][0m
IPython/core/magics/namespace.py [33ms[0m[32m.[0m[32m.[0m[33ms[0m[33ms[0m[33ms[0m[32m                                  [  1%][0m
IPython/core/magics/osm.py [33ms[0m[33ms[0m[33ms[0m[33ms[0m[32m                                          [  2%][0m
IPython/core/magics/pylab.py [33ms[0m[32m                                           [  2%][0m
IPython/core/magics/script.py [32m.[0m[32m                                          [  2%][0m
IPython/core/oinspect.py [33ms[0m[32m                                               [  2%][0m
IPython/extensions/autoreload.py [33ms[0m[32m                                       [  2%][0m
IPython/extensions/storemagic.py [33ms[0m[32m                                       [  2%][0m
IPython/extensions/tests/test_deduperreload.py [32m.[0m[32m.[0m[32m.[0m[32m.[0m[32m.[0m[32m.[0m[32m.[0m[32m.[0m[32m.[0m[32m.[0m[32m.[0m[32m.[0m[32m.[0m[32m.[0m[32m.[0m[32m.[0m[32m.[0m[32m.[0m[32m.[0m[32m.[0m[32m.[0m[32m.[0m[32m.[0m[32m.[0m[32m.[0m[32m [  3%]
[0m[32m.[0m[32m.[0m[32m.[0m[32m.[0m[32m.[0m[32m.[0m[32m.[0m[32m.[0m[32m.[0m[32m.[0m[32m.[0m[32m.[0m[32m.[0m[32m.[0m[32m.[0m[32m.[0m[32m.[0m[32m.[0m[32m.[0m[32m.[0m[32m.[0m[32m.[0m[32m.[0m[32m.[0m[32m.[0m[32m.[0m[32m.[0m[32m.[0m[32m.[0m[32m.[0m[32m.[0m[32m.[0m[32m.[0m[32m.[0m[32m.[0m[32m.[0m[32m.[0m[32m.[0m[32m.[0m[32m.[0m[32m.[0m[32m.[0m[32m.[0m[32m.[0m[32m.[0m[32m.[0m[32m.[0m[32m.[0m[32m.[0m[32m                        [  6%][0m
IPython/lib/display.py [32m.[0m[32m                                                 [  6%][0m
IPython/terminal/magics.py [33ms[0m[32m                                             [  7%][0m
IPython/terminal/shortcuts/auto_suggest.py [32m.[0m[32m                             [  7%][0m
IPython/testing/plugin/dtexample.py [32m.[0m[32m.[0m[32m.[0m[32m.[0m[32m.[0m[32m.[0m[32m.[0m[32m                              [  7%][0m
IPython/testing/plugin/simple.py [32m.[0m[32m.[0m[32m                                      [  7%][0m
IPython/testing/plugin/test_combo.txt [32m.[0m[32m                                  [  7%][0m
IPython/testing/plugin/test_example.txt [32m.[0m[32m.[0m[32m                               [  7%][0m
IPython/testing/plugin/test_exampleip.txt [32m.[0m[32m                              [  7%][0m
IPython/testing/plugin/test_ipdoctest.py [32m.[0m[32m.[0m[32m.[0m[32m.[0m[32m.[0m[32m                           [  8%][0m
IPython/testing/plugin/test_refs.py [32m.[0m[32m.[0m[32m.[0m[32m.[0m[32m                                 [  8%][0m
IPython/testing/tools.py [32m.[0m[32m.[0m[32m                                              [  8%][0m
IPython/utils/contexts.py [32m.[0m[32m                                              [  8%][0m
IPython/utils/frame.py [32m.[0m[32m                                                 [  8%][0m
IPython/utils/ipstruct.py [32m.[0m[32m.[0m[32m.[0m[32m.[0m[32m.[0m[32m.[0m[32m.[0m[32m.[0m[32m.[0m[32m.[0m[32m.[0m[32m                                    [  9%][0m
IPython/utils/path.py [32m.[0m[32m                                                  [  9%][0m
IPython/utils/strdispatch.py [32m.[0m[32m                                           [  9%][0m
IPython/utils/sysinfo.py [31mF[0m[31m                                               [  9%][0m
IPython/utils/text.py [32m.[0m[32m.[0m[32m.[0m[32m.[0m[32m.[0m[32m.[0m[32m.[0m[31m                                            [  9%][0m
tests/test_alias.py [32m.[0m[32m.[0m[32m.[0m[32m.[0m[31m                                                 [ 10%][0m
tests/test_application.py [32m.[0m[32m.[0m[32m.[0m[31m                                            [ 10%][0m
tests/test_async_helpers.py [32m.[0m[32m.[0m[33ms[0m[32m.[0m[32m.[0m[32m.[0m[32m.[0m[32m.[0m[32m.[0m[32m.[0m[32m.[0m[31m                                  [ 10%][0m
tests/test_autocall.py [32m.[0m[32m.[0m[31m                                                [ 11%][0m
tests/test_backgroundjobs.py [32m.[0m[32m.[0m[32m.[0m[32m.[0m[31m                                        [ 11%][0m
tests/test_capture.py [32m.[0m[32m.[0m[32m.[0m[32m.[0m[32m.[0m[32m.[0m[32m.[0m[32m.[0m[32m.[0m[32m.[0m[32m.[0m[32m.[0m[32m.[0m[32m.[0m[32m.[0m[32m.[0m[32m.[0m[32m.[0m[32m.[0m[32m.[0m[32m.[0m[32m.[0m[32m.[0m[32m.[0m[31m                           [ 12%][0m
tests/test_clipboard.py [33ms[0m[31m                                                [ 12%][0m
tests/test_compilerop.py [32m.[0m[32m.[0m[32m.[0m[32m.[0m[32m.[0m[32m.[0m[31m                                          [ 13%][0m
tests/test_completer.py [32m.[0m[32m.[0m[32m.[0m[32m.[0m[32m.[0m[32m.[0m[32m.[0m[32m.[0m[32m.[0m[32m.[0m[32m.[0m[32m.[0m[32m.[0m[32m.[0m[32m.[0m[32m.[0m[32m.[0m[32m.[0m[32m.[0m[32m.[0m[32m.[0m[32m.[0m[32m.[0m[32m.[0m[32m.[0m[32m.[0m[32m.[0m[32m.[0m[32m.[0m[32m.[0m[32m.[0m[32m.[0m[32m.[0m[32m.[0m[32m.[0m[32m.[0m[32m.[0m[32m.[0m[32m.[0m[32m.[0m[32m.[0m[32m.[0m[32m.[0m[32m.[0m[32m.[0m[32m.[0m[32m.[0m[32m.[0m[31m [ 16%]
[0m[32m.[0m[32m.[0m[32m.[0m[32m.[0m[32m.[0m[32m.[0m[32m.[0m[32m.[0m[32m.[0m[32m.[0m[32m.[0m[32m.[0m[32m.[0m[32m.[0m[32m.[0m[32m.[0m[32m.[0m[32m.[0m[32m.[0m[32m.[0m[32m.[0m[32m.[0m[32m.[0m[32m.[0m[32m.[0m[32m.[0m[32m.[0m[32m.[0m[32m.[0m[32m.[0m[32m.[0m[32m.[0m[32m.[0m[32m.[0m[32m.[0m[32m.[0m[32m.[0m[32m.[0m[32m.[0m[32m.[0m[32m.[0m[32m.[0m[32m.[0m[32m.[0m[32m.[0m[32m.[0m[32m.[0m[32m.[0m[32m.[0m[32m.[0m[32m.[0m[32m.[0m[32m.[0m[32m.[0m[32m.[0m[32m.[0m[32m.[0m[32m.[0m[32m.[0m[32m.[0m[32m.[0m[32m.[0m[32m.[0m[32m.[0m[32m.[0m[32m.[0m[32m.[0m[32m.[0m[31mF[0m[32m.[0m[32m.[0m[32m.[0m[31m [ 20%]
[0m[32m.[0m[32m.[0m[32m.[0m[32m.[0m[32m.[0m[32m.[0m[32m.[0m[32m.[0m[32m.[0m[32m.[0m[32m.[0m[32m.[0m[32m.[0m[32m.[0m[32m.[0m[32m.[0m[32m.[0m[32m.[0m[32m.[0m[32m.[0m[32m.[0m[32m.[0m[32m.[0m[32m.[0m[32m.[0m[32m.[0m[32m.[0m[32m.[0m[32m.[0m[32m.[0m[32m.[0m[32m.[0m[32m.[0m[32m.[0m[32m.[0m[32m.[0m[32m.[0m[33mx[0m[33mx[0m[33mx[0m[32m.[0m[32m.[0m[32m.[0m[32m.[0m[32m.[0m[32m.[0m[32m.[0m[32m.[0m[32m.[0m[32m.[0m[32m.[0m[32m.[0m[32m.[0m[32m.[0m[32m.[0m[32m.[0m[32m.[0m[32m.[0m[32m.[0m[32m.[0m[32m.[0m[32m.[0m[32m.[0m[32m.[0m[32m.[0m[32m.[0m[32m.[0m[32m.[0m[32m.[0m[32m.[0m[32m.[0m[32m.[0m[31m [ 24%]
[0m[32m.[0m[32m.[0m[31m                                                                       [ 24%][0m
tests/test_completerlib.py [32m.[0m[32m.[0m[32m.[0m[32m.[0m[32m.[0m[32m.[0m[32m.[0m[32m.[0m[32m.[0m[32m.[0m[32m.[0m[32m.[0m[31m                                  [ 25%][0m
tests/test_debug_magic.py [32m.[0m[31m                                              [ 25%][0m
tests/test_debugger.py [32m.[0m[32m.[0m[32m.[0m[32m.[0m[32m.[0m[32m.[0m[32m.[0m[32m.[0m[32m.[0m[32m.[0m[33ms[0m[33ms[0m[33ms[0m[32m.[0m[32m.[0m[32m.[0m[31m                                  [ 26%][0m
tests/test_decorators.py [32m.[0m[33ms[0m[33ms[0m[32m.[0m[32m.[0m[33ms[0m[32m.[0m[33ms[0m[33ms[0m[32m.[0m[32m.[0m[31m                                     [ 27%][0m
tests/test_decorators_2.py [32m.[0m[31m                                             [ 27%][0m
tests/test_deepreload.py [32m.[0m[32m.[0m[32m.[0m[31m                                             [ 27%][0m
tests/test_dir2.py [32m.[0m[32m.[0m[32m.[0m[32m.[0m[31m                                                  [ 27%][0m
tests/test_display.py [32m.[0m[32m.[0m[32m.[0m[32m.[0m[32m.[0m[32m.[0m[32m.[0m[32m.[0m[32m.[0m[32m.[0m[32m.[0m[32m.[0m[32m.[0m[32m.[0m[32m.[0m[32m.[0m[32m.[0m[32m.[0m[32m.[0m[32m.[0m[32m.[0m[32m.[0m[32m.[0m[32m.[0m[32m.[0m[32m.[0m[32m.[0m[32m.[0m[31m                       [ 29%][0m
tests/test_display_2.py [32m.[0m[32m.[0m[32m.[0m[32m.[0m[32m.[0m[32m.[0m[32m.[0m[32m.[0m[32m.[0m[32m.[0m[32m.[0m[32m.[0m[32m.[0m[32m.[0m[32m.[0m[32m.[0m[32m.[0m[32m.[0m[32m.[0m[32m.[0m[32m.[0m[32m.[0m[32m.[0m[32m.[0m[32m.[0m[32m.[0m[31m                       [ 31%][0m
tests/test_displayhook.py [32m.[0m[32m.[0m[32m.[0m[32m.[0m[32m.[0m[32m.[0m[32m.[0m[31m                                        [ 31%][0m
tests/test_editorhooks.py [32m.[0m[31m                                              [ 31%][0m
tests/test_embed.py [32m.[0m[32m.[0m[31m                                                   [ 31%][0m
tests/test_events.py [32m.[0m[32m.[0m[32m.[0m[32m.[0m[32m.[0m[31m                                               [ 31%][0m
tests/test_exceptiongroup_tb.py [33ms[0m[33ms[0m[33ms[0m[33ms[0m[33ms[0m[33ms[0m[33ms[0m[33ms[0m[33ms[0m[31m                                [ 32%][0m
tests/test_extension.py [32m.[0m[32m.[0m[32m.[0m[31m                                              [ 32%][0m
tests/test_formatters.py [32m.[0m[32m.[0m[32m.[0m[32m.[0m[32m.[0m[32m.[0m[32m.[0m[32m.[0m[32m.[0m[32m.[0m[32m.[0m[32m.[0m[32m.[0m[32m.[0m[32m.[0m[32m.[0m[32m.[0m[32m.[0m[32m.[0m[32m.[0m[32m.[0m[32m.[0m[32m.[0m[32m.[0m[32m.[0m[32m.[0m[32m.[0m[32m.[0m[32m.[0m[32m.[0m[32m.[0m[32m.[0m[31m                [ 34%][0m
tests/test_guarded_eval.py [32m.[0m[32m.[0m[32m.[0m[32m.[0m[32m.[0m[32m.[0m[32m.[0m[32m.[0m[32m.[0m[32m.[0m[32m.[0m[32m.[0m[32m.[0m[32m.[0m[32m.[0m[32m.[0m[32m.[0m[32m.[0m[32m.[0m[32m.[0m[32m.[0m[32m.[0m[32m.[0m[32m.[0m[32m.[0m[32m.[0m[32m.[0m[32m.[0m[32m.[0m[32m.[0m[32m.[0m[32m.[0m[32m.[0m[32m.[0m[32m.[0m[32m.[0m[32m.[0m[32m.[0m[32m.[0m[32m.[0m[32m.[0m[32m.[0m[32m.[0m[32m.[0m[32m.[0m[31m [ 37%]
[0m[32m.[0m[32m.[0m[32m.[0m[32m.[0m[32m.[0m[32m.[0m[32m.[0m[32m.[0m[32m.[0m[32m.[0m[32m.[0m[32m.[0m[32m.[0m[32m.[0m[32m.[0m[32m.[0m[32m.[0m[32m.[0m[32m.[0m[32m.[0m[32m.[0m[32m.[0m[32m.[0m[32m.[0m[32m.[0m[32m.[0m[32m.[0m[32m.[0m[32m.[0m[32m.[0m[32m.[0m[32m.[0m[32m.[0m[32m.[0m[32m.[0m[32m.[0m[32m.[0m[32m.[0m[32m.[0m[32m.[0m[32m.[0m[32m.[0m[32m.[0m[32m.[0m[32m.[0m[32m.[0m[32m.[0m[32m.[0m[32m.[0m[32m.[0m[32m.[0m[32m.[0m[32m.[0m[32m.[0m[32m.[0m[32m.[0m[32m.[0m[32m.[0m[32m.[0m[32m.[0m[32m.[0m[32m.[0m[32m.[0m[32m.[0m[32m.[0m[32m.[0m[32m.[0m[32m.[0m[32m.[0m[32m.[0m[32m.[0m[32m.[0m[31m [ 41%]
[0m[32m.[0m[32m.[0m[32m.[0m[32m.[0m[32m.[0m[32m.[0m[32m.[0m[32m.[0m[32m.[0m[32m.[0m[32m.[0m[32m.[0m[32m.[0m[32m.[0m[32m.[0m[32m.[0m[32m.[0m[32m.[0m[32m.[0m[32m.[0m[32m.[0m[32m.[0m[32m.[0m[32m.[0m[32m.[0m[32m.[0m[32m.[0m[32m.[0m[32m.[0m[32m.[0m[32m.[0m[32m.[0m[32m.[0m[32m.[0m[32m.[0m[32m.[0m[32m.[0m[32m.[0m[32m.[0m[32m.[0m[32m.[0m[32m.[0m[32m.[0m[32m.[0m[32m.[0m[32m.[0m[32m.[0m[32m.[0m[32m.[0m[32m.[0m[32m.[0m[32m.[0m[32m.[0m[32m.[0m[32m.[0m[32m.[0m[32m.[0m[32m.[0m[32m.[0m[32m.[0m[32m.[0m[32m.[0m[32m.[0m[32m.[0m[32m.[0m[32m.[0m[32m.[0m[32m.[0m[32m.[0m[32m.[0m[32m.[0m[32m.[0m[31m [ 45%]
[0m[32m.[0m[32m.[0m[32m.[0m[32m.[0m[32m.[0m[32m.[0m[32m.[0m[32m.[0m[32m.[0m[32m.[0m[32m.[0m[32m.[0m[32m.[0m[32m.[0m[32m.[0m[32m.[0m[32m.[0m[32m.[0m[32m.[0m[32m.[0m[32m.[0m[32m.[0m[32m.[0m[32m.[0m[32m.[0m[32m.[0m[32m.[0m[32m.[0m[32m.[0m[32m.[0m[32m.[0m[32m.[0m[32m.[0m[32m.[0m[32m.[0m[32m.[0m[32m.[0m[32m.[0m[32m.[0m[32m.[0m[32m.[0m[32m.[0m[32m.[0m[32m.[0m[32m.[0m[32m.[0m[32m.[0m[32m.[0m[32m.[0m[32m.[0m[32m.[0m[32m.[0m[32m.[0m[32m.[0m[32m.[0m[32m.[0m[32m.[0m[32m.[0m[32m.[0m[32m.[0m[32m.[0m[32m.[0m[32m.[0m[32m.[0m[32m.[0m[32m.[0m[32m.[0m[32m.[0m[32m.[0m[32m.[0m[32m.[0m[32m.[0m[31m [ 50%]
[0m[32m.[0m[32m.[0m[32m.[0m[32m.[0m[32m.[0m[32m.[0m[32m.[0m[32m.[0m[32m.[0m[32m.[0m[32m.[0m[32m.[0m[31m                                                             [ 51%][0m
tests/test_handlers.py [32m.[0m[32m.[0m[32m.[0m[32m.[0m[32m.[0m[32m.[0m[32m.[0m[32m.[0m[32m.[0m[32m.[0m[32m.[0m[32m.[0m[32m.[0m[32m.[0m[32m.[0m[32m.[0m[32m.[0m[32m.[0m[32m.[0m[32m.[0m[31m                              [ 52%][0m
tests/test_help.py [32m.[0m[32m.[0m[32m.[0m[32m.[0m[32m.[0m[32m.[0m[32m.[0m[31m                                               [ 52%][0m
tests/test_history.py [32m.[0m[32m.[0m[32m.[0m[32m.[0m[32m.[0m[32m.[0m[32m.[0m[32m.[0m[32m.[0m[31m                                          [ 53%][0m
tests/test_hooks.py [32m.[0m[32m.[0m[32m.[0m[31m                                                  [ 53%][0m
tests/test_imports.py [32m.[0m[32m.[0m[32m.[0m[31m                                                [ 53%][0m
tests/test_importstring.py [32m.[0m[32m.[0m[32m.[0m[31m                                           [ 53%][0m
tests/test_inputtransformer2.py [32m.[0m[32m.[0m[32m.[0m[32m.[0m[32m.[0m[32m.[0m[32m.[0m[32m.[0m[32m.[0m[32m.[0m[32m.[0m[32m.[0m[32m.[0m[32m.[0m[32m.[0m[32m.[0m[32m.[0m[32m.[0m[32m.[0m[32m.[0m[32m.[0m[32m.[0m[32m.[0m[32m.[0m[32m.[0m[32m.[0m[32m.[0m[32m.[0m[32m.[0m[32m.[0m[32m.[0m[32m.[0m[32m.[0m[32m.[0m[32m.[0m[32m.[0m[32m.[0m[32m.[0m[32m.[0m[32m.[0m[31m [ 56%]
[0m[32m.[0m[31m                                                                        [ 56%][0m
tests/test_inputtransformer2_line.py [32m.[0m[32m.[0m[32m.[0m[32m.[0m[32m.[0m[32m.[0m[32m.[0m[32m.[0m[32m.[0m[31m                           [ 56%][0m
tests/test_interactiveshell.py [32m.[0m[32m.[0m[32m.[0m[32m.[0m[32m.[0m[32m.[0m[32m.[0m[32m.[0m[32m.[0m[32m.[0m[32m.[0m[32m.[0m[32m.[0m[32m.[0m[32m.[0m[32m.[0m[32m.[0m[32m.[0m[32m.[0m[32m.[0m[32m.[0m[32m.[0m[32m.[0m[32m.[0m[32m.[0m[32m.[0m[32m.[0m[32m.[0m[32m.[0m[32m.[0m[32m.[0m[32m.[0m[32m.[0m[32m.[0m[32m.[0m[32m.[0m[32m.[0m[32m.[0m[32m.[0m[32m.[0m[32m.[0m[31m [ 59%]
[0m[32m.[0m[32m.[0m[32m.[0m[32m.[0m[32m.[0m[33ms[0m[32m.[0m[32m.[0m[32m.[0m[32m.[0m[32m.[0m[33ms[0m[32m.[0m[32m.[0m[32m.[0m[32m.[0m[32m.[0m[32m.[0m[33ms[0m[32m.[0m[32m.[0m[32m.[0m[32m.[0m[32m.[0m[32m.[0m[32m.[0m[32m.[0m[32m.[0m[32m.[0m[32m.[0m[32m.[0m[32m.[0m[32m.[0m[32m.[0m[32m.[0m[32m.[0m[32m.[0m[32m.[0m[32m.[0m[32m.[0m[32m.[0m[32m.[0m[32m.[0m[32m.[0m[32m.[0m[32m.[0m[33ms[0m[31m                          [ 62%][0m
tests/test_interactivshell.py [32m.[0m[32m.[0m[32m.[0m[32m.[0m[32m.[0m[32m.[0m[32m.[0m[32m.[0m[32m.[0m[31m                                  [ 62%][0m
tests/test_io.py [32m.[0m[32m.[0m[32m.[0m[31m                                                     [ 62%][0m
tests/test_iplib.py [32m.[0m[32m.[0m[32m.[0m[32m.[0m[32m.[0m[32m.[0m[32m.[0m[31m                                              [ 63%][0m
tests/test_ipunittest.py [32m.[0m[32m.[0m[32m.[0m[32m.[0m[32m.[0m[31m                                           [ 63%][0m
tests/test_latextools.py [32m.[0m[32m.[0m[33ms[0m[33ms[0m[32m.[0m[32m.[0m[32m.[0m[32m.[0m[32m.[0m[32m.[0m[32m.[0m[32m.[0m[33ms[0m[32m.[0m[31m                                  [ 64%][0m
tests/test_logger.py [32m.[0m[32m.[0m[31m                                                  [ 64%][0m
tests/test_magic.py [32m.[0m[32m.[0m[32m.[0m[32m.[0m[32m.[0m[32m.[0m[32m.[0m[32m.[0m[32m.[0m[32m.[0m[32m.[0m[32m.[0m[32m.[0m[32m.[0m[32m.[0m[32m.[0m[32m.[0m[32m.[0m[32m.[0m[32m.[0m[32m.[0m[32m.[0m[32m.[0m[32m.[0m[32m.[0m[32m.[0m[32m.[0m[32m.[0m[32m.[0m[32m.[0m[32m.[0m[32m.[0m[32m.[0m[32m.[0m[32m.[0m[32m.[0m[32m.[0m[32m.[0m[32m.[0m[32m.[0m[32m.[0m[32m.[0m[32m.[0m[32m.[0m[32m.[0m[32m.[0m[32m.[0m[32m.[0m[32m.[0m[32m.[0m[32m.[0m[32m.[0m[31m [ 67%]
[0m[32m.[0m[32m.[0m[32m.[0m[32m.[0m[32m.[0m[32m.[0m[32m.[0m[32m.[0m[32m.[0m[32m.[0m[32m.[0m[32m.[0m[32m.[0m[32m.[0m[32m.[0m[32m.[0m[32m.[0m[32m.[0m[32m.[0m[32m.[0m[32m.[0m[32m.[0m[32m.[0m[32m.[0m[32m.[0m[32m.[0m[32m.[0m[32m.[0m[32m.[0m[32m.[0m[32m.[0m[32m.[0m[32m.[0m[32m.[0m[32m.[0m[32m.[0m[32m.[0m[32m.[0m[32m.[0m[32m.[0m[32m.[0m[32m.[0m[32m.[0m[32m.[0m[32m.[0m[32m.[0m[32m.[0m[32m.[0m[32m.[0m[32m.[0m[32m.[0m[32m.[0m[32m.[0m[32m.[0m[32m.[0m[32m.[0m[32m.[0m[32m.[0m[32m.[0m[32m.[0m[32m.[0m[32m.[0m[32m.[0m[32m.[0m[32m.[0m[32m.[0m[32m.[0m[32m.[0m[32m.[0m[32m.[0m[31m   [ 71%][0m
tests/test_magic_arguments.py [32m.[0m[31m                                          [ 71%][0m
tests/test_magic_terminal.py [32m.[0m[32m.[0m[32m.[0m[32m.[0m[32m.[0m[32m.[0m[32m.[0m[32m.[0m[32m.[0m[32m.[0m[32m.[0m[31m                                 [ 72%][0m
tests/test_module_paths.py [32m.[0m[32m.[0m[32m.[0m[32m.[0m[32m.[0m[32m.[0m[31m                                        [ 72%][0m
tests/test_oinspect.py [32m.[0m[32m.[0m[32m.[0m[32m.[0m[32m.[0m[32m.[0m[32m.[0m[32m.[0m[32m.[0m[32m.[0m[32m.[0m[32m.[0m[32m.[0m[32m.[0m[32m.[0m[32m.[0m[32m.[0m[32m.[0m[32m.[0m[32m.[0m[32m.[0m[32m.[0m[32m.[0m[32m.[0m[32m.[0m[32m.[0m[32m.[0m[32m.[0m[32m.[0m[32m.[0m[32m.[0m[32m.[0m[32m.[0m[32m.[0m[31m                [ 74%][0m
tests/test_openpy.py [32m.[0m[32m.[0m[32m.[0m[31m                                                 [ 75%][0m
tests/test_page.py [32m.[0m[31m                                                     [ 75%][0m
tests/test_path.py [33ms[0m[33ms[0m[32m.[0m[32m.[0m[32m.[0m[33ms[0m[32m.[0m[32m.[0m[32m.[0m[32m.[0m[32m.[0m[33ms[0m[32m.[0m[33ms[0m[32m.[0m[32m.[0m[32m.[0m[33ms[0m[32m.[0m[32m.[0m[32m.[0m[32m.[0m[32m.[0m[32m.[0m[32m.[0m[32m.[0m[32m.[0m[32m.[0m[32m.[0m[33ms[0m[31m                        [ 77%][0m
tests/test_paths.py [32m.[0m[32m.[0m[32m.[0m[32m.[0m[32m.[0m[32m.[0m[32m.[0m[32m.[0m[32m.[0m[32m.[0m[32m.[0m[31m                                          [ 77%][0m
tests/test_prefilter.py [32m.[0m[32m.[0m[32m.[0m[32m.[0m[32m.[0m[32m.[0m[32m.[0m[32m.[0m[31m                                         [ 78%][0m
tests/test_pretty.py [32m.[0m[32m.[0m[32m.[0m[32m.[0m[32m.[0m[32m.[0m[32m.[0m[32m.[0m[32m.[0m[32m.[0m[32m.[0m[32m.[0m[32m.[0m[32m.[0m[32m.[0m[32m.[0m[32m.[0m[32m.[0m[32m.[0m[32m.[0m[32m.[0m[32m.[0m[32m.[0m[32m.[0m[32m.[0m[32m.[0m[32m.[0m[32m.[0m[32m.[0m[32m.[0m[32m.[0m[32m.[0m[32m.[0m[32m.[0m[32m.[0m[31m                 [ 80%][0m
tests/test_process.py [32m.[0m[33ms[0m[32m.[0m[32m.[0m[32m.[0m[32m.[0m[32m.[0m[33ms[0m[33ms[0m[33ms[0m[33ms[0m[32m.[0m[32m.[0m[32m.[0m[32m.[0m[32m.[0m[32m.[0m[32m.[0m[32m.[0m[31m                                [ 81%][0m
tests/test_profile.py [32m.[0m[32m.[0m[32m.[0m[32m.[0m[32m.[0m[31m                                              [ 81%][0m
tests/test_pt_inputhooks.py [33ms[0m[31m                                            [ 81%][0m
tests/test_pycolorize.py [32m.[0m[32m.[0m[32m.[0m[32m.[0m[32m.[0m[32m.[0m[32m.[0m[32m.[0m[31m                                        [ 82%][0m
tests/test_pylabtools.py [32m.[0m[32m.[0m[32m.[0m[32m.[0m[32m.[0m[32m.[0m[32m.[0m[32m.[0m[32m.[0m[32m.[0m[32m.[0m[32m.[0m[32m.[0m[32m.[0m[32m.[0m[32m.[0m[32m.[0m[32m.[0m[32m.[0m[32m.[0m[32m.[0m[32m.[0m[32m.[0m[32m.[0m[32m.[0m[32m.[0m[32m.[0m[32m.[0m[32m.[0m[32m.[0m[32m.[0m[32m.[0m[32m.[0m[32m.[0m[32m.[0m[32m.[0m[32m.[0m[32m.[0m[32m.[0m[32m.[0m[32m.[0m[32m.[0m[32m.[0m[32m.[0m[32m.[0m[32m.[0m[32m.[0m[31m [ 85%]
[0m[32m.[0m[32m.[0m[31m                                                                       [ 85%][0m
tests/test_qt_loaders.py [32m.[0m[31m                                               [ 85%][0m
tests/test_run.py [32m.[0m[32m.[0m[32m.[0m[32m.[0m[32m.[0m[33ms[0m[32m.[0m[32m.[0m[32m.[0m[32m.[0m[32m.[0m[32m.[0m[32m.[0m[32m.[0m[32m.[0m[32m.[0m[32m.[0m[32m.[0m[32m.[0m[32m.[0m[32m.[0m[32m.[0m[32m.[0m[32m.[0m[32m.[0m[32m.[0m[32m.[0m[32m.[0m[32m.[0m[32m.[0m[32m.[0m[32m.[0m[32m.[0m[32m.[0m[32m.[0m[32m.[0m[32m.[0m[31m                  [ 87%][0m
tests/test_shellapp.py [32m.[0m[32m.[0m[32m.[0m[31m                                               [ 87%][0m
tests/test_shortcuts.py [32m.[0m[32m.[0m[32m.[0m[32m.[0m[32m.[0m[32m.[0m[32m.[0m[32m.[0m[32m.[0m[32m.[0m[32m.[0m[32m.[0m[32m.[0m[32m.[0m[32m.[0m[32m.[0m[32m.[0m[32m.[0m[32m.[0m[32m.[0m[32m.[0m[32m.[0m[32m.[0m[32m.[0m[32m.[0m[32m.[0m[32m.[0m[32m.[0m[32m.[0m[32m.[0m[32m.[0m[32m.[0m[32m.[0m[32m.[0m[32m.[0m[32m.[0m[32m.[0m[32m.[0m[32m.[0m[32m.[0m[32m.[0m[32m.[0m[32m.[0m[32m.[0m[32m.[0m[32m.[0m[32m.[0m[32m.[0m[31m [ 90%]
[0m[32m.[0m[32m.[0m[32m.[0m[32m.[0m[32m.[0m[32m.[0m[32m.[0m[32m.[0m[32m.[0m[31m                                                                [ 91%][0m
tests/test_splitinput.py [32m.[0m[32m.[0m[32m.[0m[32m.[0m[32m.[0m[32m.[0m[32m.[0m[32m.[0m[32m.[0m[32m.[0m[32m.[0m[32m.[0m[32m.[0m[32m.[0m[32m.[0m[32m.[0m[32m.[0m[32m.[0m[32m.[0m[32m.[0m[32m.[0m[32m.[0m[32m.[0m[31m                         [ 92%][0m
tests/test_storemagic.py [32m.[0m[32m.[0m[31m                                              [ 92%][0m
tests/test_sysinfo.py [31mF[0m[31m                                                  [ 92%][0m
tests/test_tempdir.py [32m.[0m[32m.[0m[31m                                                 [ 92%][0m
tests/test_text.py [32m.[0m[32m.[0m[32m.[0m[32m.[0m[32m.[0m[32m.[0m[32m.[0m[31m                                               [ 93%][0m
tests/test_tips.py [33ms[0m[33ms[0m[33ms[0m[33ms[0m[33ms[0m[33ms[0m[33ms[0m[33ms[0m[33ms[0m[33ms[0m[33ms[0m[33ms[0m[33ms[0m[33ms[0m[33ms[0m[33ms[0m[33ms[0m[33ms[0m[33ms[0m[33ms[0m[33ms[0m[33ms[0m[33ms[0m[33ms[0m[31m                              [ 94%][0m
tests/test_tokenutil.py [32m.[0m[32m.[0m[32m.[0m[32m.[0m[32m.[0m[32m.[0m[32m.[0m[32m.[0m[32m.[0m[32m.[0m[32m.[0m[32m.[0m[32m.[0m[32m.[0m[32m.[0m[32m.[0m[32m.[0m[32m.[0m[32m.[0m[32m.[0m[32m.[0m[31m                            [ 95%][0m
tests/test_tools.py [32m.[0m[33ms[0m[32m.[0m[32m.[0m[32m.[0m[32m.[0m[32m.[0m[32m.[0m[32m.[0m[32m.[0m[31m                                           [ 96%][0m
tests/test_ultratb.py [32m.[0m[32m.[0m[32m.[0m[32m.[0m[32m.[0m[32m.[0m[32m.[0m[32m.[0m[32m.[0m[32m.[0m[32m.[0m[32m.[0m[32m.[0m[32m.[0m[32m.[0m[32m.[0m[32m.[0m[32m.[0m[32m.[0m[32m.[0m[32m.[0m[32m.[0m[32m.[0m[32m.[0m[32m.[0m[32m.[0m[32m.[0m[31m                        [ 98%][0m
tests/test_wildcard.py [32m.[0m[32m.[0m[32m.[0m[32m.[0m[32m.[0m[32m.[0m[31m                                            [ 98%][0m
tests/test_zzz_autoreload.py [32m.[0m[32m.[0m[32m.[0m[32m.[0m[32m.[0m[32m.[0m[32m.[0m[32m.[0m[32m.[0m[32m.[0m[32m.[0m[32m.[0m[32m.[0m[32m.[0m[32m.[0m[32m.[0m[32m.[0m[32m.[0m[32m.[0m[32m.[0m[32m.[0m[32m.[0m[32m.[0m[31m                     [ 99%][0m

=================================== FAILURES ===================================
[31m[1m__________________ [ipdoctest] IPython.utils.sysinfo.sys_info __________________[0m
103 Return useful information about IPython and the system, as a string.
104
105     Examples
106     --------
107     ::
108
109         In [2]: print(sys_info())
UNEXPECTED EXCEPTION: FileNotFoundError(2, 'No such file or directory')
Traceback (most recent call last):
  File "/usr/lib/python3.12/doctest.py", line 1368, in __run
    exec(compile(example.source, filename, "single",
  File "<doctest IPython.utils.sysinfo.sys_info[0]>", line 1, in <module>
  File "/app/IPython/utils/sysinfo.py", line 120, in sys_info
    return pprint.pformat(get_sys_info())
                          ^^^^^^^^^^^^^^
  File "/app/IPython/utils/sysinfo.py", line 100, in get_sys_info
    return pkg_info(str(path))
           ^^^^^^^^^^^^^^^^^^^
  File "/app/IPython/utils/sysinfo.py", line 83, in pkg_info
    src, hsh = pkg_commit_hash(pkg_path)
               ^^^^^^^^^^^^^^^^^^^^^^^^^
  File "/app/IPython/utils/sysinfo.py", line 60, in pkg_commit_hash
    proc = subprocess.Popen('git rev-parse --short HEAD'.split(' '),
           ^^^^^^^^^^^^^^^^^^^^^^^^^^^^^^^^^^^^^^^^^^^^^^^^^^^^^^^^^
  File "/usr/lib/python3.12/subprocess.py", line 1026, in __init__
    self._execute_child(args, executable, preexec_fn, close_fds,
  File "/usr/lib/python3.12/subprocess.py", line 1955, in _execute_child
    raise child_exception_type(errno_num, err_msg, err_filename)
FileNotFoundError: [Errno 2] No such file or directory: 'git'
[1m[31m/app/IPython/utils/sysinfo.py[0m:109: UnexpectedException
[31m[1m_ test_undefined_variables[l = []\ndef my_test():\n    return l\nmy_test().-append-False-limited] _[0m

use_jedi = False, evaluation = 'limited'
code = 'l = []\ndef my_test():\n    return l\nmy_test().'
insert_text = 'append'

    [0m[37m@pytest[39;49;00m.mark.parametrize([90m[39;49;00m
        [33m"[39;49;00m[33muse_jedi,evaluation[39;49;00m[33m"[39;49;00m,[90m[39;49;00m
        [[90m[39;49;00m
            [[94mTrue[39;49;00m, [33m"[39;49;00m[33mminimal[39;49;00m[33m"[39;49;00m],[90m[39;49;00m
            [[94mFalse[39;49;00m, [33m"[39;49;00m[33mlimited[39;49;00m[33m"[39;49;00m],[90m[39;49;00m
        ],[90m[39;49;00m
    )[90m[39;49;00m
    [37m@pytest[39;49;00m.mark.parametrize([90m[39;49;00m
        [33m"[39;49;00m[33mcode,insert_text[39;49;00m[33m"[39;49;00m,[90m[39;49;00m
        [[90m[39;49;00m
            [[90m[39;49;00m
                [33m"[39;49;00m[33m\n[39;49;00m[33m"[39;49;00m.join([90m[39;49;00m
                    [[90m[39;49;00m
                        [33m"[39;49;00m[33mclass NotYetDefined:[39;49;00m[33m"[39;49;00m,[90m[39;49;00m
                        [33m"[39;49;00m[33m    def my_method(self) -> str:[39;49;00m[33m"[39;49;00m,[90m[39;49;00m
                        [33m"[39;49;00m[33m        return 1[39;49;00m[33m"[39;49;00m,[90m[39;49;00m
                        [33m"[39;49;00m[33mmy_instance = NotYetDefined()[39;49;00m[33m"[39;49;00m,[90m[39;49;00m
                        [33m"[39;49;00m[33mmy_insta[39;49;00m[33m"[39;49;00m,[90m[39;49;00m
                    ][90m[39;49;00m
                ),[90m[39;49;00m
                [33m"[39;49;00m[33mmy_instance[39;49;00m[33m"[39;49;00m,[90m[39;49;00m
            ],[90m[39;49;00m
            [[90m[39;49;00m
                [33m"[39;49;00m[33m\n[39;49;00m[33m"[39;49;00m.join([90m[39;49;00m
                    [[90m[39;49;00m
                        [33m"[39;49;00m[33mclass NotYetDefined:[39;49;00m[33m"[39;49;00m,[90m[39;49;00m
                        [33m"[39;49;00m[33m    def my_method(self) -> str:[39;49;00m[33m"[39;49;00m,[90m[39;49;00m
                        [33m"[39;49;00m[33m        return 1[39;49;00m[33m"[39;49;00m,[90m[39;49;00m
                        [33m"[39;49;00m[33minstance = NotYetDefined()[39;49;00m[33m"[39;49;00m,[90m[39;49;00m
                        [33m"[39;49;00m[33minstance.[39;49;00m[33m"[39;49;00m,[90m[39;49;00m
                    ][90m[39;49;00m
                ),[90m[39;49;00m
                [33m"[39;49;00m[33mmy_method[39;49;00m[33m"[39;49;00m,[90m[39;49;00m
            ],[90m[39;49;00m
            [[90m[39;49;00m
                [33m"[39;49;00m[33m\n[39;49;00m[33m"[39;49;00m.join([90m[39;49;00m
                    [[90m[39;49;00m
                        [33m"[39;49;00m[33mclass NotYetDefined:[39;49;00m[33m"[39;49;00m,[90m[39;49;00m
                        [33m"[39;49;00m[33m    def my_method(self) -> str:[39;49;00m[33m"[39;49;00m,[90m[39;49;00m
                        [33m"[39;49;00m[33m        return 1[39;49;00m[33m"[39;49;00m,[90m[39;49;00m
                        [33m"[39;49;00m[33mmy_instance = NotYetDefined()[39;49;00m[33m"[39;49;00m,[90m[39;49;00m
                        [33m"[39;49;00m[33mmy_instance.my_method().[39;49;00m[33m"[39;49;00m,[90m[39;49;00m
                    ][90m[39;49;00m
                ),[90m[39;49;00m
                [33m"[39;49;00m[33mcapitalize[39;49;00m[33m"[39;49;00m,[90m[39;49;00m
            ],[90m[39;49;00m
            [[90m[39;49;00m
                [33m"[39;49;00m[33m\n[39;49;00m[33m"[39;49;00m.join([90m[39;49;00m
                    [[90m[39;49;00m
                        [33m"[39;49;00m[33mclass NotYetDefined:[39;49;00m[33m"[39;49;00m,[90m[39;49;00m
                        [33m"[39;49;00m[33m    def my_method(self):[39;49;00m[33m"[39;49;00m,[90m[39;49;00m
                        [33m"[39;49;00m[33m        return [][39;49;00m[33m"[39;49;00m,[90m[39;49;00m
                        [33m"[39;49;00m[33mmy_instance = NotYetDefined()[39;49;00m[33m"[39;49;00m,[90m[39;49;00m
                        [33m"[39;49;00m[33mmy_instance.my_method().[39;49;00m[33m"[39;49;00m,[90m[39;49;00m
                    ][90m[39;49;00m
                ),[90m[39;49;00m
                [33m"[39;49;00m[33mappend[39;49;00m[33m"[39;49;00m,[90m[39;49;00m
            ],[90m[39;49;00m
            [[90m[39;49;00m
                [33m"[39;49;00m[33m\n[39;49;00m[33m"[39;49;00m.join([90m[39;49;00m
                    [[90m[39;49;00m
                        [33m"[39;49;00m[33mclass NotYetDefined:[39;49;00m[33m"[39;49;00m,[90m[39;49;00m
                        [33m"[39;49;00m[33m    def my_method(self):[39;49;00m[33m"[39;49;00m,[90m[39;49;00m
                        [33m"[39;49;00m[33m        return 1.1[39;49;00m[33m"[39;49;00m,[90m[39;49;00m
                        [33m"[39;49;00m[33mmy_instance = NotYetDefined()[39;49;00m[33m"[39;49;00m,[90m[39;49;00m
                        [33m"[39;49;00m[33mmy_instance.my_method().[39;49;00m[33m"[39;49;00m,[90m[39;49;00m
                    ][90m[39;49;00m
                ),[90m[39;49;00m
                [33m"[39;49;00m[33mas_integer_ratio[39;49;00m[33m"[39;49;00m,[90m[39;49;00m
            ],[90m[39;49;00m
            [[90m[39;49;00m
                [33m"[39;49;00m[33m\n[39;49;00m[33m"[39;49;00m.join([90m[39;49;00m
                    [[90m[39;49;00m
                        [33m"[39;49;00m[33mmy_instance = 1.1[39;49;00m[33m"[39;49;00m,[90m[39;49;00m
                        [33m"[39;49;00m[33massert my_instance.[39;49;00m[33m"[39;49;00m,[90m[39;49;00m
                    ][90m[39;49;00m
                ),[90m[39;49;00m
                [33m"[39;49;00m[33mas_integer_ratio[39;49;00m[33m"[39;49;00m,[90m[39;49;00m
            ],[90m[39;49;00m
            [[90m[39;49;00m
                [33m"[39;49;00m[33m\n[39;49;00m[33m"[39;49;00m.join([90m[39;49;00m
                    [[90m[39;49;00m
                        [33m"[39;49;00m[33mdef my_test() -> float:[39;49;00m[33m"[39;49;00m,[90m[39;49;00m
                        [33m"[39;49;00m[33m    pass[39;49;00m[33m"[39;49;00m,[90m[39;49;00m
                        [33m"[39;49;00m[33mmy_test().[39;49;00m[33m"[39;49;00m,[90m[39;49;00m
                    ][90m[39;49;00m
                ),[90m[39;49;00m
                [33m"[39;49;00m[33mas_integer_ratio[39;49;00m[33m"[39;49;00m,[90m[39;49;00m
            ],[90m[39;49;00m
            [[90m[39;49;00m
                [33m"[39;49;00m[33m\n[39;49;00m[33m"[39;49;00m.join([90m[39;49;00m
                    [[90m[39;49;00m
                        [33m"[39;49;00m[33mdef my_test():[39;49;00m[33m"[39;49;00m,[90m[39;49;00m
                        [33m"[39;49;00m[33m    return [39;49;00m[33m{}[39;49;00m[33m"[39;49;00m,[90m[39;49;00m
                        [33m"[39;49;00m[33mmy_test().[39;49;00m[33m"[39;49;00m,[90m[39;49;00m
                    ][90m[39;49;00m
                ),[90m[39;49;00m
                [33m"[39;49;00m[33mkeys[39;49;00m[33m"[39;49;00m,[90m[39;49;00m
            ],[90m[39;49;00m
            [[90m[39;49;00m
                [33m"[39;49;00m[33m\n[39;49;00m[33m"[39;49;00m.join([90m[39;49;00m
                    [[90m[39;49;00m
                        [33m"[39;49;00m[33ml = [][39;49;00m[33m"[39;49;00m,[90m[39;49;00m
                        [33m"[39;49;00m[33mdef my_test():[39;49;00m[33m"[39;49;00m,[90m[39;49;00m
                        [33m"[39;49;00m[33m    return l[39;49;00m[33m"[39;49;00m,[90m[39;49;00m
                        [33m"[39;49;00m[33mmy_test().[39;49;00m[33m"[39;49;00m,[90m[39;49;00m
                    ][90m[39;49;00m
                ),[90m[39;49;00m
                [33m"[39;49;00m[33mappend[39;49;00m[33m"[39;49;00m,[90m[39;49;00m
            ],[90m[39;49;00m
        ],[90m[39;49;00m
    )[90m[39;49;00m
    [94mdef[39;49;00m[90m [39;49;00m[92mtest_undefined_variables[39;49;00m(use_jedi, evaluation, code, insert_text):[90m[39;49;00m
        offset = [96mlen[39;49;00m(code)[90m[39;49;00m
        ip.Completer.use_jedi = use_jedi[90m[39;49;00m
        ip.Completer.evaluation = evaluation[90m[39;49;00m
    [90m[39;49;00m
        [94mwith[39;49;00m provisionalcompleter():[90m[39;49;00m
            completions = [96mlist[39;49;00m(ip.Completer.completions(text=code, offset=offset))[90m[39;49;00m
            match = [c [94mfor[39;49;00m c [95min[39;49;00m completions [94mif[39;49;00m c.text.lstrip([33m"[39;49;00m[33m.[39;49;00m[33m"[39;49;00m) == insert_text][90m[39;49;00m
            message_on_fail = ([90m[39;49;00m
                [33mf[39;49;00m[33m"[39;49;00m[33m{[39;49;00minsert_text[33m}[39;49;00m[33m not found among [39;49;00m[33m{[39;49;00m[c.text[90m [39;49;00m[94mfor[39;49;00m[90m [39;49;00mc[90m [39;49;00m[95min[39;49;00m[90m [39;49;00mcompletions][33m}[39;49;00m[33m"[39;49;00m[90m[39;49;00m
            )[90m[39;49;00m
>           [94massert[39;49;00m [96mlen[39;49;00m(match) == [94m1[39;49;00m, message_on_fail[90m[39;49;00m
[1m[31mE           AssertionError: append not found among ['.editorconfig', '.flake8', '.git-blame-ignore-revs', '.gitattributes', '.github/', '.gitignore', '.mailmap', '.meeseeksdev.yml', '.pre-commit-config.yaml', '.readthedocs.yaml'][0m
[1m[31mE           assert 0 == 1[0m
[1m[31mE            +  where 0 = len([])[0m

[1m[31mtests/test_completer.py[0m:2157: AssertionError
[31m[1m_____________________________ test_json_getsysinfo _____________________________[0m

    [0m[94mdef[39;49;00m[90m [39;49;00m[92mtest_json_getsysinfo[39;49;00m():[90m[39;49;00m
    [90m    [39;49;00m[33m"""[39;49;00m
    [33m    test that it is easily jsonable and don't return bytes somewhere.[39;49;00m
    [33m    """[39;49;00m[90m[39;49;00m
>       json.dumps(sysinfo.get_sys_info())[90m[39;49;00m
                   ^^^^^^^^^^^^^^^^^^^^^^[90m[39;49;00m

[1m[31mtests/test_sysinfo.py[0m:17:
_ _ _ _ _ _ _ _ _ _ _ _ _ _ _ _ _ _ _ _ _ _ _ _ _ _ _ _ _ _ _ _ _ _ _ _ _ _ _ _
[1m[31mIPython/utils/sysinfo.py[0m:100: in get_sys_info
    [0m[94mreturn[39;49;00m pkg_info([96mstr[39;49;00m(path))[90m[39;49;00m
           ^^^^^^^^^^^^^^^^^^^[90m[39;49;00m
[1m[31mIPython/utils/sysinfo.py[0m:83: in pkg_info
    [0msrc, hsh = pkg_commit_hash(pkg_path)[90m[39;49;00m
               ^^^^^^^^^^^^^^^^^^^^^^^^^[90m[39;49;00m
[1m[31mIPython/utils/sysinfo.py[0m:60: in pkg_commit_hash
    [0mproc = subprocess.Popen([33m'[39;49;00m[33mgit rev-parse --short HEAD[39;49;00m[33m'[39;49;00m.split([33m'[39;49;00m[33m [39;49;00m[33m'[39;49;00m),[90m[39;49;00m
[1m[31m/usr/lib/python3.12/subprocess.py[0m:1026: in __init__
    [0m[96mself[39;49;00m._execute_child(args, executable, preexec_fn, close_fds,[90m[39;49;00m
_ _ _ _ _ _ _ _ _ _ _ _ _ _ _ _ _ _ _ _ _ _ _ _ _ _ _ _ _ _ _ _ _ _ _ _ _ _ _ _

self = <Popen: returncode: 255 args: ['git', 'rev-parse', '--short', 'HEAD']>
args = ['git', 'rev-parse', '--short', 'HEAD'], executable = b'git'
preexec_fn = None, close_fds = True, pass_fds = (), cwd = '/app/IPython'
env = None, startupinfo = None, creationflags = 0, shell = False, p2cread = -1
p2cwrite = -1, c2pread = 62, c2pwrite = 63, errread = 64, errwrite = 65
restore_signals = True, gid = None, gids = None, uid = None, umask = -1
start_new_session = False, process_group = -1

    [0m[94mdef[39;49;00m[90m [39;49;00m[92m_execute_child[39;49;00m([96mself[39;49;00m, args, executable, preexec_fn, close_fds,[90m[39;49;00m
                       pass_fds, cwd, env,[90m[39;49;00m
                       startupinfo, creationflags, shell,[90m[39;49;00m
                       p2cread, p2cwrite,[90m[39;49;00m
                       c2pread, c2pwrite,[90m[39;49;00m
                       errread, errwrite,[90m[39;49;00m
                       restore_signals,[90m[39;49;00m
                       gid, gids, uid, umask,[90m[39;49;00m
                       start_new_session, process_group):[90m[39;49;00m
    [90m    [39;49;00m[33m"""Execute program (POSIX version)"""[39;49;00m[90m[39;49;00m
    [90m[39;49;00m
        [94mif[39;49;00m [96misinstance[39;49;00m(args, ([96mstr[39;49;00m, [96mbytes[39;49;00m)):[90m[39;49;00m
            args = [args][90m[39;49;00m
        [94melif[39;49;00m [96misinstance[39;49;00m(args, os.PathLike):[90m[39;49;00m
            [94mif[39;49;00m shell:[90m[39;49;00m
                [94mraise[39;49;00m [96mTypeError[39;49;00m([33m'[39;49;00m[33mpath-like args is not allowed when [39;49;00m[33m'[39;49;00m[90m[39;49;00m
                                [33m'[39;49;00m[33mshell is true[39;49;00m[33m'[39;49;00m)[90m[39;49;00m
            args = [args][90m[39;49;00m
        [94melse[39;49;00m:[90m[39;49;00m
            args = [96mlist[39;49;00m(args)[90m[39;49;00m
    [90m[39;49;00m
        [94mif[39;49;00m shell:[90m[39;49;00m
            [90m# On Android the default shell is at '/system/bin/sh'.[39;49;00m[90m[39;49;00m
            unix_shell = ([33m'[39;49;00m[33m/system/bin/sh[39;49;00m[33m'[39;49;00m [94mif[39;49;00m[90m[39;49;00m
                      [96mhasattr[39;49;00m(sys, [33m'[39;49;00m[33mgetandroidapilevel[39;49;00m[33m'[39;49;00m) [94melse[39;49;00m [33m'[39;49;00m[33m/bin/sh[39;49;00m[33m'[39;49;00m)[90m[39;49;00m
            args = [unix_shell, [33m"[39;49;00m[33m-c[39;49;00m[33m"[39;49;00m] + args[90m[39;49;00m
            [94mif[39;49;00m executable:[90m[39;49;00m
                args[[94m0[39;49;00m] = executable[90m[39;49;00m
    [90m[39;49;00m
        [94mif[39;49;00m executable [95mis[39;49;00m [94mNone[39;49;00m:[90m[39;49;00m
            executable = args[[94m0[39;49;00m][90m[39;49;00m
    [90m[39;49;00m
        sys.audit([33m"[39;49;00m[33msubprocess.Popen[39;49;00m[33m"[39;49;00m, executable, args, cwd, env)[90m[39;49;00m
    [90m[39;49;00m
        [94mif[39;49;00m (_USE_POSIX_SPAWN[90m[39;49;00m
                [95mand[39;49;00m os.path.dirname(executable)[90m[39;49;00m
                [95mand[39;49;00m preexec_fn [95mis[39;49;00m [94mNone[39;49;00m[90m[39;49;00m
                [95mand[39;49;00m [95mnot[39;49;00m close_fds[90m[39;49;00m
                [95mand[39;49;00m [95mnot[39;49;00m pass_fds[90m[39;49;00m
                [95mand[39;49;00m cwd [95mis[39;49;00m [94mNone[39;49;00m[90m[39;49;00m
                [95mand[39;49;00m (p2cread == -[94m1[39;49;00m [95mor[39;49;00m p2cread > [94m2[39;49;00m)[90m[39;49;00m
                [95mand[39;49;00m (c2pwrite == -[94m1[39;49;00m [95mor[39;49;00m c2pwrite > [94m2[39;49;00m)[90m[39;49;00m
                [95mand[39;49;00m (errwrite == -[94m1[39;49;00m [95mor[39;49;00m errwrite > [94m2[39;49;00m)[90m[39;49;00m
                [95mand[39;49;00m [95mnot[39;49;00m start_new_session[90m[39;49;00m
                [95mand[39;49;00m process_group == -[94m1[39;49;00m[90m[39;49;00m
                [95mand[39;49;00m gid [95mis[39;49;00m [94mNone[39;49;00m[90m[39;49;00m
                [95mand[39;49;00m gids [95mis[39;49;00m [94mNone[39;49;00m[90m[39;49;00m
                [95mand[39;49;00m uid [95mis[39;49;00m [94mNone[39;49;00m[90m[39;49;00m
                [95mand[39;49;00m umask < [94m0[39;49;00m):[90m[39;49;00m
            [96mself[39;49;00m._posix_spawn(args, executable, env, restore_signals,[90m[39;49;00m
                              p2cread, p2cwrite,[90m[39;49;00m
                              c2pread, c2pwrite,[90m[39;49;00m
                              errread, errwrite)[90m[39;49;00m
            [94mreturn[39;49;00m[90m[39;49;00m
    [90m[39;49;00m
        orig_executable = executable[90m[39;49;00m
    [90m[39;49;00m
        [90m# For transferring possible exec failure from child to parent.[39;49;00m[90m[39;49;00m
        [90m# Data format: "exception name:hex errno:description"[39;49;00m[90m[39;49;00m
        [90m# Pickle is not used; it is complex and involves memory allocation.[39;49;00m[90m[39;49;00m
        errpipe_read, errpipe_write = os.pipe()[90m[39;49;00m
        [90m# errpipe_write must not be in the standard io 0, 1, or 2 fd range.[39;49;00m[90m[39;49;00m
        low_fds_to_close = [][90m[39;49;00m
        [94mwhile[39;49;00m errpipe_write < [94m3[39;49;00m:[90m[39;49;00m
            low_fds_to_close.append(errpipe_write)[90m[39;49;00m
            errpipe_write = os.dup(errpipe_write)[90m[39;49;00m
        [94mfor[39;49;00m low_fd [95min[39;49;00m low_fds_to_close:[90m[39;49;00m
            os.close(low_fd)[90m[39;49;00m
        [94mtry[39;49;00m:[90m[39;49;00m
            [94mtry[39;49;00m:[90m[39;49;00m
                [90m# We must avoid complex work that could involve[39;49;00m[90m[39;49;00m
                [90m# malloc or free in the child process to avoid[39;49;00m[90m[39;49;00m
                [90m# potential deadlocks, thus we do all this here.[39;49;00m[90m[39;49;00m
                [90m# and pass it to fork_exec()[39;49;00m[90m[39;49;00m
    [90m[39;49;00m
                [94mif[39;49;00m env [95mis[39;49;00m [95mnot[39;49;00m [94mNone[39;49;00m:[90m[39;49;00m
                    env_list = [][90m[39;49;00m
                    [94mfor[39;49;00m k, v [95min[39;49;00m env.items():[90m[39;49;00m
                        k = os.fsencode(k)[90m[39;49;00m
                        [94mif[39;49;00m [33mb[39;49;00m[33m'[39;49;00m[33m=[39;49;00m[33m'[39;49;00m [95min[39;49;00m k:[90m[39;49;00m
                            [94mraise[39;49;00m [96mValueError[39;49;00m([33m"[39;49;00m[33millegal environment variable name[39;49;00m[33m"[39;49;00m)[90m[39;49;00m
                        env_list.append(k + [33mb[39;49;00m[33m'[39;49;00m[33m=[39;49;00m[33m'[39;49;00m + os.fsencode(v))[90m[39;49;00m
                [94melse[39;49;00m:[90m[39;49;00m
                    env_list = [94mNone[39;49;00m  [90m# Use execv instead of execve.[39;49;00m[90m[39;49;00m
                executable = os.fsencode(executable)[90m[39;49;00m
                [94mif[39;49;00m os.path.dirname(executable):[90m[39;49;00m
                    executable_list = (executable,)[90m[39;49;00m
                [94melse[39;49;00m:[90m[39;49;00m
                    [90m# This matches the behavior of os._execvpe().[39;49;00m[90m[39;49;00m
                    executable_list = [96mtuple[39;49;00m([90m[39;49;00m
                        os.path.join(os.fsencode([96mdir[39;49;00m), executable)[90m[39;49;00m
                        [94mfor[39;49;00m [96mdir[39;49;00m [95min[39;49;00m os.get_exec_path(env))[90m[39;49;00m
                fds_to_keep = [96mset[39;49;00m(pass_fds)[90m[39;49;00m
                fds_to_keep.add(errpipe_write)[90m[39;49;00m
                [96mself[39;49;00m.pid = _fork_exec([90m[39;49;00m
                        args, executable_list,[90m[39;49;00m
                        close_fds, [96mtuple[39;49;00m([96msorted[39;49;00m([96mmap[39;49;00m([96mint[39;49;00m, fds_to_keep))),[90m[39;49;00m
                        cwd, env_list,[90m[39;49;00m
                        p2cread, p2cwrite, c2pread, c2pwrite,[90m[39;49;00m
                        errread, errwrite,[90m[39;49;00m
                        errpipe_read, errpipe_write,[90m[39;49;00m
                        restore_signals, start_new_session,[90m[39;49;00m
                        process_group, gid, gids, uid, umask,[90m[39;49;00m
                        preexec_fn, _USE_VFORK)[90m[39;49;00m
                [96mself[39;49;00m._child_created = [94mTrue[39;49;00m[90m[39;49;00m
            [94mfinally[39;49;00m:[90m[39;49;00m
                [90m# be sure the FD is closed no matter what[39;49;00m[90m[39;49;00m
                os.close(errpipe_write)[90m[39;49;00m
    [90m[39;49;00m
            [96mself[39;49;00m._close_pipe_fds(p2cread, p2cwrite,[90m[39;49;00m
                                 c2pread, c2pwrite,[90m[39;49;00m
                                 errread, errwrite)[90m[39;49;00m
    [90m[39;49;00m
            [90m# Wait for exec to fail or succeed; possibly raising an[39;49;00m[90m[39;49;00m
            [90m# exception (limited in size)[39;49;00m[90m[39;49;00m
            errpipe_data = [96mbytearray[39;49;00m()[90m[39;49;00m
            [94mwhile[39;49;00m [94mTrue[39;49;00m:[90m[39;49;00m
                part = os.read(errpipe_read, [94m50000[39;49;00m)[90m[39;49;00m
                errpipe_data += part[90m[39;49;00m
                [94mif[39;49;00m [95mnot[39;49;00m part [95mor[39;49;00m [96mlen[39;49;00m(errpipe_data) > [94m50000[39;49;00m:[90m[39;49;00m
                    [94mbreak[39;49;00m[90m[39;49;00m
        [94mfinally[39;49;00m:[90m[39;49;00m
            [90m# be sure the FD is closed no matter what[39;49;00m[90m[39;49;00m
            os.close(errpipe_read)[90m[39;49;00m
    [90m[39;49;00m
        [94mif[39;49;00m errpipe_data:[90m[39;49;00m
            [94mtry[39;49;00m:[90m[39;49;00m
                pid, sts = os.waitpid([96mself[39;49;00m.pid, [94m0[39;49;00m)[90m[39;49;00m
                [94mif[39;49;00m pid == [96mself[39;49;00m.pid:[90m[39;49;00m
                    [96mself[39;49;00m._handle_exitstatus(sts)[90m[39;49;00m
                [94melse[39;49;00m:[90m[39;49;00m
                    [96mself[39;49;00m.returncode = sys.maxsize[90m[39;49;00m
            [94mexcept[39;49;00m [96mChildProcessError[39;49;00m:[90m[39;49;00m
                [94mpass[39;49;00m[90m[39;49;00m
    [90m[39;49;00m
            [94mtry[39;49;00m:[90m[39;49;00m
                exception_name, hex_errno, err_msg = ([90m[39;49;00m
                        errpipe_data.split([33mb[39;49;00m[33m'[39;49;00m[33m:[39;49;00m[33m'[39;49;00m, [94m2[39;49;00m))[90m[39;49;00m
                [90m# The encoding here should match the encoding[39;49;00m[90m[39;49;00m
                [90m# written in by the subprocess implementations[39;49;00m[90m[39;49;00m
                [90m# like _posixsubprocess[39;49;00m[90m[39;49;00m
                err_msg = err_msg.decode()[90m[39;49;00m
            [94mexcept[39;49;00m [96mValueError[39;49;00m:[90m[39;49;00m
                exception_name = [33mb[39;49;00m[33m'[39;49;00m[33mSubprocessError[39;49;00m[33m'[39;49;00m[90m[39;49;00m
                hex_errno = [33mb[39;49;00m[33m'[39;49;00m[33m0[39;49;00m[33m'[39;49;00m[90m[39;49;00m
                err_msg = [33m'[39;49;00m[33mBad exception data from child: [39;49;00m[33m{!r}[39;49;00m[33m'[39;49;00m.format([90m[39;49;00m
                              [96mbytes[39;49;00m(errpipe_data))[90m[39;49;00m
            child_exception_type = [96mgetattr[39;49;00m([90m[39;49;00m
                    builtins, exception_name.decode([33m'[39;49;00m[33mascii[39;49;00m[33m'[39;49;00m),[90m[39;49;00m
                    SubprocessError)[90m[39;49;00m
            [94mif[39;49;00m [96missubclass[39;49;00m(child_exception_type, [96mOSError[39;49;00m) [95mand[39;49;00m hex_errno:[90m[39;49;00m
                errno_num = [96mint[39;49;00m(hex_errno, [94m16[39;49;00m)[90m[39;49;00m
                [94mif[39;49;00m err_msg == [33m"[39;49;00m[33mnoexec:chdir[39;49;00m[33m"[39;49;00m:[90m[39;49;00m
                    err_msg = [33m"[39;49;00m[33m"[39;49;00m[90m[39;49;00m
                    [90m# The error must be from chdir(cwd).[39;49;00m[90m[39;49;00m
                    err_filename = cwd[90m[39;49;00m
                [94melif[39;49;00m err_msg == [33m"[39;49;00m[33mnoexec[39;49;00m[33m"[39;49;00m:[90m[39;49;00m
                    err_msg = [33m"[39;49;00m[33m"[39;49;00m[90m[39;49;00m
                    err_filename = [94mNone[39;49;00m[90m[39;49;00m
                [94melse[39;49;00m:[90m[39;49;00m
                    err_filename = orig_executable[90m[39;49;00m
                [94mif[39;49;00m errno_num != [94m0[39;49;00m:[90m[39;49;00m
                    err_msg = os.strerror(errno_num)[90m[39;49;00m
                [94mif[39;49;00m err_filename [95mis[39;49;00m [95mnot[39;49;00m [94mNone[39;49;00m:[90m[39;49;00m
>                   [94mraise[39;49;00m child_exception_type(errno_num, err_msg, err_filename)[90m[39;49;00m
[1m[31mE                   FileNotFoundError: [Errno 2] No such file or directory: 'git'[0m

[1m[31m/usr/lib/python3.12/subprocess.py[0m:1955: FileNotFoundError
[33m=============================== warnings summary ===============================[0m
tests/test_debug_magic.py: 1 warning
tests/test_debugger.py: 8 warnings
tests/test_embed.py: 1 warning
tests/test_interactiveshell.py: 3 warnings
tests/test_process.py: 3 warnings
  /usr/lib/python3.12/pty.py:95: DeprecationWarning: This process (pid=50) is multi-threaded, use of forkpty() may lead to deadlocks in the child.
    pid, fd = os.forkpty()

tests/test_inputtransformer2.py::test_check_make_token_by_line_never_ends_empty
  /app/tests/test_inputtransformer2.py:188: UserWarning: `make_tokens_by_line` received a list of lines which do not have lineending markers ('\n', '\r', '\r\n', '\x0b', '\x0c'), behavior will be unspecified
    assert make_tokens_by_line(c + k)[-1] != []

tests/test_interactiveshell.py::test_run_cell_async
  /usr/lib/python3.12/asyncio/events.py:88: DeprecationWarning: `run_cell_async` will not call `transform_cell` automatically in the future. Please pass the result to `transformed_cell` argument and any exception that happen during thetransform in `preprocessing_exc_tuple` in IPython 7.17 and above.
    self._context.run(self._callback, *self._args)

tests/test_pylabtools.py::test_no_gui_backends
tests/test_pylabtools.py::test_no_gui_backends
tests/test_pylabtools.py::test_no_gui_backends
tests/test_pylabtools.py::test_no_gui_backends
  /app/IPython/core/pylabtools.py:77: DeprecationWarning: backend2gui is deprecated since IPython 8.24, backends are managed in matplotlib and can be externally registered.
    warnings.warn(

tests/test_ultratb.py::Python3ChainedExceptionsTest::test_sysexit_while_handling_error
  /app/IPython/core/interactiveshell.py:3707: UserWarning: To exit: use 'exit', 'quit', or Ctrl-D.
    warn("To exit: use 'exit', 'quit', or Ctrl-D.", stacklevel=1)

-- Docs: https://docs.pytest.org/en/stable/how-to/capture-warnings.html
================================ tests coverage ================================
_______________ coverage: platform linux, python 3.12.12-final-0 _______________

Coverage XML written to file coverage.xml
============================= slowest 10 durations =============================
5.58s call     tests/test_zzz_autoreload.py::TestAutoreload::test_autoreload_output
4.78s call     tests/test_debugger.py::test_ignore_module_all_commands
4.32s call     tests/test_zzz_autoreload.py::TestAutoreload::test_autoload_newly_added_objects
4.16s call     tests/test_interactiveshell.py::test_stream_performance
3.91s call     tests/test_zzz_autoreload.py::TestAutoreload::test_smoketest_autoreload
3.81s call     tests/test_zzz_autoreload.py::TestAutoreload::test_smoketest_aimport
3.73s call     tests/test_magic.py::test_notebook_export_json_with_output
3.56s call     tests/test_magic.py::test_script_streams_continuously
2.28s call     IPython/extensions/tests/test_deduperreload.py::DecoratorPatchingSuite::test_function_decorators
2.06s call     tests/test_magic.py::test_script_raise_on_interrupt
[36m[1m=========================== short test summary info ============================[0m
[33mSKIPPED[0m [34] IPython/testing/plugin/pytest_ipdoctest.py:560: all docstests skipped by +SKIP option
[33mSKIPPED[0m [1] tests/test_async_helpers.py:411: skip_without(curio) fails on 3.12 for now even with other skip so must uncond skip
[33mSKIPPED[0m [1] tests/test_clipboard.py:6: Skipped under *nix when X11/XOrg not available
[33mSKIPPED[0m [1] tests/test_debugger.py:435: recently fail for unknown reason on CI
[33mSKIPPED[0m [1] tests/test_debugger.py:460: recently fail for unknown reason on CI
[33mSKIPPED[0m [1] tests/test_debugger.py:489: recently fail for unknown reason on CI
[33mSKIPPED[0m [1] tests/test_decorators.py:49: Test skipped due to test condition.
[33mSKIPPED[0m [1] tests/test_decorators.py:55: Testing the skip decorator
[33mSKIPPED[0m [9] tests/test_exceptiongroup_tb.py:107: could not import 'exceptiongroup': No module named 'exceptiongroup'
[33mSKIPPED[0m [3] tests/test_interactiveshell.py:664: This test runs only if command 'csh' is installed
[33mSKIPPED[0m [1] tests/test_interactiveshell.py:1256: This test only runs under macOS
[33mSKIPPED[0m [2] tests/test_latextools.py:34: This test runs only if command 'latex' is installed
[33mSKIPPED[0m [1] tests/test_latextools.py:160: This test runs only if command 'latex' is installed
[33mSKIPPED[0m [1] tests/test_path.py:119: This test only runs under Windows
[33mSKIPPED[0m [1] tests/test_path.py:133: This test only runs under Windows
[33mSKIPPED[0m [1] tests/test_path.py:179: This test only runs under Windows
[33mSKIPPED[0m [1] tests/test_path.py:275: This test only runs under Windows
[33mSKIPPED[0m [1] tests/test_path.py:316: I can't create directories that I can't write to
[33mSKIPPED[0m [1] tests/test_path.py:414: This test only runs under Windows
[33mSKIPPED[0m [1] tests/test_path.py:514: This test only runs under Windows
[33mSKIPPED[0m [1] tests/test_process.py:52: This test only runs under Windows
[33mSKIPPED[0m [4] tests/test_process.py:82: This test only runs under Windows
[33mSKIPPED[0m [1] tests/test_pt_inputhooks.py:32: No viable version of PyQt or PySide installed.
[33mSKIPPED[0m [24] tests/test_tips.py:9: Windows console may crash with Unicode
[33mSKIPPED[0m [1] tests/test_tools.py:40: This test only runs under Windows
[33mXFAIL[0m tests/test_completer.py::[1mtest_unsupported_completion_context[f'{f'a.-global][0m - Completion context not yet supported
[33mXFAIL[0m tests/test_completer.py::[1mtest_unsupported_completion_context[3a.-global][0m - Completion context not yet supported
[33mXFAIL[0m tests/test_completer.py::[1mtest_unsupported_completion_context[$).-global][0m - Completion context not yet supported
[31mFAILED[0m IPython/utils/sysinfo.py::[1mIPython.utils.sysinfo.sys_info[0m
[31mFAILED[0m tests/test_completer.py::[1mtest_undefined_variables[l = []\ndef my_test():\n    return l\nmy_test().-append-False-limited][0m - AssertionError: append not found among ['.editorconfig', '.flake8', '.git-b...
[31mFAILED[0m tests/test_sysinfo.py::[1mtest_json_getsysinfo[0m - FileNotFoundError: [Errno 2] No such file or directory: 'git'
[31m= [31m[1m3 failed[0m, [32m1558 passed[0m, [33m95 skipped[0m, [33m3 xfailed[0m, [33m23 warnings[0m[31m in 183.33s (0:03:03)[0m[31m =[0m
