Requirement already satisfied: pip in /usr/local/lib/python3.9/site-packages (23.0.1)
Collecting pip
  Downloading pip-25.2-py3-none-any.whl (1.8 MB)
     â”â”â”â”â”â”â”â”â”â”â”â”â”â”â”â”â”â”â”â”â”â”â”â”â”â”â”â”â”â”â”â”â”â”â”â”â”â”â”â” 1.8/1.8 MB 12.6 MB/s eta 0:00:00
Installing collected packages: pip
  Attempting uninstall: pip
    Found existing installation: pip 23.0.1
    Uninstalling pip-23.0.1:
      Successfully uninstalled pip-23.0.1
Successfully installed pip-25.2
WARNING: Running pip as the 'root' user can result in broken permissions and conflicting behaviour with the system package manager. It is recommended to use a virtual environment instead: https://pip.pypa.io/warnings/venv
Collecting tox
  Downloading tox-4.28.3-py3-none-any.whl.metadata (3.6 kB)
Collecting coverage
  Downloading coverage-7.10.1-cp39-cp39-manylinux1_x86_64.manylinux_2_28_x86_64.manylinux_2_5_x86_64.whl.metadata (8.9 kB)
Collecting cachetools>=6.1 (from tox)
  Downloading cachetools-6.1.0-py3-none-any.whl.metadata (5.4 kB)
Collecting chardet>=5.2 (from tox)
  Downloading chardet-5.2.0-py3-none-any.whl.metadata (3.4 kB)
Collecting colorama>=0.4.6 (from tox)
  Downloading colorama-0.4.6-py2.py3-none-any.whl.metadata (17 kB)
Collecting filelock>=3.18 (from tox)
  Downloading filelock-3.18.0-py3-none-any.whl.metadata (2.9 kB)
Collecting packaging>=25 (from tox)
  Downloading packaging-25.0-py3-none-any.whl.metadata (3.3 kB)
Collecting platformdirs>=4.3.8 (from tox)
  Downloading platformdirs-4.3.8-py3-none-any.whl.metadata (12 kB)
Collecting pluggy>=1.6 (from tox)
  Downloading pluggy-1.6.0-py3-none-any.whl.metadata (4.8 kB)
Collecting pyproject-api>=1.9.1 (from tox)
  Downloading pyproject_api-1.9.1-py3-none-any.whl.metadata (2.7 kB)
Collecting tomli>=2.2.1 (from tox)
  Downloading tomli-2.2.1-py3-none-any.whl.metadata (10 kB)
Collecting typing-extensions>=4.14.1 (from tox)
  Downloading typing_extensions-4.14.1-py3-none-any.whl.metadata (3.0 kB)
Collecting virtualenv>=20.31.2 (from tox)
  Downloading virtualenv-20.32.0-py3-none-any.whl.metadata (4.5 kB)
Collecting distlib<1,>=0.3.7 (from virtualenv>=20.31.2->tox)
  Downloading distlib-0.4.0-py2.py3-none-any.whl.metadata (5.2 kB)
Downloading tox-4.28.3-py3-none-any.whl (174 kB)
Downloading coverage-7.10.1-cp39-cp39-manylinux1_x86_64.manylinux_2_28_x86_64.manylinux_2_5_x86_64.whl (242 kB)
Downloading cachetools-6.1.0-py3-none-any.whl (11 kB)
Downloading chardet-5.2.0-py3-none-any.whl (199 kB)
Downloading colorama-0.4.6-py2.py3-none-any.whl (25 kB)
Downloading filelock-3.18.0-py3-none-any.whl (16 kB)
Downloading packaging-25.0-py3-none-any.whl (66 kB)
Downloading platformdirs-4.3.8-py3-none-any.whl (18 kB)
Downloading pluggy-1.6.0-py3-none-any.whl (20 kB)
Downloading pyproject_api-1.9.1-py3-none-any.whl (13 kB)
Downloading tomli-2.2.1-py3-none-any.whl (14 kB)
Downloading typing_extensions-4.14.1-py3-none-any.whl (43 kB)
Downloading virtualenv-20.32.0-py3-none-any.whl (6.1 MB)
   â”â”â”â”â”â”â”â”â”â”â”â”â”â”â”â”â”â”â”â”â”â”â”â”â”â”â”â”â”â”â”â”â”â”â”â”â”â”â”â” 6.1/6.1 MB 74.2 MB/s  0:00:00
Downloading distlib-0.4.0-py2.py3-none-any.whl (469 kB)
Installing collected packages: distlib, typing-extensions, tomli, pluggy, platformdirs, packaging, filelock, coverage, colorama, chardet, cachetools, virtualenv, pyproject-api, tox

Successfully installed cachetools-6.1.0 chardet-5.2.0 colorama-0.4.6 coverage-7.10.1 distlib-0.4.0 filelock-3.18.0 packaging-25.0 platformdirs-4.3.8 pluggy-1.6.0 pyproject-api-1.9.1 tomli-2.2.1 tox-4.28.3 typing-extensions-4.14.1 virtualenv-20.32.0
WARNING: Running pip as the 'root' user can result in broken permissions and conflicting behaviour with the system package manager, possibly rendering your system unusable. It is recommended to use a virtual environment instead: https://pip.pypa.io/warnings/venv. Use the --root-user-action option if you know what you are doing and want to suppress this warning.
No package tarball found in dist/, running tox without --installpkg
py39-xdist: install_deps> python -I -m pip install 'pytest-xdist>=2.1.0' -e .
[31m  error: subprocess-exited-with-error

  Ã— Getting requirements to build editable did not run successfully.
  â”‚ exit code: 1
  â•°â”€> [51 lines of output]
      WARNING setuptools_scm.run_cmd command git missing: [Errno 2] No such file or directory: 'git'
      ERROR setuptools_scm._get_version_impl command git not found while parsing the scm, using fallbacks
      Traceback (most recent call last):
        File "/tmp/pip-build-env-8fw6ceer/overlay/lib/python3.9/site-packages/setuptools_scm/_get_version_impl.py", line 40, in parse_scm_version
          return _entrypoints.version_from_entrypoint(
        File "/tmp/pip-build-env-8fw6ceer/overlay/lib/python3.9/site-packages/setuptools_scm/_entrypoints.py", line 50, in version_from_entrypoint
          maybe_version: version.ScmVersion | None = fn(root, config=config)
        File "/tmp/pip-build-env-8fw6ceer/overlay/lib/python3.9/site-packages/setuptools_scm/git.py", line 212, in parse
          _require_command("git")
        File "/tmp/pip-build-env-8fw6ceer/overlay/lib/python3.9/site-packages/setuptools_scm/_run_cmd.py", line 215, in require_command
          raise CommandNotFoundError(name)
      setuptools_scm._run_cmd.CommandNotFoundError: git
      Traceback (most recent call last):
        File "/app/.tox/py39-xdist/lib/python3.9/site-packages/pip/_vendor/pyproject_hooks/_in_process/_in_process.py", line 389, in <module>
          main()
        File "/app/.tox/py39-xdist/lib/python3.9/site-packages/pip/_vendor/pyproject_hooks/_in_process/_in_process.py", line 373, in main
          json_out["return_val"] = hook(**hook_input["kwargs"])
        File "/app/.tox/py39-xdist/lib/python3.9/site-packages/pip/_vendor/pyproject_hooks/_in_process/_in_process.py", line 157, in get_requires_for_build_editable
          return hook(config_settings)
        File "/tmp/pip-build-env-8fw6ceer/overlay/lib/python3.9/site-packages/setuptools/build_meta.py", line 473, in get_requires_for_build_editable
          return self.get_requires_for_build_wheel(config_settings)
        File "/tmp/pip-build-env-8fw6ceer/overlay/lib/python3.9/site-packages/setuptools/build_meta.py", line 331, in get_requires_for_build_wheel
          return self._get_build_requires(config_settings, requirements=[])
        File "/tmp/pip-build-env-8fw6ceer/overlay/lib/python3.9/site-packages/setuptools/build_meta.py", line 301, in _get_build_requires
          self.run_setup()
        File "/tmp/pip-build-env-8fw6ceer/overlay/lib/python3.9/site-packages/setuptools/build_meta.py", line 317, in run_setup
          exec(code, locals())
        File "<string>", line 1, in <module>
        File "/tmp/pip-build-env-8fw6ceer/overlay/lib/python3.9/site-packages/setuptools/__init__.py", line 115, in setup
          return distutils.core.setup(**attrs)
        File "/tmp/pip-build-env-8fw6ceer/overlay/lib/python3.9/site-packages/setuptools/_distutils/core.py", line 148, in setup
          _setup_distribution = dist = klass(attrs)
        File "/tmp/pip-build-env-8fw6ceer/overlay/lib/python3.9/site-packages/setuptools/dist.py", line 321, in __init__
          _Distribution.__init__(self, dist_attrs)
        File "/tmp/pip-build-env-8fw6ceer/overlay/lib/python3.9/site-packages/setuptools/_distutils/dist.py", line 309, in __init__
          self.finalize_options()
        File "/tmp/pip-build-env-8fw6ceer/overlay/lib/python3.9/site-packages/setuptools/dist.py", line 784, in finalize_options
          ep(self)
        File "/tmp/pip-build-env-8fw6ceer/overlay/lib/python3.9/site-packages/setuptools_scm/_integration/setuptools.py", line 123, in infer_version
          _assign_version(dist, config)
        File "/tmp/pip-build-env-8fw6ceer/overlay/lib/python3.9/site-packages/setuptools_scm/_integration/setuptools.py", line 58, in _assign_version
          _version_missing(config)
        File "/tmp/pip-build-env-8fw6ceer/overlay/lib/python3.9/site-packages/setuptools_scm/_get_version_impl.py", line 117, in _version_missing
          raise LookupError(
      LookupError: setuptools-scm was unable to detect version for /app.

      Make sure you're either building from a fully intact git repository or PyPI tarballs. Most other sources (such as GitHub's tarballs, a git checkout without the .git folder) don't contain the necessary metadata and will not work.

Obtaining file:///app
  Installing build dependencies: started
  Installing build dependencies: finished with status 'done'
      For example, if you're using pip, instead of https://github.com/user/proj/archive/master.zip use git+https://github.com/user/proj.git#egg=proj

      Alternatively, set the version with the environment variable SETUPTOOLS_SCM_PRETEND_VERSION_FOR_${NORMALIZED_DIST_NAME} as described in https://setuptools-scm.readthedocs.io/en/latest/config.
      [end of output]

  Checking if build backend supports build_editable: started
  Checking if build backend supports build_editable: finished with status 'done'
  Getting requirements to build editable: started
  Getting requirements to build editable: finished with status 'error'
py39-xdist: exit 1 (3.31 seconds) /app> python -I -m pip install 'pytest-xdist>=2.1.0' -e . pid=29
  note: This error originates from a subprocess, and is likely not a problem with pip.
error: subprocess-exited-with-error

Ã— Getting requirements to build editable did not run successfully.
â”‚ exit code: 1
â•°â”€> See above for output.

note: This error originates from a subprocess, and is likely not a problem with pip.
  py39-xdist: FAIL code 1 (3.73 seconds)
  evaluation failed :( (4.20 seconds)
[39m
