==> include/pocketpy.h
==> include/pocketpy/export.h
==> include/pocketpy/config.h
==> include/pocketpy/pocketpy.h
==> include/pocketpy/vmath.h
==> include/pocketpy/common/chunkedvector.h
==> include/pocketpy/common/socket.h
==> include/pocketpy/common/smallmap.h
==> include/pocketpy/common/sstream.h
==> include/pocketpy/common/utils.h
==> include/pocketpy/common/name.h
==> include/pocketpy/common/memorypool.h
==> include/pocketpy/common/str.h
==> include/pocketpy/common/vector.h
==> include/pocketpy/common/threads.h
==> include/pocketpy/common/algorithm.h
==> include/pocketpy/common/_generated.h
==> include/pocketpy/debugger/core.h
==> include/pocketpy/objects/exception.h
==> include/pocketpy/objects/base.h
==> include/pocketpy/objects/container.h
==> include/pocketpy/objects/sourcedata.h
==> include/pocketpy/objects/namedict.h
==> include/pocketpy/objects/error.h
==> include/pocketpy/objects/bintree.h
==> include/pocketpy/objects/codeobject.h
==> include/pocketpy/objects/object.h
==> include/pocketpy/objects/iterator.h
==> include/pocketpy/interpreter/vm.h
==> include/pocketpy/interpreter/objectpool.h
==> include/pocketpy/interpreter/generator.h
==> include/pocketpy/interpreter/typeinfo.h
==> include/pocketpy/interpreter/heap.h
==> include/pocketpy/interpreter/frame.h
==> include/pocketpy/interpreter/array2d.h
==> include/pocketpy/interpreter/line_profiler.h
==> include/pocketpy/interpreter/modules.h
==> include/pocketpy/interpreter/bindings.h
==> include/pocketpy/interpreter/types.h
==> include/pocketpy/compiler/lexer.h
==> include/pocketpy/compiler/compiler.h
-- The C compiler identification is GNU 11.4.0
-- The CXX compiler identification is GNU 11.4.0
-- Detecting C compiler ABI info
-- Detecting C compiler ABI info - done
-- Check for working C compiler: /usr/bin/cc - skipped
-- Detecting C compile features
-- Detecting C compile features - done
-- Detecting CXX compiler ABI info
-- Detecting CXX compiler ABI info - done
-- Check for working CXX compiler: /usr/bin/c++ - skipped
-- Detecting CXX compile features
-- Detecting CXX compile features - done
CMake Error at CMakeLists.txt:65 (add_subdirectory):
  The source directory

    /app/3rd/dmath/dmath

  does not contain a CMakeLists.txt file.


>> Fetching mimalloc
CMake Error at /usr/share/cmake-3.22/Modules/ExternalProject.cmake:2666 (message):
  error: could not find git for clone of mimalloc-populate
Call Stack (most recent call first):
  /usr/share/cmake-3.22/Modules/ExternalProject.cmake:3716 (_ep_add_download_command)
  CMakeLists.txt:23 (ExternalProject_Add)


-- Configuring incomplete, errors occurred!
See also "/app/build/_deps/mimalloc-subbuild/CMakeFiles/CMakeOutput.log".

CMake Error at /usr/share/cmake-3.22/Modules/FetchContent.cmake:1075 (message):
  CMake step for mimalloc failed: 1
Call Stack (most recent call first):
  /usr/share/cmake-3.22/Modules/FetchContent.cmake:1216:EVAL:2 (__FetchContent_directPopulate)
  /usr/share/cmake-3.22/Modules/FetchContent.cmake:1216 (cmake_language)
  /usr/share/cmake-3.22/Modules/FetchContent.cmake:1259 (FetchContent_Populate)
  CMakeLists.txt:99 (FetchContent_MakeAvailable)


-- Configuring incomplete, errors occurred!
See also "/app/build/CMakeFiles/CMakeOutput.log".
Traceback (most recent call last):
  File "/app/cmake_build.py", line 24, in <module>
    assert code == 0
AssertionError
CPython: 3.10.12 (main, Aug 15 2025, 14:32:43) [GCC 11.4.0]
System: 64-bit
Testing directory: tests/
> tests/01_int.py
sh: 1: ./main: not found
Return code: 32512
--------------------------------------------------
TEST FAILED!
Error: 'main' executable not found.
