    Updating crates.io index
    Updating git repository `https://github.com/clockworklabs/iai-callgrind.git`
 Downloading crates ...
  Downloaded ahash v0.8.12
  Downloaded alloc-stdlib v0.2.2
  Downloaded alloc-no-stdlib v2.0.4
  Downloaded addr2line v0.24.2
  Downloaded crc32c v0.6.8
  Downloaded allocator-api2 v0.2.21
  Downloaded base64 v0.21.7
  Downloaded aho-corasick v1.1.3
  Downloaded bzip2-sys v0.1.13+1.0.8
  Downloaded tinyvec v1.9.0
  Downloaded matchers v0.1.0
  Downloaded icu_provider v1.5.0
  Downloaded tinyvec_macros v0.1.1
  Downloaded tracing-flame v0.2.0
  Downloaded cranelift-codegen-meta v0.112.3
  Downloaded zerovec-derive v0.10.3
  Downloaded tungstenite v0.27.0
  Downloaded pem v3.0.5
  Downloaded is_terminal_polyfill v1.70.1
  Downloaded chrono v0.4.41
  Downloaded tracing-log v0.2.0
  Downloaded typenum v1.18.0
  Downloaded regex v1.11.1
  Downloaded mimalloc v0.1.46
  Downloaded encoding_rs v0.8.35
  Downloaded tracing-tracy v0.10.5
  Downloaded dashmap v6.1.0
  Downloaded zstd v0.13.3
  Downloaded pin-utils v0.1.0
  Downloaded vcpkg v0.2.15
  Downloaded either v1.15.0
  Downloaded rancor v0.1.0
  Downloaded simdutf8 v0.1.5
  Downloaded terminal_size v0.4.2
  Downloaded zerofrom-derive v0.1.6
  Downloaded tar v0.4.44
  Downloaded errno v0.3.11
  Downloaded nu-ansi-term v0.46.0
  Downloaded signal-hook-registry v1.4.5
  Downloaded tracy-client v0.16.5
  Downloaded zerofrom v0.1.6
  Downloaded pin-project-lite v0.2.16
  Downloaded tower-layer v0.3.3
  Downloaded untrusted v0.9.0
  Downloaded headers-core v0.3.0
  Downloaded regex-automata v0.1.10
  Downloaded unicode-ident v1.0.18
  Downloaded wasmtime-asm-macros v25.0.3
  Downloaded hashbrown v0.12.3
  Downloaded glob v0.3.2
  Downloaded getrandom v0.2.16
  Downloaded rustls v0.23.27
  Downloaded icu_provider_macros v1.5.0
  Downloaded httpdate v1.0.3
  Downloaded foreign-types-shared v0.1.1
  Downloaded self-replace v1.5.0
  Downloaded sqlparser v0.38.0
  Downloaded tikv-jemallocator v0.6.0
  Downloaded humantime v2.2.0
  Downloaded num-format v0.4.4
  Downloaded strsim v0.11.1
  Downloaded form_urlencoded v1.2.1
  Downloaded tokio-native-tls v0.3.1
  Downloaded semver v1.0.26
  Downloaded ident_case v1.0.1
  Downloaded write16 v1.0.0
  Downloaded hostname v0.3.1
  Downloaded idna v1.0.3
  Downloaded serde_urlencoded v0.7.1
  Downloaded wasmtime-types v25.0.3
  Downloaded icu_properties_data v1.5.1
  Downloaded slice-group-by v0.3.1
  Downloaded rgb v0.8.50
  Downloaded rend v0.5.2
  Downloaded proc-macro-error-attr v1.0.4
  Downloaded prost-derive v0.13.5
  Downloaded ryu v1.0.20
  Downloaded filetime v0.2.25
  Downloaded plist v1.7.1
  Downloaded xdg v2.5.2
  Downloaded sptr v0.3.2
  Downloaded second-stack v0.3.5
  Downloaded serde_with_macros v3.12.0
  Downloaded icu_normalizer_data v1.5.1
  Downloaded icu_normalizer v1.5.0
  Downloaded icu_locid v1.5.0
  Downloaded num-bigint v0.4.6
  Downloaded sync_wrapper v1.0.2
  Downloaded rustls-pki-types v1.12.0
  Downloaded xz2 v0.1.7
  Downloaded thread_local v1.1.8
  Downloaded hmac v0.12.1
  Downloaded futures-io v0.3.31
  Downloaded yoke v0.7.5
  Downloaded subtle v2.6.1
  Downloaded itertools v0.11.0
  Downloaded serde_path_to_error v0.1.17
  Downloaded strum v0.25.0
  Downloaded fastrand v2.3.0
  Downloaded spin v0.9.8
  Downloaded prometheus v0.13.4
  Downloaded yaml-rust v0.4.5
  Downloaded spacetimedb-jsonwebtoken v9.3.0
  Downloaded tower-http v0.5.2
  Downloaded yansi v1.0.1
  Downloaded zerovec v0.10.4
  Downloaded wasmtime-cranelift v25.0.3
  Downloaded wit-parser v0.217.1
  Downloaded futures-util v0.3.31
  Downloaded wasmtime-component-macro v25.0.3
  Downloaded reqwest v0.11.27
  Downloaded serde_json v1.0.140
  Downloaded syn v1.0.109
  Downloaded zerocopy v0.8.25
  Downloaded syn v2.0.101
  Downloaded gimli v0.29.0
  Downloaded object v0.36.7
  Downloaded regex-syntax v0.6.29
  Downloaded tracy-client-sys v0.22.2
  Downloaded nix v0.30.1
  Downloaded faststr v0.2.31
  Downloaded regex-syntax v0.8.5
  Downloaded openssl v0.10.72
  Downloaded gimli v0.31.1
  Downloaded nix v0.26.4
  Downloaded sled v0.34.7
  Downloaded reqwest v0.12.15
  Downloaded winnow v0.7.10
  Downloaded unicode-width v0.2.0
  Downloaded unicode-width v0.1.14
  Downloaded wasmtime v25.0.3
  Downloaded hyper v0.14.32
  Downloaded serde_with v3.12.0
  Downloaded time v0.3.41
  Downloaded tracing-subscriber v0.3.19
  Downloaded wasmtime-environ v25.0.3
  Downloaded petgraph v0.6.5
  Downloaded lzma-sys v0.1.20
  Downloaded libmimalloc-sys v0.1.42
  Downloaded hyper v1.6.0
  Downloaded libc v0.2.172
  Downloaded portable-atomic v1.11.0
  Downloaded rustyline v12.0.0
  Downloaded rkyv v0.8.10
  Downloaded fancy-regex v0.11.0
  Downloaded http v0.2.12
  Downloaded hashbrown v0.15.3
  Downloaded unicode-normalization v0.1.24
  Downloaded tikv-jemalloc-sys v0.6.0+5.3.0-1-ge13ca993e8ccb9ba9847cc330696e02839f328f7
  Downloaded hashbrown v0.14.5
  Downloaded toml_edit v0.22.26
  Downloaded socket2 v0.5.9
  Downloaded http v1.3.1
  Downloaded headers v0.4.0
  Downloaded unicode-segmentation v1.12.0
  Downloaded tokio-util v0.7.15
  Downloaded libm v0.2.15
  Downloaded smallvec v1.15.0
  Downloaded generic-array v0.14.7
  Downloaded rustls-webpki v0.103.2
  Downloaded flate2 v1.1.1
  Downloaded rustc_version v0.4.1
  Downloaded yoke-derive v0.7.5
  Downloaded fallible-iterator v0.3.0
  Downloaded which v6.0.3
  Downloaded tokio-rustls v0.26.2
  Downloaded strum_macros v0.25.3
  Downloaded itertools v0.12.1
  Downloaded spacetimedb-jwks v0.1.3
  Downloaded serde_spanned v0.6.8
  Downloaded wasmtime-slab v25.0.3
  Downloaded url v2.5.4
  Downloaded toml v0.8.22
  Downloaded hashbrown v0.13.2
  Downloaded same-file v1.0.6
  Downloaded futures-task v0.3.31
  Downloaded nom v7.1.3
  Downloaded heck v0.5.0
  Downloaded heck v0.4.1
  Downloaded ring v0.17.14
  Downloaded futures-sink v0.3.31
  Downloaded prost v0.13.5
  Downloaded rkyv_derive v0.8.10
  Downloaded memchr v2.7.4
  Downloaded proc-macro2 v1.0.95
  Downloaded webbrowser v1.0.4
  Downloaded wasmtime-jit-icache-coherence v25.0.3
  Downloaded wasmtime-component-util v25.0.3
  Downloaded fd-lock v3.0.13
  Downloaded icu_properties v1.5.1
  Downloaded icu_locid_transform_data v1.5.1
  Downloaded icu_locid_transform v1.5.0
  Downloaded icu_collections v1.5.0
  Downloaded hyper-util v0.1.11
  Downloaded minimal-lexical v0.2.1
  Downloaded hex v0.4.3
  Downloaded synstructure v0.12.6
  Downloaded sync_wrapper v0.1.2
  Downloaded rustls-pemfile v2.2.0
  Downloaded rustc-demangle v0.1.24
  Downloaded futures-executor v0.3.31
  Downloaded fs2 v0.4.3
  Downloaded proc-macro-error v1.0.4
  Downloaded id-arena v2.2.1
  Downloaded fxhash v0.2.1
  Downloaded serde_derive v1.0.219
  Downloaded thiserror-impl v2.0.12
  Downloaded synstructure v0.13.2
  Downloaded rustversion v1.0.20
  Downloaded rustc-hash v2.1.1
  Downloaded http-body v1.0.1
  Downloaded urlencoding v2.1.3
  Downloaded try-lock v0.2.5
  Downloaded tower-service v0.3.3
  Downloaded linux-raw-sys v0.4.15
  Downloaded toml_write v0.1.1
  Downloaded toml_datetime v0.6.9
  Downloaded http-body v0.4.6
  Downloaded linux-raw-sys v0.9.4
  Downloaded tokio-tungstenite v0.27.0
  Downloaded tokio-stream v0.1.17
  Downloaded thin-vec v0.2.14
  Downloaded scopeguard v1.2.0
  Downloaded mio v1.0.3
  Downloaded home v0.5.11
  Downloaded fixedbitset v0.4.2
  Downloaded imara-diff v0.1.8
  Downloaded fs-err v2.11.0
  Downloaded getrandom v0.3.2
  Downloaded ethnum v1.5.1
  Downloaded rustix v0.38.44
  Downloaded futures v0.3.31
  Downloaded rustix v1.0.7
  Downloaded iana-time-zone v0.1.63
  Downloaded hyper-rustls v0.27.5
  Downloaded miniz_oxide v0.8.8
  Downloaded wasmtime-cache v25.0.3
  Downloaded serde v1.0.219
  Downloaded similar v2.7.0
  Downloaded postcard v1.1.1
  Downloaded num_cpus v1.16.0
  Downloaded wasmprinter v0.217.1
  Downloaded httparse v1.10.1
  Downloaded foreign-types v0.3.2
  Downloaded thiserror-impl v1.0.69
  Downloaded http-body-util v0.1.3
  Downloaded syntect v5.2.0
  Downloaded sha3 v0.10.8
  Downloaded regex-automata v0.4.9
  Downloaded prettyplease v0.2.34
  Downloaded futures-macro v0.3.31
  Downloaded str_stack v0.1.0
  Downloaded stable_deref_trait v1.2.0
  Downloaded slab v0.4.9
  Downloaded simple_asn1 v0.6.3
  Downloaded rustls-pemfile v1.0.4
  Downloaded hyper-tls v0.6.0
  Downloaded hyper-tls v0.5.0
  Downloaded futures-channel v0.3.31
  Downloaded native-tls v0.2.14
  Downloaded radix_trie v0.2.1
  Downloaded h2 v0.4.10
  Downloaded h2 v0.3.26
  Downloaded xattr v1.5.0
  Downloaded tabled v0.14.0
  Downloaded rayon v1.10.0
  Downloaded quick-xml v0.37.5
  Downloaded wasmparser v0.217.1
  Downloaded openssl-sys v0.9.108
  Downloaded mappings v0.7.1
  Downloaded tower v0.5.2
  Downloaded quick-xml v0.32.0
  Downloaded protobuf v2.28.0
  Downloaded papergrid v0.10.0
  Downloaded futures-core v0.3.31
  Downloaded zeroize_derive v1.4.2
  Downloaded tracing v0.1.41
  Downloaded pretty_assertions v1.4.1
  Downloaded pin-project-internal v1.1.10
  Downloaded parking_lot_core v0.9.10
  Downloaded parking_lot v0.11.2
  Downloaded num-traits v0.2.19
  Downloaded num-rational v0.4.2
  Downloaded num-complex v0.4.6
  Downloaded multer v3.1.0
  Downloaded memmap2 v0.9.5
  Downloaded regalloc2 v0.10.2
  Downloaded zip v2.6.1
  Downloaded gzip-header v1.0.0
  Downloaded tracing-core v0.1.33
  Downloaded thiserror v1.0.69
  Downloaded fslock v0.2.1
  Downloaded fnv v1.0.7
  Downloaded zeroize v1.8.1
  Downloaded tracing-attributes v0.1.28
  Downloaded termcolor v1.4.1
  Downloaded tempfile v3.20.0
  Downloaded target-lexicon v0.12.16
  Downloaded sharded-slab v0.1.7
  Downloaded rand v0.9.1
  Downloaded env_filter v0.1.3
  Downloaded dialoguer v0.11.0
  Downloaded zstd-framed v0.1.1
  Downloaded foldhash v0.1.5
  Downloaded writeable v0.5.5
  Downloaded wasmtime-versioned-export-macros v25.0.3
  Downloaded tabled_derive v0.6.0
  Downloaded simd-adler32 v0.3.7
  Downloaded duct v0.13.7
  Downloaded data-encoding v2.9.0
  Downloaded inferno v0.12.2
  Downloaded pin-project v1.1.10
  Downloaded lock_api v0.4.12
  Downloaded jemalloc_pprof v0.8.1
  Downloaded directories-next v2.0.0
  Downloaded parking_lot_core v0.8.6
  Downloaded matchit v0.7.3
  Downloaded ipnet v2.11.0
  Downloaded equivalent v1.0.2
  Downloaded pprof_util v0.8.0
  Downloaded paste v1.0.15
  Downloaded lzma-rs v0.3.0
  Downloaded litemap v0.7.5
  Downloaded libloading v0.8.8
  Downloaded jobserver v0.1.33
  Downloaded shell-words v1.1.0
  Downloaded rand_chacha v0.9.0
  Downloaded ptr_meta v0.3.0
  Downloaded embedded-io v0.4.0
  Downloaded diff v0.1.13
  Downloaded dashmap v5.5.3
  Downloaded wasmbin v0.6.0
  Downloaded ppv-lite86 v0.2.21
  Downloaded powerfmt v0.2.0
  Downloaded pkg-config v0.3.32
  Downloaded lazy_static v1.5.0
  Downloaded wasmtime-wit-bindgen v25.0.3
  Downloaded tracing-log v0.1.4
  Downloaded tracing-appender v0.2.3
  Downloaded sha2 v0.10.9
  Downloaded rand_core v0.9.3
  Downloaded dirs-sys-next v0.1.2
  Downloaded wasmbin-derive v0.2.3
  Downloaded version_check v0.9.5
  Downloaded num-integer v0.1.46
  Downloaded shlex v1.3.0
  Downloaded shared_child v1.0.2
  Downloaded deflate64 v0.1.9
  Downloaded zopfli v0.8.2
  Downloaded pbkdf2 v0.12.2
  Downloaded os_pipe v1.2.1
  Downloaded memfd v0.6.4
  Downloaded deranged v0.4.0
  Downloaded decorum v0.3.1
  Downloaded quote v1.0.40
  Downloaded ptr_meta_derive v0.3.0
  Downloaded env_logger v0.11.8
  Downloaded enum-map-derive v0.17.0
  Downloaded enum-map v2.7.3
  Downloaded enum-as-inner v0.6.1
  Downloaded endian-type v0.1.2
  Downloaded embedded-io v0.6.1
  Downloaded email_address v0.2.9
  Downloaded displaydoc v0.2.5
  Downloaded dirs-sys v0.4.1
  Downloaded digest v0.10.7
  Downloaded derive_more v0.99.20
  Downloaded derive_arbitrary v1.4.1
  Downloaded darling_macro v0.20.11
  Downloaded zstd-safe v7.2.4
  Downloaded wasm-encoder v0.217.1
  Downloaded walkdir v2.5.0
  Downloaded uuid v1.16.0
  Downloaded indexmap v2.9.0
  Downloaded darling_core v0.20.11
  Downloaded dirs v5.0.1
  Downloaded parking_lot v0.12.3
  Downloaded nibble_vec v0.1.0
  Downloaded log v0.4.27
  Downloaded is-terminal v0.4.16
  Downloaded percent-encoding v2.3.1
  Downloaded num-iter v0.1.45
  Downloaded utf16_iter v1.0.5
  Downloaded utf-8 v0.7.6
  Downloaded want v0.3.1
  Downloaded utf8_iter v1.0.4
  Downloaded indexmap v1.9.3
  Downloaded tinystr v0.7.6
  Downloaded option-ext v0.2.0
  Downloaded openssl-macros v0.1.1
  Downloaded number_prefix v0.4.0
  Downloaded num-conv v0.1.0
  Downloaded num v0.4.3
  Downloaded munge v0.4.4
  Downloaded mime v0.3.17
  Downloaded linked-hash-map v0.5.6
  Downloaded leb128 v0.2.5
  Downloaded keccak v0.1.5
  Downloaded cranelift-codegen v0.112.3
  Downloaded zstd-sys v2.0.15+zstd.1.5.7
  Downloaded tokio-metrics v0.4.2
  Downloaded tokio v1.45.0
  Downloaded once_cell v1.21.3
  Downloaded indicatif v0.17.11
  Downloaded parse-size v1.1.0
  Downloaded match_cfg v0.1.0
  Downloaded instant v0.1.13
  Downloaded bytestring v1.4.0
  Downloaded sha1 v0.10.6
  Downloaded rayon-core v1.12.1
  Downloaded overload v0.1.1
  Downloaded utf8parse v0.2.2
  Downloaded unicode-xid v0.2.6
  Downloaded tokio-macros v2.5.0
  Downloaded openssl-probe v0.1.6
  Downloaded nohash-hasher v0.2.0
  Downloaded itoa v1.0.15
  Downloaded clap_builder v4.5.37
  Downloaded bindgen v0.71.1
  Downloaded time-macros v0.2.22
  Downloaded crossbeam-channel v0.5.15
  Downloaded cranelift-isle v0.112.3
  Downloaded brotli-decompressor v2.5.1
  Downloaded blake3 v1.8.2
  Downloaded backtrace v0.3.75
  Downloaded axum v0.7.9
  Downloaded time-core v0.1.4
  Downloaded tikv-jemalloc-ctl v0.6.0
  Downloaded munge_macro v0.4.4
  Downloaded cranelift-wasm v0.112.3
  Downloaded cpp_demangle v0.4.4
  Downloaded clap v4.5.37
  Downloaded cc v1.2.21
  Downloaded bumpalo v3.17.0
  Downloaded bigdecimal v0.4.8
  Downloaded base64 v0.22.1
  Downloaded darling v0.20.11
  Downloaded crossbeam-queue v0.3.12
  Downloaded crossbeam-deque v0.8.6
  Downloaded crc v3.3.0
  Downloaded cranelift-native v0.112.3
  Downloaded cranelift-bitset v0.112.3
  Downloaded cranelift-bforest v0.112.3
  Downloaded convert_case v0.4.0
  Downloaded constant_time_eq v0.3.1
  Downloaded console v0.15.11
  Downloaded cobs v0.2.3
  Downloaded clap_lex v0.7.4
  Downloaded clang-sys v1.8.1
  Downloaded bytes v1.10.1
  Downloaded bytemuck_derive v1.9.3
  Downloaded bytemuck v1.23.0
  Downloaded idna_adapter v1.2.0
  Downloaded custom_debug_derive v0.5.1
  Downloaded custom_debug v0.5.1
  Downloaded crypto-common v0.1.6
  Downloaded crossbeam-utils v0.8.21
  Downloaded crossbeam-epoch v0.9.18
  Downloaded crc32fast v1.4.2
  Downloaded crc-catalog v2.4.0
  Downloaded cranelift-frontend v0.112.3
  Downloaded cranelift-entity v0.112.3
  Downloaded cranelift-control v0.112.3
  Downloaded cranelift-codegen-shared v0.112.3
  Downloaded core_affinity v0.8.3
  Downloaded colored v2.2.0
  Downloaded colorchoice v1.0.3
  Downloaded clap-markdown v0.1.5
  Downloaded cipher v0.4.4
  Downloaded cfg_aliases v0.2.1
  Downloaded cfg-if v1.0.0
  Downloaded cargo_metadata v0.17.0
  Downloaded camino v1.1.9
  Downloaded bzip2 v0.5.2
  Downloaded byteorder v1.5.0
  Downloaded bytecount v0.6.8
  Downloaded brotli v3.5.0
  Downloaded block-buffer v0.10.4
  Downloaded bitflags v2.9.0
  Downloaded bitflags v1.3.2
  Downloaded bincode v1.3.3
  Downloaded axum-extra v0.9.6
  Downloaded axum-core v0.4.5
  Downloaded autocfg v1.4.0
  Downloaded atomic-waker v1.1.2
  Downloaded async_singleflight v0.5.2
  Downloaded async-trait v0.1.88
  Downloaded arbitrary v1.4.1
  Downloaded anyhow v1.0.98
  Downloaded anstyle-parse v0.2.6
  Downloaded thiserror v2.0.12
  Downloaded inout v0.1.4
  Downloaded cexpr v0.6.0
  Downloaded cargo-platform v0.1.9
  Downloaded bit-vec v0.6.3
  Downloaded bit-set v0.5.3
  Downloaded async-stream-impl v0.3.6
  Downloaded async-stream v0.3.6
  Downloaded arrayvec v0.7.6
  Downloaded arrayref v0.3.9
  Downloaded approx v0.3.2
  Downloaded anstyle-query v1.1.2
  Downloaded anstyle v1.0.10
  Downloaded anstream v0.6.18
  Downloaded aes v0.8.4
  Downloaded cpufeatures v0.2.17
  Downloaded convert_case v0.6.0
  Downloaded clap_derive v4.5.32
  Downloaded async_cache v0.3.1
  Downloaded adler2 v2.0.0
  Downloaded addr2line v0.22.0
  Downloaded openssl-src v300.5.0+3.5.0
  Downloaded v8 v137.2.1
   Compiling proc-macro2 v1.0.95
   Compiling unicode-ident v1.0.18
   Compiling libc v0.2.172
   Compiling serde v1.0.219
   Compiling cfg-if v1.0.0
   Compiling autocfg v1.4.0
   Compiling shlex v1.3.0
   Compiling crossbeam-utils v0.8.21
   Compiling memchr v2.7.4
   Compiling version_check v0.9.5
   Compiling once_cell v1.21.3
   Compiling either v1.15.0
   Compiling rayon-core v1.12.1
   Compiling foldhash v0.1.5
   Compiling equivalent v1.0.2
   Compiling log v0.4.27
   Compiling bytes v1.10.1
   Compiling bitflags v2.9.0
   Compiling itoa v1.0.15
   Compiling scopeguard v1.2.0
   Compiling parking_lot_core v0.9.10
   Compiling getrandom v0.3.2
   Compiling fnv v1.0.7
   Compiling pin-project-lite v0.2.16
   Compiling zerocopy v0.8.25
   Compiling typenum v1.18.0
   Compiling pkg-config v0.3.32
   Compiling adler2 v2.0.0
   Compiling thiserror v1.0.69
   Compiling object v0.36.7
   Compiling gimli v0.31.1
   Compiling rustc-demangle v0.1.24
   Compiling anyhow v1.0.98
   Compiling futures-core v0.3.31
   Compiling subtle v2.6.1
   Compiling futures-sink v0.3.31
   Compiling paste v1.0.15
   Compiling heck v0.5.0
   Compiling lazy_static v1.5.0
   Compiling arrayvec v0.7.6
   Compiling futures-io v0.3.31
   Compiling pin-utils v0.1.0
   Compiling ryu v1.0.20
   Compiling futures-task v0.3.31
   Compiling serde_json v1.0.140
   Compiling heck v0.4.1
   Compiling protobuf v2.28.0
   Compiling iana-time-zone v0.1.63
   Compiling prometheus v0.13.4
   Compiling constant_time_eq v0.3.1
   Compiling nohash-hasher v0.2.0
   Compiling hex v0.4.3
   Compiling arrayref v0.3.9
   Compiling humantime v2.2.0
   Compiling keccak v0.1.5
   Compiling convert_case v0.4.0
   Compiling rustix v1.0.7
   Compiling second-stack v0.3.5
   Compiling linux-raw-sys v0.9.4
   Compiling stable_deref_trait v1.2.0
   Compiling lock_api v0.4.12
   Compiling num-traits v0.2.19
   Compiling crc32fast v1.4.2
   Compiling generic-array v0.14.7
   Compiling miniz_oxide v0.8.8
   Compiling ahash v0.8.12
   Compiling slab v0.4.9
   Compiling tracing-core v0.1.33
   Compiling itertools v0.12.1
   Compiling allocator-api2 v0.2.21
   Compiling httparse v1.10.1
   Compiling vcpkg v0.2.15
   Compiling spacetimedb-lib v1.3.0 (/app/crates/lib)
   Compiling writeable v0.5.5
   Compiling zstd-safe v7.2.4
   Compiling icu_locid_transform_data v1.5.1
   Compiling litemap v0.7.5
   Compiling tower-service v0.3.3
   Compiling futures-channel v0.3.31
   Compiling http v1.3.1
   Compiling tinyvec_macros v0.1.1
   Compiling sqlparser v0.38.0
   Compiling try-lock v0.2.5
   Compiling openssl v0.10.72
   Compiling foreign-types-shared v0.1.1
   Compiling icu_properties_data v1.5.1
   Compiling httpdate v1.0.3
   Compiling fixedbitset v0.4.2
   Compiling base64 v0.22.1
   Compiling rustversion v1.0.20
   Compiling time-core v0.1.4
   Compiling num-conv v0.1.0
   Compiling tinyvec v1.9.0
   Compiling powerfmt v0.2.0
   Compiling icu_normalizer_data v1.5.1
   Compiling cpufeatures v0.2.17
   Compiling semver v1.0.26
   Compiling native-tls v0.2.14
   Compiling openssl-probe v0.1.6
   Compiling utf8parse v0.2.2
   Compiling percent-encoding v2.3.1
   Compiling utf8_iter v1.0.4
   Compiling mime v0.3.17
   Compiling ident_case v1.0.1
   Compiling fastrand v2.3.0
   Compiling utf16_iter v1.0.5
   Compiling write16 v1.0.0
   Compiling syn v1.0.109
   Compiling libm v0.2.15
   Compiling strsim v0.11.1
   Compiling crossbeam-epoch v0.9.18
   Compiling crossbeam-queue v0.3.12
   Compiling foreign-types v0.3.2
   Compiling want v0.3.1
   Compiling time-macros v0.2.22
   Compiling aho-corasick v1.1.3
   Compiling is_terminal_polyfill v1.70.1
   Compiling atomic-waker v1.1.2
   Compiling anstyle v1.0.10
   Compiling thiserror v2.0.12
   Compiling colorchoice v1.0.3
   Compiling regex-syntax v0.8.5
   Compiling anstyle-query v1.1.2
   Compiling cranelift-isle v0.112.3
   Compiling quote v1.0.40
   Compiling deranged v0.4.0
   Compiling form_urlencoded v1.2.1
   Compiling anstyle-parse v0.2.6
   Compiling bigdecimal v0.4.8
   Compiling rustix v0.38.44
   Compiling base64 v0.21.7
   Compiling clap_lex v0.7.4
   Compiling bumpalo v3.17.0
   Compiling target-lexicon v0.12.16
   Compiling cranelift-codegen-shared v0.112.3
   Compiling flate2 v1.1.1
   Compiling encoding_rs v0.8.35
   Compiling linux-raw-sys v0.4.15
   Compiling tower-layer v0.3.3
   Compiling glob v0.3.2
   Compiling xdg v2.5.2
   Compiling syn v2.0.101
   Compiling jobserver v0.1.33
   Compiling crossbeam-deque v0.8.6
   Compiling http-body v1.0.1
   Compiling sync_wrapper v1.0.2
   Compiling proc-macro-error-attr v1.0.4
   Compiling prettyplease v0.2.34
   Compiling leb128 v0.2.5
   Compiling slice-group-by v0.3.1
   Compiling winnow v0.7.10
   Compiling arbitrary v1.4.1
   Compiling rustc-hash v2.1.1
   Compiling toml_write v0.1.1
   Compiling http v0.2.12
   Compiling proc-macro-error v1.0.4
   Compiling untrusted v0.9.0
   Compiling regex-syntax v0.6.29
   Compiling termcolor v1.4.1
   Compiling unicode-normalization v0.1.24
   Compiling anstream v0.6.18
   Compiling http-body-util v0.1.3
   Compiling cranelift-codegen-meta v0.112.3
   Compiling ipnet v2.11.0
   Compiling minimal-lexical v0.2.1
   Compiling cc v1.2.21
   Compiling libloading v0.8.8
   Compiling crossbeam-channel v0.5.15
   Compiling pem v3.0.5
   Compiling cobs v0.2.3
   Compiling overload v0.1.1
   Compiling approx v0.3.2
   Compiling num-integer v0.1.46
   Compiling clang-sys v1.8.1
   Compiling bindgen v0.71.1
   Compiling cpp_demangle v0.4.4
   Compiling diff v0.1.13
   Compiling byteorder v1.5.0
   Compiling unicode-width v0.1.14
   Compiling yansi v1.0.1
   Compiling nu-ansi-term v0.46.0
   Compiling tracing-log v0.2.0
   Compiling decorum v0.3.1
   Compiling spacetimedb-primitives v1.3.0 (/app/crates/primitives)
   Compiling itertools v0.11.0
   Compiling thread_local v1.1.8
   Compiling env_filter v0.1.3
   Compiling sharded-slab v0.1.7
   Compiling bytecount v0.6.8
   Compiling home v0.5.11
   Compiling option-ext v0.2.0
   Compiling parking_lot_core v0.8.6
   Compiling rayon v1.10.0
   Compiling num-complex v0.4.6
   Compiling wasm-encoder v0.217.1
   Compiling rustc_version v0.4.1
   Compiling nom v7.1.3
   Compiling papergrid v0.10.0
   Compiling num-bigint v0.4.6
   Compiling num-iter v0.1.45
   Compiling socket2 v0.5.9
   Compiling signal-hook-registry v1.4.5
   Compiling mio v1.0.3
   Compiling fs2 v0.4.3
   Compiling getrandom v0.2.16
   Compiling memmap2 v0.9.5
   Compiling dirs-sys-next v0.1.2
   Compiling addr2line v0.24.2
   Compiling pretty_assertions v1.4.1
   Compiling env_logger v0.11.8
   Compiling dirs-sys v0.4.1
   Compiling gzip-header v1.0.0
   Compiling fslock v0.2.1
   Compiling rand_core v0.9.3
   Compiling cranelift-control v0.112.3
   Compiling crc32c v0.6.8
   Compiling quick-xml v0.37.5
   Compiling num-format v0.4.4
   Compiling instant v0.1.13
   Compiling http-body v0.4.6
   Compiling crypto-common v0.1.6
   Compiling block-buffer v0.10.4
   Compiling cfg_aliases v0.2.1
   Compiling str_stack v0.1.0
   Compiling utf-8 v0.7.6
   Compiling wasmtime-cache v25.0.3
   Compiling alloc-no-stdlib v2.0.4
   Compiling data-encoding v2.9.0
   Compiling dirs v5.0.1
   Compiling directories-next v2.0.0
   Compiling rustls-pemfile v1.0.4
   Compiling multer v3.1.0
   Compiling nix v0.30.1
   Compiling sync_wrapper v0.1.2
   Compiling unicode-width v0.2.0
   Compiling portable-atomic v1.11.0
   Compiling digest v0.10.7
   Compiling ppv-lite86 v0.2.21
   Compiling alloc-stdlib v0.2.2
   Compiling simdutf8 v0.1.5
   Compiling time v0.3.41
   Compiling unicode-xid v0.2.6
   Compiling num_cpus v1.16.0
   Compiling fxhash v0.2.1
   Compiling headers-core v0.3.0
   Compiling wasmtime-asm-macros v25.0.3
   Compiling unicode-segmentation v1.12.0
   Compiling openssl-src v300.5.0+3.5.0
   Compiling brotli-decompressor v2.5.1
   Compiling bit-vec v0.6.3
   Compiling bitflags v1.3.2
   Compiling thin-vec v0.2.14
   Compiling wasmtime-slab v25.0.3
   Compiling matchit v0.7.3
   Compiling camino v1.1.9
   Compiling match_cfg v0.1.0
   Compiling spin v0.9.8
   Compiling sptr v0.3.2
   Compiling inout v0.1.4
   Compiling uuid v1.16.0
   Compiling filetime v0.2.25
   Compiling tracing-log v0.1.4
   Compiling sha3 v0.10.8
   Compiling sha1 v0.10.6
   Compiling hashbrown v0.13.2
   Compiling sha2 v0.10.9
   Compiling faststr v0.2.31
   Compiling console v0.15.11
   Compiling bit-set v0.5.3
   Compiling core_affinity v0.8.3
   Compiling hostname v0.3.1
   Compiling quick-xml v0.32.0
   Compiling fs-err v2.11.0
   Compiling crc-catalog v2.4.0
   Compiling similar v2.7.0
   Compiling urlencoding v2.1.3
   Compiling endian-type v0.1.2
   Compiling same-file v1.0.6
   Compiling linked-hash-map v0.5.6
   Compiling number_prefix v0.4.0
   Compiling rand_chacha v0.9.0
   Compiling headers v0.4.0
   Compiling regex-automata v0.4.9
   Compiling crc v3.3.0
   Compiling cipher v0.4.4
   Compiling hmac v0.12.1
   Compiling nix v0.26.4
   Compiling os_pipe v1.2.1
   Compiling walkdir v2.5.0
   Compiling convert_case v0.6.0
   Compiling shared_child v1.0.2
   Compiling terminal_size v0.4.2
   Compiling tempfile v3.20.0
   Compiling xattr v1.5.0
   Compiling tower-http v0.5.2
   Compiling zip v2.6.1
   Compiling yaml-rust v0.4.5
   Compiling simd-adler32 v0.3.7
   Compiling spacetimedb-cli v1.3.0 (/app/crates/cli)
   Compiling aes v0.8.4
   Compiling rand v0.9.1
   Compiling clap_builder v4.5.37
   Compiling duct v0.13.7
   Compiling pbkdf2 v0.12.2
   Compiling lzma-rs v0.3.0
   Compiling is-terminal v0.4.16
   Compiling tar v0.4.44
   Compiling colored v2.2.0
   Compiling spacetimedb-update v1.3.0 (/app/crates/update)
   Compiling deflate64 v0.1.9
   Compiling parse-size v1.1.0
   Compiling shell-words v1.1.0
   Compiling self-replace v1.5.0
   Compiling zopfli v0.8.2
   Compiling num-rational v0.4.2
   Compiling blake3 v1.8.2
   Compiling openssl-sys v0.9.108
   Compiling zstd-sys v2.0.15+zstd.1.5.7
   Compiling ring v0.17.14
   Compiling tikv-jemalloc-sys v0.6.0+5.3.0-1-ge13ca993e8ccb9ba9847cc330696e02839f328f7
   Compiling regex-automata v0.1.10
   Compiling tracy-client-sys v0.22.2
   Compiling lzma-sys v0.1.20
   Compiling libmimalloc-sys v0.1.42
   Compiling bzip2-sys v0.1.13+1.0.8
   Compiling brotli v3.5.0
   Compiling synstructure v0.12.6
   Compiling indicatif v0.17.11
   Compiling num v0.4.3
   Compiling cexpr v0.6.0
   Compiling cranelift-codegen v0.112.3
   Compiling tabled_derive v0.6.0
   Compiling custom_debug_derive v0.5.1
   Compiling which v6.0.3
   Compiling matchers v0.1.0
   Compiling bzip2 v0.5.2
   Compiling regex v1.11.1
   Compiling custom_debug v0.5.1
   Compiling memfd v0.6.4
   Compiling fd-lock v3.0.13
   Compiling mimalloc v0.1.46
   Compiling tabled v0.14.0
   Compiling xz2 v0.1.7
   Compiling synstructure v0.13.2
   Compiling darling_core v0.20.11
   Compiling serde_derive v1.0.219
   Compiling thiserror-impl v1.0.69
   Compiling tokio-macros v2.5.0
   Compiling tracing-attributes v0.1.28
   Compiling futures-macro v0.3.31
   Compiling bytemuck_derive v1.9.3
   Compiling zerofrom-derive v0.1.6
   Compiling enum-as-inner v0.6.1
   Compiling spacetimedb-bindings-macro v1.3.0 (/app/crates/bindings-macro)
   Compiling derive_more v0.99.20
   Compiling yoke-derive v0.7.5
   Compiling enum-map-derive v0.17.0
   Compiling zerovec-derive v0.10.3
   Compiling displaydoc v0.2.5
   Compiling icu_provider_macros v1.5.0
   Compiling openssl-macros v0.1.1
   Compiling thiserror-impl v2.0.12
   Compiling clap_derive v4.5.32
   Compiling strum_macros v0.25.3
   Compiling zeroize_derive v1.4.2
   Compiling wasmtime-versioned-export-macros v25.0.3
   Compiling prost-derive v0.13.5
   Compiling async-trait v0.1.88
   Compiling pin-project-internal v1.1.10
   Compiling async-stream-impl v0.3.6
   Compiling fancy-regex v0.11.0
   Compiling wasmtime v25.0.3
   Compiling enum-map v2.7.3
   Compiling async-stream v0.3.6
   Compiling futures-util v0.3.31
   Compiling zeroize v1.8.1
   Compiling rustls-pki-types v1.12.0
   Compiling bytemuck v1.23.0
   Compiling darling_macro v0.20.11
   Compiling tracing v0.1.41
   Compiling zerofrom v0.1.6
   Compiling yoke v0.7.5
   Compiling pin-project v1.1.10
   Compiling rustls-pemfile v2.2.0
   Compiling dialoguer v0.11.0
   Compiling rgb v0.8.50
   Compiling wasmbin-derive v0.2.3
   Compiling strum v0.25.0
   Compiling zerovec v0.10.4
   Compiling zstd v0.13.3
   Compiling simple_asn1 v0.6.3
   Compiling prost v0.13.5
   Compiling tracy-client v0.16.5
   Compiling darling v0.20.11
   Compiling clap v4.5.37
   Compiling serde_with_macros v3.12.0
   Compiling clap-markdown v0.1.5
   Compiling wasmbin v0.6.0
   Compiling tinystr v0.7.6
   Compiling icu_collections v1.5.0
   Compiling icu_locid v1.5.0
   Compiling icu_provider v1.5.0
   Compiling icu_locid_transform v1.5.0
   Compiling futures-executor v0.3.31
   Compiling axum-core v0.4.5
   Compiling futures v0.3.31
   Compiling icu_properties v1.5.1
   Compiling v8 v137.2.1
   Compiling smallvec v1.15.0
   Compiling hashbrown v0.15.3
   Compiling chrono v0.4.41
   Compiling ethnum v1.5.1
   Compiling bytestring v1.4.0
   Compiling hashbrown v0.14.5
   Compiling cranelift-bitset v0.112.3
   Compiling serde_urlencoded v0.7.1
   Compiling serde_spanned v0.6.8
   Compiling toml_datetime v0.6.9
   Compiling postcard v1.1.1
   Compiling serde_path_to_error v0.1.17
   Compiling email_address v0.2.9
   Compiling bincode v1.3.3
   Compiling cargo-platform v0.1.9
   Compiling tracing-subscriber v0.3.19
   Compiling nibble_vec v0.1.0
   Compiling radix_trie v0.2.1
   Compiling cranelift-entity v0.112.3
   Compiling parking_lot v0.12.3
   Compiling parking_lot v0.11.2
   Compiling rustyline v12.0.0
   Compiling icu_normalizer v1.5.0
   Compiling sled v0.34.7
   Compiling tokio v1.45.0
   Compiling cranelift-bforest v0.112.3
   Compiling regalloc2 v0.10.2
   Compiling dashmap v6.1.0
   Compiling dashmap v5.5.3
   Compiling indexmap v2.9.0
   Compiling spacetimedb-memory-usage v1.3.0 (/app/crates/memory-usage)
   Compiling imara-diff v0.1.8
   Compiling spacetimedb-data-structures v1.3.0 (/app/crates/data-structures)
   Compiling idna_adapter v1.2.0
   Compiling idna v1.0.3
   Compiling serde_with v3.12.0
   Compiling url v2.5.4
   Compiling spacetimedb-metrics v1.3.0 (/app/crates/metrics)
   Compiling petgraph v0.6.5
   Compiling gimli v0.29.0
   Compiling toml_edit v0.22.26
   Compiling wasmparser v0.217.1
   Compiling inferno v0.12.2
   Compiling plist v1.7.1
   Compiling tracing-tracy v0.10.5
   Compiling tracing-flame v0.2.0
   Compiling tracing-appender v0.2.3
   Compiling webbrowser v1.0.4
   Compiling spacetimedb-jsonwebtoken v9.3.0
   Compiling cargo_metadata v0.17.0
   Compiling syntect v5.2.0
   Compiling toml v0.8.22
   Compiling addr2line v0.22.0
   Compiling tokio-util v0.7.15
   Compiling zstd-framed v0.1.1
   Compiling tower v0.5.2
   Compiling async_singleflight v0.5.2
   Compiling backtrace v0.3.75
   Compiling h2 v0.4.10
   Compiling h2 v0.3.26
   Compiling tokio-stream v0.1.17
   Compiling spacetimedb-sats v1.3.0 (/app/crates/sats)
   Compiling spacetimedb-paths v1.3.0 (/app/crates/paths)
   Compiling spacetimedb-fs-utils v1.3.0 (/app/crates/fs-utils)
   Compiling pprof_util v0.8.0
   Compiling wasmtime-jit-icache-coherence v25.0.3
   Compiling async_cache v0.3.1
   Compiling tokio-metrics v0.4.2
   Compiling mappings v0.7.1
   Compiling wasmtime-types v25.0.3
   Compiling wasmprinter v0.217.1
   Compiling wasmtime-environ v25.0.3
warning: hiding a lifetime that's elided elsewhere is confusing
   --> crates/sats/src/array_value.rs:116:24
    |
116 |     pub fn iter_cloned(&self) -> ArrayValueIterCloned {
    |                        ^^^^^     -------------------- the same lifetime is hidden here
    |                        |
    |                        the lifetime is elided here
    |
    = help: the same lifetime is referred to in inconsistent ways, making the signature confusing
    = note: `#[warn(mismatched_lifetime_syntaxes)]` on by default
help: use `'_` for type paths
    |
116 |     pub fn iter_cloned(&self) -> ArrayValueIterCloned<'_> {
    |                                                      ++++

   Compiling spacetimedb-commitlog v1.3.0 (/app/crates/commitlog)
warning: `spacetimedb-sats` (lib) generated 1 warning
warning: hiding a lifetime that's elided elsewhere is confusing
   --> crates/commitlog/src/index/indexfile.rs:230:20
    |
230 |     pub fn entries(&self) -> Entries<Key> {
    |                    ^^^^^     ------------ the same lifetime is hidden here
    |                    |
    |                    the lifetime is elided here
    |
    = help: the same lifetime is referred to in inconsistent ways, making the signature confusing
    = note: `#[warn(mismatched_lifetime_syntaxes)]` on by default
help: use `'_` for type paths
    |
230 |     pub fn entries(&self) -> Entries<'_, Key> {
    |                                      +++

warning: hiding a lifetime that's elided elsewhere is confusing
   --> crates/commitlog/src/index/indexfile.rs:280:20
    |
280 |     pub fn entries(&self) -> Entries<Key> {
    |                    ^^^^^     ------------ the same lifetime is hidden here
    |                    |
    |                    the lifetime is elided here
    |
    = help: the same lifetime is referred to in inconsistent ways, making the signature confusing
help: use `'_` for type paths
    |
280 |     pub fn entries(&self) -> Entries<'_, Key> {
    |                                      +++

   Compiling spacetimedb-durability v1.3.0 (/app/crates/durability)
   Compiling hyper v1.6.0
warning: `spacetimedb-commitlog` (lib) generated 2 warnings
   Compiling hyper v0.14.32
warning: hiding a lifetime that's elided elsewhere is confusing
   --> crates/lib/src/db/raw_def/v9.rs:470:9
    |
470 |         &mut self,
    |         ^^^^^^^^^ the lifetime is elided here
...
473 |     ) -> RawTableDefBuilder {
    |          ------------------ the same lifetime is hidden here
    |
    = help: the same lifetime is referred to in inconsistent ways, making the signature confusing
    = note: `#[warn(mismatched_lifetime_syntaxes)]` on by default
help: use `'_` for type paths
    |
473 |     ) -> RawTableDefBuilder<'_> {
    |                            ++++

warning: hiding a lifetime that's elided elsewhere is confusing
   --> crates/lib/src/db/raw_def/v9.rs:494:9
    |
494 |         &mut self,
    |         ^^^^^^^^^ the lifetime is elided here
...
498 |     ) -> RawTableDefBuilder {
    |          ------------------ the same lifetime is hidden here
    |
    = help: the same lifetime is referred to in inconsistent ways, making the signature confusing
help: use `'_` for type paths
    |
498 |     ) -> RawTableDefBuilder<'_> {
    |                            ++++

warning: hiding a lifetime that's elided elsewhere is confusing
   --> crates/lib/src/db/raw_def/v9.rs:514:9
    |
514 |         &mut self,
    |         ^^^^^^^^^ the lifetime is elided here
...
518 |     ) -> RawTableDefBuilder {
    |          ------------------ the same lifetime is hidden here
    |
    = help: the same lifetime is referred to in inconsistent ways, making the signature confusing
help: use `'_` for type paths
    |
518 |     ) -> RawTableDefBuilder<'_> {
    |                            ++++

   Compiling spacetimedb-sql-parser v1.3.0 (/app/crates/sql-parser)
   Compiling spacetimedb-client-api-messages v1.3.0 (/app/crates/client-api-messages)
   Compiling spacetimedb-auth v1.3.0 (/app/crates/auth)
warning: `spacetimedb-lib` (lib) generated 3 warnings
   Compiling spacetimedb-schema v1.3.0 (/app/crates/schema)
   Compiling hyper-util v0.1.11
warning: hiding a lifetime that's elided elsewhere is confusing
   --> crates/schema/src/def.rs:253:9
    |
253 |         &self,
    |         ^^^^^ the lifetime is elided here
254 |         name: &K,
255 |     ) -> Option<(ReducerId, ReducerArgsDeserializeSeed)> {
    |                             -------------------------- the same lifetime is hidden here
    |
    = help: the same lifetime is referred to in inconsistent ways, making the signature confusing
    = note: `#[warn(mismatched_lifetime_syntaxes)]` on by default
help: use `'_` for type paths
    |
255 |     ) -> Option<(ReducerId, ReducerArgsDeserializeSeed<'_>)> {
    |                                                       ++++

   Compiling axum v0.7.9
   Compiling spacetimedb-table v1.3.0 (/app/crates/table)
   Compiling spacetimedb-expr v1.3.0 (/app/crates/expr)
   Compiling spacetimedb-codegen v1.3.0 (/app/crates/codegen)
warning: hiding a lifetime that's elided elsewhere is confusing
  --> crates/table/src/table_index/unique_direct_fixed_cap_index.rs:82:23
   |
82 |     pub fn seek_range(&self, range: &impl RangeBounds<usize>) -> UniqueDirectFixedCapIndexRangeIter {
   |                       ^^^^^ the lifetime is elided here          ---------------------------------- the same lifetime is hidden here
   |
   = help: the same lifetime is referred to in inconsistent ways, making the signature confusing
   = note: `#[warn(mismatched_lifetime_syntaxes)]` on by default
help: use `'_` for type paths
   |
82 |     pub fn seek_range(&self, range: &impl RangeBounds<usize>) -> UniqueDirectFixedCapIndexRangeIter<'_> {
   |                                                                                                    ++++

warning: hiding a lifetime that's elided elsewhere is confusing
   --> crates/table/src/table_index/unique_direct_index.rs:154:23
    |
154 |     pub fn seek_range(&self, range: &impl RangeBounds<usize>) -> UniqueDirectIndexRangeIter {
    |                       ^^^^^ the lifetime is elided here          -------------------------- the same lifetime is hidden here
    |
    = help: the same lifetime is referred to in inconsistent ways, making the signature confusing
help: use `'_` for type paths
    |
154 |     pub fn seek_range(&self, range: &impl RangeBounds<usize>) -> UniqueDirectIndexRangeIter<'_> {
    |                                                                                            ++++

warning: `spacetimedb-schema` (lib) generated 1 warning
   Compiling spacetimedb-physical-plan v1.3.0 (/app/crates/physical-plan)
   Compiling spacetimedb-snapshot v1.3.0 (/app/crates/snapshot)
   Compiling spacetimedb-execution v1.3.0 (/app/crates/execution)
warning: hiding a lifetime that's elided elsewhere is confusing
  --> crates/execution/src/lib.rs:36:19
   |
36 |     fn table_scan(&self, table_id: TableId) -> Result<TableScanIter> {
   |                   ^^^^^ the lifetime is elided here   ------------- the same lifetime is hidden here
   |
   = help: the same lifetime is referred to in inconsistent ways, making the signature confusing
   = note: `#[warn(mismatched_lifetime_syntaxes)]` on by default
help: use `'_` for type paths
   |
36 |     fn table_scan(&self, table_id: TableId) -> Result<TableScanIter<'_>> {
   |                                                                    ++++

warning: hiding a lifetime that's elided elsewhere is confusing
  --> crates/execution/src/lib.rs:43:9
   |
43 |         &self,
   |         ^^^^^ the lifetime is elided here
...
47 |     ) -> Result<IndexScanPointIter> {
   |                 ------------------ the same lifetime is hidden here
   |
   = help: the same lifetime is referred to in inconsistent ways, making the signature confusing
help: use `'_` for type paths
   |
47 |     ) -> Result<IndexScanPointIter<'_>> {
   |                                   ++++

warning: hiding a lifetime that's elided elsewhere is confusing
  --> crates/execution/src/lib.rs:59:9
   |
59 |         &self,
   |         ^^^^^ the lifetime is elided here
...
63 |     ) -> Result<IndexScanRangeIter> {
   |                 ------------------ the same lifetime is hidden here
   |
   = help: the same lifetime is referred to in inconsistent ways, making the signature confusing
help: use `'_` for type paths
   |
63 |     ) -> Result<IndexScanRangeIter<'_>> {
   |                                   ++++

warning: hiding a lifetime that's elided elsewhere is confusing
  --> crates/execution/src/lib.rs:91:9
   |
91 |         &self,
   |         ^^^^^ the lifetime is elided here
...
96 |     ) -> impl Iterator<Item = Row>;
   |                               --- the same lifetime is hidden here
   |
   = help: the same lifetime is referred to in inconsistent ways, making the signature confusing
help: use `'_` for type paths
   |
96 |     ) -> impl Iterator<Item = Row<'_>>;
   |                                  ++++

warning: hiding a lifetime that's elided elsewhere is confusing
   --> crates/execution/src/lib.rs:99:9
    |
99  |         &self,
    |         ^^^^^ the lifetime is elided here
...
104 |     ) -> impl Iterator<Item = Row>;
    |                               --- the same lifetime is hidden here
    |
    = help: the same lifetime is referred to in inconsistent ways, making the signature confusing
help: use `'_` for type paths
    |
104 |     ) -> impl Iterator<Item = Row<'_>>;
    |                                  ++++

warning: hiding a lifetime that's elided elsewhere is confusing
   --> crates/execution/src/lib.rs:106:19
    |
106 |     fn delta_scan(&self, table_id: TableId, inserts: bool) -> DeltaScanIter {
    |                   ^^^^^ the lifetime is elided here           ------------- the same lifetime is hidden here
    |
    = help: the same lifetime is referred to in inconsistent ways, making the signature confusing
help: use `'_` for type paths
    |
106 |     fn delta_scan(&self, table_id: TableId, inserts: bool) -> DeltaScanIter<'_> {
    |                                                                            ++++

   Compiling spacetimedb-query v1.3.0 (/app/crates/query)
   Compiling spacetimedb-datastore v1.3.0 (/app/crates/datastore)
   Compiling spacetimedb-vm v1.3.0 (/app/crates/vm)
   Compiling spacetimedb-subscription v1.3.0 (/app/crates/subscription)
   Compiling axum-extra v0.9.6
warning: `spacetimedb-execution` (lib) generated 6 warnings
   Compiling cranelift-frontend v0.112.3
   Compiling cranelift-native v0.112.3
   Compiling cranelift-wasm v0.112.3
   Compiling wasmtime-cranelift v25.0.3
warning: `spacetimedb-table` (lib) generated 2 warnings
warning: hiding a lifetime that's elided elsewhere is confusing
   --> crates/datastore/src/locking_tx_datastore/mut_tx.rs:114:9
    |
114 |         &self,
    |         ^^^^^ the lifetime is elided here
...
119 |     ) -> impl Iterator<Item = Row> {
    |                               --- the same lifetime is hidden here
    |
    = help: the same lifetime is referred to in inconsistent ways, making the signature confusing
    = note: `#[warn(mismatched_lifetime_syntaxes)]` on by default
help: use `'_` for type paths
    |
119 |     ) -> impl Iterator<Item = Row<'_>> {
    |                                  ++++

warning: hiding a lifetime that's elided elsewhere is confusing
   --> crates/datastore/src/locking_tx_datastore/mut_tx.rs:126:9
    |
126 |         &self,
    |         ^^^^^ the lifetime is elided here
...
131 |     ) -> impl Iterator<Item = Row> {
    |                               --- the same lifetime is hidden here
    |
    = help: the same lifetime is referred to in inconsistent ways, making the signature confusing
help: use `'_` for type paths
    |
131 |     ) -> impl Iterator<Item = Row<'_>> {
    |                                  ++++

warning: `spacetimedb-datastore` (lib) generated 2 warnings
   Compiling tokio-native-tls v0.3.1
   Compiling tungstenite v0.27.0
   Compiling hyper-tls v0.5.0
   Compiling hyper-tls v0.6.0
   Compiling reqwest v0.12.15
   Compiling reqwest v0.11.27
   Compiling tokio-tungstenite v0.27.0
   Compiling spacetimedb-jwks v0.1.3
   Compiling tikv-jemalloc-ctl v0.6.0
   Compiling tikv-jemallocator v0.6.0
   Compiling jemalloc_pprof v0.8.1
   Compiling spacetimedb-core v1.3.0 (/app/crates/core)
warning: hiding a lifetime that's elided elsewhere is confusing
   --> crates/core/src/database_logger.rs:279:24
    |
279 |     fn record(message: &str) -> Record {
    |                        ^^^^     ------ the same lifetime is hidden here
    |                        |
    |                        the lifetime is elided here
    |
    = help: the same lifetime is referred to in inconsistent ways, making the signature confusing
    = note: `#[warn(mismatched_lifetime_syntaxes)]` on by default
help: use `'_` for type paths
    |
279 |     fn record(message: &str) -> Record<'_> {
    |                                       ++++

warning: hiding a lifetime that's elided elsewhere is confusing
   --> crates/core/src/host/wasmtime/mod.rs:243:24
    |
243 |     fn deref_str_lossy(&self, offset: WasmPtr<u8>, len: u32) -> Result<Cow<str>, MemError> {
    |                        ^^^^^ the lifetime is elided here               -------- the same lifetime is hidden here
    |
    = help: the same lifetime is referred to in inconsistent ways, making the signature confusing
help: use `'_` for type paths
    |
243 |     fn deref_str_lossy(&self, offset: WasmPtr<u8>, len: u32) -> Result<Cow<'_, str>, MemError> {
    |                                                                            +++

warning: hiding a lifetime that's elided elsewhere is confusing
   --> crates/core/src/subscription/tx.rs:169:9
    |
169 |         &self,
    |         ^^^^^ the lifetime is elided here
...
174 |     ) -> impl Iterator<Item = Row> {
    |                               --- the same lifetime is hidden here
    |
    = help: the same lifetime is referred to in inconsistent ways, making the signature confusing
help: use `'_` for type paths
    |
174 |     ) -> impl Iterator<Item = Row<'_>> {
    |                                  ++++

warning: hiding a lifetime that's elided elsewhere is confusing
   --> crates/core/src/subscription/tx.rs:219:9
    |
219 |         &self,
    |         ^^^^^ the lifetime is elided here
...
224 |     ) -> impl Iterator<Item = Row> {
    |                               --- the same lifetime is hidden here
    |
    = help: the same lifetime is referred to in inconsistent ways, making the signature confusing
help: use `'_` for type paths
    |
224 |     ) -> impl Iterator<Item = Row<'_>> {
    |                                  ++++

   Compiling spacetimedb-client-api v1.3.0 (/app/crates/client-api)
   Compiling spacetimedb-standalone v1.3.0 (/app/crates/standalone)
warning: `spacetimedb-core` (lib) generated 4 warnings
    Finished `dev` profile [unoptimized + debuginfo] target(s) in 1m 45s
 Downloading crates ...
  Downloaded unarray v0.1.4
  Downloaded typed-arena v2.0.2
  Downloaded strsim v0.10.0
  Downloaded borsh-derive v1.5.7
  Downloaded utf8-width v0.1.7
  Downloaded vte v0.14.1
  Downloaded insta v1.43.1
  Downloaded wyz v0.5.1
  Downloaded whoami v1.6.0
  Downloaded unicode-properties v0.1.3
  Downloaded xi-unicode v0.3.0
  Downloaded trybuild v1.0.104
  Downloaded wait-timeout v0.2.1
  Downloaded byte-unit v4.0.19
  Downloaded unicode-bidi v0.3.18
  Downloaded which v4.4.2
  Downloaded version-compare v0.1.1
  Downloaded plotters v0.3.7
  Downloaded rand v0.4.6
  Downloaded tempdir v0.3.7
  Downloaded ron v0.8.1
  Downloaded subst v0.3.7
  Downloaded inferno v0.11.21
  Downloaded ptr_meta v0.1.4
  Downloaded half v2.6.0
  Downloaded rand_chacha v0.3.1
  Downloaded target-triple v0.1.4
  Downloaded tap v1.0.1
  Downloaded stringprep v0.1.5
  Downloaded serial_test_derive v2.0.0
  Downloaded seahash v4.1.0
  Downloaded threadpool v1.8.1
  Downloaded strip-ansi-escapes v0.2.1
  Downloaded tinytemplate v1.2.1
  Downloaded env_logger v0.10.2
  Downloaded owo-colors v3.5.0
  Downloaded educe v0.4.23
  Downloaded rand v0.8.5
  Downloaded tokio-postgres v0.7.13
  Downloaded rusqlite v0.29.0
  Downloaded rust_decimal v1.37.1
  Downloaded crossterm v0.25.0
  Downloaded clap v3.2.23
  Downloaded quick-xml v0.31.0
  Downloaded proptest v1.6.0
  Downloaded rkyv v0.7.45
  Downloaded quick-xml v0.26.0
  Downloaded itertools v0.10.5
  Downloaded textwrap v0.16.2
  Downloaded signal-hook v0.3.17
  Downloaded serial_test v2.0.0
  Downloaded postgres-protocol v0.6.8
  Downloaded ciborium v0.2.2
  Downloaded rand_xorshift v0.3.0
  Downloaded phf_shared v0.11.3
  Downloaded num_threads v0.1.7
  Downloaded rkyv_derive v0.7.45
  Downloaded mio v0.8.11
  Downloaded hashlink v0.8.4
  Downloaded scoped-tls v1.0.1
  Downloaded rusty-fork v0.3.0
  Downloaded rand_core v0.6.4
  Downloaded md-5 v0.10.6
  Downloaded quick-junit v0.3.6
  Downloaded plotters-svg v0.3.7
  Downloaded enumset v1.1.6
  Downloaded cursive_core v0.3.7
  Downloaded cursive v0.20.0
  Downloaded clap_derive v3.2.18
  Downloaded sqllogictest v0.17.2
  Downloaded siphasher v1.0.1
  Downloaded sanitize-filename v0.5.0
  Downloaded rend v0.4.2
  Downloaded remove_dir_all v0.5.3
  Downloaded radium v0.7.0
  Downloaded proptest-derive v0.5.1
  Downloaded postgres-types v0.2.9
  Downloaded oorandom v11.1.5
  Downloaded fallible-iterator v0.2.0
  Downloaded criterion-plot v0.5.0
  Downloaded ciborium-ll v0.2.2
  Downloaded ciborium-io v0.2.2
  Downloaded cast v0.3.0
  Downloaded bytecheck_derive v0.6.12
  Downloaded bytecheck v0.6.12
  Downloaded signal-hook-mio v0.2.4
  Downloaded quick-error v1.2.3
  Downloaded ptr_meta_derive v0.1.4
  Downloaded plotters-backend v0.3.7
  Downloaded phf v0.11.3
  Downloaded owning_ref v0.4.1
  Downloaded libtest-mimic v0.6.1
  Downloaded funty v2.0.0
  Downloaded enum-ordinalize v3.1.15
  Downloaded clap_lex v0.2.4
  Downloaded fallible-streaming-iterator v0.1.9
  Downloaded criterion v0.5.1
  Downloaded bitvec v1.0.1
  Downloaded borsh v1.5.7
  Downloaded toml v0.5.11
  Downloaded proc-macro-crate v3.3.0
  Downloaded postgres-derive v0.4.6
  Downloaded os_str_bytes v6.6.1
  Downloaded enumset_derive v0.11.0
  Downloaded atty v0.2.14
  Downloaded anymap v0.12.1
  Downloaded bit-set v0.8.0
  Downloaded ahash v0.7.8
  Downloaded pg_interval v0.4.2
  Downloaded sqllogictest-engines v0.17.2
  Downloaded bit-vec v0.8.0
  Downloaded anes v0.1.6
  Downloaded libsqlite3-sys v0.26.0
   Compiling cfg-if v1.0.0
   Compiling memchr v2.7.4
   Compiling once_cell v1.21.3
   Compiling either v1.15.0
   Compiling equivalent v1.0.2
   Compiling foldhash v0.1.5
   Compiling bytes v1.10.1
   Compiling scopeguard v1.2.0
   Compiling log v0.4.27
   Compiling itoa v1.0.15
   Compiling fnv v1.0.7
   Compiling adler2 v2.0.0
   Compiling gimli v0.31.1
   Compiling linux-raw-sys v0.9.4
   Compiling rustc-demangle v0.1.24
   Compiling subtle v2.6.1
   Compiling regex-syntax v0.8.5
   Compiling lazy_static v1.5.0
   Compiling fastrand v2.3.0
   Compiling arrayvec v0.7.6
   Compiling iana-time-zone v0.1.63
   Compiling nohash-hasher v0.2.0
   Compiling bit-vec v0.8.0
   Compiling quick-error v1.2.3
   Compiling hex v0.4.3
   Compiling constant_time_eq v0.3.1
   Compiling unarray v0.1.4
   Compiling keccak v0.1.5
   Compiling arrayref v0.3.9
   Compiling second-stack v0.3.5
   Compiling pin-project-lite v0.2.16
   Compiling ryu v1.0.20
   Compiling spacetimedb-lib v1.3.0 (/app/crates/lib)
   Compiling futures-core v0.3.31
   Compiling serde v1.0.219
   Compiling libc v0.2.172
   Compiling crossbeam-utils v0.8.21
   Compiling rayon-core v1.12.1
   Compiling getrandom v0.3.2
   Compiling num-traits v0.2.19
   Compiling zerocopy v0.8.25
   Compiling parking_lot_core v0.9.10
   Compiling crc32fast v1.4.2
   Compiling thiserror v1.0.69
   Compiling miniz_oxide v0.8.8
   Compiling typenum v1.18.0
   Compiling object v0.36.7
   Compiling rustix v1.0.7
   Compiling anyhow v1.0.98
   Compiling protobuf v2.28.0
   Compiling prometheus v0.13.4
   Compiling serde_json v1.0.140
   Compiling futures-sink v0.3.31
   Compiling futures-task v0.3.31
   Compiling futures-io v0.3.31
   Compiling pin-utils v0.1.0
   Compiling tracing-core v0.1.33
   Compiling tinyvec_macros v0.1.1
   Compiling sqlparser v0.38.0
   Compiling base64 v0.22.1
   Compiling fixedbitset v0.4.2
   Compiling unicode-ident v1.0.18
   Compiling termcolor v1.4.1
   Compiling lock_api v0.4.12
   Compiling generic-array v0.14.7
   Compiling itertools v0.12.1
   Compiling ahash v0.8.12
   Compiling slab v0.4.9
   Compiling tinyvec v1.9.0
   Compiling allocator-api2 v0.2.21
   Compiling stable_deref_trait v1.2.0
   Compiling cpufeatures v0.2.17
   Compiling syn v1.0.109
   Compiling foreign-types-shared v0.1.1
   Compiling xdg v2.5.2
   Compiling bit-set v0.8.0
   Compiling futures-channel v0.3.31
   Compiling libm v0.2.15
   Compiling bigdecimal v0.4.8
   Compiling httparse v1.10.1
   Compiling powerfmt v0.2.0
   Compiling num_threads v0.1.7
   Compiling utf8parse v0.2.2
   Compiling base64 v0.21.7
   Compiling num-conv v0.1.0
   Compiling time-core v0.1.4
   Compiling openssl-probe v0.1.6
   Compiling humantime v2.2.0
   Compiling tower-service v0.3.3
   Compiling proptest-derive v0.5.1
   Compiling aho-corasick v1.1.3
   Compiling bytemuck v1.23.0
   Compiling enum-map v2.7.3
   Compiling http v1.3.1
   Compiling foreign-types v0.3.2
   Compiling writeable v0.5.5
   Compiling litemap v0.7.5
   Compiling anstyle-parse v0.2.6
   Compiling blake3 v1.8.2
   Compiling zstd-sys v2.0.15+zstd.1.5.7
   Compiling zerofrom v0.1.6
   Compiling strum v0.25.0
   Compiling icu_locid_transform_data v1.5.1
   Compiling thiserror v2.0.12
   Compiling semver v1.0.26
   Compiling httpdate v1.0.3
   Compiling anstyle v1.0.10
   Compiling anstyle-query v1.1.2
   Compiling yansi v1.0.1
   Compiling diff v0.1.13
   Compiling colorchoice v1.0.3
   Compiling openssl-sys v0.9.108
   Compiling deranged v0.4.0
   Compiling try-lock v0.2.5
   Compiling is_terminal_polyfill v1.70.1
   Compiling percent-encoding v2.3.1
   Compiling icu_properties_data v1.5.1
   Compiling clap_lex v0.7.4
   Compiling toml_write v0.1.1
   Compiling futures-util v0.3.31
   Compiling tracing v0.1.41
   Compiling yoke v0.7.5
   Compiling strsim v0.11.1
   Compiling winnow v0.7.10
   Compiling crossbeam-epoch v0.9.18
   Compiling crossbeam-queue v0.3.12
   Compiling want v0.3.1
   Compiling icu_normalizer_data v1.5.1
   Compiling flate2 v1.1.1
   Compiling utf16_iter v1.0.5
   Compiling form_urlencoded v1.2.1
   Compiling rustix v0.38.44
   Compiling write16 v1.0.0
   Compiling mime v0.3.17
   Compiling utf8_iter v1.0.4
   Compiling linux-raw-sys v0.4.15
   Compiling anstream v0.6.18
   Compiling crc32c v0.6.8
   Compiling unicode-width v0.1.14
   Compiling atomic-waker v1.1.2
   Compiling async-stream v0.3.6
   Compiling byteorder v1.5.0
   Compiling ring v0.17.14
   Compiling crossbeam-channel v0.5.15
   Compiling encoding_rs v0.8.35
   Compiling similar v2.7.0
   Compiling pretty_assertions v1.4.1
   Compiling zerovec v0.10.4
   Compiling untrusted v0.9.0
   Compiling pem v3.0.5
   Compiling bumpalo v3.17.0
   Compiling leb128 v0.2.5
   Compiling target-lexicon v0.12.16
   Compiling tikv-jemalloc-sys v0.6.0+5.3.0-1-ge13ca993e8ccb9ba9847cc330696e02839f328f7
   Compiling ipnet v2.11.0
   Compiling arbitrary v1.4.1
   Compiling rustc-hash v2.1.1
   Compiling slice-group-by v0.3.1
   Compiling crossbeam-deque v0.8.6
   Compiling cranelift-codegen v0.112.3
   Compiling http v0.2.12
   Compiling bytecount v0.6.8
   Compiling regex-syntax v0.6.29
   Compiling cranelift-codegen-shared v0.112.3
   Compiling option-ext v0.2.0
   Compiling alloc-no-stdlib v2.0.4
   Compiling tower-layer v0.3.3
   Compiling papergrid v0.10.0
   Compiling sync_wrapper v1.0.2
   Compiling cobs v0.2.3
   Compiling overload v0.1.1
   Compiling alloc-stdlib v0.2.2
   Compiling cpp_demangle v0.4.4
   Compiling nu-ansi-term v0.46.0
   Compiling tracing-log v0.2.0
   Compiling sharded-slab v0.1.7
   Compiling unicode-normalization v0.1.24
   Compiling thread_local v1.1.8
   Compiling brotli-decompressor v2.5.1
   Compiling parking_lot_core v0.8.6
   Compiling tracy-client-sys v0.22.2
   Compiling http-body v1.0.1
   Compiling wasm-encoder v0.217.1
   Compiling instant v0.1.13
   Compiling thin-vec v0.2.14
   Compiling http-body-util v0.1.3
   Compiling approx v0.3.2
   Compiling num-integer v0.1.46
   Compiling unicode-width v0.2.0
   Compiling wasmtime-cache v25.0.3
   Compiling pin-project v1.1.10
   Compiling rustls-pemfile v1.0.4
   Compiling data-encoding v2.9.0
   Compiling decorum v0.3.1
   Compiling utf-8 v0.7.6
   Compiling sync_wrapper v0.1.2
   Compiling simdutf8 v0.1.5
   Compiling crypto-common v0.1.6
   Compiling block-buffer v0.10.4
   Compiling wasmtime v25.0.3
   Compiling rayon v1.10.0
   Compiling nix v0.30.1
   Compiling fxhash v0.2.1
   Compiling wasmtime-asm-macros v25.0.3
   Compiling sptr v0.3.2
   Compiling match_cfg v0.1.0
   Compiling digest v0.10.7
   Compiling wasmtime-slab v25.0.3
   Compiling rgb v0.8.50
   Compiling tracing-log v0.1.4
   Compiling num-bigint v0.4.6
   Compiling faststr v0.2.31
   Compiling num-format v0.4.4
   Compiling str_stack v0.1.0
   Compiling urlencoding v2.1.3
   Compiling num-iter v0.1.45
   Compiling num-complex v0.4.6
   Compiling env_filter v0.1.3
   Compiling bitflags v1.3.2
   Compiling home v0.5.11
   Compiling zeroize v1.8.1
   Compiling quick-xml v0.37.5
   Compiling matchit v0.7.3
   Compiling same-file v1.0.6
   Compiling sha3 v0.10.8
   Compiling sha1 v0.10.6
   Compiling sha2 v0.10.9
   Compiling ppv-lite86 v0.2.21
   Compiling getrandom v0.2.16
   Compiling wait-timeout v0.2.1
   Compiling signal-hook-registry v1.4.5
   Compiling mio v1.0.3
   Compiling socket2 v0.5.9
   Compiling regex-automata v0.4.9
   Compiling is-terminal v0.4.16
   Compiling fs2 v0.4.3
   Compiling rand_core v0.9.3
   Compiling rand_core v0.6.4
   Compiling time v0.3.41
   Compiling tinystr v0.7.6
   Compiling icu_collections v1.5.0
   Compiling memmap2 v0.9.5
   Compiling cranelift-control v0.112.3
   Compiling num_cpus v1.16.0
   Compiling dirs-sys v0.4.1
   Compiling http-body v0.4.6
   Compiling addr2line v0.24.2
   Compiling rand_xorshift v0.3.0
   Compiling icu_locid v1.5.0
   Compiling rand_chacha v0.3.1
   Compiling rand_chacha v0.9.0
   Compiling dirs v5.0.1
   Compiling brotli v3.5.0
   Compiling dirs-sys-next v0.1.2
   Compiling hashbrown v0.13.2
   Compiling console v0.15.11
   Compiling uuid v1.16.0
   Compiling core_affinity v0.8.3
   Compiling directories-next v2.0.0
   Compiling hostname v0.3.1
   Compiling env_logger v0.11.8
   Compiling walkdir v2.5.0
   Compiling rand v0.8.5
   Compiling rand v0.9.1
   Compiling prost v0.13.5
   Compiling multer v3.1.0
   Compiling rustls-pki-types v1.12.0
   Compiling headers-core v0.3.0
   Compiling spin v0.9.8
   Compiling unicode-segmentation v1.12.0
   Compiling camino v1.1.9
   Compiling fs-err v2.11.0
   Compiling headers v0.4.0
   Compiling portable-atomic v1.11.0
   Compiling bit-vec v0.6.3
   Compiling icu_provider v1.5.0
   Compiling regex-automata v0.1.10
   Compiling num-rational v0.4.2
   Compiling rustls-pemfile v2.2.0
   Compiling bit-set v0.5.3
   Compiling libmimalloc-sys v0.1.42
   Compiling filetime v0.2.25
   Compiling os_pipe v1.2.1
   Compiling shared_child v1.0.2
   Compiling icu_locid_transform v1.5.0
   Compiling smallvec v1.15.0
   Compiling bitflags v2.9.0
   Compiling ethnum v1.5.1
   Compiling chrono v0.4.41
   Compiling bytestring v1.4.0
   Compiling futures-executor v0.3.31
   Compiling hashbrown v0.14.5
   Compiling toml_datetime v0.6.9
   Compiling serde_spanned v0.6.8
   Compiling parking_lot v0.12.3
   Compiling futures v0.3.31
   Compiling cranelift-bitset v0.112.3
   Compiling serde_urlencoded v0.7.1
   Compiling matchers v0.1.0
   Compiling simple_asn1 v0.6.3
   Compiling postcard v1.1.1
   Compiling hashbrown v0.15.3
   Compiling serde_path_to_error v0.1.17
   Compiling num v0.4.3
   Compiling tokio v1.45.0
   Compiling cranelift-entity v0.112.3
   Compiling icu_properties v1.5.1
   Compiling axum-core v0.4.5
   Compiling email_address v0.2.9
   Compiling proc-macro-error v1.0.4
   Compiling parking_lot v0.11.2
   Compiling synstructure v0.12.6
   Compiling tower-http v0.5.2
   Compiling cargo-platform v0.1.9
   Compiling bincode v1.3.3
   Compiling nibble_vec v0.1.0
   Compiling quick-xml v0.32.0
   Compiling regalloc2 v0.10.2
   Compiling dashmap v5.5.3
   Compiling dashmap v6.1.0
   Compiling regex v1.11.1
   Compiling cranelift-bforest v0.112.3
   Compiling sled v0.34.7
   Compiling colored v2.2.0
   Compiling number_prefix v0.4.0
   Compiling endian-type v0.1.2
   Compiling linked-hash-map v0.5.6
   Compiling indicatif v0.17.11
   Compiling radix_trie v0.2.1
   Compiling indexmap v2.9.0
   Compiling spacetimedb-memory-usage v1.3.0 (/app/crates/memory-usage)
   Compiling imara-diff v0.1.8
   Compiling yaml-rust v0.4.5
   Compiling spacetimedb-primitives v1.3.0 (/app/crates/primitives)
   Compiling spacetimedb-data-structures v1.3.0 (/app/crates/data-structures)
   Compiling spacetimedb-metrics v1.3.0 (/app/crates/metrics)
   Compiling serde_with v3.12.0
   Compiling env_logger v0.10.2
   Compiling tracing-subscriber v0.3.19
   Compiling fancy-regex v0.11.0
   Compiling bindgen v0.71.1
   Compiling duct v0.13.7
   Compiling convert_case v0.6.0
   Compiling wasmbin-derive v0.2.3
   Compiling nix v0.26.4
   Compiling spacetimedb-cli v1.3.0 (/app/crates/cli)
   Compiling parse-size v1.1.0
   Compiling spacetimedb-bindings-sys v1.3.0 (/app/crates/bindings-sys)
   Compiling glob v0.3.2
   Compiling scoped-tls v1.0.1
   Compiling toml v0.5.11
   Compiling petgraph v0.6.5
   Compiling toml_edit v0.22.26
   Compiling gimli v0.29.0
   Compiling wasmparser v0.217.1
   Compiling plist v1.7.1
   Compiling fallible-iterator v0.2.0
   Compiling tempfile v3.20.0
   Compiling terminal_size v0.4.2
   Compiling xattr v1.5.0
   Compiling clap_builder v4.5.37
   Compiling rusty-fork v0.3.0
   Compiling mimalloc v0.1.46
   Compiling serial_test_derive v2.0.0
   Compiling icu_normalizer v1.5.0
   Compiling tar v0.4.44
   Compiling tabled_derive v0.6.0
   Compiling custom_debug_derive v0.5.1
   Compiling proptest v1.6.0
   Compiling idna_adapter v1.2.0
   Compiling idna v1.0.3
   Compiling tracing-flame v0.2.0
   Compiling tracing-appender v0.2.3
   Compiling memfd v0.6.4
   Compiling cargo_metadata v0.17.0
   Compiling custom_debug v0.5.1
   Compiling fd-lock v3.0.13
   Compiling url v2.5.4
   Compiling wasmbin v0.6.0
   Compiling syntect v5.2.0
   Compiling rustyline v12.0.0
   Compiling spacetimedb-jsonwebtoken v9.3.0
   Compiling tabled v0.14.0
   Compiling insta v1.43.1
   Compiling half v2.6.0
   Compiling anymap v0.12.1
   Compiling toml v0.8.22
   Compiling webbrowser v1.0.4
   Compiling plotters-backend v0.3.7
   Compiling ciborium-io v0.2.2
   Compiling ciborium-ll v0.2.2
   Compiling serial_test v2.0.0
   Compiling plotters-svg v0.3.7
   Compiling hmac v0.12.1
   Compiling itertools v0.10.5
   Compiling cast v0.3.0
   Compiling plotters v0.3.7
   Compiling ciborium v0.2.2
   Compiling tinytemplate v1.2.1
   Compiling indexmap v1.9.3
   Compiling anes v0.1.6
   Compiling signal-hook v0.3.17
   Compiling clap v4.5.37
   Compiling inferno v0.12.2
   Compiling clap-markdown v0.1.5
   Compiling oorandom v11.1.5
   Compiling md-5 v0.10.6
   Compiling libsqlite3-sys v0.26.0
   Compiling os_str_bytes v6.6.1
   Compiling unicode-properties v0.1.3
   Compiling unicode-bidi v0.3.18
   Compiling hashbrown v0.12.3
   Compiling addr2line v0.22.0
   Compiling clap_lex v0.2.4
   Compiling clap_derive v3.2.18
   Compiling stringprep v0.1.5
   Compiling rand v0.4.6
   Compiling tokio-util v0.7.15
   Compiling tower v0.5.2
   Compiling async_singleflight v0.5.2
   Compiling criterion-plot v0.5.0
   Compiling mio v0.8.11
   Compiling atty v0.2.14
   Compiling enumset_derive v0.11.0
   Compiling quick-xml v0.26.0
   Compiling textwrap v0.16.2
   Compiling strsim v0.10.0
   Compiling target-triple v0.1.4
   Compiling criterion v0.5.1
   Compiling remove_dir_all v0.5.3
   Compiling tempdir v0.3.7
   Compiling h2 v0.4.10
   Compiling tokio-stream v0.1.17
   Compiling h2 v0.3.26
   Compiling signal-hook-mio v0.2.4
   Compiling inferno v0.11.21
   Compiling backtrace v0.3.75
   Compiling tracy-client v0.16.5
   Compiling tracing-tracy v0.10.5
   Compiling tokio-metrics v0.4.2
   Compiling postgres-protocol v0.6.8
   Compiling which v4.4.2
   Compiling sanitize-filename v0.5.0
   Compiling hashlink v0.8.4
   Compiling postgres-derive v0.4.6
   Compiling owning_ref v0.4.1
   Compiling shlex v1.3.0
   Compiling fallible-streaming-iterator v0.1.9
   Compiling enumset v1.1.6
   Compiling version-compare v0.1.1
   Compiling xi-unicode v0.3.0
   Compiling spacetimedb-sats v1.3.0 (/app/crates/sats)
   Compiling spacetimedb-paths v1.3.0 (/app/crates/paths)
   Compiling wasmtime-jit-icache-coherence v25.0.3
   Compiling async_cache v0.3.1
   Compiling pprof_util v0.8.0
   Compiling cursive_core v0.3.7
   Compiling crossterm v0.25.0
   Compiling iai-callgrind-macros v0.1.0 (https://github.com/clockworklabs/iai-callgrind.git?branch=main#3e78f685)
   Compiling utf8-width v0.1.7
   Compiling siphasher v1.0.1
   Compiling bzip2-sys v0.1.13+1.0.8
   Compiling byte-unit v4.0.19
   Compiling lzma-sys v0.1.20
   Compiling clap v3.2.23
   Compiling mappings v0.7.1
   Compiling phf_shared v0.11.3
   Compiling trybuild v1.0.104
   Compiling threadpool v1.8.1
   Compiling wasmtime-types v25.0.3
   Compiling wasmprinter v0.217.1
   Compiling v8 v137.2.1
   Compiling postgres-types v0.2.9
   Compiling inout v0.1.4
   Compiling crc-catalog v2.4.0
   Compiling rust_decimal v1.37.1
   Compiling cipher v0.4.4
   Compiling crc v3.3.0
   Compiling libtest-mimic v0.6.1
   Compiling phf v0.11.3
   Compiling test-counter v1.3.0 (/app/crates/sdk/tests/test-counter)
   Compiling ron v0.8.1
   Compiling subst v0.3.7
   Compiling vte v0.14.1
   Compiling itertools v0.11.0
   Compiling owo-colors v3.5.0
   Compiling whoami v1.6.0
   Compiling typed-arena v2.0.2
   Compiling simd-adler32 v0.3.7
   Compiling strip-ansi-escapes v0.2.1
   Compiling zip v2.6.1
   Compiling lzma-rs v0.3.0
   Compiling aes v0.8.4
   Compiling tokio-postgres v0.7.13
   Compiling zopfli v0.8.2
   Compiling enum-ordinalize v3.1.15
   Compiling pg_interval v0.4.2
   Compiling pbkdf2 v0.12.2
   Compiling quick-xml v0.31.0
warning: hiding a lifetime that's elided elsewhere is confusing
   --> crates/sats/src/array_value.rs:116:24
    |
116 |     pub fn iter_cloned(&self) -> ArrayValueIterCloned {
    |                        ^^^^^     -------------------- the same lifetime is hidden here
    |                        |
    |                        the lifetime is elided here
    |
    = help: the same lifetime is referred to in inconsistent ways, making the signature confusing
    = note: `#[warn(mismatched_lifetime_syntaxes)]` on by default
help: use `'_` for type paths
    |
116 |     pub fn iter_cloned(&self) -> ArrayValueIterCloned<'_> {
    |                                                      ++++

   Compiling deflate64 v0.1.9
   Compiling shell-words v1.1.0
   Compiling spacetimedb-update v1.3.0 (/app/crates/update)
   Compiling self-replace v1.5.0
   Compiling dialoguer v0.11.0
   Compiling cursive v0.20.0
   Compiling wasmtime-environ v25.0.3
   Compiling quick-junit v0.3.6
   Compiling spacetimedb-bindings-macro v1.3.0 (/app/crates/bindings-macro)
   Compiling educe v0.4.23
   Compiling iai-callgrind-runner v0.8.0 (https://github.com/clockworklabs/iai-callgrind.git?branch=main#3e78f685)
   Compiling hyper v1.6.0
   Compiling hyper v0.14.32
   Compiling bzip2 v0.5.2
warning: hiding a lifetime that's elided elsewhere is confusing
   --> crates/lib/src/db/raw_def/v9.rs:470:9
    |
470 |         &mut self,
    |         ^^^^^^^^^ the lifetime is elided here
...
473 |     ) -> RawTableDefBuilder {
    |          ------------------ the same lifetime is hidden here
    |
    = help: the same lifetime is referred to in inconsistent ways, making the signature confusing
    = note: `#[warn(mismatched_lifetime_syntaxes)]` on by default
help: use `'_` for type paths
    |
473 |     ) -> RawTableDefBuilder<'_> {
    |                            ++++

warning: hiding a lifetime that's elided elsewhere is confusing
   --> crates/lib/src/db/raw_def/v9.rs:494:9
    |
494 |         &mut self,
    |         ^^^^^^^^^ the lifetime is elided here
...
498 |     ) -> RawTableDefBuilder {
    |          ------------------ the same lifetime is hidden here
    |
    = help: the same lifetime is referred to in inconsistent ways, making the signature confusing
help: use `'_` for type paths
    |
498 |     ) -> RawTableDefBuilder<'_> {
    |                            ++++

warning: hiding a lifetime that's elided elsewhere is confusing
   --> crates/lib/src/db/raw_def/v9.rs:514:9
    |
514 |         &mut self,
    |         ^^^^^^^^^ the lifetime is elided here
...
518 |     ) -> RawTableDefBuilder {
    |          ------------------ the same lifetime is hidden here
    |
    = help: the same lifetime is referred to in inconsistent ways, making the signature confusing
help: use `'_` for type paths
    |
518 |     ) -> RawTableDefBuilder<'_> {
    |                            ++++

   Compiling spacetimedb-sql-parser v1.3.0 (/app/crates/sql-parser)
   Compiling spacetimedb-client-api-messages v1.3.0 (/app/crates/client-api-messages)
   Compiling spacetimedb-auth v1.3.0 (/app/crates/auth)
   Compiling hyper-util v0.1.11
   Compiling spacetimedb v1.3.0 (/app/crates/bindings)
   Compiling sqllogictest v0.17.2
   Compiling spacetimedb-schema v1.3.0 (/app/crates/schema)
   Compiling iai-callgrind v0.8.0 (https://github.com/clockworklabs/iai-callgrind.git?branch=main#3e78f685)
   Compiling sqllogictest-engines v0.17.2
   Compiling axum v0.7.9
warning: `spacetimedb-lib` (lib) generated 3 warnings
warning: hiding a lifetime that's elided elsewhere is confusing
   --> crates/schema/src/def.rs:253:9
    |
253 |         &self,
    |         ^^^^^ the lifetime is elided here
254 |         name: &K,
255 |     ) -> Option<(ReducerId, ReducerArgsDeserializeSeed)> {
    |                             -------------------------- the same lifetime is hidden here
    |
    = help: the same lifetime is referred to in inconsistent ways, making the signature confusing
    = note: `#[warn(mismatched_lifetime_syntaxes)]` on by default
help: use `'_` for type paths
    |
255 |     ) -> Option<(ReducerId, ReducerArgsDeserializeSeed<'_>)> {
    |                                                       ++++

   Compiling spacetimedb-table v1.3.0 (/app/crates/table)
   Compiling spacetimedb-expr v1.3.0 (/app/crates/expr)
   Compiling spacetimedb-codegen v1.3.0 (/app/crates/codegen)
   Compiling upgrade-version v0.1.0 (/app/tools/upgrade-version)
warning: hiding a lifetime that's elided elsewhere is confusing
  --> crates/table/src/table_index/unique_direct_fixed_cap_index.rs:82:23
   |
82 |     pub fn seek_range(&self, range: &impl RangeBounds<usize>) -> UniqueDirectFixedCapIndexRangeIter {
   |                       ^^^^^ the lifetime is elided here          ---------------------------------- the same lifetime is hidden here
   |
   = help: the same lifetime is referred to in inconsistent ways, making the signature confusing
   = note: `#[warn(mismatched_lifetime_syntaxes)]` on by default
help: use `'_` for type paths
   |
82 |     pub fn seek_range(&self, range: &impl RangeBounds<usize>) -> UniqueDirectFixedCapIndexRangeIter<'_> {
   |                                                                                                    ++++

warning: hiding a lifetime that's elided elsewhere is confusing
   --> crates/table/src/table_index/unique_direct_index.rs:154:23
    |
154 |     pub fn seek_range(&self, range: &impl RangeBounds<usize>) -> UniqueDirectIndexRangeIter {
    |                       ^^^^^ the lifetime is elided here          -------------------------- the same lifetime is hidden here
    |
    = help: the same lifetime is referred to in inconsistent ways, making the signature confusing
help: use `'_` for type paths
    |
154 |     pub fn seek_range(&self, range: &impl RangeBounds<usize>) -> UniqueDirectIndexRangeIter<'_> {
    |                                                                                            ++++

warning: `spacetimedb-sats` (lib) generated 1 warning
   Compiling spacetimedb-physical-plan v1.3.0 (/app/crates/physical-plan)
   Compiling axum-extra v0.9.6
   Compiling spacetimedb-execution v1.3.0 (/app/crates/execution)
   Compiling cranelift-frontend v0.112.3
   Compiling cranelift-native v0.112.3
warning: hiding a lifetime that's elided elsewhere is confusing
  --> crates/execution/src/lib.rs:36:19
   |
36 |     fn table_scan(&self, table_id: TableId) -> Result<TableScanIter> {
   |                   ^^^^^ the lifetime is elided here   ------------- the same lifetime is hidden here
   |
   = help: the same lifetime is referred to in inconsistent ways, making the signature confusing
   = note: `#[warn(mismatched_lifetime_syntaxes)]` on by default
help: use `'_` for type paths
   |
36 |     fn table_scan(&self, table_id: TableId) -> Result<TableScanIter<'_>> {
   |                                                                    ++++

warning: hiding a lifetime that's elided elsewhere is confusing
  --> crates/execution/src/lib.rs:43:9
   |
43 |         &self,
   |         ^^^^^ the lifetime is elided here
...
47 |     ) -> Result<IndexScanPointIter> {
   |                 ------------------ the same lifetime is hidden here
   |
   = help: the same lifetime is referred to in inconsistent ways, making the signature confusing
help: use `'_` for type paths
   |
47 |     ) -> Result<IndexScanPointIter<'_>> {
   |                                   ++++

warning: hiding a lifetime that's elided elsewhere is confusing
  --> crates/execution/src/lib.rs:59:9
   |
59 |         &self,
   |         ^^^^^ the lifetime is elided here
...
63 |     ) -> Result<IndexScanRangeIter> {
   |                 ------------------ the same lifetime is hidden here
   |
   = help: the same lifetime is referred to in inconsistent ways, making the signature confusing
help: use `'_` for type paths
   |
63 |     ) -> Result<IndexScanRangeIter<'_>> {
   |                                   ++++

warning: hiding a lifetime that's elided elsewhere is confusing
  --> crates/execution/src/lib.rs:91:9
   |
91 |         &self,
   |         ^^^^^ the lifetime is elided here
...
96 |     ) -> impl Iterator<Item = Row>;
   |                               --- the same lifetime is hidden here
   |
   = help: the same lifetime is referred to in inconsistent ways, making the signature confusing
help: use `'_` for type paths
   |
96 |     ) -> impl Iterator<Item = Row<'_>>;
   |                                  ++++

warning: hiding a lifetime that's elided elsewhere is confusing
   --> crates/execution/src/lib.rs:99:9
    |
99  |         &self,
    |         ^^^^^ the lifetime is elided here
...
104 |     ) -> impl Iterator<Item = Row>;
    |                               --- the same lifetime is hidden here
    |
    = help: the same lifetime is referred to in inconsistent ways, making the signature confusing
help: use `'_` for type paths
    |
104 |     ) -> impl Iterator<Item = Row<'_>>;
    |                                  ++++

warning: hiding a lifetime that's elided elsewhere is confusing
   --> crates/execution/src/lib.rs:106:19
    |
106 |     fn delta_scan(&self, table_id: TableId, inserts: bool) -> DeltaScanIter {
    |                   ^^^^^ the lifetime is elided here           ------------- the same lifetime is hidden here
    |
    = help: the same lifetime is referred to in inconsistent ways, making the signature confusing
help: use `'_` for type paths
    |
106 |     fn delta_scan(&self, table_id: TableId, inserts: bool) -> DeltaScanIter<'_> {
    |                                                                            ++++

   Compiling cranelift-wasm v0.112.3
   Compiling spacetimedb-query v1.3.0 (/app/crates/query)
   Compiling spacetimedb-vm v1.3.0 (/app/crates/vm)
   Compiling xz2 v0.1.7
   Compiling spacetimedb-subscription v1.3.0 (/app/crates/subscription)
   Compiling wasmtime-cranelift v25.0.3
   Compiling keynote-benchmarks v0.1.0 (/app/modules/keynote-benchmarks)
warning: `spacetimedb-execution` (lib) generated 6 warnings
   Compiling quickstart-chat-module v0.1.0 (/app/modules/quickstart-chat)
   Compiling tikv-jemalloc-ctl v0.6.0
   Compiling tikv-jemallocator v0.6.0
   Compiling jemalloc_pprof v0.8.1
   Compiling sdk-test-module v0.1.0 (/app/modules/sdk-test)
   Compiling benchmarks-module v0.1.0 (/app/modules/benchmarks)
   Compiling module-test v0.0.0 (/app/modules/module-test)
   Compiling spacetime-module v0.1.0 (/app/modules/sdk-test-connect-disconnect)
   Compiling perf-test-module v0.1.0 (/app/modules/perf-test)
warning: `spacetimedb-schema` (lib) generated 1 warning
   Compiling zstd-safe v7.2.4
   Compiling zstd v0.13.3
   Compiling zstd-framed v0.1.1
warning: `spacetimedb-lib` (lib test) generated 3 warnings (3 duplicates)
   Compiling spacetimedb-fs-utils v1.3.0 (/app/crates/fs-utils)
   Compiling spacetimedb-commitlog v1.3.0 (/app/crates/commitlog)
warning: hiding a lifetime that's elided elsewhere is confusing
   --> crates/commitlog/src/index/indexfile.rs:230:20
    |
230 |     pub fn entries(&self) -> Entries<Key> {
    |                    ^^^^^     ------------ the same lifetime is hidden here
    |                    |
    |                    the lifetime is elided here
    |
    = help: the same lifetime is referred to in inconsistent ways, making the signature confusing
    = note: `#[warn(mismatched_lifetime_syntaxes)]` on by default
help: use `'_` for type paths
    |
230 |     pub fn entries(&self) -> Entries<'_, Key> {
    |                                      +++

warning: hiding a lifetime that's elided elsewhere is confusing
   --> crates/commitlog/src/index/indexfile.rs:280:20
    |
280 |     pub fn entries(&self) -> Entries<Key> {
    |                    ^^^^^     ------------ the same lifetime is hidden here
    |                    |
    |                    the lifetime is elided here
    |
    = help: the same lifetime is referred to in inconsistent ways, making the signature confusing
help: use `'_` for type paths
    |
280 |     pub fn entries(&self) -> Entries<'_, Key> {
    |                                      +++

   Compiling spacetimedb-durability v1.3.0 (/app/crates/durability)
   Compiling spacetimedb-snapshot v1.3.0 (/app/crates/snapshot)
warning: `spacetimedb-commitlog` (lib) generated 2 warnings
   Compiling spacetimedb-datastore v1.3.0 (/app/crates/datastore)
warning: `spacetimedb-sats` (lib test) generated 1 warning (1 duplicate)
warning: `spacetimedb-table` (lib) generated 2 warnings
   Compiling rusqlite v0.29.0
warning: hiding a lifetime that's elided elsewhere is confusing
   --> crates/datastore/src/locking_tx_datastore/mut_tx.rs:114:9
    |
114 |         &self,
    |         ^^^^^ the lifetime is elided here
...
119 |     ) -> impl Iterator<Item = Row> {
    |                               --- the same lifetime is hidden here
    |
    = help: the same lifetime is referred to in inconsistent ways, making the signature confusing
    = note: `#[warn(mismatched_lifetime_syntaxes)]` on by default
help: use `'_` for type paths
    |
119 |     ) -> impl Iterator<Item = Row<'_>> {
    |                                  ++++

warning: hiding a lifetime that's elided elsewhere is confusing
   --> crates/datastore/src/locking_tx_datastore/mut_tx.rs:126:9
    |
126 |         &self,
    |         ^^^^^ the lifetime is elided here
...
131 |     ) -> impl Iterator<Item = Row> {
    |                               --- the same lifetime is hidden here
    |
    = help: the same lifetime is referred to in inconsistent ways, making the signature confusing
help: use `'_` for type paths
    |
131 |     ) -> impl Iterator<Item = Row<'_>> {
    |                                  ++++

warning: `spacetimedb-execution` (lib test) generated 6 warnings (6 duplicates)
   Compiling openssl v0.10.72
   Compiling native-tls v0.2.14
warning: `spacetimedb-datastore` (lib) generated 2 warnings
   Compiling tokio-native-tls v0.3.1
   Compiling tungstenite v0.27.0
   Compiling hyper-tls v0.5.0
   Compiling hyper-tls v0.6.0
   Compiling reqwest v0.11.27
   Compiling reqwest v0.12.15
   Compiling tokio-tungstenite v0.27.0
   Compiling spacetimedb-sdk v1.3.0 (/app/crates/sdk)
warning: `spacetimedb-commitlog` (lib test) generated 2 warnings (2 duplicates)
   Compiling spacetimedb-jwks v0.1.3
   Compiling spacetimedb-core v1.3.0 (/app/crates/core)
   Compiling connect_disconnect_client v1.3.0 (/app/crates/sdk/tests/connect_disconnect_client)
   Compiling test-client v1.3.0 (/app/crates/sdk/tests/test-client)
warning: `spacetimedb-datastore` (lib test) generated 2 warnings (2 duplicates)
warning: `spacetimedb-table` (lib test) generated 2 warnings (2 duplicates)
warning: hiding a lifetime that's elided elsewhere is confusing
   --> crates/core/src/database_logger.rs:279:24
    |
279 |     fn record(message: &str) -> Record {
    |                        ^^^^     ------ the same lifetime is hidden here
    |                        |
    |                        the lifetime is elided here
    |
    = help: the same lifetime is referred to in inconsistent ways, making the signature confusing
    = note: `#[warn(mismatched_lifetime_syntaxes)]` on by default
help: use `'_` for type paths
    |
279 |     fn record(message: &str) -> Record<'_> {
    |                                       ++++

warning: hiding a lifetime that's elided elsewhere is confusing
   --> crates/core/src/host/wasmtime/mod.rs:243:24
    |
243 |     fn deref_str_lossy(&self, offset: WasmPtr<u8>, len: u32) -> Result<Cow<str>, MemError> {
    |                        ^^^^^ the lifetime is elided here               -------- the same lifetime is hidden here
    |
    = help: the same lifetime is referred to in inconsistent ways, making the signature confusing
help: use `'_` for type paths
    |
243 |     fn deref_str_lossy(&self, offset: WasmPtr<u8>, len: u32) -> Result<Cow<'_, str>, MemError> {
    |                                                                            +++

warning: hiding a lifetime that's elided elsewhere is confusing
   --> crates/core/src/subscription/tx.rs:169:9
    |
169 |         &self,
    |         ^^^^^ the lifetime is elided here
...
174 |     ) -> impl Iterator<Item = Row> {
    |                               --- the same lifetime is hidden here
    |
    = help: the same lifetime is referred to in inconsistent ways, making the signature confusing
help: use `'_` for type paths
    |
174 |     ) -> impl Iterator<Item = Row<'_>> {
    |                                  ++++

warning: hiding a lifetime that's elided elsewhere is confusing
   --> crates/core/src/subscription/tx.rs:219:9
    |
219 |         &self,
    |         ^^^^^ the lifetime is elided here
...
224 |     ) -> impl Iterator<Item = Row> {
    |                               --- the same lifetime is hidden here
    |
    = help: the same lifetime is referred to in inconsistent ways, making the signature confusing
help: use `'_` for type paths
    |
224 |     ) -> impl Iterator<Item = Row<'_>> {
    |                                  ++++

   Compiling spacetimedb-client-api v1.3.0 (/app/crates/client-api)
   Compiling spacetimedb-standalone v1.3.0 (/app/crates/standalone)
   Compiling spacetimedb-testing v1.3.0 (/app/crates/testing)
   Compiling spacetimedb-bench v1.3.0 (/app/crates/bench)
warning: `spacetimedb-core` (lib) generated 4 warnings
   Compiling sqltest v1.3.0 (/app/crates/sqltest)
warning: `spacetimedb-schema` (lib test) generated 1 warning (1 duplicate)
warning: `spacetimedb-core` (lib test) generated 4 warnings (4 duplicates)
    Finished `test` profile [optimized + debuginfo] target(s) in 2m 30s
     Running unittests src/lib.rs (target/debug/deps/benchmarks_module-5939b36900843d6f)

running 0 tests

test result: ok. 0 passed; 0 failed; 0 ignored; 0 measured; 0 filtered out; finished in 0.00s

     Running unittests src/main.rs (target/debug/deps/connect_disconnect_client-6a9f2a3ee90d2b8c)

running 0 tests

test result: ok. 0 passed; 0 failed; 0 ignored; 0 measured; 0 filtered out; finished in 0.00s

     Running unittests src/lib.rs (target/debug/deps/keynote_benchmarks-d31bf7a305f26e9e)

running 0 tests

test result: ok. 0 passed; 0 failed; 0 ignored; 0 measured; 0 filtered out; finished in 0.00s

     Running unittests src/lib.rs (target/debug/deps/module_test-523016e4b0dc5287)

running 0 tests

test result: ok. 0 passed; 0 failed; 0 ignored; 0 measured; 0 filtered out; finished in 0.00s

     Running unittests src/lib.rs (target/debug/deps/perf_test_module-3cf2fd1e1f2a594e)

running 0 tests

test result: ok. 0 passed; 0 failed; 0 ignored; 0 measured; 0 filtered out; finished in 0.00s

     Running unittests src/lib.rs (target/debug/deps/quickstart_chat_module-85a20e6d086a79e2)

running 0 tests

test result: ok. 0 passed; 0 failed; 0 ignored; 0 measured; 0 filtered out; finished in 0.00s

     Running unittests src/lib.rs (target/debug/deps/sdk_test_module-fd38e2149c5f13f1)

running 0 tests

test result: ok. 0 passed; 0 failed; 0 ignored; 0 measured; 0 filtered out; finished in 0.00s

     Running unittests src/lib.rs (target/debug/deps/spacetime_module-b0b8ff07e34b269d)

running 0 tests

test result: ok. 0 passed; 0 failed; 0 ignored; 0 measured; 0 filtered out; finished in 0.00s

     Running unittests src/lib.rs (target/debug/deps/spacetimedb-ba34a6a1ff572885)

running 0 tests

test result: ok. 0 passed; 0 failed; 0 ignored; 0 measured; 0 filtered out; finished in 0.00s

     Running tests/deps.rs (target/debug/deps/deps-37f1633035a50ae6)

running 1 test
test deptree_snapshot ... ok

test result: ok. 1 passed; 0 failed; 0 ignored; 0 measured; 0 filtered out; finished in 3.71s

     Running tests/ui.rs (target/debug/deps/ui-e5f9cce708818b82)

running 1 test
   Compiling proc-macro2 v1.0.95
   Compiling unicode-ident v1.0.18
   Compiling version_check v0.9.5
   Compiling typenum v1.18.0
   Compiling libc v0.2.172
   Compiling autocfg v1.4.0
   Compiling serde v1.0.219
    Checking cfg-if v1.0.0
   Compiling zerocopy v0.8.25
    Checking either v1.15.0
   Compiling shlex v1.3.0
   Compiling nohash-hasher v0.2.0
    Checking bitflags v2.9.0
   Compiling thiserror v1.0.69
   Compiling anyhow v1.0.98
    Checking keccak v0.1.5
   Compiling humantime v2.2.0
   Compiling heck v0.4.1
    Checking arrayvec v0.7.6
   Compiling convert_case v0.4.0
   Compiling heck v0.5.0
    Checking hex v0.4.3
    Checking second-stack v0.3.5
    Checking arrayref v0.3.9
    Checking bytes v1.10.1
    Checking smallvec v1.15.0
    Checking regex-syntax v0.8.5
    Checking bytemuck v1.23.0
    Checking constant_time_eq v0.3.1
   Compiling spacetimedb-lib v1.3.0 (/app/crates/lib)
    Checking once_cell v1.21.3
    Checking similar v2.7.0
    Checking log v0.4.27
    Checking scoped-tls v1.0.1
   Compiling cc v1.2.21
    Checking itertools v0.12.1
   Compiling generic-array v0.14.7
   Compiling num-traits v0.2.19
   Compiling quote v1.0.40
   Compiling syn v2.0.101
    Checking getrandom v0.2.16
    Checking console v0.15.11
    Checking rand_core v0.6.4
    Checking approx v0.3.2
    Checking chrono v0.4.41
    Checking spacetimedb-primitives v1.3.0 (/app/crates/primitives)
    Checking decorum v0.3.1
   Compiling blake3 v1.8.2
    Checking regex-automata v0.4.9
    Checking block-buffer v0.10.4
    Checking crypto-common v0.1.6
    Checking spacetimedb-bindings-sys v1.3.0 (/app/crates/bindings-sys)
    Checking digest v0.10.7
    Checking sha3 v0.10.8
    Checking ppv-lite86 v0.2.21
    Checking rand_chacha v0.3.1
    Checking rand v0.8.5
    Checking ethnum v1.5.1
    Checking toml v0.5.11
    Checking regex v1.11.1
    Checking insta v1.43.1
   Compiling thiserror-impl v1.0.69
   Compiling enum-as-inner v0.6.1
   Compiling derive_more v0.99.20
   Compiling spacetimedb-bindings-macro v1.3.0 (/app/crates/bindings-macro)
    Checking spacetimedb-sats v1.3.0 (/app/crates/sats)
warning: hiding a lifetime that's elided elsewhere is confusing
   --> /app/crates/sats/src/array_value.rs:116:24
    |
116 |     pub fn iter_cloned(&self) -> ArrayValueIterCloned {
    |                        ^^^^^     -------------------- the same lifetime is hidden here
    |                        |
    |                        the lifetime is elided here
    |
    = help: the same lifetime is referred to in inconsistent ways, making the signature confusing
    = note: `#[warn(mismatched_lifetime_syntaxes)]` on by default
help: use `'_` for type paths
    |
116 |     pub fn iter_cloned(&self) -> ArrayValueIterCloned<'_> {
    |                                                      ++++

warning: `spacetimedb-sats` (lib) generated 1 warning
warning: hiding a lifetime that's elided elsewhere is confusing
   --> /app/crates/lib/src/db/raw_def/v9.rs:470:9
    |
470 |         &mut self,
    |         ^^^^^^^^^ the lifetime is elided here
...
473 |     ) -> RawTableDefBuilder {
    |          ------------------ the same lifetime is hidden here
    |
    = help: the same lifetime is referred to in inconsistent ways, making the signature confusing
    = note: `#[warn(mismatched_lifetime_syntaxes)]` on by default
help: use `'_` for type paths
    |
473 |     ) -> RawTableDefBuilder<'_> {
    |                            ++++

warning: hiding a lifetime that's elided elsewhere is confusing
   --> /app/crates/lib/src/db/raw_def/v9.rs:494:9
    |
494 |         &mut self,
    |         ^^^^^^^^^ the lifetime is elided here
...
498 |     ) -> RawTableDefBuilder {
    |          ------------------ the same lifetime is hidden here
    |
    = help: the same lifetime is referred to in inconsistent ways, making the signature confusing
help: use `'_` for type paths
    |
498 |     ) -> RawTableDefBuilder<'_> {
    |                            ++++

warning: hiding a lifetime that's elided elsewhere is confusing
   --> /app/crates/lib/src/db/raw_def/v9.rs:514:9
    |
514 |         &mut self,
    |         ^^^^^^^^^ the lifetime is elided here
...
518 |     ) -> RawTableDefBuilder {
    |          ------------------ the same lifetime is hidden here
    |
    = help: the same lifetime is referred to in inconsistent ways, making the signature confusing
help: use `'_` for type paths
    |
518 |     ) -> RawTableDefBuilder<'_> {
    |                            ++++

warning: `spacetimedb-lib` (lib) generated 3 warnings
    Checking spacetimedb v1.3.0 (/app/crates/bindings)
    Checking spacetimedb-tests v0.0.0 (/app/target/tests/trybuild/spacetimedb)
    Finished `dev` profile [unoptimized + debuginfo] target(s) in 10.95s


test tests/ui/reducers.rs ... mismatch

EXPECTED:

error: type parameters are not allowed on reducers
  --> tests/ui/reducers.rs:17:15
   |
17 | fn type_param<T>() {}
   |               ^

error: const parameters are not allowed on reducers
  --> tests/ui/reducers.rs:20:16
   |
20 | fn const_param<const X: u8>() {}
   |                ^^^^^^^^^^^

error: scheduled table missing required columns; add these to your struct:
       #[primary_key]
       #[auto_inc]
       scheduled_id: u64,
       scheduled_at: spacetimedb::ScheduleAt,
  --> tests/ui/reducers.rs:28:59
   |
28 | #[spacetimedb::table(name = scheduled_table_missing_rows, scheduled(scheduled_table_missing_rows_reducer))]
   |                                                           ^^^^^^^^^

error[E0593]: function is expected to take 2 arguments, but it takes 3 arguments
  --> tests/ui/reducers.rs:37:56
   |
37 | #[spacetimedb::table(name = scheduled_table, scheduled(scheduled_table_reducer))]
   | -------------------------------------------------------^^^^^^^^^^^^^^^^^^^^^^^---
   | |                                                      |
   | |                                                      expected function that takes 2 arguments
   | required by a bound introduced by this call
...
48 | fn scheduled_table_reducer(_ctx: &ReducerContext, _x: u8, _y: u8) {}
   | ----------------------------------------------------------------- takes 3 arguments
   |
   = note: required for `for<'a> fn(&'a ReducerContext, u8, u8) {scheduled_table_reducer}` to implement `Reducer<'_, (ScheduledTable,)>`
   = note: required for `for<'a> fn(&'a ReducerContext, u8, u8) {scheduled_table_reducer}` to implement `ReducerForScheduledTable<'_, ScheduledTable>`
note: required by a bound in `scheduled_reducer_typecheck`
  --> src/rt.rs
   |
   | pub const fn scheduled_reducer_typecheck<'de, Row>(_x: impl ReducerForScheduledTable<'de, Row>)
   |                                                             ^^^^^^^^^^^^^^^^^^^^^^^^^^^^^^^^^^ required by this bound in `scheduled_reducer_typecheck`

error[E0277]: invalid reducer signature
 --> tests/ui/reducers.rs:6:4
  |
5 | #[spacetimedb::reducer]
  | ----------------------- required by a bound introduced by this call
6 | fn bad_type(_ctx: &ReducerContext, _a: Test) {}
  |    ^^^^^^^^ this reducer signature is not valid
  |
  = help: the trait `Reducer<'_, _>` is not implemented for fn item `for<'a> fn(&'a ReducerContext, Test) {bad_type}`
  = note:
  = note: reducer signatures must match the following pattern:
  = note:     `Fn(&ReducerContext, [T1, ...]) [-> Result<(), impl Display>]`
  = note: where each `Ti` type implements `SpacetimeType`.
  = note:
note: required by a bound in `register_reducer`
 --> src/rt.rs
  |
  | pub fn register_reducer<'a, A: Args<'a>, I: ReducerInfo>(_: impl Reducer<'a, A>) {
  |                                                                  ^^^^^^^^^^^^^^ required by this bound in `register_reducer`

error[E0277]: the reducer argument `Test` does not implement `SpacetimeType`
 --> tests/ui/reducers.rs:6:40
  |
6 | fn bad_type(_ctx: &ReducerContext, _a: Test) {}
  |                                        ^^^^ the trait `SpacetimeType` is not implemented for `Test`
  |
  = note: if you own the type, try adding `#[derive(SpacetimeType)]` to its definition
  = help: the following other types implement trait `SpacetimeType`:
            &T
            ()
            AlgebraicType
            AlgebraicTypeRef
            Arc<T>
            ArrayType
            Box<T>
            ColId
          and $N others
  = note: required for `Test` to implement `ReducerArg`

error[E0277]: invalid reducer signature
 --> tests/ui/reducers.rs:6:4
  |
5 | #[spacetimedb::reducer]
  | ----------------------- required by a bound introduced by this call
6 | fn bad_type(_ctx: &ReducerContext, _a: Test) {}
  |    ^^^^^^^^ this reducer signature is not valid
  |
  = help: the trait `Reducer<'_, _>` is not implemented for fn item `for<'a> fn(&'a ReducerContext, Test) {bad_type}`
  = note:
  = note: reducer signatures must match the following pattern:
  = note:     `Fn(&ReducerContext, [T1, ...]) [-> Result<(), impl Display>]`
  = note: where each `Ti` type implements `SpacetimeType`.
  = note:
note: required by a bound in `invoke_reducer`
 --> src/rt.rs
  |
  | pub fn invoke_reducer<'a, A: Args<'a>>(
  |        -------------- required by a bound in this function
  |     reducer: impl Reducer<'a, A>,
  |                   ^^^^^^^^^^^^^^ required by this bound in `invoke_reducer`

error[E0277]: invalid reducer signature
 --> tests/ui/reducers.rs:9:4
  |
8 | #[spacetimedb::reducer]
  | ----------------------- required by a bound introduced by this call
9 | fn bad_return_type(_ctx: &ReducerContext) -> Test {
  |    ^^^^^^^^^^^^^^^ this reducer signature is not valid
test ui ... FAILED

failures:
  |

  = help: the trait `Reducer<'_, _>` is not implemented for fn item `for<'a> fn(&'a ReducerContext) -> Test {bad_return_type}`
---- ui stdout ----
  = note:

  = note: reducer signatures must match the following pattern:
thread 'ui' panicked at /root/.cargo/registry/src/index.crates.io-1949cf8c6b5b557f/trybuild-1.0.104/src/run.rs:102:13:
  = note:     `Fn(&ReducerContext, [T1, ...]) [-> Result<(), impl Display>]`
2 of 2 tests failed
note: run with `RUST_BACKTRACE=1` environment variable to display a backtrace


failures:
    ui
  = note: where each `Ti` type implements `SpacetimeType`.
  = note:
note: required by a bound in `register_reducer`
 --> src/rt.rs
  |
  | pub fn register_reducer<'a, A: Args<'a>, I: ReducerInfo>(_: impl Reducer<'a, A>) {
  |                                                                  ^^^^^^^^^^^^^^ required by this bound in `register_reducer`

test result: FAILED. 0 passed; 1 failed; 0 ignored; 0 measured; 0 filtered out; finished in 11.53s

error[E0277]: `Test` is not a valid reducer return type
 --> tests/ui/reducers.rs:9:46
  |
9 | fn bad_return_type(_ctx: &ReducerContext) -> Test {
  |                                              ^^^^ the trait `IntoReducerResult` is not implemented for `Test`
  |
  = note: reducers cannot return values -- you can only return `()` or `Result<(), impl Display>`
  = help: the following other types implement trait `IntoReducerResult`:

            ()
            Result<(), E>

error[E0277]: invalid reducer signature
 --> tests/ui/reducers.rs:9:4
  |
8 | #[spacetimedb::reducer]
  | ----------------------- required by a bound introduced by this call
9 | fn bad_return_type(_ctx: &ReducerContext) -> Test {
  |    ^^^^^^^^^^^^^^^ this reducer signature is not valid
  |
  = help: the trait `Reducer<'_, _>` is not implemented for fn item `for<'a> fn(&'a ReducerContext) -> Test {bad_return_type}`
  = note:
  = note: reducer signatures must match the following pattern:
  = note:     `Fn(&ReducerContext, [T1, ...]) [-> Result<(), impl Display>]`
  = note: where each `Ti` type implements `SpacetimeType`.
  = note:
note: required by a bound in `invoke_reducer`
 --> src/rt.rs
  |
  | pub fn invoke_reducer<'a, A: Args<'a>>(
  |        -------------- required by a bound in this function
  |     reducer: impl Reducer<'a, A>,
  |                   ^^^^^^^^^^^^^^ required by this bound in `invoke_reducer`

error[E0277]: invalid reducer signature
  --> tests/ui/reducers.rs:23:4
   |
22 | #[spacetimedb::reducer]
   | ----------------------- required by a bound introduced by this call
23 | fn missing_ctx(_a: u8) {}
   |    ^^^^^^^^^^^ this reducer signature is not valid
   |
   = help: the trait `Reducer<'_, _>` is not implemented for fn item `fn(u8) {missing_ctx}`
   = note:
   = note: reducer signatures must match the following pattern:
   = note:     `Fn(&ReducerContext, [T1, ...]) [-> Result<(), impl Display>]`
   = note: where each `Ti` type implements `SpacetimeType`.
   = note:
note: required by a bound in `register_reducer`
  --> src/rt.rs
   |
   | pub fn register_reducer<'a, A: Args<'a>, I: ReducerInfo>(_: impl Reducer<'a, A>) {
   |                                                                  ^^^^^^^^^^^^^^ required by this bound in `register_reducer`

error[E0277]: the first argument of a reducer must be `&ReducerContext`
  --> tests/ui/reducers.rs:23:20
   |
23 | fn missing_ctx(_a: u8) {}
   |                    ^^ first argument must be `&ReducerContext`
   |
   = help: the trait `ReducerContextArg` is not implemented for `u8`
   = help: the trait `ReducerContextArg` is implemented for `&ReducerContext`

error[E0277]: invalid reducer signature
  --> tests/ui/reducers.rs:23:4
   |
22 | #[spacetimedb::reducer]
   | ----------------------- required by a bound introduced by this call
23 | fn missing_ctx(_a: u8) {}
   |    ^^^^^^^^^^^ this reducer signature is not valid
   |
   = help: the trait `Reducer<'_, _>` is not implemented for fn item `fn(u8) {missing_ctx}`
   = note:
   = note: reducer signatures must match the following pattern:
   = note:     `Fn(&ReducerContext, [T1, ...]) [-> Result<(), impl Display>]`
   = note: where each `Ti` type implements `SpacetimeType`.
   = note:
note: required by a bound in `invoke_reducer`
  --> src/rt.rs
   |
   | pub fn invoke_reducer<'a, A: Args<'a>>(
   |        -------------- required by a bound in this function
   |     reducer: impl Reducer<'a, A>,
   |                   ^^^^^^^^^^^^^^ required by this bound in `invoke_reducer`

error[E0277]: invalid reducer signature
  --> tests/ui/reducers.rs:26:4
   |
25 | #[spacetimedb::reducer]
   | ----------------------- required by a bound introduced by this call
26 | fn ctx_by_val(_ctx: ReducerContext, _a: u8) {}
   |    ^^^^^^^^^^ this reducer signature is not valid
   |
   = help: the trait `Reducer<'_, _>` is not implemented for fn item `fn(ReducerContext, u8) {ctx_by_val}`
   = note:
   = note: reducer signatures must match the following pattern:
   = note:     `Fn(&ReducerContext, [T1, ...]) [-> Result<(), impl Display>]`
   = note: where each `Ti` type implements `SpacetimeType`.
   = note:
note: required by a bound in `register_reducer`
  --> src/rt.rs
   |
   | pub fn register_reducer<'a, A: Args<'a>, I: ReducerInfo>(_: impl Reducer<'a, A>) {
   |                                                                  ^^^^^^^^^^^^^^ required by this bound in `register_reducer`

error[E0277]: the first argument of a reducer must be `&ReducerContext`
  --> tests/ui/reducers.rs:26:21
   |
26 | fn ctx_by_val(_ctx: ReducerContext, _a: u8) {}
   |                     ^^^^^^^^^^^^^^ first argument must be `&ReducerContext`
   |
   = help: the trait `ReducerContextArg` is not implemented for `ReducerContext`
   = help: the trait `ReducerContextArg` is implemented for `&ReducerContext`

error[E0277]: invalid reducer signature
  --> tests/ui/reducers.rs:26:4
   |
25 | #[spacetimedb::reducer]
   | ----------------------- required by a bound introduced by this call
26 | fn ctx_by_val(_ctx: ReducerContext, _a: u8) {}
   |    ^^^^^^^^^^ this reducer signature is not valid
   |
   = help: the trait `Reducer<'_, _>` is not implemented for fn item `fn(ReducerContext, u8) {ctx_by_val}`
   = note:
   = note: reducer signatures must match the following pattern:
   = note:     `Fn(&ReducerContext, [T1, ...]) [-> Result<(), impl Display>]`
   = note: where each `Ti` type implements `SpacetimeType`.
   = note:
note: required by a bound in `invoke_reducer`
  --> src/rt.rs
   |
   | pub fn invoke_reducer<'a, A: Args<'a>>(
   |        -------------- required by a bound in this function
   |     reducer: impl Reducer<'a, A>,
   |                   ^^^^^^^^^^^^^^ required by this bound in `invoke_reducer`


ACTUAL OUTPUT:

error: type parameters are not allowed on reducers
  --> tests/ui/reducers.rs:17:15
   |
17 | fn type_param<T>() {}
   |               ^

error: const parameters are not allowed on reducers
  --> tests/ui/reducers.rs:20:16
   |
20 | fn const_param<const X: u8>() {}
   |                ^^^^^^^^^^^

error: scheduled table missing required columns; add these to your struct:
       #[primary_key]
       #[auto_inc]
       scheduled_id: u64,
       scheduled_at: spacetimedb::ScheduleAt,
  --> tests/ui/reducers.rs:28:59
   |
28 | #[spacetimedb::table(name = scheduled_table_missing_rows, scheduled(scheduled_table_missing_rows_reducer))]
   |                                                           ^^^^^^^^^

error[E0277]: invalid reducer signature
 --> tests/ui/reducers.rs:6:4
  |
5 | #[spacetimedb::reducer]
  | ----------------------- required by a bound introduced by this call
6 | fn bad_type(_ctx: &ReducerContext, _a: Test) {}
  |    ^^^^^^^^ this reducer signature is not valid
  |
  = help: the trait `Reducer<'_, _>` is not implemented for fn item `for<'a> fn(&'a ReducerContext, Test) {bad_type}`
  = note:
  = note: reducer signatures must match the following pattern:
  = note:     `Fn(&ReducerContext, [T1, ...]) [-> Result<(), impl Display>]`
  = note: where each `Ti` type implements `SpacetimeType`.
  = note:
note: required by a bound in `register_reducer`
 --> src/rt.rs
  |
  | pub fn register_reducer<'a, A: Args<'a>, I: ReducerInfo>(_: impl Reducer<'a, A>) {
  |                                                                  ^^^^^^^^^^^^^^ required by this bound in `register_reducer`

error[E0277]: the reducer argument `Test` does not implement `SpacetimeType`
 --> tests/ui/reducers.rs:6:40
  |
6 | fn bad_type(_ctx: &ReducerContext, _a: Test) {}
  |                                        ^^^^ the trait `SpacetimeType` is not implemented for `Test`
  |
  = note: if you own the type, try adding `#[derive(SpacetimeType)]` to its definition
  = help: the following other types implement trait `SpacetimeType`:
            &T
            ()
            AlgebraicType
            AlgebraicTypeRef
            Arc<T>
            ArrayType
            Box<T>
            ColId
          and $N others
  = note: required for `Test` to implement `ReducerArg`

error[E0277]: invalid reducer signature
 --> tests/ui/reducers.rs:6:4
  |
5 | #[spacetimedb::reducer]
  | ----------------------- required by a bound introduced by this call
6 | fn bad_type(_ctx: &ReducerContext, _a: Test) {}
  |    ^^^^^^^^ this reducer signature is not valid
  |
  = help: the trait `Reducer<'_, _>` is not implemented for fn item `for<'a> fn(&'a ReducerContext, Test) {bad_type}`
  = note:
  = note: reducer signatures must match the following pattern:
  = note:     `Fn(&ReducerContext, [T1, ...]) [-> Result<(), impl Display>]`
  = note: where each `Ti` type implements `SpacetimeType`.
  = note:
note: required by a bound in `invoke_reducer`
 --> src/rt.rs
  |
  | pub fn invoke_reducer<'a, A: Args<'a>>(
  |        -------------- required by a bound in this function
  |     reducer: impl Reducer<'a, A>,
  |                   ^^^^^^^^^^^^^^ required by this bound in `invoke_reducer`

error[E0277]: invalid reducer signature
 --> tests/ui/reducers.rs:9:4
  |
8 | #[spacetimedb::reducer]
  | ----------------------- required by a bound introduced by this call
9 | fn bad_return_type(_ctx: &ReducerContext) -> Test {
  |    ^^^^^^^^^^^^^^^ this reducer signature is not valid
  |
  = help: the trait `Reducer<'_, _>` is not implemented for fn item `for<'a> fn(&'a ReducerContext) -> Test {bad_return_type}`
  = note:
  = note: reducer signatures must match the following pattern:
  = note:     `Fn(&ReducerContext, [T1, ...]) [-> Result<(), impl Display>]`
  = note: where each `Ti` type implements `SpacetimeType`.
  = note:
note: required by a bound in `register_reducer`
 --> src/rt.rs
  |
  | pub fn register_reducer<'a, A: Args<'a>, I: ReducerInfo>(_: impl Reducer<'a, A>) {
  |                                                                  ^^^^^^^^^^^^^^ required by this bound in `register_reducer`

error[E0277]: `Test` is not a valid reducer return type
 --> tests/ui/reducers.rs:9:46
  |
9 | fn bad_return_type(_ctx: &ReducerContext) -> Test {
  |                                              ^^^^ the trait `IntoReducerResult` is not implemented for `Test`
  |
  = note: reducers cannot return values -- you can only return `()` or `Result<(), impl Display>`
  = help: the following other types implement trait `IntoReducerResult`:
            ()
            Result<(), E>

error[E0277]: invalid reducer signature
 --> tests/ui/reducers.rs:9:4
  |
8 | #[spacetimedb::reducer]
  | ----------------------- required by a bound introduced by this call
9 | fn bad_return_type(_ctx: &ReducerContext) -> Test {
  |    ^^^^^^^^^^^^^^^ this reducer signature is not valid
  |
  = help: the trait `Reducer<'_, _>` is not implemented for fn item `for<'a> fn(&'a ReducerContext) -> Test {bad_return_type}`
  = note:
  = note: reducer signatures must match the following pattern:
  = note:     `Fn(&ReducerContext, [T1, ...]) [-> Result<(), impl Display>]`
  = note: where each `Ti` type implements `SpacetimeType`.
  = note:
note: required by a bound in `invoke_reducer`
 --> src/rt.rs
  |
  | pub fn invoke_reducer<'a, A: Args<'a>>(
  |        -------------- required by a bound in this function
  |     reducer: impl Reducer<'a, A>,
  |                   ^^^^^^^^^^^^^^ required by this bound in `invoke_reducer`

error[E0277]: invalid reducer signature
  --> tests/ui/reducers.rs:23:4
   |
22 | #[spacetimedb::reducer]
   | ----------------------- required by a bound introduced by this call
23 | fn missing_ctx(_a: u8) {}
   |    ^^^^^^^^^^^ this reducer signature is not valid
   |
   = help: the trait `Reducer<'_, _>` is not implemented for fn item `fn(u8) {missing_ctx}`
   = note:
   = note: reducer signatures must match the following pattern:
   = note:     `Fn(&ReducerContext, [T1, ...]) [-> Result<(), impl Display>]`
   = note: where each `Ti` type implements `SpacetimeType`.
   = note:
note: required by a bound in `register_reducer`
  --> src/rt.rs
   |
   | pub fn register_reducer<'a, A: Args<'a>, I: ReducerInfo>(_: impl Reducer<'a, A>) {
   |                                                                  ^^^^^^^^^^^^^^ required by this bound in `register_reducer`

error[E0277]: the first argument of a reducer must be `&ReducerContext`
  --> tests/ui/reducers.rs:23:20
   |
23 | fn missing_ctx(_a: u8) {}
   |                    ^^ first argument must be `&ReducerContext`
   |
   = help: the trait `ReducerContextArg` is not implemented for `u8`
   = help: the trait `ReducerContextArg` is implemented for `&ReducerContext`

error[E0277]: invalid reducer signature
  --> tests/ui/reducers.rs:23:4
   |
22 | #[spacetimedb::reducer]
   | ----------------------- required by a bound introduced by this call
23 | fn missing_ctx(_a: u8) {}
   |    ^^^^^^^^^^^ this reducer signature is not valid
   |
   = help: the trait `Reducer<'_, _>` is not implemented for fn item `fn(u8) {missing_ctx}`
   = note:
   = note: reducer signatures must match the following pattern:
   = note:     `Fn(&ReducerContext, [T1, ...]) [-> Result<(), impl Display>]`
   = note: where each `Ti` type implements `SpacetimeType`.
   = note:
note: required by a bound in `invoke_reducer`
  --> src/rt.rs
   |
   | pub fn invoke_reducer<'a, A: Args<'a>>(
   |        -------------- required by a bound in this function
   |     reducer: impl Reducer<'a, A>,
   |                   ^^^^^^^^^^^^^^ required by this bound in `invoke_reducer`

error[E0277]: invalid reducer signature
  --> tests/ui/reducers.rs:26:4
   |
25 | #[spacetimedb::reducer]
   | ----------------------- required by a bound introduced by this call
26 | fn ctx_by_val(_ctx: ReducerContext, _a: u8) {}
   |    ^^^^^^^^^^ this reducer signature is not valid
   |
   = help: the trait `Reducer<'_, _>` is not implemented for fn item `fn(ReducerContext, u8) {ctx_by_val}`
   = note:
   = note: reducer signatures must match the following pattern:
   = note:     `Fn(&ReducerContext, [T1, ...]) [-> Result<(), impl Display>]`
   = note: where each `Ti` type implements `SpacetimeType`.
   = note:
note: required by a bound in `register_reducer`
  --> src/rt.rs
   |
   | pub fn register_reducer<'a, A: Args<'a>, I: ReducerInfo>(_: impl Reducer<'a, A>) {
   |                                                                  ^^^^^^^^^^^^^^ required by this bound in `register_reducer`

error[E0277]: the first argument of a reducer must be `&ReducerContext`
  --> tests/ui/reducers.rs:26:21
   |
26 | fn ctx_by_val(_ctx: ReducerContext, _a: u8) {}
   |                     ^^^^^^^^^^^^^^ first argument must be `&ReducerContext`
   |
   = help: the trait `ReducerContextArg` is not implemented for `ReducerContext`
   = help: the trait `ReducerContextArg` is implemented for `&ReducerContext`

error[E0277]: invalid reducer signature
  --> tests/ui/reducers.rs:26:4
   |
25 | #[spacetimedb::reducer]
   | ----------------------- required by a bound introduced by this call
26 | fn ctx_by_val(_ctx: ReducerContext, _a: u8) {}
   |    ^^^^^^^^^^ this reducer signature is not valid
   |
   = help: the trait `Reducer<'_, _>` is not implemented for fn item `fn(ReducerContext, u8) {ctx_by_val}`
   = note:
   = note: reducer signatures must match the following pattern:
   = note:     `Fn(&ReducerContext, [T1, ...]) [-> Result<(), impl Display>]`
   = note: where each `Ti` type implements `SpacetimeType`.
   = note:
note: required by a bound in `invoke_reducer`
  --> src/rt.rs
   |
   | pub fn invoke_reducer<'a, A: Args<'a>>(
   |        -------------- required by a bound in this function
   |     reducer: impl Reducer<'a, A>,
   |                   ^^^^^^^^^^^^^^ required by this bound in `invoke_reducer`

error[E0593]: function is expected to take 2 arguments, but it takes 3 arguments
  --> tests/ui/reducers.rs:37:56
   |
37 | #[spacetimedb::table(name = scheduled_table, scheduled(scheduled_table_reducer))]
   | -------------------------------------------------------^^^^^^^^^^^^^^^^^^^^^^^---
   | |                                                      |
   | |                                                      expected function that takes 2 arguments
   | required by a bound introduced by this call
...
48 | fn scheduled_table_reducer(_ctx: &ReducerContext, _x: u8, _y: u8) {}
   | ----------------------------------------------------------------- takes 3 arguments
   |
   = note: required for `for<'a> fn(&'a ReducerContext, u8, u8) {scheduled_table_reducer}` to implement `Reducer<'_, (ScheduledTable,)>`
   = note: required for `for<'a> fn(&'a ReducerContext, u8, u8) {scheduled_table_reducer}` to implement `ReducerForScheduledTable<'_, ScheduledTable>`
note: required by a bound in `scheduled_reducer_typecheck`
  --> src/rt.rs
   |
   | pub const fn scheduled_reducer_typecheck<'de, Row>(_x: impl ReducerForScheduledTable<'de, Row>)
   |                                                             ^^^^^^^^^^^^^^^^^^^^^^^^^^^^^^^^^^ required by this bound in `scheduled_reducer_typecheck`

note: If the actual output is the correct output you can bless it by rerunning
      your test with the environment variable TRYBUILD=overwrite

test tests/ui/tables.rs ... mismatch

EXPECTED:

error: type parameters are not allowed on tables
 --> tests/ui/tables.rs:9:18
  |
9 | struct TypeParam<T> {
  |                  ^

error: const parameters are not allowed on tables
  --> tests/ui/tables.rs:14:19
   |
14 | struct ConstParam<const X: u8> {}
   |                   ^^^^^^^^^^^

error[E0277]: the column type `Test` does not implement `SpacetimeType`
 --> tests/ui/tables.rs:5:8
  |
5 |     x: Test,
  |        ^^^^ the trait `SpacetimeType` is not implemented for `Test`
  |
  = note: table column types all must implement `SpacetimeType`
  = note: if you own the type, try adding `#[derive(SpacetimeType)]` to its definition
  = help: the following other types implement trait `SpacetimeType`:
            &T
            ()
            AlgebraicType
            AlgebraicTypeRef
            Alpha
            Arc<T>
            ArrayType
            Box<T>
          and $N others
  = note: required for `Test` to implement `TableColumn`

error[E0277]: the trait bound `Test: SpacetimeType` is not satisfied
 --> tests/ui/tables.rs:5:8
  |
5 |     x: Test,
  |        ^^^^ the trait `SpacetimeType` is not implemented for `Test`
  |
  = note: if you own the type, try adding `#[derive(SpacetimeType)]` to its definition
  = help: the following other types implement trait `SpacetimeType`:
            &T
            ()
            AlgebraicType
            AlgebraicTypeRef
            Alpha
            Arc<T>
            ArrayType
            Box<T>
          and $N others

error[E0277]: the trait bound `Test: Deserialize<'de>` is not satisfied
 --> tests/ui/tables.rs:5:8
  |
3 | #[spacetimedb::table(name = table)]
  | ----------------------------------- required by a bound introduced by this call
4 | struct Table {
5 |     x: Test,
  |        ^^^^ the trait `Deserialize<'de>` is not implemented for `Test`
  |
  = help: the following other types implement trait `Deserialize<'de>`:
            &'de [u8]
            &'de str
            ()
            AlgebraicType
            AlgebraicTypeRef
            Alpha
            Arc<[T]>
            ArrayType
          and $N others
note: required by a bound in `spacetimedb::spacetimedb_lib::de::SeqProductAccess::next_element`
 --> $WORKSPACE/crates/sats/src/de.rs
  |
  |     fn next_element<T: Deserialize<'de>>(&mut self) -> Result<Option<T>, Self::Error> {
  |                        ^^^^^^^^^^^^^^^^ required by this bound in `SeqProductAccess::next_element`

error[E0277]: the trait bound `Test: Deserialize<'_>` is not satisfied
 --> tests/ui/tables.rs:5:8
  |
5 |     x: Test,
  |        ^^^^ the trait `Deserialize<'_>` is not implemented for `Test`
  |
  = help: the following other types implement trait `Deserialize<'de>`:
            &'de [u8]
            &'de str
            ()
            AlgebraicType
            AlgebraicTypeRef
            Alpha
            Arc<[T]>
            ArrayType
          and $N others
note: required by a bound in `get_field_value`
 --> $WORKSPACE/crates/sats/src/de.rs
  |
  |     fn get_field_value<T: Deserialize<'de>>(&mut self) -> Result<T, Self::Error> {
  |                           ^^^^^^^^^^^^^^^^ required by this bound in `NamedProductAccess::get_field_value`

error[E0277]: the trait bound `Test: Serialize` is not satisfied
 --> tests/ui/tables.rs:5:8
  |
5 |     x: Test,
  |        ^^^^ the trait `Serialize` is not implemented for `Test`
  |
  = help: the following other types implement trait `Serialize`:
            &T
            ()
            AlgebraicType
            AlgebraicTypeRef
            AlgebraicValue
            Alpha
            Arc<T>
            ArrayType
          and $N others
note: required by a bound in `spacetimedb::spacetimedb_lib::ser::SerializeNamedProduct::serialize_element`
 --> $WORKSPACE/crates/sats/src/ser.rs
  |
  |     fn serialize_element<T: Serialize + ?Sized>(&mut self, name: Option<&str>, elem: &T) -> Result<(), Self::Error>;
  |                             ^^^^^^^^^ required by this bound in `SerializeNamedProduct::serialize_element`

error[E0277]: `&'a Alpha` cannot appear as an argument to an index filtering operation
  --> tests/ui/tables.rs:32:33
   |
32 |     ctx.db.delta().compound_a().find(Alpha { beta: 0 });
   |                                 ^^^^ should be an integer type, `bool`, `String`, `&str`, `Identity`, `ConnectionId`, `Hash` or a no-payload enum which derives `SpacetimeType`, not `&'a Alpha`
   |
   = help: the trait `for<'a> FilterableValue` is not implemented for `&'a Alpha`
   = note: The allowed set of types are limited to integers, bool, strings, `Identity`, `ConnectionId`, `Hash` and no-payload enums which derive `SpacetimeType`,
   = help: the following other types implement trait `FilterableValue`:
             &ConnectionId
             &Identity
             &Lifecycle
             &RawMiscModuleExportV9
             &TableAccess
             &TableType
             &bool
             &ethnum::int::I256
           and $N others
note: required by a bound in `UniqueColumn::<Tbl, <Col as Column>::ColType, Col>::find`
  --> src/table.rs
   |
   |     pub fn find(&self, col_val: impl Borrow<Col::ColType>) -> Option<Tbl::Row>
   |            ---- required by a bound in this associated function
   |     where
   |         for<'a> &'a Col::ColType: FilterableValue,
   |                                   ^^^^^^^^^^^^^^^ required by this bound in `UniqueColumn::<Tbl, <Col as Column>::ColType, Col>::find`

error[E0277]: the trait bound `Alpha: IndexScanRangeBounds<(Alpha,), SingleBound>` is not satisfied
  --> tests/ui/tables.rs:33:40
   |
33 |     ctx.db.delta().compound_b().filter(Alpha { beta: 1 });
   |                                 ------ ^^^^^^^^^^^^^^^^^ the trait `FilterableValue` is not implemented for `Alpha`
   |                                 |
   |                                 required by a bound introduced by this call
   |
   = help: the following other types implement trait `FilterableValue`:
             &ConnectionId
             &Identity
             &Lifecycle
             &RawMiscModuleExportV9
             &TableAccess
             &TableType
             &bool
             &ethnum::int::I256
           and $N others
   = note: required for `Alpha` to implement `IndexScanRangeBounds<(Alpha,), SingleBound>`
note: required by a bound in `RangedIndex::<Tbl, IndexType, Idx>::filter`
  --> src/table.rs
   |
   |     pub fn filter<B, K>(&self, b: B) -> impl Iterator<Item = Tbl::Row>
   |            ------ required by a bound in this associated function
   |     where
   |         B: IndexScanRangeBounds<IndexType, K>,
   |            ^^^^^^^^^^^^^^^^^^^^^^^^^^^^^^^^^^ required by this bound in `RangedIndex::<Tbl, IndexType, Idx>::filter`


ACTUAL OUTPUT:

error: type parameters are not allowed on tables
 --> tests/ui/tables.rs:9:18
  |
9 | struct TypeParam<T> {
  |                  ^

error: const parameters are not allowed on tables
  --> tests/ui/tables.rs:14:19
   |
14 | struct ConstParam<const X: u8> {}
   |                   ^^^^^^^^^^^

error[E0277]: the trait bound `Test: SpacetimeType` is not satisfied
 --> tests/ui/tables.rs:5:8
  |
5 |     x: Test,
  |        ^^^^ the trait `SpacetimeType` is not implemented for `Test`
  |
  = note: if you own the type, try adding `#[derive(SpacetimeType)]` to its definition
  = help: the following other types implement trait `SpacetimeType`:
            &T
            ()
            AlgebraicType
            AlgebraicTypeRef
            Alpha
            Arc<T>
            ArrayType
            Box<T>
          and $N others

error[E0277]: the trait bound `Test: Deserialize<'de>` is not satisfied
 --> tests/ui/tables.rs:5:8
  |
3 | #[spacetimedb::table(name = table)]
  | ----------------------------------- required by a bound introduced by this call
4 | struct Table {
5 |     x: Test,
  |        ^^^^ the trait `Deserialize<'de>` is not implemented for `Test`
  |
  = help: the following other types implement trait `Deserialize<'de>`:
            &'de [u8]
            &'de str
            ()
            AlgebraicType
            AlgebraicTypeRef
            Alpha
            Arc<[T]>
            ArrayType
          and $N others
note: required by a bound in `spacetimedb::spacetimedb_lib::de::SeqProductAccess::next_element`
 --> $WORKSPACE/crates/sats/src/de.rs
  |
  |     fn next_element<T: Deserialize<'de>>(&mut self) -> Result<Option<T>, Self::Error> {
  |                        ^^^^^^^^^^^^^^^^ required by this bound in `SeqProductAccess::next_element`

error[E0277]: the trait bound `Test: Deserialize<'_>` is not satisfied
 --> tests/ui/tables.rs:5:8
  |
5 |     x: Test,
  |        ^^^^ the trait `Deserialize<'_>` is not implemented for `Test`
  |
  = help: the following other types implement trait `Deserialize<'de>`:
            &'de [u8]
            &'de str
            ()
            AlgebraicType
            AlgebraicTypeRef
            Alpha
            Arc<[T]>
            ArrayType
          and $N others
note: required by a bound in `get_field_value`
 --> $WORKSPACE/crates/sats/src/de.rs
  |
  |     fn get_field_value<T: Deserialize<'de>>(&mut self) -> Result<T, Self::Error> {
  |                           ^^^^^^^^^^^^^^^^ required by this bound in `NamedProductAccess::get_field_value`

error[E0277]: the trait bound `Test: Serialize` is not satisfied
 --> tests/ui/tables.rs:5:8
  |
5 |     x: Test,
  |        ^^^^ the trait `Serialize` is not implemented for `Test`
  |
  = help: the following other types implement trait `Serialize`:
            &T
            ()
            AlgebraicType
            AlgebraicTypeRef
            AlgebraicValue
            Alpha
            Arc<T>
            ArrayType
          and $N others
note: required by a bound in `spacetimedb::spacetimedb_lib::ser::SerializeNamedProduct::serialize_element`
 --> $WORKSPACE/crates/sats/src/ser.rs
  |
  |     fn serialize_element<T: Serialize + ?Sized>(&mut self, name: Option<&str>, elem: &T) -> Result<(), Self::Error>;
  |                             ^^^^^^^^^ required by this bound in `SerializeNamedProduct::serialize_element`

error[E0277]: the column type `Test` does not implement `SpacetimeType`
 --> tests/ui/tables.rs:5:8
  |
5 |     x: Test,
  |        ^^^^ the trait `SpacetimeType` is not implemented for `Test`
  |
  = note: table column types all must implement `SpacetimeType`
  = note: if you own the type, try adding `#[derive(SpacetimeType)]` to its definition
  = help: the following other types implement trait `SpacetimeType`:
            &T
            ()
            AlgebraicType
            AlgebraicTypeRef
            Alpha
            Arc<T>
            ArrayType
            Box<T>
          and $N others
  = note: required for `Test` to implement `TableColumn`

error[E0277]: `&'a Alpha` cannot appear as an argument to an index filtering operation
  --> tests/ui/tables.rs:32:33
   |
32 |     ctx.db.delta().compound_a().find(Alpha { beta: 0 });
   |                                 ^^^^ should be an integer type, `bool`, `String`, `&str`, `Identity`, `ConnectionId`, `Hash` or a no-payload enum which derives `SpacetimeType`, not `&'a Alpha`
   |
   = help: the trait `for<'a> FilterableValue` is not implemented for `&'a Alpha`
   = note: The allowed set of types are limited to integers, bool, strings, `Identity`, `ConnectionId`, `Hash` and no-payload enums which derive `SpacetimeType`,
   = help: the following other types implement trait `FilterableValue`:
             &ConnectionId
             &Identity
             &Lifecycle
             &RawMiscModuleExportV9
             &TableAccess
             &TableType
             &bool
             &ethnum::int::I256
           and $N others
note: required by a bound in `UniqueColumn::<Tbl, <Col as Column>::ColType, Col>::find`
  --> src/table.rs
   |
   |     pub fn find(&self, col_val: impl Borrow<Col::ColType>) -> Option<Tbl::Row>
   |            ---- required by a bound in this associated function
   |     where
   |         for<'a> &'a Col::ColType: FilterableValue,
   |                                   ^^^^^^^^^^^^^^^ required by this bound in `UniqueColumn::<Tbl, <Col as Column>::ColType, Col>::find`

error[E0277]: the trait bound `Alpha: IndexScanRangeBounds<(Alpha,), SingleBound>` is not satisfied
  --> tests/ui/tables.rs:33:40
   |
33 |     ctx.db.delta().compound_b().filter(Alpha { beta: 1 });
   |                                 ------ ^^^^^^^^^^^^^^^^^ the trait `FilterableValue` is not implemented for `Alpha`
   |                                 |
   |                                 required by a bound introduced by this call
   |
   = help: the following other types implement trait `FilterableValue`:
             &ConnectionId
             &Identity
             &Lifecycle
             &RawMiscModuleExportV9
             &TableAccess
             &TableType
             &bool
             &ethnum::int::I256
           and $N others
   = note: required for `Alpha` to implement `IndexScanRangeBounds<(Alpha,), SingleBound>`
note: required by a bound in `RangedIndex::<Tbl, IndexType, Idx>::filter`
  --> src/table.rs
   |
   |     pub fn filter<B, K>(&self, b: B) -> impl Iterator<Item = Tbl::Row>
   |            ------ required by a bound in this associated function
   |     where
   |         B: IndexScanRangeBounds<IndexType, K>,
   |            ^^^^^^^^^^^^^^^^^^^^^^^^^^^^^^^^^^ required by this bound in `RangedIndex::<Tbl, IndexType, Idx>::filter`

note: If the actual output is the correct output you can bless it by rerunning
      your test with the environment variable TRYBUILD=overwrite



error: test failed, to rerun pass `-p spacetimedb --test ui`
diff --git a/Dockerfile b/Dockerfile
index 25ad97dad..0f9fb3405 100644
--- a/Dockerfile
+++ b/Dockerfile
@@ -1,56 +1,41 @@
-# Use a base image that supports multi-arch
-FROM rust:bookworm AS builder
+FROM ubuntu:22.04

-WORKDIR /usr/src/app
-COPY . .
-
-RUN cargo build -p spacetimedb-standalone -p spacetimedb-cli --release --locked
-
-FROM rust:bookworm
+# Set timezone to Pacific Time
+ENV TZ=America/Los_Angeles
+RUN ln -snf /usr/share/zoneinfo/$TZ /etc/localtime && echo $TZ > /etc/timezone

 # Install dependencies
 RUN apt-get update && apt-get install -y \
-      curl \
-      ca-certificates \
-      binaryen \
-      build-essential \
-      && rm -rf /var/lib/apt/lists/*
-
-# Determine architecture for .NET installation
-ARG TARGETARCH
-ENV DOTNET_ARCH=${TARGETARCH}
-
-RUN if [ "$DOTNET_ARCH" = "amd64" ]; then \
-        DOTNET_ARCH="x64"; \
-    elif [ "$DOTNET_ARCH" = "arm64" ]; then \
-        DOTNET_ARCH="arm64"; \
-    else \
-        echo "Unsupported architecture: $DOTNET_ARCH" && exit 1; \
-    fi && \
-    curl -sSL https://dot.net/v1/dotnet-install.sh | bash /dev/stdin --channel 8.0 --install-dir /usr/share/dotnet --architecture $DOTNET_ARCH
-
+    curl \
+    git \
+    sudo \
+    build-essential \
+    libssl-dev \
+    pkg-config \
+    && rm -rf /var/lib/apt/lists/*
+
+# Install Rust
+RUN curl https://sh.rustup.rs -sSf | sh -s -- -y
+ENV PATH="/root/.cargo/bin:${PATH}"
+
+# Install .NET SDK
+COPY modules/global.json /tmp/global.json
+RUN curl -sSL https://dot.net/v1/dotnet-install.sh | bash /dev/stdin --jsonfile /tmp/global.json --install-dir /usr/share/dotnet
 ENV PATH="/usr/share/dotnet:${PATH}"

-# Install the experimental WASI workload
-RUN dotnet workload install wasi-experimental
-
-# Install Rust WASM target
-RUN rustup target add wasm32-unknown-unknown
-
-# Copy over SpacetimeDB
-COPY --from=builder --chmod=755 /usr/src/app/target/release/spacetimedb-standalone /usr/src/app/target/release/spacetimedb-cli /opt/spacetime/
-RUN ln -s /opt/spacetime/spacetimedb-cli /usr/local/bin/spacetime
-
-# Create and switch to a non-root user
-RUN useradd -m spacetime
-USER spacetime
-
-# Set working directory
+# Create work directory
+RUN mkdir /app
 WORKDIR /app

-# Expose the necessary port
-EXPOSE 3000
+# Copy repository
+COPY . .
+
+# Create /stdb directory
+RUN mkdir /stdb && chmod 777 /stdb

-# Define the entrypoint
-ENTRYPOINT ["spacetime"]
+# Copy run.sh and make it executable
+COPY run.sh /usr/local/bin/run.sh
+RUN chmod +x /usr/local/bin/run.sh

+# Set entrypoint
+ENTRYPOINT ["/usr/local/bin/run.sh"]
\ No newline at end of file
diff --git a/rust-toolchain.toml b/rust-toolchain.toml
deleted file mode 100644
index 99c76c1fc..000000000
--- a/rust-toolchain.toml
+++ /dev/null
@@ -1,7 +0,0 @@
-[toolchain]
-# change crates/{standalone,bench}/Dockerfile, and the docker image tag in
-# .github/workflows/benchmarks.yml:jobs/callgrind_benchmark/container/image
-# maybe also the rust-version in Cargo.toml
-channel = "1.88.0"
-profile = "default"
-targets = ["wasm32-unknown-unknown"]
   Compiling getrandom v0.3.2
   Compiling digest v0.10.7
   Compiling similar v2.7.0
   Compiling zeroize v1.8.1
   Compiling console v0.15.11
   Compiling env_logger v0.10.2
   Compiling toml v0.5.11
   Compiling rustls-pki-types v1.12.0
   Compiling sha3 v0.10.8
   Compiling sha1 v0.10.6
   Compiling sha2 v0.10.9
   Compiling headers v0.4.0
   Compiling spacetimedb-sats v1.3.0 (/app/crates/sats)
   Compiling indicatif v0.17.11
   Compiling rustls-pemfile v2.2.0
   Compiling ahash v0.8.12
   Compiling rand_core v0.9.3
   Compiling tempfile v3.20.0
   Compiling uuid v1.16.0
   Compiling wasmtime-cache v25.0.3
   Compiling reqwest v0.12.15
   Compiling rand_chacha v0.9.0
   Compiling hashbrown v0.14.5
   Compiling spacetimedb-data-structures v1.3.0 (/app/crates/data-structures)
   Compiling hashbrown v0.13.2
   Compiling rand v0.9.1
   Compiling insta v1.43.1
   Compiling axum-extra v0.9.6
   Compiling async_singleflight v0.5.2
   Compiling wasmparser v0.217.1
   Compiling regalloc2 v0.10.2
   Compiling dashmap v6.1.0
   Compiling dashmap v5.5.3
   Compiling spacetimedb-fs-utils v1.3.0 (/app/crates/fs-utils)
   Compiling tungstenite v0.27.0
   Compiling inferno v0.12.2
   Compiling async_cache v0.3.1
   Compiling tokio-tungstenite v0.27.0
warning: hiding a lifetime that's elided elsewhere is confusing
   --> crates/sats/src/array_value.rs:116:24
    |
116 |     pub fn iter_cloned(&self) -> ArrayValueIterCloned {
    |                        ^^^^^     -------------------- the same lifetime is hidden here
    |                        |
    |                        the lifetime is elided here
    |
    = help: the same lifetime is referred to in inconsistent ways, making the signature confusing
    = note: `#[warn(mismatched_lifetime_syntaxes)]` on by default
help: use `'_` for type paths
    |
116 |     pub fn iter_cloned(&self) -> ArrayValueIterCloned<'_> {
    |                                                      ++++

   Compiling cranelift-codegen v0.112.3
   Compiling pprof_util v0.8.0
   Compiling spacetimedb-lib v1.3.0 (/app/crates/lib)
   Compiling spacetimedb-commitlog v1.3.0 (/app/crates/commitlog)
   Compiling mappings v0.7.1
   Compiling jemalloc_pprof v0.8.1
warning: `spacetimedb-sats` (lib) generated 1 warning
warning: hiding a lifetime that's elided elsewhere is confusing
   --> crates/commitlog/src/index/indexfile.rs:230:20
    |
230 |     pub fn entries(&self) -> Entries<Key> {
    |                    ^^^^^     ------------ the same lifetime is hidden here
    |                    |
    |                    the lifetime is elided here
    |
    = help: the same lifetime is referred to in inconsistent ways, making the signature confusing
    = note: `#[warn(mismatched_lifetime_syntaxes)]` on by default
help: use `'_` for type paths
    |
230 |     pub fn entries(&self) -> Entries<'_, Key> {
    |                                      +++

warning: hiding a lifetime that's elided elsewhere is confusing
   --> crates/commitlog/src/index/indexfile.rs:280:20
    |
280 |     pub fn entries(&self) -> Entries<Key> {
    |                    ^^^^^     ------------ the same lifetime is hidden here
    |                    |
    |                    the lifetime is elided here
    |
    = help: the same lifetime is referred to in inconsistent ways, making the signature confusing
help: use `'_` for type paths
    |
280 |     pub fn entries(&self) -> Entries<'_, Key> {
    |                                      +++

   Compiling spacetimedb-durability v1.3.0 (/app/crates/durability)
warning: `spacetimedb-commitlog` (lib) generated 2 warnings
warning: hiding a lifetime that's elided elsewhere is confusing
   --> crates/lib/src/db/raw_def/v9.rs:470:9
    |
470 |         &mut self,
    |         ^^^^^^^^^ the lifetime is elided here
...
473 |     ) -> RawTableDefBuilder {
    |          ------------------ the same lifetime is hidden here
    |
    = help: the same lifetime is referred to in inconsistent ways, making the signature confusing
    = note: `#[warn(mismatched_lifetime_syntaxes)]` on by default
help: use `'_` for type paths
    |
473 |     ) -> RawTableDefBuilder<'_> {
    |                            ++++

warning: hiding a lifetime that's elided elsewhere is confusing
   --> crates/lib/src/db/raw_def/v9.rs:494:9
    |
494 |         &mut self,
    |         ^^^^^^^^^ the lifetime is elided here
...
498 |     ) -> RawTableDefBuilder {
    |          ------------------ the same lifetime is hidden here
    |
    = help: the same lifetime is referred to in inconsistent ways, making the signature confusing
help: use `'_` for type paths
    |
498 |     ) -> RawTableDefBuilder<'_> {
    |                            ++++

warning: hiding a lifetime that's elided elsewhere is confusing
   --> crates/lib/src/db/raw_def/v9.rs:514:9
    |
514 |         &mut self,
    |         ^^^^^^^^^ the lifetime is elided here
...
518 |     ) -> RawTableDefBuilder {
    |          ------------------ the same lifetime is hidden here
    |
    = help: the same lifetime is referred to in inconsistent ways, making the signature confusing
help: use `'_` for type paths
    |
518 |     ) -> RawTableDefBuilder<'_> {
    |                            ++++

   Compiling spacetimedb-sql-parser v1.3.0 (/app/crates/sql-parser)
   Compiling spacetimedb-client-api-messages v1.3.0 (/app/crates/client-api-messages)
   Compiling spacetimedb-auth v1.3.0 (/app/crates/auth)
warning: `spacetimedb-lib` (lib) generated 3 warnings
   Compiling spacetimedb-schema v1.3.0 (/app/crates/schema)
warning: hiding a lifetime that's elided elsewhere is confusing
   --> crates/schema/src/def.rs:253:9
    |
253 |         &self,
    |         ^^^^^ the lifetime is elided here
254 |         name: &K,
255 |     ) -> Option<(ReducerId, ReducerArgsDeserializeSeed)> {
    |                             -------------------------- the same lifetime is hidden here
    |
    = help: the same lifetime is referred to in inconsistent ways, making the signature confusing
    = note: `#[warn(mismatched_lifetime_syntaxes)]` on by default
help: use `'_` for type paths
    |
255 |     ) -> Option<(ReducerId, ReducerArgsDeserializeSeed<'_>)> {
    |                                                       ++++

   Compiling spacetimedb-table v1.3.0 (/app/crates/table)
   Compiling spacetimedb-expr v1.3.0 (/app/crates/expr)
   Compiling spacetimedb-codegen v1.3.0 (/app/crates/codegen)
   Compiling wasmtime-types v25.0.3
   Compiling wasmprinter v0.217.1
   Compiling spacetimedb-cli v1.3.0 (/app/crates/cli)
warning: hiding a lifetime that's elided elsewhere is confusing
  --> crates/table/src/table_index/unique_direct_fixed_cap_index.rs:82:23
   |
82 |     pub fn seek_range(&self, range: &impl RangeBounds<usize>) -> UniqueDirectFixedCapIndexRangeIter {
   |                       ^^^^^ the lifetime is elided here          ---------------------------------- the same lifetime is hidden here
   |
   = help: the same lifetime is referred to in inconsistent ways, making the signature confusing
   = note: `#[warn(mismatched_lifetime_syntaxes)]` on by default
help: use `'_` for type paths
   |
82 |     pub fn seek_range(&self, range: &impl RangeBounds<usize>) -> UniqueDirectFixedCapIndexRangeIter<'_> {
   |                                                                                                    ++++

warning: hiding a lifetime that's elided elsewhere is confusing
   --> crates/table/src/table_index/unique_direct_index.rs:154:23
    |
154 |     pub fn seek_range(&self, range: &impl RangeBounds<usize>) -> UniqueDirectIndexRangeIter {
    |                       ^^^^^ the lifetime is elided here          -------------------------- the same lifetime is hidden here
    |
    = help: the same lifetime is referred to in inconsistent ways, making the signature confusing
help: use `'_` for type paths
    |
154 |     pub fn seek_range(&self, range: &impl RangeBounds<usize>) -> UniqueDirectIndexRangeIter<'_> {
    |                                                                                            ++++

   Compiling wasmtime-environ v25.0.3
warning: `spacetimedb-schema` (lib) generated 1 warning
   Compiling spacetimedb-physical-plan v1.3.0 (/app/crates/physical-plan)
   Compiling spacetimedb-snapshot v1.3.0 (/app/crates/snapshot)
   Compiling spacetimedb-execution v1.3.0 (/app/crates/execution)
warning: hiding a lifetime that's elided elsewhere is confusing
  --> crates/execution/src/lib.rs:36:19
   |
36 |     fn table_scan(&self, table_id: TableId) -> Result<TableScanIter> {
   |                   ^^^^^ the lifetime is elided here   ------------- the same lifetime is hidden here
   |
   = help: the same lifetime is referred to in inconsistent ways, making the signature confusing
   = note: `#[warn(mismatched_lifetime_syntaxes)]` on by default
help: use `'_` for type paths
   |
36 |     fn table_scan(&self, table_id: TableId) -> Result<TableScanIter<'_>> {
   |                                                                    ++++

warning: hiding a lifetime that's elided elsewhere is confusing
  --> crates/execution/src/lib.rs:43:9
   |
43 |         &self,
   |         ^^^^^ the lifetime is elided here
...
47 |     ) -> Result<IndexScanPointIter> {
   |                 ------------------ the same lifetime is hidden here
   |
   = help: the same lifetime is referred to in inconsistent ways, making the signature confusing
help: use `'_` for type paths
   |
47 |     ) -> Result<IndexScanPointIter<'_>> {
   |                                   ++++

warning: hiding a lifetime that's elided elsewhere is confusing
  --> crates/execution/src/lib.rs:59:9
   |
59 |         &self,
   |         ^^^^^ the lifetime is elided here
...
63 |     ) -> Result<IndexScanRangeIter> {
   |                 ------------------ the same lifetime is hidden here
   |
   = help: the same lifetime is referred to in inconsistent ways, making the signature confusing
help: use `'_` for type paths
   |
63 |     ) -> Result<IndexScanRangeIter<'_>> {
   |                                   ++++

warning: hiding a lifetime that's elided elsewhere is confusing
  --> crates/execution/src/lib.rs:91:9
   |
91 |         &self,
   |         ^^^^^ the lifetime is elided here
...
96 |     ) -> impl Iterator<Item = Row>;
   |                               --- the same lifetime is hidden here
   |
   = help: the same lifetime is referred to in inconsistent ways, making the signature confusing
help: use `'_` for type paths
   |
96 |     ) -> impl Iterator<Item = Row<'_>>;
   |                                  ++++

warning: hiding a lifetime that's elided elsewhere is confusing
   --> crates/execution/src/lib.rs:99:9
    |
99  |         &self,
    |         ^^^^^ the lifetime is elided here
...
104 |     ) -> impl Iterator<Item = Row>;
    |                               --- the same lifetime is hidden here
    |
    = help: the same lifetime is referred to in inconsistent ways, making the signature confusing
help: use `'_` for type paths
    |
104 |     ) -> impl Iterator<Item = Row<'_>>;
    |                                  ++++

warning: hiding a lifetime that's elided elsewhere is confusing
   --> crates/execution/src/lib.rs:106:19
    |
106 |     fn delta_scan(&self, table_id: TableId, inserts: bool) -> DeltaScanIter {
    |                   ^^^^^ the lifetime is elided here           ------------- the same lifetime is hidden here
    |
    = help: the same lifetime is referred to in inconsistent ways, making the signature confusing
help: use `'_` for type paths
    |
106 |     fn delta_scan(&self, table_id: TableId, inserts: bool) -> DeltaScanIter<'_> {
    |                                                                            ++++

   Compiling spacetimedb-query v1.3.0 (/app/crates/query)
   Compiling spacetimedb-vm v1.3.0 (/app/crates/vm)
   Compiling spacetimedb-datastore v1.3.0 (/app/crates/datastore)
   Compiling spacetimedb-subscription v1.3.0 (/app/crates/subscription)
warning: `spacetimedb-execution` (lib) generated 6 warnings
warning: `spacetimedb-table` (lib) generated 2 warnings
warning: hiding a lifetime that's elided elsewhere is confusing
   --> crates/datastore/src/locking_tx_datastore/mut_tx.rs:114:9
    |
114 |         &self,
    |         ^^^^^ the lifetime is elided here
...
119 |     ) -> impl Iterator<Item = Row> {
    |                               --- the same lifetime is hidden here
    |
    = help: the same lifetime is referred to in inconsistent ways, making the signature confusing
    = note: `#[warn(mismatched_lifetime_syntaxes)]` on by default
help: use `'_` for type paths
    |
119 |     ) -> impl Iterator<Item = Row<'_>> {
    |                                  ++++

warning: hiding a lifetime that's elided elsewhere is confusing
   --> crates/datastore/src/locking_tx_datastore/mut_tx.rs:126:9
    |
126 |         &self,
    |         ^^^^^ the lifetime is elided here
...
131 |     ) -> impl Iterator<Item = Row> {
    |                               --- the same lifetime is hidden here
    |
    = help: the same lifetime is referred to in inconsistent ways, making the signature confusing
help: use `'_` for type paths
    |
131 |     ) -> impl Iterator<Item = Row<'_>> {
    |                                  ++++

   Compiling cranelift-frontend v0.112.3
   Compiling cranelift-native v0.112.3
warning: `spacetimedb-datastore` (lib) generated 2 warnings
   Compiling cranelift-wasm v0.112.3
   Compiling wasmtime-cranelift v25.0.3
   Compiling wasmtime v25.0.3
   Compiling spacetimedb-core v1.3.0 (/app/crates/core)
warning: hiding a lifetime that's elided elsewhere is confusing
   --> crates/core/src/database_logger.rs:279:24
    |
279 |     fn record(message: &str) -> Record {
    |                        ^^^^     ------ the same lifetime is hidden here
    |                        |
    |                        the lifetime is elided here
    |
    = help: the same lifetime is referred to in inconsistent ways, making the signature confusing
    = note: `#[warn(mismatched_lifetime_syntaxes)]` on by default
help: use `'_` for type paths
    |
279 |     fn record(message: &str) -> Record<'_> {
    |                                       ++++

warning: hiding a lifetime that's elided elsewhere is confusing
   --> crates/core/src/host/wasmtime/mod.rs:243:24
    |
243 |     fn deref_str_lossy(&self, offset: WasmPtr<u8>, len: u32) -> Result<Cow<str>, MemError> {
    |                        ^^^^^ the lifetime is elided here               -------- the same lifetime is hidden here
    |
    = help: the same lifetime is referred to in inconsistent ways, making the signature confusing
help: use `'_` for type paths
    |
243 |     fn deref_str_lossy(&self, offset: WasmPtr<u8>, len: u32) -> Result<Cow<'_, str>, MemError> {
    |                                                                            +++

warning: hiding a lifetime that's elided elsewhere is confusing
   --> crates/core/src/subscription/tx.rs:169:9
    |
169 |         &self,
    |         ^^^^^ the lifetime is elided here
...
174 |     ) -> impl Iterator<Item = Row> {
    |                               --- the same lifetime is hidden here
    |
    = help: the same lifetime is referred to in inconsistent ways, making the signature confusing
help: use `'_` for type paths
    |
174 |     ) -> impl Iterator<Item = Row<'_>> {
    |                                  ++++

warning: hiding a lifetime that's elided elsewhere is confusing
   --> crates/core/src/subscription/tx.rs:219:9
    |
219 |         &self,
    |         ^^^^^ the lifetime is elided here
...
224 |     ) -> impl Iterator<Item = Row> {
    |                               --- the same lifetime is hidden here
    |
    = help: the same lifetime is referred to in inconsistent ways, making the signature confusing
help: use `'_` for type paths
    |
224 |     ) -> impl Iterator<Item = Row<'_>> {
    |                                  ++++

   Compiling spacetimedb-client-api v1.3.0 (/app/crates/client-api)
   Compiling spacetimedb-standalone v1.3.0 (/app/crates/standalone)
   Compiling spacetimedb-testing v1.3.0 (/app/crates/testing)
warning: `spacetimedb-core` (lib) generated 4 warnings
    Finished `dev` profile [unoptimized + debuginfo] target(s) in 49.34s
     Running `target/debug/examples/regen-csharp-moduledef`

Welcome to .NET 8.0!
---------------------
SDK Version: 8.0.400

Telemetry
---------
The .NET tools collect usage data in order to help us improve your experience. It is collected by Microsoft and shared with the community. You can opt-out of telemetry by setting the DOTNET_CLI_TELEMETRY_OPTOUT environment variable to '1' or 'true' using your favorite shell.

Read more about .NET CLI Tools telemetry: https://aka.ms/dotnet-cli-telemetry

----------------
Installed an ASP.NET Core HTTPS development certificate.
To trust the certificate, view the instructions: https://aka.ms/dotnet-https-linux

----------------
Write your first app: https://aka.ms/dotnet-hello-world
Find out what's new: https://aka.ms/dotnet-whats-new
Explore documentation: https://aka.ms/dotnet-docs
Report issues and find source on GitHub: https://github.com/dotnet/core
Use 'dotnet --help' to see available commands or visit: https://aka.ms/dotnet-cli
--------------------------------------------------------------------------------------
  Determining projects to restore...
  Restored /app/crates/bindings-csharp/Runtime/Runtime.csproj (in 200 ms).
  Restored /app/crates/bindings-csharp/BSATN.Runtime/BSATN.Runtime.csproj (in 6.27 sec).
  Restored /app/crates/bindings-csharp/BSATN.Codegen/BSATN.Codegen.csproj (in 6.35 sec).
  Restored /app/crates/bindings-csharp/Codegen/Codegen.csproj (in 6.35 sec).
  Restored /app/crates/bindings-csharp/BSATN.Runtime.Tests/BSATN.Runtime.Tests.csproj (in 6.5 sec).
  Restored /app/crates/bindings-csharp/Codegen.Tests/Codegen.Tests.csproj (in 7.86 sec).
  BSATN.Codegen -> /app/crates/bindings-csharp/BSATN.Codegen/bin/Debug/netstandard2.0/SpacetimeDB.BSATN.Codegen.dll
  BSATN.Runtime -> /app/crates/bindings-csharp/BSATN.Runtime/bin/Debug/netstandard2.1/SpacetimeDB.BSATN.Runtime.dll
  Codegen -> /app/crates/bindings-csharp/Codegen/bin/Debug/netstandard2.0/SpacetimeDB.Codegen.dll
  BSATN.Runtime -> /app/crates/bindings-csharp/BSATN.Runtime/bin/Debug/net8.0/SpacetimeDB.BSATN.Runtime.dll
  BSATN.Runtime.Tests -> /app/crates/bindings-csharp/BSATN.Runtime.Tests/bin/Debug/net8.0/BSATN.Runtime.Tests.dll
Test run for /app/crates/bindings-csharp/BSATN.Runtime.Tests/bin/Debug/net8.0/BSATN.Runtime.Tests.dll (.NETCoreApp,Version=v8.0)
  Codegen.Tests -> /app/crates/bindings-csharp/Codegen.Tests/bin/Debug/net8.0/Codegen.Tests.dll
VSTest version 17.11.0 (x64)

Test run for /app/crates/bindings-csharp/Codegen.Tests/bin/Debug/net8.0/Codegen.Tests.dll (.NETCoreApp,Version=v8.0)
Starting test execution, please wait...
VSTest version 17.11.0 (x64)

A total of 1 test files matched the specified pattern.
Starting test execution, please wait...
A total of 1 test files matched the specified pattern.

Passed!  - Failed:     0, Passed:    19, Skipped:     0, Total:    19, Duration: 569 ms - BSATN.Runtime.Tests.dll (net8.0)

Passed!  - Failed:     0, Passed:     3, Skipped:     0, Total:     3, Duration: 9 s - Codegen.Tests.dll (net8.0)
