Scope: all 23 workspace projects
â€‰WARNâ€‰ There are cyclic workspace dependencies: /app/packages/server-renderer, /app/packages/vue
Lockfile is up to date, resolution step is skipped
Already up to date

â•­ Warning â”€â”€â”€â”€â”€â”€â”€â”€â”€â”€â”€â”€â”€â”€â”€â”€â”€â”€â”€â”€â”€â”€â”€â”€â”€â”€â”€â”€â”€â”€â”€â”€â”€â”€â”€â”€â”€â”€â”€â”€â”€â”€â”€â”€â”€â”€â”€â”€â”€â”€â”€â”€â”€â”€â”€â”€â”€â”€â”€â”€â”€â”€â”€â”€â”€â”€â”€â”€â”€â•®
â”‚                                                                              â”‚
â”‚   Ignored build scripts: @parcel/watcher, vue-demi.                          â”‚
â”‚   Run "pnpm approve-builds" to pick which dependencies should be allowed     â”‚
â”‚   to run scripts.                                                            â”‚
â”‚                                                                              â”‚
â•°â”€â”€â”€â”€â”€â”€â”€â”€â”€â”€â”€â”€â”€â”€â”€â”€â”€â”€â”€â”€â”€â”€â”€â”€â”€â”€â”€â”€â”€â”€â”€â”€â”€â”€â”€â”€â”€â”€â”€â”€â”€â”€â”€â”€â”€â”€â”€â”€â”€â”€â”€â”€â”€â”€â”€â”€â”€â”€â”€â”€â”€â”€â”€â”€â”€â”€â”€â”€â”€â”€â”€â”€â”€â”€â”€â”€â”€â”€â•¯

. postinstall$ simple-git-hooks
. postinstall: [INFO] Successfully set the pre-commit with command: pnpm lint-staged && pnpm check
. postinstall: [INFO] Successfully set the commit-msg with command: node scripts/verify-commit.js
. postinstall: [INFO] Successfully set all git hooks
. postinstall: Done
Done in 3.2s using pnpm v10.12.4

> @3.6.0-alpha.2 test-unit /app
> vitest --project unit --project unit-jsdom

 DEPRECATED  The `test.workspace` option is deprecated and will be removed in the next major. To hide this warning, rename `test.workspace` option to `test.projects`.

 RUN  v3.2.4 /app

 âœ“ |unit| packages/reactivity/__tests__/readonly.spec.ts (37 tests) 98ms
 âœ“ |unit| packages/reactivity/__tests__/collections/Map.spec.ts (31 tests) 82ms
 âœ“ |unit| packages/reactivity/__tests__/collections/Set.spec.ts (32 tests) 80ms
 âœ“ |unit| packages/reactivity/__tests__/reactiveArray.spec.ts (39 tests | 3 skipped) 124ms
 âœ“ |unit| packages/reactivity/__tests__/reactive.spec.ts (35 tests) 97ms
 âœ“ |unit| packages/compiler-core/__tests__/parse.spec.ts (151 tests) 224ms
 âœ“ |unit| packages/compiler-core/__tests__/transform.spec.ts (21 tests) 73ms
 âœ“ |unit| packages/compiler-core/__tests__/transforms/transformSlotOutlet.spec.ts (14 tests) 58ms
 âœ“ |unit| packages/compiler-core/__tests__/transforms/vBind.spec.ts (18 tests) 68ms
 âœ“ |unit| packages/compiler-core/__tests__/transforms/vOn.spec.ts (33 tests) 203ms
 âœ“ |unit| packages/compiler-core/__tests__/transforms/transformExpressions.spec.ts (44 tests) 198ms
 âœ“ |unit| packages/compiler-core/__tests__/transforms/vModel.spec.ts (20 tests) 127ms
 âœ“ |unit| packages/compiler-core/__tests__/compile.spec.ts (3 tests) 140ms
 âœ“ |unit| packages/compiler-core/__tests__/transforms/vIf.spec.ts (29 tests) 157ms
 âœ“ |unit| packages/compiler-core/__tests__/codegen.spec.ts (34 tests) 176ms
 âœ“ |unit| packages/compiler-core/__tests__/transforms/cacheStatic.spec.ts (34 tests) 213ms
 âœ“ |unit| packages/compiler-core/__tests__/transforms/vSlot.spec.ts (28 tests) 307ms
 âœ“ |unit| packages/compiler-core/__tests__/transforms/vFor.spec.ts (53 tests) 317ms
 âœ“ |unit| packages/compiler-dom/__tests__/parse.spec.ts (33 tests) 57ms
 âœ“ |unit| packages/compiler-core/__tests__/transforms/transformElement.spec.ts (124 tests) 496ms
 âœ“ |unit| packages/runtime-core/__tests__/scheduler.spec.ts (38 tests) 67ms
 âœ“ |unit| packages/reactivity/__tests__/effectScope.spec.ts (18 tests) 35ms
 âœ“ |unit| packages/runtime-core/__tests__/vnode.spec.ts (49 tests) 320ms
 âœ“ |unit| packages/compiler-dom/__tests__/transforms/stringifyStatic.spec.ts (24 tests) 506ms
 âœ“ |unit| packages/runtime-core/__tests__/componentEmits.spec.ts (26 tests) 337ms
 âœ“ |unit| packages/runtime-core/__tests__/apiSetupHelpers.spec.ts (17 tests) 300ms
 âœ“ |unit| packages/runtime-core/__tests__/componentPublicInstance.spec.ts (14 tests) 317ms
 âœ“ |unit| packages/runtime-core/__tests__/rendererFragment.spec.ts (13 tests) 283ms
 âœ“ |unit| packages/runtime-core/__tests__/directives.spec.ts (7 tests) 356ms
 âœ“ |unit| packages/runtime-core/__tests__/rendererComponent.spec.ts (15 tests) 336ms
 âœ“ |unit| packages/runtime-core/__tests__/apiLifecycle.spec.ts (14 tests) 294ms
 âœ“ |unit| packages/runtime-core/__tests__/scopeId.spec.ts (12 tests) 292ms
 âœ“ |unit| packages/reactivity/__tests__/effect.spec.ts (70 tests) 399ms
 âœ“ |unit| packages/runtime-core/__tests__/helpers/useModel.spec.ts (14 tests) 357ms
 âœ“ |unit| packages/runtime-core/__tests__/errorHandling.spec.ts (21 tests) 280ms
 âœ“ |unit| packages/runtime-core/__tests__/apiCreateApp.spec.ts (21 tests) 293ms
 âœ“ |unit| packages/runtime-core/__tests__/rendererOptimizedMode.spec.ts (33 tests) 493ms
 âœ“ |unit| packages/runtime-core/__tests__/rendererChildren.spec.ts (38 tests) 379ms
 âœ“ |unit| packages/runtime-core/__tests__/rendererTemplateRef.spec.ts (22 tests) 413ms
 âœ“ |unit| packages/runtime-core/__tests__/componentSlots.spec.ts (16 tests) 374ms
 âœ“ |unit| packages/runtime-core/__tests__/apiAsyncComponent.spec.ts (22 tests) 550ms
 â¯ |unit| packages/reactivity/__tests__/computed.spec.ts (49 tests | 1 failed) 639ms
   âœ“ reactivity/computed > should return updated value 77ms
   âœ“ reactivity/computed > pass oldValue to computed getter 24ms
   âœ“ reactivity/computed > should compute lazily 18ms
   âœ“ reactivity/computed > should trigger effect 5ms
   âœ“ reactivity/computed > should work when chained 6ms
   âœ“ reactivity/computed > should trigger effect when chained 21ms
   âœ“ reactivity/computed > should trigger effect when chained (mixed invocations) 19ms
   âœ“ reactivity/computed > should support setter 4ms
   âœ“ reactivity/computed > should trigger effect w/ setter 4ms
   âœ“ reactivity/computed > should invalidate before non-computed effects 5ms
   âœ“ reactivity/computed > should warn if trying to set a readonly computed 4ms
   âœ“ reactivity/computed > should be readonly 4ms
   âœ“ reactivity/computed > debug: onTrack 2ms
   âœ“ reactivity/computed > debug: onTrigger (reactive) 3ms
   âœ“ reactivity/computed > should query deps dirty sequentially 1ms
   âœ“ reactivity/computed > chained computed dirty reallocation after querying dirty 1ms
   âœ“ reactivity/computed > chained computed dirty reallocation after trigger computed getter 1ms
   âœ“ reactivity/computed > deps order should be consistent with the last time get value 8ms
   âœ“ reactivity/computed > should trigger by the second computed that maybe dirty 1ms
   âœ“ reactivity/computed > should trigger the second effect 1ms
   âœ“ reactivity/computed > should chained recursive effects clear dirty after trigger 1ms
   âœ“ reactivity/computed > should chained computeds dirtyLevel update with first computed effect 4ms
   âœ“ reactivity/computed > should work when chained(ref+computed) 1ms
   âœ“ reactivity/computed > should trigger effect even computed already dirty 3ms
   âœ“ reactivity/computed > should not override queried MaybeDirty result 3ms
   âœ“ reactivity/computed > should be not dirty after deps mutate (mutate deps in computed) 58ms
   âœ“ reactivity/computed > should not trigger effect scheduler by recursive computed effect 7ms
   âœ“ reactivity/computed > should not trigger if value did not change 3ms
   âœ“ reactivity/computed > chained computed trigger 1ms
   âœ“ reactivity/computed > chained computed avoid re-compute 1ms
   âœ“ reactivity/computed > chained computed value invalidation 27ms
   âœ“ reactivity/computed > sync access of invalidated chained computed should not prevent final effect from running 9ms
   âœ“ reactivity/computed > computed should force track in untracked zone 7ms
   âœ“ reactivity/computed > computed side effect should be able trigger 1ms
   âœ“ reactivity/computed > chained computed should work when accessed before having subs 1ms
   âœ“ reactivity/computed > chained computed should still refresh after owner component unmount 4ms
   âœ“ reactivity/computed > computed deps should only be refreshed when the subscribing effect is run, not when scheduled 3ms
   âœ“ reactivity/computed > should chained computeds keep reactivity when computed effect happens 2ms
   âœ“ reactivity/computed > should keep dirty level when side effect computed value changed 2ms
   âœ“ reactivity/computed > should be recomputed without being affected by side effects 1ms
   âœ“ reactivity/computed > debug: onTrigger (ref) 1ms
   âœ“ reactivity/computed > should prevent endless recursion in self-referencing computed getters 16ms
   âœ“ reactivity/computed > manual trigger computed 1ms
   âœ“ reactivity/computed > should not recompute if computed does not track reactive data 0ms
   âœ“ reactivity/computed > computed should remain live after losing all subscribers 1ms
   âœ“ reactivity/computed > computed dep cleanup should not cause property dep to be deleted 1ms
   âœ“ reactivity/computed > computed value updates correctly after dep cleanup 1ms
   Ã— reactivity/computed > should not lead to exponential perf cost with deeply chained computed 249ms
     â†’ expected 60.46367025375366 to be less than 30
   âœ“ reactivity/computed > performance when removing dependencies from deeply nested computeds 2ms
 âœ“ |unit| packages/runtime-core/__tests__/components/KeepAlive.spec.ts (31 tests) 715ms
 âœ“ |unit| packages/runtime-core/__tests__/components/BaseTransition.spec.ts (35 tests) 926ms
 âœ“ |unit| packages/reactivity/__tests__/shallowReadonly.spec.ts (16 tests) 110ms
 âœ“ |unit| packages/compiler-dom/__tests__/transforms/vOn.spec.ts (12 tests) 216ms
DEPRECATION WARNING [import]: Sass @import rules are deprecated and will be removed in Dart Sass 3.0.0.

More info and automated migrator: https://sass-lang.com/d/import

  â•·
2 â”‚         @import "./import.scss";
  â”‚                 ^^^^^^^^^^^^^^^
  â•µ
    packages/compiler-sfc/__tests__/fixture/test.scss 2:17  root stylesheet

 âœ“ |unit| packages/runtime-core/__tests__/hmr.spec.ts (21 tests) 272ms
 âœ“ |unit| packages/compiler-sfc/__tests__/compileStyle.spec.ts (26 tests) 4097ms
   âœ“ SFC style preprocessors > scss @import  3271ms
 âœ“ |unit| packages/shared/__tests__/normalizeProp.spec.ts (22 tests) 123ms
 âœ“ |unit| packages/compiler-core/__tests__/transforms/transformText.spec.ts (8 tests) 278ms
 âœ“ |unit| packages/reactivity/__tests__/shallowReactive.spec.ts (18 tests) 182ms
 âœ“ |unit| packages/reactivity/__tests__/collections/shallowReadonly.spec.ts (10 tests) 208ms
 âœ“ |unit| packages/compiler-dom/__tests__/transforms/validateHtmlNesting.spec.ts (17 tests) 265ms
 âœ“ |unit| packages/reactivity/__tests__/watch.spec.ts (9 tests) 234ms
 âœ“ |unit| packages/reactivity/__tests__/ref.spec.ts (29 tests) 429ms
 âœ“ |unit| packages/reactivity/__tests__/collections/WeakMap.spec.ts (11 tests) 244ms
 âœ“ |unit| packages/compiler-ssr/__tests__/ssrVaporAnchors.spec.ts (6 tests) 851ms
   âœ“ fragment anchors > if  740ms
 âœ“ |unit| packages/compiler-ssr/__tests__/ssrVModel.spec.ts (7 tests) 1101ms
   âœ“ ssr: v-model > <input> (text types)  428ms
   âœ“ ssr: v-model > <select v-model>  508ms
 âœ“ |unit| packages/compiler-ssr/__tests__/ssrComponent.spec.ts (15 tests) 1453ms
   âœ“ ssr: components > basic  482ms
   âœ“ ssr: components > event listeners  307ms
 âœ“ |unit| packages/runtime-core/__tests__/helpers/resolveAssets.spec.ts (7 tests) 262ms
 âœ“ |unit| packages/server-renderer/__tests__/ssrRenderAttrs.spec.ts (22 tests) 394ms
 âœ“ |unit| packages/runtime-core/__tests__/apiInject.spec.ts (15 tests) 660ms
 âœ“ |unit| packages/compiler-ssr/__tests__/ssrElement.spec.ts (32 tests) 1581ms
   âœ“ ssr: element > basic elements  434ms
   âœ“ ssr: element > attrs > v-bind:[arg]  464ms
 âœ“ |unit| packages/runtime-core/__tests__/apiExpose.spec.ts (11 tests) 176ms
 âœ“ |unit| packages/compiler-sfc/__tests__/templateTransformAssetUrl.spec.ts (13 tests) 155ms
 âœ“ |unit| packages/compiler-core/__tests__/utils.spec.ts (6 tests) 50ms
 âœ“ |unit| packages/shared/__tests__/codeframe.spec.ts (7 tests) 18ms
 âœ“ |unit| packages/compiler-core/__tests__/transforms/vOnce.spec.ts (8 tests) 124ms
 âœ“ |unit| packages/compiler-dom/__tests__/transforms/vModel.spec.ts (17 tests) 80ms
 âœ“ |unit| packages/reactivity/__tests__/collections/WeakSet.spec.ts (9 tests) 30ms
 âœ“ |unit| packages/runtime-core/__tests__/apiSetupContext.spec.ts (7 tests) 85ms
 â†“ |unit| packages/reactivity/__tests__/gc.spec.ts (6 tests | 6 skipped)
 âœ“ |unit| packages/compiler-ssr/__tests__/ssrSlotOutlet.spec.ts (11 tests) 185ms
 âœ“ |unit| packages/compiler-ssr/__tests__/ssrScopeId.spec.ts (5 tests) 144ms
 âœ“ |unit| packages/compiler-ssr/__tests__/ssrInjectCssVars.spec.ts (6 tests) 195ms
 âœ“ |unit| packages/compiler-ssr/__tests__/ssrVIf.spec.ts (10 tests) 192ms
 âœ“ |unit| packages/runtime-test/__tests__/testRuntime.spec.ts (5 tests) 58ms
 âœ“ |unit| packages/compiler-ssr/__tests__/ssrVFor.spec.ts (7 tests) 84ms
 âœ“ |unit| packages/server-renderer/__tests__/ssrVModelHelpers.spec.ts (2 tests) 48ms
 âœ“ |unit| packages/compiler-ssr/__tests__/ssrTransitionGroup.spec.ts (7 tests) 406ms
 âœ“ |unit| packages/compiler-sfc/__tests__/templateTransformSrcset.spec.ts (5 tests) 43ms
 âœ“ |unit| packages/compiler-dom/__tests__/transforms/Transition.spec.ts (12 tests) 91ms
 âœ“ |unit| packages/compiler-dom/__tests__/transforms/vText.spec.ts (3 tests) 34ms
 âœ“ |unit| packages/runtime-core/__tests__/helpers/createSlots.spec.ts (6 tests) 34ms
 âœ“ |unit| packages/compiler-ssr/__tests__/ssrVShow.spec.ts (6 tests) 118ms
 âœ“ |unit| packages/runtime-core/__tests__/helpers/renderList.spec.ts (10 tests) 20ms
 âœ“ |unit| packages/runtime-core/__tests__/helpers/renderSlot.spec.ts (7 tests) 33ms
 âœ“ |unit| packages/runtime-core/__tests__/vnodeHooks.spec.ts (2 tests) 97ms
 âœ“ |unit| packages/runtime-core/__tests__/helpers/useTemplateRef.spec.ts (6 tests) 154ms
 âœ“ |unit| packages/runtime-core/__tests__/h.spec.ts (6 tests) 67ms
 âœ“ |unit| packages/compiler-sfc/__tests__/templateUtils.spec.ts (9 tests) 23ms
 âœ“ |unit| packages/server-renderer/__tests__/ssrSlot.spec.ts (12 tests) 329ms
 âœ“ |unit| packages/server-renderer/__tests__/ssrScopeId.spec.ts (5 tests) 140ms
 âœ“ |unit| packages/server-renderer/__tests__/ssrDirectives.spec.ts (22 tests) 594ms
 âœ“ |unit| packages/compiler-ssr/__tests__/ssrText.spec.ts (8 tests) 278ms
 âœ“ |unit| packages/runtime-core/__tests__/apiWatch.spec.ts (84 tests) 784ms
 âœ“ |unit| packages/compiler-dom/__tests__/transforms/vHtml.spec.ts (3 tests) 112ms
 âœ“ |unit| packages/compiler-dom/__tests__/transforms/transformStyle.spec.ts (2 tests) 82ms
 âœ“ |unit| packages/server-renderer/__tests__/render.spec.ts (165 tests) 1228ms
 âœ“ |unit| packages/server-renderer/__tests__/ssrTeleport.spec.ts (7 tests) 214ms
 âœ“ |unit| packages/server-renderer/__tests__/ssrWatch.spec.ts (7 tests) 49ms
 â†“ |unit| packages/compiler-vapor/__tests__/scopeId.spec.ts (0 test)
 âœ“ |unit| packages/server-renderer/__tests__/ssrCompilerOptions.spec.ts (9 tests) 202ms
 âœ“ |unit| packages/compiler-vapor/__tests__/transforms/vIf.spec.ts (11 tests | 3 skipped) 252ms
 âœ“ |unit| packages/compiler-vapor/__tests__/transforms/vOnce.spec.ts (10 tests | 2 skipped) 202ms
 âœ“ |unit| packages/compiler-vapor/__tests__/transforms/vHtml.spec.ts (4 tests) 155ms
 âœ“ |unit| packages/compiler-core/__tests__/scopeId.spec.ts (4 tests) 111ms
 âœ“ |unit| packages/compiler-vapor/__tests__/transforms/transformSlotOutlet.spec.ts (14 tests) 278ms
 âœ“ |unit| packages/compiler-vapor/__tests__/transforms/transformTemplateRef.spec.ts (6 tests) 265ms
 âœ“ |unit| packages/compiler-vapor/__tests__/transforms/TransformTransition.spec.ts (16 tests) 308ms
 âœ“ |unit| packages/compiler-vapor/__tests__/transforms/vText.spec.ts (4 tests) 202ms
 âœ“ |unit| packages/compiler-vapor/__tests__/transforms/vFor.spec.ts (12 tests) 544ms
 âœ“ |unit| packages/compiler-vapor/__tests__/compile.spec.ts (23 tests) 398ms
 âœ“ |unit| packages/compiler-vapor/__tests__/transforms/transformElement.spec.ts (46 tests | 3 skipped) 601ms
 âœ“ |unit| packages/compiler-vapor/__tests__/transforms/vBind.spec.ts (53 tests | 2 skipped) 564ms
 âœ“ |unit| packages/compiler-vapor/__tests__/transforms/vSlot.spec.ts (25 tests) 489ms
 âœ“ |unit| packages/compiler-vapor/__tests__/transforms/vModel.spec.ts (25 tests | 1 skipped) 493ms
 âœ“ |unit| packages/shared/__tests__/cssVars.spec.ts (2 tests) 22ms
 âœ“ |unit| packages/compiler-vapor/__tests__/transforms/vOn.spec.ts (33 tests) 600ms
 âœ“ |unit| packages/compiler-core/__tests__/transforms/vMemo.spec.ts (7 tests) 878ms
   âœ“ compiler: v-memo transform > on root element  402ms
 âœ“ |unit| packages/shared/__tests__/escapeHtml.spec.ts (4 tests) 89ms
 âœ“ |unit| packages/server-renderer/__tests__/ssrRenderList.spec.ts (7 tests) 164ms
 âœ“ |unit| packages/server-renderer/__tests__/ssrInterpolate.spec.ts (1 test) 117ms
 âœ“ |unit| packages/compiler-ssr/__tests__/ssrSuspense.spec.ts (2 tests) 519ms
 âœ“ |unit| packages/compiler-ssr/__tests__/ssrFallthroughAttrs.spec.ts (5 tests) 618ms
   âœ“ ssr: attrs fallthrough > basic  320ms
 âœ“ |unit| packages/compiler-vapor/__tests__/transforms/expression.spec.ts (5 tests) 1109ms
   âœ“ compiler: expression > basic  400ms
   âœ“ compiler: expression > update expression  444ms
 âœ“ |unit| packages/runtime-core/__tests__/rendererElement.spec.ts (6 tests) 344ms
 âœ“ |unit| packages/compiler-dom/__tests__/transforms/vShow.spec.ts (2 tests) 237ms
 âœ“ |unit| packages/server-renderer/__tests__/ssrSuspense.spec.ts (6 tests) 882ms
   âœ“ SSR Suspense > content  588ms
 âœ“ |unit| packages/compiler-core/__tests__/transforms/noopDirectiveTransform.spec.ts (1 test) 122ms
 âœ“ |unit| packages/compiler-ssr/__tests__/ssrPortal.spec.ts (2 tests) 421ms
 âœ“ |unit| packages/server-renderer/__tests__/ssrComputed.spec.ts (2 tests) 521ms
   âœ“ computed reactivity during SSR  453ms
 âœ“ |unit| packages/compiler-dom/__tests__/transforms/ignoreSideEffectTags.spec.ts (2 tests) 41ms
 âœ“ |unit| packages/server-renderer/__tests__/ssrAttrFallthrough.spec.ts (5 tests) 662ms
   âœ“ ssr: attr fallthrough > basic  346ms
 âœ“ |unit| packages/runtime-core/__tests__/misc.spec.ts (1 test) 274ms
 âœ“ |unit| packages/server-renderer/__tests__/ssrDynamicComponent.spec.ts (5 tests) 1172ms
   âœ“ ssr: dynamic component > resolved to component  938ms
 âœ“ |unit| packages/compiler-vapor/__tests__/transforms/transformChildren.spec.ts (4 tests) 1025ms
   âœ“ compiler: children transform > children & sibling references  315ms
   âœ“ compiler: children transform > anchor insertion in middle  444ms
 âœ“ |unit| packages/compiler-ssr/__tests__/ssrTransition.spec.ts (2 tests) 529ms
   âœ“ transition > basic  433ms
 âœ“ |unit| packages/runtime-core/__tests__/helpers/toHandlers.spec.ts (2 tests) 162ms
 âœ“ |unit| packages/compiler-dom/__tests__/index.spec.ts (1 test) 203ms
 âœ“ |unit| packages/compiler-vapor/__tests__/transforms/vShow.spec.ts (2 tests) 60ms
 âœ“ |unit| packages/compiler-vapor/__tests__/transforms/transformText.spec.ts (2 tests) 209ms
 âœ“ |unit| packages/server-renderer/__tests__/webStream.spec.ts (2 tests) 65ms
 âœ“ |unit| packages/compiler-sfc/__tests__/parse.spec.ts (30 tests) 213ms
 âœ“ |unit| packages/compiler-sfc/__tests__/compileScript/defineOptions.spec.ts (7 tests) 219ms
 âœ“ |unit| packages/compiler-sfc/__tests__/compileScript/defineProps.spec.ts (29 tests) 764ms
 âœ“ |unit| packages/compiler-sfc/__tests__/compileScript/definePropsDestructure.spec.ts (28 tests) 718ms
 âœ“ |unit| packages/compiler-sfc/__tests__/cssVars.spec.ts (17 tests) 599ms
   âœ“ CSS vars injection > generating correct code for nested paths  301ms
 âœ“ |unit| packages/compiler-sfc/__tests__/rewriteDefault.spec.ts (16 tests) 375ms
 âœ“ |unit| packages/compiler-sfc/__tests__/compileScript/importUsageCheck.spec.ts (16 tests) 457ms
 âœ“ |unit| packages/compiler-sfc/__tests__/compileScript/defineEmits.spec.ts (19 tests) 451ms
 âœ“ |unit| packages/compiler-sfc/__tests__/compileScript/hoistStatic.spec.ts (10 tests) 497ms
 âœ“ |unit| packages/compiler-sfc/__tests__/compileTemplate.spec.ts (21 tests) 823ms
   âœ“ preprocess pug  517ms
 âœ“ |unit| packages/compiler-sfc/__tests__/compileScript/defineModel.spec.ts (10 tests) 463ms
 âœ“ |unit| packages/compiler-sfc/__tests__/compileScript.spec.ts (84 tests) 1124ms
 âœ“ |unit| packages/compiler-sfc/__tests__/compileScript/defineSlots.spec.ts (3 tests) 231ms
 âœ“ |unit| packages/shared/__tests__/toDisplayString.spec.ts (12 tests) 214ms
 âœ“ |unit| packages/compiler-sfc/__tests__/compileScript/defineExpose.spec.ts (2 tests) 691ms
   âœ“ defineExpose()  664ms
 âœ“ |unit| packages/shared/__tests__/looseEqual.spec.ts (12 tests) 655ms
 âœ“ |unit| packages/compiler-sfc/__tests__/compileScript/resolveType.spec.ts (82 tests | 1 skipped) 2004ms
   âœ“ resolveType > type literal  473ms
 âœ“ |unit-jsdom| packages/runtime-dom/__tests__/patchAttrs.spec.ts (8 tests) 26ms
 âœ“ |unit-jsdom| packages/runtime-dom/__tests__/patchStyle.spec.ts (17 tests) 78ms
 âœ“ |unit-jsdom| packages/runtime-dom/__tests__/patchEvents.spec.ts (12 tests) 122ms
 âœ“ |unit-jsdom| packages/runtime-dom/__tests__/directives/vOn.spec.ts (8 tests) 153ms
 âœ“ |unit-jsdom| packages/runtime-dom/__tests__/rendererStaticNode.spec.ts (5 tests) 100ms
 âœ“ |unit-jsdom| packages/runtime-dom/__tests__/patchProps.spec.ts (26 tests) 339ms
 âœ“ |unit-jsdom| packages/runtime-dom/__tests__/directives/vShow.spec.ts (9 tests) 471ms
 âœ“ |unit-jsdom| packages/runtime-dom/__tests__/helpers/useCssVars.spec.ts (17 tests) 774ms
   âœ“ useCssVars > with delay mount child  346ms
 âœ“ |unit-jsdom| packages/runtime-dom/__tests__/directives/vModel.spec.ts (26 tests) 793ms
 âœ“ |unit-jsdom| packages/runtime-vapor/__tests__/block.spec.ts (4 tests) 60ms
 âœ“ |unit-jsdom| packages/runtime-dom/__tests__/customElement.spec.ts (59 tests) 1894ms
 âœ“ |unit-jsdom| packages/runtime-vapor/__tests__/dom/prop.spec.ts (38 tests | 1 skipped) 960ms
   âœ“ patchProp > setStyle > should set style  409ms
 âœ“ |unit-jsdom| packages/runtime-vapor/__tests__/dom/event.spec.ts (8 tests) 151ms
 âœ“ |unit-jsdom| packages/runtime-vapor/__tests__/apiSetupHelpers.spec.ts (8 tests | 6 skipped) 254ms
 âœ“ |unit-jsdom| packages/runtime-vapor/__tests__/apiExpose.spec.ts (6 tests) 305ms
 âœ“ |unit-jsdom| packages/runtime-vapor/__tests__/apiCreateSelector.spec.ts (1 test) 322ms
   âœ“ api: createSelector > basic  317ms
 âœ“ |unit-jsdom| packages/runtime-vapor/__tests__/apiInject.spec.ts (14 tests) 708ms
 âœ“ |unit-jsdom| packages/runtime-vapor/__tests__/apiWatch.spec.ts (9 tests) 682ms
 âœ“ |unit-jsdom| packages/runtime-vapor/__tests__/if.spec.ts (3 tests | 1 skipped) 509ms
   âœ“ createIf > basic  451ms
 âœ“ |unit-jsdom| packages/runtime-vapor/__tests__/renderEffect.spec.ts (5 tests) 586ms
   âœ“ renderEffect > should run with the scheduling order  349ms
 âœ“ |unit-jsdom| packages/runtime-vapor/__tests__/apiSetupContext.spec.ts (7 tests) 597ms
 âœ“ |unit-jsdom| packages/runtime-vapor/__tests__/apiCreateDynamicComponent.spec.ts (5 tests) 712ms
 âœ“ |unit-jsdom| packages/runtime-vapor/__tests__/apiLifecycle.spec.ts (16 tests) 853ms
 âœ“ |unit-jsdom| packages/runtime-vapor/__tests__/apiCreateVaporApp.spec.ts (13 tests | 2 skipped) 662ms
 âœ“ |unit-jsdom| packages/runtime-vapor/__tests__/vdomInterop.spec.ts (6 tests) 900ms
   âœ“ vdomInterop > props > should work if props are not provided  343ms
   âœ“ vdomInterop > v-model > basic work  515ms
 âœ“ |unit-jsdom| packages/runtime-vapor/__tests__/apiDefineAsyncComponent.spec.ts (21 tests | 5 skipped) 961ms
 âœ“ |unit-jsdom| packages/runtime-vapor/__tests__/scopeId.spec.ts (20 tests | 2 skipped) 952ms
   âœ“ scopeId > should attach scopeId to child component  384ms
 âœ“ |unit-jsdom| packages/runtime-vapor/__tests__/componentProps.spec.ts (22 tests) 850ms
 âœ“ |unit-jsdom| packages/runtime-vapor/__tests__/errorHandling.spec.ts (17 tests) 926ms
 âœ“ |unit-jsdom| packages/runtime-vapor/__tests__/component.spec.ts (13 tests) 903ms
   âœ“ component > should update parent(hoc) component host el when child component self update  444ms
 âœ“ |unit-jsdom| packages/runtime-vapor/__tests__/componentEmits.spec.ts (20 tests) 959ms
   âœ“ component: emit > trigger handlers  401ms
 âœ“ |unit-jsdom| packages/runtime-vapor/__tests__/componentAttrs.spec.ts (8 tests) 964ms
   âœ“ attribute fallthrough > should allow attrs to fallthrough  486ms
 âœ“ |unit-jsdom| packages/runtime-vapor/__tests__/dom/templateRef.spec.ts (20 tests) 1129ms
   âœ“ api: template ref > string ref mount  315ms
 âœ“ |unit-jsdom| packages/runtime-vapor/__tests__/directives/vModel.spec.ts (20 tests) 1287ms
 âœ“ |unit| packages/compiler-dom/__tests__/decoderHtmlBrowser.spec.ts (1 test) 174ms
 âœ“ |unit-jsdom| packages/runtime-vapor/__tests__/componentSlots.spec.ts (78 tests | 1 skipped) 4530ms
   âœ“ component: slots > forwarded slot > vdom interop > vdom slot > vapor forwarded slot > vapor forwarded slot(with fallback) > vdom slot  400ms
 âœ“ |unit-jsdom| packages/runtime-vapor/__tests__/for.spec.ts (42 tests) 5604ms
   âœ“ createFor > array source  658ms
   âœ“ createFor > should optimize call frequency during list operations  3263ms
   âœ“ createFor > should optimize call frequency during list operations with shallowRef  736ms
 âœ“ |unit| packages/compiler-vapor/__tests__/abbreviation.spec.ts (1 test) 58ms
 âœ“ |unit-jsdom| packages/vue-compat/__tests__/renderFn.spec.ts (11 tests) 319ms
 âœ“ |unit-jsdom| packages/vue/__tests__/runtimeCompilerOptions.spec.ts (8 tests) 501ms
 âœ“ |unit-jsdom| packages/vue-compat/__tests__/componentAsync.spec.ts (3 tests) 431ms
   âœ“ COMPONENT_ASYNC > resolve/reject  376ms
 âœ“ |unit-jsdom| packages/vue/__tests__/mathmlNamespace.spec.ts (2 tests) 541ms
   âœ“ MathML support > should mount elements with correct html namespace  496ms
 âœ“ |unit-jsdom| packages/runtime-vapor/__tests__/directives/vShow.spec.ts (5 tests) 444ms
   âœ“ directive: v-show > basic  386ms
 âœ“ |unit-jsdom| packages/vue-compat/__tests__/options.spec.ts (5 tests) 456ms
   âœ“ root data plain object  323ms
 âœ“ |unit-jsdom| packages/runtime-dom/__tests__/nodeOps.spec.ts (8 tests) 606ms
 âœ“ |unit-jsdom| packages/vue-compat/__tests__/filters.spec.ts (17 tests) 586ms
   âœ“ FILTERS > global registration  321ms
 âœ“ |unit-jsdom| packages/vue-compat/__tests__/componentVModel.spec.ts (4 tests) 588ms
   âœ“ COMPONENT_V_MODEL > basic usage  433ms
 âœ“ |unit-jsdom| packages/vue-compat/__tests__/componentFunctional.spec.ts (2 tests) 599ms
   âœ“ COMPONENT_FUNCTIONAL > basic usage  533ms
 âœ“ |unit-jsdom| packages/vue-compat/__tests__/globalConfig.spec.ts (4 tests) 593ms
   âœ“ GLOBAL_KEY_CODES  442ms
 âœ“ |unit-jsdom| packages/vue/__tests__/index.spec.ts (17 tests) 896ms
   âœ“ compiler + runtime integration > should support runtime template compilation  317ms
 âœ“ |unit-jsdom| packages/vue-compat/__tests__/misc.spec.ts (9 tests) 725ms
   âœ“ mode as function  342ms
 âœ“ |unit-jsdom| packages/vue-compat/__tests__/compiler.spec.ts (9 tests) 833ms
   âœ“ COMPILER_IS_ON_ELEMENT  417ms
 âœ“ |unit-jsdom| packages/vue-compat/__tests__/global.spec.ts (30 tests) 876ms
   âœ“ GLOBAL_MOUNT > new Vue() with el  343ms
 âœ“ |unit-jsdom| packages/vue/__tests__/svgNamespace.spec.ts (2 tests) 968ms
   âœ“ SVG support > should mount elements with correct html namespace  835ms
 âœ“ |unit-jsdom| packages/vue-compat/__tests__/instance.spec.ts (21 tests) 1056ms
 âœ“ |unit-jsdom| packages/runtime-vapor/__tests__/components/Teleport.spec.ts (38 tests | 3 skipped) 1335ms
 âœ“ |unit-jsdom| packages/runtime-vapor/__tests__/dom/template.spec.ts (4 tests) 142ms
 âœ“ |unit-jsdom| packages/runtime-dom/__tests__/helpers/useCssModule.spec.ts (5 tests) 146ms
 âœ“ |unit-jsdom| packages/runtime-dom/__tests__/patchClass.spec.ts (3 tests) 222ms
 âœ“ |unit-jsdom| packages/runtime-dom/__tests__/createApp.spec.ts (2 tests) 59ms
 âœ“ |unit-jsdom| packages/runtime-vapor/__tests__/directives/customDirective.spec.ts (1 test) 30ms
 âœ“ |unit| packages/runtime-core/__tests__/helpers/withMemo.spec.ts (7 tests) 298ms
 âœ“ |unit| packages/runtime-core/__tests__/apiOptions.spec.ts (48 tests) 470ms
 âœ“ |unit| packages/runtime-core/__tests__/componentProps.spec.ts (28 tests) 490ms
 âœ“ |unit| packages/runtime-core/__tests__/rendererAttrsFallthrough.spec.ts (22 tests) 518ms
 âœ“ |unit-jsdom| packages/runtime-dom/__tests__/customizedBuiltIn.spec.ts (1 test) 59ms
 âœ“ |unit-jsdom| packages/runtime-dom/__tests__/directives/vCloak.spec.ts (1 test) 72ms
 âœ“ |unit| packages/runtime-core/__tests__/components/Teleport.spec.ts (45 tests) 748ms
 âœ“ |unit| packages/runtime-core/__tests__/components/Suspense.spec.ts (39 tests) 963ms
 âœ“ |unit-jsdom| packages/vue/__tests__/customElementCasing.spec.ts (1 test) 203ms
 âœ“ |unit| packages/runtime-core/__tests__/helpers/useId.spec.ts (8 tests) 624ms
 â†“ |unit-jsdom| packages/runtime-vapor/__tests__/hydration.spec.ts (106 tests | 96 skipped)
 âœ“ |unit| packages/runtime-core/__tests__/hydration.spec.ts (98 tests) 1014ms

âŽ¯âŽ¯âŽ¯âŽ¯âŽ¯âŽ¯âŽ¯ Failed Tests 1 âŽ¯âŽ¯âŽ¯âŽ¯âŽ¯âŽ¯âŽ¯

 FAIL  |unit| packages/reactivity/__tests__/computed.spec.ts > reactivity/computed > should not lead to exponential perf cost with deeply chained computed
AssertionError: expected 60.46367025375366 to be less than 30
 â¯ packages/reactivity/__tests__/computed.spec.ts:1112:35
    1110|     start.prop3.value = 2
    1111|     start.prop4.value = 1
    1112|     expect(performance.now() - t).toBeLessThan(process.env.CI ? 100 : â€¦
       |                                   ^
    1113|
    1114|     const end = layer

âŽ¯âŽ¯âŽ¯âŽ¯âŽ¯âŽ¯âŽ¯âŽ¯âŽ¯âŽ¯âŽ¯âŽ¯âŽ¯âŽ¯âŽ¯âŽ¯âŽ¯âŽ¯âŽ¯âŽ¯âŽ¯âŽ¯âŽ¯âŽ¯[1/1]âŽ¯


 Test Files  1 failed | 229 passed | 3 skipped (233)
      Tests  1 failed | 4110 passed | 10 skipped | 128 todo (4259)
   Start at  02:46:30
   Duration  74.84s (transform 229.68s, setup 44.26s, collect 2611.78s, tests 109.39s, environment 546.38s, prepare 300.53s)

â€‰ELIFECYCLEâ€‰ Command failed with exit code 1.

> @3.6.0-alpha.2 test-unit /app
> vitest --project unit --project unit-jsdom compiler

 DEPRECATED  The `test.workspace` option is deprecated and will be removed in the next major. To hide this warning, rename `test.workspace` option to `test.projects`.

 RUN  v3.2.4 /app

 âœ“ |unit| packages/compiler-dom/__tests__/transforms/vShow.spec.ts (2 tests) 110ms
 âœ“ |unit| packages/compiler-core/__tests__/transforms/transformExpressions.spec.ts (44 tests) 524ms
 âœ“ |unit| packages/compiler-sfc/__tests__/templateTransformAssetUrl.spec.ts (13 tests) 113ms
 âœ“ |unit| packages/compiler-core/__tests__/transforms/vSlot.spec.ts (28 tests) 511ms
 âœ“ |unit| packages/compiler-dom/__tests__/transforms/vOn.spec.ts (12 tests) 128ms
 âœ“ |unit| packages/compiler-core/__tests__/transforms/transformText.spec.ts (8 tests) 155ms
 âœ“ |unit| packages/compiler-core/__tests__/transforms/cacheStatic.spec.ts (34 tests) 364ms
 âœ“ |unit| packages/compiler-core/__tests__/parse.spec.ts (151 tests) 1443ms
   âœ“ compiler: parse > Edge Cases > self closing multiple tag  333ms
 âœ“ |unit| packages/compiler-dom/__tests__/index.spec.ts (1 test) 121ms
 âœ“ |unit| packages/compiler-dom/__tests__/transforms/validateHtmlNesting.spec.ts (17 tests) 281ms
 âœ“ |unit| packages/compiler-core/__tests__/transforms/vOn.spec.ts (33 tests) 521ms
 âœ“ |unit| packages/compiler-core/__tests__/transforms/vMemo.spec.ts (7 tests) 280ms
 âœ“ |unit| packages/compiler-core/__tests__/transforms/vIf.spec.ts (29 tests) 638ms
 âœ“ |unit| packages/compiler-core/__tests__/codegen.spec.ts (34 tests) 949ms
   âœ“ compiler: codegen > TemplateLiteral  309ms
 âœ“ |unit| packages/compiler-dom/__tests__/transforms/stringifyStatic.spec.ts (24 tests) 997ms
 âœ“ |unit| packages/compiler-core/__tests__/transforms/vFor.spec.ts (53 tests) 1016ms
 âœ“ |unit| packages/compiler-core/__tests__/transforms/transformElement.spec.ts (124 tests) 1374ms
 âœ“ |unit| packages/compiler-ssr/__tests__/ssrTransition.spec.ts (2 tests) 859ms
   âœ“ transition > basic  629ms
 âœ“ |unit| packages/compiler-ssr/__tests__/ssrPortal.spec.ts (2 tests) 1592ms
   âœ“ ssr compile: teleport > should work  1197ms
   âœ“ ssr compile: teleport > disabled prop handling  313ms
 âœ“ |unit| packages/compiler-ssr/__tests__/ssrSuspense.spec.ts (2 tests) 1394ms
   âœ“ ssr compile: suspense > implicit default  832ms
   âœ“ ssr compile: suspense > explicit slots  424ms
 âœ“ |unit| packages/compiler-ssr/__tests__/ssrFallthroughAttrs.spec.ts (5 tests) 1632ms
   âœ“ ssr: attrs fallthrough > basic  853ms
   âœ“ ssr: attrs fallthrough > with comments  328ms
 âœ“ |unit| packages/compiler-ssr/__tests__/ssrVaporAnchors.spec.ts (6 tests) 1891ms
   âœ“ fragment anchors > if  1647ms
 âœ“ |unit| packages/compiler-ssr/__tests__/ssrTransitionGroup.spec.ts (7 tests) 1782ms
   âœ“ transition-group > basic  692ms
 âœ“ |unit| packages/compiler-ssr/__tests__/ssrText.spec.ts (8 tests) 1326ms
   âœ“ ssr: text > static text  792ms
 âœ“ |unit| packages/compiler-ssr/__tests__/ssrInjectCssVars.spec.ts (6 tests) 2376ms
   âœ“ ssr: inject <style vars> > basic  1093ms
   âœ“ ssr: inject <style vars> > inject helpers  613ms
 âœ“ |unit| packages/compiler-ssr/__tests__/ssrVIf.spec.ts (10 tests) 2197ms
   âœ“ ssr: v-if > basic  1032ms
   âœ“ ssr: v-if > with nested content  354ms
   âœ“ ssr: v-if > <template v-if> (single element)  346ms
 âœ“ |unit| packages/compiler-ssr/__tests__/ssrVModel.spec.ts (7 tests) 2638ms
   âœ“ ssr: v-model > <input> (text types)  1446ms
   âœ“ ssr: v-model > <select v-model>  887ms
 âœ“ |unit| packages/compiler-ssr/__tests__/ssrSlotOutlet.spec.ts (11 tests) 2748ms
   âœ“ ssr: <slot> > basic  630ms
   âœ“ ssr: <slot> > with dynamic name  513ms
   âœ“ ssr: <slot> > inside transition  534ms
 âœ“ |unit| packages/compiler-ssr/__tests__/ssrComponent.spec.ts (15 tests) 3434ms
   âœ“ ssr: components > basic  1336ms
   âœ“ ssr: components > event listeners  502ms
   âœ“ ssr: components > slots > named slots  493ms
 âœ“ |unit| packages/compiler-ssr/__tests__/ssrElement.spec.ts (32 tests) 3586ms
   âœ“ ssr: element > basic elements  1142ms
   âœ“ ssr: element > attrs > ignore v-bind key/ref  426ms
   âœ“ ssr: element > attrs > v-bind:[arg]  527ms
 â†“ |unit| packages/compiler-vapor/__tests__/scopeId.spec.ts (0 test)
DEPRECATION WARNING [import]: Sass @import rules are deprecated and will be removed in Dart Sass 3.0.0.

More info and automated migrator: https://sass-lang.com/d/import

  â•·
2 â”‚         @import "./import.scss";
  â”‚                 ^^^^^^^^^^^^^^^
  â•µ
    packages/compiler-sfc/__tests__/fixture/test.scss 2:17  root stylesheet

 â¯ |unit| packages/compiler-sfc/__tests__/compileStyle.spec.ts (26 tests | 1 failed) 6829ms
   âœ“ SFC scoped CSS > simple selectors 84ms
   âœ“ SFC scoped CSS > descendent selector  301ms
   âœ“ SFC scoped CSS > nesting selector 47ms
   âœ“ SFC scoped CSS > nesting selector with atrule and comment 8ms
   âœ“ SFC scoped CSS > multiple selectors 52ms
   âœ“ SFC scoped CSS > pseudo class 3ms
   âœ“ SFC scoped CSS > pseudo element 15ms
   âœ“ SFC scoped CSS > spaces before pseudo element 3ms
   âœ“ SFC scoped CSS > ::v-deep 66ms
   âœ“ SFC scoped CSS > ::v-slotted 12ms
   âœ“ SFC scoped CSS > ::v-global 11ms
   âœ“ SFC scoped CSS > :is() and :where() with multiple selectors 7ms
   âœ“ SFC scoped CSS > :is() and :where() in compound selectors 16ms
   âœ“ SFC scoped CSS > media query 2ms
   âœ“ SFC scoped CSS > supports query 2ms
   âœ“ SFC scoped CSS > scoped keyframes 5ms
   âœ“ SFC scoped CSS > spaces after selector 10ms
   âœ“ SFC scoped CSS > deprecated syntax > ::v-deep as combinator 29ms
   âœ“ SFC scoped CSS > deprecated syntax > >>> (deprecated syntax) 2ms
   âœ“ SFC scoped CSS > deprecated syntax > /deep/ (deprecated syntax) 37ms
   âœ“ SFC CSS modules > should include resulting classes object in result  355ms
   âœ“ SFC CSS modules > postcss-modules options  444ms
   Ã— SFC style preprocessors > scss @import 5247ms
     â†’ Test timed out in 5000ms.
If this is a long-running test, pass a timeout value as the last argument or configure it globally with "testTimeout".
   âœ“ SFC style preprocessors > scss respect user-defined string options.additionalData 31ms
   âœ“ SFC style preprocessors > scss respect user-defined function options.additionalData 25ms
   âœ“ SFC style preprocessors > should mount scope on correct selector when have universal selector 8ms
 âœ“ |unit| packages/compiler-sfc/__tests__/templateUtils.spec.ts (9 tests) 72ms
 âœ“ |unit| packages/compiler-core/__tests__/utils.spec.ts (6 tests) 106ms
 âœ“ |unit| packages/compiler-core/__tests__/compile.spec.ts (3 tests) 160ms
 âœ“ |unit| packages/compiler-dom/__tests__/transforms/vHtml.spec.ts (3 tests) 46ms
 âœ“ |unit| packages/compiler-core/__tests__/scopeId.spec.ts (4 tests) 103ms
 âœ“ |unit| packages/compiler-core/__tests__/transforms/noopDirectiveTransform.spec.ts (1 test) 19ms
 âœ“ |unit| packages/compiler-core/__tests__/transforms/vOnce.spec.ts (8 tests) 115ms
 âœ“ |unit| packages/compiler-dom/__tests__/transforms/transformStyle.spec.ts (2 tests) 53ms
 âœ“ |unit| packages/compiler-core/__tests__/transform.spec.ts (21 tests) 130ms
 âœ“ |unit| packages/compiler-core/__tests__/transforms/vModel.spec.ts (20 tests) 232ms
 âœ“ |unit| packages/compiler-dom/__tests__/transforms/vModel.spec.ts (17 tests) 141ms
 âœ“ |unit| packages/compiler-ssr/__tests__/ssrScopeId.spec.ts (5 tests) 302ms
 âœ“ |unit| packages/compiler-dom/__tests__/transforms/Transition.spec.ts (12 tests) 337ms
 âœ“ |unit| packages/compiler-core/__tests__/transforms/transformSlotOutlet.spec.ts (14 tests) 250ms
 âœ“ |unit| packages/compiler-core/__tests__/transforms/vBind.spec.ts (18 tests) 300ms
 âœ“ |unit| packages/compiler-vapor/__tests__/transforms/transformChildren.spec.ts (4 tests) 386ms
 âœ“ |unit| packages/compiler-vapor/__tests__/transforms/transformText.spec.ts (2 tests) 462ms
   âœ“ compiler: text transform > no consecutive text  368ms
 âœ“ |unit| packages/compiler-vapor/__tests__/transforms/vText.spec.ts (4 tests) 527ms
 âœ“ |unit| packages/compiler-vapor/__tests__/transforms/vOnce.spec.ts (10 tests | 2 skipped) 602ms
 âœ“ |unit| packages/compiler-vapor/__tests__/transforms/expression.spec.ts (5 tests) 659ms
   âœ“ compiler: expression > update expression  398ms
 âœ“ |unit| packages/compiler-vapor/__tests__/transforms/vIf.spec.ts (11 tests | 3 skipped) 661ms
 âœ“ |unit| packages/compiler-vapor/__tests__/transforms/transformTemplateRef.spec.ts (6 tests) 693ms
   âœ“ compiler: template ref transform > function ref  475ms
 âœ“ |unit| packages/compiler-vapor/__tests__/transforms/TransformTransition.spec.ts (16 tests) 719ms
 âœ“ |unit| packages/compiler-vapor/__tests__/compile.spec.ts (23 tests) 791ms
 âœ“ |unit| packages/compiler-vapor/__tests__/transforms/transformSlotOutlet.spec.ts (14 tests) 737ms
 âœ“ |unit| packages/compiler-dom/__tests__/transforms/vText.spec.ts (3 tests) 59ms
 âœ“ |unit| packages/compiler-vapor/__tests__/transforms/vFor.spec.ts (12 tests) 958ms
   âœ“ compiler: v-for > basic v-for  460ms
 âœ“ |unit| packages/compiler-vapor/__tests__/transforms/vModel.spec.ts (25 tests | 1 skipped) 992ms
 âœ“ |unit| packages/compiler-vapor/__tests__/transforms/vSlot.spec.ts (25 tests) 1030ms
   âœ“ compiler: transform slot > on-component default slot  473ms
 âœ“ |unit| packages/compiler-vapor/__tests__/transforms/vBind.spec.ts (53 tests | 2 skipped) 1107ms
 âœ“ |unit| packages/compiler-vapor/__tests__/transforms/vOn.spec.ts (33 tests) 1206ms
 âœ“ |unit| packages/compiler-vapor/__tests__/transforms/transformElement.spec.ts (46 tests | 3 skipped) 1298ms
 âœ“ |unit| packages/compiler-ssr/__tests__/ssrVShow.spec.ts (6 tests) 717ms
   âœ“ ssr: v-show > with dynamic style  351ms
 âœ“ |unit| packages/compiler-dom/__tests__/parse.spec.ts (33 tests) 449ms
 âœ“ |unit| packages/compiler-sfc/__tests__/templateTransformSrcset.spec.ts (5 tests) 245ms
 âœ“ |unit| packages/compiler-vapor/__tests__/abbreviation.spec.ts (1 test) 213ms
 âœ“ |unit| packages/compiler-ssr/__tests__/ssrVFor.spec.ts (7 tests) 1012ms
   âœ“ ssr: v-for > basic  332ms
   âœ“ ssr: v-for > template v-for (multi element)  309ms
 âœ“ |unit| packages/compiler-dom/__tests__/transforms/ignoreSideEffectTags.spec.ts (2 tests) 195ms
 âœ“ |unit| packages/compiler-dom/__tests__/decoderHtmlBrowser.spec.ts (1 test) 489ms
   âœ“ decodeHtmlBrowser > should decode HTML correctly  476ms
 âœ“ |unit| packages/compiler-vapor/__tests__/transforms/vHtml.spec.ts (4 tests) 700ms
   âœ“ v-html > should convert v-html to innerHTML  443ms
 âœ“ |unit| packages/compiler-vapor/__tests__/transforms/vShow.spec.ts (2 tests) 25ms
 âœ“ |unit| packages/compiler-sfc/__tests__/compileTemplate.spec.ts (21 tests) 293ms
 âœ“ |unit| packages/compiler-sfc/__tests__/compileScript/defineExpose.spec.ts (2 tests) 105ms
 âœ“ |unit| packages/compiler-sfc/__tests__/cssVars.spec.ts (17 tests) 209ms
 âœ“ |unit| packages/compiler-sfc/__tests__/rewriteDefault.spec.ts (16 tests) 133ms
 âœ“ |unit| packages/compiler-sfc/__tests__/compileScript/defineSlots.spec.ts (3 tests) 107ms
 âœ“ |unit| packages/compiler-sfc/__tests__/compileScript/defineOptions.spec.ts (7 tests) 124ms
 âœ“ |unit| packages/compiler-sfc/__tests__/compileScript/defineProps.spec.ts (29 tests) 249ms
 âœ“ |unit| packages/compiler-sfc/__tests__/compileScript/definePropsDestructure.spec.ts (28 tests) 238ms
 âœ“ |unit| packages/compiler-sfc/__tests__/compileScript/hoistStatic.spec.ts (10 tests) 164ms
 âœ“ |unit| packages/compiler-sfc/__tests__/compileScript/defineModel.spec.ts (10 tests) 172ms
 âœ“ |unit| packages/compiler-sfc/__tests__/compileScript/importUsageCheck.spec.ts (16 tests) 166ms
 âœ“ |unit| packages/compiler-sfc/__tests__/compileScript/defineEmits.spec.ts (19 tests) 179ms
 âœ“ |unit| packages/compiler-sfc/__tests__/parse.spec.ts (30 tests) 119ms
 âœ“ |unit| packages/compiler-sfc/__tests__/compileScript.spec.ts (84 tests) 670ms
 âœ“ |unit| packages/server-renderer/__tests__/ssrCompilerOptions.spec.ts (9 tests) 537ms
   âœ“ ssr: compiler options > config.isCustomElement (deprecated)  412ms
 âœ“ |unit| packages/compiler-sfc/__tests__/compileScript/resolveType.spec.ts (82 tests | 1 skipped) 212ms
 âœ“ |unit-jsdom| packages/vue/__tests__/runtimeCompilerOptions.spec.ts (8 tests) 54ms
 âœ“ |unit-jsdom| packages/vue-compat/__tests__/compiler.spec.ts (9 tests) 110ms

âŽ¯âŽ¯âŽ¯âŽ¯âŽ¯âŽ¯âŽ¯ Failed Tests 1 âŽ¯âŽ¯âŽ¯âŽ¯âŽ¯âŽ¯âŽ¯

 FAIL  |unit| packages/compiler-sfc/__tests__/compileStyle.spec.ts > SFC style preprocessors > scss @import
Error: Test timed out in 5000ms.
If this is a long-running test, pass a timeout value as the last argument or configure it globally with "testTimeout".
 â¯ packages/compiler-sfc/__tests__/compileStyle.spec.ts:435:3
    433|
    434| describe('SFC style preprocessors', () => {
    435|   test('scss @import', () => {
       |   ^
    436|     const res = compileStyle({
    437|       source: `

âŽ¯âŽ¯âŽ¯âŽ¯âŽ¯âŽ¯âŽ¯âŽ¯âŽ¯âŽ¯âŽ¯âŽ¯âŽ¯âŽ¯âŽ¯âŽ¯âŽ¯âŽ¯âŽ¯âŽ¯âŽ¯âŽ¯âŽ¯âŽ¯[1/1]âŽ¯


 Test Files  1 failed | 89 passed | 1 skipped (91)
      Tests  1 failed | 1636 passed | 1 skipped | 11 todo (1649)
   Start at  02:47:48
   Duration  30.04s (transform 80.47s, setup 25.71s, collect 812.16s, tests 66.95s, environment 12.87s, prepare 171.10s)

â€‰ELIFECYCLEâ€‰ Command failed with exit code 1.

> @3.6.0-alpha.2 test-unit /app
> vitest --project unit --project unit-jsdom server-renderer

 DEPRECATED  The `test.workspace` option is deprecated and will be removed in the next major. To hide this warning, rename `test.workspace` option to `test.projects`.

 RUN  v3.2.4 /app

 âœ“ |unit| packages/server-renderer/__tests__/ssrInterpolate.spec.ts (1 test) 7ms
 âœ“ |unit| packages/server-renderer/__tests__/ssrRenderAttrs.spec.ts (22 tests) 18ms
 âœ“ |unit| packages/server-renderer/__tests__/ssrVModelHelpers.spec.ts (2 tests) 11ms
 âœ“ |unit| packages/server-renderer/__tests__/ssrRenderList.spec.ts (7 tests) 10ms
 âœ“ |unit| packages/server-renderer/__tests__/ssrComputed.spec.ts (2 tests) 23ms
 âœ“ |unit| packages/server-renderer/__tests__/ssrSuspense.spec.ts (6 tests) 32ms
 âœ“ |unit| packages/server-renderer/__tests__/webStream.spec.ts (2 tests) 36ms
 âœ“ |unit| packages/server-renderer/__tests__/ssrWatch.spec.ts (7 tests) 41ms
 âœ“ |unit| packages/server-renderer/__tests__/ssrScopeId.spec.ts (5 tests) 42ms
 âœ“ |unit| packages/server-renderer/__tests__/ssrTeleport.spec.ts (7 tests) 96ms
 âœ“ |unit| packages/server-renderer/__tests__/ssrAttrFallthrough.spec.ts (5 tests) 140ms
 âœ“ |unit| packages/server-renderer/__tests__/ssrDynamicComponent.spec.ts (5 tests) 149ms
 âœ“ |unit| packages/server-renderer/__tests__/ssrCompilerOptions.spec.ts (9 tests) 166ms
 âœ“ |unit| packages/server-renderer/__tests__/ssrSlot.spec.ts (12 tests) 236ms
 âœ“ |unit| packages/server-renderer/__tests__/ssrDirectives.spec.ts (22 tests) 247ms
 âœ“ |unit| packages/server-renderer/__tests__/render.spec.ts (165 tests) 640ms

 Test Files  16 passed (16)
      Tests  279 passed (279)
   Start at  02:48:21
   Duration  9.96s (transform 6.13s, setup 3.30s, collect 34.09s, tests 1.89s, environment 37ms, prepare 34.34s)


> @3.6.0-alpha.2 test-e2e /app
> node scripts/build.js vue -f global -d && vitest --project e2e

node:internal/errors:496
    ErrorCaptureStackTrace(err);
    ^

TypeError [ERR_INVALID_ARG_TYPE]: The "paths[0]" argument must be of type string. Received undefined
    at new NodeError (node:internal/errors:405:5)
    at validateString (node:internal/validators:162:11)
    at Object.resolve (node:path:1115:7)
    at file:///app/scripts/utils.js:9:27
    at ModuleJob.run (node:internal/modules/esm/module_job:195:25)
    at async ModuleLoader.import (node:internal/modules/esm/loader:337:24)
    at async loadESM (node:internal/process/esm_loader:34:7)
    at async handleMainPromise (node:internal/modules/run_main:106:12) {
  code: 'ERR_INVALID_ARG_TYPE'
}

Node.js v18.20.8
â€‰ELIFECYCLEâ€‰ Command failed with exit code 1.

> @3.6.0-alpha.2 test-e2e-vapor /app
> pnpm run prepare-e2e-vapor && vitest --project e2e-vapor


> @3.6.0-alpha.2 prepare-e2e-vapor /app
> node scripts/build.js -f cjs+esm-bundler+esm-bundler-runtime && pnpm run -C packages-private/vapor-e2e-test build

node:internal/errors:496
    ErrorCaptureStackTrace(err);
    ^

TypeError [ERR_INVALID_ARG_TYPE]: The "paths[0]" argument must be of type string. Received undefined
    at new NodeError (node:internal/errors:405:5)
    at validateString (node:internal/validators:162:11)
    at Object.resolve (node:path:1115:7)
    at file:///app/scripts/utils.js:9:27
    at ModuleJob.run (node:internal/modules/esm/module_job:195:25)
    at async ModuleLoader.import (node:internal/modules/esm/loader:337:24)
    at async loadESM (node:internal/process/esm_loader:34:7)
    at async handleMainPromise (node:internal/modules/run_main:106:12) {
  code: 'ERR_INVALID_ARG_TYPE'
}

Node.js v18.20.8
â€‰ELIFECYCLEâ€‰ Command failed with exit code 1.
â€‰ELIFECYCLEâ€‰ Command failed with exit code 1.

> @3.6.0-alpha.2 lint /app
> eslint --cache .


> @3.6.0-alpha.2 format-check /app
> prettier --check --cache .

Checking formatting...
All matched files use Prettier code style!

> @3.6.0-alpha.2 check /app
> tsc --incremental --noEmit


> @3.6.0-alpha.2 test-dts /app
> run-s build-dts test-dts-only


> @3.6.0-alpha.2 build-dts /app
> tsc -p tsconfig.build.json --noCheck && rollup -c rollup.dts.config.js

[36m
[1m./temp/packages/compiler-core/src/index.d.ts[22m â†’ [1mpackages/compiler-core/dist/compiler-core.d.ts[22m...[39m
[32mcreated [1mpackages/compiler-core/dist/compiler-core.d.ts[22m in [1m525ms[22m[39m
[36m
[1m./temp/packages/compiler-dom/src/index.d.ts[22m â†’ [1mpackages/compiler-dom/dist/compiler-dom.d.ts[22m...[39m
[32mcreated [1mpackages/compiler-dom/dist/compiler-dom.d.ts[22m in [1m38ms[22m[39m
[36m
[1m./temp/packages/compiler-sfc/src/index.d.ts[22m â†’ [1mpackages/compiler-sfc/dist/compiler-sfc.d.ts[22m...[39m
[32mcreated [1mpackages/compiler-sfc/dist/compiler-sfc.d.ts[22m in [1m259ms[22m[39m
[36m
[1m./temp/packages/compiler-ssr/src/index.d.ts[22m â†’ [1mpackages/compiler-ssr/dist/compiler-ssr.d.ts[22m...[39m
[32mcreated [1mpackages/compiler-ssr/dist/compiler-ssr.d.ts[22m in [1m9ms[22m[39m
[36m
[1m./temp/packages/compiler-vapor/src/index.d.ts[22m â†’ [1mpackages/compiler-vapor/dist/compiler-vapor.d.ts[22m...[39m
[32mcreated [1mpackages/compiler-vapor/dist/compiler-vapor.d.ts[22m in [1m120ms[22m[39m
[36m
[1m./temp/packages/reactivity/src/index.d.ts[22m â†’ [1mpackages/reactivity/dist/reactivity.d.ts[22m...[39m
[32mcreated [1mpackages/reactivity/dist/reactivity.d.ts[22m in [1m135ms[22m[39m
[36m
[1m./temp/packages/runtime-core/src/index.d.ts[22m â†’ [1mpackages/runtime-core/dist/runtime-core.d.ts[22m...[39m
[32mcreated [1mpackages/runtime-core/dist/runtime-core.d.ts[22m in [1m513ms[22m[39m
[36m
[1m./temp/packages/runtime-dom/src/index.d.ts[22m â†’ [1mpackages/runtime-dom/dist/runtime-dom.d.ts[22m...[39m
[32mcreated [1mpackages/runtime-dom/dist/runtime-dom.d.ts[22m in [1m146ms[22m[39m
[36m
[1m./temp/packages/runtime-vapor/src/index.d.ts[22m â†’ [1mpackages/runtime-vapor/dist/runtime-vapor.d.ts[22m...[39m
[32mcreated [1mpackages/runtime-vapor/dist/runtime-vapor.d.ts[22m in [1m135ms[22m[39m
[36m
[1m./temp/packages/server-renderer/src/index.d.ts[22m â†’ [1mpackages/server-renderer/dist/server-renderer.d.ts[22m...[39m
[32mcreated [1mpackages/server-renderer/dist/server-renderer.d.ts[22m in [1m37ms[22m[39m
[36m
[1m./temp/packages/shared/src/index.d.ts[22m â†’ [1mpackages/shared/dist/shared.d.ts[22m...[39m
[32mcreated [1mpackages/shared/dist/shared.d.ts[22m in [1m57ms[22m[39m
[36m
[1m./temp/packages/vue/src/index-with-vapor.d.ts[22m â†’ [1mpackages/vue/dist/vue.d.ts[22m...[39m
[32mcreated [1mpackages/vue/dist/vue.d.ts[22m in [1m8ms[22m[39m
[36m
[1m./temp/packages/vue-compat/src/index.d.ts[22m â†’ [1mpackages/vue-compat/dist/vue-compat.d.ts[22m...[39m
[32mcreated [1mpackages/vue-compat/dist/vue-compat.d.ts[22m in [1m5ms[22m[39m

> @3.6.0-alpha.2 test-dts-only /app
> tsc -p packages-private/dts-built-test/tsconfig.json && tsc -p ./packages-private/dts-test/tsconfig.test.json

packages/runtime-vapor/dist/runtime-vapor.d.ts(1,391): error TS2305: Module '"@vue/runtime-dom"' has no exported member 'SchedulerJob'.
â€‰ELIFECYCLEâ€‰ Command failed with exit code 2.
ERROR: "test-dts-only" exited with 2.
â€‰ELIFECYCLEâ€‰ Command failed with exit code 1.
