Logging into DockerHub
username is empty
Building and pushing Docker images
DEPRECATED: The legacy builder is deprecated and will be removed in a future release.
            Install the buildx component to build images with BuildKit:
            https://docs.docker.com/go/buildx/

invalid argument "/devlake:amd64-builder" for "-t, --tag" flag: invalid reference format

Usage:  docker build [OPTIONS] PATH | URL | -

Run 'docker build --help' for more information
invalid reference format
fatal: not a git repository (or any of the parent directories): .git
SHORT_SHA=
Building Python
scripts/build-python.sh
Building remote plugin: azuredevops/build.sh
azuredevops/build.sh: 20: poetry: not found
make: *** [Makefile:59: build-python] Error 127
Running unit tests
go version go1.17.6 linux/amd64
cp: cannot stat 'env.example': No such file or directory
rm -rf mocks
mockery --recursive --keeptree --dir=./core --output=./mocks/core --unroll-variadic=false --name='.*'
make: mockery: No such file or directory
make: *** [Makefile:76: mock] Error 127
Running MySQL tests
scripts/e2e-test-go-plugins.sh
go: downloading github.com/spf13/cobra v1.5.0
go: downloading gorm.io/gorm v1.25.5
go: downloading gorm.io/driver/postgres v1.5.2
go: downloading github.com/golang-jwt/jwt/v5 v5.0.0-rc.1
go: downloading github.com/gocarina/gocsv v0.0.0-20220707092902-b9da1f06c77e
go: downloading github.com/lib/pq v1.10.2
go: downloading gorm.io/driver/mysql v1.5.1
go: downloading gorm.io/datatypes v1.0.1
go: downloading github.com/go-sql-driver/mysql v1.7.1
go: downloading github.com/aws/aws-sdk-go v1.55.6
go: downloading golang.org/x/oauth2 v0.0.0-20210402161424-2e8d93401602
go: downloading github.com/spf13/viper v1.8.1
go: downloading github.com/go-playground/validator/v10 v10.19.0
go: downloading golang.org/x/sync v0.8.0
go: downloading github.com/tidwall/gjson v1.14.3
go: downloading github.com/merico-dev/graphql v0.0.0-20240807070533-1cafa544cd5d
go: downloading github.com/mitchellh/mapstructure v1.5.0
go: downloading golang.org/x/exp v0.0.0-20221028150844-83b7d23a625f
go: downloading github.com/chainguard-dev/git-urls v1.0.2
go: downloading github.com/spf13/cast v1.5.1
go: downloading github.com/go-git/go-git/v5 v5.12.0
go: downloading github.com/gin-gonic/gin v1.9.1
go: downloading github.com/sirupsen/logrus v1.9.0
go: downloading github.com/libgit2/git2go/v33 v33.0.6
go: downloading github.com/cockroachdb/errors v1.11.1
go: downloading github.com/viant/afs v1.16.0
go: downloading golang.org/x/mod v0.17.0
go: downloading github.com/panjf2000/ants/v2 v2.4.6
go: downloading github.com/jackc/pgx/v5 v5.6.0
go: downloading golang.org/x/sys v0.23.0
go: downloading github.com/tidwall/pretty v1.2.0
go: downloading github.com/tidwall/match v1.1.1
go: downloading github.com/hashicorp/hcl v1.0.0
go: downloading github.com/spf13/afero v1.6.0
go: downloading github.com/fsnotify/fsnotify v1.4.9
go: downloading gopkg.in/yaml.v2 v2.4.0
go: downloading github.com/pelletier/go-toml v1.9.3
go: downloading github.com/spf13/jwalterweatherman v1.1.0
go: downloading github.com/subosito/gotenv v1.2.0
go: downloading github.com/spf13/pflag v1.0.5
go: downloading gopkg.in/ini.v1 v1.67.0
go: downloading github.com/magiconair/properties v1.8.5
go: downloading golang.org/x/net v0.25.0
go: downloading github.com/jinzhu/now v1.1.5
go: downloading github.com/jinzhu/inflection v1.0.0
go: downloading golang.org/x/text v0.17.0
go: downloading github.com/gin-contrib/sse v0.1.0
go: downloading github.com/mattn/go-isatty v0.0.19
go: downloading gopkg.in/yaml.v3 v3.0.1
go: downloading github.com/pelletier/go-toml/v2 v2.0.8
go: downloading github.com/ugorji/go/codec v1.2.11
go: downloading google.golang.org/protobuf v1.30.0
go: downloading golang.org/x/crypto v0.26.0
go: downloading github.com/go-playground/universal-translator v0.18.1
go: downloading github.com/leodido/go-urn v1.4.0
go: downloading github.com/gabriel-vasile/mimetype v1.4.3
go: downloading github.com/go-playground/locales v0.14.1
go: downloading github.com/cockroachdb/logtags v0.0.0-20230118201751-21c54148d20b
go: downloading github.com/cockroachdb/redact v1.1.5
go: downloading github.com/getsentry/sentry-go v0.18.0
go: downloading github.com/gogo/protobuf v1.3.2
go: downloading github.com/pkg/errors v0.9.1
go: downloading github.com/kr/pretty v0.3.1
go: downloading github.com/jackc/pgservicefile v0.0.0-20221227161230-091c0ba34f0a
go: downloading github.com/jackc/pgpassfile v1.0.0
go: downloading github.com/jackc/puddle/v2 v2.2.1
go: downloading github.com/kr/text v0.2.0
go: downloading github.com/rogpeppe/go-internal v1.11.0
go: downloading github.com/pjbgf/sha1cd v0.3.0
go: downloading dario.cat/mergo v1.0.0
go: downloading github.com/ProtonMail/go-crypto v1.0.0
go: downloading github.com/go-git/go-billy/v5 v5.5.0
go: downloading github.com/sergi/go-diff v1.3.2-0.20230802210424-5b0b94c5c0d3
go: downloading github.com/jbenet/go-context v0.0.0-20150711004518-d14ea06fba99
go: downloading github.com/emirpasic/gods v1.18.1
go: downloading github.com/skeema/knownhosts v1.2.2
go: downloading github.com/xanzy/ssh-agent v0.3.3
go: downloading github.com/kevinburke/ssh_config v1.2.0
go: downloading github.com/golang/groupcache v0.0.0-20210331224755-41bb18bfe9da
go: downloading github.com/go-git/gcfg v1.5.1-0.20230307220236-3a3c6141e376
go: downloading github.com/cyphar/filepath-securejoin v0.2.4
go: downloading gopkg.in/warnings.v0 v0.1.2
go: downloading github.com/go-errors/errors v1.4.2
go: downloading github.com/cloudflare/circl v1.3.7
go: downloading github.com/jmespath/go-jmespath v0.4.0
start running e2e test for plugin github.com/apache/incubator-devlake/plugins/ae/e2e
go: downloading github.com/stretchr/testify v1.9.0
go: downloading github.com/davecgh/go-spew v1.1.1
go: downloading github.com/pmezard/go-difflib v1.0.0
# github.com/apache/incubator-devlake/plugins/ae/e2e
/root/go/pkg/mod/golang.org/x/crypto@v0.26.0/curve25519/curve25519.go:13:8: package crypto/ecdh is not in GOROOT (/usr/local/go/src/crypto/ecdh)
FAIL	github.com/apache/incubator-devlake/plugins/ae/e2e [setup failed]
FAIL
make: *** [Makefile:94: e2e-test-go-plugins] Error 1
scripts/e2e-test.sh
go: downloading github.com/swaggo/swag v1.16.1
go: downloading github.com/swaggo/files v1.0.1
go: downloading github.com/swaggo/gin-swagger v1.6.0
go: downloading github.com/robfig/cron/v3 v3.0.0
go: downloading github.com/google/uuid v1.3.0
go: downloading golang.org/x/tools v0.21.1-0.20240508182429-e35e4ccd0d2d
go: downloading github.com/KyleBanks/depth v1.2.1
go: downloading github.com/go-openapi/spec v0.20.4
go: downloading github.com/go-openapi/swag v0.19.15
go: downloading github.com/go-openapi/jsonreference v0.19.6
go: downloading github.com/go-openapi/jsonpointer v0.19.5
go: downloading github.com/PuerkitoBio/purell v1.1.1
go: downloading github.com/mailru/easyjson v0.7.7
go: downloading github.com/PuerkitoBio/urlesc v0.0.0-20170810143723-de5bf2ad4578
go: downloading github.com/josharian/intern v1.0.0
/root/go/pkg/mod/golang.org/x/crypto@v0.26.0/curve25519/curve25519.go:13:8: package crypto/ecdh is not in GOROOT (/usr/local/go/src/crypto/ecdh)
/root/go/pkg/mod/github.com/jackc/pgx/v5@v5.6.0/pgtype/builtin_wrappers.go:9:2: package net/netip is not in GOROOT (/usr/local/go/src/net/netip)
make: *** [Makefile:97: e2e-test] Error 1
Generating mock
rm -rf mocks
make: mockery: No such file or directory
make: *** [Makefile:76: mock] Error 127
mockery --recursive --keeptree --dir=./core --output=./mocks/core --unroll-variadic=false --name='.*'
Running golangci-lint
/app/run.sh: line 42: golangci-lint: command not found
All tests executed
