
> htmx.org@2.0.6 test
> npm run lint && npm run types-check && npm run test:chrome


> htmx.org@2.0.6 lint
> eslint src/htmx.js test/attributes/ test/core/ test/util/ scripts/*.mjs


> htmx.org@2.0.6 types-check
> tsc src/htmx.js --noEmit --checkJs --target es6 --lib dom,dom.iterable


> htmx.org@2.0.6 test:chrome
> playwright install chromium && web-test-runner --browsers chromium --playwright

Downloading Chromium 136.0.7103.25 (playwright build v1169) from https://cdn.playwright.dev/dbazure/download/playwright/builds/chromium/1169/chromium-linux.zip
|                                                                                |   0% of 167.7 MiB
|‚ñ†‚ñ†‚ñ†‚ñ†‚ñ†‚ñ†‚ñ†‚ñ†                                                                        |  10% of 167.7 MiB
|‚ñ†‚ñ†‚ñ†‚ñ†‚ñ†‚ñ†‚ñ†‚ñ†‚ñ†‚ñ†‚ñ†‚ñ†‚ñ†‚ñ†‚ñ†‚ñ†                                                                |  20% of 167.7 MiB
|‚ñ†‚ñ†‚ñ†‚ñ†‚ñ†‚ñ†‚ñ†‚ñ†‚ñ†‚ñ†‚ñ†‚ñ†‚ñ†‚ñ†‚ñ†‚ñ†‚ñ†‚ñ†‚ñ†‚ñ†‚ñ†‚ñ†‚ñ†‚ñ†                                                        |  30% of 167.7 MiB
|‚ñ†‚ñ†‚ñ†‚ñ†‚ñ†‚ñ†‚ñ†‚ñ†‚ñ†‚ñ†‚ñ†‚ñ†‚ñ†‚ñ†‚ñ†‚ñ†‚ñ†‚ñ†‚ñ†‚ñ†‚ñ†‚ñ†‚ñ†‚ñ†‚ñ†‚ñ†‚ñ†‚ñ†‚ñ†‚ñ†‚ñ†‚ñ†                                                |  40% of 167.7 MiB
|‚ñ†‚ñ†‚ñ†‚ñ†‚ñ†‚ñ†‚ñ†‚ñ†‚ñ†‚ñ†‚ñ†‚ñ†‚ñ†‚ñ†‚ñ†‚ñ†‚ñ†‚ñ†‚ñ†‚ñ†‚ñ†‚ñ†‚ñ†‚ñ†‚ñ†‚ñ†‚ñ†‚ñ†‚ñ†‚ñ†‚ñ†‚ñ†‚ñ†‚ñ†‚ñ†‚ñ†‚ñ†‚ñ†‚ñ†‚ñ†                                        |  50% of 167.7 MiB
|‚ñ†‚ñ†‚ñ†‚ñ†‚ñ†‚ñ†‚ñ†‚ñ†‚ñ†‚ñ†‚ñ†‚ñ†‚ñ†‚ñ†‚ñ†‚ñ†‚ñ†‚ñ†‚ñ†‚ñ†‚ñ†‚ñ†‚ñ†‚ñ†‚ñ†‚ñ†‚ñ†‚ñ†‚ñ†‚ñ†‚ñ†‚ñ†‚ñ†‚ñ†‚ñ†‚ñ†‚ñ†‚ñ†‚ñ†‚ñ†‚ñ†‚ñ†‚ñ†‚ñ†‚ñ†‚ñ†‚ñ†‚ñ†                                |  60% of 167.7 MiB
|‚ñ†‚ñ†‚ñ†‚ñ†‚ñ†‚ñ†‚ñ†‚ñ†‚ñ†‚ñ†‚ñ†‚ñ†‚ñ†‚ñ†‚ñ†‚ñ†‚ñ†‚ñ†‚ñ†‚ñ†‚ñ†‚ñ†‚ñ†‚ñ†‚ñ†‚ñ†‚ñ†‚ñ†‚ñ†‚ñ†‚ñ†‚ñ†‚ñ†‚ñ†‚ñ†‚ñ†‚ñ†‚ñ†‚ñ†‚ñ†‚ñ†‚ñ†‚ñ†‚ñ†‚ñ†‚ñ†‚ñ†‚ñ†‚ñ†‚ñ†‚ñ†‚ñ†‚ñ†‚ñ†‚ñ†‚ñ†                        |  70% of 167.7 MiB
|‚ñ†‚ñ†‚ñ†‚ñ†‚ñ†‚ñ†‚ñ†‚ñ†‚ñ†‚ñ†‚ñ†‚ñ†‚ñ†‚ñ†‚ñ†‚ñ†‚ñ†‚ñ†‚ñ†‚ñ†‚ñ†‚ñ†‚ñ†‚ñ†‚ñ†‚ñ†‚ñ†‚ñ†‚ñ†‚ñ†‚ñ†‚ñ†‚ñ†‚ñ†‚ñ†‚ñ†‚ñ†‚ñ†‚ñ†‚ñ†‚ñ†‚ñ†‚ñ†‚ñ†‚ñ†‚ñ†‚ñ†‚ñ†‚ñ†‚ñ†‚ñ†‚ñ†‚ñ†‚ñ†‚ñ†‚ñ†‚ñ†‚ñ†‚ñ†‚ñ†‚ñ†‚ñ†‚ñ†‚ñ†                |  80% of 167.7 MiB
|‚ñ†‚ñ†‚ñ†‚ñ†‚ñ†‚ñ†‚ñ†‚ñ†‚ñ†‚ñ†‚ñ†‚ñ†‚ñ†‚ñ†‚ñ†‚ñ†‚ñ†‚ñ†‚ñ†‚ñ†‚ñ†‚ñ†‚ñ†‚ñ†‚ñ†‚ñ†‚ñ†‚ñ†‚ñ†‚ñ†‚ñ†‚ñ†‚ñ†‚ñ†‚ñ†‚ñ†‚ñ†‚ñ†‚ñ†‚ñ†‚ñ†‚ñ†‚ñ†‚ñ†‚ñ†‚ñ†‚ñ†‚ñ†‚ñ†‚ñ†‚ñ†‚ñ†‚ñ†‚ñ†‚ñ†‚ñ†‚ñ†‚ñ†‚ñ†‚ñ†‚ñ†‚ñ†‚ñ†‚ñ†‚ñ†‚ñ†‚ñ†‚ñ†‚ñ†‚ñ†‚ñ†‚ñ†        |  90% of 167.7 MiB
|‚ñ†‚ñ†‚ñ†‚ñ†‚ñ†‚ñ†‚ñ†‚ñ†‚ñ†‚ñ†‚ñ†‚ñ†‚ñ†‚ñ†‚ñ†‚ñ†‚ñ†‚ñ†‚ñ†‚ñ†‚ñ†‚ñ†‚ñ†‚ñ†‚ñ†‚ñ†‚ñ†‚ñ†‚ñ†‚ñ†‚ñ†‚ñ†‚ñ†‚ñ†‚ñ†‚ñ†‚ñ†‚ñ†‚ñ†‚ñ†‚ñ†‚ñ†‚ñ†‚ñ†‚ñ†‚ñ†‚ñ†‚ñ†‚ñ†‚ñ†‚ñ†‚ñ†‚ñ†‚ñ†‚ñ†‚ñ†‚ñ†‚ñ†‚ñ†‚ñ†‚ñ†‚ñ†‚ñ†‚ñ†‚ñ†‚ñ†‚ñ†‚ñ†‚ñ†‚ñ†‚ñ†‚ñ†‚ñ†‚ñ†‚ñ†‚ñ†‚ñ†‚ñ†‚ñ†‚ñ†| 100% of 167.7 MiB
Chromium 136.0.7103.25 (playwright build v1169) downloaded to /root/.cache/ms-playwright/chromium-1169
Downloading FFMPEG playwright build v1011 from https://cdn.playwright.dev/dbazure/download/playwright/builds/ffmpeg/1011/ffmpeg-linux.zip
|                                                                                |   0% of 2.3 MiB
|‚ñ†‚ñ†‚ñ†‚ñ†‚ñ†‚ñ†‚ñ†‚ñ†                                                                        |  10% of 2.3 MiB
|‚ñ†‚ñ†‚ñ†‚ñ†‚ñ†‚ñ†‚ñ†‚ñ†‚ñ†‚ñ†‚ñ†‚ñ†‚ñ†‚ñ†‚ñ†‚ñ†                                                                |  20% of 2.3 MiB
|‚ñ†‚ñ†‚ñ†‚ñ†‚ñ†‚ñ†‚ñ†‚ñ†‚ñ†‚ñ†‚ñ†‚ñ†‚ñ†‚ñ†‚ñ†‚ñ†‚ñ†‚ñ†‚ñ†‚ñ†‚ñ†‚ñ†‚ñ†‚ñ†                                                        |  30% of 2.3 MiB
|‚ñ†‚ñ†‚ñ†‚ñ†‚ñ†‚ñ†‚ñ†‚ñ†‚ñ†‚ñ†‚ñ†‚ñ†‚ñ†‚ñ†‚ñ†‚ñ†‚ñ†‚ñ†‚ñ†‚ñ†‚ñ†‚ñ†‚ñ†‚ñ†‚ñ†‚ñ†‚ñ†‚ñ†‚ñ†‚ñ†‚ñ†‚ñ†                                                |  40% of 2.3 MiB
|‚ñ†‚ñ†‚ñ†‚ñ†‚ñ†‚ñ†‚ñ†‚ñ†‚ñ†‚ñ†‚ñ†‚ñ†‚ñ†‚ñ†‚ñ†‚ñ†‚ñ†‚ñ†‚ñ†‚ñ†‚ñ†‚ñ†‚ñ†‚ñ†‚ñ†‚ñ†‚ñ†‚ñ†‚ñ†‚ñ†‚ñ†‚ñ†‚ñ†‚ñ†‚ñ†‚ñ†‚ñ†‚ñ†‚ñ†‚ñ†                                        |  50% of 2.3 MiB
|‚ñ†‚ñ†‚ñ†‚ñ†‚ñ†‚ñ†‚ñ†‚ñ†‚ñ†‚ñ†‚ñ†‚ñ†‚ñ†‚ñ†‚ñ†‚ñ†‚ñ†‚ñ†‚ñ†‚ñ†‚ñ†‚ñ†‚ñ†‚ñ†‚ñ†‚ñ†‚ñ†‚ñ†‚ñ†‚ñ†‚ñ†‚ñ†‚ñ†‚ñ†‚ñ†‚ñ†‚ñ†‚ñ†‚ñ†‚ñ†‚ñ†‚ñ†‚ñ†‚ñ†‚ñ†‚ñ†‚ñ†‚ñ†                                |  60% of 2.3 MiB
|‚ñ†‚ñ†‚ñ†‚ñ†‚ñ†‚ñ†‚ñ†‚ñ†‚ñ†‚ñ†‚ñ†‚ñ†‚ñ†‚ñ†‚ñ†‚ñ†‚ñ†‚ñ†‚ñ†‚ñ†‚ñ†‚ñ†‚ñ†‚ñ†‚ñ†‚ñ†‚ñ†‚ñ†‚ñ†‚ñ†‚ñ†‚ñ†‚ñ†‚ñ†‚ñ†‚ñ†‚ñ†‚ñ†‚ñ†‚ñ†‚ñ†‚ñ†‚ñ†‚ñ†‚ñ†‚ñ†‚ñ†‚ñ†‚ñ†‚ñ†‚ñ†‚ñ†‚ñ†‚ñ†‚ñ†‚ñ†                        |  70% of 2.3 MiB
|‚ñ†‚ñ†‚ñ†‚ñ†‚ñ†‚ñ†‚ñ†‚ñ†‚ñ†‚ñ†‚ñ†‚ñ†‚ñ†‚ñ†‚ñ†‚ñ†‚ñ†‚ñ†‚ñ†‚ñ†‚ñ†‚ñ†‚ñ†‚ñ†‚ñ†‚ñ†‚ñ†‚ñ†‚ñ†‚ñ†‚ñ†‚ñ†‚ñ†‚ñ†‚ñ†‚ñ†‚ñ†‚ñ†‚ñ†‚ñ†‚ñ†‚ñ†‚ñ†‚ñ†‚ñ†‚ñ†‚ñ†‚ñ†‚ñ†‚ñ†‚ñ†‚ñ†‚ñ†‚ñ†‚ñ†‚ñ†‚ñ†‚ñ†‚ñ†‚ñ†‚ñ†‚ñ†‚ñ†‚ñ†                |  80% of 2.3 MiB
|‚ñ†‚ñ†‚ñ†‚ñ†‚ñ†‚ñ†‚ñ†‚ñ†‚ñ†‚ñ†‚ñ†‚ñ†‚ñ†‚ñ†‚ñ†‚ñ†‚ñ†‚ñ†‚ñ†‚ñ†‚ñ†‚ñ†‚ñ†‚ñ†‚ñ†‚ñ†‚ñ†‚ñ†‚ñ†‚ñ†‚ñ†‚ñ†‚ñ†‚ñ†‚ñ†‚ñ†‚ñ†‚ñ†‚ñ†‚ñ†‚ñ†‚ñ†‚ñ†‚ñ†‚ñ†‚ñ†‚ñ†‚ñ†‚ñ†‚ñ†‚ñ†‚ñ†‚ñ†‚ñ†‚ñ†‚ñ†‚ñ†‚ñ†‚ñ†‚ñ†‚ñ†‚ñ†‚ñ†‚ñ†‚ñ†‚ñ†‚ñ†‚ñ†‚ñ†‚ñ†‚ñ†‚ñ†        |  90% of 2.3 MiB
|‚ñ†‚ñ†‚ñ†‚ñ†‚ñ†‚ñ†‚ñ†‚ñ†‚ñ†‚ñ†‚ñ†‚ñ†‚ñ†‚ñ†‚ñ†‚ñ†‚ñ†‚ñ†‚ñ†‚ñ†‚ñ†‚ñ†‚ñ†‚ñ†‚ñ†‚ñ†‚ñ†‚ñ†‚ñ†‚ñ†‚ñ†‚ñ†‚ñ†‚ñ†‚ñ†‚ñ†‚ñ†‚ñ†‚ñ†‚ñ†‚ñ†‚ñ†‚ñ†‚ñ†‚ñ†‚ñ†‚ñ†‚ñ†‚ñ†‚ñ†‚ñ†‚ñ†‚ñ†‚ñ†‚ñ†‚ñ†‚ñ†‚ñ†‚ñ†‚ñ†‚ñ†‚ñ†‚ñ†‚ñ†‚ñ†‚ñ†‚ñ†‚ñ†‚ñ†‚ñ†‚ñ†‚ñ†‚ñ†‚ñ†‚ñ†‚ñ†‚ñ†‚ñ†‚ñ†‚ñ†| 100% of 2.3 MiB
FFMPEG playwright build v1011 downloaded to /root/.cache/ms-playwright/ffmpeg-1011
Downloading Chromium Headless Shell 136.0.7103.25 (playwright build v1169) from https://cdn.playwright.dev/dbazure/download/playwright/builds/chromium/1169/chromium-headless-shell-linux.zip
|                                                                                |   0% of 101.4 MiB
|‚ñ†‚ñ†‚ñ†‚ñ†‚ñ†‚ñ†‚ñ†‚ñ†                                                                        |  10% of 101.4 MiB
|‚ñ†‚ñ†‚ñ†‚ñ†‚ñ†‚ñ†‚ñ†‚ñ†‚ñ†‚ñ†‚ñ†‚ñ†‚ñ†‚ñ†‚ñ†‚ñ†                                                                |  20% of 101.4 MiB
|‚ñ†‚ñ†‚ñ†‚ñ†‚ñ†‚ñ†‚ñ†‚ñ†‚ñ†‚ñ†‚ñ†‚ñ†‚ñ†‚ñ†‚ñ†‚ñ†‚ñ†‚ñ†‚ñ†‚ñ†‚ñ†‚ñ†‚ñ†‚ñ†                                                        |  30% of 101.4 MiB
|‚ñ†‚ñ†‚ñ†‚ñ†‚ñ†‚ñ†‚ñ†‚ñ†‚ñ†‚ñ†‚ñ†‚ñ†‚ñ†‚ñ†‚ñ†‚ñ†‚ñ†‚ñ†‚ñ†‚ñ†‚ñ†‚ñ†‚ñ†‚ñ†‚ñ†‚ñ†‚ñ†‚ñ†‚ñ†‚ñ†‚ñ†‚ñ†                                                |  40% of 101.4 MiB
|‚ñ†‚ñ†‚ñ†‚ñ†‚ñ†‚ñ†‚ñ†‚ñ†‚ñ†‚ñ†‚ñ†‚ñ†‚ñ†‚ñ†‚ñ†‚ñ†‚ñ†‚ñ†‚ñ†‚ñ†‚ñ†‚ñ†‚ñ†‚ñ†‚ñ†‚ñ†‚ñ†‚ñ†‚ñ†‚ñ†‚ñ†‚ñ†‚ñ†‚ñ†‚ñ†‚ñ†‚ñ†‚ñ†‚ñ†‚ñ†                                        |  50% of 101.4 MiB
|‚ñ†‚ñ†‚ñ†‚ñ†‚ñ†‚ñ†‚ñ†‚ñ†‚ñ†‚ñ†‚ñ†‚ñ†‚ñ†‚ñ†‚ñ†‚ñ†‚ñ†‚ñ†‚ñ†‚ñ†‚ñ†‚ñ†‚ñ†‚ñ†‚ñ†‚ñ†‚ñ†‚ñ†‚ñ†‚ñ†‚ñ†‚ñ†‚ñ†‚ñ†‚ñ†‚ñ†‚ñ†‚ñ†‚ñ†‚ñ†‚ñ†‚ñ†‚ñ†‚ñ†‚ñ†‚ñ†‚ñ†‚ñ†                                |  60% of 101.4 MiB
|‚ñ†‚ñ†‚ñ†‚ñ†‚ñ†‚ñ†‚ñ†‚ñ†‚ñ†‚ñ†‚ñ†‚ñ†‚ñ†‚ñ†‚ñ†‚ñ†‚ñ†‚ñ†‚ñ†‚ñ†‚ñ†‚ñ†‚ñ†‚ñ†‚ñ†‚ñ†‚ñ†‚ñ†‚ñ†‚ñ†‚ñ†‚ñ†‚ñ†‚ñ†‚ñ†‚ñ†‚ñ†‚ñ†‚ñ†‚ñ†‚ñ†‚ñ†‚ñ†‚ñ†‚ñ†‚ñ†‚ñ†‚ñ†‚ñ†‚ñ†‚ñ†‚ñ†‚ñ†‚ñ†‚ñ†‚ñ†                        |  70% of 101.4 MiB
|‚ñ†‚ñ†‚ñ†‚ñ†‚ñ†‚ñ†‚ñ†‚ñ†‚ñ†‚ñ†‚ñ†‚ñ†‚ñ†‚ñ†‚ñ†‚ñ†‚ñ†‚ñ†‚ñ†‚ñ†‚ñ†‚ñ†‚ñ†‚ñ†‚ñ†‚ñ†‚ñ†‚ñ†‚ñ†‚ñ†‚ñ†‚ñ†‚ñ†‚ñ†‚ñ†‚ñ†‚ñ†‚ñ†‚ñ†‚ñ†‚ñ†‚ñ†‚ñ†‚ñ†‚ñ†‚ñ†‚ñ†‚ñ†‚ñ†‚ñ†‚ñ†‚ñ†‚ñ†‚ñ†‚ñ†‚ñ†‚ñ†‚ñ†‚ñ†‚ñ†‚ñ†‚ñ†‚ñ†‚ñ†                |  80% of 101.4 MiB
|‚ñ†‚ñ†‚ñ†‚ñ†‚ñ†‚ñ†‚ñ†‚ñ†‚ñ†‚ñ†‚ñ†‚ñ†‚ñ†‚ñ†‚ñ†‚ñ†‚ñ†‚ñ†‚ñ†‚ñ†‚ñ†‚ñ†‚ñ†‚ñ†‚ñ†‚ñ†‚ñ†‚ñ†‚ñ†‚ñ†‚ñ†‚ñ†‚ñ†‚ñ†‚ñ†‚ñ†‚ñ†‚ñ†‚ñ†‚ñ†‚ñ†‚ñ†‚ñ†‚ñ†‚ñ†‚ñ†‚ñ†‚ñ†‚ñ†‚ñ†‚ñ†‚ñ†‚ñ†‚ñ†‚ñ†‚ñ†‚ñ†‚ñ†‚ñ†‚ñ†‚ñ†‚ñ†‚ñ†‚ñ†‚ñ†‚ñ†‚ñ†‚ñ†‚ñ†‚ñ†‚ñ†‚ñ†        |  90% of 101.4 MiB
|‚ñ†‚ñ†‚ñ†‚ñ†‚ñ†‚ñ†‚ñ†‚ñ†‚ñ†‚ñ†‚ñ†‚ñ†‚ñ†‚ñ†‚ñ†‚ñ†‚ñ†‚ñ†‚ñ†‚ñ†‚ñ†‚ñ†‚ñ†‚ñ†‚ñ†‚ñ†‚ñ†‚ñ†‚ñ†‚ñ†‚ñ†‚ñ†‚ñ†‚ñ†‚ñ†‚ñ†‚ñ†‚ñ†‚ñ†‚ñ†‚ñ†‚ñ†‚ñ†‚ñ†‚ñ†‚ñ†‚ñ†‚ñ†‚ñ†‚ñ†‚ñ†‚ñ†‚ñ†‚ñ†‚ñ†‚ñ†‚ñ†‚ñ†‚ñ†‚ñ†‚ñ†‚ñ†‚ñ†‚ñ†‚ñ†‚ñ†‚ñ†‚ñ†‚ñ†‚ñ†‚ñ†‚ñ†‚ñ†‚ñ†‚ñ†‚ñ†‚ñ†‚ñ†‚ñ†‚ñ†| 100% of 101.4 MiB
Chromium Headless Shell 136.0.7103.25 (playwright build v1169) downloaded to /root/.cache/ms-playwright/chromium_headless_shell-1169
Playwright Host validation warning:
‚ïî‚ïê‚ïê‚ïê‚ïê‚ïê‚ïê‚ïê‚ïê‚ïê‚ïê‚ïê‚ïê‚ïê‚ïê‚ïê‚ïê‚ïê‚ïê‚ïê‚ïê‚ïê‚ïê‚ïê‚ïê‚ïê‚ïê‚ïê‚ïê‚ïê‚ïê‚ïê‚ïê‚ïê‚ïê‚ïê‚ïê‚ïê‚ïê‚ïê‚ïê‚ïê‚ïê‚ïê‚ïê‚ïê‚ïê‚ïê‚ïê‚ïê‚ïê‚ïê‚ïê‚ïê‚ïê‚ïó
‚ïë Host system is missing dependencies to run browsers. ‚ïë
‚ïë Please install them with the following command:      ‚ïë
‚ïë                                                      ‚ïë
‚ïë     npx playwright install-deps                      ‚ïë
‚ïë                                                      ‚ïë
‚ïë Alternatively, use apt:                              ‚ïë
‚ïë     apt-get install libcups2\                        ‚ïë
‚ïë         libpango-1.0-0\                              ‚ïë
‚ïë         libcairo2                                    ‚ïë
‚ïë                                                      ‚ïë
‚ïë <3 Playwright Team                                   ‚ïë
‚ïö‚ïê‚ïê‚ïê‚ïê‚ïê‚ïê‚ïê‚ïê‚ïê‚ïê‚ïê‚ïê‚ïê‚ïê‚ïê‚ïê‚ïê‚ïê‚ïê‚ïê‚ïê‚ïê‚ïê‚ïê‚ïê‚ïê‚ïê‚ïê‚ïê‚ïê‚ïê‚ïê‚ïê‚ïê‚ïê‚ïê‚ïê‚ïê‚ïê‚ïê‚ïê‚ïê‚ïê‚ïê‚ïê‚ïê‚ïê‚ïê‚ïê‚ïê‚ïê‚ïê‚ïê‚ïê‚ïù
    at validateDependenciesLinux (/app/node_modules/playwright-core/lib/server/registry/dependencies.js:269:9)
    at async Registry._validateHostRequirements (/app/node_modules/playwright-core/lib/server/registry/index.js:927:14)
    at async Registry._validateHostRequirementsForExecutableIfNeeded (/app/node_modules/playwright-core/lib/server/registry/index.js:1047:7)
    at async Registry.validateHostRequirementsForExecutablesIfNeeded (/app/node_modules/playwright-core/lib/server/registry/index.js:1036:7)
    at async t.<anonymous> (/app/node_modules/playwright-core/lib/cli/program.js:160:7)

Chromium: |‚ñà‚ñà‚ñà‚ñà‚ñà‚ñà‚ñà‚ñà‚ñà‚ñà‚ñà‚ñà‚ñà‚ñà‚ñà‚ñà‚ñà‚ñà‚ñà‚ñà          | 0/48 test files | 0 passed, 0 failed

Running tests...

Running 48 test files...


[2K[1A[2K[Gtest/attributes/hx-get.js:

 hx-get attribute [2m[Chromium][0m[0m[0m
   [32m‚úì[89m[0m[0m issues a GET request on click and swaps content
   [32m‚úì[89m[0m[0m GET does not include surrounding data by default
   [32m‚úì[89m[0m[0m GET on form includes its own data by default
   [32m‚úì[89m[0m[0m GET on form with existing parameters works properly
   [32m‚úì[89m[0m[0m GET on form with anchor works properly
   [32m‚úì[89m[0m[0m GET on form with anchor works properly and scrolls to anchor id
   [32m‚úì[89m[0m[0m issues a GET request on click and swaps content w/ data-* prefix
   [32m‚úì[89m[0m[0m does not include a cache-busting parameter when not enabled
   [32m‚úì[89m[0m[0m includes a cache-busting parameter when enabled w/ value "true" if no id on target
   [32m‚úì[89m[0m[0m includes a cache-busting parameter when enabled w/ the id of the target if there is one

test/attributes/hx-indicator.js:

 hx-indicator attribute [2m[Chromium][0m[0m[0m
   [32m‚úì[89m[0m[0m Indicator classes are properly put on element with no explicit indicator
   [32m‚úì[89m[0m[0m Indicator classes are properly put on element with explicit indicator
   [32m‚úì[89m[0m[0m Indicator classes are properly put on element with relative indicator
   [32m‚úì[89m[0m[0m Indicator classes are properly put on element with explicit indicator w/ data-* prefix
   [32m‚úì[89m[0m[0m allows closest syntax in hx-indicator
   [32m‚úì[89m[0m[0m is removed when initiating element is removed from the DOM
   [32m‚úì[89m[0m[0m allows this syntax in hx-indicator
   [32m‚úì[89m[0m[0m multiple requests with same indicator are handled properly
   [32m‚úì[89m[0m[0m `inherit` can be used to expand parent hx-indicator
   [32m‚úì[89m[0m[0m `inherit` can be used to expand multiple parents hx-indicator
   [32m‚úì[89m[0m[0m `inherit` chain breaks properly

test/attributes/hx-confirm.js:

 hx-confirm attribute [2m[Chromium][0m[0m[0m
   [32m‚úì[89m[0m[0m prompts using window.confirm when hx-confirm is set
   [32m‚úì[89m[0m[0m stops the request if confirm is cancelled
   [32m‚úì[89m[0m[0m uses the value of hx-confirm as the prompt
   [32m‚úì[89m[0m[0m should prompt when htmx:confirm handler calls issueRequest
   [32m‚úì[89m[0m[0m should include the question in htmx:confirm event
   [32m‚úì[89m[0m[0m should allow skipping built-in window.confirm when using issueRequest
   [32m‚úì[89m[0m[0m should allow htmx:confirm even when no hx-confirm is set

test/attributes/hx-history-elt.js:

 hx-history attribute [2m[Chromium][0m[0m[0m
   [32m‚úì[89m[0m[0m content of hx-history-elt is used during history replacment

test/attributes/hx-headers.js:

 hx-headers attribute [2m[Chromium][0m[0m[0m
   [32m‚úì[89m[0m[0m basic hx-headers works
   [32m‚úì[89m[0m[0m basic hx-headers works with braces
   [32m‚úì[89m[0m[0m multiple hx-headers works
   [32m‚úì[89m[0m[0m hx-headers can be on parents
   [32m‚úì[89m[0m[0m hx-headers can override parents
   [32m‚úì[89m[0m[0m hx-headers overrides inputs
   [32m‚úì[89m[0m[0m basic hx-headers javascript: works
   [32m‚úì[89m[0m[0m hx-headers works with braces
   [32m‚úì[89m[0m[0m multiple hx-headers works with javascript
   [32m‚úì[89m[0m[0m hx-headers can be on parents with javascript
   [32m‚úì[89m[0m[0m hx-headers can override parents with javascript
   [32m‚úì[89m[0m[0m hx-headers overrides inputs with javascript

test/attributes/hx-params.js:

 hx-params attribute [2m[Chromium][0m[0m[0m
   [32m‚úì[89m[0m[0m none excludes all params
   [32m‚úì[89m[0m[0m "*" includes all params
   [32m‚úì[89m[0m[0m named includes works
   [32m‚úì[89m[0m[0m named exclude works
   [32m‚úì[89m[0m[0m named exclude works  w/ data-* prefix

test/attributes/hx-post.js:

 hx-post attribute [2m[Chromium][0m[0m[0m
   [32m‚úì[89m[0m[0m issues a POST request with proper headers
   [32m‚úì[89m[0m[0m issues a POST request with proper headers  w/ data-* prefix


[2K[1A[2K[Gtest/attributes/hx-include.js:

 hx-include attribute [2m[Chromium][0m[0m[0m
   [32m‚úì[89m[0m[0m By default an input includes itself
   [32m‚úì[89m[0m[0m non-GET includes closest form
   [32m‚úì[89m[0m[0m non-GET includes closest form and overrides values included that exist outside the form
   [32m‚úì[89m[0m[0m GET does not include closest form by default
   [32m‚úì[89m[0m[0m Single input not included twice when in form
   [32m‚úì[89m[0m[0m Two inputs are included twice when they have the same name
   [32m‚úì[89m[0m[0m Two inputs are included twice when in form when they have the same name
   [32m‚úì[89m[0m[0m Input not included twice when it explicitly refers to parent form
   [32m‚úì[89m[0m[0m Input can be referred to externally
   [32m‚úì[89m[0m[0m Input can be referred to externally and then via a form then it will only be included once
   [32m‚úì[89m[0m[0m checkbox can be referred to externally
   [32m‚úì[89m[0m[0m files input can be referred to externally
   [32m‚úì[89m[0m[0m properly handles multiple select input referred to externally
   [32m‚úì[89m[0m[0m properly handles multiple select input referred to externally and then via a form then it will only be included once
   [32m‚úì[89m[0m[0m Two inputs can be referred to externally
   [32m‚úì[89m[0m[0m A form can be referred to externally
   [32m‚úì[89m[0m[0m By default an input includes itself w/ data-* prefix
   [32m‚úì[89m[0m[0m If the element is not includeable, its descendant inputs are included
   [32m‚úì[89m[0m[0m The `closest` modifier can be used in the hx-include selector
   [32m‚úì[89m[0m[0m The `this` modifier can be used in the hx-include selector
   [32m‚úì[89m[0m[0m Multiple extended selectors can be used in hx-include
   [32m‚úì[89m[0m[0m hx-include processes extended selector in between standard selectors
   [32m‚úì[89m[0m[0m hx-include processes nested standard selectors correctly
   [32m‚úì[89m[0m[0m hx-include processes wrapped next/previous selectors correctly
   [32m‚úì[89m[0m[0m hx-include processes wrapped closest selector correctly
   [32m‚úì[89m[0m[0m `inherit` can be used to expand parent hx-include
   [32m‚úì[89m[0m[0m `inherit` can be used to expand multiple parents hx-include
   [32m‚úì[89m[0m[0m `inherit` chain breaks properly
   [32m‚úì[89m[0m[0m `inherit` syntax regex properly catches keyword

test/attributes/hx-patch.js:

 hx-patch attribute [2m[Chromium][0m[0m[0m
   [32m‚úì[89m[0m[0m issues a PATCH request
   [32m‚úì[89m[0m[0m issues a PATCH request w/ data-* prefix

test/attributes/hx-history.js:

 hx-history attribute [2m[Chromium][0m[0m[0m
   [32m‚úì[89m[0m[0m history cache should not contain embargoed content

test/attributes/hx-replace-url.js:

 hx-replace-url attribute [2m[Chromium][0m[0m[0m
   [32m‚úì[89m[0m[0m navigation should replace an element into the cache when true
   [32m‚úì[89m[0m[0m should handle HX-Replace-Url response header


[2K[1A[2K[Gtest/attributes/hx-preserve.js:

 hx-preserve attribute [2m[Chromium][0m[0m[0m
   [32m‚úì[89m[0m[0m handles basic response properly
   [32m‚úì[89m[0m[0m handles preserved element that might not be existing
   [32m‚úì[89m[0m[0m preserved element should not be swapped if it lies outside of hx-select
   [32m‚úì[89m[0m[0m preserved element should not be swapped if it is part of a oob swap
   [32m‚úì[89m[0m[0m preserved element should not be swapped if it is part of a hx-select-oob swap
   [32m‚úì[89m[0m[0m preserved element should relocated unchanged if it is part of a oob swap targeting a different loction
   [32m‚úì[89m[0m[0m when moveBefore is disabled/missing preseved content is copied into fragment instead of pantry

test/attributes/hx-select-oob.js:

 hx-select-oob attribute [2m[Chromium][0m[0m[0m
   [32m‚úì[89m[0m[0m basic hx-select-oob works
   [32m‚úì[89m[0m[0m multiple hx-select-oobs works
   [32m‚úì[89m[0m[0m basic hx-select-oob ignores bad selector

test/attributes/hx-prompt.js:

 hx-prompt attribute [2m[Chromium][0m[0m[0m
   [32m‚úì[89m[0m[0m hx-prompt should set request header to prompt response
   [32m‚úì[89m[0m[0m hx-prompt that is cancled returns null and blocks the request

test/attributes/hx-select.js:

 BOOTSTRAP - htmx AJAX Tests [2m[Chromium][0m[0m[0m
   [32m‚úì[89m[0m[0m properly handles a partial of HTML
   [32m‚úì[89m[0m[0m properly handles a full HTML document
   [32m‚úì[89m[0m[0m properly handles a full HTML document  w/ data-* prefix

test/attributes/hx-put.js:

 hx-put attribute [2m[Chromium][0m[0m[0m
   [32m‚úì[89m[0m[0m issues a PUT request
   [32m‚úì[89m[0m[0m issues a PUT request w/ data-* prefix


[2K[1A[2K[Gtest/attributes/hx-boost.js:

 hx-boost attribute [2m[Chromium][0m[0m[0m
   [32m‚úì[89m[0m[0m handles basic anchor properly
   [32m‚úì[89m[0m[0m handles basic form post properly
   [32m‚úì[89m[0m[0m handles basic form post with button formaction properly
   [32m‚úì[89m[0m[0m handles basic form post with button formmethod properly
   [32m‚úì[89m[0m[0m handles basic form post properly w/ explicit action
   [32m‚úì[89m[0m[0m handles basic form get properly
   [32m‚úì[89m[0m[0m handles basic form with no explicit method property
   [32m‚úì[89m[0m[0m does not boost forms with method="dialog"
   [32m‚úì[89m[0m[0m handles basic anchor properly w/ data-* prefix
   [32m‚úì[89m[0m[0m overriding default swap style does not effect boosting
   [32m‚úì[89m[0m[0m anchors w/ explicit targets are not boosted
   [32m‚úì[89m[0m[0m includes an HX-Boosted Header
   [32m‚úì[89m[0m[0m form get w/ search params in action property excludes search params
   [32m‚úì[89m[0m[0m form post w/ query params in action property uses full url
   [32m‚úì[89m[0m[0m form get with an unset action properly submits
   [32m‚úì[89m[0m[0m form get with no action properly clears existing parameters on submit
   [32m‚úì[89m[0m[0m form get with an empty action properly clears existing parameters on submit
   [32m‚úì[89m[0m[0m ctrlKey mouse click does not boost

test/attributes/hx-request.js:

 hx-request attribute [2m[Chromium][0m[0m[0m
   [32m‚úì[89m[0m[0m basic hx-request timeout works
   [32m‚úì[89m[0m[0m hx-request header works

 üöß Browser logs:
      htmx:afterRequest
      htmx:timeout

test/attributes/hx-target.js:

 hx-target attribute [2m[Chromium][0m[0m[0m
   [32m‚úì[89m[0m[0m targets an adjacent element properly
   [32m‚úì[89m[0m[0m targets a parent element properly
   [32m‚úì[89m[0m[0m targets a `this` element properly
   [32m‚úì[89m[0m[0m targets a `closest` element properly
   [32m‚úì[89m[0m[0m targets a `closest` element properly w/ hyperscript syntax
   [32m‚úì[89m[0m[0m targets a `find` element properly
   [32m‚úì[89m[0m[0m targets a `find` element properly w/ hyperscript syntax
   [32m‚úì[89m[0m[0m targets an inner element properly
   [32m‚úì[89m[0m[0m targets an inner element properly w/ hyperscript syntax
   [32m‚úì[89m[0m[0m handles bad target gracefully
   [32m‚úì[89m[0m[0m targets an adjacent element properly w/ data-* prefix
   [32m‚úì[89m[0m[0m targets a `next` element properly
   [32m‚úì[89m[0m[0m targets a `next` element properly w/ hyperscript syntax
   [32m‚úì[89m[0m[0m targets a `previous` element properly
   [32m‚úì[89m[0m[0m targets a `previous` element properly w/ hyperscript syntax
   [32m‚úì[89m[0m[0m targets a `next` element properly without selector
   [32m‚úì[89m[0m[0m targets a `previous` element properly without selector

 üöß Browser logs:
      htmx:targetError


[2K[1A[2K[Gtest/attributes/hx-swap-oob.js:

 hx-swap-oob attribute [2m[Chromium][0m[0m[0m
   [32m‚úì[89m[0m[0m handles basic response properly with config {"allowNestedOobSwaps":true}
   [32m‚úì[89m[0m[0m handles basic response properly with config {"allowNestedOobSwaps":false}
   [32m‚úì[89m[0m[0m oob swap works when the response has a body tag with config {"allowNestedOobSwaps":true}
   [32m‚úì[89m[0m[0m oob swap works when the response has a body tag with config {"allowNestedOobSwaps":false}
   [32m‚úì[89m[0m[0m oob swap works when the response has html and body tags with config {"allowNestedOobSwaps":true}
   [32m‚úì[89m[0m[0m oob swap works when the response has html and body tags with config {"allowNestedOobSwaps":false}
   [32m‚úì[89m[0m[0m handles more than one oob swap properly with config {"allowNestedOobSwaps":true}
   [32m‚úì[89m[0m[0m handles more than one oob swap properly with config {"allowNestedOobSwaps":false}
   [32m‚úì[89m[0m[0m handles remvoing hx-swap-oob tag
   [32m‚úì[89m[0m[0m handles remvoing data-hx-swap-oob tag
   [31mêÑÇ[89m[0m[0m handles no id match properly
   [32m‚úì[89m[0m[0m handles basic response properly w/ data-* prefix
   [32m‚úì[89m[0m[0m handles outerHTML response properly
   [32m‚úì[89m[0m[0m handles innerHTML response properly
   [32m‚úì[89m[0m[0m oob swaps can be nested in content with config {"allowNestedOobSwaps": true}
   [32m‚úì[89m[0m[0m oob swaps in nested content are ignored and stripped with config {"allowNestedOobSwaps": false}
   [32m‚úì[89m[0m[0m oob swaps can use selectors to match up
   [32m‚úì[89m[0m[0m swaps into all targets that match the selector (innerHTML)
   [32m‚úì[89m[0m[0m swaps into all targets that match the selector (outerHTML)
   [32m‚úì[89m[0m[0m oob swap delete works properly
   [32m‚úì[89m[0m[0m oob swap removes templates used for oob encapsulation only properly
   [32m‚úì[89m[0m[0m oob swap keeps templates not used for oob swap encapsulation
   [31mêÑÇ[89m[0m[0m oob swap supports table row in fragment along other oob swap elements with config {"allowNestedOobSwaps":true}
   [31mêÑÇ[89m[0m[0m oob swap supports table row in fragment along other oob swap elements with config {"allowNestedOobSwaps":false}
   [32m‚úì[89m[0m[0m handles oob target in web components with both inside shadow root and config {"allowNestedOobSwaps":true}
   [32m‚úì[89m[0m[0m handles oob target in web components with both inside shadow root and config {"allowNestedOobSwaps":false}
   [32m‚úì[89m[0m[0m handles oob target in web components with main target outside web component config {"allowNestedOobSwaps":true}
   [32m‚úì[89m[0m[0m handles oob target in web components with main target outside web component config {"allowNestedOobSwaps":false}
   [32m‚úì[89m[0m[0m handles global oob target in web components with main target inside web component config {"allowNestedOobSwaps":true}
   [32m‚úì[89m[0m[0m handles global oob target in web components with main target inside web component config {"allowNestedOobSwaps":false}
   [2m-[0m[0m[0m triggers htmx:oobErrorNoTarget when no targets found
   [32m‚úì[89m[0m[0m handles elements with IDs containing special characters properly
   [32m‚úì[89m[0m[0m handles one swap into multiple elements with the same ID properly

 üöß Browser logs:
      htmx:oobErrorNoTarget

 ‚ùå hx-swap-oob attribute > handles no id match properly
      AssertionError: expected '' to equal 'Clicked'
      + expected - actual

      +Clicked

      at n.<anonymous> (test/attributes/hx-swap-oob.js:96:26)

 ‚ùå hx-swap-oob attribute > oob swap supports table row in fragment along other oob swap elements with config {"allowNestedOobSwaps":true}
      AssertionError: expected '' to equal 'Clicked'
      + expected - actual

      +Clicked

      at n.<anonymous> (test/attributes/hx-swap-oob.js:256:28)

 ‚ùå hx-swap-oob attribute > oob swap supports table row in fragment along other oob swap elements with config {"allowNestedOobSwaps":false}
      AssertionError: expected '' to equal 'Clicked'
      + expected - actual

      +Clicked

      at n.<anonymous> (test/attributes/hx-swap-oob.js:256:28)


[2K[1A[2K[Gtest/attributes/hx-inherit.js:

 hx-inherit attribute [2m[Chromium][0m[0m[0m
   [31mêÑÇ[89m[0m[0m can disable inheritance
   [31mêÑÇ[89m[0m[0m can enable inheritance for all
   [31mêÑÇ[89m[0m[0m can enable inheritance by name
   [31mêÑÇ[89m[0m[0m can enable inheritance by name (bad name, no inheritance)
   [32m‚úì[89m[0m[0m can enable inheritance by name with multiple attributes

 ‚ùå hx-inherit attribute > can disable inheritance
      AssertionError: expected '' to equal 'Test'
      + expected - actual

      +Test

      at n.<anonymous> (test/attributes/hx-inherit.js:22:26)

 ‚ùå hx-inherit attribute > can enable inheritance for all
      AssertionError: expected '' to equal 'Test'
      + expected - actual

      +Test

      at n.<anonymous> (test/attributes/hx-inherit.js:36:27)

 ‚ùå hx-inherit attribute > can enable inheritance by name
      AssertionError: expected '' to equal 'Test'
      + expected - actual

      +Test

      at n.<anonymous> (test/attributes/hx-inherit.js:50:27)

 ‚ùå hx-inherit attribute > can enable inheritance by name (bad name, no inheritance)
      AssertionError: expected '' to equal 'Test'
      + expected - actual

      +Test

      at n.<anonymous> (test/attributes/hx-inherit.js:63:26)

test/attributes/hx-ext.js:

 hx-ext attribute [2m[Chromium][0m[0m[0m
   [32m‚úì[89m[0m[0m A simple extension is invoked properly
   [32m‚úì[89m[0m[0m Extensions are merged properly
   [32m‚úì[89m[0m[0m supports comma separated lists
   [32m‚úì[89m[0m[0m A simple extension is invoked properly  w/ data-* prefix
   [32m‚úì[89m[0m[0m A simple extension is invoked properly when an HX-Trigger event w/ a namespace fires
   [32m‚úì[89m[0m[0m A simple extension is invoked properly for elements it specified in getSelectors
   [32m‚úì[89m[0m[0m Extensions are ignored properly
   [32m‚úì[89m[0m[0m oob swap via swap extension uses isInlineSwap correctly
   [32m‚úì[89m[0m[0m isInlineSwap/handleSwap handling catches, logs and ignores exceptions in extension code

 üöß Browser logs:
      Error: simulate exception handling in isInlineSwap
        at Object.isInlineSwap (test/attributes/hx-ext.js:29:44)
        at isInlineSwap (src/htmx.js:1438:23)
        at src/htmx.js:1480:16
        at forEach (src/htmx.js:750:9)
        at oobSwap (src/htmx.js:1473:7)
        at src/htmx.js:1853:11
        at forEach (src/htmx.js:750:9)
        at findAndSwapOobElements (src/htmx.js:1849:5)
        at doSwap (src/htmx.js:1927:9)
        at swap (src/htmx.js:2043:9)
      Error: simulate exception handling in handleSwap
        at Object.handleSwap (test/attributes/hx-ext.js:32:44)
        at swapWithStyle (src/htmx.js:1817:37)
        at src/htmx.js:1490:13
        at forEach (src/htmx.js:750:9)
        at oobSwap (src/htmx.js:1473:7)
        at src/htmx.js:1853:11
        at forEach (src/htmx.js:750:9)
        at findAndSwapOobElements (src/htmx.js:1849:5)
        at doSwap (src/htmx.js:1927:9)
        at swap (src/htmx.js:2043:9)

test/attributes/hx-disinherit.js:

 hx-disinherit attribute [2m[Chromium][0m[0m[0m
   [31mêÑÇ[89m[0m[0m basic inheritance sanity-check
   [31mêÑÇ[89m[0m[0m disinherit exclude single attribute
   [32m‚úì[89m[0m[0m disinherit exclude multiple attributes
   [32m‚úì[89m[0m[0m disinherit exclude all attributes
   [31mêÑÇ[89m[0m[0m same-element inheritance disable
   [31mêÑÇ[89m[0m[0m same-element inheritance disable with child nodes
   [32m‚úì[89m[0m[0m boosted element hx-disinherit sanity check
   [32m‚úì[89m[0m[0m boosted element inheritance manual unset
   [32m‚úì[89m[0m[0m nested htmx-node with boosting parent

 üöß Browser logs:
      <span id="cta" class=""><div id="unique"><div id="snowflake">Hello world</div></div></span>
      <div id="unique"><div id="snowflake">Hello world</div></div>

 ‚ùå hx-disinherit attribute > basic inheritance sanity-check
      AssertionError: expected '' to equal 'Hello world'
      + expected - actual

      +Hello world

      at n.<anonymous> (test/attributes/hx-disinherit.js:21:26)

 ‚ùå hx-disinherit attribute > disinherit exclude single attribute
      AssertionError: expected '' to equal 'Click Me!'
      + expected - actual

      +Click Me!

      at n.<anonymous> (test/attributes/hx-disinherit.js:35:40)

 ‚ùå hx-disinherit attribute > same-element inheritance disable
      AssertionError: expected '' to equal 'Hello world'
      + expected - actual

      +Hello world

      at n.<anonymous> (test/attributes/hx-disinherit.js:81:37)

 ‚ùå hx-disinherit attribute > same-element inheritance disable with child nodes
      AssertionError: expected '' to equal 'unique-snowflake'
      + expected - actual

      +unique-snowflake

      at n.<anonymous> (test/attributes/hx-disinherit.js:95:37)


[2K[1A[2K[Gtest/attributes/hx-on-wildcard.js:

 hx-on:* attribute [2m[Chromium][0m[0m[0m
   [32m‚úì[89m[0m[0m can handle basic events w/ no other attributes
   [32m‚úì[89m[0m[0m can use dashes rather than colons
   [31mêÑÇ[89m[0m[0m can modify a parameter via htmx:configRequest
   [31mêÑÇ[89m[0m[0m can modify a parameter via htmx:configRequest with dashes
   [31mêÑÇ[89m[0m[0m expands :: shorthand into htmx:
   [31mêÑÇ[89m[0m[0m expands -- shorthand into htmx:
   [31mêÑÇ[89m[0m[0m can cancel an event via preventDefault for htmx:config-request
   [31mêÑÇ[89m[0m[0m can respond to data-hx-on
   [31mêÑÇ[89m[0m[0m has the this symbol set to the element
   [31mêÑÇ[89m[0m[0m can handle multi-line JSON
   [31mêÑÇ[89m[0m[0m can handle multiple event handlers in the presence of multi-line JSON
   [32m‚úì[89m[0m[0m should fire when triggered by load
   [32m‚úì[89m[0m[0m should fire when triggered by revealed
   [32m‚úì[89m[0m[0m de-initializes hx-on-* content properly
   [32m‚úì[89m[0m[0m is not evaluated when allowEval is false
   [32m‚úì[89m[0m[0m can handle being swapped using innerHTML
   [32m‚úì[89m[0m[0m cleans up all handlers when the DOM updates

 üöß Browser logs:
      htmx:evalDisallowedError

 ‚ùå hx-on:* attribute > can modify a parameter via htmx:configRequest
      AssertionError: expected '' to equal 'bar'
      + expected - actual

      +bar

      at n.<anonymous> (test/attributes/hx-on-wildcard.js:33:26)

 ‚ùå hx-on:* attribute > can modify a parameter via htmx:configRequest with dashes
      AssertionError: expected '' to equal 'bar'
      + expected - actual

      +bar

      at n.<anonymous> (test/attributes/hx-on-wildcard.js:44:26)

 ‚ùå hx-on:* attribute > expands :: shorthand into htmx:
      AssertionError: expected '' to equal 'bar'
      + expected - actual

      +bar

      at n.<anonymous> (test/attributes/hx-on-wildcard.js:55:26)

 ‚ùå hx-on:* attribute > expands -- shorthand into htmx:
      AssertionError: expected '' to equal 'bar'
      + expected - actual

      +bar

      at n.<anonymous> (test/attributes/hx-on-wildcard.js:66:26)

 ‚ùå hx-on:* attribute > can cancel an event via preventDefault for htmx:config-request
      AssertionError: expected '' to equal 'Foo'
      + expected - actual

      +Foo

      at n.<anonymous> (test/attributes/hx-on-wildcard.js:76:26)

 ‚ùå hx-on:* attribute > can respond to data-hx-on
      AssertionError: expected '' to equal 'bar'
      + expected - actual

      +bar

      at n.<anonymous> (test/attributes/hx-on-wildcard.js:87:26)

 ‚ùå hx-on:* attribute > has the this symbol set to the element
      AssertionError: expected '' to equal 'foo'
      + expected - actual

      +foo

      at n.<anonymous> (test/attributes/hx-on-wildcard.js:97:26)

 ‚ùå hx-on:* attribute > can handle multi-line JSON
      AssertionError: expected '' to equal 'foo'
      + expected - actual

      +foo

      at n.<anonymous> (test/attributes/hx-on-wildcard.js:110:26)

 ‚ùå hx-on:* attribute > can handle multiple event handlers in the presence of multi-line JSON
      AssertionError: expected '' to equal 'foo'
      + expected - actual

      +foo

      at n.<anonymous> (test/attributes/hx-on-wildcard.js:126:26)

test/attributes/hx-push-url.js:

 hx-push-url attribute [2m[Chromium][0m[0m[0m
   [32m‚úì[89m[0m[0m navigation should push an element into the cache when true
   [32m‚úì[89m[0m[0m navigation should not push an element into the cache when false
   [32m‚úì[89m[0m[0m navigation should push an element into the cache when string
   [32m‚úì[89m[0m[0m restore should return old value
   [32m‚úì[89m[0m[0m history restore should not have htmx support classes in content
   [32m‚úì[89m[0m[0m cache should only store 10 entries
   [32m‚úì[89m[0m[0m cache miss should issue another GET
   [32m‚úì[89m[0m[0m cache miss should refresh when refreshOnHistoryMiss true
   [32m‚úì[89m[0m[0m navigation should push an element into the cache  w/ data-* prefix
   [32m‚úì[89m[0m[0m deals with malformed JSON in history cache when getting
   [32m‚úì[89m[0m[0m deals with malformed JSON in history cache when saving
   [32m‚úì[89m[0m[0m does not blow out cache when saving a URL twice
   [32m‚úì[89m[0m[0m setting history cache size to 0 clears cache
   [32m‚úì[89m[0m[0m history cache is LRU
   [32m‚úì[89m[0m[0m htmx:afterSettle is called when replacing outerHTML
   [32m‚úì[89m[0m[0m should include parameters on a get
   [32m‚úì[89m[0m[0m saveToHistoryCache should not throw
   [32m‚úì[89m[0m[0m when sessionStorage disabled history not saved fine
   [2m-[0m[0m[0m normalizePath falls back to no normalization if path not valid URL
   [32m‚úì[89m[0m[0m history cache clears out disabled attribute
   [32m‚úì[89m[0m[0m ensure cache-busting parameter not pushed to history url
   [32m‚úì[89m[0m[0m ensure history pushState called
   [32m‚úì[89m[0m[0m should handle HX-Push response header
   [32m‚úì[89m[0m[0m should handle HX-Push-Url response header
   [32m‚úì[89m[0m[0m should ignore HX-Push-Url=false response header
   [32m‚úì[89m[0m[0m pushing url without anchor will retain the page anchor tag

 üöß Browser logs:
      SyntaxError: Unexpected token 'I', "Invalid JSON" is not valid JSON
        at JSON.parse (<anonymous>)
        at parseJSON (src/htmx.js:811:19)
        at getCachedHistory (src/htmx.js:3209:26)
        at n.<anonymous> (test/attributes/hx-push-url.js:161:45)
      SyntaxError: Unexpected token 'I', "Invalid JSON" is not valid JSON
        at JSON.parse (<anonymous>)
        at parseJSON (src/htmx.js:811:19)
        at saveToHistoryCache (src/htmx.js:3160:26)
        at n.<anonymous> (test/attributes/hx-push-url.js:167:33)
      htmx:historyCacheError

test/attributes/hx-sync.js:

 hx-sync attribute [2m[Chromium][0m[0m[0m
   [32m‚úì[89m[0m[0m can use drop strategy
   [32m‚úì[89m[0m[0m defaults to the drop strategy
   [32m‚úì[89m[0m[0m can use replace strategy
   [32m‚úì[89m[0m[0m can use queue all strategy
   [32m‚úì[89m[0m[0m can use queue last strategy
   [32m‚úì[89m[0m[0m can use queue first strategy
   [32m‚úì[89m[0m[0m can use abort strategy to end existing abortable request
   [32m‚úì[89m[0m[0m can use abort strategy to drop abortable request when one is in flight
   [32m‚úì[89m[0m[0m can abort a request programmatically

 üöß Browser logs:
      htmx:afterRequest
      htmx:sendAbort
      htmx:afterRequest
      htmx:sendAbort
      htmx:afterRequest
      htmx:sendAbort

test/attributes/hx-disabled-elt.js:

 hx-disabled-elt attribute [2m[Chromium][0m[0m[0m
   [32m‚úì[89m[0m[0m single element can be disabled w/ hx-disabled elts
   [32m‚úì[89m[0m[0m single element can be disabled w/ data-hx-disabled elts
   [32m‚úì[89m[0m[0m single element can be disabled w/ closest syntax
   [32m‚úì[89m[0m[0m multiple requests with same disabled elt are handled properly
   [32m‚úì[89m[0m[0m multiple elts can be disabled
   [32m‚úì[89m[0m[0m load trigger does not prevent disabled element working
   [32m‚úì[89m[0m[0m hx-disabled-elt supports multiple extended selectors
   [32m‚úì[89m[0m[0m closest/find/next/previous handle nothing to find without exception

 üöß Browser logs:
      The selector "closest input" on hx-disabled-elt returned no matches!
      The selector "find input" on hx-disabled-elt returned no matches!
      The selector "next input" on hx-disabled-elt returned no matches!
      The selector "previous input" on hx-disabled-elt returned no matches!


[2K[1A[2K[Gtest/attributes/hx-vars.js:

 hx-vars attribute [2m[Chromium][0m[0m[0m
   [32m‚úì[89m[0m[0m basic hx-vars works
   [32m‚úì[89m[0m[0m hx-vars works with braces
   [32m‚úì[89m[0m[0m multiple hx-vars works
   [32m‚úì[89m[0m[0m hx-vars can be on parents
   [32m‚úì[89m[0m[0m hx-vars can override parents
   [32m‚úì[89m[0m[0m hx-vars overrides inputs
   [32m‚úì[89m[0m[0m basic hx-vars can be unset
   [32m‚úì[89m[0m[0m basic hx-vars with braces can be unset
   [32m‚úì[89m[0m[0m multiple hx-vars can be unset
   [32m‚úì[89m[0m[0m unsetting hx-vars maintains input values
   [32m‚úì[89m[0m[0m is not evaluated when allowEval is false

 üöß Browser logs:
      htmx:evalDisallowedError

test/attributes/hx-vals.js:

 hx-vals attribute [2m[Chromium][0m[0m[0m
   [32m‚úì[89m[0m[0m basic hx-vals works
   [32m‚úì[89m[0m[0m basic hx-vals works with braces
   [32m‚úì[89m[0m[0m multiple hx-vals works
   [32m‚úì[89m[0m[0m Dynamic hx-vals using spread operator works
   [32m‚úì[89m[0m[0m hx-vals can be on parents
   [32m‚úì[89m[0m[0m hx-vals can override parents
   [32m‚úì[89m[0m[0m hx-vals overrides inputs
   [32m‚úì[89m[0m[0m hx-vals overrides hx-vars
   [32m‚úì[89m[0m[0m basic hx-vals javascript: works
   [32m‚úì[89m[0m[0m hx-vals works with braces
   [32m‚úì[89m[0m[0m multiple hx-vals works with javascript
   [32m‚úì[89m[0m[0m hx-vals can be on parents with javascript
   [32m‚úì[89m[0m[0m hx-vals can override parents with javascript
   [32m‚úì[89m[0m[0m hx-vals overrides inputs with javascript
   [32m‚úì[89m[0m[0m hx-vals treats objects as JSON
   [32m‚úì[89m[0m[0m basic hx-vals can be unset
   [32m‚úì[89m[0m[0m basic hx-vals with braces can be unset
   [32m‚úì[89m[0m[0m multiple hx-vals can be unset
   [32m‚úì[89m[0m[0m unsetting hx-vals maintains input values
   [32m‚úì[89m[0m[0m javascript: is not evaluated when allowEval is false
   [32m‚úì[89m[0m[0m js: is not evaluated when allowEval is false
   [32m‚úì[89m[0m[0m using js: with hx-vals has event available
   [32m‚úì[89m[0m[0m using js: with hx-vals has event available when used with a delay
   [32m‚úì[89m[0m[0m hx-vals works with null values
   [32m‚úì[89m[0m[0m hx-vals works with object values
   [32m‚úì[89m[0m[0m js: this refers to the element with the hx-vals attribute

 üöß Browser logs:
      htmx:evalDisallowedError
      htmx:evalDisallowedError


[2K[1A[2K[Gtest/attributes/hx-delete.js:

 hx-delete attribute [2m[Chromium][0m[0m[0m
   [32m‚úì[89m[0m[0m issues a DELETE request
   [32m‚úì[89m[0m[0m issues a DELETE request w/ data-* prefix


[2K[1A[2K[Gtest/attributes/hx-trigger.js:

 hx-trigger attribute [2m[Chromium][0m[0m[0m
   [32m‚úì[89m[0m[0m non-default value works
   [32m‚úì[89m[0m[0m changed modifier works
   [32m‚úì[89m[0m[0m changed modifier works along from clause with single input
   [32m‚úì[89m[0m[0m changed modifier works along from clause with two inputs
   [32m‚úì[89m[0m[0m changed modifier counts each triggerspec separately
   [32m‚úì[89m[0m[0m separate changed modifier works along from clause with two inputs
   [32m‚úì[89m[0m[0m once modifier works
   [32m‚úì[89m[0m[0m once modifier works with multiple triggers
   [32m‚úì[89m[0m[0m polling works
   [32m‚úì[89m[0m[0m non-default value works w/ data-* prefix
   [32m‚úì[89m[0m[0m works with multiple events
   [32m‚úì[89m[0m[0m parses spec strings
   [32m‚úì[89m[0m[0m sets default trigger for forms
   [32m‚úì[89m[0m[0m sets default trigger for form elements
   [32m‚úì[89m[0m[0m filters properly with false filter spec
   [32m‚úì[89m[0m[0m filters properly with true filter spec
   [32m‚úì[89m[0m[0m filters properly compound filter spec
   [32m‚úì[89m[0m[0m can refer to target element in condition
   [32m‚úì[89m[0m[0m can refer to target element in condition w/ equality
   [32m‚úì[89m[0m[0m negative condition
   [32m‚úì[89m[0m[0m global function call works
   [32m‚úì[89m[0m[0m global property event filter works
   [32m‚úì[89m[0m[0m global variable filter works
   [32m‚úì[89m[0m[0m can filter polling
   [32m‚úì[89m[0m[0m bad condition issues error
   [32m‚úì[89m[0m[0m filters properly with true for empty condition
   [32m‚úì[89m[0m[0m syntax error in condition issues error
   [32m‚úì[89m[0m[0m filters properly with condition containing square backets
   [32m‚úì[89m[0m[0m from clause works
   [32m‚úì[89m[0m[0m from clause works with body selector
   [32m‚úì[89m[0m[0m from clause works with document selector
   [32m‚úì[89m[0m[0m from clause works with window selector
   [32m‚úì[89m[0m[0m from clause works with closest clause
   [32m‚úì[89m[0m[0m from clause works with find clause
   [32m‚úì[89m[0m[0m from clause works with next
   [32m‚úì[89m[0m[0m from clause works with previous
   [32m‚úì[89m[0m[0m event listeners on other elements are removed when an element is swapped out
   [32m‚úì[89m[0m[0m multiple triggers with from clauses mixed in work
   [32m‚úì[89m[0m[0m from clause works with multiple extended selectors
   [32m‚úì[89m[0m[0m event listeners can filter on target
   [31mêÑÇ[89m[0m[0m consume prevents event propagation
   [31mêÑÇ[89m[0m[0m throttle prevents multiple requests from happening
   [31mêÑÇ[89m[0m[0m A throttle of 0 does not prevent multiple requests from happening
   [31mêÑÇ[89m[0m[0m delay delays the request
   [31mêÑÇ[89m[0m[0m A 0 delay does not delay the request
   [31mêÑÇ[89m[0m[0m requests are queued with last one winning by default
   [31mêÑÇ[89m[0m[0m queue:all queues all requests
   [31mêÑÇ[89m[0m[0m queue:first queues first request
   [31mêÑÇ[89m[0m[0m queue:none queues no requests
   [32m‚úì[89m[0m[0m load event works w/ positive filters
   [32m‚úì[89m[0m[0m load event works w/ negative filters
   [32m‚úì[89m[0m[0m reveal event works on two elements
   [32m‚úì[89m[0m[0m scrolling triggers revealed event
   [32m‚úì[89m[0m[0m scrolling triggers intersect event
   [32m‚úì[89m[0m[0m triggering revealed while component not yet inited still works
   [32m‚úì[89m[0m[0m reveal event works when triggered by window
   [32m‚úì[89m[0m[0m revealed can be paired w/ other events
   [32m‚úì[89m[0m[0m revealed doesnt cause other events to trigger
   [32m‚úì[89m[0m[0m fires the htmx:trigger event when an AJAX attribute is specified
   [32m‚úì[89m[0m[0m fires the htmx:trigger event when no AJAX attribute is specified
   [32m‚úì[89m[0m[0m fires the htmx:trigger event for delayed triggers
   [31mêÑÇ[89m[0m[0m fires the htmx:trigger event when the trigger is a load
   [32m‚úì[89m[0m[0m filters support "this" reference to the current element
   [32m‚úì[89m[0m[0m correctly handles CSS descendant combinators
   [32m‚úì[89m[0m[0m correctly handles CSS descendant combinators in modifier target
   [32m‚úì[89m[0m[0m correctly handles CSS descendant combinators in modifier root
   [32m‚úì[89m[0m[0m correctly handles intersect with modifier threshold
   [32m‚úì[89m[0m[0m issues error with invalid trigger spec
   [32m‚úì[89m[0m[0m uses trigger specs cache if defined
   [32m‚úì[89m[0m[0m correctly reuses trigger specs from the cache if defined
   [32m‚úì[89m[0m[0m handles spaces at the end of trigger specs
   [32m‚úì[89m[0m[0m Removing polling trigger and processing node removes timeout

 üöß Browser logs:
      htmx:syntax:error
      htmx:syntax:error
      htmx:syntax:error
      htmx:syntax:error
      TypeError: Cannot read properties of undefined (reading 'b')
        at HTMLDivElement.eval (eval at <anonymous> (src/htmx.js:2165:24)
        at maybeFilterEvent (src/htmx.js:2469:28)
        at HTMLDivElement.eventListener (src/htmx.js:2521:13)
        at n.<anonymous> (test/attributes/hx-trigger.js:490:11)
       return (function(event){ return (((event.a) ? (event.a) : (window.a)).b)})
      SyntaxError: Unexpected token ')'
        at Function (<anonymous>)
        at src/htmx.js:2165:24
        at maybeEval (src/htmx.js:3946:14)
        at maybeGenerateConditional (src/htmx.js:2164:41)
        at parseAndCacheTrigger (src/htmx.js:2248:29)
        at getTriggerSpecs (src/htmx.js:2323:59)
        at initNode (src/htmx.js:2937:26)
        at forEach (src/htmx.js:750:9)
        at Object.processNode [as process] (src/htmx.js:3011:5)
        at makeFn (test/util/util.js:22:12)
       return (function(event){ return ({)})
      {
        name: [32m'AssertionError'[39m,
        message: [32m"expected '' to equal 'Requests: 1'"[39m,
        showDiff: [33mtrue[39m,
        actual: [32m''[39m,
        expected: [32m'Requests: 1'[39m,
        operator: [32m'strictEqual'[39m,
        stack: [32m"AssertionError: expected '' to equal 'Requests: 1'\n"[39m +
          [32m'    at http://localhost:8000/test/attributes/hx-trigger.js?wtr-session-id=_fJAbyK-l5gL4qSJEVN9B:864:28'[39m
      }
      htmx:syntax:error
      htmx:syntax:error
      htmx:syntax:error
      [90mundefined[39m

 ‚ùå hx-trigger attribute > consume prevents event propagation
      AssertionError: expected '' to equal 'bar'
      + expected - actual

      +bar

      at n.<anonymous> (test/attributes/hx-trigger.js:767:33)

 ‚ùå hx-trigger attribute > throttle prevents multiple requests from happening
      AssertionError: expected '' to equal 'Requests: 1'
      + expected - actual

      +Requests: 1

      at n.<anonymous> (test/attributes/hx-trigger.js:793:26)

 ‚ùå hx-trigger attribute > A throttle of 0 does not prevent multiple requests from happening
      AssertionError: expected '' to equal 'Requests: 1'
      + expected - actual

      +Requests: 1

      at n.<anonymous> (test/attributes/hx-trigger.js:822:26)

 ‚ùå hx-trigger attribute > delay delays the request
      Error: Uncaught AssertionError: expected '' to equal 'Requests: 1' (http://localhost:8000/node_modules/chai/chai.js:253)
        at D.onerror (node_modules/@web/test-runner-mocha/dist/autorun.js:1:258618)

 ‚ùå hx-trigger attribute > A 0 delay does not delay the request
      AssertionError: expected '' to equal 'Requests: 1'
      + expected - actual

      +Requests: 1

      at n.<anonymous> (test/attributes/hx-trigger.js:887:26)

 ‚ùå hx-trigger attribute > requests are queued with last one winning by default
      AssertionError: expected '' to equal 'Requests: 1'
      + expected - actual

      +Requests: 1

      at n.<anonymous> (test/attributes/hx-trigger.js:918:26)

 ‚ùå hx-trigger attribute > queue:all queues all requests
      AssertionError: expected '' to equal 'Requests: 1'
      + expected - actual

      +Requests: 1

      at n.<anonymous> (test/attributes/hx-trigger.js:941:26)

 ‚ùå hx-trigger attribute > queue:first queues first request
      AssertionError: expected '' to equal 'Requests: 1'
      + expected - actual

      +Requests: 1

      at n.<anonymous> (test/attributes/hx-trigger.js:964:26)

 ‚ùå hx-trigger attribute > queue:none queues no requests
      AssertionError: expected '' to equal 'Requests: 1'
      + expected - actual

      +Requests: 1

      at n.<anonymous> (test/attributes/hx-trigger.js:987:26)

 ‚ùå hx-trigger attribute > fires the htmx:trigger event when the trigger is a load
      AssertionError: expected '' to equal 'Response'
      + expected - actual

      +Response

      at n.<anonymous> (test/attributes/hx-trigger.js:1172:31)


[2K[1A[2K[Gtest/core/api.js:

 Core htmx API test [2m[Chromium][0m[0m[0m
   [32m‚úì[89m[0m[0m should find properly
   [32m‚úì[89m[0m[0m should find properly from elt
   [32m‚úì[89m[0m[0m should find all properly
   [32m‚úì[89m[0m[0m should find all properly from elt
   [32m‚úì[89m[0m[0m should find closest element properly
   [32m‚úì[89m[0m[0m should remove element properly
   [32m‚úì[89m[0m[0m remove element with delay properly
   [32m‚úì[89m[0m[0m should remove element properly w/ selector
   [32m‚úì[89m[0m[0m should add class properly
   [32m‚úì[89m[0m[0m should add class properly w/ selector
   [32m‚úì[89m[0m[0m should add class properly after delay
   [32m‚úì[89m[0m[0m should remove class properly
   [32m‚úì[89m[0m[0m should not error if you remove class from invalid element
   [32m‚úì[89m[0m[0m should remove class properly w/ selector
   [32m‚úì[89m[0m[0m should remove class properly after delay
   [32m‚úì[89m[0m[0m should toggle class properly
   [32m‚úì[89m[0m[0m should toggle class properly w/ selector
   [32m‚úì[89m[0m[0m should take class properly
   [32m‚úì[89m[0m[0m should take class properly w/ selector
   [32m‚úì[89m[0m[0m eval can be suppressed
   [32m‚úì[89m[0m[0m ajax api works
   [32m‚úì[89m[0m[0m ajax api works by ID
   [32m‚úì[89m[0m[0m ajax api does not fall back to body when target invalid
   [32m‚úì[89m[0m[0m ajax api fails when target invalid
   [32m‚úì[89m[0m[0m ajax api fails when target invalid even if source set
   [32m‚úì[89m[0m[0m ajax api fails when source invalid and no target set
   [32m‚úì[89m[0m[0m ajax api falls back to targeting source if target not set
   [32m‚úì[89m[0m[0m ajax api works with swapSpec
   [32m‚úì[89m[0m[0m ajax api works with select
   [32m‚úì[89m[0m[0m ajax api works with Hx-Select overrides select
   [32m‚úì[89m[0m[0m ajax returns a promise
   [32m‚úì[89m[0m[0m ajax api can pass parameters
   [32m‚úì[89m[0m[0m ajax api Content-Type header is application/x-www-form-urlencoded
   [32m‚úì[89m[0m[0m ajax api Content-Type header override to application/json
   [32m‚úì[89m[0m[0m can re-init with new attributes
   [32m‚úì[89m[0m[0m does not trigger load on re-init of an existing element
   [32m‚úì[89m[0m[0m onLoad is called... onLoad
   [32m‚úì[89m[0m[0m triggers properly
   [32m‚úì[89m[0m[0m triggers properly w/ selector
   [32m‚úì[89m[0m[0m triggers with no details properly
   [32m‚úì[89m[0m[0m swaps content properly (basic)
   [31mêÑÇ[89m[0m[0m swap works with a swap delay
   [31mêÑÇ[89m[0m[0m swap works with a view transition
   [32m‚úì[89m[0m[0m swaps content properly (with select)
   [32m‚úì[89m[0m[0m swaps content properly (with oob)
   [32m‚úì[89m[0m[0m swaps content properly (with select oob)
   [32m‚úì[89m[0m[0m swap delete works when parent is removed
   [32m‚úì[89m[0m[0m swap outerHTML works when parent is removed
   [32m‚úì[89m[0m[0m values api returns formDataProxy with correct form data even if clicked button removed
   [32m‚úì[89m[0m[0m tests for formDataProxy array updating and testing for loc coverage
   [32m‚úì[89m[0m[0m logAll() and logNone() run without error
   [32m‚úì[89m[0m[0m querySelectorExt internal extension api works with just string
   [32m‚úì[89m[0m[0m ajax api with no context works
   [32m‚úì[89m[0m[0m ajax api with can pass in custom handler and handle if it throws error
   [32m‚úì[89m[0m[0m process api can process non elements fine

 üöß Browser logs:
      htmx:evalDisallowedError
      htmx:targetError
      htmx:targetError
      An error was thrown in a Promise outside a test. Did you forget to await a function or assertion?
      [90mundefined[39m
      htmx:targetError
      htmx:targetError
      {
        name: [32m'AssertionError'[39m,
        message: [32m"expected '' to equal 'jsswapped'"[39m,
        showDiff: [33mtrue[39m,
        actual: [32m''[39m,
        expected: [32m'jsswapped'[39m,
        operator: [32m'strictEqual'[39m,
        stack: [32m"AssertionError: expected '' to equal 'jsswapped'\n"[39m +
          [32m'    at http://localhost:8000/test/core/api.js?wtr-session-id=JYlM8Hn8LwbmOrPZO3h7o:492:28'[39m
      }
      {
        name: [32m'AssertionError'[39m,
        message: [32m"expected '' to equal 'jsswapped'"[39m,
        showDiff: [33mtrue[39m,
        actual: [32m''[39m,
        expected: [32m'jsswapped'[39m,
        operator: [32m'strictEqual'[39m,
        stack: [32m"AssertionError: expected '' to equal 'jsswapped'\n"[39m +
          [32m'    at http://localhost:8000/test/core/api.js?wtr-session-id=JYlM8Hn8LwbmOrPZO3h7o:504:30'[39m
      }
      test-event HTMLDivElement: <div id="d1"></div> { elt: [32m'HTMLDivElement: <div id="d1"></div>'[39m }
      Error: throw
        at handler (test/core/api.js:638:63)
        at xhr.onload (src/htmx.js:4548:9)
        at FakeXMLHttpRequest.<anonymous> (node_modules/sinon/pkg/node_modules/nise/lib/fake-xhr/index.js:77:0)
        at node_modules/sinon/pkg/node_modules/nise/lib/event/event-target.js:112:0
        at Array.forEach (<anonymous>)
        at FakeXMLHttpRequest.dispatchEvent (node_modules/sinon/pkg/node_modules/nise/lib/event/event-target.js:109:0)
        at FakeXMLHttpRequest.readyStateChange (node_modules/sinon/pkg/node_modules/nise/lib/fake-xhr/index.js:553:0)
        at FakeXMLHttpRequest.setResponseBody (node_modules/sinon/pkg/node_modules/nise/lib/fake-xhr/index.js:796:0)
        at FakeXMLHttpRequest.respond (node_modules/sinon/pkg/node_modules/nise/lib/fake-xhr/index.js:802:0)
        at Object.response (test/core/api.js:634:11)
      Error: throw
        at handler (test/core/api.js:647:63)
        at xhr.onload (src/htmx.js:4548:9)
        at FakeXMLHttpRequest.<anonymous> (node_modules/sinon/pkg/node_modules/nise/lib/fake-xhr/index.js:77:0)
        at node_modules/sinon/pkg/node_modules/nise/lib/event/event-target.js:112:0
        at Array.forEach (<anonymous>)
        at FakeXMLHttpRequest.dispatchEvent (node_modules/sinon/pkg/node_modules/nise/lib/event/event-target.js:109:0)
        at FakeXMLHttpRequest.readyStateChange (node_modules/sinon/pkg/node_modules/nise/lib/fake-xhr/index.js:553:0)
        at FakeXMLHttpRequest.setResponseBody (node_modules/sinon/pkg/node_modules/nise/lib/fake-xhr/index.js:796:0)
        at FakeXMLHttpRequest.respond (node_modules/sinon/pkg/node_modules/nise/lib/fake-xhr/index.js:802:0)
        at Object.response (test/core/api.js:634:11)

 ‚ùå Core htmx API test > swap works with a swap delay
      Error: Uncaught AssertionError: expected '' to equal 'jsswapped' (http://localhost:8000/node_modules/chai/chai.js:253)
        at D.onerror (node_modules/@web/test-runner-mocha/dist/autorun.js:1:258618)

 ‚ùå Core htmx API test > swap works with a view transition
      Error: Uncaught AssertionError: expected '' to equal 'jsswapped' (http://localhost:8000/node_modules/chai/chai.js:253)
        at D.onerror (node_modules/@web/test-runner-mocha/dist/autorun.js:1:258618)


[2K[1A[2K[Gtest/core/internals.js:

 Core htmx internals Tests [2m[Chromium][0m[0m[0m
   [32m‚úì[89m[0m[0m makeFragment works with janky stuff
   [32m‚úì[89m[0m[0m makeFragment works with template wrapping
   [32m‚úì[89m[0m[0m makeFragment works with template wrapping and funky combos
   [32m‚úì[89m[0m[0m set header works with non-ASCII values
   [32m‚úì[89m[0m[0m handles parseInterval correctly
   [32m‚úì[89m[0m[0m tokenizes correctly
   [32m‚úì[89m[0m[0m tags respond correctly to shouldCancel
   [32m‚úì[89m[0m[0m unset properly unsets a given attribute
   [32m‚úì[89m[0m[0m unset properly unsets a given attribute on a parent
   [32m‚úì[89m[0m[0m unset does not unset a value below it in the hierarchy
   [32m‚úì[89m[0m[0m encoding values respects enctype on forms
   [32m‚úì[89m[0m[0m Calling onpopstate to trigger backup and restore of page triggers htmx:restored event
   [32m‚úì[89m[0m[0m scroll position is restored from history restore
   [32m‚úì[89m[0m[0m calling onpopstate with no htmx state not true calls original popstate
   [32m‚úì[89m[0m[0m getPathFromResponse returns paths when valid
   [32m‚úì[89m[0m[0m appendParam can process objects
   [32m‚úì[89m[0m[0m handleTitle falls back to setting document.title when no title head element
   [32m‚úì[89m[0m[0m without meta config getMetaConfig returns null
   [32m‚úì[89m[0m[0m internalAPI settleImmediately completes settle tasks

 üöß Browser logs:
      htmx:badResponseUrl

test/core/perf.js:

 Core htmx perf Tests [2m[Chromium][0m[0m[0m
   [32m‚úì[89m[0m[0m history implementation should be fast
   [32m‚úì[89m[0m[0m history snapshot cleaning should be fast

test/core/headers.js:

 Core htmx AJAX headers [2m[Chromium][0m[0m[0m
   [32m‚úì[89m[0m[0m should include the HX-Request header
   [32m‚úì[89m[0m[0m should include the HX-Trigger header
   [32m‚úì[89m[0m[0m should include the HX-Trigger-Name header
   [32m‚úì[89m[0m[0m should include the HX-Target header
   [32m‚úì[89m[0m[0m should handle simple string HX-Trigger response header properly
   [32m‚úì[89m[0m[0m should handle dot path HX-Trigger response header properly
   [32m‚úì[89m[0m[0m should handle simple string HX-Trigger response header in different case properly
   [32m‚úì[89m[0m[0m should handle a namespaced HX-Trigger response header properly
   [32m‚úì[89m[0m[0m should handle basic JSON HX-Trigger response header properly
   [32m‚úì[89m[0m[0m should handle JSON with array arg HX-Trigger response header properly
   [32m‚úì[89m[0m[0m should handle JSON with object arg HX-Trigger response header properly
   [32m‚úì[89m[0m[0m should handle JSON with target array arg HX-Trigger response header properly
   [32m‚úì[89m[0m[0m should survive malformed JSON in HX-Trigger response header
   [32m‚úì[89m[0m[0m should handle simple string HX-Trigger response header properly w/ outerHTML swap
   [32m‚úì[89m[0m[0m should handle simple comma separated list HX-Trigger response header properly
   [32m‚úì[89m[0m[0m should handle simple comma separated list without space HX-Trigger response header properly
   [32m‚úì[89m[0m[0m should handle dot path in comma separated list HX-Trigger response header properly
   [32m‚úì[89m[0m[0m should handle a namespaced comma separated list HX-Trigger response header properly
   [32m‚úì[89m[0m[0m should handle HX-Retarget
   [32m‚úì[89m[0m[0m should handle HX-Retarget override back to this
   [32m‚úì[89m[0m[0m should handle report target:error when HX-Retarget invalid
   [32m‚úì[89m[0m[0m should handle HX-Reswap
   [32m‚úì[89m[0m[0m should handle HX-Reselect
   [32m‚úì[89m[0m[0m should handle HX-Reselect unset
   [32m‚úì[89m[0m[0m should handle simple string HX-Trigger-After-Swap response header properly w/ outerHTML swap
   [32m‚úì[89m[0m[0m should handle simple comma separated list HX-Trigger-After-Swap response header properly w/ outerHTML swap
   [32m‚úì[89m[0m[0m should handle simple string HX-Trigger-After-Settle response header properly w/ outerHTML swap
   [32m‚úì[89m[0m[0m should handle simple comma separated list HX-Trigger-After-Settle response header properly w/ outerHTML swap
   [32m‚úì[89m[0m[0m should change body content on HX-Location
   [32m‚úì[89m[0m[0m should refresh page on HX-Refresh
   [32m‚úì[89m[0m[0m should update location.href on HX-Redirect
   [32m‚úì[89m[0m[0m request to restore history should include the HX-Request header when historyRestoreAsHxRequest true
   [32m‚úì[89m[0m[0m request to restore history should not include the HX-Request header when historyRestoreAsHxRequest false
   [32m‚úì[89m[0m[0m request history from server with error status code throws error event
   [32m‚úì[89m[0m[0m request to restore history should include the HX-History-Restore-Request header
   [32m‚úì[89m[0m[0m request to restore history should include the HX-Current-URL header

 üöß Browser logs:
      Response Status Error Code 404 from /test
      SyntaxError: Expected property name or '}' in JSON at position 1 (line 1 column 2)
        SyntaxError: Expected property name or '}' in JSON at position 1 (line 1 column 2)
        at JSON.parse (<anonymous>)
        at parseJSON (src/htmx.js:811:19)
        at handleTriggerHeader (src/htmx.js:2060:24)
        at handleAjaxResponse (src/htmx.js:4787:7)
        at xhr.onload (src/htmx.js:4548:9)
        at FakeXMLHttpRequest.<anonymous> (node_modules/sinon/pkg/node_modules/nise/lib/fake-xhr/index.js:77:0)
        at node_modules/sinon/pkg/node_modules/nise/lib/event/event-target.js:112:0
        at Array.forEach (<anonymous>)
        at FakeXMLHttpRequest.dispatchEvent (node_modules/sinon/pkg/node_modules/nise/lib/event/event-target.js:109:0)
        at FakeXMLHttpRequest.readyStateChange (node_modules/sinon/pkg/node_modules/nise/lib/fake-xhr/index.js:553:0)
      htmx:targetError
      Error: Invalid re-target #d2
        at resolveRetarget (src/htmx.js:4769:13)
        at handleAjaxResponse (src/htmx.js:4839:29)
        at xhr.onload (src/htmx.js:4548:9)
        at FakeXMLHttpRequest.<anonymous> (node_modules/sinon/pkg/node_modules/nise/lib/fake-xhr/index.js:77:0)
        at node_modules/sinon/pkg/node_modules/nise/lib/event/event-target.js:112:0
        at Array.forEach (<anonymous>)
        at FakeXMLHttpRequest.dispatchEvent (node_modules/sinon/pkg/node_modules/nise/lib/event/event-target.js:109:0)
        at FakeXMLHttpRequest.readyStateChange (node_modules/sinon/pkg/node_modules/nise/lib/fake-xhr/index.js:553:0)
        at FakeXMLHttpRequest.setResponseBody (node_modules/sinon/pkg/node_modules/nise/lib/fake-xhr/index.js:796:0)
        at FakeXMLHttpRequest.respond (node_modules/sinon/pkg/node_modules/nise/lib/fake-xhr/index.js:802:0)
      htmx:historyCacheMissLoadError

test/core/security.js:

 security options [2m[Chromium][0m[0m[0m
   [32m‚úì[89m[0m[0m can disable a single elt
   [32m‚úì[89m[0m[0m can disable a parent elt
   [32m‚úì[89m[0m[0m can disable a child elt
   [32m‚úì[89m[0m[0m can disable a single elt dynamically
   [32m‚úì[89m[0m[0m can disable a single elt dynamically & enable it back
   [32m‚úì[89m[0m[0m can disable a single a tag dynamically & enable it back with boost
   [32m‚úì[89m[0m[0m can disable a single parent elt dynamically
   [32m‚úì[89m[0m[0m can disable a single parent elt dynamically & enable it back
   [32m‚úì[89m[0m[0m can make egress cross site requests when htmx.config.selfRequestsOnly is disabled
   [32m‚úì[89m[0m[0m can make a real local data uri request when selfRequestOnly false
   [32m‚úì[89m[0m[0m can disable hx-on on a single elt
   [32m‚úì[89m[0m[0m can disable hx-on on a parent elt
   [32m‚úì[89m[0m[0m can disable hx-on on a single elt dynamically
   [32m‚úì[89m[0m[0m can disable hx-on on a parent elt dynamically
   [32m‚úì[89m[0m[0m can't make egress cross site requests when htmx.config.selfRequestsOnly is true
   [32m‚úì[89m[0m[0m can cancel egress request based on htmx:validateUrl event
   [32m‚úì[89m[0m[0m can cancel egress request based on htmx:validateUrl event, sameHost is false
   [32m‚úì[89m[0m[0m can cancel egress request based on htmx:validateUrl event and then allow a request
   [32m‚úì[89m[0m[0m can disable script tag support with htmx.config.allowScriptTags

 üöß Browser logs:
      htmx:afterRequest
      htmx:sendError
      htmx:invalidPath
      htmx:invalidPath
      htmx:invalidPath
      htmx:invalidPath


[2K[1A[2K[Gtest/core/extensions.js:

 Core htmx extension tests [2m[Chromium][0m[0m[0m
   [32m‚úì[89m[0m[0m should support event cancellation by returning false
   [32m‚úì[89m[0m[0m should support event cancellation with preventDefault
   [32m‚úì[89m[0m[0m withExtensions catches and logs any exceptions
   [32m‚úì[89m[0m[0m encodeParameters works as expected
   [32m‚úì[89m[0m[0m extensionBase return expected values

 üöß Browser logs:
      Error: throw error to catch and log
        at test/core/extensions.js:54:13
        at src/htmx.js:3068:9
        at forEach (src/htmx.js:750:9)
        at withExtensions (src/htmx.js:3066:5)
        at n.<anonymous> (test/core/extensions.js:53:29)


[2K[1A[2K[Gtest/core/config.js:

 htmx config test [2m[Chromium][0m[0m[0m
   [32m‚úì[89m[0m[0m swaps normally with no config update
   [32m‚úì[89m[0m[0m swap all config should swap everything
   [32m‚úì[89m[0m[0m non mapped responseHandling config will not swap
   [32m‚úì[89m[0m[0m can change the target of a given response code
   [32m‚úì[89m[0m[0m throws targetError if you the target in responseHandling is invalid
   [32m‚úì[89m[0m[0m can change the target to "this" in a given response code
   [32m‚úì[89m[0m[0m can change the swap type of a given response code
   [32m‚úì[89m[0m[0m can change the select of a given response code
   [32m‚úì[89m[0m[0m can change if the title is ignored for a given response code
   [32m‚úì[89m[0m[0m can change if error for a given response code
   [32m‚úì[89m[0m[0m can trigger an event for a given response code

 üöß Browser logs:
      Response Status Error Code 400 from /test
      Response Status Error Code 500 from /test
      htmx:targetError
      Error: Invalid re-target #a-div
        at resolveRetarget (src/htmx.js:4769:13)
        at handleAjaxResponse (src/htmx.js:4830:29)
        at xhr.onload (src/htmx.js:4548:9)
        at FakeXMLHttpRequest.<anonymous> (node_modules/sinon/pkg/node_modules/nise/lib/fake-xhr/index.js:77:0)
        at node_modules/sinon/pkg/node_modules/nise/lib/event/event-target.js:112:0
        at Array.forEach (<anonymous>)
        at FakeXMLHttpRequest.dispatchEvent (node_modules/sinon/pkg/node_modules/nise/lib/event/event-target.js:109:0)
        at FakeXMLHttpRequest.readyStateChange (node_modules/sinon/pkg/node_modules/nise/lib/fake-xhr/index.js:553:0)
        at FakeXMLHttpRequest.setResponseBody (node_modules/sinon/pkg/node_modules/nise/lib/fake-xhr/index.js:796:0)
        at FakeXMLHttpRequest.respond (node_modules/sinon/pkg/node_modules/nise/lib/fake-xhr/index.js:802:0)

test/core/events.js:

 Core htmx Events [2m[Chromium][0m[0m[0m
   [32m‚úì[89m[0m[0m htmx:load fires properly
   [32m‚úì[89m[0m[0m htmx:configRequest allows attribute addition
   [32m‚úì[89m[0m[0m htmx:configRequest is also dispatched in kebab-case
   [32m‚úì[89m[0m[0m events are only dispatched once if kebab and camel case match
   [32m‚úì[89m[0m[0m events accept an options argument and the result works as expected
   [32m‚úì[89m[0m[0m htmx:configRequest allows attribute removal
   [32m‚úì[89m[0m[0m htmx:configRequest allows header tweaking
   [32m‚úì[89m[0m[0m htmx:configRequest on form gives access to submit event
   [32m‚úì[89m[0m[0m htmx:afterSwap is called when replacing outerHTML
   [32m‚úì[89m[0m[0m htmx:afterSwap is called when replacing outerHTML, new line content
   [32m‚úì[89m[0m[0m htmx:oobBeforeSwap is called before swap
   [32m‚úì[89m[0m[0m htmx:oobBeforeSwap can abort a swap
   [32m‚úì[89m[0m[0m htmx:oobBeforeSwap is not called on an oob miss
   [32m‚úì[89m[0m[0m htmx:oobAfterSwap is called after swap
   [32m‚úì[89m[0m[0m htmx:oobAfterSwap is not called on an oob miss
   [32m‚úì[89m[0m[0m htmx:afterSettle is called once when replacing outerHTML
   [32m‚úì[89m[0m[0m htmx:afterSettle is called once when replacing outerHTML with whitespace
   [32m‚úì[89m[0m[0m htmx:afterSettle is called twice when replacing outerHTML with whitespace separated elements
   [32m‚úì[89m[0m[0m htmx:afterSettle is called multiple times when doing OOB outerHTML swaps
   [32m‚úì[89m[0m[0m htmx:afterRequest is called after a successful request
   [32m‚úì[89m[0m[0m htmx:afterOnLoad is called after a successful request
   [32m‚úì[89m[0m[0m htmx:afterRequest is called after a failed request
   [32m‚úì[89m[0m[0m htmx:sendError is called after a failed request
   [32m‚úì[89m[0m[0m htmx:afterRequest is called when replacing outerHTML
   [32m‚úì[89m[0m[0m htmx:afterOnLoad is called when replacing outerHTML
   [32m‚úì[89m[0m[0m htmx:beforeProcessNode is called when replacing outerHTML
   [32m‚úì[89m[0m[0m htmx:beforeProcessNode allows htmx attribute tweaking
   [32m‚úì[89m[0m[0m htmx:afterProcessNode is called after replacing outerHTML
   [32m‚úì[89m[0m[0m htmx:afterRequest is called when targeting a parent div
   [32m‚úì[89m[0m[0m adding an error in htmx:configRequest stops the request
   [32m‚úì[89m[0m[0m preventDefault() in htmx:configRequest stops the request
   [32m‚úì[89m[0m[0m preventDefault() in the htmx:beforeRequest event cancels the request
   [31mêÑÇ[89m[0m[0m preventDefault() in the htmx:beforeOnLoad event cancels the swap
   [32m‚úì[89m[0m[0m htmx:afterRequest event contains 'successful' and 'failed' properties indicating success after successful request
   [32m‚úì[89m[0m[0m htmx:afterRequest event contains 'successful' and 'failed' properties indicating failure after failed request
   [32m‚úì[89m[0m[0m htmx:confirm can cancel request
   [32m‚úì[89m[0m[0m has updated target available when target set via htmx:beforeSwap
   [32m‚úì[89m[0m[0m htmx:beforeSwap can override swap style using evt.detail.swapOverride and has final say on it
   [32m‚úì[89m[0m[0m preventDefault() in htmx:historyCacheMiss stops the history request
   [32m‚úì[89m[0m[0m htmx:historyCacheMissLoad event can update history swap
   [32m‚úì[89m[0m[0m htmx:historyCacheMiss event can set custom request headers
   [32m‚úì[89m[0m[0m preventDefault() in htmx:historyCacheHit stops the history action
   [32m‚úì[89m[0m[0m htmx:historyCacheHit event can update history swap
   [32m‚úì[89m[0m[0m htmx:targetError should include the hx-target value
   [32m‚úì[89m[0m[0m htmx:targetError can include an inherited hx-target value

 üöß Browser logs:
      htmx:oobErrorNoTarget
      htmx:oobErrorNoTarget
      Response Status Error Code 500 from /test
      htmx:afterRequest
      htmx:sendError
      Response Status Error Code 500 from /test
      beforeSwap HTMLDivElement: <div id="d1"></div> HTMLDivElement: <div id="d2"></div>
      afterSwap HTMLDivElement: <div id="d2" class="htmx-settling">updated</div> HTMLDivElement: <div id="d2" class="htmx-settling">updated</div>
      afterSwap look at me. i‚Äôm the innerHTML now.
      htmx:targetError
      htmx:targetError

 ‚ùå Core htmx Events > preventDefault() in the htmx:beforeOnLoad event cancels the swap
      AssertionError: expected '' to equal 'Foo'
      + expected - actual

      +Foo

      at n.<anonymous> (test/core/events.js:622:28)

test/core/extension-swap.js:

 default extensions behavior [2m[Chromium][0m[0m[0m
   [32m‚úì[89m[0m[0m handleSwap: afterSwap and afterSettle triggered if extension defined on parent
   [32m‚úì[89m[0m[0m handleSwap: new content is handled by htmx


[2K[1A[2K[Gtest/core/tokenizer.js:

 Core htmx tokenizer tests [2m[Chromium][0m[0m[0m
   [32m‚úì[89m[0m[0m tokenizes properly
   [32m‚úì[89m[0m[0m generates conditionals property


[2K[1A[2K[Gtest/core/verbs.js:

 Core htmx AJAX Verbs [2m[Chromium][0m[0m[0m
   [32m‚úì[89m[0m[0m handles basic posts properly
   [32m‚úì[89m[0m[0m handles basic put properly
   [32m‚úì[89m[0m[0m handles basic patch properly
   [32m‚úì[89m[0m[0m handles basic delete properly


[2K[1A[2K[Gtest/core/validation.js:

 Core htmx client side validation tests [2m[Chromium][0m[0m[0m
   [32m‚úì[89m[0m[0m HTML5 required validation error prevents request
   [32m‚úì[89m[0m[0m Novalidate skips form validation
   [32m‚úì[89m[0m[0m Validation skipped for indirect form submission
   [32m‚úì[89m[0m[0m Formnovalidate skips form validation
   [32m‚úì[89m[0m[0m HTML5 pattern validation error prevents request
   [32m‚úì[89m[0m[0m Custom validation error prevents request
   [32m‚úì[89m[0m[0m Custom validation error prevents request for unticked checkboxes
   [32m‚úì[89m[0m[0m Custom validation error prevents request for unselected radiogroups
   [32m‚úì[89m[0m[0m hyperscript validation error prevents request
   [32m‚úì[89m[0m[0m calls htmx:validation:failed on failure
   [32m‚úì[89m[0m[0m calls htmx:validation:halted on failure
   [32m‚úì[89m[0m[0m hx-validate can prevent a single input from submitting


[2K[1A[2K[Gtest/attributes/hx-swap.js:


 ‚ùå Browser tests did not start after 20000ms You can increase this timeout with the testsStartTimeout option. Check the browser logs or open the browser in debug mode for more information.

 ‚ùå Error: coverage.stopJSCoverage: Target crashed
    coverage.stopJSCoverage: Target crashed
        at PlaywrightLauncherPage.collectTestCoverage (/app/node_modules/@web/test-runner-playwright/dist/PlaywrightLauncherPage.js:61:154)
        at async PlaywrightLauncherPage.stopSession (/app/node_modules/@web/test-runner-playwright/dist/PlaywrightLauncherPage.js:30:15)
        at async PlaywrightLauncher.stopSession (/app/node_modules/@web/test-runner-playwright/dist/PlaywrightLauncher.js:83:24)

Chromium: |‚ñà‚ñà‚ñà‚ñà‚ñà‚ñà‚ñà‚ñà‚ñà‚ñà‚ñà‚ñà‚ñà‚ñà‚ñà‚ñà‚ñà‚ñà‚ñà‚ñà‚ñà‚ñà‚ñà‚ñà‚ñà‚ñà‚ñà‚ñà‚ñà‚ñà| 44/48 test files | 540 passed, 33 failed, 2 skipped

Running tests...


[2K[1A[2K[Gtest/core/ajax.js:


 ‚ùå Browser tests did not start after 20000ms You can increase this timeout with the testsStartTimeout option. Check the browser logs or open the browser in debug mode for more information.

 ‚ùå Error: coverage.stopJSCoverage: Target crashed
    coverage.stopJSCoverage: Target crashed
        at PlaywrightLauncherPage.collectTestCoverage (/app/node_modules/@web/test-runner-playwright/dist/PlaywrightLauncherPage.js:61:154)
        at async PlaywrightLauncherPage.stopSession (/app/node_modules/@web/test-runner-playwright/dist/PlaywrightLauncherPage.js:30:15)
        at async PlaywrightLauncher.stopSession (/app/node_modules/@web/test-runner-playwright/dist/PlaywrightLauncher.js:83:24)


[2K[1A[2K[Gtest/core/parameters.js:


 ‚ùå Browser tests did not start after 20000ms You can increase this timeout with the testsStartTimeout option. Check the browser logs or open the browser in debug mode for more information.

 ‚ùå Error: coverage.stopJSCoverage: Target crashed
    coverage.stopJSCoverage: Target crashed
        at PlaywrightLauncherPage.collectTestCoverage (/app/node_modules/@web/test-runner-playwright/dist/PlaywrightLauncherPage.js:61:154)
        at async PlaywrightLauncherPage.stopSession (/app/node_modules/@web/test-runner-playwright/dist/PlaywrightLauncherPage.js:30:15)
        at async PlaywrightLauncher.stopSession (/app/node_modules/@web/test-runner-playwright/dist/PlaywrightLauncher.js:83:24)


[2K[1A[2K[Gtest/core/regressions.js:


 ‚ùå Browser tests did not start after 20000ms You can increase this timeout with the testsStartTimeout option. Check the browser logs or open the browser in debug mode for more information.

 ‚ùå Error: coverage.stopJSCoverage: Target crashed
    coverage.stopJSCoverage: Target crashed
        at PlaywrightLauncherPage.collectTestCoverage (/app/node_modules/@web/test-runner-playwright/dist/PlaywrightLauncherPage.js:61:154)
        at async PlaywrightLauncherPage.stopSession (/app/node_modules/@web/test-runner-playwright/dist/PlaywrightLauncherPage.js:30:15)
        at async PlaywrightLauncher.stopSession (/app/node_modules/@web/test-runner-playwright/dist/PlaywrightLauncher.js:83:24)


[2K[1A[2K[Gtest/core/shadowdom.js:


 ‚ùå Browser tests did not start after 20000ms You can increase this timeout with the testsStartTimeout option. Check the browser logs or open the browser in debug mode for more information.

 ‚ùå Error: coverage.stopJSCoverage: Target crashed
    coverage.stopJSCoverage: Target crashed
        at PlaywrightLauncherPage.collectTestCoverage (/app/node_modules/@web/test-runner-playwright/dist/PlaywrightLauncherPage.js:61:154)
        at async PlaywrightLauncherPage.stopSession (/app/node_modules/@web/test-runner-playwright/dist/PlaywrightLauncherPage.js:30:15)
        at async PlaywrightLauncher.stopSession (/app/node_modules/@web/test-runner-playwright/dist/PlaywrightLauncher.js:83:24)

Chromium: |‚ñà‚ñà‚ñà‚ñà‚ñà‚ñà‚ñà‚ñà‚ñà‚ñà‚ñà‚ñà‚ñà‚ñà‚ñà‚ñà‚ñà‚ñà‚ñà‚ñà‚ñà‚ñà‚ñà‚ñà‚ñà‚ñà‚ñà‚ñà‚ñà‚ñà| 48/48 test files | 540 passed, 33 failed, 2 skipped

Calculating code coverage...



Errors Reported in Tests:


 ‚ùå hx-disinherit attribute > basic inheritance sanity-check
      AssertionError: expected '' to equal 'Hello world'
      + expected - actual

      +Hello world

      at n.<anonymous> (test/attributes/hx-disinherit.js:21:26)

 ‚ùå hx-disinherit attribute > disinherit exclude single attribute
      AssertionError: expected '' to equal 'Click Me!'
      + expected - actual

      +Click Me!

      at n.<anonymous> (test/attributes/hx-disinherit.js:35:40)

 ‚ùå hx-disinherit attribute > same-element inheritance disable
      AssertionError: expected '' to equal 'Hello world'
      + expected - actual

      +Hello world

      at n.<anonymous> (test/attributes/hx-disinherit.js:81:37)

 ‚ùå hx-disinherit attribute > same-element inheritance disable with child nodes
      AssertionError: expected '' to equal 'unique-snowflake'
      + expected - actual

      +unique-snowflake

      at n.<anonymous> (test/attributes/hx-disinherit.js:95:37)

 ‚ùå hx-inherit attribute > can disable inheritance
      AssertionError: expected '' to equal 'Test'
      + expected - actual

      +Test

      at n.<anonymous> (test/attributes/hx-inherit.js:22:26)

 ‚ùå hx-inherit attribute > can enable inheritance for all
      AssertionError: expected '' to equal 'Test'
      + expected - actual

      +Test

      at n.<anonymous> (test/attributes/hx-inherit.js:36:27)

 ‚ùå hx-inherit attribute > can enable inheritance by name
      AssertionError: expected '' to equal 'Test'
      + expected - actual

      +Test

      at n.<anonymous> (test/attributes/hx-inherit.js:50:27)

 ‚ùå hx-inherit attribute > can enable inheritance by name (bad name, no inheritance)
      AssertionError: expected '' to equal 'Test'
      + expected - actual

      +Test

      at n.<anonymous> (test/attributes/hx-inherit.js:63:26)

 ‚ùå hx-on:* attribute > can modify a parameter via htmx:configRequest
      AssertionError: expected '' to equal 'bar'
      + expected - actual

      +bar

      at n.<anonymous> (test/attributes/hx-on-wildcard.js:33:26)

 ‚ùå hx-on:* attribute > can modify a parameter via htmx:configRequest with dashes
      AssertionError: expected '' to equal 'bar'
      + expected - actual

      +bar

      at n.<anonymous> (test/attributes/hx-on-wildcard.js:44:26)

 ‚ùå hx-on:* attribute > expands :: shorthand into htmx:
      AssertionError: expected '' to equal 'bar'
      + expected - actual

      +bar

      at n.<anonymous> (test/attributes/hx-on-wildcard.js:55:26)

 ‚ùå hx-on:* attribute > expands -- shorthand into htmx:
      AssertionError: expected '' to equal 'bar'
      + expected - actual

      +bar

      at n.<anonymous> (test/attributes/hx-on-wildcard.js:66:26)

 ‚ùå hx-on:* attribute > can cancel an event via preventDefault for htmx:config-request
      AssertionError: expected '' to equal 'Foo'
      + expected - actual

      +Foo

      at n.<anonymous> (test/attributes/hx-on-wildcard.js:76:26)

 ‚ùå hx-on:* attribute > can respond to data-hx-on
      AssertionError: expected '' to equal 'bar'
      + expected - actual

      +bar

      at n.<anonymous> (test/attributes/hx-on-wildcard.js:87:26)

 ‚ùå hx-on:* attribute > has the this symbol set to the element
      AssertionError: expected '' to equal 'foo'
      + expected - actual

      +foo

      at n.<anonymous> (test/attributes/hx-on-wildcard.js:97:26)

 ‚ùå hx-on:* attribute > can handle multi-line JSON
      AssertionError: expected '' to equal 'foo'
      + expected - actual

      +foo

      at n.<anonymous> (test/attributes/hx-on-wildcard.js:110:26)

 ‚ùå hx-on:* attribute > can handle multiple event handlers in the presence of multi-line JSON
      AssertionError: expected '' to equal 'foo'
      + expected - actual

      +foo

      at n.<anonymous> (test/attributes/hx-on-wildcard.js:126:26)

 ‚ùå hx-swap-oob attribute > handles no id match properly
      AssertionError: expected '' to equal 'Clicked'
      + expected - actual

      +Clicked

      at n.<anonymous> (test/attributes/hx-swap-oob.js:96:26)

 ‚ùå hx-swap-oob attribute > oob swap supports table row in fragment along other oob swap elements with config {"allowNestedOobSwaps":true}
      AssertionError: expected '' to equal 'Clicked'
      + expected - actual

      +Clicked

      at n.<anonymous> (test/attributes/hx-swap-oob.js:256:28)

 ‚ùå hx-swap-oob attribute > oob swap supports table row in fragment along other oob swap elements with config {"allowNestedOobSwaps":false}
      AssertionError: expected '' to equal 'Clicked'
      + expected - actual

      +Clicked

      at n.<anonymous> (test/attributes/hx-swap-oob.js:256:28)

 ‚ùå hx-trigger attribute > consume prevents event propagation
      AssertionError: expected '' to equal 'bar'
      + expected - actual

      +bar

      at n.<anonymous> (test/attributes/hx-trigger.js:767:33)

 ‚ùå hx-trigger attribute > throttle prevents multiple requests from happening
      AssertionError: expected '' to equal 'Requests: 1'
      + expected - actual

      +Requests: 1

      at n.<anonymous> (test/attributes/hx-trigger.js:793:26)

 ‚ùå hx-trigger attribute > A throttle of 0 does not prevent multiple requests from happening
      AssertionError: expected '' to equal 'Requests: 1'
      + expected - actual

      +Requests: 1

      at n.<anonymous> (test/attributes/hx-trigger.js:822:26)

 ‚ùå hx-trigger attribute > delay delays the request
      Error: Uncaught AssertionError: expected '' to equal 'Requests: 1' (http://localhost:8000/node_modules/chai/chai.js:253)
        at D.onerror (node_modules/@web/test-runner-mocha/dist/autorun.js:1:258618)

 ‚ùå hx-trigger attribute > A 0 delay does not delay the request
      AssertionError: expected '' to equal 'Requests: 1'
      + expected - actual

      +Requests: 1

      at n.<anonymous> (test/attributes/hx-trigger.js:887:26)

 ‚ùå hx-trigger attribute > requests are queued with last one winning by default
      AssertionError: expected '' to equal 'Requests: 1'
      + expected - actual

      +Requests: 1

      at n.<anonymous> (test/attributes/hx-trigger.js:918:26)

 ‚ùå hx-trigger attribute > queue:all queues all requests
      AssertionError: expected '' to equal 'Requests: 1'
      + expected - actual

      +Requests: 1

      at n.<anonymous> (test/attributes/hx-trigger.js:941:26)

 ‚ùå hx-trigger attribute > queue:first queues first request
      AssertionError: expected '' to equal 'Requests: 1'
      + expected - actual

      +Requests: 1

      at n.<anonymous> (test/attributes/hx-trigger.js:964:26)

 ‚ùå hx-trigger attribute > queue:none queues no requests
      AssertionError: expected '' to equal 'Requests: 1'
      + expected - actual

      +Requests: 1

      at n.<anonymous> (test/attributes/hx-trigger.js:987:26)

 ‚ùå hx-trigger attribute > fires the htmx:trigger event when the trigger is a load
      AssertionError: expected '' to equal 'Response'
      + expected - actual

      +Response

      at n.<anonymous> (test/attributes/hx-trigger.js:1172:31)

 ‚ùå Core htmx API test > swap works with a swap delay
      Error: Uncaught AssertionError: expected '' to equal 'jsswapped' (http://localhost:8000/node_modules/chai/chai.js:253)
        at D.onerror (node_modules/@web/test-runner-mocha/dist/autorun.js:1:258618)

 ‚ùå Core htmx API test > swap works with a view transition
      Error: Uncaught AssertionError: expected '' to equal 'jsswapped' (http://localhost:8000/node_modules/chai/chai.js:253)
        at D.onerror (node_modules/@web/test-runner-mocha/dist/autorun.js:1:258618)

 ‚ùå Core htmx Events > preventDefault() in the htmx:beforeOnLoad event cancels the swap
      AssertionError: expected '' to equal 'Foo'
      + expected - actual

      +Foo

      at n.<anonymous> (test/core/events.js:622:28)

 ‚ùå Browser tests did not start after 20000ms You can increase this timeout with the testsStartTimeout option. Check the browser logs or open the browser in debug mode for more information.
  /app/test/attributes/hx-swap.js

 ‚ùå Error: coverage.stopJSCoverage: Target crashed
    coverage.stopJSCoverage: Target crashed
        at PlaywrightLauncherPage.collectTestCoverage (/app/node_modules/@web/test-runner-playwright/dist/PlaywrightLauncherPage.js:61:154)
        at async PlaywrightLauncherPage.stopSession (/app/node_modules/@web/test-runner-playwright/dist/PlaywrightLauncherPage.js:30:15)
        at async PlaywrightLauncher.stopSession (/app/node_modules/@web/test-runner-playwright/dist/PlaywrightLauncher.js:83:24)
  /app/test/attributes/hx-swap.js

Chromium: |‚ñà‚ñà‚ñà‚ñà‚ñà‚ñà‚ñà‚ñà‚ñà‚ñà‚ñà‚ñà‚ñà‚ñà‚ñà‚ñà‚ñà‚ñà‚ñà‚ñà‚ñà‚ñà‚ñà‚ñà‚ñà‚ñà‚ñà‚ñà‚ñà‚ñà| 48/48 test files | 540 passed, 33 failed, 2 skipped

Code coverage: 98.32 %
View full coverage report at coverage/lcov-report/index.html

Finished running tests in 37.7s with 33 failed tests.


