-- The C compiler identification is GNU 11.4.0
-- The CXX compiler identification is GNU 11.4.0
-- Detecting C compiler ABI info
-- Detecting C compiler ABI info - done
-- Check for working C compiler: /usr/bin/cc - skipped
-- Detecting C compile features
-- Detecting C compile features - done
-- Detecting CXX compiler ABI info
-- Detecting CXX compiler ABI info - done
-- Check for working CXX compiler: /usr/bin/c++ - skipped
-- Detecting CXX compile features
-- Detecting CXX compile features - done
-- Could NOT find PkgConfig (missing: PKG_CONFIG_EXECUTABLE)
CMake Warning at CMakeLists.txt:103 (find_package):
  By not providing "Findabsl.cmake" in CMAKE_MODULE_PATH this project has
  asked CMake to find a package configuration file provided by "absl", but
  CMake did not find one.

  Could not find a package configuration file provided by "absl" with any of
  the following names:

    abslConfig.cmake
    absl-config.cmake

  Add the installation prefix of "absl" to CMAKE_PREFIX_PATH or set
  "absl_DIR" to a directory containing one of the above files.  If "absl"
  provides a separate development package or SDK, be sure it has been
  installed.


[ 11%] Creating directories for 'abseil-cpp-populate'
[ 22%] Performing download step (git clone) for 'abseil-cpp-populate'
Cloning into 'abseil-cpp-src'...
fatal: unable to access 'https://github.com/abseil/abseil-cpp.git/': server certificate verification failed. CAfile: none CRLfile: none
Cloning into 'abseil-cpp-src'...
fatal: unable to access 'https://github.com/abseil/abseil-cpp.git/': server certificate verification failed. CAfile: none CRLfile: none
Cloning into 'abseil-cpp-src'...
fatal: unable to access 'https://github.com/abseil/abseil-cpp.git/': server certificate verification failed. CAfile: none CRLfile: none
-- Had to git clone more than once:
          3 times.
CMake Error at abseil-cpp-subbuild/abseil-cpp-populate-prefix/tmp/abseil-cpp-populate-gitclone.cmake:31 (message):
  Failed to clone repository: 'https://github.com/abseil/abseil-cpp.git'


gmake[2]: *** [CMakeFiles/abseil-cpp-populate.dir/build.make:102: abseil-cpp-populate-prefix/src/abseil-cpp-populate-stamp/abseil-cpp-populate-download] Error 1
gmake[1]: *** [CMakeFiles/Makefile2:83: CMakeFiles/abseil-cpp-populate.dir/all] Error 2
gmake: *** [Makefile:91: all] Error 2

CMake Error at /usr/share/cmake-3.22/Modules/FetchContent.cmake:1087 (message):
  Build step for abseil-cpp failed: 2
Call Stack (most recent call first):
  /usr/share/cmake-3.22/Modules/FetchContent.cmake:1216:EVAL:2 (__FetchContent_directPopulate)
  /usr/share/cmake-3.22/Modules/FetchContent.cmake:1216 (cmake_language)
  CMakeLists.txt:120 (FetchContent_Populate)


-- Configuring incomplete, errors occurred!
See also "/app/cpp/build/CMakeFiles/CMakeOutput.log".
