[ERROR] Failed to execute goal on project auto-service: Could not resolve dependencies for project com.google.auto.service:auto-service:jar:HEAD-SNAPSHOT: Could not find artifact com.google.auto.service:auto-service-annotations:jar:HEAD-SNAPSHOT -> [Help 1]
[ERROR] Failed to execute goal on project auto-value: Could not resolve dependencies for project com.google.auto.value:auto-value:jar:HEAD-SNAPSHOT: Could not find artifact com.google.auto.value:auto-value-annotations:jar:HEAD-SNAPSHOT -> [Help 1]
[ERROR] Failed to execute goal on project functional: Could not resolve dependencies for project com.google.auto.value.it.functional:functional:jar:HEAD-SNAPSHOT: The following artifacts could not be resolved: com.google.auto.value:auto-value-annotations:jar:HEAD-SNAPSHOT, com.google.auto.value:auto-value:jar:HEAD-SNAPSHOT: Could not find artifact com.google.auto.value:auto-value-annotations:jar:HEAD-SNAPSHOT -> [Help 1]
[ERROR] Failed to execute goal on project gwtserializer: Could not resolve dependencies for project com.google.auto.value.it.gwtserializer:gwtserializer:jar:HEAD-SNAPSHOT: Could not find artifact com.google.auto.value:auto-value-annotations:jar:HEAD-SNAPSHOT -> [Help 1]
[ERROR]
[ERROR] To see the full stack trace of the errors, re-run Maven with the -e switch.
[ERROR] Re-run Maven using the -X switch to enable full debug logging.
[ERROR]
[ERROR] For more information about the errors and possible solutions, please read the following articles:
[ERROR] [Help 1] http://cwiki.apache.org/confluence/display/MAVEN/DependencyResolutionException
[ERROR]
[ERROR] After correcting the problems, you can resume the build with the command
[ERROR]   mvn <args> -rf :auto-service
[INFO] Scanning for projects...
[WARNING]
[WARNING] Some problems were encountered while building the effective model for com.google.auto.value.it.gwtserializer:gwtserializer:jar:HEAD-SNAPSHOT
[WARNING] 'build.plugins.plugin.version' for org.apache.maven.plugins:maven-gpg-plugin is missing. @ line 145, column 15
[WARNING] 'build.plugins.plugin.version' for org.apache.maven.plugins:maven-surefire-plugin is missing. @ line 107, column 15
[WARNING]
[WARNING] It is highly recommended to fix these problems because they threaten the stability of your build.
[WARNING]
[WARNING] For this reason, future Maven versions might no longer support building such malformed projects.
[WARNING]
[INFO] Inspecting build with total of 11 modules
[INFO] Installing Central Publishing features
[INFO] ------------------------------------------------------------------------
[INFO] Reactor Build Order:
[INFO]
[INFO] Auto Common Libraries                                              [jar]
[INFO] AutoFactory                                                        [jar]
[INFO] AutoService Aggregator                                             [pom]
[INFO] AutoService                                                        [jar]
[INFO] AutoService Processor                                              [jar]
[INFO] AutoValue Parent                                                   [pom]
[INFO] AutoValue Annotations                                              [jar]
[INFO] AutoValue Processor                                                [jar]
[INFO] Auto-Value Functional Integration Test                             [jar]
[INFO] Auto-Value GWT-RPC Serialization Integration Test                  [jar]
[INFO] build-only                                                         [pom]
[INFO]
[INFO] --------------------< com.google.auto:auto-common >---------------------
[INFO] Building Auto Common Libraries HEAD-SNAPSHOT                      [1/11]
[INFO] --------------------------------[ jar ]---------------------------------
[INFO]
[INFO] --- maven-dependency-plugin:2.8:tree (default-cli) @ auto-common ---
[INFO] com.google.auto:auto-common:jar:HEAD-SNAPSHOT
[INFO] +- com.google.guava:guava:jar:33.5.0-jre:compile
[INFO] |  +- com.google.guava:failureaccess:jar:1.0.3:compile
[INFO] |  +- com.google.guava:listenablefuture:jar:9999.0-empty-to-avoid-conflict-with-guava:compile
[INFO] |  +- (org.jspecify:jspecify:jar:1.0.0:compile - omitted for duplicate)
[INFO] |  +- com.google.errorprone:error_prone_annotations:jar:2.41.0:compile
[INFO] |  \- com.google.j2objc:j2objc-annotations:jar:3.1:compile
[INFO] +- org.jspecify:jspecify:jar:1.0.0:compile
[INFO] +- com.squareup:javapoet:jar:1.13.0:compile
[INFO] +- com.google.guava:guava-testlib:jar:33.5.0-jre:test
[INFO] |  +- (org.jspecify:jspecify:jar:1.0.0:test - omitted for duplicate)
[INFO] |  +- (com.google.errorprone:error_prone_annotations:jar:2.41.0:test - omitted for duplicate)
[INFO] |  +- (com.google.j2objc:j2objc-annotations:jar:3.1:test - omitted for duplicate)
[INFO] |  +- (com.google.guava:guava:jar:33.5.0-jre:test - omitted for duplicate)
[INFO] |  \- (junit:junit:jar:4.13.2:test - omitted for duplicate)
[INFO] +- (com.google.auto:auto-common:jar:1.2.2:test - omitted for cycle)
[INFO] +- com.google.testing.compile:compile-testing:jar:0.23.0:test
[INFO] |  +- (junit:junit:jar:4.13.2:test - omitted for duplicate)
[INFO] |  +- (com.google.truth:truth:jar:1.4.5:test - omitted for duplicate)
[INFO] |  +- (com.google.guava:guava:jar:33.4.8-jre:test - omitted for conflict with 33.5.0-jre)
[INFO] |  \- com.google.auto.value:auto-value-annotations:jar:1.11.0:test
[INFO] +- junit:junit:jar:4.13.2:test
[INFO] |  \- org.hamcrest:hamcrest-core:jar:1.3:test
[INFO] +- com.google.truth:truth:jar:1.4.5:test
[INFO] |  +- (com.google.guava:guava:jar:33.4.3-android:test - omitted for conflict with 33.5.0-jre)
[INFO] |  +- (org.jspecify:jspecify:jar:1.0.0:test - omitted for duplicate)
[INFO] |  +- (junit:junit:jar:4.13.2:test - omitted for duplicate)
[INFO] |  +- (com.google.auto.value:auto-value-annotations:jar:1.11.0:test - omitted for duplicate)
[INFO] |  +- (com.google.errorprone:error_prone_annotations:jar:2.41.0:test - omitted for duplicate)
[INFO] |  \- org.ow2.asm:asm:jar:9.8:test
[INFO] \- org.eclipse.jdt:ecj:jar:3.43.0:test
[INFO]
[INFO] ----------------< com.google.auto.factory:auto-factory >----------------
[INFO] Building AutoFactory HEAD-SNAPSHOT                                [2/11]
[INFO] --------------------------------[ jar ]---------------------------------
[INFO]
[INFO] --- maven-dependency-plugin:2.8:tree (default-cli) @ auto-factory ---
[INFO] com.google.auto.factory:auto-factory:jar:HEAD-SNAPSHOT
[INFO] +- org.jspecify:jspecify:jar:1.0.0:compile
[INFO] +- com.google.auto:auto-common:jar:1.2.2:compile
[INFO] |  \- (com.google.guava:guava:jar:32.0.1-jre:compile - omitted for conflict with 33.5.0-jre)
[INFO] +- com.google.auto.value:auto-value-annotations:jar:1.11.0:compile
[INFO] +- com.google.auto.service:auto-service-annotations:jar:1.1.1:compile
[INFO] +- net.ltgt.gradle.incap:incap:jar:1.0.0:provided
[INFO] +- com.google.guava:guava:jar:33.5.0-jre:compile
[INFO] |  +- com.google.guava:failureaccess:jar:1.0.3:compile
[INFO] |  +- com.google.guava:listenablefuture:jar:9999.0-empty-to-avoid-conflict-with-guava:compile
[INFO] |  +- (org.jspecify:jspecify:jar:1.0.0:compile - omitted for duplicate)
[INFO] |  +- com.google.errorprone:error_prone_annotations:jar:2.41.0:compile
[INFO] |  \- com.google.j2objc:j2objc-annotations:jar:3.1:compile
[INFO] +- com.squareup:javapoet:jar:1.13.0:compile
[INFO] +- javax.inject:javax.inject:jar:1:test
[INFO] +- jakarta.inject:jakarta.inject-api:jar:2.0.1:test
[INFO] +- com.google.testing.compile:compile-testing:jar:0.23.0:test
[INFO] |  +- (junit:junit:jar:4.13.2:test - omitted for duplicate)
[INFO] |  +- (com.google.truth:truth:jar:1.4.5:test - omitted for duplicate)
[INFO] |  +- (com.google.guava:guava:jar:33.4.8-jre:test - omitted for conflict with 33.5.0-jre)
[INFO] |  +- (com.google.auto.value:auto-value-annotations:jar:1.11.0:test - omitted for duplicate)
[INFO] |  +- (com.google.auto:auto-common:jar:1.2.2:test - omitted for duplicate)
[INFO] |  \- (org.jspecify:jspecify:jar:1.0.0:test - omitted for duplicate)
[INFO] +- com.google.testparameterinjector:test-parameter-injector:jar:1.19:test
[INFO] |  +- (junit:junit:jar:4.13.2:test - omitted for duplicate)
[INFO] |  +- (com.google.auto.value:auto-value-annotations:jar:1.7.4:test - omitted for conflict with 1.11.0)
[INFO] |  +- (com.google.code.findbugs:jsr305:jar:3.0.2:test - omitted for duplicate)
[INFO] |  +- (com.google.guava:guava:jar:32.0.0-jre:test - omitted for conflict with 33.5.0-jre)
[INFO] |  \- org.yaml:snakeyaml:jar:2.0:test
[INFO] +- junit:junit:jar:4.13.2:test
[INFO] |  \- org.hamcrest:hamcrest-core:jar:1.3:test
[INFO] +- com.google.truth:truth:jar:1.4.5:test
[INFO] |  +- (com.google.guava:guava:jar:33.4.3-android:test - omitted for conflict with 33.5.0-jre)
[INFO] |  +- (org.jspecify:jspecify:jar:1.0.0:test - omitted for duplicate)
[INFO] |  +- (junit:junit:jar:4.13.2:test - omitted for duplicate)
[INFO] |  +- (com.google.auto.value:auto-value-annotations:jar:1.11.0:test - omitted for duplicate)
[INFO] |  +- (com.google.errorprone:error_prone_annotations:jar:2.41.0:test - omitted for duplicate)
[INFO] |  \- org.ow2.asm:asm:jar:9.8:test
[INFO] +- com.google.code.findbugs:jsr305:jar:3.0.2:test
[INFO] \- org.checkerframework:checker-compat-qual:jar:2.5.6:test
[INFO]
[INFO] ----------< com.google.auto.service:auto-service-aggregator >-----------
[INFO] Building AutoService Aggregator HEAD-SNAPSHOT                     [3/11]
[INFO] --------------------------------[ pom ]---------------------------------
[INFO]
[INFO] --- maven-dependency-plugin:2.8:tree (default-cli) @ auto-service-aggregator ---
[INFO] com.google.auto.service:auto-service-aggregator:pom:HEAD-SNAPSHOT
[INFO]
[INFO] ----------< com.google.auto.service:auto-service-annotations >----------
[INFO] Building AutoService HEAD-SNAPSHOT                                [4/11]
[INFO] --------------------------------[ jar ]---------------------------------
[INFO]
[INFO] --- maven-dependency-plugin:2.8:tree (default-cli) @ auto-service-annotations ---
[INFO] com.google.auto.service:auto-service-annotations:jar:HEAD-SNAPSHOT
[INFO]
[INFO] ----------------< com.google.auto.service:auto-service >----------------
[INFO] Building AutoService Processor HEAD-SNAPSHOT                      [5/11]
[INFO] --------------------------------[ jar ]---------------------------------
[INFO] ------------------------------------------------------------------------
[INFO] Reactor Summary:
[INFO]
[INFO] Auto Common Libraries HEAD-SNAPSHOT ................ SUCCESS [  0.537 s]
[INFO] AutoFactory HEAD-SNAPSHOT .......................... SUCCESS [  0.103 s]
[INFO] AutoService Aggregator HEAD-SNAPSHOT ............... SUCCESS [  0.006 s]
[INFO] AutoService HEAD-SNAPSHOT .......................... SUCCESS [  0.002 s]
[INFO] AutoService Processor HEAD-SNAPSHOT ................ FAILURE [  0.013 s]
[INFO] AutoValue Parent HEAD-SNAPSHOT ..................... SKIPPED
[INFO] AutoValue Annotations HEAD-SNAPSHOT ................ SKIPPED
[INFO] AutoValue Processor HEAD-SNAPSHOT .................. SKIPPED
[INFO] Auto-Value Functional Integration Test HEAD-SNAPSHOT SKIPPED
[INFO] Auto-Value GWT-RPC Serialization Integration Test HEAD-SNAPSHOT SKIPPED
[INFO] build-only NO_VERSION .............................. SKIPPED
[INFO] ------------------------------------------------------------------------
[INFO] BUILD FAILURE
[INFO] ------------------------------------------------------------------------
[INFO] Total time:  1.166 s
[INFO] Finished at: 2025-11-11T20:04:29-08:00
[INFO] ------------------------------------------------------------------------
[ERROR] Failed to execute goal on project auto-service: Could not resolve dependencies for project com.google.auto.service:auto-service:jar:HEAD-SNAPSHOT: Could not find artifact com.google.auto.service:auto-service-annotations:jar:HEAD-SNAPSHOT -> [Help 1]
[ERROR]
[ERROR] To see the full stack trace of the errors, re-run Maven with the -e switch.
[ERROR] Re-run Maven using the -X switch to enable full debug logging.
[ERROR]
[ERROR] For more information about the errors and possible solutions, please read the following articles:
[ERROR] [Help 1] http://cwiki.apache.org/confluence/display/MAVEN/DependencyResolutionException
[ERROR]
[ERROR] After correcting the problems, you can resume the build with the command
[ERROR]   mvn <args> -rf :auto-service
[INFO] Scanning for projects...
[WARNING]
[WARNING] Some problems were encountered while building the effective model for com.google.auto.value.it.gwtserializer:gwtserializer:jar:HEAD-SNAPSHOT
[WARNING] 'build.plugins.plugin.version' for org.apache.maven.plugins:maven-gpg-plugin is missing. @ line 145, column 15
[WARNING] 'build.plugins.plugin.version' for org.apache.maven.plugins:maven-surefire-plugin is missing. @ line 107, column 15
[WARNING]
[WARNING] It is highly recommended to fix these problems because they threaten the stability of your build.
[WARNING]
[WARNING] For this reason, future Maven versions might no longer support building such malformed projects.
[WARNING]
[INFO] Inspecting build with total of 11 modules
[INFO] Installing Central Publishing features
[INFO] ------------------------------------------------------------------------
[INFO] Reactor Build Order:
[INFO]
[INFO] Auto Common Libraries                                              [jar]
[INFO] AutoFactory                                                        [jar]
[INFO] AutoService Aggregator                                             [pom]
[INFO] AutoService                                                        [jar]
[INFO] AutoService Processor                                              [jar]
[INFO] AutoValue Parent                                                   [pom]
[INFO] AutoValue Annotations                                              [jar]
[INFO] AutoValue Processor                                                [jar]
[INFO] Auto-Value Functional Integration Test                             [jar]
[INFO] Auto-Value GWT-RPC Serialization Integration Test                  [jar]
[INFO] build-only                                                         [pom]
[INFO]
[INFO] --------------------< com.google.auto:auto-common >---------------------
[INFO] Building Auto Common Libraries HEAD-SNAPSHOT                      [1/11]
[INFO] --------------------------------[ jar ]---------------------------------
[INFO]
[INFO] --- maven-resources-plugin:2.6:resources (default-resources) @ auto-common ---
[INFO] Downloading from central: https://repo.maven.apache.org/maven2/org/apache/maven/maven-core/2.0.6/maven-core-2.0.6.pom
[INFO] Downloaded from central: https://repo.maven.apache.org/maven2/org/apache/maven/maven-core/2.0.6/maven-core-2.0.6.pom (6.7 kB at 17 kB/s)
[INFO] Downloading from central: https://repo.maven.apache.org/maven2/org/apache/maven/maven-plugin-parameter-documenter/2.0.6/maven-plugin-parameter-documenter-2.0.6.pom
[INFO] Downloaded from central: https://repo.maven.apache.org/maven2/org/apache/maven/maven-plugin-parameter-documenter/2.0.6/maven-plugin-parameter-documenter-2.0.6.pom (1.9 kB at 17 kB/s)
[INFO] Downloading from central: https://repo.maven.apache.org/maven2/org/apache/maven/maven-error-diagnostics/2.0.6/maven-error-diagnostics-2.0.6.pom
[INFO] Downloaded from central: https://repo.maven.apache.org/maven2/org/apache/maven/maven-error-diagnostics/2.0.6/maven-error-diagnostics-2.0.6.pom (1.7 kB at 16 kB/s)
[INFO] Downloading from central: https://repo.maven.apache.org/maven2/org/apache/maven/maven-plugin-descriptor/2.0.6/maven-plugin-descriptor-2.0.6.pom
[INFO] Downloaded from central: https://repo.maven.apache.org/maven2/org/apache/maven/maven-plugin-descriptor/2.0.6/maven-plugin-descriptor-2.0.6.pom (2.0 kB at 19 kB/s)
[INFO] Downloading from central: https://repo.maven.apache.org/maven2/org/apache/maven/maven-monitor/2.0.6/maven-monitor-2.0.6.pom
[INFO] Downloaded from central: https://repo.maven.apache.org/maven2/org/apache/maven/maven-monitor/2.0.6/maven-monitor-2.0.6.pom (1.3 kB at 13 kB/s)
[INFO] Downloading from central: https://repo.maven.apache.org/maven2/org/codehaus/plexus/plexus-utils/2.0.5/plexus-utils-2.0.5.pom
[INFO] Downloaded from central: https://repo.maven.apache.org/maven2/org/codehaus/plexus/plexus-utils/2.0.5/plexus-utils-2.0.5.pom (3.3 kB at 28 kB/s)
[INFO] Downloading from central: https://repo.maven.apache.org/maven2/org/codehaus/plexus/plexus/2.0.6/plexus-2.0.6.pom
[INFO] Downloaded from central: https://repo.maven.apache.org/maven2/org/codehaus/plexus/plexus/2.0.6/plexus-2.0.6.pom (17 kB at 175 kB/s)
[INFO] Downloading from central: https://repo.maven.apache.org/maven2/org/apache/maven/shared/maven-filtering/1.1/maven-filtering-1.1.pom
[INFO] Downloaded from central: https://repo.maven.apache.org/maven2/org/apache/maven/shared/maven-filtering/1.1/maven-filtering-1.1.pom (5.8 kB at 73 kB/s)
[INFO] Downloading from central: https://repo.maven.apache.org/maven2/org/codehaus/plexus/plexus-interpolation/1.12/plexus-interpolation-1.12.pom
[INFO] Downloaded from central: https://repo.maven.apache.org/maven2/org/codehaus/plexus/plexus-interpolation/1.12/plexus-interpolation-1.12.pom (889 B at 11 kB/s)
[INFO] Downloading from central: https://repo.maven.apache.org/maven2/org/sonatype/plexus/plexus-build-api/0.0.4/plexus-build-api-0.0.4.pom
[INFO] Downloaded from central: https://repo.maven.apache.org/maven2/org/sonatype/plexus/plexus-build-api/0.0.4/plexus-build-api-0.0.4.pom (2.9 kB at 27 kB/s)
[INFO] Downloading from central: https://repo.maven.apache.org/maven2/org/sonatype/spice/spice-parent/10/spice-parent-10.pom
[INFO] Downloaded from central: https://repo.maven.apache.org/maven2/org/sonatype/spice/spice-parent/10/spice-parent-10.pom (3.0 kB at 34 kB/s)
[INFO] Downloading from central: https://repo.maven.apache.org/maven2/org/sonatype/forge/forge-parent/3/forge-parent-3.pom
[INFO] Downloaded from central: https://repo.maven.apache.org/maven2/org/sonatype/forge/forge-parent/3/forge-parent-3.pom (5.0 kB at 48 kB/s)
[INFO] Downloading from central: https://repo.maven.apache.org/maven2/org/codehaus/plexus/plexus-interpolation/1.13/plexus-interpolation-1.13.pom
[INFO] Downloaded from central: https://repo.maven.apache.org/maven2/org/codehaus/plexus/plexus-interpolation/1.13/plexus-interpolation-1.13.pom (890 B at 8.6 kB/s)
[INFO] Downloading from central: https://repo.maven.apache.org/maven2/org/codehaus/plexus/plexus-components/1.1.15/plexus-components-1.1.15.pom
[INFO] Downloaded from central: https://repo.maven.apache.org/maven2/org/codehaus/plexus/plexus-components/1.1.15/plexus-components-1.1.15.pom (2.8 kB at 23 kB/s)
[INFO] Downloading from central: https://repo.maven.apache.org/maven2/org/apache/maven/maven-plugin-api/2.0.6/maven-plugin-api-2.0.6.jar
[INFO] Downloading from central: https://repo.maven.apache.org/maven2/org/apache/maven/maven-artifact-manager/2.0.6/maven-artifact-manager-2.0.6.jar
[INFO] Downloading from central: https://repo.maven.apache.org/maven2/org/apache/maven/maven-profile/2.0.6/maven-profile-2.0.6.jar
[INFO] Downloading from central: https://repo.maven.apache.org/maven2/org/apache/maven/maven-project/2.0.6/maven-project-2.0.6.jar
[INFO] Downloading from central: https://repo.maven.apache.org/maven2/org/apache/maven/maven-plugin-registry/2.0.6/maven-plugin-registry-2.0.6.jar
[INFO] Downloaded from central: https://repo.maven.apache.org/maven2/org/apache/maven/maven-plugin-api/2.0.6/maven-plugin-api-2.0.6.jar (13 kB at 126 kB/s)
[INFO] Downloading from central: https://repo.maven.apache.org/maven2/org/apache/maven/maven-core/2.0.6/maven-core-2.0.6.jar
[INFO] Downloaded from central: https://repo.maven.apache.org/maven2/org/apache/maven/maven-profile/2.0.6/maven-profile-2.0.6.jar (35 kB at 240 kB/s)
[INFO] Downloading from central: https://repo.maven.apache.org/maven2/org/apache/maven/maven-plugin-parameter-documenter/2.0.6/maven-plugin-parameter-documenter-2.0.6.jar
[INFO] Downloaded from central: https://repo.maven.apache.org/maven2/org/apache/maven/maven-artifact-manager/2.0.6/maven-artifact-manager-2.0.6.jar (57 kB at 330 kB/s)
[INFO] Downloading from central: https://repo.maven.apache.org/maven2/org/apache/maven/reporting/maven-reporting-api/2.0.6/maven-reporting-api-2.0.6.jar
[INFO] Downloaded from central: https://repo.maven.apache.org/maven2/org/apache/maven/maven-core/2.0.6/maven-core-2.0.6.jar (152 kB at 740 kB/s)
[INFO] Downloading from central: https://repo.maven.apache.org/maven2/org/apache/maven/doxia/doxia-sink-api/1.0-alpha-7/doxia-sink-api-1.0-alpha-7.jar
[INFO] Downloaded from central: https://repo.maven.apache.org/maven2/org/apache/maven/maven-plugin-registry/2.0.6/maven-plugin-registry-2.0.6.jar (29 kB at 127 kB/s)
[INFO] Downloading from central: https://repo.maven.apache.org/maven2/org/apache/maven/maven-repository-metadata/2.0.6/maven-repository-metadata-2.0.6.jar
[INFO] Downloaded from central: https://repo.maven.apache.org/maven2/org/apache/maven/maven-project/2.0.6/maven-project-2.0.6.jar (116 kB at 484 kB/s)
[INFO] Downloading from central: https://repo.maven.apache.org/maven2/org/apache/maven/maven-error-diagnostics/2.0.6/maven-error-diagnostics-2.0.6.jar
[INFO] Downloaded from central: https://repo.maven.apache.org/maven2/org/apache/maven/maven-plugin-parameter-documenter/2.0.6/maven-plugin-parameter-documenter-2.0.6.jar (21 kB at 85 kB/s)
[INFO] Downloading from central: https://repo.maven.apache.org/maven2/org/apache/maven/maven-plugin-descriptor/2.0.6/maven-plugin-descriptor-2.0.6.jar
[INFO] Downloaded from central: https://repo.maven.apache.org/maven2/org/apache/maven/reporting/maven-reporting-api/2.0.6/maven-reporting-api-2.0.6.jar (9.9 kB at 34 kB/s)
[INFO] Downloading from central: https://repo.maven.apache.org/maven2/org/apache/maven/maven-artifact/2.0.6/maven-artifact-2.0.6.jar
[INFO] Downloaded from central: https://repo.maven.apache.org/maven2/org/apache/maven/doxia/doxia-sink-api/1.0-alpha-7/doxia-sink-api-1.0-alpha-7.jar (5.9 kB at 20 kB/s)
[INFO] Downloading from central: https://repo.maven.apache.org/maven2/org/apache/maven/maven-settings/2.0.6/maven-settings-2.0.6.jar
[INFO] Downloaded from central: https://repo.maven.apache.org/maven2/org/apache/maven/maven-repository-metadata/2.0.6/maven-repository-metadata-2.0.6.jar (24 kB at 77 kB/s)
[INFO] Downloading from central: https://repo.maven.apache.org/maven2/org/apache/maven/maven-model/2.0.6/maven-model-2.0.6.jar
[INFO] Downloaded from central: https://repo.maven.apache.org/maven2/org/apache/maven/maven-error-diagnostics/2.0.6/maven-error-diagnostics-2.0.6.jar (14 kB at 39 kB/s)
[INFO] Downloading from central: https://repo.maven.apache.org/maven2/org/apache/maven/maven-monitor/2.0.6/maven-monitor-2.0.6.jar
[INFO] Downloaded from central: https://repo.maven.apache.org/maven2/org/apache/maven/maven-plugin-descriptor/2.0.6/maven-plugin-descriptor-2.0.6.jar (37 kB at 100 kB/s)
[INFO] Downloading from central: https://repo.maven.apache.org/maven2/org/codehaus/plexus/plexus-utils/2.0.5/plexus-utils-2.0.5.jar
[INFO] Downloaded from central: https://repo.maven.apache.org/maven2/org/apache/maven/maven-artifact/2.0.6/maven-artifact-2.0.6.jar (87 kB at 222 kB/s)
[INFO] Downloading from central: https://repo.maven.apache.org/maven2/org/apache/maven/shared/maven-filtering/1.1/maven-filtering-1.1.jar
[INFO] Downloaded from central: https://repo.maven.apache.org/maven2/org/apache/maven/maven-model/2.0.6/maven-model-2.0.6.jar (86 kB at 203 kB/s)
[INFO] Downloading from central: https://repo.maven.apache.org/maven2/org/sonatype/plexus/plexus-build-api/0.0.4/plexus-build-api-0.0.4.jar
[INFO] Downloaded from central: https://repo.maven.apache.org/maven2/org/apache/maven/maven-settings/2.0.6/maven-settings-2.0.6.jar (49 kB at 107 kB/s)
[INFO] Downloading from central: https://repo.maven.apache.org/maven2/org/codehaus/plexus/plexus-interpolation/1.13/plexus-interpolation-1.13.jar
[INFO] Downloaded from central: https://repo.maven.apache.org/maven2/org/codehaus/plexus/plexus-utils/2.0.5/plexus-utils-2.0.5.jar (223 kB at 468 kB/s)
[INFO] Downloaded from central: https://repo.maven.apache.org/maven2/org/apache/maven/shared/maven-filtering/1.1/maven-filtering-1.1.jar (43 kB at 88 kB/s)
[INFO] Downloaded from central: https://repo.maven.apache.org/maven2/org/apache/maven/maven-monitor/2.0.6/maven-monitor-2.0.6.jar (10 kB at 20 kB/s)
[INFO] Downloaded from central: https://repo.maven.apache.org/maven2/org/sonatype/plexus/plexus-build-api/0.0.4/plexus-build-api-0.0.4.jar (6.8 kB at 13 kB/s)
[INFO] Downloaded from central: https://repo.maven.apache.org/maven2/org/codehaus/plexus/plexus-interpolation/1.13/plexus-interpolation-1.13.jar (61 kB at 106 kB/s)
[INFO] Using 'UTF-8' encoding to copy filtered resources.
[INFO] skip non existing resourceDirectory /app/common/src/main/resources
[INFO]
[INFO] --- maven-compiler-plugin:3.14.1:compile (default-compile) @ auto-common ---
[INFO] Downloading from central: https://repo.maven.apache.org/maven2/org/apache/maven/shared/maven-shared-utils/3.4.2/maven-shared-utils-3.4.2.pom
[INFO] Downloaded from central: https://repo.maven.apache.org/maven2/org/apache/maven/shared/maven-shared-utils/3.4.2/maven-shared-utils-3.4.2.pom (5.9 kB at 47 kB/s)
[INFO] Downloading from central: https://repo.maven.apache.org/maven2/org/apache/maven/shared/maven-shared-components/39/maven-shared-components-39.pom
[INFO] Downloaded from central: https://repo.maven.apache.org/maven2/org/apache/maven/shared/maven-shared-components/39/maven-shared-components-39.pom (3.2 kB at 30 kB/s)
[INFO] Downloading from central: https://repo.maven.apache.org/maven2/commons-io/commons-io/2.11.0/commons-io-2.11.0.pom
[INFO] Downloaded from central: https://repo.maven.apache.org/maven2/commons-io/commons-io/2.11.0/commons-io-2.11.0.pom (20 kB at 148 kB/s)
[INFO] Downloading from central: https://repo.maven.apache.org/maven2/org/junit/junit-bom/5.7.2/junit-bom-5.7.2.pom
[INFO] Downloaded from central: https://repo.maven.apache.org/maven2/org/junit/junit-bom/5.7.2/junit-bom-5.7.2.pom (5.1 kB at 50 kB/s)
[INFO] Downloading from central: https://repo.maven.apache.org/maven2/org/apache/maven/shared/maven-shared-incremental/1.1/maven-shared-incremental-1.1.pom
[INFO] Downloaded from central: https://repo.maven.apache.org/maven2/org/apache/maven/shared/maven-shared-incremental/1.1/maven-shared-incremental-1.1.pom (4.7 kB at 51 kB/s)
[INFO] Downloading from central: https://repo.maven.apache.org/maven2/org/codehaus/plexus/plexus-java/1.5.0/plexus-java-1.5.0.pom
[INFO] Downloaded from central: https://repo.maven.apache.org/maven2/org/codehaus/plexus/plexus-java/1.5.0/plexus-java-1.5.0.pom (4.1 kB at 36 kB/s)
[INFO] Downloading from central: https://repo.maven.apache.org/maven2/org/codehaus/plexus/plexus-languages/1.5.0/plexus-languages-1.5.0.pom
[INFO] Downloaded from central: https://repo.maven.apache.org/maven2/org/codehaus/plexus/plexus-languages/1.5.0/plexus-languages-1.5.0.pom (3.9 kB at 36 kB/s)
[INFO] Downloading from central: https://repo.maven.apache.org/maven2/org/codehaus/plexus/plexus/20/plexus-20.pom
[INFO] Downloaded from central: https://repo.maven.apache.org/maven2/org/codehaus/plexus/plexus/20/plexus-20.pom (29 kB at 210 kB/s)
[INFO] Downloading from central: https://repo.maven.apache.org/maven2/org/junit/junit-bom/5.11.4/junit-bom-5.11.4.pom
[INFO] Downloaded from central: https://repo.maven.apache.org/maven2/org/junit/junit-bom/5.11.4/junit-bom-5.11.4.pom (5.6 kB at 40 kB/s)
[INFO] Downloading from central: https://repo.maven.apache.org/maven2/com/thoughtworks/qdox/qdox/2.2.0/qdox-2.2.0.pom
[INFO] Downloaded from central: https://repo.maven.apache.org/maven2/com/thoughtworks/qdox/qdox/2.2.0/qdox-2.2.0.pom (18 kB at 159 kB/s)
[INFO] Downloading from central: https://repo.maven.apache.org/maven2/org/codehaus/plexus/plexus-compiler-api/2.15.0/plexus-compiler-api-2.15.0.pom
[INFO] Downloaded from central: https://repo.maven.apache.org/maven2/org/codehaus/plexus/plexus-compiler-api/2.15.0/plexus-compiler-api-2.15.0.pom (1.4 kB at 8.1 kB/s)
[INFO] Downloading from central: https://repo.maven.apache.org/maven2/org/codehaus/plexus/plexus-compiler/2.15.0/plexus-compiler-2.15.0.pom
[INFO] Downloaded from central: https://repo.maven.apache.org/maven2/org/codehaus/plexus/plexus-compiler/2.15.0/plexus-compiler-2.15.0.pom (7.6 kB at 58 kB/s)
[INFO] Downloading from central: https://repo.maven.apache.org/maven2/org/codehaus/plexus/plexus/17/plexus-17.pom
[INFO] Downloaded from central: https://repo.maven.apache.org/maven2/org/codehaus/plexus/plexus/17/plexus-17.pom (28 kB at 181 kB/s)
[INFO] Downloading from central: https://repo.maven.apache.org/maven2/org/codehaus/plexus/plexus-utils/4.0.2/plexus-utils-4.0.2.pom
[INFO] Downloaded from central: https://repo.maven.apache.org/maven2/org/codehaus/plexus/plexus-utils/4.0.2/plexus-utils-4.0.2.pom (13 kB at 71 kB/s)
[INFO] Downloading from central: https://repo.maven.apache.org/maven2/org/codehaus/plexus/plexus-compiler-manager/2.15.0/plexus-compiler-manager-2.15.0.pom
[INFO] Downloaded from central: https://repo.maven.apache.org/maven2/org/codehaus/plexus/plexus-compiler-manager/2.15.0/plexus-compiler-manager-2.15.0.pom (1.3 kB at 10 kB/s)
[INFO] Downloading from central: https://repo.maven.apache.org/maven2/org/codehaus/plexus/plexus-xml/3.0.1/plexus-xml-3.0.1.pom
[INFO] Downloaded from central: https://repo.maven.apache.org/maven2/org/codehaus/plexus/plexus-xml/3.0.1/plexus-xml-3.0.1.pom (3.7 kB at 37 kB/s)
[INFO] Downloading from central: https://repo.maven.apache.org/maven2/org/codehaus/plexus/plexus/18/plexus-18.pom
[INFO] Downloaded from central: https://repo.maven.apache.org/maven2/org/codehaus/plexus/plexus/18/plexus-18.pom (29 kB at 183 kB/s)
[INFO] Downloading from central: https://repo.maven.apache.org/maven2/org/codehaus/plexus/plexus-compiler-javac/2.15.0/plexus-compiler-javac-2.15.0.pom
[INFO] Downloaded from central: https://repo.maven.apache.org/maven2/org/codehaus/plexus/plexus-compiler-javac/2.15.0/plexus-compiler-javac-2.15.0.pom (1.3 kB at 7.1 kB/s)
[INFO] Downloading from central: https://repo.maven.apache.org/maven2/org/codehaus/plexus/plexus-compilers/2.15.0/plexus-compilers-2.15.0.pom
[INFO] Downloaded from central: https://repo.maven.apache.org/maven2/org/codehaus/plexus/plexus-compilers/2.15.0/plexus-compilers-2.15.0.pom (1.6 kB at 10 kB/s)
[INFO] Downloading from central: https://repo.maven.apache.org/maven2/org/apache/maven/shared/maven-shared-utils/3.4.2/maven-shared-utils-3.4.2.jar
[INFO] Downloading from central: https://repo.maven.apache.org/maven2/org/apache/maven/shared/maven-shared-incremental/1.1/maven-shared-incremental-1.1.jar
[INFO] Downloading from central: https://repo.maven.apache.org/maven2/commons-io/commons-io/2.11.0/commons-io-2.11.0.jar
[INFO] Downloading from central: https://repo.maven.apache.org/maven2/com/thoughtworks/qdox/qdox/2.2.0/qdox-2.2.0.jar
[INFO] Downloading from central: https://repo.maven.apache.org/maven2/org/codehaus/plexus/plexus-java/1.5.0/plexus-java-1.5.0.jar
[INFO] Downloaded from central: https://repo.maven.apache.org/maven2/org/apache/maven/shared/maven-shared-incremental/1.1/maven-shared-incremental-1.1.jar (14 kB at 127 kB/s)
[INFO] Downloading from central: https://repo.maven.apache.org/maven2/org/codehaus/plexus/plexus-compiler-api/2.15.0/plexus-compiler-api-2.15.0.jar
[INFO] Downloaded from central: https://repo.maven.apache.org/maven2/commons-io/commons-io/2.11.0/commons-io-2.11.0.jar (327 kB at 2.6 MB/s)
[INFO] Downloading from central: https://repo.maven.apache.org/maven2/org/codehaus/plexus/plexus-compiler-manager/2.15.0/plexus-compiler-manager-2.15.0.jar
[INFO] Downloaded from central: https://repo.maven.apache.org/maven2/org/apache/maven/shared/maven-shared-utils/3.4.2/maven-shared-utils-3.4.2.jar (151 kB at 1.2 MB/s)
[INFO] Downloading from central: https://repo.maven.apache.org/maven2/org/codehaus/plexus/plexus-xml/3.0.1/plexus-xml-3.0.1.jar
[INFO] Downloaded from central: https://repo.maven.apache.org/maven2/com/thoughtworks/qdox/qdox/2.2.0/qdox-2.2.0.jar (353 kB at 2.6 MB/s)
[INFO] Downloading from central: https://repo.maven.apache.org/maven2/org/codehaus/plexus/plexus-compiler-javac/2.15.0/plexus-compiler-javac-2.15.0.jar
[INFO] Downloaded from central: https://repo.maven.apache.org/maven2/org/codehaus/plexus/plexus-java/1.5.0/plexus-java-1.5.0.jar (57 kB at 372 kB/s)
[INFO] Downloading from central: https://repo.maven.apache.org/maven2/org/codehaus/plexus/plexus-utils/4.0.2/plexus-utils-4.0.2.jar
[INFO] Downloaded from central: https://repo.maven.apache.org/maven2/org/codehaus/plexus/plexus-compiler-manager/2.15.0/plexus-compiler-manager-2.15.0.jar (5.2 kB at 23 kB/s)
[INFO] Downloaded from central: https://repo.maven.apache.org/maven2/org/codehaus/plexus/plexus-compiler-api/2.15.0/plexus-compiler-api-2.15.0.jar (29 kB at 129 kB/s)
[INFO] Downloaded from central: https://repo.maven.apache.org/maven2/org/codehaus/plexus/plexus-xml/3.0.1/plexus-xml-3.0.1.jar (94 kB at 390 kB/s)
[INFO] Downloaded from central: https://repo.maven.apache.org/maven2/org/codehaus/plexus/plexus-compiler-javac/2.15.0/plexus-compiler-javac-2.15.0.jar (26 kB at 100 kB/s)
[INFO] Downloaded from central: https://repo.maven.apache.org/maven2/org/codehaus/plexus/plexus-utils/4.0.2/plexus-utils-4.0.2.jar (193 kB at 713 kB/s)
[INFO] Recompiling the module because of changed source code.
[INFO] Compiling 15 source files with javac [debug deprecation target 1.8] to target/classes
[WARNING] bootstrap class path not set in conjunction with -source 8
[WARNING] /app/common/src/main/java/com/google/auto/common/GeneratedAnnotationSpecs.java:[86,32] generatedAnnotation(javax.lang.model.util.Elements) in com.google.auto.common.GeneratedAnnotations has been deprecated
[INFO]
[INFO] --- maven-resources-plugin:2.6:testResources (default-testResources) @ auto-common ---
[INFO] Using 'UTF-8' encoding to copy filtered resources.
[INFO] skip non existing resourceDirectory /app/common/src/test/resources
[INFO]
[INFO] --- maven-compiler-plugin:3.14.1:testCompile (default-testCompile) @ auto-common ---
[INFO] Recompiling the module because of changed dependency.
[INFO] Compiling 12 source files with javac [debug deprecation target 1.8] to target/test-classes
[WARNING] bootstrap class path not set in conjunction with -source 8
[WARNING] /app/common/src/test/java/com/google/auto/common/BasicAnnotationProcessorTest.java:[26,55] com.google.auto.common.BasicAnnotationProcessor.ProcessingStep in com.google.auto.common.BasicAnnotationProcessor has been deprecated
[WARNING] /app/common/src/test/java/com/google/auto/common/AnnotationMirrorsTest.java:[203,17] SimpleAnnotationValueVisitor6() in javax.lang.model.util.SimpleAnnotationValueVisitor6 has been deprecated
[WARNING] /app/common/src/test/java/com/google/auto/common/AnnotationMirrorsTest.java:[203,67] SimpleAnnotationValueVisitor6() in javax.lang.model.util.SimpleAnnotationValueVisitor6 has been deprecated
[WARNING] /app/common/src/test/java/com/google/auto/common/AnnotationMirrorsTest.java:[220,17] SimpleAnnotationValueVisitor6() in javax.lang.model.util.SimpleAnnotationValueVisitor6 has been deprecated
[WARNING] /app/common/src/test/java/com/google/auto/common/AnnotationMirrorsTest.java:[220,67] SimpleAnnotationValueVisitor6() in javax.lang.model.util.SimpleAnnotationValueVisitor6 has been deprecated
[WARNING] /app/common/src/test/java/com/google/auto/common/MoreElementsTest.java:[536,21] getLocalAndInheritedMethods(javax.lang.model.element.TypeElement,javax.lang.model.util.Elements) in com.google.auto.common.MoreElements has been deprecated
[WARNING] /app/common/src/test/java/com/google/auto/common/MoreElementsTest.java:[542,21] getLocalAndInheritedMethods(javax.lang.model.element.TypeElement,javax.lang.model.util.Elements) in com.google.auto.common.MoreElements has been deprecated
[WARNING] /app/common/src/test/java/com/google/auto/common/OverridesTest.java:[721,7] SimpleTypeVisitor6() in javax.lang.model.util.SimpleTypeVisitor6 has been deprecated
[WARNING] /app/common/src/test/java/com/google/auto/common/OverridesTest.java:[721,46] SimpleTypeVisitor6() in javax.lang.model.util.SimpleTypeVisitor6 has been deprecated
[INFO]
[INFO] --- maven-surefire-plugin:2.12.4:test (default-test) @ auto-common ---
[INFO] Downloading from central: https://repo.maven.apache.org/maven2/org/apache/maven/surefire/surefire-booter/2.12.4/surefire-booter-2.12.4.pom
[INFO] Downloaded from central: https://repo.maven.apache.org/maven2/org/apache/maven/surefire/surefire-booter/2.12.4/surefire-booter-2.12.4.pom (3.0 kB at 25 kB/s)
[INFO] Downloading from central: https://repo.maven.apache.org/maven2/org/apache/maven/surefire/surefire-api/2.12.4/surefire-api-2.12.4.pom
[INFO] Downloaded from central: https://repo.maven.apache.org/maven2/org/apache/maven/surefire/surefire-api/2.12.4/surefire-api-2.12.4.pom (2.5 kB at 24 kB/s)
[INFO] Downloading from central: https://repo.maven.apache.org/maven2/org/apache/maven/surefire/maven-surefire-common/2.12.4/maven-surefire-common-2.12.4.pom
[INFO] Downloaded from central: https://repo.maven.apache.org/maven2/org/apache/maven/surefire/maven-surefire-common/2.12.4/maven-surefire-common-2.12.4.pom (5.5 kB at 53 kB/s)
[INFO] Downloading from central: https://repo.maven.apache.org/maven2/org/apache/maven/plugin-tools/maven-plugin-annotations/3.1/maven-plugin-annotations-3.1.pom
[INFO] Downloaded from central: https://repo.maven.apache.org/maven2/org/apache/maven/plugin-tools/maven-plugin-annotations/3.1/maven-plugin-annotations-3.1.pom (1.6 kB at 15 kB/s)
[INFO] Downloading from central: https://repo.maven.apache.org/maven2/org/apache/maven/plugin-tools/maven-plugin-tools/3.1/maven-plugin-tools-3.1.pom
[INFO] Downloaded from central: https://repo.maven.apache.org/maven2/org/apache/maven/plugin-tools/maven-plugin-tools/3.1/maven-plugin-tools-3.1.pom (16 kB at 172 kB/s)
[INFO] Downloading from central: https://repo.maven.apache.org/maven2/org/apache/maven/maven-toolchain/2.0.9/maven-toolchain-2.0.9.pom
[INFO] Downloaded from central: https://repo.maven.apache.org/maven2/org/apache/maven/maven-toolchain/2.0.9/maven-toolchain-2.0.9.pom (3.5 kB at 29 kB/s)
[INFO] Downloading from central: https://repo.maven.apache.org/maven2/org/apache/commons/commons-lang3/3.1/commons-lang3-3.1.pom
[INFO] Downloaded from central: https://repo.maven.apache.org/maven2/org/apache/commons/commons-lang3/3.1/commons-lang3-3.1.pom (17 kB at 204 kB/s)
[INFO] Downloading from central: https://repo.maven.apache.org/maven2/org/apache/commons/commons-parent/22/commons-parent-22.pom
[INFO] Downloaded from central: https://repo.maven.apache.org/maven2/org/apache/commons/commons-parent/22/commons-parent-22.pom (42 kB at 388 kB/s)
[INFO] Downloading from central: https://repo.maven.apache.org/maven2/org/apache/maven/shared/maven-common-artifact-filters/1.3/maven-common-artifact-filters-1.3.pom
[INFO] Downloaded from central: https://repo.maven.apache.org/maven2/org/apache/maven/shared/maven-common-artifact-filters/1.3/maven-common-artifact-filters-1.3.pom (3.7 kB at 40 kB/s)
[INFO] Downloading from central: https://repo.maven.apache.org/maven2/org/apache/maven/surefire/surefire-booter/2.12.4/surefire-booter-2.12.4.jar
[INFO] Downloading from central: https://repo.maven.apache.org/maven2/org/apache/maven/surefire/maven-surefire-common/2.12.4/maven-surefire-common-2.12.4.jar
[INFO] Downloading from central: https://repo.maven.apache.org/maven2/org/apache/maven/surefire/surefire-api/2.12.4/surefire-api-2.12.4.jar
[INFO] Downloading from central: https://repo.maven.apache.org/maven2/org/apache/maven/shared/maven-common-artifact-filters/1.3/maven-common-artifact-filters-1.3.jar
[INFO] Downloading from central: https://repo.maven.apache.org/maven2/org/apache/commons/commons-lang3/3.1/commons-lang3-3.1.jar
[INFO] Downloaded from central: https://repo.maven.apache.org/maven2/org/apache/commons/commons-lang3/3.1/commons-lang3-3.1.jar (316 kB at 2.9 MB/s)
[INFO] Downloading from central: https://repo.maven.apache.org/maven2/org/codehaus/plexus/plexus-utils/3.0.8/plexus-utils-3.0.8.jar
[INFO] Downloaded from central: https://repo.maven.apache.org/maven2/org/apache/maven/shared/maven-common-artifact-filters/1.3/maven-common-artifact-filters-1.3.jar (31 kB at 243 kB/s)
[INFO] Downloading from central: https://repo.maven.apache.org/maven2/org/apache/maven/reporting/maven-reporting-api/2.0.9/maven-reporting-api-2.0.9.jar
[INFO] Downloaded from central: https://repo.maven.apache.org/maven2/org/apache/maven/surefire/surefire-api/2.12.4/surefire-api-2.12.4.jar (118 kB at 721 kB/s)
[INFO] Downloading from central: https://repo.maven.apache.org/maven2/org/apache/maven/maven-toolchain/2.0.9/maven-toolchain-2.0.9.jar
[INFO] Downloaded from central: https://repo.maven.apache.org/maven2/org/apache/maven/surefire/maven-surefire-common/2.12.4/maven-surefire-common-2.12.4.jar (263 kB at 1.4 MB/s)
[INFO] Downloading from central: https://repo.maven.apache.org/maven2/org/apache/maven/plugin-tools/maven-plugin-annotations/3.1/maven-plugin-annotations-3.1.jar
[INFO] Downloaded from central: https://repo.maven.apache.org/maven2/org/apache/maven/surefire/surefire-booter/2.12.4/surefire-booter-2.12.4.jar (35 kB at 155 kB/s)
[INFO] Downloaded from central: https://repo.maven.apache.org/maven2/org/apache/maven/reporting/maven-reporting-api/2.0.9/maven-reporting-api-2.0.9.jar (10 kB at 45 kB/s)
[INFO] Downloaded from central: https://repo.maven.apache.org/maven2/org/codehaus/plexus/plexus-utils/3.0.8/plexus-utils-3.0.8.jar (232 kB at 995 kB/s)
[INFO] Downloaded from central: https://repo.maven.apache.org/maven2/org/apache/maven/maven-toolchain/2.0.9/maven-toolchain-2.0.9.jar (38 kB at 132 kB/s)
[INFO] Downloaded from central: https://repo.maven.apache.org/maven2/org/apache/maven/plugin-tools/maven-plugin-annotations/3.1/maven-plugin-annotations-3.1.jar (14 kB at 44 kB/s)
[INFO] Surefire report directory: /app/common/target/surefire-reports
[INFO] Downloading from central: https://repo.maven.apache.org/maven2/org/apache/maven/surefire/surefire-junit4/2.12.4/surefire-junit4-2.12.4.pom
[INFO] Downloaded from central: https://repo.maven.apache.org/maven2/org/apache/maven/surefire/surefire-junit4/2.12.4/surefire-junit4-2.12.4.pom (2.4 kB at 19 kB/s)
[INFO] Downloading from central: https://repo.maven.apache.org/maven2/org/apache/maven/surefire/surefire-providers/2.12.4/surefire-providers-2.12.4.pom
[INFO] Downloaded from central: https://repo.maven.apache.org/maven2/org/apache/maven/surefire/surefire-providers/2.12.4/surefire-providers-2.12.4.pom (2.3 kB at 14 kB/s)
[INFO] Downloading from central: https://repo.maven.apache.org/maven2/org/apache/maven/surefire/surefire-junit4/2.12.4/surefire-junit4-2.12.4.jar
[INFO] Downloaded from central: https://repo.maven.apache.org/maven2/org/apache/maven/surefire/surefire-junit4/2.12.4/surefire-junit4-2.12.4.jar (37 kB at 348 kB/s)

-------------------------------------------------------
 T E S T S
-------------------------------------------------------
Running com.google.auto.common.GeneratedAnnotationsTest
Tests run: 4, Failures: 0, Errors: 0, Skipped: 0, Time elapsed: 0.819 sec
Running com.google.auto.common.AnnotationValuesTest
Tests run: 27, Failures: 0, Errors: 0, Skipped: 0, Time elapsed: 1.093 sec
Running com.google.auto.common.BasicAnnotationProcessorTest
Tests run: 23, Failures: 0, Errors: 0, Skipped: 0, Time elapsed: 1.553 sec
Running com.google.auto.common.MoreTypesIsTypeOfTest
Tests run: 5, Failures: 0, Errors: 0, Skipped: 0, Time elapsed: 0.133 sec
Running com.google.auto.common.MoreTypesTest
Tests run: 9, Failures: 0, Errors: 0, Skipped: 0, Time elapsed: 0.297 sec
Running com.google.auto.common.SimpleAnnotationMirrorTest
Tests run: 7, Failures: 0, Errors: 0, Skipped: 0, Time elapsed: 0.14 sec
Running com.google.auto.common.MoreElementsTest
Tests run: 20, Failures: 0, Errors: 0, Skipped: 0, Time elapsed: 0.402 sec
Running com.google.auto.common.VisibilityTest
Tests run: 4, Failures: 0, Errors: 0, Skipped: 0, Time elapsed: 0.093 sec
Running com.google.auto.common.SimpleTypeAnnotationValueTest
Tests run: 5, Failures: 0, Errors: 0, Skipped: 0, Time elapsed: 0.084 sec
Running com.google.auto.common.OverridesTest
Tests run: 24, Failures: 0, Errors: 0, Skipped: 0, Time elapsed: 2.256 sec
Running com.google.auto.common.SuperficialValidationTest
Tests run: 11, Failures: 0, Errors: 0, Skipped: 0, Time elapsed: 0.239 sec
Running com.google.auto.common.AnnotationMirrorsTest
Tests run: 7, Failures: 0, Errors: 0, Skipped: 0, Time elapsed: 0.222 sec

Results :

Tests run: 146, Failures: 0, Errors: 0, Skipped: 0

[INFO]
[INFO] --- maven-jar-plugin:3.4.2:jar (default-jar) @ auto-common ---
[INFO] Downloading from central: https://repo.maven.apache.org/maven2/org/apache/maven/shared/file-management/3.1.0/file-management-3.1.0.pom
[INFO] Downloaded from central: https://repo.maven.apache.org/maven2/org/apache/maven/shared/file-management/3.1.0/file-management-3.1.0.pom (4.5 kB at 42 kB/s)
[INFO] Downloading from central: https://repo.maven.apache.org/maven2/org/apache/maven/shared/maven-shared-components/36/maven-shared-components-36.pom
[INFO] Downloaded from central: https://repo.maven.apache.org/maven2/org/apache/maven/shared/maven-shared-components/36/maven-shared-components-36.pom (4.9 kB at 53 kB/s)
[INFO] Downloading from central: https://repo.maven.apache.org/maven2/org/apache/maven/maven-parent/36/maven-parent-36.pom
[INFO] Downloaded from central: https://repo.maven.apache.org/maven2/org/apache/maven/maven-parent/36/maven-parent-36.pom (45 kB at 337 kB/s)
[INFO] Downloading from central: https://repo.maven.apache.org/maven2/org/apache/apache/26/apache-26.pom
[INFO] Downloaded from central: https://repo.maven.apache.org/maven2/org/apache/apache/26/apache-26.pom (21 kB at 216 kB/s)
[INFO] Downloading from central: https://repo.maven.apache.org/maven2/org/codehaus/plexus/plexus-utils/4.0.1/plexus-utils-4.0.1.pom
[INFO] Downloaded from central: https://repo.maven.apache.org/maven2/org/codehaus/plexus/plexus-utils/4.0.1/plexus-utils-4.0.1.pom (7.8 kB at 69 kB/s)
[INFO] Downloading from central: https://repo.maven.apache.org/maven2/commons-io/commons-io/2.16.1/commons-io-2.16.1.pom
[INFO] Downloaded from central: https://repo.maven.apache.org/maven2/commons-io/commons-io/2.16.1/commons-io-2.16.1.pom (20 kB at 150 kB/s)
[INFO] Downloading from central: https://repo.maven.apache.org/maven2/org/apache/commons/commons-parent/69/commons-parent-69.pom
[INFO] Downloaded from central: https://repo.maven.apache.org/maven2/org/apache/commons/commons-parent/69/commons-parent-69.pom (77 kB at 621 kB/s)
[INFO] Downloading from central: https://repo.maven.apache.org/maven2/org/apache/maven/maven-archiver/3.6.2/maven-archiver-3.6.2.pom
[INFO] Downloaded from central: https://repo.maven.apache.org/maven2/org/apache/maven/maven-archiver/3.6.2/maven-archiver-3.6.2.pom (4.4 kB at 36 kB/s)
[INFO] Downloading from central: https://repo.maven.apache.org/maven2/org/apache/maven/shared/maven-shared-components/41/maven-shared-components-41.pom
[INFO] Downloaded from central: https://repo.maven.apache.org/maven2/org/apache/maven/shared/maven-shared-components/41/maven-shared-components-41.pom (3.2 kB at 30 kB/s)
[INFO] Downloading from central: https://repo.maven.apache.org/maven2/org/codehaus/plexus/plexus-archiver/4.9.2/plexus-archiver-4.9.2.pom
[INFO] Downloaded from central: https://repo.maven.apache.org/maven2/org/codehaus/plexus/plexus-archiver/4.9.2/plexus-archiver-4.9.2.pom (6.0 kB at 61 kB/s)
[INFO] Downloading from central: https://repo.maven.apache.org/maven2/org/codehaus/plexus/plexus-io/3.4.2/plexus-io-3.4.2.pom
[INFO] Downloaded from central: https://repo.maven.apache.org/maven2/org/codehaus/plexus/plexus-io/3.4.2/plexus-io-3.4.2.pom (3.9 kB at 33 kB/s)
[INFO] Downloading from central: https://repo.maven.apache.org/maven2/org/codehaus/plexus/plexus/16/plexus-16.pom
[INFO] Downloaded from central: https://repo.maven.apache.org/maven2/org/codehaus/plexus/plexus/16/plexus-16.pom (28 kB at 311 kB/s)
[INFO] Downloading from central: https://repo.maven.apache.org/maven2/org/apache/commons/commons-compress/1.26.1/commons-compress-1.26.1.pom
[INFO] Downloaded from central: https://repo.maven.apache.org/maven2/org/apache/commons/commons-compress/1.26.1/commons-compress-1.26.1.pom (22 kB at 228 kB/s)
[INFO] Downloading from central: https://repo.maven.apache.org/maven2/org/apache/commons/commons-parent/66/commons-parent-66.pom
[INFO] Downloaded from central: https://repo.maven.apache.org/maven2/org/apache/commons/commons-parent/66/commons-parent-66.pom (77 kB at 430 kB/s)
[INFO] Downloading from central: https://repo.maven.apache.org/maven2/commons-codec/commons-codec/1.16.1/commons-codec-1.16.1.pom
[INFO] Downloaded from central: https://repo.maven.apache.org/maven2/commons-codec/commons-codec/1.16.1/commons-codec-1.16.1.pom (16 kB at 163 kB/s)
[INFO] Downloading from central: https://repo.maven.apache.org/maven2/org/apache/commons/commons-lang3/3.14.0/commons-lang3-3.14.0.pom
[INFO] Downloaded from central: https://repo.maven.apache.org/maven2/org/apache/commons/commons-lang3/3.14.0/commons-lang3-3.14.0.pom (31 kB at 219 kB/s)
[INFO] Downloading from central: https://repo.maven.apache.org/maven2/org/apache/commons/commons-parent/64/commons-parent-64.pom
[INFO] Downloaded from central: https://repo.maven.apache.org/maven2/org/apache/commons/commons-parent/64/commons-parent-64.pom (78 kB at 678 kB/s)
[INFO] Downloading from central: https://repo.maven.apache.org/maven2/org/apache/apache/30/apache-30.pom
[INFO] Downloaded from central: https://repo.maven.apache.org/maven2/org/apache/apache/30/apache-30.pom (23 kB at 165 kB/s)
[INFO] Downloading from central: https://repo.maven.apache.org/maven2/org/junit/junit-bom/5.10.0/junit-bom-5.10.0.pom
[INFO] Downloaded from central: https://repo.maven.apache.org/maven2/org/junit/junit-bom/5.10.0/junit-bom-5.10.0.pom (5.6 kB at 56 kB/s)
[INFO] Downloading from central: https://repo.maven.apache.org/maven2/org/iq80/snappy/snappy/0.4/snappy-0.4.pom
[INFO] Downloaded from central: https://repo.maven.apache.org/maven2/org/iq80/snappy/snappy/0.4/snappy-0.4.pom (15 kB at 87 kB/s)
[INFO] Downloading from central: https://repo.maven.apache.org/maven2/org/tukaani/xz/1.9/xz-1.9.pom
[INFO] Downloaded from central: https://repo.maven.apache.org/maven2/org/tukaani/xz/1.9/xz-1.9.pom (2.0 kB at 16 kB/s)
[INFO] Downloading from central: https://repo.maven.apache.org/maven2/com/github/luben/zstd-jni/1.5.5-11/zstd-jni-1.5.5-11.pom
[INFO] Downloaded from central: https://repo.maven.apache.org/maven2/com/github/luben/zstd-jni/1.5.5-11/zstd-jni-1.5.5-11.pom (2.0 kB at 18 kB/s)
[INFO] Downloading from central: https://repo.maven.apache.org/maven2/org/codehaus/plexus/plexus-interpolation/1.27/plexus-interpolation-1.27.pom
[INFO] Downloaded from central: https://repo.maven.apache.org/maven2/org/codehaus/plexus/plexus-interpolation/1.27/plexus-interpolation-1.27.pom (3.0 kB at 29 kB/s)
[INFO] Downloading from central: https://repo.maven.apache.org/maven2/org/apache/maven/shared/file-management/3.1.0/file-management-3.1.0.jar
[INFO] Downloading from central: https://repo.maven.apache.org/maven2/commons-io/commons-io/2.16.1/commons-io-2.16.1.jar
[INFO] Downloading from central: https://repo.maven.apache.org/maven2/org/codehaus/plexus/plexus-utils/4.0.1/plexus-utils-4.0.1.jar
[INFO] Downloading from central: https://repo.maven.apache.org/maven2/org/codehaus/plexus/plexus-interpolation/1.27/plexus-interpolation-1.27.jar
[INFO] Downloading from central: https://repo.maven.apache.org/maven2/org/apache/maven/maven-archiver/3.6.2/maven-archiver-3.6.2.jar
[INFO] Downloaded from central: https://repo.maven.apache.org/maven2/org/apache/maven/maven-archiver/3.6.2/maven-archiver-3.6.2.jar (27 kB at 244 kB/s)
[INFO] Downloading from central: https://repo.maven.apache.org/maven2/org/codehaus/plexus/plexus-archiver/4.9.2/plexus-archiver-4.9.2.jar
[INFO] Downloaded from central: https://repo.maven.apache.org/maven2/org/apache/maven/shared/file-management/3.1.0/file-management-3.1.0.jar (36 kB at 291 kB/s)
[INFO] Downloading from central: https://repo.maven.apache.org/maven2/org/codehaus/plexus/plexus-io/3.4.2/plexus-io-3.4.2.jar
[INFO] Downloaded from central: https://repo.maven.apache.org/maven2/org/codehaus/plexus/plexus-interpolation/1.27/plexus-interpolation-1.27.jar (86 kB at 676 kB/s)
[INFO] Downloading from central: https://repo.maven.apache.org/maven2/org/apache/commons/commons-compress/1.26.1/commons-compress-1.26.1.jar
[INFO] Downloaded from central: https://repo.maven.apache.org/maven2/commons-io/commons-io/2.16.1/commons-io-2.16.1.jar (509 kB at 3.3 MB/s)
[INFO] Downloading from central: https://repo.maven.apache.org/maven2/org/apache/commons/commons-lang3/3.14.0/commons-lang3-3.14.0.jar
[INFO] Downloaded from central: https://repo.maven.apache.org/maven2/org/codehaus/plexus/plexus-utils/4.0.1/plexus-utils-4.0.1.jar (193 kB at 1.1 MB/s)
[INFO] Downloading from central: https://repo.maven.apache.org/maven2/commons-codec/commons-codec/1.16.1/commons-codec-1.16.1.jar
[INFO] Downloaded from central: https://repo.maven.apache.org/maven2/org/codehaus/plexus/plexus-archiver/4.9.2/plexus-archiver-4.9.2.jar (225 kB at 948 kB/s)
[INFO] Downloading from central: https://repo.maven.apache.org/maven2/org/iq80/snappy/snappy/0.4/snappy-0.4.jar
[INFO] Downloaded from central: https://repo.maven.apache.org/maven2/org/codehaus/plexus/plexus-io/3.4.2/plexus-io-3.4.2.jar (79 kB at 288 kB/s)
[INFO] Downloading from central: https://repo.maven.apache.org/maven2/org/tukaani/xz/1.9/xz-1.9.jar
[INFO] Downloaded from central: https://repo.maven.apache.org/maven2/org/apache/commons/commons-compress/1.26.1/commons-compress-1.26.1.jar (1.1 MB at 3.4 MB/s)
[INFO] Downloading from central: https://repo.maven.apache.org/maven2/com/github/luben/zstd-jni/1.5.5-11/zstd-jni-1.5.5-11.jar
[INFO] Downloaded from central: https://repo.maven.apache.org/maven2/org/apache/commons/commons-lang3/3.14.0/commons-lang3-3.14.0.jar (658 kB at 2.0 MB/s)
[INFO] Downloaded from central: https://repo.maven.apache.org/maven2/commons-codec/commons-codec/1.16.1/commons-codec-1.16.1.jar (365 kB at 1.1 MB/s)
[INFO] Downloaded from central: https://repo.maven.apache.org/maven2/org/tukaani/xz/1.9/xz-1.9.jar (116 kB at 309 kB/s)
[INFO] Downloaded from central: https://repo.maven.apache.org/maven2/org/iq80/snappy/snappy/0.4/snappy-0.4.jar (58 kB at 152 kB/s)
[INFO] Downloaded from central: https://repo.maven.apache.org/maven2/com/github/luben/zstd-jni/1.5.5-11/zstd-jni-1.5.5-11.jar (6.8 MB at 11 MB/s)
[INFO] Building jar: /app/common/target/auto-common-HEAD-SNAPSHOT.jar
[INFO]
[INFO] --- maven-javadoc-plugin:3.12.0:jar (attach-javadocs) @ auto-common ---
[INFO] Downloading from central: https://repo.maven.apache.org/maven2/org/apache/maven/resolver/maven-resolver-util/1.4.1/maven-resolver-util-1.4.1.pom
[INFO] Downloaded from central: https://repo.maven.apache.org/maven2/org/apache/maven/resolver/maven-resolver-util/1.4.1/maven-resolver-util-1.4.1.pom (2.8 kB at 19 kB/s)
[INFO] Downloading from central: https://repo.maven.apache.org/maven2/org/apache/maven/resolver/maven-resolver/1.4.1/maven-resolver-1.4.1.pom
[INFO] Downloaded from central: https://repo.maven.apache.org/maven2/org/apache/maven/resolver/maven-resolver/1.4.1/maven-resolver-1.4.1.pom (18 kB at 124 kB/s)
[INFO] Downloading from central: https://repo.maven.apache.org/maven2/org/apache/maven/maven-parent/33/maven-parent-33.pom
[INFO] Downloaded from central: https://repo.maven.apache.org/maven2/org/apache/maven/maven-parent/33/maven-parent-33.pom (44 kB at 401 kB/s)
[INFO] Downloading from central: https://repo.maven.apache.org/maven2/org/apache/maven/resolver/maven-resolver-api/1.4.1/maven-resolver-api-1.4.1.pom
[INFO] Downloaded from central: https://repo.maven.apache.org/maven2/org/apache/maven/resolver/maven-resolver-api/1.4.1/maven-resolver-api-1.4.1.pom (2.6 kB at 23 kB/s)
[INFO] Downloading from central: https://repo.maven.apache.org/maven2/org/apache/maven/reporting/maven-reporting-api/4.0.0/maven-reporting-api-4.0.0.pom
[INFO] Downloaded from central: https://repo.maven.apache.org/maven2/org/apache/maven/reporting/maven-reporting-api/4.0.0/maven-reporting-api-4.0.0.pom (2.8 kB at 23 kB/s)
[INFO] Downloading from central: https://repo.maven.apache.org/maven2/org/apache/maven/shared/maven-shared-components/43/maven-shared-components-43.pom
[INFO] Downloaded from central: https://repo.maven.apache.org/maven2/org/apache/maven/shared/maven-shared-components/43/maven-shared-components-43.pom (3.8 kB at 32 kB/s)
[INFO] Downloading from central: https://repo.maven.apache.org/maven2/org/apache/maven/maven-parent/43/maven-parent-43.pom
[INFO] Downloaded from central: https://repo.maven.apache.org/maven2/org/apache/maven/maven-parent/43/maven-parent-43.pom (50 kB at 323 kB/s)
[INFO] Downloading from central: https://repo.maven.apache.org/maven2/org/apache/apache/33/apache-33.pom
[INFO] Downloaded from central: https://repo.maven.apache.org/maven2/org/apache/apache/33/apache-33.pom (24 kB at 269 kB/s)
[INFO] Downloading from central: https://repo.maven.apache.org/maven2/org/junit/junit-bom/5.10.3/junit-bom-5.10.3.pom
[INFO] Downloaded from central: https://repo.maven.apache.org/maven2/org/junit/junit-bom/5.10.3/junit-bom-5.10.3.pom (5.6 kB at 69 kB/s)
[INFO] Downloading from central: https://repo.maven.apache.org/maven2/org/apache/maven/doxia/doxia-sink-api/2.0.0/doxia-sink-api-2.0.0.pom
[INFO] Downloaded from central: https://repo.maven.apache.org/maven2/org/apache/maven/doxia/doxia-sink-api/2.0.0/doxia-sink-api-2.0.0.pom (1.4 kB at 13 kB/s)
[INFO] Downloading from central: https://repo.maven.apache.org/maven2/org/apache/maven/doxia/doxia/2.0.0/doxia-2.0.0.pom
[INFO] Downloaded from central: https://repo.maven.apache.org/maven2/org/apache/maven/doxia/doxia/2.0.0/doxia-2.0.0.pom (17 kB at 205 kB/s)
[INFO] Downloading from central: https://repo.maven.apache.org/maven2/org/junit/junit-bom/5.11.1/junit-bom-5.11.1.pom
[INFO] Downloaded from central: https://repo.maven.apache.org/maven2/org/junit/junit-bom/5.11.1/junit-bom-5.11.1.pom (5.6 kB at 61 kB/s)
[INFO] Downloading from central: https://repo.maven.apache.org/maven2/org/apache/maven/maven-archiver/3.6.4/maven-archiver-3.6.4.pom
[INFO] Downloaded from central: https://repo.maven.apache.org/maven2/org/apache/maven/maven-archiver/3.6.4/maven-archiver-3.6.4.pom (4.6 kB at 37 kB/s)
[INFO] Downloading from central: https://repo.maven.apache.org/maven2/org/apache/maven/shared/maven-shared-components/45/maven-shared-components-45.pom
[INFO] Downloaded from central: https://repo.maven.apache.org/maven2/org/apache/maven/shared/maven-shared-components/45/maven-shared-components-45.pom (3.8 kB at 29 kB/s)
[INFO] Downloading from central: https://repo.maven.apache.org/maven2/org/codehaus/plexus/plexus-archiver/4.10.0/plexus-archiver-4.10.0.pom
[INFO] Downloaded from central: https://repo.maven.apache.org/maven2/org/codehaus/plexus/plexus-archiver/4.10.0/plexus-archiver-4.10.0.pom (5.8 kB at 37 kB/s)
[INFO] Downloading from central: https://repo.maven.apache.org/maven2/org/codehaus/plexus/plexus-io/3.5.0/plexus-io-3.5.0.pom
[INFO] Downloaded from central: https://repo.maven.apache.org/maven2/org/codehaus/plexus/plexus-io/3.5.0/plexus-io-3.5.0.pom (4.3 kB at 44 kB/s)
[INFO] Downloading from central: https://repo.maven.apache.org/maven2/org/apache/commons/commons-compress/1.26.2/commons-compress-1.26.2.pom
[INFO] Downloaded from central: https://repo.maven.apache.org/maven2/org/apache/commons/commons-compress/1.26.2/commons-compress-1.26.2.pom (23 kB at 122 kB/s)
[INFO] Downloading from central: https://repo.maven.apache.org/maven2/commons-codec/commons-codec/1.17.0/commons-codec-1.17.0.pom
[INFO] Downloaded from central: https://repo.maven.apache.org/maven2/commons-codec/commons-codec/1.17.0/commons-codec-1.17.0.pom (18 kB at 167 kB/s)
[INFO] Downloading from central: https://repo.maven.apache.org/maven2/io/airlift/aircompressor/0.27/aircompressor-0.27.pom
[INFO] Downloaded from central: https://repo.maven.apache.org/maven2/io/airlift/aircompressor/0.27/aircompressor-0.27.pom (5.8 kB at 42 kB/s)
[INFO] Downloading from central: https://repo.maven.apache.org/maven2/io/airlift/airbase/112/airbase-112.pom
[INFO] Downloaded from central: https://repo.maven.apache.org/maven2/io/airlift/airbase/112/airbase-112.pom (69 kB at 478 kB/s)
[INFO] Downloading from central: https://repo.maven.apache.org/maven2/org/junit/junit-bom/5.8.0-M1/junit-bom-5.8.0-M1.pom
[INFO] Downloaded from central: https://repo.maven.apache.org/maven2/org/junit/junit-bom/5.8.0-M1/junit-bom-5.8.0-M1.pom (5.7 kB at 51 kB/s)
[INFO] Downloading from central: https://repo.maven.apache.org/maven2/com/github/luben/zstd-jni/1.5.6-3/zstd-jni-1.5.6-3.pom
[INFO] Downloaded from central: https://repo.maven.apache.org/maven2/com/github/luben/zstd-jni/1.5.6-3/zstd-jni-1.5.6-3.pom (2.0 kB at 19 kB/s)
[INFO] Downloading from central: https://repo.maven.apache.org/maven2/org/codehaus/plexus/plexus-interpolation/1.28/plexus-interpolation-1.28.pom
[INFO] Downloaded from central: https://repo.maven.apache.org/maven2/org/codehaus/plexus/plexus-interpolation/1.28/plexus-interpolation-1.28.pom (3.4 kB at 28 kB/s)
[INFO] Downloading from central: https://repo.maven.apache.org/maven2/org/apache/maven/shared/maven-invoker/3.3.0/maven-invoker-3.3.0.pom
[INFO] Downloaded from central: https://repo.maven.apache.org/maven2/org/apache/maven/shared/maven-invoker/3.3.0/maven-invoker-3.3.0.pom (4.2 kB at 37 kB/s)
[INFO] Downloading from central: https://repo.maven.apache.org/maven2/org/apache/maven/shared/maven-shared-components/42/maven-shared-components-42.pom
[INFO] Downloaded from central: https://repo.maven.apache.org/maven2/org/apache/maven/shared/maven-shared-components/42/maven-shared-components-42.pom (3.8 kB at 30 kB/s)
[INFO] Downloading from central: https://repo.maven.apache.org/maven2/org/apache/maven/shared/maven-common-artifact-filters/3.4.0/maven-common-artifact-filters-3.4.0.pom
[INFO] Downloaded from central: https://repo.maven.apache.org/maven2/org/apache/maven/shared/maven-common-artifact-filters/3.4.0/maven-common-artifact-filters-3.4.0.pom (5.4 kB at 33 kB/s)
[INFO] Downloading from central: https://repo.maven.apache.org/maven2/org/apache/maven/doxia/doxia-site-renderer/2.0.0/doxia-site-renderer-2.0.0.pom
[INFO] Downloaded from central: https://repo.maven.apache.org/maven2/org/apache/maven/doxia/doxia-site-renderer/2.0.0/doxia-site-renderer-2.0.0.pom (7.4 kB at 41 kB/s)
[INFO] Downloading from central: https://repo.maven.apache.org/maven2/org/apache/maven/doxia/doxia-sitetools/2.0.0/doxia-sitetools-2.0.0.pom
[INFO] Downloaded from central: https://repo.maven.apache.org/maven2/org/apache/maven/doxia/doxia-sitetools/2.0.0/doxia-sitetools-2.0.0.pom (12 kB at 80 kB/s)
[INFO] Downloading from central: https://repo.maven.apache.org/maven2/org/junit/junit-bom/5.11.2/junit-bom-5.11.2.pom
[INFO] Downloaded from central: https://repo.maven.apache.org/maven2/org/junit/junit-bom/5.11.2/junit-bom-5.11.2.pom (5.6 kB at 38 kB/s)
[INFO] Downloading from central: https://repo.maven.apache.org/maven2/org/apache/maven/doxia/doxia-core/2.0.0/doxia-core-2.0.0.pom
[INFO] Downloaded from central: https://repo.maven.apache.org/maven2/org/apache/maven/doxia/doxia-core/2.0.0/doxia-core-2.0.0.pom (3.9 kB at 38 kB/s)
[INFO] Downloading from central: https://repo.maven.apache.org/maven2/commons-io/commons-io/2.17.0/commons-io-2.17.0.pom
[INFO] Downloaded from central: https://repo.maven.apache.org/maven2/commons-io/commons-io/2.17.0/commons-io-2.17.0.pom (20 kB at 158 kB/s)
[INFO] Downloading from central: https://repo.maven.apache.org/maven2/org/apache/commons/commons-parent/74/commons-parent-74.pom
[INFO] Downloaded from central: https://repo.maven.apache.org/maven2/org/apache/commons/commons-parent/74/commons-parent-74.pom (78 kB at 505 kB/s)
[INFO] Downloading from central: https://repo.maven.apache.org/maven2/org/junit/junit-bom/5.11.0/junit-bom-5.11.0.pom
[INFO] Downloaded from central: https://repo.maven.apache.org/maven2/org/junit/junit-bom/5.11.0/junit-bom-5.11.0.pom (5.6 kB at 46 kB/s)
[INFO] Downloading from central: https://repo.maven.apache.org/maven2/org/apache/commons/commons-text/1.12.0/commons-text-1.12.0.pom
[INFO] Downloaded from central: https://repo.maven.apache.org/maven2/org/apache/commons/commons-text/1.12.0/commons-text-1.12.0.pom (20 kB at 236 kB/s)
[INFO] Downloading from central: https://repo.maven.apache.org/maven2/org/apache/commons/commons-lang3/3.17.0/commons-lang3-3.17.0.pom
[INFO] Downloaded from central: https://repo.maven.apache.org/maven2/org/apache/commons/commons-lang3/3.17.0/commons-lang3-3.17.0.pom (31 kB at 287 kB/s)
[INFO] Downloading from central: https://repo.maven.apache.org/maven2/org/apache/commons/commons-parent/73/commons-parent-73.pom
[INFO] Downloaded from central: https://repo.maven.apache.org/maven2/org/apache/commons/commons-parent/73/commons-parent-73.pom (78 kB at 863 kB/s)
[INFO] Downloading from central: https://repo.maven.apache.org/maven2/org/apache/maven/doxia/doxia-site-model/2.0.0/doxia-site-model-2.0.0.pom
[INFO] Downloaded from central: https://repo.maven.apache.org/maven2/org/apache/maven/doxia/doxia-site-model/2.0.0/doxia-site-model-2.0.0.pom (5.8 kB at 65 kB/s)
[INFO] Downloading from central: https://repo.maven.apache.org/maven2/org/eclipse/sisu/org.eclipse.sisu.plexus/0.9.0.M4/org.eclipse.sisu.plexus-0.9.0.M4.pom
[INFO] Downloaded from central: https://repo.maven.apache.org/maven2/org/eclipse/sisu/org.eclipse.sisu.plexus/0.9.0.M4/org.eclipse.sisu.plexus-0.9.0.M4.pom (17 kB at 214 kB/s)
[INFO] Downloading from central: https://repo.maven.apache.org/maven2/org/eclipse/sisu/sisu-inject/0.9.0.M4/sisu-inject-0.9.0.M4.pom
[INFO] Downloaded from central: https://repo.maven.apache.org/maven2/org/eclipse/sisu/sisu-inject/0.9.0.M4/sisu-inject-0.9.0.M4.pom (25 kB at 279 kB/s)
[INFO] Downloading from central: https://repo.maven.apache.org/maven2/org/junit/junit-bom/5.12.2/junit-bom-5.12.2.pom
[INFO] Downloaded from central: https://repo.maven.apache.org/maven2/org/junit/junit-bom/5.12.2/junit-bom-5.12.2.pom (5.6 kB at 39 kB/s)
[INFO] Downloading from central: https://repo.maven.apache.org/maven2/org/eclipse/sisu/org.eclipse.sisu.inject/0.9.0.M4/org.eclipse.sisu.inject-0.9.0.M4.pom
[INFO] Downloaded from central: https://repo.maven.apache.org/maven2/org/eclipse/sisu/org.eclipse.sisu.inject/0.9.0.M4/org.eclipse.sisu.inject-0.9.0.M4.pom (18 kB at 216 kB/s)
[INFO] Downloading from central: https://repo.maven.apache.org/maven2/org/codehaus/plexus/plexus-component-annotations/2.1.0/plexus-component-annotations-2.1.0.pom
[INFO] Downloaded from central: https://repo.maven.apache.org/maven2/org/codehaus/plexus/plexus-component-annotations/2.1.0/plexus-component-annotations-2.1.0.pom (750 B at 8.6 kB/s)
[INFO] Downloading from central: https://repo.maven.apache.org/maven2/org/codehaus/plexus/plexus-containers/2.1.0/plexus-containers-2.1.0.pom
[INFO] Downloaded from central: https://repo.maven.apache.org/maven2/org/codehaus/plexus/plexus-containers/2.1.0/plexus-containers-2.1.0.pom (4.8 kB at 50 kB/s)
[INFO] Downloading from central: https://repo.maven.apache.org/maven2/org/codehaus/plexus/plexus/5.1/plexus-5.1.pom
[INFO] Downloaded from central: https://repo.maven.apache.org/maven2/org/codehaus/plexus/plexus/5.1/plexus-5.1.pom (23 kB at 173 kB/s)
[INFO] Downloading from central: https://repo.maven.apache.org/maven2/org/codehaus/plexus/plexus-classworlds/2.6.0/plexus-classworlds-2.6.0.pom
[INFO] Downloaded from central: https://repo.maven.apache.org/maven2/org/codehaus/plexus/plexus-classworlds/2.6.0/plexus-classworlds-2.6.0.pom (7.9 kB at 60 kB/s)
[INFO] Downloading from central: https://repo.maven.apache.org/maven2/org/apache/maven/doxia/doxia-skin-model/2.0.0/doxia-skin-model-2.0.0.pom
[INFO] Downloaded from central: https://repo.maven.apache.org/maven2/org/apache/maven/doxia/doxia-skin-model/2.0.0/doxia-skin-model-2.0.0.pom (3.0 kB at 25 kB/s)
[INFO] Downloading from central: https://repo.maven.apache.org/maven2/org/apache/maven/doxia/doxia-module-xhtml5/2.0.0/doxia-module-xhtml5-2.0.0.pom
[INFO] Downloaded from central: https://repo.maven.apache.org/maven2/org/apache/maven/doxia/doxia-module-xhtml5/2.0.0/doxia-module-xhtml5-2.0.0.pom (2.9 kB at 33 kB/s)
[INFO] Downloading from central: https://repo.maven.apache.org/maven2/org/apache/maven/doxia/doxia-modules/2.0.0/doxia-modules-2.0.0.pom
[INFO] Downloaded from central: https://repo.maven.apache.org/maven2/org/apache/maven/doxia/doxia-modules/2.0.0/doxia-modules-2.0.0.pom (2.5 kB at 25 kB/s)
[INFO] Downloading from central: https://repo.maven.apache.org/maven2/org/codehaus/plexus/plexus-velocity/2.2.0/plexus-velocity-2.2.0.pom
[INFO] Downloaded from central: https://repo.maven.apache.org/maven2/org/codehaus/plexus/plexus-velocity/2.2.0/plexus-velocity-2.2.0.pom (4.1 kB at 52 kB/s)
[INFO] Downloading from central: https://repo.maven.apache.org/maven2/org/codehaus/plexus/plexus/19/plexus-19.pom
[INFO] Downloaded from central: https://repo.maven.apache.org/maven2/org/codehaus/plexus/plexus/19/plexus-19.pom (25 kB at 267 kB/s)
[INFO] Downloading from central: https://repo.maven.apache.org/maven2/org/apache/velocity/velocity-engine-core/2.4/velocity-engine-core-2.4.pom
[INFO] Downloaded from central: https://repo.maven.apache.org/maven2/org/apache/velocity/velocity-engine-core/2.4/velocity-engine-core-2.4.pom (12 kB at 146 kB/s)
[INFO] Downloading from central: https://repo.maven.apache.org/maven2/org/apache/velocity/velocity-engine-parent/2.4/velocity-engine-parent-2.4.pom
[INFO] Downloaded from central: https://repo.maven.apache.org/maven2/org/apache/velocity/velocity-engine-parent/2.4/velocity-engine-parent-2.4.pom (9.5 kB at 134 kB/s)
[INFO] Downloading from central: https://repo.maven.apache.org/maven2/org/apache/velocity/velocity-master/7/velocity-master-7.pom
[INFO] Downloaded from central: https://repo.maven.apache.org/maven2/org/apache/velocity/velocity-master/7/velocity-master-7.pom (7.9 kB at 87 kB/s)
[INFO] Downloading from central: https://repo.maven.apache.org/maven2/org/apache/velocity/tools/velocity-tools-generic/3.1/velocity-tools-generic-3.1.pom
[INFO] Downloaded from central: https://repo.maven.apache.org/maven2/org/apache/velocity/tools/velocity-tools-generic/3.1/velocity-tools-generic-3.1.pom (2.6 kB at 24 kB/s)
[INFO] Downloading from central: https://repo.maven.apache.org/maven2/org/apache/velocity/tools/velocity-tools-parent/3.1/velocity-tools-parent-3.1.pom
[INFO] Downloaded from central: https://repo.maven.apache.org/maven2/org/apache/velocity/tools/velocity-tools-parent/3.1/velocity-tools-parent-3.1.pom (8.0 kB at 73 kB/s)
[INFO] Downloading from central: https://repo.maven.apache.org/maven2/org/apache/velocity/velocity-master/4/velocity-master-4.pom
[INFO] Downloaded from central: https://repo.maven.apache.org/maven2/org/apache/velocity/velocity-master/4/velocity-master-4.pom (7.8 kB at 87 kB/s)
[INFO] Downloading from central: https://repo.maven.apache.org/maven2/org/apache/velocity/velocity-engine-core/2.3/velocity-engine-core-2.3.pom
[INFO] Downloaded from central: https://repo.maven.apache.org/maven2/org/apache/velocity/velocity-engine-core/2.3/velocity-engine-core-2.3.pom (10 kB at 102 kB/s)
[INFO] Downloading from central: https://repo.maven.apache.org/maven2/org/apache/velocity/velocity-engine-parent/2.3/velocity-engine-parent-2.3.pom
[INFO] Downloaded from central: https://repo.maven.apache.org/maven2/org/apache/velocity/velocity-engine-parent/2.3/velocity-engine-parent-2.3.pom (14 kB at 112 kB/s)
[INFO] Downloading from central: https://repo.maven.apache.org/maven2/org/apache/commons/commons-lang3/3.11/commons-lang3-3.11.pom
[INFO] Downloaded from central: https://repo.maven.apache.org/maven2/org/apache/commons/commons-lang3/3.11/commons-lang3-3.11.pom (30 kB at 222 kB/s)
[INFO] Downloading from central: https://repo.maven.apache.org/maven2/org/slf4j/slf4j-api/1.7.30/slf4j-api-1.7.30.pom
[INFO] Downloaded from central: https://repo.maven.apache.org/maven2/org/slf4j/slf4j-api/1.7.30/slf4j-api-1.7.30.pom (3.8 kB at 30 kB/s)
[INFO] Downloading from central: https://repo.maven.apache.org/maven2/org/slf4j/slf4j-parent/1.7.30/slf4j-parent-1.7.30.pom
[INFO] Downloaded from central: https://repo.maven.apache.org/maven2/org/slf4j/slf4j-parent/1.7.30/slf4j-parent-1.7.30.pom (14 kB at 93 kB/s)
[INFO] Downloading from central: https://repo.maven.apache.org/maven2/commons-beanutils/commons-beanutils/1.9.4/commons-beanutils-1.9.4.pom
[INFO] Downloaded from central: https://repo.maven.apache.org/maven2/commons-beanutils/commons-beanutils/1.9.4/commons-beanutils-1.9.4.pom (18 kB at 153 kB/s)
[INFO] Downloading from central: https://repo.maven.apache.org/maven2/org/apache/commons/commons-parent/47/commons-parent-47.pom
[INFO] Downloaded from central: https://repo.maven.apache.org/maven2/org/apache/commons/commons-parent/47/commons-parent-47.pom (78 kB at 531 kB/s)
[INFO] Downloading from central: https://repo.maven.apache.org/maven2/org/apache/apache/19/apache-19.pom
[INFO] Downloaded from central: https://repo.maven.apache.org/maven2/org/apache/apache/19/apache-19.pom (15 kB at 137 kB/s)
[INFO] Downloading from central: https://repo.maven.apache.org/maven2/org/apache/commons/commons-digester3/3.2/commons-digester3-3.2.pom
[INFO] Downloaded from central: https://repo.maven.apache.org/maven2/org/apache/commons/commons-digester3/3.2/commons-digester3-3.2.pom (18 kB at 183 kB/s)
[INFO] Downloading from central: https://repo.maven.apache.org/maven2/commons-beanutils/commons-beanutils/1.8.3/commons-beanutils-1.8.3.pom
[INFO] Downloaded from central: https://repo.maven.apache.org/maven2/commons-beanutils/commons-beanutils/1.8.3/commons-beanutils-1.8.3.pom (11 kB at 54 kB/s)
[INFO] Downloading from central: https://repo.maven.apache.org/maven2/org/apache/commons/commons-parent/14/commons-parent-14.pom
[INFO] Downloaded from central: https://repo.maven.apache.org/maven2/org/apache/commons/commons-parent/14/commons-parent-14.pom (31 kB at 224 kB/s)
[INFO] Downloading from central: https://repo.maven.apache.org/maven2/commons-logging/commons-logging/1.1.1/commons-logging-1.1.1.pom
[INFO] Downloaded from central: https://repo.maven.apache.org/maven2/commons-logging/commons-logging/1.1.1/commons-logging-1.1.1.pom (18 kB at 130 kB/s)
[INFO] Downloading from central: https://repo.maven.apache.org/maven2/org/apache/commons/commons-parent/5/commons-parent-5.pom
[INFO] Downloaded from central: https://repo.maven.apache.org/maven2/org/apache/commons/commons-parent/5/commons-parent-5.pom (16 kB at 82 kB/s)
[INFO] Downloading from central: https://repo.maven.apache.org/maven2/org/apache/commons/commons-lang3/3.10/commons-lang3-3.10.pom
[INFO] Downloaded from central: https://repo.maven.apache.org/maven2/org/apache/commons/commons-lang3/3.10/commons-lang3-3.10.pom (31 kB at 209 kB/s)
[INFO] Downloading from central: https://repo.maven.apache.org/maven2/org/apache/commons/commons-parent/50/commons-parent-50.pom
[INFO] Downloaded from central: https://repo.maven.apache.org/maven2/org/apache/commons/commons-parent/50/commons-parent-50.pom (76 kB at 540 kB/s)
[INFO] Downloading from central: https://repo.maven.apache.org/maven2/com/github/cliftonlabs/json-simple/3.0.2/json-simple-3.0.2.pom
[INFO] Downloaded from central: https://repo.maven.apache.org/maven2/com/github/cliftonlabs/json-simple/3.0.2/json-simple-3.0.2.pom (7.5 kB at 47 kB/s)
[INFO] Downloading from central: https://repo.maven.apache.org/maven2/org/apache/maven/doxia/doxia-integration-tools/2.0.0/doxia-integration-tools-2.0.0.pom
[INFO] Downloaded from central: https://repo.maven.apache.org/maven2/org/apache/maven/doxia/doxia-integration-tools/2.0.0/doxia-integration-tools-2.0.0.pom (7.8 kB at 21 kB/s)
[INFO] Downloading from central: https://repo.maven.apache.org/maven2/org/codehaus/plexus/plexus-i18n/1.0-beta-10/plexus-i18n-1.0-beta-10.pom
[INFO] Downloaded from central: https://repo.maven.apache.org/maven2/org/codehaus/plexus/plexus-i18n/1.0-beta-10/plexus-i18n-1.0-beta-10.pom (2.1 kB at 7.6 kB/s)
[INFO] Downloading from central: https://repo.maven.apache.org/maven2/org/apache/maven/wagon/wagon-provider-api/3.5.3/wagon-provider-api-3.5.3.pom
[INFO] Downloaded from central: https://repo.maven.apache.org/maven2/org/apache/maven/wagon/wagon-provider-api/3.5.3/wagon-provider-api-3.5.3.pom (1.9 kB at 11 kB/s)
[INFO] Downloading from central: https://repo.maven.apache.org/maven2/org/apache/maven/wagon/wagon/3.5.3/wagon-3.5.3.pom
[INFO] Downloaded from central: https://repo.maven.apache.org/maven2/org/apache/maven/wagon/wagon/3.5.3/wagon-3.5.3.pom (21 kB at 127 kB/s)
[INFO] Downloading from central: https://repo.maven.apache.org/maven2/org/apache/maven/maven-parent/34/maven-parent-34.pom
[INFO] Downloaded from central: https://repo.maven.apache.org/maven2/org/apache/maven/maven-parent/34/maven-parent-34.pom (43 kB at 263 kB/s)
[INFO] Downloading from central: https://repo.maven.apache.org/maven2/org/apache/commons/commons-text/1.14.0/commons-text-1.14.0.pom
[INFO] Downloaded from central: https://repo.maven.apache.org/maven2/org/apache/commons/commons-text/1.14.0/commons-text-1.14.0.pom (23 kB at 138 kB/s)
[INFO] Downloading from central: https://repo.maven.apache.org/maven2/org/apache/httpcomponents/httpclient/4.5.14/httpclient-4.5.14.pom
[INFO] Downloaded from central: https://repo.maven.apache.org/maven2/org/apache/httpcomponents/httpclient/4.5.14/httpclient-4.5.14.pom (6.6 kB at 40 kB/s)
[INFO] Downloading from central: https://repo.maven.apache.org/maven2/org/apache/httpcomponents/httpcomponents-client/4.5.14/httpcomponents-client-4.5.14.pom
[INFO] Downloaded from central: https://repo.maven.apache.org/maven2/org/apache/httpcomponents/httpcomponents-client/4.5.14/httpcomponents-client-4.5.14.pom (15 kB at 103 kB/s)
[INFO] Downloading from central: https://repo.maven.apache.org/maven2/org/apache/httpcomponents/httpcore/4.4.16/httpcore-4.4.16.pom
[INFO] Downloaded from central: https://repo.maven.apache.org/maven2/org/apache/httpcomponents/httpcore/4.4.16/httpcore-4.4.16.pom (5.0 kB at 48 kB/s)
[INFO] Downloading from central: https://repo.maven.apache.org/maven2/org/apache/httpcomponents/httpcomponents-core/4.4.16/httpcomponents-core-4.4.16.pom
[INFO] Downloaded from central: https://repo.maven.apache.org/maven2/org/apache/httpcomponents/httpcomponents-core/4.4.16/httpcomponents-core-4.4.16.pom (12 kB at 87 kB/s)
[INFO] Downloading from central: https://repo.maven.apache.org/maven2/org/codehaus/plexus/plexus-io/3.5.1/plexus-io-3.5.1.pom
[INFO] Downloaded from central: https://repo.maven.apache.org/maven2/org/codehaus/plexus/plexus-io/3.5.1/plexus-io-3.5.1.pom (4.3 kB at 43 kB/s)
[INFO] Downloading from central: https://repo.maven.apache.org/maven2/commons-io/commons-io/2.20.0/commons-io-2.20.0.pom
[INFO] Downloaded from central: https://repo.maven.apache.org/maven2/commons-io/commons-io/2.20.0/commons-io-2.20.0.pom (20 kB at 171 kB/s)
[INFO] Downloading from central: https://repo.maven.apache.org/maven2/org/codehaus/plexus/plexus-interactivity-api/1.4/plexus-interactivity-api-1.4.pom
[INFO] Downloaded from central: https://repo.maven.apache.org/maven2/org/codehaus/plexus/plexus-interactivity-api/1.4/plexus-interactivity-api-1.4.pom (1.7 kB at 6.4 kB/s)
[INFO] Downloading from central: https://repo.maven.apache.org/maven2/org/codehaus/plexus/plexus-interactivity/1.4/plexus-interactivity-1.4.pom
[INFO] Downloaded from central: https://repo.maven.apache.org/maven2/org/codehaus/plexus/plexus-interactivity/1.4/plexus-interactivity-1.4.pom (1.7 kB at 9.9 kB/s)
[INFO] Downloading from central: https://repo.maven.apache.org/maven2/org/apache/maven/resolver/maven-resolver-util/1.4.1/maven-resolver-util-1.4.1.jar
[INFO] Downloading from central: https://repo.maven.apache.org/maven2/org/apache/maven/reporting/maven-reporting-api/4.0.0/maven-reporting-api-4.0.0.jar
[INFO] Downloading from central: https://repo.maven.apache.org/maven2/org/apache/maven/resolver/maven-resolver-api/1.4.1/maven-resolver-api-1.4.1.jar
[INFO] Downloading from central: https://repo.maven.apache.org/maven2/org/codehaus/plexus/plexus-interpolation/1.28/plexus-interpolation-1.28.jar
[INFO] Downloading from central: https://repo.maven.apache.org/maven2/org/apache/maven/maven-archiver/3.6.4/maven-archiver-3.6.4.jar
[INFO] Downloaded from central: https://repo.maven.apache.org/maven2/org/apache/maven/reporting/maven-reporting-api/4.0.0/maven-reporting-api-4.0.0.jar (9.8 kB at 90 kB/s)
[INFO] Downloading from central: https://repo.maven.apache.org/maven2/org/apache/maven/shared/maven-invoker/3.3.0/maven-invoker-3.3.0.jar
[INFO] Downloaded from central: https://repo.maven.apache.org/maven2/org/codehaus/plexus/plexus-interpolation/1.28/plexus-interpolation-1.28.jar (87 kB at 665 kB/s)
[INFO] Downloading from central: https://repo.maven.apache.org/maven2/org/apache/maven/shared/maven-common-artifact-filters/3.4.0/maven-common-artifact-filters-3.4.0.jar
[INFO] Downloaded from central: https://repo.maven.apache.org/maven2/org/apache/maven/resolver/maven-resolver-api/1.4.1/maven-resolver-api-1.4.1.jar (149 kB at 980 kB/s)
[INFO] Downloading from central: https://repo.maven.apache.org/maven2/org/apache/maven/doxia/doxia-sink-api/2.0.0/doxia-sink-api-2.0.0.jar
[INFO] Downloaded from central: https://repo.maven.apache.org/maven2/org/apache/maven/maven-archiver/3.6.4/maven-archiver-3.6.4.jar (27 kB at 171 kB/s)
[INFO] Downloading from central: https://repo.maven.apache.org/maven2/org/apache/maven/doxia/doxia-site-renderer/2.0.0/doxia-site-renderer-2.0.0.jar
[INFO] Downloaded from central: https://repo.maven.apache.org/maven2/org/apache/maven/shared/maven-invoker/3.3.0/maven-invoker-3.3.0.jar (34 kB at 165 kB/s)
[INFO] Downloading from central: https://repo.maven.apache.org/maven2/org/apache/maven/doxia/doxia-core/2.0.0/doxia-core-2.0.0.jar
[INFO] Downloaded from central: https://repo.maven.apache.org/maven2/org/apache/maven/resolver/maven-resolver-util/1.4.1/maven-resolver-util-1.4.1.jar (168 kB at 776 kB/s)
[INFO] Downloading from central: https://repo.maven.apache.org/maven2/org/apache/maven/doxia/doxia-site-model/2.0.0/doxia-site-model-2.0.0.jar
[INFO] Downloaded from central: https://repo.maven.apache.org/maven2/org/apache/maven/shared/maven-common-artifact-filters/3.4.0/maven-common-artifact-filters-3.4.0.jar (58 kB at 231 kB/s)
[INFO] Downloading from central: https://repo.maven.apache.org/maven2/org/apache/maven/doxia/doxia-skin-model/2.0.0/doxia-skin-model-2.0.0.jar
[INFO] Downloaded from central: https://repo.maven.apache.org/maven2/org/apache/maven/doxia/doxia-site-renderer/2.0.0/doxia-site-renderer-2.0.0.jar (44 kB at 154 kB/s)
[INFO] Downloading from central: https://repo.maven.apache.org/maven2/org/apache/maven/doxia/doxia-module-xhtml5/2.0.0/doxia-module-xhtml5-2.0.0.jar
[INFO] Downloaded from central: https://repo.maven.apache.org/maven2/org/apache/maven/doxia/doxia-sink-api/2.0.0/doxia-sink-api-2.0.0.jar (11 kB at 38 kB/s)
[INFO] Downloading from central: https://repo.maven.apache.org/maven2/org/eclipse/sisu/org.eclipse.sisu.plexus/0.9.0.M4/org.eclipse.sisu.plexus-0.9.0.M4.jar
[INFO] Downloaded from central: https://repo.maven.apache.org/maven2/org/apache/maven/doxia/doxia-core/2.0.0/doxia-core-2.0.0.jar (168 kB at 530 kB/s)
[INFO] Downloading from central: https://repo.maven.apache.org/maven2/org/eclipse/sisu/org.eclipse.sisu.inject/0.9.0.M4/org.eclipse.sisu.inject-0.9.0.M4.jar
[INFO] Downloaded from central: https://repo.maven.apache.org/maven2/org/apache/maven/doxia/doxia-site-model/2.0.0/doxia-site-model-2.0.0.jar (86 kB at 247 kB/s)
[INFO] Downloading from central: https://repo.maven.apache.org/maven2/org/codehaus/plexus/plexus-component-annotations/2.1.0/plexus-component-annotations-2.1.0.jar
[INFO] Downloaded from central: https://repo.maven.apache.org/maven2/org/apache/maven/doxia/doxia-skin-model/2.0.0/doxia-skin-model-2.0.0.jar (16 kB at 47 kB/s)
[INFO] Downloading from central: https://repo.maven.apache.org/maven2/org/codehaus/plexus/plexus-classworlds/2.6.0/plexus-classworlds-2.6.0.jar
[INFO] Downloaded from central: https://repo.maven.apache.org/maven2/org/eclipse/sisu/org.eclipse.sisu.plexus/0.9.0.M4/org.eclipse.sisu.plexus-0.9.0.M4.jar (216 kB at 528 kB/s)
[INFO] Downloading from central: https://repo.maven.apache.org/maven2/org/codehaus/plexus/plexus-velocity/2.2.0/plexus-velocity-2.2.0.jar
[INFO] Downloaded from central: https://repo.maven.apache.org/maven2/org/eclipse/sisu/org.eclipse.sisu.inject/0.9.0.M4/org.eclipse.sisu.inject-0.9.0.M4.jar (305 kB at 735 kB/s)
[INFO] Downloading from central: https://repo.maven.apache.org/maven2/org/apache/velocity/velocity-engine-core/2.4/velocity-engine-core-2.4.jar
[INFO] Downloaded from central: https://repo.maven.apache.org/maven2/org/apache/maven/doxia/doxia-module-xhtml5/2.0.0/doxia-module-xhtml5-2.0.0.jar (17 kB at 39 kB/s)
[INFO] Downloading from central: https://repo.maven.apache.org/maven2/org/apache/velocity/tools/velocity-tools-generic/3.1/velocity-tools-generic-3.1.jar
[INFO] Downloaded from central: https://repo.maven.apache.org/maven2/org/codehaus/plexus/plexus-component-annotations/2.1.0/plexus-component-annotations-2.1.0.jar (4.2 kB at 8.6 kB/s)
[INFO] Downloaded from central: https://repo.maven.apache.org/maven2/org/codehaus/plexus/plexus-classworlds/2.6.0/plexus-classworlds-2.6.0.jar (53 kB at 108 kB/s)
[INFO] Downloading from central: https://repo.maven.apache.org/maven2/commons-beanutils/commons-beanutils/1.9.4/commons-beanutils-1.9.4.jar
[INFO] Downloading from central: https://repo.maven.apache.org/maven2/org/apache/commons/commons-digester3/3.2/commons-digester3-3.2.jar
[INFO] Downloaded from central: https://repo.maven.apache.org/maven2/org/codehaus/plexus/plexus-velocity/2.2.0/plexus-velocity-2.2.0.jar (5.7 kB at 11 kB/s)
[INFO] Downloading from central: https://repo.maven.apache.org/maven2/com/github/cliftonlabs/json-simple/3.0.2/json-simple-3.0.2.jar
[INFO] Downloaded from central: https://repo.maven.apache.org/maven2/org/apache/velocity/velocity-engine-core/2.4/velocity-engine-core-2.4.jar (510 kB at 944 kB/s)
[INFO] Downloading from central: https://repo.maven.apache.org/maven2/org/apache/maven/doxia/doxia-integration-tools/2.0.0/doxia-integration-tools-2.0.0.jar
[INFO] Downloaded from central: https://repo.maven.apache.org/maven2/commons-beanutils/commons-beanutils/1.9.4/commons-beanutils-1.9.4.jar (247 kB at 400 kB/s)
[INFO] Downloading from central: https://repo.maven.apache.org/maven2/org/codehaus/plexus/plexus-i18n/1.0-beta-10/plexus-i18n-1.0-beta-10.jar
[INFO] Downloaded from central: https://repo.maven.apache.org/maven2/com/github/cliftonlabs/json-simple/3.0.2/json-simple-3.0.2.jar (35 kB at 56 kB/s)
[INFO] Downloading from central: https://repo.maven.apache.org/maven2/org/apache/maven/wagon/wagon-provider-api/3.5.3/wagon-provider-api-3.5.3.jar
[INFO] Downloaded from central: https://repo.maven.apache.org/maven2/org/apache/maven/doxia/doxia-integration-tools/2.0.0/doxia-integration-tools-2.0.0.jar (50 kB at 78 kB/s)
[INFO] Downloading from central: https://repo.maven.apache.org/maven2/org/apache/commons/commons-text/1.14.0/commons-text-1.14.0.jar
[INFO] Downloaded from central: https://repo.maven.apache.org/maven2/org/apache/velocity/tools/velocity-tools-generic/3.1/velocity-tools-generic-3.1.jar (217 kB at 332 kB/s)
[INFO] Downloading from central: https://repo.maven.apache.org/maven2/org/apache/httpcomponents/httpclient/4.5.14/httpclient-4.5.14.jar
[INFO] Downloaded from central: https://repo.maven.apache.org/maven2/org/apache/commons/commons-digester3/3.2/commons-digester3-3.2.jar (242 kB at 357 kB/s)
[INFO] Downloading from central: https://repo.maven.apache.org/maven2/org/apache/httpcomponents/httpcore/4.4.16/httpcore-4.4.16.jar
[INFO] Downloaded from central: https://repo.maven.apache.org/maven2/org/codehaus/plexus/plexus-i18n/1.0-beta-10/plexus-i18n-1.0-beta-10.jar (12 kB at 17 kB/s)
[INFO] Downloading from central: https://repo.maven.apache.org/maven2/org/codehaus/plexus/plexus-io/3.5.1/plexus-io-3.5.1.jar
[INFO] Downloaded from central: https://repo.maven.apache.org/maven2/org/apache/maven/wagon/wagon-provider-api/3.5.3/wagon-provider-api-3.5.3.jar (55 kB at 76 kB/s)
[INFO] Downloading from central: https://repo.maven.apache.org/maven2/org/codehaus/plexus/plexus-archiver/4.10.0/plexus-archiver-4.10.0.jar
[INFO] Downloaded from central: https://repo.maven.apache.org/maven2/org/apache/commons/commons-text/1.14.0/commons-text-1.14.0.jar (260 kB at 355 kB/s)
[INFO] Downloading from central: https://repo.maven.apache.org/maven2/org/apache/commons/commons-compress/1.26.2/commons-compress-1.26.2.jar
[INFO] Downloaded from central: https://repo.maven.apache.org/maven2/org/codehaus/plexus/plexus-io/3.5.1/plexus-io-3.5.1.jar (80 kB at 98 kB/s)
[INFO] Downloaded from central: https://repo.maven.apache.org/maven2/org/apache/httpcomponents/httpcore/4.4.16/httpcore-4.4.16.jar (328 kB at 401 kB/s)
[INFO] Downloading from central: https://repo.maven.apache.org/maven2/io/airlift/aircompressor/0.27/aircompressor-0.27.jar
[INFO] Downloading from central: https://repo.maven.apache.org/maven2/com/github/luben/zstd-jni/1.5.6-3/zstd-jni-1.5.6-3.jar
[INFO] Downloaded from central: https://repo.maven.apache.org/maven2/org/codehaus/plexus/plexus-archiver/4.10.0/plexus-archiver-4.10.0.jar (225 kB at 265 kB/s)
[INFO] Downloading from central: https://repo.maven.apache.org/maven2/commons-io/commons-io/2.20.0/commons-io-2.20.0.jar
[INFO] Downloaded from central: https://repo.maven.apache.org/maven2/org/apache/commons/commons-compress/1.26.2/commons-compress-1.26.2.jar (1.1 MB at 1.2 MB/s)
[INFO] Downloading from central: https://repo.maven.apache.org/maven2/org/codehaus/plexus/plexus-interactivity-api/1.4/plexus-interactivity-api-1.4.jar
[INFO] Downloaded from central: https://repo.maven.apache.org/maven2/io/airlift/aircompressor/0.27/aircompressor-0.27.jar (255 kB at 271 kB/s)
[INFO] Downloaded from central: https://repo.maven.apache.org/maven2/org/codehaus/plexus/plexus-interactivity-api/1.4/plexus-interactivity-api-1.4.jar (10 kB at 11 kB/s)
[INFO] Downloaded from central: https://repo.maven.apache.org/maven2/org/apache/httpcomponents/httpclient/4.5.14/httpclient-4.5.14.jar (786 kB at 807 kB/s)
[INFO] Downloaded from central: https://repo.maven.apache.org/maven2/commons-io/commons-io/2.20.0/commons-io-2.20.0.jar (564 kB at 578 kB/s)
[INFO] Downloaded from central: https://repo.maven.apache.org/maven2/com/github/luben/zstd-jni/1.5.6-3/zstd-jni-1.5.6-3.jar (6.7 MB at 6.3 MB/s)
[INFO] Skipping javadoc generation
[INFO]
[INFO] --- maven-source-plugin:3.3.1:jar-no-fork (attach-sources) @ auto-common ---
[INFO] Downloading from central: https://repo.maven.apache.org/maven2/org/apache/maven/maven-archiver/3.6.1/maven-archiver-3.6.1.pom
[INFO] Downloaded from central: https://repo.maven.apache.org/maven2/org/apache/maven/maven-archiver/3.6.1/maven-archiver-3.6.1.pom (4.1 kB at 29 kB/s)
[INFO] Downloading from central: https://repo.maven.apache.org/maven2/org/apache/maven/shared/maven-shared-components/40/maven-shared-components-40.pom
[INFO] Downloaded from central: https://repo.maven.apache.org/maven2/org/apache/maven/shared/maven-shared-components/40/maven-shared-components-40.pom (3.2 kB at 28 kB/s)
[INFO] Downloading from central: https://repo.maven.apache.org/maven2/org/apache/maven/maven-parent/40/maven-parent-40.pom
[INFO] Downloaded from central: https://repo.maven.apache.org/maven2/org/apache/maven/maven-parent/40/maven-parent-40.pom (49 kB at 318 kB/s)
[INFO] Downloading from central: https://repo.maven.apache.org/maven2/org/codehaus/plexus/plexus-archiver/4.8.0/plexus-archiver-4.8.0.pom
[INFO] Downloaded from central: https://repo.maven.apache.org/maven2/org/codehaus/plexus/plexus-archiver/4.8.0/plexus-archiver-4.8.0.pom (6.1 kB at 50 kB/s)
[INFO] Downloading from central: https://repo.maven.apache.org/maven2/org/codehaus/plexus/plexus/14/plexus-14.pom
[INFO] Downloaded from central: https://repo.maven.apache.org/maven2/org/codehaus/plexus/plexus/14/plexus-14.pom (28 kB at 271 kB/s)
[INFO] Downloading from central: https://repo.maven.apache.org/maven2/org/codehaus/plexus/plexus-utils/4.0.0/plexus-utils-4.0.0.pom
[INFO] Downloaded from central: https://repo.maven.apache.org/maven2/org/codehaus/plexus/plexus-utils/4.0.0/plexus-utils-4.0.0.pom (8.7 kB at 65 kB/s)
[INFO] Downloading from central: https://repo.maven.apache.org/maven2/org/codehaus/plexus/plexus/13/plexus-13.pom
[INFO] Downloaded from central: https://repo.maven.apache.org/maven2/org/codehaus/plexus/plexus/13/plexus-13.pom (27 kB at 152 kB/s)
[INFO] Downloading from central: https://repo.maven.apache.org/maven2/org/codehaus/plexus/plexus-io/3.4.1/plexus-io-3.4.1.pom
[INFO] Downloaded from central: https://repo.maven.apache.org/maven2/org/codehaus/plexus/plexus-io/3.4.1/plexus-io-3.4.1.pom (6.0 kB at 41 kB/s)
[INFO] Downloading from central: https://repo.maven.apache.org/maven2/org/apache/commons/commons-compress/1.23.0/commons-compress-1.23.0.pom
[INFO] Downloaded from central: https://repo.maven.apache.org/maven2/org/apache/commons/commons-compress/1.23.0/commons-compress-1.23.0.pom (22 kB at 151 kB/s)
[INFO] Downloading from central: https://repo.maven.apache.org/maven2/org/apache/commons/commons-parent/56/commons-parent-56.pom
[INFO] Downloaded from central: https://repo.maven.apache.org/maven2/org/apache/commons/commons-parent/56/commons-parent-56.pom (82 kB at 680 kB/s)
[INFO] Downloading from central: https://repo.maven.apache.org/maven2/org/junit/junit-bom/5.9.1/junit-bom-5.9.1.pom
[INFO] Downloaded from central: https://repo.maven.apache.org/maven2/org/junit/junit-bom/5.9.1/junit-bom-5.9.1.pom (5.6 kB at 56 kB/s)
[INFO] Downloading from central: https://repo.maven.apache.org/maven2/com/github/luben/zstd-jni/1.5.5-5/zstd-jni-1.5.5-5.pom
[INFO] Downloaded from central: https://repo.maven.apache.org/maven2/com/github/luben/zstd-jni/1.5.5-5/zstd-jni-1.5.5-5.pom (1.9 kB at 15 kB/s)
[INFO] Downloading from central: https://repo.maven.apache.org/maven2/org/codehaus/plexus/plexus-interpolation/1.26/plexus-interpolation-1.26.pom
[INFO] Downloaded from central: https://repo.maven.apache.org/maven2/org/codehaus/plexus/plexus-interpolation/1.26/plexus-interpolation-1.26.pom (2.7 kB at 27 kB/s)
[INFO] Downloading from central: https://repo.maven.apache.org/maven2/org/codehaus/plexus/plexus-archiver/4.9.1/plexus-archiver-4.9.1.pom
[INFO] Downloaded from central: https://repo.maven.apache.org/maven2/org/codehaus/plexus/plexus-archiver/4.9.1/plexus-archiver-4.9.1.pom (5.8 kB at 48 kB/s)
[INFO] Downloading from central: https://repo.maven.apache.org/maven2/org/apache/commons/commons-compress/1.25.0/commons-compress-1.25.0.pom
[INFO] Downloaded from central: https://repo.maven.apache.org/maven2/org/apache/commons/commons-compress/1.25.0/commons-compress-1.25.0.pom (22 kB at 228 kB/s)
[INFO] Downloading from central: https://repo.maven.apache.org/maven2/org/apache/maven/maven-archiver/3.6.1/maven-archiver-3.6.1.jar
[INFO] Downloading from central: https://repo.maven.apache.org/maven2/org/codehaus/plexus/plexus-archiver/4.9.1/plexus-archiver-4.9.1.jar
[INFO] Downloading from central: https://repo.maven.apache.org/maven2/org/codehaus/plexus/plexus-interpolation/1.26/plexus-interpolation-1.26.jar
[INFO] Downloading from central: https://repo.maven.apache.org/maven2/org/apache/commons/commons-compress/1.25.0/commons-compress-1.25.0.jar
[INFO] Downloading from central: https://repo.maven.apache.org/maven2/org/codehaus/plexus/plexus-io/3.4.1/plexus-io-3.4.1.jar
[INFO] Downloaded from central: https://repo.maven.apache.org/maven2/org/codehaus/plexus/plexus-interpolation/1.26/plexus-interpolation-1.26.jar (85 kB at 880 kB/s)
[INFO] Downloaded from central: https://repo.maven.apache.org/maven2/org/apache/commons/commons-compress/1.25.0/commons-compress-1.25.0.jar (1.1 MB at 11 MB/s)
[INFO] Downloaded from central: https://repo.maven.apache.org/maven2/org/apache/maven/maven-archiver/3.6.1/maven-archiver-3.6.1.jar (27 kB at 266 kB/s)
[INFO] Downloaded from central: https://repo.maven.apache.org/maven2/org/codehaus/plexus/plexus-io/3.4.1/plexus-io-3.4.1.jar (79 kB at 786 kB/s)
[INFO] Downloaded from central: https://repo.maven.apache.org/maven2/org/codehaus/plexus/plexus-archiver/4.9.1/plexus-archiver-4.9.1.jar (225 kB at 1.7 MB/s)
[INFO] Building jar: /app/common/target/auto-common-HEAD-SNAPSHOT-sources.jar
[INFO]
[INFO] ----------------< com.google.auto.factory:auto-factory >----------------
[INFO] Building AutoFactory HEAD-SNAPSHOT                                [2/11]
[INFO] --------------------------------[ jar ]---------------------------------
[INFO]
[INFO] --- maven-resources-plugin:2.6:resources (default-resources) @ auto-factory ---
[INFO] Using 'UTF-8' encoding to copy filtered resources.
[INFO] skip non existing resourceDirectory /app/factory/src/main/resources
[INFO]
[INFO] --- maven-compiler-plugin:3.14.1:compile (default-compile) @ auto-factory ---
[INFO] Downloading from central: https://repo.maven.apache.org/maven2/com/google/guava/guava/31.0.1-jre/guava-31.0.1-jre.pom
[INFO] Downloaded from central: https://repo.maven.apache.org/maven2/com/google/guava/guava/31.0.1-jre/guava-31.0.1-jre.pom (11 kB at 88 kB/s)
[INFO] Downloading from central: https://repo.maven.apache.org/maven2/com/google/guava/guava-parent/31.0.1-jre/guava-parent-31.0.1-jre.pom
[INFO] Downloaded from central: https://repo.maven.apache.org/maven2/com/google/guava/guava-parent/31.0.1-jre/guava-parent-31.0.1-jre.pom (14 kB at 140 kB/s)
[INFO] Downloading from central: https://repo.maven.apache.org/maven2/org/checkerframework/checker-qual/3.12.0/checker-qual-3.12.0.pom
[INFO] Downloaded from central: https://repo.maven.apache.org/maven2/org/checkerframework/checker-qual/3.12.0/checker-qual-3.12.0.pom (2.1 kB at 21 kB/s)
[INFO] Downloading from central: https://repo.maven.apache.org/maven2/com/google/errorprone/error_prone_annotations/2.7.1/error_prone_annotations-2.7.1.pom
[INFO] Downloaded from central: https://repo.maven.apache.org/maven2/com/google/errorprone/error_prone_annotations/2.7.1/error_prone_annotations-2.7.1.pom (2.1 kB at 17 kB/s)
[INFO] Downloading from central: https://repo.maven.apache.org/maven2/com/google/errorprone/error_prone_parent/2.7.1/error_prone_parent-2.7.1.pom
[INFO] Downloaded from central: https://repo.maven.apache.org/maven2/com/google/errorprone/error_prone_parent/2.7.1/error_prone_parent-2.7.1.pom (7.0 kB at 68 kB/s)
[INFO] Downloading from central: https://repo.maven.apache.org/maven2/com/google/j2objc/j2objc-annotations/1.3/j2objc-annotations-1.3.pom
[INFO] Downloaded from central: https://repo.maven.apache.org/maven2/com/google/j2objc/j2objc-annotations/1.3/j2objc-annotations-1.3.pom (2.8 kB at 22 kB/s)
[INFO] Downloading from central: https://repo.maven.apache.org/maven2/com/google/auto/value/auto-value/1.11.0/auto-value-1.11.0.pom
[INFO] Downloaded from central: https://repo.maven.apache.org/maven2/com/google/auto/value/auto-value/1.11.0/auto-value-1.11.0.pom (8.7 kB at 86 kB/s)
[INFO] Downloading from central: https://repo.maven.apache.org/maven2/net/ltgt/gradle/incap/incap-processor/1.0.0/incap-processor-1.0.0.pom
[INFO] Downloaded from central: https://repo.maven.apache.org/maven2/net/ltgt/gradle/incap/incap-processor/1.0.0/incap-processor-1.0.0.pom (1.8 kB at 10 kB/s)
[INFO] Downloading from central: https://repo.maven.apache.org/maven2/com/google/auto/value/auto-value/1.11.0/auto-value-1.11.0.jar
[INFO] Downloading from central: https://repo.maven.apache.org/maven2/net/ltgt/gradle/incap/incap-processor/1.0.0/incap-processor-1.0.0.jar
[INFO] Downloading from central: https://repo.maven.apache.org/maven2/com/google/guava/guava/32.0.1-jre/guava-32.0.1-jre.jar
[INFO] Downloaded from central: https://repo.maven.apache.org/maven2/net/ltgt/gradle/incap/incap-processor/1.0.0/incap-processor-1.0.0.jar (7.5 kB at 63 kB/s)
[INFO] Downloaded from central: https://repo.maven.apache.org/maven2/com/google/auto/value/auto-value/1.11.0/auto-value-1.11.0.jar (2.3 MB at 15 MB/s)
[INFO] Downloaded from central: https://repo.maven.apache.org/maven2/com/google/guava/guava/32.0.1-jre/guava-32.0.1-jre.jar (3.0 MB at 15 MB/s)
[INFO] Recompiling the module because of changed source code.
[INFO] Compiling 21 source files with javac [debug deprecation target 1.8] to target/classes
[WARNING] bootstrap class path not set in conjunction with -source 8
[WARNING] No processor claimed any of these annotations: com.google.auto.value.AutoValue.Builder,javax.annotation.processing.SupportedOptions,com.google.auto.service.AutoService,org.jspecify.annotations.NullMarked,com.google.auto.value.AutoValue,net.ltgt.gradle.incap.IncrementalAnnotationProcessor
[WARNING] /app/factory/src/main/java/com/google/auto/factory/processor/AnnotationValues.java:[34,9] SimpleAnnotationValueVisitor6() in javax.lang.model.util.SimpleAnnotationValueVisitor6 has been deprecated
[WARNING] /app/factory/src/main/java/com/google/auto/factory/processor/AnnotationValues.java:[34,60] SimpleAnnotationValueVisitor6() in javax.lang.model.util.SimpleAnnotationValueVisitor6 has been deprecated
[WARNING] /app/factory/src/main/java/com/google/auto/factory/processor/AnnotationValues.java:[50,9] SimpleAnnotationValueVisitor6() in javax.lang.model.util.SimpleAnnotationValueVisitor6 has been deprecated
[WARNING] /app/factory/src/main/java/com/google/auto/factory/processor/AnnotationValues.java:[50,64] SimpleAnnotationValueVisitor6() in javax.lang.model.util.SimpleAnnotationValueVisitor6 has been deprecated
[WARNING] /app/factory/src/main/java/com/google/auto/factory/processor/AnnotationValues.java:[59,17] SimpleTypeVisitor6() in javax.lang.model.util.SimpleTypeVisitor6 has been deprecated
[WARNING] /app/factory/src/main/java/com/google/auto/factory/processor/AnnotationValues.java:[59,61] SimpleTypeVisitor6() in javax.lang.model.util.SimpleTypeVisitor6 has been deprecated
[WARNING] /app/factory/src/main/java/com/google/auto/factory/processor/AnnotationValues.java:[79,9] SimpleAnnotationValueVisitor6() in javax.lang.model.util.SimpleAnnotationValueVisitor6 has been deprecated
[WARNING] /app/factory/src/main/java/com/google/auto/factory/processor/AnnotationValues.java:[79,93] SimpleAnnotationValueVisitor6() in javax.lang.model.util.SimpleAnnotationValueVisitor6 has been deprecated
[WARNING] /app/factory/src/main/java/com/google/auto/factory/processor/FactoryDescriptorGenerator.java:[75,9] ElementKindVisitor6() in javax.lang.model.util.ElementKindVisitor6 has been deprecated
[WARNING] /app/factory/src/main/java/com/google/auto/factory/processor/FactoryDescriptorGenerator.java:[75,80] ElementKindVisitor6() in javax.lang.model.util.ElementKindVisitor6 has been deprecated
[WARNING] /app/factory/src/main/java/com/google/auto/factory/processor/ProvidedChecker.java:[42,9] ElementKindVisitor6() in javax.lang.model.util.ElementKindVisitor6 has been deprecated
[WARNING] /app/factory/src/main/java/com/google/auto/factory/processor/ProvidedChecker.java:[42,67] ElementKindVisitor6() in javax.lang.model.util.ElementKindVisitor6 has been deprecated
[WARNING] /app/factory/src/main/java/com/google/auto/factory/processor/ProvidedChecker.java:[54,21] ElementKindVisitor6() in javax.lang.model.util.ElementKindVisitor6 has been deprecated
[WARNING] /app/factory/src/main/java/com/google/auto/factory/processor/ProvidedChecker.java:[54,79] ElementKindVisitor6() in javax.lang.model.util.ElementKindVisitor6 has been deprecated
[WARNING] /app/factory/src/main/java/com/google/auto/factory/processor/Mirrors.java:[39,13] SimpleElementVisitor6() in javax.lang.model.util.SimpleElementVisitor6 has been deprecated
[WARNING] /app/factory/src/main/java/com/google/auto/factory/processor/Mirrors.java:[39,53] SimpleElementVisitor6() in javax.lang.model.util.SimpleElementVisitor6 has been deprecated
[INFO]
[INFO] --- maven-resources-plugin:2.6:testResources (default-testResources) @ auto-factory ---
[INFO] Using 'UTF-8' encoding to copy filtered resources.
[INFO] Copying 87 resources
[INFO]
[INFO] --- maven-compiler-plugin:3.14.1:testCompile (default-testCompile) @ auto-factory ---
[INFO] Recompiling the module because of changed dependency.
[INFO] Compiling 3 source files with javac [debug deprecation target 1.8] to target/test-classes
[WARNING] bootstrap class path not set in conjunction with -source 8
[WARNING] No processor claimed any of these annotations: org.junit.runner.RunWith,org.junit.Test,com.google.testing.junit.testparameterinjector.TestParameter,org.junit.AfterClass
[INFO]
[INFO] --- maven-surefire-plugin:3.5.4:test (default-test) @ auto-factory ---
[INFO] Downloading from central: https://repo.maven.apache.org/maven2/org/apache/maven/surefire/surefire-api/3.5.4/surefire-api-3.5.4.pom
[INFO] Downloaded from central: https://repo.maven.apache.org/maven2/org/apache/maven/surefire/surefire-api/3.5.4/surefire-api-3.5.4.pom (3.7 kB at 34 kB/s)
[INFO] Downloading from central: https://repo.maven.apache.org/maven2/org/apache/maven/surefire/surefire-logger-api/3.5.4/surefire-logger-api-3.5.4.pom
[INFO] Downloaded from central: https://repo.maven.apache.org/maven2/org/apache/maven/surefire/surefire-logger-api/3.5.4/surefire-logger-api-3.5.4.pom (3.5 kB at 22 kB/s)
[INFO] Downloading from central: https://repo.maven.apache.org/maven2/org/apache/maven/surefire/surefire-shared-utils/3.5.4/surefire-shared-utils-3.5.4.pom
[INFO] Downloaded from central: https://repo.maven.apache.org/maven2/org/apache/maven/surefire/surefire-shared-utils/3.5.4/surefire-shared-utils-3.5.4.pom (4.0 kB at 23 kB/s)
[INFO] Downloading from central: https://repo.maven.apache.org/maven2/org/apache/maven/surefire/surefire-extensions-api/3.5.4/surefire-extensions-api-3.5.4.pom
[INFO] Downloaded from central: https://repo.maven.apache.org/maven2/org/apache/maven/surefire/surefire-extensions-api/3.5.4/surefire-extensions-api-3.5.4.pom (3.6 kB at 29 kB/s)
[INFO] Downloading from central: https://repo.maven.apache.org/maven2/org/apache/maven/surefire/maven-surefire-common/3.5.4/maven-surefire-common-3.5.4.pom
[INFO] Downloaded from central: https://repo.maven.apache.org/maven2/org/apache/maven/surefire/maven-surefire-common/3.5.4/maven-surefire-common-3.5.4.pom (7.3 kB at 76 kB/s)
[INFO] Downloading from central: https://repo.maven.apache.org/maven2/org/apache/maven/surefire/surefire-booter/3.5.4/surefire-booter-3.5.4.pom
[INFO] Downloaded from central: https://repo.maven.apache.org/maven2/org/apache/maven/surefire/surefire-booter/3.5.4/surefire-booter-3.5.4.pom (5.0 kB at 50 kB/s)
[INFO] Downloading from central: https://repo.maven.apache.org/maven2/org/apache/maven/surefire/surefire-extensions-spi/3.5.4/surefire-extensions-spi-3.5.4.pom
[INFO] Downloaded from central: https://repo.maven.apache.org/maven2/org/apache/maven/surefire/surefire-extensions-spi/3.5.4/surefire-extensions-spi-3.5.4.pom (1.7 kB at 12 kB/s)
[INFO] Downloading from central: https://repo.maven.apache.org/maven2/org/apache/maven/surefire/surefire-api/3.5.4/surefire-api-3.5.4.jar
[INFO] Downloading from central: https://repo.maven.apache.org/maven2/org/apache/maven/surefire/surefire-logger-api/3.5.4/surefire-logger-api-3.5.4.jar
[INFO] Downloading from central: https://repo.maven.apache.org/maven2/org/apache/maven/surefire/surefire-shared-utils/3.5.4/surefire-shared-utils-3.5.4.jar
[INFO] Downloading from central: https://repo.maven.apache.org/maven2/org/apache/maven/surefire/surefire-extensions-api/3.5.4/surefire-extensions-api-3.5.4.jar
[INFO] Downloading from central: https://repo.maven.apache.org/maven2/org/apache/maven/surefire/maven-surefire-common/3.5.4/maven-surefire-common-3.5.4.jar
[INFO] Downloaded from central: https://repo.maven.apache.org/maven2/org/apache/maven/surefire/surefire-api/3.5.4/surefire-api-3.5.4.jar (174 kB at 1.6 MB/s)
[INFO] Downloaded from central: https://repo.maven.apache.org/maven2/org/apache/maven/surefire/surefire-logger-api/3.5.4/surefire-logger-api-3.5.4.jar (14 kB at 122 kB/s)
[INFO] Downloading from central: https://repo.maven.apache.org/maven2/org/apache/maven/surefire/surefire-booter/3.5.4/surefire-booter-3.5.4.jar
[INFO] Downloading from central: https://repo.maven.apache.org/maven2/org/apache/maven/surefire/surefire-extensions-spi/3.5.4/surefire-extensions-spi-3.5.4.jar
[INFO] Downloaded from central: https://repo.maven.apache.org/maven2/org/apache/maven/surefire/maven-surefire-common/3.5.4/maven-surefire-common-3.5.4.jar (314 kB at 2.4 MB/s)
[INFO] Downloading from central: https://repo.maven.apache.org/maven2/org/codehaus/plexus/plexus-utils/1.1/plexus-utils-1.1.jar
[INFO] Downloaded from central: https://repo.maven.apache.org/maven2/org/apache/maven/surefire/surefire-extensions-api/3.5.4/surefire-extensions-api-3.5.4.jar (26 kB at 148 kB/s)
[INFO] Downloaded from central: https://repo.maven.apache.org/maven2/org/apache/maven/surefire/surefire-booter/3.5.4/surefire-booter-3.5.4.jar (119 kB at 575 kB/s)
[INFO] Downloaded from central: https://repo.maven.apache.org/maven2/org/apache/maven/surefire/surefire-shared-utils/3.5.4/surefire-shared-utils-3.5.4.jar (2.9 MB at 12 MB/s)
[INFO] Downloaded from central: https://repo.maven.apache.org/maven2/org/apache/maven/surefire/surefire-extensions-spi/3.5.4/surefire-extensions-spi-3.5.4.jar (8.2 kB at 31 kB/s)
[INFO] Downloaded from central: https://repo.maven.apache.org/maven2/org/codehaus/plexus/plexus-utils/1.1/plexus-utils-1.1.jar (169 kB at 594 kB/s)
[INFO] Using auto detected provider org.apache.maven.surefire.junit4.JUnit4Provider
[INFO] Downloading from central: https://repo.maven.apache.org/maven2/org/apache/maven/surefire/surefire-junit4/3.5.4/surefire-junit4-3.5.4.pom
[INFO] Downloaded from central: https://repo.maven.apache.org/maven2/org/apache/maven/surefire/surefire-junit4/3.5.4/surefire-junit4-3.5.4.pom (3.3 kB at 22 kB/s)
[INFO] Downloading from central: https://repo.maven.apache.org/maven2/org/apache/maven/surefire/surefire-providers/3.5.4/surefire-providers-3.5.4.pom
[INFO] Downloaded from central: https://repo.maven.apache.org/maven2/org/apache/maven/surefire/surefire-providers/3.5.4/surefire-providers-3.5.4.pom (2.5 kB at 16 kB/s)
[INFO] Downloading from central: https://repo.maven.apache.org/maven2/org/apache/maven/surefire/common-java5/3.5.4/common-java5-3.5.4.pom
[INFO] Downloaded from central: https://repo.maven.apache.org/maven2/org/apache/maven/surefire/common-java5/3.5.4/common-java5-3.5.4.pom (3.1 kB at 32 kB/s)
[INFO] Downloading from central: https://repo.maven.apache.org/maven2/org/apache/maven/surefire/common-junit4/3.5.4/common-junit4-3.5.4.pom
[INFO] Downloaded from central: https://repo.maven.apache.org/maven2/org/apache/maven/surefire/common-junit4/3.5.4/common-junit4-3.5.4.pom (3.4 kB at 26 kB/s)
[INFO] Downloading from central: https://repo.maven.apache.org/maven2/org/apache/maven/surefire/common-junit3/3.5.4/common-junit3-3.5.4.pom
[INFO] Downloaded from central: https://repo.maven.apache.org/maven2/org/apache/maven/surefire/common-junit3/3.5.4/common-junit3-3.5.4.pom (2.7 kB at 34 kB/s)
[INFO] Downloading from central: https://repo.maven.apache.org/maven2/org/apache/maven/surefire/surefire-junit4/3.5.4/surefire-junit4-3.5.4.jar
[INFO] Downloading from central: https://repo.maven.apache.org/maven2/org/apache/maven/surefire/common-junit4/3.5.4/common-junit4-3.5.4.jar
[INFO] Downloading from central: https://repo.maven.apache.org/maven2/org/apache/maven/surefire/common-java5/3.5.4/common-java5-3.5.4.jar
[INFO] Downloading from central: https://repo.maven.apache.org/maven2/org/apache/maven/surefire/common-junit3/3.5.4/common-junit3-3.5.4.jar
[INFO] Downloaded from central: https://repo.maven.apache.org/maven2/org/apache/maven/surefire/surefire-junit4/3.5.4/surefire-junit4-3.5.4.jar (18 kB at 158 kB/s)
[INFO] Downloaded from central: https://repo.maven.apache.org/maven2/org/apache/maven/surefire/common-junit3/3.5.4/common-junit3-3.5.4.jar (12 kB at 102 kB/s)
[INFO] Downloaded from central: https://repo.maven.apache.org/maven2/org/apache/maven/surefire/common-java5/3.5.4/common-java5-3.5.4.jar (18 kB at 130 kB/s)
[INFO] Downloaded from central: https://repo.maven.apache.org/maven2/org/apache/maven/surefire/common-junit4/3.5.4/common-junit4-3.5.4.jar (26 kB at 169 kB/s)
[INFO]
[INFO] -------------------------------------------------------
[INFO]  T E S T S
[INFO] -------------------------------------------------------
[INFO] Running com.google.auto.factory.processor.AutoFactoryProcessorNegativeTest
[INFO] Tests run: 13, Failures: 0, Errors: 0, Skipped: 0, Time elapsed: 1.204 s -- in com.google.auto.factory.processor.AutoFactoryProcessorNegativeTest
[INFO] Running com.google.auto.factory.processor.AutoFactoryProcessorTest
[INFO] Tests run: 175, Failures: 0, Errors: 0, Skipped: 0, Time elapsed: 5.701 s -- in com.google.auto.factory.processor.AutoFactoryProcessorTest
[INFO] Running com.google.auto.factory.processor.AutoFactoryDeclarationTest
[INFO] Tests run: 1, Failures: 0, Errors: 0, Skipped: 0, Time elapsed: 0 s -- in com.google.auto.factory.processor.AutoFactoryDeclarationTest
[INFO]
[INFO] Results:
[INFO]
[INFO] Tests run: 189, Failures: 0, Errors: 0, Skipped: 0
[INFO]
[INFO]
[INFO] --- maven-jar-plugin:3.4.2:jar (default-jar) @ auto-factory ---
[INFO] Building jar: /app/factory/target/auto-factory-HEAD-SNAPSHOT.jar
[INFO]
[INFO] --- maven-javadoc-plugin:3.12.0:jar (attach-javadocs) @ auto-factory ---
[INFO] Skipping javadoc generation
[INFO]
[INFO] --- maven-source-plugin:3.3.1:jar-no-fork (attach-sources) @ auto-factory ---
[INFO] Building jar: /app/factory/target/auto-factory-HEAD-SNAPSHOT-sources.jar
[INFO]
[INFO] --- maven-invoker-plugin:3.9.1:install (integration-test) @ auto-factory ---
[INFO] Downloading from central: https://repo.maven.apache.org/maven2/commons-io/commons-io/2.19.0/commons-io-2.19.0.pom
[INFO] Downloaded from central: https://repo.maven.apache.org/maven2/commons-io/commons-io/2.19.0/commons-io-2.19.0.pom (21 kB at 206 kB/s)
[INFO] Downloading from central: https://repo.maven.apache.org/maven2/org/apache/commons/commons-parent/81/commons-parent-81.pom
[INFO] Downloaded from central: https://repo.maven.apache.org/maven2/org/apache/commons/commons-parent/81/commons-parent-81.pom (78 kB at 891 kB/s)
[INFO] Downloading from central: https://repo.maven.apache.org/maven2/org/apache/maven/reporting/maven-reporting-impl/4.0.0/maven-reporting-impl-4.0.0.pom
[INFO] Downloaded from central: https://repo.maven.apache.org/maven2/org/apache/maven/reporting/maven-reporting-impl/4.0.0/maven-reporting-impl-4.0.0.pom (8.8 kB at 102 kB/s)
[INFO] Downloading from central: https://repo.maven.apache.org/maven2/commons-beanutils/commons-beanutils/1.11.0/commons-beanutils-1.11.0.pom
[INFO] Downloaded from central: https://repo.maven.apache.org/maven2/commons-beanutils/commons-beanutils/1.11.0/commons-beanutils-1.11.0.pom (19 kB at 166 kB/s)
[INFO] Downloading from central: https://repo.maven.apache.org/maven2/org/apache/commons/commons-parent/84/commons-parent-84.pom
[INFO] Downloaded from central: https://repo.maven.apache.org/maven2/org/apache/commons/commons-parent/84/commons-parent-84.pom (78 kB at 685 kB/s)
[INFO] Downloading from central: https://repo.maven.apache.org/maven2/commons-logging/commons-logging/1.3.5/commons-logging-1.3.5.pom
[INFO] Downloaded from central: https://repo.maven.apache.org/maven2/commons-logging/commons-logging/1.3.5/commons-logging-1.3.5.pom (32 kB at 350 kB/s)
[INFO] Downloading from central: https://repo.maven.apache.org/maven2/org/apache/maven/doxia/doxia-module-apt/2.0.0/doxia-module-apt-2.0.0.pom
[INFO] Downloaded from central: https://repo.maven.apache.org/maven2/org/apache/maven/doxia/doxia-module-apt/2.0.0/doxia-module-apt-2.0.0.pom (2.9 kB at 23 kB/s)
[INFO] Downloading from central: https://repo.maven.apache.org/maven2/org/apache/maven/doxia/doxia-module-xdoc/2.0.0/doxia-module-xdoc-2.0.0.pom
[INFO] Downloaded from central: https://repo.maven.apache.org/maven2/org/apache/maven/doxia/doxia-module-xdoc/2.0.0/doxia-module-xdoc-2.0.0.pom (5.4 kB at 68 kB/s)
[INFO] Downloading from central: https://repo.maven.apache.org/maven2/commons-codec/commons-codec/1.18.0/commons-codec-1.18.0.pom
[INFO] Downloaded from central: https://repo.maven.apache.org/maven2/commons-codec/commons-codec/1.18.0/commons-codec-1.18.0.pom (18 kB at 194 kB/s)
[INFO] Downloading from central: https://repo.maven.apache.org/maven2/org/apache/commons/commons-parent/79/commons-parent-79.pom
[INFO] Downloaded from central: https://repo.maven.apache.org/maven2/org/apache/commons/commons-parent/79/commons-parent-79.pom (77 kB at 361 kB/s)
[INFO] Downloading from central: https://repo.maven.apache.org/maven2/org/apache/maven/shared/maven-script-interpreter/1.6/maven-script-interpreter-1.6.pom
[INFO] Downloaded from central: https://repo.maven.apache.org/maven2/org/apache/maven/shared/maven-script-interpreter/1.6/maven-script-interpreter-1.6.pom (4.5 kB at 35 kB/s)
[INFO] Downloading from central: https://repo.maven.apache.org/maven2/org/apache/groovy/groovy/4.0.27/groovy-4.0.27.pom
[INFO] Downloaded from central: https://repo.maven.apache.org/maven2/org/apache/groovy/groovy/4.0.27/groovy-4.0.27.pom (24 kB at 206 kB/s)
[INFO] Downloading from central: https://repo.maven.apache.org/maven2/org/apache-extras/beanshell/bsh/2.0b6/bsh-2.0b6.pom
[INFO] Downloaded from central: https://repo.maven.apache.org/maven2/org/apache-extras/beanshell/bsh/2.0b6/bsh-2.0b6.pom (5.0 kB at 54 kB/s)
[INFO] Downloading from central: https://repo.maven.apache.org/maven2/org/apache/groovy/groovy-json/4.0.27/groovy-json-4.0.27.pom
[INFO] Downloaded from central: https://repo.maven.apache.org/maven2/org/apache/groovy/groovy-json/4.0.27/groovy-json-4.0.27.pom (23 kB at 228 kB/s)
[INFO] Downloading from central: https://repo.maven.apache.org/maven2/org/apache/groovy/groovy-xml/4.0.27/groovy-xml-4.0.27.pom
[INFO] Downloaded from central: https://repo.maven.apache.org/maven2/org/apache/groovy/groovy-xml/4.0.27/groovy-xml-4.0.27.pom (23 kB at 301 kB/s)
[INFO] Downloading from central: https://repo.maven.apache.org/maven2/org/apache/maven/reporting/maven-reporting-impl/4.0.0/maven-reporting-impl-4.0.0.jar
[INFO] Downloading from central: https://repo.maven.apache.org/maven2/commons-beanutils/commons-beanutils/1.11.0/commons-beanutils-1.11.0.jar
[INFO] Downloading from central: https://repo.maven.apache.org/maven2/org/apache/commons/commons-lang3/3.17.0/commons-lang3-3.17.0.jar
[INFO] Downloading from central: https://repo.maven.apache.org/maven2/org/apache/commons/commons-text/1.12.0/commons-text-1.12.0.jar
[INFO] Downloading from central: https://repo.maven.apache.org/maven2/commons-logging/commons-logging/1.3.5/commons-logging-1.3.5.jar
[INFO] Downloaded from central: https://repo.maven.apache.org/maven2/commons-logging/commons-logging/1.3.5/commons-logging-1.3.5.jar (74 kB at 857 kB/s)
[INFO] Downloading from central: https://repo.maven.apache.org/maven2/org/apache/maven/doxia/doxia-module-apt/2.0.0/doxia-module-apt-2.0.0.jar
[INFO] Downloaded from central: https://repo.maven.apache.org/maven2/org/apache/maven/reporting/maven-reporting-impl/4.0.0/maven-reporting-impl-4.0.0.jar (21 kB at 230 kB/s)
[INFO] Downloading from central: https://repo.maven.apache.org/maven2/org/apache/maven/doxia/doxia-module-xdoc/2.0.0/doxia-module-xdoc-2.0.0.jar
[INFO] Downloaded from central: https://repo.maven.apache.org/maven2/org/apache/commons/commons-lang3/3.17.0/commons-lang3-3.17.0.jar (674 kB at 5.8 MB/s)
[INFO] Downloading from central: https://repo.maven.apache.org/maven2/commons-codec/commons-codec/1.18.0/commons-codec-1.18.0.jar
[INFO] Downloaded from central: https://repo.maven.apache.org/maven2/org/apache/commons/commons-text/1.12.0/commons-text-1.12.0.jar (251 kB at 2.1 MB/s)
[INFO] Downloading from central: https://repo.maven.apache.org/maven2/org/apache/maven/shared/maven-script-interpreter/1.6/maven-script-interpreter-1.6.jar
[INFO] Downloaded from central: https://repo.maven.apache.org/maven2/commons-beanutils/commons-beanutils/1.11.0/commons-beanutils-1.11.0.jar (247 kB at 1.8 MB/s)
[INFO] Downloading from central: https://repo.maven.apache.org/maven2/commons-io/commons-io/2.19.0/commons-io-2.19.0.jar
[INFO] Downloaded from central: https://repo.maven.apache.org/maven2/org/apache/maven/doxia/doxia-module-apt/2.0.0/doxia-module-apt-2.0.0.jar (54 kB at 301 kB/s)
[INFO] Downloading from central: https://repo.maven.apache.org/maven2/org/apache-extras/beanshell/bsh/2.0b6/bsh-2.0b6.jar
[INFO] Downloaded from central: https://repo.maven.apache.org/maven2/org/apache/maven/doxia/doxia-module-xdoc/2.0.0/doxia-module-xdoc-2.0.0.jar (35 kB at 179 kB/s)
[INFO] Downloaded from central: https://repo.maven.apache.org/maven2/org/apache/maven/shared/maven-script-interpreter/1.6/maven-script-interpreter-1.6.jar (26 kB at 129 kB/s)
[INFO] Downloading from central: https://repo.maven.apache.org/maven2/org/apache/groovy/groovy/4.0.27/groovy-4.0.27.jar
[INFO] Downloading from central: https://repo.maven.apache.org/maven2/org/apache/groovy/groovy-json/4.0.27/groovy-json-4.0.27.jar
[INFO] Downloaded from central: https://repo.maven.apache.org/maven2/commons-codec/commons-codec/1.18.0/commons-codec-1.18.0.jar (373 kB at 1.8 MB/s)
[INFO] Downloading from central: https://repo.maven.apache.org/maven2/org/apache/groovy/groovy-xml/4.0.27/groovy-xml-4.0.27.jar
[INFO] Downloaded from central: https://repo.maven.apache.org/maven2/commons-io/commons-io/2.19.0/commons-io-2.19.0.jar (556 kB at 2.2 MB/s)
[INFO] Downloaded from central: https://repo.maven.apache.org/maven2/org/apache-extras/beanshell/bsh/2.0b6/bsh-2.0b6.jar (389 kB at 1.4 MB/s)
[INFO] Downloaded from central: https://repo.maven.apache.org/maven2/org/apache/groovy/groovy-json/4.0.27/groovy-json-4.0.27.jar (132 kB at 479 kB/s)
[INFO] Downloaded from central: https://repo.maven.apache.org/maven2/org/apache/groovy/groovy-xml/4.0.27/groovy-xml-4.0.27.jar (216 kB at 678 kB/s)
[INFO] Downloaded from central: https://repo.maven.apache.org/maven2/org/apache/groovy/groovy/4.0.27/groovy-4.0.27.jar (7.7 MB at 19 MB/s)
[INFO] Installing /app/factory/target/auto-factory-HEAD-SNAPSHOT.jar to /app/factory/target/it-repo/com/google/auto/factory/auto-factory/HEAD-SNAPSHOT/auto-factory-HEAD-SNAPSHOT.jar
[INFO] Installing /app/factory/target/auto-factory-HEAD-SNAPSHOT-sources.jar to /app/factory/target/it-repo/com/google/auto/factory/auto-factory/HEAD-SNAPSHOT/auto-factory-HEAD-SNAPSHOT-sources.jar
[INFO] Installing /app/factory/pom.xml to /app/factory/target/it-repo/com/google/auto/factory/auto-factory/HEAD-SNAPSHOT/auto-factory-HEAD-SNAPSHOT.pom
[INFO] Installing /root/.m2/repository/org/jspecify/jspecify/1.0.0/jspecify-1.0.0.jar to /app/factory/target/it-repo/org/jspecify/jspecify/1.0.0/jspecify-1.0.0.jar
[INFO] Installing /root/.m2/repository/org/jspecify/jspecify/1.0.0/jspecify-1.0.0.pom to /app/factory/target/it-repo/org/jspecify/jspecify/1.0.0/jspecify-1.0.0.pom
[INFO] Installing /root/.m2/repository/com/google/auto/auto-common/1.2.2/auto-common-1.2.2.jar to /app/factory/target/it-repo/com/google/auto/auto-common/1.2.2/auto-common-1.2.2.jar
[INFO] Installing /root/.m2/repository/com/google/auto/auto-common/1.2.2/auto-common-1.2.2.pom to /app/factory/target/it-repo/com/google/auto/auto-common/1.2.2/auto-common-1.2.2.pom
[INFO] Installing /root/.m2/repository/com/google/auto/value/auto-value-annotations/1.11.0/auto-value-annotations-1.11.0.jar to /app/factory/target/it-repo/com/google/auto/value/auto-value-annotations/1.11.0/auto-value-annotations-1.11.0.jar
[INFO] Installing /root/.m2/repository/com/google/auto/value/auto-value-annotations/1.11.0/auto-value-annotations-1.11.0.pom to /app/factory/target/it-repo/com/google/auto/value/auto-value-annotations/1.11.0/auto-value-annotations-1.11.0.pom
[INFO] Installing /root/.m2/repository/com/google/auto/service/auto-service-annotations/1.1.1/auto-service-annotations-1.1.1.jar to /app/factory/target/it-repo/com/google/auto/service/auto-service-annotations/1.1.1/auto-service-annotations-1.1.1.jar
[INFO] Installing /root/.m2/repository/com/google/auto/service/auto-service-annotations/1.1.1/auto-service-annotations-1.1.1.pom to /app/factory/target/it-repo/com/google/auto/service/auto-service-annotations/1.1.1/auto-service-annotations-1.1.1.pom
[INFO] Installing /root/.m2/repository/com/google/guava/guava/33.5.0-jre/guava-33.5.0-jre.jar to /app/factory/target/it-repo/com/google/guava/guava/33.5.0-jre/guava-33.5.0-jre.jar
[INFO] Installing /root/.m2/repository/com/google/guava/guava/33.5.0-jre/guava-33.5.0-jre.pom to /app/factory/target/it-repo/com/google/guava/guava/33.5.0-jre/guava-33.5.0-jre.pom
[INFO] Installing /root/.m2/repository/com/google/guava/failureaccess/1.0.3/failureaccess-1.0.3.jar to /app/factory/target/it-repo/com/google/guava/failureaccess/1.0.3/failureaccess-1.0.3.jar
[INFO] Installing /root/.m2/repository/com/google/guava/failureaccess/1.0.3/failureaccess-1.0.3.pom to /app/factory/target/it-repo/com/google/guava/failureaccess/1.0.3/failureaccess-1.0.3.pom
[INFO] Installing /root/.m2/repository/com/google/guava/listenablefuture/9999.0-empty-to-avoid-conflict-with-guava/listenablefuture-9999.0-empty-to-avoid-conflict-with-guava.jar to /app/factory/target/it-repo/com/google/guava/listenablefuture/9999.0-empty-to-avoid-conflict-with-guava/listenablefuture-9999.0-empty-to-avoid-conflict-with-guava.jar
[INFO] Installing /root/.m2/repository/com/google/guava/listenablefuture/9999.0-empty-to-avoid-conflict-with-guava/listenablefuture-9999.0-empty-to-avoid-conflict-with-guava.pom to /app/factory/target/it-repo/com/google/guava/listenablefuture/9999.0-empty-to-avoid-conflict-with-guava/listenablefuture-9999.0-empty-to-avoid-conflict-with-guava.pom
[INFO] Installing /root/.m2/repository/com/google/errorprone/error_prone_annotations/2.41.0/error_prone_annotations-2.41.0.jar to /app/factory/target/it-repo/com/google/errorprone/error_prone_annotations/2.41.0/error_prone_annotations-2.41.0.jar
[INFO] Installing /root/.m2/repository/com/google/errorprone/error_prone_annotations/2.41.0/error_prone_annotations-2.41.0.pom to /app/factory/target/it-repo/com/google/errorprone/error_prone_annotations/2.41.0/error_prone_annotations-2.41.0.pom
[INFO] Installing /root/.m2/repository/com/google/j2objc/j2objc-annotations/3.1/j2objc-annotations-3.1.jar to /app/factory/target/it-repo/com/google/j2objc/j2objc-annotations/3.1/j2objc-annotations-3.1.jar
[INFO] Installing /root/.m2/repository/com/google/j2objc/j2objc-annotations/3.1/j2objc-annotations-3.1.pom to /app/factory/target/it-repo/com/google/j2objc/j2objc-annotations/3.1/j2objc-annotations-3.1.pom
[INFO] Installing /root/.m2/repository/com/squareup/javapoet/1.13.0/javapoet-1.13.0.jar to /app/factory/target/it-repo/com/squareup/javapoet/1.13.0/javapoet-1.13.0.jar
[INFO] Installing /root/.m2/repository/com/squareup/javapoet/1.13.0/javapoet-1.13.0.pom to /app/factory/target/it-repo/com/squareup/javapoet/1.13.0/javapoet-1.13.0.pom
[INFO] Installing /root/.m2/repository/org/sonatype/oss/oss-parent/7/oss-parent-7.pom to /app/factory/target/it-repo/org/sonatype/oss/oss-parent/7/oss-parent-7.pom
[INFO] Installing /root/.m2/repository/com/google/auto/value/auto-value-parent/1.11.0/auto-value-parent-1.11.0.pom to /app/factory/target/it-repo/com/google/auto/value/auto-value-parent/1.11.0/auto-value-parent-1.11.0.pom
[INFO] Installing /root/.m2/repository/com/google/auto/service/auto-service-aggregator/1.1.1/auto-service-aggregator-1.1.1.pom to /app/factory/target/it-repo/com/google/auto/service/auto-service-aggregator/1.1.1/auto-service-aggregator-1.1.1.pom
[INFO] Installing /root/.m2/repository/com/google/guava/guava-parent/33.5.0-jre/guava-parent-33.5.0-jre.pom to /app/factory/target/it-repo/com/google/guava/guava-parent/33.5.0-jre/guava-parent-33.5.0-jre.pom
[INFO] Installing /root/.m2/repository/com/google/guava/guava-parent/33.4.0-android/guava-parent-33.4.0-android.pom to /app/factory/target/it-repo/com/google/guava/guava-parent/33.4.0-android/guava-parent-33.4.0-android.pom
[INFO] Installing /root/.m2/repository/org/sonatype/oss/oss-parent/9/oss-parent-9.pom to /app/factory/target/it-repo/org/sonatype/oss/oss-parent/9/oss-parent-9.pom
[INFO] Installing /root/.m2/repository/com/google/guava/guava-parent/26.0-android/guava-parent-26.0-android.pom to /app/factory/target/it-repo/com/google/guava/guava-parent/26.0-android/guava-parent-26.0-android.pom
[INFO] Installing /root/.m2/repository/com/google/errorprone/error_prone_parent/2.41.0/error_prone_parent-2.41.0.pom to /app/factory/target/it-repo/com/google/errorprone/error_prone_parent/2.41.0/error_prone_parent-2.41.0.pom
[INFO]
[INFO] --- maven-invoker-plugin:3.9.1:run (integration-test) @ auto-factory ---
[INFO] Building: functional/pom.xml
[INFO] [INFO] Scanning for projects...
[INFO] [INFO]
[INFO] [INFO] -----------< com.google.auto.value.it.functional:functional >-----------
[INFO] [INFO] Building Auto-Value Functional Integration Test HEAD-SNAPSHOT
[INFO] [INFO] --------------------------------[ jar ]---------------------------------
[INFO] [INFO] Downloading from central: https://repo.maven.apache.org/maven2/org/apache/maven/plugins/maven-resources-plugin/2.6/maven-resources-plugin-2.6.pom
[INFO] [INFO] Downloaded from central: https://repo.maven.apache.org/maven2/org/apache/maven/plugins/maven-resources-plugin/2.6/maven-resources-plugin-2.6.pom (8.1 kB at 19 kB/s)
[INFO] [INFO] Downloading from central: https://repo.maven.apache.org/maven2/org/apache/maven/plugins/maven-plugins/23/maven-plugins-23.pom
[INFO] [INFO] Downloaded from central: https://repo.maven.apache.org/maven2/org/apache/maven/plugins/maven-plugins/23/maven-plugins-23.pom (9.2 kB at 74 kB/s)
[INFO] [INFO] Downloading from central: https://repo.maven.apache.org/maven2/org/apache/maven/maven-parent/22/maven-parent-22.pom
[INFO] [INFO] Downloaded from central: https://repo.maven.apache.org/maven2/org/apache/maven/maven-parent/22/maven-parent-22.pom (30 kB at 200 kB/s)
[INFO] [INFO] Downloading from central: https://repo.maven.apache.org/maven2/org/apache/apache/11/apache-11.pom
[INFO] [INFO] Downloaded from central: https://repo.maven.apache.org/maven2/org/apache/apache/11/apache-11.pom (15 kB at 111 kB/s)
[INFO] [INFO] Downloading from central: https://repo.maven.apache.org/maven2/org/apache/maven/plugins/maven-resources-plugin/2.6/maven-resources-plugin-2.6.jar
[INFO] [INFO] Downloaded from central: https://repo.maven.apache.org/maven2/org/apache/maven/plugins/maven-resources-plugin/2.6/maven-resources-plugin-2.6.jar (30 kB at 152 kB/s)
[INFO] [INFO] Downloading from central: https://repo.maven.apache.org/maven2/org/apache/maven/plugins/maven-compiler-plugin/3.8.1/maven-compiler-plugin-3.8.1.pom
[INFO] [INFO] Downloaded from central: https://repo.maven.apache.org/maven2/org/apache/maven/plugins/maven-compiler-plugin/3.8.1/maven-compiler-plugin-3.8.1.pom (12 kB at 76 kB/s)
[INFO] [INFO] Downloading from central: https://repo.maven.apache.org/maven2/org/apache/maven/plugins/maven-plugins/33/maven-plugins-33.pom
[INFO] [INFO] Downloaded from central: https://repo.maven.apache.org/maven2/org/apache/maven/plugins/maven-plugins/33/maven-plugins-33.pom (11 kB at 108 kB/s)
[INFO] [INFO] Downloading from central: https://repo.maven.apache.org/maven2/org/apache/maven/maven-parent/33/maven-parent-33.pom
[INFO] [INFO] Downloaded from central: https://repo.maven.apache.org/maven2/org/apache/maven/maven-parent/33/maven-parent-33.pom (44 kB at 307 kB/s)
[INFO] [INFO] Downloading from central: https://repo.maven.apache.org/maven2/org/apache/apache/21/apache-21.pom
[INFO] [INFO] Downloaded from central: https://repo.maven.apache.org/maven2/org/apache/apache/21/apache-21.pom (17 kB at 130 kB/s)
[INFO] [INFO] Downloading from central: https://repo.maven.apache.org/maven2/org/apache/maven/plugins/maven-compiler-plugin/3.8.1/maven-compiler-plugin-3.8.1.jar
[INFO] [INFO] Downloaded from central: https://repo.maven.apache.org/maven2/org/apache/maven/plugins/maven-compiler-plugin/3.8.1/maven-compiler-plugin-3.8.1.jar (62 kB at 386 kB/s)
[INFO] [INFO] Downloading from central: https://repo.maven.apache.org/maven2/org/apache/maven/plugins/maven-surefire-plugin/2.12.4/maven-surefire-plugin-2.12.4.pom
[INFO] [INFO] Downloaded from central: https://repo.maven.apache.org/maven2/org/apache/maven/plugins/maven-surefire-plugin/2.12.4/maven-surefire-plugin-2.12.4.pom (10 kB at 75 kB/s)
[INFO] [INFO] Downloading from central: https://repo.maven.apache.org/maven2/org/apache/maven/surefire/surefire/2.12.4/surefire-2.12.4.pom
[INFO] [INFO] Downloaded from central: https://repo.maven.apache.org/maven2/org/apache/maven/surefire/surefire/2.12.4/surefire-2.12.4.pom (14 kB at 68 kB/s)
[INFO] [INFO] Downloading from central: https://repo.maven.apache.org/maven2/org/apache/maven/plugins/maven-surefire-plugin/2.12.4/maven-surefire-plugin-2.12.4.jar
[INFO] [INFO] Downloaded from central: https://repo.maven.apache.org/maven2/org/apache/maven/plugins/maven-surefire-plugin/2.12.4/maven-surefire-plugin-2.12.4.jar (30 kB at 22 kB/s)
[INFO] [INFO] Downloading from central: https://repo.maven.apache.org/maven2/org/apache/maven/plugins/maven-jar-plugin/3.2.0/maven-jar-plugin-3.2.0.pom
[INFO] [INFO] Downloaded from central: https://repo.maven.apache.org/maven2/org/apache/maven/plugins/maven-jar-plugin/3.2.0/maven-jar-plugin-3.2.0.pom (7.3 kB at 75 kB/s)
[INFO] [INFO] Downloading from central: https://repo.maven.apache.org/maven2/org/apache/maven/plugins/maven-jar-plugin/3.2.0/maven-jar-plugin-3.2.0.jar
[INFO] [INFO] Downloaded from central: https://repo.maven.apache.org/maven2/org/apache/maven/plugins/maven-jar-plugin/3.2.0/maven-jar-plugin-3.2.0.jar (29 kB at 230 kB/s)
[INFO] [INFO] Downloading from central: https://repo.maven.apache.org/maven2/com/google/guava/guava/32.0.1-jre/guava-32.0.1-jre.pom
[INFO] [INFO] Downloaded from central: https://repo.maven.apache.org/maven2/com/google/guava/guava/32.0.1-jre/guava-32.0.1-jre.pom (11 kB at 85 kB/s)
[INFO] [INFO] Downloading from central: https://repo.maven.apache.org/maven2/com/google/guava/guava-parent/32.0.1-jre/guava-parent-32.0.1-jre.pom
[INFO] [INFO] Downloaded from central: https://repo.maven.apache.org/maven2/com/google/guava/guava-parent/32.0.1-jre/guava-parent-32.0.1-jre.pom (21 kB at 162 kB/s)
[INFO] [INFO] Downloading from central: https://repo.maven.apache.org/maven2/com/google/guava/failureaccess/1.0.1/failureaccess-1.0.1.pom
[INFO] [INFO] Downloaded from central: https://repo.maven.apache.org/maven2/com/google/guava/failureaccess/1.0.1/failureaccess-1.0.1.pom (2.4 kB at 17 kB/s)
[INFO] [INFO] Downloading from central: https://repo.maven.apache.org/maven2/com/google/code/findbugs/jsr305/3.0.2/jsr305-3.0.2.pom
[INFO] [INFO] Downloaded from central: https://repo.maven.apache.org/maven2/com/google/code/findbugs/jsr305/3.0.2/jsr305-3.0.2.pom (4.3 kB at 53 kB/s)
[INFO] [INFO] Downloading from central: https://repo.maven.apache.org/maven2/org/checkerframework/checker-qual/3.33.0/checker-qual-3.33.0.pom
[INFO] [INFO] Downloaded from central: https://repo.maven.apache.org/maven2/org/checkerframework/checker-qual/3.33.0/checker-qual-3.33.0.pom (2.1 kB at 16 kB/s)
[INFO] [INFO] Downloading from central: https://repo.maven.apache.org/maven2/com/google/errorprone/error_prone_annotations/2.18.0/error_prone_annotations-2.18.0.pom
[INFO] [INFO] Downloaded from central: https://repo.maven.apache.org/maven2/com/google/errorprone/error_prone_annotations/2.18.0/error_prone_annotations-2.18.0.pom (2.2 kB at 14 kB/s)
[INFO] [INFO] Downloading from central: https://repo.maven.apache.org/maven2/com/google/errorprone/error_prone_parent/2.18.0/error_prone_parent-2.18.0.pom
[INFO] [INFO] Downloaded from central: https://repo.maven.apache.org/maven2/com/google/errorprone/error_prone_parent/2.18.0/error_prone_parent-2.18.0.pom (11 kB at 107 kB/s)
[INFO] [INFO] Downloading from central: https://repo.maven.apache.org/maven2/com/google/j2objc/j2objc-annotations/2.8/j2objc-annotations-2.8.pom
[INFO] [INFO] Downloaded from central: https://repo.maven.apache.org/maven2/com/google/j2objc/j2objc-annotations/2.8/j2objc-annotations-2.8.pom (2.9 kB at 31 kB/s)
[INFO] [INFO] Downloading from central: https://repo.maven.apache.org/maven2/com/google/inject/guice/5.1.0/guice-5.1.0.pom
[INFO] [INFO] Downloaded from central: https://repo.maven.apache.org/maven2/com/google/inject/guice/5.1.0/guice-5.1.0.pom (8.9 kB at 78 kB/s)
[INFO] [INFO] Downloading from central: https://repo.maven.apache.org/maven2/com/google/inject/guice-parent/5.1.0/guice-parent-5.1.0.pom
[INFO] [INFO] Downloaded from central: https://repo.maven.apache.org/maven2/com/google/inject/guice-parent/5.1.0/guice-parent-5.1.0.pom (18 kB at 114 kB/s)
[INFO] [INFO] Downloading from central: https://repo.maven.apache.org/maven2/com/google/google/5/google-5.pom
[INFO] [INFO] Downloaded from central: https://repo.maven.apache.org/maven2/com/google/google/5/google-5.pom (2.5 kB at 21 kB/s)
[INFO] [INFO] Downloading from central: https://repo.maven.apache.org/maven2/javax/inject/javax.inject/1/javax.inject-1.pom
[INFO] [INFO] Downloaded from central: https://repo.maven.apache.org/maven2/javax/inject/javax.inject/1/javax.inject-1.pom (612 B at 5.0 kB/s)
[INFO] [INFO] Downloading from central: https://repo.maven.apache.org/maven2/aopalliance/aopalliance/1.0/aopalliance-1.0.pom
[INFO] [INFO] Downloaded from central: https://repo.maven.apache.org/maven2/aopalliance/aopalliance/1.0/aopalliance-1.0.pom (363 B at 2.9 kB/s)
[INFO] [INFO] Downloading from central: https://repo.maven.apache.org/maven2/com/google/guava/guava/30.1-jre/guava-30.1-jre.pom
[INFO] [INFO] Downloaded from central: https://repo.maven.apache.org/maven2/com/google/guava/guava/30.1-jre/guava-30.1-jre.pom (12 kB at 90 kB/s)
[INFO] [INFO] Downloading from central: https://repo.maven.apache.org/maven2/com/google/guava/guava-parent/30.1-jre/guava-parent-30.1-jre.pom
[INFO] [INFO] Downloaded from central: https://repo.maven.apache.org/maven2/com/google/guava/guava-parent/30.1-jre/guava-parent-30.1-jre.pom (14 kB at 91 kB/s)
[INFO] [INFO] Downloading from central: https://repo.maven.apache.org/maven2/org/checkerframework/checker-qual/3.5.0/checker-qual-3.5.0.pom
[INFO] [INFO] Downloaded from central: https://repo.maven.apache.org/maven2/org/checkerframework/checker-qual/3.5.0/checker-qual-3.5.0.pom (2.2 kB at 19 kB/s)
[INFO] [INFO] Downloading from central: https://repo.maven.apache.org/maven2/com/google/errorprone/error_prone_annotations/2.3.4/error_prone_annotations-2.3.4.pom
[INFO] [INFO] Downloaded from central: https://repo.maven.apache.org/maven2/com/google/errorprone/error_prone_annotations/2.3.4/error_prone_annotations-2.3.4.pom (2.1 kB at 19 kB/s)
[INFO] [INFO] Downloading from central: https://repo.maven.apache.org/maven2/com/google/errorprone/error_prone_parent/2.3.4/error_prone_parent-2.3.4.pom
[INFO] [INFO] Downloaded from central: https://repo.maven.apache.org/maven2/com/google/errorprone/error_prone_parent/2.3.4/error_prone_parent-2.3.4.pom (5.4 kB at 48 kB/s)
[INFO] [INFO] Downloading from central: https://repo.maven.apache.org/maven2/com/google/j2objc/j2objc-annotations/1.3/j2objc-annotations-1.3.pom
[INFO] [INFO] Downloaded from central: https://repo.maven.apache.org/maven2/com/google/j2objc/j2objc-annotations/1.3/j2objc-annotations-1.3.pom (2.8 kB at 24 kB/s)
[INFO] [INFO] Downloading from central: https://repo.maven.apache.org/maven2/com/google/dagger/dagger/2.42/dagger-2.42.pom
[INFO] [INFO] Downloaded from central: https://repo.maven.apache.org/maven2/com/google/dagger/dagger/2.42/dagger-2.42.pom (2.1 kB at 16 kB/s)
[INFO] [INFO] Downloading from central: https://repo.maven.apache.org/maven2/junit/junit/4.13.2/junit-4.13.2.pom
[INFO] [INFO] Downloaded from central: https://repo.maven.apache.org/maven2/junit/junit/4.13.2/junit-4.13.2.pom (27 kB at 223 kB/s)
[INFO] [INFO] Downloading from central: https://repo.maven.apache.org/maven2/org/hamcrest/hamcrest-core/1.3/hamcrest-core-1.3.pom
[INFO] [INFO] Downloaded from central: https://repo.maven.apache.org/maven2/org/hamcrest/hamcrest-core/1.3/hamcrest-core-1.3.pom (766 B at 4.3 kB/s)
[INFO] [INFO] Downloading from central: https://repo.maven.apache.org/maven2/org/hamcrest/hamcrest-parent/1.3/hamcrest-parent-1.3.pom
[INFO] [INFO] Downloaded from central: https://repo.maven.apache.org/maven2/org/hamcrest/hamcrest-parent/1.3/hamcrest-parent-1.3.pom (2.0 kB at 23 kB/s)
[INFO] [INFO] Downloading from central: https://repo.maven.apache.org/maven2/com/google/truth/truth/1.4.5/truth-1.4.5.pom
[INFO] [INFO] Downloaded from central: https://repo.maven.apache.org/maven2/com/google/truth/truth/1.4.5/truth-1.4.5.pom (10 kB at 87 kB/s)
[INFO] [INFO] Downloading from central: https://repo.maven.apache.org/maven2/com/google/truth/truth-parent/1.4.5/truth-parent-1.4.5.pom
[INFO] [INFO] Downloaded from central: https://repo.maven.apache.org/maven2/com/google/truth/truth-parent/1.4.5/truth-parent-1.4.5.pom (14 kB at 108 kB/s)
[INFO] [INFO] Downloading from central: https://repo.maven.apache.org/maven2/com/google/guava/guava/33.4.3-android/guava-33.4.3-android.pom
[INFO] [INFO] Downloaded from central: https://repo.maven.apache.org/maven2/com/google/guava/guava/33.4.3-android/guava-33.4.3-android.pom (8.3 kB at 69 kB/s)
[INFO] [INFO] Downloading from central: https://repo.maven.apache.org/maven2/com/google/guava/guava-parent/33.4.3-android/guava-parent-33.4.3-android.pom
[INFO] [INFO] Downloaded from central: https://repo.maven.apache.org/maven2/com/google/guava/guava-parent/33.4.3-android/guava-parent-33.4.3-android.pom (22 kB at 164 kB/s)
[INFO] [INFO] Downloading from central: https://repo.maven.apache.org/maven2/com/google/guava/failureaccess/1.0.2/failureaccess-1.0.2.pom
[INFO] [INFO] Downloaded from central: https://repo.maven.apache.org/maven2/com/google/guava/failureaccess/1.0.2/failureaccess-1.0.2.pom (3.3 kB at 28 kB/s)
[INFO] [INFO] Downloading from central: https://repo.maven.apache.org/maven2/org/checkerframework/checker-qual/3.43.0/checker-qual-3.43.0.pom
[INFO] [INFO] Downloaded from central: https://repo.maven.apache.org/maven2/org/checkerframework/checker-qual/3.43.0/checker-qual-3.43.0.pom (2.1 kB at 19 kB/s)
[INFO] [INFO] Downloading from central: https://repo.maven.apache.org/maven2/com/google/errorprone/error_prone_annotations/2.36.0/error_prone_annotations-2.36.0.pom
[INFO] [INFO] Downloaded from central: https://repo.maven.apache.org/maven2/com/google/errorprone/error_prone_annotations/2.36.0/error_prone_annotations-2.36.0.pom (4.3 kB at 33 kB/s)
[INFO] [INFO] Downloading from central: https://repo.maven.apache.org/maven2/com/google/errorprone/error_prone_parent/2.36.0/error_prone_parent-2.36.0.pom
[INFO] [INFO] Downloaded from central: https://repo.maven.apache.org/maven2/com/google/errorprone/error_prone_parent/2.36.0/error_prone_parent-2.36.0.pom (16 kB at 153 kB/s)
[INFO] [INFO] Downloading from central: https://repo.maven.apache.org/maven2/com/google/j2objc/j2objc-annotations/3.0.0/j2objc-annotations-3.0.0.pom
[INFO] [INFO] Downloaded from central: https://repo.maven.apache.org/maven2/com/google/j2objc/j2objc-annotations/3.0.0/j2objc-annotations-3.0.0.pom (5.1 kB at 36 kB/s)
[INFO] [INFO] Downloading from central: https://repo.maven.apache.org/maven2/org/ow2/asm/asm/9.8/asm-9.8.pom
[INFO] [INFO] Downloaded from central: https://repo.maven.apache.org/maven2/org/ow2/asm/asm/9.8/asm-9.8.pom (2.4 kB at 21 kB/s)
[INFO] [INFO] Downloading from central: https://repo.maven.apache.org/maven2/org/ow2/ow2/1.5.1/ow2-1.5.1.pom
[INFO] [INFO] Downloaded from central: https://repo.maven.apache.org/maven2/org/ow2/ow2/1.5.1/ow2-1.5.1.pom (11 kB at 110 kB/s)
[INFO] [INFO] Downloading from central: https://repo.maven.apache.org/maven2/com/google/code/findbugs/jsr305/3.0.2/jsr305-3.0.2.jar
[INFO] [INFO] Downloading from central: https://repo.maven.apache.org/maven2/javax/inject/javax.inject/1/javax.inject-1.jar
[INFO] [INFO] Downloading from central: https://repo.maven.apache.org/maven2/com/google/inject/guice/5.1.0/guice-5.1.0.jar
[INFO] [INFO] Downloading from central: https://repo.maven.apache.org/maven2/com/google/dagger/dagger/2.42/dagger-2.42.jar
[INFO] [INFO] Downloading from central: https://repo.maven.apache.org/maven2/aopalliance/aopalliance/1.0/aopalliance-1.0.jar
[INFO] [INFO] Downloaded from central: https://repo.maven.apache.org/maven2/javax/inject/javax.inject/1/javax.inject-1.jar (2.5 kB at 19 kB/s)
[INFO] [INFO] Downloading from central: https://repo.maven.apache.org/maven2/junit/junit/4.13.2/junit-4.13.2.jar
[INFO] [INFO] Downloaded from central: https://repo.maven.apache.org/maven2/com/google/inject/guice/5.1.0/guice-5.1.0.jar (778 kB at 4.0 MB/s)
[INFO] [INFO] Downloading from central: https://repo.maven.apache.org/maven2/org/hamcrest/hamcrest-core/1.3/hamcrest-core-1.3.jar
[INFO] [INFO] Downloaded from central: https://repo.maven.apache.org/maven2/com/google/code/findbugs/jsr305/3.0.2/jsr305-3.0.2.jar (20 kB at 98 kB/s)
[INFO] [INFO] Downloading from central: https://repo.maven.apache.org/maven2/com/google/truth/truth/1.4.5/truth-1.4.5.jar
[INFO] [INFO] Downloaded from central: https://repo.maven.apache.org/maven2/junit/junit/4.13.2/junit-4.13.2.jar (385 kB at 1.4 MB/s)
[INFO] [INFO] Downloading from central: https://repo.maven.apache.org/maven2/org/ow2/asm/asm/9.8/asm-9.8.jar
[INFO] [INFO] Downloaded from central: https://repo.maven.apache.org/maven2/org/hamcrest/hamcrest-core/1.3/hamcrest-core-1.3.jar (45 kB at 151 kB/s)
[INFO] [INFO] Downloaded from central: https://repo.maven.apache.org/maven2/com/google/truth/truth/1.4.5/truth-1.4.5.jar (278 kB at 912 kB/s)
[INFO] [INFO] Downloaded from central: https://repo.maven.apache.org/maven2/org/ow2/asm/asm/9.8/asm-9.8.jar (126 kB at 326 kB/s)
[INFO] [INFO] Downloaded from central: https://repo.maven.apache.org/maven2/com/google/dagger/dagger/2.42/dagger-2.42.jar (37 kB at 282 B/s)
[INFO] [INFO] ------------------------------------------------------------------------
[INFO] [INFO] BUILD FAILURE
[INFO] [INFO] ------------------------------------------------------------------------
[INFO] [INFO] Total time:  04:30 min
[INFO] [INFO] Finished at: 2025-11-11T20:09:54-08:00
[INFO] [INFO] ------------------------------------------------------------------------
[INFO] [ERROR] Failed to execute goal on project functional: Could not resolve dependencies for project com.google.auto.value.it.functional:functional:jar:HEAD-SNAPSHOT: Could not transfer artifact aopalliance:aopalliance:jar:1.0 from/to central (https://repo.maven.apache.org/maven2): Transfer failed for https://repo.maven.apache.org/maven2/aopalliance/aopalliance/1.0/aopalliance-1.0.jar: Connect to repo.maven.apache.org:443 [repo.maven.apache.org/104.18.19.12, repo.maven.apache.org/104.18.18.12] failed: Connection timed out -> [Help 1]
[INFO] [ERROR]
[INFO] [ERROR] To see the full stack trace of the errors, re-run Maven with the -e switch.
[INFO] [ERROR] Re-run Maven using the -X switch to enable full debug logging.
[INFO] [ERROR]
[INFO] [ERROR] For more information about the errors and possible solutions, please read the following articles:
[INFO] [ERROR] [Help 1] http://cwiki.apache.org/confluence/display/MAVEN/DependencyResolutionException
[INFO]   The build exited with code 1. See /app/factory/target/it/functional/build.log for details.
[INFO]           functional/pom.xml ............................... FAILED (271.5 s)
[INFO] -------------------------------------------------
[INFO] Build Summary:
[INFO]   Passed: 0, Failed: 1, Errors: 0, Skipped: 0
[INFO] -------------------------------------------------
[ERROR] The following builds failed:
[ERROR] *  functional/pom.xml
[INFO] -------------------------------------------------
[INFO]
[INFO] ----------< com.google.auto.service:auto-service-aggregator >-----------
[INFO] Building AutoService Aggregator HEAD-SNAPSHOT                     [3/11]
[INFO] --------------------------------[ pom ]---------------------------------
[INFO]
[INFO] --- maven-source-plugin:3.3.1:jar-no-fork (attach-sources) @ auto-service-aggregator ---
[INFO]
[INFO] --- maven-javadoc-plugin:3.12.0:jar (attach-javadocs) @ auto-service-aggregator ---
[INFO] Skipping javadoc generation
[INFO]
[INFO] ----------< com.google.auto.service:auto-service-annotations >----------
[INFO] Building AutoService HEAD-SNAPSHOT                                [4/11]
[INFO] --------------------------------[ jar ]---------------------------------
[INFO]
[INFO] --- maven-resources-plugin:2.6:resources (default-resources) @ auto-service-annotations ---
[INFO] Using 'UTF-8' encoding to copy filtered resources.
[INFO] skip non existing resourceDirectory /app/service/annotations/src/main/resources
[INFO]
[INFO] --- maven-compiler-plugin:3.14.1:compile (default-compile) @ auto-service-annotations ---
[INFO] Recompiling the module because of changed source code.
[INFO] Compiling 1 source file with javac [debug deprecation target 1.8] to target/classes
[WARNING] bootstrap class path not set in conjunction with -source 8
[INFO]
[INFO] --- maven-resources-plugin:2.6:testResources (default-testResources) @ auto-service-annotations ---
[INFO] Using 'UTF-8' encoding to copy filtered resources.
[INFO] skip non existing resourceDirectory /app/service/annotations/src/test/resources
[INFO]
[INFO] --- maven-compiler-plugin:3.14.1:testCompile (default-testCompile) @ auto-service-annotations ---
[INFO] No sources to compile
[INFO]
[INFO] --- maven-surefire-plugin:2.12.4:test (default-test) @ auto-service-annotations ---
[INFO] No tests to run.
[INFO]
[INFO] --- maven-jar-plugin:3.4.2:jar (default-jar) @ auto-service-annotations ---
[INFO] Building jar: /app/service/annotations/target/auto-service-annotations-HEAD-SNAPSHOT.jar
[INFO]
[INFO] --- maven-source-plugin:3.3.1:jar-no-fork (attach-sources) @ auto-service-annotations ---
[INFO] Building jar: /app/service/annotations/target/auto-service-annotations-HEAD-SNAPSHOT-sources.jar
[INFO]
[INFO] --- maven-javadoc-plugin:3.12.0:jar (attach-javadocs) @ auto-service-annotations ---
[INFO] Skipping javadoc generation
[INFO]
[INFO] ----------------< com.google.auto.service:auto-service >----------------
[INFO] Building AutoService Processor HEAD-SNAPSHOT                      [5/11]
[INFO] --------------------------------[ jar ]---------------------------------
[INFO]
[INFO] --- maven-resources-plugin:2.6:resources (default-resources) @ auto-service ---
[INFO] Using 'UTF-8' encoding to copy filtered resources.
[INFO] Copying 2 resources
[INFO]
[INFO] --- maven-compiler-plugin:3.14.1:compile (default-compile) @ auto-service ---
[INFO] Recompiling the module because of changed dependency.
[INFO] Compiling 3 source files with javac [debug deprecation target 1.8] to target/classes
[WARNING] bootstrap class path not set in conjunction with -source 8
[INFO]
[INFO] --- maven-resources-plugin:2.6:testResources (default-testResources) @ auto-service ---
[INFO] Using 'UTF-8' encoding to copy filtered resources.
[INFO] Copying 19 resources
[INFO]
[INFO] --- maven-compiler-plugin:3.14.1:testCompile (default-testCompile) @ auto-service ---
[INFO] Recompiling the module because of changed dependency.
[INFO] Compiling 1 source file with javac [debug deprecation target 1.8] to target/test-classes
[WARNING] bootstrap class path not set in conjunction with -source 8
[INFO]
[INFO] --- maven-surefire-plugin:2.12.4:test (default-test) @ auto-service ---
[INFO] Surefire report directory: /app/service/processor/target/surefire-reports

-------------------------------------------------------
 T E S T S
-------------------------------------------------------
Running com.google.auto.service.processor.AutoServiceProcessorTest
Tests run: 14, Failures: 0, Errors: 0, Skipped: 0, Time elapsed: 1.154 sec

Results :

Tests run: 14, Failures: 0, Errors: 0, Skipped: 0

[INFO]
[INFO] --- maven-jar-plugin:3.4.2:jar (default-jar) @ auto-service ---
[INFO] Building jar: /app/service/processor/target/auto-service-HEAD-SNAPSHOT.jar
[INFO]
[INFO] --- maven-source-plugin:3.3.1:jar-no-fork (attach-sources) @ auto-service ---
[INFO] Building jar: /app/service/processor/target/auto-service-HEAD-SNAPSHOT-sources.jar
[INFO]
[INFO] --- maven-javadoc-plugin:3.12.0:jar (attach-javadocs) @ auto-service ---
[INFO] Skipping javadoc generation
[INFO]
[INFO] --------------< com.google.auto.value:auto-value-parent >---------------
[INFO] Building AutoValue Parent HEAD-SNAPSHOT                           [6/11]
[INFO] --------------------------------[ pom ]---------------------------------
[INFO]
[INFO] --- maven-javadoc-plugin:3.12.0:jar (attach-javadocs) @ auto-value-parent ---
[INFO] Skipping javadoc generation
[INFO]
[INFO] --- maven-source-plugin:3.3.1:jar-no-fork (attach-sources) @ auto-value-parent ---
[INFO]
[INFO] ------------< com.google.auto.value:auto-value-annotations >------------
[INFO] Building AutoValue Annotations HEAD-SNAPSHOT                      [7/11]
[INFO] --------------------------------[ jar ]---------------------------------
[INFO]
[INFO] --- maven-resources-plugin:2.6:resources (default-resources) @ auto-value-annotations ---
[INFO] Using 'UTF-8' encoding to copy filtered resources.
[INFO] skip non existing resourceDirectory /app/value/annotations/src/main/resources
[INFO]
[INFO] --- maven-compiler-plugin:3.14.1:compile (default-compile) @ auto-value-annotations ---
[INFO] Recompiling the module because of changed source code.
[INFO] Compiling 7 source files with javac [debug deprecation target 1.8] to target/classes
[WARNING] bootstrap class path not set in conjunction with -source 8
[INFO]
[INFO] --- maven-resources-plugin:2.6:testResources (default-testResources) @ auto-value-annotations ---
[INFO] Using 'UTF-8' encoding to copy filtered resources.
[INFO] skip non existing resourceDirectory /app/value/annotations/src/test/resources
[INFO]
[INFO] --- maven-compiler-plugin:3.14.1:testCompile (default-testCompile) @ auto-value-annotations ---
[INFO] No sources to compile
[INFO]
[INFO] --- maven-surefire-plugin:2.12.4:test (default-test) @ auto-value-annotations ---
[INFO] No tests to run.
[INFO]
[INFO] --- maven-jar-plugin:3.4.2:jar (default-jar) @ auto-value-annotations ---
[INFO] Building jar: /app/value/annotations/target/auto-value-annotations-HEAD-SNAPSHOT.jar
[INFO]
[INFO] --- maven-javadoc-plugin:3.12.0:jar (attach-javadocs) @ auto-value-annotations ---
[INFO] Skipping javadoc generation
[INFO]
[INFO] --- maven-source-plugin:3.3.1:jar-no-fork (attach-sources) @ auto-value-annotations ---
[INFO] Building jar: /app/value/annotations/target/auto-value-annotations-HEAD-SNAPSHOT-sources.jar
[INFO]
[INFO] --- maven-invoker-plugin:3.9.1:install (integration-test) @ auto-value-annotations ---
[INFO] Installing /app/value/annotations/target/auto-value-annotations-HEAD-SNAPSHOT.jar to /app/value/annotations/target/it-repo/com/google/auto/value/auto-value-annotations/HEAD-SNAPSHOT/auto-value-annotations-HEAD-SNAPSHOT.jar
[INFO] Installing /app/value/annotations/target/auto-value-annotations-HEAD-SNAPSHOT-sources.jar to /app/value/annotations/target/it-repo/com/google/auto/value/auto-value-annotations/HEAD-SNAPSHOT/auto-value-annotations-HEAD-SNAPSHOT-sources.jar
[INFO] Installing /app/value/annotations/pom.xml to /app/value/annotations/target/it-repo/com/google/auto/value/auto-value-annotations/HEAD-SNAPSHOT/auto-value-annotations-HEAD-SNAPSHOT.pom
[INFO] Installing /app/value/pom.xml to /app/value/annotations/target/it-repo/com/google/auto/value/auto-value-parent/HEAD-SNAPSHOT/auto-value-parent-HEAD-SNAPSHOT.pom
[INFO]
[INFO] --- maven-invoker-plugin:3.9.1:run (integration-test) @ auto-value-annotations ---
[INFO] No projects were selected for execution.
[INFO]
[INFO] ------------------< com.google.auto.value:auto-value >------------------
[INFO] Building AutoValue Processor HEAD-SNAPSHOT                        [8/11]
[INFO] --------------------------------[ jar ]---------------------------------
[INFO]
[INFO] --- maven-resources-plugin:2.6:resources (default-resources) @ auto-value ---
[INFO] Using 'UTF-8' encoding to copy filtered resources.
[INFO] Copying 8 resources
[INFO]
[INFO] --- maven-compiler-plugin:3.14.1:compile (default-compile) @ auto-value ---
[INFO] Recompiling the module because of changed source code.
[INFO] Compiling 68 source files with javac [debug deprecation target 1.8] to target/classes
[WARNING] bootstrap class path not set in conjunction with -source 8
[WARNING] No processor claimed any of these annotations: com.google.auto.service.AutoService,com.google.errorprone.annotations.FormatMethod,net.ltgt.gradle.incap.IncrementalAnnotationProcessor,com.google.common.annotations.VisibleForTesting,javax.annotation.processing.SupportedAnnotationTypes
[WARNING] The following options were not recognized by any processor: '[allowedMissingSerializableExtensionClasses]'
[WARNING] Implicitly compiled files were not subject to annotation processing.
  Use -proc:none to disable annotation processing or -implicit to specify a policy for implicit compilation.
[INFO]
[INFO] --- maven-resources-plugin:2.6:testResources (default-testResources) @ auto-value ---
[INFO] Using 'UTF-8' encoding to copy filtered resources.
[INFO] skip non existing resourceDirectory /app/value/processor/src/test/resources
[INFO]
[INFO] --- maven-compiler-plugin:3.14.1:testCompile (default-testCompile) @ auto-value ---
[INFO] Downloading from central: https://repo.maven.apache.org/maven2/com/google/guava/guava/31.1-jre/guava-31.1-jre.pom
[INFO] Downloaded from central: https://repo.maven.apache.org/maven2/com/google/guava/guava/31.1-jre/guava-31.1-jre.pom (11 kB at 64 kB/s)
[INFO] Downloading from central: https://repo.maven.apache.org/maven2/com/google/guava/guava-parent/31.1-jre/guava-parent-31.1-jre.pom
[INFO] Downloaded from central: https://repo.maven.apache.org/maven2/com/google/guava/guava-parent/31.1-jre/guava-parent-31.1-jre.pom (15 kB at 149 kB/s)
[INFO] Downloading from central: https://repo.maven.apache.org/maven2/com/google/errorprone/error_prone_annotations/2.11.0/error_prone_annotations-2.11.0.pom
[INFO] Downloaded from central: https://repo.maven.apache.org/maven2/com/google/errorprone/error_prone_annotations/2.11.0/error_prone_annotations-2.11.0.pom (2.2 kB at 18 kB/s)
[INFO] Downloading from central: https://repo.maven.apache.org/maven2/com/google/errorprone/error_prone_parent/2.11.0/error_prone_parent-2.11.0.pom
[INFO] Downloaded from central: https://repo.maven.apache.org/maven2/com/google/errorprone/error_prone_parent/2.11.0/error_prone_parent-2.11.0.pom (11 kB at 111 kB/s)
[INFO] Recompiling the module because of changed dependency.
[INFO] Compiling 40 source files with javac [debug deprecation target 1.8] to target/test-classes
[WARNING] bootstrap class path not set in conjunction with -source 8
[WARNING] No processor claimed any of these annotations: org.junit.BeforeClass,javax.annotation.processing.SupportedOptions,org.junit.runner.RunWith,org.junit.runners.Parameterized.Parameters,com.google.auto.value.extension.serializable.SerializableAutoValue,javax.annotation.processing.SupportedAnnotationTypes,com.google.errorprone.annotations.Immutable,com.google.errorprone.annotations.ImmutableTypeParameter,org.junit.ClassRule,javax.annotation.Nullable,org.junit.Before,com.google.auto.value.AutoValue.Builder,com.google.auto.value.extension.memoized.Memoized,org.junit.Test,com.google.auto.value.AutoValue.CopyAnnotations,org.junit.Rule,com.google.auto.service.AutoService,com.google.auto.value.extension.toprettystring.ToPrettyString,com.google.auto.value.AutoValue,com.google.errorprone.annotations.Keep
[WARNING] No processor claimed any of these annotations: com.google.errorprone.annotations.ImmutableTypeParameter,com.google.errorprone.annotations.Immutable,javax.annotation.Nullable,com.google.errorprone.annotations.concurrent.LazyInit
[WARNING] /app/value/src/test/java/com/google/auto/value/extension/memoized/MemoizedTest.java:[183,16] serializable class com.google.auto.value.extension.memoized.MemoizedTest.SomeCheckedException has no definition of serialVersionUID
[WARNING] /app/value/src/test/java/com/google/auto/value/extension/serializable/processor/SerializableAutoValueExtensionTest.java:[45,19] serializable class com.google.auto.value.extension.serializable.processor.SerializableAutoValueExtensionTest.DummySerializableAutoValue has no definition of serialVersionUID
[WARNING] /app/value/src/test/java/com/google/auto/value/extension/serializable/processor/SerializableAutoValueExtensionTest.java:[149,19] serializable class com.google.auto.value.extension.serializable.processor.SerializableAutoValueExtensionTest.PrefixSerializableAutoValue has no definition of serialVersionUID
[WARNING] /app/value/src/test/java/com/google/auto/value/extension/serializable/processor/SerializableAutoValueExtensionTest.java:[218,19] serializable class com.google.auto.value.extension.serializable.processor.SerializableAutoValueExtensionTest.NotSerializableNoAnnotation has no definition of serialVersionUID
[WARNING] /app/value/src/test/java/com/google/auto/value/extension/serializable/processor/SerializableAutoValueExtensionTest.java:[240,19] serializable class com.google.auto.value.extension.serializable.processor.SerializableAutoValueExtensionTest.HasTypeParameters has no definition of serialVersionUID
[WARNING] /app/value/src/test/java/com/google/auto/value/extension/serializable/processor/SerializableAutoValueExtensionTest.java:[299,19] serializable class com.google.auto.value.extension.serializable.processor.SerializableAutoValueExtensionTest.ImmutableListSerializableAutoValue has no definition of serialVersionUID
[WARNING] /app/value/src/test/java/com/google/auto/value/extension/serializable/processor/SerializableAutoValueExtensionTest.java:[340,19] serializable class com.google.auto.value.extension.serializable.processor.SerializableAutoValueExtensionTest.ImmutableMapSerializableAutoValue has no definition of serialVersionUID
[WARNING] /app/value/src/test/java/com/google/auto/value/extension/serializable/processor/SerializableAutoValueExtensionTest.java:[390,19] serializable class com.google.auto.value.extension.serializable.processor.SerializableAutoValueExtensionTest.MultiplePropertiesSameType has no definition of serialVersionUID
[WARNING] /app/value/src/test/java/com/google/auto/value/extension/serializable/processor/SerializableAutoValueExtensionTest.java:[426,19] serializable class com.google.auto.value.extension.serializable.processor.SerializableAutoValueExtensionTest.ComplexType has no definition of serialVersionUID
[WARNING] /app/value/src/test/java/com/google/auto/value/extension/serializable/processor/SerializableAutoValueExtensionTest.java:[459,19] serializable class com.google.auto.value.extension.serializable.processor.SerializableAutoValueExtensionTest.SerializeMemoize has no definition of serialVersionUID
[WARNING] /app/value/src/test/java/com/google/auto/value/extension/toprettystring/ToPrettyStringTest.java:[894,12] serializable class com.google.auto.value.extension.toprettystring.ToPrettyStringTest.CollectionSubtypesWithFixedTypeParameters.StringList has no definition of serialVersionUID
[WARNING] /app/value/src/test/java/com/google/auto/value/extension/toprettystring/ToPrettyStringTest.java:[896,12] serializable class com.google.auto.value.extension.toprettystring.ToPrettyStringTest.CollectionSubtypesWithFixedTypeParameters.StringMap has no definition of serialVersionUID
[WARNING] /app/value/processor/target/generated-test-sources/test-annotations/com/google/auto/value/extension/serializable/processor/$AutoValue_SerializableAutoValueExtensionTest_DummySerializableAutoValue.java:[7,10] serializable class com.google.auto.value.extension.serializable.processor.$AutoValue_SerializableAutoValueExtensionTest_DummySerializableAutoValue has no definition of serialVersionUID
[WARNING] /app/value/processor/target/generated-test-sources/test-annotations/com/google/auto/value/extension/serializable/processor/AutoValue_SerializableAutoValueExtensionTest_DummySerializableAutoValue.java:[10,7] serializable class com.google.auto.value.extension.serializable.processor.AutoValue_SerializableAutoValueExtensionTest_DummySerializableAutoValue has no definition of serialVersionUID
[WARNING] /app/value/processor/target/generated-test-sources/test-annotations/com/google/auto/value/extension/serializable/processor/$AutoValue_SerializableAutoValueExtensionTest_PrefixSerializableAutoValue.java:[7,10] serializable class com.google.auto.value.extension.serializable.processor.$AutoValue_SerializableAutoValueExtensionTest_PrefixSerializableAutoValue has no definition of serialVersionUID
[WARNING] /app/value/processor/target/generated-test-sources/test-annotations/com/google/auto/value/extension/serializable/processor/AutoValue_SerializableAutoValueExtensionTest_PrefixSerializableAutoValue.java:[10,7] serializable class com.google.auto.value.extension.serializable.processor.AutoValue_SerializableAutoValueExtensionTest_PrefixSerializableAutoValue has no definition of serialVersionUID
[WARNING] /app/value/processor/target/generated-test-sources/test-annotations/com/google/auto/value/extension/serializable/processor/AutoValue_SerializableAutoValueExtensionTest_NotSerializableNoAnnotation.java:[7,7] serializable class com.google.auto.value.extension.serializable.processor.AutoValue_SerializableAutoValueExtensionTest_NotSerializableNoAnnotation has no definition of serialVersionUID
[WARNING] /app/value/processor/target/generated-test-sources/test-annotations/com/google/auto/value/extension/serializable/processor/$AutoValue_SerializableAutoValueExtensionTest_HasTypeParameters.java:[8,10] serializable class com.google.auto.value.extension.serializable.processor.$AutoValue_SerializableAutoValueExtensionTest_HasTypeParameters has no definition of serialVersionUID
[WARNING] /app/value/processor/target/generated-test-sources/test-annotations/com/google/auto/value/extension/serializable/processor/AutoValue_SerializableAutoValueExtensionTest_HasTypeParameters.java:[8,7] serializable class com.google.auto.value.extension.serializable.processor.AutoValue_SerializableAutoValueExtensionTest_HasTypeParameters has no definition of serialVersionUID
[WARNING] /app/value/processor/target/generated-test-sources/test-annotations/com/google/auto/value/extension/serializable/processor/$AutoValue_SerializableAutoValueExtensionTest_ImmutableListSerializableAutoValue.java:[8,10] serializable class com.google.auto.value.extension.serializable.processor.$AutoValue_SerializableAutoValueExtensionTest_ImmutableListSerializableAutoValue has no definition of serialVersionUID
[WARNING] /app/value/processor/target/generated-test-sources/test-annotations/com/google/auto/value/extension/serializable/processor/AutoValue_SerializableAutoValueExtensionTest_ImmutableListSerializableAutoValue.java:[11,7] serializable class com.google.auto.value.extension.serializable.processor.AutoValue_SerializableAutoValueExtensionTest_ImmutableListSerializableAutoValue has no definition of serialVersionUID
[WARNING] /app/value/processor/target/generated-test-sources/test-annotations/com/google/auto/value/extension/serializable/processor/$AutoValue_SerializableAutoValueExtensionTest_ImmutableMapSerializableAutoValue.java:[8,10] serializable class com.google.auto.value.extension.serializable.processor.$AutoValue_SerializableAutoValueExtensionTest_ImmutableMapSerializableAutoValue has no definition of serialVersionUID
[WARNING] /app/value/processor/target/generated-test-sources/test-annotations/com/google/auto/value/extension/serializable/processor/AutoValue_SerializableAutoValueExtensionTest_ImmutableMapSerializableAutoValue.java:[11,7] serializable class com.google.auto.value.extension.serializable.processor.AutoValue_SerializableAutoValueExtensionTest_ImmutableMapSerializableAutoValue has no definition of serialVersionUID
[WARNING] /app/value/processor/target/generated-test-sources/test-annotations/com/google/auto/value/extension/serializable/processor/$AutoValue_SerializableAutoValueExtensionTest_MultiplePropertiesSameType.java:[6,10] serializable class com.google.auto.value.extension.serializable.processor.$AutoValue_SerializableAutoValueExtensionTest_MultiplePropertiesSameType has no definition of serialVersionUID
[WARNING] /app/value/processor/target/generated-test-sources/test-annotations/com/google/auto/value/extension/serializable/processor/AutoValue_SerializableAutoValueExtensionTest_MultiplePropertiesSameType.java:[8,7] serializable class com.google.auto.value.extension.serializable.processor.AutoValue_SerializableAutoValueExtensionTest_MultiplePropertiesSameType has no definition of serialVersionUID
[WARNING] /app/value/processor/target/generated-test-sources/test-annotations/com/google/auto/value/extension/serializable/processor/$AutoValue_SerializableAutoValueExtensionTest_ComplexType.java:[8,10] serializable class com.google.auto.value.extension.serializable.processor.$AutoValue_SerializableAutoValueExtensionTest_ComplexType has no definition of serialVersionUID
[WARNING] /app/value/processor/target/generated-test-sources/test-annotations/com/google/auto/value/extension/serializable/processor/AutoValue_SerializableAutoValueExtensionTest_ComplexType.java:[11,7] serializable class com.google.auto.value.extension.serializable.processor.AutoValue_SerializableAutoValueExtensionTest_ComplexType has no definition of serialVersionUID
[WARNING] /app/value/processor/target/generated-test-sources/test-annotations/com/google/auto/value/extension/serializable/processor/$$AutoValue_SerializableAutoValueExtensionTest_SerializeMemoize.java:[7,10] serializable class com.google.auto.value.extension.serializable.processor.$$AutoValue_SerializableAutoValueExtensionTest_SerializeMemoize has no definition of serialVersionUID
[WARNING] /app/value/processor/target/generated-test-sources/test-annotations/com/google/auto/value/extension/serializable/processor/$AutoValue_SerializableAutoValueExtensionTest_SerializeMemoize.java:[9,10] serializable class com.google.auto.value.extension.serializable.processor.$AutoValue_SerializableAutoValueExtensionTest_SerializeMemoize has no definition of serialVersionUID
[WARNING] /app/value/processor/target/generated-test-sources/test-annotations/com/google/auto/value/extension/serializable/processor/AutoValue_SerializableAutoValueExtensionTest_SerializeMemoize.java:[9,7] serializable class com.google.auto.value.extension.serializable.processor.AutoValue_SerializableAutoValueExtensionTest_SerializeMemoize has no definition of serialVersionUID
[INFO]
[INFO] --- maven-surefire-plugin:3.5.4:test (default-test) @ auto-value ---
[INFO] Using auto detected provider org.apache.maven.surefire.junit4.JUnit4Provider
[INFO]
[INFO] -------------------------------------------------------
[INFO]  T E S T S
[INFO] -------------------------------------------------------
[INFO] Running com.google.auto.value.processor.BuilderRequiredPropertiesTest
[INFO] Tests run: 17, Failures: 0, Errors: 0, Skipped: 0, Time elapsed: 0.536 s -- in com.google.auto.value.processor.BuilderRequiredPropertiesTest
[INFO] Running com.google.auto.value.processor.NullablesTest
[INFO] Tests run: 1, Failures: 0, Errors: 0, Skipped: 0, Time elapsed: 0.163 s -- in com.google.auto.value.processor.NullablesTest
[INFO] Running com.google.auto.value.processor.TypeEncoderTest
[INFO] Tests run: 15, Failures: 0, Errors: 0, Skipped: 0, Time elapsed: 0.725 s -- in com.google.auto.value.processor.TypeEncoderTest
[INFO] Running com.google.auto.value.processor.ReformatterTest
[INFO] Tests run: 4, Failures: 0, Errors: 0, Skipped: 0, Time elapsed: 0.002 s -- in com.google.auto.value.processor.ReformatterTest
[INFO] Running com.google.auto.value.processor.JavaScannerTest
[INFO] Tests run: 1, Failures: 0, Errors: 0, Skipped: 0, Time elapsed: 0 s -- in com.google.auto.value.processor.JavaScannerTest
[INFO] Running com.google.auto.value.processor.AutoValueCompilationTest
[INFO] Tests run: 93, Failures: 0, Errors: 0, Skipped: 0, Time elapsed: 3.852 s -- in com.google.auto.value.processor.AutoValueCompilationTest
[INFO] Running com.google.auto.value.processor.AutoAnnotationCompilationTest
[INFO] Tests run: 5, Failures: 0, Errors: 0, Skipped: 0, Time elapsed: 0.291 s -- in com.google.auto.value.processor.AutoAnnotationCompilationTest
[INFO] Running com.google.auto.value.processor.AutoOneOfCompilationTest
[INFO] Tests run: 11, Failures: 0, Errors: 0, Skipped: 0, Time elapsed: 0.299 s -- in com.google.auto.value.processor.AutoOneOfCompilationTest
[INFO] Running com.google.auto.value.processor.GeneratedDoesNotExistTest
[INFO] Tests run: 2, Failures: 0, Errors: 0, Skipped: 0, Time elapsed: 0.101 s -- in com.google.auto.value.processor.GeneratedDoesNotExistTest
[INFO] Running com.google.auto.value.processor.PropertyNamesTest
[INFO] Tests run: 2, Failures: 0, Errors: 0, Skipped: 0, Time elapsed: 0 s -- in com.google.auto.value.processor.PropertyNamesTest
[INFO] Running com.google.auto.value.processor.ForwardingClassGeneratorTest
[INFO] Tests run: 2, Failures: 0, Errors: 0, Skipped: 0, Time elapsed: 0.055 s -- in com.google.auto.value.processor.ForwardingClassGeneratorTest
[INFO] Running com.google.auto.value.processor.TypeSimplifierTest
[INFO] Tests run: 6, Failures: 0, Errors: 0, Skipped: 0, Time elapsed: 0.118 s -- in com.google.auto.value.processor.TypeSimplifierTest
[INFO] Running com.google.auto.value.processor.PropertyAnnotationsTest
[INFO] Tests run: 22, Failures: 0, Errors: 0, Skipped: 0, Time elapsed: 0.828 s -- in com.google.auto.value.processor.PropertyAnnotationsTest
[INFO] Running com.google.auto.value.processor.TypeVariablesTest
[INFO] Tests run: 5, Failures: 0, Errors: 0, Skipped: 0, Time elapsed: 0.026 s -- in com.google.auto.value.processor.TypeVariablesTest
[INFO] Running com.google.auto.value.processor.AutoAnnotationErrorsTest
[INFO] Tests run: 11, Failures: 0, Errors: 0, Skipped: 0, Time elapsed: 0.416 s -- in com.google.auto.value.processor.AutoAnnotationErrorsTest
[INFO] Running com.google.auto.value.processor.GuavaCollectionBuildersTest
[INFO] Tests run: 1, Failures: 0, Errors: 0, Skipped: 0, Time elapsed: 0.045 s -- in com.google.auto.value.processor.GuavaCollectionBuildersTest
[INFO] Running com.google.auto.value.processor.SimplifyWithAnnotationsTest
[INFO] Tests run: 1, Failures: 0, Errors: 0, Skipped: 0, Time elapsed: 0.026 s -- in com.google.auto.value.processor.SimplifyWithAnnotationsTest
[INFO] Running com.google.auto.value.processor.IncrementalExtensionTest
[INFO] Tests run: 3, Failures: 0, Errors: 0, Skipped: 0, Time elapsed: 0.001 s -- in com.google.auto.value.processor.IncrementalExtensionTest
[INFO] Running com.google.auto.value.processor.AutoBuilderCompilationTest
[INFO] Tests run: 31, Failures: 0, Errors: 0, Skipped: 0, Time elapsed: 0.708 s -- in com.google.auto.value.processor.AutoBuilderCompilationTest
[INFO] Running com.google.auto.value.processor.SimpleServiceLoaderTest
[INFO] Tests run: 10, Failures: 0, Errors: 0, Skipped: 0, Time elapsed: 0.022 s -- in com.google.auto.value.processor.SimpleServiceLoaderTest
[INFO] Running com.google.auto.value.processor.ExtensionTest
[INFO] Tests run: 30, Failures: 0, Errors: 0, Skipped: 0, Time elapsed: 0.752 s -- in com.google.auto.value.processor.ExtensionTest
[INFO] Running com.google.auto.value.processor.TemplateVarsTest
[INFO] Tests run: 6, Failures: 0, Errors: 0, Skipped: 0, Time elapsed: 0.001 s -- in com.google.auto.value.processor.TemplateVarsTest
[INFO] Running com.google.auto.value.extension.toprettystring.ToPrettyStringValidatorTest
[INFO] Tests run: 6, Failures: 0, Errors: 0, Skipped: 0, Time elapsed: 0.080 s -- in com.google.auto.value.extension.toprettystring.ToPrettyStringValidatorTest
[INFO] Running com.google.auto.value.extension.toprettystring.ToPrettyStringTest
[INFO] Tests run: 44, Failures: 0, Errors: 0, Skipped: 0, Time elapsed: 0.005 s -- in com.google.auto.value.extension.toprettystring.ToPrettyStringTest
[INFO] Running com.google.auto.value.extension.serializable.serializer.impl.ImmutableListSerializerExtensionTest
[INFO] Tests run: 6, Failures: 0, Errors: 0, Skipped: 0, Time elapsed: 0.124 s -- in com.google.auto.value.extension.serializable.serializer.impl.ImmutableListSerializerExtensionTest
[INFO] Running com.google.auto.value.extension.serializable.serializer.impl.SerializerFactoryImplTest
[INFO] Tests run: 2, Failures: 0, Errors: 0, Skipped: 0, Time elapsed: 0.029 s -- in com.google.auto.value.extension.serializable.serializer.impl.SerializerFactoryImplTest
[INFO] Running com.google.auto.value.extension.serializable.serializer.impl.IdentitySerializerFactoryTest
[INFO] Tests run: 4, Failures: 0, Errors: 0, Skipped: 0, Time elapsed: 0.052 s -- in com.google.auto.value.extension.serializable.serializer.impl.IdentitySerializerFactoryTest
[INFO] Running com.google.auto.value.extension.serializable.serializer.impl.OptionalSerializerExtensionTest
[INFO] Tests run: 5, Failures: 0, Errors: 0, Skipped: 0, Time elapsed: 0.075 s -- in com.google.auto.value.extension.serializable.serializer.impl.OptionalSerializerExtensionTest
[INFO] Running com.google.auto.value.extension.serializable.serializer.impl.ImmutableMapSerializerExtensionTest
[INFO] Tests run: 6, Failures: 0, Errors: 0, Skipped: 0, Time elapsed: 0.101 s -- in com.google.auto.value.extension.serializable.serializer.impl.ImmutableMapSerializerExtensionTest
[INFO] Running com.google.auto.value.extension.serializable.serializer.SerializerFactoryLoaderTest
[INFO] Tests run: 1, Failures: 0, Errors: 0, Skipped: 0, Time elapsed: 0.010 s -- in com.google.auto.value.extension.serializable.serializer.SerializerFactoryLoaderTest
[INFO] Running com.google.auto.value.extension.serializable.processor.SerializableAutoValueExtensionTest
[INFO] Tests run: 21, Failures: 0, Errors: 0, Skipped: 0, Time elapsed: 0.043 s -- in com.google.auto.value.extension.serializable.processor.SerializableAutoValueExtensionTest
[INFO] Running com.google.auto.value.extension.memoized.MemoizedValidationTest
[INFO] Tests run: 7, Failures: 0, Errors: 0, Skipped: 0, Time elapsed: 0.138 s -- in com.google.auto.value.extension.memoized.MemoizedValidationTest
[INFO] Running com.google.auto.value.extension.memoized.MemoizedTest
[INFO] Tests run: 28, Failures: 0, Errors: 0, Skipped: 0, Time elapsed: 0.007 s -- in com.google.auto.value.extension.memoized.MemoizedTest
[INFO]
[INFO] Results:
[INFO]
[INFO] Tests run: 409, Failures: 0, Errors: 0, Skipped: 0
[INFO]
[INFO]
[INFO] --- maven-jar-plugin:3.4.2:jar (default-jar) @ auto-value ---
[INFO] Building jar: /app/value/processor/target/auto-value-HEAD-SNAPSHOT.jar
[INFO]
[INFO] --- maven-javadoc-plugin:3.12.0:jar (attach-javadocs) @ auto-value ---
[INFO] Skipping javadoc generation
[INFO]
[INFO] --- maven-source-plugin:3.3.1:jar-no-fork (attach-sources) @ auto-value ---
[INFO] Building jar: /app/value/processor/target/auto-value-HEAD-SNAPSHOT-sources.jar
[INFO]
[INFO] --- maven-shade-plugin:3.6.1:shade (default) @ auto-value ---
[INFO] Downloading from central: https://repo.maven.apache.org/maven2/org/ow2/asm/asm-commons/9.8/asm-commons-9.8.pom
[INFO] Downloaded from central: https://repo.maven.apache.org/maven2/org/ow2/asm/asm-commons/9.8/asm-commons-9.8.pom (2.8 kB at 27 kB/s)
[INFO] Downloading from central: https://repo.maven.apache.org/maven2/org/ow2/asm/asm-tree/9.8/asm-tree-9.8.pom
[INFO] Downloaded from central: https://repo.maven.apache.org/maven2/org/ow2/asm/asm-tree/9.8/asm-tree-9.8.pom (2.6 kB at 24 kB/s)
[INFO] Downloading from central: https://repo.maven.apache.org/maven2/org/jdom/jdom2/2.0.6.1/jdom2-2.0.6.1.pom
[INFO] Downloaded from central: https://repo.maven.apache.org/maven2/org/jdom/jdom2/2.0.6.1/jdom2-2.0.6.1.pom (4.6 kB at 45 kB/s)
[INFO] Downloading from central: https://repo.maven.apache.org/maven2/org/apache/commons/commons-compress/1.28.0/commons-compress-1.28.0.pom
[INFO] Downloaded from central: https://repo.maven.apache.org/maven2/org/apache/commons/commons-compress/1.28.0/commons-compress-1.28.0.pom (25 kB at 253 kB/s)
[INFO] Downloading from central: https://repo.maven.apache.org/maven2/commons-codec/commons-codec/1.19.0/commons-codec-1.19.0.pom
[INFO] Downloaded from central: https://repo.maven.apache.org/maven2/commons-codec/commons-codec/1.19.0/commons-codec-1.19.0.pom (18 kB at 196 kB/s)
[INFO] Downloading from central: https://repo.maven.apache.org/maven2/org/vafer/jdependency/2.10/jdependency-2.10.pom
[INFO] Downloaded from central: https://repo.maven.apache.org/maven2/org/vafer/jdependency/2.10/jdependency-2.10.pom (14 kB at 143 kB/s)
[INFO] Downloading from central: https://repo.maven.apache.org/maven2/org/ow2/asm/asm-commons/9.8/asm-commons-9.8.jar
[INFO] Downloading from central: https://repo.maven.apache.org/maven2/org/ow2/asm/asm-tree/9.8/asm-tree-9.8.jar
[INFO] Downloading from central: https://repo.maven.apache.org/maven2/org/apache/commons/commons-compress/1.28.0/commons-compress-1.28.0.jar
[INFO] Downloading from central: https://repo.maven.apache.org/maven2/org/jdom/jdom2/2.0.6.1/jdom2-2.0.6.1.jar
[INFO] Downloading from central: https://repo.maven.apache.org/maven2/commons-codec/commons-codec/1.19.0/commons-codec-1.19.0.jar
[INFO] Downloaded from central: https://repo.maven.apache.org/maven2/org/apache/commons/commons-compress/1.28.0/commons-compress-1.28.0.jar (1.1 MB at 8.5 MB/s)
[INFO] Downloading from central: https://repo.maven.apache.org/maven2/org/vafer/jdependency/2.10/jdependency-2.10.jar
[INFO] Downloaded from central: https://repo.maven.apache.org/maven2/org/ow2/asm/asm-commons/9.8/asm-commons-9.8.jar (73 kB at 493 kB/s)
[INFO] Downloaded from central: https://repo.maven.apache.org/maven2/org/vafer/jdependency/2.10/jdependency-2.10.jar (416 kB at 1.9 MB/s)
[INFO] Downloaded from central: https://repo.maven.apache.org/maven2/commons-codec/commons-codec/1.19.0/commons-codec-1.19.0.jar (375 kB at 1.4 MB/s)
[INFO] Downloaded from central: https://repo.maven.apache.org/maven2/org/jdom/jdom2/2.0.6.1/jdom2-2.0.6.1.jar (328 kB at 1.2 MB/s)
[INFO] Downloaded from central: https://repo.maven.apache.org/maven2/org/ow2/asm/asm-tree/9.8/asm-tree-9.8.jar (52 kB at 143 kB/s)
[INFO] Minimizing jar com.google.auto.value:auto-value:jar:HEAD-SNAPSHOT
[WARNING] Removing module-info from auto-value-HEAD-SNAPSHOT.jar
[INFO] Dependency-reduced POM written at: /app/value/processor/dependency-reduced-pom.xml
[WARNING] Discovered module-info.class. Shading will break its strong encapsulation.
[WARNING] error_prone_annotations-2.44.0.jar, failureaccess-1.0.3.jar, guava-33.5.0-jre.jar, j2objc-annotations-3.1.jar, jspecify-1.0.0.jar define 1 overlapping classes:
[WARNING]   - META-INF.versions.9.module-info
[WARNING] asm-9.9.jar, auto-common-1.2.2.jar, auto-service-annotations-1.1.1.jar, auto-value-HEAD-SNAPSHOT.jar, error_prone_annotations-2.44.0.jar, escapevelocity-1.1.jar, failureaccess-1.0.3.jar, guava-33.5.0-jre.jar, incap-1.0.0.jar, j2objc-annotations-3.1.jar, javapoet-1.13.0.jar, jspecify-1.0.0.jar, listenablefuture-9999.0-empty-to-avoid-conflict-with-guava.jar define 1 overlapping resource:
[WARNING]   - META-INF/MANIFEST.MF
[WARNING] failureaccess-1.0.3.jar, guava-33.5.0-jre.jar define 1 overlapping resource:
[WARNING]   - META-INF/LICENSE
[WARNING] maven-shade-plugin has detected that some files are
[WARNING] present in two or more JARs. When this happens, only one
[WARNING] single version of the file is copied to the uber jar.
[WARNING] Usually this is not harmful and you can skip these warnings,
[WARNING] otherwise try to manually exclude artifacts based on
[WARNING] mvn dependency:tree -Ddetail=true and the above output.
[WARNING] See https://maven.apache.org/plugins/maven-shade-plugin/
[INFO] Minimized 2427 -> 1359 (55%)
[INFO] Replacing original artifact with shaded artifact.
[INFO]
[INFO] --- maven-invoker-plugin:3.9.1:install (integration-test) @ auto-value ---
[INFO] Installing /app/value/processor/target/auto-value-HEAD-SNAPSHOT.jar to /app/value/processor/target/it-repo/com/google/auto/value/auto-value/HEAD-SNAPSHOT/auto-value-HEAD-SNAPSHOT.jar
[INFO] Installing /app/value/processor/target/auto-value-HEAD-SNAPSHOT-sources.jar to /app/value/processor/target/it-repo/com/google/auto/value/auto-value/HEAD-SNAPSHOT/auto-value-HEAD-SNAPSHOT-sources.jar
[INFO] Installing /app/value/processor/dependency-reduced-pom.xml to /app/value/processor/target/it-repo/com/google/auto/value/auto-value/HEAD-SNAPSHOT/auto-value-HEAD-SNAPSHOT.pom
[INFO] Installing /app/value/pom.xml to /app/value/processor/target/it-repo/com/google/auto/value/auto-value-parent/HEAD-SNAPSHOT/auto-value-parent-HEAD-SNAPSHOT.pom
[INFO] Installing /root/.m2/repository/com/google/auto/auto-common/1.2.2/auto-common-1.2.2.jar to /app/value/processor/target/it-repo/com/google/auto/auto-common/1.2.2/auto-common-1.2.2.jar
[INFO] Installing /root/.m2/repository/com/google/auto/auto-common/1.2.2/auto-common-1.2.2.pom to /app/value/processor/target/it-repo/com/google/auto/auto-common/1.2.2/auto-common-1.2.2.pom
[INFO] Installing /root/.m2/repository/com/google/auto/service/auto-service-annotations/1.1.1/auto-service-annotations-1.1.1.jar to /app/value/processor/target/it-repo/com/google/auto/service/auto-service-annotations/1.1.1/auto-service-annotations-1.1.1.jar
[INFO] Installing /root/.m2/repository/com/google/auto/service/auto-service-annotations/1.1.1/auto-service-annotations-1.1.1.pom to /app/value/processor/target/it-repo/com/google/auto/service/auto-service-annotations/1.1.1/auto-service-annotations-1.1.1.pom
[INFO] Installing /root/.m2/repository/com/google/errorprone/error_prone_annotations/2.44.0/error_prone_annotations-2.44.0.jar to /app/value/processor/target/it-repo/com/google/errorprone/error_prone_annotations/2.44.0/error_prone_annotations-2.44.0.jar
[INFO] Installing /root/.m2/repository/com/google/errorprone/error_prone_annotations/2.44.0/error_prone_annotations-2.44.0.pom to /app/value/processor/target/it-repo/com/google/errorprone/error_prone_annotations/2.44.0/error_prone_annotations-2.44.0.pom
[INFO] Installing /root/.m2/repository/com/google/escapevelocity/escapevelocity/1.1/escapevelocity-1.1.jar to /app/value/processor/target/it-repo/com/google/escapevelocity/escapevelocity/1.1/escapevelocity-1.1.jar
[INFO] Installing /root/.m2/repository/com/google/escapevelocity/escapevelocity/1.1/escapevelocity-1.1.pom to /app/value/processor/target/it-repo/com/google/escapevelocity/escapevelocity/1.1/escapevelocity-1.1.pom
[INFO] Installing /root/.m2/repository/net/ltgt/gradle/incap/incap/1.0.0/incap-1.0.0.jar to /app/value/processor/target/it-repo/net/ltgt/gradle/incap/incap/1.0.0/incap-1.0.0.jar
[INFO] Installing /root/.m2/repository/net/ltgt/gradle/incap/incap/1.0.0/incap-1.0.0.pom to /app/value/processor/target/it-repo/net/ltgt/gradle/incap/incap/1.0.0/incap-1.0.0.pom
[INFO] Installing /root/.m2/repository/com/google/guava/guava/33.5.0-jre/guava-33.5.0-jre.jar to /app/value/processor/target/it-repo/com/google/guava/guava/33.5.0-jre/guava-33.5.0-jre.jar
[INFO] Installing /root/.m2/repository/com/google/guava/guava/33.5.0-jre/guava-33.5.0-jre.pom to /app/value/processor/target/it-repo/com/google/guava/guava/33.5.0-jre/guava-33.5.0-jre.pom
[INFO] Installing /root/.m2/repository/com/google/guava/failureaccess/1.0.3/failureaccess-1.0.3.jar to /app/value/processor/target/it-repo/com/google/guava/failureaccess/1.0.3/failureaccess-1.0.3.jar
[INFO] Installing /root/.m2/repository/com/google/guava/failureaccess/1.0.3/failureaccess-1.0.3.pom to /app/value/processor/target/it-repo/com/google/guava/failureaccess/1.0.3/failureaccess-1.0.3.pom
[INFO] Installing /root/.m2/repository/com/google/guava/listenablefuture/9999.0-empty-to-avoid-conflict-with-guava/listenablefuture-9999.0-empty-to-avoid-conflict-with-guava.jar to /app/value/processor/target/it-repo/com/google/guava/listenablefuture/9999.0-empty-to-avoid-conflict-with-guava/listenablefuture-9999.0-empty-to-avoid-conflict-with-guava.jar
[INFO] Installing /root/.m2/repository/com/google/guava/listenablefuture/9999.0-empty-to-avoid-conflict-with-guava/listenablefuture-9999.0-empty-to-avoid-conflict-with-guava.pom to /app/value/processor/target/it-repo/com/google/guava/listenablefuture/9999.0-empty-to-avoid-conflict-with-guava/listenablefuture-9999.0-empty-to-avoid-conflict-with-guava.pom
[INFO] Installing /root/.m2/repository/org/jspecify/jspecify/1.0.0/jspecify-1.0.0.jar to /app/value/processor/target/it-repo/org/jspecify/jspecify/1.0.0/jspecify-1.0.0.jar
[INFO] Installing /root/.m2/repository/org/jspecify/jspecify/1.0.0/jspecify-1.0.0.pom to /app/value/processor/target/it-repo/org/jspecify/jspecify/1.0.0/jspecify-1.0.0.pom
[INFO] Installing /root/.m2/repository/com/google/j2objc/j2objc-annotations/3.1/j2objc-annotations-3.1.jar to /app/value/processor/target/it-repo/com/google/j2objc/j2objc-annotations/3.1/j2objc-annotations-3.1.jar
[INFO] Installing /root/.m2/repository/com/google/j2objc/j2objc-annotations/3.1/j2objc-annotations-3.1.pom to /app/value/processor/target/it-repo/com/google/j2objc/j2objc-annotations/3.1/j2objc-annotations-3.1.pom
[INFO] Installing /root/.m2/repository/com/squareup/javapoet/1.13.0/javapoet-1.13.0.jar to /app/value/processor/target/it-repo/com/squareup/javapoet/1.13.0/javapoet-1.13.0.jar
[INFO] Installing /root/.m2/repository/com/squareup/javapoet/1.13.0/javapoet-1.13.0.pom to /app/value/processor/target/it-repo/com/squareup/javapoet/1.13.0/javapoet-1.13.0.pom
[INFO] Installing /root/.m2/repository/org/ow2/asm/asm/9.9/asm-9.9.jar to /app/value/processor/target/it-repo/org/ow2/asm/asm/9.9/asm-9.9.jar
[INFO] Installing /root/.m2/repository/org/ow2/asm/asm/9.9/asm-9.9.pom to /app/value/processor/target/it-repo/org/ow2/asm/asm/9.9/asm-9.9.pom
[INFO] Installing /root/.m2/repository/org/sonatype/oss/oss-parent/7/oss-parent-7.pom to /app/value/processor/target/it-repo/org/sonatype/oss/oss-parent/7/oss-parent-7.pom
[INFO] Installing /root/.m2/repository/com/google/auto/service/auto-service-aggregator/1.1.1/auto-service-aggregator-1.1.1.pom to /app/value/processor/target/it-repo/com/google/auto/service/auto-service-aggregator/1.1.1/auto-service-aggregator-1.1.1.pom
[INFO] Installing /root/.m2/repository/com/google/errorprone/error_prone_parent/2.44.0/error_prone_parent-2.44.0.pom to /app/value/processor/target/it-repo/com/google/errorprone/error_prone_parent/2.44.0/error_prone_parent-2.44.0.pom
[INFO] Installing /root/.m2/repository/org/sonatype/oss/oss-parent/9/oss-parent-9.pom to /app/value/processor/target/it-repo/org/sonatype/oss/oss-parent/9/oss-parent-9.pom
[INFO] Installing /root/.m2/repository/com/google/guava/guava-parent/33.5.0-jre/guava-parent-33.5.0-jre.pom to /app/value/processor/target/it-repo/com/google/guava/guava-parent/33.5.0-jre/guava-parent-33.5.0-jre.pom
[INFO] Installing /root/.m2/repository/com/google/guava/guava-parent/33.4.0-android/guava-parent-33.4.0-android.pom to /app/value/processor/target/it-repo/com/google/guava/guava-parent/33.4.0-android/guava-parent-33.4.0-android.pom
[INFO] Installing /root/.m2/repository/com/google/guava/guava-parent/26.0-android/guava-parent-26.0-android.pom to /app/value/processor/target/it-repo/com/google/guava/guava-parent/26.0-android/guava-parent-26.0-android.pom
[INFO] Installing /root/.m2/repository/org/ow2/ow2/1.5.1/ow2-1.5.1.pom to /app/value/processor/target/it-repo/org/ow2/ow2/1.5.1/ow2-1.5.1.pom
[INFO]
[INFO] --- maven-invoker-plugin:3.9.1:run (integration-test) @ auto-value ---
[INFO] No projects were selected for execution.
[INFO]
[INFO] -----------< com.google.auto.value.it.functional:functional >-----------
[INFO] Building Auto-Value Functional Integration Test HEAD-SNAPSHOT     [9/11]
[INFO] --------------------------------[ jar ]---------------------------------
[INFO]
[INFO] --- maven-resources-plugin:2.6:resources (default-resources) @ functional ---
[INFO] Using 'UTF-8' encoding to copy filtered resources.
[INFO] skip non existing resourceDirectory /app/value/src/it/functional/src/main/resources
[INFO]
[INFO] --- maven-compiler-plugin:3.14.1:compile (default-compile) @ functional ---
[INFO] Downloading from central: https://repo.maven.apache.org/maven2/org/jetbrains/kotlin/kotlin-metadata-jvm/2.2.21/kotlin-metadata-jvm-2.2.21.pom
[INFO] Downloaded from central: https://repo.maven.apache.org/maven2/org/jetbrains/kotlin/kotlin-metadata-jvm/2.2.21/kotlin-metadata-jvm-2.2.21.pom (1.4 kB at 13 kB/s)
[INFO] Downloading from central: https://repo.maven.apache.org/maven2/org/jetbrains/kotlin/kotlin-metadata-jvm/2.2.21/kotlin-metadata-jvm-2.2.21.jar
[INFO] Downloaded from central: https://repo.maven.apache.org/maven2/org/jetbrains/kotlin/kotlin-metadata-jvm/2.2.21/kotlin-metadata-jvm-2.2.21.jar (1.0 MB at 6.2 MB/s)
[INFO] Recompiling the module because of changed dependency.
[INFO] Compiling 4 source files with javac [debug deprecation target 17] to target/classes
[WARNING] No processor claimed any of these annotations: /javax.annotation.Nullable,/com.google.auto.value.AutoValue
[WARNING] No processor claimed any of these annotations: /javax.annotation.Nullable,java.compiler/javax.annotation.processing.Generated
[INFO]
[INFO] --- kotlin-maven-plugin:2.2.21:compile (compile) @ functional ---
[INFO] Downloading from central: https://repo.maven.apache.org/maven2/org/apache/maven/plugin-tools/maven-plugin-annotations/3.7.0/maven-plugin-annotations-3.7.0.pom
[INFO] Downloaded from central: https://repo.maven.apache.org/maven2/org/apache/maven/plugin-tools/maven-plugin-annotations/3.7.0/maven-plugin-annotations-3.7.0.pom (1.4 kB at 11 kB/s)
[INFO] Downloading from central: https://repo.maven.apache.org/maven2/org/apache/maven/plugin-tools/maven-plugin-tools/3.7.0/maven-plugin-tools-3.7.0.pom
[INFO] Downloaded from central: https://repo.maven.apache.org/maven2/org/apache/maven/plugin-tools/maven-plugin-tools/3.7.0/maven-plugin-tools-3.7.0.pom (17 kB at 12 kB/s)
[INFO] Downloading from central: https://repo.maven.apache.org/maven2/org/apache/maven/maven-parent/37/maven-parent-37.pom
[INFO] Downloaded from central: https://repo.maven.apache.org/maven2/org/apache/maven/maven-parent/37/maven-parent-37.pom (46 kB at 326 kB/s)
[INFO] Downloading from central: https://repo.maven.apache.org/maven2/org/jetbrains/kotlin/kotlin-build-tools-api/2.2.21/kotlin-build-tools-api-2.2.21.pom
[INFO] Downloaded from central: https://repo.maven.apache.org/maven2/org/jetbrains/kotlin/kotlin-build-tools-api/2.2.21/kotlin-build-tools-api-2.2.21.pom (1.1 kB at 11 kB/s)
[INFO] Downloading from central: https://repo.maven.apache.org/maven2/org/jetbrains/kotlin/kotlin-build-tools-impl/2.2.21/kotlin-build-tools-impl-2.2.21.pom
[INFO] Downloaded from central: https://repo.maven.apache.org/maven2/org/jetbrains/kotlin/kotlin-build-tools-impl/2.2.21/kotlin-build-tools-impl-2.2.21.pom (2.4 kB at 23 kB/s)
[INFO] Downloading from central: https://repo.maven.apache.org/maven2/org/jetbrains/kotlin/kotlin-compiler-embeddable/2.2.21/kotlin-compiler-embeddable-2.2.21.pom
[INFO] Downloaded from central: https://repo.maven.apache.org/maven2/org/jetbrains/kotlin/kotlin-compiler-embeddable/2.2.21/kotlin-compiler-embeddable-2.2.21.pom (2.5 kB at 12 kB/s)
[INFO] Downloading from central: https://repo.maven.apache.org/maven2/org/jetbrains/kotlin/kotlin-script-runtime/2.2.21/kotlin-script-runtime-2.2.21.pom
[INFO] Downloaded from central: https://repo.maven.apache.org/maven2/org/jetbrains/kotlin/kotlin-script-runtime/2.2.21/kotlin-script-runtime-2.2.21.pom (1.1 kB at 11 kB/s)
[INFO] Downloading from central: https://repo.maven.apache.org/maven2/org/jetbrains/kotlin/kotlin-reflect/1.6.10/kotlin-reflect-1.6.10.pom
[INFO] Downloaded from central: https://repo.maven.apache.org/maven2/org/jetbrains/kotlin/kotlin-reflect/1.6.10/kotlin-reflect-1.6.10.pom (1.4 kB at 14 kB/s)
[INFO] Downloading from central: https://repo.maven.apache.org/maven2/org/jetbrains/kotlin/kotlin-daemon-embeddable/2.2.21/kotlin-daemon-embeddable-2.2.21.pom
[INFO] Downloaded from central: https://repo.maven.apache.org/maven2/org/jetbrains/kotlin/kotlin-daemon-embeddable/2.2.21/kotlin-daemon-embeddable-2.2.21.pom (1.2 kB at 13 kB/s)
[INFO] Downloading from central: https://repo.maven.apache.org/maven2/org/jetbrains/kotlinx/kotlinx-coroutines-core-jvm/1.8.0/kotlinx-coroutines-core-jvm-1.8.0.pom
[INFO] Downloaded from central: https://repo.maven.apache.org/maven2/org/jetbrains/kotlinx/kotlinx-coroutines-core-jvm/1.8.0/kotlinx-coroutines-core-jvm-1.8.0.pom (2.2 kB at 16 kB/s)
[INFO] Downloading from central: https://repo.maven.apache.org/maven2/org/jetbrains/kotlinx/kotlinx-coroutines-bom/1.8.0/kotlinx-coroutines-bom-1.8.0.pom
[INFO] Downloaded from central: https://repo.maven.apache.org/maven2/org/jetbrains/kotlinx/kotlinx-coroutines-bom/1.8.0/kotlinx-coroutines-bom-1.8.0.pom (4.3 kB at 34 kB/s)
[INFO] Downloading from central: https://repo.maven.apache.org/maven2/org/jetbrains/kotlin/kotlin-compiler-runner/2.2.21/kotlin-compiler-runner-2.2.21.pom
[INFO] Downloaded from central: https://repo.maven.apache.org/maven2/org/jetbrains/kotlin/kotlin-compiler-runner/2.2.21/kotlin-compiler-runner-2.2.21.pom (1.9 kB at 15 kB/s)
[INFO] Downloading from central: https://repo.maven.apache.org/maven2/org/jetbrains/kotlin/kotlin-daemon-client/2.2.21/kotlin-daemon-client-2.2.21.pom
[INFO] Downloaded from central: https://repo.maven.apache.org/maven2/org/jetbrains/kotlin/kotlin-daemon-client/2.2.21/kotlin-daemon-client-2.2.21.pom (1.4 kB at 13 kB/s)
[INFO] Downloading from central: https://repo.maven.apache.org/maven2/org/jetbrains/kotlin/kotlin-stdlib/2.0.21/kotlin-stdlib-2.0.21.pom
[INFO] Downloaded from central: https://repo.maven.apache.org/maven2/org/jetbrains/kotlin/kotlin-stdlib/2.0.21/kotlin-stdlib-2.0.21.pom (2.3 kB at 17 kB/s)
[INFO] Downloading from central: https://repo.maven.apache.org/maven2/org/jetbrains/kotlin/kotlin-scripting-compiler-embeddable/2.2.21/kotlin-scripting-compiler-embeddable-2.2.21.pom
[INFO] Downloaded from central: https://repo.maven.apache.org/maven2/org/jetbrains/kotlin/kotlin-scripting-compiler-embeddable/2.2.21/kotlin-scripting-compiler-embeddable-2.2.21.pom (2.0 kB at 20 kB/s)
[INFO] Downloading from central: https://repo.maven.apache.org/maven2/org/jetbrains/kotlin/kotlin-scripting-common/2.2.21/kotlin-scripting-common-2.2.21.pom
[INFO] Downloaded from central: https://repo.maven.apache.org/maven2/org/jetbrains/kotlin/kotlin-scripting-common/2.2.21/kotlin-scripting-common-2.2.21.pom (1.4 kB at 11 kB/s)
[INFO] Downloading from central: https://repo.maven.apache.org/maven2/org/jetbrains/kotlin/kotlin-scripting-jvm/2.2.21/kotlin-scripting-jvm-2.2.21.pom
[INFO] Downloaded from central: https://repo.maven.apache.org/maven2/org/jetbrains/kotlin/kotlin-scripting-jvm/2.2.21/kotlin-scripting-jvm-2.2.21.pom (1.7 kB at 11 kB/s)
[INFO] Downloading from central: https://repo.maven.apache.org/maven2/org/jetbrains/kotlin/kotlin-scripting-compiler-impl-embeddable/2.2.21/kotlin-scripting-compiler-impl-embeddable-2.2.21.pom
[INFO] Downloaded from central: https://repo.maven.apache.org/maven2/org/jetbrains/kotlin/kotlin-scripting-compiler-impl-embeddable/2.2.21/kotlin-scripting-compiler-impl-embeddable-2.2.21.pom (1.8 kB at 19 kB/s)
[INFO] Downloading from central: https://repo.maven.apache.org/maven2/org/apache/maven/plugins/maven-compiler-plugin/3.14.0/maven-compiler-plugin-3.14.0.pom
[INFO] Downloaded from central: https://repo.maven.apache.org/maven2/org/apache/maven/plugins/maven-compiler-plugin/3.14.0/maven-compiler-plugin-3.14.0.pom (9.5 kB at 103 kB/s)
[INFO] Downloading from central: https://repo.maven.apache.org/maven2/org/apache/maven/plugins/maven-plugins/43/maven-plugins-43.pom
[INFO] Downloaded from central: https://repo.maven.apache.org/maven2/org/apache/maven/plugins/maven-plugins/43/maven-plugins-43.pom (7.5 kB at 58 kB/s)
[INFO] Downloading from central: https://repo.maven.apache.org/maven2/org/codehaus/plexus/plexus-java/1.4.0/plexus-java-1.4.0.pom
[INFO] Downloaded from central: https://repo.maven.apache.org/maven2/org/codehaus/plexus/plexus-java/1.4.0/plexus-java-1.4.0.pom (4.1 kB at 37 kB/s)
[INFO] Downloading from central: https://repo.maven.apache.org/maven2/org/codehaus/plexus/plexus-languages/1.4.0/plexus-languages-1.4.0.pom
[INFO] Downloaded from central: https://repo.maven.apache.org/maven2/org/codehaus/plexus/plexus-languages/1.4.0/plexus-languages-1.4.0.pom (3.9 kB at 38 kB/s)
[INFO] Downloading from central: https://repo.maven.apache.org/maven2/org/ow2/asm/asm/9.7.1/asm-9.7.1.pom
[INFO] Downloaded from central: https://repo.maven.apache.org/maven2/org/ow2/asm/asm/9.7.1/asm-9.7.1.pom (2.4 kB at 26 kB/s)
[INFO] Downloading from central: https://repo.maven.apache.org/maven2/org/codehaus/plexus/plexus-xml/3.0.0/plexus-xml-3.0.0.pom
[INFO] Downloaded from central: https://repo.maven.apache.org/maven2/org/codehaus/plexus/plexus-xml/3.0.0/plexus-xml-3.0.0.pom (3.7 kB at 35 kB/s)
[INFO] Downloading from central: https://repo.maven.apache.org/maven2/org/apache/maven/plugin-tools/maven-plugin-annotations/3.7.0/maven-plugin-annotations-3.7.0.jar
[INFO] Downloading from central: https://repo.maven.apache.org/maven2/org/jetbrains/kotlin/kotlin-build-tools-impl/2.2.21/kotlin-build-tools-impl-2.2.21.jar
[INFO] Downloading from central: https://repo.maven.apache.org/maven2/org/jetbrains/kotlin/kotlin-build-tools-api/2.2.21/kotlin-build-tools-api-2.2.21.jar
[INFO] Downloading from central: https://repo.maven.apache.org/maven2/org/jetbrains/kotlin/kotlin-daemon-client/2.2.21/kotlin-daemon-client-2.2.21.jar
[INFO] Downloading from central: https://repo.maven.apache.org/maven2/org/jetbrains/kotlin/kotlin-compiler-runner/2.2.21/kotlin-compiler-runner-2.2.21.jar
[INFO] Downloaded from central: https://repo.maven.apache.org/maven2/org/apache/maven/plugin-tools/maven-plugin-annotations/3.7.0/maven-plugin-annotations-3.7.0.jar (14 kB at 153 kB/s)
[INFO] Downloading from central: https://repo.maven.apache.org/maven2/org/jetbrains/kotlin/kotlin-scripting-compiler-impl-embeddable/2.2.21/kotlin-scripting-compiler-impl-embeddable-2.2.21.jar
[INFO] Downloaded from central: https://repo.maven.apache.org/maven2/org/jetbrains/kotlin/kotlin-compiler-runner/2.2.21/kotlin-compiler-runner-2.2.21.jar (20 kB at 204 kB/s)
[INFO] Downloading from central: https://repo.maven.apache.org/maven2/org/jetbrains/kotlin/kotlin-compiler-embeddable/2.2.21/kotlin-compiler-embeddable-2.2.21.jar
[INFO] Downloaded from central: https://repo.maven.apache.org/maven2/org/jetbrains/kotlin/kotlin-build-tools-impl/2.2.21/kotlin-build-tools-impl-2.2.21.jar (59 kB at 526 kB/s)
[INFO] Downloading from central: https://repo.maven.apache.org/maven2/org/jetbrains/kotlin/kotlin-script-runtime/2.2.21/kotlin-script-runtime-2.2.21.jar
[INFO] Downloaded from central: https://repo.maven.apache.org/maven2/org/jetbrains/kotlin/kotlin-build-tools-api/2.2.21/kotlin-build-tools-api-2.2.21.jar (45 kB at 378 kB/s)
[INFO] Downloading from central: https://repo.maven.apache.org/maven2/org/jetbrains/kotlin/kotlin-reflect/1.6.10/kotlin-reflect-1.6.10.jar
[INFO] Downloaded from central: https://repo.maven.apache.org/maven2/org/jetbrains/kotlin/kotlin-daemon-client/2.2.21/kotlin-daemon-client-2.2.21.jar (243 kB at 1.9 MB/s)
[INFO] Downloading from central: https://repo.maven.apache.org/maven2/org/jetbrains/kotlin/kotlin-daemon-embeddable/2.2.21/kotlin-daemon-embeddable-2.2.21.jar
[INFO] Downloaded from central: https://repo.maven.apache.org/maven2/org/jetbrains/kotlin/kotlin-scripting-compiler-impl-embeddable/2.2.21/kotlin-scripting-compiler-impl-embeddable-2.2.21.jar (230 kB at 1.0 MB/s)
[INFO] Downloading from central: https://repo.maven.apache.org/maven2/org/jetbrains/kotlinx/kotlinx-coroutines-core-jvm/1.8.0/kotlinx-coroutines-core-jvm-1.8.0.jar
[INFO] Downloaded from central: https://repo.maven.apache.org/maven2/org/jetbrains/kotlin/kotlin-daemon-embeddable/2.2.21/kotlin-daemon-embeddable-2.2.21.jar (348 kB at 1.3 MB/s)
[INFO] Downloading from central: https://repo.maven.apache.org/maven2/org/jetbrains/kotlin/kotlin-scripting-compiler-embeddable/2.2.21/kotlin-scripting-compiler-embeddable-2.2.21.jar
[INFO] Downloaded from central: https://repo.maven.apache.org/maven2/org/jetbrains/kotlin/kotlin-reflect/1.6.10/kotlin-reflect-1.6.10.jar (3.0 MB at 9.7 MB/s)
[INFO] Downloading from central: https://repo.maven.apache.org/maven2/org/jetbrains/kotlin/kotlin-scripting-common/2.2.21/kotlin-scripting-common-2.2.21.jar
[INFO] Downloaded from central: https://repo.maven.apache.org/maven2/org/jetbrains/kotlin/kotlin-script-runtime/2.2.21/kotlin-script-runtime-2.2.21.jar (45 kB at 143 kB/s)
[INFO] Downloading from central: https://repo.maven.apache.org/maven2/org/jetbrains/kotlin/kotlin-scripting-jvm/2.2.21/kotlin-scripting-jvm-2.2.21.jar
[INFO] Downloaded from central: https://repo.maven.apache.org/maven2/org/jetbrains/kotlinx/kotlinx-coroutines-core-jvm/1.8.0/kotlinx-coroutines-core-jvm-1.8.0.jar (1.5 MB at 4.5 MB/s)
[INFO] Downloading from central: https://repo.maven.apache.org/maven2/org/apache/maven/plugins/maven-compiler-plugin/3.14.0/maven-compiler-plugin-3.14.0.jar
[INFO] Downloaded from central: https://repo.maven.apache.org/maven2/org/jetbrains/kotlin/kotlin-scripting-compiler-embeddable/2.2.21/kotlin-scripting-compiler-embeddable-2.2.21.jar (587 kB at 1.5 MB/s)
[INFO] Downloading from central: https://repo.maven.apache.org/maven2/org/codehaus/plexus/plexus-java/1.4.0/plexus-java-1.4.0.jar
[INFO] Downloaded from central: https://repo.maven.apache.org/maven2/org/jetbrains/kotlin/kotlin-scripting-jvm/2.2.21/kotlin-scripting-jvm-2.2.21.jar (149 kB at 366 kB/s)
[INFO] Downloading from central: https://repo.maven.apache.org/maven2/org/ow2/asm/asm/9.7.1/asm-9.7.1.jar
[INFO] Downloaded from central: https://repo.maven.apache.org/maven2/org/jetbrains/kotlin/kotlin-scripting-common/2.2.21/kotlin-scripting-common-2.2.21.jar (199 kB at 466 kB/s)
[INFO] Downloading from central: https://repo.maven.apache.org/maven2/org/codehaus/plexus/plexus-xml/3.0.0/plexus-xml-3.0.0.jar
[INFO] Downloaded from central: https://repo.maven.apache.org/maven2/org/ow2/asm/asm/9.7.1/asm-9.7.1.jar (126 kB at 245 kB/s)
[INFO] Downloaded from central: https://repo.maven.apache.org/maven2/org/apache/maven/plugins/maven-compiler-plugin/3.14.0/maven-compiler-plugin-3.14.0.jar (83 kB at 158 kB/s)
[INFO] Downloaded from central: https://repo.maven.apache.org/maven2/org/codehaus/plexus/plexus-xml/3.0.0/plexus-xml-3.0.0.jar (93 kB at 169 kB/s)
[INFO] Downloaded from central: https://repo.maven.apache.org/maven2/org/codehaus/plexus/plexus-java/1.4.0/plexus-java-1.4.0.jar (57 kB at 94 kB/s)
[INFO] Downloaded from central: https://repo.maven.apache.org/maven2/org/jetbrains/kotlin/kotlin-compiler-embeddable/2.2.21/kotlin-compiler-embeddable-2.2.21.jar (57 MB at 42 MB/s)
[INFO] starting the daemon as: /usr/lib/jvm/java-17-openjdk-amd64/bin/java -cp /root/.m2/repository/org/jetbrains/kotlin/kotlin-build-tools-impl/2.2.21/kotlin-build-tools-impl-2.2.21.jar:/root/.m2/repository/org/jetbrains/kotlin/kotlin-build-tools-api/2.2.21/kotlin-build-tools-api-2.2.21.jar:/root/.m2/repository/org/jetbrains/kotlin/kotlin-stdlib/2.2.21/kotlin-stdlib-2.2.21.jar:/root/.m2/repository/org/jetbrains/annotations/13.0/annotations-13.0.jar:/root/.m2/repository/org/jetbrains/kotlin/kotlin-compiler-embeddable/2.2.21/kotlin-compiler-embeddable-2.2.21.jar:/root/.m2/repository/org/jetbrains/kotlin/kotlin-script-runtime/2.2.21/kotlin-script-runtime-2.2.21.jar:/root/.m2/repository/org/jetbrains/kotlin/kotlin-reflect/1.6.10/kotlin-reflect-1.6.10.jar:/root/.m2/repository/org/jetbrains/kotlin/kotlin-daemon-embeddable/2.2.21/kotlin-daemon-embeddable-2.2.21.jar:/root/.m2/repository/org/jetbrains/kotlinx/kotlinx-coroutines-core-jvm/1.8.0/kotlinx-coroutines-core-jvm-1.8.0.jar:/root/.m2/repository/org/jetbrains/kotlin/kotlin-compiler-runner/2.2.21/kotlin-compiler-runner-2.2.21.jar:/root/.m2/repository/org/jetbrains/kotlin/kotlin-daemon-client/2.2.21/kotlin-daemon-client-2.2.21.jar:/root/.m2/repository/org/jetbrains/kotlin/kotlin-scripting-compiler-embeddable/2.2.21/kotlin-scripting-compiler-embeddable-2.2.21.jar:/root/.m2/repository/org/jetbrains/kotlin/kotlin-scripting-common/2.2.21/kotlin-scripting-common-2.2.21.jar:/root/.m2/repository/org/jetbrains/kotlin/kotlin-scripting-jvm/2.2.21/kotlin-scripting-jvm-2.2.21.jar:/root/.m2/repository/org/jetbrains/kotlin/kotlin-scripting-compiler-impl-embeddable/2.2.21/kotlin-scripting-compiler-impl-embeddable-2.2.21.jar -Djava.awt.headless=true -Djava.rmi.server.hostname=127.0.0.1 -Xmx30688m -XX:ReservedCodeCacheSize=320m -ea -XX:+UseCodeCacheFlushing -XX:+UseParallelGC -Dkotlin.daemon.initiator.marker.file=/tmp/kotlin-compiler-client-2630730816432937084-is-running --add-exports java.base/sun.nio.ch=ALL-UNNAMED org.jetbrains.kotlin.daemon.KotlinCompileDaemon --daemon-runFilesPath /root/.kotlin/daemon --daemon-autoshutdownIdleSeconds=7200 --daemon-shutdownDelayMilliseconds=1800000 --daemon-compilerClasspath /root/.m2/repository/org/jetbrains/kotlin/kotlin-build-tools-impl/2.2.21/kotlin-build-tools-impl-2.2.21.jar:/root/.m2/repository/org/jetbrains/kotlin/kotlin-build-tools-api/2.2.21/kotlin-build-tools-api-2.2.21.jar:/root/.m2/repository/org/jetbrains/kotlin/kotlin-stdlib/2.2.21/kotlin-stdlib-2.2.21.jar:/root/.m2/repository/org/jetbrains/annotations/13.0/annotations-13.0.jar:/root/.m2/repository/org/jetbrains/kotlin/kotlin-compiler-embeddable/2.2.21/kotlin-compiler-embeddable-2.2.21.jar:/root/.m2/repository/org/jetbrains/kotlin/kotlin-script-runtime/2.2.21/kotlin-script-runtime-2.2.21.jar:/root/.m2/repository/org/jetbrains/kotlin/kotlin-reflect/1.6.10/kotlin-reflect-1.6.10.jar:/root/.m2/repository/org/jetbrains/kotlin/kotlin-daemon-embeddable/2.2.21/kotlin-daemon-embeddable-2.2.21.jar:/root/.m2/repository/org/jetbrains/kotlinx/kotlinx-coroutines-core-jvm/1.8.0/kotlinx-coroutines-core-jvm-1.8.0.jar:/root/.m2/repository/org/jetbrains/kotlin/kotlin-compiler-runner/2.2.21/kotlin-compiler-runner-2.2.21.jar:/root/.m2/repository/org/jetbrains/kotlin/kotlin-daemon-client/2.2.21/kotlin-daemon-client-2.2.21.jar:/root/.m2/repository/org/jetbrains/kotlin/kotlin-scripting-compiler-embeddable/2.2.21/kotlin-scripting-compiler-embeddable-2.2.21.jar:/root/.m2/repository/org/jetbrains/kotlin/kotlin-scripting-common/2.2.21/kotlin-scripting-common-2.2.21.jar:/root/.m2/repository/org/jetbrains/kotlin/kotlin-scripting-jvm/2.2.21/kotlin-scripting-jvm-2.2.21.jar:/root/.m2/repository/org/jetbrains/kotlin/kotlin-scripting-compiler-impl-embeddable/2.2.21/kotlin-scripting-compiler-impl-embeddable-2.2.21.jar
[INFO] #1 retrying connecting to the daemon
[INFO]
[INFO] --- maven-resources-plugin:2.6:testResources (default-testResources) @ functional ---
[INFO] Using 'UTF-8' encoding to copy filtered resources.
[INFO] skip non existing resourceDirectory /app/value/src/it/functional/src/test/resources
[INFO]
[INFO] --- maven-compiler-plugin:3.14.1:testCompile (default-testCompile) @ functional ---
[INFO] Recompiling the module because of changed dependency.
[INFO] Compiling 25 source files with javac [debug deprecation target 17] to target/test-classes
[WARNING] No processor claimed any of these annotations: /com.google.auto.value.AutoAnnotationTest.EverythingWithDefaults,/com.google.auto.value.AutoValueTest.MyAnnotation,/com.google.auto.value.AutoValueTest.ExcludedAnnotation,/javax.annotation.Nullable,/com.google.auto.value.AutoBuilderTest.MyAnnotation,/org.junit.Rule,/com.google.auto.value.annotations.Empty,/com.google.auto.value.AutoValueTest.AlternativeNullableProperties.Nullable,/com.google.auto.value.AutoAnnotationTest.ClassesAnnotation,/org.junit.BeforeClass,/com.google.auto.value.AutoValueTest.InheritedAnnotation,/com.google.auto.value.AutoValueTest.HairyAnnotation,/com.google.auto.value.AutoValueJava8Test.FunkyNullable.Nullable,/com.google.auto.value.AutoBuilder,/com.google.auto.value.AutoOneOf,/com.google.auto.value.AutoAnnotationTest.Everything,/com.google.auto.value.AutoValueTest.CopiedAnnotation,/com.google.auto.value.annotations.StringValues,/com.google.auto.value.AutoValueJava8Test.Nullable,/com.google.auto.value.AutoAnnotationTest.IntegersAnnotation,/com.google.auto.value.AutoValue,/com.google.common.annotations.GwtCompatible,java.compiler/javax.annotation.processing.SupportedAnnotationTypes,/com.google.auto.value.AutoAnnotationTest.IntArray,/com.google.auto.value.AutoValue.CopyAnnotations,/com.google.auto.value.AutoValue.Builder,/org.junit.Test,/com.google.auto.value.AutoAnnotationTest.AnnotationsAnnotation,/com.google.auto.service.AutoService,/com.google.auto.value.AutoValueTest.GwtCompatible,/com.google.auto.value.AutoAnnotation,/org.junit.runner.RunWith,/com.google.auto.value.AutoOneOfTest.CopyTest
[WARNING] No processor claimed any of these annotations: /com.google.auto.value.AutoValueTest.CopiedAnnotation,/com.google.auto.value.AutoValueTest.MyAnnotation,/javax.annotation.Nullable,/com.google.auto.value.AutoValueJava8Test.Nullable,/com.google.auto.value.AutoBuilderTest.MyAnnotation,/com.google.auto.value.AutoValueTest.AlternativeNullableProperties.Nullable,/com.google.common.annotations.GwtCompatible,/com.google.auto.value.AutoValueTest.InheritedAnnotation,/com.google.auto.value.AutoValueTest.HairyAnnotation,java.compiler/javax.annotation.processing.Generated,/com.google.auto.value.AutoValueJava8Test.FunkyNullable.Nullable,/com.google.auto.value.AutoValueTest.GwtCompatible,/com.google.auto.value.AutoAnnotation,/com.google.auto.value.AutoOneOfTest.CopyTest
[WARNING] No processor claimed any of these annotations: java.compiler/javax.annotation.processing.Generated
[WARNING] /app/value/src/it/functional/src/test/java/com/google/auto/value/AutoAnnotationTest.java:[205,12] Possible heap pollution from parameterized vararg type java.lang.Class<? extends java.lang.CharSequence>
[WARNING] /app/value/src/it/functional/src/test/java/com/google/auto/value/AutoAnnotationTest.java:[342,20] unchecked generic array creation for varargs parameter of type java.lang.Class<? extends java.lang.CharSequence>[]
[WARNING] /app/value/src/it/functional/src/test/java/com/google/auto/value/AutoAnnotationTest.java:[401,20] unchecked generic array creation for varargs parameter of type java.lang.Class<? extends java.lang.CharSequence>[]
[WARNING] /app/value/src/it/functional/src/test/java/com/google/auto/value/AutoValueTest.java:[2436,33] Possible heap pollution from parameterized vararg type T
[WARNING] /app/value/src/it/functional/src/test/java/com/google/auto/value/AutoValueTest.java:[2476,36] Possible heap pollution from parameterized vararg type T
[WARNING] /app/value/src/it/functional/src/test/java/com/google/auto/value/gwt/CustomFieldSerializerTest.java:[50,19] serializable class com.google.auto.value.gwt.CustomFieldSerializerTest.ValueType has no definition of serialVersionUID
[WARNING] /app/value/src/it/functional/src/test/java/com/google/auto/value/gwt/CustomFieldSerializerTest.java:[96,19] serializable class com.google.auto.value.gwt.CustomFieldSerializerTest.ValueTypeWithGetters has no definition of serialVersionUID
[WARNING] /app/value/src/it/functional/src/test/java/com/google/auto/value/gwt/CustomFieldSerializerTest.java:[122,19] serializable class com.google.auto.value.gwt.CustomFieldSerializerTest.GenericValueType has no definition of serialVersionUID
[WARNING] /app/value/src/it/functional/src/test/java/com/google/auto/value/gwt/CustomFieldSerializerTest.java:[147,19] serializable class com.google.auto.value.gwt.CustomFieldSerializerTest.ValueTypeWithBuilder has no definition of serialVersionUID
[WARNING] /app/value/src/it/functional/src/test/java/com/google/auto/value/gwt/CustomFieldSerializerTest.java:[182,19] serializable class com.google.auto.value.gwt.CustomFieldSerializerTest.ValueTypeWithBuilderAndGetters has no definition of serialVersionUID
[WARNING] /app/value/src/it/functional/src/test/java/com/google/auto/value/gwt/CustomFieldSerializerTest.java:[217,19] serializable class com.google.auto.value.gwt.CustomFieldSerializerTest.GenericValueTypeWithBuilder has no definition of serialVersionUID
[WARNING] /app/value/src/it/functional/src/test/java/com/google/auto/value/gwt/GwtValueType.java:[32,10] serializable class com.google.auto.value.gwt.GwtValueType has no definition of serialVersionUID
[WARNING] /app/value/src/it/functional/src/test/java/com/google/auto/value/gwt/GwtValueTypeWithBuilder.java:[32,10] serializable class com.google.auto.value.gwt.GwtValueTypeWithBuilder has no definition of serialVersionUID
[WARNING] /app/value/src/it/functional/src/test/java/com/google/auto/value/gwt/NonSerializableGwtValueType.java:[29,10] serializable class com.google.auto.value.gwt.NonSerializableGwtValueType has no definition of serialVersionUID
[WARNING] /app/value/src/it/functional/target/generated-test-sources/test-annotations/com/google/auto/value/AutoValue_AutoValueTest_BuilderWithCopyingSetters.java:[96,78] Possible heap pollution from parameterized vararg type T
[WARNING] /app/value/src/it/functional/target/generated-test-sources/test-annotations/com/google/auto/value/AutoValue_AutoValueTest_BuilderWithImmutableSorted.java:[74,82] Possible heap pollution from parameterized vararg type T
[WARNING] /app/value/src/it/functional/target/generated-test-sources/test-annotations/com/google/auto/value/gwt/AutoValue_CustomFieldSerializerTest_ValueType.java:[9,7] serializable class com.google.auto.value.gwt.AutoValue_CustomFieldSerializerTest_ValueType has no definition of serialVersionUID
[WARNING] /app/value/src/it/functional/target/generated-test-sources/test-annotations/com/google/auto/value/gwt/AutoValue_CustomFieldSerializerTest_ValueType_CustomFieldSerializer.java:[19,25] redundant cast to java.lang.String
[WARNING] /app/value/src/it/functional/target/generated-test-sources/test-annotations/com/google/auto/value/gwt/AutoValue_CustomFieldSerializerTest_ValueTypeWithGetters.java:[9,7] serializable class com.google.auto.value.gwt.AutoValue_CustomFieldSerializerTest_ValueTypeWithGetters has no definition of serialVersionUID
[WARNING] /app/value/src/it/functional/target/generated-test-sources/test-annotations/com/google/auto/value/gwt/AutoValue_CustomFieldSerializerTest_ValueTypeWithGetters_CustomFieldSerializer.java:[18,27] redundant cast to java.lang.String
[WARNING] /app/value/src/it/functional/target/generated-test-sources/test-annotations/com/google/auto/value/gwt/AutoValue_CustomFieldSerializerTest_GenericValueType.java:[10,7] serializable class com.google.auto.value.gwt.AutoValue_CustomFieldSerializerTest_GenericValueType has no definition of serialVersionUID
[WARNING] /app/value/src/it/functional/target/generated-test-sources/test-annotations/com/google/auto/value/gwt/AutoValue_CustomFieldSerializerTest_ValueTypeWithBuilder.java:[10,7] serializable class com.google.auto.value.gwt.AutoValue_CustomFieldSerializerTest_ValueTypeWithBuilder has no definition of serialVersionUID
[WARNING] /app/value/src/it/functional/target/generated-test-sources/test-annotations/com/google/auto/value/gwt/AutoValue_CustomFieldSerializerTest_ValueTypeWithBuilder_CustomFieldSerializer.java:[19,25] redundant cast to java.lang.String
[WARNING] /app/value/src/it/functional/target/generated-test-sources/test-annotations/com/google/auto/value/gwt/AutoValue_CustomFieldSerializerTest_ValueTypeWithBuilderAndGetters.java:[9,7] serializable class com.google.auto.value.gwt.AutoValue_CustomFieldSerializerTest_ValueTypeWithBuilderAndGetters has no definition of serialVersionUID
[WARNING] /app/value/src/it/functional/target/generated-test-sources/test-annotations/com/google/auto/value/gwt/AutoValue_CustomFieldSerializerTest_ValueTypeWithBuilderAndGetters_CustomFieldSerializer.java:[18,27] redundant cast to java.lang.String
[WARNING] /app/value/src/it/functional/target/generated-test-sources/test-annotations/com/google/auto/value/gwt/AutoValue_CustomFieldSerializerTest_GenericValueTypeWithBuilder.java:[10,7] serializable class com.google.auto.value.gwt.AutoValue_CustomFieldSerializerTest_GenericValueTypeWithBuilder has no definition of serialVersionUID
[WARNING] /app/value/src/it/functional/target/generated-test-sources/test-annotations/com/google/auto/value/gwt/AutoValue_GwtValueType.java:[9,7] serializable class com.google.auto.value.gwt.AutoValue_GwtValueType has no definition of serialVersionUID
[WARNING] /app/value/src/it/functional/target/generated-test-sources/test-annotations/com/google/auto/value/gwt/AutoValue_GwtValueType_CustomFieldSerializer.java:[19,25] redundant cast to java.lang.String
[WARNING] /app/value/src/it/functional/target/generated-test-sources/test-annotations/com/google/auto/value/gwt/AutoValue_GwtValueTypeWithBuilder.java:[10,7] serializable class com.google.auto.value.gwt.AutoValue_GwtValueTypeWithBuilder has no definition of serialVersionUID
[WARNING] /app/value/src/it/functional/target/generated-test-sources/test-annotations/com/google/auto/value/gwt/AutoValue_GwtValueTypeWithBuilder_CustomFieldSerializer.java:[20,25] redundant cast to java.lang.String
[WARNING] /app/value/src/it/functional/target/generated-test-sources/test-annotations/com/google/auto/value/gwt/AutoValue_NonSerializableGwtValueType.java:[9,7] serializable class com.google.auto.value.gwt.AutoValue_NonSerializableGwtValueType has no definition of serialVersionUID
[INFO]
[INFO] --- maven-surefire-plugin:3.5.4:test (default-test) @ functional ---
[INFO] Using auto detected provider org.apache.maven.surefire.junitplatform.JUnitPlatformProvider
[INFO] Downloading from central: https://repo.maven.apache.org/maven2/org/apache/maven/surefire/surefire-junit-platform/3.5.4/surefire-junit-platform-3.5.4.pom
[INFO] Downloaded from central: https://repo.maven.apache.org/maven2/org/apache/maven/surefire/surefire-junit-platform/3.5.4/surefire-junit-platform-3.5.4.pom (5.2 kB at 14 kB/s)
[INFO] Downloading from central: https://repo.maven.apache.org/maven2/org/junit/platform/junit-platform-engine/1.12.1/junit-platform-engine-1.12.1.pom
[INFO] Downloaded from central: https://repo.maven.apache.org/maven2/org/junit/platform/junit-platform-engine/1.12.1/junit-platform-engine-1.12.1.pom (3.2 kB at 24 kB/s)
[INFO] Downloading from central: https://repo.maven.apache.org/maven2/org/opentest4j/opentest4j/1.3.0/opentest4j-1.3.0.pom
[INFO] Downloaded from central: https://repo.maven.apache.org/maven2/org/opentest4j/opentest4j/1.3.0/opentest4j-1.3.0.pom (2.0 kB at 19 kB/s)
[INFO] Downloading from central: https://repo.maven.apache.org/maven2/org/junit/platform/junit-platform-commons/1.12.1/junit-platform-commons-1.12.1.pom
[INFO] Downloaded from central: https://repo.maven.apache.org/maven2/org/junit/platform/junit-platform-commons/1.12.1/junit-platform-commons-1.12.1.pom (2.8 kB at 25 kB/s)
[INFO] Downloading from central: https://repo.maven.apache.org/maven2/org/apiguardian/apiguardian-api/1.1.2/apiguardian-api-1.1.2.pom
[INFO] Downloaded from central: https://repo.maven.apache.org/maven2/org/apiguardian/apiguardian-api/1.1.2/apiguardian-api-1.1.2.pom (1.5 kB at 16 kB/s)
[INFO] Downloading from central: https://repo.maven.apache.org/maven2/org/junit/platform/junit-platform-launcher/1.12.1/junit-platform-launcher-1.12.1.pom
[INFO] Downloaded from central: https://repo.maven.apache.org/maven2/org/junit/platform/junit-platform-launcher/1.12.1/junit-platform-launcher-1.12.1.pom (3.0 kB at 24 kB/s)
[INFO] Downloading from central: https://repo.maven.apache.org/maven2/org/apache/maven/surefire/surefire-junit-platform/3.5.4/surefire-junit-platform-3.5.4.jar
[INFO] Downloading from central: https://repo.maven.apache.org/maven2/org/opentest4j/opentest4j/1.3.0/opentest4j-1.3.0.jar
[INFO] Downloading from central: https://repo.maven.apache.org/maven2/org/junit/platform/junit-platform-engine/1.12.1/junit-platform-engine-1.12.1.jar
[INFO] Downloading from central: https://repo.maven.apache.org/maven2/org/apiguardian/apiguardian-api/1.1.2/apiguardian-api-1.1.2.jar
[INFO] Downloading from central: https://repo.maven.apache.org/maven2/org/junit/platform/junit-platform-commons/1.12.1/junit-platform-commons-1.12.1.jar
[INFO] Downloaded from central: https://repo.maven.apache.org/maven2/org/apache/maven/surefire/surefire-junit-platform/3.5.4/surefire-junit-platform-3.5.4.jar (35 kB at 422 kB/s)
[INFO] Downloading from central: https://repo.maven.apache.org/maven2/org/junit/platform/junit-platform-launcher/1.12.1/junit-platform-launcher-1.12.1.jar
[INFO] Downloaded from central: https://repo.maven.apache.org/maven2/org/opentest4j/opentest4j/1.3.0/opentest4j-1.3.0.jar (14 kB at 159 kB/s)
[INFO] Downloaded from central: https://repo.maven.apache.org/maven2/org/apiguardian/apiguardian-api/1.1.2/apiguardian-api-1.1.2.jar (6.8 kB at 61 kB/s)
[INFO] Downloaded from central: https://repo.maven.apache.org/maven2/org/junit/platform/junit-platform-commons/1.12.1/junit-platform-commons-1.12.1.jar (152 kB at 1.3 MB/s)
[INFO] Downloaded from central: https://repo.maven.apache.org/maven2/org/junit/platform/junit-platform-launcher/1.12.1/junit-platform-launcher-1.12.1.jar (208 kB at 1.1 MB/s)
[INFO] Downloaded from central: https://repo.maven.apache.org/maven2/org/junit/platform/junit-platform-engine/1.12.1/junit-platform-engine-1.12.1.jar (256 kB at 1.1 MB/s)
[INFO]
[INFO] -------------------------------------------------------
[INFO]  T E S T S
[INFO] -------------------------------------------------------
[INFO]
[INFO] Results:
[INFO]
[INFO] Tests run: 0, Failures: 0, Errors: 0, Skipped: 0
[INFO]
[INFO]
[INFO] --- maven-jar-plugin:3.4.2:jar (default-jar) @ functional ---
[INFO] Building jar: /app/value/src/it/functional/target/functional-HEAD-SNAPSHOT.jar
[INFO]
[INFO] --- maven-javadoc-plugin:3.12.0:jar (attach-javadocs) @ functional ---
[INFO] Skipping javadoc generation
[INFO]
[INFO] --- maven-source-plugin:3.3.1:jar-no-fork (attach-sources) @ functional ---
[INFO] Building jar: /app/value/src/it/functional/target/functional-HEAD-SNAPSHOT-sources.jar
[INFO]
[INFO] --------< com.google.auto.value.it.gwtserializer:gwtserializer >--------
[INFO] Building Auto-Value GWT-RPC Serialization Integration Test HEAD-SNAPSHOT [10/11]
[INFO] --------------------------------[ jar ]---------------------------------
[INFO] Downloading from central: https://repo.maven.apache.org/maven2/org/apache/maven/plugins/maven-gpg-plugin/maven-metadata.xml
[INFO] Downloaded from central: https://repo.maven.apache.org/maven2/org/apache/maven/plugins/maven-gpg-plugin/maven-metadata.xml (971 B at 12 kB/s)
[INFO]
[INFO] --- maven-resources-plugin:3.3.1:resources (default-resources) @ gwtserializer ---
[INFO] Downloading from central: https://repo.maven.apache.org/maven2/org/apache/maven/shared/maven-filtering/3.3.1/maven-filtering-3.3.1.pom
[INFO] Downloaded from central: https://repo.maven.apache.org/maven2/org/apache/maven/shared/maven-filtering/3.3.1/maven-filtering-3.3.1.pom (6.0 kB at 57 kB/s)
[INFO] Downloading from central: https://repo.maven.apache.org/maven2/org/sonatype/plexus/plexus-build-api/0.0.7/plexus-build-api-0.0.7.pom
[INFO] Downloaded from central: https://repo.maven.apache.org/maven2/org/sonatype/plexus/plexus-build-api/0.0.7/plexus-build-api-0.0.7.pom (3.2 kB at 25 kB/s)
[INFO] Downloading from central: https://repo.maven.apache.org/maven2/org/sonatype/spice/spice-parent/15/spice-parent-15.pom
[INFO] Downloaded from central: https://repo.maven.apache.org/maven2/org/sonatype/spice/spice-parent/15/spice-parent-15.pom (8.4 kB at 91 kB/s)
[INFO] Downloading from central: https://repo.maven.apache.org/maven2/org/codehaus/plexus/plexus-utils/3.5.0/plexus-utils-3.5.0.pom
[INFO] Downloaded from central: https://repo.maven.apache.org/maven2/org/codehaus/plexus/plexus-utils/3.5.0/plexus-utils-3.5.0.pom (8.0 kB at 86 kB/s)
[INFO] Downloading from central: https://repo.maven.apache.org/maven2/org/apache/maven/shared/maven-filtering/3.3.1/maven-filtering-3.3.1.jar
[INFO] Downloading from central: https://repo.maven.apache.org/maven2/org/sonatype/plexus/plexus-build-api/0.0.7/plexus-build-api-0.0.7.jar
[INFO] Downloaded from central: https://repo.maven.apache.org/maven2/org/apache/maven/shared/maven-filtering/3.3.1/maven-filtering-3.3.1.jar (55 kB at 573 kB/s)
[INFO] Downloaded from central: https://repo.maven.apache.org/maven2/org/sonatype/plexus/plexus-build-api/0.0.7/plexus-build-api-0.0.7.jar (8.5 kB at 83 kB/s)
[INFO] skip non existing resourceDirectory /app/value/src/it/gwtserializer/src/main/resources
[INFO]
[INFO] --- maven-compiler-plugin:3.14.1:compile (default-compile) @ gwtserializer ---
[INFO] No sources to compile
[INFO]
[INFO] --- maven-compiler-plugin:3.14.1:testCompile (default-testCompile) @ gwtserializer ---
[INFO] Recompiling the module because of changed dependency.
[INFO] Compiling 2 source files with javac [debug deprecation target 1.8] to target/test-classes
[WARNING] bootstrap class path not set in conjunction with -source 8
[WARNING] No processor claimed any of these annotations: com.google.common.annotations.GwtCompatible,com.google.gwt.user.client.rpc.RemoteServiceRelativePath,com.google.auto.value.AutoValue.Builder,com.google.auto.value.AutoValue,com.google.common.annotations.GwtIncompatible
[WARNING] No processor claimed any of these annotations: com.google.common.annotations.GwtCompatible,javax.annotation.Generated
[WARNING] /app/value/src/it/gwtserializer/target/generated-test-sources/test-annotations/com/google/auto/value/client/AutoValue_GwtSerializerTest_Simple_CustomFieldSerializer.java:[18,26] redundant cast to java.lang.String
[WARNING] /app/value/src/it/gwtserializer/target/generated-test-sources/test-annotations/com/google/auto/value/client/AutoValue_GwtSerializerTest_SimpleWithBuilder_CustomFieldSerializer.java:[18,26] redundant cast to java.lang.String
[WARNING] /app/value/src/it/gwtserializer/target/generated-test-sources/test-annotations/com/google/auto/value/client/AutoValue_GwtSerializerTest_Nested_CustomFieldSerializer.java:[18,26] redundant cast to java.lang.String
[WARNING] /app/value/src/it/gwtserializer/target/generated-test-sources/test-annotations/com/google/auto/value/client/AutoValue_GwtSerializerTest_NestedWithBuilder_CustomFieldSerializer.java:[18,26] redundant cast to java.lang.String
[INFO]
[INFO] --- maven-resources-plugin:3.3.1:testResources (default-testResources) @ gwtserializer ---
[INFO] Copying 3 resources from src/test/java to target/test-classes
[INFO] Copying 12 resources from target/generated-test-sources/test-annotations to target/test-classes
[INFO]
[INFO] --- maven-surefire-plugin:2.12.4:test (default-test) @ gwtserializer ---
[INFO] Tests are skipped.
[INFO]
[INFO] --- gwt-maven-plugin:1.2.0:test (default) @ gwtserializer ---
[INFO] Downloading from central: https://repo.maven.apache.org/maven2/org/apache/commons/commons-exec/1.5.0/commons-exec-1.5.0.pom
[INFO] Downloaded from central: https://repo.maven.apache.org/maven2/org/apache/commons/commons-exec/1.5.0/commons-exec-1.5.0.pom (11 kB at 132 kB/s)
[INFO] Downloading from central: https://repo.maven.apache.org/maven2/org/apache/commons/commons-parent/83/commons-parent-83.pom
[INFO] Downloaded from central: https://repo.maven.apache.org/maven2/org/apache/commons/commons-parent/83/commons-parent-83.pom (78 kB at 878 kB/s)
[INFO] Downloading from central: https://repo.maven.apache.org/maven2/org/apache/maven/maven-archiver/3.6.3/maven-archiver-3.6.3.pom
[INFO] Downloaded from central: https://repo.maven.apache.org/maven2/org/apache/maven/maven-archiver/3.6.3/maven-archiver-3.6.3.pom (4.2 kB at 45 kB/s)
[INFO] Downloading from central: https://repo.maven.apache.org/maven2/org/apache/maven/surefire/maven-surefire-common/3.5.2/maven-surefire-common-3.5.2.pom
[INFO] Downloaded from central: https://repo.maven.apache.org/maven2/org/apache/maven/surefire/maven-surefire-common/3.5.2/maven-surefire-common-3.5.2.pom (7.8 kB at 86 kB/s)
[INFO] Downloading from central: https://repo.maven.apache.org/maven2/org/apache/maven/surefire/surefire/3.5.2/surefire-3.5.2.pom
[INFO] Downloaded from central: https://repo.maven.apache.org/maven2/org/apache/maven/surefire/surefire/3.5.2/surefire-3.5.2.pom (20 kB at 174 kB/s)
[INFO] Downloading from central: https://repo.maven.apache.org/maven2/org/apache/maven/surefire/surefire-api/3.5.2/surefire-api-3.5.2.pom
[INFO] Downloaded from central: https://repo.maven.apache.org/maven2/org/apache/maven/surefire/surefire-api/3.5.2/surefire-api-3.5.2.pom (3.5 kB at 43 kB/s)
[INFO] Downloading from central: https://repo.maven.apache.org/maven2/org/apache/maven/surefire/surefire-logger-api/3.5.2/surefire-logger-api-3.5.2.pom
[INFO] Downloaded from central: https://repo.maven.apache.org/maven2/org/apache/maven/surefire/surefire-logger-api/3.5.2/surefire-logger-api-3.5.2.pom (3.3 kB at 42 kB/s)
[INFO] Downloading from central: https://repo.maven.apache.org/maven2/org/apache/maven/surefire/surefire-shared-utils/3.5.2/surefire-shared-utils-3.5.2.pom
[INFO] Downloaded from central: https://repo.maven.apache.org/maven2/org/apache/maven/surefire/surefire-shared-utils/3.5.2/surefire-shared-utils-3.5.2.pom (4.7 kB at 52 kB/s)
[INFO] Downloading from central: https://repo.maven.apache.org/maven2/org/apache/maven/surefire/surefire-extensions-api/3.5.2/surefire-extensions-api-3.5.2.pom
[INFO] Downloaded from central: https://repo.maven.apache.org/maven2/org/apache/maven/surefire/surefire-extensions-api/3.5.2/surefire-extensions-api-3.5.2.pom (3.5 kB at 36 kB/s)
[INFO] Downloading from central: https://repo.maven.apache.org/maven2/org/apache/maven/surefire/surefire-booter/3.5.2/surefire-booter-3.5.2.pom
[INFO] Downloaded from central: https://repo.maven.apache.org/maven2/org/apache/maven/surefire/surefire-booter/3.5.2/surefire-booter-3.5.2.pom (4.8 kB at 49 kB/s)
[INFO] Downloading from central: https://repo.maven.apache.org/maven2/org/apache/maven/surefire/surefire-extensions-spi/3.5.2/surefire-extensions-spi-3.5.2.pom
[INFO] Downloaded from central: https://repo.maven.apache.org/maven2/org/apache/maven/surefire/surefire-extensions-spi/3.5.2/surefire-extensions-spi-3.5.2.pom (1.8 kB at 20 kB/s)
[INFO] Downloading from central: https://repo.maven.apache.org/maven2/org/codehaus/plexus/plexus-java/1.3.0/plexus-java-1.3.0.pom
[INFO] Downloaded from central: https://repo.maven.apache.org/maven2/org/codehaus/plexus/plexus-java/1.3.0/plexus-java-1.3.0.pom (14 kB at 145 kB/s)
[INFO] Downloading from central: https://repo.maven.apache.org/maven2/org/ow2/asm/asm/9.7/asm-9.7.pom
[INFO] Downloaded from central: https://repo.maven.apache.org/maven2/org/ow2/asm/asm/9.7/asm-9.7.pom (2.4 kB at 18 kB/s)
[INFO] Downloading from central: https://repo.maven.apache.org/maven2/com/thoughtworks/qdox/qdox/2.1.0/qdox-2.1.0.pom
[INFO] Downloaded from central: https://repo.maven.apache.org/maven2/com/thoughtworks/qdox/qdox/2.1.0/qdox-2.1.0.pom (18 kB at 110 kB/s)
[INFO] Downloading from central: https://repo.maven.apache.org/maven2/org/codehaus/plexus/plexus-io/3.5.0/plexus-io-3.5.0.jar
[INFO] Downloading from central: https://repo.maven.apache.org/maven2/commons-codec/commons-codec/1.17.0/commons-codec-1.17.0.jar
[INFO] Downloading from central: https://repo.maven.apache.org/maven2/org/apache/maven/maven-archiver/3.6.3/maven-archiver-3.6.3.jar
[INFO] Downloading from central: https://repo.maven.apache.org/maven2/org/apache/commons/commons-exec/1.5.0/commons-exec-1.5.0.jar
[INFO] Downloading from central: https://repo.maven.apache.org/maven2/org/apache/maven/surefire/maven-surefire-common/3.5.2/maven-surefire-common-3.5.2.jar
[INFO] Downloaded from central: https://repo.maven.apache.org/maven2/org/apache/maven/maven-archiver/3.6.3/maven-archiver-3.6.3.jar (27 kB at 314 kB/s)
[INFO] Downloading from central: https://repo.maven.apache.org/maven2/org/apache/maven/surefire/surefire-api/3.5.2/surefire-api-3.5.2.jar
[INFO] Downloaded from central: https://repo.maven.apache.org/maven2/org/apache/maven/surefire/maven-surefire-common/3.5.2/maven-surefire-common-3.5.2.jar (311 kB at 2.5 MB/s)
[INFO] Downloading from central: https://repo.maven.apache.org/maven2/org/apache/maven/surefire/surefire-logger-api/3.5.2/surefire-logger-api-3.5.2.jar
[INFO] Downloaded from central: https://repo.maven.apache.org/maven2/commons-codec/commons-codec/1.17.0/commons-codec-1.17.0.jar (373 kB at 2.9 MB/s)
[INFO] Downloading from central: https://repo.maven.apache.org/maven2/org/apache/maven/surefire/surefire-extensions-api/3.5.2/surefire-extensions-api-3.5.2.jar
[INFO] Downloaded from central: https://repo.maven.apache.org/maven2/org/apache/maven/surefire/surefire-api/3.5.2/surefire-api-3.5.2.jar (171 kB at 893 kB/s)
[INFO] Downloading from central: https://repo.maven.apache.org/maven2/org/apache/maven/surefire/surefire-booter/3.5.2/surefire-booter-3.5.2.jar
[INFO] Downloaded from central: https://repo.maven.apache.org/maven2/org/apache/commons/commons-exec/1.5.0/commons-exec-1.5.0.jar (68 kB at 325 kB/s)
[INFO] Downloading from central: https://repo.maven.apache.org/maven2/org/apache/maven/surefire/surefire-extensions-spi/3.5.2/surefire-extensions-spi-3.5.2.jar
[INFO] Downloaded from central: https://repo.maven.apache.org/maven2/org/apache/maven/surefire/surefire-logger-api/3.5.2/surefire-logger-api-3.5.2.jar (14 kB at 60 kB/s)
[INFO] Downloading from central: https://repo.maven.apache.org/maven2/org/codehaus/plexus/plexus-java/1.3.0/plexus-java-1.3.0.jar
[INFO] Downloaded from central: https://repo.maven.apache.org/maven2/org/apache/maven/surefire/surefire-extensions-api/3.5.2/surefire-extensions-api-3.5.2.jar (26 kB at 103 kB/s)
[INFO] Downloading from central: https://repo.maven.apache.org/maven2/org/ow2/asm/asm/9.7/asm-9.7.jar
[INFO] Downloaded from central: https://repo.maven.apache.org/maven2/org/apache/maven/surefire/surefire-extensions-spi/3.5.2/surefire-extensions-spi-3.5.2.jar (8.2 kB at 25 kB/s)
[INFO] Downloading from central: https://repo.maven.apache.org/maven2/com/thoughtworks/qdox/qdox/2.1.0/qdox-2.1.0.jar
[INFO] Downloaded from central: https://repo.maven.apache.org/maven2/org/codehaus/plexus/plexus-io/3.5.0/plexus-io-3.5.0.jar (79 kB at 222 kB/s)
[INFO] Downloading from central: https://repo.maven.apache.org/maven2/org/apache/maven/surefire/surefire-shared-utils/3.5.2/surefire-shared-utils-3.5.2.jar
[INFO] Downloaded from central: https://repo.maven.apache.org/maven2/org/apache/maven/surefire/surefire-booter/3.5.2/surefire-booter-3.5.2.jar (118 kB at 320 kB/s)
[INFO] Downloaded from central: https://repo.maven.apache.org/maven2/org/ow2/asm/asm/9.7/asm-9.7.jar (125 kB at 334 kB/s)
[INFO] Downloaded from central: https://repo.maven.apache.org/maven2/org/codehaus/plexus/plexus-java/1.3.0/plexus-java-1.3.0.jar (57 kB at 150 kB/s)
[INFO] Downloaded from central: https://repo.maven.apache.org/maven2/com/thoughtworks/qdox/qdox/2.1.0/qdox-2.1.0.jar (348 kB at 680 kB/s)
[INFO] Downloaded from central: https://repo.maven.apache.org/maven2/org/apache/maven/surefire/surefire-shared-utils/3.5.2/surefire-shared-utils-3.5.2.jar (2.8 MB at 5.5 MB/s)
[INFO] /app/value/src/it/gwtserializer/src/test/java/ already added as a resource folder; skipping.
[INFO] /app/value/src/it/gwtserializer/target/generated-test-sources/test-annotations/ already added as a resource folder; skipping.
[INFO] Using auto detected provider org.apache.maven.surefire.junit4.JUnit4Provider
[INFO]
[INFO] -----------------------< build-only:build-only >------------------------
[INFO] Building build-only NO_VERSION                                   [11/11]
[INFO] --------------------------------[ pom ]---------------------------------
[INFO] ------------------------------------------------------------------------
[INFO] Reactor Summary:
[INFO]
[INFO] Auto Common Libraries HEAD-SNAPSHOT ................ SUCCESS [ 37.034 s]
[INFO] AutoFactory HEAD-SNAPSHOT .......................... FAILURE [04:45 min]
[INFO] AutoService Aggregator HEAD-SNAPSHOT ............... SUCCESS [  0.010 s]
[INFO] AutoService HEAD-SNAPSHOT .......................... SUCCESS [  0.054 s]
[INFO] AutoService Processor HEAD-SNAPSHOT ................ SUCCESS [  1.563 s]
[INFO] AutoValue Parent HEAD-SNAPSHOT ..................... SUCCESS [  0.003 s]
[INFO] AutoValue Annotations HEAD-SNAPSHOT ................ SUCCESS [  0.112 s]
[INFO] AutoValue Processor HEAD-SNAPSHOT .................. SUCCESS [ 16.422 s]
[INFO] Auto-Value Functional Integration Test HEAD-SNAPSHOT SUCCESS [ 17.963 s]
[INFO] Auto-Value GWT-RPC Serialization Integration Test HEAD-SNAPSHOT FAILURE [  3.361 s]
[INFO] build-only NO_VERSION .............................. SUCCESS [  0.001 s]
[INFO] ------------------------------------------------------------------------
[INFO] BUILD FAILURE
[INFO] ------------------------------------------------------------------------
[INFO] Total time:  06:02 min
[INFO] Finished at: 2025-11-11T20:10:33-08:00
[INFO] ------------------------------------------------------------------------
[ERROR] Failed to execute goal org.apache.maven.plugins:maven-invoker-plugin:3.9.1:run (integration-test) on project auto-factory: 1 build failed. See console output above for details. -> [Help 1]
[ERROR] Failed to execute goal net.ltgt.gwt.maven:gwt-maven-plugin:1.2.0:test (default) on project gwtserializer: Execution default of goal net.ltgt.gwt.maven:gwt-maven-plugin:1.2.0:test failed: A required class was missing while executing net.ltgt.gwt.maven:gwt-maven-plugin:1.2.0:test: org/eclipse/aether/util/filter/DependencyFilterUtils
[ERROR] -----------------------------------------------------
[ERROR] realm =    plugin>net.ltgt.gwt.maven:gwt-maven-plugin:1.2.0
[ERROR] strategy = org.codehaus.plexus.classworlds.strategy.SelfFirstStrategy
[ERROR] urls[0] = file:/root/.m2/repository/net/ltgt/gwt/maven/gwt-maven-plugin/1.2.0/gwt-maven-plugin-1.2.0.jar
[ERROR] urls[1] = file:/root/.m2/repository/org/sonatype/plexus/plexus-build-api/0.0.7/plexus-build-api-0.0.7.jar
[ERROR] urls[2] = file:/root/.m2/repository/org/codehaus/plexus/plexus-archiver/4.10.0/plexus-archiver-4.10.0.jar
[ERROR] urls[3] = file:/root/.m2/repository/org/codehaus/plexus/plexus-io/3.5.0/plexus-io-3.5.0.jar
[ERROR] urls[4] = file:/root/.m2/repository/commons-io/commons-io/2.16.1/commons-io-2.16.1.jar
[ERROR] urls[5] = file:/root/.m2/repository/org/apache/commons/commons-compress/1.26.2/commons-compress-1.26.2.jar
[ERROR] urls[6] = file:/root/.m2/repository/commons-codec/commons-codec/1.17.0/commons-codec-1.17.0.jar
[ERROR] urls[7] = file:/root/.m2/repository/org/apache/commons/commons-lang3/3.14.0/commons-lang3-3.14.0.jar
[ERROR] urls[8] = file:/root/.m2/repository/io/airlift/aircompressor/0.27/aircompressor-0.27.jar
[ERROR] urls[9] = file:/root/.m2/repository/org/tukaani/xz/1.9/xz-1.9.jar
[ERROR] urls[10] = file:/root/.m2/repository/com/github/luben/zstd-jni/1.5.6-3/zstd-jni-1.5.6-3.jar
[ERROR] urls[11] = file:/root/.m2/repository/org/codehaus/plexus/plexus-utils/4.0.2/plexus-utils-4.0.2.jar
[ERROR] urls[12] = file:/root/.m2/repository/org/codehaus/plexus/plexus-xml/3.0.1/plexus-xml-3.0.1.jar
[ERROR] urls[13] = file:/root/.m2/repository/org/codehaus/plexus/plexus-compiler-api/2.15.0/plexus-compiler-api-2.15.0.jar
[ERROR] urls[14] = file:/root/.m2/repository/org/apache/commons/commons-exec/1.5.0/commons-exec-1.5.0.jar
[ERROR] urls[15] = file:/root/.m2/repository/org/apache/maven/maven-archiver/3.6.3/maven-archiver-3.6.3.jar
[ERROR] urls[16] = file:/root/.m2/repository/org/codehaus/plexus/plexus-interpolation/1.27/plexus-interpolation-1.27.jar
[ERROR] urls[17] = file:/root/.m2/repository/org/apache/maven/surefire/maven-surefire-common/3.5.2/maven-surefire-common-3.5.2.jar
[ERROR] urls[18] = file:/root/.m2/repository/org/apache/maven/surefire/surefire-api/3.5.2/surefire-api-3.5.2.jar
[ERROR] urls[19] = file:/root/.m2/repository/org/apache/maven/surefire/surefire-logger-api/3.5.2/surefire-logger-api-3.5.2.jar
[ERROR] urls[20] = file:/root/.m2/repository/org/apache/maven/surefire/surefire-extensions-api/3.5.2/surefire-extensions-api-3.5.2.jar
[ERROR] urls[21] = file:/root/.m2/repository/org/apache/maven/surefire/surefire-booter/3.5.2/surefire-booter-3.5.2.jar
[ERROR] urls[22] = file:/root/.m2/repository/org/apache/maven/surefire/surefire-extensions-spi/3.5.2/surefire-extensions-spi-3.5.2.jar
[ERROR] urls[23] = file:/root/.m2/repository/org/apache/maven/shared/maven-common-artifact-filters/3.4.0/maven-common-artifact-filters-3.4.0.jar
[ERROR] urls[24] = file:/root/.m2/repository/org/codehaus/plexus/plexus-java/1.3.0/plexus-java-1.3.0.jar
[ERROR] urls[25] = file:/root/.m2/repository/org/ow2/asm/asm/9.7/asm-9.7.jar
[ERROR] urls[26] = file:/root/.m2/repository/com/thoughtworks/qdox/qdox/2.1.0/qdox-2.1.0.jar
[ERROR] urls[27] = file:/root/.m2/repository/org/apache/maven/surefire/surefire-shared-utils/3.5.2/surefire-shared-utils-3.5.2.jar
[ERROR] Number of foreign imports: 1
[ERROR] import: Entry[import  from realm ClassRealm[project>com.google.auto:auto-common:HEAD-SNAPSHOT, parent: ClassRealm[maven.api, parent: null]]]
[ERROR]
[ERROR] -----------------------------------------------------: org.eclipse.aether.util.filter.DependencyFilterUtils
[ERROR] -> [Help 2]
[ERROR]
[ERROR] To see the full stack trace of the errors, re-run Maven with the -e switch.
[ERROR] Re-run Maven using the -X switch to enable full debug logging.
[ERROR]
[ERROR] For more information about the errors and possible solutions, please read the following articles:
[ERROR] [Help 1] http://cwiki.apache.org/confluence/display/MAVEN/MojoFailureException
[ERROR] [Help 2] http://cwiki.apache.org/confluence/display/MAVEN/PluginContainerException
[ERROR]
[ERROR] After correcting the problems, you can resume the build with the command
[ERROR]   mvn <args> -rf :auto-factory
