
> @3.5.21 test-unit /app
> vitest --project unit* -- --testTimeout=20000


 RUN  v3.2.4 /app

 âœ“ |unit| packages/reactivity/__tests__/readonly.spec.ts (37 tests) 106ms
 âœ“ |unit| packages/reactivity/__tests__/collections/Map.spec.ts (31 tests) 156ms
 âœ“ |unit| packages/reactivity/__tests__/reactive.spec.ts (35 tests) 109ms
 âœ“ |unit| packages/reactivity/__tests__/collections/Set.spec.ts (32 tests) 90ms
 âœ“ |unit| packages/reactivity/__tests__/reactiveArray.spec.ts (39 tests) 183ms
 âœ“ |unit| packages/compiler-core/__tests__/parse.spec.ts (151 tests) 692ms
 âœ“ |unit| packages/compiler-core/__tests__/transform.spec.ts (21 tests) 88ms
 âœ“ |unit| packages/compiler-core/__tests__/transforms/transformSlotOutlet.spec.ts (14 tests) 217ms
 âœ“ |unit| packages/compiler-core/__tests__/transforms/vBind.spec.ts (18 tests) 328ms
 âœ“ |unit| packages/compiler-core/__tests__/compile.spec.ts (3 tests) 641ms
 âœ“ |unit| packages/compiler-core/__tests__/transforms/vIf.spec.ts (30 tests) 875ms
 âœ“ |unit| packages/compiler-core/__tests__/transforms/vModel.spec.ts (20 tests) 1041ms
 âœ“ |unit| packages/compiler-core/__tests__/transforms/vOn.spec.ts (33 tests) 1132ms
 âœ“ |unit| packages/compiler-core/__tests__/transforms/transformExpressions.spec.ts (44 tests) 1132ms
 âœ“ |unit| packages/compiler-dom/__tests__/transforms/vOn.spec.ts (12 tests) 719ms
   âœ“ compiler-dom: transform v-on > should support multiple modifiers w/ prefixIdentifiers: true  350ms
 âœ“ |unit| packages/compiler-core/__tests__/codegen.spec.ts (34 tests) 994ms
   âœ“ compiler: codegen > TemplateLiteral  401ms
 âœ“ |unit| packages/compiler-dom/__tests__/parse.spec.ts (33 tests) 493ms
 âœ“ |unit| packages/compiler-core/__tests__/transforms/vFor.spec.ts (53 tests) 1107ms
 âœ“ |unit| packages/compiler-core/__tests__/transforms/vSlot.spec.ts (28 tests) 1089ms
   âœ“ compiler: transform component slots > should only force dynamic slots when actually using scope vars w/ prefixIdentifiers: true  392ms
 âœ“ |unit| packages/compiler-core/__tests__/transforms/cacheStatic.spec.ts (34 tests) 1132ms
 âœ“ |unit| packages/compiler-core/__tests__/transforms/transformElement.spec.ts (124 tests) 1491ms
 âœ“ |unit| packages/compiler-core/__tests__/transforms/transformText.spec.ts (8 tests) 155ms
 âœ“ |unit| packages/compiler-dom/__tests__/transforms/stringifyStatic.spec.ts (24 tests) 966ms
 âœ“ |unit| packages/runtime-core/__tests__/scheduler.spec.ts (37 tests) 129ms
 âœ“ |unit| packages/reactivity/__tests__/effectScope.spec.ts (18 tests) 98ms
 âœ“ |unit| packages/reactivity/__tests__/shallowReadonly.spec.ts (16 tests) 27ms
 âœ“ |unit| packages/runtime-core/__tests__/rendererFragment.spec.ts (13 tests) 179ms
 âœ“ |unit| packages/runtime-core/__tests__/scopeId.spec.ts (12 tests) 225ms
 âœ“ |unit| packages/runtime-core/__tests__/apiLifecycle.spec.ts (14 tests) 325ms
 âœ“ |unit| packages/runtime-core/__tests__/apiSetupHelpers.spec.ts (17 tests) 339ms
 âœ“ |unit| packages/runtime-core/__tests__/directives.spec.ts (7 tests) 338ms
 âœ“ |unit| packages/runtime-core/__tests__/rendererComponent.spec.ts (15 tests) 385ms
 âœ“ |unit| packages/runtime-core/__tests__/apiInject.spec.ts (15 tests) 340ms
 âœ“ |unit| packages/runtime-core/__tests__/helpers/useTemplateRef.spec.ts (13 tests) 294ms
 âœ“ |unit| packages/runtime-core/__tests__/componentPublicInstance.spec.ts (14 tests) 371ms
 âœ“ |unit| packages/runtime-core/__tests__/vnode.spec.ts (48 tests) 384ms
 âœ“ |unit| packages/runtime-core/__tests__/helpers/useModel.spec.ts (14 tests) 402ms
 âœ“ |unit| packages/runtime-core/__tests__/rendererChildren.spec.ts (38 tests) 409ms
 âœ“ |unit| packages/runtime-core/__tests__/apiCreateApp.spec.ts (21 tests) 386ms
 âœ“ |unit| packages/runtime-core/__tests__/componentSlots.spec.ts (17 tests) 432ms
 âœ“ |unit| packages/runtime-core/__tests__/componentEmits.spec.ts (27 tests) 459ms
 âœ“ |unit| packages/runtime-core/__tests__/errorHandling.spec.ts (21 tests) 472ms
 âœ“ |unit| packages/runtime-core/__tests__/rendererTemplateRef.spec.ts (24 tests) 535ms
 âœ“ |unit| packages/reactivity/__tests__/effect.spec.ts (70 tests) 675ms
 âœ“ |unit| packages/reactivity/__tests__/watch.spec.ts (10 tests) 104ms
 âœ“ |unit| packages/runtime-core/__tests__/apiAsyncComponent.spec.ts (22 tests) 915ms
 âœ“ |unit| packages/shared/__tests__/normalizeProp.spec.ts (22 tests) 95ms
 âœ“ |unit| packages/reactivity/__tests__/shallowReactive.spec.ts (18 tests) 100ms
 âœ“ |unit| packages/reactivity/__tests__/collections/shallowReadonly.spec.ts (10 tests) 75ms
 âœ“ |unit| packages/runtime-core/__tests__/rendererOptimizedMode.spec.ts (33 tests) 1270ms
   âœ“ renderer: optimized mode > nested teleport unmount need exit the optimization mode  563ms
 â¯ |unit| packages/reactivity/__tests__/computed.spec.ts (49 tests | 1 failed) 1960ms
   âœ“ reactivity/computed > should return updated value 6ms
   âœ“ reactivity/computed > pass oldValue to computed getter 1ms
   âœ“ reactivity/computed > should compute lazily 2ms
   âœ“ reactivity/computed > should trigger effect 2ms
   âœ“ reactivity/computed > should work when chained 1ms
   âœ“ reactivity/computed > should trigger effect when chained 2ms
   âœ“ reactivity/computed > should trigger effect when chained (mixed invocations) 24ms
   âœ“ reactivity/computed > should support setter 1ms
   âœ“ reactivity/computed > should trigger effect w/ setter 1ms
   âœ“ reactivity/computed > should invalidate before non-computed effects 5ms
   âœ“ reactivity/computed > should warn if trying to set a readonly computed 4ms
   âœ“ reactivity/computed > should be readonly 1ms
   âœ“ reactivity/computed > debug: onTrack 16ms
   âœ“ reactivity/computed > debug: onTrigger (reactive) 2ms
   âœ“ reactivity/computed > should query deps dirty sequentially 9ms
   âœ“ reactivity/computed > chained computed dirty reallocation after querying dirty 7ms
   âœ“ reactivity/computed > chained computed dirty reallocation after trigger computed getter 13ms
   âœ“ reactivity/computed > deps order should be consistent with the last time get value 3ms
   âœ“ reactivity/computed > should trigger by the second computed that maybe dirty 1ms
   âœ“ reactivity/computed > should trigger the second effect 1ms
   âœ“ reactivity/computed > should chained recursive effects clear dirty after trigger 1ms
   âœ“ reactivity/computed > should chained computeds dirtyLevel update with first computed effect 0ms
   âœ“ reactivity/computed > should work when chained(ref+computed) 15ms
   âœ“ reactivity/computed > should trigger effect even computed already dirty 18ms
   âœ“ reactivity/computed > should not override queried MaybeDirty result 12ms
   âœ“ reactivity/computed > should be not dirty after deps mutate (mutate deps in computed) 46ms
   âœ“ reactivity/computed > should not trigger effect scheduler by recursive computed effect 25ms
   âœ“ reactivity/computed > should not trigger if value did not change 1ms
   âœ“ reactivity/computed > chained computed trigger 2ms
   âœ“ reactivity/computed > chained computed avoid re-compute 31ms
   âœ“ reactivity/computed > chained computed value invalidation 4ms
   âœ“ reactivity/computed > sync access of invalidated chained computed should not prevent final effect from running 15ms
   âœ“ reactivity/computed > computed should force track in untracked zone 46ms
   âœ“ reactivity/computed > computed side effect should be able trigger 10ms
   âœ“ reactivity/computed > chained computed should work when accessed before having subs 6ms
   âœ“ reactivity/computed > chained computed should still refresh after owner component unmount 16ms
   âœ“ reactivity/computed > computed deps should only be refreshed when the subscribing effect is run, not when scheduled 16ms
   âœ“ reactivity/computed > should chained computeds keep reactivity when computed effect happens 11ms
   âœ“ reactivity/computed > should keep dirty level when side effect computed value changed 4ms
   âœ“ reactivity/computed > should be recomputed without being affected by side effects 13ms
   âœ“ reactivity/computed > debug: onTrigger (ref) 4ms
   âœ“ reactivity/computed > should prevent endless recursion in self-referencing computed getters 24ms
   âœ“ reactivity/computed > manual trigger computed 2ms
   âœ“ reactivity/computed > should not recompute if computed does not track reactive data 3ms
   âœ“ reactivity/computed > computed should remain live after losing all subscribers 4ms
   âœ“ reactivity/computed > computed dep cleanup should not cause property dep to be deleted 11ms
   âœ“ reactivity/computed > computed value updates correctly after dep cleanup 3ms
   Ã— reactivity/computed > should not lead to exponential perf cost with deeply chained computed 1478ms
     â†’ expected 164.26277000000118 to be less than 30
   âœ“ reactivity/computed > performance when removing dependencies from deeply nested computeds 10ms
 âœ“ |unit| packages/server-renderer/__tests__/ssrRenderAttrs.spec.ts (22 tests) 256ms
 âœ“ |unit| packages/runtime-core/__tests__/components/BaseTransition.spec.ts (35 tests) 3311ms
   âœ“ BaseTransition > toggle on-off > w/ component  352ms
   âœ“ BaseTransition > toggle between branches before finish > w/ KeepAlive  453ms
   âœ“ BaseTransition > mode: "in-out" > w/ KeepAlive  609ms
 âœ“ |unit| packages/runtime-core/__tests__/components/KeepAlive.spec.ts (31 tests) 3759ms
   âœ“ KeepAlive > props > include (regex with g flag)  605ms
   âœ“ KeepAlive > cache invalidation > should cache anonymous components if include is not specified  731ms
 âœ“ |unit| packages/compiler-ssr/__tests__/ssrVModel.spec.ts (7 tests) 2788ms
   âœ“ ssr: v-model > <input> (text types)  835ms
   âœ“ ssr: v-model > <select v-model>  1333ms
 âœ“ |unit| packages/compiler-ssr/__tests__/ssrComponent.spec.ts (16 tests) 3020ms
   âœ“ ssr: components > basic  669ms
   âœ“ ssr: components > slots > nested transform scoping in vnode branch  359ms
 âœ“ |unit| packages/compiler-ssr/__tests__/ssrElement.spec.ts (32 tests) 3326ms
   âœ“ ssr: element > basic elements  852ms
   âœ“ ssr: element > attrs > ignore static key/ref  342ms
   âœ“ ssr: element > attrs > ignore v-bind key/ref  340ms
DEPRECATION WARNING [import]: Sass @import rules are deprecated and will be removed in Dart Sass 3.0.0.

More info and automated migrator: https://sass-lang.com/d/import

  â•·
2 â”‚         @import "./import.scss";
  â”‚                 ^^^^^^^^^^^^^^^
  â•µ
    packages/compiler-sfc/__tests__/fixture/test.scss 2:17  root stylesheet

 âœ“ |unit| packages/reactivity/__tests__/ref.spec.ts (31 tests) 755ms
 â¯ |unit| packages/compiler-sfc/__tests__/compileStyle.spec.ts (26 tests | 1 failed) 7510ms
   âœ“ SFC scoped CSS > simple selectors 71ms
   âœ“ SFC scoped CSS > descendent selector  335ms
   âœ“ SFC scoped CSS > nesting selector 24ms
   âœ“ SFC scoped CSS > nesting selector with atrule and comment 31ms
   âœ“ SFC scoped CSS > multiple selectors 23ms
   âœ“ SFC scoped CSS > pseudo class 5ms
   âœ“ SFC scoped CSS > pseudo element 2ms
   âœ“ SFC scoped CSS > spaces before pseudo element 2ms
   âœ“ SFC scoped CSS > ::v-deep 68ms
   âœ“ SFC scoped CSS > ::v-slotted 45ms
   âœ“ SFC scoped CSS > ::v-global 42ms
   âœ“ SFC scoped CSS > :is() and :where() with multiple selectors 25ms
   âœ“ SFC scoped CSS > :is() and :where() in compound selectors 11ms
   âœ“ SFC scoped CSS > media query 5ms
   âœ“ SFC scoped CSS > supports query 15ms
   âœ“ SFC scoped CSS > scoped keyframes 4ms
   âœ“ SFC scoped CSS > spaces after selector 2ms
   âœ“ SFC scoped CSS > deprecated syntax > ::v-deep as combinator 64ms
   âœ“ SFC scoped CSS > deprecated syntax > >>> (deprecated syntax) 5ms
   âœ“ SFC scoped CSS > deprecated syntax > /deep/ (deprecated syntax) 7ms
   âœ“ SFC CSS modules > should include resulting classes object in result 33ms
   âœ“ SFC CSS modules > postcss-modules options 32ms
   Ã— SFC style preprocessors > scss @import 6107ms
     â†’ Test timed out in 5000ms.
If this is a long-running test, pass a timeout value as the last argument or configure it globally with "testTimeout".
   âœ“ SFC style preprocessors > scss respect user-defined string options.additionalData 249ms
   âœ“ SFC style preprocessors > scss respect user-defined function options.additionalData 73ms
   âœ“ SFC style preprocessors > should mount scope on correct selector when have universal selector 186ms
 âœ“ |unit| packages/runtime-core/__tests__/helpers/resolveAssets.spec.ts (7 tests) 392ms
 âœ“ |unit| packages/compiler-dom/__tests__/transforms/validateHtmlNesting.spec.ts (17 tests) 492ms
 âœ“ |unit| packages/runtime-core/__tests__/hmr.spec.ts (24 tests) 3426ms
   âœ“ hot module replacement > rerender  1316ms
 âœ“ |unit| packages/compiler-dom/__tests__/transforms/vModel.spec.ts (17 tests) 499ms
 âœ“ |unit| packages/shared/__tests__/codeframe.spec.ts (7 tests) 98ms
 âœ“ |unit| packages/compiler-sfc/__tests__/templateTransformAssetUrl.spec.ts (13 tests) 162ms
 âœ“ |unit| packages/runtime-core/__tests__/apiExpose.spec.ts (11 tests) 136ms
 âœ“ |unit| packages/compiler-core/__tests__/transforms/vOnce.spec.ts (8 tests) 93ms
 âœ“ |unit| packages/runtime-core/__tests__/apiSetupContext.spec.ts (7 tests) 99ms
 âœ“ |unit| packages/reactivity/__tests__/collections/WeakMap.spec.ts (11 tests) 30ms
 âœ“ |unit| packages/compiler-ssr/__tests__/ssrSlotOutlet.spec.ts (11 tests) 92ms
 âœ“ |unit| packages/compiler-ssr/__tests__/ssrScopeId.spec.ts (5 tests) 87ms
 âœ“ |unit| packages/reactivity/__tests__/collections/WeakSet.spec.ts (9 tests) 15ms
 âœ“ |unit| packages/server-renderer/__tests__/ssrVModelHelpers.spec.ts (2 tests) 16ms
 âœ“ |unit| packages/compiler-ssr/__tests__/ssrVIf.spec.ts (10 tests) 86ms
 âœ“ |unit| packages/runtime-core/__tests__/helpers/createSlots.spec.ts (6 tests) 46ms
 âœ“ |unit| packages/compiler-sfc/__tests__/templateUtils.spec.ts (9 tests) 12ms
 â†“ |unit| packages/reactivity/__tests__/gc.spec.ts (4 tests | 4 skipped)
 âœ“ |unit| packages/shared/__tests__/cssVars.spec.ts (2 tests) 9ms
 âœ“ |unit| packages/shared/__tests__/escapeHtml.spec.ts (4 tests) 48ms
 âœ“ |unit| packages/compiler-dom/__tests__/transforms/vText.spec.ts (3 tests) 20ms
 âœ“ |unit| packages/compiler-sfc/__tests__/templateTransformSrcset.spec.ts (6 tests) 43ms
 âœ“ |unit| packages/runtime-core/__tests__/h.spec.ts (6 tests) 62ms
 âœ“ |unit| packages/runtime-core/__tests__/helpers/renderSlot.spec.ts (7 tests) 20ms
 âœ“ |unit| packages/compiler-dom/__tests__/transforms/vHtml.spec.ts (3 tests) 83ms
 âœ“ |unit| packages/compiler-core/__tests__/scopeId.spec.ts (4 tests) 120ms
 âœ“ |unit| packages/runtime-test/__tests__/testRuntime.spec.ts (5 tests) 175ms
 âœ“ |unit| packages/compiler-dom/__tests__/transforms/Transition.spec.ts (12 tests) 222ms
 âœ“ |unit| packages/runtime-core/__tests__/helpers/renderList.spec.ts (10 tests) 81ms
 âœ“ |unit| packages/compiler-ssr/__tests__/ssrTransitionGroup.spec.ts (7 tests) 343ms
 âœ“ |unit| packages/compiler-ssr/__tests__/ssrInjectCssVars.spec.ts (6 tests) 383ms
 âœ“ |unit| packages/compiler-ssr/__tests__/ssrVFor.spec.ts (7 tests) 356ms
 âœ“ |unit| packages/compiler-dom/__tests__/transforms/transformStyle.spec.ts (2 tests) 49ms
 âœ“ |unit| packages/server-renderer/__tests__/ssrInterpolate.spec.ts (1 test) 62ms
 âœ“ |unit| packages/runtime-core/__tests__/vnodeHooks.spec.ts (2 tests) 119ms
 âœ“ |unit| packages/compiler-ssr/__tests__/ssrText.spec.ts (8 tests) 384ms
 âœ“ |unit| packages/compiler-core/__tests__/transforms/vMemo.spec.ts (7 tests) 576ms
 âœ“ |unit| packages/compiler-sfc/__tests__/compileScript/hoistStatic.spec.ts (10 tests) 1093ms
   âœ“ sfc hoist static > should hoist literal value  309ms
   âœ“ sfc hoist static > template binding access in inline mode  300ms
 âœ“ |unit| packages/server-renderer/__tests__/ssrRenderList.spec.ts (7 tests) 75ms
 âœ“ |unit| packages/compiler-dom/__tests__/transforms/vShow.spec.ts (2 tests) 197ms
 âœ“ |unit| packages/compiler-ssr/__tests__/ssrVShow.spec.ts (6 tests) 1159ms
   âœ“ ssr: v-show > basic as root  408ms
 âœ“ |unit| packages/compiler-sfc/__tests__/parse.spec.ts (28 tests) 1907ms
   âœ“ compiler:sfc > warnings > should only allow single script element  518ms
 âœ“ |unit| packages/compiler-sfc/__tests__/compileScript/defineModel.spec.ts (10 tests) 1876ms
   âœ“ defineModel() > basic usage  668ms
 âœ“ |unit| packages/compiler-sfc/__tests__/rewriteDefault.spec.ts (16 tests) 1932ms
   âœ“ compiler sfc: rewriteDefault > without export default  412ms
   âœ“ compiler sfc: rewriteDefault > @Component
export default class w/ comments 2  348ms
 âœ“ |unit| packages/compiler-sfc/__tests__/compileScript/importUsageCheck.spec.ts (16 tests) 2054ms
   âœ“ components  763ms
 âœ“ |unit| packages/runtime-core/__tests__/rendererElement.spec.ts (6 tests) 285ms
 âœ“ |unit| packages/compiler-sfc/__tests__/compileScript/defineEmits.spec.ts (19 tests) 2250ms
   âœ“ defineEmits > basic usage  419ms
   âœ“ defineEmits > w/ type (referenced exported function type)  470ms
 âœ“ |unit| packages/compiler-sfc/__tests__/compileScript/defineProps.spec.ts (29 tests) 3025ms
   âœ“ defineProps > basic usage  970ms
   âœ“ defineProps > w/ type  589ms
 âœ“ |unit| packages/compiler-sfc/__tests__/compileScript/definePropsDestructure.spec.ts (28 tests) 3078ms
   âœ“ sfc reactive props destructure > basic usage  863ms
   âœ“ sfc reactive props destructure > multiple variable declarations  309ms
 âœ“ |unit| packages/compiler-sfc/__tests__/cssVars.spec.ts (17 tests) 2767ms
   âœ“ CSS vars injection > generating correct code for nested paths  703ms
   âœ“ CSS vars injection > should rewrite CSS vars in compileStyle  498ms
 âœ“ |unit| packages/server-renderer/__tests__/ssrSlot.spec.ts (12 tests) 1411ms
   âœ“ ssr: slot > text slot  649ms
 âœ“ |unit| packages/compiler-ssr/__tests__/ssrFallthroughAttrs.spec.ts (5 tests) 315ms
 âœ“ |unit| packages/compiler-sfc/__tests__/compileScript.spec.ts (85 tests) 4234ms
   âœ“ SFC compile <script setup> > should compile JS syntax  1004ms
   âœ“ SFC compile <script setup> > should expose top level declarations  545ms
 âœ“ |unit| packages/compiler-sfc/__tests__/compileTemplate.spec.ts (21 tests) 4546ms
   âœ“ preprocess pug  3704ms
 âœ“ |unit| packages/server-renderer/__tests__/ssrScopeId.spec.ts (5 tests) 280ms
 âœ“ |unit| packages/compiler-ssr/__tests__/ssrSuspense.spec.ts (2 tests) 246ms
 âœ“ |unit| packages/compiler-core/__tests__/transforms/noopDirectiveTransform.spec.ts (1 test) 179ms
 âœ“ |unit| packages/runtime-core/__tests__/apiWatch.spec.ts (84 tests) 3001ms
 âœ“ |unit| packages/server-renderer/__tests__/ssrDirectives.spec.ts (22 tests) 2025ms
   âœ“ ssr: directives > template v-show > basic  833ms
 âœ“ |unit| packages/compiler-ssr/__tests__/ssrPortal.spec.ts (2 tests) 355ms
   âœ“ ssr compile: teleport > should work  347ms
 âœ“ |unit| packages/server-renderer/__tests__/ssrWatch.spec.ts (7 tests) 485ms
 âœ“ |unit| packages/compiler-dom/__tests__/transforms/ignoreSideEffectTags.spec.ts (2 tests) 106ms
 âœ“ |unit| packages/runtime-core/__tests__/helpers/toHandlers.spec.ts (2 tests) 26ms
 âœ“ |unit| packages/runtime-core/__tests__/misc.spec.ts (1 test) 44ms
 âœ“ |unit| packages/compiler-dom/__tests__/index.spec.ts (1 test) 96ms
 âœ“ |unit| packages/compiler-ssr/__tests__/ssrTransition.spec.ts (2 tests) 532ms
   âœ“ transition > basic  447ms
 âœ“ |unit| packages/server-renderer/__tests__/ssrTeleport.spec.ts (7 tests) 690ms
   âœ“ ssrRenderTeleport > teleport rendering (compiled)  415ms
 âœ“ |unit| packages/compiler-core/__tests__/utils.spec.ts (7 tests) 1046ms
   âœ“ isMemberExpression > node  684ms
 âœ“ |unit| packages/compiler-sfc/__tests__/compileScript/defineOptions.spec.ts (7 tests) 757ms
   âœ“ defineOptions() > basic usage  538ms
 âœ“ |unit| packages/server-renderer/__tests__/ssrSuspense.spec.ts (6 tests) 713ms
   âœ“ SSR Suspense > content  348ms
 âœ“ |unit| packages/server-renderer/__tests__/render.spec.ts (165 tests) 6384ms
   âœ“ ssr: renderToString > slots > nested components with template slots  310ms
   âœ“ ssr: renderToString > multiple onServerPrefetch  845ms
 âœ“ |unit| packages/server-renderer/__tests__/ssrComputed.spec.ts (2 tests) 253ms
 âœ“ |unit| packages/server-renderer/__tests__/ssrDynamicComponent.spec.ts (5 tests) 923ms
   âœ“ ssr: dynamic component > resolved to component  640ms
 âœ“ |unit| packages/server-renderer/__tests__/ssrCompilerOptions.spec.ts (9 tests) 1256ms
   âœ“ ssr: compiler options > config.isCustomElement (deprecated)  386ms
   âœ“ ssr: compiler options > component.delimiters (deprecated)  425ms
 âœ“ |unit| packages/server-renderer/__tests__/ssrAttrFallthrough.spec.ts (5 tests) 638ms
 âœ“ |unit| packages/server-renderer/__tests__/webStream.spec.ts (2 tests) 91ms
 âœ“ |unit| packages/compiler-sfc/__tests__/compileScript/defineSlots.spec.ts (3 tests) 261ms
 âœ“ |unit| packages/compiler-sfc/__tests__/compileScript/defineExpose.spec.ts (2 tests) 120ms
 âœ“ |unit| packages/compiler-sfc/__tests__/compileScript/resolveType.spec.ts (85 tests | 1 skipped) 1191ms
 âœ“ |unit| packages/shared/__tests__/toDisplayString.spec.ts (12 tests) 45ms
 âœ“ |unit| packages/compiler-dom/__tests__/decoderHtmlBrowser.spec.ts (1 test) 59ms
 âœ“ |unit| packages/shared/__tests__/looseEqual.spec.ts (12 tests) 25ms
 âœ“ |unit-jsdom| packages/runtime-dom/__tests__/patchClass.spec.ts (3 tests) 17ms
 âœ“ |unit-jsdom| packages/runtime-dom/__tests__/helpers/useCssModule.spec.ts (5 tests) 24ms
 âœ“ |unit-jsdom| packages/runtime-dom/__tests__/patchAttrs.spec.ts (8 tests) 49ms
 âœ“ |unit-jsdom| packages/runtime-dom/__tests__/patchEvents.spec.ts (12 tests) 160ms
 âœ“ |unit-jsdom| packages/runtime-dom/__tests__/customizedBuiltIn.spec.ts (1 test) 32ms
 âœ“ |unit-jsdom| packages/runtime-dom/__tests__/directives/vCloak.spec.ts (1 test) 41ms
 âœ“ |unit-jsdom| packages/runtime-dom/__tests__/createApp.spec.ts (2 tests) 60ms
 âœ“ |unit-jsdom| packages/runtime-dom/__tests__/directives/vOn.spec.ts (8 tests) 69ms
 âœ“ |unit-jsdom| packages/runtime-dom/__tests__/rendererStaticNode.spec.ts (5 tests) 81ms
 âœ“ |unit-jsdom| packages/runtime-dom/__tests__/patchStyle.spec.ts (17 tests) 277ms
 âœ“ |unit-jsdom| packages/runtime-dom/__tests__/patchProps.spec.ts (26 tests) 247ms
 âœ“ |unit-jsdom| packages/runtime-dom/__tests__/directives/vModel.spec.ts (26 tests) 1244ms
   âœ“ vModel > multiple select (model is Array)  378ms
 âœ“ |unit-jsdom| packages/runtime-dom/__tests__/helpers/useCssVars.spec.ts (17 tests) 1244ms
   âœ“ useCssVars > with delay mount child  674ms
 âœ“ |unit-jsdom| packages/runtime-dom/__tests__/directives/vShow.spec.ts (9 tests) 1013ms
   âœ“ runtime-dom: v-show directive > should respect the display value when v-show value is true  797ms
 âœ“ |unit-jsdom| packages/runtime-dom/__tests__/customElement.spec.ts (61 tests) 2380ms
   âœ“ defineCustomElement > props > handle components with no props  499ms
 âœ“ |unit-jsdom| packages/vue/__tests__/customElementCasing.spec.ts (1 test) 83ms
 âœ“ |unit-jsdom| packages/vue/__tests__/runtimeCompilerOptions.spec.ts (8 tests) 95ms
 âœ“ |unit-jsdom| packages/vue-compat/__tests__/componentAsync.spec.ts (3 tests) 78ms
 âœ“ |unit-jsdom| packages/vue-compat/__tests__/options.spec.ts (5 tests) 83ms
 âœ“ |unit-jsdom| packages/vue-compat/__tests__/renderFn.spec.ts (11 tests) 81ms
 âœ“ |unit-jsdom| packages/vue/__tests__/mathmlNamespace.spec.ts (2 tests) 129ms
 âœ“ |unit-jsdom| packages/vue/__tests__/svgNamespace.spec.ts (2 tests) 138ms
 âœ“ |unit-jsdom| packages/vue-compat/__tests__/componentFunctional.spec.ts (2 tests) 163ms
 âœ“ |unit-jsdom| packages/vue-compat/__tests__/globalConfig.spec.ts (4 tests) 211ms
 âœ“ |unit-jsdom| packages/vue-compat/__tests__/filters.spec.ts (17 tests) 239ms
 âœ“ |unit-jsdom| packages/runtime-dom/__tests__/nodeOps.spec.ts (8 tests) 308ms
 âœ“ |unit-jsdom| packages/vue/__tests__/index.spec.ts (17 tests) 266ms
 âœ“ |unit-jsdom| packages/vue-compat/__tests__/misc.spec.ts (9 tests) 318ms
 âœ“ |unit-jsdom| packages/vue-compat/__tests__/compiler.spec.ts (9 tests) 343ms
 âœ“ |unit-jsdom| packages/vue-compat/__tests__/componentVModel.spec.ts (4 tests) 384ms
 âœ“ |unit-jsdom| packages/vue-compat/__tests__/instance.spec.ts (21 tests) 311ms
 âœ“ |unit-jsdom| packages/vue-compat/__tests__/global.spec.ts (30 tests) 607ms
 âœ“ |unit| packages/runtime-core/__tests__/rendererAttrsFallthrough.spec.ts (22 tests) 535ms
 âœ“ |unit| packages/runtime-core/__tests__/helpers/withMemo.spec.ts (7 tests) 554ms
   âœ“ v-memo > on with external array  402ms
 âœ“ |unit| packages/runtime-core/__tests__/apiOptions.spec.ts (48 tests) 877ms
 âœ“ |unit| packages/runtime-core/__tests__/componentProps.spec.ts (28 tests) 1066ms
 âœ“ |unit| packages/runtime-core/__tests__/components/Teleport.spec.ts (45 tests) 1898ms
   âœ“ renderer: teleport > defer mode > should be able to target content appearing later than the teleport with defer  569ms
 â¯ |unit| packages/runtime-core/__tests__/components/Suspense.spec.ts (41 tests | 1 failed) 2345ms
   âœ“ Suspense > fallback content 164ms
   âœ“ Suspense > emits events  315ms
   âœ“ Suspense > nested async deps 35ms
   âœ“ Suspense > onResolve 24ms
   âœ“ Suspense > buffer mounted/updated hooks & post flush watch callbacks 13ms
   âœ“ Suspense > mounted/updated hooks & fallback component 18ms
   âœ“ Suspense > content update before suspense resolve 19ms
   âœ“ Suspense > unmount before suspense resolve 41ms
   âœ“ Suspense > unmount suspense after resolve 105ms
   âœ“ Suspense > unmount suspense before resolve 25ms
   âœ“ Suspense > update prop of async element before suspense resolve 6ms
   âœ“ Suspense > nested suspense (parent resolves first) 99ms
   Ã— Suspense > nested suspense (child resolves first) 382ms
     â†’ expected '<div><div>async outer</div><div>asyncâ€¦' to be '<div>fallback outer</div>' // Object.is equality
   âœ“ Suspense > error handling 64ms
   âœ“ Suspense > error handling w/ template optimization  303ms
   âœ“ Suspense > combined usage (nested async + nested suspense + multiple deps) 118ms
   âœ“ Suspense > switching branches 87ms
   âœ“ Suspense > switching branches w/ nested suspense 80ms
   âœ“ Suspense > nested suspense (w/ suspensible) switch several times before parent suspense resolve 22ms
   âœ“ Suspense > branch switch to 3rd branch before resolve 35ms
   âœ“ Suspense > branch switch back before resolve 15ms
   âœ“ Suspense > branch switch timeout + fallback 25ms
   âœ“ Suspense > mount the fallback content is in the correct position 32ms
   âœ“ Suspense > should not miss nested element updates when used in templates 96ms
   âœ“ Suspense > toggling nested async setup component inside already resolved suspense 2ms
   âœ“ Suspense > warn if using async setup when not in a Suspense boundary 2ms
   âœ“ Suspense > nested suspense with suspensible 88ms
   âœ“ Suspense > nested suspense with suspensible & no async deps 4ms
   âœ“ Suspense > nested suspense (child suspense update before parent suspense resolve) 48ms
   âœ“ Suspense > KeepAlive with Suspense 8ms
   âœ“ Suspense > KeepAlive + Suspense switch before branch resolves 8ms
   âœ“ Suspense > KeepAlive + Suspense + comment slot 2ms
   âœ“ Suspense > Suspense patched during HOC async component re-mount 4ms
   âœ“ Suspense > add new async deps during patching 9ms
   âœ“ Suspense > warnings > does not warn on single child 1ms
   âœ“ Suspense > warnings > does not warn on null 1ms
   âœ“ Suspense > warnings > does not warn on <component :is="null" /> 1ms
   âœ“ Suspense > warnings > does not warn on empty array 1ms
   âœ“ Suspense > warnings > warns on multiple children in default 1ms
   âœ“ Suspense > warnings > warns on multiple children in fallback 1ms
   âœ“ Suspense > warnings > renders multiple async components in Suspense with v-for and updates on items change 26ms
 âœ“ |unit| packages/runtime-core/__tests__/helpers/useId.spec.ts (8 tests) 527ms
 âœ“ |unit| packages/runtime-core/__tests__/hydration.spec.ts (101 tests) 931ms

â¯â¯â¯â¯â¯â¯â¯ Failed Tests 3 â¯â¯â¯â¯â¯â¯â¯

 FAIL  |unit| packages/compiler-sfc/__tests__/compileStyle.spec.ts > SFC style preprocessors > scss @import
Error: Test timed out in 5000ms.
If this is a long-running test, pass a timeout value as the last argument or configure it globally with "testTimeout".
 â¯ packages/compiler-sfc/__tests__/compileStyle.spec.ts:435:3
    433|
    434| describe('SFC style preprocessors', () => {
    435|   test('scss @import', () => {
       |   ^
    436|     const res = compileStyle({
    437|       source: `

â¯â¯â¯â¯â¯â¯â¯â¯â¯â¯â¯â¯â¯â¯â¯â¯â¯â¯â¯â¯â¯â¯â¯â¯[1/3]â¯

 FAIL  |unit| packages/reactivity/__tests__/computed.spec.ts > reactivity/computed > should not lead to exponential perf cost with deeply chained computed
AssertionError: expected 164.26277000000118 to be less than 30
 â¯ packages/reactivity/__tests__/computed.spec.ts:1111:35
    1109|     start.prop3.value = 2
    1110|     start.prop4.value = 1
    1111|     expect(performance.now() - t).toBeLessThan(process.env.CI ? 100 : â€¦
       |                                   ^
    1112|
    1113|     const end = layer

â¯â¯â¯â¯â¯â¯â¯â¯â¯â¯â¯â¯â¯â¯â¯â¯â¯â¯â¯â¯â¯â¯â¯â¯[2/3]â¯

 FAIL  |unit| packages/runtime-core/__tests__/components/Suspense.spec.ts > Suspense > nested suspense (child resolves first)
AssertionError: expected '<div><div>async outer</div><div>asyncâ€¦' to be '<div>fallback outer</div>' // Object.is equality

Expected: [32m"<div>[7mfallback outer[27m</div>"[39m
Received: [31m"<div>[7m<div>async outer</div><div>async inner</div>[27m</div>"[39m

 â¯ packages/runtime-core/__tests__/components/Suspense.spec.ts:722:34
    720|     await deps[1]
    721|     await nextTick()
    722|     expect(serializeInner(root)).toBe(`<div>fallback outer</div>`)
       |                                  ^
    723|     expect(calls).toEqual([])
    724|

â¯â¯â¯â¯â¯â¯â¯â¯â¯â¯â¯â¯â¯â¯â¯â¯â¯â¯â¯â¯â¯â¯â¯â¯[3/3]â¯


 Test Files  3 failed | 177 passed | 1 skipped (181)
      Tests  3 failed | 3397 passed | 5 skipped (3405)
   Start at  12:13:11
   Duration  55.46s (transform 186.00s, setup 39.84s, collect 1626.79s, tests 133.85s, environment 310.82s, prepare 296.34s)

â€‰ELIFECYCLEâ€‰ Command failed with exit code 1.
