Get:1 http://archive.ubuntu.com/ubuntu jammy InRelease [270 kB]
Get:2 http://security.ubuntu.com/ubuntu jammy-security InRelease [129 kB]
Get:3 http://archive.ubuntu.com/ubuntu jammy-updates InRelease [128 kB]
Get:4 http://archive.ubuntu.com/ubuntu jammy-backports InRelease [127 kB]
Get:5 http://archive.ubuntu.com/ubuntu jammy/restricted amd64 Packages [164 kB]
Get:6 http://security.ubuntu.com/ubuntu jammy-security/multiverse amd64 Packages [48.5 kB]
Get:7 http://archive.ubuntu.com/ubuntu jammy/main amd64 Packages [1792 kB]
Get:8 http://security.ubuntu.com/ubuntu jammy-security/main amd64 Packages [3310 kB]
Get:9 http://archive.ubuntu.com/ubuntu jammy/multiverse amd64 Packages [266 kB]
Get:10 http://archive.ubuntu.com/ubuntu jammy/universe amd64 Packages [17.5 MB]
Get:11 http://security.ubuntu.com/ubuntu jammy-security/universe amd64 Packages [1272 kB]
Get:12 http://security.ubuntu.com/ubuntu jammy-security/restricted amd64 Packages [5374 kB]
Get:13 http://archive.ubuntu.com/ubuntu jammy-updates/multiverse amd64 Packages [75.9 kB]
Get:14 http://archive.ubuntu.com/ubuntu jammy-updates/main amd64 Packages [3623 kB]
Get:15 http://archive.ubuntu.com/ubuntu jammy-updates/universe amd64 Packages [1580 kB]
Get:16 http://archive.ubuntu.com/ubuntu jammy-updates/restricted amd64 Packages [5560 kB]
Get:17 http://archive.ubuntu.com/ubuntu jammy-backports/main amd64 Packages [83.2 kB]
Get:18 http://archive.ubuntu.com/ubuntu jammy-backports/universe amd64 Packages [35.2 kB]
Fetched 41.3 MB in 5s (8547 kB/s)
Reading package lists...
---
+ '' \
+      --preserve-env=http_proxy \
+      apt-get \
+      install \
+      -y \
+      autoconf \
+      automake \
+      binutils-dev \
+      cmake \
+      libboost-all-dev \
+      libdouble-conversion-dev \
+      libdwarf-dev \
+      libevent-dev \
+      libgflags-dev \
+      liblz4-dev \
+      libsnappy-dev \
Traceback (most recent call last):
  File "/app/build/fbcode_builder/getdeps/runcmd.py", line 109, in _run_cmd
    p = subprocess.Popen(
  File "/usr/lib/python3.10/subprocess.py", line 971, in __init__
+      libsodium-dev \
+      libssl-dev \
+      libtool \
+      libzstd-dev \
+      ninja-build \
+      zlib1g-dev \
+      zstd
error running `'' \
+      --preserve-env=http_proxy \
+      apt-get \
+      install \
    self._execute_child(args, executable, preexec_fn, close_fds,
  File "/usr/lib/python3.10/subprocess.py", line 1863, in _execute_child
+      -y \
+      autoconf \
+      automake \
+      binutils-dev \
+      cmake \
+      libboost-all-dev \
+      libdouble-conversion-dev \
+      libdwarf-dev \
+      libevent-dev \
+      libgflags-dev \
+      liblz4-dev \
+      libsnappy-dev \
+      libsodium-dev \
+      libssl-dev \
+      libtool \
+      libzstd-dev \
+      ninja-build \
+      zlib1g-dev \
    raise child_exception_type(errno_num, err_msg, err_filename)
PermissionError: [Errno 13] Permission denied: ''

During handling of the above exception, another exception occurred:

Traceback (most recent call last):
  File "/app/build/fbcode_builder/getdeps.py", line 1603, in <module>
    sys.exit(main())
  File "/app/build/fbcode_builder/getdeps.py", line 1586, in main
    return args.func(args)
  File "/app/build/fbcode_builder/getdeps.py", line 108, in run
    self.run_project_cmd(args, loader, manifest)
  File "/app/build/fbcode_builder/getdeps.py", line 475, in run_project_cmd
    check_cmd(cmd_args)
  File "/app/build/fbcode_builder/getdeps/runcmd.py", line 47, in check_cmd
    rc = run_cmd(cmd, **kwargs)
  File "/app/build/fbcode_builder/getdeps/runcmd.py", line 67, in run_cmd
    return _run_cmd(
  File "/app/build/fbcode_builder/getdeps/runcmd.py", line 114, in _run_cmd
    raise RunCommandError(
getdeps.runcmd.RunCommandError: [Errno 13] Permission denied: '' while running `'' \
+      --preserve-env=http_proxy \
+      apt-get \
+      install \
+      -y \
+      autoconf \
+      automake \
+      binutils-dev \
+      cmake \
+      libboost-all-dev \
+      libdouble-conversion-dev \
+      libdwarf-dev \
+      libevent-dev \
+      libgflags-dev \
+      liblz4-dev \
+      libsnappy-dev \
+      libsodium-dev \
+      libssl-dev \
+      libtool \
+      libzstd-dev \
+      ninja-build \
+      zlib1g-dev \
+      zstd` with env=None
os.environ=environ({'HOSTNAME': '76d9fe4853d4', 'PWD': '/app', 'TZ': 'America/Los_Angeles', 'HOME': '/root', 'SHLVL': '1', 'PATH': '/usr/local/sbin:/usr/local/bin:/usr/sbin:/usr/bin:/sbin:/bin', '_': '/usr/bin/python3', 'LC_CTYPE': 'C.UTF-8', 'GETDEPS_CMAKE_DEFINES': ''})
+      zstd`: [Errno 13] Permission denied: ''
