==> include/pocketpy.h
==> include/pocketpy/export.h
==> include/pocketpy/config.h
==> include/pocketpy/pocketpy.h
==> include/pocketpy/vmath.h
==> include/pocketpy/common/chunkedvector.h
==> include/pocketpy/common/socket.h
==> include/pocketpy/common/smallmap.h
==> include/pocketpy/common/sstream.h
==> include/pocketpy/common/utils.h
==> include/pocketpy/common/name.h
==> include/pocketpy/common/memorypool.h
==> include/pocketpy/common/str.h
==> include/pocketpy/common/vector.h
==> include/pocketpy/common/threads.h
==> include/pocketpy/common/algorithm.h
==> include/pocketpy/common/_generated.h
==> include/pocketpy/debugger/core.h
==> include/pocketpy/objects/exception.h
==> include/pocketpy/objects/base.h
==> include/pocketpy/objects/container.h
==> include/pocketpy/objects/sourcedata.h
==> include/pocketpy/objects/namedict.h
==> include/pocketpy/objects/error.h
==> include/pocketpy/objects/bintree.h
==> include/pocketpy/objects/codeobject.h
==> include/pocketpy/objects/object.h
==> include/pocketpy/objects/iterator.h
==> include/pocketpy/interpreter/vm.h
==> include/pocketpy/interpreter/objectpool.h
==> include/pocketpy/interpreter/generator.h
==> include/pocketpy/interpreter/typeinfo.h
==> include/pocketpy/interpreter/heap.h
==> include/pocketpy/interpreter/frame.h
==> include/pocketpy/interpreter/array2d.h
==> include/pocketpy/interpreter/line_profiler.h
==> include/pocketpy/interpreter/modules.h
==> include/pocketpy/interpreter/bindings.h
==> include/pocketpy/interpreter/types.h
==> include/pocketpy/compiler/lexer.h
==> include/pocketpy/compiler/compiler.h
sh: 1: python: not found
Traceback (most recent call last):
  File "/app/cmake_build.py", line 5, in <module>
    assert os.system("python prebuild.py") == 0
AssertionError
CPython: 3.10.12 (main, Aug 15 2025, 14:32:43) [GCC 11.4.0]
System: 64-bit
Testing directory: tests/
> tests/01_int.py
sh: 1: ./main: not found
Return code: 32512
--------------------------------------------------
TEST FAILED!
Error: 'main' executable not found.
