Ignoring legacy-cgi: markers 'python_version >= "3.13"' don't match your environment
Collecting aniso8601==9.0.1 (from -r requirements.txt (line 1))
  Downloading aniso8601-9.0.1-py2.py3-none-any.whl.metadata (23 kB)
Collecting annotated-types==0.7.0 (from -r requirements.txt (line 2))
  Downloading annotated_types-0.7.0-py3-none-any.whl.metadata (15 kB)
Collecting argcomplete==3.5.1 (from -r requirements.txt (line 3))
  Downloading argcomplete-3.5.1-py3-none-any.whl.metadata (16 kB)
Collecting arrow==1.3.0 (from -r requirements.txt (line 4))
  Downloading arrow-1.3.0-py3-none-any.whl.metadata (7.5 kB)
Collecting binaryornot==0.4.4 (from -r requirements.txt (line 5))
  Downloading binaryornot-0.4.4-py2.py3-none-any.whl.metadata (6.0 kB)
Collecting blinker==1.8.2 (from -r requirements.txt (line 6))
  Downloading blinker-1.8.2-py3-none-any.whl.metadata (1.6 kB)
Collecting Brotli==1.1.0 (from -r requirements.txt (line 7))
  Downloading Brotli-1.1.0-cp312-cp312-manylinux_2_17_x86_64.manylinux2014_x86_64.whl.metadata (5.5 kB)
Collecting certifi==2024.8.30 (from -r requirements.txt (line 8))
  Downloading certifi-2024.8.30-py3-none-any.whl.metadata (2.2 kB)
Collecting chardet==5.2.0 (from -r requirements.txt (line 9))
  Downloading chardet-5.2.0-py3-none-any.whl.metadata (3.4 kB)
Collecting charset-normalizer==3.4.0 (from -r requirements.txt (line 10))
  Downloading charset_normalizer-3.4.0-cp312-cp312-manylinux_2_17_x86_64.manylinux2014_x86_64.whl.metadata (34 kB)
Collecting clang-format==20.1.8 (from -r requirements.txt (line 11))
  Downloading clang_format-20.1.8-py2.py3-none-manylinux_2_27_x86_64.manylinux_2_28_x86_64.whl.metadata (4.7 kB)
Collecting click==8.1.7 (from -r requirements.txt (line 12))
  Downloading click-8.1.7-py3-none-any.whl.metadata (3.0 kB)
Collecting cmake==3.26.0 (from -r requirements.txt (line 13))
  Downloading cmake-3.26.0-py2.py3-none-manylinux2014_x86_64.manylinux_2_17_x86_64.whl.metadata (6.8 kB)
Collecting colorlog==6.8.2 (from -r requirements.txt (line 14))
  Downloading colorlog-6.8.2-py3-none-any.whl.metadata (10 kB)
Collecting cookiecutter==2.6.0 (from -r requirements.txt (line 15))
  Downloading cookiecutter-2.6.0-py3-none-any.whl.metadata (7.3 kB)
Collecting CT3==3.3.3.post1 (from -r requirements.txt (line 16))
  Downloading CT3-3.3.3.post1-cp312-cp312-manylinux_2_5_x86_64.manylinux1_x86_64.whl.metadata (3.4 kB)
Collecting et-xmlfile==1.1.0 (from -r requirements.txt (line 17))
  Downloading et_xmlfile-1.1.0-py3-none-any.whl.metadata (1.8 kB)
Collecting Flask==3.0.3 (from -r requirements.txt (line 18))
  Downloading flask-3.0.3-py3-none-any.whl.metadata (3.2 kB)
Collecting Flask-Compress==1.15 (from -r requirements.txt (line 19))
  Downloading Flask_Compress-1.15-py3-none-any.whl.metadata (8.4 kB)
Collecting Flask-RESTful==0.3.10 (from -r requirements.txt (line 20))
  Downloading Flask_RESTful-0.3.10-py2.py3-none-any.whl.metadata (1.0 kB)
Collecting fprime-fpl-layout==1.0.3 (from -r requirements.txt (line 21))
  Downloading fprime_fpl_layout-1.0.3-py3-none-manylinux_2_28_x86_64.whl.metadata (938 bytes)
Collecting fprime-fpl-write-pic==1.0.3 (from -r requirements.txt (line 22))
  Downloading fprime_fpl_write_pic-1.0.3-py3-none-manylinux_2_28_x86_64.whl.metadata (944 bytes)
Collecting fprime-fpp==3.0.0 (from -r requirements.txt (line 23))
  Downloading fprime_fpp-3.0.0-py3-none-any.whl.metadata (1.4 kB)
Collecting fprime-gds==4.0.1 (from -r requirements.txt (line 24))
  Downloading fprime_gds-4.0.1-py3-none-any.whl.metadata (24 kB)
Collecting fprime-tools==4.0.1 (from -r requirements.txt (line 25))
  Downloading fprime_tools-4.0.1-py3-none-any.whl.metadata (16 kB)
Collecting fprime-visual==1.0.2 (from -r requirements.txt (line 26))
  Downloading fprime_visual-1.0.2-py3-none-any.whl.metadata (16 kB)
Collecting gcovr==8.2 (from -r requirements.txt (line 27))
  Downloading gcovr-8.2-py2.py3-none-any.whl.metadata (10 kB)
Collecting idna==3.10 (from -r requirements.txt (line 28))
  Downloading idna-3.10-py3-none-any.whl.metadata (10 kB)
Collecting importlib-metadata==6.7.0 (from -r requirements.txt (line 29))
  Downloading importlib_metadata-6.7.0-py3-none-any.whl.metadata (4.9 kB)
Collecting iniconfig==2.0.0 (from -r requirements.txt (line 30))
  Downloading iniconfig-2.0.0-py3-none-any.whl.metadata (2.6 kB)
Collecting itsdangerous==2.2.0 (from -r requirements.txt (line 31))
  Downloading itsdangerous-2.2.0-py3-none-any.whl.metadata (1.9 kB)
Collecting Jinja2==3.1.6 (from -r requirements.txt (line 32))
  Downloading jinja2-3.1.6-py3-none-any.whl.metadata (2.9 kB)
Collecting lxml==5.3.0 (from -r requirements.txt (line 34))
  Downloading lxml-5.3.0-cp312-cp312-manylinux_2_28_x86_64.whl.metadata (3.8 kB)
Collecting Markdown==3.7 (from -r requirements.txt (line 35))
  Downloading Markdown-3.7-py3-none-any.whl.metadata (7.0 kB)
Collecting markdown-it-py==3.0.0 (from -r requirements.txt (line 36))
  Downloading markdown_it_py-3.0.0-py3-none-any.whl.metadata (6.9 kB)
Collecting MarkupSafe==2.1.5 (from -r requirements.txt (line 37))
  Downloading MarkupSafe-2.1.5-cp312-cp312-manylinux_2_17_x86_64.manylinux2014_x86_64.whl.metadata (3.0 kB)
Collecting mdurl==0.1.2 (from -r requirements.txt (line 38))
  Downloading mdurl-0.1.2-py3-none-any.whl.metadata (1.6 kB)
Collecting ninja==1.11.1.4 (from -r requirements.txt (line 39))
  Downloading ninja-1.11.1.4-py3-none-manylinux_2_12_x86_64.manylinux2010_x86_64.whl.metadata (5.0 kB)
Collecting openpyxl==3.1.5 (from -r requirements.txt (line 40))
  Downloading openpyxl-3.1.5-py2.py3-none-any.whl.metadata (2.5 kB)
Collecting packaging==24.1 (from -r requirements.txt (line 41))
  Downloading packaging-24.1-py3-none-any.whl.metadata (3.2 kB)
Collecting pexpect==4.9.0 (from -r requirements.txt (line 42))
  Downloading pexpect-4.9.0-py2.py3-none-any.whl.metadata (2.5 kB)
Collecting pluggy==1.5.0 (from -r requirements.txt (line 43))
  Downloading pluggy-1.5.0-py3-none-any.whl.metadata (4.8 kB)
Collecting ptyprocess==0.7.0 (from -r requirements.txt (line 44))
  Downloading ptyprocess-0.7.0-py2.py3-none-any.whl.metadata (1.3 kB)
Collecting pydantic==2.9.2 (from -r requirements.txt (line 45))
  Downloading pydantic-2.9.2-py3-none-any.whl.metadata (149 kB)
Collecting pydantic_core==2.23.4 (from -r requirements.txt (line 46))
  Downloading pydantic_core-2.23.4-cp312-cp312-manylinux_2_17_x86_64.manylinux2014_x86_64.whl.metadata (6.6 kB)
Collecting Pygments==2.18.0 (from -r requirements.txt (line 47))
  Downloading pygments-2.18.0-py3-none-any.whl.metadata (2.5 kB)
Collecting pyserial==3.5 (from -r requirements.txt (line 48))
  Downloading pyserial-3.5-py2.py3-none-any.whl.metadata (1.6 kB)
Collecting pytest==8.3.3 (from -r requirements.txt (line 49))
  Downloading pytest-8.3.3-py3-none-any.whl.metadata (7.5 kB)
Collecting python-dateutil==2.9.0.post0 (from -r requirements.txt (line 50))
  Downloading python_dateutil-2.9.0.post0-py2.py3-none-any.whl.metadata (8.4 kB)
Collecting python-slugify==8.0.4 (from -r requirements.txt (line 51))
  Downloading python_slugify-8.0.4-py2.py3-none-any.whl.metadata (8.5 kB)
Collecting pytz==2024.2 (from -r requirements.txt (line 52))
  Downloading pytz-2024.2-py2.py3-none-any.whl.metadata (22 kB)
Collecting PyYAML==6.0.2 (from -r requirements.txt (line 53))
  Downloading PyYAML-6.0.2-cp312-cp312-manylinux_2_17_x86_64.manylinux2014_x86_64.whl.metadata (2.1 kB)
Collecting pyzmq==26.2.0 (from -r requirements.txt (line 54))
  Downloading pyzmq-26.2.0-cp312-cp312-manylinux_2_28_x86_64.whl.metadata (6.2 kB)
Collecting requests==2.32.4 (from -r requirements.txt (line 55))
  Downloading requests-2.32.4-py3-none-any.whl.metadata (4.9 kB)
Collecting rich==13.9.2 (from -r requirements.txt (line 56))
  Downloading rich-13.9.2-py3-none-any.whl.metadata (18 kB)
Collecting setuptools==78.1.1 (from -r requirements.txt (line 57))
  Downloading setuptools-78.1.1-py3-none-any.whl.metadata (6.5 kB)
Collecting six==1.16.0 (from -r requirements.txt (line 58))
  Downloading six-1.16.0-py2.py3-none-any.whl.metadata (1.8 kB)
Collecting text-unidecode==1.3 (from -r requirements.txt (line 59))
  Downloading text_unidecode-1.3-py2.py3-none-any.whl.metadata (2.4 kB)
Collecting tomli==2.0.1 (from -r requirements.txt (line 60))
  Downloading tomli-2.0.1-py3-none-any.whl.metadata (8.9 kB)
Collecting types-python-dateutil==2.9.0.20241003 (from -r requirements.txt (line 61))
  Downloading types_python_dateutil-2.9.0.20241003-py3-none-any.whl.metadata (1.9 kB)
Collecting typing-extensions==4.12.2 (from -r requirements.txt (line 62))
  Downloading typing_extensions-4.12.2-py3-none-any.whl.metadata (3.0 kB)
Collecting urllib3==2.5.0 (from -r requirements.txt (line 63))
  Downloading urllib3-2.5.0-py3-none-any.whl.metadata (6.5 kB)
Collecting Werkzeug==3.0.6 (from -r requirements.txt (line 64))
  Downloading werkzeug-3.0.6-py3-none-any.whl.metadata (3.7 kB)
Collecting zipp==3.19.1 (from -r requirements.txt (line 65))
  Downloading zipp-3.19.1-py3-none-any.whl.metadata (3.5 kB)
Collecting zstandard==0.23.0 (from -r requirements.txt (line 66))
  Downloading zstandard-0.23.0-cp312-cp312-manylinux_2_17_x86_64.manylinux2014_x86_64.whl.metadata (3.0 kB)
Collecting fprime-fpp-locate-defs==3.0.0 (from fprime-fpp==3.0.0->-r requirements.txt (line 23))
  Downloading fprime_fpp_locate_defs-3.0.0-py3-none-manylinux_2_28_x86_64.whl.metadata (947 bytes)
Collecting fprime-fpp-to-json==3.0.0 (from fprime-fpp==3.0.0->-r requirements.txt (line 23))
  Downloading fprime_fpp_to_json-3.0.0-py3-none-manylinux_2_28_x86_64.whl.metadata (939 bytes)
Collecting fprime-fpp-from-xml==3.0.0 (from fprime-fpp==3.0.0->-r requirements.txt (line 23))
  Downloading fprime_fpp_from_xml-3.0.0-py3-none-manylinux_2_28_x86_64.whl.metadata (941 bytes)
Collecting fprime-fpp-syntax==3.0.0 (from fprime-fpp==3.0.0->-r requirements.txt (line 23))
  Downloading fprime_fpp_syntax-3.0.0-py3-none-manylinux_2_28_x86_64.whl.metadata (937 bytes)
Collecting fprime-fpp-to-layout==3.0.0 (from fprime-fpp==3.0.0->-r requirements.txt (line 23))
  Downloading fprime_fpp_to_layout-3.0.0-py3-none-manylinux_2_28_x86_64.whl.metadata (943 bytes)
Collecting fprime-fpp-to-xml==3.0.0 (from fprime-fpp==3.0.0->-r requirements.txt (line 23))
  Downloading fprime_fpp_to_xml-3.0.0-py3-none-manylinux_2_28_x86_64.whl.metadata (937 bytes)
Collecting fprime-fpp-format==3.0.0 (from fprime-fpp==3.0.0->-r requirements.txt (line 23))
  Downloading fprime_fpp_format-3.0.0-py3-none-manylinux_2_28_x86_64.whl.metadata (937 bytes)
Collecting fprime-fpp-depend==3.0.0 (from fprime-fpp==3.0.0->-r requirements.txt (line 23))
  Downloading fprime_fpp_depend-3.0.0-py3-none-manylinux_2_28_x86_64.whl.metadata (937 bytes)
Collecting fprime-fpp-to-cpp==3.0.0 (from fprime-fpp==3.0.0->-r requirements.txt (line 23))
  Downloading fprime_fpp_to_cpp-3.0.0-py3-none-manylinux_2_28_x86_64.whl.metadata (937 bytes)
Collecting fprime-fpp-check==3.0.0 (from fprime-fpp==3.0.0->-r requirements.txt (line 23))
  Downloading fprime_fpp_check-3.0.0-py3-none-manylinux_2_28_x86_64.whl.metadata (935 bytes)
Collecting fprime-fpp-to-dict==3.0.0 (from fprime-fpp==3.0.0->-r requirements.txt (line 23))
  Downloading fprime_fpp_to_dict-3.0.0-py3-none-manylinux_2_28_x86_64.whl.metadata (939 bytes)
Collecting fprime-fpp-locate-uses==3.0.0 (from fprime-fpp==3.0.0->-r requirements.txt (line 23))
  Downloading fprime_fpp_locate_uses-3.0.0-py3-none-manylinux_2_28_x86_64.whl.metadata (947 bytes)
Collecting fprime-fpp-filenames==3.0.0 (from fprime-fpp==3.0.0->-r requirements.txt (line 23))
  Downloading fprime_fpp_filenames-3.0.0-py3-none-manylinux_2_28_x86_64.whl.metadata (943 bytes)
Collecting lark>=1.2.2 (from fprime-gds==4.0.1->-r requirements.txt (line 24))
  Downloading lark-1.2.2-py3-none-any.whl.metadata (1.8 kB)
Collecting spacepackets>=0.30.0 (from fprime-gds==4.0.1->-r requirements.txt (line 24))
  Downloading spacepackets-0.30.1-py3-none-any.whl.metadata (4.1 kB)
Collecting crc>=7.0.0 (from fprime-gds==4.0.1->-r requirements.txt (line 24))
  Downloading crc-7.1.0-py3-none-any.whl.metadata (6.0 kB)
Collecting fastcrc~=0.3.0 (from spacepackets>=0.30.0->fprime-gds==4.0.1->-r requirements.txt (line 24))
  Downloading fastcrc-0.3.2-cp312-cp312-manylinux_2_17_x86_64.manylinux2014_x86_64.whl.metadata (2.6 kB)
Collecting deprecation~=2.1 (from spacepackets>=0.30.0->fprime-gds==4.0.1->-r requirements.txt (line 24))
  Downloading deprecation-2.1.0-py2.py3-none-any.whl.metadata (4.6 kB)
Downloading aniso8601-9.0.1-py2.py3-none-any.whl (52 kB)
Downloading annotated_types-0.7.0-py3-none-any.whl (13 kB)
Downloading argcomplete-3.5.1-py3-none-any.whl (43 kB)
Downloading arrow-1.3.0-py3-none-any.whl (66 kB)
Downloading binaryornot-0.4.4-py2.py3-none-any.whl (9.0 kB)
Downloading blinker-1.8.2-py3-none-any.whl (9.5 kB)
Downloading Brotli-1.1.0-cp312-cp312-manylinux_2_17_x86_64.manylinux2014_x86_64.whl (2.9 MB)
   â”â”â”â”â”â”â”â”â”â”â”â”â”â”â”â”â”â”â”â”â”â”â”â”â”â”â”â”â”â”â”â”â”â”â”â”â”â”â”â” 2.9/2.9 MB 60.6 MB/s eta 0:00:00
Downloading certifi-2024.8.30-py3-none-any.whl (167 kB)
Downloading chardet-5.2.0-py3-none-any.whl (199 kB)
Downloading charset_normalizer-3.4.0-cp312-cp312-manylinux_2_17_x86_64.manylinux2014_x86_64.whl (143 kB)
Downloading clang_format-20.1.8-py2.py3-none-manylinux_2_27_x86_64.manylinux_2_28_x86_64.whl (1.8 MB)
   â”â”â”â”â”â”â”â”â”â”â”â”â”â”â”â”â”â”â”â”â”â”â”â”â”â”â”â”â”â”â”â”â”â”â”â”â”â”â”â” 1.8/1.8 MB 91.4 MB/s eta 0:00:00
Downloading click-8.1.7-py3-none-any.whl (97 kB)
Downloading cmake-3.26.0-py2.py3-none-manylinux2014_x86_64.manylinux_2_17_x86_64.whl (24.0 MB)
   â”â”â”â”â”â”â”â”â”â”â”â”â”â”â”â”â”â”â”â”â”â”â”â”â”â”â”â”â”â”â”â”â”â”â”â”â”â”â”â” 24.0/24.0 MB 97.7 MB/s eta 0:00:00
Downloading colorlog-6.8.2-py3-none-any.whl (11 kB)
Downloading cookiecutter-2.6.0-py3-none-any.whl (39 kB)
Downloading CT3-3.3.3.post1-cp312-cp312-manylinux_2_5_x86_64.manylinux1_x86_64.whl (860 kB)
   â”â”â”â”â”â”â”â”â”â”â”â”â”â”â”â”â”â”â”â”â”â”â”â”â”â”â”â”â”â”â”â”â”â”â”â”â”â”â”â” 860.7/860.7 kB 66.0 MB/s eta 0:00:00
Downloading et_xmlfile-1.1.0-py3-none-any.whl (4.7 kB)
Downloading flask-3.0.3-py3-none-any.whl (101 kB)
Downloading Flask_Compress-1.15-py3-none-any.whl (8.6 kB)
Downloading Flask_RESTful-0.3.10-py2.py3-none-any.whl (26 kB)
Downloading fprime_fpl_layout-1.0.3-py3-none-manylinux_2_28_x86_64.whl (4.8 MB)
   â”â”â”â”â”â”â”â”â”â”â”â”â”â”â”â”â”â”â”â”â”â”â”â”â”â”â”â”â”â”â”â”â”â”â”â”â”â”â”â” 4.8/4.8 MB 84.8 MB/s eta 0:00:00
Downloading fprime_fpl_write_pic-1.0.3-py3-none-manylinux_2_28_x86_64.whl (4.8 MB)
   â”â”â”â”â”â”â”â”â”â”â”â”â”â”â”â”â”â”â”â”â”â”â”â”â”â”â”â”â”â”â”â”â”â”â”â”â”â”â”â” 4.8/4.8 MB 82.5 MB/s eta 0:00:00
Downloading fprime_fpp-3.0.0-py3-none-any.whl (1.4 kB)
Downloading fprime_gds-4.0.1-py3-none-any.whl (2.2 MB)
   â”â”â”â”â”â”â”â”â”â”â”â”â”â”â”â”â”â”â”â”â”â”â”â”â”â”â”â”â”â”â”â”â”â”â”â”â”â”â”â” 2.2/2.2 MB 86.2 MB/s eta 0:00:00
Downloading fprime_tools-4.0.1-py3-none-any.whl (137 kB)
Downloading fprime_visual-1.0.2-py3-none-any.whl (1.7 MB)
   â”â”â”â”â”â”â”â”â”â”â”â”â”â”â”â”â”â”â”â”â”â”â”â”â”â”â”â”â”â”â”â”â”â”â”â”â”â”â”â” 1.7/1.7 MB 85.2 MB/s eta 0:00:00
Downloading gcovr-8.2-py2.py3-none-any.whl (213 kB)
Downloading idna-3.10-py3-none-any.whl (70 kB)
Downloading importlib_metadata-6.7.0-py3-none-any.whl (22 kB)
Downloading iniconfig-2.0.0-py3-none-any.whl (5.9 kB)
Downloading itsdangerous-2.2.0-py3-none-any.whl (16 kB)
Downloading jinja2-3.1.6-py3-none-any.whl (134 kB)
Downloading lxml-5.3.0-cp312-cp312-manylinux_2_28_x86_64.whl (4.9 MB)
   â”â”â”â”â”â”â”â”â”â”â”â”â”â”â”â”â”â”â”â”â”â”â”â”â”â”â”â”â”â”â”â”â”â”â”â”â”â”â”â” 4.9/4.9 MB 91.9 MB/s eta 0:00:00
Downloading Markdown-3.7-py3-none-any.whl (106 kB)
Downloading markdown_it_py-3.0.0-py3-none-any.whl (87 kB)
Downloading MarkupSafe-2.1.5-cp312-cp312-manylinux_2_17_x86_64.manylinux2014_x86_64.whl (28 kB)
Downloading mdurl-0.1.2-py3-none-any.whl (10.0 kB)
Downloading ninja-1.11.1.4-py3-none-manylinux_2_12_x86_64.manylinux2010_x86_64.whl (422 kB)
Downloading openpyxl-3.1.5-py2.py3-none-any.whl (250 kB)
Downloading packaging-24.1-py3-none-any.whl (53 kB)
Downloading pexpect-4.9.0-py2.py3-none-any.whl (63 kB)
Downloading pluggy-1.5.0-py3-none-any.whl (20 kB)
Downloading ptyprocess-0.7.0-py2.py3-none-any.whl (13 kB)
Downloading pydantic-2.9.2-py3-none-any.whl (434 kB)
Downloading pydantic_core-2.23.4-cp312-cp312-manylinux_2_17_x86_64.manylinux2014_x86_64.whl (2.1 MB)
   â”â”â”â”â”â”â”â”â”â”â”â”â”â”â”â”â”â”â”â”â”â”â”â”â”â”â”â”â”â”â”â”â”â”â”â”â”â”â”â” 2.1/2.1 MB 82.1 MB/s eta 0:00:00
Downloading pygments-2.18.0-py3-none-any.whl (1.2 MB)
   â”â”â”â”â”â”â”â”â”â”â”â”â”â”â”â”â”â”â”â”â”â”â”â”â”â”â”â”â”â”â”â”â”â”â”â”â”â”â”â” 1.2/1.2 MB 74.1 MB/s eta 0:00:00
Downloading pyserial-3.5-py2.py3-none-any.whl (90 kB)
Downloading pytest-8.3.3-py3-none-any.whl (342 kB)
Downloading python_dateutil-2.9.0.post0-py2.py3-none-any.whl (229 kB)
Downloading python_slugify-8.0.4-py2.py3-none-any.whl (10 kB)
Downloading pytz-2024.2-py2.py3-none-any.whl (508 kB)
Downloading PyYAML-6.0.2-cp312-cp312-manylinux_2_17_x86_64.manylinux2014_x86_64.whl (767 kB)
   â”â”â”â”â”â”â”â”â”â”â”â”â”â”â”â”â”â”â”â”â”â”â”â”â”â”â”â”â”â”â”â”â”â”â”â”â”â”â”â” 767.5/767.5 kB 69.7 MB/s eta 0:00:00
Downloading pyzmq-26.2.0-cp312-cp312-manylinux_2_28_x86_64.whl (860 kB)
   â”â”â”â”â”â”â”â”â”â”â”â”â”â”â”â”â”â”â”â”â”â”â”â”â”â”â”â”â”â”â”â”â”â”â”â”â”â”â”â” 860.6/860.6 kB 65.2 MB/s eta 0:00:00
Downloading requests-2.32.4-py3-none-any.whl (64 kB)
Downloading rich-13.9.2-py3-none-any.whl (242 kB)
Downloading setuptools-78.1.1-py3-none-any.whl (1.3 MB)
   â”â”â”â”â”â”â”â”â”â”â”â”â”â”â”â”â”â”â”â”â”â”â”â”â”â”â”â”â”â”â”â”â”â”â”â”â”â”â”â” 1.3/1.3 MB 89.2 MB/s eta 0:00:00
Downloading six-1.16.0-py2.py3-none-any.whl (11 kB)
Downloading text_unidecode-1.3-py2.py3-none-any.whl (78 kB)
Downloading tomli-2.0.1-py3-none-any.whl (12 kB)
Downloading types_python_dateutil-2.9.0.20241003-py3-none-any.whl (9.7 kB)
Downloading typing_extensions-4.12.2-py3-none-any.whl (37 kB)
Downloading urllib3-2.5.0-py3-none-any.whl (129 kB)
Downloading werkzeug-3.0.6-py3-none-any.whl (227 kB)
Downloading zipp-3.19.1-py3-none-any.whl (9.0 kB)
Downloading zstandard-0.23.0-cp312-cp312-manylinux_2_17_x86_64.manylinux2014_x86_64.whl (5.4 MB)
   â”â”â”â”â”â”â”â”â”â”â”â”â”â”â”â”â”â”â”â”â”â”â”â”â”â”â”â”â”â”â”â”â”â”â”â”â”â”â”â” 5.4/5.4 MB 89.2 MB/s eta 0:00:00
Downloading fprime_fpp_check-3.0.0-py3-none-manylinux_2_28_x86_64.whl (11.2 MB)
   â”â”â”â”â”â”â”â”â”â”â”â”â”â”â”â”â”â”â”â”â”â”â”â”â”â”â”â”â”â”â”â”â”â”â”â”â”â”â”â” 11.2/11.2 MB 90.8 MB/s eta 0:00:00
Downloading fprime_fpp_depend-3.0.0-py3-none-manylinux_2_28_x86_64.whl (10.4 MB)
   â”â”â”â”â”â”â”â”â”â”â”â”â”â”â”â”â”â”â”â”â”â”â”â”â”â”â”â”â”â”â”â”â”â”â”â”â”â”â”â” 10.4/10.4 MB 92.4 MB/s eta 0:00:00
Downloading fprime_fpp_filenames-3.0.0-py3-none-manylinux_2_28_x86_64.whl (10.2 MB)
   â”â”â”â”â”â”â”â”â”â”â”â”â”â”â”â”â”â”â”â”â”â”â”â”â”â”â”â”â”â”â”â”â”â”â”â”â”â”â”â” 10.2/10.2 MB 93.3 MB/s eta 0:00:00
Downloading fprime_fpp_format-3.0.0-py3-none-manylinux_2_28_x86_64.whl (10.2 MB)
   â”â”â”â”â”â”â”â”â”â”â”â”â”â”â”â”â”â”â”â”â”â”â”â”â”â”â”â”â”â”â”â”â”â”â”â”â”â”â”â” 10.2/10.2 MB 89.7 MB/s eta 0:00:00
Downloading fprime_fpp_from_xml-3.0.0-py3-none-manylinux_2_28_x86_64.whl (11.7 MB)
   â”â”â”â”â”â”â”â”â”â”â”â”â”â”â”â”â”â”â”â”â”â”â”â”â”â”â”â”â”â”â”â”â”â”â”â”â”â”â”â” 11.7/11.7 MB 92.5 MB/s eta 0:00:00
Downloading fprime_fpp_locate_defs-3.0.0-py3-none-manylinux_2_28_x86_64.whl (10.1 MB)
   â”â”â”â”â”â”â”â”â”â”â”â”â”â”â”â”â”â”â”â”â”â”â”â”â”â”â”â”â”â”â”â”â”â”â”â”â”â”â”â” 10.1/10.1 MB 88.6 MB/s eta 0:00:00
Downloading fprime_fpp_locate_uses-3.0.0-py3-none-manylinux_2_28_x86_64.whl (11.2 MB)
   â”â”â”â”â”â”â”â”â”â”â”â”â”â”â”â”â”â”â”â”â”â”â”â”â”â”â”â”â”â”â”â”â”â”â”â”â”â”â”â” 11.2/11.2 MB 85.1 MB/s eta 0:00:00
Downloading fprime_fpp_syntax-3.0.0-py3-none-manylinux_2_28_x86_64.whl (10.2 MB)
   â”â”â”â”â”â”â”â”â”â”â”â”â”â”â”â”â”â”â”â”â”â”â”â”â”â”â”â”â”â”â”â”â”â”â”â”â”â”â”â” 10.2/10.2 MB 89.7 MB/s eta 0:00:00
Downloading fprime_fpp_to_cpp-3.0.0-py3-none-manylinux_2_28_x86_64.whl (12.7 MB)
   â”â”â”â”â”â”â”â”â”â”â”â”â”â”â”â”â”â”â”â”â”â”â”â”â”â”â”â”â”â”â”â”â”â”â”â”â”â”â”â” 12.7/12.7 MB 95.2 MB/s eta 0:00:00
Downloading fprime_fpp_to_dict-3.0.0-py3-none-manylinux_2_28_x86_64.whl (11.4 MB)
   â”â”â”â”â”â”â”â”â”â”â”â”â”â”â”â”â”â”â”â”â”â”â”â”â”â”â”â”â”â”â”â”â”â”â”â”â”â”â”â” 11.4/11.4 MB 90.6 MB/s eta 0:00:00
Downloading fprime_fpp_to_json-3.0.0-py3-none-manylinux_2_28_x86_64.whl (11.2 MB)
   â”â”â”â”â”â”â”â”â”â”â”â”â”â”â”â”â”â”â”â”â”â”â”â”â”â”â”â”â”â”â”â”â”â”â”â”â”â”â”â” 11.2/11.2 MB 87.6 MB/s eta 0:00:00
Downloading fprime_fpp_to_layout-3.0.0-py3-none-manylinux_2_28_x86_64.whl (11.3 MB)
   â”â”â”â”â”â”â”â”â”â”â”â”â”â”â”â”â”â”â”â”â”â”â”â”â”â”â”â”â”â”â”â”â”â”â”â”â”â”â”â” 11.3/11.3 MB 95.0 MB/s eta 0:00:00
Downloading fprime_fpp_to_xml-3.0.0-py3-none-manylinux_2_28_x86_64.whl (11.4 MB)
   â”â”â”â”â”â”â”â”â”â”â”â”â”â”â”â”â”â”â”â”â”â”â”â”â”â”â”â”â”â”â”â”â”â”â”â”â”â”â”â” 11.4/11.4 MB 94.4 MB/s eta 0:00:00
Downloading crc-7.1.0-py3-none-any.whl (8.8 kB)
Downloading lark-1.2.2-py3-none-any.whl (111 kB)
Downloading spacepackets-0.30.1-py3-none-any.whl (95 kB)
Downloading deprecation-2.1.0-py2.py3-none-any.whl (11 kB)
Downloading fastcrc-0.3.2-cp312-cp312-manylinux_2_17_x86_64.manylinux2014_x86_64.whl (275 kB)
Installing collected packages: text-unidecode, pytz, pyserial, ptyprocess, cmake, clang-format, Brotli, aniso8601, zstandard, zipp, urllib3, typing-extensions, types-python-dateutil, tomli, six, setuptools, pyzmq, PyYAML, python-slugify, Pygments, pluggy, pexpect, packaging, ninja, mdurl, MarkupSafe, Markdown, lxml, lark, itsdangerous, iniconfig, idna, fprime-fpp-to-xml, fprime-fpp-to-layout, fprime-fpp-to-json, fprime-fpp-to-dict, fprime-fpp-to-cpp, fprime-fpp-syntax, fprime-fpp-locate-uses, fprime-fpp-locate-defs, fprime-fpp-from-xml, fprime-fpp-format, fprime-fpp-filenames, fprime-fpp-depend, fprime-fpp-check, fprime-fpl-write-pic, fprime-fpl-layout, fastcrc, et-xmlfile, CT3, crc, colorlog, click, charset-normalizer, chardet, certifi, blinker, argcomplete, annotated-types, Werkzeug, requests, python-dateutil, pytest, pydantic_core, openpyxl, markdown-it-py, Jinja2, importlib-metadata, fprime-fpp, deprecation, binaryornot, spacepackets, rich, pydantic, gcovr, Flask, arrow, Flask-RESTful, Flask-Compress, cookiecutter, fprime-visual, fprime-tools, fprime-gds
Successfully installed Brotli-1.1.0 CT3-3.3.3.post1 Flask-3.0.3 Flask-Compress-1.15 Flask-RESTful-0.3.10 Jinja2-3.1.6 Markdown-3.7 MarkupSafe-2.1.5 PyYAML-6.0.2 Pygments-2.18.0 Werkzeug-3.0.6 aniso8601-9.0.1 annotated-types-0.7.0 argcomplete-3.5.1 arrow-1.3.0 binaryornot-0.4.4 blinker-1.8.2 certifi-2024.8.30 chardet-5.2.0 charset-normalizer-3.4.0 clang-format-20.1.8 click-8.1.7 cmake-3.26.0 colorlog-6.8.2 cookiecutter-2.6.0 crc-7.1.0 deprecation-2.1.0 et-xmlfile-1.1.0 fastcrc-0.3.2 fprime-fpl-layout-1.0.3 fprime-fpl-write-pic-1.0.3 fprime-fpp-3.0.0 fprime-fpp-check-3.0.0 fprime-fpp-depend-3.0.0 fprime-fpp-filenames-3.0.0 fprime-fpp-format-3.0.0 fprime-fpp-from-xml-3.0.0 fprime-fpp-locate-defs-3.0.0 fprime-fpp-locate-uses-3.0.0 fprime-fpp-syntax-3.0.0 fprime-fpp-to-cpp-3.0.0 fprime-fpp-to-dict-3.0.0 fprime-fpp-to-json-3.0.0 fprime-fpp-to-layout-3.0.0 fprime-fpp-to-xml-3.0.0 fprime-gds-4.0.1 fprime-tools-4.0.1 fprime-visual-1.0.2 gcovr-8.2 idna-3.10 importlib-metadata-6.7.0 iniconfig-2.0.0 itsdangerous-2.2.0 lark-1.2.2 lxml-5.3.0 markdown-it-py-3.0.0 mdurl-0.1.2 ninja-1.11.1.4 openpyxl-3.1.5 packaging-24.1 pexpect-4.9.0 pluggy-1.5.0 ptyprocess-0.7.0 pydantic-2.9.2 pydantic_core-2.23.4 pyserial-3.5 pytest-8.3.3 python-dateutil-2.9.0.post0 python-slugify-8.0.4 pytz-2024.2 pyzmq-26.2.0 requests-2.32.4 rich-13.9.2 setuptools-78.1.1 six-1.16.0 spacepackets-0.30.1 text-unidecode-1.3 tomli-2.0.1 types-python-dateutil-2.9.0.20241003 typing-extensions-4.12.2 urllib3-2.5.0 zipp-3.19.1 zstandard-0.23.0

[notice] A new release of pip is available: 25.0.1 -> 25.2
[notice] To update, run: pip install --upgrade pip
[0;34mStarting CI test /app Ref[0m
[0;34mTesting /app against fprime-util targets: generate generate --ut build build --all check --all[0m
[INFO] FP Util in /app running generate
[INFO] FP Util in /app running generate --ut
[0;31m---------------- ERROR ----------------
Failed to run 'generate --ut' in /app
---------------------------------------[0m
[0;31m---------------- STDOUT ---------------[0m
-- The C compiler identification is GNU 11.4.0
-- The CXX compiler identification is GNU 11.4.0
-- Detecting C compiler ABI info
-- Detecting C compiler ABI info - done
-- Check for working C compiler: /usr/bin/cc - skipped
-- Detecting C compile features
-- Detecting C compile features - done
-- Detecting CXX compiler ABI info
-- Detecting CXX compiler ABI info - done
-- Check for working CXX compiler: /usr/bin/c++ - skipped
-- Detecting CXX compile features
-- Detecting CXX compile features - done
-- Enabled the following sanitizers: address,undefined,leak
-- [python3] python3 found at: /app/venv/bin/python3
-- [fpp-tools] fpp-depend found at: /app/venv/bin/fpp-depend
-- [fpp-tools] fpp-to-cpp found at: /app/venv/bin/fpp-to-cpp
-- [fpp-tools] fpp-to-dict found at: /app/venv/bin/fpp-to-dict
-- [fpp-tools] fpp-locate-defs found at: /app/venv/bin/fpp-locate-defs
-- [FPRIME] Module locations: /app;/app/build-fprime-automatic-native-ut/F-Prime;/app/build-fprime-automatic-native-ut
-- [FPRIME] Installation directory: /app/build-artifacts
-- Target build toolchain/platform: Linux/Linux
-- [sub-build] Performing sub-build: info-cache
-- [sub-build] Generating: info-cache with target/sub-build/fpp_locs;target/sub-build/fpp_depend;target/sub-build/module_info
-- [sub-build] Executing: info-cache with fpp_locs
-- [sub-build] Executing: info-cache with fpp_depend
-- [sub-build] Executing: info-cache with module_info
-- [sub-build] Performing sub-build: info-cache - DONE
-- [INFO] to find 'syft' on PATH, please install to generate software bill-of-materials
-- Configuring incomplete, errors occurred!
[INFO] Generating build directory at: /app/build-fprime-automatic-native-ut
[INFO] Using toolchain file None for platform default
[0;31m---------------------------------------[0m
[0;31m---------------- STDERR ---------------[0m
CMake Error at cmake/FPrime.cmake:183 (message):
  googletest submodule not initialized or corrupted.  Please run `git
  submodule update --init --recursive`.
Call Stack (most recent call first):
  cmake/FPrime-Code.cmake:15 (fprime_setup_included_code)
  CMakeLists.txt:36 (include)


[ERROR] CMake erred with return code 1. Partial build cache remains. Run purge to clean-up.
[0;31m---------------------------------------[0m
[0;31m---------------- END ERROR ------------
Failed to run 'generate --ut' in /app
---------------------------------------[0m
tar: Removing leading `/' from member names
tar: Removing leading `/' from hard link targets
[0;34mStarting CI test /app/Ref Ref[0m
[0;34mTesting /app/Ref against fprime-util targets: generate generate --ut build build --all check --all[0m
[INFO] FP Util in /app/Ref running generate
[INFO] FP Util in /app/Ref running generate --ut
[0;31m---------------- ERROR ----------------
Failed to run 'generate --ut' in /app/Ref
---------------------------------------[0m
[0;31m---------------- STDOUT ---------------[0m
-- The C compiler identification is GNU 11.4.0
-- The CXX compiler identification is GNU 11.4.0
-- Detecting C compiler ABI info
-- Detecting C compiler ABI info - done
-- Check for working C compiler: /usr/bin/cc - skipped
-- Detecting C compile features
-- Detecting C compile features - done
-- Detecting CXX compiler ABI info
-- Detecting CXX compiler ABI info - done
-- Check for working CXX compiler: /usr/bin/c++ - skipped
-- Detecting CXX compile features
-- Detecting CXX compile features - done
-- [F Prime] F Prime CMake package found at: /app/cmake/FPrimeConfig.cmake
-- Enabled the following sanitizers: address,undefined,leak
-- [python3] python3 found at: /app/venv/bin/python3
-- [fpp-tools] fpp-depend found at: /app/venv/bin/fpp-depend
-- [fpp-tools] fpp-to-cpp found at: /app/venv/bin/fpp-to-cpp
-- [fpp-tools] fpp-to-dict found at: /app/venv/bin/fpp-to-dict
-- [fpp-tools] fpp-locate-defs found at: /app/venv/bin/fpp-locate-defs
-- [FPRIME] Module locations: /app;/app/Ref/build-fprime-automatic-native-ut/F-Prime;/app/Ref/build-fprime-automatic-native-ut
-- [FPRIME] Installation directory: /app/Ref/build-artifacts
-- Target build toolchain/platform: Linux/Linux
-- [sub-build] Performing sub-build: info-cache
-- [sub-build] Generating: info-cache with target/sub-build/fpp_locs;target/sub-build/fpp_depend;target/sub-build/module_info
-- [sub-build] Executing: info-cache with fpp_locs
-- [sub-build] Executing: info-cache with fpp_depend
-- [sub-build] Executing: info-cache with module_info
-- [sub-build] Performing sub-build: info-cache - DONE
-- [INFO] to find 'syft' on PATH, please install to generate software bill-of-materials
-- Configuring incomplete, errors occurred!
[INFO] Generating build directory at: /app/Ref/build-fprime-automatic-native-ut
[INFO] Using toolchain file None for platform default
[0;31m---------------------------------------[0m
[0;31m---------------- STDERR ---------------[0m
CMake Error at /app/cmake/FPrime.cmake:183 (message):
  googletest submodule not initialized or corrupted.  Please run `git
  submodule update --init --recursive`.
Call Stack (most recent call first):
  /app/cmake/FPrimeConfig.cmake:8 (fprime_setup_included_code)
  CMakeLists.txt:17 (find_package)


[ERROR] CMake erred with return code 1. Partial build cache remains. Run purge to clean-up.
[0;31m---------------------------------------[0m
[0;31m---------------- END ERROR ------------
Failed to run 'generate --ut' in /app/Ref
---------------------------------------[0m
tar: Removing leading `/' from member names
tar: Removing leading `/' from hard link targets
[0;34mStarting CI test /app/Ref Ref[0m
[0;34mTesting  against integration tests[0m
[0;31m---------------- ERROR ----------------
Failed to generate before _app_Ref building integration test
---------------------------------------[0m
[0;31m---------------- STDOUT ---------------[0m
[0;31m---------------------------------------[0m
[0;31m---------------- STDERR ---------------[0m
[ERROR] /app/Ref/build-fprime-automatic-native already exists.
[0;31m---------------------------------------[0m
[0;31m---------------- END ERROR ------------
Failed to generate before _app_Ref building integration test
---------------------------------------[0m
tar: Removing leading `/' from member names
tar: Removing leading `/' from hard link targets
-- The C compiler identification is GNU 11.4.0
-- The CXX compiler identification is GNU 11.4.0
-- Detecting C compiler ABI info
-- Detecting C compiler ABI info - done
-- Check for working C compiler: /usr/bin/cc - skipped
-- Detecting C compile features
-- Detecting C compile features - done
-- Detecting CXX compiler ABI info
-- Detecting CXX compiler ABI info - done
-- Check for working CXX compiler: /usr/bin/c++ - skipped
-- Detecting CXX compile features
-- Detecting CXX compile features - done
-- Enabled the following sanitizers: address,undefined,leak
-- [python3] python3 found at: /app/venv/bin/python3
-- [fpp-tools] fpp-depend found at: /app/venv/bin/fpp-depend
-- [fpp-tools] fpp-to-cpp found at: /app/venv/bin/fpp-to-cpp
-- [fpp-tools] fpp-to-dict found at: /app/venv/bin/fpp-to-dict
-- [fpp-tools] fpp-locate-defs found at: /app/venv/bin/fpp-locate-defs
-- [FPRIME] Module locations: /app;/app/FppTestProject;/app/FppTestProject/build-fprime-automatic-native-ut/F-Prime;/app/FppTestProject/build-fprime-automatic-native-ut
-- [FPRIME] Installation directory: /app/FppTestProject/build-artifacts
-- Target build toolchain/platform: Linux/Linux
-- [sub-build] Performing sub-build: info-cache
-- [sub-build] Generating: info-cache with target/sub-build/fpp_locs;target/sub-build/fpp_depend;target/sub-build/module_info
-- [sub-build] Executing: info-cache with fpp_locs
-- [sub-build] Executing: info-cache with fpp_depend
-- [sub-build] Executing: info-cache with module_info
-- [sub-build] Performing sub-build: info-cache - DONE
-- [INFO] to find 'syft' on PATH, please install to generate software bill-of-materials
CMake Error at /app/cmake/FPrime.cmake:183 (message):
  googletest submodule not initialized or corrupted.  Please run `git
  submodule update --init --recursive`.
Call Stack (most recent call first):
  /app/cmake/FPrime-Code.cmake:15 (fprime_setup_included_code)
  CMakeLists.txt:31 (include)


-- Configuring incomplete, errors occurred!
[ERROR] CMake erred with return code 1. Partial build cache remains. Run purge to clean-up.
[INFO] Generating build directory at: /app/FppTestProject/build-fprime-automatic-native-ut
[INFO] Using toolchain file None for platform default
ninja: error: loading 'build.ninja': No such file or directory
[ERROR] CMake erred with return code 1
ninja: error: loading 'build.ninja': No such file or directory
[ERROR] CMake erred with return code 1
/app
