info: syncing channel updates for 'nightly-2025-06-20-x86_64-unknown-linux-gnu'
info: latest update on 2025-06-20, rust version 1.89.0-nightly (255aa2208 2025-06-19)
info: downloading component 'cargo'
info: downloading component 'clippy'
info: downloading component 'llvm-tools'
info: downloading component 'rust-docs'
info: downloading component 'rust-src'
info: downloading component 'rust-std'
info: downloading component 'rustc'
info: downloading component 'rustfmt'
info: installing component 'cargo'
info: installing component 'clippy'
info: installing component 'llvm-tools'
info: installing component 'rust-docs'
info: installing component 'rust-src'
info: installing component 'rust-std'
info: installing component 'rustc'
info: installing component 'rustfmt'
    Updating git repository `https://github.com/Nero5023/perf-event.git`
    Updating crates.io index
    Updating git repository `https://github.com/facebookexperimental/rust-shed`
    Updating git repository `https://github.com/krallin/probminhash`
     Locking 657 packages to latest compatible versions
      Adding annotate-snippets v0.9.2 (available: v0.12.3)
      Adding atomic v0.5.3 (available: v0.6.1)
      Adding base64 v0.21.7 (available: v0.22.1)
      Adding bincode v1.3.3 (available: v2.0.1)
      Adding compact_str v0.8.1 (available: v0.9.0)
      Adding console v0.15.11 (available: v0.16.0)
      Adding constant_time_eq v0.2.6 (available: v0.4.2)
      Adding convert_case v0.4.0 (available: v0.8.0)
      Adding crossterm v0.27.0 (available: v0.29.0)
      Adding ctor v0.1.26 (available: v0.5.0)
      Adding dashmap v5.5.3 (available: v6.1.0)
      Adding derive_more v1.0.0 (available: v2.0.1)
      Adding dirs v3.0.2 (available: v6.0.0)
      Adding enum-iterator v1.5.0 (available: v2.1.0)
      Adding erased-serde v0.3.31 (available: v0.4.6)
      Adding fancy-regex v0.14.0 (available: v0.16.1)
      Adding fs4 v0.9.1 (available: v0.13.1)
      Adding futures-intrusive v0.4.2 (available: v0.5.0)
      Adding hashbrown v0.14.5 (available: v0.16.0)
      Adding hostname v0.3.1 (available: v0.4.1)
      Adding hyper-rustls v0.26.0 (available: v0.27.7)
      Adding inferno v0.11.21 (available: v0.12.3)
      Adding ipnetwork v0.20.0 (available: v0.21.1)
      Adding itertools v0.13.0 (available: v0.14.0)
      Adding lalrpop v0.19.12 (available: v0.22.2)
      Adding lalrpop-util v0.19.12 (available: v0.22.2)
      Adding lru v0.12.5 (available: v0.16.0)
      Adding lsp-types v0.94.1 (available: v0.97.0)
      Adding memmap2 v0.5.10 (available: v0.9.8)
      Adding memoffset v0.6.5 (available: v0.9.1)
      Adding multimap v0.8.3 (available: v0.10.1)
      Adding notify v5.0.0 (available: v5.2.0)
      Adding object v0.36.7 (available: v0.37.3)
      Adding os_str_bytes v6.6.1 (available: v7.1.1)
      Adding parking_lot v0.11.2 (available: v0.12.4)
      Adding pin-project v0.4.30 (available: v1.1.10)
      Adding prost v0.13.5 (available: v0.14.1)
      Adding prost-types v0.13.5 (available: v0.14.1)
      Adding psutil v3.3.0 (available: v5.4.0)
      Adding rand v0.8.5 (available: v0.9.2)
      Adding rand_chacha v0.3.1 (available: v0.9.0)
      Adding rand_distr v0.4.3 (available: v0.5.1)
      Adding relative-path v1.9.3 (available: v2.0.1)
      Adding rusqlite v0.36.0 (available: v0.37.0)
      Adding rustls v0.22.4 (available: v0.23.31)
      Adding rustls-pemfile v1.0.4 (available: v2.2.0)
      Adding rustyline v14.0.0 (available: v17.0.1)
      Adding siphasher v0.3.11 (available: v1.0.1)
      Adding strsim v0.10.0 (available: v0.11.1)
      Adding strum v0.26.3 (available: v0.27.2)
      Adding sync_wrapper v0.1.2 (available: v1.0.2)
      Adding sysinfo v0.35.2 (available: v0.37.0)
      Adding termimad v0.30.1 (available: v0.34.0)
      Adding textwrap v0.11.0 (available: v0.16.2)
      Adding thiserror v1.0.69 (available: v2.0.16)
      Adding tokio-rustls v0.25.0 (available: v0.26.2)
      Adding tokio-util v0.6.10 (available: v0.7.16)
      Adding tonic v0.12.3 (available: v0.14.2)
      Adding tonic-build v0.12.3 (available: v0.14.2)
      Adding tower v0.4.13 (available: v0.5.2)
      Adding twox-hash v1.6.3 (available: v2.1.2)
      Adding uuid v1.17.0 (available: v1.18.1)
      Adding x509-parser v0.14.0 (available: v0.18.0)
      Adding xattr v0.2.3 (available: v1.5.1)
 Downloading crates ...
  Downloaded maplit v1.0.2
  Downloaded inventory v0.3.21
  Downloaded minimad v0.13.1
  Downloaded notify v5.0.0
  Downloaded icu_normalizer_data v2.0.0
  Downloaded async-stream v0.3.6
  Downloaded Inflector v0.11.4
  Downloaded memoffset v0.6.5
  Downloaded atomic v0.5.3
  Downloaded lazy-regex-proc_macros v3.4.1
  Downloaded lazy-regex v3.4.1
  Downloaded linkme-impl v0.3.33
  Downloaded lazy_static v1.5.0
  Downloaded blake3 v1.8.2
  Downloaded lalrpop-util v0.19.12
  Downloaded atomic-waker v1.1.2
  Downloaded lab v0.11.0
  Downloaded byteorder v1.5.0
  Downloaded logos-derive v0.15.1
  Downloaded beef v0.5.2
  Downloaded mac_address v1.1.8
  Downloaded const-random v0.1.18
  Downloaded cfg_aliases v0.1.1
  Downloaded cpufeatures v0.2.17
  Downloaded nom-language v0.1.0
  Downloaded num-conv v0.1.0
  Downloaded lsp-types v0.94.1
  Downloaded new_debug_unreachable v1.0.6
  Downloaded match_cfg v0.1.0
  Downloaded crossbeam v0.8.4
  Downloaded synstructure v0.13.2
  Downloaded anstyle-query v1.1.4
  Downloaded num_enum v0.7.4
  Downloaded openssl-probe v0.1.6
  Downloaded siphasher v1.0.1
  Downloaded untrusted v0.9.0
  Downloaded allocator-api2 v0.2.21
  Downloaded endian-type v0.1.2
  Downloaded faccess v0.2.4
  Downloaded fxhash v0.2.1
  Downloaded num-complex v0.4.6
  Downloaded toml_datetime v0.6.11
  Downloaded wyhash v0.5.0
  Downloaded digest v0.10.7
  Downloaded generic-array v0.14.7
  Downloaded futures-task v0.3.31
  Downloaded tinystr v0.8.1
  Downloaded tower-service v0.3.3
  Downloaded phf_generator v0.11.3
  Downloaded rustversion v1.0.22
  Downloaded stable_deref_trait v1.2.0
  Downloaded enum-iterator-derive v1.4.0
  Downloaded headers-core v0.3.0
  Downloaded tiny-keccak v2.0.2
  Downloaded xattr v0.2.3
  Downloaded protoc-bin-vendored v3.2.0
  Downloaded hex v0.4.3
  Downloaded schemafy_core v0.5.2
  Downloaded unescape v0.1.0
  Downloaded want v0.3.1
  Downloaded sync_wrapper v0.1.2
  Downloaded static_assertions v1.1.0
  Downloaded precomputed-hash v0.1.1
  Downloaded http-body v1.0.1
  Downloaded xattr v1.5.1
  Downloaded shlex v1.3.0
  Downloaded take_mut v0.2.2
  Downloaded rustc-hash v2.1.1
  Downloaded synstructure v0.12.6
  Downloaded rustc-demangle v0.1.26
  Downloaded form_urlencoded v1.2.2
  Downloaded futures v0.3.31
  Downloaded document-features v0.2.11
  Downloaded rand_core v0.6.4
  Downloaded either v1.15.0
  Downloaded fbinit_macros v0.2.0
  Downloaded thiserror-impl v1.0.69
  Downloaded tracing-log v0.2.0
  Downloaded fastrand v2.3.0
  Downloaded dunce v1.0.5
  Downloaded rustc_version v0.4.1
  Downloaded relative-path v1.9.3
  Downloaded httpdate v1.0.3
  Downloaded rustls-native-certs v0.7.3
  Downloaded triomphe v0.1.14
  Downloaded fd-lock v4.0.4
  Downloaded ryu v1.0.20
  Downloaded rustls-pemfile v1.0.4
  Downloaded thiserror v1.0.69
  Downloaded terminfo v0.9.0
  Downloaded twox-hash v2.1.2
  Downloaded tracing-attributes v0.1.30
  Downloaded tracing-core v0.1.34
  Downloaded hyper-util v0.1.16
  Downloaded plist v1.7.4
  Downloaded hashbrown v0.14.5
  Downloaded regex v1.11.2
  Downloaded zerocopy v0.8.27
  Downloaded object v0.36.7
  Downloaded jiff v0.2.15
  Downloaded tracing-subscriber v0.3.20
  Downloaded vcpkg v0.2.15
  Downloaded regex-syntax v0.6.29
  Downloaded unicode-width v0.1.14
  Downloaded termwiz v0.23.3
  Downloaded libc v0.2.175
  Downloaded nix v0.29.0
  Downloaded rustls v0.22.4
  Downloaded rustls v0.23.31
  Downloaded rustix v0.38.44
  Downloaded rustix v1.0.8
  Downloaded regex-syntax v0.8.6
  Downloaded syn v1.0.109
  Downloaded termimad v0.30.1
  Downloaded petgraph v0.6.5
  Downloaded nix v0.30.1
  Downloaded petgraph v0.7.1
  Downloaded h2 v0.4.12
  Downloaded gimli v0.31.1
  Downloaded nix v0.28.0
  Downloaded regex-automata v0.4.10
  Downloaded csv v1.3.1
  Downloaded tokio v1.47.1
  Downloaded bstr v1.12.0
  Downloaded uuid v1.17.0
  Downloaded icu_locale_core v2.0.0
  Downloaded icu_collections v2.0.0
  Downloaded zstd-sys v2.0.16+zstd.1.5.7
  Downloaded tikv-jemalloc-sys v0.6.0+5.3.0-1-ge13ca993e8ccb9ba9847cc330696e02839f328f7
  Downloaded radix_trie v0.2.1
  Downloaded nix v0.24.3
  Downloaded serde v1.0.219
  Downloaded unicode-segmentation v1.12.0
  Downloaded quick-xml v0.38.3
  Downloaded webpki-roots v1.0.2
  Downloaded prost-types v0.13.5
  Downloaded foldhash v0.1.5
  Downloaded serde_json v1.0.143
  Downloaded proc-macro2 v1.0.101
  Downloaded syn v2.0.106
  Downloaded rustls-native-certs v0.8.1
  Downloaded http-body-util v0.1.3
  Downloaded unicase v2.8.1
  Downloaded iana-time-zone v0.1.63
  Downloaded rusqlite v0.36.0
  Downloaded terminal_size v0.4.3
  Downloaded fancy-regex v0.14.0
  Downloaded zstd v0.13.3
  Downloaded zerovec-derive v0.11.1
  Downloaded zstd-safe v7.2.4
  Downloaded futures v0.1.31
  Downloaded unicode-width v0.2.1
  Downloaded lalrpop v0.19.12
  Downloaded tracing-serde v0.2.0
  Downloaded dlv-list v0.5.2
  Downloaded utf8_iter v1.0.4
  Downloaded glob v0.3.3
  Downloaded futures-macro v0.3.31
  Downloaded futures-intrusive v0.4.2
  Downloaded httparse v1.10.1
  Downloaded hyperlocal v0.9.1
  Downloaded hyper-timeout v0.5.2
  Downloaded version_check v0.9.5
  Downloaded prost-derive v0.13.5
  Downloaded ring v0.17.14
  Downloaded logos v0.15.1
  Downloaded powerfmt v0.2.0
  Downloaded potential_utf v0.1.3
  Downloaded platforms v2.0.0
  Downloaded pkg-config v0.3.32
  Downloaded serde_repr v0.1.20
  Downloaded serde_bytes v0.11.17
  Downloaded sysinfo v0.35.2
  Downloaded utf8parse v0.2.2
  Downloaded futures-io v0.3.31
  Downloaded unicode-ident v1.0.18
  Downloaded pin-utils v0.1.0
  Downloaded data-encoding v2.9.0
  Downloaded serde_derive v1.0.219
  Downloaded icu_normalizer v2.0.0
  Downloaded debugserver-types v0.5.0
  Downloaded rgb v0.8.52
  Downloaded ppv-lite86 v0.2.21
  Downloaded deltae v0.3.2
  Downloaded http v1.3.1
  Downloaded hashbrown v0.15.5
  Downloaded zerovec v0.11.4
  Downloaded pulldown-cmark v0.12.2
  Downloaded rustls-webpki v0.102.8
  Downloaded filedescriptor v0.8.3
  Downloaded hyper-rustls v0.26.0
  Downloaded fnv v1.0.7
  Downloaded linux-raw-sys v0.4.15
  Downloaded sharded-slab v0.1.7
  Downloaded hashbrown v0.12.3
  Downloaded typenum v1.18.0
  Downloaded rusticata-macros v4.1.0
  Downloaded try-lock v0.2.5
  Downloaded linux-raw-sys v0.9.4
  Downloaded displaydoc v0.2.5
  Downloaded psutil v3.3.0
  Downloaded tar v0.4.44
  Downloaded wezterm-blob-leases v0.1.1
  Downloaded walkdir v2.5.0
  Downloaded quick-xml v0.26.0
  Downloaded chrono v0.4.41
  Downloaded thread_local v1.1.9
  Downloaded thiserror-impl v2.0.16
  Downloaded ucd-trie v0.1.7
  Downloaded rayon v1.11.0
  Downloaded hyper v1.7.0
  Downloaded icu_properties_data v2.0.1
  Downloaded dirs-sys-next v0.1.2
  Downloaded dirs-sys v0.3.7
  Downloaded dirs-next v2.0.0
  Downloaded futures-core v0.3.31
  Downloaded futures-channel v0.3.31
  Downloaded protoc-bin-vendored-macos-aarch_64 v3.2.0
  Downloaded signal-hook v0.3.18
  Downloaded prost-build v0.13.5
  Downloaded vtparse v0.6.2
  Downloaded futures-util v0.3.31
  Downloaded winnow v0.7.13
  Downloaded itertools v0.14.0
  Downloaded itertools v0.13.0
  Downloaded twox-hash v1.6.3
  Downloaded futures-executor v0.3.31
  Downloaded fs-err v2.11.0
  Downloaded dirs v3.0.2
  Downloaded deranged v0.5.3
  Downloaded serde_bser v0.4.0
  Downloaded protoc-bin-vendored-macos-x86_64 v3.2.0
  Downloaded prettyplease v0.2.37
  Downloaded tower v0.5.2
  Downloaded tower v0.4.13
  Downloaded rustyline v14.0.0
  Downloaded fs4 v0.9.1
  Downloaded wezterm-bidi v0.2.3
  Downloaded quickcheck v1.0.3
  Downloaded fancy-regex v0.11.0
  Downloaded itertools v0.10.5
  Downloaded clap_builder v4.5.47
  Downloaded term_size v0.3.2
  Downloaded signal-hook-mio v0.2.4
  Downloaded nom v8.0.0
  Downloaded idna v1.1.0
  Downloaded string_cache v0.8.9
  Downloaded tracing v0.1.41
  Downloaded time v0.3.43
  Downloaded proc-macro-crate v3.3.0
  Downloaded globset v0.4.16
  Downloaded schemafy v0.5.2
  Downloaded rand v0.8.5
  Downloaded derive_more v1.0.0
  Downloaded pest v2.8.1
  Downloaded axum v0.7.9
  Downloaded hashlink v0.10.0
  Downloaded yoke v0.8.0
  Downloaded rand_chacha v0.3.1
  Downloaded quote v1.0.40
  Downloaded headers v0.4.1
  Downloaded x509-parser v0.14.0
  Downloaded rustls-webpki v0.103.4
  Downloaded rayon-core v1.13.0
  Downloaded tokio-util v0.7.16
  Downloaded sync_wrapper v1.0.2
  Downloaded prost v0.13.5
  Downloaded pulldown-cmark-to-cmark v20.0.1
  Downloaded protoc-bin-vendored-linux-aarch_64 v3.2.0
  Downloaded memchr v2.7.5
  Downloaded coolor v1.1.0
  Downloaded protoc-bin-vendored-win32 v3.2.0
  Downloaded protoc-bin-vendored-linux-x86_64 v3.2.0
  Downloaded yoke-derive v0.8.0
  Downloaded strum_macros v0.26.4
  Downloaded same-file v1.0.6
  Downloaded derive_more v2.0.1
  Downloaded crossterm v0.27.0
  Downloaded subtle v2.6.1
  Downloaded strsim v0.10.0
  Downloaded parking_lot_core v0.9.11
  Downloaded num-bigint v0.4.6
  Downloaded inferno v0.11.21
  Downloaded crossterm v0.29.0
  Downloaded env_logger v0.11.8
  Downloaded protoc-bin-vendored-linux-x86_32 v3.2.0
  Downloaded derivative v2.2.0
  Downloaded socket2 v0.6.0
  Downloaded protoc-bin-vendored-linux-ppcle_64 v3.2.0
  Downloaded socket2 v0.5.10
  Downloaded rand v0.9.2
  Downloaded url v2.5.7
  Downloaded tonic v0.12.3
  Downloaded mio v1.0.4
  Downloaded argmin v0.10.0
  Downloaded zerofrom v0.1.6
  Downloaded wezterm-color-types v0.3.0
  Downloaded typed-arena v2.0.2
  Downloaded heck v0.5.0
  Downloaded ruzstd v0.7.3
  Downloaded flate2 v1.1.2
  Downloaded elf v0.8.0
  Downloaded nom v7.1.3
  Downloaded indexmap v2.11.0
  Downloaded sequence_trie v0.3.6
  Downloaded pathdiff v0.2.3
  Downloaded parking_lot v0.12.4
  Downloaded derive_more v0.99.20
  Downloaded rand_distr v0.5.1
  Downloaded strum v0.26.3
  Downloaded rand_chacha v0.9.0
  Downloaded strict v0.2.0
  Downloaded enum-map-derive v0.17.0
  Downloaded euclid v0.22.11
  Downloaded derive_more-impl v2.0.1
  Downloaded derive_more-impl v1.0.0
  Downloaded zerotrie v0.2.2
  Downloaded mio v0.8.11
  Downloaded parking_lot v0.11.2
  Downloaded env_logger v0.8.4
  Downloaded rustls-pki-types v1.12.0
  Downloaded pin-project v0.4.30
  Downloaded miniz_oxide v0.8.9
  Downloaded protoc-bin-vendored-linux-s390_64 v3.2.0
  Downloaded minimal-lexical v0.2.1
  Downloaded indexmap v1.9.3
  Downloaded percent-encoding v2.3.2
  Downloaded paste v1.0.15
  Downloaded parking_lot_core v0.8.6
  Downloaded hostname v0.3.1
  Downloaded home v0.5.11
  Downloaded errno v0.3.13
  Downloaded erased-serde v0.3.31
  Downloaded enum-map v2.7.3
  Downloaded whoami v1.6.1
  Downloaded watchman_client v0.9.0
  Downloaded time-core v0.1.6
  Downloaded tempfile v3.21.0
  Downloaded pin-project v1.1.10
  Downloaded finl_unicode v1.3.0
  Downloaded find-msvc-tools v0.1.1
  Downloaded toml_edit v0.22.27
  Downloaded tokio-util v0.6.10
  Downloaded fallible-streaming-iterator v0.1.9
  Downloaded fallible-iterator v0.3.0
  Downloaded env_filter v0.1.3
  Downloaded smallvec v1.15.1
  Downloaded der-parser v8.2.0
  Downloaded libm v0.2.15
  Downloaded time-macros v0.2.24
  Downloaded pest_meta v2.8.1
  Downloaded pest_derive v2.8.1
  Downloaded num-format v0.4.4
  Downloaded libsqlite3-sys v0.34.0
  Downloaded async-compression v0.4.30
  Downloaded wezterm-input-types v0.1.0
  Downloaded wezterm-dynamic v0.2.1
  Downloaded tonic-build v0.12.3
  Downloaded tikv-jemallocator v0.6.0
  Downloaded thiserror v2.0.16
  Downloaded term v0.7.0
  Downloaded pin-project-lite v0.2.16
  Downloaded pin-project-internal v0.4.30
  Downloaded getrandom v0.3.3
  Downloaded diff v0.1.13
  Downloaded webpki v0.22.4
  Downloaded bytes v1.10.1
  Downloaded threadpool v1.8.1
  Downloaded rustls-pemfile v2.2.0
  Downloaded rand_core v0.9.3
  Downloaded pin-project-internal v1.1.10
  Downloaded equivalent v1.0.2
  Downloaded rand_xorshift v0.4.0
  Downloaded phf_codegen v0.11.3
  Downloaded os_str_bytes v6.6.1
  Downloaded num-traits v0.2.19
  Downloaded crossbeam-channel v0.5.15
  Downloaded wezterm-dynamic-derive v0.1.1
  Downloaded os_str_bytes v7.1.1
  Downloaded icu_properties v2.0.1
  Downloaded const_format v0.2.34
  Downloaded cc v1.2.36
  Downloaded base64 v0.13.1
  Downloaded asn1-rs v0.5.2
  Downloaded slab v0.4.11
  Downloaded signal-hook-registry v1.4.6
  Downloaded ref-cast-impl v1.0.24
  Downloaded ref-cast v1.0.24
  Downloaded rand_xoshiro v0.7.0
  Downloaded rand_xoshiro v0.6.0
  Downloaded phf_shared v0.11.3
  Downloaded phf_macros v0.11.3
  Downloaded getrandom v0.2.16
  Downloaded fixedbitset v0.5.7
  Downloaded writeable v0.6.1
  Downloaded tokio-rustls v0.26.2
  Downloaded crossbeam-epoch v0.9.18
  Downloaded phf v0.11.3
  Downloaded pest_generator v2.8.1
  Downloaded base64 v0.22.1
  Downloaded tower-layer v0.3.3
  Downloaded ordered-float v4.6.0
  Downloaded hyper-proxy2 v0.1.0
  Downloaded humantime v2.2.0
  Downloaded unicode-xid v0.2.6
  Downloaded sha2 v0.10.9
  Downloaded semver v1.0.26
  Downloaded lock_api v0.4.13
  Downloaded base64 v0.21.7
  Downloaded once_cell v1.21.3
  Downloaded nu-ansi-term v0.50.1
  Downloaded indoc v2.0.6
  Downloaded futures-sink v0.3.31
  Downloaded fixedbitset v0.4.2
  Downloaded filetime v0.2.26
  Downloaded fbinit v0.2.0
  Downloaded ena v0.14.3
  Downloaded tokio-stream v0.1.17
  Downloaded litemap v0.8.0
  Downloaded crc32fast v1.5.0
  Downloaded anyhow v1.0.99
  Downloaded zeroize v1.8.1
  Downloaded textwrap v0.11.0
  Downloaded webpki-roots v0.26.11
  Downloaded tokio-rustls v0.25.0
  Downloaded sha1 v0.10.6
  Downloaded schemafy_lib v0.5.2
  Downloaded oid-registry v0.6.1
  Downloaded num-derive v0.4.2
  Downloaded nibble_vec v0.1.0
  Downloaded icu_provider v2.0.0
  Downloaded clap v4.5.47
  Downloaded bumpalo v3.19.0
  Downloaded arc-swap v1.7.1
  Downloaded tokio-macros v2.5.0
  Downloaded num_enum_derive v0.7.4
  Downloaded memmem v0.1.1
  Downloaded lru v0.12.5
  Downloaded is_terminal_polyfill v1.70.1
  Downloaded is-terminal v0.4.16
  Downloaded csv-core v0.1.12
  Downloaded crokey v1.3.0
  Downloaded compact_str v0.8.1
  Downloaded clap_complete v4.5.57
  Downloaded ahash v0.8.12
  Downloaded multimap v0.8.3
  Downloaded ipnetwork v0.20.0
  Downloaded bytemuck v1.23.2
  Downloaded enum-iterator v1.5.0
  Downloaded num-rational v0.4.2
  Downloaded memmap2 v0.5.10
  Downloaded matchit v0.7.3
  Downloaded async-condvar-fair v1.0.1
  Downloaded zerofrom-derive v0.1.6
  Downloaded termios v0.3.3
  Downloaded sys-info v0.9.1
  Downloaded strsim v0.11.1
  Downloaded siphasher v0.3.11
  Downloaded scopeguard v1.2.0
  Downloaded matchers v0.2.0
  Downloaded linkme v0.3.33
  Downloaded itoa v1.0.15
  Downloaded inotify v0.9.6
  Downloaded crossbeam-utils v0.8.21
  Downloaded const_format_proc_macros v0.2.34
  Downloaded linked-hash-map v0.5.6
  Downloaded katexit v0.1.5
  Downloaded is_proc_translated v0.1.1
  Downloaded inotify-sys v0.1.5
  Downloaded dashmap v5.5.3
  Downloaded murmur3 v0.5.2
  Downloaded logos-codegen v0.15.1
  Downloaded litrs v0.4.2
  Downloaded clap_derive v4.5.47
  Downloaded annotate-snippets v0.9.2
  Downloaded addr2line v0.24.2
  Downloaded num_cpus v1.17.0
  Downloaded mime v0.3.17
  Downloaded crossbeam-deque v0.8.6
  Downloaded console v0.15.11
  Downloaded cfg-if v1.0.3
  Downloaded bitflags v1.3.2
  Downloaded arrayref v0.3.9
  Downloaded anstyle-parse v0.2.7
  Downloaded str_stack v0.1.0
  Downloaded num-iter v0.1.45
  Downloaded num-integer v0.1.46
  Downloaded num v0.4.3
  Downloaded multimap v0.10.1
  Downloaded memoffset v0.9.1
  Downloaded indent_write v2.2.0
  Downloaded idna_adapter v1.2.1
  Downloaded ctor v0.1.26
  Downloaded csscolorparser v0.6.2
  Downloaded compression-codecs v0.4.30
  Downloaded bit-vec v0.6.3
  Downloaded axum-core v0.4.5
  Downloaded atomic v0.6.1
  Downloaded async-recursion v1.1.1
  Downloaded convert_case v0.7.1
  Downloaded bit-set v0.8.0
  Downloaded arrayvec v0.7.6
  Downloaded log v0.4.28
  Downloaded instant v0.1.13
  Downloaded crypto-common v0.1.6
  Downloaded constant_time_eq v0.3.1
  Downloaded castaway v0.2.4
  Downloaded bit-vec v0.8.0
  Downloaded indenter v0.3.4
  Downloaded convert_case v0.6.0
  Downloaded constant_time_eq v0.2.6
  Downloaded clap_lex v0.7.5
  Downloaded argfile v0.2.1
  Downloaded asn1-rs-impl v0.1.0
  Downloaded colorchoice v1.0.4
  Downloaded cfg_aliases v0.2.1
  Downloaded bincode v1.3.3
  Downloaded lsp-server v0.7.9
  Downloaded bytesize v2.0.1
  Downloaded async-scoped v0.9.0
  Downloaded anymap3 v1.0.1
  Downloaded jobserver v0.1.34
  Downloaded crunchy v0.2.4
  Downloaded block-buffer v0.10.4
  Downloaded bit-set v0.5.3
  Downloaded crokey-proc_macros v1.3.0
  Downloaded asn1-rs-derive v0.4.0
  Downloaded async-trait v0.1.89
  Downloaded ascii-canvas v3.0.0
  Downloaded anstream v0.6.20
  Downloaded crossbeam-queue v0.3.12
  Downloaded convert_case v0.4.0
  Downloaded const-random-macro v0.1.16
  Downloaded compression-core v0.4.29
  Downloaded bitflags v2.9.4
  Downloaded backtrace v0.3.75
  Downloaded autocfg v1.5.0
  Downloaded async-stream-impl v0.3.6
  Downloaded argmin-math v0.4.0
  Downloaded adler2 v2.0.1
  Downloaded aho-corasick v1.1.3
  Downloaded anstyle v1.0.11
  Downloaded internment v0.8.6
   Compiling proc-macro2 v1.0.101
   Compiling unicode-ident v1.0.18
   Compiling libc v0.2.175
   Compiling cfg-if v1.0.3
   Compiling autocfg v1.5.0
   Compiling serde v1.0.219
   Compiling memchr v2.7.5
   Compiling log v0.4.28
   Compiling anyhow v1.0.99
   Compiling either v1.15.0
   Compiling parking_lot_core v0.9.11
   Compiling once_cell v1.21.3
   Compiling rustix v1.0.8
   Compiling regex-syntax v0.8.6
   Compiling scopeguard v1.2.0
   Compiling pin-project-lite v0.2.16
   Compiling equivalent v1.0.2
   Compiling hashbrown v0.15.5
   Compiling find-msvc-tools v0.1.1
   Compiling shlex v1.3.0
   Compiling zerocopy v0.8.27
   Compiling futures-core v0.3.31
   Compiling itoa v1.0.15
   Compiling bitflags v2.9.4
   Compiling syn v1.0.109
   Compiling libm v0.2.15
   Compiling linux-raw-sys v0.9.4
   Compiling futures-sink v0.3.31
   Compiling heck v0.5.0
   Compiling pulldown-cmark v0.12.2
   Compiling slab v0.4.11
   Compiling getrandom v0.3.3
   Compiling bytes v1.10.1
   Compiling unicase v2.8.1
   Compiling prettyplease v0.2.37
   Compiling version_check v0.9.5
   Compiling allocator-api2 v0.2.21
   Compiling pin-utils v0.1.0
   Compiling fastrand v2.3.0
   Compiling futures-io v0.3.31
   Compiling fixedbitset v0.5.7
   Compiling foldhash v0.1.5
   Compiling futures-task v0.3.31
   Compiling multimap v0.10.1
   Compiling futures v0.1.31
   Compiling protoc-bin-vendored-macos-x86_64 v3.2.0
   Compiling protoc-bin-vendored-linux-x86_64 v3.2.0
   Compiling protoc-bin-vendored-linux-ppcle_64 v3.2.0
   Compiling protoc-bin-vendored-linux-aarch_64 v3.2.0
   Compiling protoc-bin-vendored-linux-s390_64 v3.2.0
   Compiling protoc-bin-vendored-win32 v3.2.0
   Compiling protoc-bin-vendored-macos-aarch_64 v3.2.0
   Compiling protoc-bin-vendored-linux-x86_32 v3.2.0
   Compiling dunce v1.0.5
   Compiling stable_deref_trait v1.2.0
   Compiling rustversion v1.0.22
   Compiling fnv v1.0.7
   Compiling subtle v2.6.1
   Compiling zeroize v1.8.1
   Compiling tracing-core v0.1.34
   Compiling rustls-pki-types v1.12.0
   Compiling ryu v1.0.20
   Compiling lock_api v0.4.13
   Compiling itertools v0.14.0
   Compiling num-traits v0.2.19
   Compiling thiserror v1.0.69
   Compiling instant v0.1.13
   Compiling serde_json v1.0.143
   Compiling unicode-segmentation v1.12.0
   Compiling parking_lot_core v0.8.6
   Compiling unicode-xid v0.2.6
   Compiling ahash v0.8.12
   Compiling aho-corasick v1.1.3
   Compiling untrusted v0.9.0
   Compiling static_assertions v1.1.0
   Compiling tower-service v0.3.3
   Compiling httparse v1.10.1
   Compiling httpdate v1.0.3
   Compiling atomic-waker v1.1.2
   Compiling try-lock v0.2.5
   Compiling percent-encoding v2.3.2
   Compiling protoc-bin-vendored v3.2.0
   Compiling allocative v0.3.4 (/app/allocative/allocative)
   Compiling siphasher v1.0.1
   Compiling bumpalo v3.19.0
   Compiling base64 v0.22.1
   Compiling mime v0.3.17
   Compiling tower-layer v0.3.3
   Compiling indexmap v1.9.3
   Compiling rustls v0.23.31
   Compiling sync_wrapper v1.0.2
   Compiling hashbrown v0.12.3
   Compiling futures-channel v0.3.31
   Compiling crossbeam-utils v0.8.21
   Compiling signal-hook v0.3.18
   Compiling matchit v0.7.3
   Compiling typenum v1.18.0
   Compiling generic-array v0.14.7
   Compiling indexmap v2.11.0
   Compiling utf8parse v0.2.2
   Compiling crunchy v0.2.4
   Compiling rustls-pemfile v2.2.0
   Compiling want v0.3.1
   Compiling webpki-roots v1.0.2
   Compiling smallvec v1.15.1
   Compiling bitflags v1.3.2
   Compiling pkg-config v0.3.32
   Compiling tiny-keccak v2.0.2
   Compiling phf_shared v0.11.3
   Compiling convert_case v0.6.0
   Compiling rand_core v0.6.4
   Compiling thiserror v2.0.16
   Compiling semver v1.0.26
   Compiling litemap v0.8.0
   Compiling writeable v0.6.1
   Compiling lazy_static v1.5.0
   Compiling icu_properties_data v2.0.1
   Compiling cfg_aliases v0.2.1
   Compiling ref-cast v1.0.24
   Compiling byteorder v1.5.0
   Compiling icu_normalizer_data v2.0.0
   Compiling minimal-lexical v0.2.1
   Compiling hex v0.4.3
   Compiling strsim v0.11.1
   Compiling memoffset v0.9.1
   Compiling cpufeatures v0.2.17
   Compiling fixedbitset v0.4.2
   Compiling webpki-roots v0.26.11
   Compiling precomputed-hash v0.1.1
   Compiling new_debug_unreachable v1.0.6
   Compiling unicode-width v0.1.14
   Compiling bit-vec v0.6.3
   Compiling bytemuck v1.23.2
   Compiling anstyle-parse v0.2.7
   Compiling ena v0.14.3
   Compiling itertools v0.10.5
   Compiling rand v0.8.5
   Compiling starlark_map v0.13.0 (/app/starlark-rust/starlark_map)
   Compiling ucd-trie v0.1.7
   Compiling nix v0.29.0
   Compiling utf8_iter v1.0.4
   Compiling castaway v0.2.4
   Compiling beef v0.5.2
   Compiling colorchoice v1.0.4
   Compiling diff v0.1.13
   Compiling anstyle-query v1.1.4
   Compiling is_terminal_polyfill v1.70.1
   Compiling regex-syntax v0.6.29
   Compiling anstyle v1.0.11
   Compiling form_urlencoded v1.2.2
   Compiling itertools v0.13.0
   Compiling jobserver v0.1.34
   Compiling petgraph v0.7.1
   Compiling dirs-sys-next v0.1.2
   Compiling nom v7.1.3
   Compiling fxhash v0.2.1
   Compiling petgraph v0.6.5
   Compiling is-terminal v0.4.16
   Compiling bit-set v0.5.3
   Compiling quote v1.0.40
   Compiling compact_str v0.8.1
   Compiling atomic v0.6.1
   Compiling cmp_any v0.8.1 (/app/gazebo/cmp_any)
   Compiling openssl-probe v0.1.6
   Compiling vcpkg v0.2.15
   Compiling lab v0.11.0
   Compiling annotate-snippets v0.9.2
   Compiling lalrpop-util v0.19.12
   Compiling maplit v1.0.2
   Compiling clap_lex v0.7.5
   Compiling deltae v0.3.2
   Compiling regex-automata v0.4.10
   Compiling nix v0.30.1
   Compiling anstream v0.6.20
   Compiling vtparse v0.6.2
   Compiling finl_unicode v1.3.0
   Compiling pulldown-cmark-to-cmark v20.0.1
   Compiling bit-vec v0.8.0
   Compiling cc v1.2.36
   Compiling memmem v0.1.1
   Compiling dirs-next v2.0.0
   Compiling hashlink v0.10.0
   Compiling phf_generator v0.11.3
   Compiling rayon-core v1.13.0
   Compiling parking_lot v0.12.4
   Compiling fallible-streaming-iterator v0.1.9
   Compiling fallible-iterator v0.3.0
   Compiling rustls-native-certs v0.8.1
   Compiling syn v2.0.106
   Compiling arrayvec v0.7.6
   Compiling pin-project-internal v0.4.30
   Compiling arrayref v0.3.9
   Compiling phf_codegen v0.11.3
   Compiling constant_time_eq v0.3.1
   Compiling atomic v0.5.3
   Compiling linkme-impl v0.3.33
   Compiling signal-hook-registry v1.4.6
   Compiling mio v1.0.4
   Compiling getrandom v0.2.16
   Compiling socket2 v0.6.0
   Compiling socket2 v0.5.10
   Compiling rustc_version v0.4.1
   Compiling mio v0.8.11
   Compiling term v0.7.0
   Compiling termios v0.3.3
   Compiling bit-set v0.8.0
   Compiling string_cache v0.8.9
   Compiling sysinfo v0.35.2
   Compiling perf-event-open-sys v5.0.0 (https://github.com/Nero5023/perf-event.git?rev=6dae86b6d4807acec081e6dc0a53167f57f8c0f4#6dae86b6)
   Compiling sharded-slab v0.1.7
   Compiling tracing-log v0.2.0
   Compiling crossbeam-channel v0.5.15
   Compiling crossbeam-epoch v0.9.18
   Compiling thread_local v1.1.9
   Compiling terminfo v0.9.0
   Compiling tempfile v3.21.0
   Compiling nu-ansi-term v0.50.1
   Compiling match_cfg v0.1.0
   Compiling buck2_core v0.1.0 (/app/app/buck2_core)
   Compiling os_str_bytes v6.6.1
   Compiling num-conv v0.1.0
   Compiling sequence_trie v0.3.6
   Compiling time-core v0.1.6
   Compiling powerfmt v0.2.0
   Compiling indent_write v2.2.0
   Compiling arc-swap v1.7.1
   Compiling uuid v1.17.0
   Compiling hostname v0.3.1
   Compiling ascii-canvas v3.0.0
   Compiling rustls v0.22.4
   Compiling unicode-width v0.2.1
   Compiling oid-registry v0.6.1
   Compiling winnow v0.7.13
   Compiling logos-codegen v0.15.1
   Compiling is_proc_translated v0.1.1
   Compiling toml_datetime v0.6.11
   Compiling rustls-native-certs v0.7.3
   Compiling signal-hook-mio v0.2.4
   Compiling rustix v0.38.44
   Compiling indoc v2.0.6
   Compiling time-macros v0.2.24
   Compiling data-encoding v2.9.0
   Compiling base64 v0.13.1
   Compiling base64 v0.21.7
   Compiling anymap3 v1.0.1
   Compiling deranged v0.5.3
   Compiling linux-raw-sys v0.4.15
   Compiling strsim v0.10.0
   Compiling take_mut v0.2.2
   Compiling crossbeam-deque v0.8.6
   Compiling console v0.15.11
   Compiling typed-arena v2.0.2
   Compiling dirs-sys v0.3.7
   Compiling ppv-lite86 v0.2.21
   Compiling bstr v1.12.0
   Compiling iana-time-zone v0.1.63
   Compiling perf-event v0.4.8 (https://github.com/Nero5023/perf-event.git?rev=6dae86b6d4807acec081e6dc0a53167f57f8c0f4#6dae86b6)
   Compiling xattr v0.2.3
   Compiling indenter v0.3.4
   Compiling rustls-pemfile v1.0.4
   Compiling paste v1.0.15
   Compiling cfg_aliases v0.1.1
   Compiling nom v8.0.0
   Compiling memoffset v0.6.5
   Compiling endian-type v0.1.2
   Compiling term_size v0.3.2
   Compiling num-integer v0.1.46
   Compiling ordered-float v4.6.0
   Compiling euclid v0.22.11
   Compiling chrono v0.4.41
   Compiling hashbrown v0.14.5
   Compiling dirs v3.0.2
   Compiling display_container v0.9.0 (/app/gazebo/display_container)
   Compiling nix v0.28.0
   Compiling home v0.5.11
   Compiling starlark v0.13.0 (/app/starlark-rust/starlark)
   Compiling textwrap v0.11.0
   Compiling inventory v0.3.21
   Compiling lru v0.12.5
   Compiling rand_core v0.9.3
   Compiling faccess v0.2.4
   Compiling quick-xml v0.38.3
   Compiling pathdiff v0.2.3
   Compiling num-complex v0.4.6
   Compiling same-file v1.0.6
   Compiling crc32fast v1.5.0
   Compiling zstd-safe v7.2.4
   Compiling rand_chacha v0.3.1
   Compiling block-buffer v0.10.4
   Compiling crypto-common v0.1.6
   Compiling inotify-sys v0.1.5
   Compiling filetime v0.2.26
   Compiling adler2 v2.0.1
   Compiling rand_xoshiro v0.6.0
   Compiling walkdir v2.5.0
   Compiling num-bigint v0.4.6
   Compiling digest v0.10.7
   Compiling rand_chacha v0.9.0
   Compiling miniz_oxide v0.8.9
   Compiling num-iter v0.1.45
   Compiling jiff v0.2.15
   Compiling rand_xorshift v0.4.0
   Compiling inotify v0.9.6
   Compiling rand_xoshiro v0.7.0
   Compiling rayon v1.11.0
   Compiling wyhash v0.5.0
   Compiling convert_case v0.4.0
   Compiling murmur3 v0.5.2
   Compiling compression-core v0.4.29
   Compiling object v0.36.7
   Compiling csv-core v0.1.12
   Compiling const_format_proc_macros v0.2.34
   Compiling memmap2 v0.5.10
   Compiling glob v0.3.3
   Compiling humantime v2.2.0
   Compiling convert_case v0.7.1
   Compiling sha2 v0.10.9
   Compiling rusticata-macros v4.1.0
   Compiling sha1 v0.10.6
   Compiling rand v0.9.2
   Compiling litrs v0.4.2
   Compiling regex v1.11.2
   Compiling notify v5.0.0
   Compiling const-random-macro v0.1.16
   Compiling num-format v0.4.4
   Compiling terminal_size v0.4.3
   Compiling fd-lock v4.0.4
   Compiling rgb v0.8.52
   Compiling quick-xml v0.26.0
   Compiling str_stack v0.1.0
   Compiling crossbeam-queue v0.3.12
   Compiling clap_builder v4.5.47
   Compiling flate2 v1.1.2
   Compiling num_cpus v1.17.0
   Compiling platforms v2.0.0
   Compiling ring v0.17.14
   Compiling libsqlite3-sys v0.34.0
   Compiling blake3 v1.8.2
   Compiling sys-info v0.9.1
   Compiling zstd-sys v2.0.16+zstd.1.5.7
   Compiling crossbeam v0.8.4
   Compiling strict v0.2.0
   Compiling tikv-jemalloc-sys v0.6.0+5.3.0-1-ge13ca993e8ccb9ba9847cc330696e02839f328f7
   Compiling xattr v1.5.1
   Compiling time v0.3.43
   Compiling nix v0.24.3
   Compiling unescape v0.1.0
   Compiling const-random v0.1.18
   Compiling minimad v0.13.1
   Compiling sync_wrapper v0.1.2
   Compiling mac_address v1.1.8
   Compiling dlv-list v0.5.2
   Compiling document-features v0.2.11
   Compiling gimli v0.31.1
   Compiling constant_time_eq v0.2.6
   Compiling tar v0.4.44
   Compiling threadpool v1.8.1
   Compiling Inflector v0.11.4
   Compiling twox-hash v1.6.3
   Compiling bytesize v2.0.1
   Compiling rand_distr v0.5.1
   Compiling twox-hash v2.1.2
   Compiling inferno v0.11.21
   Compiling rustc-demangle v0.1.26
   Compiling buck2_external_cells_bundled v0.1.0 (/app/app/buck2_external_cells_bundled)
   Compiling toml_edit v0.22.27
   Compiling siphasher v0.3.11
   Compiling lalrpop v0.19.12
   Compiling num-rational v0.4.2
   Compiling fs4 v0.9.1
   Compiling ruzstd v0.7.3
   Compiling const_format v0.2.34
   Compiling fancy-regex v0.14.0
   Compiling matchers v0.2.0
   Compiling globset v0.4.16
   Compiling num v0.4.3
   Compiling synstructure v0.13.2
   Compiling env_logger v0.8.4
   Compiling fancy-regex v0.11.0
   Compiling env_filter v0.1.3
   Compiling quickcheck v1.0.3
   Compiling synstructure v0.12.6
   Compiling proc-macro-crate v3.3.0
   Compiling addr2line v0.24.2
   Compiling nom-language v0.1.0
   Compiling sorted_vector_map v0.2.0 (https://github.com/facebookexperimental/rust-shed#5cb07175)
   Compiling serde_derive v1.0.219
   Compiling prost-derive v0.13.5
   Compiling tracing-attributes v0.1.30
   Compiling tokio-macros v2.5.0
   Compiling futures-macro v0.3.31
   Compiling thiserror-impl v1.0.69
   Compiling dupe_derive v0.9.1 (/app/gazebo/dupe_derive)
   Compiling allocative_derive v0.3.3 (/app/allocative/allocative_derive)
   Compiling displaydoc v0.2.5
   Compiling zerofrom-derive v0.1.6
   Compiling async-trait v0.1.89
   Compiling pin-project-internal v1.1.10
   Compiling yoke-derive v0.8.0
   Compiling ctor v0.1.26
   Compiling async-stream-impl v0.3.6
   Compiling zerovec-derive v0.11.1
   Compiling derive_more-impl v1.0.0
   Compiling gazebo_derive v0.8.0 (/app/gazebo/gazebo_derive)
   Compiling thiserror-impl v2.0.16
   Compiling ref-cast-impl v1.0.24
   Compiling strong_hash_derive v0.1.0 (/app/gazebo/strong_hash_derive)
   Compiling wezterm-dynamic-derive v0.1.1
   Compiling serde_repr v0.1.20
   Compiling phf_macros v0.11.3
   Compiling derivative v2.2.0
   Compiling logos-derive v0.15.1
   Compiling clap_derive v4.5.47
   Compiling num-derive v0.4.2
   Compiling buck2_error_derive v0.1.0 (/app/app/buck2_error_derive)
   Compiling asn1-rs-impl v0.1.0
   Compiling async-stream v0.3.6
   Compiling dupe v0.9.1 (/app/gazebo/dupe)
   Compiling asn1-rs-derive v0.4.0
   Compiling fbinit_macros v0.2.0
   Compiling num_enum_derive v0.7.4
   Compiling logos v0.15.1
   Compiling enum-map-derive v0.17.0
   Compiling futures-util v0.3.31
   Compiling gazebo v0.8.1 (/app/gazebo/gazebo)
   Compiling enum-iterator-derive v1.4.0
   Compiling starlark_derive v0.13.0 (/app/starlark-rust/starlark_derive)
   Compiling buck2_query_derive v0.4.1 (/app/app/buck2_query_derive)
   Compiling async-recursion v1.1.1
   Compiling wezterm-dynamic v0.2.1
   Compiling filedescriptor v0.8.3
   Compiling wezterm-blob-leases v0.1.1
   Compiling fbinit v0.2.0
   Compiling pin-project v1.1.10
   Compiling argmin-math v0.4.0
   Compiling phf v0.11.3
   Compiling enum-map v2.7.3
   Compiling env_logger v0.11.8
   Compiling katexit v0.1.5
   Compiling linkme v0.3.33
   Compiling zerofrom v0.1.6
   Compiling strum_macros v0.26.4
   Compiling derive_more-impl v2.0.1
   Compiling lazy-regex-proc_macros v3.4.1
   Compiling derive_more v0.99.20
   Compiling pest v2.8.1
   Compiling argmin v0.10.0
   Compiling yoke v0.8.0
   Compiling csscolorparser v0.6.2
   Compiling asn1-rs v0.5.2
   Compiling prost v0.13.5
   Compiling tracing v0.1.41
   Compiling buck2_build_api_derive v0.4.1 (/app/app/buck2_build_api_derive)
   Compiling num_enum v0.7.4
   Compiling pin-project v0.4.30
   Compiling zerovec v0.11.4
   Compiling zerotrie v0.2.2
   Compiling wezterm-color-types v0.3.0
   Compiling wezterm-bidi v0.2.3
   Compiling enum-iterator v1.5.0
   Compiling prost-types v0.13.5
   Compiling derive_more v2.0.1
   Compiling crossterm v0.29.0
   Compiling lazy-regex v3.4.1
   Compiling psutil v3.3.0
   Compiling clap v4.5.47
   Compiling clap_complete v4.5.57
   Compiling backtrace v0.3.75
   Compiling strum v0.26.3
   Compiling pest_meta v2.8.1
   Compiling rustls-webpki v0.103.4
   Compiling rustls-webpki v0.102.8
   Compiling webpki v0.22.4
   Compiling der-parser v8.2.0
   Compiling tinystr v0.8.1
   Compiling potential_utf v0.1.3
   Compiling x509-parser v0.14.0
   Compiling crokey-proc_macros v1.3.0
   Compiling icu_collections v2.0.0
   Compiling prost-build v0.13.5
   Compiling icu_locale_core v2.0.0
   Compiling pest_generator v2.8.1
   Compiling derive_more v1.0.0
   Compiling futures-executor v0.3.31
   Compiling tower v0.5.2
   Compiling futures v0.3.31
   Compiling tonic-build v0.12.3
   Compiling pest_derive v2.8.1
   Compiling icu_provider v2.0.0
   Compiling icu_properties v2.0.1
   Compiling buck2_protoc_dev v0.1.0 (/app/app/buck2_protoc_dev)
   Compiling buck2_host_sharing_proto v0.1.0 (/app/app/buck2_host_sharing_proto)
   Compiling buck2_data v0.1.0 (/app/app/buck2_data)
   Compiling buck2_subscription_proto v0.1.0 (/app/app/buck2_subscription_proto)
   Compiling buck2_cli_proto v0.1.0 (/app/app/buck2_cli_proto)
   Compiling buck2_downward_api_proto v0.1.0 (/app/app/buck2_downward_api_proto)
   Compiling buck2_test_proto v0.1.0 (/app/app/buck2_test_proto)
   Compiling re_grpc_proto v0.1.0 (/app/remote_execution/oss/re_grpc_proto)
   Compiling buck2_action_metadata_proto v0.1.0 (/app/app/buck2_action_metadata_proto)
   Compiling buck2_health_check_proto v0.1.0 (/app/app/buck2_health_check_proto)
   Compiling buck2_forkserver_proto v0.1.0 (/app/app/buck2_forkserver_proto)
   Compiling buck2_worker_proto v0.1.0 (/app/app/buck2_worker_proto)
   Compiling buck2_install_proto v0.1.0 (/app/app/buck2_install_proto)
   Compiling starlark_syntax v0.13.0 (/app/starlark-rust/starlark_syntax)
   Compiling triomphe v0.1.14
   Compiling relative-path v1.9.3
   Compiling serde_bytes v0.11.17
   Compiling wezterm-input-types v0.1.0
   Compiling tracing-serde v0.2.0
   Compiling ipnetwork v0.20.0
   Compiling linked-hash-map v0.5.6
   Compiling erased-serde v0.3.31
   Compiling multimap v0.8.3
   Compiling csv v1.3.1
   Compiling bincode v1.3.3
   Compiling icu_normalizer v2.0.0
   Compiling nibble_vec v0.1.0
   Compiling strong_hash v0.1.0 (/app/gazebo/strong_hash)
   Compiling radix_trie v0.2.1
   Compiling parking_lot v0.11.2
   Compiling dashmap v5.5.3
   Compiling rustyline v14.0.0
   Compiling futures-intrusive v0.4.2
   Compiling idna_adapter v1.2.1
   Compiling schemafy_core v0.5.2
   Compiling crossterm v0.27.0
   Compiling tokio v1.47.1
   Compiling http v1.3.1
   Compiling serde_bser v0.4.0
   Compiling idna v1.1.0
   Compiling termwiz v0.23.3
   Compiling plist v1.7.4
   Compiling schemafy_lib v0.5.2
   Compiling internment v0.8.6
   Compiling url v2.5.7
   Compiling tracing-subscriber v0.3.20
   Compiling probminhash v0.1.12 (https://github.com/krallin/probminhash?rev=3d6b7a5315305c2893a7a04e0de9e23b305992c5#3d6b7a53)
   Compiling lsp-server v0.7.9
   Compiling http-body v1.0.1
   Compiling headers-core v0.3.0
   Compiling coolor v1.1.0
   Compiling crokey v1.3.0
   Compiling headers v0.4.1
   Compiling http-body-util v0.1.3
   Compiling lsp-types v0.94.1
   Compiling schemafy v0.5.2
   Compiling axum-core v0.4.5
   Compiling termimad v0.30.1
   Compiling debugserver-types v0.5.0
   Compiling zstd v0.13.3
   Compiling compression-codecs v0.4.30
   Compiling axum v0.7.9
   Compiling superconsole v0.2.0 (/app/superconsole)
   Compiling tokio-util v0.7.16
   Compiling tokio-rustls v0.26.2
   Compiling tokio-util v0.6.10
   Compiling tokio-rustls v0.25.0
   Compiling buck2_futures v0.1.0 (/app/app/buck2_futures)
   Compiling async-scoped v0.9.0
   Compiling async-compression v0.4.30
   Compiling async-condvar-fair v1.0.1
   Compiling h2 v0.4.12
   Compiling tokio-stream v0.1.17
   Compiling tower v0.4.13
   Compiling dice_error v0.1.0 (/app/dice/dice_error)
   Compiling lock_free_hashtable v0.1.0 (/app/shed/lock_free_hashtable)
   Compiling lock_free_vec v0.1.0 (/app/shed/lock_free_vec)
   Compiling watchman_client v0.9.0
   Compiling static_interner v0.1.0 (/app/shed/static_interner)
   Compiling dice v0.1.0 (/app/dice/dice)
   Compiling hyper v1.7.0
   Compiling hyper-util v0.1.16
   Compiling hyper-timeout v0.5.2
   Compiling hyper-rustls v0.26.0
   Compiling hyperlocal v0.9.1
   Compiling tonic v0.12.3
   Compiling hyper-proxy2 v0.1.0
   Compiling tikv-jemallocator v0.6.0
   Compiling buck2_grpc v0.1.0 (/app/app/buck2_grpc)
   Compiling host_sharing v0.1.0 (/app/host_sharing)
   Compiling rusqlite v0.36.0
   Compiling starlark_lsp v0.13.0 (/app/starlark-rust/starlark_lsp)
   Compiling buck2_error v0.1.0 (/app/app/buck2_error)
   Compiling buck2_miniperf_proto v0.1.0 (/app/app/buck2_miniperf_proto)
   Compiling buck2_wrapper_common v0.1.0 (/app/app/buck2_wrapper_common)
   Compiling buck2_downward_api v0.1.0 (/app/app/buck2_downward_api)
   Compiling buck2_critical_path v0.1.0 (/app/app/buck2_critical_path)
   Compiling buck2_util v0.1.0 (/app/app/buck2_util)
   Compiling buck2_build_info v0.1.0 (/app/app/buck2_build_info)
   Compiling buck2_certs v0.1.0 (/app/app/buck2_certs)
   Compiling buck2_query_parser v0.1.0 (/app/app/buck2_query_parser)
   Compiling buck2_http v0.1.0 (/app/app/buck2_http)
   Compiling buck2_directory v0.1.0 (/app/app/buck2_directory)
   Compiling buck2_query v0.1.0 (/app/app/buck2_query)
   Compiling buck2_offline_archive v0.1.0 (/app/app/buck2_offline_archive)
   Compiling buck2_events v0.1.0 (/app/app/buck2_events)
   Compiling buck2_common v0.1.0 (/app/app/buck2_common)
   Compiling buck2_test_api v0.1.0 (/app/app/buck2_test_api)
   Compiling buck2_build_signals v0.1.0 (/app/app/buck2_build_signals)
   Compiling buck2_test_runner v0.1.0 (/app/app/buck2_test_runner)
   Compiling buck2_event_observer v0.1.0 (/app/app/buck2_event_observer)
   Compiling buck2_re_configuration v0.1.0 (/app/app/buck2_re_configuration)
   Compiling buck2_node v0.1.0 (/app/app/buck2_node)
   Compiling buck2_interpreter v0.1.0 (/app/app/buck2_interpreter)
   Compiling buck2_file_watcher v0.1.0 (/app/app/buck2_file_watcher)
   Compiling buck2_health_check v0.1.0 (/app/app/buck2_health_check)
   Compiling buck2_forkserver v0.1.0 (/app/app/buck2_forkserver)
   Compiling buck2_resource_control v0.1.0 (/app/app/buck2_resource_control)
   Compiling remote_execution v0.1.0 (/app/remote_execution/oss/re_grpc)
   Compiling buck2_event_log v0.1.0 (/app/app/buck2_event_log)
   Compiling buck2_execute v0.1.0 (/app/app/buck2_execute)
   Compiling buck2_client_ctx v0.1.0 (/app/app/buck2_client_ctx)
   Compiling buck2_profile v0.1.0 (/app/app/buck2_profile)
   Compiling buck2_interpreter_for_build v0.1.0 (/app/app/buck2_interpreter_for_build)
   Compiling buck2_artifact v0.1.0 (/app/app/buck2_artifact)
   Compiling buck2_server_ctx v0.1.0 (/app/app/buck2_server_ctx)
   Compiling buck2_execute_impl v0.1.0 (/app/app/buck2_execute_impl)
   Compiling buck2_build_api v0.1.0 (/app/app/buck2_build_api)
   Compiling buck2_server_starlark_debug v0.1.0 (/app/app/buck2_server_starlark_debug)
   Compiling buck2_audit v0.1.0 (/app/app/buck2_audit)
   Compiling buck2_cmd_starlark_client v0.1.0 (/app/app/buck2_cmd_starlark_client)
   Compiling buck2_cmd_docs v0.1.0 (/app/app/buck2_cmd_docs)
   Compiling buck2_cmd_log_client v0.1.0 (/app/app/buck2_cmd_log_client)
   Compiling buck2_cmd_debug_client v0.1.0 (/app/app/buck2_cmd_debug_client)
   Compiling buck2_cmd_completion_client v0.1.0 (/app/app/buck2_cmd_completion_client)
   Compiling buck2_cmd_docs_server v0.1.0 (/app/app/buck2_cmd_docs_server)
   Compiling buck2_cmd_starlark_server v0.1.0 (/app/app/buck2_cmd_starlark_server)
   Compiling buck2_client v0.1.0 (/app/app/buck2_client)
   Compiling buck2_analysis v0.1.0 (/app/app/buck2_analysis)
   Compiling buck2_configured v0.1.0 (/app/app/buck2_configured)
   Compiling buck2_validation v0.1.0 (/app/app/buck2_validation)
   Compiling buck2_test v0.1.0 (/app/app/buck2_test)
   Compiling buck2_action_impl v0.1.0 (/app/app/buck2_action_impl)
   Compiling buck2_server_commands v0.1.0 (/app/app/buck2_server_commands)
   Compiling buck2_query_impls v0.0.0 (/app/app/buck2_query_impls)
   Compiling buck2_external_cells v0.1.0 (/app/app/buck2_external_cells)
   Compiling buck2_cfg_constructor v0.1.0 (/app/app/buck2_cfg_constructor)
   Compiling buck2_audit_server v0.1.0 (/app/app/buck2_audit_server)
   Compiling buck2_build_signals_impl v0.1.0 (/app/app/buck2_build_signals_impl)
   Compiling buck2_transition v0.1.0 (/app/app/buck2_transition)
   Compiling buck2_anon_target v0.1.0 (/app/app/buck2_anon_target)
   Compiling buck2_server v0.1.0 (/app/app/buck2_server)
   Compiling buck2_bxl v0.1.0 (/app/app/buck2_bxl)
   Compiling buck2_daemon v0.1.0 (/app/app/buck2_daemon)
   Compiling buck2 v0.1.0 (/app/app/buck2)
    Finished `dev` profile [optimized + debuginfo] target(s) in 3m 55s
[93m[1mWARNING: Skipping starlark linter on git[0m
Finished in 0.00 seconds.
[92mRunning clippy[0m
 Downloading crates ...
  Downloaded cast v0.3.0
  Downloaded assert_matches v1.5.0
  Downloaded test-case-macros v3.3.1
  Downloaded pretty_assertions v1.4.1
  Downloaded rand_distr v0.4.3
  Downloaded httptest v0.16.3
  Downloaded test-case-core v3.3.1
  Downloaded test-case v3.3.1
  Downloaded yansi v1.0.1
  Downloaded serde_urlencoded v0.7.1
    Checking cfg-if v1.0.3
    Checking memchr v2.7.5
    Checking log v0.4.28
    Checking once_cell v1.21.3
    Checking scopeguard v1.2.0
    Checking pin-project-lite v0.2.16
    Checking itoa v1.0.15
    Checking futures-core v0.3.31
    Checking futures-sink v0.3.31
    Checking allocator-api2 v0.2.21
    Checking equivalent v1.0.2
    Checking slab v0.4.11
    Checking foldhash v0.1.5
    Checking futures-io v0.3.31
    Checking pin-utils v0.1.0
    Checking futures-task v0.3.31
    Checking futures v0.1.31
    Checking regex-syntax v0.8.6
    Checking stable_deref_trait v1.2.0
    Checking either v1.15.0
    Checking ryu v1.0.20
    Checking futures-channel v0.3.31
    Checking instant v0.1.13
    Checking static_assertions v1.1.0
    Checking fnv v1.0.7
   Compiling allocative v0.3.4 (/app/allocative/allocative)
    Checking bumpalo v3.19.0
    Checking subtle v2.6.1
    Checking zeroize v1.8.1
    Checking percent-encoding v2.3.2
    Checking bitflags v2.9.4
    Checking untrusted v0.9.0
    Checking tower-service v0.3.3
    Checking atomic-waker v1.1.2
    Checking try-lock v0.2.5
    Checking httpdate v1.0.3
    Checking base64 v0.22.1
    Checking tower-layer v0.3.3
    Checking mime v0.3.17
    Checking sync_wrapper v1.0.2
    Checking hashbrown v0.12.3
    Checking libc v0.2.175
    Checking tracing-core v0.1.34
    Checking zerocopy v0.8.27
    Checking libm v0.2.15
    Checking anyhow v1.0.99
    Checking matchit v0.7.3
    Checking linux-raw-sys v0.9.4
    Checking byteorder v1.5.0
    Checking utf8parse v0.2.2
    Checking bitflags v1.3.2
    Checking lock_api v0.4.13
    Checking castaway v0.2.4
    Checking httparse v1.10.1
    Checking litemap v0.8.0
    Checking hex v0.4.3
    Checking writeable v0.6.1
    Checking cmp_any v0.8.1 (/app/gazebo/cmp_any)
    Checking strsim v0.11.1
   Compiling starlark_map v0.13.0 (/app/starlark-rust/starlark_map)
   Compiling dupe_derive v0.9.1 (/app/gazebo/dupe_derive)
   Compiling allocative_derive v0.3.3 (/app/allocative/allocative_derive)
    Checking want v0.3.1
   Compiling gazebo_derive v0.8.0 (/app/gazebo/gazebo_derive)
    Checking crossbeam-utils v0.8.21
   Compiling strong_hash_derive v0.1.0 (/app/gazebo/strong_hash_derive)
    Checking typenum v1.18.0
    Checking serde v1.0.219
    Checking thiserror v1.0.69
    Checking rustls-pki-types v1.12.0
    Checking derive_more v1.0.0
    Checking pin-project v1.1.10
    Checking async-stream v0.3.6
    Checking ref-cast v1.0.24
    Checking unicode-width v0.1.14
    Checking zerofrom v0.1.6
    Checking icu_normalizer_data v2.0.0
    Checking icu_properties_data v2.0.1
    Checking utf8_iter v1.0.4
   Compiling buck2_protoc_dev v0.1.0 (/app/app/buck2_protoc_dev)
    Checking minimal-lexical v0.2.1
    Checking lazy_static v1.5.0
    Checking is_terminal_polyfill v1.70.1
    Checking anstyle v1.0.11
    Checking bytemuck v1.23.2
    Checking hashbrown v0.15.5
    Checking itertools v0.14.0
    Checking compact_str v0.8.1
    Checking itertools v0.13.0
    Checking form_urlencoded v1.2.2
    Checking anstyle-parse v0.2.7
    Checking unicode-segmentation v1.12.0
    Checking anstyle-query v1.1.4
    Checking colorchoice v1.0.4
    Checking cpufeatures v0.2.17
   Compiling starlark_syntax v0.13.0 (/app/starlark-rust/starlark_syntax)
    Checking aho-corasick v1.1.3
    Checking siphasher v1.0.1
    Checking memoffset v0.9.1
    Checking lalrpop-util v0.19.12
    Checking fxhash v0.2.1
    Checking logos v0.15.1
    Checking maplit v1.0.2
    Checking clap_lex v0.7.5
    Checking bit-vec v0.6.3
    Checking lab v0.11.0
    Checking ucd-trie v0.1.7
    Checking thiserror v2.0.16
    Checking deltae v0.3.2
    Checking openssl-probe v0.1.6
    Checking vtparse v0.6.2
    Checking annotate-snippets v0.9.2
    Checking finl_unicode v1.3.0
    Checking memmem v0.1.1
    Checking fixedbitset v0.4.2
    Checking bit-vec v0.8.0
    Checking tracing v0.1.41
    Checking yoke v0.8.0
    Checking crossbeam-channel v0.5.15
    Checking nom v7.1.3
    Checking crossbeam-epoch v0.9.18
    Checking libsqlite3-sys v0.34.0
    Checking fallible-iterator v0.3.0
    Checking fallible-streaming-iterator v0.1.9
   Compiling buck2_error_derive v0.1.0 (/app/app/buck2_error_derive)
   Compiling buck2_host_sharing_proto v0.1.0 (/app/app/buck2_host_sharing_proto)
   Compiling buck2_data v0.1.0 (/app/app/buck2_data)
    Checking arrayvec v0.7.6
    Checking arrayref v0.3.9
    Checking constant_time_eq v0.3.1
    Checking shlex v1.3.0
    Checking pin-project v0.4.30
    Checking atomic v0.5.3
    Checking bit-set v0.5.3
    Checking fastrand v2.3.0
    Checking dunce v1.0.5
    Checking rustls-pemfile v2.2.0
    Checking webpki-roots v1.0.2
    Checking indexmap v1.9.3
    Checking rustls-native-certs v0.8.1
    Checking rustix v1.0.8
    Checking atomic v0.6.1
    Checking tracing-log v0.2.0
    Checking anstream v0.6.20
    Checking sharded-slab v0.1.7
    Checking thread_local v1.1.9
    Checking nu-ansi-term v0.50.1
    Checking phf_shared v0.11.3
    Checking match_cfg v0.1.0
   Compiling buck2_core v0.1.0 (/app/app/buck2_core)
    Checking linkme v0.3.33
    Checking pest v2.8.1
    Checking os_str_bytes v6.6.1
    Checking futures-util v0.3.31
    Checking arc-swap v1.7.1
    Checking sequence_trie v0.3.6
    Checking indent_write v2.2.0
   Compiling buck2_subscription_proto v0.1.0 (/app/app/buck2_subscription_proto)
   Compiling buck2_cli_proto v0.1.0 (/app/app/buck2_cli_proto)
    Checking powerfmt v0.2.0
    Checking time-core v0.1.6
    Checking num-conv v0.1.0
    Checking take_mut v0.2.2
    Checking unicode-width v0.2.1
    Checking typed-arena v2.0.2
    Checking crossbeam-deque v0.8.6
    Checking anymap3 v1.0.1
    Checking is_proc_translated v0.1.1
    Checking webpki-roots v0.26.11
    Checking strsim v0.10.0
    Checking base64 v0.13.1
    Checking base64 v0.21.7
    Checking data-encoding v2.9.0
    Checking linux-raw-sys v0.4.15
    Checking iana-time-zone v0.1.63
    Checking num_enum v0.7.4
   Compiling buck2_downward_api_proto v0.1.0 (/app/app/buck2_downward_api_proto)
    Checking phf v0.11.3
   Compiling buck2_test_proto v0.1.0 (/app/app/buck2_test_proto)
    Checking indenter v0.3.4
    Checking bit-set v0.8.0
    Checking nom v8.0.0
    Checking zerovec v0.11.4
    Checking zerotrie v0.2.2
    Checking rustls-native-certs v0.7.3
    Checking endian-type v0.1.2
    Checking enum-map v2.7.3
   Compiling starlark v0.13.0 (/app/starlark-rust/starlark)
    Checking home v0.5.11
    Checking inventory v0.3.21
   Compiling re_grpc_proto v0.1.0 (/app/remote_execution/oss/re_grpc_proto)
    Checking memoffset v0.6.5
    Checking enum-iterator v1.5.0
   Compiling buck2_query_derive v0.4.1 (/app/app/buck2_query_derive)
    Checking num-traits v0.2.19
    Checking deranged v0.5.3
   Compiling buck2_action_metadata_proto v0.1.0 (/app/app/buck2_action_metadata_proto)
    Checking pathdiff v0.2.3
    Checking quick-xml v0.38.3
    Checking same-file v1.0.6
    Checking generic-array v0.14.7
    Checking jiff v0.2.15
    Checking murmur3 v0.5.2
    Checking zstd-sys v2.0.16+zstd.1.5.7
    Checking adler2 v2.0.1
    Checking display_container v0.9.0 (/app/gazebo/display_container)
    Checking crc32fast v1.5.0
    Checking compression-core v0.4.29
   Compiling buck2_health_check_proto v0.1.0 (/app/app/buck2_health_check_proto)
    Checking csscolorparser v0.6.2
    Checking rayon-core v1.13.0
    Checking glob v0.3.3
    Checking csv-core v0.1.12
    Checking rustls-pemfile v1.0.4
    Checking strum v0.26.3
    Checking const-random v0.1.18
    Checking humantime v2.2.0
    Checking const_format v0.2.34
    Checking assert_matches v1.5.0
   Compiling buck2_forkserver_proto v0.1.0 (/app/app/buck2_forkserver_proto)
    Checking hashlink v0.10.0
    Checking lru v0.12.5
    Checking num-format v0.4.4
    Checking dupe v0.9.1 (/app/gazebo/dupe)
    Checking walkdir v2.5.0
    Checking rgb v0.8.52
    Checking quick-xml v0.26.0
    Checking str_stack v0.1.0
   Compiling buck2_worker_proto v0.1.0 (/app/app/buck2_worker_proto)
    Checking crossbeam-queue v0.3.12
    Checking rustix v0.38.44
    Checking miniz_oxide v0.8.9
    Checking unicode-ident v1.0.18
    Checking zstd-safe v7.2.4
    Checking dlv-list v0.5.2
    Checking derive_more v2.0.1
    Checking platforms v2.0.0
   Compiling buck2_external_cells_bundled v0.1.0 (/app/app/buck2_external_cells_bundled)
   Compiling buck2_install_proto v0.1.0 (/app/app/buck2_install_proto)
   Compiling proc-macro2 v1.0.101
    Checking unescape v0.1.0
    Checking signal-hook-registry v1.4.6
    Checking mio v1.0.4
    Checking getrandom v0.2.16
    Checking socket2 v0.6.0
    Checking getrandom v0.3.3
    Checking socket2 v0.5.10
    Checking regex-automata v0.4.10
    Checking gazebo v0.8.1 (/app/gazebo/gazebo)
    Checking mio v0.8.11
    Checking nix v0.29.0
    Checking filedescriptor v0.8.3
    Checking termios v0.3.3
    Checking nix v0.30.1
    Checking perf-event-open-sys v5.0.0 (https://github.com/Nero5023/perf-event.git?rev=6dae86b6d4807acec081e6dc0a53167f57f8c0f4#6dae86b6)
    Checking sysinfo v0.35.2
    Checking hostname v0.3.1
    Checking sys-info v0.9.1
    Checking console v0.15.11
    Checking dirs-sys v0.3.7
    Checking xattr v0.2.3
    Checking term_size v0.3.2
    Checking nix v0.28.0
   Compiling starlark_derive v0.13.0 (/app/starlark-rust/starlark_derive)
    Checking faccess v0.2.4
    Checking signal-hook v0.3.18
    Checking uuid v1.17.0
    Checking rand_core v0.9.3
    Checking textwrap v0.11.0
    Checking filetime v0.2.26
    Checking inotify-sys v0.1.5
    Checking rand_core v0.6.4
    Checking ring v0.17.14
    Checking zstd v0.13.3
    Checking terminfo v0.9.0
    Checking rusticata-macros v4.1.0
    Checking memmap2 v0.5.10
    Checking rayon v1.11.0
    Checking dirs v3.0.2
    Checking is-terminal v0.4.16
    Checking inotify v0.9.6
    Checking num_cpus v1.17.0
    Checking crossbeam v0.8.4
    Checking nix v0.24.3
    Checking ppv-lite86 v0.2.21
    Checking ahash v0.8.12
    Checking perf-event v0.4.8 (https://github.com/Nero5023/perf-event.git?rev=6dae86b6d4807acec081e6dc0a53167f57f8c0f4#6dae86b6)
    Checking rand_xoshiro v0.6.0
    Checking wyhash v0.5.0
    Checking flate2 v1.1.2
    Checking constant_time_eq v0.2.6
    Checking sync_wrapper v0.1.2
    Checking block-buffer v0.10.4
    Checking num-integer v0.1.46
    Checking crypto-common v0.1.6
    Checking signal-hook-mio v0.2.4
    Checking ordered-float v4.6.0
    Checking euclid v0.22.11
    Checking chrono v0.4.41
    Checking num-complex v0.4.6
    Checking strict v0.2.0
    Checking rand_xoshiro v0.7.0
    Checking rand_xorshift v0.4.0
    Checking minimad v0.13.1
   Compiling test-case-core v3.3.1
   Compiling pulldown-cmark v0.12.2
    Checking threadpool v1.8.1
    Checking unicase v2.8.1
    Checking gimli v0.31.1
    Checking bytesize v2.0.1
    Checking siphasher v0.3.11
    Checking tikv-jemalloc-sys v0.6.0+5.3.0-1-ge13ca993e8ccb9ba9847cc330696e02839f328f7
   Compiling prettyplease v0.2.37
   Compiling fs-err v2.11.0
    Checking fixedbitset v0.5.7
    Checking rustc-demangle v0.1.26
    Checking digest v0.10.7
    Checking heck v0.5.0
    Checking notify v5.0.0
    Checking multimap v0.10.1
    Checking tikv-jemallocator v0.6.0
   Compiling buck2_build_api_derive v0.4.1 (/app/app/buck2_build_api_derive)
    Checking os_str_bytes v7.1.1
    Checking yansi v1.0.1
    Checking hashbrown v0.14.5
    Checking inferno v0.11.21
    Checking protoc-bin-vendored-linux-x86_32 v3.2.0
    Checking tinystr v0.8.1
    Checking potential_utf v0.1.3
    Checking sha2 v0.10.9
    Checking blake3 v1.8.2
    Checking sha1 v0.10.6
    Checking protoc-bin-vendored-linux-aarch_64 v3.2.0
    Checking quote v1.0.40
    Checking num-bigint v0.4.6
    Checking num-iter v0.1.45
    Checking protoc-bin-vendored-linux-ppcle_64 v3.2.0
    Checking protoc-bin-vendored-macos-aarch_64 v3.2.0
    Checking compression-codecs v0.4.30
    Checking protoc-bin-vendored-linux-s390_64 v3.2.0
    Checking protoc-bin-vendored-macos-x86_64 v3.2.0
    Checking cast v0.3.0
    Checking protoc-bin-vendored-linux-x86_64 v3.2.0
    Checking diff v0.1.13
    Checking rand_chacha v0.3.1
    Checking rand_chacha v0.9.0
    Checking protoc-bin-vendored-win32 v3.2.0
    Checking wezterm-dynamic v0.2.1
    Checking three_billion_instructions v0.1.0 (/app/shed/three_billion_instructions)
    Checking elf v0.8.0
    Checking whoami v1.6.1
    Checking rustc-hash v2.1.1
    Checking icu_collections v2.0.0
    Checking convert_case v0.4.0
    Checking pretty_assertions v1.4.1
    Checking icu_locale_core v2.0.0
    Checking provider v0.1.0 (/app/shed/provider)
    Checking syn v2.0.106
    Checking buck2_eden v0.1.0 (/app/app/buck2_eden)
    Checking protoc-bin-vendored v3.2.0
    Checking smallvec v1.15.1
    Checking bytes v1.10.1
    Checking indexmap v2.11.0
    Checking serde_json v1.0.143
    Checking triomphe v0.1.14
    Checking relative-path v1.9.3
    Checking serde_bytes v0.11.17
    Checking tracing-serde v0.2.0
    Checking ipnetwork v0.20.0
    Checking terminal_size v0.4.3
    Checking tempfile v3.21.0
    Checking linked-hash-map v0.5.6
    Checking fd-lock v4.0.4
    Checking time v0.3.43
    Checking rand v0.8.5
    Checking erased-serde v0.3.31
    Checking rand v0.9.2
    Checking multimap v0.8.3
    Checking csv v1.3.1
    Checking bincode v1.3.3
    Checking xattr v1.5.1
    Checking psutil v3.3.0
    Checking serde_urlencoded v0.7.1
    Checking wezterm-bidi v0.2.3
    Checking wezterm-color-types v0.3.0
    Checking wezterm-input-types v0.1.0
    Checking fs4 v0.9.1
    Checking argfile v0.2.1
    Checking parking_lot_core v0.9.11
    Checking parking_lot_core v0.8.6
    Checking rusqlite v0.36.0
    Checking clap_builder v4.5.47
    Checking nibble_vec v0.1.0
   Compiling test-case-macros v3.3.1
    Checking tar v0.4.44
    Checking parking_lot v0.11.2
    Checking radix_trie v0.2.1
    Checking parking_lot v0.12.4
    Checking dashmap v5.5.3
    Checking futures-executor v0.3.31
    Checking tower v0.5.2
    Checking prost v0.13.5
    Checking http v1.3.1
    Checking serde_bser v0.4.0
    Checking rustls-webpki v0.103.4
    Checking rustls-webpki v0.102.8
    Checking webpki v0.22.4
    Checking icu_provider v2.0.0
    Checking pulldown-cmark-to-cmark v20.0.1
    Checking twox-hash v2.1.2
    Checking rand_distr v0.5.1
    Checking futures-intrusive v0.4.2
    Checking futures v0.3.31
    Checking tokio v1.47.1
    Checking crossterm v0.27.0
    Checking crossterm v0.29.0
    Checking petgraph v0.7.1
    Checking mac_address v1.1.8
    Checking rustyline v14.0.0
    Checking strong_hash v0.1.0 (/app/gazebo/strong_hash)
    Checking num-rational v0.4.2
    Checking debugserver-types v0.5.0
    Checking internment v0.8.6
    Checking lsp-server v0.7.9
    Checking buck-resources v1.0.0 (/app/integrations/resources/rust)
    Checking twox-hash v1.6.3
    Checking argmin-math v0.4.0
    Checking rand_distr v0.4.3
    Checking test-case v3.3.1
    Checking icu_properties v2.0.1
    Checking icu_normalizer v2.0.0
    Checking prost-types v0.13.5
    Checking wezterm-blob-leases v0.1.1
    Checking strong_hash_tests v0.1.0 (/app/gazebo/strong_hash_tests)
    Checking rustls v0.23.31
    Checking argmin v0.10.0
    Checking nom-language v0.1.0
    Checking num v0.4.3
    Checking rustls v0.22.4
    Checking ruzstd v0.7.3
    Checking crokey v1.3.0
    Checking coolor v1.1.0
    Checking http-body v1.0.1
    Checking headers-core v0.3.0
    Checking headers v0.4.1
    Checking http-body-util v0.1.3
    Checking addr2line v0.24.2
    Checking regex v1.11.2
    Checking fancy-regex v0.14.0
    Checking matchers v0.2.0
    Checking bstr v1.12.0
    Checking axum-core v0.4.5
    Checking tracing-subscriber v0.3.20
    Checking object v0.36.7
    Checking asn1-rs v0.5.2
    Checking plist v1.7.4
    Checking env_logger v0.8.4
    Checking fancy-regex v0.11.0
    Checking env_filter v0.1.3
    Checking lazy-regex v3.4.1
    Checking termimad v0.30.1
    Checking clap v4.5.47
    Checking clap_complete v4.5.57
    Checking env_logger v0.11.8
    Checking globset v0.4.16
    Checking quickcheck v1.0.3
    Checking idna_adapter v1.2.1
    Checking idna v1.1.0
    Checking probminhash v0.1.12 (https://github.com/krallin/probminhash?rev=3d6b7a5315305c2893a7a04e0de9e23b305992c5#3d6b7a53)
    Checking termwiz v0.23.3
    Checking url v2.5.7
    Checking sorted_vector_map v0.2.0 (https://github.com/facebookexperimental/rust-shed#5cb07175)
    Checking fbinit v0.2.0
    Checking der-parser v8.2.0
    Checking oid-registry v0.6.1
    Checking lsp-types v0.94.1
    Checking x509-parser v0.14.0
    Checking axum v0.7.9
    Checking prost-build v0.13.5
    Checking tonic-build v0.12.3
    Checking backtrace v0.3.75
    Checking tokio-util v0.7.16
    Checking tokio-rustls v0.26.2
    Checking tokio-util v0.6.10
    Checking buck2_futures v0.1.0 (/app/app/buck2_futures)
    Checking tokio-rustls v0.25.0
    Checking async-scoped v0.9.0
    Checking async-compression v0.4.30
    Checking async-condvar-fair v1.0.1
    Checking watchman_client v0.9.0
    Checking h2 v0.4.12
    Checking tokio-stream v0.1.17
    Checking tower v0.4.13
    Checking dice_error v0.1.0 (/app/dice/dice_error)
    Checking lock_free_hashtable v0.1.0 (/app/shed/lock_free_hashtable)
    Checking lock_free_vec v0.1.0 (/app/shed/lock_free_vec)
    Checking superconsole v0.2.0 (/app/superconsole)
    Checking static_interner v0.1.0 (/app/shed/static_interner)
    Checking dice v0.1.0 (/app/dice/dice)
    Checking hyper v1.7.0
    Checking dice_examples v0.0.0 (/app/dice/dice_examples)
    Checking read_dump v0.1.0 (/app/dice/read_dump)
    Checking dice_tests v0.0.0 (/app/dice/dice_tests)
    Checking hyper-util v0.1.16
    Checking rust-project v0.0.0 (/app/integrations/rust-project)
    Checking hyper-timeout v0.5.2
    Checking hyper-rustls v0.26.0
    Checking hyperlocal v0.9.1
    Checking httptest v0.16.3
    Checking hyper-proxy2 v0.1.0
    Checking tonic v0.12.3
    Checking buck2_grpc v0.1.0 (/app/app/buck2_grpc)
    Checking host_sharing v0.1.0 (/app/host_sharing)
    Checking starlark_lsp v0.13.0 (/app/starlark-rust/starlark_lsp)
    Checking starlark_bin v0.13.0 (/app/starlark-rust/starlark_bin)
    Checking buck2_error v0.1.0 (/app/app/buck2_error)
    Checking buck2_miniperf_proto v0.1.0 (/app/app/buck2_miniperf_proto)
    Checking buck2_wrapper_common v0.1.0 (/app/app/buck2_wrapper_common)
    Checking buck2_downward_api v0.1.0 (/app/app/buck2_downward_api)
    Checking buck2_critical_path v0.1.0 (/app/app/buck2_critical_path)
    Checking buck2_util v0.1.0 (/app/app/buck2_util)
    Checking buck2_build_info v0.1.0 (/app/app/buck2_build_info)
    Checking buck2_certs v0.1.0 (/app/app/buck2_certs)
    Checking buck2_query_parser v0.1.0 (/app/app/buck2_query_parser)
    Checking buck2_miniperf v0.1.0 (/app/app/buck2_miniperf)
    Checking buck2_error_tests v0.1.0 (/app/app/buck2_error_tests)
    Checking buck2_http v0.1.0 (/app/app/buck2_http)
    Checking buck2_query v0.1.0 (/app/app/buck2_query)
    Checking buck2_directory v0.1.0 (/app/app/buck2_directory)
    Checking buck2_offline_archive v0.1.0 (/app/app/buck2_offline_archive)
    Checking buck2_events v0.1.0 (/app/app/buck2_events)
    Checking buck2_common v0.1.0 (/app/app/buck2_common)
    Checking buck2_test_api v0.1.0 (/app/app/buck2_test_api)
    Checking buck2_build_signals v0.1.0 (/app/app/buck2_build_signals)
    Checking buck2_test_runner v0.1.0 (/app/app/buck2_test_runner)
    Checking buck2_event_observer v0.1.0 (/app/app/buck2_event_observer)
    Checking buck2_re_configuration v0.1.0 (/app/app/buck2_re_configuration)
    Checking buck2_node v0.1.0 (/app/app/buck2_node)
    Checking buck2_interpreter v0.1.0 (/app/app/buck2_interpreter)
    Checking buck2_file_watcher v0.1.0 (/app/app/buck2_file_watcher)
    Checking buck2_health_check v0.1.0 (/app/app/buck2_health_check)
    Checking buck2_forkserver v0.1.0 (/app/app/buck2_forkserver)
    Checking buck2_resource_control v0.1.0 (/app/app/buck2_resource_control)
    Checking remote_execution v0.1.0 (/app/remote_execution/oss/re_grpc)
    Checking buck2_event_log v0.1.0 (/app/app/buck2_event_log)
    Checking buck2_execute v0.1.0 (/app/app/buck2_execute)
    Checking buck2_client_ctx v0.1.0 (/app/app/buck2_client_ctx)
    Checking buck2_profile v0.1.0 (/app/app/buck2_profile)
    Checking buck2_interpreter_for_build v0.1.0 (/app/app/buck2_interpreter_for_build)
    Checking buck2_node_tests v0.1.0 (/app/app/buck2_node_tests)
    Checking buck2_artifact v0.1.0 (/app/app/buck2_artifact)
    Checking buck2_server_ctx v0.1.0 (/app/app/buck2_server_ctx)
    Checking buck2_execute_impl v0.1.0 (/app/app/buck2_execute_impl)
    Checking buck2_build_api v0.1.0 (/app/app/buck2_build_api)
    Checking buck2_server_starlark_debug v0.1.0 (/app/app/buck2_server_starlark_debug)
    Checking buck2_audit v0.1.0 (/app/app/buck2_audit)
    Checking buck2_cmd_starlark_client v0.1.0 (/app/app/buck2_cmd_starlark_client)
    Checking buck2_cmd_debug_client v0.1.0 (/app/app/buck2_cmd_debug_client)
    Checking buck2_cmd_completion_client v0.1.0 (/app/app/buck2_cmd_completion_client)
    Checking buck2_cmd_log_client v0.1.0 (/app/app/buck2_cmd_log_client)
    Checking buck2_cmd_docs v0.1.0 (/app/app/buck2_cmd_docs)
    Checking buck2_cmd_docs_server v0.1.0 (/app/app/buck2_cmd_docs_server)
    Checking buck2_cmd_starlark_server v0.1.0 (/app/app/buck2_cmd_starlark_server)
    Checking buck2_client v0.1.0 (/app/app/buck2_client)
    Checking buck2_analysis v0.1.0 (/app/app/buck2_analysis)
    Checking buck2_configured v0.1.0 (/app/app/buck2_configured)
    Checking buck2_action_impl v0.1.0 (/app/app/buck2_action_impl)
    Checking buck2_validation v0.1.0 (/app/app/buck2_validation)
    Checking buck2_test v0.1.0 (/app/app/buck2_test)
    Checking buck2_external_cells v0.1.0 (/app/app/buck2_external_cells)
    Checking buck2_cfg_constructor v0.1.0 (/app/app/buck2_cfg_constructor)
    Checking buck2_query_impls v0.0.0 (/app/app/buck2_query_impls)
    Checking buck2_server_commands v0.1.0 (/app/app/buck2_server_commands)
    Checking buck2_transition v0.1.0 (/app/app/buck2_transition)
    Checking buck2_build_signals_impl v0.1.0 (/app/app/buck2_build_signals_impl)
    Checking buck2_audit_server v0.1.0 (/app/app/buck2_audit_server)
    Checking buck2_interpreter_for_build_tests v0.1.0 (/app/app/buck2_interpreter_for_build_tests)
    Checking buck2_anon_target v0.1.0 (/app/app/buck2_anon_target)
    Checking buck2_server v0.1.0 (/app/app/buck2_server)
    Checking buck2_bxl v0.1.0 (/app/app/buck2_bxl)
    Checking buck2_action_impl_tests v0.1.0 (/app/app/buck2_action_impl_tests)
    Checking buck2_build_api_tests v0.1.0 (/app/app/buck2_build_api_tests)
    Checking buck2_daemon v0.1.0 (/app/app/buck2_daemon)
    Checking buck2 v0.1.0 (/app/app/buck2)
    Finished `test` profile [optimized + debuginfo] target(s) in 2m 14s
Finished in 135.65 seconds.
Finished in 0.00 seconds.
[92mRunning cargo doc[0m
warning: output filename collision.
The bin target `starlark` in package `starlark_bin v0.13.0 (/app/starlark-rust/starlark_bin)` has the same output filename as the lib target `starlark` in package `starlark v0.13.0 (/app/starlark-rust/starlark)`.
Colliding filename is: /app/target/doc/starlark/index.html
The targets should have unique names.
This is a known bug where multiple crates with the same name use
the same path; see <https://github.com/rust-lang/cargo/issues/6313>.
    Checking cfg-if v1.0.3
    Checking memchr v2.7.5
    Checking log v0.4.28
    Checking once_cell v1.21.3
    Checking scopeguard v1.2.0
    Checking pin-project-lite v0.2.16
    Checking futures-core v0.3.31
    Checking itoa v1.0.15
    Checking futures-sink v0.3.31
    Checking allocator-api2 v0.2.21
    Checking slab v0.4.11
    Checking equivalent v1.0.2
    Checking foldhash v0.1.5
    Checking futures-io v0.3.31
    Checking pin-utils v0.1.0
    Checking futures-task v0.3.31
    Checking futures v0.1.31
    Checking regex-syntax v0.8.6
    Checking stable_deref_trait v1.2.0
    Checking either v1.15.0
    Checking ryu v1.0.20
    Checking tracing-core v0.1.34
    Checking futures-channel v0.3.31
    Checking instant v0.1.13
    Checking static_assertions v1.1.0
    Checking fnv v1.0.7
    Checking subtle v2.6.1
    Checking bumpalo v3.19.0
    Checking zeroize v1.8.1
    Checking percent-encoding v2.3.2
    Checking bitflags v2.9.4
    Checking untrusted v0.9.0
    Checking tower-service v0.3.3
    Checking try-lock v0.2.5
    Checking atomic-waker v1.1.2
    Checking httpdate v1.0.3
    Checking base64 v0.22.1
    Checking tower-layer v0.3.3
    Checking mime v0.3.17
    Checking sync_wrapper v1.0.2
    Checking libc v0.2.175
    Checking zerocopy v0.8.27
    Checking libm v0.2.15
    Checking anyhow v1.0.99
    Checking hashbrown v0.12.3
    Checking matchit v0.7.3
    Checking linux-raw-sys v0.9.4
    Checking byteorder v1.5.0
    Checking utf8parse v0.2.2
    Checking bitflags v1.3.2
    Checking lock_api v0.4.13
    Checking castaway v0.2.4
    Checking httparse v1.10.1
    Checking writeable v0.6.1
    Checking litemap v0.8.0
    Checking hex v0.4.3
    Checking strsim v0.11.1
    Checking hashbrown v0.15.5
    Checking itertools v0.14.0
    Checking rustls-pki-types v1.12.0
    Checking crossbeam-utils v0.8.21
    Checking serde v1.0.219
    Checking thiserror v1.0.69
    Checking dupe v0.9.1 (/app/gazebo/dupe)
    Checking want v0.3.1
    Checking pin-project v1.1.10
    Checking derive_more v1.0.0
    Checking async-stream v0.3.6
    Checking ref-cast v1.0.24
    Checking typenum v1.18.0
    Checking icu_normalizer_data v2.0.0
    Checking icu_properties_data v2.0.1
    Checking itertools v0.13.0
    Checking unicode-width v0.1.14
    Checking cmp_any v0.8.1 (/app/gazebo/cmp_any)
    Checking utf8_iter v1.0.4
    Checking form_urlencoded v1.2.2
    Checking zerofrom v0.1.6
    Checking minimal-lexical v0.2.1
    Checking lazy_static v1.5.0
    Checking anstyle-parse v0.2.7
    Checking cpufeatures v0.2.17
    Checking unicode-segmentation v1.12.0
    Checking is_terminal_polyfill v1.70.1
    Checking colorchoice v1.0.4
    Checking anstyle-query v1.1.4
    Checking anstyle v1.0.11
    Checking bytemuck v1.23.2
    Checking siphasher v1.0.1
    Checking memoffset v0.9.1
    Checking lalrpop-util v0.19.12
    Checking clap_lex v0.7.5
    Checking maplit v1.0.2
    Checking compact_str v0.8.1
    Checking bit-vec v0.6.3
    Checking lab v0.11.0
    Checking thiserror v2.0.16
    Checking deltae v0.3.2
    Checking aho-corasick v1.1.3
    Checking logos v0.15.1
    Checking openssl-probe v0.1.6
    Checking ucd-trie v0.1.7
    Checking vtparse v0.6.2
    Checking fixedbitset v0.4.2
    Checking memmem v0.1.1
    Checking finl_unicode v1.3.0
    Checking bit-vec v0.8.0
    Checking libsqlite3-sys v0.34.0
    Checking fallible-streaming-iterator v0.1.9
    Checking fallible-iterator v0.3.0
    Checking arrayvec v0.7.6
    Checking gazebo v0.8.1 (/app/gazebo/gazebo)
    Checking shlex v1.3.0
    Checking constant_time_eq v0.3.1
    Checking arrayref v0.3.9
    Checking atomic v0.5.3
    Checking fastrand v2.3.0
    Checking pin-project v0.4.30
    Checking dunce v1.0.5
    Checking sharded-slab v0.1.7
    Checking thread_local v1.1.9
    Checking tracing v0.1.41
    Checking tracing-log v0.2.0
    Checking nu-ansi-term v0.50.1
    Checking match_cfg v0.1.0
    Checking os_str_bytes v6.6.1
    Checking linkme v0.3.33
    Checking arc-swap v1.7.1
    Checking sequence_trie v0.3.6
    Checking indent_write v2.2.0
    Checking yoke v0.8.0
    Checking powerfmt v0.2.0
    Checking anstream v0.6.20
    Checking phf_shared v0.11.3
    Checking num-conv v0.1.0
    Checking time-core v0.1.6
    Checking fxhash v0.2.1
    Checking unicode-width v0.2.1
    Checking is_proc_translated v0.1.1
    Checking take_mut v0.2.2
    Checking nom v7.1.3
    Checking bit-set v0.5.3
    Checking anymap3 v1.0.1
    Checking rustls-pemfile v2.2.0
    Checking webpki-roots v1.0.2
    Checking rustix v1.0.8
    Checking crossbeam-channel v0.5.15
    Checking annotate-snippets v0.9.2
    Checking atomic v0.6.1
    Checking pest v2.8.1
    Checking crossbeam-epoch v0.9.18
    Checking rustls-native-certs v0.8.1
    Checking typed-arena v2.0.2
    Checking indexmap v1.9.3
    Checking base64 v0.21.7
    Checking data-encoding v2.9.0
    Checking strsim v0.10.0
    Checking base64 v0.13.1
    Checking phf v0.11.3
    Checking bstr v1.12.0
    Checking linux-raw-sys v0.4.15
    Checking iana-time-zone v0.1.63
    Checking num_enum v0.7.4
    Checking indenter v0.3.4
    Checking nom v8.0.0
    Checking endian-type v0.1.2
    Checking enum-map v2.7.3
    Checking webpki-roots v0.26.11
    Checking home v0.5.11
    Checking memoffset v0.6.5
    Checking hashlink v0.10.0
    Checking inventory v0.3.21
    Checking enum-iterator v1.5.0
    Checking futures-util v0.3.31
    Checking lru v0.12.5
    Checking pathdiff v0.2.3
    Checking quick-xml v0.38.3
    Checking same-file v1.0.6
    Checking deranged v0.5.3
    Checking zerovec v0.11.4
    Checking zerotrie v0.2.2
    Checking bit-set v0.8.0
    Checking crossbeam-deque v0.8.6
    Checking jiff v0.2.15
    Checking murmur3 v0.5.2
    Checking adler2 v2.0.1
    Checking compression-core v0.4.29
    Checking zstd-sys v2.0.16+zstd.1.5.7
    Checking csv-core v0.1.12
    Checking generic-array v0.14.7
    Checking rustls-native-certs v0.7.3
    Checking crc32fast v1.5.0
    Checking strum v0.26.3
    Checking humantime v2.2.0
    Checking glob v0.3.3
    Checking const-random v0.1.18
    Checking const_format v0.2.34
    Checking num-format v0.4.4
    Checking rgb v0.8.52
    Checking quick-xml v0.26.0
    Checking display_container v0.9.0 (/app/gazebo/display_container)
    Checking str_stack v0.1.0
    Checking csscolorparser v0.6.2
    Checking crossbeam-queue v0.3.12
    Checking derive_more v2.0.1
    Checking unicode-ident v1.0.18
    Checking platforms v2.0.0
    Checking unescape v0.1.0
    Checking strict v0.2.0
    Checking sync_wrapper v0.1.2
    Checking constant_time_eq v0.2.6
    Checking unicase v2.8.1
    Checking minimad v0.13.1
    Checking walkdir v2.5.0
    Checking fixedbitset v0.5.7
    Checking rustls-pemfile v1.0.4
    Checking rayon-core v1.13.0
    Checking siphasher v0.3.11
    Checking bytesize v2.0.1
    Checking gimli v0.31.1
    Checking multimap v0.10.1
    Checking heck v0.5.0
    Checking fs-err v2.11.0
    Checking dlv-list v0.5.2
    Checking proc-macro2 v1.0.101
    Checking os_str_bytes v7.1.1
    Checking protoc-bin-vendored-linux-ppcle_64 v3.2.0
    Checking zstd-safe v7.2.4
    Checking protoc-bin-vendored-linux-x86_32 v3.2.0
    Checking protoc-bin-vendored-win32 v3.2.0
    Checking protoc-bin-vendored-linux-s390_64 v3.2.0
    Checking protoc-bin-vendored-linux-aarch_64 v3.2.0
    Checking protoc-bin-vendored-macos-aarch_64 v3.2.0
    Checking protoc-bin-vendored-linux-x86_64 v3.2.0
    Checking rustc-demangle v0.1.26
    Checking protoc-bin-vendored-macos-x86_64 v3.2.0
    Checking num-traits v0.2.19
    Checking miniz_oxide v0.8.9
    Checking rustc-hash v2.1.1
    Checking whoami v1.6.1
    Checking elf v0.8.0
 Documenting buck2_query_derive v0.4.1 (/app/app/buck2_query_derive)
 Documenting buck2_error_derive v0.1.0 (/app/app/buck2_error_derive)
 Documenting allocative_derive v0.3.3 (/app/allocative/allocative_derive)
 Documenting dupe_derive v0.9.1 (/app/gazebo/dupe_derive)
 Documenting strong_hash_derive v0.1.0 (/app/gazebo/strong_hash_derive)
    Checking pulldown-cmark v0.12.2
 Documenting starlark_derive v0.13.0 (/app/starlark-rust/starlark_derive)
 Documenting gazebo_derive v0.8.0 (/app/gazebo/gazebo_derive)
 Documenting display_container v0.9.0 (/app/gazebo/display_container)
 Documenting gazebo v0.8.1 (/app/gazebo/gazebo)
 Documenting three_billion_instructions v0.1.0 (/app/shed/three_billion_instructions)
 Documenting dupe v0.9.1 (/app/gazebo/dupe)
 Documenting buck2_error_tests v0.1.0 (/app/app/buck2_error_tests)
 Documenting buck2_action_impl_tests v0.1.0 (/app/app/buck2_action_impl_tests)
 Documenting buck2_node_tests v0.1.0 (/app/app/buck2_node_tests)
 Documenting cmp_any v0.8.1 (/app/gazebo/cmp_any)
 Documenting buck2_eden v0.1.0 (/app/app/buck2_eden)
 Documenting buck2_build_api_tests v0.1.0 (/app/app/buck2_build_api_tests)
 Documenting buck2_interpreter_for_build_tests v0.1.0 (/app/app/buck2_interpreter_for_build_tests)
 Documenting provider v0.1.0 (/app/shed/provider)
 Documenting strong_hash_tests v0.1.0 (/app/gazebo/strong_hash_tests)
 Documenting dice_tests v0.0.0 (/app/dice/dice_tests)
    Checking crossbeam v0.8.4
    Checking protoc-bin-vendored v3.2.0
    Checking rustix v0.38.44
    Checking zstd v0.13.3
    Checking argfile v0.2.1
 Documenting buck2_build_api_derive v0.4.1 (/app/app/buck2_build_api_derive)
    Checking regex-automata v0.4.10
    Checking block-buffer v0.10.4
    Checking crypto-common v0.1.6
    Checking quote v1.0.40
    Checking flate2 v1.1.2
    Checking rayon v1.11.0
    Checking signal-hook-registry v1.4.6
    Checking mio v1.0.4
    Checking getrandom v0.2.16
    Checking socket2 v0.6.0
    Checking getrandom v0.3.3
    Checking socket2 v0.5.10
    Checking mio v0.8.11
    Checking nix v0.29.0
    Checking termios v0.3.3
    Checking filedescriptor v0.8.3
    Checking nix v0.30.1
    Checking sysinfo v0.35.2
    Checking perf-event-open-sys v5.0.0 (https://github.com/Nero5023/perf-event.git?rev=6dae86b6d4807acec081e6dc0a53167f57f8c0f4#6dae86b6)
    Checking hostname v0.3.1
    Checking sys-info v0.9.1
    Checking console v0.15.11
    Checking dirs-sys v0.3.7
    Checking xattr v0.2.3
    Checking term_size v0.3.2
    Checking nix v0.28.0
    Checking ppv-lite86 v0.2.21
    Checking digest v0.10.7
    Checking faccess v0.2.4
    Checking filetime v0.2.26
    Checking inotify-sys v0.1.5
    Checking memmap2 v0.5.10
    Checking is-terminal v0.4.16
    Checking num_cpus v1.17.0
    Checking nix v0.24.3
    Checking syn v2.0.106
    Checking tikv-jemalloc-sys v0.6.0+5.3.0-1-ge13ca993e8ccb9ba9847cc330696e02839f328f7
    Checking ahash v0.8.12
    Checking uuid v1.17.0
    Checking rand_core v0.9.3
    Checking tinystr v0.8.1
    Checking potential_utf v0.1.3
    Checking textwrap v0.11.0
    Checking dirs v3.0.2
    Checking num-integer v0.1.46
    Checking rand_core v0.6.4
    Checking ring v0.17.14
    Checking ordered-float v4.6.0
    Checking euclid v0.22.11
    Checking chrono v0.4.41
    Checking num-complex v0.4.6
    Checking inotify v0.9.6
    Checking sha2 v0.10.9
    Checking blake3 v1.8.2
    Checking sha1 v0.10.6
    Checking threadpool v1.8.1
    Checking terminfo v0.9.0
    Checking rusticata-macros v4.1.0
    Checking tikv-jemallocator v0.6.0
    Checking compression-codecs v0.4.30
    Checking time v0.3.43
    Checking hashbrown v0.14.5
    Checking inferno v0.11.21
    Checking icu_collections v2.0.0
    Checking signal-hook v0.3.18
    Checking rand_xoshiro v0.6.0
    Checking wyhash v0.5.0
    Checking icu_locale_core v2.0.0
    Checking rand_xoshiro v0.7.0
    Checking rand_xorshift v0.4.0
    Checking rand_chacha v0.3.1
    Checking rand_chacha v0.9.0
    Checking num-bigint v0.4.6
    Checking num-iter v0.1.45
    Checking perf-event v0.4.8 (https://github.com/Nero5023/perf-event.git?rev=6dae86b6d4807acec081e6dc0a53167f57f8c0f4#6dae86b6)
    Checking notify v5.0.0
    Checking signal-hook-mio v0.2.4
    Checking rand v0.8.5
    Checking wezterm-dynamic v0.2.1
    Checking terminal_size v0.4.3
    Checking tempfile v3.21.0
    Checking fd-lock v4.0.4
    Checking xattr v1.5.1
    Checking rand v0.9.2
    Checking pulldown-cmark-to-cmark v20.0.1
    Checking smallvec v1.15.1
    Checking bytes v1.10.1
    Checking indexmap v2.11.0
    Checking serde_json v1.0.143
    Checking triomphe v0.1.14
    Checking relative-path v1.9.3
    Checking serde_bytes v0.11.17
    Checking tracing-serde v0.2.0
    Checking ipnetwork v0.20.0
    Checking linked-hash-map v0.5.6
    Checking erased-serde v0.3.31
    Checking multimap v0.8.3
    Checking csv v1.3.1
    Checking bincode v1.3.3
    Checking clap_builder v4.5.47
    Checking psutil v3.3.0
    Checking wezterm-color-types v0.3.0
    Checking wezterm-bidi v0.2.3
    Checking wezterm-input-types v0.1.0
    Checking tar v0.4.44
    Checking icu_provider v2.0.0
    Checking parking_lot_core v0.9.11
    Checking parking_lot_core v0.8.6
    Checking rusqlite v0.36.0
    Checking nibble_vec v0.1.0
    Checking icu_normalizer v2.0.0
    Checking icu_properties v2.0.1
    Checking rustls-webpki v0.103.4
    Checking rustls-webpki v0.102.8
    Checking webpki v0.22.4
    Checking radix_trie v0.2.1
    Checking rand_distr v0.5.1
    Checking twox-hash v2.1.2
    Checking twox-hash v1.6.3
    Checking argmin-math v0.4.0
    Checking parking_lot v0.12.4
    Checking dashmap v5.5.3
    Checking parking_lot v0.11.2
    Checking fs4 v0.9.1
    Checking prost v0.13.5
    Checking http v1.3.1
    Checking serde_bser v0.4.0
    Checking nom-language v0.1.0
    Checking tokio v1.47.1
    Checking crossterm v0.27.0
    Checking crossterm v0.29.0
    Checking argmin v0.10.0
    Checking futures-intrusive v0.4.2
    Checking addr2line v0.24.2
    Checking ruzstd v0.7.3
    Checking petgraph v0.7.1
    Checking strong_hash v0.1.0 (/app/gazebo/strong_hash)
    Checking num-rational v0.4.2
 Documenting strong_hash v0.1.0 (/app/gazebo/strong_hash)
    Checking rustls v0.23.31
    Checking asn1-rs v0.5.2
    Checking rustls v0.22.4
    Checking plist v1.7.4
    Checking internment v0.8.6
    Checking mac_address v1.1.8
    Checking futures-executor v0.3.31
    Checking tower v0.5.2
    Checking wezterm-blob-leases v0.1.1
    Checking prost-types v0.13.5
    Checking futures v0.3.31
    Checking num v0.4.3
    Checking rustyline v14.0.0
    Checking debugserver-types v0.5.0
    Checking lsp-server v0.7.9
 Documenting buck-resources v1.0.0 (/app/integrations/resources/rust)
    Checking object v0.36.7
    Checking http-body v1.0.1
    Checking headers-core v0.3.0
    Checking http-body-util v0.1.3
    Checking headers v0.4.1
    Checking crokey v1.3.0
    Checking coolor v1.1.0
    Checking idna_adapter v1.2.1
    Checking regex v1.11.2
    Checking fancy-regex v0.14.0
    Checking matchers v0.2.0
    Checking globset v0.4.16
    Checking axum-core v0.4.5
    Checking idna v1.1.0
    Checking tracing-subscriber v0.3.20
    Checking url v2.5.7
    Checking env_logger v0.8.4
    Checking fancy-regex v0.11.0
    Checking env_filter v0.1.3
    Checking lazy-regex v3.4.1
    Checking termimad v0.30.1
    Checking clap v4.5.47
    Checking env_logger v0.11.8
    Checking clap_complete v4.5.57
    Checking quickcheck v1.0.3
    Checking probminhash v0.1.12 (https://github.com/krallin/probminhash?rev=3d6b7a5315305c2893a7a04e0de9e23b305992c5#3d6b7a53)
    Checking oid-registry v0.6.1
    Checking der-parser v8.2.0
    Checking termwiz v0.23.3
    Checking lsp-types v0.94.1
    Checking sorted_vector_map v0.2.0 (https://github.com/facebookexperimental/rust-shed#5cb07175)
    Checking fbinit v0.2.0
    Checking x509-parser v0.14.0
    Checking prettyplease v0.2.37
    Checking prost-build v0.13.5
    Checking axum v0.7.9
    Checking tonic-build v0.12.3
 Documenting buck2_protoc_dev v0.1.0 (/app/app/buck2_protoc_dev)
    Checking backtrace v0.3.75
    Checking allocative v0.3.4 (/app/allocative/allocative)
    Checking tokio-util v0.7.16
    Checking tokio-rustls v0.26.2
    Checking tokio-util v0.6.10
    Checking buck2_futures v0.1.0 (/app/app/buck2_futures)
    Checking tokio-rustls v0.25.0
    Checking async-scoped v0.9.0
    Checking async-compression v0.4.30
    Checking async-condvar-fair v1.0.1
 Documenting buck2_futures v0.1.0 (/app/app/buck2_futures)
 Documenting allocative v0.3.4 (/app/allocative/allocative)
    Checking superconsole v0.2.0 (/app/superconsole)
 Documenting superconsole v0.2.0 (/app/superconsole)
    Checking starlark_map v0.13.0 (/app/starlark-rust/starlark_map)
    Checking dice_error v0.1.0 (/app/dice/dice_error)
    Checking lock_free_hashtable v0.1.0 (/app/shed/lock_free_hashtable)
    Checking lock_free_vec v0.1.0 (/app/shed/lock_free_vec)
 Documenting lock_free_vec v0.1.0 (/app/shed/lock_free_vec)
 Documenting lock_free_hashtable v0.1.0 (/app/shed/lock_free_hashtable)
 Documenting dice_error v0.1.0 (/app/dice/dice_error)
 Documenting starlark_map v0.13.0 (/app/starlark-rust/starlark_map)
    Checking h2 v0.4.12
    Checking tokio-stream v0.1.17
    Checking tower v0.4.13
    Checking watchman_client v0.9.0
    Checking static_interner v0.1.0 (/app/shed/static_interner)
 Documenting static_interner v0.1.0 (/app/shed/static_interner)
    Checking dice v0.1.0 (/app/dice/dice)
 Documenting dice v0.1.0 (/app/dice/dice)
 Documenting dice_examples v0.0.0 (/app/dice/dice_examples)
 Documenting read_dump v0.1.0 (/app/dice/read_dump)
    Checking starlark_syntax v0.13.0 (/app/starlark-rust/starlark_syntax)
 Documenting starlark_syntax v0.13.0 (/app/starlark-rust/starlark_syntax)
 Documenting rust-project v0.0.0 (/app/integrations/rust-project)
    Checking hyper v1.7.0
    Checking hyper-util v0.1.16
    Checking starlark v0.13.0 (/app/starlark-rust/starlark)
 Documenting starlark v0.13.0 (/app/starlark-rust/starlark)
    Checking hyper-timeout v0.5.2
    Checking hyper-rustls v0.26.0
    Checking hyperlocal v0.9.1
    Checking tonic v0.12.3
    Checking hyper-proxy2 v0.1.0
    Checking buck2_host_sharing_proto v0.1.0 (/app/app/buck2_host_sharing_proto)
    Checking buck2_subscription_proto v0.1.0 (/app/app/buck2_subscription_proto)
    Checking buck2_grpc v0.1.0 (/app/app/buck2_grpc)
    Checking buck2_action_metadata_proto v0.1.0 (/app/app/buck2_action_metadata_proto)
    Checking buck2_worker_proto v0.1.0 (/app/app/buck2_worker_proto)
    Checking buck2_install_proto v0.1.0 (/app/app/buck2_install_proto)
 Documenting buck2_worker_proto v0.1.0 (/app/app/buck2_worker_proto)
 Documenting buck2_action_metadata_proto v0.1.0 (/app/app/buck2_action_metadata_proto)
 Documenting buck2_host_sharing_proto v0.1.0 (/app/app/buck2_host_sharing_proto)
 Documenting buck2_subscription_proto v0.1.0 (/app/app/buck2_subscription_proto)
 Documenting buck2_install_proto v0.1.0 (/app/app/buck2_install_proto)
 Documenting buck2_grpc v0.1.0 (/app/app/buck2_grpc)
    Checking buck2_data v0.1.0 (/app/app/buck2_data)
    Checking host_sharing v0.1.0 (/app/host_sharing)
 Documenting host_sharing v0.1.0 (/app/host_sharing)
 Documenting buck2_data v0.1.0 (/app/app/buck2_data)
    Checking starlark_lsp v0.13.0 (/app/starlark-rust/starlark_lsp)
 Documenting starlark_lsp v0.13.0 (/app/starlark-rust/starlark_lsp)
 Documenting starlark_bin v0.13.0 (/app/starlark-rust/starlark_bin)
    Checking buck2_error v0.1.0 (/app/app/buck2_error)
    Checking buck2_test_proto v0.1.0 (/app/app/buck2_test_proto)
    Checking buck2_miniperf_proto v0.1.0 (/app/app/buck2_miniperf_proto)
    Checking re_grpc_proto v0.1.0 (/app/remote_execution/oss/re_grpc_proto)
    Checking buck2_health_check_proto v0.1.0 (/app/app/buck2_health_check_proto)
    Checking buck2_forkserver_proto v0.1.0 (/app/app/buck2_forkserver_proto)
 Documenting re_grpc_proto v0.1.0 (/app/remote_execution/oss/re_grpc_proto)
 Documenting buck2_test_proto v0.1.0 (/app/app/buck2_test_proto)
 Documenting buck2_miniperf_proto v0.1.0 (/app/app/buck2_miniperf_proto)
 Documenting buck2_error v0.1.0 (/app/app/buck2_error)
 Documenting buck2_health_check_proto v0.1.0 (/app/app/buck2_health_check_proto)
 Documenting buck2_forkserver_proto v0.1.0 (/app/app/buck2_forkserver_proto)
    Checking buck2_wrapper_common v0.1.0 (/app/app/buck2_wrapper_common)
    Checking buck2_downward_api_proto v0.1.0 (/app/app/buck2_downward_api_proto)
    Checking buck2_downward_api v0.1.0 (/app/app/buck2_downward_api)
    Checking buck2_critical_path v0.1.0 (/app/app/buck2_critical_path)
 Documenting buck2_critical_path v0.1.0 (/app/app/buck2_critical_path)
 Documenting buck2_downward_api_proto v0.1.0 (/app/app/buck2_downward_api_proto)
 Documenting buck2_downward_api v0.1.0 (/app/app/buck2_downward_api)
 Documenting buck2_wrapper_common v0.1.0 (/app/app/buck2_wrapper_common)
    Checking buck2_util v0.1.0 (/app/app/buck2_util)
 Documenting buck2_util v0.1.0 (/app/app/buck2_util)
    Checking buck2_core v0.1.0 (/app/app/buck2_core)
    Checking buck2_build_info v0.1.0 (/app/app/buck2_build_info)
    Checking buck2_certs v0.1.0 (/app/app/buck2_certs)
    Checking buck2_query_parser v0.1.0 (/app/app/buck2_query_parser)
 Documenting buck2_query_parser v0.1.0 (/app/app/buck2_query_parser)
 Documenting buck2_certs v0.1.0 (/app/app/buck2_certs)
 Documenting buck2_core v0.1.0 (/app/app/buck2_core)
 Documenting buck2_build_info v0.1.0 (/app/app/buck2_build_info)
 Documenting buck2_miniperf v0.1.0 (/app/app/buck2_miniperf)
    Checking buck2_http v0.1.0 (/app/app/buck2_http)
 Documenting buck2_http v0.1.0 (/app/app/buck2_http)
    Checking buck2_cli_proto v0.1.0 (/app/app/buck2_cli_proto)
    Checking buck2_directory v0.1.0 (/app/app/buck2_directory)
    Checking buck2_query v0.1.0 (/app/app/buck2_query)
    Checking buck2_offline_archive v0.1.0 (/app/app/buck2_offline_archive)
 Documenting buck2_offline_archive v0.1.0 (/app/app/buck2_offline_archive)
 Documenting buck2_query v0.1.0 (/app/app/buck2_query)
 Documenting buck2_cli_proto v0.1.0 (/app/app/buck2_cli_proto)
 Documenting buck2_directory v0.1.0 (/app/app/buck2_directory)
    Checking buck2_events v0.1.0 (/app/app/buck2_events)
 Documenting buck2_events v0.1.0 (/app/app/buck2_events)
    Checking buck2_common v0.1.0 (/app/app/buck2_common)
    Checking buck2_test_api v0.1.0 (/app/app/buck2_test_api)
    Checking buck2_build_signals v0.1.0 (/app/app/buck2_build_signals)
 Documenting buck2_test_api v0.1.0 (/app/app/buck2_test_api)
 Documenting buck2_common v0.1.0 (/app/app/buck2_common)
 Documenting buck2_build_signals v0.1.0 (/app/app/buck2_build_signals)
    Checking buck2_test_runner v0.1.0 (/app/app/buck2_test_runner)
 Documenting buck2_test_runner v0.1.0 (/app/app/buck2_test_runner)
    Checking buck2_event_observer v0.1.0 (/app/app/buck2_event_observer)
    Checking buck2_re_configuration v0.1.0 (/app/app/buck2_re_configuration)
    Checking buck2_node v0.1.0 (/app/app/buck2_node)
    Checking buck2_interpreter v0.1.0 (/app/app/buck2_interpreter)
    Checking buck2_file_watcher v0.1.0 (/app/app/buck2_file_watcher)
    Checking buck2_health_check v0.1.0 (/app/app/buck2_health_check)
    Checking buck2_forkserver v0.1.0 (/app/app/buck2_forkserver)
    Checking buck2_resource_control v0.1.0 (/app/app/buck2_resource_control)
    Checking buck2_external_cells_bundled v0.1.0 (/app/app/buck2_external_cells_bundled)
 Documenting buck2_node v0.1.0 (/app/app/buck2_node)
 Documenting buck2_file_watcher v0.1.0 (/app/app/buck2_file_watcher)
 Documenting buck2_event_observer v0.1.0 (/app/app/buck2_event_observer)
 Documenting buck2_external_cells_bundled v0.1.0 (/app/app/buck2_external_cells_bundled)
 Documenting buck2_forkserver v0.1.0 (/app/app/buck2_forkserver)
 Documenting buck2_re_configuration v0.1.0 (/app/app/buck2_re_configuration)
 Documenting buck2_interpreter v0.1.0 (/app/app/buck2_interpreter)
 Documenting buck2_health_check v0.1.0 (/app/app/buck2_health_check)
 Documenting buck2_resource_control v0.1.0 (/app/app/buck2_resource_control)
    Checking remote_execution v0.1.0 (/app/remote_execution/oss/re_grpc)
 Documenting remote_execution v0.1.0 (/app/remote_execution/oss/re_grpc)
    Checking buck2_event_log v0.1.0 (/app/app/buck2_event_log)
 Documenting buck2_event_log v0.1.0 (/app/app/buck2_event_log)
    Checking buck2_execute v0.1.0 (/app/app/buck2_execute)
 Documenting buck2_execute v0.1.0 (/app/app/buck2_execute)
    Checking buck2_client_ctx v0.1.0 (/app/app/buck2_client_ctx)
 Documenting buck2_client_ctx v0.1.0 (/app/app/buck2_client_ctx)
    Checking buck2_profile v0.1.0 (/app/app/buck2_profile)
 Documenting buck2_profile v0.1.0 (/app/app/buck2_profile)
    Checking buck2_interpreter_for_build v0.1.0 (/app/app/buck2_interpreter_for_build)
 Documenting buck2_interpreter_for_build v0.1.0 (/app/app/buck2_interpreter_for_build)
    Checking buck2_artifact v0.1.0 (/app/app/buck2_artifact)
    Checking buck2_server_ctx v0.1.0 (/app/app/buck2_server_ctx)
    Checking buck2_execute_impl v0.1.0 (/app/app/buck2_execute_impl)
 Documenting buck2_execute_impl v0.1.0 (/app/app/buck2_execute_impl)
 Documenting buck2_artifact v0.1.0 (/app/app/buck2_artifact)
 Documenting buck2_server_ctx v0.1.0 (/app/app/buck2_server_ctx)
    Checking buck2_build_api v0.1.0 (/app/app/buck2_build_api)
 Documenting buck2_build_api v0.1.0 (/app/app/buck2_build_api)
    Checking buck2_server_starlark_debug v0.1.0 (/app/app/buck2_server_starlark_debug)
 Documenting buck2_server_starlark_debug v0.1.0 (/app/app/buck2_server_starlark_debug)
    Checking buck2_audit v0.1.0 (/app/app/buck2_audit)
    Checking buck2_cmd_starlark_client v0.1.0 (/app/app/buck2_cmd_starlark_client)
    Checking buck2_cmd_docs v0.1.0 (/app/app/buck2_cmd_docs)
    Checking buck2_cmd_debug_client v0.1.0 (/app/app/buck2_cmd_debug_client)
    Checking buck2_cmd_completion_client v0.1.0 (/app/app/buck2_cmd_completion_client)
    Checking buck2_cmd_log_client v0.1.0 (/app/app/buck2_cmd_log_client)
 Documenting buck2_audit v0.1.0 (/app/app/buck2_audit)
 Documenting buck2_cmd_starlark_client v0.1.0 (/app/app/buck2_cmd_starlark_client)
 Documenting buck2_cmd_completion_client v0.1.0 (/app/app/buck2_cmd_completion_client)
 Documenting buck2_cmd_debug_client v0.1.0 (/app/app/buck2_cmd_debug_client)
 Documenting buck2_cmd_docs v0.1.0 (/app/app/buck2_cmd_docs)
 Documenting buck2_cmd_log_client v0.1.0 (/app/app/buck2_cmd_log_client)
    Checking buck2_cmd_docs_server v0.1.0 (/app/app/buck2_cmd_docs_server)
    Checking buck2_cmd_starlark_server v0.1.0 (/app/app/buck2_cmd_starlark_server)
 Documenting buck2_cmd_docs_server v0.1.0 (/app/app/buck2_cmd_docs_server)
 Documenting buck2_cmd_starlark_server v0.1.0 (/app/app/buck2_cmd_starlark_server)
    Checking buck2_client v0.1.0 (/app/app/buck2_client)
 Documenting buck2_client v0.1.0 (/app/app/buck2_client)
    Checking buck2_analysis v0.1.0 (/app/app/buck2_analysis)
    Checking buck2_configured v0.1.0 (/app/app/buck2_configured)
    Checking buck2_validation v0.1.0 (/app/app/buck2_validation)
    Checking buck2_test v0.1.0 (/app/app/buck2_test)
    Checking buck2_action_impl v0.1.0 (/app/app/buck2_action_impl)
    Checking buck2_external_cells v0.1.0 (/app/app/buck2_external_cells)
    Checking buck2_server_commands v0.1.0 (/app/app/buck2_server_commands)
    Checking buck2_cfg_constructor v0.1.0 (/app/app/buck2_cfg_constructor)
    Checking buck2_query_impls v0.0.0 (/app/app/buck2_query_impls)
 Documenting buck2_server_commands v0.1.0 (/app/app/buck2_server_commands)
 Documenting buck2_test v0.1.0 (/app/app/buck2_test)
 Documenting buck2_query_impls v0.0.0 (/app/app/buck2_query_impls)
 Documenting buck2_configured v0.1.0 (/app/app/buck2_configured)
 Documenting buck2_cfg_constructor v0.1.0 (/app/app/buck2_cfg_constructor)
 Documenting buck2_external_cells v0.1.0 (/app/app/buck2_external_cells)
 Documenting buck2_validation v0.1.0 (/app/app/buck2_validation)
 Documenting buck2_analysis v0.1.0 (/app/app/buck2_analysis)
 Documenting buck2_action_impl v0.1.0 (/app/app/buck2_action_impl)
    Checking buck2_transition v0.1.0 (/app/app/buck2_transition)
    Checking buck2_build_signals_impl v0.1.0 (/app/app/buck2_build_signals_impl)
    Checking buck2_audit_server v0.1.0 (/app/app/buck2_audit_server)
 Documenting buck2_build_signals_impl v0.1.0 (/app/app/buck2_build_signals_impl)
 Documenting buck2_transition v0.1.0 (/app/app/buck2_transition)
 Documenting buck2_audit_server v0.1.0 (/app/app/buck2_audit_server)
    Checking buck2_server v0.1.0 (/app/app/buck2_server)
    Checking buck2_anon_target v0.1.0 (/app/app/buck2_anon_target)
 Documenting buck2_server v0.1.0 (/app/app/buck2_server)
 Documenting buck2_anon_target v0.1.0 (/app/app/buck2_anon_target)
    Checking buck2_bxl v0.1.0 (/app/app/buck2_bxl)
 Documenting buck2_bxl v0.1.0 (/app/app/buck2_bxl)
    Checking buck2_daemon v0.1.0 (/app/app/buck2_daemon)
 Documenting buck2_daemon v0.1.0 (/app/app/buck2_daemon)
 Documenting buck2 v0.1.0 (/app/app/buck2)
    Finished `dev` profile [optimized + debuginfo] target(s) in 1m 52s
   Generated /app/target/doc/allocative/index.html and 120 other files
warning: output filename collision.
The bin target `starlark` in package `starlark_bin v0.13.0 (/app/starlark-rust/starlark_bin)` has the same output filename as the lib target `starlark` in package `starlark v0.13.0 (/app/starlark-rust/starlark)`.
Colliding filename is: /app/target/doc/starlark/index.html
The targets should have unique names.
This is a known bug where multiple crates with the same name use
the same path; see <https://github.com/rust-lang/cargo/issues/6313>.
    Finished `dev` profile [optimized + debuginfo] target(s) in 2.21s
   Generated /app/target/doc/allocative/index.html and 120 other files
Finished in 115.49 seconds.
[92mRunning cargo test --lib[0m
   Compiling cfg-if v1.0.3
   Compiling memchr v2.7.5
   Compiling log v0.4.28
   Compiling once_cell v1.21.3
   Compiling scopeguard v1.2.0
   Compiling pin-project-lite v0.2.16
   Compiling itoa v1.0.15
   Compiling futures-core v0.3.31
   Compiling futures-sink v0.3.31
   Compiling allocator-api2 v0.2.21
   Compiling slab v0.4.11
   Compiling equivalent v1.0.2
   Compiling foldhash v0.1.5
   Compiling pin-utils v0.1.0
   Compiling futures-io v0.3.31
   Compiling futures v0.1.31
   Compiling futures-task v0.3.31
   Compiling regex-syntax v0.8.6
   Compiling stable_deref_trait v1.2.0
   Compiling either v1.15.0
   Compiling ryu v1.0.20
   Compiling instant v0.1.13
   Compiling fnv v1.0.7
   Compiling static_assertions v1.1.0
   Compiling subtle v2.6.1
   Compiling zeroize v1.8.1
   Compiling bumpalo v3.19.0
   Compiling percent-encoding v2.3.2
   Compiling bitflags v2.9.4
   Compiling tower-service v0.3.3
   Compiling untrusted v0.9.0
   Compiling try-lock v0.2.5
   Compiling atomic-waker v1.1.2
   Compiling httpdate v1.0.3
   Compiling base64 v0.22.1
   Compiling mime v0.3.17
   Compiling libc v0.2.175
   Compiling tracing-core v0.1.34
   Compiling zerocopy v0.8.27
   Compiling libm v0.2.15
   Compiling futures-channel v0.3.31
   Compiling anyhow v1.0.99
   Compiling tower-layer v0.3.3
   Compiling sync_wrapper v1.0.2
   Compiling hashbrown v0.12.3
   Compiling matchit v0.7.3
   Compiling linux-raw-sys v0.9.4
   Compiling byteorder v1.5.0
   Compiling lock_api v0.4.13
   Compiling castaway v0.2.4
   Compiling httparse v1.10.1
   Compiling bitflags v1.3.2
   Compiling utf8parse v0.2.2
   Compiling hex v0.4.3
   Compiling litemap v0.8.0
   Compiling writeable v0.6.1
   Compiling rustls-pki-types v1.12.0
   Compiling want v0.3.1
   Compiling crossbeam-utils v0.8.21
   Compiling serde v1.0.219
   Compiling itertools v0.14.0
   Compiling thiserror v1.0.69
   Compiling dupe v0.9.1 (/app/gazebo/dupe)
   Compiling pin-project v1.1.10
   Compiling derive_more v1.0.0
   Compiling async-stream v0.3.6
   Compiling ref-cast v1.0.24
   Compiling typenum v1.18.0
   Compiling itertools v0.13.0
   Compiling zerofrom v0.1.6
   Compiling form_urlencoded v1.2.2
   Compiling strsim v0.11.1
   Compiling unicode-width v0.1.14
   Compiling cmp_any v0.8.1 (/app/gazebo/cmp_any)
   Compiling minimal-lexical v0.2.1
   Compiling hashbrown v0.15.5
   Compiling icu_properties_data v2.0.1
   Compiling icu_normalizer_data v2.0.0
   Compiling compact_str v0.8.1
   Compiling utf8_iter v1.0.4
   Compiling lazy_static v1.5.0
   Compiling cpufeatures v0.2.17
   Compiling bytemuck v1.23.2
   Compiling siphasher v1.0.1
   Compiling unicode-segmentation v1.12.0
   Compiling fxhash v0.2.1
   Compiling memoffset v0.9.1
   Compiling anstyle-parse v0.2.7
   Compiling lalrpop-util v0.19.12
   Compiling anstyle v1.0.11
   Compiling anstyle-query v1.1.4
   Compiling is_terminal_polyfill v1.70.1
   Compiling colorchoice v1.0.4
   Compiling aho-corasick v1.1.3
   Compiling gazebo v0.8.1 (/app/gazebo/gazebo)
   Compiling logos v0.15.1
   Compiling bit-vec v0.6.3
   Compiling lab v0.11.0
   Compiling maplit v1.0.2
   Compiling thiserror v2.0.16
   Compiling openssl-probe v0.1.6
   Compiling deltae v0.3.2
   Compiling ucd-trie v0.1.7
   Compiling tracing v0.1.41
   Compiling yoke v0.8.0
   Compiling vtparse v0.6.2
   Compiling finl_unicode v1.3.0
   Compiling clap_lex v0.7.5
   Compiling memmem v0.1.1
   Compiling fixedbitset v0.4.2
   Compiling bit-vec v0.8.0
   Compiling libsqlite3-sys v0.34.0
   Compiling fallible-streaming-iterator v0.1.9
   Compiling fallible-iterator v0.3.0
   Compiling arrayvec v0.7.6
   Compiling phf_shared v0.11.3
   Compiling arrayref v0.3.9
   Compiling rustix v1.0.8
   Compiling constant_time_eq v0.3.1
   Compiling shlex v1.3.0
   Compiling indexmap v1.9.3
   Compiling pin-project v0.4.30
   Compiling rustls-pemfile v2.2.0
   Compiling webpki-roots v1.0.2
   Compiling pest v2.8.1
   Compiling rustls-native-certs v0.8.1
   Compiling atomic v0.6.1
   Compiling atomic v0.5.3
   Compiling crossbeam-channel v0.5.15
   Compiling nom v7.1.3
   Compiling anstream v0.6.20
   Compiling crossbeam-epoch v0.9.18
   Compiling fastrand v2.3.0
   Compiling zerovec v0.11.4
   Compiling zerotrie v0.2.2
   Compiling phf v0.11.3
   Compiling bit-set v0.5.3
   Compiling dunce v1.0.5
   Compiling tracing-log v0.2.0
   Compiling sharded-slab v0.1.7
   Compiling thread_local v1.1.9
   Compiling match_cfg v0.1.0
   Compiling nu-ansi-term v0.50.1
   Compiling linkme v0.3.33
   Compiling os_str_bytes v6.6.1
   Compiling annotate-snippets v0.9.2
   Compiling webpki-roots v0.26.11
   Compiling sequence_trie v0.3.6
   Compiling arc-swap v1.7.1
   Compiling indent_write v2.2.0
   Compiling powerfmt v0.2.0
   Compiling num-conv v0.1.0
   Compiling time-core v0.1.6
   Compiling unicode-width v0.2.1
   Compiling csscolorparser v0.6.2
   Compiling bit-set v0.8.0
   Compiling is_proc_translated v0.1.1
   Compiling take_mut v0.2.2
   Compiling typed-arena v2.0.2
   Compiling anymap3 v1.0.1
   Compiling crossbeam-deque v0.8.6
   Compiling base64 v0.13.1
   Compiling strsim v0.10.0
   Compiling data-encoding v2.9.0
   Compiling base64 v0.21.7
   Compiling rustls-native-certs v0.7.3
   Compiling linux-raw-sys v0.4.15
   Compiling iana-time-zone v0.1.63
   Compiling num_enum v0.7.4
   Compiling indenter v0.3.4
   Compiling nom v8.0.0
   Compiling enum-map v2.7.3
   Compiling endian-type v0.1.2
   Compiling home v0.5.11
   Compiling futures-util v0.3.31
   Compiling memoffset v0.6.5
   Compiling inventory v0.3.21
   Compiling enum-iterator v1.5.0
   Compiling deranged v0.5.3
   Compiling pathdiff v0.2.3
   Compiling quick-xml v0.38.3
   Compiling same-file v1.0.6
   Compiling jiff v0.2.15
   Compiling num-traits v0.2.19
   Compiling generic-array v0.14.7
   Compiling display_container v0.9.0 (/app/gazebo/display_container)
   Compiling rayon-core v1.13.0
   Compiling murmur3 v0.5.2
   Compiling zstd-sys v2.0.16+zstd.1.5.7
   Compiling adler2 v2.0.1
   Compiling crc32fast v1.5.0
   Compiling compression-core v0.4.29
   Compiling const-random v0.1.18
   Compiling glob v0.3.3
   Compiling csv-core v0.1.12
   Compiling humantime v2.2.0
   Compiling strum v0.26.3
   Compiling hashlink v0.10.0
   Compiling rustls-pemfile v1.0.4
   Compiling lru v0.12.5
   Compiling walkdir v2.5.0
   Compiling miniz_oxide v0.8.9
   Compiling const_format v0.2.34
   Compiling dlv-list v0.5.2
   Compiling assert_matches v1.5.0
   Compiling num-format v0.4.4
   Compiling zstd-safe v7.2.4
   Compiling rgb v0.8.52
   Compiling rustix v0.38.44
   Compiling quick-xml v0.26.0
   Compiling str_stack v0.1.0
   Compiling crossbeam-queue v0.3.12
   Compiling derive_more v2.0.1
   Compiling unicode-ident v1.0.18
   Compiling platforms v2.0.0
   Compiling unescape v0.1.0
   Compiling sync_wrapper v0.1.2
   Compiling unicase v2.8.1
   Compiling strict v0.2.0
   Compiling constant_time_eq v0.2.6
   Compiling minimad v0.13.1
   Compiling fixedbitset v0.5.7
   Compiling siphasher v0.3.11
   Compiling zstd v0.13.3
   Compiling crossbeam v0.8.4
   Compiling heck v0.5.0
   Compiling multimap v0.10.1
   Compiling rayon v1.11.0
   Compiling proc-macro2 v1.0.101
   Compiling bytesize v2.0.1
   Compiling gimli v0.31.1
   Compiling test-case v3.3.1
   Compiling protoc-bin-vendored-macos-x86_64 v3.2.0
   Compiling tinystr v0.8.1
   Compiling potential_utf v0.1.3
   Compiling block-buffer v0.10.4
   Compiling crypto-common v0.1.6
   Compiling pulldown-cmark v0.12.2
   Compiling protoc-bin-vendored-linux-ppcle_64 v3.2.0
   Compiling protoc-bin-vendored-linux-x86_32 v3.2.0
   Compiling rustc-demangle v0.1.26
   Compiling protoc-bin-vendored-linux-s390_64 v3.2.0
   Compiling protoc-bin-vendored-win32 v3.2.0
   Compiling diff v0.1.13
   Compiling protoc-bin-vendored-linux-x86_64 v3.2.0
   Compiling yansi v1.0.1
   Compiling protoc-bin-vendored-macos-aarch_64 v3.2.0
   Compiling protoc-bin-vendored-linux-aarch_64 v3.2.0
   Compiling signal-hook-registry v1.4.6
   Compiling mio v1.0.4
   Compiling getrandom v0.2.16
   Compiling socket2 v0.6.0
   Compiling getrandom v0.3.3
   Compiling num-integer v0.1.46
   Compiling socket2 v0.5.10
   Compiling icu_collections v2.0.0
   Compiling digest v0.10.7
   Compiling mio v0.8.11
   Compiling ordered-float v4.6.0
   Compiling icu_locale_core v2.0.0
   Compiling nix v0.29.0
   Compiling euclid v0.22.11
   Compiling ppv-lite86 v0.2.21
   Compiling termios v0.3.3
   Compiling filedescriptor v0.8.3
   Compiling rand_core v0.6.4
   Compiling ring v0.17.14
   Compiling nix v0.30.1
   Compiling sysinfo v0.35.2
   Compiling perf-event-open-sys v5.0.0 (https://github.com/Nero5023/perf-event.git?rev=6dae86b6d4807acec081e6dc0a53167f57f8c0f4#6dae86b6)
   Compiling ahash v0.8.12
   Compiling regex-automata v0.4.10
   Compiling uuid v1.17.0
   Compiling signal-hook v0.3.18
   Compiling sha2 v0.10.9
   Compiling blake3 v1.8.2
   Compiling hostname v0.3.1
   Compiling console v0.15.11
   Compiling sys-info v0.9.1
   Compiling sha1 v0.10.6
   Compiling dirs-sys v0.3.7
   Compiling chrono v0.4.41
   Compiling xattr v0.2.3
   Compiling nix v0.28.0
   Compiling dirs v3.0.2
   Compiling term_size v0.3.2
   Compiling perf-event v0.4.8 (https://github.com/Nero5023/perf-event.git?rev=6dae86b6d4807acec081e6dc0a53167f57f8c0f4#6dae86b6)
   Compiling num-bigint v0.4.6
   Compiling hashbrown v0.14.5
   Compiling rand_chacha v0.3.1
   Compiling wezterm-dynamic v0.2.1
   Compiling terminfo v0.9.0
   Compiling rusticata-macros v4.1.0
   Compiling textwrap v0.11.0
   Compiling faccess v0.2.4
   Compiling rand_core v0.9.3
   Compiling num-complex v0.4.6
   Compiling filetime v0.2.26
   Compiling inotify-sys v0.1.5
   Compiling signal-hook-mio v0.2.4
   Compiling time v0.3.43
   Compiling inotify v0.9.6
   Compiling num-iter v0.1.45
   Compiling rand_chacha v0.9.0
   Compiling rand_xoshiro v0.6.0
   Compiling rand v0.8.5
   Compiling terminal_size v0.4.3
   Compiling tempfile v3.21.0
   Compiling icu_provider v2.0.0
   Compiling fd-lock v4.0.4
   Compiling smallvec v1.15.1
   Compiling bytes v1.10.1
   Compiling indexmap v2.11.0
   Compiling serde_json v1.0.143
   Compiling triomphe v0.1.14
   Compiling relative-path v1.9.3
   Compiling wezterm-input-types v0.1.0
   Compiling wezterm-bidi v0.2.3
   Compiling wezterm-color-types v0.3.0
   Compiling clap_builder v4.5.47
   Compiling serde_bytes v0.11.17
   Compiling tracing-serde v0.2.0
   Compiling parking_lot_core v0.9.11
   Compiling parking_lot_core v0.8.6
   Compiling rusqlite v0.36.0
   Compiling icu_properties v2.0.1
   Compiling icu_normalizer v2.0.0
   Compiling ipnetwork v0.20.0
   Compiling fs4 v0.9.1
   Compiling linked-hash-map v0.5.6
   Compiling nibble_vec v0.1.0
   Compiling parking_lot v0.12.4
   Compiling dashmap v5.5.3
   Compiling erased-serde v0.3.31
   Compiling parking_lot v0.11.2
   Compiling crossterm v0.27.0
   Compiling radix_trie v0.2.1
   Compiling rand v0.9.2
   Compiling multimap v0.8.3
   Compiling notify v5.0.0
   Compiling strong_hash v0.1.0 (/app/gazebo/strong_hash)
   Compiling tokio v1.47.1
   Compiling prost v0.13.5
   Compiling http v1.3.1
   Compiling serde_bser v0.4.0
   Compiling twox-hash v1.6.3
   Compiling argmin-math v0.4.0
   Compiling rustls-webpki v0.103.4
   Compiling rustls-webpki v0.102.8
   Compiling webpki v0.22.4
   Compiling futures-intrusive v0.4.2
   Compiling num-rational v0.4.2
   Compiling rand_xoshiro v0.7.0
   Compiling argmin v0.10.0
   Compiling rand_xorshift v0.4.0
   Compiling wyhash v0.5.0
   Compiling internment v0.8.6
   Compiling flate2 v1.1.2
   Compiling mac_address v1.1.8
   Compiling ruzstd v0.7.3
   Compiling csv v1.3.1
   Compiling futures-executor v0.3.31
   Compiling tower v0.5.2
   Compiling prost-types v0.13.5
   Compiling wezterm-blob-leases v0.1.1
   Compiling num v0.4.3
   Compiling http-body v1.0.1
   Compiling headers-core v0.3.0
   Compiling rand_distr v0.5.1
   Compiling futures v0.3.31
   Compiling twox-hash v2.1.2
   Compiling idna_adapter v1.2.1
   Compiling headers v0.4.1
   Compiling asn1-rs v0.5.2
   Compiling debugserver-types v0.5.0
   Compiling nom-language v0.1.0
   Compiling rustls v0.23.31
   Compiling plist v1.7.4
   Compiling http-body-util v0.1.3
   Compiling idna v1.1.0
   Compiling rustls v0.22.4
   Compiling compression-codecs v0.4.30
   Compiling memmap2 v0.5.10
   Compiling bincode v1.3.3
   Compiling is-terminal v0.4.16
   Compiling lsp-server v0.7.9
   Compiling object v0.36.7
   Compiling rustyline v14.0.0
   Compiling inferno v0.11.21
   Compiling num_cpus v1.17.0
   Compiling crossterm v0.29.0
   Compiling xattr v1.5.1
   Compiling axum-core v0.4.5
   Compiling nix v0.24.3
   Compiling quote v1.0.40
   Compiling petgraph v0.7.1
   Compiling pulldown-cmark-to-cmark v20.0.1
   Compiling url v2.5.7
   Compiling tar v0.4.44
   Compiling threadpool v1.8.1
   Compiling addr2line v0.24.2
   Compiling serde_urlencoded v0.7.1
   Compiling tikv-jemalloc-sys v0.6.0+5.3.0-1-ge13ca993e8ccb9ba9847cc330696e02839f328f7
   Compiling clap v4.5.47
   Compiling syn v2.0.106
   Compiling tikv-jemallocator v0.6.0
   Compiling clap_complete v4.5.57
   Compiling rand_distr v0.4.3
   Compiling pretty_assertions v1.4.1
   Compiling protoc-bin-vendored v3.2.0
   Compiling three_billion_instructions v0.1.0 (/app/shed/three_billion_instructions)
   Compiling cast v0.3.0
   Compiling regex v1.11.2
   Compiling fancy-regex v0.14.0
   Compiling matchers v0.2.0
   Compiling bstr v1.12.0
   Compiling buck2_build_api_derive v0.4.1 (/app/app/buck2_build_api_derive)
   Compiling buck2_query_derive v0.4.1 (/app/app/buck2_query_derive)
   Compiling der-parser v8.2.0
   Compiling oid-registry v0.6.1
   Compiling starlark_derive v0.13.0 (/app/starlark-rust/starlark_derive)
   Compiling tracing-subscriber v0.3.20
   Compiling psutil v3.3.0
   Compiling crokey v1.3.0
   Compiling coolor v1.1.0
   Compiling lsp-types v0.94.1
   Compiling env_logger v0.8.4
   Compiling fancy-regex v0.11.0
   Compiling globset v0.4.16
   Compiling env_filter v0.1.3
   Compiling lazy-regex v3.4.1
   Compiling x509-parser v0.14.0
   Compiling env_logger v0.11.8
   Compiling termimad v0.30.1
   Compiling quickcheck v1.0.3
   Compiling strong_hash_derive v0.1.0 (/app/gazebo/strong_hash_derive)
   Compiling termwiz v0.23.3
   Compiling allocative_derive v0.3.3 (/app/allocative/allocative_derive)
   Compiling dupe_derive v0.9.1 (/app/gazebo/dupe_derive)
   Compiling probminhash v0.1.12 (https://github.com/krallin/probminhash?rev=3d6b7a5315305c2893a7a04e0de9e23b305992c5#3d6b7a53)
   Compiling gazebo_derive v0.8.0 (/app/gazebo/gazebo_derive)
   Compiling buck2_error_derive v0.1.0 (/app/app/buck2_error_derive)
   Compiling provider v0.1.0 (/app/shed/provider)
   Compiling buck2_eden v0.1.0 (/app/app/buck2_eden)
   Compiling strong_hash_tests v0.1.0 (/app/gazebo/strong_hash_tests)
   Compiling sorted_vector_map v0.2.0 (https://github.com/facebookexperimental/rust-shed#5cb07175)
   Compiling fbinit v0.2.0
   Compiling axum v0.7.9
   Compiling buck-resources v1.0.0 (/app/integrations/resources/rust)
   Compiling backtrace v0.3.75
   Compiling prettyplease v0.2.37
   Compiling prost-build v0.13.5
   Compiling tonic-build v0.12.3
   Compiling allocative v0.3.4 (/app/allocative/allocative)
   Compiling tokio-util v0.7.16
   Compiling tokio-rustls v0.26.2
   Compiling tokio-util v0.6.10
   Compiling buck2_futures v0.1.0 (/app/app/buck2_futures)
   Compiling tokio-rustls v0.25.0
   Compiling async-scoped v0.9.0
   Compiling async-compression v0.4.30
   Compiling async-condvar-fair v1.0.1
   Compiling superconsole v0.2.0 (/app/superconsole)
   Compiling h2 v0.4.12
   Compiling tower v0.4.13
   Compiling tokio-stream v0.1.17
   Compiling watchman_client v0.9.0
   Compiling starlark_map v0.13.0 (/app/starlark-rust/starlark_map)
   Compiling dice_error v0.1.0 (/app/dice/dice_error)
   Compiling lock_free_hashtable v0.1.0 (/app/shed/lock_free_hashtable)
   Compiling lock_free_vec v0.1.0 (/app/shed/lock_free_vec)
   Compiling static_interner v0.1.0 (/app/shed/static_interner)
   Compiling dice v0.1.0 (/app/dice/dice)
   Compiling buck2_protoc_dev v0.1.0 (/app/app/buck2_protoc_dev)
   Compiling starlark_syntax v0.13.0 (/app/starlark-rust/starlark_syntax)
   Compiling hyper v1.7.0
   Compiling hyper-util v0.1.16
   Compiling dice_examples v0.0.0 (/app/dice/dice_examples)
   Compiling dice_tests v0.0.0 (/app/dice/dice_tests)
   Compiling starlark v0.13.0 (/app/starlark-rust/starlark)
   Compiling hyper-timeout v0.5.2
   Compiling hyper-rustls v0.26.0
   Compiling hyperlocal v0.9.1
   Compiling httptest v0.16.3
   Compiling hyper-proxy2 v0.1.0
   Compiling tonic v0.12.3
   Compiling buck2_host_sharing_proto v0.1.0 (/app/app/buck2_host_sharing_proto)
   Compiling buck2_subscription_proto v0.1.0 (/app/app/buck2_subscription_proto)
   Compiling buck2_grpc v0.1.0 (/app/app/buck2_grpc)
   Compiling buck2_action_metadata_proto v0.1.0 (/app/app/buck2_action_metadata_proto)
   Compiling buck2_worker_proto v0.1.0 (/app/app/buck2_worker_proto)
   Compiling buck2_install_proto v0.1.0 (/app/app/buck2_install_proto)
   Compiling buck2_data v0.1.0 (/app/app/buck2_data)
   Compiling host_sharing v0.1.0 (/app/host_sharing)
   Compiling buck2_error v0.1.0 (/app/app/buck2_error)
   Compiling buck2_test_proto v0.1.0 (/app/app/buck2_test_proto)
   Compiling re_grpc_proto v0.1.0 (/app/remote_execution/oss/re_grpc_proto)
   Compiling buck2_miniperf_proto v0.1.0 (/app/app/buck2_miniperf_proto)
   Compiling buck2_health_check_proto v0.1.0 (/app/app/buck2_health_check_proto)
   Compiling buck2_forkserver_proto v0.1.0 (/app/app/buck2_forkserver_proto)
   Compiling buck2_wrapper_common v0.1.0 (/app/app/buck2_wrapper_common)
   Compiling buck2_downward_api v0.1.0 (/app/app/buck2_downward_api)
   Compiling buck2_downward_api_proto v0.1.0 (/app/app/buck2_downward_api_proto)
   Compiling buck2_critical_path v0.1.0 (/app/app/buck2_critical_path)
   Compiling starlark_lsp v0.13.0 (/app/starlark-rust/starlark_lsp)
   Compiling buck2_util v0.1.0 (/app/app/buck2_util)
   Compiling buck2_core v0.1.0 (/app/app/buck2_core)
   Compiling buck2_build_info v0.1.0 (/app/app/buck2_build_info)
   Compiling buck2_certs v0.1.0 (/app/app/buck2_certs)
   Compiling buck2_query_parser v0.1.0 (/app/app/buck2_query_parser)
   Compiling buck2_http v0.1.0 (/app/app/buck2_http)
   Compiling buck2_cli_proto v0.1.0 (/app/app/buck2_cli_proto)
   Compiling buck2_query v0.1.0 (/app/app/buck2_query)
   Compiling buck2_directory v0.1.0 (/app/app/buck2_directory)
   Compiling buck2_offline_archive v0.1.0 (/app/app/buck2_offline_archive)
   Compiling buck2_events v0.1.0 (/app/app/buck2_events)
   Compiling buck2_common v0.1.0 (/app/app/buck2_common)
   Compiling buck2_test_api v0.1.0 (/app/app/buck2_test_api)
   Compiling buck2_build_signals v0.1.0 (/app/app/buck2_build_signals)
   Compiling buck2_test_runner v0.1.0 (/app/app/buck2_test_runner)
   Compiling buck2_error_tests v0.1.0 (/app/app/buck2_error_tests)
   Compiling buck2_event_observer v0.1.0 (/app/app/buck2_event_observer)
   Compiling buck2_re_configuration v0.1.0 (/app/app/buck2_re_configuration)
   Compiling buck2_node v0.1.0 (/app/app/buck2_node)
   Compiling buck2_interpreter v0.1.0 (/app/app/buck2_interpreter)
   Compiling buck2_file_watcher v0.1.0 (/app/app/buck2_file_watcher)
   Compiling buck2_health_check v0.1.0 (/app/app/buck2_health_check)
   Compiling buck2_resource_control v0.1.0 (/app/app/buck2_resource_control)
   Compiling buck2_forkserver v0.1.0 (/app/app/buck2_forkserver)
   Compiling buck2_external_cells_bundled v0.1.0 (/app/app/buck2_external_cells_bundled)
   Compiling remote_execution v0.1.0 (/app/remote_execution/oss/re_grpc)
   Compiling buck2_event_log v0.1.0 (/app/app/buck2_event_log)
   Compiling buck2_execute v0.1.0 (/app/app/buck2_execute)
   Compiling buck2_client_ctx v0.1.0 (/app/app/buck2_client_ctx)
   Compiling buck2_profile v0.1.0 (/app/app/buck2_profile)
   Compiling buck2_interpreter_for_build v0.1.0 (/app/app/buck2_interpreter_for_build)
   Compiling buck2_artifact v0.1.0 (/app/app/buck2_artifact)
   Compiling buck2_server_ctx v0.1.0 (/app/app/buck2_server_ctx)
   Compiling buck2_execute_impl v0.1.0 (/app/app/buck2_execute_impl)
   Compiling buck2_build_api v0.1.0 (/app/app/buck2_build_api)
   Compiling buck2_server_starlark_debug v0.1.0 (/app/app/buck2_server_starlark_debug)
   Compiling buck2_node_tests v0.1.0 (/app/app/buck2_node_tests)
   Compiling buck2_audit v0.1.0 (/app/app/buck2_audit)
   Compiling buck2_cmd_starlark_client v0.1.0 (/app/app/buck2_cmd_starlark_client)
   Compiling buck2_cmd_completion_client v0.1.0 (/app/app/buck2_cmd_completion_client)
   Compiling buck2_cmd_debug_client v0.1.0 (/app/app/buck2_cmd_debug_client)
   Compiling buck2_cmd_log_client v0.1.0 (/app/app/buck2_cmd_log_client)
   Compiling buck2_cmd_docs v0.1.0 (/app/app/buck2_cmd_docs)
   Compiling buck2_client v0.1.0 (/app/app/buck2_client)
   Compiling buck2_cmd_docs_server v0.1.0 (/app/app/buck2_cmd_docs_server)
   Compiling buck2_cmd_starlark_server v0.1.0 (/app/app/buck2_cmd_starlark_server)
   Compiling buck2_analysis v0.1.0 (/app/app/buck2_analysis)
   Compiling buck2_configured v0.1.0 (/app/app/buck2_configured)
   Compiling buck2_test v0.1.0 (/app/app/buck2_test)
   Compiling buck2_action_impl v0.1.0 (/app/app/buck2_action_impl)
   Compiling buck2_validation v0.1.0 (/app/app/buck2_validation)
   Compiling buck2_query_impls v0.0.0 (/app/app/buck2_query_impls)
   Compiling buck2_external_cells v0.1.0 (/app/app/buck2_external_cells)
   Compiling buck2_server_commands v0.1.0 (/app/app/buck2_server_commands)
   Compiling buck2_cfg_constructor v0.1.0 (/app/app/buck2_cfg_constructor)
   Compiling buck2_transition v0.1.0 (/app/app/buck2_transition)
   Compiling buck2_audit_server v0.1.0 (/app/app/buck2_audit_server)
   Compiling buck2_build_signals_impl v0.1.0 (/app/app/buck2_build_signals_impl)
   Compiling buck2_anon_target v0.1.0 (/app/app/buck2_anon_target)
   Compiling buck2_bxl v0.1.0 (/app/app/buck2_bxl)
   Compiling buck2_server v0.1.0 (/app/app/buck2_server)
   Compiling buck2_interpreter_for_build_tests v0.1.0 (/app/app/buck2_interpreter_for_build_tests)
   Compiling buck2_build_api_tests v0.1.0 (/app/app/buck2_build_api_tests)
   Compiling buck2_action_impl_tests v0.1.0 (/app/app/buck2_action_impl_tests)
   Compiling buck2_daemon v0.1.0 (/app/app/buck2_daemon)
   Compiling buck2 v0.1.0 (/app/app/buck2)
    Finished `test` profile [optimized + debuginfo] target(s) in 4m 07s
     Running unittests src/lib.rs (target/debug/deps/allocative-a8833b438e01cbd4)

running 26 tests
test flamegraph::tests::test_empty ... ok
test flamegraph::tests::test_flamegraph_add ... ok
test flamegraph::tests::test_inline_children_too_large ... ok
test flamegraph::tests::test_shared ... ok
test flamegraph::tests::test_simple ... ok
test flamegraph::tests::test_unique ... ok
test global_root::tests::test_derive ... ok
test ident_key ... ok
test impls::smallvec::tests::test ... ok
test impls::compact_str::tests::test_heap ... ok
test impls::either::tests::test_golden ... ok
test impls::std::cell::tests::test_borrowed ... ok
test impls::compact_str::tests::test_inline ... ok
test impls::std::cell::tests::test_default ... ok
test size_of::tests::test_box_slice ... ok
test impls::std::cell::tests::test_once_cell ... ok
test size_of::tests::test_struct_in_box ... ok
test impls::std::sync::tests::test_arc_align ... ok
test impls::triomphe::tests::test_simple ... ok
test impls::triomphe::tests::test_align ... ok
test impls::triomphe::tests::test_shared ... ok
test test_derive::with_flamegraph::test_flamegraph ... ok
test size_of::tests::test_box ... ok
test impls::bumpalo::tests::test_bumpalo ... ok
test impls::bumpalo::tests::test_bumpalo_large ... ok
test impls::hashbrown::tests::test_hash_table ... ok

test result: ok. 26 passed; 0 failed; 0 ignored; 0 measured; 0 filtered out; finished in 0.00s

     Running unittests src/lib.rs (target/debug/deps/allocative_derive-22c6c3d1cd36b684)

running 0 tests

test result: ok. 0 passed; 0 failed; 0 ignored; 0 measured; 0 filtered out; finished in 0.00s

     Running unittests src/lib.rs (target/debug/deps/buck_resources-bdabdd3787a63905)

running 1 test
test manifest::tests::test_resources_map_deserialize ... ok

test result: ok. 1 passed; 0 failed; 0 ignored; 0 measured; 0 filtered out; finished in 0.00s

     Running unittests src/lib.rs (target/debug/deps/buck2-47cabc4494c4dbf6)

running 0 tests

test result: ok. 0 passed; 0 failed; 0 ignored; 0 measured; 0 filtered out; finished in 0.00s

     Running unittests src/lib.rs (target/debug/deps/buck2_action_impl-30dc1112ae593a57)

running 7 tests
test actions::impls::copy::tests::copies_file ... ok
test actions::impls::download_file::tests::downloads_file ... ok
test actions::impls::run::dep_files::tests::test_dep_files_visitor_output_collection ... ok
test actions::impls::run::dep_files::tests::test_declares_same_dep_files ... ok
     Running unittests src/lib.rs (target/debug/deps/buck2_action_impl_tests-8c3902d3580b0a0d)
test actions::impls::symlinked_dir::tests::symlinked_dir_test ... ok
test actions::impls::symlinked_dir::tests::test_symlinked_dir_validation ... ok
test actions::impls::write::tests::writes_file ... ok

test result: ok. 7 passed; 0 failed; 0 ignored; 0 measured; 0 filtered out; finished in 0.00s


running 8 tests
test init_late_bindings_for_test ... ok
test context::ctx_instantiates ... ok
test context::declare_output_dot ... ok
test context::declare_output_dotdot ... ok
test context::declare_output_dot_bad ... ok
test context::declare_output_with_prefix ... ok
test context::declare_output_require_bound ... ok
test context::declare_output_declares_outputs ... ok

test result: ok. 8 passed; 0 failed; 0 ignored; 0 measured; 0 filtered out; finished in 0.02s

     Running unittests src/lib.rs (target/debug/deps/buck2_action_metadata_proto-e6cc8c1f8346ce65)

running 0 tests

test result: ok. 0 passed; 0 failed; 0 ignored; 0 measured; 0 filtered out; finished in 0.00s

     Running unittests src/lib.rs (target/debug/deps/buck2_analysis-b1df7468f34dcf3a)

running 0 tests

test result: ok. 0 passed; 0 failed; 0 ignored; 0 measured; 0 filtered out; finished in 0.00s

     Running unittests src/lib.rs (target/debug/deps/buck2_anon_target-6e9918bcfe6d8be2)

running 1 test
test anon_targets::tests::anon_target_name ... ok

test result: ok. 1 passed; 0 failed; 0 ignored; 0 measured; 0 filtered out; finished in 0.00s

     Running unittests src/lib.rs (target/debug/deps/buck2_artifact-9cd880a48586bb36)

running 8 tests
test artifact::artifact_dump::tests::test_dir_json ... ok
test artifact::artifact_dump::tests::test_external_symlink_json ... ok
test artifact::artifact_dump::tests::test_file_json ... ok
test artifact::artifact_dump::tests::test_symlink_json ... ok
test artifact::artifact_type::tests::test_short_path ... ok
test artifact::artifact_type::tests::resolve_artifact ... ok
test artifact::artifact_type::tests::artifact_binding ... ok
test artifact::artifact_type::tests::writes_files ... ok

test result: ok. 8 passed; 0 failed; 0 ignored; 0 measured; 0 filtered out; finished in 0.01s

     Running unittests src/lib.rs (target/debug/deps/buck2_audit-3b2c5ba5285568a1)

running 0 tests

test result: ok. 0 passed; 0 failed; 0 ignored; 0 measured; 0 filtered out; finished in 0.00s

     Running unittests src/lib.rs (target/debug/deps/buck2_audit_server-3081048a439036d1)

running 13 tests
test output::buck_out_path_parser::tests::test_anon_content_based_output ... ok
test output::buck_out_path_parser::tests::test_bxl_output ... ok
test output::buck_out_path_parser::tests::test_bxl_content_based_output ... ok
test output::buck_out_path_parser::tests::test_anon_output ... ok
test output::buck_out_path_parser::tests::test_empty_package_path ... ok
test output::buck_out_path_parser::tests::test_target_output ... ok
test output::buck_out_path_parser::tests::test_target_output_with_eq_sign ... ok
test output::buck_out_path_parser::tests::test_test_output ... ok
test output::buck_out_path_parser::tests::test_tmp_output ... ok
test output::buck_out_path_parser::tests::test_target_content_based_output ... ok
test output::buck_out_path_parser::tests::test_tmp_content_based_output ... ok
test output::buck_out_path_parser::tests::test_target_output_with_slashes ... ok
test output::buck_out_path_parser::tests::test_validation ... ok

test result: ok. 13 passed; 0 failed; 0 ignored; 0 measured; 0 filtered out; finished in 0.00s

     Running unittests src/lib.rs (target/debug/deps/buck2_build_api-9d8e8f1d7d35813b)

running 21 tests
test actions::error::tests::test_error_conversion ... ok
test actions::impls::expanded_command_line::tests::test_cli ... ok
test actions::impls::expanded_command_line::tests::test_env ... ok
test actions::impls::expanded_command_line::tests::test_hash_stability ... ok
test actions::execute::action_executor::tests::test_cleanup_path_overlap ... ok
test actions::execute::action_executor::tests::test_cleanup_path_missing ... ok
test artifact_groups::artifact_group_values::tests::test_shallow_eq ... ok
test actions::execute::action_executor::tests::test_cleanup_path_present ... ok
test interpreter::rule_defs::cmd_args::builder::tests::adds_args_and_builds ... ok
test interpreter::rule_defs::cmd_args::builder::tests::test_abs_command_line_location_unix ... ok
test interpreter::rule_defs::cmd_args::space_separated::tests::cmdline_builder ... ok
test interpreter::rule_defs::cmd_args::command_line_arg_like_type::tests::test_command_arg_like_ty ... ok
test interpreter::rule_defs::cmd_args::shlex_quote::tests::test_quote ... ok
test spawner::tests::test_spawn_task ... ok
test interpreter::rule_defs::cmd_args::builder::tests::test_command_line_location ... ok
test interpreter::rule_defs::cmd_args::builder::tests::test_abs_command_line_location_windows ... ok
test artifact_groups::artifact_group_values::tests::test_iter ... ok
test spawner::tests::test_spawn ... ok
test interpreter::rule_defs::artifact::starlark_artifact_value::tests::test_json_convert ... ok
test actions::execute::action_executor::tests::test_cleanup_path_overlap_deep ... ok
test actions::execute::action_executor::tests::can_execute_some_action ... ok

test result: ok. 21 passed; 0 failed; 0 ignored; 0 measured; 0 filtered out; finished in 0.02s

     Running unittests src/lib.rs (target/debug/deps/buck2_build_api_derive-6cc377bbc1fdc7b2)

running 0 tests

test result: ok. 0 passed; 0 failed; 0 ignored; 0 measured; 0 filtered out; finished in 0.00s

     Running unittests src/lib.rs (target/debug/deps/buck2_build_api_tests-f2792d3f53d6fbf7)

running 153 tests
test actions::registry::declaring_artifacts ... ok
test actions::calculation::test_command_details_omission ... ok
test actions::registry::claiming_conflicting_path ... ok
test actions::registry::duplicate_category_identifier ... ok
test actions::registry::finalizing_actions ... ok
test actions::registry::register_actions ... ok
test actions::calculation::test_ensure_artifact_external_symlink ... ok
test actions::calculation::test_ensure_artifact_source_artifact ... ok
test attrs::tests::test_arg ... ok
test attrs::tests::test_any ... ok
test actions::calculation::test_get_action_for_artifact ... ok
test attrs::tests::test_option ... ok
test attrs::tests::test_source_label ... ok
test build::detailed_aggregated_metrics::traverse::tests::test_cycle ... ok
test attrs::tests::test_source_missing ... ok
test build::detailed_aggregated_metrics::traverse::tests::test_diamond ... ok
test attrs::tests::test_label ... ok
test attrs::tests::test_one_of ... ok
test build::detailed_aggregated_metrics::traverse::tests::test_dynamic_node_analysis_missing ... ok
test build::detailed_aggregated_metrics::traverse::tests::test_empty_graph ... ok
test init_late_bindings_for_test ... ok
test build::detailed_aggregated_metrics::traverse::tests::test_dynamic_input - should panic ... ok
test interpreter::rule_defs::artifact_tagging::artifact_tag::test_artifact_tag_eq ... ok
test build::detailed_aggregated_metrics::traverse::tests::test_single_action ... ok
test actions::registry::duplicate_category_singleton_actions ... ok
test actions::calculation::test_build_action ... ok
test actions::calculation::test_build_artifact ... ok
test actions::calculation::test_ensure_artifact_build_artifact ... ok
test attrs::tests::test_string ... ok
test attrs::tests::test_concat_option_one_of ... ok
test attrs::tests::test_invalid_concat_coercion_into_one_of ... ok
test attrs::tests::test_dict ... ok
test attrs::tests::test_coerced_deps ... ok
test attrs::tests::test_source_label_deps ... ok
test attrs::tests::test_configured_deps ... ok
test attrs::tests::test_single_source_label_fails_if_multiple_returned ... ok
test attrs::tests::test_dep_requires_providers ... ok
test attrs::tests::test ... ok
test interpreter::rule_defs::provider::builtin::default_info::default_info_validates_types_2 ... ok
test interpreter::rule_defs::provider::builtin::local_resource_info::test_validation_1 ... ok
test attrs::tests::test_resolved_deps ... ok
test interpreter::rule_defs::artifact_tagging::artifact_tag::test_artifact_tag_starlark_eq ... ok
test interpreter::rule_defs::provider::builtin::install_info::install_info_works_as_provider_key ... ok
test interpreter::rule_defs::cmd_args::tests::test_list_list ... ok
test interpreter::rule_defs::cmd_args::tests::test_relative_to_does_not_affect_new_artifacts ... ok
test interpreter::rule_defs::provider::builtin::local_resource_info::test_validation_5 ... ok
test interpreter::rule_defs::cmd_args::tests::test_relative_to_propagated_up_and_down ... ok
test interpreter::rule_defs::cmd_args::tests::test_replace_regex ... ok
test interpreter::rule_defs::artifact::test_short_path ... ok
test interpreter::rule_defs::provider::builtin::local_resource_info::test_missing_fields_validation ... ok
test attrs::tests::test_bool ... ok
test interpreter::rule_defs::artifact::source_artifact ... ok
test interpreter::rule_defs::provider::builtin::external_runner_test_info::test_validation_at_freeze ... ok
test interpreter::rule_defs::provider::builtin::install_info::info_validator_succeeds_for_artifacts_without_additional_artifacts ... ok
test interpreter::rule_defs::provider::builtin::default_info::test_to_json ... ok
test interpreter::rule_defs::provider::builtin::local_resource_info::test_validation_3 ... ok
test artifact_groups::calculation::test_ensure_artifact_group ... ok
test interpreter::rule_defs::cmd_args::tests::test_ignore_artifacts ... ok
test actions::impls::json::test_tagging ... ok
test interpreter::rule_defs::cmd_args::tests::test_concat ... ok
test interpreter::rule_defs::cmd_args::tests::test_parent_n ... ok
test interpreter::rule_defs::provider::field_types::test_compile_time_validate_constructor_param_types ... ok
test interpreter::rule_defs::provider::field_types::test_compile_time_validate_required_param ... ok
test interpreter::rule_defs::provider::collection::provider_collection_constructs_properly ... ok
test interpreter::rule_defs::provider::field_types::test_compile_time_field_types ... ok
test interpreter::rule_defs::cmd_args::tests::test_inputs_outputs ... ok
test interpreter::rule_defs::artifact::declared_artifact ... ok
test interpreter::rule_defs::artifact::bound_artifact_with_associated_artifacts ... ok
test interpreter::rule_defs::cmd_args::tests::test_relative_absolute_old ... ok
test attrs::tests::test_source_label_resolution ... ok
test interpreter::rule_defs::provider::builtin::local_resource_info::test_validation_4 ... ok
test interpreter::rule_defs::provider::builtin::local_resource_info::test_validation_6 ... ok
test interpreter::rule_defs::cmd_args::tests::test_relative_absolute ... ok
test interpreter::rule_defs::provider::builtin::configuration_info::configuration_info_validates_buckconfigs ... ok
test interpreter::rule_defs::provider::field_types::test_runtime_constructor_error_on_missing_required ... ok
test interpreter::rule_defs::provider::builtin::local_resource_info::test_validation_at_freeze ... ok
test interpreter::rule_defs::provider::builtin::dependency::dependency_works ... ok
test interpreter::rule_defs::provider::builtin::local_resource_info::test_construction ... ok
test interpreter::rule_defs::provider::builtin::default_info::default_info_validates_types_1 ... ok
test interpreter::rule_defs::cmd_args::tests::test_parent_n_too_many_parents ... ok
test interpreter::rule_defs::provider::builtin::validation_info::test_construction ... ok
test interpreter::rule_defs::cmd_args::tests::test_prepend ... ok
test interpreter::rule_defs::artifact::declared_bound ... ok
test attrs::tests::test_user_placeholders ... ok
test interpreter::rule_defs::provider::build_defs::test_provider ... ok
test interpreter::rule_defs::cmd_args::tests::test_frozen_inputs_outputs ... ok
test interpreter::rule_defs::provider::field_types::test_pass ... ok
test interpreter::transitive_set::testing::test_new_transitive_set ... ok
test interpreter::rule_defs::provider::tests::test_user_defined_provider_creator_typecheck ... ok
test interpreter::transitive_set::tests::test_transitive_set_display ... ok
test interpreter::rule_defs::cmd_args::tests::displays_correctly ... ok
test interpreter::rule_defs::artifact::stringifies_for_command_line ... ok
test interpreter::rule_defs::provider::field_types::test_runtime_constructor_validates_types ... ok
test interpreter::rule_defs::provider::tests::test_provider_non_unique_fields ... ok
test interpreter::rule_defs::cmd_args::tests::test_joined_with_empty_args ... ok
test interpreter::rule_defs::provider::builtin::local_resource_info::test_validation_2 ... ok
test interpreter::rule_defs::cmd_args::tests::test_replace_regex_regex ... ok
test interpreter::rule_defs::provider::builtin::run_info::run_info_validates_types_2 ... ok
test interpreter::rule_defs::cmd_args::tests::displays_correctly_replace_regex ... ok
test interpreter::transitive_set::tests::test_frozen_transitive_sets_iteration ... ok
test interpreter::rule_defs::cmd_args::tests::test_quote_style_shell ... ok
test interpreter::rule_defs::provider::builtin::run_info::run_info_validates_types_1 ... ok
test interpreter::rule_defs::provider::builtin::validation_info::test_missing_fields_validation ... ok
test interpreter::transitive_set::tests::test_define_transitive_set_projections ... ok
test interpreter::rule_defs::cmd_args::tests::command_line_builder ... ok
test interpreter::rule_defs::provider::builtin::validation_spec::test_missing_fields_validation ... ok
test interpreter::rule_defs::cmd_args::tests::test_parent_n_parent_type ... ok
test interpreter::transitive_set::tests::test_definition_type ... ok
test interpreter::rule_defs::provider::provider_symbol::test_provider_symbol_pass ... ok
test interpreter::rule_defs::artifact::project_declared_artifact ... ok
test interpreter::rule_defs::cmd_args::tests::test_format ... ok
test interpreter::transitive_set::tests::test_create_transitive_set ... ok
test nodes::calculation::test_get_node ... ok
test interpreter::rule_defs::provider::builtin::run_info::run_info_stringifies ... ok
test interpreter::rule_defs::provider::provider_symbol::test_provider_symbol_fail_runtime ... ok
test analysis::calculation::test_analysis_calculation ... ok
test interpreter::rule_defs::provider::builtin::local_resource_info::test_validation_7 ... ok
test interpreter::rule_defs::provider::builtin::validation_spec::test_attributes ... ok
test interpreter::rule_defs::artifact::bound_artifact ... ok
test interpreter::rule_defs::provider::builtin::tests::test_equals ... ok
test interpreter::rule_defs::provider::tests::test_builtin_provider_as_type ... ok
test interpreter::transitive_set::tests::test_projection_args ... ok
test interpreter::rule_defs::provider::builtin::validation_spec::test_construction ... ok
test interpreter::rule_defs::provider::tests::test_user_defined_provider_as_type ... ok
test interpreter::rule_defs::provider::builtin::run_info::run_info_works_as_provider_key ... ok
test interpreter::rule_defs::provider::provider_symbol::test_provider_symbol_fail_compile_time ... ok
test interpreter::transitive_set::tests::test_projection_iteration ... ok
test interpreter::rule_defs::cmd_args::tests::stringifies_correctly ... ok
test interpreter::rule_defs::cmd_args::tests::test_replace_regex_old ... ok
test interpreter::transitive_set::tests::test_define_transitive_set ... ok
test interpreter::transitive_set::tests::test_transitive_set_ordering_docs ... ok
test interpreter::rule_defs::provider::builtin::default_info::default_info_is_available ... ok
test interpreter::rule_defs::provider::builtin::validation_info::test_validation_failure ... ok
test interpreter::transitive_set::tests::test_type_2 ... ok
test interpreter::transitive_set::tests::test_transitive_sets_projection ... ok
test interpreter::transitive_set::tests::test_type_1 ... ok
test interpreter::rule_defs::provider::builtin::validation_spec::test_validation_failure ... ok
test interpreter::rule_defs::provider::collection::returns_default_info ... ok
test interpreter::rule_defs::provider::collection::provider_collection_get ... ok
test interpreter::rule_defs::provider::collection::provider_collection_contains_methods_and_in_operator ... ok
test interpreter::transitive_set::tests::test_projection_inputs ... ok
test interpreter::rule_defs::cmd_args::tests::test_parent ... ok
test interpreter::transitive_set::tests::test_json_projection ... ok
test interpreter::rule_defs::provider::builtin::worker_info::run_display ... ok
test interpreter::rule_defs::provider::tests::creates_providers ... ok
test interpreter::transitive_set::tests::test_frozen_transitive_sets ... ok
test interpreter::transitive_set::tests::test_hash_transitive_set ... ok
test interpreter::transitive_set::tests::test_reduction ... ok
test interpreter::rule_defs::provider::builtin::external_runner_test_info::test_construction ... ok
test interpreter::transitive_set::tests::test_accessors ... ok
test interpreter::transitive_set::tests::test_transitive_sets_iteration ... ok
test interpreter::rule_defs::provider::collection::provider_collection_fails_to_construct_on_bad_data ... ok
test interpreter::rule_defs::provider::builtin::external_runner_test_info::test_validation ... ok

test result: ok. 153 passed; 0 failed; 0 ignored; 0 measured; 0 filtered out; finished in 0.19s

     Running unittests src/lib.rs (target/debug/deps/buck2_build_info-1a67343b16363e7a)

running 0 tests

test result: ok. 0 passed; 0 failed; 0 ignored; 0 measured; 0 filtered out; finished in 0.00s

     Running unittests src/lib.rs (target/debug/deps/buck2_build_signals-efaf3111cb71d73b)

running 0 tests

test result: ok. 0 passed; 0 failed; 0 ignored; 0 measured; 0 filtered out; finished in 0.00s
     Running unittests src/lib.rs (target/debug/deps/buck2_build_signals_impl-905512f47f3dfe0d)
     Running unittests src/lib.rs (target/debug/deps/buck2_bxl-654fe5c3f39a05c7)


running 0 tests

test result: ok. 0 passed; 0 failed; 0 ignored; 0 measured; 0 filtered out; finished in 0.00s


running 6 tests
test bxl::starlark_defs::cli_args::tests::print_cli_arg_json ... ok
test bxl::starlark_defs::cli_args::tests::print_cli_arg_list ... ok
test bxl::starlark_defs::file_expr::tests::test_parse_cell_path_as_file_expr_literal ... ok
test init_late_bindings_for_test ... ok
test command::tests::test_pending_streaming_next_outputs ... ok
test bxl::starlark_defs::cli_args::tests::coerce_starlark ... ok

test result: ok. 6 passed; 0 failed; 0 ignored; 0 measured; 0 filtered out; finished in 0.00s

     Running unittests src/lib.rs (target/debug/deps/buck2_certs-fef222d0d4dfc1de)

running 0 tests

test result: ok. 0 passed; 0 failed; 0 ignored; 0 measured; 0 filtered out; finished in 0.00s

     Running unittests src/lib.rs (target/debug/deps/buck2_cfg_constructor-719da195ec63ae34)

running 0 tests

test result: ok. 0 passed; 0 failed; 0 ignored; 0 measured; 0 filtered out; finished in 0.00s

     Running unittests src/lib.rs (target/debug/deps/buck2_cli_proto-8200c9de43cf609d)

running 1 test
test protobuf_util::tests::test_split ... ok

test result: ok. 1 passed; 0 failed; 0 ignored; 0 measured; 0 filtered out; finished in 0.00s

     Running unittests src/lib.rs (target/debug/deps/buck2_client-264b273851602989)

running 17 tests
test commands::status::tests::test_duration_to_string ... ok
test print::tests::test ... ok
test print::tests::test_json_empty ... ok
test commands::init::tests::test_buckconfig_generation_with_prelude ... ok
test commands::build::tests::infos_default ... ok
test commands::build::tests::infos_noop ... ok
test commands::init::tests::test_buckconfig_generation_without_prelude ... ok
test commands::init::tests::test_buckfile_generation_with_prelude ... ok
test commands::build::tests::infos_configure ... ok
test commands::build::tests::infos_validation ... ok
test commands::build::out::tests::test_copy_symlink ... ok
test commands::status::tests::test_timestamp_to_string ... ok
test commands::init::tests::test_set_up_project_with_prelude_no_git ... ok
test commands::build::out::tests::test_copy_directory_with_symlink_pointing_externally ... ok
test commands::init::tests::test_default_gitignore ... ok
test commands::build::out::tests::test_copy_directory ... ok
test commands::build::out::tests::unix::test_copy_file ... ok

test result: ok. 17 passed; 0 failed; 0 ignored; 0 measured; 0 filtered out; finished in 0.04s

     Running unittests src/lib.rs (target/debug/deps/buck2_client_ctx-c76305713c4dd82d)

running 53 tests
test client_cpu_tracker::tests::test_compute ... ok
test common::target_cfg::tests::test_target_cfg_unused ... ok
test common::target_cfg::tests::space_separated_fails ... ok
test common::tests::test_get_representative_config_flags ... ok
test common::target_cfg::tests::opt_multiple ... ok
test argfiles::tests::test_expand_argfile_content ... ok
test daemon::client::connect::tests::test_constraints_equal_for_same_constraints ... ok
test argfiles::tests::test_comment ... ok
test daemon::client::connect::tests::test_constraints_equal_for_trace_io_existing ... ok
test client_metadata::tests::test_parse ... ok
test daemon::client::connect::tests::test_constraints_nested_invocation_diff_user_version ... ok
test common::tests::test_get_representative_config_flags_for_flagfiles ... ok
test daemon::client::connect::tests::test_constraints_unequal_for_trace_io ... ok
test daemon::client::connect::tests::test_trace_io_is_enabled ... ok
test daemon::daemon_windows::tests::test_smoke ... ok
test subscribers::build_graph_stats::tests::build_graph_stats_empty_target ... ok
test ide_support::tests::test_decoder ... ok
test subscribers::build_graph_stats::tests::build_graph_stats_normal ... ok
test subscribers::health_check_subscriber::tests::test_excess_cache_miss_reporting ... ok
test subscribers::health_check_subscriber::tests::test_slow_client ... ok
test subscribers::health_check_subscriber::tests::test_health_check_subscriber ... ok
test subscribers::superconsole::header::tests::test_remaining ... ok
test subscribers::recorder::tests::test_outcome ... ok
test subscribers::superconsole::header::tests::test_remaining_with_pending ... ok
test subscribers::superconsole::io::tests::test_words_to_lines ... ok
test subscribers::superconsole::tests::test_session_info ... ok
test subscribers::superconsole::header::tests::test_rendering_golden ... ok
test subscribers::superconsole::tests::test_tailer_stderr ... ok
test argfiles::tests::test_resolve_argfile_kind_with_project ... ok
test subscribers::superconsole::timed_list::tests::test_children ... ok
test subscribers::superconsole::header::tests::test_simple_header_final ... ok
test subscribers::superconsole::tests::test_default_layout ... ok
test argfiles::tests::test_relative_inclusion ... ok
test argfiles::tests::test_arg_source ... ok
test subscribers::superconsole::timed_list::tests::test_remaining_with_pending ... ok
test subscribers::superconsole::timed_list::tests::test_normal ... ok
test subscribers::superconsole::header::tests::test_children ... ok
test common::tests::test_get_representative_config_flags_stops_at_double_dash ... ok
test daemon::client::connect::tests::test_reject_materializer_state ... ok
test subscribers::recorder::tests::test_truncate_stderr ... ok
test subscribers::health_check_subscriber::tests::test_dropped_client ... ok
test daemon::client::connect::tests::test_daemon_buster ... ok
test subscribers::superconsole::timed_list::tests::test_remaining ... ok
test daemon::client::connect::tests::test_reject_daemon ... ok
test subscribers::classify_server_stderr::tests::test_rust_stack_trace_hash ... ok
test subscribers::health_check_subscriber::tests::test_event_limit_exceeded ... ok
test subscribers::build_graph_stats::tests::build_graph_stats_too_long_targets ... ok
test subscribers::classify_server_stderr::tests::test_folly_stack_trace ... ok
test subscribers::superconsole::header::tests::test_different_sizes_dont_fail ... ok
[1GBuild ID: 6ff44d2c-ba51-4a48-a4c9-5a231d785986[K
[1GLoading targets.   Remaining     0/1      [K
[1GCommand: test.                                                                                      [K
[1GTime elapsed: 0.0s[K
test subscribers::superconsole::tests::test_transfer_state_to_simpleconsole ... ok
test file_tailers::tailer::tests::test_tailer_stdout ... ok
test file_tailers::tailer::tests::test_tailer_stderr ... ok
test subscribers::classify_server_stderr::tests::test_generated_stack_trace ... ok

test result: ok. 53 passed; 0 failed; 0 ignored; 0 measured; 0 filtered out; finished in 0.27s

[1G[J     Running unittests src/lib.rs (target/debug/deps/buck2_cmd_completion_client-90f225c645487b0a)

running 69 tests
test complete::package::tests::test_completes_directory_in_different_cell_to_canonical_name ... ok
test complete::package::tests::test_backwards_path_to_different_cell_root_directory_completes_to_canonical_cell_name ... ok
test complete::path_sanitizer::tests::test_anonymous_cell_from_root_verify_cell_name ... ok
test complete::package::tests::test_bails_on_nonexistent_path ... ok
test complete::path_sanitizer::tests::test_canonical_cell_path_from_root_verify_abs_path ... ok
test complete::package::tests::test_completes_partial_dir_in_different_cell_to_canonical_name ... ok
test complete::package::tests::test_completes_cell_name_when_given_cell_root_as_directory ... ok
test complete::path_sanitizer::tests::test_canonical_path_in_root_from_root_verify_cell_name ... ok
test complete::path_sanitizer::tests::test_canonical_path_in_root_from_root_verify_abs_path ... ok
test complete::package::tests::test_completes_cell_children_of_double_slash ... ok
test complete::package::tests::test_completes_canonical_path_to_other_cell_from_subdirectory_in_this_cell ... ok
test complete::package::tests::test_completes_cell_correctly_from_a_different_cell ... ok
test complete::package::tests::test_completes_cell_aliases_alongside_cells ... ok
test complete::path_sanitizer::tests::test_absolute_path_in_subcell_verify_cell_name ... ok
test complete::path_sanitizer::tests::test_creation_returns_error_on_non_local_alias ... ok
test complete::path_sanitizer::tests::test_absolute_path_from_root_verify_cell_name ... ok
test complete::path_sanitizer::tests::test_aliased_cell_verify_given ... ok
test complete::package::tests::test_package_completion_only_uses_aliases_in_cells_definining_them ... ok
test complete::package::tests::test_completes_non_local_cell_name ... ok
test complete::package::tests::test_completes_cell_name_when_given_cell_root ... ok
test complete::package::tests::test_completes_root_children_of_double_slash ... ok
test complete::package::tests::test_expands_top_level_directory ... ok
test complete::package::tests::test_in_subdirectory_can_complete_subdirs_of_project_root_with_canonical_cell ... ok
test complete::package::tests::test_bails_on_nonexistent_path_in_subcell ... ok
test complete::package::tests::test_completes_canonical_path_in_other_cell_to_with_slash_or_colon ... ok
test complete::path_sanitizer::tests::test_fully_qualified_cell_is_ready_for_subdirs ... ok
test complete::path_sanitizer::tests::test_relative_path_from_root_verify_abs_path ... ok
test complete::path_sanitizer::tests::test_canonical_cell_path_from_root_verify_cell_name ... ok
test complete::path_sanitizer::tests::test_canonical_cell_path_from_root_verify_given ... ok
test complete::path_sanitizer::tests::test_relative_path_from_root_verify_given ... ok
test complete::package::tests::test_completes_as_both_directory_and_target_root ... ok
test complete::path_sanitizer::tests::test_slash_terminated_dir_is_ready_for_subdirs ... ok
test complete::path_sanitizer::tests::test_canonical_path_in_root_from_root_verify_given ... ok
test complete::path_sanitizer::tests::test_corrects_malformed_cross_cell_forward_path_from_root_verify_given ... ok
test complete::path_sanitizer::tests::test_cross_cell_forward_path_from_root_verify_given ... ok
test complete::path_sanitizer::tests::test_root_dir_as_empty_string_is_ready_for_subdirs ... ok
test complete::package::tests::test_completes_multiple_partial_dirs ... ok
test complete::path_sanitizer::tests::test_relative_path_from_root_verify_cell_name ... ok
test complete::path_sanitizer::tests::test_can_create_from_a_str_relative_path ... ok
test complete::path_sanitizer::tests::test_partial_with_no_slash_is_not_ready_for_subdirs ... ok
test complete::path_sanitizer::tests::test_bails_on_nonexistent_cell ... ok
test complete::package::tests::test_completes_single_slash_to_double_slash_in_root ... ok
test complete::path_sanitizer::tests::test_anonymous_cell_from_root_verify_given ... ok
test complete::path_sanitizer::tests::test_cross_cell_forward_path_from_root_verify_abs_path ... ok
test complete::path_sanitizer::tests::test_absolute_path_from_root_verify_given ... ok
test complete::path_sanitizer::tests::test_absolute_path_in_subcell_verify_abs_path ... ok
test complete::path_sanitizer::tests::test_can_create_from_a_canonical_path ... ok
test complete::package::tests::test_empty_string_also_completes_colon_if_in_target_dir ... ok
test complete::package::tests::test_provides_subdirectory_and_target_alternatives ... ok
test complete::path_sanitizer::tests::test_absolute_path_in_subcell_verify_given ... ok
test complete::package::tests::test_identifies_non_local_cell_name ... ok
test complete::package::tests::test_completes_partial_paths_and_matched_target_dirs ... ok
test complete::package::tests::test_completes_single_slash_to_double_slash_in_sub_cell ... ok
test complete::path_sanitizer::tests::test_cross_cell_forward_path_from_root_verify_cell_name ... ok
test complete::path_sanitizer::tests::test_anonymous_cell_from_root_verify_abs_path ... ok
test complete::path_sanitizer::tests::test_aliased_cell_verify_abs_path ... ok
test complete::path_sanitizer::tests::test_corrects_malformed_cross_cell_forward_path_from_root_verify_abs_path ... ok
test complete::path_sanitizer::tests::test_corrects_malformed_cross_cell_forward_path_from_root_verify_cell_name ... ok
test complete::path_sanitizer::tests::test_absolute_path_from_root_verify_abs_path ... ok
test complete::package::tests::test_normalizes_absolute_paths ... ok
test complete::path_sanitizer::tests::test_aliased_cell_verify_cell_name ... ok
test complete::package::tests::test_completes_mix_of_non_local_cell_name_and_local_dirs ... ok
test complete::package::tests::test_empty_string_completes_both_cells_and_dirs ... ok
test complete::package::tests::test_expands_subdirectory_with_buck_targets ... ok
test complete::package::tests::test_completes_non_local_cell_name_when_provided_with_a_single_slash ... ok
test complete::package::tests::test_package_completion_completes_packages_with_cell_aliases_as_aliases ... ok
test complete::package::tests::test_expands_subdirectory ... ok
test complete::package::tests::test_completes_subdirs_as_well_as_target_colon_for_fully_qualified_cell ... ok
test complete::package::tests::test_partial_subdirectory_name_expands_to_all_matches ... ok

test result: ok. 69 passed; 0 failed; 0 ignored; 0 measured; 0 filtered out; finished in 0.48s

     Running unittests src/lib.rs (target/debug/deps/buck2_cmd_debug_client-3d59a482642ecef2)

running 1 test
test persist_event_logs::tests::test_categorize_error ... ok

test result: ok. 1 passed; 0 failed; 0 ignored; 0 measured; 0 filtered out; finished in 0.00s

     Running unittests src/lib.rs (target/debug/deps/buck2_cmd_docs-48b5bf92e7834a97)

running 6 tests
test help_doc::tests::test_adjacent_to_code_blocks ... ok
test help_doc::tests::test_mixed_content ... ok
test help_doc::tests::test_multiline_triple_backticks ... ok
test help_doc::tests::test_no_escape_in_single_backticks ... ok
test help_doc::tests::test_simple_escape ... ok
test help_doc::tests::test_no_escape_in_triple_backticks ... ok

     Running unittests src/lib.rs (target/debug/deps/buck2_cmd_docs_server-ebaaccfdb3058104)
     Running unittests src/lib.rs (target/debug/deps/buck2_cmd_log_client-4cb2352a50bfef29)
     Running unittests src/lib.rs (target/debug/deps/buck2_cmd_starlark_client-2fe5888c3517fbf0)
test result: ok. 6 passed; 0 failed; 0 ignored; 0 measured; 0 filtered out; finished in 0.00s


running 0 tests

test result: ok. 0 passed; 0 failed; 0 ignored; 0 measured; 0 filtered out; finished in 0.00s


running 3 tests
test what_ran::tests::serialize_what_ran_command_in_re ... ok
test what_ran::tests::serialize_what_ran_command_no_extr ... ok
test what_ran::tests::serialize_what_ran_command_with_extra ... ok

test result: ok. 3 passed; 0 failed; 0 ignored; 0 measured; 0 filtered out; finished in 0.00s


running 0 tests

test result: ok. 0 passed; 0 failed; 0 ignored; 0 measured; 0 filtered out; finished in 0.00s

     Running unittests src/lib.rs (target/debug/deps/buck2_cmd_starlark_server-5cdd26bc94cf75a7)

running 0 tests

test result: ok. 0 passed; 0 failed; 0 ignored; 0 measured; 0 filtered out; finished in 0.00s

     Running unittests src/lib.rs (target/debug/deps/buck2_common-4f2282b8f3065524)

running 104 tests
test buckd_connection::tests::test_fmt_parse ... ok
test build_count::tests::test_min_count_empty_data ... ok
test build_count::tests::test_min_count_ignores_others ... ok
test build_count::tests::test_update_empty_input ... ok
test cas_digest::tests::test_digest_from_content ... ok
test cas_digest::tests::test_digest_from_reader ... ok
test build_count::tests::test_increment_empty_input ... ok
test cas_digest::tests::test_parse_digest ... ok
test cas_digest::tests::test_preferred_algorithm ... ok
test dice::cycles::tests::pair_cycle_detector ... ok
test file_ops::metadata::tests::test_tracked_file_digest_equivalence ... ok
test build_count::tests::test_write_empty_input ... ok
test invocation_paths::tests::test_paths ... ok
test io::fs::tests::test_read_symlink_out_of_project ... ok
test io::fs::tests::test_read_symlink_in_dir ... ok
test cas_digest::tests::test_digest_algorithm_kind_roundtrip ... ok
test build_count::tests::test_min_count_some_value ... ok
test build_count::tests::test_update_normal_input ... ok
test legacy_configs::aggregator::tests::test_alias_only_error ... ok
test io::fs::tests::test_read_unchecked_symlink ... ok
test legacy_configs::args::tests::test_argument_pair ... ok
test cas_digest::tests::test_digest_from_str ... ok
test io::fs::tests::test_read_not_symlink ... ok
test io::fs::tests::test_read_symlink ... ok
test ignores::ignore_set::tests::test_ignore_set_defaults ... ok
test build_count::tests::test_write_normal_input ... ok
test io::fs::tests::test_read_symlink_remaining_path ... ok
test client_utils::tests::test_retrying_error_forever ... ok
test legacy_configs::aggregator::tests::test_duplicate_paths ... ok
test build_count::tests::test_read_no_such_file ... ok
test legacy_configs::configs::tests::test_config_args_empty ... ok
test ignores::file_ignores::tests::file_ignores ... ok
test build_count::tests::test_min_count_no_increment ... ok
test build_count::tests::test_read_illegal_file_contents ... ok
test legacy_configs::file_ops::tests::dir_with_file ... ok
test package_listing::file_listing::tests::test_listing_within ... ok
test legacy_configs::configs::tests::test_includes ... ok
test legacy_configs::configs::tests::test_config_file_args_overwrite_config_file ... ok
test legacy_configs::configs::tests::test_config_args_overwrite_config_file ... ok
test legacy_configs::configs::tests::test_comments ... ok
test legacy_configs::configs::tests::test_config_args_cell_in_value ... ok
test legacy_configs::cells::tests::test_cell_config_section_name ... ok
test legacy_configs::cells::tests::test_git_external_cell_invalid_sha1 ... ok
test legacy_configs::cells::tests::test_config_arg_with_no_buckconfig ... ok
test legacy_configs::configs::tests::test_references ... ok
test legacy_configs::cells::tests::test_multi_cell_with_cell_relative ... ok
test legacy_configs::configs::tests::test_reference_cycle ... ok
test legacy_configs::dice::tests::config_equals ... ok
test resource_control::tests::test_validate_systemd_version_empty ... ok
test resource_control::tests::test_validate_systemd_version_normal ... ok
test pattern::resolve::tests::test_simple_specs_targets ... ok
test pattern::resolve::tests::test_simple_specs_targets_with_modifiers ... ok
test pattern::resolve::tests::test_simple_specs_providers_with_modifiers ... ok
test resource_control::tests::test_validate_systemd_version_unexpected_format ... ok
test resource_control::tests::test_validate_systemd_version_old_version ... ok
test resource_control::tests::test_validate_systemd_version_unexpected_version ... ok
test target_aliases::tests::test_aliases ... ok
test temp_path::tests::test_temp_path ... ok
test sqlite::sqlite_db::tests::test_path_does_not_exist_error ... ok
test build_count::tests::test_read_normal_file ... ok
test legacy_configs::configs::tests::test_config_args_ordering ... ok
test legacy_configs::configs::tests::test_section_and_key ... ok
test package_boundary::tests::test_package_boundary_dot ... ok
test package_listing::file_listing::tests::test_listing_with_prefix ... ok
test package_boundary::tests::test_package_boundary_exceptions ... ok
test manifold::tests::test_days_to_secs ... ok
test legacy_configs::configs::tests::test_simple ... ok
test pattern::resolve::tests::test_recursive_specs::parsing_targetpattern ... ok
test sqlite::sqlite_db::tests::test_create_new_sqlite_db ... ok
test legacy_configs::file_ops::tests::file ... ok
test liveliness_observer::tests::test_guard_is_alive_sync ... ok
test liveliness_observer::tests::test_guard_is_alive ... ok
test legacy_configs::file_ops::tests::empty_dir ... ok
test legacy_configs::file_ops::tests::non_existent_dir ... ok
test pattern::resolve::tests::test_simple_specs_providers ... ok
test local_resource_state::tests::test_canary ... ok
test liveliness_observer::tests::test_and ... ok
test legacy_configs::cells::tests::test_external_cell_configs ... ok
test legacy_configs::cells::tests::test_cells ... ok
test liveliness_observer::tests::test_cancel_restore_forget ... ok
test legacy_configs::cells::tests::test_missing_bundled_cell ... ok
test legacy_configs::cells::tests::test_multi_cell_with_config_file ... ok
test legacy_configs::cells::tests::test_git_external_cell ... ok
test legacy_configs::cells::tests::test_local_config_file_overwrite_config_file ... ok
test buildfiles::tests::test_buildfiles ... ok
test legacy_configs::cells::tests::test_nested_external_cell_configs ... ok
test legacy_configs::cells::tests::test_multi_cell_no_repositories_in_non_root_cell ... ok
test legacy_configs::cells::tests::test_multi_cell_local_config_file_overwrite_config_file ... ok
test legacy_configs::file_ops::tests::dir_with_file_in_dir ... ok
test legacy_configs::file_ops::tests::dir_in_dir ... ok
test build_count::tests::test_rebase ... ok
test pattern::resolve::tests::test_recursive_specs::parsing_providerspattern ... ok
test build_count::tests::test_increment_on_failure ... ok
test pattern::resolve::tests::test_recursive_patterns_with_modifiers::parsing_targetpattern ... ok
test build_count::tests::test_increment_normal_input ... ok
test sqlite::sqlite_db::tests::test_rejected_identity ... ok
test sqlite::sqlite_db::tests::test_load_existing_sqlite_db ... ok
test pattern::resolve::tests::test_recursive_patterns_with_modifiers::parsing_providerspattern ... ok
test sqlite::key_value_table::tests::test_key_value_sqlite_table ... ok
test sqlite::sqlite_db::tests::test_version_mismatch_error ... ok
test sqlite::sqlite_db::tests::test_sqlite_tables_functionality ... ok
test kill_util::tests::test_graceful_termination ... ok
test liveliness_observer::tests::test_timeout ... ok
test kill_util::tests::test_sigkill_when_graceful_termination_fails ... ok

test result: ok. 104 passed; 0 failed; 0 ignored; 0 measured; 0 filtered out; finished in 2.39s

     Running unittests src/lib.rs (target/debug/deps/buck2_configured-ab281e15c56c5ccc)

running 0 tests

test result: ok. 0 passed; 0 failed; 0 ignored; 0 measured; 0 filtered out; finished in 0.00s

     Running unittests src/lib.rs (target/debug/deps/buck2_core-124b9f7a801c9ad2)

running 148 tests
test ascii_char_set::tests::test_ascii_char_set ... ok
test build_file_path::tests::test_testing_new ... ok
test async_once_cell::tests::test_get_or_try_init ... ok
test async_once_cell::tests::test ... ok
test cells::cell_path_with_allowed_relative_dir::tests::multiple_parent_directory_traversal ... ok
test cells::cell_path_with_allowed_relative_dir::tests::parent_directory_traversal ... ok
test cells::cell_path_with_allowed_relative_dir::tests::nonleading_parent_dir_component ... ok
test cells::cell_path_with_allowed_relative_dir::tests::parent_directory_with_subpath ... ok
test cells::cell_path_with_allowed_relative_dir::tests::traversal_out_of_allowed_dir ... ok
test cells::nested::tests::test_nested_cells ... ok
test category::tests::valid_categories ... ok
test category::tests::invalid_categories ... ok
test cells::tests::test_cells ... ok
test cells::tests::test_of_names_and_paths ... ok
test cells::tests::test_resolve_path_crossing_cell_boundaries ... ok
test configuration::bound_id::tests::test_parse ... ok
test configuration::config_setting::tests::refines ... ok
test configuration::data::tests::test_stable_output_hash ... ok
test content_hash::tests::test_hash_for_dep_files_placeholder ... ok
test content_hash::tests::test_hash_for_output_artifact ... ok
test content_hash::tests::test_hash_for_scratch_path ... ok
test env::registry::tests::test_env_info ... ok
test env::registry::tests::test_ty_short ... ok
test error::tests::test_hard_error ... ok
test error::tests::test_reset_soft_error_handler ... ok
test fs::buck_out_path::tests::test_scratch_path_is_unique ... ok
test fs::cwd::tests::test_maybe_relativize_str ... ok
test fs::cwd::tests::test_maybe_relativize ... ok
test fs::buck_out_path::tests::test_resolve_test_discovery ... ok
test fs::buck_out_path::tests::test_scratch_path_is_sensible ... ok
test fs::fs_util::tests::relative_symlink_from_symlinked_dir_windows ... ok
test fs::fs_util::tests::if_exists_read_dir ... ok
test fs::buck_out_path::tests::buck_path_resolves ... ok
test fs::fs_util::tests::absolute_symlink_to_nonexistent_file_in_nonexistent_dir ... ok
test fs::fs_util::tests::create_and_remove_symlink_dir ... ok
test error::tests::test_validate_logview_category ... ok
test fs::fs_util::tests::create_and_remove_symlink_file ... ok
test fs::fs_util::tests::create_dir_if_not_exists ... ok
test fs::fs_util::tests::remove_all_broken_symlink ... ok
test fs::fs_util::tests::relative_symlink_to_nonexistent_file ... ok
test fs::fs_util::tests::remove_all_dir ... ok
test fs::fs_util::tests::remove_all_nonexistent ... ok
test fs::buck_out_path::tests::buck_target_output_path_resolves ... ok
test fs::fs_util::tests::remove_all_path_contains_regular_file ... ok
test fs::fs_util::tests::remove_file_broken_symlink ... ok
test fs::fs_util::tests::remove_file_does_not_remove_directory ... ok
test fs::fs_util::tests::test_io_error_tag ... ok
test fs::fs_util::tests::remove_all_regular ... ok
test fs::fs_util::tests::remove_dir_all_does_not_remove_file ... ok
test fs::fs_util::tests::test_relative_path ... ok
test fs::fs_util::tests::remove_file_removes_symlink_to_directory ... ok
test fs::fs_util::tests::test_disk_space_stats ... ok
test fs::fs_util::tests::remove_file_non_existing_file ... ok
test fs::fs_util::tests::symlink_to_symlinked_dir ... ok
test fs::paths::abs_norm_path::tests::abs_path_is_comparable ... ok
test fs::fs_util::tests::test_read_if_exists ... ok
test configuration::config_setting::tests::is_subset ... ok
test fs::fs_util::tests::symlink_to_file_which_doesnt_exist ... ok
test fs::fs_util::tests::test_read_to_string_if_exists ... ok
test fs::paths::abs_norm_path::tests::test_join ... ok
test fs::fs_util::tests::test_set_executable ... ok
test fs::buck_out_path::tests::buck_output_path_resolves ... ok
test configuration::cfg_diff::tests::test_diff ... ok
test content_hash::tests::test_hash_for_aquery_placeholder ... ok
test fs::fs_util::tests::test_create_file_if_not_exists ... ok
test content_hash::tests::test_hash ... ok
test fs::fs_util::tests::test_remove_all_removes_readonly_path ... ok
test fs::paths::abs_norm_path::tests::abs_paths_work_in_maps ... ok
test configuration::builtin::tests::test_from_label ... ok
test configuration::hash::tests::test_hash ... ok
test configuration::config_setting::tests::buckconfig_refines ... ok
test configuration::data::tests::test_lookup_from_string ... ok
test fs::paths::abs_norm_path::tests::test_verify ... ok
test fs::paths::abs_norm_path::tests::test_pop ... ok
test configuration::compatibility::tests::test_skipping_message_for_multiple ... ok
test fs::paths::forward_rel_path::tests::forward_path_is_comparable ... ok
test fs::paths::forward_rel_path::tests::test_from_iter ... ok
test fs::paths::forward_rel_path::tests::test_pop ... ok
test fs::paths::forward_rel_path::tests::test_serde ... ok
test fs::fs_util::tests::test_retry_io ... ok
test fs::paths::forward_rel_path::tests::test_split_last ... ok
test fs::paths::forward_rel_path::tests::test_strip_suffix ... ok
test fs::paths::path_util::tests::test_path_remove_prefix ... ok
test fs::paths::tests::absolute_path_display_is_readable ... ok
test fs::paths::tests::path_buf_is_clonable ... ok
test fs::paths::tests::wrapped_paths_work_in_maps ... ok
test fs::paths::tests::relative_path_display_is_readable ... ok
test fs::project::tests::test_relativizes_paths_correct ... ok
test fs::project_rel_path::tests::path_is_comparable ... ok
test fs::project_rel_path::tests::test_serde ... ok
test io_counters::tests::test_keys ... ok
test fs::project::tests::test_copy_symlink ... ok
test package::package_relative_path::tests::path_is_comparable ... ok
test fs::project::tests::test_strip_project_root_complex ... ok
test package::package_relative_path::tests::paths_work_in_maps ... ok
test package::tests::test_fails_on_invalid_path ... ok
test package::tests::test_serialize ... ok
test fs::project::tests::test_strip_project_root_simple ... ok
test pattern::ascii_pattern::tests::test_first_index_in ... ok
test fs::project::tests::test_set_executable ... ok
test pattern::ascii_pattern::tests::test_is_prefix_of ... ok
test fs::paths::forward_rel_path::tests::test_concat ... ok
test fs::project_rel_path::tests::path_display_is_readable ... ok
test pattern::ascii_pattern::tests::test_is_suffix_of ... ok
test pattern::ascii_pattern::tests::test_last_index_in ... ok
test pattern::parse_package::tests::test_parse_package ... ok
test pattern::pattern::tests::bad_providers_label ... ok
test pattern::pattern::tests::parse_absolute_pattern::parsing_configuredproviderspatternextra ... ok
test pattern::pattern::tests::parse_absolute_pattern::parsing_providerspattern ... ok
test pattern::pattern::tests::parse_absolute_pattern::parsing_targetpattern ... ok
test pattern::pattern::tests::parse_pattern_failure::parsing_configuredtargetpatternextra ... ok
test pattern::pattern::tests::parse_absolute_pattern::parsing_configuredtargetpatternextra ... ok
test pattern::pattern::tests::parse_pattern_failure::parsing_configuredproviderspatternextra ... ok
test pattern::pattern::tests::parse_relative_pattern ... ok
test pattern::pattern::tests::parse_pattern_failure::parsing_targetpattern ... ok
test pattern::pattern::tests::parse_pattern_failure::parsing_providerspattern ... ok
test pattern::pattern::tests::parsed_pattern_contains ... ok
test pattern::pattern::tests::parse_providers_pattern_with_alias ... ok
test pattern::pattern::tests::test_configured_parsed_pattern_with_modifiers ... ok
test pattern::pattern::tests::test_parse_configured_providers_pattern ... ok
test pattern::pattern::tests::test_cross_cell_boundary ... ok
test pattern::pattern::tests::test_parsed_pattern_display ... ok
test pattern::pattern::tests::test_aliases ... ok
test pattern::pattern::tests::test_parsed_pattern_fails_with_modifiers ... ok
test pattern::pattern::tests::test_parsed_opt_absolute ... ok
test pattern::pattern::tests::test_parsed_pattern_with_modifiers_relaxed ... ok
test provider::label::tests::providers_name_validation ... ok
test pattern::pattern::tests::test_relative_pattern_with_parent ... ok
test rollout_percentage::tests::test_parse_err ... ok
test rollout_percentage::tests::test_parse_ok ... ok
test pattern::pattern::tests::test_relaxed ... ok
test pattern::pattern_type::tests::test_configured_providers_matches_cfg ... ok
test target::label::interner::tests::test_interner ... ok
test target::name::tests::target_name_validation ... ok
test target::name::tests::test_value_and_ref_hashes_equal ... ok
test pattern::pattern::tests::parse_providers_pattern ... ok
test fs::paths::forward_rel_path::tests::test_iter_as_path ... ok
test content_hash::tests::test_hash_for_relative_path_resolution ... ok
test fs::paths::forward_rel_path::tests::test_iter ... ok
test fs::paths::abs_norm_path::tests::test_verify_windows ... ok
test rollout_percentage::tests::test_roll_no_hostname ... ok
test rollout_percentage::tests::test_roll ... ok
test fs::project::tests::test_symlink_to_directory ... ok
test fs::project::tests::test_relativize_any_bug ... ok
test fs::fs_util::tests::relative_symlink_to_nonexistent_dir ... ok
test fs::fs_util::tests::test_symlink_with_target_length_over_max_path ... ok
test fs::project::tests::test_symlink_relativized ... ok
test fs::project::tests::copy_works ... ok

test result: ok. 148 passed; 0 failed; 0 ignored; 0 measured; 0 filtered out; finished in 0.03s

     Running unittests src/lib.rs (target/debug/deps/buck2_critical_path-389e387912d260e7)

running 21 tests
test builder::tests::test_duplicate_err ... ok
test builder::tests::test_finish ... ok
test builder::tests::test_missing_ok ... ok
test graph::tests::test_add_edges ... ok
test graph::tests::test_iter ... ok
test graph::tests::test_longest_paths ... ok
test graph::tests::test_reverse ... ok
test graph::tests::test_topo_sort_cycle ... ok
test test_utils::tests::test_shuffle ... ok
test graph::tests::test_topo_sort ... ok
test potential::tests::test_medium ... ok
test potential::tests::test_trivial ... ok
test potential::tests::test_large ... ok
test graph::tests::test_topo_sort_empty ... ok
test potential::tests::test_mini ... ok
test potential::tests::test_accessor ... ok
test graph::tests::test_topo_sort_large ... ok
test potential::tests::test_xlarge ... ok
test potential::tests::test_random_large ... ok
test potential::tests::test_xxlarge ... ok
test potential::tests::test_xxxlarge ... ok

test result: ok. 21 passed; 0 failed; 0 ignored; 0 measured; 0 filtered out; finished in 10.52s

     Running unittests src/lib.rs (target/debug/deps/buck2_daemon-6b3ae2d73de3a234)

running 2 tests
test schedule_termination::tests::test_elapsed_cpu_time_as_percents ... ok
error: Unrecognized option: 'fd'
test daemon::tests::test_daemon_smoke ... ok

test result: ok. 2 passed; 0 failed; 0 ignored; 0 measured; 0 filtered out; finished in 1.16s

     Running unittests src/lib.rs (target/debug/deps/buck2_data-dcc912d8d0209ece)

running 2 tests
test serialize_duration_as_micros::tests::test_roundtrip ... ok
test serialize_duration_as_micros::tests::test_value ... ok

test result: ok. 2 passed; 0 failed; 0 ignored; 0 measured; 0 filtered out; finished in 0.00s

     Running unittests src/lib.rs (target/debug/deps/buck2_directory-40d1d94425737c66)

running 22 tests
test directory::path_accumulator::tests::test_path_accumulator ... ok
test directory::test::test_bounds ... ok
test directory::test::test_entry_walk ... ok
test directory::test::test_filter ... ok
test directory::test::test_directory_interner_deep ... ok
test directory::test::test_directory_interner ... ok
test directory::test::test_find ... ok
test directory::test::test_find_prefix ... ok
test directory::test::test_merge ... ok
test directory::test::test_merge_conflict ... ok
test directory::test::test_merge_overwrite ... ok
test directory::test::test_mkdir ... ok
test directory::test::test_mkdir_overwrite ... ok
test directory::test::test_remove_prefix_empty ... ok
test directory::test::test_remove_prefix_error ... ok
test directory::test::test_remove_prefix_leaf ... ok
test directory::test::test_remove_prefix_tree ... ok
test directory::test::test_search ... ok
test directory::test::test_walk ... ok
test directory::test::test_copy_on_write ... ok
test directory::test::test_insert ... ok
test directory::test::test_filter_continues_on_error ... ok

test result: ok. 22 passed; 0 failed; 0 ignored; 0 measured; 0 filtered out; finished in 0.00s

     Running unittests src/lib.rs (target/debug/deps/buck2_downward_api-f16229aeb10f4ba6)

running 0 tests

test result: ok. 0 passed; 0 failed; 0 ignored; 0 measured; 0 filtered out; finished in 0.00s

     Running unittests src/lib.rs (target/debug/deps/buck2_downward_api_proto-19628dd86263f702)

running 1 test
test convert::tests::test_log_level_roundtrip ... ok

test result: ok. 1 passed; 0 failed; 0 ignored; 0 measured; 0 filtered out; finished in 0.00s

     Running unittests src/lib.rs (target/debug/deps/buck2_eden-9b25b2e9231d2eb3)

running 0 tests

test result: ok. 0 passed; 0 failed; 0 ignored; 0 measured; 0 filtered out; finished in 0.00s

     Running unittests src/lib.rs (target/debug/deps/buck2_error-50c01f65db4159ab)

running 51 tests
test any::tests::test_context_in_wrapper ... ok
test any::tests::test_metadata ... ok
test any::tests::test_metadata_through_anyhow ... ok
test any::tests::test_metadata_through_wrapper ... ok
test any::tests::test_roundtrip_no_context ... ok
test any::tests::test_roundtrip_with_context ... ok
test any::tests::test_roundtrip_with_typed_context ... ok
test classify::tests::test_default_is_infra ... ok
test classify::tests::test_first_error_best_error ... ok
test classify::tests::test_rank ... ok
test classify::tests::test_ranked_infra ... ok
test classify::tests::test_ranked_tags ... ok
test classify::tests::test_source_area ... ok
test context_value::tests::test_category_infra_preferred ... ok
test context_value::tests::test_category_not_in_formatting ... ok
test derive_tests::test_correct_transparent ... ok
test derive_tests::test_derive_error1 ... ok
test derive_tests::test_derive_error2 ... ok
test derive_tests::test_derive_error3 ... ok
test derive_tests::test_enum_with_type_option ... ok
test derive_tests::test_error_with_spelled_out_category ... ok
test derive_tests::test_generic_error ... ok
test derive_tests::test_source_metadata_are_included ... ok
test derive_tests::test_source_location_no_attrs ... ok
test error::tests::test_category_key ... ok
test error::tests::test_emitted_works ... ok
test derive_tests::test_with_field ... ok
test error::tests::test_duplicate_string_tags ... ok
test error::tests::test_get_tier ... ok
test source_location::tests::test_this_file ... ok
test derive_tests::test_error_message_with_provided_field ... ok
test derive_tests::test_recovery_through_transparent_buck2_error ... ok
test classify::tests::test_best_tag ... ok
test any::tests::test_no_root_metadata_context ... ok
test context::tests::test_compute_context ... ok
test derive_tests::test_error_tags ... ok
test derive_tests::test_error_tags_vec_fn ... ok
test source_location::tests::test_via_anyhow_from ... ok
test source_location::tests::test_via_context ... ok
test error::tests::test_root_id ... ok
test source_location::tests::test_via_error_macro ... ok
test source_location::tests::test_via_error_new ... ok
test source_location::tests::test_windows_path ... ok
test starlark_error::tests::test_metadata_roundtrip_with_anyhow ... ok
test starlark_error::tests::test_pop_base_error_from_context ... ok
test starlark_error::tests::test_roundtrip_starlark ... ok
test starlark_error::tests::test_pop_dyn_error_from_context ... ok
test starlark_error::tests::test_conversion_with_typed_context ... ok
test source_location::tests::test_via_implicit ... ok
test source_location::tests::test_via_derive ... ok
test source_location::tests::test_via_try ... ok

test result: ok. 51 passed; 0 failed; 0 ignored; 0 measured; 0 filtered out; finished in 0.01s

     Running unittests src/lib.rs (target/debug/deps/buck2_error_derive-5fe022987e7b8bad)

running 0 tests

test result: ok. 0 passed; 0 failed; 0 ignored; 0 measured; 0 filtered out; finished in 0.00s

     Running unittests src/lib.rs (target/debug/deps/buck2_error_tests-301a26aab7f15f32)

running 7 tests
test format::test_after_anyhow_conversion ... ok
test format::test_shows_anyhow_context ... ok
test format::test_shows_context ... ok
test format::test_with_context_from_source ... ok
test conversion::test_format_starlark_stacktrace_with_later_context ... ok
test conversion::test_starlark_multiple_stacktrace ... ok
test conversion::test_starlark_multiple_stacktrace_with_context_inbetween ... ok

test result: ok. 7 passed; 0 failed; 0 ignored; 0 measured; 0 filtered out; finished in 0.02s

     Running unittests src/lib.rs (target/debug/deps/buck2_event_log-50fbb8229524e4a5)

running 13 tests
test ttl::tests::test_not_a_user ... ok
test ttl::tests::test_not_a_user_and_not_continuous ... ok
test ttl::tests::test_is_a_user ... ok
test user_event_types::tests::test_serialize_starlark_user_event ... ok
test ttl::tests::test_not_a_user_and_continuous ... ok
test utils::tests::test_parse_json_line ... ok
test user_event_types::tests::test_serialize_starlark_user_event_dict ... ok
test write::tests::test_stream_value_serialize_to_protobuf_length_delimited ... ok
test user_event_types::tests::test_serialize_starlark_user_event_list ... ok
test read::tests::test_get_uuid_from_logfile_name ... ok
test write::tests::test_protobuf_decoding_gzip ... ok
test write::tests::test_protobuf_decoding_zstd ... ok
test write::tests::test_tick_makes_valid_log_zstd ... ok

test result: ok. 13 passed; 0 failed; 0 ignored; 0 measured; 0 filtered out; finished in 0.01s

     Running unittests src/lib.rs (target/debug/deps/buck2_event_observer-0a4704dd63f38ab7)

running 32 tests
test action_stats::tests::test_file_change_invalidation_source ... ok
test display::tests::correctly_handles_carriage_return ... ok
test display::tests::preserves_duplicate_newlines ... ok
test display::tests::preserves_leading_whitespace ... ok
test display::tests::strips_trailing_newline_character ... ok
test display::tests::removes_color_characters ... ok
test fmt_duration::tests::test_fmt_duration ... ok
test humanized::tests::test_humanized ... ok
test pending_estimate::tests::test_completion_percentage_build_complete ... ok
test pending_estimate::tests::test_completion_percentage_empty_span ... ok
test pending_estimate::tests::test_completion_percentage_intermediate_state ... ok
test pending_estimate::tests::test_completion_percentage_invalid_dice_state ... ok
test span_tracker::tests::test_boring_via_child ... ok
test progress::tests::test_span_map ... ok
test span_tracker::tests::test_dice_counts ... ok
test span_tracker::tests::test_iter_roots_len ... ok
test two_snapshots::tests::test_bytes_per_second ... ok
test verbosity::tests::test_default_with_stderr ... ok
test verbosity::tests::test_quiet_with_items ... ok
test humanized::tests::test_humanized_bytes_per_second ... ok
test verbosity::tests::test_more_than_one_level_throws_error ... ok
test display::tests::preserves_other_trailing_whitespace ... ok
test verbosity::tests::test_unknown_item_throws_error ... ok
test verbosity::tests::test_verbose ... ok
test what_ran::tests::test_executor_with_platform ... ok
test what_ran::tests::test_executor_with_platform_no_platform ... ok
test action_stats::tests::test_excess_cache_miss_with_no_invalidation_source ... ok
test verbosity::tests::test_default ... ok
test two_snapshots::tests::test_cpu_percents ... ok
test span_tracker::tests::test_boring_via_self ... ok
test humanized::tests::test_humanized_count ... ok
test pending_estimate::tests::test_completion_no_progress ... ok

test result: ok. 32 passed; 0 failed; 0 ignored; 0 measured; 0 filtered out; finished in 0.00s

     Running unittests src/lib.rs (target/debug/deps/buck2_events-31db1a050458a975)

running 30 tests
test daemon_id::tests::test_display ... ok
test dispatch::tests::send_event_smoke ... ok
test dispatch::tests::send_event_with_nested_span ... ok
test dispatch::tests::send_event_with_span ... ok
test dispatch::tests::send_event_with_span_async ... ok
test dispatch::tests::send_event_with_nested_span_async ... ok
test dispatch::tests::send_event_with_nested_span_explicit ... ok
test dispatch::tests::test_async_record_root_spans ... ok
test dispatch::tests::test_concurrent_single_thread ... ok
test dispatch::tests::test_record_root_spans ... ok
test sink::channel::tests::sending_event_smoke ... ok
test sink::smart_truncate_event::tests::smart_truncate_action_execution_end_one_last_command_truncated ... ok
test sink::smart_truncate_event::tests::smart_truncate_build_command_end_short_target_patterns_not_truncated ... ok
test sink::smart_truncate_event::tests::smart_truncate_invocation_record_short_cli_args_truncated ... ok
test sink::smart_truncate_event::tests::smart_truncate_short_file_watcher_stats_not_truncated ... ok
test sink::smart_truncate_event::tests::smart_truncate_long_file_watcher_stats_truncated ... ok
test sink::smart_truncate_event::tests::smart_truncate_unresolved_target_used_when_resolved_one_unavailable ... ok
test tests::trace_id_hash_produces_a_reasonable_number ... ok
test tests::round_trip_success ... ok
test sink::smart_truncate_event::tests::smart_truncate_action_execution_end_long_stderr_command_truncated ... ok
test source::tests::receive_smoke ... ok
test sink::smart_truncate_event::tests::smart_truncate_test_discovery_end_command_report_stdout_truncated ... ok
test dispatch::tests::test_concurrent_multi_thread ... ok
test sink::smart_truncate_event::tests::smart_truncate_invocation_record_long_cli_args_truncated ... ok
test sink::smart_truncate_event::tests::smart_truncate_build_command_end_long_target_patterns_truncated ... ok
test sink::smart_truncate_event::tests::smart_truncate_test_end_command_report_stdout_truncated ... ok
test sink::smart_truncate_event::tests::smart_truncate_resolved_target_patterns_clears_unresolved_one ... ok
test sink::smart_truncate_event::tests::smart_truncate_test_end_long_test_names_truncated ... ok
test sink::smart_truncate_event::tests::smart_truncate_invocation_record_error_reports_truncated ... ok
test dispatch::tests::test_span_stats ... ok

test result: ok. 30 passed; 0 failed; 0 ignored; 0 measured; 0 filtered out; finished in 0.02s

     Running unittests src/lib.rs (target/debug/deps/buck2_execute-840ebda47374061c)

running 22 tests
test directory::tests::directory_relativized ... ok
test directory::tests::test_extract_no_deps ... ok
test directory::tests::test_re_tree_compatibility ... ok
test directory::tests::test_extract_has_deps_leaf ... ok
test directory::tests::test_extract_cycle ... ok
test directory::tests::test_extract_has_deps_dir ... ok
test execute::result::tests::test_to_command_execution_proto ... ok
test execute::result::tests::test_to_command_execution_proto_omit_command_details ... ok
test execute::claim::tests::test_mutex_claim_release ... ok
test execute::result::tests::test_to_command_execution_proto_omit_stdout ... ok
test artifact_utils::tests::copy_relativized_symlink ... ok
test materialize::http::tests::test_copy_and_hash_invalid_primary_hash ... ok
test materialize::http::tests::test_copy_and_hash_invalid_secondary_hash ... ok
test re::client::tests::test_chunks_skips ... ok
test re::error::tests::test_extract_re_error ... ok
test re::client::tests::test_chunks_reuses ... ok
test materialize::http::tests::test_debug_buffer ... ok
test re::client::tests::test_chunks_splits ... ok
test directory::tests::test_extract_symlink_chain ... ok
test directory::tests::test_re_tree_roundtrip ... ok
test execute::result::tests::test_to_command_execution_proto_omit_stderr ... ok
test materialize::http::tests::test_copy_and_hash_ok ... ok

test result: ok. 22 passed; 0 failed; 0 ignored; 0 measured; 0 filtered out; finished in 0.00s

     Running unittests src/lib.rs (target/debug/deps/buck2_execute_impl-e131c766ad44bb45)

running 39 tests
test low_pass_filter::tests::test_access ... ok
test low_pass_filter::tests::test_access_weight ... ok
test low_pass_filter::tests::test_access_many ... ok
test materializers::deferred::data_tree::tests::test_get ... ok
test low_pass_filter::tests::test_release_cancel ... ok
test materializers::deferred::data_tree::tests::test_into_iter ... ok
test materializers::deferred::data_tree::tests::test_iter ... ok
test materializers::deferred::data_tree::tests::test_prefix_remove ... ok
test materializers::deferred::data_tree::tests::test_remove_empty_dirs ... ok
test materializers::deferred::data_tree::tests::test_suffix_remove ... ok
test materializers::sqlite::materializer_state_table::tests::test_artifact_metadata_external_symlink_sqlite_entry_conversion_succeeds ... ok
test materializers::sqlite::materializer_state_table::tests::test_artifact_metadata_full_dir_sqlite_entry_conversion_succeeds ... ok
test materializers::sqlite::materializer_state_table::tests::test_artifact_metadata_compact_dir_sqlite_entry_conversion_succeeds ... ok
test materializers::deferred::materialize_stack::test_materialize_stack_display ... ok
test materializers::sqlite::materializer_state_table::tests::test_artifact_metadata_file_sqlite_entry_conversion_succeeds ... ok
test materializers::deferred::tests::test_find_artifacts ... ok
test executors::local::tests::test_exec_cmd_environment ... ok
test materializers::sqlite::materializer_state_table::tests::test_artifact_metadata_symlink_sqlite_entry_conversion_succeeds ... ok
test materializers::deferred::tests::test_remove_path ... ok
test materializers::sqlite::materializer_state_table::tests::test_delete_many ... ok
test low_pass_filter::tests::test_access_does_not_require_poll ... ok
test low_pass_filter::tests::test_release ... ok
test executors::local::tests::test_exec_cmd_environment_filtering ... ok
test materializers::deferred::tests::state_machine::test_has_artifact_at ... ok
test materializers::deferred::tests::state_machine::test_declare_reuse ... ok
test materializers::deferred::tests::state_machine::test_subscription_notifications ... ok
test materializers::deferred::tests::state_machine::test_clean_stale ... ok
test materializers::deferred::tests::state_machine::test_subscription_subscribe_also_materializes ... ok
test materializers::deferred::tests::state_machine::test_subscription_unsubscribe ... ok
test materializers::deferred::tests::state_machine::test_invalidate_error ... ok
test materializers::deferred::tests::state_machine::test_retry ... ok
test materializers::deferred::tests::state_machine::test_subscription_create_destroy ... ok
test materializers::deferred::tests::state_machine::test_materialize_dep_error ... ok
test materializers::deferred::tests::state_machine::test_clean_stale_interrupt ... ok
test materializers::sqlite::tests::test_initialize_sqlite_db ... ok
test materializers::deferred::tests::state_machine::test_materialize_symlink_first_then_target ... ok
test materializers::deferred::tests::state_machine::test_materialize_symlink_and_target ... ok
test materializers::sqlite::tests::test_materializer_state_sqlite_table ... ok
test materializers::deferred::tests::state_machine::test_clean_stale_schedule ... ok

test result: ok. 39 passed; 0 failed; 0 ignored; 0 measured; 0 filtered out; finished in 5.27s

     Running unittests src/lib.rs (target/debug/deps/buck2_external_cells-9b74538a2de8325f)

running 4 tests
test bundled::tests::test_smoke_read ... ok
test bundled::tests::test_dir_listing ... ok
test bundled::tests::test_executable_bit ... ok
test bundled::tests::test_load_all_bundled_cells ... ok

test result: ok. 4 passed; 0 failed; 0 ignored; 0 measured; 0 filtered out; finished in 0.08s

     Running unittests src/lib.rs (target/debug/deps/buck2_external_cells_bundled-28317812c715f0be)

running 2 tests
test tests::test_bundled_prelude_data ... ok
test tests::test_sanity_check ... ok

test result: ok. 2 passed; 0 failed; 0 ignored; 0 measured; 0 filtered out; finished in 0.00s

     Running unittests src/lib.rs (target/debug/deps/buck2_file_watcher-1bca2867e7ad7957)

running 2 tests
test watchman::test::test_syncable_query ... ok
test fs_hash_crawler::tests::test_fs_snapshot ... ok

test result: ok. 2 passed; 0 failed; 0 ignored; 0 measured; 0 filtered out; finished in 0.00s

     Running unittests src/lib.rs (target/debug/deps/buck2_forkserver-fc47289e3a99412e)

running 16 tests
test run::interruptible_async_read::tests::interruptible_async_read::test_drain_finish ... ok
test run::interruptible_async_read::tests::interruptible_async_read::test_drain_interrupt ... ok
test run::interruptible_async_read::tests::interruptible_async_read::test_drain_eof ... ok
test run::tests::test_gather_output ... ok
test run::process_group::tests::test_process_impl ... ok
test run::tests::test_gather_does_not_wait_for_children ... ok
test run::tests::test_signal_exit_code ... ok
test run::interruptible_async_read::tests::unix_non_blocking_drainer::test_unix_non_blocking_drainer ... ok
test run::tests::test_spawn_retry_txt_busy ... ok
test run::tests::test_spawn_retry_other_error ... ok
test run::tests::test_stream_command_events_ends ... ok
test run::tests::test_no_stdio_stream_command_events ... ok
test run::interruptible_async_read::tests::timeout_drainer::test_timeout_drainer ... ok
test run::tests::test_kill_terminates_process_group ... ok
test run::tests::timeout_kills_before_dropping_decoder ... ok
test run::tests::test_gather_output_timeout ... ok

test result: ok. 16 passed; 0 failed; 0 ignored; 0 measured; 0 filtered out; finished in 3.01s

     Running unittests src/lib.rs (target/debug/deps/buck2_forkserver_proto-38ce1e32e0c2a162)

running 0 tests

test result: ok. 0 passed; 0 failed; 0 ignored; 0 measured; 0 filtered out; finished in 0.00s

     Running unittests src/lib.rs (target/debug/deps/buck2_futures-5c2e21e7de9c99fe)

running 38 tests
test details::cancellable_future::tests::test_cancel_never_polled ... ok
test details::cancellable_future::tests::test_cancel_already_finished ... ok
test details::cancellable_future::tests::test_cancel ... ok
test details::cancellable_future::tests::test_cancellation_observer_wakes_up_other_tasks ... ok
test details::cancellable_future::tests::test_disable_cancellation_already_canceled ... ok
test details::cancellable_future::tests::test_disable_cancellation_synced_with_structured_cancellation_already_cancelled ... ok
test details::cancellable_future::tests::test_finished_future_dropped_when_cancelled ... ok
test details::cancellable_future::tests::test_finished_future_dropped_when_ready ... ok
test details::cancellable_future::tests::test_is_dropped ... ok
test details::cancellable_future::tests::test_lambda_is_ran_without_poll ... ok
test details::cancellable_future::tests::test_nested_critical_section ... ok
test details::cancellable_future::tests::test_disable_cancellation_synced_with_structured_cancellation_not_cancelled ... ok
test details::cancellable_future::tests::test_prevent_cancellation_cancellation_observer_notifies ... ok
test details::cancellable_future::tests::test_prevent_cancellation_drop_is_allowed ... ok
test details::cancellable_future::tests::test_ready ... ok
test details::cancellable_future::tests::test_prevent_cancellation_is_reentrant ... ok
test details::cancellable_future::tests::test_structured_cancellation_can_be_reentered ... ok
test details::cancellable_future::tests::test_structured_cancellation_cancels_on_exit ... ok
test details::cancellable_future::tests::test_structured_cancellation_is_reentrant ... ok
test details::cancellable_future::tests::test_structured_cancellation_notifies ... ok
test details::cancellable_future::tests::test_structured_cancellation_is_blocking ... ok
test details::cancellable_future::tests::test_structured_cancellation_with_critical_section ... ok
test details::cancellable_future::tests::test_structured_cancellation_returns_to_executor ... ok
test details::cancellable_future::tests::test_structured_cancellation_works_after_cancel ... ok
test drop::tests::drops_together ... ok
test drop::tests::pollable ... ok
test drop::tests::streamable ... ok
test owning_future::tests::test_future ... ok
test owning_future::tests::test_future_mapping ... ok
test spawn::tests::test_cancellation_of_cancellable ... ok
test spawn::tests::test_cancellation_of_dropcancel ... ok
test spawn::tests::test_spawn_and_detach ... ok
test details::cancellable_future::tests::test_critical_section ... ok
test details::cancellable_future::tests::test_critical_section_noop_drop_is_allowed ... ok
test details::cancellable_future::tests::test_critical_section_via_prevent_cancellation ... ok
test details::cancellable_future::tests::test_disable_cancellation ... ok
test details::cancellable_future::tests::test_critical_section_cancelled_during_poll ... ok
test details::cancellable_future::tests::test_wakeup ... ok

test result: ok. 38 passed; 0 failed; 0 ignored; 0 measured; 0 filtered out; finished in 0.10s


running 0 tests

test result: ok. 0 passed; 0 failed; 0 ignored; 0 measured; 0 filtered out; finished in 0.00s


running 6 tests
test health_checks::vpn_check::tests::test_can_run_with_no_optin_target_regex ... ok
test health_check_client::tests::test_health_check_client ... ok
     Running unittests src/lib.rs (target/debug/deps/buck2_grpc-31243a011cbdd446)
     Running unittests src/lib.rs (target/debug/deps/buck2_health_check-b3dc3b10b8ebe214)
     Running unittests src/lib.rs (target/debug/deps/buck2_health_check_proto-0759434e6d5227e9)
     Running unittests src/lib.rs (target/debug/deps/buck2_host_sharing_proto-fe5750ae69edffb0)
test health_checks::vpn_check::tests::test_can_run_with_no_target_patterns ... ok
test health_checks::vpn_check::tests::test_can_run_with_no_matching_target ... ok
test health_checks::vpn_check::tests::test_can_run_with_matching_target ... ok
test health_checks::vpn_check::tests::test_regex_matching_multiple_targets ... ok

test result: ok. 6 passed; 0 failed; 0 ignored; 0 measured; 0 filtered out; finished in 0.00s


     Running unittests src/lib.rs (target/debug/deps/buck2_http-af68e00b8d208aea)
running 0 tests

test result: ok. 0 passed; 0 failed; 0 ignored; 0 measured; 0 filtered out; finished in 0.00s


running 0 tests

test result: ok. 0 passed; 0 failed; 0 ignored; 0 measured; 0 filtered out; finished in 0.00s


running 37 tests
test client::tests::test_change_scheme_to_http_succeeds ... ok
test client::tests::test_change_scheme_to_http_no_effect ... ok
test proxy::tests::test_domain_match ... ok
test proxy::tests::test_noproxy_intercept_does_not_proxy_for_domain_match ... ok
test proxy::tests::test_noproxy_intercept_does_not_proxy_for_ip_addr_match ... ok
test proxy::tests::test_noproxy_intercept_does_not_proxy_for_scheme_mismatch ... ok
test proxy::tests::test_noproxy_matches_ip_network ... ok
test proxy::tests::test_noproxy_matches_ip_address ... ok
test proxy::tests::test_noproxy_matches_multiple ... ok
test proxy::tests::test_noproxy_intercept_does_not_proxy_for_ip_net_match ... ok
test proxy::tests::test_noproxy_empty_string_does_not_match ... ok
test proxy::tests::test_noproxy_matches_subdomain ... ok
test retries::tests::test_http_retry_non_retryable ... ok
test retries::tests::test_http_retry_exhaust_retries ... ok
test retries::tests::test_http_retry_success ... ok
test retries::tests::test_http_retry_retryable ... ok
test client::builder::tests::test_set_connect_and_read_timeouts ... ok
test client::tests::test_count_response_size ... ok
test client::builder::tests::test_set_connect_timeout ... ok
test client::builder::tests::test_supports_vpnless_set_true ... ok
test client::builder::tests::test_with_max_redirects_overrides_default ... ok
test client::builder::tests::test_http2_option ... ok
test client::builder::tests::test_default_builder ... ok
test client::tests::test_404_not_found_is_error ... ok
test client::tests::test_simple_put_success ... ok
test client::tests::test_x2p_error_response_is_access_denied ... ok
test client::tests::test_x2p_error_response_is_forbidden_host ... ok
test client::tests::test_x2p_error_response_is_generic_error ... ok
test client::tests::test_head_changes_to_get_on_redirect ... ok
test client::tests::test_too_many_redirects_fails ... ok
test client::tests::test_simple_post_success ... ok
test client::builder::tests::test_builder_with_proxy_adds_proxy ... ok
test client::tests::test_simple_get_success ... ok
test client::tests::test_follows_redirects ... ok
test client::tests::test_proxies_through_unix_socket_when_set ... ok
test client::tests::test_post_gets_redirected ... ok
test client::tests::test_concurrency_limit ... ok

test result: ok. 37 passed; 0 failed; 0 ignored; 0 measured; 0 filtered out; finished in 0.57s

     Running unittests src/lib.rs (target/debug/deps/buck2_install_proto-165fd99e9aa25901)

running 0 tests

test result: ok. 0 passed; 0 failed; 0 ignored; 0 measured; 0 filtered out; finished in 0.00s


running 31 tests
test extra::xcode::tests::test_no_plist ... ok
test extra::xcode::tests::test_resolves_version_from_plist ... ok
test extra::xcode::tests::test_resolves_version_from_plist_no_minor_no_patch_version ... ok
     Running unittests src/lib.rs (target/debug/deps/buck2_interpreter-faa67dfdbf7efe70)
test extra::xcode::tests::test_resolves_version_from_plist_no_patch_version ... ok
test file_loader::tests::valid_load ... ok
test file_loader::tests::no_resolution ... ok
test file_loader::tests::valid_find ... ok
test file_loader::tests::missing_in_loaded_modules ... ok
test from_freeze::tests::test_from_freeze_error ... ok
test package_imports::tests::test ... ok
test parse_import::tests::allows_non_at_symbols ... ok
test parse_import::tests::bad_alias ... ok
test parse_import::tests::cell_package ... ok
test parse_import::tests::cell_relative_import_given_relative_paths_allowed ... ok
test parse_import::tests::empty_filename ... ok
test parse_import::tests::fails_relative_import_if_disallowed ... ok
test parse_import::tests::file_relative_import_given_relative_paths_allowed ... ok
test parse_import::tests::missing_colon ... ok
test parse_import::tests::package_relative ... ok
test parse_import::tests::root_package ... ok
test extra::xcode::tests::test_resolves_version_from_version_and_build_string ... ok
test parse_import::tests::regular_import_given_relative_paths_allowed ... ok
test starlark_promise::tests::test_promise_validate ... ok
test starlark_promise::tests::test_promise_join ... ok
test types::configured_providers_label::tests::test_providers_label_to_json ... ok
test types::configured_providers_label::tests::test_configured_providers_label_to_json ... ok
test starlark_promise::tests::test_promise ... ok
test types::regex::tests::test_str ... ok
test types::regex::tests::test_as_type ... ok
test types::regex::tests::test_match ... ok
test types::regex::tests::test_fancy ... ok

test result: ok. 31 passed; 0 failed; 0 ignored; 0 measured; 0 filtered out; finished in 0.02s

     Running unittests src/lib.rs (target/debug/deps/buck2_interpreter_for_build-78d8c7e4c6ebb1c7)

running 23 tests
test attrs::coerce::arc_str_interner::tests::test_arc_str_interner ... ok
test attrs::coerce::attr_type::arg::tests::test_exe_target ... ok
test attrs::coerce::attr_type::arg::tests::test_exe ... ok
test interpreter::globspec::tests::test_dot_dot_in_pattern ... ok
test interpreter::globspec::tests::test_dot_in_pattern ... ok
test attrs::coerce::attr_type::arg::tests::test_location ... ok
test interpreter::globspec::tests::test_double_slash_in_pattern ... ok
test attrs::coerce::attr_type::arg::tests::test_location_exec ... ok
test interpreter::globspec::tests::test_glob_match ... ok
test interpreter::globspec::tests::test_glob_match_case_insensitive ... ok
test interpreter::globspec::tests::test_glob_prefix ... ok
test interpreter::globspec::tests::test_invalid_patterns ... ok
test interpreter::globspec::tests::test_leading_slash_in_pattern ... ok
test interpreter::globspec::tests::test_resolve_glob ... ok
test interpreter::globspec::tests::test_resolve_glob_dot ... ok
test interpreter::globspec::tests::test_resolve_glob_square_brackets_bug ... ok
test interpreter::globspec::tests::test_trailing_slash_in_pattern ... ok
test attrs::coerce::attr_type::arg::tests::test_concat ... ok
test interpreter::functions::sha256::tests::test_sha256 ... ok
test interpreter::functions::sha1::tests::test_sha1 ... ok
test interpreter::functions::dedupe::tests::test_dedupe ... ok
test interpreter::functions::regex::tests::test_regex ... ok
test attrs::coerce::interner::tests::test_intern ... ok

test result: ok. 23 passed; 0 failed; 0 ignored; 0 measured; 0 filtered out; finished in 0.09s

     Running unittests src/lib.rs (target/debug/deps/buck2_interpreter_for_build_tests-a1219a0eadebe277)

running 58 tests
test init_late_bindings_for_test ... ok
test attr::coercing_src_to_path_works ... ok
test attr::attr_coercer_coerces ... ok
test interpreter::test_find_imports ... ok
test select::test_failing_nested_select ... ok
test functions::host_info::test_buck_v2 ... ok
test interpreter::test_eval_import ... ok
test rule::rule_creates_callable ... ok
test interpreter::test_eval_build_file ... ok
test attr::string_works ... ok
test functions::with_sub_target::test_with_sub_target ... ok
test functions::host_info::test_host_info ... ok
test uncategorized::cannot_register_target_twice ... ok
test select::test_failing_select_funcs ... ok
test rule::udr_is_recorded ... ok
test interpreter::eval ... ok
test functions::read_config::test_read_config ... ok
test attr::boolean_works ... ok
test attrs::attrs_global::test_attr_display ... ok
test rule::freeze_fails_if_not_assigned ... ok
test rule::rule_unbound ... ok
test functions::load_symbols::test_load_symbols ... ok
test interpreter::test_root_import ... ok
test interpreter::test_load ... ok
test interpreter::test_package_import ... ok
test rule::rule_disallows_reserved_names ... ok
test interpreter::test_builtins ... ok
test rule::returns_documentation ... ok
test rule::option_allows_none ... ok
test interpreter::prelude_is_included ... ok
test attr::list_works ... ok
test attr::test_attr_module_registered ... ok
test attr::enum_works ... ok
test attr::source_works ... ok
test uncategorized::tester_can_load_symbols_transitively ... ok
test attr::dep_works ... ok
test uncategorized::tester_can_load_extra_modules ... ok
test select::test_select_funcs ... ok
test label::labels_are_usable ... ok
test interpreter::test_oncall ... ok
test rule::udr_rejects_invalid_parameters ... ok
test tests::test_eval_import ... ok
test tests::test_eval_import_with_load ... ok
test super_package::package_value::test_overwrite_package_value_not_allowed_without_overwrite_flag ... ok
test super_package::package_value::test_package_value_same_dir_package_file ... ok
test super_package::modifiers::test_get_parent_package_cfg_modifiers ... ok
test super_package::package_value::test_overwrite_package_value_with_flag ... ok
test super_package::package_value::test_read_parent_package_value_is_suggested_in_package_file ... ok
test tests::test_eval_build_file ... ok
test super_package::package_value::test_config_unification_rollout_function_override ... ok
test super_package::package_value::test_read_parent_package_value_from_bzl ... ok
test super_package::package_function::test_package ... ok
test super_package::package_value::test_read_parent_package_value_is_suggested_in_bzl_file ... ok
test super_package::package_function::test_package_not_inherit ... ok
test super_package::package_function::test_package_inherit ... ok
test super_package::modifiers::test_set_package_cfg_modifiers ... ok
test super_package::package_value::test_package_value_parent_dir_package_file ... ok
test super_package::package_value::test_read_parent_package_value ... ok

test result: ok. 58 passed; 0 failed; 0 ignored; 0 measured; 0 filtered out; finished in 0.27s

     Running unittests src/lib.rs (target/debug/deps/buck2_miniperf_proto-1c1154c042d82796)

running 3 tests
test tests::test_adjusted_count ... ok
test tests::test_expected_size ... ok
test tests::test_to_proto ... ok

test result: ok. 3 passed; 0 failed; 0 ignored; 0 measured; 0 filtered out; finished in 0.00s

     Running unittests src/lib.rs (target/debug/deps/buck2_node-1e37cda89b24e2f1)

running 17 tests
test attrs::attr_type::any_matches::tests::test_serde_json_any_matches ... ok
test attrs::attr_type::arg::parser::tests::test_macro_type ... ok
test attrs::attr_type::arg::parser::tests::test_quoted ... ok
test attrs::attr_type::arg::parser::tests::test_parse_macros ... ok
test attrs::attr_type::arg::parser::tests::test_unquoted ... ok
test attrs::spec::internal::tests::verify_attr_ids ... ok
test attrs::coerced_attr::tests::test_check_all_keys_unique_small ... ok
test attrs::coerced_attr::tests::test_check_all_keys_unique_large ... ok
test configuration::target_platform_detector::tests::test_detect ... ok
test metadata::key::tests::test_metadata_key_validation ... ok
test configuration::target_platform_detector::tests::test_parse_errors ... ok
test metadata::map::tests::test_any_matches ... ok
test metadata::map::tests::test_display ... ok
test configured_universe::tests::test_get_from_package_by_configured_provider_pattern ... ok
test rule_type::tests::function_id_has_useful_string ... ok
test metadata::map::tests::test_to_value ... ok
test nodes::eval_result::tests::test_missing_targets_message ... ok

test result: ok. 17 passed; 0 failed; 0 ignored; 0 measured; 0 filtered out; finished in 0.00s

     Running unittests src/lib.rs (target/debug/deps/buck2_node_tests-5f6f5f44ccf9617e)

running 6 tests
test attrs::coerced_attr::selector_equals_accounts_for_ordering ... ok
test attrs::coerced_attr::test_select_refines_bug ... ok
test attrs::coerced_attr::select_the_most_specific ... ok
test attrs::coerced_attr::test_to_json_concat ... ok
test attrs::coerced_attr::test_to_json_selector ... ok
test attrs::hacks::stringifies_correctly ... ok

test result: ok. 6 passed; 0 failed; 0 ignored; 0 measured; 0 filtered out; finished in 0.00s

     Running unittests src/lib.rs (target/debug/deps/buck2_offline_archive-f3f86ecbf654a330)

running 5 tests
test tests::test_full_target_no_remaining ... ok
test tests::test_full_target_with_remaining ... ok
test tests::test_interior_links_no_remaining ... ok
test tests::test_interior_links_absolute ... ok
test tests::test_interior_links_relative ... ok

test result: ok. 5 passed; 0 failed; 0 ignored; 0 measured; 0 filtered out; finished in 0.00s

     Running unittests src/lib.rs (target/debug/deps/buck2_profile-33202cf4c7472d68)

running 0 tests

test result: ok. 0 passed; 0 failed; 0 ignored; 0 measured; 0 filtered out; finished in 0.00s


running 0 tests

test result: ok. 0 passed; 0 failed; 0 ignored; 0 measured; 0 filtered out; finished in 0.00s


     Running unittests src/lib.rs (target/debug/deps/buck2_protoc_dev-53d97de40ee22627)
     Running unittests src/lib.rs (target/debug/deps/buck2_query-03c05b428f6c301e)
     Running unittests src/lib.rs (target/debug/deps/buck2_query_derive-27e1130da73c2225)
running 20 tests
test query::environment::tests::test_no_path ... ok
test query::environment::tests::test_distinct_paths ... ok
test query::environment::tests::test_nested_paths ... ok
test query::environment::tests::test_many_paths ... ok
test query::environment::tests::test_one_path ... ok
test query::environment::tests::test_paths_with_cycles_present ... ok
test query::graph::async_bfs::tests::test_async_bfs_find_path ... ok
test query::environment::tests::test_rdeps ... ok
test query::graph::async_bfs::tests::test_async_bfs_find_path_branch ... ok
test query::graph::async_bfs::tests::test_async_bfs_find_path_error ... ok
test query::graph::async_bfs::tests::test_async_bfs_find_path_multiple_starts ... ok
test query::graph::bfs::tests::test_bfs_preorder ... ok
test query::graph::async_bfs::tests::test_async_bfs_find_path_no_path ... ok
test query::graph::dfs::tests::test ... ok
test query::graph::graph::tests::test_build_then_dfs_postorder ... ok
test query::graph::graph::tests::test_take_max_depth ... ok
test query::syntax::simple::eval::tests::test_missing_arg ... ok
test query::traversal::tests::test_async_depth_first_postorder_traversal ... ok
test query::traversal::tests::test_async_depth_limited_traversal ... ok
test query::traversal::tests::test_async_fast_depth_first_postorder_traversal ... ok

test result: ok. 20 passed; 0 failed; 0 ignored; 0 measured; 0 filtered out; finished in 0.00s


running 1 test
test parse::tests::test ... ok

test result: ok. 1 passed; 0 failed; 0 ignored; 0 measured; 0 filtered out; finished in 0.00s

     Running unittests src/lib.rs (target/debug/deps/buck2_query_impls-c9bce7586491cbef)

running 1 test
test dice::aquery::tests::test_node_cache ... ok

test result: ok. 1 passed; 0 failed; 0 ignored; 0 measured; 0 filtered out; finished in 0.00s

     Running unittests src/lib.rs (target/debug/deps/buck2_query_parser-8e20594572861269)

running 7 tests
test spanned::tests::test_truncate_span_in_middle ... ok
test tests::test_function ... ok
test tests::test_expr ... ok
test tests::test_integer ... ok
test tests::test_trailing_infix ... ok
test tests::test_word ... ok
test tests::test_set ... ok

test result: ok. 7 passed; 0 failed; 0 ignored; 0 measured; 0 filtered out; finished in 0.00s

     Running unittests src/lib.rs (target/debug/deps/buck2_re_configuration-699bad53f17bb675)

running 0 tests

test result: ok. 0 passed; 0 failed; 0 ignored; 0 measured; 0 filtered out; finished in 0.00s

     Running unittests src/lib.rs (target/debug/deps/buck2_resource_control-b7fb8e08207a6d3b)

running 3 tests
test memory_tracker::tests::test_current_memory_changes_tracked ... ok
test memory_tracker::tests::test_current_pressure_changes_tracked ... ok
test memory_tracker::tests::test_backoff_stops_after_max_retries ... ok

test result: ok. 3 passed; 0 failed; 0 ignored; 0 measured; 0 filtered out; finished in 5.00s

     Running unittests src/lib.rs (target/debug/deps/buck2_server-2b3702ad79581272)

running 17 tests
test active_commands::tests::test_multiple_active_commands ... ok
test active_commands::tests::test_active_command_state ... ok
test daemon::daemon_tcp::tests::test_create_listener ... ok
test daemon::multi_event_stream::tests::test_batch_and_done ... ok
test daemon::multi_event_stream::tests::test_batch_on_pending ... ok
test daemon::multi_event_stream::tests::test_err ... ok
test daemon::multi_event_stream::tests::test_err_buffered ... ok
test jemalloc_stats::tests::test_get_allocator_stats ... ok
test daemon::disk_state::tests::test_delete_all_from_cache_dir ... ok
test daemon::disk_state::tests::test_delete_from_cache_dir_with_known_dirs ... ok
test lsp::tests::cache_builds ... ok
test net_io::tests::test_network_collector ... ok
test host_info::tests::test_host_info_create_xcode_override ... ok
test daemon::state::tests::test_from_startup_config_defaults_internal ... ok
test daemon::state::tests::test_from_startup_config_zero_for_unset ... ok
test daemon::state::tests::test_from_startup_config_overrides ... ok
test daemon::multi_event_stream::tests::test_batch_limit ... ok

test result: ok. 17 passed; 0 failed; 0 ignored; 0 measured; 0 filtered out; finished in 0.02s

     Running unittests src/lib.rs (target/debug/deps/buck2_server_commands-630fab0f7c238dbf)
     Running unittests src/lib.rs (target/debug/deps/buck2_server_ctx-c3643283101fdfcf)

running 4 tests
test commands::build::unhashed_outputs::tests::test_iter_reverse_ancestors ... ok
test json::tests::test_list ... ok
test json::tests::test_quote_string ... ok
test target_hash::tests::test_hash_display ... ok

test result: ok. 4 passed; 0 failed; 0 ignored; 0 measured; 0 filtered out; finished in 0.00s


running 19 tests
test concurrency::tests::nested_invocation_same_transaction ... ok
test stderr_output_guard::tests::test_truncate_str ... ok
test concurrency::tests::parallel_invocation_same_transaction ... ok
test concurrency::tests::nested_invocation_should_error ... ok
test concurrency::tests::test_exit_when_not_idle_with_preemptible_command ... ok
test concurrency::tests::test_exit_when_not_idle_with_different_state ... ok
test concurrency::tests::test_multiple_exit_when_not_idle_commands_with_different_state ... ok
test concurrency::tests::test_exit_when_not_idle_with_same_state ... ok
test concurrency::tests::test_exit_when_not_idle_gets_preempted ... ok
test concurrency::tests::parallel_invocation_exit_when_different_state ... ok
test concurrency::tests::test_updates_are_synchronized ... ok
test concurrency::tests::parallel_invocation_different_traceid_blocks ... ok
test concurrency::tests::parallel_invocation_exit_when_preemptible ... ok
test concurrency::tests::exclusive_command_lock ... ok
test concurrency::tests::test_multiple_exit_when_not_idle_commands_with_same_state ... ok
test concurrency::tests::test_thundering_herd ... ok
test concurrency::tests::test_exit_when_not_idle_allows_command_when_daemon_idle_with_different_state ... ok
test concurrency::tests::test_exit_when_not_idle_allows_command_when_daemon_idle_with_same_state ... ok
test concurrency::tests::test_cleanup_stage ... ok

test result: ok. 19 passed; 0 failed; 0 ignored; 0 measured; 0 filtered out; finished in 1.01s

     Running unittests src/lib.rs (target/debug/deps/buck2_server_starlark_debug-1a9278e7fd165483)

running 2 tests
test server::tests::test_variable_id ... ok
test server::tests::test_variable_id_failures ... ok

test result: ok. 2 passed; 0 failed; 0 ignored; 0 measured; 0 filtered out; finished in 0.00s

     Running unittests src/lib.rs (target/debug/deps/buck2_subscription_proto-822e0c57aa4787ed)

running 0 tests

test result: ok. 0 passed; 0 failed; 0 ignored; 0 measured; 0 filtered out; finished in 0.00s

     Running unittests src/lib.rs (target/debug/deps/buck2_test-c5b5c7143aad3f1c)

running 21 tests
test command::tests::always_excludes_overrides_precedence ... ok
test command::tests::only_include_labels_in_includes ... ok
test command::tests::order_of_precedence ... ok
test command::tests::test_generate_config_entry_args_all_types ... ok
test command::tests::test_generate_config_entry_args_empty ... ok
test command::tests::test_generate_config_entry_args_multiple_config_flags ... ok
test command::tests::test_generate_config_entry_args_multiple_same_type ... ok
test command::tests::test_generate_config_entry_args_single_config_flag ... ok
test command::tests::test_generate_config_entry_args_with_none_source ... ok
test orchestrator::tests::test_create_action_key_suffix_listing ... ok
test orchestrator::tests::test_create_action_key_suffix_testing_no_variant ... ok
test orchestrator::tests::test_create_action_key_suffix_testing_with_variant ... ok
test local_resource_api::tests::test_missing_value ... ok
test orchestrator::tests::test_create_action_key_suffix_truncation ... ok
test local_resource_api::tests::test_into_state ... ok
test remote_storage::tests::test_collect_digests_leaf ... ok
test remote_storage::tests::test_collect_digests_dir ... ok
test orchestrator::tests::test_orchestrator_closes_channel ... ok
test orchestrator::tests::test_orchestrator_channel_drop ... ok
test orchestrator::tests::orchestrator_results ... ok
test orchestrator::tests::orchestrator_attach_info_messages ... ok

test result: ok. 21 passed; 0 failed; 0 ignored; 0 measured; 0 filtered out; finished in 0.00s

     Running unittests src/lib.rs (target/debug/deps/buck2_test_api-7be4be0304da3d1b)

running 7 tests
test data::convert::tests::execute_request2_roundtrip ... ok
test data::convert::tests::execution_result2_roundtrips ... ok
test data::convert::tests::external_runner_spec_roundtrip ... ok
test data::convert::tests::prepare_for_local_execution_result_roundtrip ... ok
test data::convert::tests::test_executable_roundtrip ... ok
test grpc::test::test_basic ... ok
test grpc::test::test_client_disconnect ... ok
     Running unittests src/lib.rs (target/debug/deps/buck2_test_proto-45c375d8fb8df25e)

test result: ok. 7 passed; 0 failed; 0 ignored; 0 measured; 0 filtered out; finished in 0.01s
     Running unittests src/lib.rs (target/debug/deps/buck2_test_runner-f907d120961286b6)
     Running unittests src/lib.rs (target/debug/deps/buck2_transition-0edade92e69dcbb2)


running 0 tests

test result: ok. 0 passed; 0 failed; 0 ignored; 0 measured; 0 filtered out; finished in 0.00s


running 0 tests
     Running unittests src/lib.rs (target/debug/deps/buck2_util-04f19e7d4ed68738)

test result: ok. 0 passed; 0 failed; 0 ignored; 0 measured; 0 filtered out; finished in 0.00s


running 0 tests

test result: ok. 0 passed; 0 failed; 0 ignored; 0 measured; 0 filtered out; finished in 0.00s


running 45 tests
test arc_str::fat::tests::test_clone_drop_ref_count ... ok
test arc_str::fat::tests::test_hash ... ok
test arc_str::fat::tests::test_serialize ... ok
test arc_str::slice::tests::test_from_iter_exact_size ... ok
test arc_str::slice::tests::test_from_iter_unknown_size ... ok
test arc_str::string_like::tests::test_display ... ok
test arc_str::string_like::tests::test_hash_is_transparent ... ok
test arc_str::string_like::tests::test_simple ... ok
test arc_str::thin::tests::test_clone_drop_ref_count ... ok
test arc_str::thin::tests::test_hash ... ok
test arc_str::thin::tests::test_serialize ... ok
test arc_str::thin_slice::tests::test_empty ... ok
test arc_str::thin_slice::tests::test_from_iter ... ok
test arc_str::thin_slice::tests::test_new ... ok
test cgroup_info::tests::test_cgroup_join ... ok
test cgroup_info::tests::test_cgroup_info_read ... FAILED
test process_stats::tests::test_proc_self_stat_parse ... ok
test cgroup_info::tests::test_cgroup_info_read_async ... FAILED
test per_thread_instruction_counter::tests::test_perf_thread_instruction_counter ... FAILED
test sliding_window::tests::test_over_window_size ... ok
test process_stats::tests::test_process_stats ... ok
test sliding_window::tests::test_sliding_window ... ok
test rtabort::tests::test_rtabort ... ok
test thin_box::tests::test_empty ... ok
test system_stats::tests::get_system_memory_stats ... ok
test truncate::tests::test_truncate ... ok
test thin_box::tests::test_from_iter_sized ... ok
test thin_box::tests::test_from_iter_unknown_size ... ok
test truncate::tests::test_truncate_unicode ... ok
test truncate::tests::test_truncate_container ... ok
test cycle_detector::tests::should_detect_simple_cycle ... ok
test threads::tests::test_no_stack_overflow ... ok
test cgroup_info::tests::test_cgroup_get_slice ... ok
test os::unix_like::sc_clk_tck::tests::test_ticks_per_second ... ok
test process_stats::tests::test_proc_self_stat_read ... ok
test network_speed_average::tests::test_network_speed_average ... ok
test cgroup_info::tests::test_cgroup_info_parse ... ok
test indent::tests::test_indent ... ok
test future::tests::test_returns_eagerly ... ok
test threads::tests::test_catch_stack_overflow ... ok
test arc_str::fat::tests::test_little_stress_test ... ok
test tokio_runtime::tests::test_no_stack_overflow ... ok
test arc_str::thin::tests::test_little_stress_test ... ok
test tokio_runtime::tests::test_stack_overflow ... ok
test thin_box::tests::test_stress ... ok

failures:

---- cgroup_info::tests::test_cgroup_info_read stdout ----

thread 'cgroup_info::tests::test_cgroup_info_read' panicked at app/buck2_util/src/cgroup_info.rs:155:13:
assertion failed: Path::new(&info.path).exists()
note: run with `RUST_BACKTRACE=1` environment variable to display a backtrace

---- cgroup_info::tests::test_cgroup_info_read_async stdout ----

thread 'cgroup_info::tests::test_cgroup_info_read_async' panicked at app/buck2_util/src/cgroup_info.rs:146:13:
assertion failed: Path::new(&info.path).exists()

---- per_thread_instruction_counter::tests::test_perf_thread_instruction_counter stdout ----

thread 'per_thread_instruction_counter::tests::test_perf_thread_instruction_counter' panicked at app/buck2_util/src/per_thread_instruction_counter.rs:100:63:
called `Result::unwrap()` on an `Err` value: Operation not permitted (os error 1)


failures:
    cgroup_info::tests::test_cgroup_info_read
    cgroup_info::tests::test_cgroup_info_read_async
    per_thread_instruction_counter::tests::test_perf_thread_instruction_counter

test result: FAILED. 42 passed; 3 failed; 0 ignored; 0 measured; 0 filtered out; finished in 0.13s

error: test failed, to rerun pass `-p buck2_util --lib`
