info: syncing channel updates for 'stable-x86_64-unknown-linux-gnu'

  stable-x86_64-unknown-linux-gnu unchanged - rustc 1.89.0 (29483883e 2025-08-04)

info: checking for self-update
info: using existing install for 'stable-x86_64-unknown-linux-gnu'
info: default toolchain set to 'stable-x86_64-unknown-linux-gnu'

  stable-x86_64-unknown-linux-gnu unchanged - rustc 1.89.0 (29483883e 2025-08-04)

    Updating crates.io index
 Downloading crates ...
  Downloaded anstyle v1.0.11
  Downloaded equivalent v1.0.2
  Downloaded autocfg v1.4.0
  Downloaded anstream v0.6.19
  Downloaded anstyle-parse v0.2.7
  Downloaded heck v0.5.0
  Downloaded percent-encoding v2.3.1
  Downloaded ppv-lite86 v0.2.21
  Downloaded utf8parse v0.2.2
  Downloaded subtle v2.6.1
  Downloaded rustls-webpki v0.103.4
  Downloaded tokio-macros v2.5.0
  Downloaded synstructure v0.13.2
  Downloaded tinyvec v1.9.0
  Downloaded socket2 v0.5.10
  Downloaded time v0.3.41
  Downloaded stable_deref_trait v1.2.0
  Downloaded yoke v0.8.0
  Downloaded smallvec v1.15.0
  Downloaded untrusted v0.9.0
  Downloaded uuid v1.17.0
  Downloaded zerofrom-derive v0.1.6
  Downloaded yasna v0.5.2
  Downloaded quote v1.0.40
  Downloaded url v2.5.4
  Downloaded icu_provider v2.0.0
  Downloaded tracing v0.1.41
  Downloaded zerotrie v0.2.2
  Downloaded tokio-util v0.7.15
  Downloaded zerovec v0.11.2
  Downloaded tracing-core v0.1.34
  Downloaded parking_lot v0.12.4
  Downloaded webpki-roots v1.0.0
  Downloaded mio v1.0.4
  Downloaded serde v1.0.219
  Downloaded zerocopy v0.8.25
  Downloaded cc v1.2.26
  Downloaded base64 v0.22.1
  Downloaded hickory-proto v0.25.2
  Downloaded log v0.4.27
  Downloaded indexmap v2.9.0
  Downloaded proc-macro2 v1.0.95
  Downloaded once_cell v1.21.3
  Downloaded regex v1.11.1
  Downloaded moka v0.12.10
  Downloaded lock_api v0.4.13
  Downloaded syn v2.0.101
  Downloaded jobserver v0.1.33
  Downloaded icu_normalizer_data v2.0.0
  Downloaded deranged v0.4.0
  Downloaded clap_lex v0.7.4
  Downloaded unicode-ident v1.0.18
  Downloaded tokio-rustls v0.26.2
  Downloaded tinystr v0.8.1
  Downloaded strsim v0.11.1
  Downloaded slab v0.4.9
  Downloaded resolv-conf v0.7.4
  Downloaded powerfmt v0.2.0
  Downloaded potential_utf v0.1.2
  Downloaded pin-project-lite v0.2.16
  Downloaded itoa v1.0.15
  Downloaded is_terminal_polyfill v1.70.1
  Downloaded critical-section v1.2.0
  Downloaded cmake v0.1.54
  Downloaded regex-automata v0.4.9
  Downloaded cfg-if v1.0.0
  Downloaded rand_chacha v0.9.0
  Downloaded tokio v1.45.1
  Downloaded pem v3.0.5
  Downloaded num-conv v0.1.0
  Downloaded jiff v0.2.14
  Downloaded libc v0.2.172
  Downloaded scopeguard v1.2.0
  Downloaded rand_core v0.9.3
  Downloaded pin-utils v0.1.0
  Downloaded icu_properties v2.0.1
  Downloaded webpki-roots v0.26.11
  Downloaded serde_derive v1.0.219
  Downloaded rustls-pki-types v1.12.0
  Downloaded idna_adapter v1.2.1
  Downloaded writeable v0.6.1
  Downloaded utf8_iter v1.0.4
  Downloaded tinyvec_macros v0.1.1
  Downloaded thiserror v1.0.69
  Downloaded icu_locale_core v2.0.0
  Downloaded icu_collections v2.0.0
  Downloaded hashbrown v0.15.3
  Downloaded futures-core v0.3.31
  Downloaded zerovec-derive v0.11.1
  Downloaded zerofrom v0.1.6
  Downloaded yoke-derive v0.8.0
  Downloaded time-macros v0.2.22
  Downloaded thiserror-impl v2.0.12
  Downloaded thiserror-impl v1.0.69
  Downloaded tagptr v0.2.0
  Downloaded shlex v1.3.0
  Downloaded icu_properties_data v2.0.1
  Downloaded hickory-resolver v0.25.2
  Downloaded h2 v0.4.10
  Downloaded futures-io v0.3.31
  Downloaded crossbeam-channel v0.5.15
  Downloaded clap_builder v4.5.39
  Downloaded zeroize v1.8.1
  Downloaded rustls v0.23.29
  Downloaded regex-syntax v0.8.5
  Downloaded futures-channel v0.3.31
  Downloaded fs_extra v1.3.0
  Downloaded idna v1.0.3
  Downloaded futures-util v0.3.31
  Downloaded futures-sink v0.3.31
  Downloaded env_logger v0.11.8
  Downloaded env_filter v0.1.3
  Downloaded displaydoc v0.2.5
  Downloaded data-encoding v2.9.0
  Downloaded ring v0.17.14
  Downloaded crossbeam-utils v0.8.21
  Downloaded aws-lc-rs v1.13.1
  Downloaded portable-atomic v1.11.1
  Downloaded getrandom v0.3.3
  Downloaded form_urlencoded v1.2.1
  Downloaded dunce v1.0.5
  Downloaded aho-corasick v1.1.3
  Downloaded rcgen v0.14.1
  Downloaded rand v0.9.1
  Downloaded memchr v2.7.4
  Downloaded icu_normalizer v2.0.0
  Downloaded http v1.3.1
  Downloaded bytes v1.10.1
  Downloaded clap v4.5.39
  Downloaded time-core v0.1.4
  Downloaded thiserror v2.0.12
  Downloaded parking_lot_core v0.9.11
  Downloaded litemap v0.8.0
  Downloaded ipnet v2.11.0
  Downloaded getrandom v0.2.16
  Downloaded fnv v1.0.7
  Downloaded crossbeam-epoch v0.9.18
  Downloaded async-trait v0.1.88
  Downloaded futures-task v0.3.31
  Downloaded enum-as-inner v0.6.1
  Downloaded colorchoice v1.0.4
  Downloaded clap_derive v4.5.32
  Downloaded atomic-waker v1.1.2
  Downloaded anstyle-query v1.1.3
  Downloaded aws-lc-sys v0.29.0
   Compiling proc-macro2 v1.0.95
   Compiling unicode-ident v1.0.18
   Compiling libc v0.2.172
   Compiling stable_deref_trait v1.2.0
   Compiling shlex v1.3.0
   Compiling dunce v1.0.5
   Compiling fs_extra v1.3.0
   Compiling portable-atomic v1.11.1
   Compiling autocfg v1.4.0
   Compiling zeroize v1.8.1
   Compiling log v0.4.27
   Compiling aws-lc-rs v1.13.1
   Compiling cfg-if v1.0.0
   Compiling getrandom v0.3.3
   Compiling writeable v0.6.1
   Compiling litemap v0.8.0
   Compiling smallvec v1.15.0
   Compiling critical-section v1.2.0
   Compiling icu_properties_data v2.0.1
   Compiling icu_normalizer_data v2.0.0
   Compiling pin-project-lite v0.2.16
   Compiling zerocopy v0.8.25
   Compiling bytes v1.10.1
   Compiling untrusted v0.9.0
   Compiling crossbeam-utils v0.8.21
   Compiling futures-core v0.3.31
   Compiling heck v0.5.0
   Compiling memchr v2.7.4
   Compiling utf8parse v0.2.2
   Compiling parking_lot_core v0.9.11
   Compiling subtle v2.6.1
   Compiling rustls v0.23.29
   Compiling equivalent v1.0.2
   Compiling fnv v1.0.7
   Compiling thiserror v1.0.69
   Compiling is_terminal_polyfill v1.70.1
   Compiling powerfmt v0.2.0
   Compiling regex-syntax v0.8.5
   Compiling colorchoice v1.0.4
   Compiling itoa v1.0.15
   Compiling scopeguard v1.2.0
   Compiling anstyle v1.0.11
   Compiling hashbrown v0.15.3
   Compiling utf8_iter v1.0.4
   Compiling percent-encoding v2.3.1
   Compiling thiserror v2.0.12
   Compiling futures-sink v0.3.31
   Compiling anstyle-query v1.1.3
   Compiling tinyvec_macros v0.1.1
   Compiling moka v0.12.10
   Compiling atomic-waker v1.1.2
   Compiling pin-utils v0.1.0
   Compiling time-core v0.1.4
   Compiling num-conv v0.1.0
   Compiling futures-task v0.3.31
   Compiling clap_lex v0.7.4
   Compiling futures-io v0.3.31
   Compiling ipnet v2.11.0
   Compiling data-encoding v2.9.0
   Compiling base64 v0.22.1
   Compiling strsim v0.11.1
   Compiling serde v1.0.219
   Compiling tagptr v0.2.0
   Compiling resolv-conf v0.7.4
   Compiling jiff v0.2.14
   Compiling rustls-pki-types v1.12.0
   Compiling tinyvec v1.9.0
   Compiling futures-channel v0.3.31
   Compiling slab v0.4.9
   Compiling lock_api v0.4.13
   Compiling deranged v0.4.0
   Compiling form_urlencoded v1.2.1
   Compiling anstyle-parse v0.2.7
   Compiling webpki-roots v1.0.0
   Compiling anstream v0.6.19
   Compiling webpki-roots v0.26.11
   Compiling indexmap v2.9.0
   Compiling pem v3.0.5
   Compiling aho-corasick v1.1.3
   Compiling http v1.3.1
   Compiling clap_builder v4.5.39
   Compiling quote v1.0.40
   Compiling futures-util v0.3.31
   Compiling crossbeam-channel v0.5.15
   Compiling crossbeam-epoch v0.9.18
   Compiling syn v2.0.101
   Compiling jobserver v0.1.33
   Compiling socket2 v0.5.10
   Compiling mio v1.0.4
   Compiling rand_core v0.9.3
   Compiling uuid v1.17.0
   Compiling cc v1.2.26
   Compiling parking_lot v0.12.4
   Compiling once_cell v1.21.3
   Compiling time v0.3.41
   Compiling tracing-core v0.1.34
   Compiling regex-automata v0.4.9
   Compiling tracing v0.1.41
   Compiling yasna v0.5.2
   Compiling ppv-lite86 v0.2.21
   Compiling cmake v0.1.54
   Compiling rand_chacha v0.9.0
   Compiling aws-lc-sys v0.29.0
   Compiling rand v0.9.1
   Compiling regex v1.11.1
   Compiling env_filter v0.1.3
   Compiling env_logger v0.11.8
   Compiling synstructure v0.13.2
   Compiling zerofrom-derive v0.1.6
   Compiling yoke-derive v0.8.0
   Compiling zerovec-derive v0.11.1
   Compiling displaydoc v0.2.5
   Compiling tokio-macros v2.5.0
   Compiling thiserror-impl v2.0.12
   Compiling thiserror-impl v1.0.69
   Compiling async-trait v0.1.88
   Compiling enum-as-inner v0.6.1
   Compiling serde_derive v1.0.219
   Compiling clap_derive v4.5.32
   Compiling tokio v1.45.1
   Compiling zerofrom v0.1.6
   Compiling yoke v0.8.0
   Compiling zerovec v0.11.2
   Compiling zerotrie v0.2.2
   Compiling clap v4.5.39
   Compiling tinystr v0.8.1
   Compiling potential_utf v0.1.2
   Compiling icu_collections v2.0.0
   Compiling icu_locale_core v2.0.0
   Compiling icu_provider v2.0.0
   Compiling icu_properties v2.0.1
   Compiling icu_normalizer v2.0.0
   Compiling tokio-util v0.7.15
   Compiling idna_adapter v1.2.1
   Compiling idna v1.0.3
   Compiling url v2.5.4
   Compiling h2 v0.4.10
   Compiling rustls-webpki v0.103.4
   Compiling rcgen v0.14.1
   Compiling rustls v0.24.0-dev.0 (/app/rustls)
   Compiling tokio-rustls v0.26.2
   Compiling hickory-proto v0.25.2
   Compiling hickory-resolver v0.25.2
   Compiling rustls-examples v0.0.1 (/app/examples)
    Finished `dev` profile [unoptimized + debuginfo] target(s) in 43.25s
 Downloading crates ...
  Downloaded alloc-stdlib v0.2.2
  Downloaded foldhash v0.1.5
  Downloaded asn1-rs-impl v0.2.0
  Downloaded macro_rules_attribute v0.2.2
  Downloaded alloc-no-stdlib v2.0.4
  Downloaded bencher v0.1.5
  Downloaded paste v1.0.15
  Downloaded ryu v1.0.20
  Downloaded macro_rules_attribute-proc_macro v0.2.2
  Downloaded oid-registry v0.8.1
  Downloaded num-traits v0.2.19
  Downloaded lazy_static v1.5.0
  Downloaded asn1-rs v0.7.1
  Downloaded brotli-decompressor v5.0.0
  Downloaded rusticata-macros v4.1.0
  Downloaded minimal-lexical v0.2.1
  Downloaded num-bigint v0.4.6
  Downloaded serde_json v1.0.140
  Downloaded nom v7.1.3
  Downloaded x509-parser v0.18.0
  Downloaded zlib-rs v0.5.1
  Downloaded der-parser v10.0.0
  Downloaded num-integer v0.1.46
  Downloaded hex v0.4.3
  Downloaded asn1-rs-derive v0.6.0
  Downloaded brotli v8.0.1
  Downloaded aws-lc-fips-sys v0.13.6
   Compiling proc-macro2 v1.0.95
   Compiling unicode-ident v1.0.18
   Compiling libc v0.2.172
   Compiling shlex v1.3.0
   Compiling autocfg v1.4.0
   Compiling memchr v2.7.4
   Compiling fs_extra v1.3.0
   Compiling cfg-if v1.0.0
   Compiling dunce v1.0.5
   Compiling regex-syntax v0.8.5
   Compiling portable-atomic v1.11.1
   Compiling itoa v1.0.15
   Compiling log v0.4.27
   Compiling zeroize v1.8.1
   Compiling aws-lc-rs v1.13.1
   Compiling critical-section v1.2.0
   Compiling num-conv v0.1.0
   Compiling powerfmt v0.2.0
   Compiling time-core v0.1.4
   Compiling untrusted v0.9.0
   Compiling thiserror v2.0.12
   Compiling foldhash v0.1.5
   Compiling subtle v2.6.1
   Compiling utf8parse v0.2.2
   Compiling alloc-no-stdlib v2.0.4
   Compiling colorchoice v1.0.4
   Compiling stable_deref_trait v1.2.0
   Compiling anstyle-query v1.1.3
   Compiling anstyle v1.0.11
   Compiling is_terminal_polyfill v1.70.1
   Compiling serde v1.0.219
   Compiling data-encoding v2.9.0
   Compiling zlib-rs v0.5.1
   Compiling base64 v0.22.1
   Compiling jiff v0.2.14
   Compiling litemap v0.8.0
   Compiling smallvec v1.15.0
   Compiling writeable v0.6.1
   Compiling getrandom v0.3.3
   Compiling icu_properties_data v2.0.1
   Compiling pin-project-lite v0.2.16
   Compiling icu_normalizer_data v2.0.0
   Compiling zerocopy v0.8.25
   Compiling bytes v1.10.1
   Compiling futures-core v0.3.31
   Compiling crossbeam-utils v0.8.21
   Compiling rustls v0.23.29
   Compiling heck v0.5.0
   Compiling parking_lot_core v0.9.11
   Compiling equivalent v1.0.2
   Compiling fnv v1.0.7
   Compiling scopeguard v1.2.0
   Compiling thiserror v1.0.69
   Compiling futures-sink v0.3.31
   Compiling utf8_iter v1.0.4
   Compiling percent-encoding v2.3.1
   Compiling moka v0.12.10
   Compiling futures-task v0.3.31
   Compiling tinyvec_macros v0.1.1
   Compiling pin-utils v0.1.0
   Compiling atomic-waker v1.1.2
   Compiling strsim v0.11.1
   Compiling tagptr v0.2.0
   Compiling ipnet v2.11.0
   Compiling anstyle-parse v0.2.7
   Compiling clap_lex v0.7.4
   Compiling rustls-pki-types v1.12.0
   Compiling form_urlencoded v1.2.1
   Compiling tinyvec v1.9.0
   Compiling futures-io v0.3.31
   Compiling resolv-conf v0.7.4
   Compiling minimal-lexical v0.2.1
   Compiling oid-registry v0.8.1
   Compiling paste v1.0.15
   Compiling hashbrown v0.15.3
   Compiling serde_json v1.0.140
   Compiling ryu v1.0.20
   Compiling macro_rules_attribute-proc_macro v0.2.2
   Compiling lazy_static v1.5.0
   Compiling bencher v0.1.5
   Compiling hex v0.4.3
   Compiling alloc-stdlib v0.2.2
   Compiling time-macros v0.2.22
   Compiling futures-channel v0.3.31
   Compiling anstream v0.6.19
   Compiling deranged v0.4.0
   Compiling slab v0.4.9
   Compiling lock_api v0.4.13
   Compiling num-traits v0.2.19
   Compiling brotli-decompressor v5.0.0
   Compiling aho-corasick v1.1.3
   Compiling webpki-roots v1.0.0
   Compiling nom v7.1.3
   Compiling webpki-roots v0.26.11
   Compiling pem v3.0.5
   Compiling clap_builder v4.5.39
   Compiling crossbeam-epoch v0.9.18
   Compiling crossbeam-channel v0.5.15
   Compiling quote v1.0.40
   Compiling futures-util v0.3.31
   Compiling http v1.3.1
   Compiling macro_rules_attribute v0.2.2
   Compiling once_cell v1.21.3
   Compiling syn v2.0.101
   Compiling indexmap v2.9.0
   Compiling tracing-core v0.1.34
   Compiling getrandom v0.2.16
   Compiling socket2 v0.5.10
   Compiling mio v1.0.4
   Compiling jobserver v0.1.33
   Compiling rand_core v0.9.3
   Compiling uuid v1.17.0
   Compiling parking_lot v0.12.4
   Compiling time v0.3.41
   Compiling cc v1.2.26
   Compiling tracing v0.1.41
   Compiling num-integer v0.1.46
   Compiling regex-automata v0.4.9
   Compiling brotli v8.0.1
   Compiling num-bigint v0.4.6
   Compiling ppv-lite86 v0.2.21
   Compiling rusticata-macros v4.1.0
   Compiling cmake v0.1.54
   Compiling rand_chacha v0.9.0
   Compiling ring v0.17.14
   Compiling aws-lc-sys v0.29.0
   Compiling rand v0.9.1
   Compiling yasna v0.5.2
   Compiling regex v1.11.1
   Compiling aws-lc-fips-sys v0.13.6
   Compiling env_filter v0.1.3
   Compiling synstructure v0.13.2
   Compiling displaydoc v0.2.5
   Compiling thiserror-impl v2.0.12
   Compiling zerovec-derive v0.11.1
   Compiling serde_derive v1.0.219
   Compiling tokio-macros v2.5.0
   Compiling thiserror-impl v1.0.69
   Compiling async-trait v0.1.88
   Compiling enum-as-inner v0.6.1
   Compiling clap_derive v4.5.32
   Compiling asn1-rs-impl v0.2.0
   Compiling zerofrom-derive v0.1.6
   Compiling yoke-derive v0.8.0
   Compiling asn1-rs-derive v0.6.0
   Compiling env_logger v0.11.8
warning: aws-lc-fips-sys@0.13.6: Building with: CMake
warning: aws-lc-fips-sys@0.13.6: Symbol Prefix: Some("aws_lc_fips_0_13_6")
error: failed to run custom build command for `aws-lc-fips-sys v0.13.6`

Caused by:
  process didn't exit successfully: `/app/target/release/build/aws-lc-fips-sys-ef2dbc8cf802d395/build-script-main` (exit status: 101)
  --- stdout
  cargo:rerun-if-env-changed=AWS_LC_FIPS_SYS_NO_PREFIX
  cargo:rerun-if-env-changed=AWS_LC_FIPS_SYS_PREGENERATING_BINDINGS
  cargo:rerun-if-env-changed=AWS_LC_FIPS_SYS_EXTERNAL_BINDGEN
  cargo:rerun-if-env-changed=AWS_LC_FIPS_SYS_NO_ASM
  cargo:rerun-if-env-changed=AWS_LC_FIPS_SYS_CPU_JITTER_ENTROPY
  cargo:rustc-cfg=x86_64_unknown_linux_gnu
  cargo:rerun-if-env-changed=AWS_LC_FIPS_SYS_STATIC
  cargo:warning=Building with: CMake
  cargo:warning=Symbol Prefix: Some("aws_lc_fips_0_13_6")
  cargo:rerun-if-env-changed=CMAKE

  --- stderr
  Missing dependency: Go is required for FIPS.
  Missing dependency: cmake

  thread 'main' panicked at /root/.cargo/registry/src/index.crates.io-1949cf8c6b5b557f/aws-lc-fips-sys-0.13.6/builder/main.rs:518:34:
  called `Result::unwrap()` on an `Err` value: "Required build dependency is missing. Halting build."
  note: run with `RUST_BACKTRACE=1` environment variable to display a backtrace
warning: build failed, waiting for other jobs to finish...
   Compiling aws-lc-fips-sys v0.13.6
   Compiling thiserror v2.0.12
   Compiling ring v0.17.14
   Compiling serde v1.0.219
   Compiling aws-lc-sys v0.29.0
warning: aws-lc-fips-sys@0.13.6: Building with: CMake
warning: aws-lc-fips-sys@0.13.6: Symbol Prefix: Some("aws_lc_fips_0_13_6")
error: failed to run custom build command for `aws-lc-fips-sys v0.13.6`

Caused by:
  process didn't exit successfully: `/app/target/release/build/aws-lc-fips-sys-ef2dbc8cf802d395/build-script-main` (exit status: 101)
  --- stdout
  cargo:rerun-if-env-changed=AWS_LC_FIPS_SYS_NO_PREFIX
  cargo:rerun-if-env-changed=AWS_LC_FIPS_SYS_PREGENERATING_BINDINGS
  cargo:rerun-if-env-changed=AWS_LC_FIPS_SYS_EXTERNAL_BINDGEN
  cargo:rerun-if-env-changed=AWS_LC_FIPS_SYS_NO_ASM
  cargo:rerun-if-env-changed=AWS_LC_FIPS_SYS_CPU_JITTER_ENTROPY
  cargo:rustc-cfg=x86_64_unknown_linux_gnu
  cargo:rerun-if-env-changed=AWS_LC_FIPS_SYS_STATIC
  cargo:warning=Building with: CMake
  cargo:warning=Symbol Prefix: Some("aws_lc_fips_0_13_6")
  cargo:rerun-if-env-changed=CMAKE

  --- stderr
  Missing dependency: Go is required for FIPS.
  Missing dependency: cmake

  thread 'main' panicked at /root/.cargo/registry/src/index.crates.io-1949cf8c6b5b557f/aws-lc-fips-sys-0.13.6/builder/main.rs:518:34:
  called `Result::unwrap()` on an `Err` value: "Required build dependency is missing. Halting build."
  note: run with `RUST_BACKTRACE=1` environment variable to display a backtrace
warning: build failed, waiting for other jobs to finish...
   Compiling thiserror v2.0.12
   Compiling data-encoding v2.9.0
   Compiling time-macros v0.2.22
   Compiling num-traits v0.2.19
   Compiling minimal-lexical v0.2.1
   Compiling oid-registry v0.8.1
   Compiling paste v1.0.15
   Compiling serde_json v1.0.140
   Compiling ryu v1.0.20
   Compiling lazy_static v1.5.0
   Compiling macro_rules_attribute-proc_macro v0.2.2
   Compiling hex v0.4.3
   Compiling bencher v0.1.5
   Compiling displaydoc v0.2.5
   Compiling asn1-rs-impl v0.2.0
   Compiling asn1-rs-derive v0.6.0
   Compiling rustls-test v0.1.0 (/app/rustls-test)
   Compiling nom v7.1.3
   Compiling macro_rules_attribute v0.2.2
   Compiling tinystr v0.8.1
   Compiling zerotrie v0.2.2
   Compiling icu_collections v2.0.0
   Compiling num-integer v0.1.46
   Compiling icu_locale_core v2.0.0
   Compiling time v0.3.41
   Compiling num-bigint v0.4.6
   Compiling icu_provider v2.0.0
   Compiling rusticata-macros v4.1.0
   Compiling icu_normalizer v2.0.0
   Compiling icu_properties v2.0.1
   Compiling yasna v0.5.2
   Compiling asn1-rs v0.7.1
   Compiling idna_adapter v1.2.1
   Compiling idna v1.0.3
   Compiling rcgen v0.14.1
   Compiling url v2.5.4
   Compiling hickory-proto v0.25.2
   Compiling der-parser v10.0.0
   Compiling x509-parser v0.18.0
   Compiling rustls v0.24.0-dev.0 (/app/rustls)
   Compiling hickory-resolver v0.25.2
   Compiling rustls-examples v0.0.1 (/app/examples)
    Finished `test` profile [unoptimized + debuginfo] target(s) in 21.95s
     Running unittests src/lib.rs (target/debug/deps/rustls-bafa0d77de8d15c5)

running 230 tests
test bs_debug::tests::debug ... ok
test client::handy::test_with_aws_lc_rs::tests::test_noclientsessionstorage_does_nothing ... ok
test client::ech::tests::server_hello_conf_alters_server_hello_random ... ok
test client::test::hybrid_kx_component_share_offered_if_supported_separately ... ok
test client::test::test_with_aws_lc_rs::tests::cas_extension_in_client_hello_if_server_verifier_requests_it ... ok
test client::test::test_with_aws_lc_rs::tests::test_client_does_not_offer_sha1 ... ok
test crypto::aws_lc_rs::quic::test_with_aws_lc_rs::tests::test_multipath_aead_roundtrip ... ok
test client::test::test_with_aws_lc_rs::tests::test_no_renegotiation_scsv_on_tls_1_3 ... ok
test crypto::aws_lc_rs::ticketer::tests::basic_pairwise_test ... ok
test crypto::aws_lc_rs::ticketer::tests::refuses_decrypt_before_encrypt ... ok
test client::test::test_with_aws_lc_rs::tests::test_client_rejects_hrr_with_varied_session_id ... ok
test client::test::hybrid_kx_component_share_not_offered_unless_supported_separately ... ok
test crypto::aws_lc_rs::ticketer::tests::refuses_decrypt_larger_than_largest_encryption ... ok
test crypto::aws_lc_rs::ticketer::tests::ticketrotator_switching_test ... ok
test client::test::test_with_aws_lc_rs::tests::test_client_requiring_rpk_rejects_server_that_only_offers_x509_id_by_omission ... ok
test client::test::test_with_aws_lc_rs::tests::test_client_rejects_no_extended_master_secret_extension_when_require_ems_or_fips ... ok
test crypto::cipher::tests::multipath_nonce ... ok
test crypto::aws_lc_rs::sign::tests::can_load_ecdsa_nistp256_sec1 ... ok
test client::test::test_with_aws_lc_rs::tests::test_client_with_custom_verifier_can_accept_ecdsa_sha1_signatures ... ok
test client::test::test_with_aws_lc_rs::tests::test_no_session_ticket_request_on_tls_1_3 ... ok
test crypto::aws_lc_rs::quic::test_with_aws_lc_rs::tests::key_update_test_vector ... ok
test crypto::tests::test_shared_secret_strip_leading_zeros ... ok
test crypto::aws_lc_rs::ticketer::tests::ticketrotator_remains_usable_over_temporary_ticketer_creation_failure ... ok
test client::test::test_with_aws_lc_rs::tests::test_client_requiring_rpk_rejects_server_that_only_offers_x509_id ... ok
test crypto::aws_lc_rs::sign::tests::cannot_load_invalid_pkcs8_encoding ... ok
test enums::tests::test_enums ... ok
test client::test::test_with_aws_lc_rs::tests::test_client_requiring_rpk_rejects_server_that_only_demands_x509_by_omission ... ok
test enums::tests::tls13_signature_restrictions ... ok
test crypto::aws_lc_rs::quic::test_with_aws_lc_rs::tests::test_multipath_aead_basic ... ok
test error::tests::alert_display ... ok
test error::tests::certificate_error_equality ... ok
test hash_hs::test_with_aws_lc_rs::tests::abandon ... ok
test crypto::aws_lc_rs::quic::test_with_aws_lc_rs::tests::short_packet_header_protection ... ok
test crypto::aws_lc_rs::sign::tests::can_load_ecdsa_nistp384_pkcs8 ... ok
test error::tests::rand_error_mapping ... ok
test error::tests::other_error_equality ... ok
test error::tests::crl_error_equality ... ok
test crypto::aws_lc_rs::sign::tests::can_sign_ecdsa_nistp521 ... ok
test crypto::aws_lc_rs::sign::tests::can_load_ecdsa_nistp256_pkcs8 ... ok
test error::tests::time_error_mapping ... ok
test crypto::aws_lc_rs::sign::tests::can_load_eddsa_pkcs8 ... ok
test error::tests::smoke ... ok
test client::test::test_with_aws_lc_rs::tests::test_client_requiring_rpk_rejects_server_that_only_demands_x509 ... ok
test crypto::aws_lc_rs::sign::tests::can_load_ecdsa_nistp521_sec1 ... ok
test crypto::aws_lc_rs::sign::tests::can_sign_eddsa ... ok
test crypto::aws_lc_rs::ticketer::tests::rfc5077ticketer_is_debug_and_producestickets ... ok
test crypto::aws_lc_rs::sign::tests::can_sign_ecdsa_nistp384 ... ok
test crypto::aws_lc_rs::sign::tests::can_load_ecdsa_nistp521_pkcs8 ... ok
test crypto::aws_lc_rs::sign::tests::can_sign_ecdsa_nistp256 ... ok
test crypto::aws_lc_rs::kx::tests::kxgroup_fmt_yields_name ... ok
test crypto::aws_lc_rs::sign::tests::can_sign_rsa2048 ... ok
test crypto::aws_lc_rs::sign::tests::can_load_rsa2048_pkcs8 ... ok
test crypto::aws_lc_rs::hpke::tests::test_fips ... ok
test crypto::aws_lc_rs::quic::test_with_aws_lc_rs::tests::initial_test_vector_v2 ... ok
test crypto::aws_lc_rs::quic::test_with_aws_lc_rs::tests::short_packet_header_protection_v2 ... ok
test hash_hs::test_with_aws_lc_rs::tests::hashes_correctly ... ok
test hash_hs::test_with_aws_lc_rs::tests::buffers_correctly ... ok
test hash_hs::test_with_aws_lc_rs::tests::hashes_message_types ... ok
test key_log_file::tests::test_env_var_is_not_set ... ok
test limited_cache::tests::test_evicts_after_second_oldest_item_removed ... ok
test limited_cache::tests::test_evicts_second_oldest_item_if_first_removed ... ok
test limited_cache::tests::test_evicts_oldest_item ... ok
test limited_cache::tests::test_get_or_insert_default_and_edit_edits_existing_item ... ok
test crypto::aws_lc_rs::sign::tests::can_load_ecdsa_nistp384_sec1 ... ok
test key_log_file::tests::test_env_var_cannot_be_opened ... ok
test limited_cache::tests::test_get_or_insert_default_and_edit_evicts_old_items_to_meet_capacity ... ok
test limited_cache::tests::test_updates_existing_item ... ok
test msgs::codec::tests::interrupted_length_prefixed_buffer_leaves_maximum_length ... ok
test msgs::deframer::handshake::tests::append ... ok
test msgs::deframer::handshake::tests::coalesce ... ok
test msgs::deframer::handshake::tests::coalesce_rejects_excess_size_message ... ok
test msgs::deframer::handshake::tests::iter_only_returns_full_messages ... ok
test msgs::deframer::tests::exercise_fuzz_deframer ... ok
test msgs::deframer::tests::iterate_one_message ... ok
test msgs::deframer::tests::iterate_two_messages ... ok
test msgs::deframer::tests::iterator_empty_before_header_received ... ok
test msgs::deframer::handshake::tests::handshake_flight ... ok
test crypto::aws_lc_rs::sign::tests::can_load_rsa2048_pkcs1 ... ok
test msgs::deframer::tests::iterator_invalid_protocol_version_rejected ... ok
test msgs::deframer::tests::iterator_excess_message_length_rejected ... ok
test msgs::deframer::tests::iterator_over_many_messages ... ok
test msgs::deframer::tests::iterator_invalid_content_type_rejected ... ok
test msgs::deframer::tests::iterator_zero_message_length_rejected ... ok
test msgs::fragmenter::tests::non_fragment ... ok
test msgs::enums::tests::test_enums ... ok
test msgs::fragmenter::tests::smoke ... ok
test msgs::fragmenter::tests::fragment_multiple_slices ... ok
test msgs::handshake::tests::test_ech_config_dupe_exts ... ok
test msgs::handshake::tests::test_ech_config_mandatory_exts ... ok
test msgs::handshake_test::accepts_empty_session_id ... ok
test msgs::handshake_test::accepts_short_session_id ... ok
test msgs::handshake_test::can_clone_all_server_extensions ... ok
test msgs::handshake_test::can_clone_all_client_extensions ... ok
test msgs::handshake_test::can_decode_server_hello_from_api_devicecheck_apple_com ... ok
test client::test::test_with_aws_lc_rs::tests::test_client_requiring_rpk_accepts_rpk_server ... ok
test msgs::handshake_test::can_into_owned_all_tls12_handshake_payloads ... ok
test msgs::handshake_test::can_round_trip_cert_status_req_for_ocsp ... ok
test msgs::handshake_test::can_round_trip_psk_identity ... ok
test msgs::handshake_test::can_into_owned_all_tls13_handshake_payloads ... ok
test msgs::handshake_test::can_round_trip_psk_offer ... ok
test msgs::handshake_test::cannot_decode_huge_certificate ... ok
test msgs::handshake_test::cannot_read_message_hash_from_network ... ok
test msgs::handshake_test::can_round_trip_all_tls12_handshake_payloads ... ok
test msgs::handshake_test::reads_random ... ok
test msgs::handshake_test::refuses_certificate_ext_with_unparsed_bytes ... ok
test msgs::handshake_test::refuses_certificate_req_ext_with_duplicate ... ok
test msgs::handshake_test::refuses_client_exts_with_unparsed_bytes ... ok
test msgs::handshake_test::refuses_new_session_ticket_ext_with_duplicate_extension ... ok
test msgs::handshake_test::refuses_new_session_ticket_ext_with_unparsed_bytes ... ok
test msgs::handshake_test::refuses_server_ext_with_unparsed_bytes ... ok
test msgs::handshake_test::rejects_duplicate_names_in_sni_extension ... ok
test msgs::handshake_test::rejects_empty_sni_extension ... ok
test msgs::handshake_test::rejects_truncated_session_id ... ok
test msgs::handshake_test::can_round_trip_all_tls13_handshake_payloads ... ok
test key_log_file::tests::test_env_var_cannot_be_written ... ok
test msgs::handshake_test::rejects_session_id_with_bad_length ... ok
test msgs::handshake_test::refuses_certificate_req_ext_with_unparsed_bytes ... ok
test msgs::message_test::alert_is_not_handshake ... ok
test msgs::message_test::construct_all_types ... ok
test msgs::message_test::into_wire_format ... ok
test quic::tests::auto_traits ... ok
test record_layer::tests::test_has_decrypted ... ok
test server::handy::cache::tests::test_serversessionmemorycache_accepts_put ... ok
test server::handy::cache::tests::test_serversessionmemorycache_overwrites_put ... ok
test server::handy::cache::tests::test_serversessionmemorycache_persists_put ... ok
test server::handy::sni_resolver::tests::test_resolvesservercertusingsni_requires_sni ... ok
test server::handy::sni_resolver::tests::test_resolvesservercertusingsni_handles_unknown_name ... ok
test server::handy::tests::test_neverproducestickets_does_nothing ... ok
test server::handy::tests::test_noserversessionstorage_denies_gets ... ok
test crypto::aws_lc_rs::tests::default_suites ... ok
test msgs::handshake_test::can_round_trip_cert_status_req_for_other ... ok
test msgs::persist::tests::serversessionvalue_is_debug ... ok
test msgs::handshake_test::session_id_with_different_lengths_are_unequal ... ok
test msgs::handshake_test::can_print_all_client_extensions ... ok
test msgs::handshake_test::client_extensions_basics ... ok
test msgs::persist::tests::serversessionvalue_no_sni ... ok
test msgs::handshake_test::can_print_all_server_extensions ... ok
test msgs::handshake_test::test_truncated_psk_offer ... ok
test server::test::null_compression_required ... ok
test msgs::handshake_test::rejects_short_random ... ok
test limited_cache::tests::test_removes_all_items ... ok
test msgs::message_test::can_read_safari_client_hello_with_ip_address_in_sni_extension ... ok
test msgs::handshake_test::test_decode_config_list ... ok
test msgs::handshake_test::test_echconfig_serialization ... ok
test msgs::handshake_test::debug_session_id ... ok
test msgs::tests::smoketest ... ok
test server::test::server_ignores_sni_with_ip_address ... ok
test msgs::handshake_test::refuses_certificate_ext_with_unknown_type ... ok
test server::handy::cache::tests::test_serversessionmemorycache_drops_to_maintain_size_invariant ... ok
test msgs::handshake_test::can_detect_truncation_of_all_tls13_handshake_payloads ... ok
test msgs::handshake_test::test_truncated_server_extension_is_detected ... ok
test tls12::test_with_aws_lc_rs::tests::server_ecdhe_remaining_bytes ... ok
test suites::test_with_aws_lc_rs::tests::test_scs_is_debug ... ok
test msgs::handshake_test::wrapped_dn_encoding ... ok
test msgs::message::outbound::tests::empty_slices_mixed ... ok
test msgs::handshake_test::client_extensions_decode_checks_duplicates ... ok
test msgs::handshake_test::client_extensions_empty ... ok
test hash_hs::test_with_aws_lc_rs::tests::clones_correctly ... ok
test msgs::handshake_test::test_truncated_client_hello_is_detected ... ok
test suites::test_with_aws_lc_rs::tests::test_can_resume_to ... ok
test msgs::handshake_test::can_detect_truncation_of_all_tls12_handshake_payloads ... ok
test tls13::key_schedule::test_with_aws_lc_rs::tests::empty_hash ... ok
test msgs::message::outbound::tests::split_at_with_single_slice ... ok
test crypto::aws_lc_rs::hpke::tests::smoke_test ... ok
test msgs::handshake_test::debug_random ... ok
test tls12::test_with_aws_lc_rs::tests::client_ecdhe_invalid ... ok
test msgs::persist::tests::serversessionvalue_with_cert ... ok
test webpki::client_verifier::test_with_aws_lc_rs::tests::smoke ... ok
test webpki::client_verifier::test_with_aws_lc_rs::tests::test_builder_no_roots ... ok
test tls13::key_schedule::test_with_aws_lc_rs::tests::test_vectors ... ok
test webpki::client_verifier::test_with_aws_lc_rs::tests::test_client_verifier_no_auth ... ok
test msgs::handshake_test::rejects_truncated_sni ... ok
test server::test::test_with_aws_lc_rs::tests::test_server_rejects_no_extended_master_secret_extension_when_require_ems_or_fips ... ok
test webpki::client_verifier::test_with_aws_lc_rs::tests::test_client_verifier_with_crls_optional_auth ... ok
test server::test::server_rejects_sni_with_illegal_dns_name ... ok
test webpki::client_verifier::test_with_aws_lc_rs::tests::test_with_invalid_crls ... ok
test webpki::client_verifier::test_with_aws_lc_rs::tests::test_client_verifier_with_crls_required_auth_implicit ... ok
test webpki::server_verifier::test_with_aws_lc_rs::tests::test_builder_no_roots ... ok
test webpki::client_verifier::test_with_aws_lc_rs::tests::test_client_verifier_without_crls_opptional_auth ... ok
test webpki::server_verifier::test_with_aws_lc_rs::tests::test_server_verifier_allow_unknown ... ok
test test_macros::test_with_aws_lc_rs::tests::test_each_provider ... ok
test msgs::handshake_test::test_truncated_hello_retry_extension_is_detected ... ok
test msgs::message_test::debug_payload ... ok
test server::test::test_with_aws_lc_rs::tests::server_picks_ffdhe_group_when_clienthello_has_no_groups_ext ... ok
test verify::assertions_are_debug ... ok
test msgs::message::outbound::tests::split_at_with_multiple_slices ... ok
test webpki::client_verifier::test_with_aws_lc_rs::tests::test_client_verifier_required_auth ... ok
test webpki::anchors::root_cert_store_debug ... ok
test webpki::server_verifier::test_with_aws_lc_rs::tests::test_server_verifier_enforce_expiration ... ok
test webpki::verify::tests::certificate_debug ... ok
test webpki::client_verifier::test_with_aws_lc_rs::tests::test_client_verifier_allow_unknown ... ok
test x509::tests::test_empty ... ok
test webpki::client_verifier::test_with_aws_lc_rs::tests::test_client_verifier_ee_only ... ok
test webpki::server_verifier::test_with_aws_lc_rs::tests::test_with_crls_multiple_calls ... ok
test vecbuf::tests::read_byte_by_byte ... ok
test vecbuf::tests::short_append_copy_with_limit ... ok
test webpki::server_verifier::test_with_aws_lc_rs::tests::test_with_invalid_crls ... ok
test msgs::message::outbound::tests::split_out_of_bounds ... ok
test webpki::client_verifier::test_with_aws_lc_rs::tests::test_client_verifier_optional_auth ... ok
test server::test::test_with_aws_lc_rs::tests::test_server_requiring_rpk_client_rejects_x509_client ... ok
test msgs::handshake_test::test_truncated_client_extension_is_detected ... ok
test server::handy::tests::test_noserversessionstorage_denies_takes ... ok
test webpki::client_verifier::test_with_aws_lc_rs::tests::test_client_verifier_without_crls_required_auth ... ok
test webpki::client_verifier::test_with_aws_lc_rs::tests::test_client_verifier_enforce_expiration ... ok
test server::test::test_with_aws_lc_rs::tests::test_rpk_only_server_rejects_x509_only_client ... ok
test webpki::client_verifier::test_with_aws_lc_rs::tests::test_with_crls_multiple_calls ... ok
test x509::tests::test_huge ... ok
test x509::tests::test_small ... ok
test x509::tests::test_large ... ok
test server::handy::tests::test_noserversessionstorage_drops_put ... ok
test webpki::tests::pki_crl_errors ... ok
test webpki::tests::crl_error_from_webpki ... ok
test webpki::server_verifier::test_with_aws_lc_rs::tests::test_server_verifier_allow_unknown_ee_only ... ok
test webpki::server_verifier::test_with_aws_lc_rs::tests::test_server_verifier_ee_only ... ok
test server::test::test_with_aws_lc_rs::tests::server_accepts_client_with_no_ecpoints_extension_and_only_ffdhe_cipher_suites ... ok
test server::test::test_with_aws_lc_rs::tests::server_picks_ffdhe_group_when_clienthello_has_no_ffdhe_group_in_groups_ext ... ok
test stream::tests::streamowned_can_be_created_for_server_and_tcpstream ... ok
test stream::tests::stream_can_be_created_for_connection_and_tcpstream ... ok
test stream::tests::streamowned_can_be_created_for_client_and_tcpstream ... ok
test server::server_conn::tests::test_read_in_new_state ... ok
test x509::tests::test_gigantic ... ok
test x509::tests::test_wrap_in_bit_string ... ok
test x509::tests::test_medium ... ok
test limited_cache::tests::test_inserts_many_items ... ok
test msgs::message_test::test_read_fuzz_corpus ... ok
test msgs::message::outbound::tests::exhaustive_splitting ... ok
test x509::tests::test_ludicrous ... ok
test msgs::handshake_test::client_extensions_ordering ... ok
test vecbuf::tests::every_possible_chunk_interleaving ... ok
test crypto::aws_lc_rs::hpke::rfc_tests::check_test_vectors ... ok

test result: ok. 230 passed; 0 failed; 0 ignored; 0 measured; 0 filtered out; finished in 5.57s

     Running tests/runners/api.rs (target/debug/deps/api-b266436385c84cfb)

running 207 tests
test tests_with_aws_lc_rs::tests::all_suites_covered ... ok
test tests_with_aws_lc_rs::tests::client_check_server_valid_purpose ... ok
test tests_with_aws_lc_rs::tests::bad_client_max_fragment_sizes ... ok
test tests_with_aws_lc_rs::tests::client_flush_does_nothing ... ok
test tests_with_aws_lc_rs::tests::config_builder_for_client_with_time ... ok
test tests_with_aws_lc_rs::tests::client_config_is_clone ... ok
test tests_with_aws_lc_rs::tests::config_builder_for_client_rejects_empty_cipher_suites ... ok
test tests_with_aws_lc_rs::tests::config_builder_for_client_rejects_empty_kx_groups ... ok
test tests_with_aws_lc_rs::tests::config_builder_for_server_rejects_empty_cipher_suites ... ok
test tests_with_aws_lc_rs::tests::config_builder_for_server_rejects_empty_kx_groups ... ok
test tests_with_aws_lc_rs::tests::early_data_not_available_on_server_before_client_hello ... ok
test tests_with_aws_lc_rs::tests::client_is_send_and_sync ... ok
test tests_with_aws_lc_rs::tests::connection_types_are_not_huge ... ok
test tests_with_aws_lc_rs::tests::client_streamowned_handshake_error ... ok
test tests_with_aws_lc_rs::tests::client_complete_io_for_handshake_eof ... ok
test tests_with_aws_lc_rs::tests::client_close_notify ... ok
test tests_with_aws_lc_rs::tests::config_builder_for_server_with_time ... ok
test tests_with_aws_lc_rs::tests::client_closes_uncleanly ... ok
test tests_with_aws_lc_rs::tests::new_client_returns_initial_io_state ... ok
test tests_with_aws_lc_rs::tests::server_cert_resolve_reduces_sigalgs_for_ecdsa_ciphersuite ... ok
test tests_with_aws_lc_rs::tests::client_fill_buf_returns_wouldblock_when_no_data ... ok
test tests_with_aws_lc_rs::tests::early_data_is_limited_on_client ... ok
test tests_with_aws_lc_rs::tests::new_server_returns_initial_io_state ... ok
test tests_with_aws_lc_rs::tests::client_read_returns_wouldblock_when_no_data ... ok
test tests_with_aws_lc_rs::tests::buffered_client_complete_io_for_handshake ... ok
test tests_with_aws_lc_rs::tests::server_cert_resolve_reduces_sigalgs_for_rsa_ciphersuite ... ok
test tests_with_aws_lc_rs::tests::buffered_both_data_sent ... ok
test tests_with_aws_lc_rs::tests::early_data_is_available_on_resumption ... ok
test tests_with_aws_lc_rs::tests::client_with_sni_disabled_does_not_send_sni ... ok
test tests_with_aws_lc_rs::tests::buf_read ... ok
test tests_with_aws_lc_rs::tests::client_error_is_sticky ... ok
test tests_with_aws_lc_rs::tests::client_respects_buffer_limit_post_handshake ... ok
test tests_with_aws_lc_rs::tests::client_check_server_certificate_helper_api ... ok
test tests_with_aws_lc_rs::tests::client_complete_io_for_handshake ... ok
test tests_with_aws_lc_rs::tests::buffered_client_data_sent ... ok
test tests_with_aws_lc_rs::tests::server_cert_resolve_with_named_groups ... ok
test tests_with_aws_lc_rs::tests::large_client_hello ... ok
test tests_with_aws_lc_rs::tests::hybrid_kx_component_share_offered_but_server_chooses_something_else ... ok
test tests_with_aws_lc_rs::tests::key_log_for_tls12 ... ok
test tests_with_aws_lc_rs::tests::client_detects_broken_write_vectored_impl ... ok
test tests_with_aws_lc_rs::tests::client_connection_is_debug ... ok
test tests_with_aws_lc_rs::tests::early_data_not_available ... ok
test tests_with_aws_lc_rs::tests::client_respects_buffer_limit_pre_handshake_with_vectored_write ... ok
test tests_with_aws_lc_rs::tests::server_closes_uncleanly ... ok
test tests_with_aws_lc_rs::tests::client_stream_handshake_error ... ok
test tests_with_aws_lc_rs::tests::server_allow_any_anonymous_or_authenticated_client ... ok
test tests_with_aws_lc_rs::tests::early_data_can_be_rejected_by_server ... ok
test tests_with_aws_lc_rs::tests::client_complete_io_with_nonblocking_io ... ok
test tests_with_aws_lc_rs::tests::server_cert_resolve_with_sni ... ok
test tests_with_aws_lc_rs::tests::server_cert_resolve_with_alpn ... ok
test tests_with_aws_lc_rs::tests::exercise_all_key_exchange_methods ... ok
test tests_with_aws_lc_rs::tests::server_complete_io_for_handshake_ending_with_alert ... ok
test tests_with_aws_lc_rs::tests::negotiated_ciphersuite_default ... ok
test tests_with_aws_lc_rs::tests::server_complete_io_for_handshake_eof ... ok
test tests_with_aws_lc_rs::tests::client_check_server_certificate_ee_revoked ... ok
test tests_with_aws_lc_rs::tests::large_client_hello_acceptor ... ok
test tests_with_aws_lc_rs::tests::alpn ... ok
test tests_with_aws_lc_rs::tests::client_respects_buffer_limit_pre_handshake ... ok
test tests_with_aws_lc_rs::tests::client_cert_resolve_server_added_hint ... ok
test tests_with_aws_lc_rs::tests::connection_level_alpn_protocols ... ok
test tests_with_aws_lc_rs::tests::client_trims_terminating_dot ... ok
test tests_with_aws_lc_rs::tests::client_can_get_server_cert_after_resumption ... ok
test tests_with_aws_lc_rs::tests::key_log_for_tls13 ... ok
test tests_with_aws_lc_rs::tests::server_config_is_clone ... ok
test tests_with_aws_lc_rs::tests::server_connection_is_debug ... ok
test tests_with_aws_lc_rs::tests::client_checks_server_certificate_with_given_name ... ok
test tests_with_aws_lc_rs::tests::buffered_server_data_sent ... ok
test tests_with_aws_lc_rs::tests::server_close_notify ... ok
test tests_with_aws_lc_rs::tests::server_detects_excess_early_data ... ok
test tests_with_aws_lc_rs::tests::negotiated_ciphersuite_server_ignoring_client_preference ... ok
test tests_with_aws_lc_rs::tests::client_complete_io_for_read ... ok
test tests_with_aws_lc_rs::tests::buffered_client_complete_io_for_write ... ok
test tests_with_aws_lc_rs::tests::client_complete_io_for_write ... ok
test tests_with_aws_lc_rs::tests::server_read_returns_wouldblock_when_no_data ... ok
test tests_with_aws_lc_rs::tests::server_is_send_and_sync ... ok
test tests_with_aws_lc_rs::tests::server_error_is_sticky ... ok
test tests_with_aws_lc_rs::tests::negotiated_ciphersuite_server ... ok
test tests_with_aws_lc_rs::tests::server_stream_handshake_error ... ok
test tests_with_aws_lc_rs::tests::server_streamowned_handshake_error ... ok
test tests_with_aws_lc_rs::tests::server_exposes_offered_sni_even_if_resolver_fails ... ok
test tests_with_aws_lc_rs::tests::server_respects_buffer_limit_pre_handshake ... ok
test tests_with_aws_lc_rs::tests::server_respects_buffer_limit_post_handshake ... ok
test tests_with_aws_lc_rs::tests::server_exposes_offered_sni ... ok
test tests_with_aws_lc_rs::tests::sni_resolver_rejects_bad_certs ... ok
test tests_with_aws_lc_rs::tests::sni_resolver_works ... ok
test tests_with_aws_lc_rs::tests::sni_resolver_rejects_wrong_names ... ok
test tests_with_aws_lc_rs::tests::server_flush_does_nothing ... ok
test tests_with_aws_lc_rs::tests::server_fill_buf_returns_wouldblock_when_no_data ... ok
test tests_with_aws_lc_rs::tests::sni_resolver_lower_cases_configured_names ... ok
test tests_with_aws_lc_rs::tests::sni_resolver_lower_cases_queried_names ... ok
test tests_with_aws_lc_rs::tests::server_detects_excess_streamed_early_data ... ok
test tests_with_aws_lc_rs::tests::server_respects_buffer_limit_pre_handshake_with_vectored_write ... ok
test tests_with_aws_lc_rs::tests::server_complete_io_for_write_eof ... ok
test tests_with_aws_lc_rs::tests::client_only_attempts_resumption_with_compatible_security ... ok
test tests_with_aws_lc_rs::tests::client_cert_resolve_server_no_hints ... ok
test tests_with_aws_lc_rs::tests::server_exposes_offered_sni_smashed_to_lowercase ... ok
test tests_with_aws_lc_rs::tests::client_can_get_server_cert ... ok
test tests_with_aws_lc_rs::tests::server_complete_io_for_read ... ok
test tests_with_aws_lc_rs::tests::test_client_construction_fails_if_random_source_fails_in_second_request ... ok
test tests_with_aws_lc_rs::tests::test_client_fips_service_indicator_includes_ech_hpke_suite ... ok
test tests_with_aws_lc_rs::tests::test_acceptor_rejected_handshake ... ok
test tests_with_aws_lc_rs::tests::test_client_fips_service_indicator ... ok
test tests_with_aws_lc_rs::tests::test_client_fips_service_indicator_includes_require_ems ... ok
test tests_with_aws_lc_rs::tests::test_config_builders_debug ... ok
test tests_with_aws_lc_rs::tests::test_connection_fips_service_indicator ... ok
test tests_with_aws_lc_rs::tests::stream_write_swallows_underlying_io_error_after_plaintext_processed ... ok
test tests_with_aws_lc_rs::tests::test_acceptor ... ok
test tests_with_aws_lc_rs::tests::stream_write_reports_underlying_io_error_before_plaintext_processed ... ok
test tests_with_aws_lc_rs::tests::test_automatic_refresh_traffic_keys ... ok
test tests_with_aws_lc_rs::tests::test_complete_io_errors_if_close_notify_received_too_early ... ok
test tests_with_aws_lc_rs::tests::negotiated_ciphersuite_client ... ok
test tests_with_aws_lc_rs::tests::test_client_config_keyshare_mismatch ... ok
test tests_with_aws_lc_rs::tests::client_cert_resolve_default ... ok
test tests_with_aws_lc_rs::tests::test_client_construction_fails_if_random_source_fails_in_first_request ... ok
test tests_with_aws_lc_rs::tests::test_complete_io_with_no_io_needed ... ok
test tests_with_aws_lc_rs::tests::test_client_tls12_no_resume_after_server_downgrade ... ok
test tests_with_aws_lc_rs::tests::test_debug_server_name_from_ip ... ok
test tests_with_aws_lc_rs::tests::test_client_construction_requires_66_bytes_of_random_material ... ok
test tests_with_aws_lc_rs::tests::test_debug_server_name_from_string ... ok
test tests_with_aws_lc_rs::tests::test_client_mtu_reduction ... ok
test tests_with_aws_lc_rs::tests::server_complete_io_for_write ... ok
test tests_with_aws_lc_rs::tests::test_client_sends_share_for_less_preferred_group ... ok
test tests_with_aws_lc_rs::tests::server_complete_io_for_handshake ... ok
test tests_with_aws_lc_rs::tests::test_client_config_keyshare ... ok
test tests_with_aws_lc_rs::tests::test_client_removes_tls12_session_if_server_sends_undecryptable_first_message ... ok
test tests_with_aws_lc_rs::tests::test_client_sends_helloretryrequest ... ok
test tests_with_aws_lc_rs::tests::test_client_attempts_to_use_unsupported_kx_group ... ok
test tests_with_aws_lc_rs::tests::test_cert_decompression_by_client_produces_invalid_cert_payload ... ok
test tests_with_aws_lc_rs::tests::test_cert_decompression_by_server_produces_invalid_cert_payload ... ok
test tests_with_aws_lc_rs::tests::test_close_notify_sent_prior_to_handshake_complete ... ok
test tests_with_aws_lc_rs::tests::test_cert_decompression_by_server_fails ... ok
test tests_with_aws_lc_rs::tests::test_client_write_and_vectored_write_equivalence ... ok
test tests_with_aws_lc_rs::tests::test_keys_match ... ok
test tests_with_aws_lc_rs::tests::test_quic::test_quic_server_no_params_received ... ok
test tests_with_aws_lc_rs::tests::test_illegal_client_renegotiation_attempt_during_tls12_handshake ... ok
test tests_with_aws_lc_rs::tests::test_quic::test_quic_no_tls13_error ... ok
test tests_with_aws_lc_rs::tests::test_refresh_traffic_keys_during_handshake ... ok
test tests_with_aws_lc_rs::tests::test_illegal_server_renegotiation_attempt_after_tls12_handshake ... ok
test tests_with_aws_lc_rs::tests::test_quic::test_fragmented_append ... ok
test tests_with_aws_lc_rs::tests::test_server_fips_service_indicator ... ok
test tests_with_aws_lc_rs::tests::test_client_rejects_illegal_tls13_ccs ... ok
test tests_with_aws_lc_rs::tests::test_server_rejects_clients_without_any_kx_groups ... ok
test tests_with_aws_lc_rs::tests::test_subsequent_close_notify_ignored ... ok
test tests_with_aws_lc_rs::tests::test_quic::test_quic_invalid_early_data_size ... ok
test tests_with_aws_lc_rs::tests::test_data_after_close_notify_is_ignored ... ok
test tests_with_aws_lc_rs::tests::test_illegal_client_renegotiation_attempt_after_tls13_handshake ... ok
test tests_with_aws_lc_rs::tests::test_server_fips_service_indicator_includes_require_ems ... ok
test tests_with_aws_lc_rs::tests::test_client_uses_uncompressed_certificate_if_compression_fails ... ok
test tests_with_aws_lc_rs::tests::test_quic::packet_key_api ... ok
test tests_with_aws_lc_rs::tests::test_pinned_ocsp_response_given_to_custom_server_cert_verifier ... ok
test tests_with_aws_lc_rs::tests::test_illegal_server_renegotiation_attempt_after_tls13_handshake ... ok
test tests_with_aws_lc_rs::tests::test_junk_after_close_notify_received ... ok
test tests_with_aws_lc_rs::tests::test_tls13_exporter_maximum_output_length ... ok
test tests_with_aws_lc_rs::tests::test_quic::test_quic_server_no_tls12 ... ok
test tests_with_aws_lc_rs::tests::test_read_tls_artificial_eof_after_close_notify ... ok
test tests_with_aws_lc_rs::tests::test_received_plaintext_backpressure ... ok
test tests_with_aws_lc_rs::tests::vectored_write_for_server_handshake_with_half_rtt_data ... ok
test tests_with_aws_lc_rs::tests::test_tls13_valid_early_plaintext_alert ... ok
test tests_with_aws_lc_rs::tests::test_tls13_late_plaintext_alert ... ok
test tests_with_aws_lc_rs::tests::vectored_write_for_client_appdata ... ok
test tests_with_aws_lc_rs::tests::test_server_mtu_reduction ... ok
test tests_with_aws_lc_rs::tests::vectored_write_for_server_handshake_no_half_rtt_by_default ... ok
test tests_with_aws_lc_rs::tests::test_second_close_notify_after_handshake ... ok
test tests_with_aws_lc_rs::tests::server_can_get_client_cert ... ok
test tests_with_aws_lc_rs::tests::test_secret_extraction_disabled_or_too_early ... ok
test tests_with_aws_lc_rs::tests::test_keys_match_for_all_signing_key_types ... ok
test tests_with_aws_lc_rs::tests::vectored_write_with_slow_client ... ok
test tests_with_aws_lc_rs::tests::tls12_connection_fails_after_key_reaches_confidentiality_limit ... ok
test tests_with_aws_lc_rs::tests::tls13_packed_handshake ... ok
test tests_with_aws_lc_rs::tests::vectored_write_for_server_handshake_no_half_rtt_with_client_auth ... ok
test tests_with_aws_lc_rs::tests::test_refresh_traffic_keys ... ok
test tests_with_aws_lc_rs::tests::vectored_write_for_client_handshake ... ok
test tests_with_aws_lc_rs::tests::test_quic::test_quic_rejects_missing_alpn ... ok
test tests_with_aws_lc_rs::tests::test_tls12_exporter ... ok
test tests_with_aws_lc_rs::tests::test_tls13_too_short_early_plaintext_alert ... ok
test tests_with_aws_lc_rs::tests::client_check_server_certificate_intermediate_revoked ... ok
test tests_with_aws_lc_rs::tests::client_optional_auth_client_revocation_works ... ok
test tests_with_aws_lc_rs::tests::test_server_rejects_clients_without_any_kx_group_overlap ... ok
test tests_with_aws_lc_rs::tests::test_raw_keys::correct_certificate_type_extensions_from_client_hello ... ok
test tests_with_aws_lc_rs::tests::vectored_write_for_server_appdata ... ok
test tests_with_aws_lc_rs::tests::client_auth_works ... ok
test tests_with_aws_lc_rs::tests::test_raw_keys::successful_raw_key_connection_and_correct_peer_certificates ... ok
test tests_with_aws_lc_rs::tests::resumption_combinations ... ok
test tests_with_aws_lc_rs::tests::tls13_stateful_resumption ... ok
test tests_with_aws_lc_rs::tests::tls13_stateless_resumption ... ok
test tests_with_aws_lc_rs::tests::test_raw_keys::only_server_supports_raw_keys ... ok
test tests_with_aws_lc_rs::tests::client_check_server_certificate_ee_crl_expired ... ok
test tests_with_aws_lc_rs::tests::client_check_server_certificate_ee_unknown_revocation ... ok
test tests_with_aws_lc_rs::tests::client_stream_write ... ok
test tests_with_aws_lc_rs::tests::test_quic::test_quic_handshake ... ok
test tests_with_aws_lc_rs::tests::test_quic::test_quic_exporter ... ok
test tests_with_aws_lc_rs::tests::test_server_uses_uncompressed_certificate_if_compression_fails ... ok
test tests_with_aws_lc_rs::tests::test_raw_keys::only_client_supports_raw_keys ... ok
test tests_with_aws_lc_rs::tests::versions ... ok
test tests_with_aws_lc_rs::tests::test_tls13_client_resumption_does_not_reuse_tickets ... ok
test tests_with_aws_lc_rs::tests::test_secret_extraction_enabled ... ok
test tests_with_aws_lc_rs::tests::test_secret_extract_produces_correct_variant ... ok
test tests_with_aws_lc_rs::tests::test_tls13_exporter ... ok
test tests_with_aws_lc_rs::tests::client_stream_read ... ok
test tests_with_aws_lc_rs::tests::server_can_get_client_cert_after_resumption ... ok
test tests_with_aws_lc_rs::tests::server_stream_write ... ok
test tests_with_aws_lc_rs::tests::client_checks_server_certificate_with_given_ip_address ... ok
test tests_with_aws_lc_rs::tests::test_no_warning_logging_during_successful_sessions ... ok
test tests_with_aws_lc_rs::tests::client_mandatory_auth_intermediate_revocation_works ... ok
test tests_with_aws_lc_rs::tests::client_mandatory_auth_client_revocation_works ... ok
test tests_with_aws_lc_rs::tests::server_stream_read ... ok
test tests_with_aws_lc_rs::tests::handshakes_complete_and_data_flows_with_gratuitious_max_fragment_sizes ... ok

test result: ok. 207 passed; 0 failed; 0 ignored; 0 measured; 0 filtered out; finished in 1.54s

     Running tests/runners/api_ffdhe.rs (target/debug/deps/api_ffdhe-9a1b97f48de76381)

running 5 tests
test tests_with_aws_lc_rs::tests::config_builder_for_client_rejects_cipher_suites_without_compatible_kx_groups ... ok
test tests_with_aws_lc_rs::tests::non_ffdhe_kx_does_not_have_ffdhe_group ... ok
test tests_with_aws_lc_rs::tests::server_avoids_dhe_cipher_suites_when_client_has_no_known_dhe_in_groups_ext ... ok
test tests_with_aws_lc_rs::tests::ffdhe_ciphersuite ... ok
test tests_with_aws_lc_rs::tests::server_avoids_cipher_suite_with_no_common_kx_groups ... ok

test result: ok. 5 passed; 0 failed; 0 ignored; 0 measured; 0 filtered out; finished in 0.52s

     Running tests/bogo.rs (target/debug/deps/bogo-a6ecbf5cf60e5f87)

running 3 tests
test run_bogo_tests_aws_lc_rs ... ignored
test run_bogo_tests_aws_lc_rs_fips ... ignored
test run_bogo_tests_ring ... ignored

test result: ok. 0 passed; 0 failed; 3 ignored; 0 measured; 0 filtered out; finished in 0.00s

     Running tests/runners/client_cert_verifier.rs (target/debug/deps/client_cert_verifier-2dad84a66b13dd79)

running 4 tests
test tests_with_aws_lc_rs::tests::client_verifier_no_auth_yes_root ... ok
test tests_with_aws_lc_rs::tests::client_verifier_no_schemes ... ok
test tests_with_aws_lc_rs::tests::client_verifier_fails_properly ... ok
test tests_with_aws_lc_rs::tests::client_verifier_works ... ok

test result: ok. 4 passed; 0 failed; 0 ignored; 0 measured; 0 filtered out; finished in 0.23s

     Running tests/runners/key_log_file_env.rs (target/debug/deps/key_log_file_env-aa6f34963a8aa817)

running 2 tests
test tests_with_aws_lc_rs::tests::exercise_key_log_file_for_client ... ok
test tests_with_aws_lc_rs::tests::exercise_key_log_file_for_server ... ok

test result: ok. 2 passed; 0 failed; 0 ignored; 0 measured; 0 filtered out; finished in 0.03s

     Running tests/process_provider.rs (target/debug/deps/process_provider-bc92de50b295bd5f)

running 1 test
test test_process_provider ... ok

test result: ok. 1 passed; 0 failed; 0 ignored; 0 measured; 0 filtered out; finished in 0.00s

     Running tests/runners/server_cert_verifier.rs (target/debug/deps/server_cert_verifier-be8fd7b1b6f6665b)

running 6 tests
test tests_with_aws_lc_rs::tests::client_can_override_certificate_verification_and_offer_no_signature_schemes ... ok
test tests_with_aws_lc_rs::tests::client_can_override_certificate_verification_and_reject_tls12_signatures ... ok
test tests_with_aws_lc_rs::tests::client_can_override_certificate_verification_and_reject_tls13_signatures ... ok
test tests_with_aws_lc_rs::tests::client_can_request_certain_trusted_cas ... ok
test tests_with_aws_lc_rs::tests::client_can_override_certificate_verification_and_reject_certificate ... ok
test tests_with_aws_lc_rs::tests::client_can_override_certificate_verification ... ok

test result: ok. 6 passed; 0 failed; 0 ignored; 0 measured; 0 filtered out; finished in 0.11s

     Running tests/runners/unbuffered.rs (target/debug/deps/unbuffered-9703bf2ddc4ea846)

running 27 tests
test tests_with_aws_lc_rs::tests::kernel_err_on_handshake_not_complete ... ok
test tests_with_aws_lc_rs::tests::tls13_handshake ... ok
test tests_with_aws_lc_rs::tests::kernel_initial_traffic_secrets_match ... ok
test tests_with_aws_lc_rs::tests::kernel_key_updates_tls13 ... ok
test tests_with_aws_lc_rs::tests::tls13_handshake_fragmented ... ok
test tests_with_aws_lc_rs::tests::refresh_traffic_keys_manually ... ok
test tests_with_aws_lc_rs::tests::early_data ... ok
test tests_with_aws_lc_rs::tests::kernel_err_on_secret_extraction_not_enabled ... ok
test tests_with_aws_lc_rs::tests::tls13_packed_handshake ... ok
test tests_with_aws_lc_rs::tests::server_receives_incorrect_first_handshake_message ... ok
test tests_with_aws_lc_rs::tests::close_notify_client_to_server ... ok
test tests_with_aws_lc_rs::tests::kernel_key_updates_tls12 ... ok
test tests_with_aws_lc_rs::tests::close_notify_server_to_client ... ok
test tests_with_aws_lc_rs::tests::app_data_server_to_client ... ok
test tests_with_aws_lc_rs::tests::app_data_client_to_server ... ok
test tests_with_aws_lc_rs::tests::rejects_junk ... ok
test tests_with_aws_lc_rs::tests::server_receives_handshake_byte_by_byte ... ok
test tests_with_aws_lc_rs::tests::queue_close_notify_is_idempotent ... ok
[2025-09-05T00:10:05Z ERROR rustls::common_state] traffic keys exhausted, closing connection to prevent security failure
test tests_with_aws_lc_rs::tests::tls12_handshake ... ok
test tests_with_aws_lc_rs::tests::tls12_connection_fails_after_key_reaches_confidentiality_limit ... ok
test tests_with_aws_lc_rs::tests::tls12_handshake_fragmented ... ok
test tests_with_aws_lc_rs::tests::read_traffic_not_consumed_too_early ... ok
test tests_with_aws_lc_rs::tests::refresh_traffic_keys_automatically ... ok
test tests_with_aws_lc_rs::tests::refresh_traffic_keys_on_tls12_connection ... ok
test tests_with_aws_lc_rs::tests::junk_after_close_notify_received ... ok
test tests_with_aws_lc_rs::tests::full_closure_server_to_client ... ok
test tests_with_aws_lc_rs::tests::test_secret_extraction_enabled ... ok

test result: ok. 27 passed; 0 failed; 0 ignored; 0 measured; 0 filtered out; finished in 0.07s

     Running unittests examples/internal/test_ca.rs (target/debug/examples/test_ca-d37873d168f2de4f)

running 0 tests

test result: ok. 0 passed; 0 failed; 0 ignored; 0 measured; 0 filtered out; finished in 0.00s

     Running unittests src/bin/ech-client.rs (target/debug/deps/ech_client-ef5ecb6cf40710e8)

running 0 tests

test result: ok. 0 passed; 0 failed; 0 ignored; 0 measured; 0 filtered out; finished in 0.00s

     Running unittests src/bin/limitedclient.rs (target/debug/deps/limitedclient-d3db3c8e31c5dbb3)

running 0 tests

test result: ok. 0 passed; 0 failed; 0 ignored; 0 measured; 0 filtered out; finished in 0.00s

     Running unittests src/bin/server_acceptor.rs (target/debug/deps/server_acceptor-c850f2fac4568945)

running 0 tests

test result: ok. 0 passed; 0 failed; 0 ignored; 0 measured; 0 filtered out; finished in 0.00s

     Running unittests src/bin/simple_0rtt_client.rs (target/debug/deps/simple_0rtt_client-13768009e93418c4)

running 0 tests

test result: ok. 0 passed; 0 failed; 0 ignored; 0 measured; 0 filtered out; finished in 0.00s

     Running unittests src/bin/simple_0rtt_server.rs (target/debug/deps/simple_0rtt_server-7ffa9d609a91c65a)

running 0 tests

test result: ok. 0 passed; 0 failed; 0 ignored; 0 measured; 0 filtered out; finished in 0.00s

     Running unittests src/bin/simpleclient.rs (target/debug/deps/simpleclient-c9ecbca3c6b78bb4)

running 0 tests

test result: ok. 0 passed; 0 failed; 0 ignored; 0 measured; 0 filtered out; finished in 0.00s

     Running unittests src/bin/simpleserver.rs (target/debug/deps/simpleserver-967ca69e50e21b06)

running 0 tests

test result: ok. 0 passed; 0 failed; 0 ignored; 0 measured; 0 filtered out; finished in 0.00s

     Running unittests src/bin/tlsclient-mio.rs (target/debug/deps/tlsclient_mio-50263b9e7b1a3841)

running 0 tests

test result: ok. 0 passed; 0 failed; 0 ignored; 0 measured; 0 filtered out; finished in 0.00s

     Running unittests src/bin/tlsserver-mio.rs (target/debug/deps/tlsserver_mio-aea84199226d9d13)

running 0 tests

test result: ok. 0 passed; 0 failed; 0 ignored; 0 measured; 0 filtered out; finished in 0.00s

     Running unittests src/bin/unbuffered-async-client.rs (target/debug/deps/unbuffered_async_client-4a89e733d8c605a6)

running 0 tests

test result: ok. 0 passed; 0 failed; 0 ignored; 0 measured; 0 filtered out; finished in 0.00s

     Running unittests src/bin/unbuffered-client.rs (target/debug/deps/unbuffered_client-c00056d3cc3e0d98)

running 0 tests

test result: ok. 0 passed; 0 failed; 0 ignored; 0 measured; 0 filtered out; finished in 0.00s

     Running unittests src/bin/unbuffered-server.rs (target/debug/deps/unbuffered_server-5941e54725826ec0)

running 0 tests

test result: ok. 0 passed; 0 failed; 0 ignored; 0 measured; 0 filtered out; finished in 0.00s

     Running tests/limitedclient.rs (target/debug/deps/limitedclient-3574e93fffebbd97)

running 4 tests
test simpleclient_contains_aes_symbols ... ok
test limitedclient_does_not_contain_tls12_code ... ok
test simpleclient_contains_tls12_code ... ok
test limitedclient_does_not_contain_aes_symbols ... ok

test result: ok. 4 passed; 0 failed; 0 ignored; 0 measured; 0 filtered out; finished in 0.07s

   Compiling hashbrown v0.15.3
   Compiling tokio v1.45.1
   Compiling thiserror v1.0.69
   Compiling clap v4.5.39
   Compiling zerofrom v0.1.6
   Compiling asn1-rs v0.7.1
   Compiling serde_json v1.0.140
   Compiling aws-lc-fips-sys v0.13.6
warning: aws-lc-fips-sys@0.13.6: Building with: CMake
warning: aws-lc-fips-sys@0.13.6: Symbol Prefix: Some("aws_lc_fips_0_13_6")
error: failed to run custom build command for `aws-lc-fips-sys v0.13.6`

Caused by:
  process didn't exit successfully: `/app/target/release/build/aws-lc-fips-sys-ef2dbc8cf802d395/build-script-main` (exit status: 101)
  --- stdout
  cargo:rerun-if-env-changed=AWS_LC_FIPS_SYS_NO_PREFIX
  cargo:rerun-if-env-changed=AWS_LC_FIPS_SYS_PREGENERATING_BINDINGS
  cargo:rerun-if-env-changed=AWS_LC_FIPS_SYS_EXTERNAL_BINDGEN
  cargo:rerun-if-env-changed=AWS_LC_FIPS_SYS_NO_ASM
  cargo:rerun-if-env-changed=AWS_LC_FIPS_SYS_CPU_JITTER_ENTROPY
  cargo:rustc-cfg=x86_64_unknown_linux_gnu
  cargo:rerun-if-env-changed=AWS_LC_FIPS_SYS_STATIC
  cargo:warning=Building with: CMake
  cargo:warning=Symbol Prefix: Some("aws_lc_fips_0_13_6")
  cargo:rerun-if-env-changed=CMAKE

  --- stderr
  Missing dependency: Go is required for FIPS.
  Missing dependency: cmake

  thread 'main' panicked at /root/.cargo/registry/src/index.crates.io-1949cf8c6b5b557f/aws-lc-fips-sys-0.13.6/builder/main.rs:518:34:
  called `Result::unwrap()` on an `Err` value: "Required build dependency is missing. Halting build."
  note: run with `RUST_BACKTRACE=1` environment variable to display a backtrace
warning: build failed, waiting for other jobs to finish...
/usr/bin/env: 'python3': No such file or directory
   Compiling rustls-webpki v0.103.4
   Compiling log v0.4.27
   Compiling once_cell v1.21.3
   Compiling rustls v0.24.0-dev.0 (/app/rustls)
    Finished `dev` profile [unoptimized + debuginfo] target(s) in 7.51s
 Downloading crates ...
  Downloaded block-buffer v0.10.4
  Downloaded libcrux-p256 v0.0.3
  Downloaded libcrux-hkdf v0.0.3
  Downloaded hpke-rs-crypto v0.3.0
  Downloaded version_check v0.9.5
  Downloaded libcrux-kem v0.0.3
  Downloaded rustc_version v0.4.1
  Downloaded num-bigint-dig v0.8.4
  Downloaded chacha20poly1305 v0.10.1
  Downloaded libcrux-platform v0.0.2
  Downloaded aes-gcm v0.10.3
  Downloaded libcrux-hmac v0.0.3
  Downloaded libcrux-sha2 v0.0.3
  Downloaded libcrux-secrets v0.0.3
  Downloaded pkcs8 v0.10.2
  Downloaded semver v1.0.26
  Downloaded zeroize_derive v1.4.2
  Downloaded primeorder v0.13.6
  Downloaded rfc6979 v0.4.0
  Downloaded rsa v0.9.8
  Downloaded universal-hash v0.5.1
  Downloaded sha2 v0.10.9
  Downloaded rand v0.8.5
  Downloaded polyval v0.6.2
  Downloaded hax-lib v0.3.1
  Downloaded libm v0.2.15
  Downloaded p384 v0.13.1
  Downloaded elliptic-curve v0.13.8
  Downloaded num-iter v0.1.45
  Downloaded curve25519-dalek v4.1.3
  Downloaded hpke-rs-libcrux v0.3.0
  Downloaded hkdf v0.12.4
  Downloaded group v0.13.0
  Downloaded der v0.7.10
  Downloaded x25519-dalek v2.0.1
  Downloaded cpufeatures v0.2.17
  Downloaded rand_core v0.6.4
  Downloaded pem-rfc7468 v0.7.0
  Downloaded libcrux-hacl-rs v0.0.3
  Downloaded k256 v0.13.4
  Downloaded hpke-rs v0.3.0
  Downloaded ff v0.13.1
  Downloaded crypto-bigint v0.5.5
  Downloaded typenum v1.18.0
  Downloaded spki v0.7.3
  Downloaded spin v0.9.8
  Downloaded signature v2.2.0
  Downloaded sec1 v0.7.3
  Downloaded libcrux-chacha20poly1305 v0.0.3
  Downloaded hpke-rs-rust-crypto v0.3.0
  Downloaded libcrux-intrinsics v0.0.3
  Downloaded generic-array v0.14.7
  Downloaded ecdsa v0.16.9
  Downloaded digest v0.10.7
  Downloaded pkcs1 v0.7.5
  Downloaded opaque-debug v0.3.1
  Downloaded libcrux-ecdh v0.0.3
  Downloaded ghash v0.5.1
  Downloaded ctr v0.9.2
  Downloaded poly1305 v0.8.0
  Downloaded libcrux-macros v0.0.3
  Downloaded hax-lib-macros v0.3.1
  Downloaded libcrux-ml-kem v0.0.3
  Downloaded cipher v0.4.4
  Downloaded rand_chacha v0.3.1
  Downloaded p256 v0.13.2
  Downloaded libcrux-traits v0.0.3
  Downloaded libcrux-poly1305 v0.0.3
  Downloaded libcrux-curve25519 v0.0.3
  Downloaded chacha20 v0.9.1
  Downloaded aes v0.8.4
  Downloaded libcrux-sha3 v0.0.3
  Downloaded inout v0.1.4
  Downloaded hmac v0.12.1
  Downloaded const-oid v0.9.6
  Downloaded base16ct v0.2.0
  Downloaded aead v0.5.2
  Downloaded curve25519-dalek-derive v0.1.1
  Downloaded crypto-common v0.1.6
  Downloaded byteorder v1.5.0
  Downloaded base64ct v1.8.0
   Compiling typenum v1.18.0
   Compiling version_check v0.9.5
   Compiling subtle v2.6.1
   Compiling const-oid v0.9.6
   Compiling base64ct v1.8.0
   Compiling cpufeatures v0.2.17
   Compiling base16ct v0.2.0
   Compiling semver v1.0.26
   Compiling libm v0.2.15
   Compiling opaque-debug v0.3.1
   Compiling hax-lib v0.3.1
   Compiling libcrux-intrinsics v0.0.3
   Compiling num-bigint-dig v0.8.4
   Compiling libcrux-sha3 v0.0.3
   Compiling spin v0.9.8
   Compiling rand_core v0.9.3
   Compiling byteorder v1.5.0
   Compiling smallvec v1.15.0
   Compiling num-traits v0.2.19
   Compiling syn v2.0.101
   Compiling getrandom v0.2.16
   Compiling ppv-lite86 v0.2.21
   Compiling libcrux-platform v0.0.2
   Compiling lazy_static v1.5.0
   Compiling rand_core v0.6.4
   Compiling generic-array v0.14.7
   Compiling hpke-rs-crypto v0.3.0
   Compiling pem-rfc7468 v0.7.0
   Compiling ff v0.13.1
   Compiling group v0.13.0
   Compiling rand_chacha v0.3.1
   Compiling rand v0.8.5
   Compiling rustc_version v0.4.1
   Compiling curve25519-dalek v4.1.3
   Compiling num-integer v0.1.46
   Compiling num-iter v0.1.45
   Compiling zeroize_derive v1.4.2
   Compiling hax-lib-macros v0.3.1
   Compiling curve25519-dalek-derive v0.1.1
   Compiling zeroize v1.8.1
   Compiling der v0.7.10
   Compiling rustls-pki-types v1.12.0
   Compiling hpke-rs v0.3.0
   Compiling rustls-webpki v0.103.4
   Compiling crypto-common v0.1.6
   Compiling block-buffer v0.10.4
   Compiling crypto-bigint v0.5.5
   Compiling inout v0.1.4
   Compiling universal-hash v0.5.1
   Compiling aead v0.5.2
   Compiling digest v0.10.7
   Compiling cipher v0.4.4
   Compiling polyval v0.6.2
   Compiling poly1305 v0.8.0
   Compiling hmac v0.12.1
   Compiling signature v2.2.0
   Compiling sha2 v0.10.9
   Compiling ghash v0.5.1
   Compiling ctr v0.9.2
   Compiling chacha20 v0.9.1
   Compiling aes v0.8.4
   Compiling rustls v0.24.0-dev.0 (/app/rustls)
   Compiling hkdf v0.12.4
   Compiling rfc6979 v0.4.0
   Compiling chacha20poly1305 v0.10.1
   Compiling x25519-dalek v2.0.1
   Compiling spki v0.7.3
   Compiling pkcs8 v0.10.2
   Compiling aes-gcm v0.10.3
   Compiling sec1 v0.7.3
   Compiling pkcs1 v0.7.5
   Compiling rsa v0.9.8
   Compiling elliptic-curve v0.13.8
   Compiling primeorder v0.13.6
   Compiling ecdsa v0.16.9
   Compiling k256 v0.13.4
   Compiling p384 v0.13.1
   Compiling p256 v0.13.2
   Compiling hpke-rs-rust-crypto v0.3.0
   Compiling rustls-provider-example v0.0.1 (/app/provider-example)
    Finished `dev` profile [unoptimized + debuginfo] target(s) in 14.59s
   Compiling rand_core v0.9.3
   Compiling once_cell v1.21.3
   Compiling der v0.7.10
   Compiling rustls-pki-types v1.12.0
   Compiling hpke-rs-crypto v0.3.0
   Compiling hpke-rs v0.3.0
   Compiling rustls-webpki v0.103.4
   Compiling rustls v0.24.0-dev.0 (/app/rustls)
   Compiling spki v0.7.3
   Compiling pkcs8 v0.10.2
   Compiling sec1 v0.7.3
   Compiling pkcs1 v0.7.5
   Compiling elliptic-curve v0.13.8
   Compiling rsa v0.9.8
   Compiling primeorder v0.13.6
   Compiling ecdsa v0.16.9
   Compiling k256 v0.13.4
   Compiling p384 v0.13.1
   Compiling p256 v0.13.2
   Compiling hpke-rs-rust-crypto v0.3.0
warning: method `early_exporter` is never used
    --> rustls/src/conn.rs:1254:19
     |
883  | impl<Data> ConnectionCore<Data> {
     | ------------------------------- method in this implementation
...
1254 |     pub(crate) fn early_exporter(&mut self) -> Result<KeyingMaterialExporter, Error> {
     |                   ^^^^^^^^^^^^^^
     |
     = note: `#[warn(dead_code)]` on by default

   Compiling rustls-provider-example v0.0.1 (/app/provider-example)
warning: `rustls` (lib) generated 1 warning
    Finished `dev` profile [unoptimized + debuginfo] target(s) in 7.40s
   Compiling aws-lc-rs v1.13.1
   Compiling anstream v0.6.19
   Compiling aws-lc-sys v0.29.0
   Compiling webpki-roots v1.0.0
   Compiling rustls v0.24.0-dev.0 (/app/rustls)
   Compiling hpke-rs v0.3.0
   Compiling env_logger v0.11.8
   Compiling rustls-provider-example v0.0.1 (/app/provider-example)
   Compiling rcgen v0.14.1
    Finished `test` profile [unoptimized + debuginfo] target(s) in 16.79s
     Running unittests src/lib.rs (target/debug/deps/rustls_provider_example-e9eccdc25cc2f05f)

running 2 tests
test hpke::tests::test_fips ... ok
test hpke::tests::smoke_test ... ok

test result: ok. 2 passed; 0 failed; 0 ignored; 0 measured; 0 filtered out; finished in 0.13s

   Doc-tests rustls_provider_example

running 0 tests

test result: ok. 0 passed; 0 failed; 0 ignored; 0 measured; 0 filtered out; finished in 0.00s

    Finished `dev` profile [unoptimized + debuginfo] target(s) in 0.18s
   Compiling serde_derive v1.0.219
   Compiling aws-lc-rs v1.13.1
   Compiling rustls-webpki v0.103.4
   Compiling rustls v0.24.0-dev.0 (/app/rustls)
   Compiling serde v1.0.219
   Compiling serde_json v1.0.140
   Compiling rustls-provider-example v0.0.1 (/app/provider-example)
   Compiling rustls-provider-test v0.1.0 (/app/rustls-provider-test)
    Finished `test` profile [unoptimized + debuginfo] target(s) in 11.66s
     Running tests/hpke.rs (target/debug/deps/hpke-e2db1756696a3127)

running 1 test
test check_test_vectors ... ok

test result: ok. 1 passed; 0 failed; 0 ignored; 0 measured; 0 filtered out; finished in 42.76s

   Packaging rustls v0.24.0-dev.0 (/app/rustls)
warning: ignoring test `api` as `tests/runners/api.rs` is not included in the published package
warning: ignoring test `api_ffdhe` as `tests/runners/api_ffdhe.rs` is not included in the published package
warning: ignoring test `bogo` as `tests/bogo.rs` is not included in the published package
warning: ignoring test `client_cert_verifier` as `tests/runners/client_cert_verifier.rs` is not included in the published package
warning: ignoring test `key_log_file_env` as `tests/runners/key_log_file_env.rs` is not included in the published package
warning: ignoring test `process_provider` as `tests/process_provider.rs` is not included in the published package
warning: ignoring test `server_cert_verifier` as `tests/runners/server_cert_verifier.rs` is not included in the published package
warning: ignoring test `unbuffered` as `tests/runners/unbuffered.rs` is not included in the published package
    Updating crates.io index
    Packaged 118 files, 1.7MiB (365.0KiB compressed)
   Verifying rustls v0.24.0-dev.0 (/app/rustls)
   Compiling libc v0.2.172
   Compiling shlex v1.3.0
   Compiling memchr v2.7.4
   Compiling dunce v1.0.5
   Compiling fs_extra v1.3.0
   Compiling regex-syntax v0.8.5
   Compiling zeroize v1.8.1
   Compiling cfg-if v1.0.0
   Compiling aws-lc-rs v1.13.1
   Compiling alloc-no-stdlib v2.0.4
   Compiling untrusted v0.9.0
   Compiling foldhash v0.1.5
   Compiling subtle v2.6.1
   Compiling log v0.4.27
   Compiling once_cell v1.21.3
   Compiling zlib-rs v0.5.1
   Compiling alloc-stdlib v0.2.2
   Compiling brotli-decompressor v5.0.0
   Compiling rustls-pki-types v1.12.0
   Compiling hashbrown v0.15.3
   Compiling aho-corasick v1.1.3
   Compiling brotli v8.0.1
   Compiling jobserver v0.1.33
   Compiling getrandom v0.2.16
   Compiling cc v1.2.26
   Compiling regex-automata v0.4.9
   Compiling cmake v0.1.54
   Compiling ring v0.17.14
   Compiling aws-lc-sys v0.29.0
   Compiling regex v1.11.1
   Compiling aws-lc-fips-sys v0.13.6
warning: aws-lc-fips-sys@0.13.6: Building with: CMake
warning: aws-lc-fips-sys@0.13.6: Symbol Prefix: Some("aws_lc_fips_0_13_6")
error: failed to run custom build command for `aws-lc-fips-sys v0.13.6`

Caused by:
  process didn't exit successfully: `/app/target/package/rustls-0.24.0-dev.0/target/debug/build/aws-lc-fips-sys-553a1aaa07ff6423/build-script-main` (exit status: 101)
  --- stdout
  cargo:rerun-if-env-changed=AWS_LC_FIPS_SYS_NO_PREFIX
  cargo:rerun-if-env-changed=AWS_LC_FIPS_SYS_PREGENERATING_BINDINGS
  cargo:rerun-if-env-changed=AWS_LC_FIPS_SYS_EXTERNAL_BINDGEN
  cargo:rerun-if-env-changed=AWS_LC_FIPS_SYS_NO_ASM
  cargo:rerun-if-env-changed=AWS_LC_FIPS_SYS_CPU_JITTER_ENTROPY
  cargo:rustc-cfg=x86_64_unknown_linux_gnu
  cargo:rerun-if-env-changed=AWS_LC_FIPS_SYS_STATIC
  cargo:warning=Building with: CMake
  cargo:warning=Symbol Prefix: Some("aws_lc_fips_0_13_6")
  cargo:rerun-if-env-changed=CMAKE

  --- stderr
  Missing dependency: Go is required for FIPS.
  Missing dependency: cmake

  thread 'main' panicked at /root/.cargo/registry/src/index.crates.io-1949cf8c6b5b557f/aws-lc-fips-sys-0.13.6/builder/main.rs:518:34:
  called `Result::unwrap()` on an `Err` value: "Required build dependency is missing. Halting build."
  note: run with `RUST_BACKTRACE=1` environment variable to display a backtrace
warning: build failed, waiting for other jobs to finish...
error: failed to verify package tarball
