Ignoring legacy-cgi: markers 'python_version >= "3.13"' don't match your environment
Requirement already satisfied: aniso8601==9.0.1 in /usr/local/lib/python3.10/dist-packages (from -r requirements.txt (line 1)) (9.0.1)
Requirement already satisfied: annotated-types==0.7.0 in /usr/local/lib/python3.10/dist-packages (from -r requirements.txt (line 2)) (0.7.0)
Requirement already satisfied: argcomplete==3.5.1 in /usr/local/lib/python3.10/dist-packages (from -r requirements.txt (line 3)) (3.5.1)
Requirement already satisfied: arrow==1.3.0 in /usr/local/lib/python3.10/dist-packages (from -r requirements.txt (line 4)) (1.3.0)
Requirement already satisfied: binaryornot==0.4.4 in /usr/local/lib/python3.10/dist-packages (from -r requirements.txt (line 5)) (0.4.4)
Requirement already satisfied: blinker==1.8.2 in /usr/local/lib/python3.10/dist-packages (from -r requirements.txt (line 6)) (1.8.2)
Requirement already satisfied: Brotli==1.1.0 in /usr/local/lib/python3.10/dist-packages (from -r requirements.txt (line 7)) (1.1.0)
Requirement already satisfied: certifi==2024.8.30 in /usr/local/lib/python3.10/dist-packages (from -r requirements.txt (line 8)) (2024.8.30)
Requirement already satisfied: chardet==5.2.0 in /usr/local/lib/python3.10/dist-packages (from -r requirements.txt (line 9)) (5.2.0)
Requirement already satisfied: charset-normalizer==3.4.0 in /usr/local/lib/python3.10/dist-packages (from -r requirements.txt (line 10)) (3.4.0)
Requirement already satisfied: clang-format==20.1.8 in /usr/local/lib/python3.10/dist-packages (from -r requirements.txt (line 11)) (20.1.8)
Requirement already satisfied: click==8.1.7 in /usr/local/lib/python3.10/dist-packages (from -r requirements.txt (line 12)) (8.1.7)
Requirement already satisfied: cmake==3.26.0 in /usr/local/lib/python3.10/dist-packages (from -r requirements.txt (line 13)) (3.26.0)
Requirement already satisfied: colorlog==6.8.2 in /usr/local/lib/python3.10/dist-packages (from -r requirements.txt (line 14)) (6.8.2)
Requirement already satisfied: cookiecutter==2.6.0 in /usr/local/lib/python3.10/dist-packages (from -r requirements.txt (line 15)) (2.6.0)
Requirement already satisfied: CT3==3.3.3.post1 in /usr/local/lib/python3.10/dist-packages (from -r requirements.txt (line 16)) (3.3.3.post1)
Requirement already satisfied: et-xmlfile==1.1.0 in /usr/local/lib/python3.10/dist-packages (from -r requirements.txt (line 17)) (1.1.0)
Requirement already satisfied: Flask==3.0.3 in /usr/local/lib/python3.10/dist-packages (from -r requirements.txt (line 18)) (3.0.3)
Requirement already satisfied: Flask-Compress==1.15 in /usr/local/lib/python3.10/dist-packages (from -r requirements.txt (line 19)) (1.15)
Requirement already satisfied: Flask-RESTful==0.3.10 in /usr/local/lib/python3.10/dist-packages (from -r requirements.txt (line 20)) (0.3.10)
Requirement already satisfied: fprime-fpl-layout==1.0.3 in /usr/local/lib/python3.10/dist-packages (from -r requirements.txt (line 21)) (1.0.3)
Requirement already satisfied: fprime-fpl-write-pic==1.0.3 in /usr/local/lib/python3.10/dist-packages (from -r requirements.txt (line 22)) (1.0.3)
Requirement already satisfied: fprime-fpp==3.1.0a1 in /usr/local/lib/python3.10/dist-packages (from -r requirements.txt (line 23)) (3.1.0a1)
Requirement already satisfied: fprime-gds==4.0.2a6 in /usr/local/lib/python3.10/dist-packages (from -r requirements.txt (line 24)) (4.0.2a6)
Requirement already satisfied: fprime-tools==4.0.2a1 in /usr/local/lib/python3.10/dist-packages (from -r requirements.txt (line 25)) (4.0.2a1)
Requirement already satisfied: fprime-visual==1.0.2 in /usr/local/lib/python3.10/dist-packages (from -r requirements.txt (line 26)) (1.0.2)
Requirement already satisfied: gcovr==8.2 in /usr/local/lib/python3.10/dist-packages (from -r requirements.txt (line 27)) (8.2)
Requirement already satisfied: idna==3.10 in /usr/local/lib/python3.10/dist-packages (from -r requirements.txt (line 28)) (3.10)
Requirement already satisfied: importlib-metadata==6.7.0 in /usr/local/lib/python3.10/dist-packages (from -r requirements.txt (line 29)) (6.7.0)
Requirement already satisfied: iniconfig==2.0.0 in /usr/local/lib/python3.10/dist-packages (from -r requirements.txt (line 30)) (2.0.0)
Requirement already satisfied: itsdangerous==2.2.0 in /usr/local/lib/python3.10/dist-packages (from -r requirements.txt (line 31)) (2.2.0)
Requirement already satisfied: Jinja2==3.1.6 in /usr/local/lib/python3.10/dist-packages (from -r requirements.txt (line 32)) (3.1.6)
Requirement already satisfied: lxml==5.3.0 in /usr/local/lib/python3.10/dist-packages (from -r requirements.txt (line 34)) (5.3.0)
Requirement already satisfied: Markdown==3.7 in /usr/local/lib/python3.10/dist-packages (from -r requirements.txt (line 35)) (3.7)
Requirement already satisfied: markdown-it-py==3.0.0 in /usr/local/lib/python3.10/dist-packages (from -r requirements.txt (line 36)) (3.0.0)
Requirement already satisfied: MarkupSafe==2.1.5 in /usr/local/lib/python3.10/dist-packages (from -r requirements.txt (line 37)) (2.1.5)
Requirement already satisfied: mdurl==0.1.2 in /usr/local/lib/python3.10/dist-packages (from -r requirements.txt (line 38)) (0.1.2)
Requirement already satisfied: ninja==1.11.1.4 in /usr/local/lib/python3.10/dist-packages (from -r requirements.txt (line 39)) (1.11.1.4)
Requirement already satisfied: openpyxl==3.1.5 in /usr/local/lib/python3.10/dist-packages (from -r requirements.txt (line 40)) (3.1.5)
Requirement already satisfied: packaging==24.1 in /usr/local/lib/python3.10/dist-packages (from -r requirements.txt (line 41)) (24.1)
Requirement already satisfied: pexpect==4.9.0 in /usr/local/lib/python3.10/dist-packages (from -r requirements.txt (line 42)) (4.9.0)
Requirement already satisfied: pluggy==1.5.0 in /usr/local/lib/python3.10/dist-packages (from -r requirements.txt (line 43)) (1.5.0)
Requirement already satisfied: ptyprocess==0.7.0 in /usr/local/lib/python3.10/dist-packages (from -r requirements.txt (line 44)) (0.7.0)
Requirement already satisfied: pydantic==2.9.2 in /usr/local/lib/python3.10/dist-packages (from -r requirements.txt (line 45)) (2.9.2)
Requirement already satisfied: pydantic_core==2.23.4 in /usr/local/lib/python3.10/dist-packages (from -r requirements.txt (line 46)) (2.23.4)
Requirement already satisfied: Pygments==2.18.0 in /usr/local/lib/python3.10/dist-packages (from -r requirements.txt (line 47)) (2.18.0)
Requirement already satisfied: pyserial==3.5 in /usr/local/lib/python3.10/dist-packages (from -r requirements.txt (line 48)) (3.5)
Requirement already satisfied: pytest==8.3.3 in /usr/local/lib/python3.10/dist-packages (from -r requirements.txt (line 49)) (8.3.3)
Requirement already satisfied: python-dateutil==2.9.0.post0 in /usr/local/lib/python3.10/dist-packages (from -r requirements.txt (line 50)) (2.9.0.post0)
Requirement already satisfied: python-slugify==8.0.4 in /usr/local/lib/python3.10/dist-packages (from -r requirements.txt (line 51)) (8.0.4)
Requirement already satisfied: pytz==2024.2 in /usr/local/lib/python3.10/dist-packages (from -r requirements.txt (line 52)) (2024.2)
Requirement already satisfied: PyYAML==6.0.2 in /usr/local/lib/python3.10/dist-packages (from -r requirements.txt (line 53)) (6.0.2)
Requirement already satisfied: pyzmq==26.2.0 in /usr/local/lib/python3.10/dist-packages (from -r requirements.txt (line 54)) (26.2.0)
Requirement already satisfied: requests==2.32.4 in /usr/local/lib/python3.10/dist-packages (from -r requirements.txt (line 55)) (2.32.4)
Requirement already satisfied: rich==13.9.2 in /usr/local/lib/python3.10/dist-packages (from -r requirements.txt (line 56)) (13.9.2)
Requirement already satisfied: setuptools==78.1.1 in /usr/local/lib/python3.10/dist-packages (from -r requirements.txt (line 57)) (78.1.1)
Requirement already satisfied: six==1.16.0 in /usr/local/lib/python3.10/dist-packages (from -r requirements.txt (line 58)) (1.16.0)
Requirement already satisfied: text-unidecode==1.3 in /usr/local/lib/python3.10/dist-packages (from -r requirements.txt (line 59)) (1.3)
Requirement already satisfied: tomli==2.0.1 in /usr/local/lib/python3.10/dist-packages (from -r requirements.txt (line 60)) (2.0.1)
Requirement already satisfied: types-python-dateutil==2.9.0.20241003 in /usr/local/lib/python3.10/dist-packages (from -r requirements.txt (line 61)) (2.9.0.20241003)
Requirement already satisfied: typing-extensions==4.12.2 in /usr/local/lib/python3.10/dist-packages (from -r requirements.txt (line 62)) (4.12.2)
Requirement already satisfied: urllib3==2.5.0 in /usr/local/lib/python3.10/dist-packages (from -r requirements.txt (line 63)) (2.5.0)
Requirement already satisfied: Werkzeug==3.0.6 in /usr/local/lib/python3.10/dist-packages (from -r requirements.txt (line 64)) (3.0.6)
Requirement already satisfied: zipp==3.19.1 in /usr/local/lib/python3.10/dist-packages (from -r requirements.txt (line 65)) (3.19.1)
Requirement already satisfied: zstandard==0.23.0 in /usr/local/lib/python3.10/dist-packages (from -r requirements.txt (line 66)) (0.23.0)
Requirement already satisfied: fprime-fpp-locate-defs==3.1.0a1 in /usr/local/lib/python3.10/dist-packages (from fprime-fpp==3.1.0a1->-r requirements.txt (line 23)) (3.1.0a1)
Requirement already satisfied: fprime-fpp-to-layout==3.1.0a1 in /usr/local/lib/python3.10/dist-packages (from fprime-fpp==3.1.0a1->-r requirements.txt (line 23)) (3.1.0a1)
Requirement already satisfied: fprime-fpp-to-dict==3.1.0a1 in /usr/local/lib/python3.10/dist-packages (from fprime-fpp==3.1.0a1->-r requirements.txt (line 23)) (3.1.0a1)
Requirement already satisfied: fprime-fpp-depend==3.1.0a1 in /usr/local/lib/python3.10/dist-packages (from fprime-fpp==3.1.0a1->-r requirements.txt (line 23)) (3.1.0a1)
Requirement already satisfied: fprime-fpp-check==3.1.0a1 in /usr/local/lib/python3.10/dist-packages (from fprime-fpp==3.1.0a1->-r requirements.txt (line 23)) (3.1.0a1)
Requirement already satisfied: fprime-fpp-format==3.1.0a1 in /usr/local/lib/python3.10/dist-packages (from fprime-fpp==3.1.0a1->-r requirements.txt (line 23)) (3.1.0a1)
Requirement already satisfied: fprime-fpp-to-json==3.1.0a1 in /usr/local/lib/python3.10/dist-packages (from fprime-fpp==3.1.0a1->-r requirements.txt (line 23)) (3.1.0a1)
Requirement already satisfied: fprime-fpp-from-xml==3.1.0a1 in /usr/local/lib/python3.10/dist-packages (from fprime-fpp==3.1.0a1->-r requirements.txt (line 23)) (3.1.0a1)
Requirement already satisfied: fprime-fpp-locate-uses==3.1.0a1 in /usr/local/lib/python3.10/dist-packages (from fprime-fpp==3.1.0a1->-r requirements.txt (line 23)) (3.1.0a1)
Requirement already satisfied: fprime-fpp-filenames==3.1.0a1 in /usr/local/lib/python3.10/dist-packages (from fprime-fpp==3.1.0a1->-r requirements.txt (line 23)) (3.1.0a1)
Requirement already satisfied: fprime-fpp-to-cpp==3.1.0a1 in /usr/local/lib/python3.10/dist-packages (from fprime-fpp==3.1.0a1->-r requirements.txt (line 23)) (3.1.0a1)
Requirement already satisfied: fprime-fpp-to-xml==3.1.0a1 in /usr/local/lib/python3.10/dist-packages (from fprime-fpp==3.1.0a1->-r requirements.txt (line 23)) (3.1.0a1)
Requirement already satisfied: fprime-fpp-syntax==3.1.0a1 in /usr/local/lib/python3.10/dist-packages (from fprime-fpp==3.1.0a1->-r requirements.txt (line 23)) (3.1.0a1)
Requirement already satisfied: crc>=7.0.0 in /usr/local/lib/python3.10/dist-packages (from fprime-gds==4.0.2a6->-r requirements.txt (line 24)) (7.1.0)
Requirement already satisfied: spacepackets>=0.30.0 in /usr/local/lib/python3.10/dist-packages (from fprime-gds==4.0.2a6->-r requirements.txt (line 24)) (0.31.0)
Requirement already satisfied: lark>=1.2.2 in /usr/local/lib/python3.10/dist-packages (from fprime-gds==4.0.2a6->-r requirements.txt (line 24)) (1.3.0)
Requirement already satisfied: exceptiongroup>=1.0.0rc8 in /usr/local/lib/python3.10/dist-packages (from pytest==8.3.3->-r requirements.txt (line 49)) (1.3.0)
Requirement already satisfied: fastcrc~=0.3.0 in /usr/local/lib/python3.10/dist-packages (from spacepackets>=0.30.0->fprime-gds==4.0.2a6->-r requirements.txt (line 24)) (0.3.2)
Requirement already satisfied: deprecation~=2.1 in /usr/local/lib/python3.10/dist-packages (from spacepackets>=0.30.0->fprime-gds==4.0.2a6->-r requirements.txt (line 24)) (2.1.0)
WARNING: Running pip as the 'root' user can result in broken permissions and conflicting behaviour with the system package manager. It is recommended to use a virtual environment instead: https://pip.pypa.io/warnings/venv
-- The C compiler identification is GNU 11.4.0
-- The CXX compiler identification is GNU 11.4.0
-- Detecting C compiler ABI info
-- Detecting C compiler ABI info - done
-- Check for working C compiler: /usr/bin/cc - skipped
-- Detecting C compile features
-- Detecting C compile features - done
-- Detecting CXX compiler ABI info
-- Detecting CXX compiler ABI info - done
-- Check for working CXX compiler: /usr/bin/c++ - skipped
-- Detecting CXX compile features
-- Detecting CXX compile features - done
-- Enabled the following sanitizers: address,undefined,leak
-- [python3] python3 found at: /usr/bin/python3
-- [fpp-tools] fpp-depend found at: /usr/local/bin/fpp-depend
-- [fpp-tools] fpp-to-cpp found at: /usr/local/bin/fpp-to-cpp
-- [fpp-tools] fpp-to-dict found at: /usr/local/bin/fpp-to-dict
-- [fpp-tools] fpp-locate-defs found at: /usr/local/bin/fpp-locate-defs
-- [FPRIME] Module locations: /app;/app/FppTestProject;/app/FppTestProject/build-fprime-automatic-native-ut/F-Prime;/app/FppTestProject/build-fprime-automatic-native-ut
-- [FPRIME] Installation directory: /app/FppTestProject/build-artifacts
-- Target build toolchain/platform: Linux/Linux
-- [sub-build] Performing sub-build: info-cache
-- [sub-build] Generating: info-cache with target/sub-build/fpp_locs;target/sub-build/fpp_depend;target/sub-build/module_info
-- [sub-build] Executing: info-cache with fpp_locs
-- [sub-build] Executing: info-cache with fpp_depend
-- [sub-build] Executing: info-cache with module_info
-- [sub-build] Performing sub-build: info-cache - DONE
-- [INFO] to find 'syft' on PATH, please install to generate software bill-of-materials
CMake Error at /app/cmake/FPrime.cmake:183 (message):
  googletest submodule not initialized or corrupted.  Please run `git
  submodule update --init --recursive`.
Call Stack (most recent call first):
  /app/cmake/FPrime-Code.cmake:15 (fprime_setup_included_code)
-- Configuring incomplete, errors occurred!
  CMakeLists.txt:31 (include)


[INFO] Generating build directory at: /app/FppTestProject/build-fprime-automatic-native-ut
[INFO] Using toolchain file None for platform default
[ERROR] CMake erred with return code 1. Partial build cache remains. Run purge to clean-up.
ninja: error: loading 'build.ninja': No such file or directory
[ERROR] CMake erred with return code 1
ninja: error: loading 'build.ninja': No such file or directory
[ERROR] CMake erred with return code 1
