    Updating crates.io index
     Locking 62 packages to latest compatible versions
 Downloading crates ...
  Downloaded autocfg v1.5.0
  Downloaded cfg-if v1.0.4
  Downloaded getrandom v0.3.4
  Downloaded unicode-ident v1.0.22
  Downloaded paste v1.0.15
  Downloaded rawpointer v0.2.1
  Downloaded proc-macro2 v1.0.103
  Downloaded wide v0.7.33
  Downloaded ppv-lite86 v0.2.21
  Downloaded num-traits v0.2.19
  Downloaded rand_chacha v0.9.0
  Downloaded glam v0.23.0
  Downloaded nalgebra v0.34.1
  Downloaded rand v0.9.2
  Downloaded libc v0.2.177
  Downloaded typenum v1.19.0
  Downloaded syn v2.0.110
  Downloaded num-bigint v0.4.6
  Downloaded glam v0.25.0
  Downloaded glam v0.22.0
  Downloaded glam v0.24.2
  Downloaded glam v0.20.5
  Downloaded safe_arch v0.7.4
  Downloaded glam v0.18.0
  Downloaded glam v0.28.0
  Downloaded glam v0.21.3
  Downloaded glam v0.16.0
  Downloaded simba v0.9.1
  Downloaded glam v0.19.0
  Downloaded glam v0.17.3
  Downloaded rand_core v0.9.3
  Downloaded zerocopy v0.8.27
  Downloaded num-rational v0.4.2
  Downloaded bytemuck v1.24.0
  Downloaded num-integer v0.1.46
  Downloaded num-complex v0.4.6
  Downloaded nalgebra-macros v0.3.0
  Downloaded matrixmultiply v0.3.10
  Downloaded glam v0.30.9
  Downloaded glam v0.15.2
  Downloaded quote v1.0.42
  Downloaded glam v0.27.0
  Downloaded glam v0.14.0
  Downloaded approx v0.5.1
  Downloaded glam v0.29.3
   Compiling autocfg v1.5.0
   Compiling libc v0.2.177
   Compiling proc-macro2 v1.0.103
   Compiling getrandom v0.3.4
   Compiling quote v1.0.42
   Compiling unicode-ident v1.0.22
   Compiling zerocopy v0.8.27
   Compiling bytemuck v1.24.0
   Compiling cfg-if v1.0.4
   Compiling paste v1.0.15
   Compiling typenum v1.19.0
   Compiling rawpointer v0.2.1
   Compiling safe_arch v0.7.4
   Compiling num-traits v0.2.19
   Compiling matrixmultiply v0.3.10
   Compiling wide v0.7.33
   Compiling syn v2.0.110
   Compiling num-integer v0.1.46
   Compiling approx v0.5.1
   Compiling num-complex v0.4.6
   Compiling rand_core v0.9.3
   Compiling num-rational v0.4.2
   Compiling num-bigint v0.4.6
   Compiling ppv-lite86 v0.2.21
   Compiling simba v0.9.1
   Compiling rand_chacha v0.9.0
   Compiling rand v0.9.2
   Compiling nalgebra-macros v0.3.0
   Compiling nalgebra v0.34.1
   Compiling the_algorithms_rust v0.1.0 (/app)
warning: unnecessary parentheses around closure body
  --> src/machine_learning/loss_function/kl_divergence_loss.rs:19:25
   |
19 |         .map(|(&a, &p)| ((a + eps) * ((a + eps) / (p + eps)).ln()))
   |                         ^                                        ^
   |
   = note: `#[warn(unused_parens)]` (part of `#[warn(unused)]`) on by default
help: remove these parentheses
   |
19 -         .map(|(&a, &p)| ((a + eps) * ((a + eps) / (p + eps)).ln()))
19 +         .map(|(&a, &p)| (a + eps) * ((a + eps) / (p + eps)).ln())
   |

warning: `the_algorithms_rust` (lib) generated 1 warning (run `cargo fix --lib -p the_algorithms_rust` to apply 1 suggestion)
    Finished `dev` profile [unoptimized + debuginfo] target(s) in 15.30s
 Downloading crates ...
  Downloaded rand_core v0.6.4
  Downloaded memchr v2.7.6
  Downloaded quickcheck_macros v1.1.0
  Downloaded quickcheck v1.0.3
  Downloaded getrandom v0.2.16
  Downloaded env_logger v0.8.4
  Downloaded log v0.4.28
  Downloaded aho-corasick v1.1.4
  Downloaded rand v0.8.5
  Downloaded regex v1.12.2
  Downloaded regex-syntax v0.8.8
  Downloaded regex-automata v0.4.13
   Compiling memchr v2.7.6
   Compiling regex-syntax v0.8.8
   Compiling getrandom v0.2.16
   Compiling log v0.4.28
   Compiling quickcheck_macros v1.1.0
warning: unnecessary parentheses around closure body
  --> src/machine_learning/loss_function/kl_divergence_loss.rs:19:25
   |
19 |         .map(|(&a, &p)| ((a + eps) * ((a + eps) / (p + eps)).ln()))
   |                         ^                                        ^
   |
   = note: `#[warn(unused_parens)]` (part of `#[warn(unused)]`) on by default
help: remove these parentheses
   |
19 -         .map(|(&a, &p)| ((a + eps) * ((a + eps) / (p + eps)).ln()))
19 +         .map(|(&a, &p)| (a + eps) * ((a + eps) / (p + eps)).ln())
   |

warning: `the_algorithms_rust` (lib) generated 1 warning (run `cargo fix --lib -p the_algorithms_rust` to apply 1 suggestion)
   Compiling rand_core v0.6.4
   Compiling rand v0.8.5
   Compiling aho-corasick v1.1.4
   Compiling regex-automata v0.4.13
   Compiling regex v1.12.2
   Compiling env_logger v0.8.4
   Compiling quickcheck v1.0.3
   Compiling the_algorithms_rust v0.1.0 (/app)
warning: `the_algorithms_rust` (lib test) generated 1 warning (1 duplicate)
    Finished `test` profile [unoptimized + debuginfo] target(s) in 16.21s
     Running unittests src/lib.rs (target/debug/deps/the_algorithms_rust-492fa9cfe97f6052)

running 1868 tests
test backtracking::all_combination_of_size_k::tests::test_empty ... ok
test backtracking::all_combination_of_size_k::tests::test_generate_4_2 ... ok
test backtracking::all_combination_of_size_k::tests::test_generate_5_1 ... ok
test backtracking::all_combination_of_size_k::tests::test_generate_4_3 ... ok
test backtracking::all_combination_of_size_k::tests::test_generate_k_greater_than_n ... ok
test backtracking::all_combination_of_size_k::tests::test_generate_n_eq_k ... ok
test backtracking::all_combination_of_size_k::tests::test_generate_5_3 ... ok
test backtracking::all_combination_of_size_k::tests::test_zero_range_with_nonzero_k ... ok
test backtracking::graph_coloring::tests::test_bipartite_graph_with_2_colors ... ok
test backtracking::graph_coloring::tests::test_complete_graph_with_3_colors ... ok
test backtracking::graph_coloring::tests::test_complete_graph_with_3_vertices_and_3_colors ... ok
test backtracking::graph_coloring::tests::test_directed_graph_no_valid_coloring ... ok
test backtracking::graph_coloring::tests::test_directed_graph_with_3_colors ... ok
test backtracking::graph_coloring::tests::test_disconnected_graph ... ok
test backtracking::graph_coloring::tests::test_incomplete_graph_with_insufficient_colors ... ok
test backtracking::graph_coloring::tests::test_empty_graph ... ok
test backtracking::graph_coloring::tests::test_linear_graph_with_2_colors ... ok
test backtracking::graph_coloring::tests::test_more_colors_than_nodes ... ok
test backtracking::graph_coloring::tests::test_no_coloring_with_zero_colors ... ok
test backtracking::graph_coloring::tests::test_large_graph_with_3_colors ... ok
test backtracking::graph_coloring::tests::test_no_valid_coloring ... ok
test backtracking::graph_coloring::tests::test_non_square_matrix ... ok
test backtracking::graph_coloring::tests::test_large_directed_graph_with_3_colors ... ok
test backtracking::graph_coloring::tests::test_single_vertex_graph ... ok
test backtracking::hamiltonian_cycle::tests::single_node ... ok
test backtracking::hamiltonian_cycle::tests::single_node_self_loop ... ok
test backtracking::hamiltonian_cycle::tests::test_complete_graph ... ok
test backtracking::hamiltonian_cycle::tests::test_complex_directed_graph ... ok
test backtracking::hamiltonian_cycle::tests::test_directed_graph_no_cycle ... ok
test backtracking::hamiltonian_cycle::tests::test_directed_graph_with_cycle ... ok
test backtracking::hamiltonian_cycle::tests::test_empty_graph ... ok
test backtracking::hamiltonian_cycle::tests::test_improper_graph ... ok
test backtracking::hamiltonian_cycle::tests::test_start_out_of_bound ... ok
test backtracking::hamiltonian_cycle::tests::test_tree_graph ... ok
test backtracking::hamiltonian_cycle::tests::test_triangle_graph ... ok
test backtracking::hamiltonian_cycle::tests::test_undirected_graph_with_cycle ... ok
test backtracking::hamiltonian_cycle::tests::test_undirected_graph_no_cycle ... ok
test backtracking::n_queens::tests::test_1_queen ... ok
test backtracking::n_queens::tests::test_3_queens ... ok
test backtracking::n_queens::tests::test_2_queens ... ok
test backtracking::parentheses_generator::tests::test_generate_parentheses_0 ... ok
test backtracking::knight_tour::tests::test_invalid_start_position ... ok
test backtracking::n_queens::tests::test_4_queens ... ok
test backtracking::parentheses_generator::tests::test_generate_parentheses_1 ... ok
test backtracking::n_queens::tests::test_5_queens ... ok
test backtracking::parentheses_generator::tests::test_generate_parentheses_3 ... ok
test backtracking::permutations::tests::test_permute_all_duplicates ... ok
test backtracking::n_queens::tests::test_0_queens ... ok
test backtracking::permutations::tests::test_permute_basic ... ok
test backtracking::parentheses_generator::tests::test_generate_parentheses_2 ... ok
test backtracking::parentheses_generator::tests::test_generate_parentheses_4 ... ok
test backtracking::permutations::tests::test_permute_duplicates ... ok
test backtracking::permutations::tests::test_permute_empty ... ok
test backtracking::permutations::tests::test_permute_larger ... ok
test backtracking::permutations::tests::test_permute_mixed ... ok
test backtracking::permutations::tests::test_permute_negative ... ok
test backtracking::permutations::tests::test_permute_single ... ok
test backtracking::rat_in_maze::tests::empty_maze ... ok
test backtracking::n_queens::tests::test_6_queens ... ok
test backtracking::rat_in_maze::tests::improper_maze_representation ... ok
test backtracking::rat_in_maze::tests::maze_with_multiple_rows_and_one_column ... ok
test backtracking::rat_in_maze::tests::maze_with_going_back ... ok
test backtracking::rat_in_maze::tests::maze_with_no_walls ... ok
test backtracking::rat_in_maze::tests::maze_with_one_row_and_multiple_columns ... ok
test backtracking::rat_in_maze::tests::maze_with_single_cell ... ok
test backtracking::rat_in_maze::tests::maze_with_solution_3x4 ... ok
test backtracking::rat_in_maze::tests::maze_with_solution_5x5 ... ok
test backtracking::rat_in_maze::tests::maze_with_solution_8x8 ... ok
test backtracking::rat_in_maze::tests::maze_with_solution_6x6 ... ok
test backtracking::rat_in_maze::tests::maze_with_walls_surrounding_border ... ok
test backtracking::rat_in_maze::tests::maze_without_solution_4x4 ... ok
test backtracking::rat_in_maze::tests::maze_without_solution_3x4 ... ok
test backtracking::rat_in_maze::tests::out_of_bound_start ... ok
test backtracking::subset_sum::tests::test_consecutive_set_with_sum ... ok
test backtracking::subset_sum::tests::test_consecutive_set_without_sum ... ok
test backtracking::subset_sum::tests::test_empty_set_with_nonzero_sum ... ok
test backtracking::subset_sum::tests::test_empty_set ... ok
test backtracking::subset_sum::tests::test_large_set_with_sum ... ok
test backtracking::subset_sum::tests::test_negative_set_with_sum ... ok
test backtracking::subset_sum::tests::test_negative_sum ... ok
test backtracking::subset_sum::tests::test_even_inputs_odd_target ... ok
test backtracking::subset_sum::tests::test_negative_sum_with_negatives ... ok
test backtracking::subset_sum::tests::test_negative_sum_with_negatives_no_solution ... ok
test backtracking::subset_sum::tests::test_single_element_equal_to_sum ... ok
test backtracking::subset_sum::tests::test_single_element_not_equal_to_sum ... ok
test backtracking::subset_sum::tests::test_small_set_with_sum ... ok
test backtracking::subset_sum::tests::test_small_set_without_sum ... ok
test big_integer::multiply::tests::multiply_double_digits ... ok
test big_integer::multiply::tests::leading_zero - should panic ... ok
test big_integer::multiply::tests::multiply_large ... ok
test big_integer::multiply::tests::multiply_small ... ok
test big_integer::multiply::tests::multiply_four_digits ... ok
test big_integer::multiply::tests::multiply_basic ... ok
test big_integer::multiply::tests::empty_input - should panic ... ok
test big_integer::multiply::tests::multiply_triple_digits ... ok
test big_integer::multiply::tests::multiply_zero ... ok
test big_integer::multiply::tests::wrong_characters - should panic ... ok
test big_integer::multiply::tests::wrong_input_and_zero_1 - should panic ... ok
test big_integer::multiply::tests::wrong_input_and_zero_2 - should panic ... ok
test bit_manipulation::counting_bits::tests::test_count_set_bits_all_set_bits ... ok
test bit_manipulation::counting_bits::tests::test_count_set_bits_alternating_bits ... ok
test big_integer::poly1305::tests::basic_tv1 ... ok
test bit_manipulation::counting_bits::tests::test_count_set_bits_mixed_bits ... ok
test bit_manipulation::counting_bits::tests::test_count_set_bits_power_of_two ... ok
test bit_manipulation::counting_bits::tests::test_count_set_bits_one ... ok
test bit_manipulation::counting_bits::tests::test_count_set_bits_zero ... ok
test bit_manipulation::highest_set_bit::tests::test_0 ... ok
test bit_manipulation::highest_set_bit::tests::test_1 ... ok
test bit_manipulation::highest_set_bit::tests::test_2 ... ok
test bit_manipulation::highest_set_bit::tests::test_3 ... ok
test bit_manipulation::highest_set_bit::tests::test_positive_number ... ok
test bit_manipulation::n_bits_gray_code::tests::gray_code_1_bit ... ok
test bit_manipulation::n_bits_gray_code::tests::gray_code_2_bit ... ok
test bit_manipulation::n_bits_gray_code::tests::gray_code_3_bit ... ok
test bit_manipulation::n_bits_gray_code::tests::zero_bit_count ... ok
test bit_manipulation::sum_of_two_integers::tests::test_add_two_integers_both_negative ... ok
test bit_manipulation::sum_of_two_integers::tests::test_add_two_integers_edge_negative ... ok
test bit_manipulation::sum_of_two_integers::tests::test_add_two_integers_edge_positive ... ok
test bit_manipulation::sum_of_two_integers::tests::test_add_two_integers_large_positive ... ok
test bit_manipulation::sum_of_two_integers::tests::test_add_two_integers_negative ... ok
test bit_manipulation::sum_of_two_integers::tests::test_add_two_integers_positive ... ok
test bit_manipulation::sum_of_two_integers::tests::test_add_two_integers_zero ... ok
test bit_manipulation::sum_of_two_integers::tests::test_add_two_integers_zero_with_negative ... ok
test bit_manipulation::sum_of_two_integers::tests::test_add_two_integers_zero_with_positive ... ok
test ciphers::another_rot13::tests::test_non_alphabet ... ok
test ciphers::baconian_cipher::tests::test_baconian_decoding ... ok
test ciphers::baconian_cipher::tests::test_baconian_encoding ... ok
test ciphers::another_rot13::tests::test_every_alphabet_with_space ... ok
test ciphers::base64::tests::decode_encode ... ok
test ciphers::base64::tests::encode_decode ... ok
test ciphers::aes::tests::test_aes_256 ... ok
test ciphers::caesar::tests::empty_input_negative_rotation ... ok
test ciphers::blake2b::test::blake2b_empty_with_key ... ok
test ciphers::caesar::tests::empty_text ... ok
test ciphers::blake2b::test::blake2b_keyed_filled ... ok
test ciphers::caesar::tests::large_rotation ... ok
test ciphers::caesar::tests::empty_input_large_rotation ... ok
test ciphers::caesar::tests::alphabet_length_should_be_26 ... ok
test ciphers::caesar::tests::longer ... ok
test ciphers::caesar::tests::mixed_case ... ok
test ciphers::aes::tests::test_aes_128 ... ok
test ciphers::caesar::tests::negative_rotation ... ok
test ciphers::blake2b::test::blake2b_empty ... ok
test ciphers::base64::tests::pregenerated_random_bytes_decode ... ok
test ciphers::blake2b::test::blake2b_key_shortin ... ok
test ciphers::aes::tests::test_aes_192 ... ok
test ciphers::caesar::tests::no_rotation ... ok
test ciphers::caesar::tests::rot_13 ... ok
test ciphers::caesar::tests::non_alphabetic_characters ... ok
test ciphers::caesar::tests::rotation_within_alphabet_range ... ok
test ciphers::caesar::tests::unicode ... ok
test ciphers::base64::tests::pregenerated_random_bytes_encode ... ok
test ciphers::caesar::tests::with_numbers ... ok
test ciphers::caesar::tests::uppercase_letters ... ok
test ciphers::blake2b::test::blake2b_from_rfc ... ok
test ciphers::caesar::tests::with_special_characters ... ok
test ciphers::chacha::tests::basic_tv1 ... ok
test ciphers::caesar::tests::with_whitespace ... ok
test ciphers::caesar::tests::rotation_at_alphabet_end ... ok
test ciphers::another_rot13::tests::test_simple ... ok
test ciphers::aes::tests::test_str ... ok
test ciphers::hashing_traits::tests::sha256_basic ... ok
test ciphers::morse_code::tests::decrypt_invalid_morsecode_with_spaces ... ok
test ciphers::kerninghan::tests::count_set_bits ... ok
test ciphers::morse_code::tests::encrypt_letters_and_special_characters ... ok
test ciphers::polybius::tests::decode_emoji ... ok
test ciphers::morse_code::tests::encrypt_message_with_unsupported_character ... ok
test ciphers::polybius::tests::decode_empty ... ok
test ciphers::diffie_hellman::tests::verify_invalid_pub_key ... ok
test ciphers::polybius::tests::decode_odd_length ... ok
test ciphers::morse_code::tests::encrypt_only_letters ... ok
test ciphers::polybius::tests::decode_string_with_whitespace ... ok
test backtracking::sudoku::tests::test_sudoku_correct ... ok
test ciphers::polybius::tests::decode_unknown_string ... ok
test ciphers::diffie_hellman::tests::verify_invalid_pub_key_same_as_prime ... ok
test ciphers::polybius::tests::decode_valid_string ... ok
test ciphers::morse_code::tests::decrypt_valid_character_set_invalid_morsecode ... ok
test ciphers::polybius::tests::encode_emoji ... ok
test ciphers::polybius::tests::encode_and_decode ... ok
test ciphers::polybius::tests::encode_empty ... ok
test ciphers::polybius::tests::encode_valid_string ... ok
test ciphers::rail_fence::test::rails_basic ... ok
test ciphers::rot13::test::test_bunch_of_letters ... ok
test ciphers::rot13::test::test_non_ascii ... ok
test ciphers::rot13::test::test_twice ... ok
test ciphers::rot13::test::test_single_letter ... ok
test ciphers::sha256::tests::ascii ... ok
test ciphers::salsa::tests::basic_tv1 ... ok
test ciphers::sha256::tests::ascii_avalanche ... ok
test ciphers::sha256::tests::short_ascii ... ok
test ciphers::sha256::tests::empty ... ok
test ciphers::sha256::tests::test_constants ... ok
test backtracking::sudoku::tests::test_sudoku_incorrect ... ok
test ciphers::morse_code::tests::decrypt_valid_morsecode_with_spaces ... ok
test ciphers::tea::test::test_block_convert ... ok
test ciphers::tea::test::test_tea_encdec ... ok
test ciphers::theoretical_rot13::tests::test_bunch_of_letters ... ok
test ciphers::tea::test::test_tea_encrypt ... ok
test ciphers::theoretical_rot13::tests::test_non_ascii ... ok
test ciphers::theoretical_rot13::tests::test_single_letter ... ok
test ciphers::theoretical_rot13::tests::test_twice ... ok
test ciphers::transposition::tests::encryption ... ok
test ciphers::xor::tests::test_every_alphabet_with_space ... ok
test ciphers::vigenere::tests::empty ... ok
test ciphers::xor::tests::test_invalid_byte ... ok
test ciphers::transposition::tests::decryption ... ok
test ciphers::vigenere::tests::vigenere_base ... ok
test ciphers::xor::tests::test_zero_byte ... ok
test ciphers::vigenere::tests::vigenere_empty_key ... ok
test compression::move_to_front::test::empty ... ok
test ciphers::vigenere::tests::vigenere_unicode_key ... ok
test ciphers::vigenere::tests::vigenere_unicode_and_numbers ... ok
test compression::move_to_front::test::single_char ... ok
test ciphers::vigenere::tests::vigenere_with_spaces ... ok
test compression::move_to_front::test::mixed_chars ... ok
test compression::move_to_front::test::special_chars ... ok
test compression::run_length_encoding::test::test_run_length_decode ... ok
test conversions::binary_to_decimal::tests::big_binary_to_decimal ... ok
test compression::run_length_encoding::test::test_run_length_encode ... ok
test conversions::binary_to_decimal::tests::very_big_binary_to_decimal ... ok
test conversions::binary_to_decimal::tests::basic_binary_to_decimal ... ok
test conversions::binary_to_hexadecimal::tests::test_binary ... ok
test conversions::binary_to_hexadecimal::tests::test_empty_string ... ok
test conversions::binary_to_hexadecimal::tests::test_invalid_binary ... ok
test conversions::binary_to_hexadecimal::tests::test_padded_binary ... ok
test conversions::decimal_to_hexadecimal::tests::test_big ... ok
test conversions::decimal_to_binary::tests::converting_decimal_to_binary ... ok
test conversions::decimal_to_hexadecimal::tests::test_multiple_digit_hexadecimal ... ok
test conversions::decimal_to_hexadecimal::tests::test_random ... ok
test conversions::decimal_to_hexadecimal::tests::test_single_digit_decimal ... ok
test conversions::decimal_to_hexadecimal::tests::test_single_digit_hexadecimal ... ok
test conversions::decimal_to_hexadecimal::tests::test_zero ... ok
test conversions::hexadecimal_to_binary::tests::test_empty_string ... ok
test compression::move_to_front::test::word ... ok
test conversions::hexadecimal_to_binary::tests::test_hexadecimal ... ok
test conversions::hexadecimal_to_binary::tests::test_hexadecimal2 ... ok
test conversions::hexadecimal_to_binary::tests::test_invalid_hexadecimal ... ok
test ciphers::xor::tests::test_multi_byte ... ok
test conversions::hexadecimal_to_decimal::tests::test_hexadecimal_to_decimal_empty ... ok
test conversions::hexadecimal_to_decimal::tests::test_hexadecimal_to_decimal_invalid ... ok
test ciphers::xor::tests::test_simple ... ok
test conversions::hexadecimal_to_decimal::tests::test_hexadecimal_to_decimal_valid2 ... ok
test conversions::hexadecimal_to_decimal::tests::test_hexadecimal_to_decimal_valid1 ... ok
test conversions::hexadecimal_to_decimal::tests::test_hexadecimal_to_decimal_valid3 ... ok
test conversions::length_conversion::length_conversion_tests::length_of_one_meter ... ok
test conversions::length_conversion::length_conversion_tests::zero_to_zero ... ok
test conversions::octal_to_binary::tests::test_empty_string ... ok
test conversions::octal_to_binary::tests::test_invalid_octal ... ok
test conversions::octal_to_binary::tests::test_valid_octal ... ok
test conversions::octal_to_decimal::tests::test_empty_string ... ok
test conversions::octal_to_decimal::tests::test_valid_octal ... ok
test conversions::octal_to_decimal::tests::test_invalid_octal ... ok
test conversions::octal_to_decimal::tests::test_valid_octal2 ... ok
test conversions::octal_to_decimal::tests::test_valid_octal3 ... ok
test conversions::rgb_cmyk_conversion::tests::black ... ok
test conversions::rgb_cmyk_conversion::tests::blue ... ok
test ciphers::transposition::tests::double_decryption ... ok
test conversions::rgb_cmyk_conversion::tests::green ... ok
test conversions::rgb_cmyk_conversion::tests::gray ... ok
test conversions::rgb_cmyk_conversion::tests::red ... ok
test conversions::rgb_cmyk_conversion::tests::white ... ok
test data_structures::avl_tree::tests::balanced ... ok
test data_structures::avl_tree::tests::contains ... ok
test data_structures::avl_tree::tests::insert ... ok
test data_structures::avl_tree::tests::remove ... ok
test data_structures::avl_tree::tests::sorted ... ok
test ciphers::transposition::tests::double_encryption ... ok
test data_structures::b_tree::test::children_10 ... ok
test data_structures::b_tree::test::children_101 ... ok
test data_structures::b_tree::test::children_2 ... ok
test data_structures::b_tree::test::children_4 ... ok
test data_structures::b_tree::test::children_3 ... ok
test data_structures::b_tree::test::children_5 ... ok
test data_structures::b_tree::test::children_60 ... ok
test data_structures::binary_search_tree::test::test_floor_and_ceil ... ok
test backtracking::knight_tour::tests::test_knight_tour_5x5 ... ok
test compression::move_to_front::test::repeated_chars ... ok
test data_structures::binary_search_tree::test::test_iterator ... ok
test data_structures::floyds_algorithm::tests::test_detect_cycle_no_cycle ... ok
test data_structures::floyds_algorithm::tests::test_detect_cycle_with_cycle ... ok
test data_structures::graph::test_directed_graph::test_add_edge ... ok
test data_structures::graph::test_directed_graph::test_neighbours ... ok
test data_structures::graph::test_undirected_graph::test_add_edge ... ok
test data_structures::graph::test_directed_graph::test_add_node ... ok
test data_structures::graph::test_undirected_graph::test_neighbours ... ok
test data_structures::hash_table::tests::test_empty_search ... ok
test data_structures::heap::tests::test_from_vec_max ... ok
test data_structures::hash_table::tests::test_multiple_inserts_and_searches ... ok
test data_structures::hash_table::tests::test_insert_and_search ... ok
test data_structures::heap::tests::test_iter_heap ... ok
test data_structures::heap::tests::test_from_vec_min ... ok
test data_structures::heap::tests::test_max_heap ... ok
test data_structures::heap::tests::test_empty_heap ... ok
test data_structures::heap::tests::test_min_heap ... ok
test data_structures::hash_table::tests::test_search_nonexistent ... ok
test data_structures::hash_table::tests::test_not_overwrite_existing_key ... ok
test data_structures::binary_search_tree::test::test_search ... ok
test data_structures::lazy_segment_tree::tests::test_max_segments ... ok
test data_structures::lazy_segment_tree::tests::test_sum_segments ... ok
test data_structures::lazy_segment_tree::tests::test_update_segments ... ok
test data_structures::lazy_segment_tree::tests::test_min_segments ... ok
test data_structures::linked_list::tests::create_numeric_list ... ok
test data_structures::linked_list::tests::create_string_list ... ok
test data_structures::linked_list::tests::delete_head_works ... ok
test data_structures::linked_list::tests::delete_ith_can_delete_at_tail ... ok
test data_structures::linked_list::tests::delete_ith_can_delete_at_head ... ok
test data_structures::linked_list::tests::delete_ith_can_delete_in_middle ... ok
test data_structures::linked_list::tests::delete_ith_panics_if_index_equals_length - should panic ... ok
test data_structures::linked_list::tests::delete_tail_works ... ok
test data_structures::linked_list::tests::get_by_index_in_string_list ... ok
test data_structures::linked_list::tests::get_by_index_in_numeric_list ... ok
test data_structures::linked_list::tests::insert_at_head_works ... ok
test data_structures::linked_list::tests::insert_at_ith_and_delete_at_ith_in_the_middle ... ok
test data_structures::linked_list::tests::insert_at_ith_can_add_to_head ... ok
test data_structures::linked_list::tests::insert_at_ith_can_add_to_middle ... ok
test data_structures::linked_list::tests::insert_at_ith_and_delete_ith_work_over_many_iterations ... ok
test data_structures::linked_list::tests::insert_at_ith_can_add_to_tail ... ok
test data_structures::range_minimum_query::tests::float_query_tests ... ok
test data_structures::range_minimum_query::tests::large ... ok
test data_structures::range_minimum_query::tests::simple_query_tests ... ok
test data_structures::range_minimum_query::tests::small ... ok
test data_structures::rb_tree::tests::delete ... ok
test data_structures::probabilistic::count_min_sketch::tests::hash_functions_should_hash_differently ... ok
test data_structures::graph::test_directed_graph::test_contains ... ok
test data_structures::probabilistic::count_min_sketch::tests::inspect_counts ... ok
test data_structures::segment_tree::tests::test_max_segments ... ok
test data_structures::rb_tree::tests::insert ... ok
test data_structures::rb_tree::tests::find ... ok
test data_structures::segment_tree::tests::test_min_segments ... ok
test data_structures::avl_tree::tests::len ... ok
test data_structures::segment_tree::tests::test_sum_segments ... ok
test data_structures::range_minimum_query::tests::medium ... ok
test data_structures::segment_tree_recursive::tests::test_max_segments ... ok
test data_structures::fenwick_tree::tests::test_fenwick_tree ... ok
test data_structures::lazy_segment_tree::tests::test_update_segments_tiny ... ok
test data_structures::stack_using_singly_linked_list::test_stack::iter ... ok
test data_structures::hash_table::tests::test_resize ... ok
test data_structures::binary_search_tree::test::test_maximum_and_minimum ... ok
test data_structures::stack_using_singly_linked_list::test_stack::iter_mut ... ok
test data_structures::stack_using_singly_linked_list::test_stack::peek ... ok
test data_structures::treap::tests::insert ... ok
test data_structures::treap::tests::len ... ok
test data_structures::treap::tests::contains ... ok
test data_structures::lazy_segment_tree::tests::check_overall_interval_max ... ok
test data_structures::queue::tests::test_queue_functionality ... ok
test data_structures::treap::tests::sorted ... ok
test data_structures::linked_list::tests::insert_at_tail_works ... ok
test data_structures::treap::tests::valid ... ok
test data_structures::trie::tests::test_insertion_and_retrieval_with_strings ... ok
test data_structures::stack_using_singly_linked_list::test_stack::basics ... ok
test data_structures::trie::tests::test_insert_empty_key ... ok
test data_structures::trie::tests::test_partial_match ... ok
test data_structures::stack_using_singly_linked_list::test_stack::into_iter ... ok
test data_structures::segment_tree_recursive::tests::test_sum_segments ... ok
test data_structures::union_find::tests::test_spanning_tree ... ok
test data_structures::union_find::tests::test_with_capacity ... ok
test data_structures::union_find::tests::test_union_find ... ok
test data_structures::segment_tree_recursive::tests::test_min_segments ... ok
test data_structures::veb_tree::test::test_repeat_insert ... ok
test data_structures::veb_tree::test::test_single ... ok
test data_structures::lazy_segment_tree::tests::check_overall_interval_min ... ok
test dynamic_programming::coin_change::tests::test_all_multiples ... ok
test dynamic_programming::coin_change::tests::test_coins_larger_than_amount ... ok
test dynamic_programming::coin_change::tests::test_basic_case ... ok
test ciphers::sha256::tests::long_ascii ... ok
test dynamic_programming::coin_change::tests::test_empty_coins ... ok
test data_structures::veb_tree::test::test_two ... ok
test data_structures::veb_tree::test::test_empty ... ok
test dynamic_programming::coin_change::tests::test_exact_combination ... ok
test dynamic_programming::coin_change::tests::test_no_solution_small_coin ... ok
test dynamic_programming::coin_change::tests::test_greedy_approach_does_not_work ... ok
test dynamic_programming::coin_change::tests::test_impossible_combinations ... ok
test dynamic_programming::coin_change::tests::test_non_standard_denominations ... ok
test dynamic_programming::coin_change::tests::test_prime_coins_and_amount ... ok
test dynamic_programming::coin_change::tests::test_repeating_denominations ... ok
test dynamic_programming::coin_change::tests::test_very_large_denominations ... ok
test dynamic_programming::coin_change::tests::test_zero_amount ... ok
test dynamic_programming::coin_change::tests::test_zero_denominations_no_solution ... ok
test dynamic_programming::coin_change::tests::test_zero_denominations_solution ... ok
test data_structures::trie::tests::test_overlapping_keys ... ok
test dynamic_programming::coin_change::tests::test_large_denomination_multiple_coins ... ok
test data_structures::lazy_segment_tree::tests::check_overall_interval_sum ... ok
test dynamic_programming::coin_change::tests::test_fibonacci_sequence ... ok
test dynamic_programming::coin_change::tests::test_no_combination_possible ... ok
test data_structures::treap::tests::remove ... ok
test data_structures::veb_tree::test::test_linear ... ok
test dynamic_programming::coin_change::tests::test_large_amount_mixed_coins ... ok
test dynamic_programming::coin_change::tests::test_no_solution_large_coin ... ok
test dynamic_programming::coin_change::tests::test_multiple_denominations ... ok
test dynamic_programming::egg_dropping::tests::test_multiple_eggs_one_floor ... ok
test dynamic_programming::coin_change::tests::test_powers_of_two ... ok
test data_structures::trie::tests::test_empty_trie ... ok
test dynamic_programming::egg_dropping::tests::test_one_egg_no_floors ... ok
test dynamic_programming::egg_dropping::tests::test_many_eggs_one_floor ... ok
test dynamic_programming::egg_dropping::tests::test_no_eggs_no_floors ... ok
test dynamic_programming::egg_dropping::tests::test_three_eggs_five_floors ... ok
test dynamic_programming::egg_dropping::tests::test_no_floors ... ok
test dynamic_programming::egg_dropping::tests::test_maximum_floors_one_egg ... ok
test dynamic_programming::egg_dropping::tests::test_two_eggs_two_floors ... ok
test dynamic_programming::coin_change::tests::test_non_divisible_amount ... ok
test dynamic_programming::egg_dropping::tests::test_zero_eggs ... ok
test dynamic_programming::fibonacci::tests::test_binary_lifting_fibonacci ... ok
test dynamic_programming::egg_dropping::tests::test_two_eggs_ten_floors ... ok
test dynamic_programming::egg_dropping::tests::test_one_egg_one_floor ... ok
test dynamic_programming::fibonacci::tests::test_classical_fibonacci ... ok
test dynamic_programming::egg_dropping::tests::test_many_eggs_few_floors ... ok
test dynamic_programming::fibonacci::tests::test_classical_and_combinatorial_are_off_by_one ... ok
test dynamic_programming::fibonacci::tests::test_fibonacci ... ok
test dynamic_programming::fibonacci::tests::test_iterative_and_recursive_equivalence ... ok
test dynamic_programming::egg_dropping::tests::test_two_eggs_thirty_six_floors ... ok
test dynamic_programming::fibonacci::tests::test_logarithmic_fibonacci ... ok
test dynamic_programming::fibonacci::tests::test_last_digit_of_the_sum_of_nth_fibonacci_number ... ok
test dynamic_programming::fibonacci::tests::test_recursive_fibonacci ... ok
test dynamic_programming::fractional_knapsack::tests::test ... ok
test dynamic_programming::coin_change::tests::test_small_amount_not_possible ... ok
test data_structures::trie::tests::test_insertion_and_retrieval_with_integers ... ok
test dynamic_programming::coin_change::tests::test_single_coin_large_amount ... ok
test dynamic_programming::fractional_knapsack::tests::test4 ... ok
test dynamic_programming::fractional_knapsack::tests::test3 ... ok
test dynamic_programming::fractional_knapsack::tests::test6 ... ok
test dynamic_programming::egg_dropping::tests::test_one_egg_multiple_floors ... ok
test dynamic_programming::is_subsequence::tests::test_case_sensitive ... ok
test dynamic_programming::is_subsequence::tests::test_different_chars_in_subsequence ... ok
test dynamic_programming::is_subsequence::tests::test_empty_strings ... ok
test dynamic_programming::is_subsequence::tests::test_empty_subsequence ... ok
test dynamic_programming::fractional_knapsack::tests::test2 ... ok
test data_structures::veb_tree::test::test_full_small ... ok
test dynamic_programming::is_subsequence::tests::test_interspersed_subsequence ... ok
test dynamic_programming::is_subsequence::tests::test_same_characters ... ok
test dynamic_programming::fractional_knapsack::tests::test_nan - should panic ... ok
test dynamic_programming::is_subsequence::tests::test_non_empty_sub_empty_main ... ok
test dynamic_programming::is_subsequence::tests::test_single_character_match ... ok
test dynamic_programming::is_subsequence::tests::test_subsequence_found ... ok
test dynamic_programming::knapsack::tests::test_diverse_weights_values_small ... ok
test dynamic_programming::knapsack::tests::test_zero_capacity ... ok
test dynamic_programming::longest_common_subsequence::tests::completely_different ... ok
test dynamic_programming::longest_common_subsequence::tests::one_empty ... ok
test dynamic_programming::longest_common_subsequence::tests::different_length ... ok
test dynamic_programming::longest_common_subsequence::tests::random_case_1 ... ok
test dynamic_programming::longest_common_subsequence::tests::single_character ... ok
test dynamic_programming::longest_common_subsequence::tests::empty_case ... ok
test dynamic_programming::is_subsequence::tests::test_single_character_in_main_match ... ok
test dynamic_programming::is_subsequence::tests::test_subsequence_with_whitespace ... ok
test dynamic_programming::is_subsequence::tests::test_single_character_not_match ... ok
test dynamic_programming::longest_common_subsequence::tests::spaces_and_punctuation_0 ... ok
test dynamic_programming::knapsack::tests::test_greedy_algorithm_does_not_work ... ok
test dynamic_programming::knapsack::tests::test_greedy_algorithm_does_not_work_weight_smaller_than_capacity ... ok
test dynamic_programming::knapsack::tests::test_very_small_capacity ... ok
test dynamic_programming::fibonacci::tests::test_matrix_fibonacci ... ok
test dynamic_programming::is_subsequence::tests::test_subsequence_at_start ... ok
test data_structures::lazy_segment_tree::tests::check_single_interval_max ... ok
test dynamic_programming::knapsack::tests::test_item_too_heavy ... ok
test dynamic_programming::is_subsequence::tests::test_subsequence_with_special_chars ... ok
test dynamic_programming::knapsack::tests::test_basic_knapsack_tiny ... ok
test dynamic_programming::knapsack::tests::test_diverse_weights_values_medium ... ok
test data_structures::lazy_segment_tree::tests::check_single_interval_sum ... ok
test dynamic_programming::longest_common_subsequence::tests::identical_strings ... ok
test dynamic_programming::longest_common_substring::tests::test_common_substring_at_end ... ok
test dynamic_programming::knapsack::tests::test_basic_knapsack_medium ... ok
test dynamic_programming::longest_common_subsequence::tests::random_case_2 ... ok
test dynamic_programming::is_subsequence::tests::test_single_character_in_main_not_match ... ok
test dynamic_programming::is_subsequence::tests::test_subsequence_not_found ... ok
test dynamic_programming::knapsack::tests::test_no_items ... ok
test dynamic_programming::fibonacci::tests::test_memoized_fibonacci ... ok
test dynamic_programming::longest_common_subsequence::tests::special_characters ... ok
test dynamic_programming::is_subsequence::tests::test_longer_sub ... ok
test dynamic_programming::longest_common_substring::tests::test_common_substring_at_start ... ok
test dynamic_programming::longest_common_substring::tests::test_case_sensitive ... ok
test dynamic_programming::is_subsequence::tests::test_subsequence_at_end ... ok
test dynamic_programming::longest_common_substring::tests::test_common_substring_at_middle ... ok
test dynamic_programming::longest_common_substring::tests::test_empty_strings ... ok
test dynamic_programming::longest_common_substring::tests::test_different_single_char ... ok
test dynamic_programming::knapsack::tests::test_basic_knapsack_small ... ok
test dynamic_programming::knapsack::tests::test_high_value_items ... ok
test dynamic_programming::fractional_knapsack::tests::test5 ... ok
test dynamic_programming::longest_common_subsequence::tests::unicode_characters ... ok
test dynamic_programming::longest_common_subsequence::tests::random_case_3 ... ok
test dynamic_programming::longest_common_substring::tests::test_full_string_match ... ok
test dynamic_programming::longest_common_subsequence::tests::spaces_and_punctuation_1 ... ok
test dynamic_programming::longest_common_substring::tests::test_longer_strings_with_common_substring ... ok
test dynamic_programming::longest_common_substring::tests::test_special_characters ... ok
test dynamic_programming::longest_continuous_increasing_subsequence::tests::all_decreasing ... ok
test dynamic_programming::longest_common_substring::tests::test_no_common_substring_with_special_chars ... ok
test dynamic_programming::longest_continuous_increasing_subsequence::tests::all_increasing ... ok
test dynamic_programming::longest_continuous_increasing_subsequence::tests::alternating_increase_decrease ... ok
test dynamic_programming::longest_continuous_increasing_subsequence::tests::empty_array ... ok
test dynamic_programming::longest_continuous_increasing_subsequence::tests::increasing_then_decreasing ... ok
test dynamic_programming::longest_continuous_increasing_subsequence::tests::longer_subsequence_at_end ... ok
test dynamic_programming::longest_common_substring::tests::test_one_empty_string ... ok
test dynamic_programming::longest_continuous_increasing_subsequence::tests::longest_subsequence_at_end ... ok
test dynamic_programming::longest_continuous_increasing_subsequence::tests::longest_subsequence_at_start ... ok
test dynamic_programming::longest_continuous_increasing_subsequence::tests::mixed_elements ... ok
test data_structures::lazy_segment_tree::tests::check_single_interval_min ... ok
test dynamic_programming::longest_continuous_increasing_subsequence::tests::repeated_elements ... ok
test dynamic_programming::longest_continuous_increasing_subsequence::tests::longer_subsequence_at_start ... ok
test dynamic_programming::longest_continuous_increasing_subsequence::tests::single_element ... ok
test dynamic_programming::longest_continuous_increasing_subsequence::tests::single_increasing_subsequence_later ... ok
test dynamic_programming::longest_continuous_increasing_subsequence::tests::single_negative_element ... ok
test dynamic_programming::longest_continuous_increasing_subsequence::tests::with_equal_elements ... ok
test dynamic_programming::longest_continuous_increasing_subsequence::tests::zigzag ... ok
test dynamic_programming::longest_increasing_subsequence::tests::test_example_1 ... ok
test dynamic_programming::longest_increasing_subsequence::tests::test_negative_elements ... ok
test dynamic_programming::matrix_chain_multiply::tests::chain_of_large_matrices ... ok
test dynamic_programming::matrix_chain_multiply::tests::empty_dimensions_input ... ok
test dynamic_programming::matrix_chain_multiply::tests::complex_chain_of_matrices ... ok
test dynamic_programming::matrix_chain_multiply::tests::single_dimensions_input ... ok
test dynamic_programming::matrix_chain_multiply::tests::long_chain_of_matrices ... ok
test dynamic_programming::matrix_chain_multiply::tests::single_matrix_input ... ok
test dynamic_programming::maximal_square::tests::test ... ok
test dynamic_programming::maximum_subarray::tests::test_all_negative ... ok
test dynamic_programming::maximum_subarray::tests::test_all_negatives_with_one_positive ... ok
test dynamic_programming::maximum_subarray::tests::test_all_non_negative ... ok
test dynamic_programming::maximum_subarray::tests::test_all_positives ... ok
test dynamic_programming::maximum_subarray::tests::test_all_positives_with_one_negative ... ok
test dynamic_programming::maximum_subarray::tests::test_all_zeroes ... ok
test dynamic_programming::maximum_subarray::tests::test_alternating_signs ... ok
test dynamic_programming::longest_increasing_subsequence::tests::test_example_2 ... ok
test dynamic_programming::longest_increasing_subsequence::tests::test_example_3 ... ok
test dynamic_programming::maximum_subarray::tests::test_empty_array ... ok
test dynamic_programming::longest_increasing_subsequence::tests::test_empty_vec ... ok
test dynamic_programming::maximum_subarray::tests::test_large_array ... ok
test dynamic_programming::maximum_subarray::tests::test_mixed_elements ... ok
test dynamic_programming::maximum_subarray::tests::test_large_negative_array ... ok
test dynamic_programming::maximum_subarray::tests::test_large_values ... ok
test dynamic_programming::maximum_subarray::tests::test_mixed_negative_and_positive ... ok
test dynamic_programming::maximum_subarray::tests::test_single_element_negative ... ok
test dynamic_programming::matrix_chain_multiply::tests::basic_chain_of_matrices ... ok
test dynamic_programming::maximum_subarray::tests::test_single_large_negative ... ok
test dynamic_programming::maximum_subarray::tests::test_single_element_positive ... ok
test dynamic_programming::maximum_subarray::tests::test_single_large_positive ... ok
test dynamic_programming::maximum_subarray::tests::test_single_zero ... ok
test dynamic_programming::minimum_cost_path::tests::basic ... ok
test dynamic_programming::longest_common_substring::tests::test_identical_single_char ... ok
test dynamic_programming::minimum_cost_path::tests::complex_matrix ... ok
test dynamic_programming::minimum_cost_path::tests::empty_matrix ... ok
test dynamic_programming::minimum_cost_path::tests::high_cost_path ... ok
test dynamic_programming::minimum_cost_path::tests::increasing_values ... ok
test dynamic_programming::minimum_cost_path::tests::single_column ... ok
test dynamic_programming::coin_change::tests::test_large_amount_multiple_coins ... ok
test dynamic_programming::longest_common_substring::tests::test_no_common_substring ... ok
test dynamic_programming::longest_continuous_increasing_subsequence::tests::increasing_with_plateau ... ok
test dynamic_programming::minimum_cost_path::tests::single_element ... ok
test dynamic_programming::longest_common_substring::tests::test_overlapping_substrings ... ok
test dynamic_programming::longest_common_substring::tests::test_substring_with_repeated_chars ... ok
test dynamic_programming::longest_common_subsequence::tests::long_strings ... ok
test dynamic_programming::minimum_cost_path::tests::large_matrix ... ok
test dynamic_programming::minimum_cost_path::tests::non_rectangular ... ok
test dynamic_programming::longest_continuous_increasing_subsequence::tests::negative_and_positive_mixed ... ok
test dynamic_programming::minimum_cost_path::tests::empty_row ... ok
test dynamic_programming::knapsack::tests::test_large_knapsack ... ok
test dynamic_programming::minimum_cost_path::tests::single_row ... ok
test dynamic_programming::minimum_cost_path::tests::uniform_matrix ... ok
test dynamic_programming::optimal_bst::tests::test_case_2 ... ok
test dynamic_programming::optimal_bst::tests::test_case_5 ... ok
test dynamic_programming::optimal_bst::tests::test_case_empty ... ok
test dynamic_programming::rod_cutting::tests::test_all_zeros_except_last ... ok
test dynamic_programming::rod_cutting::tests::test_complex_prices ... ok
test dynamic_programming::optimal_bst::tests::test_case_3 ... ok
test dynamic_programming::rod_cutting::tests::test_descending_prices ... ok
test dynamic_programming::rod_cutting::tests::test_example_with_five_prices ... ok
test dynamic_programming::rod_cutting::tests::test_example_with_four_prices ... ok
test dynamic_programming::rod_cutting::tests::test_example_with_three_prices ... ok
test dynamic_programming::rod_cutting::tests::test_greedy_does_not_work ... ok
test dynamic_programming::rod_cutting::tests::test_increasing_prices ... ok
test dynamic_programming::rod_cutting::tests::test_large_range_prices ... ok
test dynamic_programming::rod_cutting::tests::test_no_profit ... ok
test dynamic_programming::rod_cutting::tests::test_repeated_prices ... ok
test dynamic_programming::rod_cutting::tests::test_single_length_price ... ok
test dynamic_programming::rod_cutting::tests::test_varied_prices ... ok
test dynamic_programming::rod_cutting::tests::test_zero_length_price ... ok
test dynamic_programming::rod_cutting::tests::test_very_large_prices ... ok
test dynamic_programming::snail::test::test_char ... ok
test dynamic_programming::snail::test::test_int ... ok
test dynamic_programming::subset_generation::tests::test_print_incorrect_subset ... ok
test dynamic_programming::rod_cutting::tests::test_empty_prices ... ok
test dynamic_programming::snail::test::test_rect ... ok
test dynamic_programming::optimal_bst::tests::test_case_4 ... ok
test dynamic_programming::trapped_rainwater::tests::test_bucket ... ok
test dynamic_programming::trapped_rainwater::tests::test_trapped_rainwater_basic ... ok
test dynamic_programming::optimal_bst::tests::test_case_single ... ok
test dynamic_programming::subset_generation::tests::test_print_subset3 ... ok
test dynamic_programming::trapped_rainwater::tests::test_skewed_bucket ... ok
test dynamic_programming::trapped_rainwater::tests::test_trapped_rainwater_large_elevation_map_difference ... ok
test dynamic_programming::trapped_rainwater::tests::test_trapped_rainwater_no_trapped_water ... ok
test dynamic_programming::trapped_rainwater::tests::test_trapped_rainwater_peak_under_water ... ok
test dynamic_programming::trapped_rainwater::tests::test_trapped_rainwater_single_elevation_map ... ok
test dynamic_programming::word_break::tests::edge_case_all_words_larger_than_input ... ok
test dynamic_programming::word_break::tests::edge_case_empty_dict ... ok
test dynamic_programming::coin_change::tests::test_mixed_small_large ... ok
test dynamic_programming::word_break::tests::edge_case_empty_string ... ok
test dynamic_programming::word_break::tests::edge_case_single_char_not_in_dict ... ok
test dynamic_programming::word_break::tests::edge_case_no_solution_large_string ... ok
test dynamic_programming::word_break::tests::long_string_no_solution ... ok
test dynamic_programming::word_break::tests::edge_case_single_char_in_dict ... ok
test dynamic_programming::optimal_bst::tests::test_case_1 ... ok
test dynamic_programming::word_break::tests::mixed_size_dict_3 ... ok
test dynamic_programming::snail::test::test_empty ... ok
test dynamic_programming::subset_generation::tests::test_print_subset4 ... ok
test dynamic_programming::word_break::tests::successful_segmentation_large_string ... ok
test dynamic_programming::word_break::tests::mixed_size_dict_2 ... ok
test dynamic_programming::rod_cutting::tests::test_all_zero_input ... ok
test dynamic_programming::subset_generation::tests::test_print_subset5 ... ok
test dynamic_programming::word_break::tests::typical_case_2 ... ok
test financial::present_value::tests::empty_cash_flow ... ok
test dynamic_programming::word_break::tests::typical_case_1 ... ok
test dynamic_programming::trapped_rainwater::tests::test_trapped_rainwater_two_point_elevation_map ... ok
test dynamic_programming::word_break::tests::mixed_size_dict_1 ... ok
test dynamic_programming::word_break::tests::long_string_repeated_pattern ... ok
test ciphers::sha3::tests::sha3_512_8 ... ok
test financial::present_value::tests::general_inputs2 ... ok
test dynamic_programming::trapped_rainwater::tests::test_trapped_rainwater_empty ... ok
test dynamic_programming::word_break::tests::typical_case_3 ... ok
test financial::present_value::tests::negative_discount_rate ... ok
test financial::present_value::tests::general_inputs3 ... ok
test financial::present_value::tests::general_inputs1 ... ok
test dynamic_programming::trapped_rainwater::tests::test_trapped_rainwater_flat ... ok
test general::convex_hull::tests::lots_of_points2 ... ok
test general::genetic::tests::find_secret ... ignored
test general::genetic::tests::solve_mastermind ... ignored
test general::convex_hull::tests::not_enough_points2 ... ok
test general::convex_hull::tests::not_enough_points ... ok
test dynamic_programming::word_break::tests::performance_stress_test_large_invalid ... ok
test general::kadane_algorithm::tests::test_kadanes_algorithm_empty ... ok
test general::huffman_encoding::tests::small_text ... ok
test general::kadane_algorithm::tests::test_kadanes_algorithm_single_positive ... ok
test general::kmeans::test::easy_bivariate_clustering ... ok
test ciphers::sha3::tests::sha3_224_8 ... ok
test ciphers::sha3::tests::sha3_256_0 ... ok
test general::convex_hull::tests::empty ... ok
test general::kadane_algorithm::tests::test_kadanes_algorithm_positive ... ok
test general::permutations::heap::tests::test_3_different_values ... ok
test general::permutations::heap::tests::test_3_times_the_same_value ... ok
test general::kmeans::test::easy_univariate_clustering_odd_number_of_data ... ok
test ciphers::sha3::tests::sha3_384_8 ... ok
test financial::present_value::tests::test3 ... ok
test general::permutations::naive::tests::empty_array ... ok
test general::permutations::naive::tests::test_3_times_the_same_value ... ok
test general::permutations::tests::test_invalid_permutation_2 - should panic ... ok
test general::permutations::naive::tests::test_unique_values ... ok
test general::permutations::tests::test_invalid_permutation_3 - should panic ... ok
test general::convex_hull::tests::not_enough_points1 ... ok
test general::permutations::tests::test_invalid_permutation_1 - should panic ... ok
test ciphers::sha3::tests::sha3_384_0 ... ok
test data_structures::veb_tree::test::test_full_256 ... ok
test dynamic_programming::coin_change::tests::test_large_amount_performance ... ok
test general::permutations::steinhaus_johnson_trotter::tests::test_3_times_the_same_value ... ok
test general::kmeans::test::easy_univariate_clustering ... ok
test general::kadane_algorithm::tests::test_kadanes_algorithm_negative ... ok
test general::permutations::naive::tests::test_3_different_values ... ok
test general::kmeans::test::high_dims ... ok
test general::convex_hull::tests::lots_of_points ... ok
test financial::present_value::tests::zero_input ... ok
test financial::present_value::tests::test2 ... ok
test general::permutations::tests::test_invalid_permutation_repeat - should panic ... ok
test general::permutations::tests::test_valid_permutations ... ok
test general::mex::tests::test_mex_using_set ... ok
test general::kadane_algorithm::tests::test_kadanes_algorithm_mixed ... ok
test general::mex::tests::test_mex_using_sort ... ok
test geometry::closest_points::tests::one_points ... ok
test general::permutations::steinhaus_johnson_trotter::tests::test_3_different_values ... ok
test geometry::closest_points::tests::three_points ... ok
test geometry::closest_points::tests::list_2 ... ok
test financial::present_value::tests::test1 ... ok
test general::two_sum::test::test ... ok
test geometry::closest_points::tests::vertical_points ... ok
test geometry::closest_points::tests::list_1 ... ok
test geometry::graham_scan::tests::rectangle_with_points_in_middle ... ok
test general::hanoi::tests::hanoi_simple ... ok
test geometry::closest_points::tests::two_points ... ok
test geometry::graham_scan::tests::points_same_line ... ok
test geometry::graham_scan::tests::star ... ok
test geometry::graham_scan::tests::too_few_points ... ok
test geometry::graham_scan::tests::triangle ... ok
test general::huffman_encoding::tests::lorem_ipsum ... ok
test geometry::jarvis_scan::tests::star ... ok
test geometry::jarvis_scan::tests::too_few_points ... ok
test geometry::jarvis_scan::tests::rectangle ... ok
test geometry::jarvis_scan::tests::triangle ... ok
test geometry::jarvis_scan::tests::triangle_with_points_in_middle ... ok
test geometry::polygon_points::tests::test_boundary ... ok
test geometry::polygon_points::tests::test_calculate_cross ... ok
test geometry::polygon_points::tests::test_gcd_multiple_of_common_factor ... ok
test geometry::graham_scan::tests::duplicate_point ... ok
test geometry::jarvis_scan::tests::duplicate_point ... ok
test geometry::closest_points::tests::zero_points ... ok
test geometry::polygon_points::tests::test_lattice_points ... ok
test geometry::polygon_points::tests::test_polygon_4_coordinates ... ok
test geometry::graham_scan::tests::triangle_with_points_in_middle ... ok
test geometry::ramer_douglas_peucker::tests::basic ... ok
test geometry::ramer_douglas_peucker::tests::basic_shifted_2 ... ok
test geometry::polygon_points::tests::test_polygon_3_coordinates ... ok
test geometry::jarvis_scan::tests::rectangle_with_points_on_same_line ... ok
test geometry::jarvis_scan::tests::rectangle_with_points_in_middle ... ok
test geometry::ramer_douglas_peucker::tests::test_less_than_three_points ... ok
test geometry::ramer_douglas_peucker::tests::test_ramer_douglas_peucker_polygon ... ok
test geometry::ramer_douglas_peucker::tests::basic_shifted_1 ... ok
test geometry::jarvis_scan::tests::points_same_line ... ok
test geometry::ramer_douglas_peucker::tests::test_ramer_douglas_peucker_polygonal_chain ... ok
test geometry::segment::tests::colinear ... ok
test geometry::segment::tests::intersects ... ok
test geometry::segment::tests::colinear_vertical ... ok
test geometry::graham_scan::tests::rectangle_with_points_on_same_line ... ok
test ciphers::sha3::tests::sha3_256_8 ... ok
test geometry::segment::tests::parallel_segments ... ok
test geometry::segment::tests::too_short_to_intersect ... ok
test geometry::segment::tests::intersects_endpoint_on_segment ... ok
test geometry::graham_scan::tests::rectangle ... ok
test geometry::segment::tests::intersects_self ... ok
test graph::astar::tests::single_edge ... ok
test graph::astar::tests::single_vertex ... ok
test graph::astar::tests::graph_1 ... ok
test ciphers::sha3::tests::sha3_224_0 ... ok
test graph::bellman_ford::tests::graph_1 ... ok
test graph::bellman_ford::tests::single_edge ... ok
test graph::bellman_ford::tests::single_vertex ... ok
test graph::bellman_ford::tests::graph_with_negative_loop ... ok
test graph::bipartite_matching::tests::small_graph_kuhn ... ok
test graph::bellman_ford::tests::graph_2 ... ok
test graph::bipartite_matching::tests::super_small_graph_hopcroft ... ok
test graph::bipartite_matching::tests::super_small_graph_kuhn ... ok
test graph::breadth_first_search::tests::breadth_first_search_graph1_when_node_not_found_returns_none ... ok
test graph::breadth_first_search::tests::breadth_first_search_graph1_when_target_8_should_evaluate_all_nodes_first ... ok
test graph::centroid_decomposition::tests::random_tree_height ... ignored
test graph::breadth_first_search::tests::breadth_first_search_graph2_when_no_path_to_node_returns_none ... ok
test graph::breadth_first_search::tests::breadth_first_search_graph2_should_find_path_from_4_to_1 ... ok
test graph::centroid_decomposition::tests::single_path ... ok
test graph::decremental_connectivity::tests::construction_test ... ok
test graph::decremental_connectivity::tests::delete_panic_test - should panic ... ok
test graph::depth_first_search::tests::find_1_sucess ... ok
test graph::decremental_connectivity::tests::non_bidirectional_test - should panic ... ok
test graph::decremental_connectivity::tests::query_test ... ok
test graph::depth_first_search::tests::find_2_sucess ... ok
test graph::depth_first_search::tests::find_3_sucess ... ok
test graph::depth_first_search_tic_tac_toe::test::win_state_check2 ... ok
test graph::depth_first_search::tests::find_1_fail ... ok
test graph::detect_cycle::test::directed_empty ... ok
test graph::detect_cycle::test::directed_single_node_with_loop ... ok
test graph::detect_cycle::test::directed_graph_with_cycle ... ok
test graph::bipartite_matching::tests::only_one_vertex_graph_hopcroft ... ok
test graph::detect_cycle::test::directed_triangle ... ok
test graph::detect_cycle::test::directed_triangle_with_tail ... ok
test graph::detect_cycle::test::undirected_empty ... ok
test graph::detect_cycle::test::directed_graph_without_cycle ... ok
test graph::depth_first_search_tic_tac_toe::test::block_win_move ... ok
test graph::detect_cycle::test::directed_two_nodes ... ok
test graph::detect_cycle::test::undirected_graph_with_cycle ... ok
test graph::bipartite_matching::tests::only_one_vertex_graph_kuhn ... ok
test graph::depth_first_search_tic_tac_toe::test::expected_loss ... ok
test graph::detect_cycle::test::undirected_single_node_with_loop ... ok
test graph::depth_first_search_tic_tac_toe::test::win_state_check ... ok
test graph::bipartite_matching::tests::small_graph_hopcroft ... ok
test graph::detect_cycle::test::undirected_graph_without_cycle ... ok
test graph::detect_cycle::test::undirected_triangle ... ok
test graph::detect_cycle::test::undirected_triangle_with_tail ... ok
test graph::dijkstra::tests::single_edge ... ok
test graph::dijkstra::tests::single_vertex ... ok
test graph::dijkstra::tests::graph_1 ... ok
test graph::detect_cycle::test::undirected_two_nodes_connected ... ok
test graph::dinic_maxflow::tests::small_graph ... ok
test graph::eulerian_path::tests::test_complex_eulerian_path ... ok
test graph::detect_cycle::test::directed_two_nodes_connected ... ok
test graph::eulerian_path::tests::test_dag_path ... ok
test graph::eulerian_path::tests::test_complete_graph ... ok
test data_structures::veb_tree::test::test_10_256 ... ok
test graph::eulerian_path::tests::test_disconnected_graph ... ok
test graph::eulerian_path::tests::test_multiple_edges_between_same_nodes ... ok
test graph::eulerian_path::tests::test_multiple_eulerian_paths ... ok
test graph::eulerian_path::tests::test_node_with_no_edges ... ok
test graph::eulerian_path::tests::test_parallel_edges_case ... ok
test data_structures::veb_tree::test::test_100_256 ... ok
test graph::disjoint_set_union::tests::test_disjoint_set_union ... ok
test graph::eulerian_path::tests::test_single_edge ... ok
test graph::eulerian_path::tests::test_eulerian_cycle ... ok
test graph::eulerian_path::tests::test_single_node_self_loop ... ok
test graph::eulerian_path::tests::test_multiple_disconnected_components ... ok
test graph::eulerian_path::tests::test_no_edges_multiple_nodes ... ok
test graph::eulerian_path::tests::test_unbalanced_graph_with_path ... ok
test graph::eulerian_path::tests::test_no_eulerian_path ... ok
test graph::eulerian_path::tests::test_empty_graph ... ok
test graph::eulerian_path::tests::test_larger_graph_with_eulerian_path ... ok
test graph::eulerian_path::tests::test_single_cycle ... ok
test graph::eulerian_path::tests::test_multiple_start_and_end_nodes ... ok
test graph::floyd_warshall::tests::single_edge ... ok
test graph::ford_fulkerson::tests::test_graph_with_medium_flow ... ok
test graph::ford_fulkerson::tests::test_complex_graph ... ok
test graph::eulerian_path::tests::test_unbalanced_path ... ok
test graph::floyd_warshall::tests::single_vertex ... ok
test ciphers::sha3::tests::sha3_512_0 ... ok
test graph::ford_fulkerson::tests::test_disconnected_graph ... ok
test graph::eulerian_path::tests::test_simple_path ... ok
test graph::ford_fulkerson::tests::test_empty_graph ... ok
test graph::dijkstra::tests::tree_1 ... ok
test graph::ford_fulkerson::tests::test_improper_graph ... ok
test graph::floyd_warshall::tests::graph_1 ... ok
test graph::ford_fulkerson::tests::test_no_edges ... ok
test graph::ford_fulkerson::tests::test_graph_with_large_flow ... ok
test graph::ford_fulkerson::tests::test_same_source_sink ... ok
test graph::ford_fulkerson::tests::test_graph_with_small_flow ... ok
test graph::ford_fulkerson::tests::test_self_loop ... ok
test graph::ford_fulkerson::tests::test_single_vertex ... ok
test graph::ford_fulkerson::tests::test_sink_out_of_bound ... ok
test graph::ford_fulkerson::tests::test_unconnected_sink ... ok
test graph::ford_fulkerson::tests::test_source_out_of_bound ... ok
test graph::heavy_light_decomposition::tests::single_path ... ok
test graph::graph_enumeration::tests::integer_vertices ... ok
test graph::kosaraju::tests::test_kosaraju_empty_graph ... ok
test graph::graph_enumeration::tests::string_vertices ... ok
test graph::kosaraju::tests::test_kosaraju_multiple_sccs ... ok
test graph::kosaraju::tests::test_kosaraju_no_scc ... ok
test graph::kosaraju::tests::test_kosaraju_multiple_sccs1 ... ok
test graph::kosaraju::tests::test_kosaraju_single_sccs ... ok
test graph::lee_breadth_first_search::tests::test_lee_does_not_exist ... ok
test graph::lee_breadth_first_search::tests::test_lee_exists ... ok
test graph::lee_breadth_first_search::tests::test_source_equals_destination ... ok
test graph::lee_breadth_first_search::tests::test_lee_exists_2 ... ok
test graph::minimum_spanning_tree::tests::test_disconnected_graph ... ok
test graph::minimum_spanning_tree::tests::test_seven_vertices_eleven_edges ... ok
test graph::prim::tests::empty ... ok
test graph::prim::tests::graph_1 ... ok
test graph::prim::tests::graph_2 ... ok
test graph::prim::tests::single_vertex ... ok
test graph::prim::tests::tree_1 ... ok
test graph::prim::tests::graph_3 ... ok
test graph::prim::tests::tree_2 ... ok
test graph::strongly_connected_components::tests::acyclic ... ok
test graph::strongly_connected_components::tests::connected_dumbbell ... ok
test graph::depth_first_search_tic_tac_toe::test::block_move ... ok
test graph::strongly_connected_components::tests::cycle ... ok
test graph::strongly_connected_components::tests::dumbbell ... ok
test graph::tarjans_ssc::tests::test_tarjan_scc ... ok
test graph::topological_sort::tests::it_works ... ok
test graph::two_satisfiability::tests::big_test ... ignored
test graph::topological_sort::tests::test_wikipedia_example ... ok
test graph::topological_sort::tests::test_cyclic_graph ... ok
test graph::two_satisfiability::tests::basic_test ... ok
test greedy::stable_matching::tests::test_stable_matching_duplicate_preferences ... ok
test greedy::stable_matching::tests::test_stable_matching_empty ... ok
test greedy::stable_matching::tests::test_stable_matching_scenario_1 ... ok
test machine_learning::cholesky::tests::matrix_with_all_zeros ... ok
test greedy::stable_matching::tests::test_woman_prefers_new_man ... ok
test machine_learning::cholesky::tests::test_cholesky ... ok
test machine_learning::cholesky::tests::empty_matrix ... ok
test greedy::stable_matching::tests::test_stable_matching_single_pair ... ok
test machine_learning::cholesky::tests::test_matrix_operations ... ok
test machine_learning::linear_regression::test::test_empty_list_linear_regression ... ok
test machine_learning::linear_regression::test::test_linear_regression ... ok
test machine_learning::logistic_regression::test::test_logistic_regression_no_data ... ok
test graph::prufer_code::tests::small_trees ... ok
test machine_learning::loss_function::average_margin_ranking_loss::tests::invalid_length0 ... ok
test machine_learning::loss_function::average_margin_ranking_loss::tests::invalid_values ... ok
test machine_learning::loss_function::average_margin_ranking_loss::tests::set_2 ... ok
test machine_learning::loss_function::average_margin_ranking_loss::tests::set_3 ... ok
test machine_learning::loss_function::hinge_loss::tests::test_hinge_loss ... ok
test machine_learning::loss_function::huber_loss::tests::test_huber_loss_invalid_length ... ok
test machine_learning::loss_function::huber_loss::tests::test_huber_loss_residual_greater_than_delta ... ok
test machine_learning::loss_function::average_margin_ranking_loss::tests::empty_inputs ... ok
test machine_learning::loss_function::kl_divergence_loss::tests::test_kld_loss ... ok
test machine_learning::loss_function::mean_absolute_error_loss::tests::test_mae_loss ... ok
test machine_learning::loss_function::average_margin_ranking_loss::tests::invalid_length2 ... ok
test machine_learning::loss_function::average_margin_ranking_loss::tests::invalid_length1 ... ok
test machine_learning::loss_function::negative_log_likelihood::tests::empty_input ... ok
test machine_learning::loss_function::negative_log_likelihood::tests::set_0 ... ok
test machine_learning::loss_function::average_margin_ranking_loss::tests::invalid_length3 ... ok
test machine_learning::loss_function::average_margin_ranking_loss::tests::set_0 ... ok
test machine_learning::loss_function::negative_log_likelihood::tests::set_2 ... ok
test machine_learning::loss_function::average_margin_ranking_loss::tests::invalid_y_true ... ok
test machine_learning::loss_function::negative_log_likelihood::tests::set_3 ... ok
test machine_learning::loss_function::huber_loss::tests::test_huber_loss_residual_less_than_delta ... ok
test machine_learning::loss_function::average_margin_ranking_loss::tests::set_1 ... ok
test machine_learning::loss_function::negative_log_likelihood::tests::value_greater_smaller_than_0 ... ok
test machine_learning::optimization::adam::tests::test_adam_init_custom_betas_value ... ok
test machine_learning::loss_function::huber_loss::tests::test_huber_loss_empty_prediction ... ok
test graph::prim::tests::single_edge ... ok
test graph::minimum_spanning_tree::tests::test_ten_vertices_twenty_edges ... ok
test machine_learning::optimization::adam::tests::test_adam_init_custom_lr_value ... ok
test machine_learning::loss_function::negative_log_likelihood::tests::different_length_one_empty ... ok
test machine_learning::loss_function::mean_squared_error_loss::tests::test_mse_loss ... ok
test machine_learning::loss_function::negative_log_likelihood::tests::different_length ... ok
test machine_learning::optimization::adam::tests::test_adam_step_iteratively_until_convergence_with_custom_params ... ignored
test machine_learning::optimization::adam::tests::test_adam_init_default_values ... ok
test machine_learning::optimization::adam::tests::test_adam_step_empty_gradients_array ... ok
test machine_learning::loss_function::negative_log_likelihood::tests::set_1 ... ok
test machine_learning::optimization::adam::tests::test_adam_step_custom_params ... ok
test machine_learning::loss_function::negative_log_likelihood::tests::value_greater_than_1 ... ok
test machine_learning::optimization::adam::tests::test_adam_step_iteratively_until_convergence_with_default_params ... ignored
test machine_learning::optimization::adam::tests::test_adam_init_custom_epsilon_value ... ok
test machine_learning::optimization::adam::tests::test_adam_step_default_params ... ok
test graph::prim::tests::tree_3 ... ok
test machine_learning::optimization::gradient_descent::test::test_gradient_descent_unoptimized ... ok
test machine_learning::optimization::adam::tests::test_adam_init_all_custom_values ... ok
test math::abs::test::positive_number ... ok
test math::abs::test::test_negative_number_f64 ... ok
test math::abs::test::test_negative_number_i32 ... ok
test math::abs::test::zero ... ok
test math::aliquot_sum::tests::panics_if_input_is_zero - should panic ... ok
test math::aliquot_sum::tests::test_with_10 ... ok
test math::aliquot_sum::tests::test_with_15 ... ok
test math::aliquot_sum::tests::test_with_1 ... ok
test math::aliquot_sum::tests::test_with_2 ... ok
test math::aliquot_sum::tests::test_with_3 ... ok
test math::aliquot_sum::tests::test_with_343 ... ok
test math::aliquot_sum::tests::test_with_344 ... ok
test math::aliquot_sum::tests::test_with_4 ... ok
test math::aliquot_sum::tests::test_with_5 ... ok
test math::aliquot_sum::tests::test_with_500 ... ok
test math::aliquot_sum::tests::test_with_501 ... ok
test math::aliquot_sum::tests::test_with_6 ... ok
test math::aliquot_sum::tests::test_with_7 ... ok
test math::aliquot_sum::tests::test_with_8 ... ok
test math::aliquot_sum::tests::test_with_9 ... ok
test machine_learning::optimization::gradient_descent::test::test_gradient_descent_optimized ... ok
test math::area_of_polygon::tests::test_area_hexagon ... ok
test math::area_of_polygon::tests::test_area_square ... ok
test math::area_of_polygon::tests::test_area_triangle ... ok
test math::area_under_curve::test::test_linear_func ... ok
test math::area_under_curve::test::test_reverse ... ok
test math::area_under_curve::test::test_quadratic_func ... ok
test math::armstrong_number::tests::big_armstrong_number ... ok
test math::area_under_curve::test::test_zero_length ... ok
test math::armstrong_number::tests::one_digit_armstrong_number ... ok
test math::armstrong_number::tests::three_digit_armstrong_number ... ok
test math::armstrong_number::tests::three_digit_non_armstrong_number ... ok
test math::armstrong_number::tests::two_digit_numbers_are_not_armstrong_numbers ... ok
test math::average::test::mean_test ... ok
test math::average::test::median_test ... ok
test math::baby_step_giant_step::tests::no_solution ... ok
test math::average::test::mode_test ... ok
test math::baby_step_giant_step::tests::small_numbers ... ok
test math::binary_exponentiation::tests::basic ... ok
test math::binary_exponentiation::tests::up_to_ten ... ok
test math::binomial_coefficient::tests::test_binom_large_n_small_k ... ok
test math::binomial_coefficient::tests::test_binom_random_1 ... ok
test math::binomial_coefficient::tests::test_binom_random_3 ... ok
test ciphers::sha3::tests::sha3_256_2184 ... ok
test math::ceil::tests::positive_decimal_with_small_number ... ok
test math::binomial_coefficient::tests::test_binom_10_5 ... ok
test math::binomial_coefficient::tests::test_binom_random_2 ... ok
test math::combinations::tests::test_combinations_6_choose_3 ... ok
test math::combinations::tests::test_combinations_invalid_input - should panic ... ok
test ciphers::sha3::tests::sha3_224_2312 ... ok
test math::decimal_to_fraction::tests::test_decimal_to_fraction_3 ... ok
test math::decimal_to_fraction::tests::test_decimal_to_fraction_4 ... ok
test math::ceil::tests::positive_decimal ... ok
test math::doomsday::tests::doomsday_test ... ok
test math::elliptic_curve::tests::cardinality_large_prime ... ignored, slow test showing that cadinality is not yet feasible to compute for a large prime
test math::elliptic_curve::tests::cardinality_perf ... ignored, slow test for measuring time
test math::bell_numbers::tests::test_combination ... ok
test math::decimal_to_fraction::tests::test_decimal_to_fraction_5 ... ok
test math::elliptic_curve::tests::e_5_1_0_group_table ... ok
test math::ceil::tests::negative_decimal_with_small_number ... ok
test math::ceil::tests::negative_decimal ... ok
test math::ceil::tests::negative_integer ... ok
test math::elliptic_curve::tests::test_char_2_panic - should panic ... ok
test math::binomial_coefficient::tests::test_binom_5_2 ... ok
test math::elliptic_curve::tests::cardinality ... ok
test math::ceil::tests::zero ... ok
test math::ceil::tests::positive_integer ... ok
test math::elliptic_curve::tests::test_points ... ok
test math::elliptic_curve::tests::test_singular_panic - should panic ... ok
test math::elliptic_curve::tests::test_char_3_panic - should panic ... ok
test math::decimal_to_fraction::tests::test_decimal_to_fraction_6 ... ok
test math::extended_euclidean_algorithm::tests::basic ... ok
test math::factorial::tests::test_factorial_recursive ... ok
test math::combinations::tests::test_combinations_10_choose_5 ... ok
test math::collatz_sequence::tests::validity_check ... ok
test math::combinations::tests::test_combinations_20_choose_5 ... ok
test math::decimal_to_fraction::tests::test_decimal_to_fraction_1 ... ok
test math::factors::tests::prime_number ... ok
test math::factorial::tests::basic_factorial ... ok
test math::fast_fourier_transform::tests::square_big_polynomial ... ignored
test math::factors::tests::composite_number ... ok
test math::decimal_to_fraction::tests::test_decimal_to_fraction_2 ... ok
test math::exponential_linear_unit::tests::test_exponential_linear_unit ... ok
test math::cross_entropy_loss::tests::test_cross_entropy_loss ... ok
test math::fast_fourier_transform::tests::small_polynomial_returns_self ... ok
test math::fast_power::tests::test ... ok
test math::factors::tests::highly_composite_number ... ok
test math::binomial_coefficient::tests::test_binom_0_0 ... ok
test math::bell_numbers::tests::test_choose_zero ... ok
test math::chinese_remainder_theorem::tests::basic ... ok
test math::field::tests::from_integer ... ok
test math::factorial::tests::test_factorial ... ok
test math::field::tests::inverse ... ok
test math::field::tests::integer_mul ... ok
test math::field::tests::large_prime_field ... ok
test math::fast_fourier_transform::tests::square_small_polynomial ... ok
test math::field::tests::test_mod_inverse ... ok
test math::faster_perfect_numbers::tests::perfect_numbers_till_n ... ok
test math::euclidean_distance::tests::test_euclidean_distance ... ok
test math::gaussian_elimination::tests::test_gauss ... ok
test math::frizzy_number::tests::test_get_nth_frizzy ... ok
test math::gaussian_error_linear_unit::tests::test_gaussian_error_linear_unit ... ok
test math::gcd_of_n_numbers::tests::it_works ... ok
test math::geometric_series::tests::test_geometric_series ... ok
test math::greatest_common_divisor::tests::mix_recursive ... ok
test math::greatest_common_divisor::tests::negative_number_iterative ... ok
test math::greatest_common_divisor::tests::positive_number_iterative ... ok
test math::greatest_common_divisor::tests::negative_number_recursive ... ok
test math::bell_numbers::tests::test_bell_numbers ... ok
test math::greatest_common_divisor::tests::positive_number_stein ... ok
test math::huber_loss::tests::test_huber_loss ... ok
test math::infix_to_postfix::tests::multiply_sum_left ... ok
test math::infix_to_postfix::tests::multiply_sum_right ... ok
test math::infix_to_postfix::tests::multiply_two_sums ... ok
test math::infix_to_postfix::tests::power_and_product ... ok
test math::infix_to_postfix::tests::product_and_power ... ok
test math::infix_to_postfix::tests::product_in_exponent ... ok
test math::infix_to_postfix::tests::product_of_powers ... ok
test math::infix_to_postfix::tests::regular_0 ... ok
test math::infix_to_postfix::tests::regular_1 ... ok
test math::infix_to_postfix::tests::regular_2 ... ok
test math::infix_to_postfix::tests::simple_sum ... ok
test math::infix_to_postfix::tests::single_symbol ... ok
test math::infix_to_postfix::tests::unknown_character ... ok
test math::greatest_common_divisor::tests::positive_number_recursive ... ok
test math::interest::tests::test_compounding ... ok
test math::infix_to_postfix::tests::unmatched_paren ... ok
test math::interest::tests::test_simple ... ok
test math::greatest_common_divisor::tests::mix_iterative ... ok
test math::interpolation::tests::test_lagrange_polynomial_interpolation ... ok
test math::interquartile_range::tests::test_find_median ... ok
test math::interquartile_range::tests::test_interquartile_range ... ok
test graph::heavy_light_decomposition::tests::random_tree ... ok
test math::interquartile_range::tests::test_interquartile_range_empty_list - should panic ... ok
test math::interpolation::tests::test_linear_intepolation ... ok
test math::lcm_of_n_numbers::tests::it_works ... ok
test math::least_square_approx::tests::ten_points_1st_degree ... ok
test math::karatsuba_multiplication::test::test_1 ... ok
test math::least_square_approx::tests::four_points_2nd_degree ... ok
test math::logarithm::test::test_log_negative_base ... ok
test math::logarithm::test::test_log_positive_base ... ok
test math::lucas_series::tests::input_0 ... ok
test math::karatsuba_multiplication::test::test_2 ... ok
test math::lucas_series::tests::input_1 ... ok
test math::linear_sieve::tests::divisible_by_mpf ... ok
test math::lucas_series::tests::input_15 ... ok
test math::karatsuba_multiplication::test::test_3 ... ok
test math::lucas_series::tests::input_3 ... ok
test math::lucas_series::tests::input_4 ... ok
test math::lucas_series::tests::input_20 ... ok
test math::least_square_approx::tests::eight_points_5th_degree ... ok
test math::leaky_relu::tests::test_leaky_relu ... ok
test math::matrix_ops::tests::test_add_f64 ... ok
test math::lucas_series::tests::input_9 ... ok
test math::lucas_series::tests::input_8 ... ok
test math::matrix_ops::tests::test_invalid_add ... ok
test math::matrix_ops::tests::test_invalid_matrix ... ok
test math::matrix_ops::tests::test_identity_matrix ... ok
test math::lucas_series::tests::input_7 ... ok
test math::lucas_series::tests::input_5 ... ok
test math::logarithm::test::basic ... ok
test math::matrix_ops::tests::test_matrix_scalar_mul_f64 ... ok
test math::matrix_ops::tests::test_matrix_scalar_mul_i32 ... ok
test math::lucas_series::tests::input_25 ... ok
test math::matrix_ops::tests::test_matrix_scalar_zero_mul ... ok
test math::matrix_ops::tests::test_subtract_f64 ... ok
test math::matrix_ops::tests::test_add_i32 ... ok
test math::matrix_ops::tests::test_subtract_i32 ... ok
test math::matrix_ops::tests::test_mul_f64 ... ok
test math::logarithm::test::test_log_zero_base ... ok
test math::matrix_ops::tests::test_empty_matrix ... ok
test math::matrix_ops::tests::test_mul_i32 ... ok
test math::lucas_series::tests::input_2 ... ok
test math::linear_sieve::tests::small_primes_list ... ok
test math::matrix_ops::tests::test_zero_matrix ... ok
test math::matrix_ops::tests::test_transpose_i32 ... ok
test math::mersenne_primes::tests::validity_check ... ok
test math::miller_rabin::tests::big_primes ... ignored
test math::logarithm::test::test_log_tolerance ... ok
test math::modular_exponential::tests::test_modular_exponential_positive ... ok
test math::modular_exponential::tests::test_modular_exponential_negative ... ok
test math::modular_exponential::tests::test_modular_inverse ... ok
test math::newton_raphson::tests::basic ... ok
test math::miller_rabin::tests::basic ... ok
test math::pascal_triangle::tests::test ... ok
test math::perfect_cube::tests::num_1000_is_a_perfect_cube ... ok
test math::perfect_cube::tests::num_0_a_perfect_cube ... ok
test math::perfect_cube::tests::num_1_is_a_perfect_cube ... ok
test math::perfect_cube::tests::num_27_is_a_perfect_cube ... ok
test math::perfect_cube::tests::num_1001_is_not_a_perfect_cube ... ok
test math::perfect_cube::tests::num_2_is_not_a_perfect_cube ... ok
test math::perfect_cube::tests::num_3_is_not_a_perfect_cube ... ok
test math::matrix_ops::tests::test_invalid_mul ... ok
test math::nthprime::tests::my_test ... ok
test math::perfect_cube::tests::num_8_is_a_perfect_cube ... ok
test math::perfect_cube::tests::num_4_is_not_a_perfect_cube ... ok
test math::perfect_cube::tests::num_999_is_not_a_perfect_cube ... ok
test math::linear_sieve::tests::check_factorization ... ok
test math::postfix_evaluation::tests::test_expression_with_extra_whitespace ... ok
test math::perfect_cube::tests::num_5_is_not_a_perfect_cube ... ok
test math::postfix_evaluation::tests::test_invalid_operator_in_expression ... ok
test math::postfix_evaluation::tests::test_multiplication_and_addition ... ok
test math::postfix_evaluation::tests::test_missing_operator_for_expression ... ok
test math::postfix_evaluation::tests::test_expression_with_only_whitespace ... ok
test math::postfix_evaluation::tests::test_operator_without_operands ... ok
test math::perfect_square::tests::test_perfect_square_binary_search ... ok
test math::postfix_evaluation::tests::test_complex_expression_with_multiplication_and_addition ... ok
test math::postfix_evaluation::tests::test_empty_expression_error ... ok
test math::postfix_evaluation::tests::test_simple_division ... ok
test math::perfect_square::tests::test_perfect_square ... ok
test math::perfect_cube::tests::num_64_is_a_perfect_cube ... ok
test math::postfix_evaluation::tests::test_addition_of_two_numbers ... ok
test math::lucas_series::tests::input_6 ... ok
test math::postfix_evaluation::tests::test_addition_of_negative_numbers ... ok
test math::prime_check::tests::basic ... ok
test math::postfix_evaluation::tests::test_extra_operands_in_expression ... ok
test math::postfix_evaluation::tests::test_valid_then_invalid_operator ... ok
test math::postfix_evaluation::tests::test_complex_expression_with_multiple_operators ... ok
test math::postfix_evaluation::tests::test_first_division_by_zero ... ok
test math::modular_exponential::tests::test_modular_exponential_edge_cases ... ok
test math::matrix_ops::tests::test_transpose_f64 ... ok
test math::prime_numbers::tests::basic ... ok
test math::lucas_series::tests::input_10 ... ok
test math::quadratic_residue::tests::cipolla_small_numbers ... ok
test math::matrix_ops::tests::test_invalid_sub ... ok
test math::quadratic_residue::tests::cipolla_random_numbers ... ok
test math::prime_factors::tests::it_works ... ok
test math::postfix_evaluation::tests::test_single_number_expression ... ok
test math::postfix_evaluation::tests::test_division_by_zero_error ... ok
test math::relu::tests::test_relu ... ok
test math::sieve_of_eratosthenes::tests::test_100 ... ok
test math::quadratic_residue::tests::no_answer ... ok
test math::sieve_of_eratosthenes::tests::test_0 ... ok
test math::quadratic_residue::tests::tonelli_shanks_random_numbers ... ok
test math::sieve_of_eratosthenes::tests::test_1000 ... ok
test math::sieve_of_eratosthenes::tests::test_1 ... ok
test math::sieve_of_eratosthenes::tests::test_26 ... ok
test math::sieve_of_eratosthenes::tests::test_23 ... ok
test math::sieve_of_eratosthenes::tests::test_24 ... ok
test math::sieve_of_eratosthenes::tests::test_27 ... ok
test math::sieve_of_eratosthenes::tests::test_25 ... ok
test math::sieve_of_eratosthenes::tests::test_3 ... ok
test math::sieve_of_eratosthenes::tests::test_33 ... ok
test math::sieve_of_eratosthenes::tests::test_2 ... ok
test math::sieve_of_eratosthenes::tests::test_11 ... ok
test math::quadratic_residue::tests::tonelli_shanks_small_numbers ... ok
test math::sieve_of_eratosthenes::tests::test_29 ... ok
test math::sieve_of_eratosthenes::tests::test_28 ... ok
test math::sieve_of_eratosthenes::tests::test_6 ... ok
test math::sieve_of_eratosthenes::tests::test_4 ... ok
test math::sieve_of_eratosthenes::tests::test_5 ... ok
test math::sieve_of_eratosthenes::tests::test_998 ... ok
test math::simpsons_integration::tests::parabola_curve_length ... ok
test math::sigmoid::tests::test_sigmoid ... ok
test math::simpsons_integration::tests::test_error ... ok
test math::simpsons_integration::tests::test_non_zero_lower_and_upper_bound ... ok
test math::signum::tests::negative_integer ... ok
test math::simpsons_integration::tests::test_non_zero_lower_and_upper_bound_negative ... ok
test math::simpsons_integration::tests::test_non_zero_upper_bound ... ok
test math::sieve_of_eratosthenes::tests::test_997 ... ok
test math::simpsons_integration::tests::test_simpsons_integration ... ok
test math::softmax::tests::test_softmax ... ok
test math::sprague_grundy_theorem::tests::calculate_grundy_number_test ... ok
test math::square_root::tests::test_fast_inv_sqrt ... ok
test math::sum_of_digits::tests::iterative::negative_number ... ok
test math::square_root::tests::test_sqare_root ... ok
test math::sum_of_digits::tests::iterative::positive_number ... ok
test math::sum_of_digits::tests::iterative::trailing_zeros ... ok
test math::sum_of_digits::tests::iterative::zero ... ok
test math::sum_of_digits::tests::recursive::negative_number ... ok
test math::sum_of_digits::tests::recursive::positive_number ... ok
test math::sum_of_digits::tests::recursive::trailing_zeros ... ok
test math::sum_of_digits::tests::recursive::zero ... ok
test math::sylvester_sequence::tests::test_sylvester ... ok
test ciphers::sha3::tests::sha3_384_2512 ... ok
test math::trig_functions::tests::test_cosine_bad_arg ... ok
test math::simpsons_integration::tests::area_under_cosine ... ok
test math::trig_functions::tests::test_cotan ... ok
test math::trig_functions::tests::test_cotan_bad_arg ... ok
test math::simpsons_integration::tests::test_convergence ... ok
test math::trig_functions::tests::test_sine ... ok
test math::trig_functions::tests::test_sine_bad_arg ... ok
test math::simpsons_integration::tests::test_non_zero_lower_bound ... ok
test math::square_pyramidal_numbers::tests::test0 ... ok
test math::vector_cross_product::tests::test_cross_product_and_magnitude_1 ... ok
test math::signum::tests::positive_integer ... ok
test math::trig_functions::tests::test_tan ... ok
test math::vector_cross_product::tests::test_cross_product_and_magnitude_2 ... ok
test math::signum::tests::zero ... ok
test math::vector_cross_product::tests::test_cross_product_and_magnitude_4 ... ok
test math::vector_cross_product::tests::test_cross_product_and_magnitude_5 ... ok
test navigation::bearing::tests::testing ... ok
test navigation::haversine::tests::testing ... ok
test number_theory::compute_totient::tests::test_1 ... ok
test number_theory::compute_totient::tests::test_2 ... ok
test number_theory::compute_totient::tests::test_3 ... ok
test number_theory::euler_totient::tests::composite_10 ... ok
test number_theory::euler_totient::tests::composite_12 ... ok
test number_theory::euler_totient::tests::composite_15 ... ok
test number_theory::euler_totient::tests::composite_18 ... ok
test number_theory::euler_totient::tests::composite_20 ... ok
test number_theory::euler_totient::tests::composite_30 ... ok
test number_theory::euler_totient::tests::composite_6 ... ok
test number_theory::euler_totient::tests::large_100 ... ok
test number_theory::euler_totient::tests::large_1000 ... ok
test number_theory::euler_totient::tests::large_50 ... ok
test number_theory::euler_totient::tests::prime_11 ... ok
test number_theory::euler_totient::tests::prime_13 ... ok
test number_theory::euler_totient::tests::prime_17 ... ok
test number_theory::euler_totient::tests::prime_19 ... ok
test number_theory::euler_totient::tests::prime_2 ... ok
test number_theory::euler_totient::tests::prime_3 ... ok
test number_theory::euler_totient::tests::prime_5 ... ok
test number_theory::euler_totient::tests::prime_7 ... ok
test number_theory::euler_totient::tests::prime_power_2_to_2 ... ok
test number_theory::euler_totient::tests::prime_power_2_to_3 ... ok
test number_theory::euler_totient::tests::prime_power_2_to_5 ... ok
test number_theory::euler_totient::tests::prime_power_3_to_2 ... ok
test number_theory::euler_totient::tests::prime_power_3_to_3 ... ok
test number_theory::euler_totient::tests::prime_power_5_to_2 ... ok
test number_theory::kth_factor::tests::test_1 ... ok
test number_theory::kth_factor::tests::test_2 ... ok
test number_theory::kth_factor::tests::test_3 ... ok
test searching::binary_search::tests::empty ... ok
test searching::binary_search::tests::one_item_found ... ok
test searching::binary_search::tests::one_item_not_found ... ok
test searching::binary_search::tests::search_ints_asc_end ... ok
test searching::binary_search::tests::search_ints_asc_middle ... ok
test searching::binary_search::tests::search_ints_asc_not_found ... ok
test searching::binary_search::tests::search_ints_asc_start ... ok
test searching::binary_search::tests::search_ints_desc_middle ... ok
test searching::binary_search::tests::search_ints_desc_end ... ok
test searching::binary_search::tests::search_ints_desc_not_found ... ok
test searching::binary_search::tests::search_ints_desc_start ... ok
test searching::binary_search::tests::search_strings_asc_last ... ok
test searching::binary_search::tests::search_strings_asc_middle ... ok
test searching::binary_search::tests::search_strings_asc_not_found ... ok
test searching::binary_search::tests::search_strings_asc_start ... ok
test searching::binary_search::tests::search_strings_desc_last ... ok
test searching::binary_search::tests::search_strings_desc_middle ... ok
test searching::binary_search::tests::search_strings_desc_not_found ... ok
test searching::binary_search::tests::search_strings_desc_start ... ok
test searching::binary_search::tests::with_gaps_0 ... ok
test searching::binary_search::tests::with_gaps_1 ... ok
test searching::binary_search::tests::with_gaps_10 ... ok
test searching::binary_search::tests::with_gaps_11 ... ok
test searching::binary_search::tests::with_gaps_12 ... ok
test searching::binary_search::tests::with_gaps_13 ... ok
test searching::binary_search::tests::with_gaps_2 ... ok
test searching::binary_search::tests::with_gaps_3 ... ok
test searching::binary_search::tests::with_gaps_4 ... ok
test searching::binary_search::tests::with_gaps_5 ... ok
test searching::binary_search::tests::with_gaps_6 ... ok
test searching::binary_search::tests::with_gaps_7 ... ok
test searching::binary_search::tests::with_gaps_8 ... ok
test searching::binary_search::tests::with_gaps_9 ... ok
test searching::binary_search_recursive::tests::empty ... ok
test searching::binary_search_recursive::tests::one_item_found ... ok
test searching::binary_search_recursive::tests::one_item_not_found ... ok
test searching::binary_search_recursive::tests::search_ints_asc_end ... ok
test searching::binary_search_recursive::tests::search_ints_asc_middle ... ok
test searching::binary_search_recursive::tests::search_ints_asc_not_found ... ok
test searching::binary_search_recursive::tests::search_ints_asc_start ... ok
test searching::binary_search_recursive::tests::search_ints_desc_end ... ok
test searching::binary_search_recursive::tests::search_ints_desc_middle ... ok
test searching::binary_search_recursive::tests::search_ints_desc_not_found ... ok
test math::trapezoidal_integration::tests::basic_0_higher_prec ... ok
test searching::binary_search_recursive::tests::search_ints_desc_start ... ok
test math::simpsons_integration::tests::test_negative ... ok
test searching::binary_search_recursive::tests::search_strings_asc_last ... ok
test searching::binary_search_recursive::tests::search_strings_asc_middle ... ok
test math::zellers_congruence_algorithm::tests::it_works ... ok
test searching::binary_search_recursive::tests::search_strings_asc_start ... ok
test number_theory::euler_totient::tests::prime_power_2_to_4 ... ok
test searching::binary_search_recursive::tests::search_strings_desc_last ... ok
test searching::binary_search_recursive::tests::search_strings_desc_not_found ... ok
test searching::binary_search_recursive::tests::search_strings_desc_start ... ok
test math::sieve_of_eratosthenes::tests::test_999 ... ok
test searching::binary_search_recursive::tests::with_gaps_0 ... ok
test math::vector_cross_product::tests::test_cross_product_and_magnitude_3 ... ok
test searching::binary_search_recursive::tests::with_gaps_1 ... ok
test math::miller_rabin::tests::big_basic ... ok
test searching::binary_search_recursive::tests::with_gaps_10 ... ok
test searching::binary_search_recursive::tests::with_gaps_11 ... ok
test math::sum_of_geometric_progression::tests::regular_input_1 ... ok
test searching::binary_search_recursive::tests::with_gaps_12 ... ok
test math::sum_of_harmonic_series::tests::test_sum_of_harmonic_progression ... ok
test searching::binary_search_recursive::tests::with_gaps_13 ... ok
test math::trial_division::tests::basic ... ok
test searching::binary_search_recursive::tests::with_gaps_4 ... ok
test searching::binary_search_recursive::tests::with_gaps_3 ... ok
test math::trapezoidal_integration::tests::empty_range ... ok
test searching::binary_search_recursive::tests::with_gaps_5 ... ok
test searching::binary_search_recursive::tests::with_gaps_6 ... ok
test math::tanh::tests::test_tanh ... ok
test math::sum_of_geometric_progression::tests::common_ratio_one ... ok
test searching::binary_search_recursive::tests::with_gaps_7 ... ok
test math::trapezoidal_integration::tests::basic_0 ... ok
test searching::binary_search_recursive::tests::with_gaps_8 ... ok
test number_theory::kth_factor::tests::test_4 ... ok
test searching::binary_search_recursive::tests::with_gaps_9 ... ok
test math::trig_functions::tests::test_cosine ... ok
test math::trig_functions::tests::test_tan_bad_arg ... ok
test math::sieve_of_eratosthenes::tests::test_7 ... ok
test searching::exponential_search::tests::not_found ... ok
test searching::exponential_search::tests::empty ... ok
test searching::binary_search_recursive::tests::with_gaps_2 ... ok
test searching::exponential_search::tests::search_strings ... ok
test searching::fibonacci_search::tests::empty ... ok
test math::sylvester_sequence::tests::test_sylvester_negative - should panic ... ok
test searching::exponential_search::tests::one_item ... ok
test searching::binary_search_recursive::tests::search_strings_asc_not_found ... ok
test math::sum_of_geometric_progression::tests::regular_input_0 ... ok
test searching::interpolation_search::tests::returns_err_if_empty_slice ... ok
test searching::interpolation_search::tests::returns_last_index ... ok
test math::sum_of_geometric_progression::tests::regular_input_2 ... ok
test searching::interpolation_search::tests::returns_middle_index ... ok
test searching::jump_search::tests::empty ... ok
test searching::exponential_search::tests::search_ints ... ok
test searching::fibonacci_search::tests::search_ints ... ok
test searching::jump_search::tests::one_item ... ok
test searching::jump_search::tests::search_ints ... ok
test searching::jump_search::tests::not_found ... ok
test searching::jump_search::tests::search_strings ... ok
test searching::kth_smallest::tests::one_element ... ok
test searching::binary_search_recursive::tests::search_strings_desc_middle ... ok
test searching::fibonacci_search::tests::not_found ... ok
test searching::kth_smallest_heap::tests::one_element ... ok
test searching::interpolation_search::tests::returns_first_index ... ok
test math::trapezoidal_integration::tests::basic_1 ... ok
test searching::kth_smallest::tests::empty ... ok
test searching::linear_search::tests::empty ... ok
test searching::linear_search::tests::one_item_not_found ... ok
test searching::kth_smallest_heap::tests::many_elements ... ok
test searching::linear_search::tests::search_ints_asc_end ... ok
test math::trapezoidal_integration::tests::flipped_limits ... ok
test searching::kth_smallest::tests::many_elements ... ok
test searching::linear_search::tests::search_ints_asc_not_found ... ok
test searching::linear_search::tests::search_ints_asc_start ... ok
test searching::kth_smallest_heap::tests::empty ... ok
test searching::linear_search::tests::search_ints_desc_end ... ok
test searching::fibonacci_search::tests::one_item ... ok
test searching::interpolation_search::tests::returns_err_if_target_not_found ... ok
test searching::linear_search::tests::one_item_found ... ok
test searching::linear_search::tests::search_ints_asc_middle ... ok
test searching::fibonacci_search::tests::search_strings ... ok
test searching::linear_search::tests::search_ints_desc_middle ... ok
test searching::linear_search::tests::search_ints_desc_not_found ... ok
test searching::linear_search::tests::search_strings_asc_not_found ... ok
test searching::linear_search::tests::search_strings_asc_last ... ok
test searching::linear_search::tests::search_strings_desc_last ... ok
test searching::linear_search::tests::search_strings_desc_not_found ... ok
test searching::linear_search::tests::with_gaps_1 ... ok
test searching::linear_search::tests::with_gaps_0 ... ok
test searching::saddleback_search::tests::test_element_at_bottom_right ... ok
test searching::saddleback_search::tests::test_element_at_top_left ... ok
test searching::saddleback_search::tests::test_element_in_middle ... ok
test searching::saddleback_search::tests::test_element_not_found ... ok
test searching::ternary_search::tests::empty ... ok
test searching::ternary_search::tests::one_item_found ... ok
test searching::ternary_search::tests::search_ints_asc_end ... ok
test searching::ternary_search::tests::search_ints_asc_middle ... ok
test searching::ternary_search::tests::search_ints_asc_start ... ok
test searching::ternary_search::tests::search_ints_desc_end ... ok
test searching::ternary_search::tests::search_ints_desc_middle ... ok
test searching::ternary_search::tests::search_ints_desc_not_found ... ok
test searching::ternary_search::tests::search_ints_desc_start ... ok
test searching::ternary_search::tests::search_strings_asc_last ... ok
test searching::linear_search::tests::search_strings_asc_start ... ok
test searching::ternary_search::tests::search_strings_asc_not_found ... ok
test searching::linear_search::tests::search_strings_asc_middle ... ok
test searching::linear_search::tests::search_ints_desc_start ... ok
test searching::linear_search::tests::with_gaps_7 ... ok
test searching::ternary_search::tests::search_strings_asc_start ... ok
test searching::linear_search::tests::search_strings_desc_start ... ok
test searching::ternary_search::tests::search_ints_asc_not_found ... ok
test searching::ternary_search::tests::search_strings_desc_last ... ok
test searching::ternary_search::tests::search_strings_desc_middle ... ok
test searching::linear_search::tests::with_gaps_10 ... ok
test searching::linear_search::tests::with_gaps_5 ... ok
test searching::linear_search::tests::with_gaps_4 ... ok
test searching::linear_search::tests::with_gaps_2 ... ok
test searching::linear_search::tests::with_gaps_12 ... ok
test searching::linear_search::tests::with_gaps_3 ... ok
test searching::linear_search::tests::with_gaps_11 ... ok
test searching::linear_search::tests::with_gaps_13 ... ok
test searching::linear_search::tests::with_gaps_8 ... ok
test searching::saddleback_search::tests::test_element_at_bottom_left ... ok
test searching::moore_voting::tests::test_moore_voting ... ok
test searching::quick_select::tests::it_works ... ok
test searching::linear_search::tests::with_gaps_6 ... ok
test searching::linear_search::tests::with_gaps_9 ... ok
test searching::saddleback_search::tests::test_element_at_top_right ... ok
test searching::ternary_search::tests::one_item_not_found ... ok
test searching::ternary_search::tests::search_strings_asc_middle ... ok
test searching::linear_search::tests::search_strings_desc_middle ... ok
test searching::ternary_search::tests::search_strings_desc_not_found ... ok
test searching::ternary_search::tests::search_strings_desc_start ... ok
test searching::ternary_search::tests::search_three_elements_found_middle ... ok
test searching::ternary_search::tests::search_three_elements_found_start ... ok
test searching::ternary_search::tests::search_three_elements_not_found_end ... ok
test searching::ternary_search::tests::search_three_elements_not_found_start ... ok
test searching::ternary_search::tests::search_two_elements_found_at_end ... ok
test searching::ternary_search::tests::search_two_elements_found_at_start ... ok
test searching::ternary_search::tests::search_two_elements_not_found_end ... ok
test searching::ternary_search::tests::search_two_elements_not_found_start ... ok
test searching::ternary_search::tests::with_gaps_0 ... ok
test searching::ternary_search::tests::with_gaps_1 ... ok
test searching::ternary_search::tests::with_gaps_10 ... ok
test searching::ternary_search::tests::with_gaps_11 ... ok
test searching::ternary_search::tests::with_gaps_12 ... ok
test searching::ternary_search::tests::with_gaps_13 ... ok
test searching::ternary_search::tests::with_gaps_2 ... ok
test searching::ternary_search::tests::with_gaps_3 ... ok
test searching::ternary_search::tests::with_gaps_4 ... ok
test searching::ternary_search::tests::with_gaps_5 ... ok
test searching::ternary_search::tests::with_gaps_6 ... ok
test searching::ternary_search::tests::with_gaps_7 ... ok
test searching::ternary_search::tests::with_gaps_8 ... ok
test searching::ternary_search::tests::with_gaps_9 ... ok
test searching::ternary_search_min_max::tests::finds_max_value ... ok
test searching::ternary_search_min_max::tests::finds_max_value_2 ... ok
test searching::ternary_search_min_max::tests::finds_min_value ... ok
test math::trapezoidal_integration::tests::basic_1_higher_prec ... ok
test searching::ternary_search_min_max::tests::finds_min_value_2 ... ok
test searching::ternary_search::tests::search_three_elements_found_end ... ok
test searching::ternary_search_min_max_recursive::tests::finds_max_value ... ok
test searching::ternary_search_min_max_recursive::tests::finds_max_value_2 ... ok
test graph::lowest_common_ancestor::tests::small_binary_tree ... ok
test searching::ternary_search_min_max_recursive::tests::finds_min_value ... ok
test sorting::bead_sort::tests::descending ... ok
test sorting::bead_sort::tests::mix_values ... ok
test sorting::bingo_sort::tests::test_empty_array ... ok
test sorting::bingo_sort::tests::test_negative_numbers ... ok
test sorting::bitonic_sort::tests::ascending ... ok
test sorting::bitonic_sort::tests::descending ... ok
test sorting::bubble_sort::tests::descending ... ok
test sorting::bubble_sort::tests::empty ... ok
test sorting::bucket_sort::tests::basic ... ok
test sorting::bucket_sort::tests::empty ... ok
test sorting::bucket_sort::tests::odd_number_of_elements ... ok
test sorting::bucket_sort::tests::one_element ... ok
test sorting::bucket_sort::tests::repeated_elements ... ok
test sorting::cocktail_shaker_sort::tests::basic ... ok
test sorting::cocktail_shaker_sort::tests::empty ... ok
test sorting::cocktail_shaker_sort::tests::pre_sorted ... ok
test sorting::comb_sort::tests::ascending ... ok
test sorting::comb_sort::tests::descending ... ok
test sorting::comb_sort::tests::duplicates ... ok
test sorting::counting_sort::test::counting_sort_descending ... ok
test sorting::counting_sort::test::counting_sort_pre_sorted ... ok
test sorting::counting_sort::test::generic_counting_sort ... ok
test sorting::counting_sort::test::presorted_u64_counting_sort ... ok
test sorting::cycle_sort::tests::it_works ... ok
test sorting::dutch_national_flag_sort::tests::sorted_array ... ok
test sorting::dutch_national_flag_sort::tests::random_array ... ok
test sorting::exchange_sort::tests::it_works ... ok
test sorting::gnome_sort::tests::basic ... ok
test sorting::gnome_sort::tests::empty ... ok
test sorting::gnome_sort::tests::already_sorted ... ok
test sorting::gnome_sort::tests::odd_number_of_elements ... ok
test sorting::gnome_sort::tests::one_element ... ok
test sorting::heap_sort::tests::basic_0 ... ok
test sorting::heap_sort::tests::basic_1 ... ok
test sorting::heap_sort::tests::empty_array ... ok
test sorting::heap_sort::tests::basic_2 ... ok
test sorting::binary_insertion_sort::tests::test_binary_insertion_sort ... ok
test sorting::heap_sort::tests::sorted ... ok
test sorting::heap_sort::tests::single_element_array ... ok
test sorting::heap_sort::tests::duplicated_elements ... ok
test sorting::insertion_sort::tests::already_sorted ... ok
test sorting::heap_sort::tests::strings ... ok
test sorting::heap_sort::tests::sorted_desc ... ok
test sorting::insertion_sort::tests::basic ... ok
test sorting::bucket_sort::tests::already_sorted ... ok
test sorting::insertion_sort::tests::empty ... ok
test sorting::insertion_sort::tests::odd_number_of_elements ... ok
test searching::ternary_search_min_max_recursive::tests::finds_min_value_2 ... ok
test sorting::insertion_sort::tests::one_element ... ok
test sorting::insertion_sort::tests::repeated_elements ... ok
test sorting::intro_sort::tests::test_intro_sort ... ok
test searching::ternary_search_recursive::tests::returns_first_index_if_end_out_of_bounds ... ok
test sorting::merge_sort::tests::bottom_up_merge_sort::basic ... ok
test sorting::merge_sort::tests::bottom_up_merge_sort::basic_string ... ok
test sorting::merge_sort::tests::bottom_up_merge_sort::empty ... ok
test searching::ternary_search_recursive::tests::returns_middle_index ... ok
test sorting::merge_sort::tests::bottom_up_merge_sort::one_element ... ok
test searching::ternary_search_recursive::tests::returns_none_if_empty_list ... ok
test sorting::merge_sort::tests::bottom_up_merge_sort::pre_sorted ... ok
test sorting::merge_sort::tests::bottom_up_merge_sort::reverse_sorted ... ok
test sorting::merge_sort::tests::top_down_merge_sort::basic ... ok
test searching::ternary_search_recursive::tests::returns_first_index ... ok
test sorting::merge_sort::tests::top_down_merge_sort::basic_string ... ok
test sorting::merge_sort::tests::top_down_merge_sort::empty ... ok
test searching::ternary_search_recursive::tests::returns_middle_index_if_end_out_of_bounds ... ok
test searching::ternary_search_recursive::tests::returns_last_index_if_end_out_of_bounds ... ok
test sorting::merge_sort::tests::top_down_merge_sort::one_element ... ok
test searching::ternary_search_recursive::tests::returns_index_if_list_has_one_item ... ok
test sorting::merge_sort::tests::top_down_merge_sort::pre_sorted ... ok
test searching::ternary_search_recursive::tests::returns_none_if_range_is_invalid ... ok
test sorting::merge_sort::tests::top_down_merge_sort::reverse_sorted ... ok
test searching::ternary_search_recursive::tests::returns_last_index ... ok
test sorting::odd_even_sort::tests::basic ... ok
test sorting::bingo_sort::tests::test_already_sorted ... ok
test sorting::odd_even_sort::tests::empty ... ok
test sorting::bingo_sort::tests::test_bingo_sort ... ok
test sorting::pancake_sort::tests::basic ... ok
test sorting::odd_even_sort::tests::pre_sorted ... ok
test sorting::bingo_sort::tests::test_reverse_sorted ... ok
test sorting::pancake_sort::tests::already_sorted ... ok
test sorting::pancake_sort::tests::empty ... ok
test sorting::pancake_sort::tests::odd_number_of_elements ... ok
test sorting::odd_even_sort::tests::one_element ... ok
test machine_learning::logistic_regression::test::test_logistic_regression_simple ... ok
test sorting::pancake_sort::tests::one_element ... ok
test sorting::patience_sort::tests::one_element ... ok
test sorting::quick_sort::tests::basic_string ... ok
test sorting::pigeonhole_sort::tests::test1 ... ok
test sorting::quick_sort::tests::basic ... ok
test sorting::patience_sort::tests::pre_sorted ... ok
test sorting::quick_sort::tests::empty ... ok
test sorting::quick_sort_3_ways::tests::basic_string ... ok
test sorting::patience_sort::tests::basic ... ok
test sorting::quick_sort::tests::pre_sorted ... ok
test sorting::bingo_sort::tests::test_duplicates ... ok
test sorting::selection_sort::tests::basic ... ok
test sorting::radix_sort::tests::descending ... ok
test sorting::radix_sort::tests::empty ... ok
test sorting::radix_sort::tests::ascending ... ok
test sorting::selection_sort::tests::pre_sorted ... ok
test sorting::quick_sort::tests::one_element ... ok
test sorting::patience_sort::tests::empty ... ok
test sorting::shell_sort::test::basic ... ok
test sorting::shell_sort::test::empty ... ok
test sorting::bogo_sort::tests::sorted_array ... ok
test sorting::shell_sort::test::already_sorted ... ok
test sorting::selection_sort::tests::empty ... ok
test sorting::cocktail_shaker_sort::tests::one_element ... ok
test sorting::shell_sort::test::reverse ... ok
test sorting::sleep_sort::tests::empty ... ok
test sorting::selection_sort::tests::one_element ... ok
test sorting::quick_sort_3_ways::tests::one_element ... ok
test sorting::quick_sort::tests::reverse_sorted ... ok
test sorting::quick_sort_3_ways::tests::empty ... ok
test sorting::bingo_sort::tests::test_single_element_array ... ok
test sorting::bubble_sort::tests::ascending ... ok
test sorting::stooge_sort::test::already_sorted ... ok
test dynamic_programming::rod_cutting::tests::test_large_input ... ok
test sorting::stooge_sort::test::empty ... ok
test sorting::stooge_sort::test::basic ... ok
test sorting::stooge_sort::test::reverse ... ok
test sorting::tim_sort::tests::handles_empty_array ... ok
test sorting::tests::is_sorted ... ok
test sorting::quick_sort_3_ways::tests::basic ... ok
test sorting::tim_sort::tests::sorts_basic_array_correctly ... ok
test sorting::tim_sort::tests::left_and_right_subarrays_into_array ... ok
test sorting::tim_sort::tests::handles_pre_sorted_array ... ok
test sorting::tim_sort::tests::handles_single_element_array ... ok
test sorting::tim_sort::tests::sorts_long_array_correctly ... ok
test sorting::tim_sort::tests::with_empty_left_and_right_subarrays ... ok
test sorting::tim_sort::tests::min_run_length_returns_correct_value ... ok
test math::field::tests::test_field_elements ... ok
test big_integer::fast_factorial::tests::fact ... ok
test sorting::wave_sort::tests::test_case_5 ... ok
test sorting::tim_sort::tests::with_empty_left_subarray ... ok
test sorting::tree_sort::tests::test_reverse_sorted ... ok
test sorting::wiggle_sort::tests::wingle_elements ... ok
test sorting::tim_sort::tests::with_empty_right_subarray ... ok
test string::aho_corasick::tests::test_aho_corasick ... ok
test sorting::wave_sort::tests::test_case_1 ... ok
test string::anagram::tests::anagrammatized ... ok
test string::anagram::tests::church_of_scientology ... ok
test string::anagram::tests::empty_and_non_empty ... ok
test string::anagram::tests::invalid_anagram_with_numeric_chars ... ok
test sorting::tree_sort::tests::test_empty_array ... ok
test string::anagram::tests::invalid_anagram_with_special_char ... ok
test string::anagram::tests::invalid_anagram_with_symbols ... ok
test string::anagram::tests::coronavirus ... ok
test sorting::tree_sort::tests::test_random ... ok
test string::anagram::tests::new_york_times ... ok
test string::anagram::tests::mcdonalds_restaurants ... ok
test string::anagram::tests::non_anagram ... ok
test string::anagram::tests::single_char_same ... ok
test string::anagram::tests::non_anagram_length_mismatch ... ok
test string::anagram::tests::synonym_evil ... ok
test string::anagram::tests::valid_anagram_mixed_cases ... ok
test string::anagram::tests::valid_anagram_with_spaces ... ok
test string::anagram::tests::valid_anagram_with_spaces_and_mixed_cases ... ok
test string::autocomplete_using_trie::tests::test_autocomplete ... ok
test string::boyer_moore_search::tests::test_both_empty ... ok
test string::boyer_moore_search::tests::test_case_sensitivity ... ok
test string::boyer_moore_search::tests::test_empty_pattern ... ok
test string::boyer_moore_search::tests::test_empty_text ... ok
test math::perfect_numbers::tests::basic ... ok
test string::boyer_moore_search::tests::test_no_match ... ok
test string::boyer_moore_search::tests::test_numerical_pattern ... ok
test string::anagram::tests::antigram ... ok
test string::boyer_moore_search::tests::test_partial_match ... ok
test string::boyer_moore_search::tests::test_partial_overlap_no_match ... ok
test string::anagram::tests::valid_anagram_lowercase ... ok
test string::boyer_moore_search::tests::test_simple_match ... ok
test string::boyer_moore_search::tests::test_overlapping_patterns ... ok
test string::boyer_moore_search::tests::test_single_character_pattern ... ok
test string::boyer_moore_search::tests::test_pattern_longer_than_text ... ok
test sorting::wave_sort::tests::test_case_3 ... ok
test string::boyer_moore_search::tests::test_single_character_text ... ok
test sorting::wiggle_sort::tests::repeated_elements ... ok
test sorting::wiggle_sort::tests::odd_number_of_elements ... ok
test machine_learning::logistic_regression::test::test_logistic_regression_extreme_data ... ok
test string::aho_corasick::tests::test_aho_corasick_with_utf8 ... ok
test string::anagram::tests::part_of_speech_adj_to_verb ... ok
test string::anagram::tests::empty_strings ... ok
test string::anagram::tests::single_char_diff ... ok
test string::anagram::tests::sentences ... ok
test sorting::wave_sort::tests::test_case_2 ... ok
test string::boyer_moore_search::tests::test_single_occurrence_with_noise ... ok
test string::boyer_moore_search::tests::test_single_occurrence ... ok
test string::anagram::tests::synonym_gentleman ... ok
test string::boyer_moore_search::tests::test_special_characters ... ok
test sorting::wave_sort::tests::test_case_4 ... ok
test sorting::tree_sort::tests::test_already_sorted ... ok
test sorting::tree_sort::tests::test_single_element ... ok
test string::duval_algorithm::test::alphanumeric_mixed ... ok
test string::burrows_wheeler_transform::tests::empty ... ok
test string::burrows_wheeler_transform::tests::basic_characters ... ok
test string::burrows_wheeler_transform::tests::stand_alone_function ... ok
test string::duval_algorithm::test::alternating_increasing ... ok
test string::duval_algorithm::test::empty_string ... ok
test string::duval_algorithm::test::decreasing_order ... ok
test string::burrows_wheeler_transform::tests::special_characters ... ok
test string::duval_algorithm::test::long_repeating ... ok
test string::duval_algorithm::test::interrupted_lyndon ... ok
test string::duval_algorithm::test::long_repeating_lyndon ... ok
test string::duval_algorithm::test::non_repeating_sorted ... ok
test string::duval_algorithm::test::palindrome ... ok
test string::duval_algorithm::test::palindrome_repeating_prefix ... ok
test string::duval_algorithm::test::single_char ... ok
test string::duval_algorithm::test::unicode_complex ... ok
test string::duval_algorithm::test::single ... ok
test string::hamming_distance::tests::different_case ... ok
test string::hamming_distance::tests::length_1_inputs_different ... ok
test string::duval_algorithm::test::special_characters ... ok
test string::duval_algorithm::test::mixed_repeating ... ok
test string::duval_algorithm::test::unicode ... ok
test string::duval_algorithm::test::single_repeating_char ... ok
test string::duval_algorithm::test::repeating_with_suffix ... ok
test string::hamming_distance::tests::different_length ... ok
test string::hamming_distance::tests::regular_input_2 ... ok
test string::hamming_distance::tests::empty_inputs ... ok
test string::hamming_distance::tests::long_strings_many_diffs ... ok
test string::hamming_distance::tests::same_strings ... ok
test string::hamming_distance::tests::strings_with_no_common_chars ... ok
test string::hamming_distance::tests::strings_with_special_chars_identical ... ok
test string::isogram::tests::invalid_isogram_multiple_same_characters ... ok
test string::isogram::tests::invalid_isogram_with_comma ... ok
test string::isogram::tests::invalid_isogram_with_repeated_phrase ... ok
test string::isogram::tests::invalid_isogram_with_spaces ... ok
test string::isogram::tests::invalid_isogram_with_special_char ... ok
test string::isogram::tests::isogram_case_insensitive ... ok
test string::hamming_distance::tests::length_1_inputs_identical ... ok
test string::isogram::tests::isogram_empty_string ... ok
test string::isogram::tests::isogram_french ... ok
test string::isogram::tests::invalid_isogram_with_repeated_char ... ok
test string::hamming_distance::tests::regular_input_0 ... ok
test string::hamming_distance::tests::strings_with_special_chars_diff ... ok
test string::isogram::tests::invalid_isogram_with_symbols ... ok
test string::isogram::tests::isogram_german_city ... ok
test string::isogram::tests::isogram_portuguese ... ok
test string::isogram::tests::isogram_simple ... ok
test string::isogram::tests::isogram_long ... ok
test string::isogram::tests::isogram_single_character ... ok
test string::isogram::tests::isogram_spanis ... ok
test string::isogram::tests::isogram_with_spaces ... ok
test string::isogram::tests::isogram_sentences ... ok
test string::isomorphism::tests::empty ... ok
test string::isomorphism::tests::different_length ... ok
test string::isomorphism::tests::isomorphic ... ok
test string::isogram::tests::perfect_pangram ... ok
test string::isomorphism::tests::isomorphic_unicode ... ok
test string::isomorphism::tests::isomorphic_unicode_different_byte_size ... ok
test string::jaro_winkler_distance::tests::test_jaro_winkler_distance ... ok
test string::knuth_morris_pratt::tests::a_few_seperate_matches ... ok
test string::isomorphism::tests::isomorphic_long ... ok
test string::knuth_morris_pratt::tests::empty_pattern ... ok
test string::isomorphism::tests::not_isomorphic ... ok
test string::knuth_morris_pratt::tests::each_letter_matches ... ok
test string::isogram::tests::isogram_mixed ... ok
test string::knuth_morris_pratt::tests::not_found0 ... ok
test string::knuth_morris_pratt::tests::empty_string ... ok
test string::knuth_morris_pratt::tests::no_match_with_repeated_characters ... ok
test string::isomorphism::tests::non_isomorphic_long ... ok
test string::knuth_morris_pratt::tests::lots_of_intricate_matches ... ok
test string::knuth_morris_pratt::tests::not_found2 ... ok
test string::isogram::tests::invalid_isogram_with_numbers ... ok
test string::knuth_morris_pratt::tests::one_match ... ok
test string::knuth_morris_pratt::tests::pattern_at_end ... ok
test string::knuth_morris_pratt::tests::pattern_at_start ... ok
test string::knuth_morris_pratt::tests::pattern_longer_than_string ... ok
test string::knuth_morris_pratt::tests::single_character_pattern ... ok
test string::knuth_morris_pratt::tests::single_character_string ... ok
test string::knuth_morris_pratt::tests::unicode ... ok
test string::knuth_morris_pratt::tests::lots_of_matches ... ok
test string::knuth_morris_pratt::tests::unicode_no_match_but_similar_bytes ... ok
test math::linear_sieve::tests::check_number_of_primes ... ok
test string::knuth_morris_pratt::tests::not_found1 ... ok
test string::lipogram::tests::invalid_non_alphabetic_input ... ok
test string::hamming_distance::tests::regular_input_1 ... ok
test string::lipogram::tests::lipogram_single_missing ... ok
test string::knuth_morris_pratt::tests::pattern_in_middle ... ok
test string::lipogram::tests::invalid_non_lowercase_chars ... ok
test string::lipogram::tests::perfect_pangram ... ok
test string::lipogram::tests::long_lipogram_single_missing ... ok
test string::palindrome::tests::actor ... ok
test string::palindrome::tests::even_palindrome ... ok
test string::palindrome::tests::finnish_palindrome ... ok
test string::palindrome::tests::case_insensitive_palindrome ... ok
test string::palindrome::tests::french_palindrome ... ok
test string::palindrome::tests::japanese_novelist_and_manga_writer ... ok
test string::levenshtein_distance::tests::optimized_levenshtein_distance::test_levenshtein_distance ... ok
test string::palindrome::tests::john_taylor_palindrome ... ok
test string::palindrome::tests::lychrel_num_56 ... ok
test string::levenshtein_distance::tests::naive_levenshtein_distance::test_levenshtein_distance ... ok
test string::palindrome::tests::non_palindrome_mixed_case ... ok
test string::palindrome::tests::mixed_case_and_space_palindrome ... ok
test dynamic_programming::longest_increasing_subsequence::tests::test_tle ... ok
test string::palindrome::tests::names_palindrome ... ok
test string::palindrome::tests::empty_string ... ok
test string::palindrome::tests::mixed_case_and_punctuation_palindrome ... ok
test string::palindrome::tests::odd_palindrome ... ok
test string::palindrome::tests::palindromic_phrase ... ok
test string::palindrome::tests::non_palindrome_with_punctuation ... ok
test string::palindrome::tests::pompeii_palindrome ... ok
test string::palindrome::tests::prime_minister_of_cambodia ... ok
test math::pollard_rho::test::one_factor ... ok
test string::palindrome::tests::napoleon_palindrome ... ok
test string::palindrome::tests::rock_vocalist ... ok
test string::palindrome::tests::pokemon_species ... ok
test string::palindrome::tests::single_character_palindrome ... ok
test string::palindrome::tests::well_know_english_palindrome ... ok
test string::pangram::tests::test_empty_string ... ok
test string::knuth_morris_pratt::tests::very_long_string ... ok
test string::pangram::tests::test_near_pangram_missing_two_letters ... ok
test string::lipogram::tests::lipogram_multiple_missing ... ok
test string::palindrome::tests::universal_palindrome_date ... ok
test string::pangram::tests::test_not_pangram_almost ... ok
test string::pangram::tests::test_near_pangram_with_special_characters ... ok
test string::pangram::tests::test_not_pangram_simple ... ok
test string::pangram::tests::test_not_pangram_day ... ok
test string::pangram::tests::test_pangram_boxer ... ok
test string::pangram::tests::test_pangram_zebras ... ok
test string::pangram::tests::test_pangram_discotheques ... ok
test string::pangram::tests::test_repeated_letter ... ok
test string::rabin_karp::tests::case_sensitivity ... ok
test string::pangram::tests::test_perfect_pangram_with_symbols ... ok
test string::rabin_karp::tests::empty_pattern ... ok
test string::pangram::tests::test_perfect_pangram_jock ... ok
test string::rabin_karp::tests::empty_text ... ok
test string::knuth_morris_pratt::tests::very_long_pattern ... ok
test string::rabin_karp::tests::multiple_matches ... ok
test string::pangram::tests::test_long_non_pangram ... ok
test string::rabin_karp::tests::large_text_small_pattern ... ok
test string::rabin_karp::tests::pattern_is_entire_string ... ok
test string::hamming_distance::tests::long_strings_one_diff ... ok
test string::rabin_karp::tests::no_match ... ok
test string::rabin_karp::tests::pattern_larger_than_text ... ok
test string::rabin_karp::tests::single_char_match ... ok
test string::rabin_karp::tests::overlapping_matches ... ok
test string::rabin_karp::tests::single_char_no_match ... ok
test string::rabin_karp::tests::single_match_at_end ... ok
test string::rabin_karp::tests::large_pattern_no_match ... ok
test string::rabin_karp::tests::empty_text_and_pattern ... ok
test string::rabin_karp::tests::special_characters ... ok
test string::rabin_karp::tests::target_is_multiple_patterns ... ok
test string::rabin_karp::tests::numeric_and_alphabetic_mix ... ok
test string::reverse::tests::test_empty_string ... ok
test string::reverse::tests::test_leading_trailing_spaces ... ok
test string::reverse::tests::test_mixed_content ... ok
test string::reverse::tests::test_non_palindrome ... ok
test string::reverse::tests::test_sentence_with_spaces ... ok
test string::manacher::tests::get_longest_palindrome_by_manacher ... ok
test string::rabin_karp::tests::single_match_in_middle ... ok
test string::reverse::tests::test_simple_palindrome ... ok
test string::rabin_karp::tests::single_match_at_start ... ok
test string::reverse::tests::test_single_character ... ok
test string::rabin_karp::tests::repeating_chars ... ok
test string::run_length_encoding::tests::empty_input ... ok
test string::run_length_encoding::tests::no_repeated ... ok
test string::run_length_encoding::tests::repeated_char ... ok
test string::run_length_encoding::tests::long_input ... ok
test string::pangram::tests::test_pangram_standard ... ok
test string::run_length_encoding::tests::regular_input ... ok
test string::pangram::tests::test_non_alphabetic ... ok
test string::run_length_encoding::tests::two_blocks_with_same_char ... ok
test string::shortest_palindrome::tests::empty ... ok
test string::shortest_palindrome::tests::complex ... ok
test string::palindrome::tests::single_word_palindrome ... ok
test string::shortest_palindrome::tests::already_palindrome ... ok
test string::shortest_palindrome::tests::extend_left_3 ... ok
test string::shortest_palindrome::tests::extend_left_4 ... ok
test string::palindrome::tests::non_palindrome_simple ... ok
test string::pangram::tests::test_near_pangram_missing_one_letter ... ok
test string::reverse::tests::test_unicode_characters ... ok
test string::shortest_palindrome::tests::long_string ... ok
test string::shortest_palindrome::tests::extend_left_1 ... ok
test string::shortest_palindrome::tests::single_char ... ok
test string::shortest_palindrome::tests::unicode_1 ... ok
test string::shortest_palindrome::tests::unicode_2 ... ok
test string::suffix_array::tests::test_suffix_array ... ok
test string::suffix_array_manber_myers::tests::test_empty_string ... ok
test string::shortest_palindrome::tests::extend_left_2 ... ok
test string::suffix_array_manber_myers::tests::test_repeating_characters ... ok
test string::suffix_array_manber_myers::tests::test_long_string ... ok
test string::suffix_array_manber_myers::tests::test_single_character ... ok
test string::suffix_array_manber_myers::tests::test_suffix_array ... ok
test string::suffix_tree::tests::test_suffix_tree ... ok
test string::z_algorithm::tests::empty_pattern ... ok
test string::z_algorithm::tests::empty_string ... ok
test string::z_algorithm::tests::full_string_match ... ok
test string::suffix_array_manber_myers::tests::test_mix_of_characters ... ok
test string::z_algorithm::tests::overlapping_match ... ok
test string::z_algorithm::tests::pattern_in_lipsum ... ok
test string::z_algorithm::tests::no_match ... ok
test string::z_algorithm::tests::pattern_larger_than_text ... ok
test string::z_algorithm::tests::pattern_not_in_lipsum ... ok
test string::shortest_palindrome::tests::repetitive ... ok
test string::z_algorithm::tests::repeated_pattern_in_text ... ok
test string::pangram::tests::test_mixed_case_pangram ... ok
test string::z_algorithm::tests::single_char_match ... ok
test string::z_algorithm::tests::basic_z_array ... ok
test tests::quick_sort ... ok
test string::z_algorithm::tests::repeated_char_z_array ... ok
test string::z_algorithm::tests::simple_match ... ok
test string::suffix_array_manber_myers::tests::test_whitespace_characters ... ok
test string::z_algorithm::tests::single_char_z_array ... ok
test sorting::bogo_sort::tests::random_array ... ok
test sorting::sleep_sort::tests::single_element ... ok
test sorting::quick_sort::tests::nearly_ordered_elements ... ok
test sorting::sleep_sort::tests::repeated_elements ... ok
test graph::bellman_ford::tests::tree_1 ... ok
test math::baby_step_giant_step::tests::random_numbers ... ok
test dynamic_programming::egg_dropping::tests::test_few_eggs_many_floors ... ok
test machine_learning::k_means::test::test_k_means ... ok
test math::amicable_numbers::tests::test_amicable_numbers_below_n ... ok
test math::catalan_numbers::tests::test_catalan ... ok
test math::pollard_rho::test::big_numbers ... ok
test dynamic_programming::fibonacci::tests::test_nth_fibonacci_number_modulo_m ... ok
test ciphers::sha3::tests::sha3_512_4080 ... ok
test math::baby_step_giant_step::tests::primitive_root_tests ... ok
test sorting::sleep_sort::tests::unsorted_array ... ok
test sorting::sleep_sort::tests::sorted_array ... ok
test math::random::tests::no_birthday ... ok
test data_structures::probabilistic::count_min_sketch::tests::must_not_understimate_count ... ok
test backtracking::knight_tour::tests::test_knight_tour_6x6 ... ok
test math::elliptic_curve::tests::group_law ... ok
test graph::astar::tests::test_heuristic ... ok
test sorting::sleep_sort::tests::odd_number_of_elements ... ok
test data_structures::veb_tree::test::test_100_300 ... ok
test ciphers::diffie_hellman::tests::verify_valid_pub_key ... ok
test sorting::sleep_sort::tests::random_elements ... ok
test data_structures::probabilistic::bloom_filter::tests::a_basic_filter_of_capacity_128_is_the_same_as_a_binary_filter ... ok
test data_structures::probabilistic::bloom_filter::tests::basic_filter_must_not_return_false_negative ... ok
test data_structures::probabilistic::bloom_filter::tests::binary_filter_must_not_return_false_negative ... ok
test string::duval_algorithm::test::long_string_performance ... ok
test data_structures::probabilistic::bloom_filter::tests::a_multi_binary_bloom_filter_must_not_return_false_negatives ... ok
test backtracking::knight_tour::tests::test_no_solution ... ok
test sorting::quick_sort::tests::large_elements ... ok
test general::permutations::naive::tests::test_some_elements ... ok
test general::permutations::steinhaus_johnson_trotter::tests::test_some_elements ... ok
test sorting::quick_sort_3_ways::tests::pre_sorted ... ok
test general::permutations::heap::tests::test_some_elements ... ok
test sorting::quick_sort_3_ways::tests::nearly_ordered_elements ... ok
test sorting::quick_sort_3_ways::tests::repeated_elements ... ok
test sorting::quick_sort_3_ways::tests::reverse_sorted ... ok
test dynamic_programming::word_break::tests::performance_stress_test_large_valid ... ok
test sorting::quick_sort::tests::repeated_elements ... ok
test sorting::quick_sort_3_ways::tests::large_elements ... ok
test ciphers::diffie_hellman::tests::verify_key_exchange ... ok
test backtracking::knight_tour::tests::test_knight_tour_8x8 ... ok

test result: ok. 1858 passed; 0 failed; 10 ignored; 0 measured; 0 filtered out; finished in 4.78s

   Doc-tests the_algorithms_rust
warning: unnecessary parentheses around closure body
  --> src/machine_learning/loss_function/kl_divergence_loss.rs:19:25
   |
19 |         .map(|(&a, &p)| ((a + eps) * ((a + eps) / (p + eps)).ln()))
   |                         ^                                        ^
   |
   = note: `#[warn(unused_parens)]` (part of `#[warn(unused)]`) on by default
help: remove these parentheses
   |
19 -         .map(|(&a, &p)| ((a + eps) * ((a + eps) / (p + eps)).ln()))
19 +         .map(|(&a, &p)| (a + eps) * ((a + eps) / (p + eps)).ln())
   |

warning: 1 warning emitted


running 4 tests
test src/big_integer/multiply.rs - big_integer::multiply::multiply (line 8) ... FAILED
test src/math/sum_of_digits.rs - math::sum_of_digits::sum_digits_recursive (line 38) ... ok
test src/math/sum_of_digits.rs - math::sum_of_digits::sum_digits_iterative (line 9) ... ok
test src/math/elliptic_curve.rs - math::elliptic_curve::EllipticCurve (line 20) ... ok

failures:

---- src/big_integer/multiply.rs - big_integer::multiply::multiply (line 8) stdout ----
error[E0432]: unresolved import `crate::big_integer`
 --> src/big_integer/multiply.rs:9:12
  |
3 | use crate::big_integer::multiply;
  |            ^^^^^^^^^^^
  |            |
  |            unresolved import
  |            help: a similar path exists: `the_algorithms_rust::big_integer`

error: aborting due to 1 previous error

For more information about this error, try `rustc --explain E0432`.
Couldn't compile the test.

failures:
    src/big_integer/multiply.rs - big_integer::multiply::multiply (line 8)

test result: FAILED. 3 passed; 1 failed; 0 ignored; 0 measured; 0 filtered out; finished in 0.22s

error: doctest failed, to rerun pass `--doc`
