Scope: all 46 workspace projects
â€‰WARNâ€‰ There are cyclic workspace dependencies: /app/packages/browser, /app/packages/vitest
Lockfile is up to date, resolution step is skipped
Progress: resolved 1, reused 0, downloaded 0, added 0
Packages: +9
+++++++++
Progress: resolved 9, reused 9, downloaded 0, added 9, done

â•­ Warning â”€â”€â”€â”€â”€â”€â”€â”€â”€â”€â”€â”€â”€â”€â”€â”€â”€â”€â”€â”€â”€â”€â”€â”€â”€â”€â”€â”€â”€â”€â”€â”€â”€â”€â”€â”€â”€â”€â”€â”€â”€â”€â”€â”€â”€â”€â”€â”€â”€â”€â”€â”€â”€â”€â”€â”€â”€â”€â”€â”€â”€â”€â”€â”€â”€â”€â”€â”€â”€â•®
â”‚                                                                              â”‚
â”‚   Ignored build scripts: oxc-resolver.                                       â”‚
â”‚   Run "pnpm approve-builds" to pick which dependencies should be allowed     â”‚
â”‚   to run scripts.                                                            â”‚
â”‚                                                                              â”‚
â•°â”€â”€â”€â”€â”€â”€â”€â”€â”€â”€â”€â”€â”€â”€â”€â”€â”€â”€â”€â”€â”€â”€â”€â”€â”€â”€â”€â”€â”€â”€â”€â”€â”€â”€â”€â”€â”€â”€â”€â”€â”€â”€â”€â”€â”€â”€â”€â”€â”€â”€â”€â”€â”€â”€â”€â”€â”€â”€â”€â”€â”€â”€â”€â”€â”€â”€â”€â”€â”€â”€â”€â”€â”€â”€â”€â”€â”€â”€â•¯

Done in 2.3s using pnpm v10.13.1

> @vitest/monorepo@4.0.0-beta.7 build /app
> pnpm -r --filter @vitest/ui --filter='./packages/**' run build

Scope: 15 of 46 workspace projects
packages/pretty-format build$ rimraf dist && rollup -c
packages/spy build$ rimraf dist && rollup -c
packages/vite-node build$ rimraf dist && rollup -c
packages/vite-node build: [36m
packages/vite-node build: [1msrc/index.ts, src/server.ts, src/types.ts, src/client.ts, src/utils.ts, src/cli.ts, src/constants.ts, src/hmr/index.ts, src/source-map.ts[22m â†’ [1mdist[22m...[39m
packages/pretty-format build: [36m
packages/pretty-format build: [1msrc/index.ts[22m â†’ [1mdist[22m...[39m
packages/spy build: [36m
packages/spy build: [1msrc/index.ts[22m â†’ [1mdist[22m...[39m
packages/spy build: [32mcreated [1mdist[22m in [1m176ms[22m[39m
packages/spy build: [36m
packages/spy build: [1mdist/.types/index.d.ts[22m â†’ [1mdist[22m...[39m
packages/spy build: [32mcreated [1mdist[22m in [1m117ms[22m[39m
packages/pretty-format build: [32mcreated [1mdist[22m in [1m362ms[22m[39m
packages/pretty-format build: [36m
packages/pretty-format build: [1mdist/.types/index.d.ts[22m â†’ [1mdist[22m...[39m
packages/spy build: Done
packages/vite-node build: [32mcreated [1mdist[22m in [1m421ms[22m[39m
packages/vite-node build: [36m
packages/vite-node build: [1msrc/index.ts, src/server.ts, src/types.ts, src/client.ts, src/utils.ts, src/cli.ts, src/constants.ts, src/hmr/index.ts, src/source-map.ts[22m â†’ [1mdist[22m...[39m
packages/pretty-format build: [32mcreated [1mdist[22m in [1m50ms[22m[39m
packages/pretty-format build: Done
packages/vite-node build: [32mcreated [1mdist[22m in [1m193ms[22m[39m
packages/vite-node build: [36m
packages/vite-node build: [1mdist/.types/index.d.mts, dist/.types/server.d.mts, dist/.types/types.d.mts, dist/.types/client.d.mts, dist/.types/utils.d.mts, dist/.types/cli.d.mts, dist/.types/constants.d.mts, dist/.types/hmr.d.mts, dist/.types/source-map.d.mts[22m â†’ [1mdist[22m...[39m
packages/vite-node build: [32mcreated [1mdist[22m in [1m192ms[22m[39m
packages/vite-node build: Done
packages/utils build$ rimraf dist && rollup -c
packages/utils build: [36m
packages/utils build: [1msrc/index.ts, src/helpers.ts, src/diff/index.ts, src/error.ts, src/source-map.ts, src/types.ts, src/resolver.ts[22m â†’ [1mdist[22m...[39m
packages/utils build: [32mcreated [1mdist[22m in [1m498ms[22m[39m
packages/utils build: [36m
packages/utils build: [1mdist/.types/index.d.ts, dist/.types/helpers.d.ts, dist/.types/diff.d.ts, dist/.types/error.d.ts, dist/.types/source-map.d.ts, dist/.types/types.d.ts, dist/.types/resolver.d.ts[22m â†’ [1mdist[22m...[39m
packages/utils build: [32mcreated [1mdist[22m in [1m141ms[22m[39m
packages/utils build: Done
packages/mocker build$ rimraf dist && rollup -c
packages/runner build$ rimraf dist && rollup -c
packages/snapshot build$ rimraf dist && rollup -c
packages/runner build: [36m
packages/runner build: [1msrc/index.ts, src/utils/index.ts, src/types.ts[22m â†’ [1mdist[22m...[39m
packages/snapshot build: [36m
packages/snapshot build: [1msrc/index.ts, src/environment.ts, src/manager.ts[22m â†’ [1mdist[22m...[39m
packages/mocker build: [36m
packages/mocker build: [1msrc/index.ts, src/node/index.ts, src/node/redirect.ts, src/node/automock.ts, src/browser/index.ts, src/browser/register.ts, src/browser/auto-register.ts[22m â†’ [1mdist[22m...[39m
packages/runner build: [32mcreated [1mdist[22m in [1m426ms[22m[39m
packages/runner build: [36m
packages/runner build: [1mdist/.types/index.d.ts, dist/.types/utils.d.ts, dist/.types/types.d.ts[22m â†’ [1mdist[22m...[39m
packages/snapshot build: [32mcreated [1mdist[22m in [1m453ms[22m[39m
packages/snapshot build: [36m
packages/snapshot build: [1mdist/.types/index.d.ts, dist/.types/environment.d.ts, dist/.types/manager.d.ts[22m â†’ [1mdist[22m...[39m
packages/runner build: [32mcreated [1mdist[22m in [1m165ms[22m[39m
packages/snapshot build: [32mcreated [1mdist[22m in [1m125ms[22m[39m
packages/snapshot build: Done
packages/runner build: Done
packages/mocker build: [32mcreated [1mdist[22m in [1m625ms[22m[39m
packages/mocker build: [36m
packages/mocker build: [1mdist/.types/index.d.ts, dist/.types/node.d.ts, dist/.types/redirect.d.ts, dist/.types/automock.d.ts, dist/.types/browser.d.ts, dist/.types/register.d.ts, dist/.types/auto-register.d.ts[22m â†’ [1mdist[22m...[39m
packages/mocker build: [32mcreated [1mdist[22m in [1m168ms[22m[39m
packages/mocker build: Done
packages/expect build$ rimraf dist && rollup -c
packages/ws-client build$ rimraf dist && rollup -c
packages/ws-client build: [36m
packages/ws-client build: [1msrc/index.ts[22m â†’ [1mdist[22m...[39m
packages/expect build: [36m
packages/expect build: [1msrc/index.ts[22m â†’ [1mdist[22m...[39m
packages/expect build: [32mcreated [1mdist[22m in [1m342ms[22m[39m
packages/expect build: [36m
packages/expect build: [1mdist/.types/index.d.ts[22m â†’ [1mdist[22m...[39m
packages/expect build: [32mcreated [1mdist[22m in [1m132ms[22m[39m
packages/expect build: Done
packages/ws-client build: [32mcreated [1mdist[22m in [1m671ms[22m[39m
packages/ws-client build: [36m
packages/ws-client build: [1mdist/.types/index.d.ts[22m â†’ [1mdist[22m...[39m
packages/ws-client build: [32mcreated [1mdist[22m in [1m191ms[22m[39m
packages/ws-client build: Done
packages/ui build$ rimraf dist && pnpm build:node && pnpm build:client
packages/vitest build$ rimraf dist && rollup -c
packages/browser build$ rimraf dist && pnpm build:node && pnpm build:client
packages/ui build: > @vitest/ui@4.0.0-beta.7 build:node /app/packages/ui
packages/ui build: > rollup -c
packages/browser build: > @vitest/browser@4.0.0-beta.7 build:node /app/packages/browser
packages/browser build: > rollup -c
packages/vitest build: [36m
packages/vitest build: [1msrc/paths.ts, src/public/index.ts, src/node/cli.ts, src/public/config.ts, src/public/node.ts, src/public/suite.ts, src/public/browser.ts, src/public/runners.ts, src/public/environments.ts, src/public/mocker.ts, src/integrations/spy.ts, src/public/coverage.ts, src/public/reporters.ts, src/public/workers.ts, src/public/module-runner.ts, src/runtime/moduleRunner/moduleEvaluator.ts, src/runtime/worker.ts, src/runtime/workers/forks.ts, src/runtime/workers/threads.ts, src/runtime/workers/vmThreads.ts, src/runtime/workers/vmForks.ts, src/runtime/runVmTests.ts, src/public/snapshot.ts[22m â†’ [1mdist[22m...[39m
packages/ui build: [36m
packages/ui build: [1m./node/index.ts, ./node/reporter.ts[22m â†’ [1mdist[22m...[39m
packages/browser build: [36m
packages/browser build: [1m./src/node/index.ts, ./src/node/providers/index.ts[22m â†’ [1mdist[22m...[39m
packages/ui build: [32mcreated [1mdist[22m in [1m232ms[22m[39m
packages/ui build: [36m
packages/ui build: [1mdist/.types/index.d.ts[22m â†’ [1mdist[22m...[39m
packages/ui build: [32mcreated [1mdist[22m in [1m22ms[22m[39m
packages/ui build: > @vitest/ui@4.0.0-beta.7 build:client /app/packages/ui
packages/ui build: > vite build
packages/browser build: [32mcreated [1mdist[22m in [1m702ms[22m[39m
packages/browser build: [36m
packages/browser build: [1m./src/client/tester/locators/playwright.ts, ./src/client/tester/locators/webdriverio.ts, ./src/client/tester/locators/preview.ts, ./src/client/tester/locators/index.ts, ./src/client/tester/expect-element.ts, ./src/client/tester/public-utils.ts[22m â†’ [1mdist[22m...[39m
packages/browser build: [1m[33m(!) The emitted file ".types-client/tester/utils.d.ts" overwrites a previously emitted file of the same name.[39m[22m
packages/browser build: [32mcreated [1mdist[22m in [1m492ms[22m[39m
packages/browser build: [36m
packages/browser build: [1m./src/client/tester/context.ts[22m â†’ [1mdist/context.js[22m...[39m
packages/browser build: [32mcreated [1mdist/context.js[22m in [1m23ms[22m[39m
packages/browser build: [36m
packages/browser build: [1m./src/client/client.ts[22m â†’ [1mdist/client.js[22m...[39m
packages/browser build: [32mcreated [1mdist/client.js[22m in [1m27ms[22m[39m
packages/browser build: [36m
packages/browser build: [1m./src/client/tester/state.ts[22m â†’ [1mdist/state.js[22m...[39m
packages/browser build: [32mcreated [1mdist/state.js[22m in [1m11ms[22m[39m
packages/browser build: [36m
packages/browser build: [1mdist/.types/index.d.ts[22m â†’ [1mdist[22m...[39m
packages/browser build: [32mcreated [1mdist[22m in [1m102ms[22m[39m
packages/browser build: [36m
packages/browser build: [1mdist/.types-client/tester/locators/index.d.ts[22m â†’ [1mdist[22m...[39m
packages/browser build: [32mcreated [1mdist[22m in [1m32ms[22m[39m
packages/browser build: > @vitest/browser@4.0.0-beta.7 build:client /app/packages/browser
packages/browser build: > vite build src/client
packages/browser build: vite v6.3.5 building for production...
packages/browser build: transforming...
packages/ui build: vite v6.3.5 building for production...
packages/ui build: transforming...
packages/browser build: âœ“ 72 modules transformed.
packages/browser build: rendering chunks...
packages/browser build: computing gzip size...
packages/browser build: ../../dist/client/tester/tester.html                             0.48 kB â”‚ gzip:  0.32 kB
packages/browser build: ../../dist/client/.vite/manifest.json                            0.54 kB â”‚ gzip:  0.21 kB
packages/browser build: ../../dist/client/orchestrator.html                              0.90 kB â”‚ gzip:  0.48 kB
packages/browser build: ../../dist/client/__vitest_browser__/utils-FY_Qin7d.js           5.98 kB â”‚ gzip:  1.97 kB
packages/browser build: ../../dist/client/__vitest_browser__/orchestrator-C2rrmv36.js  109.57 kB â”‚ gzip: 23.27 kB
packages/browser build: ../../dist/client/__vitest_browser__/tester-CyLhwNFj.js        114.28 kB â”‚ gzip: 27.45 kB
packages/browser build: âœ“ built in 783ms
packages/vitest build: [32mcreated [1mdist[22m in [1m3.6s[22m[39m
packages/vitest build: [36m
packages/vitest build: [1msrc/public/config.ts[22m â†’ [1mdist/config.cjs[22m...[39m
packages/vitest build: [32mcreated [1mdist/config.cjs[22m in [1m17ms[22m[39m
packages/vitest build: [36m
packages/vitest build: [1mdist/.types/index.d.ts, dist/.types/node.d.ts, dist/.types/environments.d.ts, dist/.types/browser.d.ts, dist/.types/runners.d.ts, dist/.types/suite.d.ts, dist/.types/config.d.ts, dist/.types/coverage.d.ts, dist/.types/reporters.d.ts, dist/.types/mocker.d.ts, dist/.types/workers.d.ts, dist/.types/snapshot.d.ts, dist/.types/module-evaluator.d.ts[22m â†’ [1mdist[22m...[39m
packages/browser build: [copy-ui-plugin] Waiting for UI to be built...
packages/vitest build: [32mcreated [1mdist[22m in [1m589ms[22m[39m
packages/vitest build: Done
packages/ui build: âœ“ 404 modules transformed.
packages/ui build: rendering chunks...
packages/ui build: computing gzip size...
packages/ui build: dist/client/index.html                   1.21 kB â”‚ gzip:   0.62 kB
packages/ui build: dist/client/assets/index-KbpJLW--.css   76.83 kB â”‚ gzip:  16.04 kB
packages/ui build: dist/client/assets/index-DalB9Rpk.js   697.23 kB â”‚ gzip: 247.42 kB
packages/ui build: (!) Some chunks are larger than 500 kB after minification. Consider:
packages/ui build: - Using dynamic import() to code-split the application
packages/ui build: - Use build.rollupOptions.output.manualChunks to improve chunking: https://rollupjs.org/configuration-options/#output-manualchunks
packages/ui build: - Adjust chunk size limit for this warning via build.chunkSizeWarningLimit.
packages/ui build: âœ“ built in 6.59s
packages/browser build: [copy-ui-plugin] UI copied
packages/ui build: Done
packages/browser build: Done
packages/coverage-istanbul build$ rimraf dist && rollup -c
packages/coverage-v8 build$ rimraf dist && rollup -c
packages/web-worker build$ rimraf dist && rollup -c
packages/coverage-istanbul build: [36m
packages/coverage-istanbul build: [1msrc/index.ts, src/provider.ts[22m â†’ [1mdist[22m...[39m
packages/web-worker build: [36m
packages/web-worker build: [1msrc/index.ts, src/pure.ts[22m â†’ [1mdist[22m...[39m
packages/coverage-v8 build: [36m
packages/coverage-v8 build: [1msrc/index.ts, src/browser.ts, src/provider.ts[22m â†’ [1mdist[22m...[39m
packages/coverage-istanbul build: [32mcreated [1mdist[22m in [1m188ms[22m[39m
packages/coverage-istanbul build: [36m
packages/coverage-istanbul build: [1mdist/.types/index.d.ts, dist/.types/provider.d.ts[22m â†’ [1mdist[22m...[39m
packages/web-worker build: [32mcreated [1mdist[22m in [1m212ms[22m[39m
packages/web-worker build: [36m
packages/web-worker build: [1mdist/.types/pure.d.ts[22m â†’ [1mdist[22m...[39m
packages/coverage-istanbul build: [32mcreated [1mdist[22m in [1m49ms[22m[39m
packages/coverage-v8 build: [32mcreated [1mdist[22m in [1m222ms[22m[39m
packages/coverage-v8 build: [36m
packages/coverage-v8 build: [1mdist/.types/index.d.ts, dist/.types/browser.d.ts, dist/.types/provider.d.ts[22m â†’ [1mdist[22m...[39m
packages/web-worker build: [32mcreated [1mdist[22m in [1m30ms[22m[39m
packages/coverage-istanbul build: Done
packages/web-worker build: Done
packages/coverage-v8 build: [32mcreated [1mdist[22m in [1m42ms[22m[39m
packages/coverage-v8 build: Done

> @vitest/monorepo@4.0.0-beta.7 test:ci /app
> CI=true pnpm -r --reporter-hide-prefix --stream --sequential --filter '@vitest/test-*' --filter !test-browser run test

Scope: 19 of 46 workspace projects
test/benchmark test$ vitest
[1m[46m RUN [49m[22m [36mv4.0.0-beta.7 [39m[90m/app/test/benchmark[39m
 [32mâœ“[39m test/sequential.test.ts [2m([22m[2m1 test[22m[2m)[22m[33m 1059[2mms[22m[39m
   [33m[2mâœ“[22m[39m sequential [33m 1057[2mms[22m[39m
 [32mâœ“[39m test/compare.test.ts [2m([22m[2m1 test[22m[2m)[22m[33m 2779[2mms[22m[39m
   [33m[2mâœ“[22m[39m compare [33m 2778[2mms[22m[39m
 [32mâœ“[39m test/basic.test.ts [2m([22m[2m1 test[22m[2m)[22m[33m 4360[2mms[22m[39m
   [33m[2mâœ“[22m[39m basic [33m 4358[2mms[22m[39m
 [32mâœ“[39m test/reporter.test.ts [2m([22m[2m4 tests[22m[2m)[22m[33m 5414[2mms[22m[39m
   [33m[2mâœ“[22m[39m summary [33m 1335[2mms[22m[39m
   [33m[2mâœ“[22m[39m non-tty [33m 1596[2mms[22m[39m
   [33m[2mâœ“[22m[39m includeSamples true [33m 1259[2mms[22m[39m
   [33m[2mâœ“[22m[39m includeSamples false [33m 1222[2mms[22m[39m
[2m Test Files [22m [1m[32m4 passed[39m[22m[90m (4)[39m
[2m      Tests [22m [1m[32m7 passed[39m[22m[90m (7)[39m
[2m   Start at [22m 01:50:43
[2m   Duration [22m 6.26s[2m (transform 463ms, setup 0ms, collect 1.42s, tests 13.61s, environment 1ms, prepare 567ms)[22m
test/benchmark test: Done
test/cli test$ vitest
[1m[46m RUN [49m[22m [36mv4.0.0-beta.7 [39m[90m/app/test/cli[39m
 [32mâœ“[39m test/scoped-fixtures.test.ts[2m > [22mtest fixture cannot import from file fixture[33m 614[2mms[22m[39m
 [32mâœ“[39m test/scoped-fixtures.test.ts[2m > [22mcan import file fixture inside the local fixture[33m 553[2mms[22m[39m
 [32mâœ“[39m test/scoped-fixtures.test.ts[2m > [22mcan import worker fixture inside the local fixture[33m 540[2mms[22m[39m
 [32mâœ“[39m test/scoped-fixtures.test.ts[2m > [22mtest fixture cannot import from worker fixture[33m 530[2mms[22m[39m
 [32mâœ“[39m test/scoped-fixtures.test.ts[2m > [22mauto worker fixture is initialised always before the first test[33m 542[2mms[22m[39m
 [32mâœ“[39m test/scoped-fixtures.test.ts[2m > [22mworker fixture can import a static value from test fixture[33m 520[2mms[22m[39m
 [32mâœ“[39m test/scoped-fixtures.test.ts[2m > [22mfile fixture can import a static value from test fixture[33m 515[2mms[22m[39m
 [32mâœ“[39m test/scoped-fixtures.test.ts[2m > [22mworker fixture works in vmThreads and runs for every file[33m 871[2mms[22m[39m
 [32mâœ“[39m test/scoped-fixtures.test.ts[2m > [22mworker fixtures in isolated tests init and teardown twice[33m 484[2mms[22m[39m
 [32mâœ“[39m test/scoped-fixtures.test.ts[2m > [22mworker fixture initiates and torn down in different workers[33m 569[2mms[22m[39m
 [32mâœ“[39m test/scoped-fixtures.test.ts[2m > [22mworker fixture initiates and torn down in one non-isolated worker[33m 567[2mms[22m[39m
 [32mâœ“[39m test/scoped-fixtures.test.ts[2m > [22mworker fixtures are available in beforeEach and afterEach[33m 528[2mms[22m[39m
 [32mâœ“[39m test/scoped-fixtures.test.ts[2m > [22mfile fixtures are available in beforeEach and afterEach[33m 515[2mms[22m[39m
 [32mâœ“[39m test/scoped-fixtures.test.ts[2m > [22mauto file fixture is initialised always before the first test[33m 456[2mms[22m[39m
 [32mâœ“[39m test/scoped-fixtures.test.ts[2m > [22mfile fixture is provided as a factory and is initialised once in all suites, teardown is called once per file (isolate true)[33m 1036[2mms[22m[39m
 [32mâœ“[39m test/scoped-fixtures.test.ts[2m > [22mfile fixture is provided as a factory and is initialised once in all suites, teardown is called once per file (isolate false)[33m 529[2mms[22m[39m
 [32mâœ“[39m test/scoped-fixtures.test.ts[2m > [22mworks properly in 'forks'[2m > [22mfile and worker fixtures are initiated[33m 506[2mms[22m[39m
 [32mâœ“[39m test/scoped-fixtures.test.ts[2m > [22mworks properly in 'forks'[2m > [22mfile and worker fixtures are initiated with auto[33m 522[2mms[22m[39m
 [32mâœ“[39m test/scoped-fixtures.test.ts[2m > [22mworks properly in 'threads'[2m > [22mfile and worker fixtures are initiated[33m 545[2mms[22m[39m
 [32mâœ“[39m test/scoped-fixtures.test.ts[2m > [22mworks properly in 'threads'[2m > [22mfile and worker fixtures are initiated with auto[33m 560[2mms[22m[39m
 [31mÃ—[39m test/scoped-fixtures.test.ts[2m > [22mworks properly in 'browser'[2m > [22mfile and worker fixtures are initiated[33m 566[2mms[22m[39m
[31m   â†’ expected 'â¯â¯â¯â¯â¯â¯ Unhandled Errors â¯â¯â¯â¯â¯â¯\n\nVitest caught 1 unhandled error during the test run.\nThis might cause false positive tests. Resolve unhandled errors to make sure your tests are not affected.\n\nâ¯â¯â¯â¯â¯â¯ Unhandled Error â¯â¯â¯â¯â¯â¯â¯\nError: browserType.launch: Executable doesn\'t exist at /app/.cache/ms-playwright/chromium_headless_shell-1181/chrome-linux/headless_shell\nâ•”â•â•â•â•â•â•â•â•â•â•â•â•â•â•â•â•â•â•â•â•â•â•â•â•â•â•â•â•â•â•â•â•â•â•â•â•â•â•â•â•â•â•â•â•â•â•â•â•â•â•â•â•â•â•â•â•â•â•â•â•â•â•â•â•â•â•â•â•â•â•â•â•â•â•—\nâ•‘ Looks like Playwright Test or Playwright was just installed or updated. â•‘\nâ•‘ Please run the following command to download new browsers:              â•‘\nâ•‘                                                                         â•‘\nâ•‘     pnpm exec playwright install                                        â•‘\nâ•‘                                                                         â•‘\nâ•‘ <3 Playwright Team                                                      â•‘\nâ•šâ•â•â•â•â•â•â•â•â•â•â•â•â•â•â•â•â•â•â•â•â•â•â•â•â•â•â•â•â•â•â•â•â•â•â•â•â•â•â•â•â•â•â•â•â•â•â•â•â•â•â•â•â•â•â•â•â•â•â•â•â•â•â•â•â•â•â•â•â•â•â•â•â•â•\n â¯ ../../..â€¦' to be '' // Object.is equality[39m
 [31mÃ—[39m test/scoped-fixtures.test.ts[2m > [22mworks properly in 'browser'[2m > [22mfile and worker fixtures are initiated with auto[32m 137[2mms[22m[39m
[31m   â†’ expected 'â¯â¯â¯â¯â¯â¯ Unhandled Errors â¯â¯â¯â¯â¯â¯\n\nVitest caught 1 unhandled error during the test run.\nThis might cause false positive tests. Resolve unhandled errors to make sure your tests are not affected.\n\nâ¯â¯â¯â¯â¯â¯ Unhandled Error â¯â¯â¯â¯â¯â¯â¯\nError: browserType.launch: Executable doesn\'t exist at /app/.cache/ms-playwright/chromium_headless_shell-1181/chrome-linux/headless_shell\nâ•”â•â•â•â•â•â•â•â•â•â•â•â•â•â•â•â•â•â•â•â•â•â•â•â•â•â•â•â•â•â•â•â•â•â•â•â•â•â•â•â•â•â•â•â•â•â•â•â•â•â•â•â•â•â•â•â•â•â•â•â•â•â•â•â•â•â•â•â•â•â•â•â•â•â•—\nâ•‘ Looks like Playwright Test or Playwright was just installed or updated. â•‘\nâ•‘ Please run the following command to download new browsers:              â•‘\nâ•‘                                                                         â•‘\nâ•‘     pnpm exec playwright install                                        â•‘\nâ•‘                                                                         â•‘\nâ•‘ <3 Playwright Team                                                      â•‘\nâ•šâ•â•â•â•â•â•â•â•â•â•â•â•â•â•â•â•â•â•â•â•â•â•â•â•â•â•â•â•â•â•â•â•â•â•â•â•â•â•â•â•â•â•â•â•â•â•â•â•â•â•â•â•â•â•â•â•â•â•â•â•â•â•â•â•â•â•â•â•â•â•â•â•â•â•\n â¯ ../../..â€¦' to be '' // Object.is equality[39m
 [31mÃ—[39m test/scoped-fixtures.test.ts[2m > [22mbrowser tests[2m > [22minitiates worker scope once for non-isolated tests[32m 101[2mms[22m[39m
[31m   â†’ expected 'â¯â¯â¯â¯â¯â¯ Unhandled Errors â¯â¯â¯â¯â¯â¯\n\nVitest caught 1 unhandled error during the test run.\nThis might cause false positive tests. Resolve unhandled errors to make sure your tests are not affected.\n\nâ¯â¯â¯â¯â¯â¯ Unhandled Error â¯â¯â¯â¯â¯â¯â¯\nError: browserType.launch: Executable doesn\'t exist at /app/.cache/ms-playwright/chromium_headless_shell-1181/chrome-linux/headless_shell\nâ•”â•â•â•â•â•â•â•â•â•â•â•â•â•â•â•â•â•â•â•â•â•â•â•â•â•â•â•â•â•â•â•â•â•â•â•â•â•â•â•â•â•â•â•â•â•â•â•â•â•â•â•â•â•â•â•â•â•â•â•â•â•â•â•â•â•â•â•â•â•â•â•â•â•â•—\nâ•‘ Looks like Playwright Test or Playwright was just installed or updated. â•‘\nâ•‘ Please run the following command to download new browsers:              â•‘\nâ•‘                                                                         â•‘\nâ•‘     pnpm exec playwright install                                        â•‘\nâ•‘                                                                         â•‘\nâ•‘ <3 Playwright Team                                                      â•‘\nâ•šâ•â•â•â•â•â•â•â•â•â•â•â•â•â•â•â•â•â•â•â•â•â•â•â•â•â•â•â•â•â•â•â•â•â•â•â•â•â•â•â•â•â•â•â•â•â•â•â•â•â•â•â•â•â•â•â•â•â•â•â•â•â•â•â•â•â•â•â•â•â•â•â•â•â•\n â¯ ../../..â€¦' to be '' // Object.is equality[39m
 [32mâœ“[39m test/annotations.test.ts[2m > [22mAPI[2m > [22mannotations are exposed correctly in 'forks'[33m 543[2mms[22m[39m
 [32mâœ“[39m test/annotations.test.ts[2m > [22mAPI[2m > [22mannotations are exposed correctly in 'threads'[33m 561[2mms[22m[39m
 [31mÃ—[39m test/annotations.test.ts[2m > [22mAPI[2m > [22mannotations are exposed correctly in 'browser'[32m 118[2mms[22m[39m
[31m   â†’ expected 'â¯â¯â¯â¯â¯â¯ Unhandled Errors â¯â¯â¯â¯â¯â¯\n\nVitest caught 1 unhandled error during the test run.\nThis might cause false positive tests. Resolve unhandled errors to make sure your tests are not affected.\n\nâ¯â¯â¯â¯â¯â¯ Unhandled Error â¯â¯â¯â¯â¯â¯â¯\nError: browserType.launch: Executable doesn\'t exist at /app/.cache/ms-playwright/chromium_headless_shell-1181/chrome-linux/headless_shell\nâ•”â•â•â•â•â•â•â•â•â•â•â•â•â•â•â•â•â•â•â•â•â•â•â•â•â•â•â•â•â•â•â•â•â•â•â•â•â•â•â•â•â•â•â•â•â•â•â•â•â•â•â•â•â•â•â•â•â•â•â•â•â•â•â•â•â•â•â•â•â•â•â•â•â•â•—\nâ•‘ Looks like Playwright Test or Playwright was just installed or updated. â•‘\nâ•‘ Please run the following command to download new browsers:              â•‘\nâ•‘                                                                         â•‘\nâ•‘     pnpm exec playwright install                                        â•‘\nâ•‘                                                                         â•‘\nâ•‘ <3 Playwright Team                                                      â•‘\nâ•šâ•â•â•â•â•â•â•â•â•â•â•â•â•â•â•â•â•â•â•â•â•â•â•â•â•â•â•â•â•â•â•â•â•â•â•â•â•â•â•â•â•â•â•â•â•â•â•â•â•â•â•â•â•â•â•â•â•â•â•â•â•â•â•â•â•â•â•â•â•â•â•â•â•â•\n â¯ ../../..â€¦' to be '' // Object.is equality[39m
 [32mâœ“[39m test/annotations.test.ts[2m > [22mAPI[2m > [22mcannot annotate tests when the test finished running[33m 604[2mms[22m[39m
 [32mâœ“[39m test/annotations.test.ts[2m > [22mreporters[2m > [22mtap reporter prints annotations[33m 526[2mms[22m[39m
 [32mâœ“[39m test/annotations.test.ts[2m > [22mreporters[2m > [22mtap-flat reporter prints annotations[33m 512[2mms[22m[39m
 [32mâœ“[39m test/annotations.test.ts[2m > [22mreporters[2m > [22mjunit reporter prints annotations[33m 533[2mms[22m[39m
 [32mâœ“[39m test/annotations.test.ts[2m > [22mreporters[2m > [22mgithub-actions reporter prints annotations[33m 535[2mms[22m[39m
 [32mâœ“[39m test/annotations.test.ts[2m > [22mreporters[2m > [22mverbose non-tty reporter prints annotations[33m 528[2mms[22m[39m
 [32mâœ“[39m test/annotations.test.ts[2m > [22mreporters[2m > [22mdefault[2m > [22mdefault reporter prints annotations after the error[33m 524[2mms[22m[39m
 [32mâœ“[39m test/annotations.test.ts[2m > [22mreporters[2m > [22mdefault[2m > [22mdefault reporter prints the same error with the same annotations only once[33m 516[2mms[22m[39m
 [32mâœ“[39m test/annotations.test.ts[2m > [22mreporters[2m > [22mdefault[2m > [22mdefault reporter prints different annotations after the same error[33m 517[2mms[22m[39m
 [32mâœ“[39m test/reported-tasks.test.ts[2m > [22mcorrectly reports a file[32m 8[2mms[22m[39m
 [32mâœ“[39m test/reported-tasks.test.ts[2m > [22mcorrectly reports a passed test[32m 1[2mms[22m[39m
 [32mâœ“[39m test/reported-tasks.test.ts[2m > [22mcorrectly reports failed test[32m 3[2mms[22m[39m
 [32mâœ“[39m test/reported-tasks.test.ts[2m > [22mcorrectly reports a skipped test[32m 1[2mms[22m[39m
 [32mâœ“[39m test/reported-tasks.test.ts[2m > [22mcorrectly reports multiple failures[32m 1[2mms[22m[39m
 [32mâœ“[39m test/reported-tasks.test.ts[2m > [22mcorrectly reports test assigned options[32m 0[2mms[22m[39m
 [32mâœ“[39m test/reported-tasks.test.ts[2m > [22mcorrectly reports retried tests[32m 0[2mms[22m[39m
 [32mâœ“[39m test/reported-tasks.test.ts[2m > [22mcorrectly reports flaky tests[32m 0[2mms[22m[39m
 [32mâœ“[39m test/reported-tasks.test.ts[2m > [22mcorrectly reports repeated tests[32m 0[2mms[22m[39m
 [32mâœ“[39m test/reported-tasks.test.ts[2m > [22mcorrectly passed down metadata[32m 0[2mms[22m[39m
 [32mâœ“[39m test/reported-tasks.test.ts[2m > [22mcorrectly builds the full name[32m 0[2mms[22m[39m
 [32mâœ“[39m test/reported-tasks.test.ts[2m > [22mcorrectly reports import durations[32m 0[2mms[22m[39m
 [32mâœ“[39m test/location-filters.test.ts[2m > [22mlocation filter with list command[2m > [22mfinds test at correct line number[33m 1032[2mms[22m[39m
 [32mâœ“[39m test/location-filters.test.ts[2m > [22mlocation filter with list command[2m > [22mfinds "basic suite" at correct line number[33m 1004[2mms[22m[39m
 [32mâœ“[39m test/location-filters.test.ts[2m > [22mlocation filter with list command[2m > [22mfinds "inner suite" at correct line number[33m 992[2mms[22m[39m
 [32mâœ“[39m test/location-filters.test.ts[2m > [22mlocation filter with list command[2m > [22mhandles matching test inside a suite[33m 919[2mms[22m[39m
 [32mâœ“[39m test/location-filters.test.ts[2m > [22mlocation filter with list command[2m > [22mhandles file with a dash in the name[33m 936[2mms[22m[39m
 [32mâœ“[39m test/location-filters.test.ts[2m > [22mlocation filter with list command[2m > [22mreports not found test[33m 973[2mms[22m[39m
 [32mâœ“[39m test/location-filters.test.ts[2m > [22mlocation filter with list command[2m > [22mreports multiple not found tests[33m 967[2mms[22m[39m
 [32mâœ“[39m test/location-filters.test.ts[2m > [22mlocation filter with list command[2m > [22merrors if range location is provided[33m 394[2mms[22m[39m
 [32mâœ“[39m test/location-filters.test.ts[2m > [22mlocation filter with list command[2m > [22mparses file with a colon and dash in the name correctly[33m 396[2mms[22m[39m
 [32mâœ“[39m test/location-filters.test.ts[2m > [22mlocation filter with list command[2m > [22mfails on part of filename with location filter[33m 393[2mms[22m[39m
 [32mâœ“[39m test/location-filters.test.ts[2m > [22mlocation filter with run command[2m > [22mfinds test at correct line number[33m 955[2mms[22m[39m
 [32mâœ“[39m test/location-filters.test.ts[2m > [22mlocation filter with run command[2m > [22mfinds "basic suite" at correct line number[33m 964[2mms[22m[39m
 [32mâœ“[39m test/location-filters.test.ts[2m > [22mlocation filter with run command[2m > [22mfinds "inner suite" at correct line number[33m 874[2mms[22m[39m
 [32mâœ“[39m test/location-filters.test.ts[2m > [22mlocation filter with run command[2m > [22mhandles matching test inside a suite[33m 946[2mms[22m[39m
 [32mâœ“[39m test/location-filters.test.ts[2m > [22mlocation filter with run command[2m > [22mhandles file with a dash in the name[33m 945[2mms[22m[39m
 [32mâœ“[39m test/location-filters.test.ts[2m > [22mlocation filter with run command[2m > [22mreports not found test[33m 950[2mms[22m[39m
 [32mâœ“[39m test/location-filters.test.ts[2m > [22mlocation filter with run command[2m > [22mreports multiple not found tests[33m 1024[2mms[22m[39m
 [32mâœ“[39m test/location-filters.test.ts[2m > [22mlocation filter with run command[2m > [22merrors if range location is provided[33m 448[2mms[22m[39m
 [32mâœ“[39m test/location-filters.test.ts[2m > [22mlocation filter with run command[2m > [22mparses file with a colon and dash in the name correctly[33m 412[2mms[22m[39m
 [32mâœ“[39m test/location-filters.test.ts[2m > [22mlocation filter with run command[2m > [22mfails on part of filename with location filter[33m 409[2mms[22m[39m
 [32mâœ“[39m test/list.test.ts[2m > [22mcorrectly outputs all tests with args: "--pool=threads"[33m 1266[2mms[22m[39m
 [32mâœ“[39m test/list.test.ts[2m > [22mcorrectly outputs all tests with args: "--pool=forks"[33m 1311[2mms[22m[39m
 [32mâœ“[39m test/list.test.ts[2m > [22mcorrectly outputs all tests with args: "--pool=vmForks"[33m 1017[2mms[22m[39m
 [31mÃ—[39m test/list.test.ts[2m > [22mcorrectly outputs all tests with args: "--browser.enabled"[33m 1013[2mms[22m[39m
[31m   â†’ Snapshot `correctly outputs all tests with args: "--browser.enabled" 1` mismatched[39m
 [32mâœ“[39m test/list.test.ts[2m > [22mcorrectly outputs all tests with args: "--typecheck"[33m 1222[2mms[22m[39m
 [32mâœ“[39m test/list.test.ts[2m > [22mcorrectly outputs all tests with args: "--typecheck.only"[33m 491[2mms[22m[39m
 [32mâœ“[39m test/list.test.ts[2m > [22mbasic output shows error[33m 1223[2mms[22m[39m
 [32mâœ“[39m test/list.test.ts[2m > [22mjson output shows error[33m 1285[2mms[22m[39m
 [32mâœ“[39m test/list.test.ts[2m > [22mjson with a file output shows error[33m 1275[2mms[22m[39m
 [32mâœ“[39m test/list.test.ts[2m > [22mcorrectly outputs json[33m 1304[2mms[22m[39m
 [32mâœ“[39m test/list.test.ts[2m > [22mcorrectly outputs files only json[33m 451[2mms[22m[39m
 [32mâœ“[39m test/list.test.ts[2m > [22mcorrectly saves json[33m 1180[2mms[22m[39m
 [32mâœ“[39m test/list.test.ts[2m > [22mcorrectly saves files only json[33m 467[2mms[22m[39m
 [32mâœ“[39m test/list.test.ts[2m > [22mcorrectly filters by file[33m 917[2mms[22m[39m
 [32mâœ“[39m test/list.test.ts[2m > [22mcorrectly filters by file when using --filesOnly[33m 413[2mms[22m[39m
 [32mâœ“[39m test/list.test.ts[2m > [22mcorrectly prints project name in basic report[33m 992[2mms[22m[39m
 [32mâœ“[39m test/list.test.ts[2m > [22mcorrectly prints project name in basic report when using --filesOnly[33m 430[2mms[22m[39m
 [32mâœ“[39m test/list.test.ts[2m > [22mcorrectly prints project name and locations in json report[33m 1026[2mms[22m[39m
 [32mâœ“[39m test/list.test.ts[2m > [22mcorrectly prints project name in json report when using --filesOnly[33m 457[2mms[22m[39m
 [32mâœ“[39m test/list.test.ts[2m > [22mcorrectly filters by test name[33m 1230[2mms[22m[39m
 [32mâœ“[39m test/list.test.ts[2m > [22mignores watch flag[33m 1298[2mms[22m[39m
 [32mâœ“[39m test/fails.test.ts[2m > [22mshould fail async-assertion.test.ts[33m 552[2mms[22m[39m
 [32mâœ“[39m test/fails.test.ts[2m > [22mshould fail concurrent-suite-deadlock.test.ts[33m 1031[2mms[22m[39m
 [32mâœ“[39m test/fails.test.ts[2m > [22mshould fail concurrent-test-deadlock.test.ts[33m 1037[2mms[22m[39m
 [32mâœ“[39m test/fails.test.ts[2m > [22mshould fail each-timeout.test.ts[33m 473[2mms[22m[39m
 [32mâœ“[39m test/fails.test.ts[2m > [22mshould fail empty.test.ts[33m 432[2mms[22m[39m
 [32mâœ“[39m test/fails.test.ts[2m > [22mshould fail expect-soft.test.ts[33m 501[2mms[22m[39m
 [32mâœ“[39m test/fails.test.ts[2m > [22mshould fail expect-unreachable.test.ts[33m 476[2mms[22m[39m
 [32mâœ“[39m test/fails.test.ts[2m > [22mshould fail expect.test.ts[33m 510[2mms[22m[39m
 [32mâœ“[39m test/fails.test.ts[2m > [22mshould fail hook-timeout.test.ts[33m 527[2mms[22m[39m
 [32mâœ“[39m test/fails.test.ts[2m > [22mshould fail hooks-called.test.ts[33m 516[2mms[22m[39m
 [32mâœ“[39m test/fails.test.ts[2m > [22mshould fail hooks-fail-afterAll.test.ts[33m 504[2mms[22m[39m
 [32mâœ“[39m test/fails.test.ts[2m > [22mshould fail hooks-fail-afterEach.test.ts[33m 513[2mms[22m[39m
 [32mâœ“[39m test/fails.test.ts[2m > [22mshould fail hooks-fail-beforeAll.test.ts[33m 507[2mms[22m[39m
 [32mâœ“[39m test/fails.test.ts[2m > [22mshould fail hooks-fail-beforeEach.test.ts[33m 506[2mms[22m[39m
 [32mâœ“[39m test/fails.test.ts[2m > [22mshould fail hooks-timeout-before-hook-cleanup-callback.test.ts[33m 747[2mms[22m[39m
 [32mâœ“[39m test/fails.test.ts[2m > [22mshould fail inline-snapshop-inside-each.test.ts[33m 531[2mms[22m[39m
 [32mâœ“[39m test/fails.test.ts[2m > [22mshould fail mock-import-proxy-module.test.ts[33m 511[2mms[22m[39m
 [32mâœ“[39m test/fails.test.ts[2m > [22mshould fail nested-suite.test.ts[33m 529[2mms[22m[39m
 [32mâœ“[39m test/fails.test.ts[2m > [22mshould fail no-assertions.test.ts[33m 511[2mms[22m[39m
 [32mâœ“[39m test/fails.test.ts[2m > [22mshould fail node-browser-context.test.ts[33m 508[2mms[22m[39m
 [32mâœ“[39m test/fails.test.ts[2m > [22mshould fail poll-no-awaited.test.ts[33m 594[2mms[22m[39m
 [32mâœ“[39m test/fails.test.ts[2m > [22mshould fail primitive-error.test.ts[33m 507[2mms[22m[39m
 [32mâœ“[39m test/fails.test.ts[2m > [22mshould fail skip-conditional.test.ts[33m 521[2mms[22m[39m
 [32mâœ“[39m test/fails.test.ts[2m > [22mshould fail snapshot-with-not.test.ts[33m 524[2mms[22m[39m
 [32mâœ“[39m test/fails.test.ts[2m > [22mshould fail stall.test.ts[33m 525[2mms[22m[39m
 [32mâœ“[39m test/fails.test.ts[2m > [22mshould fail test-timeout.test.ts[33m 940[2mms[22m[39m
 [32mâœ“[39m test/fails.test.ts[2m > [22mshould fail unhandled-suite.test.ts[33m 514[2mms[22m[39m
 [32mâœ“[39m test/fails.test.ts[2m > [22mshould fail unhandled.test.ts[33m 996[2mms[22m[39m
 [32mâœ“[39m test/fails.test.ts[2m > [22mshould fail .dot-folder/dot-test.test.ts[33m 402[2mms[22m[39m
 [32mâœ“[39m test/fails.test.ts[2m > [22mshould fail test-extend/circular-dependency.test.ts[33m 509[2mms[22m[39m
 [32mâœ“[39m test/fails.test.ts[2m > [22mshould fail test-extend/fixture-error.test.ts[33m 557[2mms[22m[39m
 [32mâœ“[39m test/fails.test.ts[2m > [22mshould fail test-extend/fixture-rest-params.test.ts[33m 509[2mms[22m[39m
 [32mâœ“[39m test/fails.test.ts[2m > [22mshould fail test-extend/fixture-rest-props.test.ts[33m 511[2mms[22m[39m
 [32mâœ“[39m test/fails.test.ts[2m > [22mshould fail test-extend/fixture-without-destructuring.test.ts[33m 505[2mms[22m[39m
 [32mâœ“[39m test/fails.test.ts[2m > [22mshould fail test-extend/test-rest-params.test.ts[33m 513[2mms[22m[39m
 [32mâœ“[39m test/fails.test.ts[2m > [22mshould fail test-extend/test-rest-props.test.ts[33m 517[2mms[22m[39m
 [32mâœ“[39m test/fails.test.ts[2m > [22mshould fail test-extend/test-without-destructuring.test.ts[33m 525[2mms[22m[39m
----------|---------|----------|---------|---------|-------------------
File      | % Stmts | % Branch | % Funcs | % Lines | Uncovered Line #s
----------|---------|----------|---------|---------|-------------------
All files |       0 |        0 |       0 |       0 |
----------|---------|----------|---------|---------|-------------------
 [32mâœ“[39m test/fails.test.ts[2m > [22mshould report coverage when "coverage.reportOnFailure: true" and tests fail[33m 967[2mms[22m[39m
 [32mâœ“[39m test/fails.test.ts[2m > [22mshould not report coverage when "coverage.reportOnFailure" has default value and tests fail[33m 543[2mms[22m[39m
 [32mâœ“[39m test/fails.test.ts[2m > [22mprints a warning if the assertion is not awaited[33m 474[2mms[22m[39m
 [31mÃ—[39m test/fails.test.ts[2m > [22mprints a warning if the assertion is not awaited in the browser mode[32m 161[2mms[22m[39m
[31m   â†’ expected 'â¯â¯â¯â¯â¯â¯ Unhandled Errors â¯â¯â¯â¯â¯â¯\n\nVitest caught 1 unhandled error during the test run.\nThis might cause false positive tests. Resolve unhandled errors to make sure your tests are not affected.\n\nâ¯â¯â¯â¯â¯â¯ Unhandled Error â¯â¯â¯â¯â¯â¯â¯\nError: browserType.launch: Executable doesn\'t exist at /app/.cache/ms-playwright/chromium_headless_shell-1181/chrome-linux/headless_shell\nâ•”â•â•â•â•â•â•â•â•â•â•â•â•â•â•â•â•â•â•â•â•â•â•â•â•â•â•â•â•â•â•â•â•â•â•â•â•â•â•â•â•â•â•â•â•â•â•â•â•â•â•â•â•â•â•â•â•â•â•â•â•â•â•â•â•â•â•â•â•â•â•â•â•â•â•—\nâ•‘ Looks like Playwright Test or Playwright was just installed or updated. â•‘\nâ•‘ Please run the following command to download new browsers:              â•‘\nâ•‘                                                                         â•‘\nâ•‘     pnpm exec playwright install                                        â•‘\nâ•‘                                                                         â•‘\nâ•‘ <3 Playwright Team                                                      â•‘\nâ•šâ•â•â•â•â•â•â•â•â•â•â•â•â•â•â•â•â•â•â•â•â•â•â•â•â•â•â•â•â•â•â•â•â•â•â•â•â•â•â•â•â•â•â•â•â•â•â•â•â•â•â•â•â•â•â•â•â•â•â•â•â•â•â•â•â•â•â•â•â•â•â•â•â•â•\n â¯ ../../..â€¦' to contain 'Promise returned by `expect(actual).resolves.toBe(expected)` was not awaited'[39m
 [32mâœ“[39m test/signal.test.ts[2m > [22mtimeout aborts the signal without fixtures[33m 509[2mms[22m[39m
 [32mâœ“[39m test/signal.test.ts[2m > [22mtimeout aborts the signal[33m 534[2mms[22m[39m
 [32mâœ“[39m test/signal.test.ts[2m > [22mtimeout aborts all signals in concurrent tests[33m 536[2mms[22m[39m
 [32mâœ“[39m test/signal.test.ts[2m > [22mcancelling test run aborts the signal[33m 504[2mms[22m[39m
 [32mâœ“[39m test/signal.test.ts[2m > [22mcancelling test run aborts the signal in all concurrent tests[33m 526[2mms[22m[39m
 [32mâœ“[39m test/console.test.ts[2m > [22mcan run custom pools with Vitest[33m 531[2mms[22m[39m
 [32mâœ“[39m test/console.test.ts[2m > [22monConsoleLog receives the entity[33m 503[2mms[22m[39m
 [32mâœ“[39m test/stacktraces.test.ts[2m > [22mstacktraces should respect sourcemaps[2m > [22madd-in-imba.test.imba[33m 524[2mms[22m[39m
 [32mâœ“[39m test/stacktraces.test.ts[2m > [22mstacktraces should respect sourcemaps[2m > [22madd-in-js.test.js[33m 529[2mms[22m[39m
 [32mâœ“[39m test/stacktraces.test.ts[2m > [22mstacktraces should respect sourcemaps[2m > [22madd.test.ts[33m 531[2mms[22m[39m
 [32mâœ“[39m test/stacktraces.test.ts[2m > [22mstacktraces should respect sourcemaps[2m > [22merror-in-deps.test.js[33m 526[2mms[22m[39m
 [32mâœ“[39m test/stacktraces.test.ts[2m > [22mstacktraces should respect sourcemaps[2m > [22merror-in-package.test.js[33m 542[2mms[22m[39m
 [32mâœ“[39m test/stacktraces.test.ts[2m > [22mstacktraces should respect sourcemaps[2m > [22merror-with-stack.test.js[33m 521[2mms[22m[39m
 [32mâœ“[39m test/stacktraces.test.ts[2m > [22mstacktraces should respect sourcemaps[2m > [22mmocked-global.test.js[33m 507[2mms[22m[39m
 [32mâœ“[39m test/stacktraces.test.ts[2m > [22mstacktraces should respect sourcemaps[2m > [22mmocked-imported.test.js[33m 494[2mms[22m[39m
 [32mâœ“[39m test/stacktraces.test.ts[2m > [22mstacktraces should respect sourcemaps[2m > [22mmocked-imported.test.ts[33m 530[2mms[22m[39m
 [32mâœ“[39m test/stacktraces.test.ts[2m > [22mstacktraces should respect sourcemaps[2m > [22mrequire-assertions.test.js[33m 493[2mms[22m[39m
 [32mâœ“[39m test/stacktraces.test.ts[2m > [22mstacktraces should respect sourcemaps[2m > [22mreset-modules.test.ts[33m 528[2mms[22m[39m
 [32mâœ“[39m test/stacktraces.test.ts[2m > [22mstacktraces should pick error frame if present[2m > [22mframe.spec.imba[33m 513[2mms[22m[39m
 [32mâœ“[39m test/stacktraces.test.ts[2m > [22mstacktrace should print error frame source file correctly[2m > [22merror-in-deps[33m 512[2mms[22m[39m
 [32mâœ“[39m test/stacktraces.test.ts[2m > [22mstacktrace filtering[2m > [22mfilters stacktraces[33m 522[2mms[22m[39m
 [32mâœ“[39m test/stacktraces.test.ts[2m > [22mstacktrace in dependency package[2m > [22mexternal[33m 532[2mms[22m[39m
 [32mâœ“[39m test/stacktraces.test.ts[2m > [22mstacktrace in dependency package[2m > [22minline[33m 537[2mms[22m[39m
 [32mâœ“[39m test/stacktraces.test.ts[2m > [22mstacktrace in vmThreads[33m 407[2mms[22m[39m
 [32mâœ“[39m test/public-api.test.ts[2m > [22mpasses down metadata when 'threads are enabled'[33m 550[2mms[22m[39m
 [32mâœ“[39m test/public-api.test.ts[2m > [22mpasses down metadata when 'threads are disabled'[33m 516[2mms[22m[39m
 [31mÃ—[39m test/public-api.test.ts[2m > [22mpasses down metadata when 'running in the browser'[32m 227[2mms[22m[39m
[31m   â†’ expected 'â¯â¯â¯â¯â¯â¯ Unhandled Errors â¯â¯â¯â¯â¯â¯\n\nVitest caught 1 unhandled error during the test run.\nThis might cause false positive tests. Resolve unhandled errors to make sure your tests are not affected.\n\nâ¯â¯â¯â¯â¯â¯ Unhandled Error â¯â¯â¯â¯â¯â¯â¯\nError: browserType.launch: Executable doesn\'t exist at /app/.cache/ms-playwright/chromium_headless_shell-1181/chrome-linux/headless_shell\nâ•”â•â•â•â•â•â•â•â•â•â•â•â•â•â•â•â•â•â•â•â•â•â•â•â•â•â•â•â•â•â•â•â•â•â•â•â•â•â•â•â•â•â•â•â•â•â•â•â•â•â•â•â•â•â•â•â•â•â•â•â•â•â•â•â•â•â•â•â•â•â•â•â•â•â•—\nâ•‘ Looks like Playwright Test or Playwright was just installed or updated. â•‘\nâ•‘ Please run the following command to download new browsers:              â•‘\nâ•‘                                                                         â•‘\nâ•‘     pnpm exec playwright install                                        â•‘\nâ•‘                                                                         â•‘\nâ•‘ <3 Playwright Team                                                      â•‘\nâ•šâ•â•â•â•â•â•â•â•â•â•â•â•â•â•â•â•â•â•â•â•â•â•â•â•â•â•â•â•â•â•â•â•â•â•â•â•â•â•â•â•â•â•â•â•â•â•â•â•â•â•â•â•â•â•â•â•â•â•â•â•â•â•â•â•â•â•â•â•â•â•â•â•â•â•\n â¯ ../../..â€¦' to be '' // Object.is equality[39m
[31m   â†’ expected 'â¯â¯â¯â¯â¯â¯ Unhandled Errors â¯â¯â¯â¯â¯â¯\n\nVitest caught 1 unhandled error during the test run.\nThis might cause false positive tests. Resolve unhandled errors to make sure your tests are not affected.\n\nâ¯â¯â¯â¯â¯â¯ Unhandled Error â¯â¯â¯â¯â¯â¯â¯\nError: browserType.launch: Executable doesn\'t exist at /app/.cache/ms-playwright/chromium_headless_shell-1181/chrome-linux/headless_shell\nâ•”â•â•â•â•â•â•â•â•â•â•â•â•â•â•â•â•â•â•â•â•â•â•â•â•â•â•â•â•â•â•â•â•â•â•â•â•â•â•â•â•â•â•â•â•â•â•â•â•â•â•â•â•â•â•â•â•â•â•â•â•â•â•â•â•â•â•â•â•â•â•â•â•â•â•—\nâ•‘ Looks like Playwright Test or Playwright was just installed or updated. â•‘\nâ•‘ Please run the following command to download new browsers:              â•‘\nâ•‘                                                                         â•‘\nâ•‘     pnpm exec playwright install                                        â•‘\nâ•‘                                                                         â•‘\nâ•‘ <3 Playwright Team                                                      â•‘\nâ•šâ•â•â•â•â•â•â•â•â•â•â•â•â•â•â•â•â•â•â•â•â•â•â•â•â•â•â•â•â•â•â•â•â•â•â•â•â•â•â•â•â•â•â•â•â•â•â•â•â•â•â•â•â•â•â•â•â•â•â•â•â•â•â•â•â•â•â•â•â•â•â•â•â•â•\n â¯ ../../..â€¦' to be '' // Object.is equality[39m
 [32mâœ“[39m test/inspect.test.ts[2m > [22m--inspect-brk stops at test file[33m 1179[2mms[22m[39m
 [31mÃ—[39m test/git-changed.test.ts[2m > [22mforceRerunTrigger[2m > [22mshould run the whole test suite if file exists[32m 35[2mms[22m[39m
[31m   â†’ expected 'Could not find Git root. Have you initialized git with `git init`?\n' to be '' // Object.is equality[39m
 [31mÃ—[39m test/git-changed.test.ts[2m > [22mforceRerunTrigger[2m > [22mshould run no tests if file does not exist[32m 21[2mms[22m[39m
[31m   â†’ expected '\n RUN  v4.0.0-beta.7 /app/test/cli/fixtures/git-changed/related\n\n' to contain 'No test files found, exiting with code 0'[39m
 [32mâœ“[39m test/git-changed.test.ts[2m > [22mrelated correctly runs only related tests[33m 1509[2mms[22m[39m
 [31mÃ—[39m test/git-changed.test.ts[2m > [22mdoesn't run any test in a workspace because there are no changes[32m 59[2mms[22m[39m
[31m   â†’ expected '\n RUN  v4.0.0-beta.7 /app/test/cli/fixtures/git-changed/workspace\n\n' to contain 'No test files found, exiting with code 0'[39m
 [31mÃ—[39m test/git-changed.test.ts[2m > [22mrelated correctly runs only related tests inside a workspace[32m 51[2mms[22m[39m
[31m   â†’ expected 'Could not find Git root. Have you initialized git with `git init`?\n' to be '' // Object.is equality[39m
 [32mâœ“[39m test/expect-soft.test.ts[2m > [22mexpect.soft[2m > [22mbasic[33m 535[2mms[22m[39m
 [32mâœ“[39m test/expect-soft.test.ts[2m > [22mexpect.soft[2m > [22mpromise[33m 532[2mms[22m[39m
 [32mâœ“[39m test/expect-soft.test.ts[2m > [22mexpect.soft[2m > [22mwith expect[33m 531[2mms[22m[39m
 [32mâœ“[39m test/expect-soft.test.ts[2m > [22mexpect.soft[2m > [22mwith expect.extend[33m 536[2mms[22m[39m
 [32mâœ“[39m test/expect-soft.test.ts[2m > [22mexpect.soft[2m > [22mpromise with expect.extend[33m 521[2mms[22m[39m
 [32mâœ“[39m test/expect-soft.test.ts[2m > [22mexpect.soft[2m > [22mpassed[33m 533[2mms[22m[39m
 [32mâœ“[39m test/expect-soft.test.ts[2m > [22mexpect.soft[2m > [22mretry will passed[33m 525[2mms[22m[39m
 [32mâœ“[39m test/expect-soft.test.ts[2m > [22mexpect.soft[2m > [22mretry will failed[33m 542[2mms[22m[39m
 [31mÃ—[39m test/list-changed.test.ts[2m > [22mlist command with --changed flag shows only changed tests[33m 2368[2mms[22m[39m
[31m   â†’ expected '' to contain 'related.test.ts'[39m
 [31mÃ—[39m test/list-changed.test.ts[2m > [22mlist command with --changed flag and --filesOnly shows only changed test files[33m 402[2mms[22m[39m
[31m   â†’ expected '' to contain 'related.test.ts'[39m
 [31mÃ—[39m test/list-changed.test.ts[2m > [22mlist command with --changed flag and --json outputs changed tests in JSON format[33m 441[2mms[22m[39m
[31m   â†’ Unexpected end of JSON input[39m
 [32mâœ“[39m test/list-changed.test.ts[2m > [22mlist command with --changed flag when no changes exist should show no tests[33m 394[2mms[22m[39m
 [32mâœ“[39m test/retry-clear-mocks.test.ts[2m > [22mvitest correctly resets mocks between tests[33m 386[2mms[22m[39m
 [32mâœ“[39m test/retry-clear-mocks.test.ts[2m > [22mvitest correctly clears mocks between tests[33m 418[2mms[22m[39m
 [32mâœ“[39m test/retry-clear-mocks.test.ts[2m > [22mvitest correctly restores mocks between tests[33m 506[2mms[22m[39m
 [32mâœ“[39m test/init.test.ts[2m > [22minitializes project[33m 323[2mms[22m[39m
 [32mâœ“[39m test/print-error.test.ts[2m > [22mprints a custom error stack[33m 503[2mms[22m[39m
 [32mâœ“[39m test/print-error.test.ts[2m > [22mprints buffer and UintArray[33m 497[2mms[22m[39m
 [32mâœ“[39m test/setup-files.test.ts[2m > [22mthreads: print stdout and stderr correctly when called in the setup file[33m 503[2mms[22m[39m
 [32mâœ“[39m test/setup-files.test.ts[2m > [22mvmThreads: print stdout and stderr correctly when called in the setup file[33m 313[2mms[22m[39m
 [2m[90mâ†“[39m[22m test/setup-files.test.ts[2m > [22msetup files with forceRerunTrigger[2m > [22mshould run no tests if setup file is not changed
 [31mÃ—[39m test/setup-files.test.ts[2m > [22msetup files with forceRerunTrigger[2m > [22mshould run the whole test suite if setup file is changed[32m 27[2mms[22m[39m
[31m   â†’ expected '\n RUN  v4.0.0-beta.7 /app/test/cli/fixtures/setup-files\n\n' to contain '1 passed'[39m
 [32mâœ“[39m test/group-order.test.ts[2m > [22mtests run according to the group order[33m 1443[2mms[22m[39m
[90mstdout[2m | test/standalone.test.ts[2m > [22m[2mtest run is not started when --standalone
[22m[39m[debug] watcher is ready
[90mstdout[2m | test/standalone.test.ts[2m > [22m[2mtest run is not started when --standalone
[22m[39m[debug] watcher is ready
[90mstdout[2m | test/standalone.test.ts[2m > [22m[2mtest run is not started when --standalone
[22m[39m[debug] watcher is ready
[90mstdout[2m | test/standalone.test.ts[2m > [22m[2mtest run is not started when --standalone
[22m[39m[debug] watcher is ready
[90mstdout[2m | test/standalone.test.ts[2m > [22m[2mtest run is started when --standalone and filename filter
[22m[39m[debug] watcher is ready
[90mstdout[2m | test/standalone.test.ts[2m > [22m[2mtest run is started when --standalone and filename filter
[22m[39m[debug] watcher is ready
[90mstdout[2m | test/standalone.test.ts[2m > [22m[2mtest run is started when --standalone and filename filter
[22m[39m[debug] watcher is ready
[90mstdout[2m | test/standalone.test.ts[2m > [22m[2mtest run is started when --standalone and filename filter
[22m[39m[debug] watcher is ready
 [32mâœ“[39m test/standalone.test.ts[2m > [22mtest run is not started when --standalone[32m 29[2mms[22m[39m
 [32mâœ“[39m test/standalone.test.ts[2m > [22mtest run is started when --standalone and filename filter[33m 508[2mms[22m[39m
 [32mâœ“[39m test/browser-multiple.test.ts[2m > [22mautomatically assigns the port[32m 215[2mms[22m[39m
 [32mâœ“[39m test/run-custom-env.test.ts[2m > [22mcorrectly runs tests if custom env is a file[33m 538[2mms[22m[39m
 [32mâœ“[39m test/run-custom-env.test.ts[2m > [22mcorrectly runs tests if custom env is an absolute path[33m 529[2mms[22m[39m
 [31mÃ—[39m test/config-loader.test.ts[2m > [22mconfigLoader default[33m 1179[2mms[22m[39m
[31m   â†’ expected 'â¯â¯â¯â¯â¯â¯ Unhandled Errors â¯â¯â¯â¯â¯â¯\n\nVitest caught 1 unhandled error during the test run.\nThis might cause false positive tests. Resolve unhandled errors to make sure your tests are not affected.\n\nâ¯â¯â¯â¯â¯â¯ Unhandled Error â¯â¯â¯â¯â¯â¯â¯\nError: browserType.launch: Executable doesn\'t exist at /app/.cache/ms-playwright/chromium_headless_shell-1181/chrome-linux/headless_shell\nâ•”â•â•â•â•â•â•â•â•â•â•â•â•â•â•â•â•â•â•â•â•â•â•â•â•â•â•â•â•â•â•â•â•â•â•â•â•â•â•â•â•â•â•â•â•â•â•â•â•â•â•â•â•â•â•â•â•â•â•â•â•â•â•â•â•â•â•â•â•â•â•â•â•â•â•—\nâ•‘ Looks like Playwright Test or Playwright was just installed or updated. â•‘\nâ•‘ Please run the following command to download new browsers:              â•‘\nâ•‘                                                                         â•‘\nâ•‘     pnpm exec playwright install                                        â•‘\nâ•‘                                                                         â•‘\nâ•‘ <3 Playwright Team                                                      â•‘\nâ•šâ•â•â•â•â•â•â•â•â•â•â•â•â•â•â•â•â•â•â•â•â•â•â•â•â•â•â•â•â•â•â•â•â•â•â•â•â•â•â•â•â•â•â•â•â•â•â•â•â•â•â•â•â•â•â•â•â•â•â•â•â•â•â•â•â•â•â•â•â•â•â•â•â•â•\n â¯ ../../..â€¦' to contain 'failed to load config'[39m
 [31mÃ—[39m test/config-loader.test.ts[2m > [22mconfigLoader runner[33m 1077[2mms[22m[39m
[31m   â†’ expected 'â¯â¯â¯â¯â¯â¯ Unhandled Errors â¯â¯â¯â¯â¯â¯\n\nVitest caught 1 unhandled error during the test run.\nThis might cause false positive tests. Resolve unhandled errors to make sure your tests are not affected.\n\nâ¯â¯â¯â¯â¯â¯ Unhandled Error â¯â¯â¯â¯â¯â¯â¯\nError: browserType.launch: Executable doesn\'t exist at /app/.cache/ms-playwright/chromium_headless_shell-1181/chrome-linux/headless_shell\nâ•”â•â•â•â•â•â•â•â•â•â•â•â•â•â•â•â•â•â•â•â•â•â•â•â•â•â•â•â•â•â•â•â•â•â•â•â•â•â•â•â•â•â•â•â•â•â•â•â•â•â•â•â•â•â•â•â•â•â•â•â•â•â•â•â•â•â•â•â•â•â•â•â•â•â•—\nâ•‘ Looks like Playwright Test or Playwright was just installed or updated. â•‘\nâ•‘ Please run the following command to download new browsers:              â•‘\nâ•‘                                                                         â•‘\nâ•‘     pnpm exec playwright install                                        â•‘\nâ•‘                                                                         â•‘\nâ•‘ <3 Playwright Team                                                      â•‘\nâ•šâ•â•â•â•â•â•â•â•â•â•â•â•â•â•â•â•â•â•â•â•â•â•â•â•â•â•â•â•â•â•â•â•â•â•â•â•â•â•â•â•â•â•â•â•â•â•â•â•â•â•â•â•â•â•â•â•â•â•â•â•â•â•â•â•â•â•â•â•â•â•â•â•â•â•\n â¯ ../../..â€¦' to be '' // Object.is equality[39m
 [32mâœ“[39m test/skip-note.test.ts[2m > [22mcan leave a note when skipping in the 'default' reporter[33m 386[2mms[22m[39m
 [32mâœ“[39m test/skip-note.test.ts[2m > [22mcan leave a note when skipping in the 'verbose' reporter[33m 383[2mms[22m[39m
 [2m[90mâ†“[39m[22m test/network-imports.test.ts[2m > [22mimporting from network in threads
 [2m[90mâ†“[39m[22m test/network-imports.test.ts[2m > [22mimporting from network in forks
 [2m[90mâ†“[39m[22m test/network-imports.test.ts[2m > [22mimporting from network in vmThreads
 [32mâœ“[39m test/custom-pool.test.ts[2m > [22mcan run custom pools with Vitest[33m 483[2mms[22m[39m
 [32mâœ“[39m test/create-vitest.test.ts[2m > [22mcreateVitest[33m 653[2mms[22m[39m
 [32mâœ“[39m test/server-url.test.ts[2m > [22mapi server-url http[33m 508[2mms[22m[39m
 [32mâœ“[39m test/server-url.test.ts[2m > [22mapi server-url https[33m 1234[2mms[22m[39m
 [2m[90mâ†“[39m[22m test/server-url.test.ts[2m > [22mapi server-url fallback if resolvedUrls is null
 [2m[90mâ†“[39m[22m test/windows-drive-case.test.ts[2m > [22mworks on windows with a lowercase drive: /app/test/cli/fixtures/windows-drive-case
 [32mâœ“[39m test/unhandled-ignore.test.ts[2m > [22mrun mode does not get stuck when TTY[33m 962[2mms[22m[39m
â¯â¯â¯â¯ Unhandled Rejection â¯â¯â¯â¯â¯
Error: [vitest-pool]: Unexpected call to process.send(). Make sure your test cases are not interfering with process's channel.
Received value: {"not serialized":"with v8 serializer"}
 â¯ deserialize ../../../../packages/vitest/dist/chunks/coverage.Dvxug1RM.js:2667:11
 â¯ EventEmitter.onMessage ../../../../packages/vitest/dist/chunks/index.Bgo3tNWt.js:108:13
 â¯ EventEmitter.emit ../../node:events:518:28
 â¯ Object.postMessage ../../../../packages/vitest/dist/chunks/coverage.Dvxug1RM.js:2681:37
 â¯ ChildProcess.<anonymous> ../../../../node_modules/.pnpm/tinypool@1.1.1/node_modules/tinypool/dist/index.js:163:86
 â¯ ChildProcess.emit ../../node:events:518:28
 â¯ emit ../../node:internal/child_process:949:14
 â¯ processTicksAndRejections ../../node:internal/process/task_queues:91:21
Caused by: TypeError: The first argument must be of type string or an instance of Buffer, ArrayBuffer, or Array or an Array-like Object. Received an instance of Object
 â¯ Function.from ../../node:buffer:325:9
 â¯ deserialize ../../../../packages/vitest/dist/chunks/coverage.Dvxug1RM.js:2661:34
 â¯ EventEmitter.onMessage ../../../../packages/vitest/dist/chunks/index.Bgo3tNWt.js:108:13
 â¯ EventEmitter.emit ../../node:events:518:28
 â¯ Object.postMessage ../../../../packages/vitest/dist/chunks/coverage.Dvxug1RM.js:2681:37
 â¯ ChildProcess.<anonymous> ../../../../node_modules/.pnpm/tinypool@1.1.1/node_modules/tinypool/dist/index.js:163:86
 â¯ ChildProcess.emit ../../node:events:518:28
 â¯ emit ../../node:internal/child_process:949:14
 â¯ processTicksAndRejections ../../node:internal/process/task_queues:91:21
â¯â¯â¯â¯â¯â¯â¯â¯â¯â¯â¯â¯â¯â¯â¯â¯â¯â¯â¯â¯â¯â¯â¯â¯â¯â¯â¯â¯â¯â¯
Serialized Error: { code: 'ERR_INVALID_ARG_TYPE' }
â¯â¯â¯â¯ Unhandled Rejection â¯â¯â¯â¯â¯
Error: [vitest-pool]: Unexpected call to process.send(). Make sure your test cases are not interfering with process's channel.
Received value: {"not serialized":"with v8 serializer"}
 â¯ deserialize ../../../../packages/vitest/dist/chunks/coverage.Dvxug1RM.js:3033:11
 â¯ EventEmitter.onMessage ../../../../packages/vitest/dist/chunks/index.Bgo3tNWt.js:108:13
 â¯ EventEmitter.emit ../../node:events:518:28
 â¯ Object.postMessage ../../../../packages/vitest/dist/chunks/coverage.Dvxug1RM.js:3047:37
 â¯ ChildProcess.<anonymous> ../../../../node_modules/.pnpm/tinypool@1.1.1/node_modules/tinypool/dist/index.js:163:86
 â¯ ChildProcess.emit ../../node:events:518:28
 â¯ emit ../../node:internal/child_process:949:14
 â¯ processTicksAndRejections ../../node:internal/process/task_queues:91:21
Caused by: TypeError: The first argument must be of type string or an instance of Buffer, ArrayBuffer, or Array or an Array-like Object. Received an instance of Object
 â¯ Function.from ../../node:buffer:325:9
 â¯ deserialize ../../../../packages/vitest/dist/chunks/coverage.Dvxug1RM.js:3027:34
 â¯ EventEmitter.onMessage ../../../../packages/vitest/dist/chunks/index.Bgo3tNWt.js:108:13
 â¯ EventEmitter.emit ../../node:events:518:28
 â¯ Object.postMessage ../../../../packages/vitest/dist/chunks/coverage.Dvxug1RM.js:3047:37
 â¯ ChildProcess.<anonymous> ../../../../node_modules/.pnpm/tinypool@1.1.1/node_modules/tinypool/dist/index.js:163:86
 â¯ ChildProcess.emit ../../node:events:518:28
 â¯ emit ../../node:internal/child_process:949:14
 â¯ processTicksAndRejections ../../node:internal/process/task_queues:91:21
â¯â¯â¯â¯â¯â¯â¯â¯â¯â¯â¯â¯â¯â¯â¯â¯â¯â¯â¯â¯â¯â¯â¯â¯â¯â¯â¯â¯â¯â¯
Serialized Error: { code: 'ERR_INVALID_ARG_TYPE' }
 [32mâœ“[39m test/forks-channel.test.ts[2m > [22mtest case's process.send() calls are handled[33m 503[2mms[22m[39m
 [32mâœ“[39m test/forks-channel.test.ts[2m > [22mtest case's process.send() calls are handled[33m 306[2mms[22m[39m
 [32mâœ“[39m test/tty.test.ts[2m > [22mrun mode does not get stuck when TTY[33m 1308[2mms[22m[39m
 [32mâœ“[39m test/vm-threads.test.ts[2m > [22mimporting files in restricted fs works correctly[33m 1189[2mms[22m[39m
 [32mâœ“[39m test/global-setup-fail.test.ts[2m > [22mshould fail[32m 27[2mms[22m[39m
 [32mâœ“[39m test/restricted-fs.test.ts[2m > [22mimporting files in restricted fs works correctly[33m 900[2mms[22m[39m
 [32mâœ“[39m test/plugin.test.ts[2m > [22mplugin hooks[33m 393[2mms[22m[39m
 [32mâœ“[39m test/dotted-files.test.ts[2m > [22mrun tests even though they are inside the .cache directory[33m 952[2mms[22m[39m
 [32mâœ“[39m test/custom-runner.test.ts[2m > [22mextendTaskContext provides correct context.task.suite[33m 511[2mms[22m[39m
[31mâ¯â¯â¯â¯â¯â¯[39m[1m[41m Failed Tests 17 [49m[22m[31mâ¯â¯â¯â¯â¯â¯â¯[39m
[41m[1m FAIL [22m[49m test/annotations.test.ts[2m > [22mAPI[2m > [22mannotations are exposed correctly in 'browser'
[31m[1mAssertionError[22m: expected 'â¯â¯â¯â¯â¯â¯ Unhandled Errors â¯â¯â¯â¯â¯â¯\n\nVitest caught 1 unhandled error during the test run.\nThis might cause false positive tests. Resolve unhandled errors to make sure your tests are not affected.\n\nâ¯â¯â¯â¯â¯â¯ Unhandled Error â¯â¯â¯â¯â¯â¯â¯\nError: browserType.launch: Executable doesn\'t exist at /app/.cache/ms-playwright/chromium_headless_shell-1181/chrome-linux/headless_shell\nâ•”â•â•â•â•â•â•â•â•â•â•â•â•â•â•â•â•â•â•â•â•â•â•â•â•â•â•â•â•â•â•â•â•â•â•â•â•â•â•â•â•â•â•â•â•â•â•â•â•â•â•â•â•â•â•â•â•â•â•â•â•â•â•â•â•â•â•â•â•â•â•â•â•â•â•—\nâ•‘ Looks like Playwright Test or Playwright was just installed or updated. â•‘\nâ•‘ Please run the following command to download new browsers:              â•‘\nâ•‘                                                                         â•‘\nâ•‘     pnpm exec playwright install                                        â•‘\nâ•‘                                                                         â•‘\nâ•‘ <3 Playwright Team                                                      â•‘\nâ•šâ•â•â•â•â•â•â•â•â•â•â•â•â•â•â•â•â•â•â•â•â•â•â•â•â•â•â•â•â•â•â•â•â•â•â•â•â•â•â•â•â•â•â•â•â•â•â•â•â•â•â•â•â•â•â•â•â•â•â•â•â•â•â•â•â•â•â•â•â•â•â•â•â•â•\n â¯ ../../..â€¦' to be '' // Object.is equality[39m
- Expected
+ Received
+ â¯â¯â¯â¯â¯â¯ Unhandled Errors â¯â¯â¯â¯â¯â¯
+
+ Vitest caught 1 unhandled error during the test run.
+ This might cause false positive tests. Resolve unhandled errors to make sure your tests are not affected.
+
+ â¯â¯â¯â¯â¯â¯ Unhandled Error â¯â¯â¯â¯â¯â¯â¯
+ Error: browserType.launch: Executable doesn't exist at /app/.cache/ms-playwright/chromium_headless_shell-1181/chrome-linux/headless_shell
+ â•”â•â•â•â•â•â•â•â•â•â•â•â•â•â•â•â•â•â•â•â•â•â•â•â•â•â•â•â•â•â•â•â•â•â•â•â•â•â•â•â•â•â•â•â•â•â•â•â•â•â•â•â•â•â•â•â•â•â•â•â•â•â•â•â•â•â•â•â•â•â•â•â•â•â•—
+ â•‘ Looks like Playwright Test or Playwright was just installed or updated. â•‘
+ â•‘ Please run the following command to download new browsers:              â•‘
+ â•‘                                                                         â•‘
+ â•‘     pnpm exec playwright install                                        â•‘
+ â•‘                                                                         â•‘
+ â•‘ <3 Playwright Team                                                      â•‘
+ â•šâ•â•â•â•â•â•â•â•â•â•â•â•â•â•â•â•â•â•â•â•â•â•â•â•â•â•â•â•â•â•â•â•â•â•â•â•â•â•â•â•â•â•â•â•â•â•â•â•â•â•â•â•â•â•â•â•â•â•â•â•â•â•â•â•â•â•â•â•â•â•â•â•â•â•
+  â¯ ../../../packages/browser/dist/webdriver-AHRa6U3j.js:80:54
+  â¯ PlaywrightBrowserProvider.createContext ../../../packages/browser/dist/webdriver-AHRa6U3j.js:206:19
+  â¯ PlaywrightBrowserProvider.openBrowserPage ../../../packages/browser/dist/webdriver-AHRa6U3j.js:266:19
+  â¯ PlaywrightBrowserProvider.openPage ../../../packages/browser/dist/webdriver-AHRa6U3j.js:280:23
+  â¯ BrowserPool.openPage ../../../packages/browser/dist/index.js:3934:3
+  â¯ BrowserPool.runTests ../../../packages/browser/dist/index.js:3924:3
+  â¯ runWorkspaceTests ../../../packages/browser/dist/index.js:3832:3
+  â¯ executeTests ../../../packages/vitest/dist/chunks/coverage.Dvxug1RM.js:3329:8
+  â¯ ../../../packages/vitest/dist/chunks/cli-api.DjhcbVWd.js:9552:6
+  â¯ Vitest.runFiles ../../../packages/vitest/dist/chunks/cli-api.DjhcbVWd.js:9571:7
+  â¯ Vitest.start ../../../packages/vitest/dist/chunks/cli-api.DjhcbVWd.js:9474:98
+  â¯ startVitest ../../../packages/vitest/dist/chunks/cli-api.DjhcbVWd.js:10320:8
+  â¯ runVitest ../../test-utils/index.ts:79:11
+  â¯ runInlineTests ../../test-utils/index.ts:363:18
+  â¯ ../test/annotations.test.ts:50:24
+  â¯ ../../../packages/runner/dist/chunk-hooks.js:1061:20
+
+ â¯â¯â¯â¯â¯â¯â¯â¯â¯â¯â¯â¯â¯â¯â¯â¯â¯â¯â¯â¯â¯â¯â¯â¯â¯â¯â¯â¯â¯â¯
+
+ Error:   Failed to scan for dependencies from entries:
+   /app/test/cli/vitest-test-efc4cd96-ee7f-4079-a766-ea4d34cb1003/basic.test.ts
+ /app/packages/vitest/dist/index.js
+ /app/packages/vitest/dist/browser.js
+ /app/packages/vitest/dist/runners.js
+
+   âœ˜ [ERROR] The server is being restarted or closed. Request is outdated [plugin vite:dep-scan]
+
+     ../../node_modules/.pnpm/esbuild@0.25.5/node_modules/esbuild/lib/main.js:1213:27:
+       1213 â”‚         let result = await callback({
+            â•µ                            ^
+
+     at throwClosedServerError (file:///app/node_modules/.pnpm/vite@6.3.5_@types+node@22.16.5_jiti@2.4.2_lightningcss@1.30.1_sass-embedded@1.89.2_terser@5.36.0_tsx@4.20.3_yaml@2.8.0/node_modules/vite/dist/node/chunks/dep-DBxKXgDP.js:42026:15)
+     at EnvironmentPluginContainer.resolveId (file:///app/node_modules/.pnpm/vite@6.3.5_@types+node@22.16.5_jiti@2.4.2_lightningcss@1.30.1_sass-embedded@1.89.2_terser@5.36.0_tsx@4.20.3_yaml@2.8.0/node_modules/vite/dist/node/chunks/dep-DBxKXgDP.js:42205:9)
+     at resolveId (file:///app/node_modules/.pnpm/vite@6.3.5_@types+node@22.16.5_jiti@2.4.2_lightningcss@1.30.1_sass-embedded@1.89.2_terser@5.36.0_tsx@4.20.3_yaml@2.8.0/node_modules/vite/dist/node/chunks/dep-DBxKXgDP.js:14314:40)
+     at resolve (file:///app/node_modules/.pnpm/vite@6.3.5_@types+node@22.16.5_jiti@2.4.2_lightningcss@1.30.1_sass-embedded@1.89.2_terser@5.36.0_tsx@4.20.3_yaml@2.8.0/node_modules/vite/dist/node/chunks/dep-DBxKXgDP.js:14325:28)
+     at file:///app/node_modules/.pnpm/vite@6.3.5_@types+node@22.16.5_jiti@2.4.2_lightningcss@1.30.1_sass-embedded@1.89.2_terser@5.36.0_tsx@4.20.3_yaml@2.8.0/node_modules/vite/dist/node/chunks/dep-DBxKXgDP.js:14534:34
+     at requestCallbacks.on-resolve (/app/node_modules/.pnpm/esbuild@0.25.5/node_modules/esbuild/lib/main.js:1213:28)
+     at handleRequest (/app/node_modules/.pnpm/esbuild@0.25.5/node_modules/esbuild/lib/main.js:626:17)
+     at handleIncomingPacket (/app/node_modules/.pnpm/esbuild@0.25.5/node_modules/esbuild/lib/main.js:651:7)
+     at Socket.readFromStdout (/app/node_modules/.pnpm/esbuild@0.25.5/node_modules/esbuild/lib/main.js:579:7)
+     at Socket.emit (node:events:518:28)
+
+   This error came from the "onResolve" callback registered here:
+
+     ../../node_modules/.pnpm/esbuild@0.25.5/node_modules/esbuild/lib/main.js:1137:20:
+       1137 â”‚       let promise = setup({
+            â•µ                     ^
+
+     at setup (file:///app/node_modules/.pnpm/vite@6.3.5_@types+node@22.16.5_jiti@2.4.2_lightningcss@1.30.1_sass-embedded@1.89.2_terser@5.36.0_tsx@4.20.3_yaml@2.8.0/node_modules/vite/dist/node/chunks/dep-DBxKXgDP.js:14529:13)
+     at handlePlugins (/app/node_modules/.pnpm/esbuild@0.25.5/node_modules/esbuild/lib/main.js:1137:21)
+     at buildOrContextImpl (/app/node_modules/.pnpm/esbuild@0.25.5/node_modules/esbuild/lib/main.js:852:5)
+     at Object.buildOrContext (/app/node_modules/.pnpm/esbuild@0.25.5/node_modules/esbuild/lib/main.js:678:5)
+     at /app/node_modules/.pnpm/esbuild@0.25.5/node_modules/esbuild/lib/main.js:2030:68
+     at new Promise (<anonymous>)
+     at Object.context (/app/node_modules/.pnpm/esbuild@0.25.5/node_modules/esbuild/lib/main.js:2030:27)
+     at Object.context (/app/node_modules/.pnpm/esbuild@0.25.5/node_modules/esbuild/lib/main.js:1872:58)
+     at prepareEsbuildScanner (file:///app/node_modules/.pnpm/vite@6.3.5_@types+node@22.16.5_jiti@2.4.2_lightningcss@1.30.1_sass-embedded@1.89.2_terser@5.36.0_tsx@4.20.3_yaml@2.8.0/node_modules/vite/dist/node/chunks/dep-DBxKXgDP.js:14266:24)
+
+   The plugin "vite:dep-scan" was triggered by this import
+
+     ../../packages/vitest/dist/browser.js:1:181:
+       1 â”‚ ...akeCoverageInsideWorker } from './chunks/setup-common.hLGRxhC8.js';
+         â•µ                                   ~~~~~~~~~~~~~~~~~~~~~~~~~~~~~~~~~~~
+
+
+ âœ˜ [ERROR] The server is being restarted or closed. Request is outdated [plugin vite:dep-scan]
+
+     ../../node_modules/.pnpm/esbuild@0.25.5/node_modules/esbuild/lib/main.js:1213:27:
+       1213 â”‚         let result = await callback({
+            â•µ                            ^
+
+     at throwClosedServerError (file:///app/node_modules/.pnpm/vite@6.3.5_@types+node@22.16.5_jiti@2.4.2_lightningcss@1.30.1_sass-embedded@1.89.2_terser@5.36.0_tsx@4.20.3_yaml@2.8.0/node_modules/vite/dist/node/chunks/dep-DBxKXgDP.js:42026:15)
+     at EnvironmentPluginContainer.resolveId (file:///app/node_modules/.pnpm/vite@6.3.5_@types+node@22.16.5_jiti@2.4.2_lightningcss@1.30.1_sass-embedded@1.89.2_terser@5.36.0_tsx@4.20.3_yaml@2.8.0/node_modules/vite/dist/node/chunks/dep-DBxKXgDP.js:42205:9)
+     at resolveId (file:///app/node_modules/.pnpm/vite@6.3.5_@types+node@22.16.5_jiti@2.4.2_lightningcss@1.30.1_sass-embedded@1.89.2_terser@5.36.0_tsx@4.20.3_yaml@2.8.0/node_modules/vite/dist/node/chunks/dep-DBxKXgDP.js:14314:40)
+     at resolve (file:///app/node_modules/.pnpm/vite@6.3.5_@types+node@22.16.5_jiti@2.4.2_lightningcss@1.30.1_sass-embedded@1.89.2_terser@5.36.0_tsx@4.20.3_yaml@2.8.0/node_modules/vite/dist/node/chunks/dep-DBxKXgDP.js:14325:28)
+     at file:///app/node_modules/.pnpm/vite@6.3.5_@types+node@22.16.5_jiti@2.4.2_lightningcss@1.30.1_sass-embedded@1.89.2_terser@5.36.0_tsx@4.20.3_yaml@2.8.0/node_modules/vite/dist/node/chunks/dep-DBxKXgDP.js:14534:34
+     at requestCallbacks.on-resolve (/app/node_modules/.pnpm/esbuild@0.25.5/node_modules/esbuild/lib/main.js:1213:28)
+     at handleRequest (/app/node_modules/.pnpm/esbuild@0.25.5/node_modules/esbuild/lib/main.js:626:17)
+     at handleIncomingPacket (/app/node_modules/.pnpm/esbuild@0.25.5/node_modules/esbuild/lib/main.js:651:7)
+     at Socket.readFromStdout (/app/node_modules/.pnpm/esbuild@0.25.5/node_modules/esbuild/lib/main.js:579:7)
+     at Socket.emit (node:events:518:28)
+
+   This error came from the "onResolve" callback registered here:
+
+     ../../node_modules/.pnpm/esbuild@0.25.5/node_modules/esbuild/lib/main.js:1137:20:
+       1137 â”‚       let promise = setup({
+            â•µ                     ^
+
+     at setup (file:///app/node_modules/.pnpm/vite@6.3.5_@types+node@22.16.5_jiti@2.4.2_lightningcss@1.30.1_sass-embedded@1.89.2_terser@5.36.0_tsx@4.20.3_yaml@2.8.0/node_modules/vite/dist/node/chunks/dep-DBxKXgDP.js:14529:13)
+     at handlePlugins (/app/node_modules/.pnpm/esbuild@0.25.5/node_modules/esbuild/lib/main.js:1137:21)
+     at buildOrContextImpl (/app/node_modules/.pnpm/esbuild@0.25.5/node_modules/esbuild/lib/main.js:852:5)
+     at Object.buildOrContext (/app/node_modules/.pnpm/esbuild@0.25.5/node_modules/esbuild/lib/main.js:678:5)
+     at /app/node_modules/.pnpm/esbuild@0.25.5/node_modules/esbuild/lib/main.js:2030:68
+     at new Promise (<anonymous>)
+     at Object.context (/app/node_modules/.pnpm/esbuild@0.25.5/node_modules/esbuild/lib/main.js:2030:27)
+     at Object.context (/app/node_modules/.pnpm/esbuild@0.25.5/node_modules/esbuild/lib/main.js:1872:58)
+     at prepareEsbuildScanner (file:///app/node_modules/.pnpm/vite@6.3.5_@types+node@22.16.5_jiti@2.4.2_lightningcss@1.30.1_sass-embedded@1.89.2_terser@5.36.0_tsx@4.20.3_yaml@2.8.0/node_modules/vite/dist/node/chunks/dep-DBxKXgDP.js:14266:24)
+
+   The plugin "vite:dep-scan" was triggered by this import
+
+     ../../packages/vitest/dist/index.js:1:82:
+       1 â”‚ ...i as inject, v as vi, b as vitest } from './chunks/vi.BfdOiD4j.js';
+         â•µ                                             ~~~~~~~~~~~~~~~~~~~~~~~~~
+
+
+ âœ˜ [ERROR] The server is being restarted or closed. Request is outdated [plugin vite:dep-scan]
+
+     ../../node_modules/.pnpm/esbuild@0.25.5/node_modules/esbuild/lib/main.js:1213:27:
+       1213 â”‚         let result = await callback({
+            â•µ                            ^
+
+     at throwClosedServerError (file:///app/node_modules/.pnpm/vite@6.3.5_@types+node@22.16.5_jiti@2.4.2_lightningcss@1.30.1_sass-embedded@1.89.2_terser@5.36.0_tsx@4.20.3_yaml@2.8.0/node_modules/vite/dist/node/chunks/dep-DBxKXgDP.js:42026:15)
+     at EnvironmentPluginContainer.resolveId (file:///app/node_modules/.pnpm/vite@6.3.5_@types+node@22.16.5_jiti@2.4.2_lightningcss@1.30.1_sass-embedded@1.89.2_terser@5.36.0_tsx@4.20.3_yaml@2.8.0/node_modules/vite/dist/node/chunks/dep-DBxKXgDP.js:42205:9)
+     at resolveId (file:///app/node_modules/.pnpm/vite@6.3.5_@types+node@22.16.5_jiti@2.4.2_lightningcss@1.30.1_sass-embedded@1.89.2_terser@5.36.0_tsx@4.20.3_yaml@2.8.0/node_modules/vite/dist/node/chunks/dep-DBxKXgDP.js:14314:40)
+     at resolve (file:///app/node_modules/.pnpm/vite@6.3.5_@types+node@22.16.5_jiti@2.4.2_lightningcss@1.30.1_sass-embedded@1.89.2_terser@5.36.0_tsx@4.20.3_yaml@2.8.0/node_modules/vite/dist/node/chunks/dep-DBxKXgDP.js:14325:28)
+     at file:///app/node_modules/.pnpm/vite@6.3.5_@types+node@22.16.5_jiti@2.4.2_lightningcss@1.30.1_sass-embedded@1.89.2_terser@5.36.0_tsx@4.20.3_yaml@2.8.0/node_modules/vite/dist/node/chunks/dep-DBxKXgDP.js:14534:34
+     at requestCallbacks.on-resolve (/app/node_modules/.pnpm/esbuild@0.25.5/node_modules/esbuild/lib/main.js:1213:28)
+     at handleRequest (/app/node_modules/.pnpm/esbuild@0.25.5/node_modules/esbuild/lib/main.js:626:17)
+     at handleIncomingPacket (/app/node_modules/.pnpm/esbuild@0.25.5/node_modules/esbuild/lib/main.js:651:7)
+     at Socket.readFromStdout (/app/node_modules/.pnpm/esbuild@0.25.5/node_modules/esbuild/lib/main.js:579:7)
+     at Socket.emit (node:events:518:28)
+
+   This error came from the "onResolve" callback registered here:
+
+     ../../node_modules/.pnpm/esbuild@0.25.5/node_modules/esbuild/lib/main.js:1137:20:
+       1137 â”‚       let promise = setup({
+            â•µ                     ^
+
+     at setup (file:///app/node_modules/.pnpm/vite@6.3.5_@types+node@22.16.5_jiti@2.4.2_lightningcss@1.30.1_sass-embedded@1.89.2_terser@5.36.0_tsx@4.20.3_yaml@2.8.0/node_modules/vite/dist/node/chunks/dep-DBxKXgDP.js:14529:13)
+     at handlePlugins (/app/node_modules/.pnpm/esbuild@0.25.5/node_modules/esbuild/lib/main.js:1137:21)
+     at buildOrContextImpl (/app/node_modules/.pnpm/esbuild@0.25.5/node_modules/esbuild/lib/main.js:852:5)
+     at Object.buildOrContext (/app/node_modules/.pnpm/esbuild@0.25.5/node_modules/esbuild/lib/main.js:678:5)
+     at /app/node_modules/.pnpm/esbuild@0.25.5/node_modules/esbuild/lib/main.js:2030:68
+     at new Promise (<anonymous>)
+     at Object.context (/app/node_modules/.pnpm/esbuild@0.25.5/node_modules/esbuild/lib/main.js:2030:27)
+     at Object.context (/app/node_modules/.pnpm/esbuild@0.25.5/node_modules/esbuild/lib/main.js:1872:58)
+     at prepareEsbuildScanner (file:///app/node_modules/.pnpm/vite@6.3.5_@types+node@22.16.5_jiti@2.4.2_lightningcss@1.30.1_sass-embedded@1.89.2_terser@5.36.0_tsx@4.20.3_yaml@2.8.0/node_modules/vite/dist/node/chunks/dep-DBxKXgDP.js:14266:24)
+
+   The plugin "vite:dep-scan" was triggered by this import
+
+     vitest-test-efc4cd96-ee7f-4079-a766-ea4d34cb1003/basic.test.ts:3:33:
+       3 â”‚ import { externalAnnotate } from './test-3.js'
+         â•µ                                  ~~~~~~~~~~~~~
+
+
+     at failureErrorWithLog (/app/node_modules/.pnpm/esbuild@0.25.5/node_modules/esbuild/lib/main.js:1463:15)
+     at /app/node_modules/.pnpm/esbuild@0.25.5/node_modules/esbuild/lib/main.js:924:25
+     at runOnEndCallbacks (/app/node_modules/.pnpm/esbuild@0.25.5/node_modules/esbuild/lib/main.js:1303:45)
+     at buildResponseToResult (/app/node_modules/.pnpm/esbuild@0.25.5/node_modules/esbuild/lib/main.js:922:7)
+     at /app/node_modules/.pnpm/esbuild@0.25.5/node_modules/esbuild/lib/main.js:934:9
+     at new Promise (<anonymous>)
+     at requestCallbacks.on-end (/app/node_modules/.pnpm/esbuild@0.25.5/node_modules/esbuild/lib/main.js:933:54)
+     at handleRequest (/app/node_modules/.pnpm/esbuild@0.25.5/node_modules/esbuild/lib/main.js:626:17)
+     at handleIncomingPacket (/app/node_modules/.pnpm/esbuild@0.25.5/node_modules/esbuild/lib/main.js:651:7)
+     at Socket.readFromStdout (/app/node_modules/.pnpm/esbuild@0.25.5/node_modules/esbuild/lib/main.js:579:7)
+ error during close browserType.launch: Executable doesn't exist at /app/.cache/ms-playwright/chromium_headless_shell-1181/chrome-linux/headless_shell
+ â•”â•â•â•â•â•â•â•â•â•â•â•â•â•â•â•â•â•â•â•â•â•â•â•â•â•â•â•â•â•â•â•â•â•â•â•â•â•â•â•â•â•â•â•â•â•â•â•â•â•â•â•â•â•â•â•â•â•â•â•â•â•â•â•â•â•â•â•â•â•â•â•â•â•â•—
+ â•‘ Looks like Playwright Test or Playwright was just installed or updated. â•‘
+ â•‘ Please run the following command to download new browsers:              â•‘
+ â•‘                                                                         â•‘
+ â•‘     pnpm exec playwright install                                        â•‘
+ â•‘                                                                         â•‘
+ â•‘ <3 Playwright Team                                                      â•‘
+ â•šâ•â•â•â•â•â•â•â•â•â•â•â•â•â•â•â•â•â•â•â•â•â•â•â•â•â•â•â•â•â•â•â•â•â•â•â•â•â•â•â•â•â•â•â•â•â•â•â•â•â•â•â•â•â•â•â•â•â•â•â•â•â•â•â•â•â•â•â•â•â•â•â•â•â•
+     at /app/packages/browser/dist/webdriver-AHRa6U3j.js:80:54
+     at PlaywrightBrowserProvider.createContext (/app/packages/browser/dist/webdriver-AHRa6U3j.js:206:19)
+     at PlaywrightBrowserProvider.openBrowserPage (/app/packages/browser/dist/webdriver-AHRa6U3j.js:266:19)
+     at PlaywrightBrowserProvider.openPage (/app/packages/browser/dist/webdriver-AHRa6U3j.js:280:23)
+     at BrowserPool.openPage (/app/packages/browser/dist/index.js:3934:3)
+     at BrowserPool.runTests (/app/packages/browser/dist/index.js:3924:3)
+     at runWorkspaceTests (/app/packages/browser/dist/index.js:3832:3)
+     at executeTests (/app/packages/vitest/dist/chunks/coverage.Dvxug1RM.js:3329:8)
+     at /app/packages/vitest/dist/chunks/cli-api.DjhcbVWd.js:9552:6
+     at Vitest.runFiles (/app/packages/vitest/dist/chunks/cli-api.DjhcbVWd.js:9571:7)
+     at Vitest.start (/app/packages/vitest/dist/chunks/cli-api.DjhcbVWd.js:9474:98)
+     at startVitest (/app/packages/vitest/dist/chunks/cli-api.DjhcbVWd.js:10320:8)
+     at runVitest (/app/test/test-utils/index.ts:79:11)
+     at runInlineTests (/app/test/test-utils/index.ts:363:18)
+     at /app/test/cli/test/annotations.test.ts:50:24
+     at /app/packages/runner/dist/chunk-hooks.js:1061:20 {
+   name: 'Error',
+   type: 'Unhandled Error',
+   stacks: [
+     {
+       method: '',
+       file: '/app/packages/browser/dist/webdriver-AHRa6U3j.js',
+       line: 80,
+       column: 54
+     },
+     {
+       method: 'PlaywrightBrowserProvider.createContext',
+       file: '/app/packages/browser/dist/webdriver-AHRa6U3j.js',
+       line: 206,
+       column: 19
+     },
+     {
+       method: 'PlaywrightBrowserProvider.openBrowserPage',
+       file: '/app/packages/browser/dist/webdriver-AHRa6U3j.js',
+       line: 266,
+       column: 19
+     },
+     {
+       method: 'PlaywrightBrowserProvider.openPage',
+       file: '/app/packages/browser/dist/webdriver-AHRa6U3j.js',
+       line: 280,
+       column: 23
+     },
+     {
+       method: 'BrowserPool.openPage',
+       file: '/app/packages/browser/dist/index.js',
+       line: 3934,
+       column: 3
+     },
+     {
+       method: 'BrowserPool.runTests',
+       file: '/app/packages/browser/dist/index.js',
+       line: 3924,
+       column: 3
+     },
+     {
+       method: 'runWorkspaceTests',
+       file: '/app/packages/browser/dist/index.js',
+       line: 3832,
+       column: 3
+     },
+     {
+       method: 'executeTests',
+       file: '/app/packages/vitest/dist/chunks/coverage.Dvxug1RM.js',
+       line: 3329,
+       column: 8
+     },
+     {
+       method: '',
+       file: '/app/packages/vitest/dist/chunks/cli-api.DjhcbVWd.js',
+       line: 9552,
+       column: 6
+     },
+     {
+       method: 'Vitest.runFiles',
+       file: '/app/packages/vitest/dist/chunks/cli-api.DjhcbVWd.js',
+       line: 9571,
+       column: 7
+     },
+     {
+       method: 'Vitest.start',
+       file: '/app/packages/vitest/dist/chunks/cli-api.DjhcbVWd.js',
+       line: 9474,
+       column: 98
+     },
+     {
+       method: 'startVitest',
+       file: '/app/packages/vitest/dist/chunks/cli-api.DjhcbVWd.js',
+       line: 10320,
+       column: 8
+     },
+     {
+       method: 'runVitest',
+       file: '/app/test/test-utils/index.ts',
+       line: 79,
+       column: 11
+     },
+     {
+       method: 'runInlineTests',
+       file: '/app/test/test-utils/index.ts',
+       line: 363,
+       column: 18
+     },
+     {
+       method: '',
+       file: '/app/test/cli/test/annotations.test.ts',
+       line: 50,
+       column: 24
+     },
+     {
+       method: '',
+       file: '/app/packages/runner/dist/chunk-hooks.js',
+       line: 1061,
+       column: 20
+     }
+   ]
+ }
+
[36m [2mâ¯[22m test/annotations.test.ts:[2m95:20[22m[39m
    [90m 93| [39m    )
    [90m 94| [39m
    [90m 95| [39m    [34mexpect[39m(stderr)[33m.[39m[34mtoBe[39m([32m''[39m)
    [90m   | [39m                   [31m^[39m
    [90m 96| [39m    [34mexpect[39m(events)[33m.[39m[34mtoMatchInlineSnapshot[39m([32m`
    [90m 97| [39m      [
[31m[2mâ¯â¯â¯â¯â¯â¯â¯â¯â¯â¯â¯â¯â¯â¯â¯â¯â¯â¯â¯â¯â¯â¯â¯[1/18]â¯[22m[39m
[41m[1m FAIL [22m[49m test/config-loader.test.ts[2m > [22mconfigLoader default
[31m[1mAssertionError[22m: expected 'â¯â¯â¯â¯â¯â¯ Unhandled Errors â¯â¯â¯â¯â¯â¯\n\nVitest caught 1 unhandled error during the test run.\nThis might cause false positive tests. Resolve unhandled errors to make sure your tests are not affected.\n\nâ¯â¯â¯â¯â¯â¯ Unhandled Error â¯â¯â¯â¯â¯â¯â¯\nError: browserType.launch: Executable doesn\'t exist at /app/.cache/ms-playwright/chromium_headless_shell-1181/chrome-linux/headless_shell\nâ•”â•â•â•â•â•â•â•â•â•â•â•â•â•â•â•â•â•â•â•â•â•â•â•â•â•â•â•â•â•â•â•â•â•â•â•â•â•â•â•â•â•â•â•â•â•â•â•â•â•â•â•â•â•â•â•â•â•â•â•â•â•â•â•â•â•â•â•â•â•â•â•â•â•â•—\nâ•‘ Looks like Playwright Test or Playwright was just installed or updated. â•‘\nâ•‘ Please run the following command to download new browsers:              â•‘\nâ•‘                                                                         â•‘\nâ•‘     pnpm exec playwright install                                        â•‘\nâ•‘                                                                         â•‘\nâ•‘ <3 Playwright Team                                                      â•‘\nâ•šâ•â•â•â•â•â•â•â•â•â•â•â•â•â•â•â•â•â•â•â•â•â•â•â•â•â•â•â•â•â•â•â•â•â•â•â•â•â•â•â•â•â•â•â•â•â•â•â•â•â•â•â•â•â•â•â•â•â•â•â•â•â•â•â•â•â•â•â•â•â•â•â•â•â•\n â¯ ../../..â€¦' to contain 'failed to load config'[39m
- Expected
+ Received
- failed to load config
+ â¯â¯â¯â¯â¯â¯ Unhandled Errors â¯â¯â¯â¯â¯â¯
+
+ Vitest caught 1 unhandled error during the test run.
+ This might cause false positive tests. Resolve unhandled errors to make sure your tests are not affected.
+
+ â¯â¯â¯â¯â¯â¯ Unhandled Error â¯â¯â¯â¯â¯â¯â¯
+ Error: browserType.launch: Executable doesn't exist at /app/.cache/ms-playwright/chromium_headless_shell-1181/chrome-linux/headless_shell
+ â•”â•â•â•â•â•â•â•â•â•â•â•â•â•â•â•â•â•â•â•â•â•â•â•â•â•â•â•â•â•â•â•â•â•â•â•â•â•â•â•â•â•â•â•â•â•â•â•â•â•â•â•â•â•â•â•â•â•â•â•â•â•â•â•â•â•â•â•â•â•â•â•â•â•â•—
+ â•‘ Looks like Playwright Test or Playwright was just installed or updated. â•‘
+ â•‘ Please run the following command to download new browsers:              â•‘
+ â•‘                                                                         â•‘
+ â•‘     pnpm exec playwright install                                        â•‘
+ â•‘                                                                         â•‘
+ â•‘ <3 Playwright Team                                                      â•‘
+ â•šâ•â•â•â•â•â•â•â•â•â•â•â•â•â•â•â•â•â•â•â•â•â•â•â•â•â•â•â•â•â•â•â•â•â•â•â•â•â•â•â•â•â•â•â•â•â•â•â•â•â•â•â•â•â•â•â•â•â•â•â•â•â•â•â•â•â•â•â•â•â•â•â•â•â•
+  â¯ ../../../../packages/browser/dist/webdriver-AHRa6U3j.js:80:54
+  â¯ PlaywrightBrowserProvider.createContext ../../../../packages/browser/dist/webdriver-AHRa6U3j.js:206:19
+  â¯ PlaywrightBrowserProvider.openBrowserPage ../../../../packages/browser/dist/webdriver-AHRa6U3j.js:266:19
+  â¯ PlaywrightBrowserProvider.openPage ../../../../packages/browser/dist/webdriver-AHRa6U3j.js:280:23
+  â¯ BrowserPool.openPage ../../../../packages/browser/dist/index.js:3934:3
+  â¯ BrowserPool.runTests ../../../../packages/browser/dist/index.js:3924:3
+  â¯ runWorkspaceTests ../../../../packages/browser/dist/index.js:3832:3
+  â¯ executeTests ../../../../packages/vitest/dist/chunks/coverage.Dvxug1RM.js:3329:8
+  â¯ ../../../../packages/vitest/dist/chunks/cli-api.DjhcbVWd.js:9552:6
+  â¯ Vitest.runFiles ../../../../packages/vitest/dist/chunks/cli-api.DjhcbVWd.js:9571:7
+  â¯ Vitest.start ../../../../packages/vitest/dist/chunks/cli-api.DjhcbVWd.js:9474:98
+  â¯ startVitest ../../../../packages/vitest/dist/chunks/cli-api.DjhcbVWd.js:10320:8
+  â¯ start ../../../../packages/vitest/dist/chunks/cac.Deie-7Rx.js:1339:107
+  â¯ CAC.run ../../../../packages/vitest/dist/chunks/cac.Deie-7Rx.js:1323:32
+
+ â¯â¯â¯â¯â¯â¯â¯â¯â¯â¯â¯â¯â¯â¯â¯â¯â¯â¯â¯â¯â¯â¯â¯â¯â¯â¯â¯â¯â¯â¯
+
+ error during close browserType.launch: Executable doesn't exist at /app/.cache/ms-playwright/chromium_headless_shell-1181/chrome-linux/headless_shell
+ â•”â•â•â•â•â•â•â•â•â•â•â•â•â•â•â•â•â•â•â•â•â•â•â•â•â•â•â•â•â•â•â•â•â•â•â•â•â•â•â•â•â•â•â•â•â•â•â•â•â•â•â•â•â•â•â•â•â•â•â•â•â•â•â•â•â•â•â•â•â•â•â•â•â•â•—
+ â•‘ Looks like Playwright Test or Playwright was just installed or updated. â•‘
+ â•‘ Please run the following command to download new browsers:              â•‘
+ â•‘                                                                         â•‘
+ â•‘     pnpm exec playwright install                                        â•‘
+ â•‘                                                                         â•‘
+ â•‘ <3 Playwright Team                                                      â•‘
+ â•šâ•â•â•â•â•â•â•â•â•â•â•â•â•â•â•â•â•â•â•â•â•â•â•â•â•â•â•â•â•â•â•â•â•â•â•â•â•â•â•â•â•â•â•â•â•â•â•â•â•â•â•â•â•â•â•â•â•â•â•â•â•â•â•â•â•â•â•â•â•â•â•â•â•â•
+     at /app/packages/browser/dist/webdriver-AHRa6U3j.js:80:54
+     at async PlaywrightBrowserProvider.createContext (/app/packages/browser/dist/webdriver-AHRa6U3j.js:206:19)
+     at async PlaywrightBrowserProvider.openBrowserPage (/app/packages/browser/dist/webdriver-AHRa6U3j.js:266:19)
+     at async PlaywrightBrowserProvider.openPage (/app/packages/browser/dist/webdriver-AHRa6U3j.js:280:23)
+     at async BrowserPool.openPage (/app/packages/browser/dist/index.js:3934:3)
+     at async BrowserPool.runTests (/app/packages/browser/dist/index.js:3924:3)
+     at async runWorkspaceTests (/app/packages/browser/dist/index.js:3832:3)
+     at async executeTests (/app/packages/vitest/dist/chunks/coverage.Dvxug1RM.js:3329:8)
+     at async file:///app/packages/vitest/dist/chunks/cli-api.DjhcbVWd.js:9552:6
+     at async Vitest.runFiles (/app/packages/vitest/dist/chunks/cli-api.DjhcbVWd.js:9571:7)
+     at async Vitest.start (/app/packages/vitest/dist/chunks/cli-api.DjhcbVWd.js:9474:98)
+     at async startVitest (/app/packages/vitest/dist/chunks/cli-api.DjhcbVWd.js:10320:8)
+     at async start (/app/packages/vitest/dist/chunks/cac.Deie-7Rx.js:1339:107)
+     at async CAC.run (/app/packages/vitest/dist/chunks/cac.Deie-7Rx.js:1323:32) {
+   name: 'Error',
+   type: 'Unhandled Error',
+   stacks: [
+     {
+       method: '',
+       file: '/app/packages/browser/dist/webdriver-AHRa6U3j.js',
+       line: 80,
+       column: 54
+     },
+     {
+       method: 'PlaywrightBrowserProvider.createContext',
+       file: '/app/packages/browser/dist/webdriver-AHRa6U3j.js',
+       line: 206,
+       column: 19
+     },
+     {
+       method: 'PlaywrightBrowserProvider.openBrowserPage',
+       file: '/app/packages/browser/dist/webdriver-AHRa6U3j.js',
+       line: 266,
+       column: 19
+     },
+     {
+       method: 'PlaywrightBrowserProvider.openPage',
+       file: '/app/packages/browser/dist/webdriver-AHRa6U3j.js',
+       line: 280,
+       column: 23
+     },
+     {
+       method: 'BrowserPool.openPage',
+       file: '/app/packages/browser/dist/index.js',
+       line: 3934,
+       column: 3
+     },
+     {
+       method: 'BrowserPool.runTests',
+       file: '/app/packages/browser/dist/index.js',
+       line: 3924,
+       column: 3
+     },
+     {
+       method: 'runWorkspaceTests',
+       file: '/app/packages/browser/dist/index.js',
+       line: 3832,
+       column: 3
+     },
+     {
+       method: 'executeTests',
+       file: '/app/packages/vitest/dist/chunks/coverage.Dvxug1RM.js',
+       line: 3329,
+       column: 8
+     },
+     {
+       method: '',
+       file: '/app/packages/vitest/dist/chunks/cli-api.DjhcbVWd.js',
+       line: 9552,
+       column: 6
+     },
+     {
+       method: 'Vitest.runFiles',
+       file: '/app/packages/vitest/dist/chunks/cli-api.DjhcbVWd.js',
+       line: 9571,
+       column: 7
+     },
+     {
+       method: 'Vitest.start',
+       file: '/app/packages/vitest/dist/chunks/cli-api.DjhcbVWd.js',
+       line: 9474,
+       column: 98
+     },
+     {
+       method: 'startVitest',
+       file: '/app/packages/vitest/dist/chunks/cli-api.DjhcbVWd.js',
+       line: 10320,
+       column: 8
+     },
+     {
+       method: 'start',
+       file: '/app/packages/vitest/dist/chunks/cac.Deie-7Rx.js',
+       line: 1339,
+       column: 107
+     },
+     {
+       method: 'CAC.run',
+       file: '/app/packages/vitest/dist/chunks/cac.Deie-7Rx.js',
+       line: 1323,
+       column: 32
+     }
+   ]
+ }
+
[36m [2mâ¯[22m test/config-loader.test.ts:[2m15:27[22m[39m
    [90m 13| [39m  )
    [90m 14| [39m  [35mif[39m ([33m![39misTypeStrippingSupported) {
    [90m 15| [39m    [34mexpect[39m(vitest[33m.[39mstderr)[33m.[39m[34mtoContain[39m([32m'failed to load config'[39m)
    [90m   | [39m                          [31m^[39m
    [90m 16| [39m    [34mexpect[39m(exitCode)[33m.[39mnot[33m.[39m[34mtoBe[39m([34m0[39m)
    [90m 17| [39m  }
[31m[2mâ¯â¯â¯â¯â¯â¯â¯â¯â¯â¯â¯â¯â¯â¯â¯â¯â¯â¯â¯â¯â¯â¯â¯[2/18]â¯[22m[39m
[41m[1m FAIL [22m[49m test/config-loader.test.ts[2m > [22mconfigLoader runner
[31m[1mAssertionError[22m: expected 'â¯â¯â¯â¯â¯â¯ Unhandled Errors â¯â¯â¯â¯â¯â¯\n\nVitest caught 1 unhandled error during the test run.\nThis might cause false positive tests. Resolve unhandled errors to make sure your tests are not affected.\n\nâ¯â¯â¯â¯â¯â¯ Unhandled Error â¯â¯â¯â¯â¯â¯â¯\nError: browserType.launch: Executable doesn\'t exist at /app/.cache/ms-playwright/chromium_headless_shell-1181/chrome-linux/headless_shell\nâ•”â•â•â•â•â•â•â•â•â•â•â•â•â•â•â•â•â•â•â•â•â•â•â•â•â•â•â•â•â•â•â•â•â•â•â•â•â•â•â•â•â•â•â•â•â•â•â•â•â•â•â•â•â•â•â•â•â•â•â•â•â•â•â•â•â•â•â•â•â•â•â•â•â•â•—\nâ•‘ Looks like Playwright Test or Playwright was just installed or updated. â•‘\nâ•‘ Please run the following command to download new browsers:              â•‘\nâ•‘                                                                         â•‘\nâ•‘     pnpm exec playwright install                                        â•‘\nâ•‘                                                                         â•‘\nâ•‘ <3 Playwright Team                                                      â•‘\nâ•šâ•â•â•â•â•â•â•â•â•â•â•â•â•â•â•â•â•â•â•â•â•â•â•â•â•â•â•â•â•â•â•â•â•â•â•â•â•â•â•â•â•â•â•â•â•â•â•â•â•â•â•â•â•â•â•â•â•â•â•â•â•â•â•â•â•â•â•â•â•â•â•â•â•â•\n â¯ ../../..â€¦' to be '' // Object.is equality[39m
- Expected
+ Received
+ â¯â¯â¯â¯â¯â¯ Unhandled Errors â¯â¯â¯â¯â¯â¯
+
+ Vitest caught 1 unhandled error during the test run.
+ This might cause false positive tests. Resolve unhandled errors to make sure your tests are not affected.
+
+ â¯â¯â¯â¯â¯â¯ Unhandled Error â¯â¯â¯â¯â¯â¯â¯
+ Error: browserType.launch: Executable doesn't exist at /app/.cache/ms-playwright/chromium_headless_shell-1181/chrome-linux/headless_shell
+ â•”â•â•â•â•â•â•â•â•â•â•â•â•â•â•â•â•â•â•â•â•â•â•â•â•â•â•â•â•â•â•â•â•â•â•â•â•â•â•â•â•â•â•â•â•â•â•â•â•â•â•â•â•â•â•â•â•â•â•â•â•â•â•â•â•â•â•â•â•â•â•â•â•â•â•—
+ â•‘ Looks like Playwright Test or Playwright was just installed or updated. â•‘
+ â•‘ Please run the following command to download new browsers:              â•‘
+ â•‘                                                                         â•‘
+ â•‘     pnpm exec playwright install                                        â•‘
+ â•‘                                                                         â•‘
+ â•‘ <3 Playwright Team                                                      â•‘
+ â•šâ•â•â•â•â•â•â•â•â•â•â•â•â•â•â•â•â•â•â•â•â•â•â•â•â•â•â•â•â•â•â•â•â•â•â•â•â•â•â•â•â•â•â•â•â•â•â•â•â•â•â•â•â•â•â•â•â•â•â•â•â•â•â•â•â•â•â•â•â•â•â•â•â•â•
+  â¯ ../../../../packages/browser/dist/webdriver-AHRa6U3j.js:80:54
+  â¯ PlaywrightBrowserProvider.createContext ../../../../packages/browser/dist/webdriver-AHRa6U3j.js:206:19
+  â¯ PlaywrightBrowserProvider.openBrowserPage ../../../../packages/browser/dist/webdriver-AHRa6U3j.js:266:19
+  â¯ PlaywrightBrowserProvider.openPage ../../../../packages/browser/dist/webdriver-AHRa6U3j.js:280:23
+  â¯ BrowserPool.openPage ../../../../packages/browser/dist/index.js:3934:3
+  â¯ BrowserPool.runTests ../../../../packages/browser/dist/index.js:3924:3
+  â¯ runWorkspaceTests ../../../../packages/browser/dist/index.js:3832:3
+  â¯ executeTests ../../../../packages/vitest/dist/chunks/coverage.Dvxug1RM.js:3329:8
+  â¯ ../../../../packages/vitest/dist/chunks/cli-api.DjhcbVWd.js:9552:6
+  â¯ Vitest.runFiles ../../../../packages/vitest/dist/chunks/cli-api.DjhcbVWd.js:9571:7
+  â¯ Vitest.start ../../../../packages/vitest/dist/chunks/cli-api.DjhcbVWd.js:9474:98
+  â¯ startVitest ../../../../packages/vitest/dist/chunks/cli-api.DjhcbVWd.js:10320:8
+  â¯ start ../../../../packages/vitest/dist/chunks/cac.Deie-7Rx.js:1339:107
+  â¯ CAC.run ../../../../packages/vitest/dist/chunks/cac.Deie-7Rx.js:1323:32
+
+ â¯â¯â¯â¯â¯â¯â¯â¯â¯â¯â¯â¯â¯â¯â¯â¯â¯â¯â¯â¯â¯â¯â¯â¯â¯â¯â¯â¯â¯â¯
+
+ error during close browserType.launch: Executable doesn't exist at /app/.cache/ms-playwright/chromium_headless_shell-1181/chrome-linux/headless_shell
+ â•”â•â•â•â•â•â•â•â•â•â•â•â•â•â•â•â•â•â•â•â•â•â•â•â•â•â•â•â•â•â•â•â•â•â•â•â•â•â•â•â•â•â•â•â•â•â•â•â•â•â•â•â•â•â•â•â•â•â•â•â•â•â•â•â•â•â•â•â•â•â•â•â•â•â•—
+ â•‘ Looks like Playwright Test or Playwright was just installed or updated. â•‘
+ â•‘ Please run the following command to download new browsers:              â•‘
+ â•‘                                                                         â•‘
+ â•‘     pnpm exec playwright install                                        â•‘
+ â•‘                                                                         â•‘
+ â•‘ <3 Playwright Team                                                      â•‘
+ â•šâ•â•â•â•â•â•â•â•â•â•â•â•â•â•â•â•â•â•â•â•â•â•â•â•â•â•â•â•â•â•â•â•â•â•â•â•â•â•â•â•â•â•â•â•â•â•â•â•â•â•â•â•â•â•â•â•â•â•â•â•â•â•â•â•â•â•â•â•â•â•â•â•â•â•
+     at /app/packages/browser/dist/webdriver-AHRa6U3j.js:80:54
+     at async PlaywrightBrowserProvider.createContext (/app/packages/browser/dist/webdriver-AHRa6U3j.js:206:19)
+     at async PlaywrightBrowserProvider.openBrowserPage (/app/packages/browser/dist/webdriver-AHRa6U3j.js:266:19)
+     at async PlaywrightBrowserProvider.openPage (/app/packages/browser/dist/webdriver-AHRa6U3j.js:280:23)
+     at async BrowserPool.openPage (/app/packages/browser/dist/index.js:3934:3)
+     at async BrowserPool.runTests (/app/packages/browser/dist/index.js:3924:3)
+     at async runWorkspaceTests (/app/packages/browser/dist/index.js:3832:3)
+     at async executeTests (/app/packages/vitest/dist/chunks/coverage.Dvxug1RM.js:3329:8)
+     at async file:///app/packages/vitest/dist/chunks/cli-api.DjhcbVWd.js:9552:6
+     at async Vitest.runFiles (/app/packages/vitest/dist/chunks/cli-api.DjhcbVWd.js:9571:7)
+     at async Vitest.start (/app/packages/vitest/dist/chunks/cli-api.DjhcbVWd.js:9474:98)
+     at async startVitest (/app/packages/vitest/dist/chunks/cli-api.DjhcbVWd.js:10320:8)
+     at async start (/app/packages/vitest/dist/chunks/cac.Deie-7Rx.js:1339:107)
+     at async CAC.run (/app/packages/vitest/dist/chunks/cac.Deie-7Rx.js:1323:32) {
+   name: 'Error',
+   type: 'Unhandled Error',
+   stacks: [
+     {
+       method: '',
+       file: '/app/packages/browser/dist/webdriver-AHRa6U3j.js',
+       line: 80,
+       column: 54
+     },
+     {
+       method: 'PlaywrightBrowserProvider.createContext',
+       file: '/app/packages/browser/dist/webdriver-AHRa6U3j.js',
+       line: 206,
+       column: 19
+     },
+     {
+       method: 'PlaywrightBrowserProvider.openBrowserPage',
+       file: '/app/packages/browser/dist/webdriver-AHRa6U3j.js',
+       line: 266,
+       column: 19
+     },
+     {
+       method: 'PlaywrightBrowserProvider.openPage',
+       file: '/app/packages/browser/dist/webdriver-AHRa6U3j.js',
+       line: 280,
+       column: 23
+     },
+     {
+       method: 'BrowserPool.openPage',
+       file: '/app/packages/browser/dist/index.js',
+       line: 3934,
+       column: 3
+     },
+     {
+       method: 'BrowserPool.runTests',
+       file: '/app/packages/browser/dist/index.js',
+       line: 3924,
+       column: 3
+     },
+     {
+       method: 'runWorkspaceTests',
+       file: '/app/packages/browser/dist/index.js',
+       line: 3832,
+       column: 3
+     },
+     {
+       method: 'executeTests',
+       file: '/app/packages/vitest/dist/chunks/coverage.Dvxug1RM.js',
+       line: 3329,
+       column: 8
+     },
+     {
+       method: '',
+       file: '/app/packages/vitest/dist/chunks/cli-api.DjhcbVWd.js',
+       line: 9552,
+       column: 6
+     },
+     {
+       method: 'Vitest.runFiles',
+       file: '/app/packages/vitest/dist/chunks/cli-api.DjhcbVWd.js',
+       line: 9571,
+       column: 7
+     },
+     {
+       method: 'Vitest.start',
+       file: '/app/packages/vitest/dist/chunks/cli-api.DjhcbVWd.js',
+       line: 9474,
+       column: 98
+     },
+     {
+       method: 'startVitest',
+       file: '/app/packages/vitest/dist/chunks/cli-api.DjhcbVWd.js',
+       line: 10320,
+       column: 8
+     },
+     {
+       method: 'start',
+       file: '/app/packages/vitest/dist/chunks/cac.Deie-7Rx.js',
+       line: 1339,
+       column: 107
+     },
+     {
+       method: 'CAC.run',
+       file: '/app/packages/vitest/dist/chunks/cac.Deie-7Rx.js',
+       line: 1323,
+       column: 32
+     }
+   ]
+ }
+
[36m [2mâ¯[22m test/config-loader.test.ts:[2m31:25[22m[39m
    [90m 29| [39m    [32m'runner'[39m[33m,[39m
    [90m 30| [39m  )
    [90m 31| [39m  [34mexpect[39m(vitest[33m.[39mstderr)[33m.[39m[34mtoBe[39m([32m''[39m)
    [90m   | [39m                        [31m^[39m
    [90m 32| [39m  [34mexpect[39m(vitest[33m.[39mstdout)[33m.[39m[34mtoContain[39m([32m'âœ“  node'[39m)
    [90m 33| [39m  [34mexpect[39m(vitest[33m.[39mstdout)[33m.[39m[34mtoContain[39m([32m'âœ“  browser (chromium)'[39m)
[31m[2mâ¯â¯â¯â¯â¯â¯â¯â¯â¯â¯â¯â¯â¯â¯â¯â¯â¯â¯â¯â¯â¯â¯â¯[3/18]â¯[22m[39m
[41m[1m FAIL [22m[49m test/fails.test.ts[2m > [22mprints a warning if the assertion is not awaited in the browser mode
[31m[1mAssertionError[22m: expected 'â¯â¯â¯â¯â¯â¯ Unhandled Errors â¯â¯â¯â¯â¯â¯\n\nVitest caught 1 unhandled error during the test run.\nThis might cause false positive tests. Resolve unhandled errors to make sure your tests are not affected.\n\nâ¯â¯â¯â¯â¯â¯ Unhandled Error â¯â¯â¯â¯â¯â¯â¯\nError: browserType.launch: Executable doesn\'t exist at /app/.cache/ms-playwright/chromium_headless_shell-1181/chrome-linux/headless_shell\nâ•”â•â•â•â•â•â•â•â•â•â•â•â•â•â•â•â•â•â•â•â•â•â•â•â•â•â•â•â•â•â•â•â•â•â•â•â•â•â•â•â•â•â•â•â•â•â•â•â•â•â•â•â•â•â•â•â•â•â•â•â•â•â•â•â•â•â•â•â•â•â•â•â•â•â•—\nâ•‘ Looks like Playwright Test or Playwright was just installed or updated. â•‘\nâ•‘ Please run the following command to download new browsers:              â•‘\nâ•‘                                                                         â•‘\nâ•‘     pnpm exec playwright install                                        â•‘\nâ•‘                                                                         â•‘\nâ•‘ <3 Playwright Team                                                      â•‘\nâ•šâ•â•â•â•â•â•â•â•â•â•â•â•â•â•â•â•â•â•â•â•â•â•â•â•â•â•â•â•â•â•â•â•â•â•â•â•â•â•â•â•â•â•â•â•â•â•â•â•â•â•â•â•â•â•â•â•â•â•â•â•â•â•â•â•â•â•â•â•â•â•â•â•â•â•\n â¯ ../../..â€¦' to contain 'Promise returned by `expect(actual).resolves.toBe(expected)` was not awaited'[39m
- Expected
+ Received
- Promise returned by `expect(actual).resolves.toBe(expected)` was not awaited
+ â¯â¯â¯â¯â¯â¯ Unhandled Errors â¯â¯â¯â¯â¯â¯
+
+ Vitest caught 1 unhandled error during the test run.
+ This might cause false positive tests. Resolve unhandled errors to make sure your tests are not affected.
+
+ â¯â¯â¯â¯â¯â¯ Unhandled Error â¯â¯â¯â¯â¯â¯â¯
+ Error: browserType.launch: Executable doesn't exist at /app/.cache/ms-playwright/chromium_headless_shell-1181/chrome-linux/headless_shell
+ â•”â•â•â•â•â•â•â•â•â•â•â•â•â•â•â•â•â•â•â•â•â•â•â•â•â•â•â•â•â•â•â•â•â•â•â•â•â•â•â•â•â•â•â•â•â•â•â•â•â•â•â•â•â•â•â•â•â•â•â•â•â•â•â•â•â•â•â•â•â•â•â•â•â•â•—
+ â•‘ Looks like Playwright Test or Playwright was just installed or updated. â•‘
+ â•‘ Please run the following command to download new browsers:              â•‘
+ â•‘                                                                         â•‘
+ â•‘     pnpm exec playwright install                                        â•‘
+ â•‘                                                                         â•‘
+ â•‘ <3 Playwright Team                                                      â•‘
+ â•šâ•â•â•â•â•â•â•â•â•â•â•â•â•â•â•â•â•â•â•â•â•â•â•â•â•â•â•â•â•â•â•â•â•â•â•â•â•â•â•â•â•â•â•â•â•â•â•â•â•â•â•â•â•â•â•â•â•â•â•â•â•â•â•â•â•â•â•â•â•â•â•â•â•â•
+  â¯ ../../../packages/browser/dist/webdriver-AHRa6U3j.js:80:54
+  â¯ PlaywrightBrowserProvider.createContext ../../../packages/browser/dist/webdriver-AHRa6U3j.js:206:19
+  â¯ PlaywrightBrowserProvider.openBrowserPage ../../../packages/browser/dist/webdriver-AHRa6U3j.js:266:19
+  â¯ PlaywrightBrowserProvider.openPage ../../../packages/browser/dist/webdriver-AHRa6U3j.js:280:23
+  â¯ BrowserPool.openPage ../../../packages/browser/dist/index.js:3934:3
+  â¯ BrowserPool.runTests ../../../packages/browser/dist/index.js:3924:3
+  â¯ runWorkspaceTests ../../../packages/browser/dist/index.js:3832:3
+  â¯ executeTests ../../../packages/vitest/dist/chunks/coverage.Dvxug1RM.js:3329:8
+  â¯ ../../../packages/vitest/dist/chunks/cli-api.DjhcbVWd.js:9552:6
+  â¯ Vitest.runFiles ../../../packages/vitest/dist/chunks/cli-api.DjhcbVWd.js:9571:7
+  â¯ Vitest.start ../../../packages/vitest/dist/chunks/cli-api.DjhcbVWd.js:9474:98
+  â¯ startVitest ../../../packages/vitest/dist/chunks/cli-api.DjhcbVWd.js:10320:8
+  â¯ runVitest ../../test-utils/index.ts:79:11
+  â¯ runInlineTests ../../test-utils/index.ts:363:18
+  â¯ ../test/fails.test.ts:110:22
+  â¯ ../../../packages/runner/dist/chunk-hooks.js:1061:20
+
+ â¯â¯â¯â¯â¯â¯â¯â¯â¯â¯â¯â¯â¯â¯â¯â¯â¯â¯â¯â¯â¯â¯â¯â¯â¯â¯â¯â¯â¯â¯
+
+ error during close browserType.launch: Executable doesn't exist at /app/.cache/ms-playwright/chromium_headless_shell-1181/chrome-linux/headless_shell
+ â•”â•â•â•â•â•â•â•â•â•â•â•â•â•â•â•â•â•â•â•â•â•â•â•â•â•â•â•â•â•â•â•â•â•â•â•â•â•â•â•â•â•â•â•â•â•â•â•â•â•â•â•â•â•â•â•â•â•â•â•â•â•â•â•â•â•â•â•â•â•â•â•â•â•â•—
+ â•‘ Looks like Playwright Test or Playwright was just installed or updated. â•‘
+ â•‘ Please run the following command to download new browsers:              â•‘
+ â•‘                                                                         â•‘
+ â•‘     pnpm exec playwright install                                        â•‘
+ â•‘                                                                         â•‘
+ â•‘ <3 Playwright Team                                                      â•‘
+ â•šâ•â•â•â•â•â•â•â•â•â•â•â•â•â•â•â•â•â•â•â•â•â•â•â•â•â•â•â•â•â•â•â•â•â•â•â•â•â•â•â•â•â•â•â•â•â•â•â•â•â•â•â•â•â•â•â•â•â•â•â•â•â•â•â•â•â•â•â•â•â•â•â•â•â•
+     at /app/packages/browser/dist/webdriver-AHRa6U3j.js:80:54
+     at PlaywrightBrowserProvider.createContext (/app/packages/browser/dist/webdriver-AHRa6U3j.js:206:19)
+     at PlaywrightBrowserProvider.openBrowserPage (/app/packages/browser/dist/webdriver-AHRa6U3j.js:266:19)
+     at PlaywrightBrowserProvider.openPage (/app/packages/browser/dist/webdriver-AHRa6U3j.js:280:23)
+     at BrowserPool.openPage (/app/packages/browser/dist/index.js:3934:3)
+     at BrowserPool.runTests (/app/packages/browser/dist/index.js:3924:3)
+     at runWorkspaceTests (/app/packages/browser/dist/index.js:3832:3)
+     at executeTests (/app/packages/vitest/dist/chunks/coverage.Dvxug1RM.js:3329:8)
+     at /app/packages/vitest/dist/chunks/cli-api.DjhcbVWd.js:9552:6
+     at Vitest.runFiles (/app/packages/vitest/dist/chunks/cli-api.DjhcbVWd.js:9571:7)
+     at Vitest.start (/app/packages/vitest/dist/chunks/cli-api.DjhcbVWd.js:9474:98)
+     at startVitest (/app/packages/vitest/dist/chunks/cli-api.DjhcbVWd.js:10320:8)
+     at runVitest (/app/test/test-utils/index.ts:79:11)
+     at runInlineTests (/app/test/test-utils/index.ts:363:18)
+     at /app/test/cli/test/fails.test.ts:110:22
+     at /app/packages/runner/dist/chunk-hooks.js:1061:20 {
+   name: 'Error',
+   type: 'Unhandled Error',
+   stacks: [
+     {
+       method: '',
+       file: '/app/packages/browser/dist/webdriver-AHRa6U3j.js',
+       line: 80,
+       column: 54
+     },
+     {
+       method: 'PlaywrightBrowserProvider.createContext',
+       file: '/app/packages/browser/dist/webdriver-AHRa6U3j.js',
+       line: 206,
+       column: 19
+     },
+     {
+       method: 'PlaywrightBrowserProvider.openBrowserPage',
+       file: '/app/packages/browser/dist/webdriver-AHRa6U3j.js',
+       line: 266,
+       column: 19
+     },
+     {
+       method: 'PlaywrightBrowserProvider.openPage',
+       file: '/app/packages/browser/dist/webdriver-AHRa6U3j.js',
+       line: 280,
+       column: 23
+     },
+     {
+       method: 'BrowserPool.openPage',
+       file: '/app/packages/browser/dist/index.js',
+       line: 3934,
+       column: 3
+     },
+     {
+       method: 'BrowserPool.runTests',
+       file: '/app/packages/browser/dist/index.js',
+       line: 3924,
+       column: 3
+     },
+     {
+       method: 'runWorkspaceTests',
+       file: '/app/packages/browser/dist/index.js',
+       line: 3832,
+       column: 3
+     },
+     {
+       method: 'executeTests',
+       file: '/app/packages/vitest/dist/chunks/coverage.Dvxug1RM.js',
+       line: 3329,
+       column: 8
+     },
+     {
+       method: '',
+       file: '/app/packages/vitest/dist/chunks/cli-api.DjhcbVWd.js',
+       line: 9552,
+       column: 6
+     },
+     {
+       method: 'Vitest.runFiles',
+       file: '/app/packages/vitest/dist/chunks/cli-api.DjhcbVWd.js',
+       line: 9571,
+       column: 7
+     },
+     {
+       method: 'Vitest.start',
+       file: '/app/packages/vitest/dist/chunks/cli-api.DjhcbVWd.js',
+       line: 9474,
+       column: 98
+     },
+     {
+       method: 'startVitest',
+       file: '/app/packages/vitest/dist/chunks/cli-api.DjhcbVWd.js',
+       line: 10320,
+       column: 8
+     },
+     {
+       method: 'runVitest',
+       file: '/app/test/test-utils/index.ts',
+       line: 79,
+       column: 11
+     },
+     {
+       method: 'runInlineTests',
+       file: '/app/test/test-utils/index.ts',
+       line: 363,
+       column: 18
+     },
+     {
+       method: '',
+       file: '/app/test/cli/test/fails.test.ts',
+       line: 110,
+       column: 22
+     },
+     {
+       method: '',
+       file: '/app/packages/runner/dist/chunk-hooks.js',
+       line: 1061,
+       column: 20
+     }
+   ]
+ }
+
[36m [2mâ¯[22m test/fails.test.ts:[2m129:18[22m[39m
    [90m127| [39m    `[39m[33m,[39m
    [90m128| [39m  })
    [90m129| [39m  expect(stderr).toContain('Promise returned by \`expect(actual).resolâ€¦
    [90m   | [39m                 [31m^[39m
    [90m130| [39m  [34mexpect[39m(stderr)[33m.[39m[34mtoContain[39m([32m'base.test.js:5:33'[39m)
    [90m131| [39m})
[31m[2mâ¯â¯â¯â¯â¯â¯â¯â¯â¯â¯â¯â¯â¯â¯â¯â¯â¯â¯â¯â¯â¯â¯â¯[4/18]â¯[22m[39m
[41m[1m FAIL [22m[49m test/git-changed.test.ts[2m > [22mforceRerunTrigger[2m > [22mshould run the whole test suite if file exists
[31m[1mAssertionError[22m: expected 'Could not find Git root. Have you initialized git with `git init`?\n' to be '' // Object.is equality[39m
- Expected
+ Received
+ Could not find Git root. Have you initialized git with `git init`?
+
[36m [2mâ¯[22m test/git-changed.test.ts:[2m25:20[22m[39m
    [90m 23| [39m    [34mcreateFile[39m(fileName[33m,[39m [32m''[39m)
    [90m 24| [39m    [35mconst[39m { stdout[33m,[39m stderr } [33m=[39m [35mawait[39m [34mrun[39m()
    [90m 25| [39m    [34mexpect[39m(stderr)[33m.[39m[34mtoBe[39m([32m''[39m)
    [90m   | [39m                   [31m^[39m
    [90m 26| [39m    [34mexpect[39m(stdout)[33m.[39m[34mtoContain[39m([32m'1 passed'[39m)
    [90m 27| [39m    [34mexpect[39m(stdout)[33m.[39m[34mtoContain[39m([32m'related.test.ts'[39m)
[31m[2mâ¯â¯â¯â¯â¯â¯â¯â¯â¯â¯â¯â¯â¯â¯â¯â¯â¯â¯â¯â¯â¯â¯â¯[5/18]â¯[22m[39m
[41m[1m FAIL [22m[49m test/git-changed.test.ts[2m > [22mforceRerunTrigger[2m > [22mshould run no tests if file does not exist
[31m[1mAssertionError[22m: expected '\n RUN  v4.0.0-beta.7 /app/test/cli/fixtures/git-changed/related\n\n' to contain 'No test files found, exiting with code 0'[39m
- Expected
+ Received
- No test files found, exiting with code 0
+
+  RUN  v4.0.0-beta.7 /app/test/cli/fixtures/git-changed/related
+
+
[36m [2mâ¯[22m test/git-changed.test.ts:[2m33:20[22m[39m
    [90m 31| [39m  [34mit[39m([32m'should run no tests if file does not exist'[39m[33m,[39m [35masync[39m () [33m=>[39m {
    [90m 32| [39m    [35mconst[39m { stdout } [33m=[39m [35mawait[39m [34mrun[39m()
    [90m 33| [39m    expect(stdout).toContain('No test files found, exiting with code 0â€¦
    [90m   | [39m                   [31m^[39m
    [90m 34| [39m  })
    [90m 35| [39m})
[31m[2mâ¯â¯â¯â¯â¯â¯â¯â¯â¯â¯â¯â¯â¯â¯â¯â¯â¯â¯â¯â¯â¯â¯â¯[6/18]â¯[22m[39m
[41m[1m FAIL [22m[49m test/git-changed.test.ts[2m > [22mdoesn't run any test in a workspace because there are no changes
[31m[1mAssertionError[22m: expected '\n RUN  v4.0.0-beta.7 /app/test/cli/fixtures/git-changed/workspace\n\n' to contain 'No test files found, exiting with code 0'[39m
- Expected
+ Received
- No test files found, exiting with code 0
+
+  RUN  v4.0.0-beta.7 /app/test/cli/fixtures/git-changed/workspace
+
+
[36m [2mâ¯[22m test/git-changed.test.ts:[2m58:18[22m[39m
    [90m 56| [39m  })
    [90m 57| [39m
    [90m 58| [39m  [34mexpect[39m(stdout)[33m.[39m[34mtoContain[39m([32m'No test files found, exiting with code 0'[39m)
    [90m   | [39m                 [31m^[39m
    [90m 59| [39m})
    [90m 60| [39m
[31m[2mâ¯â¯â¯â¯â¯â¯â¯â¯â¯â¯â¯â¯â¯â¯â¯â¯â¯â¯â¯â¯â¯â¯â¯[7/18]â¯[22m[39m
[41m[1m FAIL [22m[49m test/git-changed.test.ts[2m > [22mrelated correctly runs only related tests inside a workspace
[31m[1mAssertionError[22m: expected 'Could not find Git root. Have you initialized git with `git init`?\n' to be '' // Object.is equality[39m
- Expected
+ Received
+ Could not find Git root. Have you initialized git with `git init`?
+
[36m [2mâ¯[22m test/git-changed.test.ts:[2m73:18[22m[39m
    [90m 71| [39m  })
    [90m 72| [39m
    [90m 73| [39m  [34mexpect[39m(stderr)[33m.[39m[34mtoBe[39m([32m''[39m)
    [90m   | [39m                 [31m^[39m
    [90m 74| [39m  [34mexpect[39m(stdout)[33m.[39m[34mtoContain[39m([32m'1 passed'[39m)
    [90m 75| [39m  [34mexpect[39m(stdout)[33m.[39m[34mtoContain[39m([32m'packageA'[39m)
[31m[2mâ¯â¯â¯â¯â¯â¯â¯â¯â¯â¯â¯â¯â¯â¯â¯â¯â¯â¯â¯â¯â¯â¯â¯[8/18]â¯[22m[39m
[41m[1m FAIL [22m[49m test/list-changed.test.ts[2m > [22mlist command with --changed flag shows only changed tests
[31m[1mAssertionError[22m: expected '' to contain 'related.test.ts'[39m
- Expected
+ Received
- related.test.ts
[36m [2mâ¯[22m test/list-changed.test.ts:[2m20:24[22m[39m
    [90m 18| [39m  [90m// Run list with --changed flag[39m
    [90m 19| [39m  const { stdout: changedTests } = await runVitestCli('list', '-r=./fiâ€¦
    [90m 20| [39m  [34mexpect[39m(changedTests)[33m.[39m[34mtoContain[39m([32m'related.test.ts'[39m)
    [90m   | [39m                       [31m^[39m
    [90m 21| [39m  [34mexpect[39m(changedTests)[33m.[39mnot[33m.[39m[34mtoContain[39m([32m'not-related.test.ts'[39m)
    [90m 22| [39m})
[31m[2mâ¯â¯â¯â¯â¯â¯â¯â¯â¯â¯â¯â¯â¯â¯â¯â¯â¯â¯â¯â¯â¯â¯â¯[9/18]â¯[22m[39m
[41m[1m FAIL [22m[49m test/list-changed.test.ts[2m > [22mlist command with --changed flag and --filesOnly shows only changed test files
[31m[1mAssertionError[22m: expected '' to contain 'related.test.ts'[39m
- Expected
+ Received
- related.test.ts
[36m [2mâ¯[22m test/list-changed.test.ts:[2m29:24[22m[39m
    [90m 27| [39m
    [90m 28| [39m  const { stdout: changedFiles } = await runVitestCli('list', '-r=./fiâ€¦
    [90m 29| [39m  [34mexpect[39m(changedFiles)[33m.[39m[34mtoContain[39m([32m'related.test.ts'[39m)
    [90m   | [39m                       [31m^[39m
    [90m 30| [39m  [34mexpect[39m(changedFiles)[33m.[39mnot[33m.[39m[34mtoContain[39m([32m'not-related.test.ts'[39m)
    [90m 31| [39m})
[31m[2mâ¯â¯â¯â¯â¯â¯â¯â¯â¯â¯â¯â¯â¯â¯â¯â¯â¯â¯â¯â¯â¯â¯[10/18]â¯[22m[39m
[41m[1m FAIL [22m[49m test/list-changed.test.ts[2m > [22mlist command with --changed flag and --json outputs changed tests in JSON format
[31m[1mSyntaxError[22m: Unexpected end of JSON input[39m
[36m [2mâ¯[22m test/list-changed.test.ts:[2m38:27[22m[39m
    [90m 36| [39m
    [90m 37| [39m  const { stdout: changedJson } = await runVitestCli('list', '-r=./fixâ€¦
    [90m 38| [39m  [35mconst[39m jsonOutput [33m=[39m [33mJSON[39m[33m.[39m[34mparse[39m(changedJson)
    [90m   | [39m                          [31m^[39m
    [90m 39| [39m  [34mexpect[39m([33mArray[39m[33m.[39m[34misArray[39m(jsonOutput))[33m.[39m[34mtoBe[39m([35mtrue[39m)
    [90m 40| [39m  const relatedTest = jsonOutput.find((test: any) => test.file?.includâ€¦
[31m[2mâ¯â¯â¯â¯â¯â¯â¯â¯â¯â¯â¯â¯â¯â¯â¯â¯â¯â¯â¯â¯â¯â¯[11/18]â¯[22m[39m
[41m[1m FAIL [22m[49m test/list.test.ts[2m > [22mcorrectly outputs all tests with args: "--browser.enabled"
[31m[1mError[22m: Snapshot `correctly outputs all tests with args: "--browser.enabled" 1` mismatched[39m
- Expected
+ Received
- "[chromium] basic.test.ts > basic suite > inner suite > some test
- [chromium] basic.test.ts > basic suite > inner suite > another test
- [chromium] basic.test.ts > basic suite > basic test
- [chromium] basic.test.ts > outside test
- [chromium] math.test.ts > 1 plus 1
- [chromium] math.test.ts > failing test
- "
+ ""
[36m [2mâ¯[22m test/list.test.ts:[2m14:18[22m[39m
    [90m 12| [39m])([32m'correctly outputs all tests with args: "%s"'[39m[33m,[39m [35masync[39m ([33m...[39margs) [33m=>[39m {
    [90m 13| [39m  const { stdout, exitCode } = await runVitestCli('list', '-r=./fixturâ€¦
    [90m 14| [39m  [34mexpect[39m(stdout)[33m.[39m[34mtoMatchSnapshot[39m()
    [90m   | [39m                 [31m^[39m
    [90m 15| [39m  [34mexpect[39m(exitCode)[33m.[39m[34mtoBe[39m([34m0[39m)
    [90m 16| [39m})
[31m[2mâ¯â¯â¯â¯â¯â¯â¯â¯â¯â¯â¯â¯â¯â¯â¯â¯â¯â¯â¯â¯â¯â¯[12/18]â¯[22m[39m
[41m[1m FAIL [22m[49m test/public-api.test.ts[2m > [22mpasses down metadata when 'running in the browser'
[41m[1m FAIL [22m[49m test/public-api.test.ts[2m > [22mpasses down metadata when 'running in the browser'
[31m[1mAssertionError[22m: expected 'â¯â¯â¯â¯â¯â¯ Unhandled Errors â¯â¯â¯â¯â¯â¯\n\nVitest caught 1 unhandled error during the test run.\nThis might cause false positive tests. Resolve unhandled errors to make sure your tests are not affected.\n\nâ¯â¯â¯â¯â¯â¯ Unhandled Error â¯â¯â¯â¯â¯â¯â¯\nError: browserType.launch: Executable doesn\'t exist at /app/.cache/ms-playwright/chromium_headless_shell-1181/chrome-linux/headless_shell\nâ•”â•â•â•â•â•â•â•â•â•â•â•â•â•â•â•â•â•â•â•â•â•â•â•â•â•â•â•â•â•â•â•â•â•â•â•â•â•â•â•â•â•â•â•â•â•â•â•â•â•â•â•â•â•â•â•â•â•â•â•â•â•â•â•â•â•â•â•â•â•â•â•â•â•â•—\nâ•‘ Looks like Playwright Test or Playwright was just installed or updated. â•‘\nâ•‘ Please run the following command to download new browsers:              â•‘\nâ•‘                                                                         â•‘\nâ•‘     pnpm exec playwright install                                        â•‘\nâ•‘                                                                         â•‘\nâ•‘ <3 Playwright Team                                                      â•‘\nâ•šâ•â•â•â•â•â•â•â•â•â•â•â•â•â•â•â•â•â•â•â•â•â•â•â•â•â•â•â•â•â•â•â•â•â•â•â•â•â•â•â•â•â•â•â•â•â•â•â•â•â•â•â•â•â•â•â•â•â•â•â•â•â•â•â•â•â•â•â•â•â•â•â•â•â•\n â¯ ../../..â€¦' to be '' // Object.is equality[39m
- Expected
+ Received
+ â¯â¯â¯â¯â¯â¯ Unhandled Errors â¯â¯â¯â¯â¯â¯
+
+ Vitest caught 1 unhandled error during the test run.
+ This might cause false positive tests. Resolve unhandled errors to make sure your tests are not affected.
+
+ â¯â¯â¯â¯â¯â¯ Unhandled Error â¯â¯â¯â¯â¯â¯â¯
+ Error: browserType.launch: Executable doesn't exist at /app/.cache/ms-playwright/chromium_headless_shell-1181/chrome-linux/headless_shell
+ â•”â•â•â•â•â•â•â•â•â•â•â•â•â•â•â•â•â•â•â•â•â•â•â•â•â•â•â•â•â•â•â•â•â•â•â•â•â•â•â•â•â•â•â•â•â•â•â•â•â•â•â•â•â•â•â•â•â•â•â•â•â•â•â•â•â•â•â•â•â•â•â•â•â•â•—
+ â•‘ Looks like Playwright Test or Playwright was just installed or updated. â•‘
+ â•‘ Please run the following command to download new browsers:              â•‘
+ â•‘                                                                         â•‘
+ â•‘     pnpm exec playwright install                                        â•‘
+ â•‘                                                                         â•‘
+ â•‘ <3 Playwright Team                                                      â•‘
+ â•šâ•â•â•â•â•â•â•â•â•â•â•â•â•â•â•â•â•â•â•â•â•â•â•â•â•â•â•â•â•â•â•â•â•â•â•â•â•â•â•â•â•â•â•â•â•â•â•â•â•â•â•â•â•â•â•â•â•â•â•â•â•â•â•â•â•â•â•â•â•â•â•â•â•â•
+  â¯ ../../../../packages/browser/dist/webdriver-AHRa6U3j.js:80:54
+  â¯ PlaywrightBrowserProvider.createContext ../../../../packages/browser/dist/webdriver-AHRa6U3j.js:206:19
+  â¯ PlaywrightBrowserProvider.openBrowserPage ../../../../packages/browser/dist/webdriver-AHRa6U3j.js:266:19
+  â¯ PlaywrightBrowserProvider.openPage ../../../../packages/browser/dist/webdriver-AHRa6U3j.js:280:23
+  â¯ BrowserPool.openPage ../../../../packages/browser/dist/index.js:3934:3
+  â¯ BrowserPool.runTests ../../../../packages/browser/dist/index.js:3924:3
+  â¯ runWorkspaceTests ../../../../packages/browser/dist/index.js:3832:3
+  â¯ executeTests ../../../../packages/vitest/dist/chunks/coverage.Dvxug1RM.js:3329:8
+  â¯ ../../../../packages/vitest/dist/chunks/cli-api.DjhcbVWd.js:9552:6
+  â¯ Vitest.runFiles ../../../../packages/vitest/dist/chunks/cli-api.DjhcbVWd.js:9571:7
+  â¯ Vitest.start ../../../../packages/vitest/dist/chunks/cli-api.DjhcbVWd.js:9474:98
+  â¯ startVitest ../../../../packages/vitest/dist/chunks/cli-api.DjhcbVWd.js:10320:8
+  â¯ runVitest ../../../test-utils/index.ts:79:11
+  â¯ ../../test/public-api.test.ts:23:35
+  â¯ ../../../../packages/runner/dist/chunk-hooks.js:1061:20
+
+ â¯â¯â¯â¯â¯â¯â¯â¯â¯â¯â¯â¯â¯â¯â¯â¯â¯â¯â¯â¯â¯â¯â¯â¯â¯â¯â¯â¯â¯â¯
+
+ Error:   Failed to scan for dependencies from entries:
+   /app/test/cli/fixtures/public-api/custom.spec.ts
+ /app/packages/vitest/dist/index.js
+ /app/packages/vitest/dist/browser.js
+ /app/packages/vitest/dist/runners.js
+
+   âœ˜ [ERROR] The server is being restarted or closed. Request is outdated [plugin vite:dep-scan]
+
+     ../../node_modules/.pnpm/esbuild@0.25.5/node_modules/esbuild/lib/main.js:1213:27:
+       1213 â”‚         let result = await callback({
+            â•µ                            ^
+
+     at throwClosedServerError (file:///app/node_modules/.pnpm/vite@6.3.5_@types+node@22.16.5_jiti@2.4.2_lightningcss@1.30.1_sass-embedded@1.89.2_terser@5.36.0_tsx@4.20.3_yaml@2.8.0/node_modules/vite/dist/node/chunks/dep-DBxKXgDP.js:42026:15)
+     at EnvironmentPluginContainer.resolveId (file:///app/node_modules/.pnpm/vite@6.3.5_@types+node@22.16.5_jiti@2.4.2_lightningcss@1.30.1_sass-embedded@1.89.2_terser@5.36.0_tsx@4.20.3_yaml@2.8.0/node_modules/vite/dist/node/chunks/dep-DBxKXgDP.js:42205:9)
+     at resolveId (file:///app/node_modules/.pnpm/vite@6.3.5_@types+node@22.16.5_jiti@2.4.2_lightningcss@1.30.1_sass-embedded@1.89.2_terser@5.36.0_tsx@4.20.3_yaml@2.8.0/node_modules/vite/dist/node/chunks/dep-DBxKXgDP.js:14314:40)
+     at resolve (file:///app/node_modules/.pnpm/vite@6.3.5_@types+node@22.16.5_jiti@2.4.2_lightningcss@1.30.1_sass-embedded@1.89.2_terser@5.36.0_tsx@4.20.3_yaml@2.8.0/node_modules/vite/dist/node/chunks/dep-DBxKXgDP.js:14325:28)
+     at file:///app/node_modules/.pnpm/vite@6.3.5_@types+node@22.16.5_jiti@2.4.2_lightningcss@1.30.1_sass-embedded@1.89.2_terser@5.36.0_tsx@4.20.3_yaml@2.8.0/node_modules/vite/dist/node/chunks/dep-DBxKXgDP.js:14534:34
+     at requestCallbacks.on-resolve (/app/node_modules/.pnpm/esbuild@0.25.5/node_modules/esbuild/lib/main.js:1213:28)
+     at handleRequest (/app/node_modules/.pnpm/esbuild@0.25.5/node_modules/esbuild/lib/main.js:626:17)
+     at handleIncomingPacket (/app/node_modules/.pnpm/esbuild@0.25.5/node_modules/esbuild/lib/main.js:651:7)
+     at Socket.readFromStdout (/app/node_modules/.pnpm/esbuild@0.25.5/node_modules/esbuild/lib/main.js:579:7)
+     at Socket.emit (node:events:518:28)
+
+   This error came from the "onResolve" callback registered here:
+
+     ../../node_modules/.pnpm/esbuild@0.25.5/node_modules/esbuild/lib/main.js:1137:20:
+       1137 â”‚       let promise = setup({
+            â•µ                     ^
+
+     at setup (file:///app/node_modules/.pnpm/vite@6.3.5_@types+node@22.16.5_jiti@2.4.2_lightningcss@1.30.1_sass-embedded@1.89.2_terser@5.36.0_tsx@4.20.3_yaml@2.8.0/node_modules/vite/dist/node/chunks/dep-DBxKXgDP.js:14529:13)
+     at handlePlugins (/app/node_modules/.pnpm/esbuild@0.25.5/node_modules/esbuild/lib/main.js:1137:21)
+     at buildOrContextImpl (/app/node_modules/.pnpm/esbuild@0.25.5/node_modules/esbuild/lib/main.js:852:5)
+     at Object.buildOrContext (/app/node_modules/.pnpm/esbuild@0.25.5/node_modules/esbuild/lib/main.js:678:5)
+     at /app/node_modules/.pnpm/esbuild@0.25.5/node_modules/esbuild/lib/main.js:2030:68
+     at new Promise (<anonymous>)
+     at Object.context (/app/node_modules/.pnpm/esbuild@0.25.5/node_modules/esbuild/lib/main.js:2030:27)
+     at Object.context (/app/node_modules/.pnpm/esbuild@0.25.5/node_modules/esbuild/lib/main.js:1872:58)
+     at prepareEsbuildScanner (file:///app/node_modules/.pnpm/vite@6.3.5_@types+node@22.16.5_jiti@2.4.2_lightningcss@1.30.1_sass-embedded@1.89.2_terser@5.36.0_tsx@4.20.3_yaml@2.8.0/node_modules/vite/dist/node/chunks/dep-DBxKXgDP.js:14266:24)
+
+   The plugin "vite:dep-scan" was triggered by this import
+
+     <stdin>:2:7:
+       2 â”‚ import "/app/packages/vitest/dist/index.js"
+         â•µ        ~~~~~~~~~~~~~~~~~~~~~~~~~~~~~~~~~~~~
+
+
+ âœ˜ [ERROR] The server is being restarted or closed. Request is outdated [plugin vite:dep-scan]
+
+     ../../node_modules/.pnpm/esbuild@0.25.5/node_modules/esbuild/lib/main.js:1213:27:
+       1213 â”‚         let result = await callback({
+            â•µ                            ^
+
+     at throwClosedServerError (file:///app/node_modules/.pnpm/vite@6.3.5_@types+node@22.16.5_jiti@2.4.2_lightningcss@1.30.1_sass-embedded@1.89.2_terser@5.36.0_tsx@4.20.3_yaml@2.8.0/node_modules/vite/dist/node/chunks/dep-DBxKXgDP.js:42026:15)
+     at EnvironmentPluginContainer.resolveId (file:///app/node_modules/.pnpm/vite@6.3.5_@types+node@22.16.5_jiti@2.4.2_lightningcss@1.30.1_sass-embedded@1.89.2_terser@5.36.0_tsx@4.20.3_yaml@2.8.0/node_modules/vite/dist/node/chunks/dep-DBxKXgDP.js:42205:9)
+     at resolveId (file:///app/node_modules/.pnpm/vite@6.3.5_@types+node@22.16.5_jiti@2.4.2_lightningcss@1.30.1_sass-embedded@1.89.2_terser@5.36.0_tsx@4.20.3_yaml@2.8.0/node_modules/vite/dist/node/chunks/dep-DBxKXgDP.js:14314:40)
+     at resolve (file:///app/node_modules/.pnpm/vite@6.3.5_@types+node@22.16.5_jiti@2.4.2_lightningcss@1.30.1_sass-embedded@1.89.2_terser@5.36.0_tsx@4.20.3_yaml@2.8.0/node_modules/vite/dist/node/chunks/dep-DBxKXgDP.js:14325:28)
+     at file:///app/node_modules/.pnpm/vite@6.3.5_@types+node@22.16.5_jiti@2.4.2_lightningcss@1.30.1_sass-embedded@1.89.2_terser@5.36.0_tsx@4.20.3_yaml@2.8.0/node_modules/vite/dist/node/chunks/dep-DBxKXgDP.js:14534:34
+     at requestCallbacks.on-resolve (/app/node_modules/.pnpm/esbuild@0.25.5/node_modules/esbuild/lib/main.js:1213:28)
+     at handleRequest (/app/node_modules/.pnpm/esbuild@0.25.5/node_modules/esbuild/lib/main.js:626:17)
+     at handleIncomingPacket (/app/node_modules/.pnpm/esbuild@0.25.5/node_modules/esbuild/lib/main.js:651:7)
+     at Socket.readFromStdout (/app/node_modules/.pnpm/esbuild@0.25.5/node_modules/esbuild/lib/main.js:579:7)
+     at Socket.emit (node:events:518:28)
+
+   This error came from the "onResolve" callback registered here:
+
+     ../../node_modules/.pnpm/esbuild@0.25.5/node_modules/esbuild/lib/main.js:1137:20:
+       1137 â”‚       let promise = setup({
+            â•µ                     ^
+
+     at setup (file:///app/node_modules/.pnpm/vite@6.3.5_@types+node@22.16.5_jiti@2.4.2_lightningcss@1.30.1_sass-embedded@1.89.2_terser@5.36.0_tsx@4.20.3_yaml@2.8.0/node_modules/vite/dist/node/chunks/dep-DBxKXgDP.js:14529:13)
+     at handlePlugins (/app/node_modules/.pnpm/esbuild@0.25.5/node_modules/esbuild/lib/main.js:1137:21)
+     at buildOrContextImpl (/app/node_modules/.pnpm/esbuild@0.25.5/node_modules/esbuild/lib/main.js:852:5)
+     at Object.buildOrContext (/app/node_modules/.pnpm/esbuild@0.25.5/node_modules/esbuild/lib/main.js:678:5)
+     at /app/node_modules/.pnpm/esbuild@0.25.5/node_modules/esbuild/lib/main.js:2030:68
+     at new Promise (<anonymous>)
+     at Object.context (/app/node_modules/.pnpm/esbuild@0.25.5/node_modules/esbuild/lib/main.js:2030:27)
+     at Object.context (/app/node_modules/.pnpm/esbuild@0.25.5/node_modules/esbuild/lib/main.js:1872:58)
+     at prepareEsbuildScanner (file:///app/node_modules/.pnpm/vite@6.3.5_@types+node@22.16.5_jiti@2.4.2_lightningcss@1.30.1_sass-embedded@1.89.2_terser@5.36.0_tsx@4.20.3_yaml@2.8.0/node_modules/vite/dist/node/chunks/dep-DBxKXgDP.js:14266:24)
+
+   The plugin "vite:dep-scan" was triggered by this import
+
+     <stdin>:3:7:
+       3 â”‚ import "/app/packages/vitest/dist/browser.js"
+         â•µ        ~~~~~~~~~~~~~~~~~~~~~~~~~~~~~~~~~~~~~~
+
+
+ âœ˜ [ERROR] The server is being restarted or closed. Request is outdated [plugin vite:dep-scan]
+
+     ../../node_modules/.pnpm/esbuild@0.25.5/node_modules/esbuild/lib/main.js:1213:27:
+       1213 â”‚         let result = await callback({
+            â•µ                            ^
+
+     at throwClosedServerError (file:///app/node_modules/.pnpm/vite@6.3.5_@types+node@22.16.5_jiti@2.4.2_lightningcss@1.30.1_sass-embedded@1.89.2_terser@5.36.0_tsx@4.20.3_yaml@2.8.0/node_modules/vite/dist/node/chunks/dep-DBxKXgDP.js:42026:15)
+     at EnvironmentPluginContainer.resolveId (file:///app/node_modules/.pnpm/vite@6.3.5_@types+node@22.16.5_jiti@2.4.2_lightningcss@1.30.1_sass-embedded@1.89.2_terser@5.36.0_tsx@4.20.3_yaml@2.8.0/node_modules/vite/dist/node/chunks/dep-DBxKXgDP.js:42205:9)
+     at resolveId (file:///app/node_modules/.pnpm/vite@6.3.5_@types+node@22.16.5_jiti@2.4.2_lightningcss@1.30.1_sass-embedded@1.89.2_terser@5.36.0_tsx@4.20.3_yaml@2.8.0/node_modules/vite/dist/node/chunks/dep-DBxKXgDP.js:14314:40)
+     at resolve (file:///app/node_modules/.pnpm/vite@6.3.5_@types+node@22.16.5_jiti@2.4.2_lightningcss@1.30.1_sass-embedded@1.89.2_terser@5.36.0_tsx@4.20.3_yaml@2.8.0/node_modules/vite/dist/node/chunks/dep-DBxKXgDP.js:14325:28)
+     at file:///app/node_modules/.pnpm/vite@6.3.5_@types+node@22.16.5_jiti@2.4.2_lightningcss@1.30.1_sass-embedded@1.89.2_terser@5.36.0_tsx@4.20.3_yaml@2.8.0/node_modules/vite/dist/node/chunks/dep-DBxKXgDP.js:14534:34
+     at requestCallbacks.on-resolve (/app/node_modules/.pnpm/esbuild@0.25.5/node_modules/esbuild/lib/main.js:1213:28)
+     at handleRequest (/app/node_modules/.pnpm/esbuild@0.25.5/node_modules/esbuild/lib/main.js:626:17)
+     at handleIncomingPacket (/app/node_modules/.pnpm/esbuild@0.25.5/node_modules/esbuild/lib/main.js:651:7)
+     at Socket.readFromStdout (/app/node_modules/.pnpm/esbuild@0.25.5/node_modules/esbuild/lib/main.js:579:7)
+     at Socket.emit (node:events:518:28)
+
+   This error came from the "onResolve" callback registered here:
+
+     ../../node_modules/.pnpm/esbuild@0.25.5/node_modules/esbuild/lib/main.js:1137:20:
+       1137 â”‚       let promise = setup({
+            â•µ                     ^
+
+     at setup (file:///app/node_modules/.pnpm/vite@6.3.5_@types+node@22.16.5_jiti@2.4.2_lightningcss@1.30.1_sass-embedded@1.89.2_terser@5.36.0_tsx@4.20.3_yaml@2.8.0/node_modules/vite/dist/node/chunks/dep-DBxKXgDP.js:14529:13)
+     at handlePlugins (/app/node_modules/.pnpm/esbuild@0.25.5/node_modules/esbuild/lib/main.js:1137:21)
+     at buildOrContextImpl (/app/node_modules/.pnpm/esbuild@0.25.5/node_modules/esbuild/lib/main.js:852:5)
+     at Object.buildOrContext (/app/node_modules/.pnpm/esbuild@0.25.5/node_modules/esbuild/lib/main.js:678:5)
+     at /app/node_modules/.pnpm/esbuild@0.25.5/node_modules/esbuild/lib/main.js:2030:68
+     at new Promise (<anonymous>)
+     at Object.context (/app/node_modules/.pnpm/esbuild@0.25.5/node_modules/esbuild/lib/main.js:2030:27)
+     at Object.context (/app/node_modules/.pnpm/esbuild@0.25.5/node_modules/esbuild/lib/main.js:1872:58)
+     at prepareEsbuildScanner (file:///app/node_modules/.pnpm/vite@6.3.5_@types+node@22.16.5_jiti@2.4.2_lightningcss@1.30.1_sass-embedded@1.89.2_terser@5.36.0_tsx@4.20.3_yaml@2.8.0/node_modules/vite/dist/node/chunks/dep-DBxKXgDP.js:14266:24)
+
+   The plugin "vite:dep-scan" was triggered by this import
+
+     <stdin>:4:7:
+       4 â”‚ import "/app/packages/vitest/dist/runners.js"
+         â•µ        ~~~~~~~~~~~~~~~~~~~~~~~~~~~~~~~~~~~~~~
+
+
+     at failureErrorWithLog (/app/node_modules/.pnpm/esbuild@0.25.5/node_modules/esbuild/lib/main.js:1463:15)
+     at /app/node_modules/.pnpm/esbuild@0.25.5/node_modules/esbuild/lib/main.js:924:25
+     at runOnEndCallbacks (/app/node_modules/.pnpm/esbuild@0.25.5/node_modules/esbuild/lib/main.js:1303:45)
+     at buildResponseToResult (/app/node_modules/.pnpm/esbuild@0.25.5/node_modules/esbuild/lib/main.js:922:7)
+     at /app/node_modules/.pnpm/esbuild@0.25.5/node_modules/esbuild/lib/main.js:934:9
+     at new Promise (<anonymous>)
+     at requestCallbacks.on-end (/app/node_modules/.pnpm/esbuild@0.25.5/node_modules/esbuild/lib/main.js:933:54)
+     at handleRequest (/app/node_modules/.pnpm/esbuild@0.25.5/node_modules/esbuild/lib/main.js:626:17)
+     at handleIncomingPacket (/app/node_modules/.pnpm/esbuild@0.25.5/node_modules/esbuild/lib/main.js:651:7)
+     at Socket.readFromStdout (/app/node_modules/.pnpm/esbuild@0.25.5/node_modules/esbuild/lib/main.js:579:7)
+ error during close browserType.launch: Executable doesn't exist at /app/.cache/ms-playwright/chromium_headless_shell-1181/chrome-linux/headless_shell
+ â•”â•â•â•â•â•â•â•â•â•â•â•â•â•â•â•â•â•â•â•â•â•â•â•â•â•â•â•â•â•â•â•â•â•â•â•â•â•â•â•â•â•â•â•â•â•â•â•â•â•â•â•â•â•â•â•â•â•â•â•â•â•â•â•â•â•â•â•â•â•â•â•â•â•â•—
+ â•‘ Looks like Playwright Test or Playwright was just installed or updated. â•‘
+ â•‘ Please run the following command to download new browsers:              â•‘
+ â•‘                                                                         â•‘
+ â•‘     pnpm exec playwright install                                        â•‘
+ â•‘                                                                         â•‘
+ â•‘ <3 Playwright Team                                                      â•‘
+ â•šâ•â•â•â•â•â•â•â•â•â•â•â•â•â•â•â•â•â•â•â•â•â•â•â•â•â•â•â•â•â•â•â•â•â•â•â•â•â•â•â•â•â•â•â•â•â•â•â•â•â•â•â•â•â•â•â•â•â•â•â•â•â•â•â•â•â•â•â•â•â•â•â•â•â•
+     at /app/packages/browser/dist/webdriver-AHRa6U3j.js:80:54
+     at PlaywrightBrowserProvider.createContext (/app/packages/browser/dist/webdriver-AHRa6U3j.js:206:19)
+     at PlaywrightBrowserProvider.openBrowserPage (/app/packages/browser/dist/webdriver-AHRa6U3j.js:266:19)
+     at PlaywrightBrowserProvider.openPage (/app/packages/browser/dist/webdriver-AHRa6U3j.js:280:23)
+     at BrowserPool.openPage (/app/packages/browser/dist/index.js:3934:3)
+     at BrowserPool.runTests (/app/packages/browser/dist/index.js:3924:3)
+     at runWorkspaceTests (/app/packages/browser/dist/index.js:3832:3)
+     at executeTests (/app/packages/vitest/dist/chunks/coverage.Dvxug1RM.js:3329:8)
+     at /app/packages/vitest/dist/chunks/cli-api.DjhcbVWd.js:9552:6
+     at Vitest.runFiles (/app/packages/vitest/dist/chunks/cli-api.DjhcbVWd.js:9571:7)
+     at Vitest.start (/app/packages/vitest/dist/chunks/cli-api.DjhcbVWd.js:9474:98)
+     at startVitest (/app/packages/vitest/dist/chunks/cli-api.DjhcbVWd.js:10320:8)
+     at runVitest (/app/test/test-utils/index.ts:79:11)
+     at /app/test/cli/test/public-api.test.ts:23:35
+     at /app/packages/runner/dist/chunk-hooks.js:1061:20 {
+   name: 'Error',
+   type: 'Unhandled Error',
+   stacks: [
+     {
+       method: '',
+       file: '/app/packages/browser/dist/webdriver-AHRa6U3j.js',
+       line: 80,
+       column: 54
+     },
+     {
+       method: 'PlaywrightBrowserProvider.createContext',
+       file: '/app/packages/browser/dist/webdriver-AHRa6U3j.js',
+       line: 206,
+       column: 19
+     },
+     {
+       method: 'PlaywrightBrowserProvider.openBrowserPage',
+       file: '/app/packages/browser/dist/webdriver-AHRa6U3j.js',
+       line: 266,
+       column: 19
+     },
+     {
+       method: 'PlaywrightBrowserProvider.openPage',
+       file: '/app/packages/browser/dist/webdriver-AHRa6U3j.js',
+       line: 280,
+       column: 23
+     },
+     {
+       method: 'BrowserPool.openPage',
+       file: '/app/packages/browser/dist/index.js',
+       line: 3934,
+       column: 3
+     },
+     {
+       method: 'BrowserPool.runTests',
+       file: '/app/packages/browser/dist/index.js',
+       line: 3924,
+       column: 3
+     },
+     {
+       method: 'runWorkspaceTests',
+       file: '/app/packages/browser/dist/index.js',
+       line: 3832,
+       column: 3
+     },
+     {
+       method: 'executeTests',
+       file: '/app/packages/vitest/dist/chunks/coverage.Dvxug1RM.js',
+       line: 3329,
+       column: 8
+     },
+     {
+       method: '',
+       file: '/app/packages/vitest/dist/chunks/cli-api.DjhcbVWd.js',
+       line: 9552,
+       column: 6
+     },
+     {
+       method: 'Vitest.runFiles',
+       file: '/app/packages/vitest/dist/chunks/cli-api.DjhcbVWd.js',
+       line: 9571,
+       column: 7
+     },
+     {
+       method: 'Vitest.start',
+       file: '/app/packages/vitest/dist/chunks/cli-api.DjhcbVWd.js',
+       line: 9474,
+       column: 98
+     },
+     {
+       method: 'startVitest',
+       file: '/app/packages/vitest/dist/chunks/cli-api.DjhcbVWd.js',
+       line: 10320,
+       column: 8
+     },
+     {
+       method: 'runVitest',
+       file: '/app/test/test-utils/index.ts',
+       line: 79,
+       column: 11
+     },
+     {
+       method: '',
+       file: '/app/test/cli/test/public-api.test.ts',
+       line: 23,
+       column: 35
+     },
+     {
+       method: '',
+       file: '/app/packages/runner/dist/chunk-hooks.js',
+       line: 1061,
+       column: 20
+     }
+   ]
+ }
+
[36m [2mâ¯[22m test/public-api.test.ts:[2m47:18[22m[39m
    [90m 45| [39m  })
    [90m 46| [39m
    [90m 47| [39m  [34mexpect[39m(stderr)[33m.[39m[34mtoBe[39m([32m''[39m)
    [90m   | [39m                 [31m^[39m
    [90m 48| [39m
    [90m 49| [39m  [34mexpect[39m(stdout)[33m.[39m[34mtoContain[39m([32m'custom.spec.ts > custom'[39m)
[31m[2mâ¯â¯â¯â¯â¯â¯â¯â¯â¯â¯â¯â¯â¯â¯â¯â¯â¯â¯â¯â¯â¯â¯[13/18]â¯[22m[39m
[41m[1m FAIL [22m[49m test/scoped-fixtures.test.ts[2m > [22mworks properly in 'browser'[2m > [22mfile and worker fixtures are initiated
[31m[1mAssertionError[22m: expected 'â¯â¯â¯â¯â¯â¯ Unhandled Errors â¯â¯â¯â¯â¯â¯\n\nVitest caught 1 unhandled error during the test run.\nThis might cause false positive tests. Resolve unhandled errors to make sure your tests are not affected.\n\nâ¯â¯â¯â¯â¯â¯ Unhandled Error â¯â¯â¯â¯â¯â¯â¯\nError: browserType.launch: Executable doesn\'t exist at /app/.cache/ms-playwright/chromium_headless_shell-1181/chrome-linux/headless_shell\nâ•”â•â•â•â•â•â•â•â•â•â•â•â•â•â•â•â•â•â•â•â•â•â•â•â•â•â•â•â•â•â•â•â•â•â•â•â•â•â•â•â•â•â•â•â•â•â•â•â•â•â•â•â•â•â•â•â•â•â•â•â•â•â•â•â•â•â•â•â•â•â•â•â•â•â•—\nâ•‘ Looks like Playwright Test or Playwright was just installed or updated. â•‘\nâ•‘ Please run the following command to download new browsers:              â•‘\nâ•‘                                                                         â•‘\nâ•‘     pnpm exec playwright install                                        â•‘\nâ•‘                                                                         â•‘\nâ•‘ <3 Playwright Team                                                      â•‘\nâ•šâ•â•â•â•â•â•â•â•â•â•â•â•â•â•â•â•â•â•â•â•â•â•â•â•â•â•â•â•â•â•â•â•â•â•â•â•â•â•â•â•â•â•â•â•â•â•â•â•â•â•â•â•â•â•â•â•â•â•â•â•â•â•â•â•â•â•â•â•â•â•â•â•â•â•\n â¯ ../../..â€¦' to be '' // Object.is equality[39m
- Expected
+ Received
+ â¯â¯â¯â¯â¯â¯ Unhandled Errors â¯â¯â¯â¯â¯â¯
+
+ Vitest caught 1 unhandled error during the test run.
+ This might cause false positive tests. Resolve unhandled errors to make sure your tests are not affected.
+
+ â¯â¯â¯â¯â¯â¯ Unhandled Error â¯â¯â¯â¯â¯â¯â¯
+ Error: browserType.launch: Executable doesn't exist at /app/.cache/ms-playwright/chromium_headless_shell-1181/chrome-linux/headless_shell
+ â•”â•â•â•â•â•â•â•â•â•â•â•â•â•â•â•â•â•â•â•â•â•â•â•â•â•â•â•â•â•â•â•â•â•â•â•â•â•â•â•â•â•â•â•â•â•â•â•â•â•â•â•â•â•â•â•â•â•â•â•â•â•â•â•â•â•â•â•â•â•â•â•â•â•â•—
+ â•‘ Looks like Playwright Test or Playwright was just installed or updated. â•‘
+ â•‘ Please run the following command to download new browsers:              â•‘
+ â•‘                                                                         â•‘
+ â•‘     pnpm exec playwright install                                        â•‘
+ â•‘                                                                         â•‘
+ â•‘ <3 Playwright Team                                                      â•‘
+ â•šâ•â•â•â•â•â•â•â•â•â•â•â•â•â•â•â•â•â•â•â•â•â•â•â•â•â•â•â•â•â•â•â•â•â•â•â•â•â•â•â•â•â•â•â•â•â•â•â•â•â•â•â•â•â•â•â•â•â•â•â•â•â•â•â•â•â•â•â•â•â•â•â•â•â•
+  â¯ ../../../packages/browser/dist/webdriver-AHRa6U3j.js:80:54
+  â¯ PlaywrightBrowserProvider.createContext ../../../packages/browser/dist/webdriver-AHRa6U3j.js:206:19
+  â¯ PlaywrightBrowserProvider.openBrowserPage ../../../packages/browser/dist/webdriver-AHRa6U3j.js:266:19
+  â¯ PlaywrightBrowserProvider.openPage ../../../packages/browser/dist/webdriver-AHRa6U3j.js:280:23
+  â¯ BrowserPool.openPage ../../../packages/browser/dist/index.js:3934:3
+  â¯ BrowserPool.runTests ../../../packages/browser/dist/index.js:3924:3
+  â¯ runWorkspaceTests ../../../packages/browser/dist/index.js:3832:3
+  â¯ executeTests ../../../packages/vitest/dist/chunks/coverage.Dvxug1RM.js:3329:8
+  â¯ ../../../packages/vitest/dist/chunks/cli-api.DjhcbVWd.js:9552:6
+  â¯ Vitest.runFiles ../../../packages/vitest/dist/chunks/cli-api.DjhcbVWd.js:9571:7
+  â¯ Vitest.start ../../../packages/vitest/dist/chunks/cli-api.DjhcbVWd.js:9474:98
+  â¯ startVitest ../../../packages/vitest/dist/chunks/cli-api.DjhcbVWd.js:10320:8
+  â¯ runVitest ../../test-utils/index.ts:79:11
+  â¯ runInlineTests ../../test-utils/index.ts:363:18
+  â¯ runFixtureTests ../test/scoped-fixtures.test.ts:710:30
+  â¯ ../test/scoped-fixtures.test.ts:566:41
+  â¯ ../../../packages/runner/dist/chunk-hooks.js:1061:20
+
+ â¯â¯â¯â¯â¯â¯â¯â¯â¯â¯â¯â¯â¯â¯â¯â¯â¯â¯â¯â¯â¯â¯â¯â¯â¯â¯â¯â¯â¯â¯
+
+ error during close browserType.launch: Executable doesn't exist at /app/.cache/ms-playwright/chromium_headless_shell-1181/chrome-linux/headless_shell
+ â•”â•â•â•â•â•â•â•â•â•â•â•â•â•â•â•â•â•â•â•â•â•â•â•â•â•â•â•â•â•â•â•â•â•â•â•â•â•â•â•â•â•â•â•â•â•â•â•â•â•â•â•â•â•â•â•â•â•â•â•â•â•â•â•â•â•â•â•â•â•â•â•â•â•â•—
+ â•‘ Looks like Playwright Test or Playwright was just installed or updated. â•‘
+ â•‘ Please run the following command to download new browsers:              â•‘
+ â•‘                                                                         â•‘
+ â•‘     pnpm exec playwright install                                        â•‘
+ â•‘                                                                         â•‘
+ â•‘ <3 Playwright Team                                                      â•‘
+ â•šâ•â•â•â•â•â•â•â•â•â•â•â•â•â•â•â•â•â•â•â•â•â•â•â•â•â•â•â•â•â•â•â•â•â•â•â•â•â•â•â•â•â•â•â•â•â•â•â•â•â•â•â•â•â•â•â•â•â•â•â•â•â•â•â•â•â•â•â•â•â•â•â•â•â•
+     at /app/packages/browser/dist/webdriver-AHRa6U3j.js:80:54
+     at PlaywrightBrowserProvider.createContext (/app/packages/browser/dist/webdriver-AHRa6U3j.js:206:19)
+     at PlaywrightBrowserProvider.openBrowserPage (/app/packages/browser/dist/webdriver-AHRa6U3j.js:266:19)
+     at PlaywrightBrowserProvider.openPage (/app/packages/browser/dist/webdriver-AHRa6U3j.js:280:23)
+     at BrowserPool.openPage (/app/packages/browser/dist/index.js:3934:3)
+     at BrowserPool.runTests (/app/packages/browser/dist/index.js:3924:3)
+     at runWorkspaceTests (/app/packages/browser/dist/index.js:3832:3)
+     at executeTests (/app/packages/vitest/dist/chunks/coverage.Dvxug1RM.js:3329:8)
+     at /app/packages/vitest/dist/chunks/cli-api.DjhcbVWd.js:9552:6
+     at Vitest.runFiles (/app/packages/vitest/dist/chunks/cli-api.DjhcbVWd.js:9571:7)
+     at Vitest.start (/app/packages/vitest/dist/chunks/cli-api.DjhcbVWd.js:9474:98)
+     at startVitest (/app/packages/vitest/dist/chunks/cli-api.DjhcbVWd.js:10320:8)
+     at runVitest (/app/test/test-utils/index.ts:79:11)
+     at runInlineTests (/app/test/test-utils/index.ts:363:18)
+     at runFixtureTests (/app/test/cli/test/scoped-fixtures.test.ts:710:30)
+     at /app/test/cli/test/scoped-fixtures.test.ts:566:41
+     at /app/packages/runner/dist/chunk-hooks.js:1061:20 {
+   name: 'Error',
+   type: 'Unhandled Error',
+   stacks: [
+     {
+       method: '',
+       file: '/app/packages/browser/dist/webdriver-AHRa6U3j.js',
+       line: 80,
+       column: 54
+     },
+     {
+       method: 'PlaywrightBrowserProvider.createContext',
+       file: '/app/packages/browser/dist/webdriver-AHRa6U3j.js',
+       line: 206,
+       column: 19
+     },
+     {
+       method: 'PlaywrightBrowserProvider.openBrowserPage',
+       file: '/app/packages/browser/dist/webdriver-AHRa6U3j.js',
+       line: 266,
+       column: 19
+     },
+     {
+       method: 'PlaywrightBrowserProvider.openPage',
+       file: '/app/packages/browser/dist/webdriver-AHRa6U3j.js',
+       line: 280,
+       column: 23
+     },
+     {
+       method: 'BrowserPool.openPage',
+       file: '/app/packages/browser/dist/index.js',
+       line: 3934,
+       column: 3
+     },
+     {
+       method: 'BrowserPool.runTests',
+       file: '/app/packages/browser/dist/index.js',
+       line: 3924,
+       column: 3
+     },
+     {
+       method: 'runWorkspaceTests',
+       file: '/app/packages/browser/dist/index.js',
+       line: 3832,
+       column: 3
+     },
+     {
+       method: 'executeTests',
+       file: '/app/packages/vitest/dist/chunks/coverage.Dvxug1RM.js',
+       line: 3329,
+       column: 8
+     },
+     {
+       method: '',
+       file: '/app/packages/vitest/dist/chunks/cli-api.DjhcbVWd.js',
+       line: 9552,
+       column: 6
+     },
+     {
+       method: 'Vitest.runFiles',
+       file: '/app/packages/vitest/dist/chunks/cli-api.DjhcbVWd.js',
+       line: 9571,
+       column: 7
+     },
+     {
+       method: 'Vitest.start',
+       file: '/app/packages/vitest/dist/chunks/cli-api.DjhcbVWd.js',
+       line: 9474,
+       column: 98
+     },
+     {
+       method: 'startVitest',
+       file: '/app/packages/vitest/dist/chunks/cli-api.DjhcbVWd.js',
+       line: 10320,
+       column: 8
+     },
+     {
+       method: 'runVitest',
+       file: '/app/test/test-utils/index.ts',
+       line: 79,
+       column: 11
+     },
+     {
+       method: 'runInlineTests',
+       file: '/app/test/test-utils/index.ts',
+       line: 363,
+       column: 18
+     },
+     {
+       method: 'runFixtureTests',
+       file: '/app/test/cli/test/scoped-fixtures.test.ts',
+       line: 710,
+       column: 30
+     },
+     {
+       method: '',
+       file: '/app/test/cli/test/scoped-fixtures.test.ts',
+       line: 566,
+       column: 41
+     },
+     {
+       method: '',
+       file: '/app/packages/runner/dist/chunk-hooks.js',
+       line: 1061,
+       column: 20
+     }
+   ]
+ }
+
[36m [2mâ¯[22m test/scoped-fixtures.test.ts:[2m593:20[22m[39m
    [90m591| [39m    })
    [90m592| [39m
    [90m593| [39m    [34mexpect[39m(stderr)[33m.[39m[34mtoBe[39m([32m''[39m)
    [90m   | [39m                   [31m^[39m
    [90m594| [39m    [34mexpect[39m(fixtures)[33m.[39m[34mtoMatchInlineSnapshot[39m([32m`
    [90m595| [39m      ">> fixture | init worker | test1
[31m[2mâ¯â¯â¯â¯â¯â¯â¯â¯â¯â¯â¯â¯â¯â¯â¯â¯â¯â¯â¯â¯â¯â¯[14/18]â¯[22m[39m
[41m[1m FAIL [22m[49m test/scoped-fixtures.test.ts[2m > [22mworks properly in 'browser'[2m > [22mfile and worker fixtures are initiated with auto
[31m[1mAssertionError[22m: expected 'â¯â¯â¯â¯â¯â¯ Unhandled Errors â¯â¯â¯â¯â¯â¯\n\nVitest caught 1 unhandled error during the test run.\nThis might cause false positive tests. Resolve unhandled errors to make sure your tests are not affected.\n\nâ¯â¯â¯â¯â¯â¯ Unhandled Error â¯â¯â¯â¯â¯â¯â¯\nError: browserType.launch: Executable doesn\'t exist at /app/.cache/ms-playwright/chromium_headless_shell-1181/chrome-linux/headless_shell\nâ•”â•â•â•â•â•â•â•â•â•â•â•â•â•â•â•â•â•â•â•â•â•â•â•â•â•â•â•â•â•â•â•â•â•â•â•â•â•â•â•â•â•â•â•â•â•â•â•â•â•â•â•â•â•â•â•â•â•â•â•â•â•â•â•â•â•â•â•â•â•â•â•â•â•â•—\nâ•‘ Looks like Playwright Test or Playwright was just installed or updated. â•‘\nâ•‘ Please run the following command to download new browsers:              â•‘\nâ•‘                                                                         â•‘\nâ•‘     pnpm exec playwright install                                        â•‘\nâ•‘                                                                         â•‘\nâ•‘ <3 Playwright Team                                                      â•‘\nâ•šâ•â•â•â•â•â•â•â•â•â•â•â•â•â•â•â•â•â•â•â•â•â•â•â•â•â•â•â•â•â•â•â•â•â•â•â•â•â•â•â•â•â•â•â•â•â•â•â•â•â•â•â•â•â•â•â•â•â•â•â•â•â•â•â•â•â•â•â•â•â•â•â•â•â•\n â¯ ../../..â€¦' to be '' // Object.is equality[39m
- Expected
+ Received
+ â¯â¯â¯â¯â¯â¯ Unhandled Errors â¯â¯â¯â¯â¯â¯
+
+ Vitest caught 1 unhandled error during the test run.
+ This might cause false positive tests. Resolve unhandled errors to make sure your tests are not affected.
+
+ â¯â¯â¯â¯â¯â¯ Unhandled Error â¯â¯â¯â¯â¯â¯â¯
+ Error: browserType.launch: Executable doesn't exist at /app/.cache/ms-playwright/chromium_headless_shell-1181/chrome-linux/headless_shell
+ â•”â•â•â•â•â•â•â•â•â•â•â•â•â•â•â•â•â•â•â•â•â•â•â•â•â•â•â•â•â•â•â•â•â•â•â•â•â•â•â•â•â•â•â•â•â•â•â•â•â•â•â•â•â•â•â•â•â•â•â•â•â•â•â•â•â•â•â•â•â•â•â•â•â•â•—
+ â•‘ Looks like Playwright Test or Playwright was just installed or updated. â•‘
+ â•‘ Please run the following command to download new browsers:              â•‘
+ â•‘                                                                         â•‘
+ â•‘     pnpm exec playwright install                                        â•‘
+ â•‘                                                                         â•‘
+ â•‘ <3 Playwright Team                                                      â•‘
+ â•šâ•â•â•â•â•â•â•â•â•â•â•â•â•â•â•â•â•â•â•â•â•â•â•â•â•â•â•â•â•â•â•â•â•â•â•â•â•â•â•â•â•â•â•â•â•â•â•â•â•â•â•â•â•â•â•â•â•â•â•â•â•â•â•â•â•â•â•â•â•â•â•â•â•â•
+  â¯ ../../../packages/browser/dist/webdriver-AHRa6U3j.js:80:54
+  â¯ PlaywrightBrowserProvider.createContext ../../../packages/browser/dist/webdriver-AHRa6U3j.js:206:19
+  â¯ PlaywrightBrowserProvider.openBrowserPage ../../../packages/browser/dist/webdriver-AHRa6U3j.js:266:19
+  â¯ PlaywrightBrowserProvider.openPage ../../../packages/browser/dist/webdriver-AHRa6U3j.js:280:23
+  â¯ BrowserPool.openPage ../../../packages/browser/dist/index.js:3934:3
+  â¯ BrowserPool.runTests ../../../packages/browser/dist/index.js:3924:3
+  â¯ runWorkspaceTests ../../../packages/browser/dist/index.js:3832:3
+  â¯ executeTests ../../../packages/vitest/dist/chunks/coverage.Dvxug1RM.js:3329:8
+  â¯ ../../../packages/vitest/dist/chunks/cli-api.DjhcbVWd.js:9552:6
+  â¯ Vitest.runFiles ../../../packages/vitest/dist/chunks/cli-api.DjhcbVWd.js:9571:7
+  â¯ Vitest.start ../../../packages/vitest/dist/chunks/cli-api.DjhcbVWd.js:9474:98
+  â¯ startVitest ../../../packages/vitest/dist/chunks/cli-api.DjhcbVWd.js:10320:8
+  â¯ runVitest ../../test-utils/index.ts:79:11
+  â¯ runInlineTests ../../test-utils/index.ts:363:18
+  â¯ runFixtureTests ../test/scoped-fixtures.test.ts:710:30
+  â¯ ../test/scoped-fixtures.test.ts:604:41
+  â¯ ../../../packages/runner/dist/chunk-hooks.js:1061:20
+
+ â¯â¯â¯â¯â¯â¯â¯â¯â¯â¯â¯â¯â¯â¯â¯â¯â¯â¯â¯â¯â¯â¯â¯â¯â¯â¯â¯â¯â¯â¯
+
+ Error:   Failed to scan for dependencies from entries:
+   /app/test/cli/vitest-test-9a89d783-aa7f-4161-a3cb-eff3832e9c39/basic.test.ts
+ /app/packages/vitest/dist/index.js
+ /app/packages/vitest/dist/browser.js
+ /app/packages/vitest/dist/runners.js
+
+   âœ˜ [ERROR] The server is being restarted or closed. Request is outdated [plugin vite:dep-scan]
+
+     ../../node_modules/.pnpm/esbuild@0.25.5/node_modules/esbuild/lib/main.js:1213:27:
+       1213 â”‚         let result = await callback({
+            â•µ                            ^
+
+     at throwClosedServerError (file:///app/node_modules/.pnpm/vite@6.3.5_@types+node@22.16.5_jiti@2.4.2_lightningcss@1.30.1_sass-embedded@1.89.2_terser@5.36.0_tsx@4.20.3_yaml@2.8.0/node_modules/vite/dist/node/chunks/dep-DBxKXgDP.js:42026:15)
+     at EnvironmentPluginContainer.resolveId (file:///app/node_modules/.pnpm/vite@6.3.5_@types+node@22.16.5_jiti@2.4.2_lightningcss@1.30.1_sass-embedded@1.89.2_terser@5.36.0_tsx@4.20.3_yaml@2.8.0/node_modules/vite/dist/node/chunks/dep-DBxKXgDP.js:42205:9)
+     at resolveId (file:///app/node_modules/.pnpm/vite@6.3.5_@types+node@22.16.5_jiti@2.4.2_lightningcss@1.30.1_sass-embedded@1.89.2_terser@5.36.0_tsx@4.20.3_yaml@2.8.0/node_modules/vite/dist/node/chunks/dep-DBxKXgDP.js:14314:40)
+     at resolve (file:///app/node_modules/.pnpm/vite@6.3.5_@types+node@22.16.5_jiti@2.4.2_lightningcss@1.30.1_sass-embedded@1.89.2_terser@5.36.0_tsx@4.20.3_yaml@2.8.0/node_modules/vite/dist/node/chunks/dep-DBxKXgDP.js:14325:28)
+     at file:///app/node_modules/.pnpm/vite@6.3.5_@types+node@22.16.5_jiti@2.4.2_lightningcss@1.30.1_sass-embedded@1.89.2_terser@5.36.0_tsx@4.20.3_yaml@2.8.0/node_modules/vite/dist/node/chunks/dep-DBxKXgDP.js:14534:34
+     at requestCallbacks.on-resolve (/app/node_modules/.pnpm/esbuild@0.25.5/node_modules/esbuild/lib/main.js:1213:28)
+     at handleRequest (/app/node_modules/.pnpm/esbuild@0.25.5/node_modules/esbuild/lib/main.js:626:17)
+     at handleIncomingPacket (/app/node_modules/.pnpm/esbuild@0.25.5/node_modules/esbuild/lib/main.js:651:7)
+     at Socket.readFromStdout (/app/node_modules/.pnpm/esbuild@0.25.5/node_modules/esbuild/lib/main.js:579:7)
+     at Socket.emit (node:events:518:28)
+
+   This error came from the "onResolve" callback registered here:
+
+     ../../node_modules/.pnpm/esbuild@0.25.5/node_modules/esbuild/lib/main.js:1137:20:
+       1137 â”‚       let promise = setup({
+            â•µ                     ^
+
+     at setup (file:///app/node_modules/.pnpm/vite@6.3.5_@types+node@22.16.5_jiti@2.4.2_lightningcss@1.30.1_sass-embedded@1.89.2_terser@5.36.0_tsx@4.20.3_yaml@2.8.0/node_modules/vite/dist/node/chunks/dep-DBxKXgDP.js:14529:13)
+     at handlePlugins (/app/node_modules/.pnpm/esbuild@0.25.5/node_modules/esbuild/lib/main.js:1137:21)
+     at buildOrContextImpl (/app/node_modules/.pnpm/esbuild@0.25.5/node_modules/esbuild/lib/main.js:852:5)
+     at Object.buildOrContext (/app/node_modules/.pnpm/esbuild@0.25.5/node_modules/esbuild/lib/main.js:678:5)
+     at /app/node_modules/.pnpm/esbuild@0.25.5/node_modules/esbuild/lib/main.js:2030:68
+     at new Promise (<anonymous>)
+     at Object.context (/app/node_modules/.pnpm/esbuild@0.25.5/node_modules/esbuild/lib/main.js:2030:27)
+     at Object.context (/app/node_modules/.pnpm/esbuild@0.25.5/node_modules/esbuild/lib/main.js:1872:58)
+     at prepareEsbuildScanner (file:///app/node_modules/.pnpm/vite@6.3.5_@types+node@22.16.5_jiti@2.4.2_lightningcss@1.30.1_sass-embedded@1.89.2_terser@5.36.0_tsx@4.20.3_yaml@2.8.0/node_modules/vite/dist/node/chunks/dep-DBxKXgDP.js:14266:24)
+
+   The plugin "vite:dep-scan" was triggered by this import
+
+     <stdin>:2:7:
+       2 â”‚ import "/app/packages/vitest/dist/index.js"
+         â•µ        ~~~~~~~~~~~~~~~~~~~~~~~~~~~~~~~~~~~~
+
+
+ âœ˜ [ERROR] The server is being restarted or closed. Request is outdated [plugin vite:dep-scan]
+
+     ../../node_modules/.pnpm/esbuild@0.25.5/node_modules/esbuild/lib/main.js:1213:27:
+       1213 â”‚         let result = await callback({
+            â•µ                            ^
+
+     at throwClosedServerError (file:///app/node_modules/.pnpm/vite@6.3.5_@types+node@22.16.5_jiti@2.4.2_lightningcss@1.30.1_sass-embedded@1.89.2_terser@5.36.0_tsx@4.20.3_yaml@2.8.0/node_modules/vite/dist/node/chunks/dep-DBxKXgDP.js:42026:15)
+     at EnvironmentPluginContainer.resolveId (file:///app/node_modules/.pnpm/vite@6.3.5_@types+node@22.16.5_jiti@2.4.2_lightningcss@1.30.1_sass-embedded@1.89.2_terser@5.36.0_tsx@4.20.3_yaml@2.8.0/node_modules/vite/dist/node/chunks/dep-DBxKXgDP.js:42205:9)
+     at resolveId (file:///app/node_modules/.pnpm/vite@6.3.5_@types+node@22.16.5_jiti@2.4.2_lightningcss@1.30.1_sass-embedded@1.89.2_terser@5.36.0_tsx@4.20.3_yaml@2.8.0/node_modules/vite/dist/node/chunks/dep-DBxKXgDP.js:14314:40)
+     at resolve (file:///app/node_modules/.pnpm/vite@6.3.5_@types+node@22.16.5_jiti@2.4.2_lightningcss@1.30.1_sass-embedded@1.89.2_terser@5.36.0_tsx@4.20.3_yaml@2.8.0/node_modules/vite/dist/node/chunks/dep-DBxKXgDP.js:14325:28)
+     at file:///app/node_modules/.pnpm/vite@6.3.5_@types+node@22.16.5_jiti@2.4.2_lightningcss@1.30.1_sass-embedded@1.89.2_terser@5.36.0_tsx@4.20.3_yaml@2.8.0/node_modules/vite/dist/node/chunks/dep-DBxKXgDP.js:14534:34
+     at requestCallbacks.on-resolve (/app/node_modules/.pnpm/esbuild@0.25.5/node_modules/esbuild/lib/main.js:1213:28)
+     at handleRequest (/app/node_modules/.pnpm/esbuild@0.25.5/node_modules/esbuild/lib/main.js:626:17)
+     at handleIncomingPacket (/app/node_modules/.pnpm/esbuild@0.25.5/node_modules/esbuild/lib/main.js:651:7)
+     at Socket.readFromStdout (/app/node_modules/.pnpm/esbuild@0.25.5/node_modules/esbuild/lib/main.js:579:7)
+     at Socket.emit (node:events:518:28)
+
+   This error came from the "onResolve" callback registered here:
+
+     ../../node_modules/.pnpm/esbuild@0.25.5/node_modules/esbuild/lib/main.js:1137:20:
+       1137 â”‚       let promise = setup({
+            â•µ                     ^
+
+     at setup (file:///app/node_modules/.pnpm/vite@6.3.5_@types+node@22.16.5_jiti@2.4.2_lightningcss@1.30.1_sass-embedded@1.89.2_terser@5.36.0_tsx@4.20.3_yaml@2.8.0/node_modules/vite/dist/node/chunks/dep-DBxKXgDP.js:14529:13)
+     at handlePlugins (/app/node_modules/.pnpm/esbuild@0.25.5/node_modules/esbuild/lib/main.js:1137:21)
+     at buildOrContextImpl (/app/node_modules/.pnpm/esbuild@0.25.5/node_modules/esbuild/lib/main.js:852:5)
+     at Object.buildOrContext (/app/node_modules/.pnpm/esbuild@0.25.5/node_modules/esbuild/lib/main.js:678:5)
+     at /app/node_modules/.pnpm/esbuild@0.25.5/node_modules/esbuild/lib/main.js:2030:68
+     at new Promise (<anonymous>)
+     at Object.context (/app/node_modules/.pnpm/esbuild@0.25.5/node_modules/esbuild/lib/main.js:2030:27)
+     at Object.context (/app/node_modules/.pnpm/esbuild@0.25.5/node_modules/esbuild/lib/main.js:1872:58)
+     at prepareEsbuildScanner (file:///app/node_modules/.pnpm/vite@6.3.5_@types+node@22.16.5_jiti@2.4.2_lightningcss@1.30.1_sass-embedded@1.89.2_terser@5.36.0_tsx@4.20.3_yaml@2.8.0/node_modules/vite/dist/node/chunks/dep-DBxKXgDP.js:14266:24)
+
+   The plugin "vite:dep-scan" was triggered by this import
+
+     <stdin>:3:7:
+       3 â”‚ import "/app/packages/vitest/dist/browser.js"
+         â•µ        ~~~~~~~~~~~~~~~~~~~~~~~~~~~~~~~~~~~~~~
+
+
+ âœ˜ [ERROR] The server is being restarted or closed. Request is outdated [plugin vite:dep-scan]
+
+     ../../node_modules/.pnpm/esbuild@0.25.5/node_modules/esbuild/lib/main.js:1213:27:
+       1213 â”‚         let result = await callback({
+            â•µ                            ^
+
+     at throwClosedServerError (file:///app/node_modules/.pnpm/vite@6.3.5_@types+node@22.16.5_jiti@2.4.2_lightningcss@1.30.1_sass-embedded@1.89.2_terser@5.36.0_tsx@4.20.3_yaml@2.8.0/node_modules/vite/dist/node/chunks/dep-DBxKXgDP.js:42026:15)
+     at EnvironmentPluginContainer.resolveId (file:///app/node_modules/.pnpm/vite@6.3.5_@types+node@22.16.5_jiti@2.4.2_lightningcss@1.30.1_sass-embedded@1.89.2_terser@5.36.0_tsx@4.20.3_yaml@2.8.0/node_modules/vite/dist/node/chunks/dep-DBxKXgDP.js:42205:9)
+     at resolveId (file:///app/node_modules/.pnpm/vite@6.3.5_@types+node@22.16.5_jiti@2.4.2_lightningcss@1.30.1_sass-embedded@1.89.2_terser@5.36.0_tsx@4.20.3_yaml@2.8.0/node_modules/vite/dist/node/chunks/dep-DBxKXgDP.js:14314:40)
+     at resolve (file:///app/node_modules/.pnpm/vite@6.3.5_@types+node@22.16.5_jiti@2.4.2_lightningcss@1.30.1_sass-embedded@1.89.2_terser@5.36.0_tsx@4.20.3_yaml@2.8.0/node_modules/vite/dist/node/chunks/dep-DBxKXgDP.js:14325:28)
+     at file:///app/node_modules/.pnpm/vite@6.3.5_@types+node@22.16.5_jiti@2.4.2_lightningcss@1.30.1_sass-embedded@1.89.2_terser@5.36.0_tsx@4.20.3_yaml@2.8.0/node_modules/vite/dist/node/chunks/dep-DBxKXgDP.js:14534:34
+     at requestCallbacks.on-resolve (/app/node_modules/.pnpm/esbuild@0.25.5/node_modules/esbuild/lib/main.js:1213:28)
+     at handleRequest (/app/node_modules/.pnpm/esbuild@0.25.5/node_modules/esbuild/lib/main.js:626:17)
+     at handleIncomingPacket (/app/node_modules/.pnpm/esbuild@0.25.5/node_modules/esbuild/lib/main.js:651:7)
+     at Socket.readFromStdout (/app/node_modules/.pnpm/esbuild@0.25.5/node_modules/esbuild/lib/main.js:579:7)
+     at Socket.emit (node:events:518:28)
+
+   This error came from the "onResolve" callback registered here:
+
+     ../../node_modules/.pnpm/esbuild@0.25.5/node_modules/esbuild/lib/main.js:1137:20:
+       1137 â”‚       let promise = setup({
+            â•µ                     ^
+
+     at setup (file:///app/node_modules/.pnpm/vite@6.3.5_@types+node@22.16.5_jiti@2.4.2_lightningcss@1.30.1_sass-embedded@1.89.2_terser@5.36.0_tsx@4.20.3_yaml@2.8.0/node_modules/vite/dist/node/chunks/dep-DBxKXgDP.js:14529:13)
+     at handlePlugins (/app/node_modules/.pnpm/esbuild@0.25.5/node_modules/esbuild/lib/main.js:1137:21)
+     at buildOrContextImpl (/app/node_modules/.pnpm/esbuild@0.25.5/node_modules/esbuild/lib/main.js:852:5)
+     at Object.buildOrContext (/app/node_modules/.pnpm/esbuild@0.25.5/node_modules/esbuild/lib/main.js:678:5)
+     at /app/node_modules/.pnpm/esbuild@0.25.5/node_modules/esbuild/lib/main.js:2030:68
+     at new Promise (<anonymous>)
+     at Object.context (/app/node_modules/.pnpm/esbuild@0.25.5/node_modules/esbuild/lib/main.js:2030:27)
+     at Object.context (/app/node_modules/.pnpm/esbuild@0.25.5/node_modules/esbuild/lib/main.js:1872:58)
+     at prepareEsbuildScanner (file:///app/node_modules/.pnpm/vite@6.3.5_@types+node@22.16.5_jiti@2.4.2_lightningcss@1.30.1_sass-embedded@1.89.2_terser@5.36.0_tsx@4.20.3_yaml@2.8.0/node_modules/vite/dist/node/chunks/dep-DBxKXgDP.js:14266:24)
+
+   The plugin "vite:dep-scan" was triggered by this import
+
+     <stdin>:4:7:
+       4 â”‚ import "/app/packages/vitest/dist/runners.js"
+         â•µ        ~~~~~~~~~~~~~~~~~~~~~~~~~~~~~~~~~~~~~~
+
+
+     at failureErrorWithLog (/app/node_modules/.pnpm/esbuild@0.25.5/node_modules/esbuild/lib/main.js:1463:15)
+     at /app/node_modules/.pnpm/esbuild@0.25.5/node_modules/esbuild/lib/main.js:924:25
+     at runOnEndCallbacks (/app/node_modules/.pnpm/esbuild@0.25.5/node_modules/esbuild/lib/main.js:1303:45)
+     at buildResponseToResult (/app/node_modules/.pnpm/esbuild@0.25.5/node_modules/esbuild/lib/main.js:922:7)
+     at /app/node_modules/.pnpm/esbuild@0.25.5/node_modules/esbuild/lib/main.js:934:9
+     at new Promise (<anonymous>)
+     at requestCallbacks.on-end (/app/node_modules/.pnpm/esbuild@0.25.5/node_modules/esbuild/lib/main.js:933:54)
+     at handleRequest (/app/node_modules/.pnpm/esbuild@0.25.5/node_modules/esbuild/lib/main.js:626:17)
+     at handleIncomingPacket (/app/node_modules/.pnpm/esbuild@0.25.5/node_modules/esbuild/lib/main.js:651:7)
+     at Socket.readFromStdout (/app/node_modules/.pnpm/esbuild@0.25.5/node_modules/esbuild/lib/main.js:579:7)
+ error during close browserType.launch: Executable doesn't exist at /app/.cache/ms-playwright/chromium_headless_shell-1181/chrome-linux/headless_shell
+ â•”â•â•â•â•â•â•â•â•â•â•â•â•â•â•â•â•â•â•â•â•â•â•â•â•â•â•â•â•â•â•â•â•â•â•â•â•â•â•â•â•â•â•â•â•â•â•â•â•â•â•â•â•â•â•â•â•â•â•â•â•â•â•â•â•â•â•â•â•â•â•â•â•â•â•—
+ â•‘ Looks like Playwright Test or Playwright was just installed or updated. â•‘
+ â•‘ Please run the following command to download new browsers:              â•‘
+ â•‘                                                                         â•‘
+ â•‘     pnpm exec playwright install                                        â•‘
+ â•‘                                                                         â•‘
+ â•‘ <3 Playwright Team                                                      â•‘
+ â•šâ•â•â•â•â•â•â•â•â•â•â•â•â•â•â•â•â•â•â•â•â•â•â•â•â•â•â•â•â•â•â•â•â•â•â•â•â•â•â•â•â•â•â•â•â•â•â•â•â•â•â•â•â•â•â•â•â•â•â•â•â•â•â•â•â•â•â•â•â•â•â•â•â•â•
+     at /app/packages/browser/dist/webdriver-AHRa6U3j.js:80:54
+     at PlaywrightBrowserProvider.createContext (/app/packages/browser/dist/webdriver-AHRa6U3j.js:206:19)
+     at PlaywrightBrowserProvider.openBrowserPage (/app/packages/browser/dist/webdriver-AHRa6U3j.js:266:19)
+     at PlaywrightBrowserProvider.openPage (/app/packages/browser/dist/webdriver-AHRa6U3j.js:280:23)
+     at BrowserPool.openPage (/app/packages/browser/dist/index.js:3934:3)
+     at BrowserPool.runTests (/app/packages/browser/dist/index.js:3924:3)
+     at runWorkspaceTests (/app/packages/browser/dist/index.js:3832:3)
+     at executeTests (/app/packages/vitest/dist/chunks/coverage.Dvxug1RM.js:3329:8)
+     at /app/packages/vitest/dist/chunks/cli-api.DjhcbVWd.js:9552:6
+     at Vitest.runFiles (/app/packages/vitest/dist/chunks/cli-api.DjhcbVWd.js:9571:7)
+     at Vitest.start (/app/packages/vitest/dist/chunks/cli-api.DjhcbVWd.js:9474:98)
+     at startVitest (/app/packages/vitest/dist/chunks/cli-api.DjhcbVWd.js:10320:8)
+     at runVitest (/app/test/test-utils/index.ts:79:11)
+     at runInlineTests (/app/test/test-utils/index.ts:363:18)
+     at runFixtureTests (/app/test/cli/test/scoped-fixtures.test.ts:710:30)
+     at /app/test/cli/test/scoped-fixtures.test.ts:604:41
+     at /app/packages/runner/dist/chunk-hooks.js:1061:20 {
+   name: 'Error',
+   type: 'Unhandled Error',
+   stacks: [
+     {
+       method: '',
+       file: '/app/packages/browser/dist/webdriver-AHRa6U3j.js',
+       line: 80,
+       column: 54
+     },
+     {
+       method: 'PlaywrightBrowserProvider.createContext',
+       file: '/app/packages/browser/dist/webdriver-AHRa6U3j.js',
+       line: 206,
+       column: 19
+     },
+     {
+       method: 'PlaywrightBrowserProvider.openBrowserPage',
+       file: '/app/packages/browser/dist/webdriver-AHRa6U3j.js',
+       line: 266,
+       column: 19
+     },
+     {
+       method: 'PlaywrightBrowserProvider.openPage',
+       file: '/app/packages/browser/dist/webdriver-AHRa6U3j.js',
+       line: 280,
+       column: 23
+     },
+     {
+       method: 'BrowserPool.openPage',
+       file: '/app/packages/browser/dist/index.js',
+       line: 3934,
+       column: 3
+     },
+     {
+       method: 'BrowserPool.runTests',
+       file: '/app/packages/browser/dist/index.js',
+       line: 3924,
+       column: 3
+     },
+     {
+       method: 'runWorkspaceTests',
+       file: '/app/packages/browser/dist/index.js',
+       line: 3832,
+       column: 3
+     },
+     {
+       method: 'executeTests',
+       file: '/app/packages/vitest/dist/chunks/coverage.Dvxug1RM.js',
+       line: 3329,
+       column: 8
+     },
+     {
+       method: '',
+       file: '/app/packages/vitest/dist/chunks/cli-api.DjhcbVWd.js',
+       line: 9552,
+       column: 6
+     },
+     {
+       method: 'Vitest.runFiles',
+       file: '/app/packages/vitest/dist/chunks/cli-api.DjhcbVWd.js',
+       line: 9571,
+       column: 7
+     },
+     {
+       method: 'Vitest.start',
+       file: '/app/packages/vitest/dist/chunks/cli-api.DjhcbVWd.js',
+       line: 9474,
+       column: 98
+     },
+     {
+       method: 'startVitest',
+       file: '/app/packages/vitest/dist/chunks/cli-api.DjhcbVWd.js',
+       line: 10320,
+       column: 8
+     },
+     {
+       method: 'runVitest',
+       file: '/app/test/test-utils/index.ts',
+       line: 79,
+       column: 11
+     },
+     {
+       method: 'runInlineTests',
+       file: '/app/test/test-utils/index.ts',
+       line: 363,
+       column: 18
+     },
+     {
+       method: 'runFixtureTests',
+       file: '/app/test/cli/test/scoped-fixtures.test.ts',
+       line: 710,
+       column: 30
+     },
+     {
+       method: '',
+       file: '/app/test/cli/test/scoped-fixtures.test.ts',
+       line: 604,
+       column: 41
+     },
+     {
+       method: '',
+       file: '/app/packages/runner/dist/chunk-hooks.js',
+       line: 1061,
+       column: 20
+     }
+   ]
+ }
+
[36m [2mâ¯[22m test/scoped-fixtures.test.ts:[2m631:20[22m[39m
    [90m629| [39m    })
    [90m630| [39m
    [90m631| [39m    [34mexpect[39m(stderr)[33m.[39m[34mtoBe[39m([32m''[39m)
    [90m   | [39m                   [31m^[39m
    [90m632| [39m    [34mexpect[39m(fixtures)[33m.[39m[34mtoMatchInlineSnapshot[39m([32m`
    [90m633| [39m      ">> fixture | init worker | test1
[31m[2mâ¯â¯â¯â¯â¯â¯â¯â¯â¯â¯â¯â¯â¯â¯â¯â¯â¯â¯â¯â¯â¯â¯[15/18]â¯[22m[39m
[41m[1m FAIL [22m[49m test/scoped-fixtures.test.ts[2m > [22mbrowser tests[2m > [22minitiates worker scope once for non-isolated tests
[31m[1mAssertionError[22m: expected 'â¯â¯â¯â¯â¯â¯ Unhandled Errors â¯â¯â¯â¯â¯â¯\n\nVitest caught 1 unhandled error during the test run.\nThis might cause false positive tests. Resolve unhandled errors to make sure your tests are not affected.\n\nâ¯â¯â¯â¯â¯â¯ Unhandled Error â¯â¯â¯â¯â¯â¯â¯\nError: browserType.launch: Executable doesn\'t exist at /app/.cache/ms-playwright/chromium_headless_shell-1181/chrome-linux/headless_shell\nâ•”â•â•â•â•â•â•â•â•â•â•â•â•â•â•â•â•â•â•â•â•â•â•â•â•â•â•â•â•â•â•â•â•â•â•â•â•â•â•â•â•â•â•â•â•â•â•â•â•â•â•â•â•â•â•â•â•â•â•â•â•â•â•â•â•â•â•â•â•â•â•â•â•â•â•—\nâ•‘ Looks like Playwright Test or Playwright was just installed or updated. â•‘\nâ•‘ Please run the following command to download new browsers:              â•‘\nâ•‘                                                                         â•‘\nâ•‘     pnpm exec playwright install                                        â•‘\nâ•‘                                                                         â•‘\nâ•‘ <3 Playwright Team                                                      â•‘\nâ•šâ•â•â•â•â•â•â•â•â•â•â•â•â•â•â•â•â•â•â•â•â•â•â•â•â•â•â•â•â•â•â•â•â•â•â•â•â•â•â•â•â•â•â•â•â•â•â•â•â•â•â•â•â•â•â•â•â•â•â•â•â•â•â•â•â•â•â•â•â•â•â•â•â•â•\n â¯ ../../..â€¦' to be '' // Object.is equality[39m
- Expected
+ Received
+ â¯â¯â¯â¯â¯â¯ Unhandled Errors â¯â¯â¯â¯â¯â¯
+
+ Vitest caught 1 unhandled error during the test run.
+ This might cause false positive tests. Resolve unhandled errors to make sure your tests are not affected.
+
+ â¯â¯â¯â¯â¯â¯ Unhandled Error â¯â¯â¯â¯â¯â¯â¯
+ Error: browserType.launch: Executable doesn't exist at /app/.cache/ms-playwright/chromium_headless_shell-1181/chrome-linux/headless_shell
+ â•”â•â•â•â•â•â•â•â•â•â•â•â•â•â•â•â•â•â•â•â•â•â•â•â•â•â•â•â•â•â•â•â•â•â•â•â•â•â•â•â•â•â•â•â•â•â•â•â•â•â•â•â•â•â•â•â•â•â•â•â•â•â•â•â•â•â•â•â•â•â•â•â•â•â•—
+ â•‘ Looks like Playwright Test or Playwright was just installed or updated. â•‘
+ â•‘ Please run the following command to download new browsers:              â•‘
+ â•‘                                                                         â•‘
+ â•‘     pnpm exec playwright install                                        â•‘
+ â•‘                                                                         â•‘
+ â•‘ <3 Playwright Team                                                      â•‘
+ â•šâ•â•â•â•â•â•â•â•â•â•â•â•â•â•â•â•â•â•â•â•â•â•â•â•â•â•â•â•â•â•â•â•â•â•â•â•â•â•â•â•â•â•â•â•â•â•â•â•â•â•â•â•â•â•â•â•â•â•â•â•â•â•â•â•â•â•â•â•â•â•â•â•â•â•
+  â¯ ../../../packages/browser/dist/webdriver-AHRa6U3j.js:80:54
+  â¯ PlaywrightBrowserProvider.createContext ../../../packages/browser/dist/webdriver-AHRa6U3j.js:206:19
+  â¯ PlaywrightBrowserProvider.openBrowserPage ../../../packages/browser/dist/webdriver-AHRa6U3j.js:266:19
+  â¯ PlaywrightBrowserProvider.openPage ../../../packages/browser/dist/webdriver-AHRa6U3j.js:280:23
+  â¯ BrowserPool.openPage ../../../packages/browser/dist/index.js:3934:3
+  â¯ BrowserPool.runTests ../../../packages/browser/dist/index.js:3924:3
+  â¯ runWorkspaceTests ../../../packages/browser/dist/index.js:3832:3
+  â¯ executeTests ../../../packages/vitest/dist/chunks/coverage.Dvxug1RM.js:3329:8
+  â¯ ../../../packages/vitest/dist/chunks/cli-api.DjhcbVWd.js:9552:6
+  â¯ Vitest.runFiles ../../../packages/vitest/dist/chunks/cli-api.DjhcbVWd.js:9571:7
+  â¯ Vitest.start ../../../packages/vitest/dist/chunks/cli-api.DjhcbVWd.js:9474:98
+  â¯ startVitest ../../../packages/vitest/dist/chunks/cli-api.DjhcbVWd.js:10320:8
+  â¯ runVitest ../../test-utils/index.ts:79:11
+  â¯ runInlineTests ../../test-utils/index.ts:363:18
+  â¯ runFixtureTests ../test/scoped-fixtures.test.ts:710:30
+  â¯ ../test/scoped-fixtures.test.ts:644:41
+  â¯ ../../../packages/runner/dist/chunk-hooks.js:1061:20
+
+ â¯â¯â¯â¯â¯â¯â¯â¯â¯â¯â¯â¯â¯â¯â¯â¯â¯â¯â¯â¯â¯â¯â¯â¯â¯â¯â¯â¯â¯â¯
+
+ Error:   Failed to scan for dependencies from entries:
+   /app/test/cli/vitest-test-0b49f28a-cf8c-459c-9357-fdd178c47dbf/1-basic.test.ts
+ /app/test/cli/vitest-test-0b49f28a-cf8c-459c-9357-fdd178c47dbf/2-basic.test.ts
+ /app/packages/vitest/dist/index.js
+ /app/packages/vitest/dist/browser.js
+ /app/packages/vitest/dist/runners.js
+
+   âœ˜ [ERROR] The server is being restarted or closed. Request is outdated [plugin vite:dep-scan]
+
+     ../../node_modules/.pnpm/esbuild@0.25.5/node_modules/esbuild/lib/main.js:1213:27:
+       1213 â”‚         let result = await callback({
+            â•µ                            ^
+
+     at throwClosedServerError (file:///app/node_modules/.pnpm/vite@6.3.5_@types+node@22.16.5_jiti@2.4.2_lightningcss@1.30.1_sass-embedded@1.89.2_terser@5.36.0_tsx@4.20.3_yaml@2.8.0/node_modules/vite/dist/node/chunks/dep-DBxKXgDP.js:42026:15)
+     at EnvironmentPluginContainer.resolveId (file:///app/node_modules/.pnpm/vite@6.3.5_@types+node@22.16.5_jiti@2.4.2_lightningcss@1.30.1_sass-embedded@1.89.2_terser@5.36.0_tsx@4.20.3_yaml@2.8.0/node_modules/vite/dist/node/chunks/dep-DBxKXgDP.js:42205:9)
+     at resolveId (file:///app/node_modules/.pnpm/vite@6.3.5_@types+node@22.16.5_jiti@2.4.2_lightningcss@1.30.1_sass-embedded@1.89.2_terser@5.36.0_tsx@4.20.3_yaml@2.8.0/node_modules/vite/dist/node/chunks/dep-DBxKXgDP.js:14314:40)
+     at resolve (file:///app/node_modules/.pnpm/vite@6.3.5_@types+node@22.16.5_jiti@2.4.2_lightningcss@1.30.1_sass-embedded@1.89.2_terser@5.36.0_tsx@4.20.3_yaml@2.8.0/node_modules/vite/dist/node/chunks/dep-DBxKXgDP.js:14325:28)
+     at file:///app/node_modules/.pnpm/vite@6.3.5_@types+node@22.16.5_jiti@2.4.2_lightningcss@1.30.1_sass-embedded@1.89.2_terser@5.36.0_tsx@4.20.3_yaml@2.8.0/node_modules/vite/dist/node/chunks/dep-DBxKXgDP.js:14534:34
+     at requestCallbacks.on-resolve (/app/node_modules/.pnpm/esbuild@0.25.5/node_modules/esbuild/lib/main.js:1213:28)
+     at handleRequest (/app/node_modules/.pnpm/esbuild@0.25.5/node_modules/esbuild/lib/main.js:626:17)
+     at handleIncomingPacket (/app/node_modules/.pnpm/esbuild@0.25.5/node_modules/esbuild/lib/main.js:651:7)
+     at Socket.readFromStdout (/app/node_modules/.pnpm/esbuild@0.25.5/node_modules/esbuild/lib/main.js:579:7)
+     at Socket.emit (node:events:518:28)
+
+   This error came from the "onResolve" callback registered here:
+
+     ../../node_modules/.pnpm/esbuild@0.25.5/node_modules/esbuild/lib/main.js:1137:20:
+       1137 â”‚       let promise = setup({
+            â•µ                     ^
+
+     at setup (file:///app/node_modules/.pnpm/vite@6.3.5_@types+node@22.16.5_jiti@2.4.2_lightningcss@1.30.1_sass-embedded@1.89.2_terser@5.36.0_tsx@4.20.3_yaml@2.8.0/node_modules/vite/dist/node/chunks/dep-DBxKXgDP.js:14529:13)
+     at handlePlugins (/app/node_modules/.pnpm/esbuild@0.25.5/node_modules/esbuild/lib/main.js:1137:21)
+     at buildOrContextImpl (/app/node_modules/.pnpm/esbuild@0.25.5/node_modules/esbuild/lib/main.js:852:5)
+     at Object.buildOrContext (/app/node_modules/.pnpm/esbuild@0.25.5/node_modules/esbuild/lib/main.js:678:5)
+     at /app/node_modules/.pnpm/esbuild@0.25.5/node_modules/esbuild/lib/main.js:2030:68
+     at new Promise (<anonymous>)
+     at Object.context (/app/node_modules/.pnpm/esbuild@0.25.5/node_modules/esbuild/lib/main.js:2030:27)
+     at Object.context (/app/node_modules/.pnpm/esbuild@0.25.5/node_modules/esbuild/lib/main.js:1872:58)
+     at prepareEsbuildScanner (file:///app/node_modules/.pnpm/vite@6.3.5_@types+node@22.16.5_jiti@2.4.2_lightningcss@1.30.1_sass-embedded@1.89.2_terser@5.36.0_tsx@4.20.3_yaml@2.8.0/node_modules/vite/dist/node/chunks/dep-DBxKXgDP.js:14266:24)
+
+   The plugin "vite:dep-scan" was triggered by this import
+
+     <stdin>:5:7:
+       5 â”‚ import "/app/packages/vitest/dist/runners.js"
+         â•µ        ~~~~~~~~~~~~~~~~~~~~~~~~~~~~~~~~~~~~~~
+
+
+     at failureErrorWithLog (/app/node_modules/.pnpm/esbuild@0.25.5/node_modules/esbuild/lib/main.js:1463:15)
+     at /app/node_modules/.pnpm/esbuild@0.25.5/node_modules/esbuild/lib/main.js:924:25
+     at runOnEndCallbacks (/app/node_modules/.pnpm/esbuild@0.25.5/node_modules/esbuild/lib/main.js:1303:45)
+     at buildResponseToResult (/app/node_modules/.pnpm/esbuild@0.25.5/node_modules/esbuild/lib/main.js:922:7)
+     at /app/node_modules/.pnpm/esbuild@0.25.5/node_modules/esbuild/lib/main.js:934:9
+     at new Promise (<anonymous>)
+     at requestCallbacks.on-end (/app/node_modules/.pnpm/esbuild@0.25.5/node_modules/esbuild/lib/main.js:933:54)
+     at handleRequest (/app/node_modules/.pnpm/esbuild@0.25.5/node_modules/esbuild/lib/main.js:626:17)
+     at handleIncomingPacket (/app/node_modules/.pnpm/esbuild@0.25.5/node_modules/esbuild/lib/main.js:651:7)
+     at Socket.readFromStdout (/app/node_modules/.pnpm/esbuild@0.25.5/node_modules/esbuild/lib/main.js:579:7)
+ error during close browserType.launch: Executable doesn't exist at /app/.cache/ms-playwright/chromium_headless_shell-1181/chrome-linux/headless_shell
+ â•”â•â•â•â•â•â•â•â•â•â•â•â•â•â•â•â•â•â•â•â•â•â•â•â•â•â•â•â•â•â•â•â•â•â•â•â•â•â•â•â•â•â•â•â•â•â•â•â•â•â•â•â•â•â•â•â•â•â•â•â•â•â•â•â•â•â•â•â•â•â•â•â•â•â•—
+ â•‘ Looks like Playwright Test or Playwright was just installed or updated. â•‘
+ â•‘ Please run the following command to download new browsers:              â•‘
+ â•‘                                                                         â•‘
+ â•‘     pnpm exec playwright install                                        â•‘
+ â•‘                                                                         â•‘
+ â•‘ <3 Playwright Team                                                      â•‘
+ â•šâ•â•â•â•â•â•â•â•â•â•â•â•â•â•â•â•â•â•â•â•â•â•â•â•â•â•â•â•â•â•â•â•â•â•â•â•â•â•â•â•â•â•â•â•â•â•â•â•â•â•â•â•â•â•â•â•â•â•â•â•â•â•â•â•â•â•â•â•â•â•â•â•â•â•
+     at /app/packages/browser/dist/webdriver-AHRa6U3j.js:80:54
+     at PlaywrightBrowserProvider.createContext (/app/packages/browser/dist/webdriver-AHRa6U3j.js:206:19)
+     at PlaywrightBrowserProvider.openBrowserPage (/app/packages/browser/dist/webdriver-AHRa6U3j.js:266:19)
+     at PlaywrightBrowserProvider.openPage (/app/packages/browser/dist/webdriver-AHRa6U3j.js:280:23)
+     at BrowserPool.openPage (/app/packages/browser/dist/index.js:3934:3)
+     at BrowserPool.runTests (/app/packages/browser/dist/index.js:3924:3)
+     at runWorkspaceTests (/app/packages/browser/dist/index.js:3832:3)
+     at executeTests (/app/packages/vitest/dist/chunks/coverage.Dvxug1RM.js:3329:8)
+     at /app/packages/vitest/dist/chunks/cli-api.DjhcbVWd.js:9552:6
+     at Vitest.runFiles (/app/packages/vitest/dist/chunks/cli-api.DjhcbVWd.js:9571:7)
+     at Vitest.start (/app/packages/vitest/dist/chunks/cli-api.DjhcbVWd.js:9474:98)
+     at startVitest (/app/packages/vitest/dist/chunks/cli-api.DjhcbVWd.js:10320:8)
+     at runVitest (/app/test/test-utils/index.ts:79:11)
+     at runInlineTests (/app/test/test-utils/index.ts:363:18)
+     at runFixtureTests (/app/test/cli/test/scoped-fixtures.test.ts:710:30)
+     at /app/test/cli/test/scoped-fixtures.test.ts:644:41
+     at /app/packages/runner/dist/chunk-hooks.js:1061:20 {
+   name: 'Error',
+   type: 'Unhandled Error',
+   stacks: [
+     {
+       method: '',
+       file: '/app/packages/browser/dist/webdriver-AHRa6U3j.js',
+       line: 80,
+       column: 54
+     },
+     {
+       method: 'PlaywrightBrowserProvider.createContext',
+       file: '/app/packages/browser/dist/webdriver-AHRa6U3j.js',
+       line: 206,
+       column: 19
+     },
+     {
+       method: 'PlaywrightBrowserProvider.openBrowserPage',
+       file: '/app/packages/browser/dist/webdriver-AHRa6U3j.js',
+       line: 266,
+       column: 19
+     },
+     {
+       method: 'PlaywrightBrowserProvider.openPage',
+       file: '/app/packages/browser/dist/webdriver-AHRa6U3j.js',
+       line: 280,
+       column: 23
+     },
+     {
+       method: 'BrowserPool.openPage',
+       file: '/app/packages/browser/dist/index.js',
+       line: 3934,
+       column: 3
+     },
+     {
+       method: 'BrowserPool.runTests',
+       file: '/app/packages/browser/dist/index.js',
+       line: 3924,
+       column: 3
+     },
+     {
+       method: 'runWorkspaceTests',
+       file: '/app/packages/browser/dist/index.js',
+       line: 3832,
+       column: 3
+     },
+     {
+       method: 'executeTests',
+       file: '/app/packages/vitest/dist/chunks/coverage.Dvxug1RM.js',
+       line: 3329,
+       column: 8
+     },
+     {
+       method: '',
+       file: '/app/packages/vitest/dist/chunks/cli-api.DjhcbVWd.js',
+       line: 9552,
+       column: 6
+     },
+     {
+       method: 'Vitest.runFiles',
+       file: '/app/packages/vitest/dist/chunks/cli-api.DjhcbVWd.js',
+       line: 9571,
+       column: 7
+     },
+     {
+       method: 'Vitest.start',
+       file: '/app/packages/vitest/dist/chunks/cli-api.DjhcbVWd.js',
+       line: 9474,
+       column: 98
+     },
+     {
+       method: 'startVitest',
+       file: '/app/packages/vitest/dist/chunks/cli-api.DjhcbVWd.js',
+       line: 10320,
+       column: 8
+     },
+     {
+       method: 'runVitest',
+       file: '/app/test/test-utils/index.ts',
+       line: 79,
+       column: 11
+     },
+     {
+       method: 'runInlineTests',
+       file: '/app/test/test-utils/index.ts',
+       line: 363,
+       column: 18
+     },
+     {
+       method: 'runFixtureTests',
+       file: '/app/test/cli/test/scoped-fixtures.test.ts',
+       line: 710,
+       column: 30
+     },
+     {
+       method: '',
+       file: '/app/test/cli/test/scoped-fixtures.test.ts',
+       line: 644,
+       column: 41
+     },
+     {
+       method: '',
+       file: '/app/packages/runner/dist/chunk-hooks.js',
+       line: 1061,
+       column: 20
+     }
+   ]
+ }
+
[36m [2mâ¯[22m test/scoped-fixtures.test.ts:[2m686:20[22m[39m
    [90m684| [39m    })
    [90m685| [39m
    [90m686| [39m    [34mexpect[39m(stderr)[33m.[39m[34mtoBe[39m([32m''[39m)
    [90m   | [39m                   [31m^[39m
    [90m687| [39m    [34mexpect[39m(fixtures)[33m.[39m[34mtoMatchInlineSnapshot[39m([32m`
    [90m688| [39m      ">> fixture | init worker | test1
[31m[2mâ¯â¯â¯â¯â¯â¯â¯â¯â¯â¯â¯â¯â¯â¯â¯â¯â¯â¯â¯â¯â¯â¯[16/18]â¯[22m[39m
[41m[1m FAIL [22m[49m test/setup-files.test.ts[2m > [22msetup files with forceRerunTrigger[2m > [22mshould run the whole test suite if setup file is changed
[31m[1mAssertionError[22m: expected '\n RUN  v4.0.0-beta.7 /app/test/cli/fixtures/setup-files\n\n' to contain '1 passed'[39m
- Expected
+ Received
- 1 passed
+
+  RUN  v4.0.0-beta.7 /app/test/cli/fixtures/setup-files
+
+
[36m [2mâ¯[22m test/setup-files.test.ts:[2m41:20[22m[39m
    [90m 39| [39m    [35mawait[39m fs[33m.[39m[34mwriteFile[39m(file[33m,[39m codes[33m,[39m [32m'utf-8'[39m)
    [90m 40| [39m    [35mconst[39m { stdout } [33m=[39m [35mawait[39m [34mrun[39m()
    [90m 41| [39m    [34mexpect[39m(stdout)[33m.[39m[34mtoContain[39m([32m'1 passed'[39m)
    [90m   | [39m                   [31m^[39m
    [90m 42| [39m  })
    [90m 43| [39m})
[31m[2mâ¯â¯â¯â¯â¯â¯â¯â¯â¯â¯â¯â¯â¯â¯â¯â¯â¯â¯â¯â¯â¯â¯[17/18]â¯[22m[39m
[2m  Snapshots [22m [1m[31m1 failed[39m[22m
[2m Test Files [22m [1m[31m9 failed[39m[22m[2m | [22m[1m[32m27 passed[39m[22m[2m | [22m[33m2 skipped[39m[90m (38)[39m
[2m      Tests [22m [1m[31m17 failed[39m[22m[2m | [22m[1m[32m190 passed[39m[22m[2m | [22m[33m5 skipped[39m[2m | [22m[90m1 todo[39m[90m (213)[39m
[2m   Start at [22m 01:50:50
[2m   Duration [22m 124.36s[2m (transform 634ms, setup 0ms, collect 1.32s, tests 122.46s, environment 0ms, prepare 143ms)[22m
test/cli test: Failed
/app/test/cli:
â€‰ERR_PNPM_RECURSIVE_RUN_FIRST_FAILâ€‰ @vitest/test-cli@ test: `vitest`
Exit status 1
test/config test$ vitest --typecheck.enabled
â€‰ELIFECYCLEâ€‰ Command failed with exit code 1.

> @vitest/monorepo@4.0.0-beta.7 test:examples /app
> CI=true pnpm -r --reporter-hide-prefix --stream --filter '@vitest/example-*' run test

Scope: 7 of 46 workspace projects
examples/basic test$ vitest
examples/fastify test$ vitest
examples/in-source-test test$ vitest
examples/lit test$ vitest
[1m[46m RUN [49m[22m [36mv4.0.0-beta.7 [39m[90m/app/examples/basic[39m
[1m[46m RUN [49m[22m [36mv4.0.0-beta.7 [39m[90m/app/examples/in-source-test[39m
[1m[46m RUN [49m[22m [36mv4.0.0-beta.7 [39m[90m/app/examples/lit[39m
[1m[46m RUN [49m[22m [36mv4.0.0-beta.7 [39m[90m/app/examples/fastify[39m
 [32mâœ“[39m src/index.ts [2m([22m[2m1 test[22m[2m)[22m[32m 4[2mms[22m[39m
[31mâ¯â¯â¯â¯â¯â¯[39m[1m[41m Unhandled Errors [49m[22m[31mâ¯â¯â¯â¯â¯â¯[39m
[31m[1m
Vitest caught 1 unhandled error during the test run.
This might cause false positive tests. Resolve unhandled errors to make sure your tests are not affected.[22m[39m
[31mâ¯â¯â¯â¯â¯â¯[39m[1m[41m Unhandled Error [49m[22m[31mâ¯â¯â¯â¯â¯â¯â¯[39m
[31m[1mError[22m: browserType.launch: Executable doesn't exist at /app/.cache/ms-playwright/chromium_headless_shell-1181/chrome-linux/headless_shell
â•”â•â•â•â•â•â•â•â•â•â•â•â•â•â•â•â•â•â•â•â•â•â•â•â•â•â•â•â•â•â•â•â•â•â•â•â•â•â•â•â•â•â•â•â•â•â•â•â•â•â•â•â•â•â•â•â•â•â•â•â•â•â•â•â•â•â•â•â•â•â•â•â•â•â•—
â•‘ Looks like Playwright Test or Playwright was just installed or updated. â•‘
â•‘ Please run the following command to download new browsers:              â•‘
â•‘                                                                         â•‘
â•‘     pnpm exec playwright install                                        â•‘
â•‘                                                                         â•‘
â•‘ <3 Playwright Team                                                      â•‘
â•šâ•â•â•â•â•â•â•â•â•â•â•â•â•â•â•â•â•â•â•â•â•â•â•â•â•â•â•â•â•â•â•â•â•â•â•â•â•â•â•â•â•â•â•â•â•â•â•â•â•â•â•â•â•â•â•â•â•â•â•â•â•â•â•â•â•â•â•â•â•â•â•â•â•â•[39m
[90m [2mâ¯[22m ../../packages/browser/dist/webdriver-AHRa6U3j.js:[2m80:54[22m[39m
[2m Test Files [22m [1m[32m1 passed[39m[22m[90m (1)[39m
[2m      Tests [22m [1m[32m1 passed[39m[22m[90m (1)[39m
[2m   Start at [22m 01:52:56
[2m   Duration [22m 793ms[2m (transform 42ms, setup 0ms, collect 24ms, tests 4ms, environment 0ms, prepare 138ms)[22m
[90m [2mâ¯[22m PlaywrightBrowserProvider.createContext ../../packages/browser/dist/webdriver-AHRa6U3j.js:[2m206:19[22m[39m
[90m [2mâ¯[22m PlaywrightBrowserProvider.openBrowserPage ../../packages/browser/dist/webdriver-AHRa6U3j.js:[2m266:19[22m[39m
[90m [2mâ¯[22m PlaywrightBrowserProvider.openPage ../../packages/browser/dist/webdriver-AHRa6U3j.js:[2m280:23[22m[39m
[90m [2mâ¯[22m BrowserPool.openPage ../../packages/browser/dist/index.js:[2m3934:3[22m[39m
[90m [2mâ¯[22m BrowserPool.runTests ../../packages/browser/dist/index.js:[2m3924:3[22m[39m
[90m [2mâ¯[22m runWorkspaceTests ../../packages/browser/dist/index.js:[2m3832:3[22m[39m
[90m [2mâ¯[22m executeTests ../../packages/vitest/dist/chunks/coverage.Dvxug1RM.js:[2m3329:8[22m[39m
[90m [2mâ¯[22m ../../packages/vitest/dist/chunks/cli-api.DjhcbVWd.js:[2m9552:6[22m[39m
[90m [2mâ¯[22m Vitest.runFiles ../../packages/vitest/dist/chunks/cli-api.DjhcbVWd.js:[2m9571:7[22m[39m
[90m [2mâ¯[22m Vitest.start ../../packages/vitest/dist/chunks/cli-api.DjhcbVWd.js:[2m9474:98[22m[39m
[90m [2mâ¯[22m startVitest ../../packages/vitest/dist/chunks/cli-api.DjhcbVWd.js:[2m10320:8[22m[39m
[90m [2mâ¯[22m start ../../packages/vitest/dist/chunks/cac.Deie-7Rx.js:[2m1339:107[22m[39m
[31mâ¯â¯â¯â¯â¯â¯â¯â¯â¯â¯â¯â¯â¯â¯â¯â¯â¯â¯â¯â¯â¯â¯â¯â¯â¯â¯â¯â¯â¯â¯[39m
[2m Test Files [22m [90m (1)[39m
[2m      Tests [22m [2mno tests[22m
[2m     Errors [22m [1m[31m1 error[39m[22m
[2m   Start at [22m 01:52:56
[2m   Duration [22m 755ms[2m (transform 0ms, setup 0ms, collect 0ms, tests 0ms, environment 0ms, prepare 0ms)[22m
Error: [31m  Failed to scan for dependencies from entries:
  /app/examples/lit/test/basic.test.ts
/app/packages/vitest/dist/index.js
/app/packages/vitest/dist/browser.js
/app/packages/vitest/dist/runners.js
  [39m[31mâœ˜ [41;31m[[41;97mERROR[41;31m][0m [1mThe server is being restarted or closed. Request is outdated[0m [1m[35m[plugin vite:dep-scan][0m
    ../../node_modules/.pnpm/esbuild@0.25.5/node_modules/esbuild/lib/main.js:1213:27:
[37m      1213 â”‚         let result = await [32m[37mcallback({
           â•µ                            [32m^[0m
    at throwClosedServerError (file:///app/node_modules/.pnpm/vite@6.3.5_@types+node@22.16.5_jiti@2.4.2_lightningcss@1.30.1_sass-embedded@1.89.2_terser@5.36.0_tsx@4.20.3_yaml@2.8.0/node_modules/vite/dist/node/chunks/dep-DBxKXgDP.js:42026:15)
    at EnvironmentPluginContainer.resolveId (file:///app/node_modules/.pnpm/vite@6.3.5_@types+node@22.16.5_jiti@2.4.2_lightningcss@1.30.1_sass-embedded@1.89.2_terser@5.36.0_tsx@4.20.3_yaml@2.8.0/node_modules/vite/dist/node/chunks/dep-DBxKXgDP.js:42205:9)
    at resolveId (file:///app/node_modules/.pnpm/vite@6.3.5_@types+node@22.16.5_jiti@2.4.2_lightningcss@1.30.1_sass-embedded@1.89.2_terser@5.36.0_tsx@4.20.3_yaml@2.8.0/node_modules/vite/dist/node/chunks/dep-DBxKXgDP.js:14314:40)
    at resolve (file:///app/node_modules/.pnpm/vite@6.3.5_@types+node@22.16.5_jiti@2.4.2_lightningcss@1.30.1_sass-embedded@1.89.2_terser@5.36.0_tsx@4.20.3_yaml@2.8.0/node_modules/vite/dist/node/chunks/dep-DBxKXgDP.js:14325:28)
    at file:///app/node_modules/.pnpm/vite@6.3.5_@types+node@22.16.5_jiti@2.4.2_lightningcss@1.30.1_sass-embedded@1.89.2_terser@5.36.0_tsx@4.20.3_yaml@2.8.0/node_modules/vite/dist/node/chunks/dep-DBxKXgDP.js:14534:34
    at requestCallbacks.on-resolve (/app/node_modules/.pnpm/esbuild@0.25.5/node_modules/esbuild/lib/main.js:1213:28)
    at handleRequest (/app/node_modules/.pnpm/esbuild@0.25.5/node_modules/esbuild/lib/main.js:626:17)
    at handleIncomingPacket (/app/node_modules/.pnpm/esbuild@0.25.5/node_modules/esbuild/lib/main.js:651:7)
    at Socket.readFromStdout (/app/node_modules/.pnpm/esbuild@0.25.5/node_modules/esbuild/lib/main.js:579:7)
    at Socket.emit (node:events:518:28)
  This error came from the "onResolve" callback registered here:
    ../../node_modules/.pnpm/esbuild@0.25.5/node_modules/esbuild/lib/main.js:1137:20:
[37m      1137 â”‚       let promise = [32m[37msetup({
           â•µ                     [32m^[0m
    at setup (file:///app/node_modules/.pnpm/vite@6.3.5_@types+node@22.16.5_jiti@2.4.2_lightningcss@1.30.1_sass-embedded@1.89.2_terser@5.36.0_tsx@4.20.3_yaml@2.8.0/node_modules/vite/dist/node/chunks/dep-DBxKXgDP.js:14529:13)
    at handlePlugins (/app/node_modules/.pnpm/esbuild@0.25.5/node_modules/esbuild/lib/main.js:1137:21)
    at buildOrContextImpl (/app/node_modules/.pnpm/esbuild@0.25.5/node_modules/esbuild/lib/main.js:852:5)
    at Object.buildOrContext (/app/node_modules/.pnpm/esbuild@0.25.5/node_modules/esbuild/lib/main.js:678:5)
    at /app/node_modules/.pnpm/esbuild@0.25.5/node_modules/esbuild/lib/main.js:2030:68
    at new Promise (<anonymous>)
    at Object.context (/app/node_modules/.pnpm/esbuild@0.25.5/node_modules/esbuild/lib/main.js:2030:27)
    at Object.context (/app/node_modules/.pnpm/esbuild@0.25.5/node_modules/esbuild/lib/main.js:1872:58)
    at prepareEsbuildScanner (file:///app/node_modules/.pnpm/vite@6.3.5_@types+node@22.16.5_jiti@2.4.2_lightningcss@1.30.1_sass-embedded@1.89.2_terser@5.36.0_tsx@4.20.3_yaml@2.8.0/node_modules/vite/dist/node/chunks/dep-DBxKXgDP.js:14266:24)
  The plugin "vite:dep-scan" was triggered by this import
    <stdin>:1:7:
[37m      1 â”‚ import [32m"/app/examples/lit/test/basic.test.ts"[37m
        â•µ        [32m~~~~~~~~~~~~~~~~~~~~~~~~~~~~~~~~~~~~~~[0m
[31mâœ˜ [41;31m[[41;97mERROR[41;31m][0m [1mThe server is being restarted or closed. Request is outdated[0m [1m[35m[plugin vite:dep-scan][0m
    ../../node_modules/.pnpm/esbuild@0.25.5/node_modules/esbuild/lib/main.js:1213:27:
[37m      1213 â”‚         let result = await [32m[37mcallback({
           â•µ                            [32m^[0m
    at throwClosedServerError (file:///app/node_modules/.pnpm/vite@6.3.5_@types+node@22.16.5_jiti@2.4.2_lightningcss@1.30.1_sass-embedded@1.89.2_terser@5.36.0_tsx@4.20.3_yaml@2.8.0/node_modules/vite/dist/node/chunks/dep-DBxKXgDP.js:42026:15)
    at EnvironmentPluginContainer.resolveId (file:///app/node_modules/.pnpm/vite@6.3.5_@types+node@22.16.5_jiti@2.4.2_lightningcss@1.30.1_sass-embedded@1.89.2_terser@5.36.0_tsx@4.20.3_yaml@2.8.0/node_modules/vite/dist/node/chunks/dep-DBxKXgDP.js:42205:9)
    at resolveId (file:///app/node_modules/.pnpm/vite@6.3.5_@types+node@22.16.5_jiti@2.4.2_lightningcss@1.30.1_sass-embedded@1.89.2_terser@5.36.0_tsx@4.20.3_yaml@2.8.0/node_modules/vite/dist/node/chunks/dep-DBxKXgDP.js:14314:40)
    at resolve (file:///app/node_modules/.pnpm/vite@6.3.5_@types+node@22.16.5_jiti@2.4.2_lightningcss@1.30.1_sass-embedded@1.89.2_terser@5.36.0_tsx@4.20.3_yaml@2.8.0/node_modules/vite/dist/node/chunks/dep-DBxKXgDP.js:14325:28)
    at file:///app/node_modules/.pnpm/vite@6.3.5_@types+node@22.16.5_jiti@2.4.2_lightningcss@1.30.1_sass-embedded@1.89.2_terser@5.36.0_tsx@4.20.3_yaml@2.8.0/node_modules/vite/dist/node/chunks/dep-DBxKXgDP.js:14534:34
    at requestCallbacks.on-resolve (/app/node_modules/.pnpm/esbuild@0.25.5/node_modules/esbuild/lib/main.js:1213:28)
    at handleRequest (/app/node_modules/.pnpm/esbuild@0.25.5/node_modules/esbuild/lib/main.js:626:17)
    at handleIncomingPacket (/app/node_modules/.pnpm/esbuild@0.25.5/node_modules/esbuild/lib/main.js:651:7)
    at Socket.readFromStdout (/app/node_modules/.pnpm/esbuild@0.25.5/node_modules/esbuild/lib/main.js:579:7)
    at Socket.emit (node:events:518:28)
  This error came from the "onResolve" callback registered here:
    ../../node_modules/.pnpm/esbuild@0.25.5/node_modules/esbuild/lib/main.js:1137:20:
[37m      1137 â”‚       let promise = [32m[37msetup({
           â•µ                     [32m^[0m
    at setup (file:///app/node_modules/.pnpm/vite@6.3.5_@types+node@22.16.5_jiti@2.4.2_lightningcss@1.30.1_sass-embedded@1.89.2_terser@5.36.0_tsx@4.20.3_yaml@2.8.0/node_modules/vite/dist/node/chunks/dep-DBxKXgDP.js:14529:13)
    at handlePlugins (/app/node_modules/.pnpm/esbuild@0.25.5/node_modules/esbuild/lib/main.js:1137:21)
    at buildOrContextImpl (/app/node_modules/.pnpm/esbuild@0.25.5/node_modules/esbuild/lib/main.js:852:5)
    at Object.buildOrContext (/app/node_modules/.pnpm/esbuild@0.25.5/node_modules/esbuild/lib/main.js:678:5)
    at /app/node_modules/.pnpm/esbuild@0.25.5/node_modules/esbuild/lib/main.js:2030:68
    at new Promise (<anonymous>)
    at Object.context (/app/node_modules/.pnpm/esbuild@0.25.5/node_modules/esbuild/lib/main.js:2030:27)
    at Object.context (/app/node_modules/.pnpm/esbuild@0.25.5/node_modules/esbuild/lib/main.js:1872:58)
    at prepareEsbuildScanner (file:///app/node_modules/.pnpm/vite@6.3.5_@types+node@22.16.5_jiti@2.4.2_lightningcss@1.30.1_sass-embedded@1.89.2_terser@5.36.0_tsx@4.20.3_yaml@2.8.0/node_modules/vite/dist/node/chunks/dep-DBxKXgDP.js:14266:24)
  The plugin "vite:dep-scan" was triggered by this import
    <stdin>:2:7:
[37m      2 â”‚ import [32m"/app/packages/vitest/dist/index.js"[37m
        â•µ        [32m~~~~~~~~~~~~~~~~~~~~~~~~~~~~~~~~~~~~[0m
[31mâœ˜ [41;31m[[41;97mERROR[41;31m][0m [1mThe server is being restarted or closed. Request is outdated[0m [1m[35m[plugin vite:dep-scan][0m
    ../../node_modules/.pnpm/esbuild@0.25.5/node_modules/esbuild/lib/main.js:1213:27:
[37m      1213 â”‚         let result = await [32m[37mcallback({
           â•µ                            [32m^[0m
    at throwClosedServerError (file:///app/node_modules/.pnpm/vite@6.3.5_@types+node@22.16.5_jiti@2.4.2_lightningcss@1.30.1_sass-embedded@1.89.2_terser@5.36.0_tsx@4.20.3_yaml@2.8.0/node_modules/vite/dist/node/chunks/dep-DBxKXgDP.js:42026:15)
    at EnvironmentPluginContainer.resolveId (file:///app/node_modules/.pnpm/vite@6.3.5_@types+node@22.16.5_jiti@2.4.2_lightningcss@1.30.1_sass-embedded@1.89.2_terser@5.36.0_tsx@4.20.3_yaml@2.8.0/node_modules/vite/dist/node/chunks/dep-DBxKXgDP.js:42205:9)
    at resolveId (file:///app/node_modules/.pnpm/vite@6.3.5_@types+node@22.16.5_jiti@2.4.2_lightningcss@1.30.1_sass-embedded@1.89.2_terser@5.36.0_tsx@4.20.3_yaml@2.8.0/node_modules/vite/dist/node/chunks/dep-DBxKXgDP.js:14314:40)
    at resolve (file:///app/node_modules/.pnpm/vite@6.3.5_@types+node@22.16.5_jiti@2.4.2_lightningcss@1.30.1_sass-embedded@1.89.2_terser@5.36.0_tsx@4.20.3_yaml@2.8.0/node_modules/vite/dist/node/chunks/dep-DBxKXgDP.js:14325:28)
    at file:///app/node_modules/.pnpm/vite@6.3.5_@types+node@22.16.5_jiti@2.4.2_lightningcss@1.30.1_sass-embedded@1.89.2_terser@5.36.0_tsx@4.20.3_yaml@2.8.0/node_modules/vite/dist/node/chunks/dep-DBxKXgDP.js:14534:34
    at requestCallbacks.on-resolve (/app/node_modules/.pnpm/esbuild@0.25.5/node_modules/esbuild/lib/main.js:1213:28)
    at handleRequest (/app/node_modules/.pnpm/esbuild@0.25.5/node_modules/esbuild/lib/main.js:626:17)
    at handleIncomingPacket (/app/node_modules/.pnpm/esbuild@0.25.5/node_modules/esbuild/lib/main.js:651:7)
    at Socket.readFromStdout (/app/node_modules/.pnpm/esbuild@0.25.5/node_modules/esbuild/lib/main.js:579:7)
    at Socket.emit (node:events:518:28)
  This error came from the "onResolve" callback registered here:
    ../../node_modules/.pnpm/esbuild@0.25.5/node_modules/esbuild/lib/main.js:1137:20:
[37m      1137 â”‚       let promise = [32m[37msetup({
           â•µ                     [32m^[0m
    at setup (file:///app/node_modules/.pnpm/vite@6.3.5_@types+node@22.16.5_jiti@2.4.2_lightningcss@1.30.1_sass-embedded@1.89.2_terser@5.36.0_tsx@4.20.3_yaml@2.8.0/node_modules/vite/dist/node/chunks/dep-DBxKXgDP.js:14529:13)
    at handlePlugins (/app/node_modules/.pnpm/esbuild@0.25.5/node_modules/esbuild/lib/main.js:1137:21)
    at buildOrContextImpl (/app/node_modules/.pnpm/esbuild@0.25.5/node_modules/esbuild/lib/main.js:852:5)
    at Object.buildOrContext (/app/node_modules/.pnpm/esbuild@0.25.5/node_modules/esbuild/lib/main.js:678:5)
    at /app/node_modules/.pnpm/esbuild@0.25.5/node_modules/esbuild/lib/main.js:2030:68
    at new Promise (<anonymous>)
    at Object.context (/app/node_modules/.pnpm/esbuild@0.25.5/node_modules/esbuild/lib/main.js:2030:27)
    at Object.context (/app/node_modules/.pnpm/esbuild@0.25.5/node_modules/esbuild/lib/main.js:1872:58)
    at prepareEsbuildScanner (file:///app/node_modules/.pnpm/vite@6.3.5_@types+node@22.16.5_jiti@2.4.2_lightningcss@1.30.1_sass-embedded@1.89.2_terser@5.36.0_tsx@4.20.3_yaml@2.8.0/node_modules/vite/dist/node/chunks/dep-DBxKXgDP.js:14266:24)
  The plugin "vite:dep-scan" was triggered by this import
    <stdin>:3:7:
[37m      3 â”‚ import [32m"/app/packages/vitest/dist/browser.js"[37m
        â•µ        [32m~~~~~~~~~~~~~~~~~~~~~~~~~~~~~~~~~~~~~~[0m
[31mâœ˜ [41;31m[[41;97mERROR[41;31m][0m [1mThe server is being restarted or closed. Request is outdated[0m [1m[35m[plugin vite:dep-scan][0m
    ../../node_modules/.pnpm/esbuild@0.25.5/node_modules/esbuild/lib/main.js:1213:27:
[37m      1213 â”‚         let result = await [32m[37mcallback({
           â•µ                            [32m^[0m
    at throwClosedServerError (file:///app/node_modules/.pnpm/vite@6.3.5_@types+node@22.16.5_jiti@2.4.2_lightningcss@1.30.1_sass-embedded@1.89.2_terser@5.36.0_tsx@4.20.3_yaml@2.8.0/node_modules/vite/dist/node/chunks/dep-DBxKXgDP.js:42026:15)
    at EnvironmentPluginContainer.resolveId (file:///app/node_modules/.pnpm/vite@6.3.5_@types+node@22.16.5_jiti@2.4.2_lightningcss@1.30.1_sass-embedded@1.89.2_terser@5.36.0_tsx@4.20.3_yaml@2.8.0/node_modules/vite/dist/node/chunks/dep-DBxKXgDP.js:42205:9)
    at resolveId (file:///app/node_modules/.pnpm/vite@6.3.5_@types+node@22.16.5_jiti@2.4.2_lightningcss@1.30.1_sass-embedded@1.89.2_terser@5.36.0_tsx@4.20.3_yaml@2.8.0/node_modules/vite/dist/node/chunks/dep-DBxKXgDP.js:14314:40)
    at resolve (file:///app/node_modules/.pnpm/vite@6.3.5_@types+node@22.16.5_jiti@2.4.2_lightningcss@1.30.1_sass-embedded@1.89.2_terser@5.36.0_tsx@4.20.3_yaml@2.8.0/node_modules/vite/dist/node/chunks/dep-DBxKXgDP.js:14325:28)
    at file:///app/node_modules/.pnpm/vite@6.3.5_@types+node@22.16.5_jiti@2.4.2_lightningcss@1.30.1_sass-embedded@1.89.2_terser@5.36.0_tsx@4.20.3_yaml@2.8.0/node_modules/vite/dist/node/chunks/dep-DBxKXgDP.js:14534:34
    at requestCallbacks.on-resolve (/app/node_modules/.pnpm/esbuild@0.25.5/node_modules/esbuild/lib/main.js:1213:28)
    at handleRequest (/app/node_modules/.pnpm/esbuild@0.25.5/node_modules/esbuild/lib/main.js:626:17)
    at handleIncomingPacket (/app/node_modules/.pnpm/esbuild@0.25.5/node_modules/esbuild/lib/main.js:651:7)
    at Socket.readFromStdout (/app/node_modules/.pnpm/esbuild@0.25.5/node_modules/esbuild/lib/main.js:579:7)
    at Socket.emit (node:events:518:28)
  This error came from the "onResolve" callback registered here:
    ../../node_modules/.pnpm/esbuild@0.25.5/node_modules/esbuild/lib/main.js:1137:20:
[37m      1137 â”‚       let promise = [32m[37msetup({
           â•µ                     [32m^[0m
    at setup (file:///app/node_modules/.pnpm/vite@6.3.5_@types+node@22.16.5_jiti@2.4.2_lightningcss@1.30.1_sass-embedded@1.89.2_terser@5.36.0_tsx@4.20.3_yaml@2.8.0/node_modules/vite/dist/node/chunks/dep-DBxKXgDP.js:14529:13)
    at handlePlugins (/app/node_modules/.pnpm/esbuild@0.25.5/node_modules/esbuild/lib/main.js:1137:21)
    at buildOrContextImpl (/app/node_modules/.pnpm/esbuild@0.25.5/node_modules/esbuild/lib/main.js:852:5)
    at Object.buildOrContext (/app/node_modules/.pnpm/esbuild@0.25.5/node_modules/esbuild/lib/main.js:678:5)
    at /app/node_modules/.pnpm/esbuild@0.25.5/node_modules/esbuild/lib/main.js:2030:68
    at new Promise (<anonymous>)
    at Object.context (/app/node_modules/.pnpm/esbuild@0.25.5/node_modules/esbuild/lib/main.js:2030:27)
    at Object.context (/app/node_modules/.pnpm/esbuild@0.25.5/node_modules/esbuild/lib/main.js:1872:58)
    at prepareEsbuildScanner (file:///app/node_modules/.pnpm/vite@6.3.5_@types+node@22.16.5_jiti@2.4.2_lightningcss@1.30.1_sass-embedded@1.89.2_terser@5.36.0_tsx@4.20.3_yaml@2.8.0/node_modules/vite/dist/node/chunks/dep-DBxKXgDP.js:14266:24)
  The plugin "vite:dep-scan" was triggered by this import
    <stdin>:4:7:
[37m      4 â”‚ import [32m"/app/packages/vitest/dist/runners.js"[37m
        â•µ        [32m~~~~~~~~~~~~~~~~~~~~~~~~~~~~~~~~~~~~~~[0m
    at failureErrorWithLog (/app/node_modules/.pnpm/esbuild@0.25.5/node_modules/esbuild/lib/main.js:1463:15)
    at /app/node_modules/.pnpm/esbuild@0.25.5/node_modules/esbuild/lib/main.js:924:25
    at runOnEndCallbacks (/app/node_modules/.pnpm/esbuild@0.25.5/node_modules/esbuild/lib/main.js:1303:45)
    at buildResponseToResult (/app/node_modules/.pnpm/esbuild@0.25.5/node_modules/esbuild/lib/main.js:922:7)
    at /app/node_modules/.pnpm/esbuild@0.25.5/node_modules/esbuild/lib/main.js:934:9
    at new Promise (<anonymous>)
    at requestCallbacks.on-end (/app/node_modules/.pnpm/esbuild@0.25.5/node_modules/esbuild/lib/main.js:933:54)
    at handleRequest (/app/node_modules/.pnpm/esbuild@0.25.5/node_modules/esbuild/lib/main.js:626:17)
    at handleIncomingPacket (/app/node_modules/.pnpm/esbuild@0.25.5/node_modules/esbuild/lib/main.js:651:7)
    at Socket.readFromStdout (/app/node_modules/.pnpm/esbuild@0.25.5/node_modules/esbuild/lib/main.js:579:7)
error during close browserType.launch: Executable doesn't exist at /app/.cache/ms-playwright/chromium_headless_shell-1181/chrome-linux/headless_shell
â•”â•â•â•â•â•â•â•â•â•â•â•â•â•â•â•â•â•â•â•â•â•â•â•â•â•â•â•â•â•â•â•â•â•â•â•â•â•â•â•â•â•â•â•â•â•â•â•â•â•â•â•â•â•â•â•â•â•â•â•â•â•â•â•â•â•â•â•â•â•â•â•â•â•â•—
â•‘ Looks like Playwright Test or Playwright was just installed or updated. â•‘
â•‘ Please run the following command to download new browsers:              â•‘
â•‘                                                                         â•‘
â•‘     pnpm exec playwright install                                        â•‘
â•‘                                                                         â•‘
â•‘ <3 Playwright Team                                                      â•‘
â•šâ•â•â•â•â•â•â•â•â•â•â•â•â•â•â•â•â•â•â•â•â•â•â•â•â•â•â•â•â•â•â•â•â•â•â•â•â•â•â•â•â•â•â•â•â•â•â•â•â•â•â•â•â•â•â•â•â•â•â•â•â•â•â•â•â•â•â•â•â•â•â•â•â•â•
    at /app/packages/browser/dist/webdriver-AHRa6U3j.js:80:54
    at async PlaywrightBrowserProvider.createContext (/app/packages/browser/dist/webdriver-AHRa6U3j.js:206:19)
    at async PlaywrightBrowserProvider.openBrowserPage (/app/packages/browser/dist/webdriver-AHRa6U3j.js:266:19)
    at async PlaywrightBrowserProvider.openPage (/app/packages/browser/dist/webdriver-AHRa6U3j.js:280:23)
    at async BrowserPool.openPage (/app/packages/browser/dist/index.js:3934:3)
    at async BrowserPool.runTests (/app/packages/browser/dist/index.js:3924:3)
    at async runWorkspaceTests (/app/packages/browser/dist/index.js:3832:3)
    at async executeTests (/app/packages/vitest/dist/chunks/coverage.Dvxug1RM.js:3329:8)
    at async file:///app/packages/vitest/dist/chunks/cli-api.DjhcbVWd.js:9552:6
    at async Vitest.runFiles (/app/packages/vitest/dist/chunks/cli-api.DjhcbVWd.js:9571:7)
    at async Vitest.start (/app/packages/vitest/dist/chunks/cli-api.DjhcbVWd.js:9474:98)
    at async startVitest (/app/packages/vitest/dist/chunks/cli-api.DjhcbVWd.js:10320:8)
    at async start (/app/packages/vitest/dist/chunks/cac.Deie-7Rx.js:1339:107) {
  name: 'Error',
  type: 'Unhandled Error',
  stacks: [
    {
      method: '',
      file: '/app/packages/browser/dist/webdriver-AHRa6U3j.js',
      line: 80,
      column: 54
    },
    {
      method: 'PlaywrightBrowserProvider.createContext',
      file: '/app/packages/browser/dist/webdriver-AHRa6U3j.js',
      line: 206,
      column: 19
    },
    {
      method: 'PlaywrightBrowserProvider.openBrowserPage',
      file: '/app/packages/browser/dist/webdriver-AHRa6U3j.js',
      line: 266,
      column: 19
    },
    {
      method: 'PlaywrightBrowserProvider.openPage',
      file: '/app/packages/browser/dist/webdriver-AHRa6U3j.js',
      line: 280,
      column: 23
    },
    {
      method: 'BrowserPool.openPage',
      file: '/app/packages/browser/dist/index.js',
      line: 3934,
      column: 3
    },
    {
      method: 'BrowserPool.runTests',
      file: '/app/packages/browser/dist/index.js',
      line: 3924,
      column: 3
    },
    {
      method: 'runWorkspaceTests',
      file: '/app/packages/browser/dist/index.js',
      line: 3832,
      column: 3
    },
    {
      method: 'executeTests',
      file: '/app/packages/vitest/dist/chunks/coverage.Dvxug1RM.js',
      line: 3329,
      column: 8
    },
    {
      method: '',
      file: '/app/packages/vitest/dist/chunks/cli-api.DjhcbVWd.js',
      line: 9552,
      column: 6
    },
    {
      method: 'Vitest.runFiles',
      file: '/app/packages/vitest/dist/chunks/cli-api.DjhcbVWd.js',
      line: 9571,
      column: 7
    },
    {
      method: 'Vitest.start',
      file: '/app/packages/vitest/dist/chunks/cli-api.DjhcbVWd.js',
      line: 9474,
      column: 98
    },
    {
      method: 'startVitest',
      file: '/app/packages/vitest/dist/chunks/cli-api.DjhcbVWd.js',
      line: 10320,
      column: 8
    },
    {
      method: 'start',
      file: '/app/packages/vitest/dist/chunks/cac.Deie-7Rx.js',
      line: 1339,
      column: 107
    }
  ]
}
 [32mâœ“[39m test/suite.test.ts [2m([22m[2m3 tests[22m[2m)[22m[32m 8[2mms[22m[39m
 [32mâœ“[39m test/basic.test.ts [2m([22m[2m3 tests[22m[2m)[22m[32m 5[2mms[22m[39m
examples/lit test: Failed
/app/examples/lit:
â€‰ERR_PNPM_RECURSIVE_RUN_FIRST_FAILâ€‰ @vitest/example-lit@ test: `vitest`
Exit status 1
examples/profiling test$ vitest
[2m Test Files [22m [1m[32m2 passed[39m[22m[90m (2)[39m
[2m      Tests [22m [1m[32m6 passed[39m[22m[90m (6)[39m
[2m   Start at [22m 01:52:56
[2m   Duration [22m 862ms[2m (transform 102ms, setup 0ms, collect 99ms, tests 13ms, environment 1ms, prepare 259ms)[22m
â€‰ELIFECYCLEâ€‰ Command failed with exit code 1.

> @vitest/ui@4.0.0-beta.7 test:ui /app/packages/ui
> vitest --browser

 Vitest  No browser "instances" were defined. Running tests in "chromium" browser. The "browser.name" field is deprecated since Vitest 3. Read more: https://vitest.dev/guide/browser/config#browser-instances

 RUN  v4.0.0-beta.7 /app/packages/ui

â¯â¯â¯â¯â¯â¯ Unhandled Errors â¯â¯â¯â¯â¯â¯

Vitest caught 1 unhandled error during the test run.
This might cause false positive tests. Resolve unhandled errors to make sure your tests are not affected.

â¯â¯â¯â¯â¯â¯ Unhandled Error â¯â¯â¯â¯â¯â¯â¯
Error: browserType.launch: Executable doesn't exist at /app/.cache/ms-playwright/chromium-1181/chrome-linux/chrome
â•”â•â•â•â•â•â•â•â•â•â•â•â•â•â•â•â•â•â•â•â•â•â•â•â•â•â•â•â•â•â•â•â•â•â•â•â•â•â•â•â•â•â•â•â•â•â•â•â•â•â•â•â•â•â•â•â•â•â•â•â•â•â•â•â•â•â•â•â•â•â•â•â•â•â•—
â•‘ Looks like Playwright Test or Playwright was just installed or updated. â•‘
â•‘ Please run the following command to download new browsers:              â•‘
â•‘                                                                         â•‘
â•‘     pnpm exec playwright install                                        â•‘
â•‘                                                                         â•‘
â•‘ <3 Playwright Team                                                      â•‘
â•šâ•â•â•â•â•â•â•â•â•â•â•â•â•â•â•â•â•â•â•â•â•â•â•â•â•â•â•â•â•â•â•â•â•â•â•â•â•â•â•â•â•â•â•â•â•â•â•â•â•â•â•â•â•â•â•â•â•â•â•â•â•â•â•â•â•â•â•â•â•â•â•â•â•â•
 â¯ ../browser/dist/webdriver-AHRa6U3j.js:80:54
 â¯ PlaywrightBrowserProvider.createContext ../browser/dist/webdriver-AHRa6U3j.js:206:19
 â¯ PlaywrightBrowserProvider.openBrowserPage ../browser/dist/webdriver-AHRa6U3j.js:266:19
 â¯ PlaywrightBrowserProvider.openPage ../browser/dist/webdriver-AHRa6U3j.js:280:23
 â¯ BrowserPool.openPage ../browser/dist/index.js:3934:3
 â¯ BrowserPool.runTests ../browser/dist/index.js:3924:3
 â¯ runWorkspaceTests ../browser/dist/index.js:3832:3
 â¯ executeTests ../vitest/dist/chunks/coverage.Dvxug1RM.js:3329:8
 â¯ ../vitest/dist/chunks/cli-api.DjhcbVWd.js:9552:6
 â¯ Vitest.runFiles ../vitest/dist/chunks/cli-api.DjhcbVWd.js:9571:7
 â¯ Vitest.start ../vitest/dist/chunks/cli-api.DjhcbVWd.js:9474:98
 â¯ startVitest ../vitest/dist/chunks/cli-api.DjhcbVWd.js:10320:8
 â¯ start ../vitest/dist/chunks/cac.Deie-7Rx.js:1339:107

â¯â¯â¯â¯â¯â¯â¯â¯â¯â¯â¯â¯â¯â¯â¯â¯â¯â¯â¯â¯â¯â¯â¯â¯â¯â¯â¯â¯â¯â¯


 Test Files   (3)
      Tests  no tests
     Errors  1 error
   Start at  01:52:59
   Duration  984ms (transform 0ms, setup 0ms, collect 0ms, tests 0ms, environment 0ms, prepare 0ms)

error during close browserType.launch: Executable doesn't exist at /app/.cache/ms-playwright/chromium-1181/chrome-linux/chrome
â•”â•â•â•â•â•â•â•â•â•â•â•â•â•â•â•â•â•â•â•â•â•â•â•â•â•â•â•â•â•â•â•â•â•â•â•â•â•â•â•â•â•â•â•â•â•â•â•â•â•â•â•â•â•â•â•â•â•â•â•â•â•â•â•â•â•â•â•â•â•â•â•â•â•â•—
â•‘ Looks like Playwright Test or Playwright was just installed or updated. â•‘
â•‘ Please run the following command to download new browsers:              â•‘
â•‘                                                                         â•‘
â•‘     pnpm exec playwright install                                        â•‘
â•‘                                                                         â•‘
â•‘ <3 Playwright Team                                                      â•‘
â•šâ•â•â•â•â•â•â•â•â•â•â•â•â•â•â•â•â•â•â•â•â•â•â•â•â•â•â•â•â•â•â•â•â•â•â•â•â•â•â•â•â•â•â•â•â•â•â•â•â•â•â•â•â•â•â•â•â•â•â•â•â•â•â•â•â•â•â•â•â•â•â•â•â•â•
    at /app/packages/browser/dist/webdriver-AHRa6U3j.js:80:54
    at async PlaywrightBrowserProvider.createContext (/app/packages/browser/dist/webdriver-AHRa6U3j.js:206:19)
    at async PlaywrightBrowserProvider.openBrowserPage (/app/packages/browser/dist/webdriver-AHRa6U3j.js:266:19)
    at async PlaywrightBrowserProvider.openPage (/app/packages/browser/dist/webdriver-AHRa6U3j.js:280:23)
    at async BrowserPool.openPage (/app/packages/browser/dist/index.js:3934:3)
    at async BrowserPool.runTests (/app/packages/browser/dist/index.js:3924:3)
    at async runWorkspaceTests (/app/packages/browser/dist/index.js:3832:3)
    at async executeTests (/app/packages/vitest/dist/chunks/coverage.Dvxug1RM.js:3329:8)
    at async file:///app/packages/vitest/dist/chunks/cli-api.DjhcbVWd.js:9552:6
    at async Vitest.runFiles (/app/packages/vitest/dist/chunks/cli-api.DjhcbVWd.js:9571:7)
    at async Vitest.start (/app/packages/vitest/dist/chunks/cli-api.DjhcbVWd.js:9474:98)
    at async startVitest (/app/packages/vitest/dist/chunks/cli-api.DjhcbVWd.js:10320:8)
    at async start (/app/packages/vitest/dist/chunks/cac.Deie-7Rx.js:1339:107) {
  name: 'Error',
  type: 'Unhandled Error',
  stacks: [
    {
      method: '',
      file: '/app/packages/browser/dist/webdriver-AHRa6U3j.js',
      line: 80,
      column: 54
    },
    {
      method: 'PlaywrightBrowserProvider.createContext',
      file: '/app/packages/browser/dist/webdriver-AHRa6U3j.js',
      line: 206,
      column: 19
    },
    {
      method: 'PlaywrightBrowserProvider.openBrowserPage',
      file: '/app/packages/browser/dist/webdriver-AHRa6U3j.js',
      line: 266,
      column: 19
    },
    {
      method: 'PlaywrightBrowserProvider.openPage',
      file: '/app/packages/browser/dist/webdriver-AHRa6U3j.js',
      line: 280,
      column: 23
    },
    {
      method: 'BrowserPool.openPage',
      file: '/app/packages/browser/dist/index.js',
      line: 3934,
      column: 3
    },
    {
      method: 'BrowserPool.runTests',
      file: '/app/packages/browser/dist/index.js',
      line: 3924,
      column: 3
    },
    {
      method: 'runWorkspaceTests',
      file: '/app/packages/browser/dist/index.js',
      line: 3832,
      column: 3
    },
    {
      method: 'executeTests',
      file: '/app/packages/vitest/dist/chunks/coverage.Dvxug1RM.js',
      line: 3329,
      column: 8
    },
    {
      method: '',
      file: '/app/packages/vitest/dist/chunks/cli-api.DjhcbVWd.js',
      line: 9552,
      column: 6
    },
    {
      method: 'Vitest.runFiles',
      file: '/app/packages/vitest/dist/chunks/cli-api.DjhcbVWd.js',
      line: 9571,
      column: 7
    },
    {
      method: 'Vitest.start',
      file: '/app/packages/vitest/dist/chunks/cli-api.DjhcbVWd.js',
      line: 9474,
      column: 98
    },
    {
      method: 'startVitest',
      file: '/app/packages/vitest/dist/chunks/cli-api.DjhcbVWd.js',
      line: 10320,
      column: 8
    },
    {
      method: 'start',
      file: '/app/packages/vitest/dist/chunks/cac.Deie-7Rx.js',
      line: 1339,
      column: 107
    }
  ]
}
â€‰ELIFECYCLEâ€‰ Command failed with exit code 1.
