info: syncing channel updates for '1.87-x86_64-unknown-linux-gnu'
info: latest update on 2025-05-15, rust version 1.87.0 (17067e9ac 2025-05-09)
info: downloading component 'cargo'
info: downloading component 'clippy'
info: downloading component 'rust-docs'
info: downloading component 'rust-std'
info: downloading component 'rustc'
info: downloading component 'rustfmt'
info: installing component 'cargo'
info: installing component 'clippy'
info: installing component 'rust-docs'
info: installing component 'rust-std'
info: installing component 'rustc'
info: installing component 'rustfmt'
    Updating crates.io index
 Downloading crates ...
  Downloaded async-recursion v1.1.1
  Downloaded tap v1.0.1
  Downloaded toml_datetime v0.6.8
  Downloaded futures-enum v0.1.17
  Downloaded typenum v1.17.0
  Downloaded thiserror v1.0.63
  Downloaded yansi v0.5.1
  Downloaded zerocopy-derive v0.7.35
  Downloaded unicode-ident v1.0.12
  Downloaded rustversion v1.0.17
  Downloaded toml_edit v0.21.1
  Downloaded zerocopy v0.7.35
  Downloaded libm v0.2.8
  Downloaded winnow v0.5.40
  Downloaded regex v1.10.6
  Downloaded pretty_assertions v1.4.0
  Downloaded toml v0.5.11
  Downloaded serde v1.0.205
  Downloaded rand v0.8.5
  Downloaded num-bigint v0.4.6
  Downloaded rust_decimal v1.35.0
  Downloaded serde_json v1.0.122
  Downloaded itertools v0.12.1
  Downloaded memchr v2.7.4
  Downloaded libc v0.2.172
  Downloaded futures-util v0.3.30
  Downloaded sqlparser v0.52.0
  Downloaded syn v1.0.109
  Downloaded regex-automata v0.4.7
  Downloaded syn v2.0.89
  Downloaded hashbrown v0.12.3
  Downloaded chrono v0.4.38
  Downloaded rkyv v0.7.44
  Downloaded regex-syntax v0.8.4
  Downloaded im v15.1.0
  Downloaded hashbrown v0.14.5
  Downloaded sized-chunks v0.6.5
  Downloaded proc-macro2 v1.0.92
  Downloaded num-traits v0.2.19
  Downloaded rand_xoshiro v0.6.0
  Downloaded rand_chacha v0.3.1
  Downloaded quote v1.0.36
  Downloaded pin-project-lite v0.2.14
  Downloaded pin-project-internal v1.1.5
  Downloaded iter-enum v1.1.3
  Downloaded futures-sink v0.3.30
  Downloaded syn_derive v0.1.8
  Downloaded strum_macros v0.25.3
  Downloaded slab v0.4.9
  Downloaded ryu v1.0.18
  Downloaded rkyv_derive v0.7.44
  Downloaded pin-project v1.1.5
  Downloaded indexmap v1.9.3
  Downloaded hex v0.4.3
  Downloaded diff v0.1.13
  Downloaded uuid v1.11.0
  Downloaded thiserror-impl v1.0.63
  Downloaded seahash v4.1.0
  Downloaded rend v0.4.2
  Downloaded proc-macro-error-attr v1.0.4
  Downloaded pin-utils v0.1.0
  Downloaded once_cell v1.21.3
  Downloaded num-integer v0.1.46
  Downloaded wyz v0.5.1
  Downloaded version_check v0.9.5
  Downloaded tinyvec v1.8.0
  Downloaded simdutf8 v0.1.4
  Downloaded serde_derive v1.0.205
  Downloaded radium v0.7.0
  Downloaded ptr_meta v0.1.4
  Downloaded proc-macro-crate v3.1.0
  Downloaded ordered-float v4.2.2
  Downloaded indexmap v2.3.0
  Downloaded rand_core v0.6.4
  Downloaded md-5 v0.10.6
  Downloaded generic-array v0.14.7
  Downloaded futures-executor v0.3.30
  Downloaded funty v2.0.0
  Downloaded equivalent v1.0.1
  Downloaded derive_utils v0.11.2
  Downloaded block-buffer v0.10.4
  Downloaded tinyvec_macros v0.1.1
  Downloaded ptr_meta_derive v0.1.4
  Downloaded proc-macro-error v1.0.4
  Downloaded ppv-lite86 v0.2.20
  Downloaded log v0.4.22
  Downloaded itoa v1.0.11
  Downloaded iana-time-zone v0.1.60
  Downloaded heck v0.4.1
  Downloaded getrandom v0.2.15
  Downloaded futures-io v0.3.30
  Downloaded futures v0.3.30
  Downloaded either v1.13.0
  Downloaded derive_utils v0.14.1
  Downloaded cfg-if v1.0.0
  Downloaded bytes v1.7.1
  Downloaded byteorder v1.5.0
  Downloaded bytecheck v0.6.12
  Downloaded borsh v1.5.1
  Downloaded futures-core v0.3.30
  Downloaded futures-channel v0.3.30
  Downloaded digest v0.10.7
  Downloaded crypto-common v0.1.6
  Downloaded bytecheck_derive v0.6.12
  Downloaded borsh-derive v1.5.1
  Downloaded bitvec v1.0.1
  Downloaded aho-corasick v1.1.3
  Downloaded futures-task v0.3.30
  Downloaded futures-macro v0.3.30
  Downloaded find-crate v0.6.3
  Downloaded cfg_aliases v0.2.1
  Downloaded bigdecimal v0.4.5
  Downloaded arrayvec v0.7.4
  Downloaded ahash v0.7.8
  Downloaded bitmaps v2.1.0
  Downloaded autocfg v1.3.0
  Downloaded async-trait v0.1.81
   Compiling proc-macro2 v1.0.92
   Compiling unicode-ident v1.0.12
   Compiling autocfg v1.3.0
   Compiling version_check v0.9.5
   Compiling typenum v1.17.0
   Compiling libc v0.2.172
   Compiling serde v1.0.205
   Compiling cfg-if v1.0.0
   Compiling memchr v2.7.4
   Compiling futures-sink v0.3.30
   Compiling futures-core v0.3.30
   Compiling byteorder v1.5.0
   Compiling futures-task v0.3.30
   Compiling pin-project-lite v0.2.14
   Compiling pin-utils v0.1.0
   Compiling futures-io v0.3.30
   Compiling libm v0.2.8
   Compiling syn v1.0.109
   Compiling rustversion v1.0.17
   Compiling hashbrown v0.12.3
   Compiling serde_json v1.0.122
   Compiling thiserror v1.0.63
   Compiling rust_decimal v1.35.0
   Compiling regex-syntax v0.8.4
   Compiling arrayvec v0.7.4
   Compiling heck v0.4.1
   Compiling log v0.4.22
   Compiling either v1.13.0
   Compiling itoa v1.0.11
   Compiling iana-time-zone v0.1.60
   Compiling ryu v1.0.18
   Compiling hex v0.4.3
   Compiling diff v0.1.13
   Compiling yansi v0.5.1
     Running `/root/.rustup/toolchains/1.87-x86_64-unknown-linux-gnu/bin/rustc --crate-name unicode_ident --edition=2018 /root/.cargo/registry/src/index.crates.io-1949cf8c6b5b557f/unicode-ident-1.0.12/src/lib.rs --error-format=json --json=diagnostic-rendered-ansi,artifacts,future-incompat --crate-type lib --emit=dep-info,metadata,link -C embed-bitcode=no --check-cfg 'cfg(docsrs,test)' --check-cfg 'cfg(feature, values())' -C metadata=2d8b01d8812c1d1d -C extra-filename=-52105ed71e84ca4a --out-dir /app/target/debug/deps -L dependency=/app/target/debug/deps --cap-lints allow`
     Running `/root/.rustup/toolchains/1.87-x86_64-unknown-linux-gnu/bin/rustc --crate-name autocfg --edition=2015 /root/.cargo/registry/src/index.crates.io-1949cf8c6b5b557f/autocfg-1.3.0/src/lib.rs --error-format=json --json=diagnostic-rendered-ansi,artifacts,future-incompat --crate-type lib --emit=dep-info,metadata,link -C embed-bitcode=no --check-cfg 'cfg(docsrs,test)' --check-cfg 'cfg(feature, values())' -C metadata=d8ee99d28dbed4d9 -C extra-filename=-6c45ae46a8b65376 --out-dir /app/target/debug/deps -L dependency=/app/target/debug/deps --cap-lints allow`
     Running `/root/.rustup/toolchains/1.87-x86_64-unknown-linux-gnu/bin/rustc --crate-name build_script_build --edition=2021 /root/.cargo/registry/src/index.crates.io-1949cf8c6b5b557f/proc-macro2-1.0.92/build.rs --error-format=json --json=diagnostic-rendered-ansi,artifacts,future-incompat --crate-type bin --emit=dep-info,link -C embed-bitcode=no --cfg 'feature="default"' --cfg 'feature="proc-macro"' --check-cfg 'cfg(docsrs,test)' --check-cfg 'cfg(feature, values("default", "nightly", "proc-macro", "span-locations"))' -C metadata=7327f9ecbae8423c -C extra-filename=-f9e17d1111835b78 --out-dir /app/target/debug/build/proc-macro2-f9e17d1111835b78 -L dependency=/app/target/debug/deps --cap-lints allow`
     Running `/root/.rustup/toolchains/1.87-x86_64-unknown-linux-gnu/bin/rustc --crate-name build_script_main --edition=2018 /root/.cargo/registry/src/index.crates.io-1949cf8c6b5b557f/typenum-1.17.0/build/main.rs --error-format=json --json=diagnostic-rendered-ansi,artifacts,future-incompat --crate-type bin --emit=dep-info,link -C embed-bitcode=no --check-cfg 'cfg(docsrs,test)' --check-cfg 'cfg(feature, values("const-generics", "force_unix_path_separator", "i128", "no_std", "scale-info", "scale_info", "strict"))' -C metadata=e6a1334649014335 -C extra-filename=-bada06ad8d32b9c4 --out-dir /app/target/debug/build/typenum-bada06ad8d32b9c4 -L dependency=/app/target/debug/deps --cap-lints allow`
     Running `/root/.rustup/toolchains/1.87-x86_64-unknown-linux-gnu/bin/rustc --crate-name version_check --edition=2015 /root/.cargo/registry/src/index.crates.io-1949cf8c6b5b557f/version_check-0.9.5/src/lib.rs --error-format=json --json=diagnostic-rendered-ansi,artifacts,future-incompat --crate-type lib --emit=dep-info,metadata,link -C embed-bitcode=no --check-cfg 'cfg(docsrs,test)' --check-cfg 'cfg(feature, values())' -C metadata=9e481d5c4d4a6c7b -C extra-filename=-284e8375b5dd3310 --out-dir /app/target/debug/deps -L dependency=/app/target/debug/deps --cap-lints allow`
     Running `/root/.rustup/toolchains/1.87-x86_64-unknown-linux-gnu/bin/rustc --crate-name build_script_build --edition=2021 /root/.cargo/registry/src/index.crates.io-1949cf8c6b5b557f/libc-0.2.172/build.rs --error-format=json --json=diagnostic-rendered-ansi,artifacts,future-incompat --crate-type bin --emit=dep-info,link -C embed-bitcode=no --check-cfg 'cfg(docsrs,test)' --check-cfg 'cfg(feature, values("align", "const-extern-fn", "default", "extra_traits", "rustc-dep-of-std", "rustc-std-workspace-core", "std", "use_std"))' -C metadata=7757627547398663 -C extra-filename=-0887e1a00c67de32 --out-dir /app/target/debug/build/libc-0887e1a00c67de32 -L dependency=/app/target/debug/deps --cap-lints allow`
     Running `/root/.rustup/toolchains/1.87-x86_64-unknown-linux-gnu/bin/rustc --crate-name memchr --edition=2021 /root/.cargo/registry/src/index.crates.io-1949cf8c6b5b557f/memchr-2.7.4/src/lib.rs --error-format=json --json=diagnostic-rendered-ansi,artifacts,future-incompat --crate-type lib --emit=dep-info,metadata,link -C embed-bitcode=no -C debuginfo=2 --cfg 'feature="alloc"' --cfg 'feature="default"' --cfg 'feature="std"' --check-cfg 'cfg(docsrs,test)' --check-cfg 'cfg(feature, values("alloc", "compiler_builtins", "core", "default", "libc", "logging", "rustc-dep-of-std", "std", "use_std"))' -C metadata=8ccec09dcfaa7f1f -C extra-filename=-df7138072aead54d --out-dir /app/target/debug/deps -L dependency=/app/target/debug/deps --cap-lints allow`
     Running `/root/.rustup/toolchains/1.87-x86_64-unknown-linux-gnu/bin/rustc --crate-name build_script_build --edition=2018 /root/.cargo/registry/src/index.crates.io-1949cf8c6b5b557f/serde-1.0.205/build.rs --error-format=json --json=diagnostic-rendered-ansi,artifacts,future-incompat --crate-type bin --emit=dep-info,link -C embed-bitcode=no --cfg 'feature="default"' --cfg 'feature="derive"' --cfg 'feature="serde_derive"' --cfg 'feature="std"' --check-cfg 'cfg(docsrs,test)' --check-cfg 'cfg(feature, values("alloc", "default", "derive", "rc", "serde_derive", "std", "unstable"))' -C metadata=6c5e58b6dce31478 -C extra-filename=-37d95f7075ec2e13 --out-dir /app/target/debug/build/serde-37d95f7075ec2e13 -L dependency=/app/target/debug/deps --cap-lints allow`
     Running `/root/.rustup/toolchains/1.87-x86_64-unknown-linux-gnu/bin/rustc --crate-name cfg_if --edition=2018 /root/.cargo/registry/src/index.crates.io-1949cf8c6b5b557f/cfg-if-1.0.0/src/lib.rs --error-format=json --json=diagnostic-rendered-ansi,artifacts,future-incompat --crate-type lib --emit=dep-info,metadata,link -C embed-bitcode=no -C debuginfo=2 --check-cfg 'cfg(docsrs,test)' --check-cfg 'cfg(feature, values("compiler_builtins", "core", "rustc-dep-of-std"))' -C metadata=adb3b86315a062fd -C extra-filename=-f52ed1292e79c10c --out-dir /app/target/debug/deps -L dependency=/app/target/debug/deps --cap-lints allow`
     Running `/root/.rustup/toolchains/1.87-x86_64-unknown-linux-gnu/bin/rustc --crate-name futures_sink --edition=2018 /root/.cargo/registry/src/index.crates.io-1949cf8c6b5b557f/futures-sink-0.3.30/src/lib.rs --error-format=json --json=diagnostic-rendered-ansi,artifacts,future-incompat --crate-type lib --emit=dep-info,metadata,link -C embed-bitcode=no -C debuginfo=2 --cfg 'feature="alloc"' --cfg 'feature="std"' --check-cfg 'cfg(docsrs,test)' --check-cfg 'cfg(feature, values("alloc", "default", "std"))' -C metadata=9805dc42a4e471be -C extra-filename=-89c5bc4828d69b38 --out-dir /app/target/debug/deps -L dependency=/app/target/debug/deps --cap-lints allow`
     Running `/root/.rustup/toolchains/1.87-x86_64-unknown-linux-gnu/bin/rustc --crate-name build_script_build --edition=2018 /root/.cargo/registry/src/index.crates.io-1949cf8c6b5b557f/serde-1.0.205/build.rs --error-format=json --json=diagnostic-rendered-ansi,artifacts,future-incompat --crate-type bin --emit=dep-info,link -C embed-bitcode=no --cfg 'feature="default"' --cfg 'feature="std"' --check-cfg 'cfg(docsrs,test)' --check-cfg 'cfg(feature, values("alloc", "default", "derive", "rc", "serde_derive", "std", "unstable"))' -C metadata=572eadbd3ed9c8c0 -C extra-filename=-745034d597e751b7 --out-dir /app/target/debug/build/serde-745034d597e751b7 -L dependency=/app/target/debug/deps --cap-lints allow`
     Running `/root/.rustup/toolchains/1.87-x86_64-unknown-linux-gnu/bin/rustc --crate-name futures_core --edition=2018 /root/.cargo/registry/src/index.crates.io-1949cf8c6b5b557f/futures-core-0.3.30/src/lib.rs --error-format=json --json=diagnostic-rendered-ansi,artifacts,future-incompat --crate-type lib --emit=dep-info,metadata,link -C embed-bitcode=no -C debuginfo=2 --cfg 'feature="alloc"' --cfg 'feature="std"' --check-cfg 'cfg(docsrs,test)' --check-cfg 'cfg(feature, values("alloc", "cfg-target-has-atomic", "default", "portable-atomic", "std", "unstable"))' -C metadata=0c64567da1b21412 -C extra-filename=-54f89473dc30fde1 --out-dir /app/target/debug/deps -L dependency=/app/target/debug/deps --cap-lints allow`
     Running `/root/.rustup/toolchains/1.87-x86_64-unknown-linux-gnu/bin/rustc --crate-name byteorder --edition=2021 /root/.cargo/registry/src/index.crates.io-1949cf8c6b5b557f/byteorder-1.5.0/src/lib.rs --error-format=json --json=diagnostic-rendered-ansi,artifacts,future-incompat --crate-type lib --emit=dep-info,metadata,link -C embed-bitcode=no -C debuginfo=2 --check-cfg 'cfg(docsrs,test)' --check-cfg 'cfg(feature, values("default", "i128", "std"))' -C metadata=370617182e6d9803 -C extra-filename=-497f9896e2739e1d --out-dir /app/target/debug/deps -L dependency=/app/target/debug/deps --cap-lints allow`
     Running `/root/.rustup/toolchains/1.87-x86_64-unknown-linux-gnu/bin/rustc --crate-name futures_task --edition=2018 /root/.cargo/registry/src/index.crates.io-1949cf8c6b5b557f/futures-task-0.3.30/src/lib.rs --error-format=json --json=diagnostic-rendered-ansi,artifacts,future-incompat --crate-type lib --emit=dep-info,metadata,link -C embed-bitcode=no -C debuginfo=2 --cfg 'feature="alloc"' --cfg 'feature="std"' --check-cfg 'cfg(docsrs,test)' --check-cfg 'cfg(feature, values("alloc", "cfg-target-has-atomic", "default", "std", "unstable"))' -C metadata=326c83a5aac497d3 -C extra-filename=-1241744419c05b59 --out-dir /app/target/debug/deps -L dependency=/app/target/debug/deps --cap-lints allow`
     Running `/root/.rustup/toolchains/1.87-x86_64-unknown-linux-gnu/bin/rustc --crate-name pin_project_lite --edition=2018 /root/.cargo/registry/src/index.crates.io-1949cf8c6b5b557f/pin-project-lite-0.2.14/src/lib.rs --error-format=json --json=diagnostic-rendered-ansi,artifacts,future-incompat --crate-type lib --emit=dep-info,metadata,link -C embed-bitcode=no -C debuginfo=2 --warn=unreachable_pub '--warn=clippy::undocumented_unsafe_blocks' '--warn=clippy::transmute_undefined_repr' '--warn=clippy::trailing_empty_array' --warn=single_use_lifetimes --warn=rust_2018_idioms '--warn=clippy::pedantic' --warn=non_ascii_idents '--warn=clippy::inline_asm_x86_att_syntax' --warn=improper_ctypes_definitions --warn=improper_ctypes '--warn=clippy::default_union_representation' '--warn=clippy::as_ptr_cast_mut' '--warn=clippy::all' '--allow=clippy::type_complexity' '--allow=clippy::too_many_lines' '--allow=clippy::too_many_arguments' '--allow=clippy::struct_field_names' '--allow=clippy::struct_excessive_bools' '--allow=clippy::single_match_else' '--allow=clippy::single_match' '--allow=clippy::similar_names' '--allow=clippy::module_name_repetitions' '--allow=clippy::missing_errors_doc' '--allow=clippy::manual_range_contains' '--allow=clippy::manual_assert' '--allow=clippy::float_cmp' '--allow=clippy::doc_markdown' '--allow=clippy::declare_interior_mutable_const' '--allow=clippy::borrow_as_ptr' '--allow=clippy::bool_assert_comparison' --check-cfg 'cfg(docsrs,test)' --check-cfg 'cfg(feature, values())' -C metadata=b8b7478a3462f787 -C extra-filename=-0f401fa184235834 --out-dir /app/target/debug/deps -L dependency=/app/target/debug/deps --cap-lints allow`
     Running `/root/.rustup/toolchains/1.87-x86_64-unknown-linux-gnu/bin/rustc --crate-name pin_utils --edition=2018 /root/.cargo/registry/src/index.crates.io-1949cf8c6b5b557f/pin-utils-0.1.0/src/lib.rs --error-format=json --json=diagnostic-rendered-ansi,artifacts,future-incompat --crate-type lib --emit=dep-info,metadata,link -C embed-bitcode=no -C debuginfo=2 --check-cfg 'cfg(docsrs,test)' --check-cfg 'cfg(feature, values())' -C metadata=3bee059a3783a68a -C extra-filename=-fcd1b7c1cf393c79 --out-dir /app/target/debug/deps -L dependency=/app/target/debug/deps --cap-lints allow`
     Running `/root/.rustup/toolchains/1.87-x86_64-unknown-linux-gnu/bin/rustc --crate-name futures_io --edition=2018 /root/.cargo/registry/src/index.crates.io-1949cf8c6b5b557f/futures-io-0.3.30/src/lib.rs --error-format=json --json=diagnostic-rendered-ansi,artifacts,future-incompat --crate-type lib --emit=dep-info,metadata,link -C embed-bitcode=no -C debuginfo=2 --cfg 'feature="std"' --check-cfg 'cfg(docsrs,test)' --check-cfg 'cfg(feature, values("default", "std", "unstable"))' -C metadata=e02c5a2b36589c4a -C extra-filename=-51842d015824a3d3 --out-dir /app/target/debug/deps -L dependency=/app/target/debug/deps --cap-lints allow`
     Running `/root/.rustup/toolchains/1.87-x86_64-unknown-linux-gnu/bin/rustc --crate-name build_script_build --edition=2018 /root/.cargo/registry/src/index.crates.io-1949cf8c6b5b557f/libm-0.2.8/build.rs --error-format=json --json=diagnostic-rendered-ansi,artifacts,future-incompat --crate-type bin --emit=dep-info,link -C embed-bitcode=no --cfg 'feature="default"' --check-cfg 'cfg(docsrs,test)' --check-cfg 'cfg(feature, values("default", "musl-reference-tests", "rand", "unstable"))' -C metadata=a97f30e33052057c -C extra-filename=-5653da3b54859591 --out-dir /app/target/debug/build/libm-5653da3b54859591 -L dependency=/app/target/debug/deps --cap-lints allow`
     Running `/root/.rustup/toolchains/1.87-x86_64-unknown-linux-gnu/bin/rustc --crate-name build_script_build --edition=2018 /root/.cargo/registry/src/index.crates.io-1949cf8c6b5b557f/rustversion-1.0.17/build/build.rs --error-format=json --json=diagnostic-rendered-ansi,artifacts,future-incompat --crate-type bin --emit=dep-info,link -C embed-bitcode=no --check-cfg 'cfg(docsrs,test)' --check-cfg 'cfg(feature, values())' -C metadata=32f1147b5eb7f88b -C extra-filename=-873ea652977f398a --out-dir /app/target/debug/build/rustversion-873ea652977f398a -L dependency=/app/target/debug/deps --cap-lints allow`
     Running `/root/.rustup/toolchains/1.87-x86_64-unknown-linux-gnu/bin/rustc --crate-name build_script_build --edition=2018 /root/.cargo/registry/src/index.crates.io-1949cf8c6b5b557f/syn-1.0.109/build.rs --error-format=json --json=diagnostic-rendered-ansi,artifacts,future-incompat --crate-type bin --emit=dep-info,link -C embed-bitcode=no --cfg 'feature="clone-impls"' --cfg 'feature="default"' --cfg 'feature="derive"' --cfg 'feature="full"' --cfg 'feature="parsing"' --cfg 'feature="printing"' --cfg 'feature="proc-macro"' --cfg 'feature="quote"' --check-cfg 'cfg(docsrs,test)' --check-cfg 'cfg(feature, values("clone-impls", "default", "derive", "extra-traits", "fold", "full", "parsing", "printing", "proc-macro", "quote", "test", "visit", "visit-mut"))' -C metadata=e45a5448c22b602c -C extra-filename=-ab77aeabe0074e79 --out-dir /app/target/debug/build/syn-ab77aeabe0074e79 -L dependency=/app/target/debug/deps --cap-lints allow`
     Running `/root/.rustup/toolchains/1.87-x86_64-unknown-linux-gnu/bin/rustc --crate-name build_script_build --edition=2021 /root/.cargo/registry/src/index.crates.io-1949cf8c6b5b557f/serde_json-1.0.122/build.rs --error-format=json --json=diagnostic-rendered-ansi,artifacts,future-incompat --crate-type bin --emit=dep-info,link -C embed-bitcode=no --cfg 'feature="default"' --cfg 'feature="std"' --check-cfg 'cfg(docsrs,test)' --check-cfg 'cfg(feature, values("alloc", "arbitrary_precision", "default", "float_roundtrip", "indexmap", "preserve_order", "raw_value", "std", "unbounded_depth"))' -C metadata=2a27dee2d08648dc -C extra-filename=-9bcde1ad32378eea --out-dir /app/target/debug/build/serde_json-9bcde1ad32378eea -L dependency=/app/target/debug/deps --cap-lints allow`
     Running `/root/.rustup/toolchains/1.87-x86_64-unknown-linux-gnu/bin/rustc --crate-name hashbrown --edition=2021 /root/.cargo/registry/src/index.crates.io-1949cf8c6b5b557f/hashbrown-0.12.3/src/lib.rs --error-format=json --json=diagnostic-rendered-ansi,artifacts,future-incompat --crate-type lib --emit=dep-info,metadata,link -C embed-bitcode=no -C debuginfo=2 --cfg 'feature="raw"' --check-cfg 'cfg(docsrs,test)' --check-cfg 'cfg(feature, values("ahash", "ahash-compile-time-rng", "alloc", "bumpalo", "compiler_builtins", "core", "default", "inline-more", "nightly", "raw", "rayon", "rustc-dep-of-std", "rustc-internal-api", "serde"))' -C metadata=37bdcdd0ce4a845f -C extra-filename=-abc8fb6f22dfb085 --out-dir /app/target/debug/deps -L dependency=/app/target/debug/deps --cap-lints allow`
     Running `/root/.rustup/toolchains/1.87-x86_64-unknown-linux-gnu/bin/rustc --crate-name build_script_build --edition=2021 /root/.cargo/registry/src/index.crates.io-1949cf8c6b5b557f/thiserror-1.0.63/build.rs --error-format=json --json=diagnostic-rendered-ansi,artifacts,future-incompat --crate-type bin --emit=dep-info,link -C embed-bitcode=no --check-cfg 'cfg(docsrs,test)' --check-cfg 'cfg(feature, values())' -C metadata=3cbb78e5b70f4cc3 -C extra-filename=-47e9da741b77898d --out-dir /app/target/debug/build/thiserror-47e9da741b77898d -L dependency=/app/target/debug/deps --cap-lints allow`
     Running `/root/.rustup/toolchains/1.87-x86_64-unknown-linux-gnu/bin/rustc --crate-name build_script_build --edition=2021 /root/.cargo/registry/src/index.crates.io-1949cf8c6b5b557f/rust_decimal-1.35.0/build.rs --error-format=json --json=diagnostic-rendered-ansi,artifacts,future-incompat --crate-type bin --emit=dep-info,link -C embed-bitcode=no --cfg 'feature="default"' --cfg 'feature="serde"' --cfg 'feature="serde-str"' --cfg 'feature="serde-with-str"' --cfg 'feature="std"' --check-cfg 'cfg(docsrs,test)' --check-cfg 'cfg(feature, values("borsh", "c-repr", "db-diesel-mysql", "db-diesel-postgres", "db-diesel1-mysql", "db-diesel1-postgres", "db-diesel2-mysql", "db-diesel2-postgres", "db-postgres", "db-tokio-postgres", "default", "diesel1", "diesel2", "legacy-ops", "maths", "maths-nopanic", "ndarray", "proptest", "rand", "rkyv", "rkyv-safe", "rocket-traits", "rust-fuzz", "serde", "serde-arbitrary-precision", "serde-bincode", "serde-float", "serde-str", "serde-with-arbitrary-precision", "serde-with-float", "serde-with-str", "serde_json", "std", "tokio-pg", "tokio-postgres"))' -C metadata=09654692bbda3008 -C extra-filename=-7553ae35b162d0e2 --out-dir /app/target/debug/build/rust_decimal-7553ae35b162d0e2 -L dependency=/app/target/debug/deps --cap-lints allow`
     Running `/root/.rustup/toolchains/1.87-x86_64-unknown-linux-gnu/bin/rustc --crate-name regex_syntax --edition=2021 /root/.cargo/registry/src/index.crates.io-1949cf8c6b5b557f/regex-syntax-0.8.4/src/lib.rs --error-format=json --json=diagnostic-rendered-ansi,artifacts,future-incompat --crate-type lib --emit=dep-info,metadata,link -C embed-bitcode=no -C debuginfo=2 --cfg 'feature="default"' --cfg 'feature="std"' --cfg 'feature="unicode"' --cfg 'feature="unicode-age"' --cfg 'feature="unicode-bool"' --cfg 'feature="unicode-case"' --cfg 'feature="unicode-gencat"' --cfg 'feature="unicode-perl"' --cfg 'feature="unicode-script"' --cfg 'feature="unicode-segment"' --check-cfg 'cfg(docsrs,test)' --check-cfg 'cfg(feature, values("arbitrary", "default", "std", "unicode", "unicode-age", "unicode-bool", "unicode-case", "unicode-gencat", "unicode-perl", "unicode-script", "unicode-segment"))' -C metadata=5222992d9b04905a -C extra-filename=-cf7a86b64a2d3671 --out-dir /app/target/debug/deps -L dependency=/app/target/debug/deps --cap-lints allow`
     Running `/root/.rustup/toolchains/1.87-x86_64-unknown-linux-gnu/bin/rustc --crate-name arrayvec --edition=2018 /root/.cargo/registry/src/index.crates.io-1949cf8c6b5b557f/arrayvec-0.7.4/src/lib.rs --error-format=json --json=diagnostic-rendered-ansi,artifacts,future-incompat --crate-type lib --emit=dep-info,metadata,link -C embed-bitcode=no -C debuginfo=2 --cfg 'feature="std"' --check-cfg 'cfg(docsrs,test)' --check-cfg 'cfg(feature, values("default", "serde", "std", "zeroize"))' -C metadata=417ea392a8fd650f -C extra-filename=-88ffcce5b2773178 --out-dir /app/target/debug/deps -L dependency=/app/target/debug/deps --cap-lints allow`
     Running `/root/.rustup/toolchains/1.87-x86_64-unknown-linux-gnu/bin/rustc --crate-name heck --edition=2018 /root/.cargo/registry/src/index.crates.io-1949cf8c6b5b557f/heck-0.4.1/src/lib.rs --error-format=json --json=diagnostic-rendered-ansi,artifacts,future-incompat --crate-type lib --emit=dep-info,metadata,link -C embed-bitcode=no --cfg 'feature="default"' --check-cfg 'cfg(docsrs,test)' --check-cfg 'cfg(feature, values("default", "unicode", "unicode-segmentation"))' -C metadata=00eec4080cce8916 -C extra-filename=-84103dcde139b3d0 --out-dir /app/target/debug/deps -L dependency=/app/target/debug/deps --cap-lints allow`
     Running `/root/.rustup/toolchains/1.87-x86_64-unknown-linux-gnu/bin/rustc --crate-name log --edition=2021 /root/.cargo/registry/src/index.crates.io-1949cf8c6b5b557f/log-0.4.22/src/lib.rs --error-format=json --json=diagnostic-rendered-ansi,artifacts,future-incompat --crate-type lib --emit=dep-info,metadata,link -C embed-bitcode=no -C debuginfo=2 --check-cfg 'cfg(docsrs,test)' --check-cfg 'cfg(feature, values("kv", "kv_serde", "kv_std", "kv_sval", "kv_unstable", "kv_unstable_serde", "kv_unstable_std", "kv_unstable_sval", "max_level_debug", "max_level_error", "max_level_info", "max_level_off", "max_level_trace", "max_level_warn", "release_max_level_debug", "release_max_level_error", "release_max_level_info", "release_max_level_off", "release_max_level_trace", "release_max_level_warn", "serde", "std", "sval", "sval_ref", "value-bag"))' -C metadata=36b13cd81a5c0d86 -C extra-filename=-2bdb7deebd33db92 --out-dir /app/target/debug/deps -L dependency=/app/target/debug/deps --cap-lints allow`
     Running `/root/.rustup/toolchains/1.87-x86_64-unknown-linux-gnu/bin/rustc --crate-name either --edition=2018 /root/.cargo/registry/src/index.crates.io-1949cf8c6b5b557f/either-1.13.0/src/lib.rs --error-format=json --json=diagnostic-rendered-ansi,artifacts,future-incompat --crate-type lib --emit=dep-info,metadata,link -C embed-bitcode=no -C debuginfo=2 --cfg 'feature="use_std"' --check-cfg 'cfg(docsrs,test)' --check-cfg 'cfg(feature, values("default", "serde", "use_std"))' -C metadata=0be97dfc34677727 -C extra-filename=-6837b249a36b084d --out-dir /app/target/debug/deps -L dependency=/app/target/debug/deps --cap-lints allow`
     Running `/root/.rustup/toolchains/1.87-x86_64-unknown-linux-gnu/bin/rustc --crate-name itoa --edition=2018 /root/.cargo/registry/src/index.crates.io-1949cf8c6b5b557f/itoa-1.0.11/src/lib.rs --error-format=json --json=diagnostic-rendered-ansi,artifacts,future-incompat --crate-type lib --emit=dep-info,metadata,link -C embed-bitcode=no -C debuginfo=2 --check-cfg 'cfg(docsrs,test)' --check-cfg 'cfg(feature, values("no-panic"))' -C metadata=534c58532348c608 -C extra-filename=-eeb16195eb245836 --out-dir /app/target/debug/deps -L dependency=/app/target/debug/deps --cap-lints allow`
     Running `/root/.rustup/toolchains/1.87-x86_64-unknown-linux-gnu/bin/rustc --crate-name iana_time_zone --edition=2018 /root/.cargo/registry/src/index.crates.io-1949cf8c6b5b557f/iana-time-zone-0.1.60/src/lib.rs --error-format=json --json=diagnostic-rendered-ansi,artifacts,future-incompat --crate-type lib --emit=dep-info,metadata,link -C embed-bitcode=no -C debuginfo=2 --cfg 'feature="fallback"' --check-cfg 'cfg(docsrs,test)' --check-cfg 'cfg(feature, values("fallback"))' -C metadata=c8b478ac3f4f7ac4 -C extra-filename=-88bad21c3dddeda6 --out-dir /app/target/debug/deps -L dependency=/app/target/debug/deps --cap-lints allow`
     Running `/root/.rustup/toolchains/1.87-x86_64-unknown-linux-gnu/bin/rustc --crate-name ryu --edition=2018 /root/.cargo/registry/src/index.crates.io-1949cf8c6b5b557f/ryu-1.0.18/src/lib.rs --error-format=json --json=diagnostic-rendered-ansi,artifacts,future-incompat --crate-type lib --emit=dep-info,metadata,link -C embed-bitcode=no -C debuginfo=2 --check-cfg 'cfg(docsrs,test)' --check-cfg 'cfg(feature, values("no-panic", "small"))' -C metadata=e4f1d5ecd16e79a9 -C extra-filename=-2e1ad3a2e1fc761f --out-dir /app/target/debug/deps -L dependency=/app/target/debug/deps --cap-lints allow`
   Compiling futures-channel v0.3.30
     Running `/root/.rustup/toolchains/1.87-x86_64-unknown-linux-gnu/bin/rustc --crate-name hex --edition=2018 /root/.cargo/registry/src/index.crates.io-1949cf8c6b5b557f/hex-0.4.3/src/lib.rs --error-format=json --json=diagnostic-rendered-ansi,artifacts,future-incompat --crate-type lib --emit=dep-info,metadata,link -C embed-bitcode=no -C debuginfo=2 --cfg 'feature="alloc"' --cfg 'feature="default"' --cfg 'feature="std"' --check-cfg 'cfg(docsrs,test)' --check-cfg 'cfg(feature, values("alloc", "default", "serde", "std"))' -C metadata=c7b047d7405a5eaf -C extra-filename=-dd0d71cb863a3089 --out-dir /app/target/debug/deps -L dependency=/app/target/debug/deps --cap-lints allow`
     Running `/root/.rustup/toolchains/1.87-x86_64-unknown-linux-gnu/bin/rustc --crate-name diff --edition=2015 /root/.cargo/registry/src/index.crates.io-1949cf8c6b5b557f/diff-0.1.13/src/lib.rs --error-format=json --json=diagnostic-rendered-ansi,artifacts,future-incompat --crate-type lib --emit=dep-info,metadata,link -C embed-bitcode=no -C debuginfo=2 --check-cfg 'cfg(docsrs,test)' --check-cfg 'cfg(feature, values())' -C metadata=53bc645fcd6575b6 -C extra-filename=-edaae774d1f69e7d --out-dir /app/target/debug/deps -L dependency=/app/target/debug/deps --cap-lints allow`
     Running `/root/.rustup/toolchains/1.87-x86_64-unknown-linux-gnu/bin/rustc --crate-name yansi --edition=2015 /root/.cargo/registry/src/index.crates.io-1949cf8c6b5b557f/yansi-0.5.1/src/lib.rs --error-format=json --json=diagnostic-rendered-ansi,artifacts,future-incompat --crate-type lib --emit=dep-info,metadata,link -C embed-bitcode=no -C debuginfo=2 --check-cfg 'cfg(docsrs,test)' --check-cfg 'cfg(feature, values())' -C metadata=66c74e3c52ca893e -C extra-filename=-db24097270762d0b --out-dir /app/target/debug/deps -L dependency=/app/target/debug/deps --cap-lints allow`
     Running `/root/.rustup/toolchains/1.87-x86_64-unknown-linux-gnu/bin/rustc --crate-name futures_channel --edition=2018 /root/.cargo/registry/src/index.crates.io-1949cf8c6b5b557f/futures-channel-0.3.30/src/lib.rs --error-format=json --json=diagnostic-rendered-ansi,artifacts,future-incompat --crate-type lib --emit=dep-info,metadata,link -C embed-bitcode=no -C debuginfo=2 --cfg 'feature="alloc"' --cfg 'feature="futures-sink"' --cfg 'feature="sink"' --cfg 'feature="std"' --check-cfg 'cfg(docsrs,test)' --check-cfg 'cfg(feature, values("alloc", "cfg-target-has-atomic", "default", "futures-sink", "sink", "std", "unstable"))' -C metadata=d110b06d2fbdc359 -C extra-filename=-666d68034d4b4773 --out-dir /app/target/debug/deps -L dependency=/app/target/debug/deps --extern futures_core=/app/target/debug/deps/libfutures_core-54f89473dc30fde1.rmeta --extern futures_sink=/app/target/debug/deps/libfutures_sink-89c5bc4828d69b38.rmeta --cap-lints allow`
   Compiling generic-array v0.14.7
   Compiling im v15.1.0
     Running `/root/.rustup/toolchains/1.87-x86_64-unknown-linux-gnu/bin/rustc --crate-name build_script_build --edition=2015 /root/.cargo/registry/src/index.crates.io-1949cf8c6b5b557f/generic-array-0.14.7/build.rs --error-format=json --json=diagnostic-rendered-ansi,artifacts,future-incompat --crate-type bin --emit=dep-info,link -C embed-bitcode=no --cfg 'feature="more_lengths"' --check-cfg 'cfg(docsrs,test)' --check-cfg 'cfg(feature, values("more_lengths", "serde", "zeroize"))' -C metadata=55345ead4d6a32ab -C extra-filename=-7238bf6cb8da8112 --out-dir /app/target/debug/build/generic-array-7238bf6cb8da8112 -L dependency=/app/target/debug/deps --extern version_check=/app/target/debug/deps/libversion_check-284e8375b5dd3310.rlib --cap-lints allow`
     Running `/root/.rustup/toolchains/1.87-x86_64-unknown-linux-gnu/bin/rustc --crate-name build_script_build --edition=2018 /root/.cargo/registry/src/index.crates.io-1949cf8c6b5b557f/im-15.1.0/build.rs --error-format=json --json=diagnostic-rendered-ansi,artifacts,future-incompat --crate-type bin --emit=dep-info,link -C embed-bitcode=no --check-cfg 'cfg(docsrs,test)' --check-cfg 'cfg(feature, values("arbitrary", "debug", "proptest", "quickcheck", "rayon", "refpool", "serde"))' -C metadata=3aefaca351432af5 -C extra-filename=-6ea97b0dfe093604 --out-dir /app/target/debug/build/im-6ea97b0dfe093604 -L dependency=/app/target/debug/deps --extern version_check=/app/target/debug/deps/libversion_check-284e8375b5dd3310.rlib --cap-lints allow`
   Compiling num-traits v0.2.19
   Compiling slab v0.4.9
   Compiling bigdecimal v0.4.5
   Compiling indexmap v1.9.3
     Running `/root/.rustup/toolchains/1.87-x86_64-unknown-linux-gnu/bin/rustc --crate-name build_script_build --edition=2021 /root/.cargo/registry/src/index.crates.io-1949cf8c6b5b557f/num-traits-0.2.19/build.rs --error-format=json --json=diagnostic-rendered-ansi,artifacts,future-incompat --crate-type bin --emit=dep-info,link -C embed-bitcode=no --cfg 'feature="i128"' --cfg 'feature="std"' --check-cfg 'cfg(docsrs,test)' --check-cfg 'cfg(feature, values("default", "i128", "libm", "std"))' -C metadata=da58b8d2218f6677 -C extra-filename=-0765ed3b6dd4aba2 --out-dir /app/target/debug/build/num-traits-0765ed3b6dd4aba2 -L dependency=/app/target/debug/deps --extern autocfg=/app/target/debug/deps/libautocfg-6c45ae46a8b65376.rlib --cap-lints allow`
     Running `/root/.rustup/toolchains/1.87-x86_64-unknown-linux-gnu/bin/rustc --crate-name build_script_build --edition=2018 /root/.cargo/registry/src/index.crates.io-1949cf8c6b5b557f/slab-0.4.9/build.rs --error-format=json --json=diagnostic-rendered-ansi,artifacts,future-incompat --crate-type bin --emit=dep-info,link -C embed-bitcode=no --cfg 'feature="default"' --cfg 'feature="std"' --check-cfg 'cfg(docsrs,test)' --check-cfg 'cfg(feature, values("default", "serde", "std"))' -C metadata=df9fdb1d708194d5 -C extra-filename=-bb343ef3dcc48672 --out-dir /app/target/debug/build/slab-bb343ef3dcc48672 -L dependency=/app/target/debug/deps --extern autocfg=/app/target/debug/deps/libautocfg-6c45ae46a8b65376.rlib --cap-lints allow`
     Running `/root/.rustup/toolchains/1.87-x86_64-unknown-linux-gnu/bin/rustc --crate-name build_script_build --edition=2021 /root/.cargo/registry/src/index.crates.io-1949cf8c6b5b557f/indexmap-1.9.3/build.rs --error-format=json --json=diagnostic-rendered-ansi,artifacts,future-incompat --crate-type bin --emit=dep-info,link -C embed-bitcode=no --check-cfg 'cfg(docsrs,test)' --check-cfg 'cfg(feature, values("arbitrary", "quickcheck", "rayon", "rustc-rayon", "serde", "serde-1", "std", "test_debug", "test_low_transition_point"))' -C metadata=5bf27f4162b65df0 -C extra-filename=-1dbc0363b89579fb --out-dir /app/target/debug/build/indexmap-1dbc0363b89579fb -L dependency=/app/target/debug/deps --extern autocfg=/app/target/debug/deps/libautocfg-6c45ae46a8b65376.rlib --cap-lints allow`
     Running `/root/.rustup/toolchains/1.87-x86_64-unknown-linux-gnu/bin/rustc --crate-name build_script_build --edition=2015 /root/.cargo/registry/src/index.crates.io-1949cf8c6b5b557f/bigdecimal-0.4.5/build.rs --error-format=json --json=diagnostic-rendered-ansi,artifacts,future-incompat --crate-type bin --emit=dep-info,link -C embed-bitcode=no --cfg 'feature="default"' --cfg 'feature="serde"' --cfg 'feature="std"' --cfg 'feature="string-only"' --check-cfg 'cfg(docsrs,test)' --check-cfg 'cfg(feature, values("default", "serde", "serde-json", "serde_json", "std", "string-only"))' -C metadata=303bbb7a35cd0b04 -C extra-filename=-8b62e02e5cf3b10f --out-dir /app/target/debug/build/bigdecimal-8b62e02e5cf3b10f -L dependency=/app/target/debug/deps --extern autocfg=/app/target/debug/deps/libautocfg-6c45ae46a8b65376.rlib --cap-lints allow`
   Compiling pretty_assertions v1.4.0
     Running `/root/.rustup/toolchains/1.87-x86_64-unknown-linux-gnu/bin/rustc --crate-name pretty_assertions --edition=2018 /root/.cargo/registry/src/index.crates.io-1949cf8c6b5b557f/pretty_assertions-1.4.0/src/lib.rs --error-format=json --json=diagnostic-rendered-ansi,artifacts,future-incompat --crate-type lib --emit=dep-info,metadata,link -C embed-bitcode=no -C debuginfo=2 --cfg 'feature="default"' --cfg 'feature="std"' --check-cfg 'cfg(docsrs,test)' --check-cfg 'cfg(feature, values("alloc", "default", "std", "unstable"))' -C metadata=17d542b4415e2c33 -C extra-filename=-ec61a3ab12569e07 --out-dir /app/target/debug/deps -L dependency=/app/target/debug/deps --extern diff=/app/target/debug/deps/libdiff-edaae774d1f69e7d.rmeta --extern yansi=/app/target/debug/deps/libyansi-db24097270762d0b.rmeta --cap-lints allow`
   Compiling itertools v0.12.1
     Running `/root/.rustup/toolchains/1.87-x86_64-unknown-linux-gnu/bin/rustc --crate-name itertools --edition=2018 /root/.cargo/registry/src/index.crates.io-1949cf8c6b5b557f/itertools-0.12.1/src/lib.rs --error-format=json --json=diagnostic-rendered-ansi,artifacts,future-incompat --crate-type lib --emit=dep-info,metadata,link -C embed-bitcode=no -C debuginfo=2 --cfg 'feature="default"' --cfg 'feature="use_alloc"' --cfg 'feature="use_std"' --check-cfg 'cfg(docsrs,test)' --check-cfg 'cfg(feature, values("default", "use_alloc", "use_std"))' -C metadata=3243b395cc1d1823 -C extra-filename=-0a851bd936104108 --out-dir /app/target/debug/deps -L dependency=/app/target/debug/deps --extern either=/app/target/debug/deps/libeither-6837b249a36b084d.rmeta --cap-lints allow`
     Running `/app/target/debug/build/libm-5653da3b54859591/build-script-build`
     Running `/app/target/debug/build/serde_json-9bcde1ad32378eea/build-script-build`
     Running `/root/.rustup/toolchains/1.87-x86_64-unknown-linux-gnu/bin/rustc --crate-name libm --edition=2018 /root/.cargo/registry/src/index.crates.io-1949cf8c6b5b557f/libm-0.2.8/src/lib.rs --error-format=json --json=diagnostic-rendered-ansi,artifacts,future-incompat --crate-type lib --emit=dep-info,metadata,link -C embed-bitcode=no -C debuginfo=2 --cfg 'feature="default"' --check-cfg 'cfg(docsrs,test)' --check-cfg 'cfg(feature, values("default", "musl-reference-tests", "rand", "unstable"))' -C metadata=f2f8c7a59c6bd03c -C extra-filename=-fc35247bce857de1 --out-dir /app/target/debug/deps -L dependency=/app/target/debug/deps --cap-lints allow`
     Running `/app/target/debug/build/serde-745034d597e751b7/build-script-build`
     Running `/app/target/debug/build/libc-0887e1a00c67de32/build-script-build`
     Running `/app/target/debug/build/serde-37d95f7075ec2e13/build-script-build`
     Running `/root/.rustup/toolchains/1.87-x86_64-unknown-linux-gnu/bin/rustc --crate-name serde --edition=2018 /root/.cargo/registry/src/index.crates.io-1949cf8c6b5b557f/serde-1.0.205/src/lib.rs --error-format=json --json=diagnostic-rendered-ansi,artifacts,future-incompat --crate-type lib --emit=dep-info,metadata,link -C embed-bitcode=no --cfg 'feature="default"' --cfg 'feature="std"' --check-cfg 'cfg(docsrs,test)' --check-cfg 'cfg(feature, values("alloc", "default", "derive", "rc", "serde_derive", "std", "unstable"))' -C metadata=c7e097f0b25ea948 -C extra-filename=-2795614800c31b0b --out-dir /app/target/debug/deps -L dependency=/app/target/debug/deps --cap-lints allow --check-cfg 'cfg(no_core_cstr)' --check-cfg 'cfg(no_core_num_saturating)' --check-cfg 'cfg(no_core_try_from)' --check-cfg 'cfg(no_diagnostic_namespace)' --check-cfg 'cfg(no_float_copysign)' --check-cfg 'cfg(no_num_nonzero_signed)' --check-cfg 'cfg(no_relaxed_trait_bounds)' --check-cfg 'cfg(no_serde_derive)' --check-cfg 'cfg(no_std_atomic)' --check-cfg 'cfg(no_std_atomic64)' --check-cfg 'cfg(no_systemtime_checked_add)' --check-cfg 'cfg(no_target_has_atomic)'`
     Running `/app/target/debug/build/proc-macro2-f9e17d1111835b78/build-script-build`
     Running `/root/.rustup/toolchains/1.87-x86_64-unknown-linux-gnu/bin/rustc --crate-name libc --edition=2021 /root/.cargo/registry/src/index.crates.io-1949cf8c6b5b557f/libc-0.2.172/src/lib.rs --error-format=json --json=diagnostic-rendered-ansi,artifacts,future-incompat --crate-type lib --emit=dep-info,metadata,link -C embed-bitcode=no -C debuginfo=2 --check-cfg 'cfg(docsrs,test)' --check-cfg 'cfg(feature, values("align", "const-extern-fn", "default", "extra_traits", "rustc-dep-of-std", "rustc-std-workspace-core", "std", "use_std"))' -C metadata=cc646efff9edf94e -C extra-filename=-10c7c8281e9711fe --out-dir /app/target/debug/deps -L dependency=/app/target/debug/deps --cap-lints allow --cfg freebsd11 --cfg libc_const_extern_fn --check-cfg 'cfg(emscripten_old_stat_abi)' --check-cfg 'cfg(espidf_time32)' --check-cfg 'cfg(freebsd10)' --check-cfg 'cfg(freebsd11)' --check-cfg 'cfg(freebsd12)' --check-cfg 'cfg(freebsd13)' --check-cfg 'cfg(freebsd14)' --check-cfg 'cfg(freebsd15)' --check-cfg 'cfg(gnu_file_offset_bits64)' --check-cfg 'cfg(libc_const_extern_fn)' --check-cfg 'cfg(libc_deny_warnings)' --check-cfg 'cfg(libc_thread_local)' --check-cfg 'cfg(libc_ctest)' --check-cfg 'cfg(linux_time_bits64)' --check-cfg 'cfg(target_os,values("switch","aix","ohos","hurd","rtems","visionos","nuttx","cygwin"))' --check-cfg 'cfg(target_env,values("illumos","wasi","aix","ohos","nto71_iosock","nto80"))' --check-cfg 'cfg(target_arch,values("loongarch64","mips32r6","mips64r6","csky"))'`
     Running `/app/target/debug/build/rust_decimal-7553ae35b162d0e2/build-script-build`
     Running `/app/target/debug/build/syn-ab77aeabe0074e79/build-script-build`
     Running `/app/target/debug/build/thiserror-47e9da741b77898d/build-script-build`
     Running `/root/.rustup/toolchains/1.87-x86_64-unknown-linux-gnu/bin/rustc --crate-name proc_macro2 --edition=2021 /root/.cargo/registry/src/index.crates.io-1949cf8c6b5b557f/proc-macro2-1.0.92/src/lib.rs --error-format=json --json=diagnostic-rendered-ansi,artifacts,future-incompat --crate-type lib --emit=dep-info,metadata,link -C embed-bitcode=no --cfg 'feature="default"' --cfg 'feature="proc-macro"' --check-cfg 'cfg(docsrs,test)' --check-cfg 'cfg(feature, values("default", "nightly", "proc-macro", "span-locations"))' -C metadata=10d03e3b707359c4 -C extra-filename=-7fc2ef9a1cd70fa2 --out-dir /app/target/debug/deps -L dependency=/app/target/debug/deps --extern unicode_ident=/app/target/debug/deps/libunicode_ident-52105ed71e84ca4a.rmeta --cap-lints allow --cfg wrap_proc_macro --check-cfg 'cfg(fuzzing)' --check-cfg 'cfg(no_is_available)' --check-cfg 'cfg(no_literal_byte_character)' --check-cfg 'cfg(no_literal_c_string)' --check-cfg 'cfg(no_source_text)' --check-cfg 'cfg(proc_macro_span)' --check-cfg 'cfg(procmacro2_backtrace)' --check-cfg 'cfg(procmacro2_nightly_testing)' --check-cfg 'cfg(procmacro2_semver_exempt)' --check-cfg 'cfg(randomize_layout)' --check-cfg 'cfg(span_locations)' --check-cfg 'cfg(super_unstable)' --check-cfg 'cfg(wrap_proc_macro)'`
     Running `/app/target/debug/build/typenum-bada06ad8d32b9c4/build-script-main`
     Running `/app/target/debug/build/rustversion-873ea652977f398a/build-script-build`
     Running `/app/target/debug/build/im-6ea97b0dfe093604/build-script-build`
     Running `/app/target/debug/build/num-traits-0765ed3b6dd4aba2/build-script-build`
     Running `/app/target/debug/build/generic-array-7238bf6cb8da8112/build-script-build`
     Running `/app/target/debug/build/slab-bb343ef3dcc48672/build-script-build`
     Running `/root/.rustup/toolchains/1.87-x86_64-unknown-linux-gnu/bin/rustc --crate-name rustversion --edition=2018 /root/.cargo/registry/src/index.crates.io-1949cf8c6b5b557f/rustversion-1.0.17/src/lib.rs --error-format=json --json=diagnostic-rendered-ansi,artifacts,future-incompat --crate-type proc-macro --emit=dep-info,link -C prefer-dynamic -C embed-bitcode=no --check-cfg 'cfg(docsrs,test)' --check-cfg 'cfg(feature, values())' -C metadata=ff05468471538a75 -C extra-filename=-cf989dac07339559 --out-dir /app/target/debug/deps -L dependency=/app/target/debug/deps --extern proc_macro --cap-lints allow --check-cfg 'cfg(cfg_macro_not_allowed)' --check-cfg 'cfg(host_os, values("windows"))'`
     Running `/app/target/debug/build/indexmap-1dbc0363b89579fb/build-script-build`
   Compiling aho-corasick v1.1.3
     Running `/root/.rustup/toolchains/1.87-x86_64-unknown-linux-gnu/bin/rustc --crate-name aho_corasick --edition=2021 /root/.cargo/registry/src/index.crates.io-1949cf8c6b5b557f/aho-corasick-1.1.3/src/lib.rs --error-format=json --json=diagnostic-rendered-ansi,artifacts,future-incompat --crate-type lib --emit=dep-info,metadata,link -C embed-bitcode=no -C debuginfo=2 --cfg 'feature="perf-literal"' --cfg 'feature="std"' --check-cfg 'cfg(docsrs,test)' --check-cfg 'cfg(feature, values("default", "logging", "perf-literal", "std"))' -C metadata=279f4b6c0ed764f0 -C extra-filename=-96de60b9858755f6 --out-dir /app/target/debug/deps -L dependency=/app/target/debug/deps --extern memchr=/app/target/debug/deps/libmemchr-df7138072aead54d.rmeta --cap-lints allow`
     Running `/root/.rustup/toolchains/1.87-x86_64-unknown-linux-gnu/bin/rustc --crate-name slab --edition=2018 /root/.cargo/registry/src/index.crates.io-1949cf8c6b5b557f/slab-0.4.9/src/lib.rs --error-format=json --json=diagnostic-rendered-ansi,artifacts,future-incompat --crate-type lib --emit=dep-info,metadata,link -C embed-bitcode=no -C debuginfo=2 --cfg 'feature="default"' --cfg 'feature="std"' --check-cfg 'cfg(docsrs,test)' --check-cfg 'cfg(feature, values("default", "serde", "std"))' -C metadata=c710e00a928e64b1 -C extra-filename=-5ec24ea55ef0a031 --out-dir /app/target/debug/deps -L dependency=/app/target/debug/deps --cap-lints allow`
     Running `/app/target/debug/build/bigdecimal-8b62e02e5cf3b10f/build-script-build`
     Running `/root/.rustup/toolchains/1.87-x86_64-unknown-linux-gnu/bin/rustc --crate-name typenum --edition=2018 /root/.cargo/registry/src/index.crates.io-1949cf8c6b5b557f/typenum-1.17.0/src/lib.rs --error-format=json --json=diagnostic-rendered-ansi,artifacts,future-incompat --crate-type lib --emit=dep-info,metadata,link -C embed-bitcode=no -C debuginfo=2 --check-cfg 'cfg(docsrs,test)' --check-cfg 'cfg(feature, values("const-generics", "force_unix_path_separator", "i128", "no_std", "scale-info", "scale_info", "strict"))' -C metadata=ca8f63d177c1d8f3 -C extra-filename=-218683b74ca28981 --out-dir /app/target/debug/deps -L dependency=/app/target/debug/deps --cap-lints allow`
     Running `/root/.rustup/toolchains/1.87-x86_64-unknown-linux-gnu/bin/rustc --crate-name num_traits --edition=2021 /root/.cargo/registry/src/index.crates.io-1949cf8c6b5b557f/num-traits-0.2.19/src/lib.rs --error-format=json --json=diagnostic-rendered-ansi,artifacts,future-incompat --crate-type lib --emit=dep-info,metadata,link -C embed-bitcode=no -C debuginfo=2 --cfg 'feature="i128"' --cfg 'feature="std"' --check-cfg 'cfg(docsrs,test)' --check-cfg 'cfg(feature, values("default", "i128", "libm", "std"))' -C metadata=9375dc7fbef1bf94 -C extra-filename=-06cc01ac2a8a1aaf --out-dir /app/target/debug/deps -L dependency=/app/target/debug/deps --cap-lints allow --cfg has_total_cmp`
     Running `/root/.rustup/toolchains/1.87-x86_64-unknown-linux-gnu/bin/rustc --crate-name indexmap --edition=2021 /root/.cargo/registry/src/index.crates.io-1949cf8c6b5b557f/indexmap-1.9.3/src/lib.rs --error-format=json --json=diagnostic-rendered-ansi,artifacts,future-incompat --crate-type lib --emit=dep-info,metadata,link -C embed-bitcode=no -C debuginfo=2 --check-cfg 'cfg(docsrs,test)' --check-cfg 'cfg(feature, values("arbitrary", "quickcheck", "rayon", "rustc-rayon", "serde", "serde-1", "std", "test_debug", "test_low_transition_point"))' -C metadata=138c46e7ff0721e2 -C extra-filename=-3f5407ac99fec0e3 --out-dir /app/target/debug/deps -L dependency=/app/target/debug/deps --extern hashbrown=/app/target/debug/deps/libhashbrown-abc8fb6f22dfb085.rmeta --cap-lints allow --cfg has_std`
   Compiling quote v1.0.36
     Running `/root/.rustup/toolchains/1.87-x86_64-unknown-linux-gnu/bin/rustc --crate-name quote --edition=2018 /root/.cargo/registry/src/index.crates.io-1949cf8c6b5b557f/quote-1.0.36/src/lib.rs --error-format=json --json=diagnostic-rendered-ansi,artifacts,future-incompat --crate-type lib --emit=dep-info,metadata,link -C embed-bitcode=no --cfg 'feature="default"' --cfg 'feature="proc-macro"' --check-cfg 'cfg(docsrs,test)' --check-cfg 'cfg(feature, values("default", "proc-macro"))' -C metadata=0d73210a177f0f17 -C extra-filename=-f89c29ffd42cec5f --out-dir /app/target/debug/deps -L dependency=/app/target/debug/deps --extern proc_macro2=/app/target/debug/deps/libproc_macro2-7fc2ef9a1cd70fa2.rmeta --cap-lints allow`
   Compiling syn v2.0.89
     Running `/root/.rustup/toolchains/1.87-x86_64-unknown-linux-gnu/bin/rustc --crate-name syn --edition=2021 /root/.cargo/registry/src/index.crates.io-1949cf8c6b5b557f/syn-2.0.89/src/lib.rs --error-format=json --json=diagnostic-rendered-ansi,artifacts,future-incompat --crate-type lib --emit=dep-info,metadata,link -C embed-bitcode=no --cfg 'feature="clone-impls"' --cfg 'feature="default"' --cfg 'feature="derive"' --cfg 'feature="extra-traits"' --cfg 'feature="full"' --cfg 'feature="parsing"' --cfg 'feature="printing"' --cfg 'feature="proc-macro"' --cfg 'feature="visit-mut"' --check-cfg 'cfg(docsrs,test)' --check-cfg 'cfg(feature, values("clone-impls", "default", "derive", "extra-traits", "fold", "full", "parsing", "printing", "proc-macro", "test", "visit", "visit-mut"))' -C metadata=e1c7df6821af9f7e -C extra-filename=-d3acd8b1dfd5498d --out-dir /app/target/debug/deps -L dependency=/app/target/debug/deps --extern proc_macro2=/app/target/debug/deps/libproc_macro2-7fc2ef9a1cd70fa2.rmeta --extern quote=/app/target/debug/deps/libquote-f89c29ffd42cec5f.rmeta --extern unicode_ident=/app/target/debug/deps/libunicode_ident-52105ed71e84ca4a.rmeta --cap-lints allow`
     Running `/root/.rustup/toolchains/1.87-x86_64-unknown-linux-gnu/bin/rustc --crate-name syn --edition=2018 /root/.cargo/registry/src/index.crates.io-1949cf8c6b5b557f/syn-1.0.109/src/lib.rs --error-format=json --json=diagnostic-rendered-ansi,artifacts,future-incompat --crate-type lib --emit=dep-info,metadata,link -C embed-bitcode=no --cfg 'feature="clone-impls"' --cfg 'feature="default"' --cfg 'feature="derive"' --cfg 'feature="full"' --cfg 'feature="parsing"' --cfg 'feature="printing"' --cfg 'feature="proc-macro"' --cfg 'feature="quote"' --check-cfg 'cfg(docsrs,test)' --check-cfg 'cfg(feature, values("clone-impls", "default", "derive", "extra-traits", "fold", "full", "parsing", "printing", "proc-macro", "quote", "test", "visit", "visit-mut"))' -C metadata=849218423037e5f2 -C extra-filename=-e59eb0670e0bf346 --out-dir /app/target/debug/deps -L dependency=/app/target/debug/deps --extern proc_macro2=/app/target/debug/deps/libproc_macro2-7fc2ef9a1cd70fa2.rmeta --extern quote=/app/target/debug/deps/libquote-f89c29ffd42cec5f.rmeta --extern unicode_ident=/app/target/debug/deps/libunicode_ident-52105ed71e84ca4a.rmeta --cap-lints allow --cfg syn_disable_nightly_tests`
   Compiling getrandom v0.2.15
     Running `/root/.rustup/toolchains/1.87-x86_64-unknown-linux-gnu/bin/rustc --crate-name getrandom --edition=2018 /root/.cargo/registry/src/index.crates.io-1949cf8c6b5b557f/getrandom-0.2.15/src/lib.rs --error-format=json --json=diagnostic-rendered-ansi,artifacts,future-incompat --crate-type lib --emit=dep-info,metadata,link -C embed-bitcode=no -C debuginfo=2 --cfg 'feature="std"' --check-cfg 'cfg(docsrs,test)' --check-cfg 'cfg(feature, values("compiler_builtins", "core", "custom", "js", "js-sys", "linux_disable_fallback", "rdrand", "rustc-dep-of-std", "std", "test-in-browser", "wasm-bindgen"))' -C metadata=e514b4c6ad448c72 -C extra-filename=-e98cb9448a007af5 --out-dir /app/target/debug/deps -L dependency=/app/target/debug/deps --extern cfg_if=/app/target/debug/deps/libcfg_if-f52ed1292e79c10c.rmeta --extern libc=/app/target/debug/deps/liblibc-10c7c8281e9711fe.rmeta --cap-lints allow`
   Compiling bitmaps v2.1.0
     Running `/root/.rustup/toolchains/1.87-x86_64-unknown-linux-gnu/bin/rustc --crate-name generic_array --edition=2015 /root/.cargo/registry/src/index.crates.io-1949cf8c6b5b557f/generic-array-0.14.7/src/lib.rs --error-format=json --json=diagnostic-rendered-ansi,artifacts,future-incompat --crate-type lib --emit=dep-info,metadata,link -C embed-bitcode=no -C debuginfo=2 --cfg 'feature="more_lengths"' --check-cfg 'cfg(docsrs,test)' --check-cfg 'cfg(feature, values("more_lengths", "serde", "zeroize"))' -C metadata=46d55049feea46a0 -C extra-filename=-574dc849a5b056c4 --out-dir /app/target/debug/deps -L dependency=/app/target/debug/deps --extern typenum=/app/target/debug/deps/libtypenum-218683b74ca28981.rmeta --cap-lints allow --cfg relaxed_coherence`
     Running `/root/.rustup/toolchains/1.87-x86_64-unknown-linux-gnu/bin/rustc --crate-name bitmaps --edition=2018 /root/.cargo/registry/src/index.crates.io-1949cf8c6b5b557f/bitmaps-2.1.0/src/lib.rs --error-format=json --json=diagnostic-rendered-ansi,artifacts,future-incompat --crate-type lib --emit=dep-info,metadata,link -C embed-bitcode=no -C debuginfo=2 --cfg 'feature="default"' --cfg 'feature="std"' --check-cfg 'cfg(docsrs,test)' --check-cfg 'cfg(feature, values("default", "std"))' -C metadata=fd31e01de8d11891 -C extra-filename=-51933aba5ef55341 --out-dir /app/target/debug/deps -L dependency=/app/target/debug/deps --extern typenum=/app/target/debug/deps/libtypenum-218683b74ca28981.rmeta --cap-lints allow`
   Compiling rand_core v0.6.4
   Compiling uuid v1.11.0
     Running `/root/.rustup/toolchains/1.87-x86_64-unknown-linux-gnu/bin/rustc --crate-name rand_core --edition=2018 /root/.cargo/registry/src/index.crates.io-1949cf8c6b5b557f/rand_core-0.6.4/src/lib.rs --error-format=json --json=diagnostic-rendered-ansi,artifacts,future-incompat --crate-type lib --emit=dep-info,metadata,link -C embed-bitcode=no -C debuginfo=2 --cfg 'feature="alloc"' --cfg 'feature="getrandom"' --cfg 'feature="std"' --check-cfg 'cfg(docsrs,test)' --check-cfg 'cfg(feature, values("alloc", "getrandom", "serde", "serde1", "std"))' -C metadata=f83e1e5f047df04e -C extra-filename=-e345cfb6552d4ff6 --out-dir /app/target/debug/deps -L dependency=/app/target/debug/deps --extern getrandom=/app/target/debug/deps/libgetrandom-e98cb9448a007af5.rmeta --cap-lints allow`
     Running `/root/.rustup/toolchains/1.87-x86_64-unknown-linux-gnu/bin/rustc --crate-name uuid --edition=2018 /root/.cargo/registry/src/index.crates.io-1949cf8c6b5b557f/uuid-1.11.0/src/lib.rs --error-format=json --json=diagnostic-rendered-ansi,artifacts,future-incompat --crate-type lib --emit=dep-info,metadata,link -C embed-bitcode=no -C debuginfo=2 --allow=unexpected_cfgs --check-cfg 'cfg(uuid_unstable)' --cfg 'feature="default"' --cfg 'feature="rng"' --cfg 'feature="std"' --cfg 'feature="v4"' --check-cfg 'cfg(docsrs,test)' --check-cfg 'cfg(feature, values("arbitrary", "atomic", "borsh", "bytemuck", "default", "fast-rng", "js", "macro-diagnostics", "md5", "rng", "serde", "sha1", "slog", "std", "v1", "v3", "v4", "v5", "v6", "v7", "v8", "zerocopy"))' -C metadata=e9065d03f5e40800 -C extra-filename=-0f354b6f5ee15d1c --out-dir /app/target/debug/deps -L dependency=/app/target/debug/deps --extern getrandom=/app/target/debug/deps/libgetrandom-e98cb9448a007af5.rmeta --cap-lints allow`
   Compiling num-integer v0.1.46
     Running `/root/.rustup/toolchains/1.87-x86_64-unknown-linux-gnu/bin/rustc --crate-name num_integer --edition=2018 /root/.cargo/registry/src/index.crates.io-1949cf8c6b5b557f/num-integer-0.1.46/src/lib.rs --error-format=json --json=diagnostic-rendered-ansi,artifacts,future-incompat --crate-type lib --emit=dep-info,metadata,link -C embed-bitcode=no -C debuginfo=2 --cfg 'feature="i128"' --cfg 'feature="std"' --check-cfg 'cfg(docsrs,test)' --check-cfg 'cfg(feature, values("default", "i128", "std"))' -C metadata=e6e4ebe786b8002f -C extra-filename=-fe595af1fc80f8b1 --out-dir /app/target/debug/deps -L dependency=/app/target/debug/deps --extern num_traits=/app/target/debug/deps/libnum_traits-06cc01ac2a8a1aaf.rmeta --cap-lints allow`
   Compiling rand_xoshiro v0.6.0
     Running `/root/.rustup/toolchains/1.87-x86_64-unknown-linux-gnu/bin/rustc --crate-name rand_xoshiro --edition=2018 /root/.cargo/registry/src/index.crates.io-1949cf8c6b5b557f/rand_xoshiro-0.6.0/src/lib.rs --error-format=json --json=diagnostic-rendered-ansi,artifacts,future-incompat --crate-type lib --emit=dep-info,metadata,link -C embed-bitcode=no -C debuginfo=2 --check-cfg 'cfg(docsrs,test)' --check-cfg 'cfg(feature, values("serde", "serde1"))' -C metadata=20cfdae541931151 -C extra-filename=-978021a0cc6bd037 --out-dir /app/target/debug/deps -L dependency=/app/target/debug/deps --extern rand_core=/app/target/debug/deps/librand_core-e345cfb6552d4ff6.rmeta --cap-lints allow`
   Compiling num-bigint v0.4.6
     Running `/root/.rustup/toolchains/1.87-x86_64-unknown-linux-gnu/bin/rustc --crate-name num_bigint --edition=2021 /root/.cargo/registry/src/index.crates.io-1949cf8c6b5b557f/num-bigint-0.4.6/src/lib.rs --error-format=json --json=diagnostic-rendered-ansi,artifacts,future-incompat --crate-type lib --emit=dep-info,metadata,link -C embed-bitcode=no -C debuginfo=2 --cfg 'feature="std"' --check-cfg 'cfg(docsrs,test)' --check-cfg 'cfg(feature, values("arbitrary", "default", "quickcheck", "rand", "serde", "std"))' -C metadata=e42f55281b065ddf -C extra-filename=-f8ddeff0eab4281e --out-dir /app/target/debug/deps -L dependency=/app/target/debug/deps --extern num_integer=/app/target/debug/deps/libnum_integer-fe595af1fc80f8b1.rmeta --extern num_traits=/app/target/debug/deps/libnum_traits-06cc01ac2a8a1aaf.rmeta --cap-lints allow`
   Compiling crypto-common v0.1.6
   Compiling block-buffer v0.10.4
     Running `/root/.rustup/toolchains/1.87-x86_64-unknown-linux-gnu/bin/rustc --crate-name crypto_common --edition=2018 /root/.cargo/registry/src/index.crates.io-1949cf8c6b5b557f/crypto-common-0.1.6/src/lib.rs --error-format=json --json=diagnostic-rendered-ansi,artifacts,future-incompat --crate-type lib --emit=dep-info,metadata,link -C embed-bitcode=no -C debuginfo=2 --cfg 'feature="std"' --check-cfg 'cfg(docsrs,test)' --check-cfg 'cfg(feature, values("getrandom", "rand_core", "std"))' -C metadata=f0f0e542bd0bdf50 -C extra-filename=-e7041c40f0609f69 --out-dir /app/target/debug/deps -L dependency=/app/target/debug/deps --extern generic_array=/app/target/debug/deps/libgeneric_array-574dc849a5b056c4.rmeta --extern typenum=/app/target/debug/deps/libtypenum-218683b74ca28981.rmeta --cap-lints allow`
     Running `/root/.rustup/toolchains/1.87-x86_64-unknown-linux-gnu/bin/rustc --crate-name block_buffer --edition=2018 /root/.cargo/registry/src/index.crates.io-1949cf8c6b5b557f/block-buffer-0.10.4/src/lib.rs --error-format=json --json=diagnostic-rendered-ansi,artifacts,future-incompat --crate-type lib --emit=dep-info,metadata,link -C embed-bitcode=no -C debuginfo=2 --check-cfg 'cfg(docsrs,test)' --check-cfg 'cfg(feature, values())' -C metadata=66eeb3232670b109 -C extra-filename=-a15c3c162cd655d1 --out-dir /app/target/debug/deps -L dependency=/app/target/debug/deps --extern generic_array=/app/target/debug/deps/libgeneric_array-574dc849a5b056c4.rmeta --cap-lints allow`
   Compiling digest v0.10.7
     Running `/root/.rustup/toolchains/1.87-x86_64-unknown-linux-gnu/bin/rustc --crate-name digest --edition=2018 /root/.cargo/registry/src/index.crates.io-1949cf8c6b5b557f/digest-0.10.7/src/lib.rs --error-format=json --json=diagnostic-rendered-ansi,artifacts,future-incompat --crate-type lib --emit=dep-info,metadata,link -C embed-bitcode=no -C debuginfo=2 --cfg 'feature="alloc"' --cfg 'feature="block-buffer"' --cfg 'feature="core-api"' --cfg 'feature="default"' --cfg 'feature="std"' --check-cfg 'cfg(docsrs,test)' --check-cfg 'cfg(feature, values("alloc", "blobby", "block-buffer", "const-oid", "core-api", "default", "dev", "mac", "oid", "rand_core", "std", "subtle"))' -C metadata=9436e8f20a53b640 -C extra-filename=-34e7091cde706d0d --out-dir /app/target/debug/deps -L dependency=/app/target/debug/deps --extern block_buffer=/app/target/debug/deps/libblock_buffer-a15c3c162cd655d1.rmeta --extern crypto_common=/app/target/debug/deps/libcrypto_common-e7041c40f0609f69.rmeta --cap-lints allow`
   Compiling sized-chunks v0.6.5
     Running `/root/.rustup/toolchains/1.87-x86_64-unknown-linux-gnu/bin/rustc --crate-name sized_chunks --edition=2018 /root/.cargo/registry/src/index.crates.io-1949cf8c6b5b557f/sized-chunks-0.6.5/src/lib.rs --error-format=json --json=diagnostic-rendered-ansi,artifacts,future-incompat --crate-type lib --emit=dep-info,metadata,link -C embed-bitcode=no -C debuginfo=2 --cfg 'feature="default"' --cfg 'feature="std"' --check-cfg 'cfg(docsrs,test)' --check-cfg 'cfg(feature, values("arbitrary", "array-ops", "default", "refpool", "ringbuffer", "std"))' -C metadata=19c219031e8b6e00 -C extra-filename=-046f699445e99791 --out-dir /app/target/debug/deps -L dependency=/app/target/debug/deps --extern bitmaps=/app/target/debug/deps/libbitmaps-51933aba5ef55341.rmeta --extern typenum=/app/target/debug/deps/libtypenum-218683b74ca28981.rmeta --cap-lints allow`
   Compiling md-5 v0.10.6
     Running `/root/.rustup/toolchains/1.87-x86_64-unknown-linux-gnu/bin/rustc --crate-name md5 --edition=2018 /root/.cargo/registry/src/index.crates.io-1949cf8c6b5b557f/md-5-0.10.6/src/lib.rs --error-format=json --json=diagnostic-rendered-ansi,artifacts,future-incompat --crate-type lib --emit=dep-info,metadata,link -C embed-bitcode=no -C debuginfo=2 --cfg 'feature="default"' --cfg 'feature="std"' --check-cfg 'cfg(docsrs,test)' --check-cfg 'cfg(feature, values("asm", "default", "force-soft", "loongarch64_asm", "md5-asm", "oid", "std"))' -C metadata=a857425444a0ad50 -C extra-filename=-60eb8d1be766389e --out-dir /app/target/debug/deps -L dependency=/app/target/debug/deps --extern cfg_if=/app/target/debug/deps/libcfg_if-f52ed1292e79c10c.rmeta --extern digest=/app/target/debug/deps/libdigest-34e7091cde706d0d.rmeta --cap-lints allow`
     Running `/root/.rustup/toolchains/1.87-x86_64-unknown-linux-gnu/bin/rustc --crate-name im --edition=2018 /root/.cargo/registry/src/index.crates.io-1949cf8c6b5b557f/im-15.1.0/src/lib.rs --error-format=json --json=diagnostic-rendered-ansi,artifacts,future-incompat --crate-type lib --emit=dep-info,metadata,link -C embed-bitcode=no -C debuginfo=2 --check-cfg 'cfg(docsrs,test)' --check-cfg 'cfg(feature, values("arbitrary", "debug", "proptest", "quickcheck", "rayon", "refpool", "serde"))' -C metadata=36cd77bb76fd0421 -C extra-filename=-44a7105af4ea4ea3 --out-dir /app/target/debug/deps -L dependency=/app/target/debug/deps --extern bitmaps=/app/target/debug/deps/libbitmaps-51933aba5ef55341.rmeta --extern rand_core=/app/target/debug/deps/librand_core-e345cfb6552d4ff6.rmeta --extern rand_xoshiro=/app/target/debug/deps/librand_xoshiro-978021a0cc6bd037.rmeta --extern sized_chunks=/app/target/debug/deps/libsized_chunks-046f699445e99791.rmeta --extern typenum=/app/target/debug/deps/libtypenum-218683b74ca28981.rmeta --cap-lints allow --cfg threadsafe`
   Compiling regex-automata v0.4.7
     Running `/root/.rustup/toolchains/1.87-x86_64-unknown-linux-gnu/bin/rustc --crate-name regex_automata --edition=2021 /root/.cargo/registry/src/index.crates.io-1949cf8c6b5b557f/regex-automata-0.4.7/src/lib.rs --error-format=json --json=diagnostic-rendered-ansi,artifacts,future-incompat --crate-type lib --emit=dep-info,metadata,link -C embed-bitcode=no -C debuginfo=2 --cfg 'feature="alloc"' --cfg 'feature="dfa-onepass"' --cfg 'feature="hybrid"' --cfg 'feature="meta"' --cfg 'feature="nfa-backtrack"' --cfg 'feature="nfa-pikevm"' --cfg 'feature="nfa-thompson"' --cfg 'feature="perf-inline"' --cfg 'feature="perf-literal"' --cfg 'feature="perf-literal-multisubstring"' --cfg 'feature="perf-literal-substring"' --cfg 'feature="std"' --cfg 'feature="syntax"' --cfg 'feature="unicode"' --cfg 'feature="unicode-age"' --cfg 'feature="unicode-bool"' --cfg 'feature="unicode-case"' --cfg 'feature="unicode-gencat"' --cfg 'feature="unicode-perl"' --cfg 'feature="unicode-script"' --cfg 'feature="unicode-segment"' --cfg 'feature="unicode-word-boundary"' --check-cfg 'cfg(docsrs,test)' --check-cfg 'cfg(feature, values("alloc", "default", "dfa", "dfa-build", "dfa-onepass", "dfa-search", "hybrid", "internal-instrument", "internal-instrument-pikevm", "logging", "meta", "nfa", "nfa-backtrack", "nfa-pikevm", "nfa-thompson", "perf", "perf-inline", "perf-literal", "perf-literal-multisubstring", "perf-literal-substring", "std", "syntax", "unicode", "unicode-age", "unicode-bool", "unicode-case", "unicode-gencat", "unicode-perl", "unicode-script", "unicode-segment", "unicode-word-boundary"))' -C metadata=d52eef3670a5c29c -C extra-filename=-08cd974338101a51 --out-dir /app/target/debug/deps -L dependency=/app/target/debug/deps --extern aho_corasick=/app/target/debug/deps/libaho_corasick-96de60b9858755f6.rmeta --extern memchr=/app/target/debug/deps/libmemchr-df7138072aead54d.rmeta --extern regex_syntax=/app/target/debug/deps/libregex_syntax-cf7a86b64a2d3671.rmeta --cap-lints allow`
   Compiling toml v0.5.11
     Running `/root/.rustup/toolchains/1.87-x86_64-unknown-linux-gnu/bin/rustc --crate-name toml --edition=2018 /root/.cargo/registry/src/index.crates.io-1949cf8c6b5b557f/toml-0.5.11/src/lib.rs --error-format=json --json=diagnostic-rendered-ansi,artifacts,future-incompat --crate-type lib --emit=dep-info,metadata,link -C embed-bitcode=no --cfg 'feature="default"' --check-cfg 'cfg(docsrs,test)' --check-cfg 'cfg(feature, values("default", "indexmap", "preserve_order"))' -C metadata=1cbb27a4b1c35526 -C extra-filename=-77db8858935cb073 --out-dir /app/target/debug/deps -L dependency=/app/target/debug/deps --extern serde=/app/target/debug/deps/libserde-2795614800c31b0b.rmeta --cap-lints allow`
   Compiling derive_utils v0.11.2
     Running `/root/.rustup/toolchains/1.87-x86_64-unknown-linux-gnu/bin/rustc --crate-name derive_utils --edition=2018 /root/.cargo/registry/src/index.crates.io-1949cf8c6b5b557f/derive_utils-0.11.2/src/lib.rs --error-format=json --json=diagnostic-rendered-ansi,artifacts,future-incompat --crate-type lib --emit=dep-info,metadata,link -C embed-bitcode=no --check-cfg 'cfg(docsrs,test)' --check-cfg 'cfg(feature, values())' -C metadata=9f07eb6b5c60a99f -C extra-filename=-0cffc80d82d9b50e --out-dir /app/target/debug/deps -L dependency=/app/target/debug/deps --extern proc_macro2=/app/target/debug/deps/libproc_macro2-7fc2ef9a1cd70fa2.rmeta --extern quote=/app/target/debug/deps/libquote-f89c29ffd42cec5f.rmeta --extern syn=/app/target/debug/deps/libsyn-e59eb0670e0bf346.rmeta --cap-lints allow`
   Compiling find-crate v0.6.3
     Running `/root/.rustup/toolchains/1.87-x86_64-unknown-linux-gnu/bin/rustc --crate-name find_crate --edition=2018 /root/.cargo/registry/src/index.crates.io-1949cf8c6b5b557f/find-crate-0.6.3/src/lib.rs --error-format=json --json=diagnostic-rendered-ansi,artifacts,future-incompat --crate-type lib --emit=dep-info,metadata,link -C embed-bitcode=no --check-cfg 'cfg(docsrs,test)' --check-cfg 'cfg(feature, values())' -C metadata=6484218a7e668760 -C extra-filename=-0f7d5841b85b1a14 --out-dir /app/target/debug/deps -L dependency=/app/target/debug/deps --extern toml=/app/target/debug/deps/libtoml-77db8858935cb073.rmeta --cap-lints allow`
   Compiling futures-enum v0.1.17
     Running `/root/.rustup/toolchains/1.87-x86_64-unknown-linux-gnu/bin/rustc --crate-name futures_enum --edition=2018 /root/.cargo/registry/src/index.crates.io-1949cf8c6b5b557f/futures-enum-0.1.17/src/lib.rs --error-format=json --json=diagnostic-rendered-ansi,artifacts,future-incompat --crate-type proc-macro --emit=dep-info,link -C prefer-dynamic -C embed-bitcode=no --cfg 'feature="default"' --cfg 'feature="find-crate"' --cfg 'feature="renamed"' --check-cfg 'cfg(docsrs,test)' --check-cfg 'cfg(feature, values("default", "find-crate", "renamed"))' -C metadata=8b5a9f4de3493f97 -C extra-filename=-2847602ba8000435 --out-dir /app/target/debug/deps -L dependency=/app/target/debug/deps --extern derive_utils=/app/target/debug/deps/libderive_utils-0cffc80d82d9b50e.rlib --extern find_crate=/app/target/debug/deps/libfind_crate-0f7d5841b85b1a14.rlib --extern quote=/app/target/debug/deps/libquote-f89c29ffd42cec5f.rlib --extern syn=/app/target/debug/deps/libsyn-e59eb0670e0bf346.rlib --extern proc_macro --cap-lints allow`
   Compiling regex v1.10.6
     Running `/root/.rustup/toolchains/1.87-x86_64-unknown-linux-gnu/bin/rustc --crate-name regex --edition=2021 /root/.cargo/registry/src/index.crates.io-1949cf8c6b5b557f/regex-1.10.6/src/lib.rs --error-format=json --json=diagnostic-rendered-ansi,artifacts,future-incompat --crate-type lib --emit=dep-info,metadata,link -C embed-bitcode=no -C debuginfo=2 --cfg 'feature="default"' --cfg 'feature="perf"' --cfg 'feature="perf-backtrack"' --cfg 'feature="perf-cache"' --cfg 'feature="perf-dfa"' --cfg 'feature="perf-inline"' --cfg 'feature="perf-literal"' --cfg 'feature="perf-onepass"' --cfg 'feature="std"' --cfg 'feature="unicode"' --cfg 'feature="unicode-age"' --cfg 'feature="unicode-bool"' --cfg 'feature="unicode-case"' --cfg 'feature="unicode-gencat"' --cfg 'feature="unicode-perl"' --cfg 'feature="unicode-script"' --cfg 'feature="unicode-segment"' --check-cfg 'cfg(docsrs,test)' --check-cfg 'cfg(feature, values("default", "logging", "pattern", "perf", "perf-backtrack", "perf-cache", "perf-dfa", "perf-dfa-full", "perf-inline", "perf-literal", "perf-onepass", "std", "unicode", "unicode-age", "unicode-bool", "unicode-case", "unicode-gencat", "unicode-perl", "unicode-script", "unicode-segment", "unstable", "use_std"))' -C metadata=d2c863ac42fc9bfb -C extra-filename=-71d34c45fa04dffb --out-dir /app/target/debug/deps -L dependency=/app/target/debug/deps --extern aho_corasick=/app/target/debug/deps/libaho_corasick-96de60b9858755f6.rmeta --extern memchr=/app/target/debug/deps/libmemchr-df7138072aead54d.rmeta --extern regex_automata=/app/target/debug/deps/libregex_automata-08cd974338101a51.rmeta --extern regex_syntax=/app/target/debug/deps/libregex_syntax-cf7a86b64a2d3671.rmeta --cap-lints allow`
   Compiling derive_utils v0.14.1
     Running `/root/.rustup/toolchains/1.87-x86_64-unknown-linux-gnu/bin/rustc --crate-name derive_utils --edition=2021 /root/.cargo/registry/src/index.crates.io-1949cf8c6b5b557f/derive_utils-0.14.1/src/lib.rs --error-format=json --json=diagnostic-rendered-ansi,artifacts,future-incompat --crate-type lib --emit=dep-info,metadata,link -C embed-bitcode=no --warn=unreachable_pub '--warn=clippy::undocumented_unsafe_blocks' '--warn=clippy::transmute_undefined_repr' '--warn=clippy::trailing_empty_array' --warn=single_use_lifetimes --warn=rust_2018_idioms '--warn=clippy::pedantic' --warn=non_ascii_idents --warn=missing_debug_implementations '--warn=clippy::inline_asm_x86_att_syntax' --warn=improper_ctypes_definitions --warn=improper_ctypes '--warn=clippy::default_union_representation' '--warn=clippy::as_ptr_cast_mut' '--warn=clippy::all' '--allow=clippy::type_complexity' '--allow=clippy::too_many_lines' '--allow=clippy::too_many_arguments' '--allow=clippy::struct_field_names' '--allow=clippy::struct_excessive_bools' '--allow=clippy::single_match_else' '--allow=clippy::single_match' '--allow=clippy::similar_names' '--allow=clippy::module_name_repetitions' '--allow=clippy::missing_errors_doc' '--allow=clippy::manual_range_contains' '--allow=clippy::manual_assert' '--allow=clippy::float_cmp' '--allow=clippy::doc_markdown' '--allow=clippy::borrow_as_ptr' '--allow=clippy::bool_assert_comparison' --check-cfg 'cfg(docsrs,test)' --check-cfg 'cfg(feature, values())' -C metadata=135ff04f342c8781 -C extra-filename=-493d4ea49b9ac5ec --out-dir /app/target/debug/deps -L dependency=/app/target/debug/deps --extern proc_macro2=/app/target/debug/deps/libproc_macro2-7fc2ef9a1cd70fa2.rmeta --extern quote=/app/target/debug/deps/libquote-f89c29ffd42cec5f.rmeta --extern syn=/app/target/debug/deps/libsyn-d3acd8b1dfd5498d.rmeta --cap-lints allow`
   Compiling serde_derive v1.0.205
   Compiling zerocopy-derive v0.7.35
   Compiling futures-macro v0.3.30
   Compiling pin-project-internal v1.1.5
   Compiling thiserror-impl v1.0.63
   Compiling async-recursion v1.1.1
   Compiling strum_macros v0.25.3
   Compiling iter-enum v1.1.3
   Compiling async-trait v0.1.81
     Running `/root/.rustup/toolchains/1.87-x86_64-unknown-linux-gnu/bin/rustc --crate-name serde_derive --edition=2015 /root/.cargo/registry/src/index.crates.io-1949cf8c6b5b557f/serde_derive-1.0.205/src/lib.rs --error-format=json --json=diagnostic-rendered-ansi,artifacts,future-incompat --crate-type proc-macro --emit=dep-info,link -C prefer-dynamic -C embed-bitcode=no --cfg 'feature="default"' --check-cfg 'cfg(docsrs,test)' --check-cfg 'cfg(feature, values("default", "deserialize_in_place"))' -C metadata=0eb3d7c196781259 -C extra-filename=-32171f4c7b397c8b --out-dir /app/target/debug/deps -L dependency=/app/target/debug/deps --extern proc_macro2=/app/target/debug/deps/libproc_macro2-7fc2ef9a1cd70fa2.rlib --extern quote=/app/target/debug/deps/libquote-f89c29ffd42cec5f.rlib --extern syn=/app/target/debug/deps/libsyn-d3acd8b1dfd5498d.rlib --extern proc_macro --cap-lints allow`
     Running `/root/.rustup/toolchains/1.87-x86_64-unknown-linux-gnu/bin/rustc --crate-name zerocopy_derive --edition=2018 /root/.cargo/registry/src/index.crates.io-1949cf8c6b5b557f/zerocopy-derive-0.7.35/src/lib.rs --error-format=json --json=diagnostic-rendered-ansi,artifacts,future-incompat --crate-type proc-macro --emit=dep-info,link -C prefer-dynamic -C embed-bitcode=no --check-cfg 'cfg(docsrs,test)' --check-cfg 'cfg(feature, values())' -C metadata=b9f2a56b315a20cb -C extra-filename=-4d9372e55d61aa51 --out-dir /app/target/debug/deps -L dependency=/app/target/debug/deps --extern proc_macro2=/app/target/debug/deps/libproc_macro2-7fc2ef9a1cd70fa2.rlib --extern quote=/app/target/debug/deps/libquote-f89c29ffd42cec5f.rlib --extern syn=/app/target/debug/deps/libsyn-d3acd8b1dfd5498d.rlib --extern proc_macro --cap-lints allow`
     Running `/root/.rustup/toolchains/1.87-x86_64-unknown-linux-gnu/bin/rustc --crate-name futures_macro --edition=2018 /root/.cargo/registry/src/index.crates.io-1949cf8c6b5b557f/futures-macro-0.3.30/src/lib.rs --error-format=json --json=diagnostic-rendered-ansi,artifacts,future-incompat --crate-type proc-macro --emit=dep-info,link -C prefer-dynamic -C embed-bitcode=no --check-cfg 'cfg(docsrs,test)' --check-cfg 'cfg(feature, values())' -C metadata=062b2ec2a88f5b12 -C extra-filename=-41ec316f022c018c --out-dir /app/target/debug/deps -L dependency=/app/target/debug/deps --extern proc_macro2=/app/target/debug/deps/libproc_macro2-7fc2ef9a1cd70fa2.rlib --extern quote=/app/target/debug/deps/libquote-f89c29ffd42cec5f.rlib --extern syn=/app/target/debug/deps/libsyn-d3acd8b1dfd5498d.rlib --extern proc_macro --cap-lints allow`
     Running `/root/.rustup/toolchains/1.87-x86_64-unknown-linux-gnu/bin/rustc --crate-name pin_project_internal --edition=2021 /root/.cargo/registry/src/index.crates.io-1949cf8c6b5b557f/pin-project-internal-1.1.5/src/lib.rs --error-format=json --json=diagnostic-rendered-ansi,artifacts,future-incompat --crate-type proc-macro --emit=dep-info,link -C prefer-dynamic -C embed-bitcode=no --warn=unreachable_pub '--warn=clippy::undocumented_unsafe_blocks' '--warn=clippy::transmute_undefined_repr' '--warn=clippy::trailing_empty_array' --warn=single_use_lifetimes --warn=rust_2018_idioms '--warn=clippy::pedantic' --warn=non_ascii_idents '--warn=clippy::inline_asm_x86_att_syntax' --warn=improper_ctypes_definitions --warn=improper_ctypes '--warn=clippy::default_union_representation' '--warn=clippy::as_ptr_cast_mut' '--warn=clippy::all' '--allow=clippy::type_complexity' '--allow=clippy::too_many_lines' '--allow=clippy::too_many_arguments' '--allow=clippy::struct_field_names' '--allow=clippy::struct_excessive_bools' '--allow=clippy::single_match_else' '--allow=clippy::single_match' '--allow=clippy::similar_names' '--allow=clippy::module_name_repetitions' '--allow=clippy::missing_errors_doc' '--allow=clippy::manual_range_contains' '--allow=clippy::manual_assert' '--allow=clippy::float_cmp' '--allow=clippy::doc_markdown' '--allow=clippy::declare_interior_mutable_const' '--allow=clippy::borrow_as_ptr' '--allow=clippy::bool_assert_comparison' --check-cfg 'cfg(docsrs,test)' --check-cfg 'cfg(feature, values())' -C metadata=deb859d377dd8322 -C extra-filename=-7240d43151ecdc1b --out-dir /app/target/debug/deps -L dependency=/app/target/debug/deps --extern proc_macro2=/app/target/debug/deps/libproc_macro2-7fc2ef9a1cd70fa2.rlib --extern quote=/app/target/debug/deps/libquote-f89c29ffd42cec5f.rlib --extern syn=/app/target/debug/deps/libsyn-d3acd8b1dfd5498d.rlib --extern proc_macro --cap-lints allow`
     Running `/root/.rustup/toolchains/1.87-x86_64-unknown-linux-gnu/bin/rustc --crate-name strum_macros --edition=2018 /root/.cargo/registry/src/index.crates.io-1949cf8c6b5b557f/strum_macros-0.25.3/src/lib.rs --error-format=json --json=diagnostic-rendered-ansi,artifacts,future-incompat --crate-type proc-macro --emit=dep-info,link -C prefer-dynamic -C embed-bitcode=no --check-cfg 'cfg(docsrs,test)' --check-cfg 'cfg(feature, values())' -C metadata=b702385a3d9d0faa -C extra-filename=-f3a09066a8fe2ffb --out-dir /app/target/debug/deps -L dependency=/app/target/debug/deps --extern heck=/app/target/debug/deps/libheck-84103dcde139b3d0.rlib --extern proc_macro2=/app/target/debug/deps/libproc_macro2-7fc2ef9a1cd70fa2.rlib --extern quote=/app/target/debug/deps/libquote-f89c29ffd42cec5f.rlib --extern rustversion=/app/target/debug/deps/librustversion-cf989dac07339559.so --extern syn=/app/target/debug/deps/libsyn-d3acd8b1dfd5498d.rlib --extern proc_macro --cap-lints allow`
     Running `/root/.rustup/toolchains/1.87-x86_64-unknown-linux-gnu/bin/rustc --crate-name thiserror_impl --edition=2021 /root/.cargo/registry/src/index.crates.io-1949cf8c6b5b557f/thiserror-impl-1.0.63/src/lib.rs --error-format=json --json=diagnostic-rendered-ansi,artifacts,future-incompat --crate-type proc-macro --emit=dep-info,link -C prefer-dynamic -C embed-bitcode=no --check-cfg 'cfg(docsrs,test)' --check-cfg 'cfg(feature, values())' -C metadata=9e7f0042d7a7c4fc -C extra-filename=-00bb282363f447d3 --out-dir /app/target/debug/deps -L dependency=/app/target/debug/deps --extern proc_macro2=/app/target/debug/deps/libproc_macro2-7fc2ef9a1cd70fa2.rlib --extern quote=/app/target/debug/deps/libquote-f89c29ffd42cec5f.rlib --extern syn=/app/target/debug/deps/libsyn-d3acd8b1dfd5498d.rlib --extern proc_macro --cap-lints allow`
     Running `/root/.rustup/toolchains/1.87-x86_64-unknown-linux-gnu/bin/rustc --crate-name async_recursion --edition=2018 /root/.cargo/registry/src/index.crates.io-1949cf8c6b5b557f/async-recursion-1.1.1/src/lib.rs --error-format=json --json=diagnostic-rendered-ansi,artifacts,future-incompat --crate-type proc-macro --emit=dep-info,link -C prefer-dynamic -C embed-bitcode=no --check-cfg 'cfg(docsrs,test)' --check-cfg 'cfg(feature, values())' -C metadata=093c948062d18cea -C extra-filename=-ea91ef7a0088157a --out-dir /app/target/debug/deps -L dependency=/app/target/debug/deps --extern proc_macro2=/app/target/debug/deps/libproc_macro2-7fc2ef9a1cd70fa2.rlib --extern quote=/app/target/debug/deps/libquote-f89c29ffd42cec5f.rlib --extern syn=/app/target/debug/deps/libsyn-d3acd8b1dfd5498d.rlib --extern proc_macro --cap-lints allow`
     Running `/root/.rustup/toolchains/1.87-x86_64-unknown-linux-gnu/bin/rustc --crate-name async_trait --edition=2021 /root/.cargo/registry/src/index.crates.io-1949cf8c6b5b557f/async-trait-0.1.81/src/lib.rs --error-format=json --json=diagnostic-rendered-ansi,artifacts,future-incompat --crate-type proc-macro --emit=dep-info,link -C prefer-dynamic -C embed-bitcode=no --check-cfg 'cfg(docsrs,test)' --check-cfg 'cfg(feature, values())' -C metadata=0aa0c5a3b476b7d5 -C extra-filename=-c4ec9d4794b898e4 --out-dir /app/target/debug/deps -L dependency=/app/target/debug/deps --extern proc_macro2=/app/target/debug/deps/libproc_macro2-7fc2ef9a1cd70fa2.rlib --extern quote=/app/target/debug/deps/libquote-f89c29ffd42cec5f.rlib --extern syn=/app/target/debug/deps/libsyn-d3acd8b1dfd5498d.rlib --extern proc_macro --cap-lints allow`
     Running `/root/.rustup/toolchains/1.87-x86_64-unknown-linux-gnu/bin/rustc --crate-name iter_enum --edition=2021 /root/.cargo/registry/src/index.crates.io-1949cf8c6b5b557f/iter-enum-1.1.3/src/lib.rs --error-format=json --json=diagnostic-rendered-ansi,artifacts,future-incompat --crate-type proc-macro --emit=dep-info,link -C prefer-dynamic -C embed-bitcode=no --warn=unreachable_pub '--warn=clippy::undocumented_unsafe_blocks' '--warn=clippy::transmute_undefined_repr' '--warn=clippy::trailing_empty_array' --warn=single_use_lifetimes --warn=rust_2018_idioms '--warn=clippy::pedantic' --warn=non_ascii_idents --warn=missing_debug_implementations '--warn=clippy::inline_asm_x86_att_syntax' --warn=improper_ctypes_definitions --warn=improper_ctypes '--warn=clippy::default_union_representation' '--warn=clippy::as_ptr_cast_mut' '--warn=clippy::all' '--allow=clippy::type_complexity' '--allow=clippy::too_many_lines' '--allow=clippy::too_many_arguments' '--allow=clippy::struct_field_names' '--allow=clippy::struct_excessive_bools' '--allow=clippy::single_match_else' '--allow=clippy::single_match' '--allow=clippy::similar_names' '--allow=clippy::module_name_repetitions' '--allow=clippy::missing_errors_doc' '--allow=clippy::manual_range_contains' '--allow=clippy::manual_assert' '--allow=clippy::float_cmp' '--allow=clippy::doc_markdown' '--allow=clippy::borrow_as_ptr' '--allow=clippy::bool_assert_comparison' --check-cfg 'cfg(docsrs,test)' --check-cfg 'cfg(feature, values("rayon"))' -C metadata=22dab3a4a6fe7355 -C extra-filename=-276692ddb0a858c5 --out-dir /app/target/debug/deps -L dependency=/app/target/debug/deps --extern derive_utils=/app/target/debug/deps/libderive_utils-493d4ea49b9ac5ec.rlib --extern proc_macro --cap-lints allow`
   Compiling zerocopy v0.7.35
     Running `/root/.rustup/toolchains/1.87-x86_64-unknown-linux-gnu/bin/rustc --crate-name zerocopy --edition=2018 /root/.cargo/registry/src/index.crates.io-1949cf8c6b5b557f/zerocopy-0.7.35/src/lib.rs --error-format=json --json=diagnostic-rendered-ansi,artifacts,future-incompat --crate-type lib --emit=dep-info,metadata,link -C embed-bitcode=no -C debuginfo=2 --cfg 'feature="byteorder"' --cfg 'feature="default"' --cfg 'feature="derive"' --cfg 'feature="simd"' --cfg 'feature="zerocopy-derive"' --check-cfg 'cfg(docsrs,test)' --check-cfg 'cfg(feature, values("__internal_use_only_features_that_work_on_stable", "alloc", "byteorder", "default", "derive", "simd", "simd-nightly", "zerocopy-derive"))' -C metadata=9fbef858d5e96e8c -C extra-filename=-f472d6dbc320283a --out-dir /app/target/debug/deps -L dependency=/app/target/debug/deps --extern byteorder=/app/target/debug/deps/libbyteorder-497f9896e2739e1d.rmeta --extern zerocopy_derive=/app/target/debug/deps/libzerocopy_derive-4d9372e55d61aa51.so --cap-lints allow`
   Compiling futures-util v0.3.30
     Running `/root/.rustup/toolchains/1.87-x86_64-unknown-linux-gnu/bin/rustc --crate-name futures_util --edition=2018 /root/.cargo/registry/src/index.crates.io-1949cf8c6b5b557f/futures-util-0.3.30/src/lib.rs --error-format=json --json=diagnostic-rendered-ansi,artifacts,future-incompat --crate-type lib --emit=dep-info,metadata,link -C embed-bitcode=no -C debuginfo=2 --cfg 'feature="alloc"' --cfg 'feature="async-await"' --cfg 'feature="async-await-macro"' --cfg 'feature="channel"' --cfg 'feature="futures-channel"' --cfg 'feature="futures-io"' --cfg 'feature="futures-macro"' --cfg 'feature="futures-sink"' --cfg 'feature="io"' --cfg 'feature="memchr"' --cfg 'feature="sink"' --cfg 'feature="slab"' --cfg 'feature="std"' --check-cfg 'cfg(docsrs,test)' --check-cfg 'cfg(feature, values("alloc", "async-await", "async-await-macro", "bilock", "cfg-target-has-atomic", "channel", "compat", "default", "futures-channel", "futures-io", "futures-macro", "futures-sink", "futures_01", "io", "io-compat", "memchr", "portable-atomic", "sink", "slab", "std", "tokio-io", "unstable", "write-all-vectored"))' -C metadata=cd2aa186a76a6acf -C extra-filename=-a31c1265414bc5a3 --out-dir /app/target/debug/deps -L dependency=/app/target/debug/deps --extern futures_channel=/app/target/debug/deps/libfutures_channel-666d68034d4b4773.rmeta --extern futures_core=/app/target/debug/deps/libfutures_core-54f89473dc30fde1.rmeta --extern futures_io=/app/target/debug/deps/libfutures_io-51842d015824a3d3.rmeta --extern futures_macro=/app/target/debug/deps/libfutures_macro-41ec316f022c018c.so --extern futures_sink=/app/target/debug/deps/libfutures_sink-89c5bc4828d69b38.rmeta --extern futures_task=/app/target/debug/deps/libfutures_task-1241744419c05b59.rmeta --extern memchr=/app/target/debug/deps/libmemchr-df7138072aead54d.rmeta --extern pin_project_lite=/app/target/debug/deps/libpin_project_lite-0f401fa184235834.rmeta --extern pin_utils=/app/target/debug/deps/libpin_utils-fcd1b7c1cf393c79.rmeta --extern slab=/app/target/debug/deps/libslab-5ec24ea55ef0a031.rmeta --cap-lints allow`
     Running `/root/.rustup/toolchains/1.87-x86_64-unknown-linux-gnu/bin/rustc --crate-name thiserror --edition=2021 /root/.cargo/registry/src/index.crates.io-1949cf8c6b5b557f/thiserror-1.0.63/src/lib.rs --error-format=json --json=diagnostic-rendered-ansi,artifacts,future-incompat --crate-type lib --emit=dep-info,metadata,link -C embed-bitcode=no -C debuginfo=2 --check-cfg 'cfg(docsrs,test)' --check-cfg 'cfg(feature, values())' -C metadata=5f91a4f192fd4733 -C extra-filename=-26a741b02c5a470a --out-dir /app/target/debug/deps -L dependency=/app/target/debug/deps --extern thiserror_impl=/app/target/debug/deps/libthiserror_impl-00bb282363f447d3.so --cap-lints allow --check-cfg 'cfg(error_generic_member_access)' --check-cfg 'cfg(thiserror_nightly_testing)'`
   Compiling pin-project v1.1.5
     Running `/root/.rustup/toolchains/1.87-x86_64-unknown-linux-gnu/bin/rustc --crate-name pin_project --edition=2021 /root/.cargo/registry/src/index.crates.io-1949cf8c6b5b557f/pin-project-1.1.5/src/lib.rs --error-format=json --json=diagnostic-rendered-ansi,artifacts,future-incompat --crate-type lib --emit=dep-info,metadata,link -C embed-bitcode=no -C debuginfo=2 --warn=unreachable_pub '--warn=clippy::undocumented_unsafe_blocks' '--warn=clippy::transmute_undefined_repr' '--warn=clippy::trailing_empty_array' --warn=single_use_lifetimes --warn=rust_2018_idioms '--warn=clippy::pedantic' --warn=non_ascii_idents '--warn=clippy::inline_asm_x86_att_syntax' --warn=improper_ctypes_definitions --warn=improper_ctypes '--warn=clippy::default_union_representation' '--warn=clippy::as_ptr_cast_mut' '--warn=clippy::all' '--allow=clippy::type_complexity' '--allow=clippy::too_many_lines' '--allow=clippy::too_many_arguments' '--allow=clippy::struct_field_names' '--allow=clippy::struct_excessive_bools' '--allow=clippy::single_match_else' '--allow=clippy::single_match' '--allow=clippy::similar_names' '--allow=clippy::module_name_repetitions' '--allow=clippy::missing_errors_doc' '--allow=clippy::manual_range_contains' '--allow=clippy::manual_assert' '--allow=clippy::float_cmp' '--allow=clippy::doc_markdown' '--allow=clippy::declare_interior_mutable_const' '--allow=clippy::borrow_as_ptr' '--allow=clippy::bool_assert_comparison' --check-cfg 'cfg(docsrs,test)' --check-cfg 'cfg(feature, values())' -C metadata=c98f9df25fea1dd0 -C extra-filename=-f3e9ec928c3beef5 --out-dir /app/target/debug/deps -L dependency=/app/target/debug/deps --extern pin_project_internal=/app/target/debug/deps/libpin_project_internal-7240d43151ecdc1b.so --cap-lints allow`
   Compiling ppv-lite86 v0.2.20
     Running `/root/.rustup/toolchains/1.87-x86_64-unknown-linux-gnu/bin/rustc --crate-name ppv_lite86 --edition=2021 /root/.cargo/registry/src/index.crates.io-1949cf8c6b5b557f/ppv-lite86-0.2.20/src/lib.rs --error-format=json --json=diagnostic-rendered-ansi,artifacts,future-incompat --crate-type lib --emit=dep-info,metadata,link -C embed-bitcode=no -C debuginfo=2 --cfg 'feature="simd"' --cfg 'feature="std"' --check-cfg 'cfg(docsrs,test)' --check-cfg 'cfg(feature, values("default", "no_simd", "simd", "std"))' -C metadata=e5133240d049a715 -C extra-filename=-3741a16f47db41a9 --out-dir /app/target/debug/deps -L dependency=/app/target/debug/deps --extern zerocopy=/app/target/debug/deps/libzerocopy-f472d6dbc320283a.rmeta --cap-lints allow`
   Compiling rand_chacha v0.3.1
     Running `/root/.rustup/toolchains/1.87-x86_64-unknown-linux-gnu/bin/rustc --crate-name rand_chacha --edition=2018 /root/.cargo/registry/src/index.crates.io-1949cf8c6b5b557f/rand_chacha-0.3.1/src/lib.rs --error-format=json --json=diagnostic-rendered-ansi,artifacts,future-incompat --crate-type lib --emit=dep-info,metadata,link -C embed-bitcode=no -C debuginfo=2 --cfg 'feature="std"' --check-cfg 'cfg(docsrs,test)' --check-cfg 'cfg(feature, values("default", "serde", "serde1", "simd", "std"))' -C metadata=8b6ea7c39eb8729b -C extra-filename=-531bd988320c769c --out-dir /app/target/debug/deps -L dependency=/app/target/debug/deps --extern ppv_lite86=/app/target/debug/deps/libppv_lite86-3741a16f47db41a9.rmeta --extern rand_core=/app/target/debug/deps/librand_core-e345cfb6552d4ff6.rmeta --cap-lints allow`
   Compiling rand v0.8.5
     Running `/root/.rustup/toolchains/1.87-x86_64-unknown-linux-gnu/bin/rustc --crate-name rand --edition=2018 /root/.cargo/registry/src/index.crates.io-1949cf8c6b5b557f/rand-0.8.5/src/lib.rs --error-format=json --json=diagnostic-rendered-ansi,artifacts,future-incompat --crate-type lib --emit=dep-info,metadata,link -C embed-bitcode=no -C debuginfo=2 --cfg 'feature="alloc"' --cfg 'feature="default"' --cfg 'feature="getrandom"' --cfg 'feature="libc"' --cfg 'feature="rand_chacha"' --cfg 'feature="std"' --cfg 'feature="std_rng"' --check-cfg 'cfg(docsrs,test)' --check-cfg 'cfg(feature, values("alloc", "default", "getrandom", "libc", "log", "min_const_gen", "nightly", "packed_simd", "rand_chacha", "serde", "serde1", "simd_support", "small_rng", "std", "std_rng"))' -C metadata=fcd6bee69691eddf -C extra-filename=-b6f381b152f941a7 --out-dir /app/target/debug/deps -L dependency=/app/target/debug/deps --extern libc=/app/target/debug/deps/liblibc-10c7c8281e9711fe.rmeta --extern rand_chacha=/app/target/debug/deps/librand_chacha-531bd988320c769c.rmeta --extern rand_core=/app/target/debug/deps/librand_core-e345cfb6552d4ff6.rmeta --cap-lints allow`
     Running `/root/.rustup/toolchains/1.87-x86_64-unknown-linux-gnu/bin/rustc --crate-name serde --edition=2018 /root/.cargo/registry/src/index.crates.io-1949cf8c6b5b557f/serde-1.0.205/src/lib.rs --error-format=json --json=diagnostic-rendered-ansi,artifacts,future-incompat --crate-type lib --emit=dep-info,metadata,link -C embed-bitcode=no -C debuginfo=2 --cfg 'feature="default"' --cfg 'feature="derive"' --cfg 'feature="serde_derive"' --cfg 'feature="std"' --check-cfg 'cfg(docsrs,test)' --check-cfg 'cfg(feature, values("alloc", "default", "derive", "rc", "serde_derive", "std", "unstable"))' -C metadata=df2f5f7561fad38d -C extra-filename=-c4bd9192fae76bc2 --out-dir /app/target/debug/deps -L dependency=/app/target/debug/deps --extern serde_derive=/app/target/debug/deps/libserde_derive-32171f4c7b397c8b.so --cap-lints allow --check-cfg 'cfg(no_core_cstr)' --check-cfg 'cfg(no_core_num_saturating)' --check-cfg 'cfg(no_core_try_from)' --check-cfg 'cfg(no_diagnostic_namespace)' --check-cfg 'cfg(no_float_copysign)' --check-cfg 'cfg(no_num_nonzero_signed)' --check-cfg 'cfg(no_relaxed_trait_bounds)' --check-cfg 'cfg(no_serde_derive)' --check-cfg 'cfg(no_std_atomic)' --check-cfg 'cfg(no_std_atomic64)' --check-cfg 'cfg(no_systemtime_checked_add)' --check-cfg 'cfg(no_target_has_atomic)'`
   Compiling futures-executor v0.3.30
     Running `/root/.rustup/toolchains/1.87-x86_64-unknown-linux-gnu/bin/rustc --crate-name futures_executor --edition=2018 /root/.cargo/registry/src/index.crates.io-1949cf8c6b5b557f/futures-executor-0.3.30/src/lib.rs --error-format=json --json=diagnostic-rendered-ansi,artifacts,future-incompat --crate-type lib --emit=dep-info,metadata,link -C embed-bitcode=no -C debuginfo=2 --cfg 'feature="std"' --check-cfg 'cfg(docsrs,test)' --check-cfg 'cfg(feature, values("default", "num_cpus", "std", "thread-pool"))' -C metadata=a3662cbc994da52e -C extra-filename=-6455c08bee06e495 --out-dir /app/target/debug/deps -L dependency=/app/target/debug/deps --extern futures_core=/app/target/debug/deps/libfutures_core-54f89473dc30fde1.rmeta --extern futures_task=/app/target/debug/deps/libfutures_task-1241744419c05b59.rmeta --extern futures_util=/app/target/debug/deps/libfutures_util-a31c1265414bc5a3.rmeta --cap-lints allow`
   Compiling futures v0.3.30
     Running `/root/.rustup/toolchains/1.87-x86_64-unknown-linux-gnu/bin/rustc --crate-name futures --edition=2018 /root/.cargo/registry/src/index.crates.io-1949cf8c6b5b557f/futures-0.3.30/src/lib.rs --error-format=json --json=diagnostic-rendered-ansi,artifacts,future-incompat --crate-type lib --emit=dep-info,metadata,link -C embed-bitcode=no -C debuginfo=2 --cfg 'feature="alloc"' --cfg 'feature="async-await"' --cfg 'feature="default"' --cfg 'feature="executor"' --cfg 'feature="futures-executor"' --cfg 'feature="std"' --check-cfg 'cfg(docsrs,test)' --check-cfg 'cfg(feature, values("alloc", "async-await", "bilock", "cfg-target-has-atomic", "compat", "default", "executor", "futures-executor", "io-compat", "std", "thread-pool", "unstable", "write-all-vectored"))' -C metadata=805a760542917cf4 -C extra-filename=-719b17a3cb42fa85 --out-dir /app/target/debug/deps -L dependency=/app/target/debug/deps --extern futures_channel=/app/target/debug/deps/libfutures_channel-666d68034d4b4773.rmeta --extern futures_core=/app/target/debug/deps/libfutures_core-54f89473dc30fde1.rmeta --extern futures_executor=/app/target/debug/deps/libfutures_executor-6455c08bee06e495.rmeta --extern futures_io=/app/target/debug/deps/libfutures_io-51842d015824a3d3.rmeta --extern futures_sink=/app/target/debug/deps/libfutures_sink-89c5bc4828d69b38.rmeta --extern futures_task=/app/target/debug/deps/libfutures_task-1241744419c05b59.rmeta --extern futures_util=/app/target/debug/deps/libfutures_util-a31c1265414bc5a3.rmeta --cap-lints allow`
   Compiling gluesql-utils v0.17.0 (/app/utils)
     Running `/root/.rustup/toolchains/1.87-x86_64-unknown-linux-gnu/bin/rustc --crate-name gluesql_utils --edition=2024 utils/src/lib.rs --error-format=json --json=diagnostic-rendered-ansi,artifacts,future-incompat --crate-type lib --emit=dep-info,metadata,link -C embed-bitcode=no -C debuginfo=2 --check-cfg 'cfg(docsrs,test)' --check-cfg 'cfg(feature, values())' -C metadata=fd97d84c7f283227 -C extra-filename=-2e0f11b9590351c4 --out-dir /app/target/debug/deps -C incremental=/app/target/debug/incremental -L dependency=/app/target/debug/deps --extern futures=/app/target/debug/deps/libfutures-719b17a3cb42fa85.rmeta --extern indexmap=/app/target/debug/deps/libindexmap-3f5407ac99fec0e3.rmeta --extern pin_project=/app/target/debug/deps/libpin_project-f3e9ec928c3beef5.rmeta`
   Compiling ordered-float v4.2.2
   Compiling chrono v0.4.38
     Running `/root/.rustup/toolchains/1.87-x86_64-unknown-linux-gnu/bin/rustc --crate-name bigdecimal --edition=2015 /root/.cargo/registry/src/index.crates.io-1949cf8c6b5b557f/bigdecimal-0.4.5/src/lib.rs --error-format=json --json=diagnostic-rendered-ansi,artifacts,future-incompat --crate-type lib --emit=dep-info,metadata,link -C embed-bitcode=no -C debuginfo=2 --cfg 'feature="default"' --cfg 'feature="serde"' --cfg 'feature="std"' --cfg 'feature="string-only"' --check-cfg 'cfg(docsrs,test)' --check-cfg 'cfg(feature, values("default", "serde", "serde-json", "serde_json", "std", "string-only"))' -C metadata=bab97977a484af34 -C extra-filename=-0e884580c59cc809 --out-dir /app/target/debug/deps -L dependency=/app/target/debug/deps --extern libm=/app/target/debug/deps/liblibm-fc35247bce857de1.rmeta --extern num_bigint=/app/target/debug/deps/libnum_bigint-f8ddeff0eab4281e.rmeta --extern num_integer=/app/target/debug/deps/libnum_integer-fe595af1fc80f8b1.rmeta --extern num_traits=/app/target/debug/deps/libnum_traits-06cc01ac2a8a1aaf.rmeta --extern serde=/app/target/debug/deps/libserde-c4bd9192fae76bc2.rmeta --cap-lints allow --cfg rustc_1_70 --cfg rustc_1_46`
     Running `/root/.rustup/toolchains/1.87-x86_64-unknown-linux-gnu/bin/rustc --crate-name serde_json --edition=2021 /root/.cargo/registry/src/index.crates.io-1949cf8c6b5b557f/serde_json-1.0.122/src/lib.rs --error-format=json --json=diagnostic-rendered-ansi,artifacts,future-incompat --crate-type lib --emit=dep-info,metadata,link -C embed-bitcode=no -C debuginfo=2 --cfg 'feature="default"' --cfg 'feature="std"' --check-cfg 'cfg(docsrs,test)' --check-cfg 'cfg(feature, values("alloc", "arbitrary_precision", "default", "float_roundtrip", "indexmap", "preserve_order", "raw_value", "std", "unbounded_depth"))' -C metadata=f8caf09763c61bf1 -C extra-filename=-d9c145d947a844eb --out-dir /app/target/debug/deps -L dependency=/app/target/debug/deps --extern itoa=/app/target/debug/deps/libitoa-eeb16195eb245836.rmeta --extern memchr=/app/target/debug/deps/libmemchr-df7138072aead54d.rmeta --extern ryu=/app/target/debug/deps/libryu-2e1ad3a2e1fc761f.rmeta --extern serde=/app/target/debug/deps/libserde-c4bd9192fae76bc2.rmeta --cap-lints allow --cfg limb_width_64 --check-cfg 'cfg(limb_width_32)' --check-cfg 'cfg(limb_width_64)'`
     Running `/root/.rustup/toolchains/1.87-x86_64-unknown-linux-gnu/bin/rustc --crate-name ordered_float --edition=2021 /root/.cargo/registry/src/index.crates.io-1949cf8c6b5b557f/ordered-float-4.2.2/src/lib.rs --error-format=json --json=diagnostic-rendered-ansi,artifacts,future-incompat --crate-type lib --emit=dep-info,metadata,link -C embed-bitcode=no -C debuginfo=2 --cfg 'feature="default"' --cfg 'feature="serde"' --cfg 'feature="std"' --check-cfg 'cfg(docsrs,test)' --check-cfg 'cfg(feature, values("arbitrary", "borsh", "bytemuck", "default", "proptest", "rand", "randtest", "rkyv", "rkyv_16", "rkyv_32", "rkyv_64", "rkyv_ck", "schemars", "serde", "speedy", "std"))' -C metadata=75a90c8bb8a48ae6 -C extra-filename=-bb8e9d288e1fc2b6 --out-dir /app/target/debug/deps -L dependency=/app/target/debug/deps --extern num_traits=/app/target/debug/deps/libnum_traits-06cc01ac2a8a1aaf.rmeta --extern serde=/app/target/debug/deps/libserde-c4bd9192fae76bc2.rmeta --cap-lints allow`
     Running `/root/.rustup/toolchains/1.87-x86_64-unknown-linux-gnu/bin/rustc --crate-name rust_decimal --edition=2021 /root/.cargo/registry/src/index.crates.io-1949cf8c6b5b557f/rust_decimal-1.35.0/src/lib.rs --error-format=json --json=diagnostic-rendered-ansi,artifacts,future-incompat --crate-type lib --emit=dep-info,metadata,link -C embed-bitcode=no -C debuginfo=2 --cfg 'feature="default"' --cfg 'feature="serde"' --cfg 'feature="serde-str"' --cfg 'feature="serde-with-str"' --cfg 'feature="std"' --check-cfg 'cfg(docsrs,test)' --check-cfg 'cfg(feature, values("borsh", "c-repr", "db-diesel-mysql", "db-diesel-postgres", "db-diesel1-mysql", "db-diesel1-postgres", "db-diesel2-mysql", "db-diesel2-postgres", "db-postgres", "db-tokio-postgres", "default", "diesel1", "diesel2", "legacy-ops", "maths", "maths-nopanic", "ndarray", "proptest", "rand", "rkyv", "rkyv-safe", "rocket-traits", "rust-fuzz", "serde", "serde-arbitrary-precision", "serde-bincode", "serde-float", "serde-str", "serde-with-arbitrary-precision", "serde-with-float", "serde-with-str", "serde_json", "std", "tokio-pg", "tokio-postgres"))' -C metadata=8ca2b190ee613e76 -C extra-filename=-dbc9e620b6b3bc07 --out-dir /app/target/debug/deps -L dependency=/app/target/debug/deps --extern arrayvec=/app/target/debug/deps/libarrayvec-88ffcce5b2773178.rmeta --extern num_traits=/app/target/debug/deps/libnum_traits-06cc01ac2a8a1aaf.rmeta --extern serde=/app/target/debug/deps/libserde-c4bd9192fae76bc2.rmeta --cap-lints allow`
     Running `/root/.rustup/toolchains/1.87-x86_64-unknown-linux-gnu/bin/rustc --crate-name chrono --edition=2021 /root/.cargo/registry/src/index.crates.io-1949cf8c6b5b557f/chrono-0.4.38/src/lib.rs --error-format=json --json=diagnostic-rendered-ansi,artifacts,future-incompat --crate-type lib --emit=dep-info,metadata,link -C embed-bitcode=no -C debuginfo=2 --cfg 'feature="alloc"' --cfg 'feature="android-tzdata"' --cfg 'feature="clock"' --cfg 'feature="default"' --cfg 'feature="iana-time-zone"' --cfg 'feature="js-sys"' --cfg 'feature="now"' --cfg 'feature="oldtime"' --cfg 'feature="serde"' --cfg 'feature="std"' --cfg 'feature="wasm-bindgen"' --cfg 'feature="wasmbind"' --cfg 'feature="winapi"' --cfg 'feature="windows-targets"' --check-cfg 'cfg(docsrs,test)' --check-cfg 'cfg(feature, values("__internal_bench", "alloc", "android-tzdata", "arbitrary", "clock", "default", "iana-time-zone", "js-sys", "libc", "now", "oldtime", "pure-rust-locales", "rkyv", "rkyv-16", "rkyv-32", "rkyv-64", "rkyv-validation", "serde", "std", "unstable-locales", "wasm-bindgen", "wasmbind", "winapi", "windows-targets"))' -C metadata=9cef361bd35c0585 -C extra-filename=-0364cecda41b0e74 --out-dir /app/target/debug/deps -L dependency=/app/target/debug/deps --extern iana_time_zone=/app/target/debug/deps/libiana_time_zone-88bad21c3dddeda6.rmeta --extern num_traits=/app/target/debug/deps/libnum_traits-06cc01ac2a8a1aaf.rmeta --extern serde=/app/target/debug/deps/libserde-c4bd9192fae76bc2.rmeta --cap-lints allow`
   Compiling sqlparser v0.52.0
     Running `/root/.rustup/toolchains/1.87-x86_64-unknown-linux-gnu/bin/rustc --crate-name sqlparser --edition=2021 /root/.cargo/registry/src/index.crates.io-1949cf8c6b5b557f/sqlparser-0.52.0/src/lib.rs --error-format=json --json=diagnostic-rendered-ansi,artifacts,future-incompat --crate-type lib --emit=dep-info,metadata,link -C embed-bitcode=no -C debuginfo=2 --cfg 'feature="bigdecimal"' --cfg 'feature="default"' --cfg 'feature="serde"' --cfg 'feature="std"' --check-cfg 'cfg(docsrs,test)' --check-cfg 'cfg(feature, values("bigdecimal", "default", "json_example", "serde", "serde_json", "sqlparser_derive", "std", "visitor"))' -C metadata=a7c749e0dcb36e65 -C extra-filename=-2ce9b475009ff67f --out-dir /app/target/debug/deps -L dependency=/app/target/debug/deps --extern bigdecimal=/app/target/debug/deps/libbigdecimal-0e884580c59cc809.rmeta --extern log=/app/target/debug/deps/liblog-2bdb7deebd33db92.rmeta --extern serde=/app/target/debug/deps/libserde-c4bd9192fae76bc2.rmeta --cap-lints allow`
   Compiling gluesql-core v0.17.0 (/app/core)
     Running `/root/.rustup/toolchains/1.87-x86_64-unknown-linux-gnu/bin/rustc --crate-name gluesql_core --edition=2024 core/src/lib.rs --error-format=json --json=diagnostic-rendered-ansi,artifacts,future-incompat --crate-type lib --emit=dep-info,metadata,link -C embed-bitcode=no -C debuginfo=2 --check-cfg 'cfg(docsrs,test)' --check-cfg 'cfg(feature, values())' -C metadata=7854e70cb29052d4 -C extra-filename=-c57d580ce31b280d --out-dir /app/target/debug/deps -C incremental=/app/target/debug/incremental -L dependency=/app/target/debug/deps --extern async_recursion=/app/target/debug/deps/libasync_recursion-ea91ef7a0088157a.so --extern async_trait=/app/target/debug/deps/libasync_trait-c4ec9d4794b898e4.so --extern bigdecimal=/app/target/debug/deps/libbigdecimal-0e884580c59cc809.rmeta --extern cfg_if=/app/target/debug/deps/libcfg_if-f52ed1292e79c10c.rmeta --extern chrono=/app/target/debug/deps/libchrono-0364cecda41b0e74.rmeta --extern futures=/app/target/debug/deps/libfutures-719b17a3cb42fa85.rmeta --extern futures_enum=/app/target/debug/deps/libfutures_enum-2847602ba8000435.so --extern utils=/app/target/debug/deps/libgluesql_utils-2e0f11b9590351c4.rmeta --extern hex=/app/target/debug/deps/libhex-dd0d71cb863a3089.rmeta --extern im=/app/target/debug/deps/libim-44a7105af4ea4ea3.rmeta --extern iter_enum=/app/target/debug/deps/libiter_enum-276692ddb0a858c5.so --extern itertools=/app/target/debug/deps/libitertools-0a851bd936104108.rmeta --extern md5=/app/target/debug/deps/libmd5-60eb8d1be766389e.rmeta --extern ordered_float=/app/target/debug/deps/libordered_float-bb8e9d288e1fc2b6.rmeta --extern rand=/app/target/debug/deps/librand-b6f381b152f941a7.rmeta --extern regex=/app/target/debug/deps/libregex-71d34c45fa04dffb.rmeta --extern rust_decimal=/app/target/debug/deps/librust_decimal-dbc9e620b6b3bc07.rmeta --extern serde=/app/target/debug/deps/libserde-c4bd9192fae76bc2.rmeta --extern serde_json=/app/target/debug/deps/libserde_json-d9c145d947a844eb.rmeta --extern sqlparser=/app/target/debug/deps/libsqlparser-2ce9b475009ff67f.rmeta --extern strum_macros=/app/target/debug/deps/libstrum_macros-f3a09066a8fe2ffb.so --extern thiserror=/app/target/debug/deps/libthiserror-26a741b02c5a470a.rmeta --extern uuid=/app/target/debug/deps/libuuid-0f354b6f5ee15d1c.rmeta`
     Running `/root/.rustup/toolchains/1.87-x86_64-unknown-linux-gnu/bin/rustc --crate-name gluesql_core --edition=2024 core/src/lib.rs --error-format=json --json=diagnostic-rendered-ansi,artifacts,future-incompat --emit=dep-info,link -C embed-bitcode=no -C debuginfo=2 --test --check-cfg 'cfg(docsrs,test)' --check-cfg 'cfg(feature, values())' -C metadata=d28c9bd24bccbb69 -C extra-filename=-0a1ad3dd3ef2c052 --out-dir /app/target/debug/deps -C incremental=/app/target/debug/incremental -L dependency=/app/target/debug/deps --extern async_recursion=/app/target/debug/deps/libasync_recursion-ea91ef7a0088157a.so --extern async_trait=/app/target/debug/deps/libasync_trait-c4ec9d4794b898e4.so --extern bigdecimal=/app/target/debug/deps/libbigdecimal-0e884580c59cc809.rlib --extern cfg_if=/app/target/debug/deps/libcfg_if-f52ed1292e79c10c.rlib --extern chrono=/app/target/debug/deps/libchrono-0364cecda41b0e74.rlib --extern futures=/app/target/debug/deps/libfutures-719b17a3cb42fa85.rlib --extern futures_enum=/app/target/debug/deps/libfutures_enum-2847602ba8000435.so --extern utils=/app/target/debug/deps/libgluesql_utils-2e0f11b9590351c4.rlib --extern hex=/app/target/debug/deps/libhex-dd0d71cb863a3089.rlib --extern im=/app/target/debug/deps/libim-44a7105af4ea4ea3.rlib --extern iter_enum=/app/target/debug/deps/libiter_enum-276692ddb0a858c5.so --extern itertools=/app/target/debug/deps/libitertools-0a851bd936104108.rlib --extern md5=/app/target/debug/deps/libmd5-60eb8d1be766389e.rlib --extern ordered_float=/app/target/debug/deps/libordered_float-bb8e9d288e1fc2b6.rlib --extern pretty_assertions=/app/target/debug/deps/libpretty_assertions-ec61a3ab12569e07.rlib --extern rand=/app/target/debug/deps/librand-b6f381b152f941a7.rlib --extern regex=/app/target/debug/deps/libregex-71d34c45fa04dffb.rlib --extern rust_decimal=/app/target/debug/deps/librust_decimal-dbc9e620b6b3bc07.rlib --extern serde=/app/target/debug/deps/libserde-c4bd9192fae76bc2.rlib --extern serde_json=/app/target/debug/deps/libserde_json-d9c145d947a844eb.rlib --extern sqlparser=/app/target/debug/deps/libsqlparser-2ce9b475009ff67f.rlib --extern strum_macros=/app/target/debug/deps/libstrum_macros-f3a09066a8fe2ffb.so --extern thiserror=/app/target/debug/deps/libthiserror-26a741b02c5a470a.rlib --extern uuid=/app/target/debug/deps/libuuid-0f354b6f5ee15d1c.rlib`
    Finished `test` profile [unoptimized + debuginfo] target(s) in 1m 01s
     Running `/app/target/debug/deps/gluesql_core-0a1ad3dd3ef2c052`

running 386 tests
test ast::ast_literal::tests::to_sql ... ok
test ast::ddl::tests::to_sql_operate_function_arg ... ok
test ast::ddl::tests::to_sql_column_def ... ok
test ast::function::tests::to_sql_aggregate ... ok
test ast::query::tests::to_sql_order_by_expr ... ok
test ast::operator::tests::to_sql ... ok
test ast::query::tests::to_sql_select ... ok
test ast::query::tests::to_sql_query ... ok
test ast::function::tests::to_sql_function ... ok
test ast::query::tests::to_sql_select_item ... ok
test ast::query::tests::to_sql_table_alias ... ok
test ast::query::tests::to_sql_table_factor ... ok
test ast::query::tests::to_sql_join ... ok
test ast::query::tests::to_sql_set_expr ... ok
test ast::query::tests::to_sql_table_with_joins ... ok
test ast::query::tests::to_sql_unquoted_order_by_expr ... ok
test ast::query::tests::to_sql_unquoted_join ... ok
test ast::query::tests::to_sql_unquoted_query ... ok
test ast::query::tests::to_sql_unquoted_select ... ok
test ast::query::tests::to_sql_unquoted_select_item ... ok
test ast::query::tests::to_sql_unquoted_set_expr ... ok
test ast::query::tests::to_sql_unquoted_table_alias ... ok
test ast::query::tests::to_sql_unquoted_table_factor ... ok
test ast::query::tests::to_sql_unquoted_table_with_joins ... ok
test ast_builder::alter_table::tests::alter_table ... ok
test ast_builder::drop_table::tests::drop_table ... ok
test ast_builder::create_table::tests::create_table_without_column ... ok
test ast_builder::delete::tests::delete ... ok
test ast_builder::assignment::tests::assignment ... ok
test ast_builder::expr::between::tests::between ... ok
test ast_builder::expr::case::tests::case_without_operand ... ok
test ast_builder::create_table::tests::create_table ... ok
test ast_builder::expr::function::tests::function_ascii ... ok
test ast_builder::expr::function::tests::function_abs ... ok
test ast_builder::expr::case::tests::case_with_operand ... ok
test ast_builder::expr::function::tests::function_ceil ... ok
test ast_builder::expr::function::tests::function_calc_distance ... ok
test ast_builder::expr::function::tests::function_coalesce ... ok
test ast_builder::expr::binary_op::tests::binary_op ... ok
test ast_builder::expr::function::tests::function_concat ... ok
test ast_builder::expr::function::tests::function_chr ... ok
test ast_builder::expr::function::tests::function_cast ... ok
test ast_builder::expr::function::tests::function_current_timestamp ... ok
test ast_builder::expr::function::tests::function_current_time ... ok
test ast_builder::expr::function::tests::function_current_date ... ok
test ast_builder::expr::function::tests::function_exp ... ok
test ast_builder::expr::function::tests::function_extract ... ok
test ast_builder::expr::function::tests::function_concat_ws ... ok
test ast_builder::expr::aggregate::tests::aggregate ... ok
test ast::expr::tests::to_sql ... ok
test ast_builder::expr::function::tests::function_div ... ok
test ast_builder::expr::function::tests::function_degrees ... ok
test ast_builder::expr::exists::test::exist ... ok
test ast_builder::expr::function::tests::function_find_idx ... ok
test ast_builder::expr::function::tests::function_fn_values ... ok
test ast_builder::expr::function::tests::function_generate_uuid ... ok
test ast_builder::expr::function::tests::function_entries ... ok
test ast_builder::expr::function::tests::function_ifnull ... ok
test ast_builder::expr::function::tests::function_gcd ... ok
test ast_builder::expr::function::tests::function_format ... ok
test ast_builder::expr::function::tests::function_keys ... ok
test ast_builder::expr::function::tests::function_hex ... ok
test ast_builder::expr::function::tests::function_last_day_timestamp ... ok
test ast_builder::expr::function::tests::function_is_empty ... ok
test ast_builder::expr::function::tests::function_greatest ... ok
test ast_builder::expr::function::tests::function_last_day_date ... ok
test ast_builder::expr::function::tests::function_floor ... ok
test ast_builder::expr::function::tests::function_radians ... ok
test ast_builder::expr::function::tests::function_initcap ... ok
test ast_builder::expr::function::tests::function_now ... ok
test ast_builder::expr::function::tests::function_log2 ... ok
test ast_builder::expr::function::tests::function_md5 ... ok
test ast_builder::expr::function::tests::function_lower ... ok
test ast_builder::expr::function::tests::function_reverse ... ok
test ast_builder::expr::function::tests::function_length ... ok
test ast_builder::expr::function::tests::function_ln ... ok
test ast_builder::expr::function::tests::function_lcm ... ok
test ast_builder::expr::function::tests::function_log ... ok
test ast_builder::expr::function::tests::function_lpad ... ok
test ast_builder::expr::numeric::tests::numeric ... ok
test ast_builder::expr::function::tests::function_point ... ok
test ast_builder::expr::function::tests::function_replace ... ok
test ast_builder::expr::function::tests::function_power ... ok
test ast_builder::expr::function::tests::function_log10 ... ok
test ast_builder::expr::function::tests::function_position ... ok
test ast_builder::expr::function::tests::function_nullif ... ok
test ast_builder::index::tests::drop_index ... ok
test ast_builder::expr::function::tests::function_repeat ... ok
test ast_builder::expr::function::tests::function_mod ... ok
test ast_builder::expr::function::tests::function_left ... ok
test ast_builder::expr::function::tests::function_get_x ... ok
test ast_builder::expr::function::tests::function_round ... ok
test ast_builder::expr::function::tests::function_rpad ... ok
test ast_builder::expr::function::tests::function_sign ... ok
test ast_builder::expr::function::tests::function_get_y ... ok
test ast_builder::expr::function::tests::function_right ... ok
test ast_builder::expr::function::tests::function_skip ... ok
test ast_builder::expr::function::tests::function_rand ... ok
test ast_builder::expr::function::tests::function_sqrt ... ok
test ast_builder::index_item::primary_key::tests::test ... ok
test ast_builder::index_item::non_clustered::tests::test ... ok
test ast_builder::index::tests::create_index ... ok
test ast_builder::expr::function::tests::function_to_time ... ok
test ast_builder::expr::function::tests::function_to_date ... ok
test ast_builder::expr::nested::tests::test_nested ... ok
test ast_builder::index_item::cmp_expr::tests::test ... ok
test ast_builder::order_by_expr::tests::order_by_expr ... ok
test ast_builder::expr::function::tests::function_trigonometrics ... ok
test ast_builder::expr::function::tests::function_take ... ok
test ast_builder::expr::like::tests::like_ilike ... ok
test ast_builder::expr::is_null::tests::is_null ... ok
test ast_builder::expr::function::tests::function_to_timestamp ... ok
test ast_builder::transaction::tests::transaction ... ok
test ast_builder::expr::function::tests::function_ltrim ... ok
test ast_builder::expr::in_list::test::in_list ... ok
test data::interval::primitive::tests::arithmetic ... ok
test data::interval::tests::cmp ... ok
test data::interval::tests::arithmetic ... ok
test data::key::tests::cmp ... ok
test ast_builder::expr::unary_op::tests::unary_op ... ok
test data::interval::tests::try_from_literal ... ok
test data::literal::tests::arithmetic ... ok
test data::literal::tests::bitwise_and ... ok
test data::key::tests::from_key_to_value ... ok
test data::literal::tests::bitwise_shift_left ... ok
test data::literal::tests::bitwise_shift_right ... ok
test ast_builder::expr::function::tests::function_upper ... ok
test data::key::tests::cmp_big_endian ... ok
test ast_builder::expr_list::tests::into_expr_list ... ok
test data::literal::tests::concat ... ok
test ast_builder::show_columns::tests::show_columns ... ok
test ast_builder::select_item::tests::select_item ... ok
test ast_builder::expr::tests::syntactic_sugar ... ok
test data::literal::tests::evaluate_cmp ... ok
test data::literal::tests::div_mod ... ok
test data::literal::tests::try_from_ast_literal ... ok
test ast_builder::expr::tests::into_expr_node ... ok
test data::literal::tests::evaluate_eq ... ok
test ast_builder::expr::function::tests::function_substr ... ok
test data::schema::tests::invalid_ddl ... ok
test ast_builder::select::join::hash_join::tests::hash_join ... ok
test data::schema::tests::table_primary ... FAILED
test ast_builder::expr::function::tests::function_rtrim ... ok
test ast_builder::insert::tests::insert ... ok
test data::schema::tests::non_word_identifier ... FAILED
test data::schema::tests::table_basic ... FAILED
test data::value::binary_op::decimal::tests::try_add ... ok
test data::value::binary_op::decimal::tests::partial_cmp ... ok
test data::schema::tests::table_with_index ... FAILED
test data::value::binary_op::decimal::tests::try_multiply ... ok
test data::value::binary_op::f64::tests::eq ... ok
test data::value::binary_op::decimal::tests::try_divide ... ok
test data::value::binary_op::decimal::tests::eq ... ok
test data::value::binary_op::decimal::tests::try_modulo ... ok
test data::value::binary_op::decimal::tests::try_subtract ... ok
test data::value::binary_op::f64::tests::try_add ... ok
test data::value::binary_op::f32::tests::eq ... ok
test data::value::binary_op::f32::tests::partial_cmp ... ok
test data::value::binary_op::f64::tests::try_divide ... ok
test data::value::binary_op::f32::tests::try_add ... ok
test data::value::binary_op::f32::tests::try_modulo ... ok
test data::value::binary_op::f32::tests::try_divide ... ok
test data::value::binary_op::f64::tests::try_multiply ... ok
test data::value::binary_op::f32::tests::try_multiply ... ok
test data::value::binary_op::f32::tests::try_subtract ... ok
test ast_builder::select_item_list::tests::select_item_list ... ok
test data::value::binary_op::f64::tests::try_modulo ... ok
test data::value::binary_op::f64::tests::try_subtract ... ok
test data::value::binary_op::f64::tests::partial_cmp ... ok
test data::value::binary_op::integer::i128::try_binary_op_tests::add_overflow ... ok
test data::value::binary_op::integer::i128::try_binary_op_tests::mod_overflow ... ok
test data::value::binary_op::integer::i128::cmp_ord_tests::eq ... ok
test data::value::binary_op::integer::i128::try_binary_op_tests::mul_overflow ... ok
test data::value::binary_op::integer::i128::cmp_ord_tests::partial_cmp ... ok
test data::value::binary_op::integer::i128::try_binary_op_tests::sub_overflow ... ok
test data::value::binary_op::integer::i128::try_binary_op_tests::div_overflow ... ok
test data::value::binary_op::integer::i128::try_binary_op_tests::try_add ... ok
test data::value::binary_op::integer::i128::try_binary_op_tests::try_divide ... ok
test ast_builder::select::join::root::tests::join_join ... ok
test data::value::binary_op::decimal::tests::test_extremes ... ok
test data::value::binary_op::integer::i128::try_binary_op_tests::try_multiply ... ok
test data::value::binary_op::integer::i16::cmp_ord_tests::eq ... ok
test data::value::binary_op::integer::i128::try_binary_op_tests::try_modulo ... ok
test data::value::binary_op::integer::i16::cmp_ord_tests::partial_cmp ... ok
test data::value::binary_op::integer::i16::try_binary_op_tests::div_overflow ... ok
test data::value::binary_op::integer::i16::try_binary_op_tests::add_overflow ... ok
test data::value::binary_op::integer::i16::try_binary_op_tests::mul_overflow ... ok
test data::value::binary_op::integer::i16::try_binary_op_tests::try_modulo ... ok
test data::value::binary_op::integer::i16::try_binary_op_tests::try_add ... ok
test data::value::binary_op::integer::i16::try_binary_op_tests::sub_overflow ... ok
test data::value::binary_op::integer::i16::try_binary_op_tests::try_divide ... ok
test data::value::binary_op::integer::i16::try_binary_op_tests::try_multiply ... ok
test data::value::binary_op::integer::i16::try_binary_op_tests::try_subtract ... ok
test data::value::binary_op::integer::i32::cmp_ord_tests::eq ... ok
test data::value::binary_op::integer::i32::cmp_ord_tests::partial_cmp ... ok
test data::value::binary_op::integer::i32::try_binary_op_tests::mod_overflow ... ok
test data::value::binary_op::integer::i32::try_binary_op_tests::mul_overflow ... ok
test data::interval::string::tests::parse ... ok
test data::value::binary_op::integer::i128::try_binary_op_tests::try_subtract ... ok
test data::value::binary_op::integer::i32::try_binary_op_tests::add_overflow ... ok
test data::value::binary_op::integer::i16::try_binary_op_tests::mod_overflow ... ok
test data::value::binary_op::integer::i32::try_binary_op_tests::sub_overflow ... ok
test data::value::binary_op::integer::i32::try_binary_op_tests::div_overflow ... ok
test ast_builder::select::project::tests::project ... ok
test data::value::binary_op::integer::i32::try_binary_op_tests::try_add ... ok
test ast_builder::select::values::tests::values ... ok
test data::value::binary_op::integer::i32::try_binary_op_tests::try_divide ... ok
test data::value::binary_op::integer::i32::try_binary_op_tests::try_multiply ... ok
test data::value::binary_op::integer::i32::try_binary_op_tests::try_subtract ... ok
test data::value::binary_op::integer::i64::cmp_ord_tests::partial_cmp ... ok
test data::value::binary_op::integer::i32::try_binary_op_tests::try_modulo ... ok
test data::value::binary_op::integer::i64::try_binary_op_tests::div_overflow ... ok
test data::value::binary_op::integer::i64::cmp_ord_tests::eq ... ok
test data::value::binary_op::integer::i64::try_binary_op_tests::add_overflow ... ok
test data::value::binary_op::integer::i64::try_binary_op_tests::mod_overflow ... ok
test data::value::binary_op::integer::i64::try_binary_op_tests::mul_overflow ... ok
test data::value::binary_op::integer::i64::try_binary_op_tests::try_add ... ok
test data::value::binary_op::integer::i64::try_binary_op_tests::sub_overflow ... ok
test data::value::binary_op::integer::i64::try_binary_op_tests::try_divide ... ok
test ast_builder::expr::in_list::test::from_nodes ... ok
test data::value::binary_op::integer::u128::cmp_ord_tests::eq ... ok
test data::value::binary_op::integer::i64::try_binary_op_tests::try_multiply ... ok
test ast_builder::select::join::join_constraint::tests::join_constraint ... ok
test data::value::binary_op::integer::i64::try_binary_op_tests::try_subtract ... ok
test data::value::binary_op::integer::i8::cmp_ord_tests::eq ... ok
test data::value::binary_op::integer::i8::cmp_ord_tests::partial_cmp ... ok
test data::value::binary_op::integer::i8::try_binary_op_tests::div_overflow ... ok
test data::value::binary_op::integer::u128::try_binary_op_tests::add_overflow ... ok
test data::value::binary_op::integer::i8::try_binary_op_tests::add_overflow ... ok
test data::value::binary_op::integer::u128::try_binary_op_tests::div_overflow ... ok
test data::value::binary_op::integer::i8::try_binary_op_tests::sub_overflow ... ok
test data::value::binary_op::integer::i8::try_binary_op_tests::mod_overflow ... ok
test data::value::binary_op::integer::i8::try_binary_op_tests::try_add ... ok
test data::value::binary_op::integer::u128::try_binary_op_tests::mod_overflow ... ok
test data::value::binary_op::integer::i8::try_binary_op_tests::mul_overflow ... ok
test data::value::binary_op::integer::i8::try_binary_op_tests::try_divide ... ok
test data::value::binary_op::integer::u128::try_binary_op_tests::mul_overflow ... ok
test data::value::binary_op::integer::i64::try_binary_op_tests::try_modulo ... ok
test data::value::binary_op::integer::i8::try_binary_op_tests::try_modulo ... ok
test data::value::binary_op::integer::i8::try_binary_op_tests::try_multiply ... ok
test data::value::binary_op::integer::i8::try_binary_op_tests::try_subtract ... ok
test data::key::tests::evaluated_to_key ... ok
test ast_builder::select::filter::tests::filter ... ok
test data::value::binary_op::integer::u128::cmp_ord_tests::partial_cmp ... ok
test ast_builder::select::root::tests::select_root ... ok
test ast_builder::select::project::tests::prev_nodes ... ok
test data::value::binary_op::integer::u128::try_binary_op_tests::try_add ... ok
test ast_builder::select::having::tests::having ... ok
test data::value::binary_op::integer::u128::try_binary_op_tests::sub_overflow ... ok
test ast_builder::select::limit::tests::limit ... ok
test data::value::binary_op::integer::u128::try_binary_op_tests::try_modulo ... ok
test data::value::binary_op::integer::u128::try_binary_op_tests::try_divide ... ok
test data::value::binary_op::integer::u128::try_binary_op_tests::try_multiply ... ok
test ast_builder::select::join::root::tests::hash_join ... ok
test data::value::binary_op::integer::u128::try_binary_op_tests::try_subtract ... ok
test ast_builder::query::test::query ... ok
test data::value::binary_op::integer::u16::cmp_ord_tests::eq ... ok
test ast_builder::select::offset_limit::tests::offset_limit ... ok
test ast_builder::select::group_by::tests::group_by ... ok
test data::value::binary_op::integer::u16::cmp_ord_tests::partial_cmp ... ok
test ast_builder::update::tests::update ... ok
test ast_builder::select::join::root::tests::inner_join ... ok
test data::value::binary_op::integer::u16::try_binary_op_tests::div_overflow ... ok
test data::value::binary_op::integer::u16::try_binary_op_tests::add_overflow ... ok
test data::value::binary_op::integer::u16::try_binary_op_tests::mod_overflow ... ok
test data::value::binary_op::integer::u16::try_binary_op_tests::mul_overflow ... ok
test data::value::binary_op::integer::u16::try_binary_op_tests::sub_overflow ... ok
test data::value::binary_op::integer::u16::try_binary_op_tests::try_add ... ok
test data::value::binary_op::integer::u16::try_binary_op_tests::try_divide ... ok
test data::value::binary_op::integer::u16::try_binary_op_tests::try_modulo ... ok
test data::value::binary_op::integer::u16::try_binary_op_tests::try_multiply ... ok
test data::value::binary_op::integer::u16::try_binary_op_tests::try_subtract ... ok
test data::value::binary_op::integer::u32::cmp_ord_tests::eq ... ok
test data::value::binary_op::integer::u32::cmp_ord_tests::partial_cmp ... ok
test data::value::binary_op::integer::u32::try_binary_op_tests::add_overflow ... ok
test data::value::binary_op::integer::u32::try_binary_op_tests::div_overflow ... ok
test data::value::binary_op::integer::u32::try_binary_op_tests::mod_overflow ... ok
test data::value::binary_op::integer::u32::try_binary_op_tests::mul_overflow ... ok
test ast_builder::select::offset::tests::offset ... ok
test data::value::binary_op::integer::u32::try_binary_op_tests::sub_overflow ... ok
test data::value::binary_op::integer::u32::try_binary_op_tests::try_add ... ok
test data::value::binary_op::integer::u32::try_binary_op_tests::try_divide ... ok
test data::value::binary_op::integer::u32::try_binary_op_tests::try_modulo ... ok
test data::value::binary_op::integer::u32::try_binary_op_tests::try_multiply ... ok
test data::value::binary_op::integer::u32::try_binary_op_tests::try_subtract ... ok
test data::value::binary_op::integer::u64::cmp_ord_tests::eq ... ok
test data::value::binary_op::integer::u64::cmp_ord_tests::partial_cmp ... ok
test data::value::binary_op::integer::u64::try_binary_op_tests::add_overflow ... ok
test data::value::binary_op::integer::u64::try_binary_op_tests::div_overflow ... ok
test ast_builder::select::order_by::tests::order_by ... ok
test data::value::binary_op::integer::u64::try_binary_op_tests::mod_overflow ... ok
test data::value::binary_op::integer::u64::try_binary_op_tests::mul_overflow ... ok
test data::value::binary_op::integer::u64::try_binary_op_tests::sub_overflow ... ok
test data::value::binary_op::integer::u64::try_binary_op_tests::try_add ... ok
test data::value::binary_op::integer::u64::try_binary_op_tests::try_divide ... ok
test data::value::binary_op::integer::u64::try_binary_op_tests::try_modulo ... ok
test data::value::binary_op::integer::u64::try_binary_op_tests::try_multiply ... ok
test data::value::binary_op::integer::u64::try_binary_op_tests::try_subtract ... ok
test data::value::binary_op::integer::u8::cmp_ord_tests::eq ... ok
test data::value::binary_op::integer::u8::cmp_ord_tests::partial_cmp ... ok
test data::value::binary_op::integer::u8::try_binary_op_tests::add_overflow ... ok
test data::value::binary_op::integer::u8::try_binary_op_tests::div_overflow ... ok
test data::value::binary_op::integer::u8::try_binary_op_tests::mod_overflow ... ok
test data::value::binary_op::integer::u8::try_binary_op_tests::mul_overflow ... ok
test data::value::binary_op::integer::u8::try_binary_op_tests::sub_overflow ... ok
test data::value::binary_op::integer::u8::try_binary_op_tests::try_add ... ok
test data::value::binary_op::integer::u8::try_binary_op_tests::try_divide ... ok
test data::value::binary_op::integer::u8::try_binary_op_tests::try_modulo ... ok
test data::value::binary_op::integer::u8::try_binary_op_tests::try_multiply ... ok
test data::value::binary_op::integer::u8::try_binary_op_tests::try_subtract ... ok
test data::value::convert::tests::from ... ok
test data::value::convert::tests::try_into_bool ... ok
test ast_builder::select::join::root::tests::left_join ... ok
test data::value::convert::tests::try_into_f32 ... ok
test data::value::convert::tests::try_into_decimal ... ok
test data::value::convert::tests::try_into_i128 ... ok
test data::value::convert::tests::try_into_f64 ... ok
test data::value::convert::tests::try_into_i32 ... ok
test data::value::convert::tests::try_into_i16 ... ok
test data::value::convert::tests::try_into_i64 ... ok
test data::value::convert::tests::try_into_i8 ... ok
test data::value::convert::tests::try_into_ipaddr ... ok
test data::value::convert::tests::try_into_naive_date ... ok
test data::value::convert::tests::try_into_naive_date_time ... ok
test data::value::convert::tests::try_into_naive_time ... ok
test data::value::convert::tests::try_into_u128 ... ok
test data::value::convert::tests::try_into_u16 ... ok
test data::value::convert::tests::try_into_u64 ... ok
test data::value::convert::tests::try_into_u32 ... ok
test data::value::convert::tests::try_into_u8 ... ok
test data::value::convert::tests::try_into_usize ... ok
test data::value::json::tests::json_to_value ... ok
test data::value::json::tests::parse_json ... ok
test data::value::expr::tests::value_to_expr ... ok
test data::value::literal::tests::evaluate_cmp_with_literal ... ok
test data::value::json::tests::value_to_json ... ok
test data::value::literal::tests::timestamp_literal ... ok
test data::value::literal::tests::try_from ... ok
test data::value::literal::tests::evaluate_eq_with_literal ... ok
test data::value::literal::tests::time_literal ... ok
test data::value::tests::bitwise_and ... ok
test data::value::tests::bitwise_shift_left ... ok
test data::value::tests::bitwise_shift_right ... ok
test data::value::tests::cmp ... ok
test data::value::tests::cmp_ints ... ok
test data::value::literal::tests::try_cast_from_literal ... ok
test data::value::literal::tests::try_from_literal ... ok
test data::value::tests::concat ... ok
test data::value::tests::eq ... ok
test data::value::tests::factorial ... ok
test data::value::tests::get_type ... ok
test data::value::tests::arithmetic ... ok
test data::value::tests::evaluate_eq ... ok
test data::value::tests::is_zero ... ok
test data::value::tests::position ... ok
test data::value::tests::test_conversion_from_tribool ... ok
test data::value::tests::unary_minus ... ok
test data::value::tests::hash ... ok
test data::value::tests::sqrt ... ok
test data::value::tests::unary_plus ... ok
test data::value::uuid::tests::parse_uuid ... ok
test executor::alter::table::tests::test_referencing_display ... ok
test data::value::tests::validate_type ... ok
test mock::tests::empty ... ok
test translate::data_type::tests::support_custom_data_type ... ok
test translate::tests::statement ... ok
test translate::data_type::tests::support_data_type ... ok
test plan::expr::aggregate::tests::as_expr ... ok
test translate::function::tests::cast ... ok
test translate::tests::test_tuple_assignment_on_update_not_supported ... ok
test plan::schema::tests::basic ... ok
test plan::primary_key::tests::join_and_nested ... ok
test plan::primary_key::tests::not_found ... ok
test plan::expr::function::tests::as_exprs ... ok
test plan::validate::tests::validate_test ... ok
test plan::join::tests::basic ... ok
test plan::primary_key::tests::where_expr ... ok
test plan::expr::tests::expr_to_plan_expr ... ok
test plan::schema::tests::storage_err ... ok
test plan::evaluable::tests::evaluable ... ok
test plan::schema::tests::expr ... ok
test plan::schema::tests::select ... ok
test plan::join::tests::hash_join_in_subquery ... ok
test data::value::tests::cast ... ok
test plan::join::tests::hash_join ... ok
test data::value::convert::tests::try_into_point ... ok

failures:

---- data::schema::tests::table_primary stdout ----

thread 'data::schema::tests::table_primary' panicked at core/src/data/schema.rs:280:9:
assertion `left == right` failed
  left: "CREATE TABLE \\\"User\\\" (\"id\" INT NOT NULL PRIMARY KEY);"
 right: "CREATE TABLE \"User\" (\"id\" INT NOT NULL PRIMARY KEY);"

---- data::schema::tests::non_word_identifier stdout ----

thread 'data::schema::tests::non_word_identifier' panicked at core/src/data/schema.rs:382:9:
assertion `left == right` failed
  left: "CREATE TABLE \\\"1\\\" (\"2\" INT NULL, \";\" INT NULL);\nCREATE INDEX \".\" ON \"1\" (\";\");"
 right: "CREATE TABLE \"1\" (\"2\" INT NULL, \";\" INT NULL);\nCREATE INDEX \".\" ON \"1\" (\";\");"
note: run with `RUST_BACKTRACE=1` environment variable to display a backtrace

---- data::schema::tests::table_basic stdout ----

thread 'data::schema::tests::table_basic' panicked at core/src/data/schema.rs:241:9:
assertion `left == right` failed
  left: "CREATE TABLE \\\"User\\\" (\"id\" INT NOT NULL, \"name\" TEXT NULL DEFAULT 'glue');"
 right: "CREATE TABLE \"User\" (\"id\" INT NOT NULL, \"name\" TEXT NULL DEFAULT 'glue');"

---- data::schema::tests::table_with_index stdout ----

thread 'data::schema::tests::table_with_index' panicked at core/src/data/schema.rs:337:9:
assertion `left == right` failed
  left: "CREATE TABLE \\\"User\\\" (\"id\" INT NOT NULL, \"name\" TEXT NOT NULL);\nCREATE INDEX \"User_id\" ON \"User\" (\"id\");\nCREATE INDEX \"User_name\" ON \"User\" (\"name\");"
 right: "CREATE TABLE \"User\" (\"id\" INT NOT NULL, \"name\" TEXT NOT NULL);\nCREATE INDEX \"User_id\" ON \"User\" (\"id\");\nCREATE INDEX \"User_name\" ON \"User\" (\"name\");"


failures:
    data::schema::tests::non_word_identifier
    data::schema::tests::table_basic
    data::schema::tests::table_primary
    data::schema::tests::table_with_index

test result: FAILED. 382 passed; 4 failed; 0 ignored; 0 measured; 0 filtered out; finished in 0.08s

error: test failed, to rerun pass `--lib`
/app/run.sh: line 14: cd: utils: No such file or directory
/app/run.sh: line 15: cd: cli: No such file or directory
/app/run.sh: line 16: cd: pkg/rust: No such file or directory
error: the package 'gluesql-core' does not contain these features: gluesql_memory_storage, gluesql_sled_storage
help: package with the missing features: gluesql
